2026-04-01 20:24:28 | INFO     | Log file  : /Users/jeerapongwongchote/Documents/thetadata/zenith/logs/zenith_20260401_202427.log
2026-04-01 20:24:28 | INFO     | ================================================================================
2026-04-01 20:24:28 | INFO     |   RECENT RUN HISTORY
2026-04-01 20:24:28 | INFO     | --------------------------------------------------------------------------------
2026-04-01 20:24:28 | INFO     |     # | Timestamp              |  Trades |          P&L |         DD |  Sharpe |     WR
2026-04-01 20:24:28 | INFO     | --------------------------------------------------------------------------------
2026-04-01 20:24:28 | INFO     |    27 | 2026-03-31T07:35:20    |     513 | $    40,531 | -$     728 |   6.37 |  64.9%
2026-04-01 20:24:28 | INFO     |    28 | 2026-03-31T07:40:53    |     513 | $    40,531 | -$     728 |   6.37 |  64.9%
2026-04-01 20:24:28 | INFO     |    29 | 2026-03-31T19:09:44    |     513 | $    22,151 | -$   1,641 |   3.60 |  64.1%
2026-04-01 20:24:28 | INFO     |    30 | 2026-03-31T19:13:29    |     513 | $    29,994 | -$   1,243 |   5.84 |  70.6%
2026-04-01 20:24:28 | INFO     |    31 | 2026-03-31T19:13:41    |     513 | $    29,994 | -$   1,243 |   5.84 |  70.6%
2026-04-01 20:24:28 | INFO     |    32 | 2026-03-31T19:35:30    |     669 | $    48,256 | -$   1,006 |   7.20 |  72.3%
2026-04-01 20:24:28 | INFO     |    33 | 2026-03-31T19:44:03    |     669 | $    48,256 | -$   1,006 |   7.20 |  72.3%
2026-04-01 20:24:28 | INFO     |    34 | 2026-03-31T21:01:31    |     669 | $    48,256 | -$   1,006 |   7.20 |  72.3%
2026-04-01 20:24:28 | INFO     |    35 | 2026-03-31T23:09:55    |     681 | $   107,723 | -$   1,631 |   7.53 |  63.9%
2026-04-01 20:24:28 | INFO     |    36 | 2026-04-01T00:04:08    |     539 | $   227,681 | -$   3,658 |   8.19 |  66.4%
2026-04-01 20:24:28 | INFO     | ================================================================================
2026-04-01 20:24:28 | INFO     | ============================================================
2026-04-01 20:24:28 | INFO     | ZENITH FADE CCS BACKTEST
2026-04-01 20:24:28 | INFO     | Signal Mode  : dynamic
2026-04-01 20:24:28 | INFO     | Period       : 2022-01-03 -> 2026-03-25
2026-04-01 20:24:28 | INFO     | Score Thresh : 68.0
2026-04-01 20:24:28 | INFO     | Weights      : var=1.4, vol=8.9, rocket=274.0
2026-04-01 20:24:28 | INFO     | Strike       : 30.0pt OTM, 10.0pt wide
2026-04-01 20:24:28 | INFO     | Risk         : $600.0, TP 66%, SL -100%
2026-04-01 20:24:28 | INFO     | ============================================================
2026-04-01 20:24:28 | INFO     | Building daily indicators...
2026-04-01 20:24:30 | WARNING  | No SPX volume data — dRelVol defaulted to 1.0
2026-04-01 20:24:30 | INFO     | Built daily indicators: 1065 bars
2026-04-01 20:24:30 | INFO     |   -> 1065 daily bars loaded
2026-04-01 20:24:30 | INFO     | ============================================================
2026-04-01 20:24:30 | INFO     | ZENITH FADE CCS BACKTEST
2026-04-01 20:24:30 | INFO     | Mode: dynamic
2026-04-01 20:24:30 | INFO     | Period: 2022-01-03 -> 2026-03-25
2026-04-01 20:24:30 | INFO     | Trades -> /Users/jeerapongwongchote/Documents/thetadata/zenith/logs/zenith_trades_20260401_202427.csv
2026-04-01 20:24:30 | INFO     | ============================================================
