2026-03-31 07:23:05 | INFO     | Log file  : /Users/jeerapongwongchote/Documents/thetadata/zenith/logs/zenith_20260331_072304.log
2026-03-31 07:23:05 | INFO     | ================================================================================
2026-03-31 07:23:05 | INFO     |   RECENT RUN HISTORY
2026-03-31 07:23:05 | INFO     | --------------------------------------------------------------------------------
2026-03-31 07:23:05 | INFO     |   Timestamp              | Mode       |  Trades |          P&L |         DD |  Sharpe |     WR
2026-03-31 07:23:05 | INFO     | --------------------------------------------------------------------------------
2026-03-31 07:23:05 | INFO     |   2026-03-31T07:21:12    | dynamic    |     815 | $    -7,710 | -$  17,324 |  -0.32 |  58.8%
2026-03-31 07:23:05 | INFO     |   2026-03-31T07:22:29    | dynamic    |     815 | $    19,712 | -$   4,332 |   0.99 |  69.6%
2026-03-31 07:23:05 | INFO     |   2026-03-31T07:22:49    | dynamic    |     815 | $    13,833 | -$   5,936 |   0.64 |  65.9%
2026-03-31 07:23:05 | INFO     |   2026-03-31T07:22:51    | dynamic    |     815 | $    17,728 | -$   5,179 |   0.86 |  68.5%
2026-03-31 07:23:05 | INFO     |   2026-03-31T07:22:53    | dynamic    |     815 | $    19,712 | -$   4,332 |   0.99 |  69.6%
2026-03-31 07:23:05 | INFO     |   2026-03-31T07:22:55    | dynamic    |     815 | $    21,742 | -$   3,760 |   1.13 |  71.0%
2026-03-31 07:23:05 | INFO     |   2026-03-31T07:22:58    | dynamic    |     815 | $    26,749 | -$   3,714 |   1.48 |  73.4%
2026-03-31 07:23:05 | INFO     |   2026-03-31T07:23:00    | dynamic    |     815 | $    29,200 | -$   3,984 |   1.70 |  75.6%
2026-03-31 07:23:05 | INFO     |   2026-03-31T07:23:02    | dynamic    |     815 | $    32,252 | -$   3,761 |   1.95 |  77.4%
2026-03-31 07:23:05 | INFO     |   2026-03-31T07:23:04    | dynamic    |     815 | $    35,794 | -$   3,427 |   2.40 |  80.6%
2026-03-31 07:23:05 | INFO     | ================================================================================
2026-03-31 07:23:05 | INFO     | ============================================================
2026-03-31 07:23:05 | INFO     | ZENITH FADE CCS BACKTEST
2026-03-31 07:23:05 | INFO     | Signal Mode  : dynamic
2026-03-31 07:23:05 | INFO     | Period       : 2022-01-03 -> 2026-03-25
2026-03-31 07:23:05 | INFO     | Score Thresh : 41.5
2026-03-31 07:23:05 | INFO     | Weights      : var=1.4, vol=8.9, rocket=274.0
2026-03-31 07:23:05 | INFO     | Strike       : 40.0pt OTM, 10.0pt wide
2026-03-31 07:23:05 | INFO     | Risk         : $600.0, TP 66%, SL -100%
2026-03-31 07:23:05 | INFO     | ============================================================
2026-03-31 07:23:05 | INFO     | Building daily indicators...
2026-03-31 07:23:06 | WARNING  | No SPX volume data — dRelVol defaulted to 1.0
2026-03-31 07:23:06 | INFO     | Built daily indicators: 1060 bars
2026-03-31 07:23:06 | INFO     |   -> 1060 daily bars loaded
2026-03-31 07:23:06 | INFO     | ============================================================
2026-03-31 07:23:06 | INFO     | ZENITH FADE CCS BACKTEST
2026-03-31 07:23:06 | INFO     | Mode: dynamic
2026-03-31 07:23:06 | INFO     | Period: 2022-01-03 -> 2026-03-25
2026-03-31 07:23:06 | INFO     | Trades -> /Users/jeerapongwongchote/Documents/thetadata/zenith/logs/zenith_trades_20260331_072304.csv
2026-03-31 07:23:06 | INFO     | ============================================================
2026-03-31 07:23:06 | INFO     | Signal #   1 | 20220104 | P&L: $    122 | Total: $      122 | WR: 100.0%
2026-03-31 07:23:06 | INFO     | Signal #   2 | 20220105 | P&L: $    135 | Total: $      258 | WR: 100.0%
2026-03-31 07:23:06 | INFO     | Signal #   3 | 20220107 | P&L: $    151 | Total: $      409 | WR: 100.0%
2026-03-31 07:23:06 | INFO     | Signal #   4 | 20220110 | P&L: $    145 | Total: $      553 | WR: 100.0%
2026-03-31 07:23:06 | INFO     | Signal #   5 | 20220111 | P&L: $    144 | Total: $      698 | WR: 100.0%
2026-03-31 07:23:06 | INFO     | Signal #  50 | 20220414 | P&L: $    165 | Total: $    1,780 | WR: 80.0%
2026-03-31 07:23:06 | INFO     | Signal # 100 | 20220720 | P&L: $    161 | Total: $      407 | WR: 76.0%
2026-03-31 07:23:06 | INFO     | Signal # 150 | 20221025 | P&L: $   -602 | Total: $    1,283 | WR: 76.7%
2026-03-31 07:23:06 | INFO     | Signal # 200 | 20230201 | P&L: $    121 | Total: $    3,585 | WR: 79.0%
2026-03-31 07:23:06 | INFO     | Signal # 250 | 20230511 | P&L: $    100 | Total: $    3,183 | WR: 79.2%
2026-03-31 07:23:06 | INFO     | Signal # 300 | 20230822 | P&L: $    126 | Total: $    4,849 | WR: 81.3%
2026-03-31 07:23:06 | INFO     | Signal # 350 | 20231128 | P&L: $     58 | Total: $    6,002 | WR: 82.0%
2026-03-31 07:23:06 | INFO     | Signal # 400 | 20240228 | P&L: $     98 | Total: $    6,383 | WR: 82.8%
2026-03-31 07:23:06 | INFO     | Signal # 450 | 20240603 | P&L: $     97 | Total: $    6,488 | WR: 82.9%
2026-03-31 07:23:06 | INFO     | Signal # 500 | 20240829 | P&L: $    166 | Total: $    8,538 | WR: 83.4%
2026-03-31 07:23:06 | INFO     | Signal # 550 | 20241127 | P&L: $    137 | Total: $   13,972 | WR: 84.0%
2026-03-31 07:23:06 | INFO     | Signal # 600 | 20250305 | P&L: $   -602 | Total: $   16,825 | WR: 84.0%
2026-03-31 07:23:06 | DEBUG    | Skipping 20250408 — VIX 52.3 > 50.0
2026-03-31 07:23:06 | INFO     | Signal # 650 | 20250602 | P&L: $    194 | Total: $   21,405 | WR: 84.0%
2026-03-31 07:23:06 | INFO     | Signal # 700 | 20250904 | P&L: $   -602 | Total: $   23,899 | WR: 83.9%
2026-03-31 07:23:06 | INFO     | Signal # 750 | 20251126 | P&L: $      6 | Total: $   28,487 | WR: 84.0%
2026-03-31 07:23:06 | INFO     | Signal # 800 | 20260225 | P&L: $   -602 | Total: $   35,396 | WR: 84.4%
2026-03-31 07:23:06 | INFO     | DONE — 815 trades, 1060 trading days, 244 skipped
2026-03-31 07:23:06 | INFO     | Trade log snapshot -> /Users/jeerapongwongchote/Documents/thetadata/zenith/tradelogs_zenith.csv
2026-03-31 07:23:06 | INFO     | ============================================================
2026-03-31 07:23:06 | INFO     |   ZENITH FADE CCS — BACKTEST RESULTS
2026-03-31 07:23:06 | INFO     | ============================================================
2026-03-31 07:23:06 | INFO     |   Period          : 20220103 -> 20260325
2026-03-31 07:23:06 | INFO     |   Trading Days    : 1062
2026-03-31 07:23:06 | INFO     |   Signal Days     : 815
2026-03-31 07:23:06 | INFO     |   Signal Rate     : 76.7%
2026-03-31 07:23:06 | INFO     | ============================================================
2026-03-31 07:23:06 | INFO     |   Total P&L       : $   36,516.19
2026-03-31 07:23:06 | INFO     |   CAGR            : 7.7%
2026-03-31 07:23:06 | INFO     |   Max Drawdown    : -$  2,984.29 (2.9%)
2026-03-31 07:23:06 | INFO     |   Recovery Factor : 12.24
2026-03-31 07:23:06 | INFO     | ============================================================
2026-03-31 07:23:06 | INFO     |   Win Rate        : 84.2%
2026-03-31 07:23:06 | INFO     |   Profit Factor   : 1.52
2026-03-31 07:23:06 | INFO     |   Sharpe Ratio    : 2.67
2026-03-31 07:23:06 | INFO     |   Sortino Ratio   : 4.77
2026-03-31 07:23:06 | INFO     |   Calmar Ratio    : 2.63
2026-03-31 07:23:06 | INFO     | ============================================================
2026-03-31 07:23:06 | INFO     |   Avg Win         : $  155.06
2026-03-31 07:23:06 | INFO     |   Avg Loss        : $ -541.52
2026-03-31 07:23:06 | INFO     |   Best Trade      : $  304.51
2026-03-31 07:23:06 | INFO     |   Worst Trade     : $ -602.00
2026-03-31 07:23:06 | INFO     |   Max Win Streak  : 28
2026-03-31 07:23:06 | INFO     | ============================================================
2026-03-31 07:23:06 | INFO     | Results written to /Users/jeerapongwongchote/Documents/thetadata/zenith/RESULTS.md
2026-03-31 07:23:06 | INFO     | Run summary appended to /Users/jeerapongwongchote/Documents/thetadata/zenith/logs/run_history.json
2026-03-31 07:23:06 | INFO     | --------------------------------------------------------------
2026-03-31 07:23:06 | INFO     |   VIX CORRELATION ANALYSIS
2026-03-31 07:23:06 | INFO     | --------------------------------------------------------------
2026-03-31 07:23:06 | INFO     |   VIX Range  |  Trades |  Win Rate |    Avg P&L |    Total P&L
2026-03-31 07:23:06 | INFO     | --------------------------------------------------------------
2026-03-31 07:23:06 | INFO     |   < 15       |     210 |     92.9% | $    54.69 | $  11,485.40
2026-03-31 07:23:06 | INFO     |   15-20      |     339 |     87.0% | $    74.71 | $  25,325.14
2026-03-31 07:23:06 | INFO     |   20-25      |     151 |     77.5% | $    20.42 | $   3,082.93
2026-03-31 07:23:06 | INFO     |   25-30      |      74 |     68.9% | $   -28.01 | $  -2,072.94
2026-03-31 07:23:06 | INFO     |   30-35      |      37 |     73.0% | $     6.76 | $     250.01
2026-03-31 07:23:06 | INFO     |   35+        |       4 |     25.0% | $  -388.59 | $  -1,554.35
2026-03-31 07:23:06 | INFO     | --------------------------------------------------------------
2026-03-31 07:23:06 | INFO     | ----------------------------------------------------------------------------------------------------
2026-03-31 07:23:06 | INFO     |   MONTHLY P&L TABLE
2026-03-31 07:23:06 | INFO     | ----------------------------------------------------------------------------------------------------
2026-03-31 07:23:06 | INFO     |   Year   |      1 |      2 |      3 |      4 |      5 |      6 |      7 |      8 |      9 |     10 |     11 |     12 |      Total
2026-03-31 07:23:06 | INFO     | ----------------------------------------------------------------------------------------------------
2026-03-31 07:23:06 | INFO     |   2022   | $1,252 | $  332 | $ -751 | $  506 | $-1,284 | $  -30 | $ -563 | $  886 | $  337 | $  969 | $   33 | $1,642 | $    3,331
2026-03-31 07:23:06 | INFO     |   2023   | $  132 | $  124 | $-2,105 | $1,785 | $  348 | $ -865 | $1,183 | $  678 | $1,034 | $  466 | $  -34 | $  561 | $    3,306
2026-03-31 07:23:06 | INFO     |   2024   | $   73 | $ -216 | $ -305 | $  721 | $ -519 | $  984 | $  915 | $  247 | $2,019 | $2,649 | $  913 | $1,449 | $    8,930
2026-03-31 07:23:06 | INFO     |   2025   | $  -78 | $1,463 | $1,570 | $  621 | $2,068 | $  731 | $1,918 | $  285 | $1,909 | $1,874 | $  773 | $2,562 | $   15,695
2026-03-31 07:23:06 | INFO     |   2026   | $2,909 | $1,687 | $  658 |     -- |     -- |     -- |     -- |     -- |     -- |     -- |     -- |     -- | $    5,254
2026-03-31 07:23:06 | INFO     | ----------------------------------------------------------------------------------------------------
2026-03-31 07:23:06 | INFO     | -------------------------------------------------------
2026-03-31 07:23:06 | INFO     |   WORST 15 LOSS DAYS
2026-03-31 07:23:06 | INFO     | -------------------------------------------------------
2026-03-31 07:23:06 | INFO     |   Date         |  Trades |      Day P&L
2026-03-31 07:23:06 | INFO     | -------------------------------------------------------
2026-03-31 07:23:06 | INFO     |   20220131     |       1 | $    -602.00
2026-03-31 07:23:06 | INFO     |   20220209     |       1 | $    -602.00
2026-03-31 07:23:06 | INFO     |   20220215     |       1 | $    -602.00
2026-03-31 07:23:06 | INFO     |   20220225     |       1 | $    -602.00
2026-03-31 07:23:06 | INFO     |   20220302     |       1 | $    -602.00
2026-03-31 07:23:06 | INFO     |   20220316     |       1 | $    -602.00
2026-03-31 07:23:06 | INFO     |   20220317     |       1 | $    -602.00
2026-03-31 07:23:06 | INFO     |   20220329     |       1 | $    -602.00
2026-03-31 07:23:06 | INFO     |   20220419     |       1 | $    -602.00
2026-03-31 07:23:06 | INFO     |   20220428     |       1 | $    -602.00
2026-03-31 07:23:06 | INFO     |   20220504     |       1 | $    -602.00
2026-03-31 07:23:06 | INFO     |   20220513     |       1 | $    -602.00
2026-03-31 07:23:06 | INFO     |   20220517     |       1 | $    -602.00
2026-03-31 07:23:06 | INFO     |   20220523     |       1 | $    -602.00
2026-03-31 07:23:06 | INFO     |   20220526     |       1 | $    -602.00
2026-03-31 07:23:06 | INFO     | -------------------------------------------------------
2026-03-31 07:23:06 | INFO     | ----------------------------------------------------------------------
2026-03-31 07:23:06 | INFO     |   FILTER VALUE ANALYSIS (WIN vs LOSS)
2026-03-31 07:23:06 | INFO     | ----------------------------------------------------------------------
2026-03-31 07:23:06 | INFO     |   Filter             |    Win Avg |   Loss Avg |      Delta
2026-03-31 07:23:06 | INFO     | ----------------------------------------------------------------------
2026-03-31 07:23:06 | INFO     |   Variance %         |    68.9093 |    66.4477 |    +2.4616
2026-03-31 07:23:06 | INFO     |   Rel Volume         |     1.0000 |     1.0000 |    +0.0000
2026-03-31 07:23:06 | INFO     |   Rising Rocket      |     0.0036 |    -0.0004 |    +0.0040
2026-03-31 07:23:06 | INFO     |   Exhaustion Score   |   104.3880 |   102.0273 |    +2.3607
2026-03-31 07:23:06 | INFO     |   RSI                |        nan |    48.1922 |       +nan
2026-03-31 07:23:06 | INFO     |   Stochastic         |    70.0501 |    52.6543 |   +17.3959
2026-03-31 07:23:06 | INFO     |   Body Size          |    27.8067 |    31.8779 |    -4.0712
2026-03-31 07:23:06 | INFO     |   Gap %              |        nan |    -0.0609 |       +nan
2026-03-31 07:23:06 | INFO     |   Cluster Count      |     1.6706 |     2.1085 |    -0.4380
2026-03-31 07:23:06 | INFO     |   Dist from SMA      |     0.0081 |    -0.0059 |    +0.0140
2026-03-31 07:23:06 | INFO     |   VIX Level          |    18.4150 |    21.7620 |    -3.3471
2026-03-31 07:23:06 | INFO     | ----------------------------------------------------------------------
