2026-04-02 21:00:44 | INFO     | Log file  : /Users/jeerapongwongchote/Documents/thetadata/zenith/logs/zenith_20260402_210043.log
2026-04-02 21:00:44 | INFO     | ================================================================================
2026-04-02 21:00:44 | INFO     |   RECENT RUN HISTORY
2026-04-02 21:00:44 | INFO     | --------------------------------------------------------------------------------
2026-04-02 21:00:44 | INFO     |     # | Timestamp              |  Trades |          P&L |         DD |  Sharpe |     WR
2026-04-02 21:00:44 | INFO     | --------------------------------------------------------------------------------
2026-04-02 21:00:44 | INFO     |    31 | 2026-03-31T19:13:41    |     513 | $    29,994 | -$   1,243 |   5.84 |  70.6%
2026-04-02 21:00:44 | INFO     |    32 | 2026-03-31T19:35:30    |     669 | $    48,256 | -$   1,006 |   7.20 |  72.3%
2026-04-02 21:00:44 | INFO     |    33 | 2026-03-31T19:44:03    |     669 | $    48,256 | -$   1,006 |   7.20 |  72.3%
2026-04-02 21:00:44 | INFO     |    34 | 2026-03-31T21:01:31    |     669 | $    48,256 | -$   1,006 |   7.20 |  72.3%
2026-04-02 21:00:44 | INFO     |    35 | 2026-03-31T23:09:55    |     681 | $   107,723 | -$   1,631 |   7.53 |  63.9%
2026-04-02 21:00:44 | INFO     |    36 | 2026-04-01T00:04:08    |     539 | $   227,681 | -$   3,658 |   8.19 |  66.4%
2026-04-02 21:00:44 | INFO     |    37 | 2026-04-01T20:27:33    |     629 | $   928,023 | -$  13,909 |   7.05 |  69.2%
2026-04-02 21:00:44 | INFO     |    38 | 2026-04-02T20:48:00    |     634 | $ 1,187,776 | -$  17,410 |   7.79 |  75.9%
2026-04-02 21:00:44 | INFO     |    39 | 2026-04-02T20:58:15    |     634 | $   528,218 | -$   6,861 |   8.32 |  75.9%
2026-04-02 21:00:44 | INFO     |    40 | 2026-04-02T20:59:42    |     634 | $   528,218 | -$   6,861 |   8.32 |  75.9%
2026-04-02 21:00:44 | INFO     | ================================================================================
2026-04-02 21:00:44 | INFO     | ============================================================
2026-04-02 21:00:44 | INFO     | ZENITH FADE CCS BACKTEST
2026-04-02 21:00:44 | INFO     | Signal Mode  : dynamic
2026-04-02 21:00:44 | INFO     | Period       : 2022-01-03 -> 2026-04-01
2026-04-02 21:00:44 | INFO     | Score Thresh : 68.0
2026-04-02 21:00:44 | INFO     | Weights      : var=1.4, vol=8.9, rocket=274.0
2026-04-02 21:00:44 | INFO     | Strike       : 30.0pt OTM, 10.0pt wide
2026-04-02 21:00:44 | INFO     | Risk         : $600.0, TP 66%, SL -100%
2026-04-02 21:00:44 | INFO     | ============================================================
2026-04-02 21:00:44 | INFO     | Building daily indicators...
2026-04-02 21:00:46 | WARNING  | No SPX volume data — dRelVol defaulted to 1.0
2026-04-02 21:00:46 | INFO     | Built daily indicators: 1066 bars
2026-04-02 21:00:46 | INFO     |   -> 1066 daily bars loaded
2026-04-02 21:00:46 | INFO     | ============================================================
2026-04-02 21:00:46 | INFO     | ZENITH FADE CCS BACKTEST
2026-04-02 21:00:46 | INFO     | Mode: dynamic
2026-04-02 21:00:46 | INFO     | Period: 2022-01-03 -> 2026-04-01
2026-04-02 21:00:46 | INFO     | Trades -> /Users/jeerapongwongchote/Documents/thetadata/zenith/logs/zenith_trades_20260402_210043.csv
2026-04-02 21:00:46 | INFO     | ============================================================
2026-04-02 21:00:46 | INFO     | Signal #   1 | 20220104 | CALL | P&L: $    310 | Total: $      970 | WR: 100.0%
2026-04-02 21:00:46 | INFO     | Signal #   2 | 20220105 | CALL | P&L: $    971 | Total: $    1,601 | WR: 75.0%
2026-04-02 21:00:46 | INFO     | Signal #   3 | 20220107 | CALL | P&L: $    643 | Total: $    2,244 | WR: 80.0%
2026-04-02 21:00:46 | INFO     | Signal #   4 | 20220112 | CALL | P&L: $    489 | Total: $    3,312 | WR: 85.7%
2026-04-02 21:00:46 | INFO     | Signal #   5 | 20220113 | CALL | P&L: $    717 | Total: $    4,029 | WR: 87.5%
2026-04-02 21:00:46 | DEBUG    | Skipping 20220118 — VIX 22.8 > 22.0
2026-04-02 21:00:46 | DEBUG    | Skipping 20220119 — VIX 23.9 > 22.0
2026-04-02 21:00:46 | DEBUG    | Skipping 20220120 — VIX 25.6 > 22.0
2026-04-02 21:00:46 | DEBUG    | Skipping 20220121 — VIX 28.9 > 22.0
2026-04-02 21:00:46 | DEBUG    | Skipping 20220124 — VIX 29.9 > 22.0
2026-04-02 21:00:46 | DEBUG    | Skipping 20220125 — VIX 31.2 > 22.0
2026-04-02 21:00:46 | DEBUG    | Skipping 20220126 — VIX 32.0 > 22.0
2026-04-02 21:00:46 | DEBUG    | Skipping 20220127 — VIX 30.5 > 22.0
2026-04-02 21:00:46 | DEBUG    | Skipping 20220128 — VIX 27.7 > 22.0
2026-04-02 21:00:46 | DEBUG    | Skipping 20220131 — VIX 24.8 > 22.0
2026-04-02 21:00:46 | DEBUG    | Skipping 20220202 — VIX 22.1 > 22.0
2026-04-02 21:00:46 | DEBUG    | Skipping 20220203 — VIX 24.4 > 22.0
2026-04-02 21:00:46 | DEBUG    | Skipping 20220204 — VIX 23.2 > 22.0
2026-04-02 21:00:46 | DEBUG    | Skipping 20220207 — VIX 22.9 > 22.0
2026-04-02 21:00:46 | DEBUG    | Skipping 20220210 — VIX 23.9 > 22.0
2026-04-02 21:00:46 | DEBUG    | Skipping 20220211 — VIX 27.4 > 22.0
2026-04-02 21:00:46 | DEBUG    | Skipping 20220214 — VIX 28.3 > 22.0
2026-04-02 21:00:46 | DEBUG    | Skipping 20220215 — VIX 25.7 > 22.0
2026-04-02 21:00:46 | DEBUG    | Skipping 20220216 — VIX 24.3 > 22.0
2026-04-02 21:00:46 | DEBUG    | Skipping 20220217 — VIX 28.1 > 22.0
2026-04-02 21:00:46 | DEBUG    | Skipping 20220218 — VIX 27.8 > 22.0
2026-04-02 21:00:46 | DEBUG    | Skipping 20220222 — VIX 28.8 > 22.0
2026-04-02 21:00:46 | DEBUG    | Skipping 20220223 — VIX 31.0 > 22.0
2026-04-02 21:00:46 | DEBUG    | Skipping 20220224 — VIX 30.3 > 22.0
2026-04-02 21:00:46 | DEBUG    | Skipping 20220225 — VIX 27.6 > 22.0
2026-04-02 21:00:46 | DEBUG    | Skipping 20220228 — VIX 30.1 > 22.0
2026-04-02 21:00:46 | DEBUG    | Skipping 20220301 — VIX 33.3 > 22.0
2026-04-02 21:00:46 | DEBUG    | Skipping 20220302 — VIX 30.7 > 22.0
2026-04-02 21:00:46 | DEBUG    | Skipping 20220303 — VIX 30.5 > 22.0
2026-04-02 21:00:46 | DEBUG    | Skipping 20220304 — VIX 32.0 > 22.0
2026-04-02 21:00:46 | DEBUG    | Skipping 20220307 — VIX 36.5 > 22.0
2026-04-02 21:00:46 | DEBUG    | Skipping 20220308 — VIX 35.1 > 22.0
2026-04-02 21:00:46 | DEBUG    | Skipping 20220309 — VIX 32.5 > 22.0
2026-04-02 21:00:46 | DEBUG    | Skipping 20220310 — VIX 30.2 > 22.0
2026-04-02 21:00:46 | DEBUG    | Skipping 20220311 — VIX 30.8 > 22.0
2026-04-02 21:00:46 | DEBUG    | Skipping 20220314 — VIX 31.8 > 22.0
2026-04-02 21:00:46 | DEBUG    | Skipping 20220315 — VIX 29.8 > 22.0
2026-04-02 21:00:46 | DEBUG    | Skipping 20220316 — VIX 26.7 > 22.0
2026-04-02 21:00:46 | DEBUG    | Skipping 20220317 — VIX 25.7 > 22.0
2026-04-02 21:00:46 | DEBUG    | Skipping 20220318 — VIX 23.9 > 22.0
2026-04-02 21:00:46 | DEBUG    | Skipping 20220321 — VIX 23.5 > 22.0
2026-04-02 21:00:46 | DEBUG    | Skipping 20220322 — VIX 22.9 > 22.0
2026-04-02 21:00:46 | DEBUG    | Skipping 20220323 — VIX 23.6 > 22.0
2026-04-02 21:00:46 | DEBUG    | Skipping 20220406 — VIX 22.1 > 22.0
2026-04-02 21:00:46 | DEBUG    | Skipping 20220411 — VIX 24.4 > 22.0
2026-04-02 21:00:46 | DEBUG    | Skipping 20220412 — VIX 24.3 > 22.0
2026-04-02 21:00:46 | DEBUG    | Skipping 20220414 — VIX 22.7 > 22.0
2026-04-02 21:00:46 | DEBUG    | Skipping 20220418 — VIX 22.2 > 22.0
2026-04-02 21:00:46 | DEBUG    | Skipping 20220421 — VIX 22.7 > 22.0
2026-04-02 21:00:46 | DEBUG    | Skipping 20220422 — VIX 28.2 > 22.0
2026-04-02 21:00:46 | DEBUG    | Skipping 20220425 — VIX 27.0 > 22.0
2026-04-02 21:00:46 | DEBUG    | Skipping 20220426 — VIX 33.5 > 22.0
2026-04-02 21:00:46 | DEBUG    | Skipping 20220427 — VIX 31.6 > 22.0
2026-04-02 21:00:46 | DEBUG    | Skipping 20220428 — VIX 30.0 > 22.0
2026-04-02 21:00:46 | DEBUG    | Skipping 20220429 — VIX 33.4 > 22.0
2026-04-02 21:00:46 | DEBUG    | Skipping 20220502 — VIX 32.3 > 22.0
2026-04-02 21:00:46 | DEBUG    | Skipping 20220503 — VIX 29.2 > 22.0
2026-04-02 21:00:46 | DEBUG    | Skipping 20220504 — VIX 25.4 > 22.0
2026-04-02 21:00:46 | DEBUG    | Skipping 20220505 — VIX 31.2 > 22.0
2026-04-02 21:00:46 | DEBUG    | Skipping 20220506 — VIX 30.2 > 22.0
2026-04-02 21:00:46 | DEBUG    | Skipping 20220509 — VIX 34.8 > 22.0
2026-04-02 21:00:46 | DEBUG    | Skipping 20220510 — VIX 33.0 > 22.0
2026-04-02 21:00:46 | DEBUG    | Skipping 20220511 — VIX 32.6 > 22.0
2026-04-02 21:00:46 | DEBUG    | Skipping 20220512 — VIX 31.8 > 22.0
2026-04-02 21:00:46 | DEBUG    | Skipping 20220513 — VIX 28.9 > 22.0
2026-04-02 21:00:46 | DEBUG    | Skipping 20220516 — VIX 27.5 > 22.0
2026-04-02 21:00:46 | DEBUG    | Skipping 20220517 — VIX 26.1 > 22.0
2026-04-02 21:00:46 | DEBUG    | Skipping 20220518 — VIX 31.0 > 22.0
2026-04-02 21:00:46 | DEBUG    | Skipping 20220519 — VIX 29.4 > 22.0
2026-04-02 21:00:46 | DEBUG    | Skipping 20220520 — VIX 29.4 > 22.0
2026-04-02 21:00:46 | DEBUG    | Skipping 20220523 — VIX 28.5 > 22.0
2026-04-02 21:00:46 | DEBUG    | Skipping 20220524 — VIX 29.4 > 22.0
2026-04-02 21:00:46 | DEBUG    | Skipping 20220525 — VIX 28.4 > 22.0
2026-04-02 21:00:46 | DEBUG    | Skipping 20220526 — VIX 27.5 > 22.0
2026-04-02 21:00:46 | DEBUG    | Skipping 20220527 — VIX 25.7 > 22.0
2026-04-02 21:00:46 | DEBUG    | Skipping 20220531 — VIX 26.2 > 22.0
2026-04-02 21:00:46 | DEBUG    | Skipping 20220601 — VIX 25.7 > 22.0
2026-04-02 21:00:46 | DEBUG    | Skipping 20220602 — VIX 24.7 > 22.0
2026-04-02 21:00:46 | DEBUG    | Skipping 20220603 — VIX 24.8 > 22.0
2026-04-02 21:00:46 | DEBUG    | Skipping 20220606 — VIX 25.1 > 22.0
2026-04-02 21:00:46 | DEBUG    | Skipping 20220607 — VIX 24.0 > 22.0
2026-04-02 21:00:46 | DEBUG    | Skipping 20220608 — VIX 24.0 > 22.0
2026-04-02 21:00:46 | DEBUG    | Skipping 20220609 — VIX 26.1 > 22.0
2026-04-02 21:00:46 | DEBUG    | Skipping 20220610 — VIX 27.8 > 22.0
2026-04-02 21:00:46 | DEBUG    | Skipping 20220613 — VIX 34.0 > 22.0
2026-04-02 21:00:46 | DEBUG    | Skipping 20220614 — VIX 32.7 > 22.0
2026-04-02 21:00:46 | DEBUG    | Skipping 20220615 — VIX 29.6 > 22.0
2026-04-02 21:00:46 | DEBUG    | Skipping 20220616 — VIX 33.0 > 22.0
2026-04-02 21:00:46 | DEBUG    | Skipping 20220617 — VIX 31.1 > 22.0
2026-04-02 21:00:46 | DEBUG    | Skipping 20220621 — VIX 30.2 > 22.0
2026-04-02 21:00:46 | DEBUG    | Skipping 20220622 — VIX 28.9 > 22.0
2026-04-02 21:00:46 | DEBUG    | Skipping 20220623 — VIX 29.1 > 22.0
2026-04-02 21:00:46 | DEBUG    | Skipping 20220624 — VIX 27.2 > 22.0
2026-04-02 21:00:46 | DEBUG    | Skipping 20220627 — VIX 26.9 > 22.0
2026-04-02 21:00:46 | DEBUG    | Skipping 20220628 — VIX 28.4 > 22.0
2026-04-02 21:00:46 | DEBUG    | Skipping 20220629 — VIX 28.2 > 22.0
2026-04-02 21:00:46 | DEBUG    | Skipping 20220630 — VIX 28.7 > 22.0
2026-04-02 21:00:46 | DEBUG    | Skipping 20220701 — VIX 26.7 > 22.0
2026-04-02 21:00:46 | DEBUG    | Skipping 20220705 — VIX 27.5 > 22.0
2026-04-02 21:00:46 | DEBUG    | Skipping 20220706 — VIX 26.7 > 22.0
2026-04-02 21:00:46 | DEBUG    | Skipping 20220707 — VIX 26.1 > 22.0
2026-04-02 21:00:46 | DEBUG    | Skipping 20220708 — VIX 24.6 > 22.0
2026-04-02 21:00:46 | DEBUG    | Skipping 20220711 — VIX 26.2 > 22.0
2026-04-02 21:00:46 | DEBUG    | Skipping 20220712 — VIX 27.3 > 22.0
2026-04-02 21:00:46 | DEBUG    | Skipping 20220713 — VIX 26.8 > 22.0
2026-04-02 21:00:46 | DEBUG    | Skipping 20220714 — VIX 26.4 > 22.0
2026-04-02 21:00:46 | DEBUG    | Skipping 20220715 — VIX 24.2 > 22.0
2026-04-02 21:00:46 | DEBUG    | Skipping 20220718 — VIX 25.3 > 22.0
2026-04-02 21:00:46 | DEBUG    | Skipping 20220719 — VIX 24.5 > 22.0
2026-04-02 21:00:46 | DEBUG    | Skipping 20220720 — VIX 23.9 > 22.0
2026-04-02 21:00:46 | DEBUG    | Skipping 20220721 — VIX 23.1 > 22.0
2026-04-02 21:00:46 | DEBUG    | Skipping 20220722 — VIX 23.0 > 22.0
2026-04-02 21:00:46 | DEBUG    | Skipping 20220725 — VIX 23.4 > 22.0
2026-04-02 21:00:46 | DEBUG    | Skipping 20220726 — VIX 24.7 > 22.0
2026-04-02 21:00:46 | DEBUG    | Skipping 20220727 — VIX 23.2 > 22.0
2026-04-02 21:00:46 | DEBUG    | Skipping 20220728 — VIX 22.3 > 22.0
2026-04-02 21:00:46 | DEBUG    | Skipping 20220801 — VIX 22.8 > 22.0
2026-04-02 21:00:46 | DEBUG    | Skipping 20220802 — VIX 23.9 > 22.0
2026-04-02 21:00:46 | DEBUG    | Skipping 20220822 — VIX 23.8 > 22.0
2026-04-02 21:00:46 | DEBUG    | Skipping 20220823 — VIX 24.1 > 22.0
2026-04-02 21:00:46 | DEBUG    | Skipping 20220824 — VIX 22.8 > 22.0
2026-04-02 21:00:46 | DEBUG    | Skipping 20220826 — VIX 25.6 > 22.0
2026-04-02 21:00:46 | DEBUG    | Skipping 20220829 — VIX 26.2 > 22.0
2026-04-02 21:00:46 | DEBUG    | Skipping 20220830 — VIX 26.2 > 22.0
2026-04-02 21:00:46 | DEBUG    | Skipping 20220831 — VIX 25.9 > 22.0
2026-04-02 21:00:46 | DEBUG    | Skipping 20220901 — VIX 25.6 > 22.0
2026-04-02 21:00:46 | DEBUG    | Skipping 20220902 — VIX 25.5 > 22.0
2026-04-02 21:00:46 | DEBUG    | Skipping 20220906 — VIX 26.9 > 22.0
2026-04-02 21:00:46 | DEBUG    | Skipping 20220907 — VIX 24.6 > 22.0
2026-04-02 21:00:46 | DEBUG    | Skipping 20220908 — VIX 23.6 > 22.0
2026-04-02 21:00:46 | DEBUG    | Skipping 20220909 — VIX 22.8 > 22.0
2026-04-02 21:00:46 | DEBUG    | Skipping 20220912 — VIX 23.9 > 22.0
2026-04-02 21:00:46 | DEBUG    | Skipping 20220913 — VIX 27.3 > 22.0
2026-04-02 21:00:46 | DEBUG    | Skipping 20220914 — VIX 26.2 > 22.0
2026-04-02 21:00:46 | DEBUG    | Skipping 20220915 — VIX 26.3 > 22.0
2026-04-02 21:00:46 | DEBUG    | Skipping 20220916 — VIX 26.3 > 22.0
2026-04-02 21:00:46 | DEBUG    | Skipping 20220919 — VIX 25.8 > 22.0
2026-04-02 21:00:46 | DEBUG    | Skipping 20220920 — VIX 27.2 > 22.0
2026-04-02 21:00:46 | DEBUG    | Skipping 20220921 — VIX 28.0 > 22.0
2026-04-02 21:00:46 | DEBUG    | Skipping 20220922 — VIX 27.4 > 22.0
2026-04-02 21:00:46 | DEBUG    | Skipping 20220923 — VIX 29.9 > 22.0
2026-04-02 21:00:46 | DEBUG    | Skipping 20220926 — VIX 32.3 > 22.0
2026-04-02 21:00:46 | DEBUG    | Skipping 20220927 — VIX 32.6 > 22.0
2026-04-02 21:00:46 | DEBUG    | Skipping 20220928 — VIX 30.2 > 22.0
2026-04-02 21:00:46 | DEBUG    | Skipping 20220929 — VIX 31.8 > 22.0
2026-04-02 21:00:46 | DEBUG    | Skipping 20220930 — VIX 31.6 > 22.0
2026-04-02 21:00:46 | DEBUG    | Skipping 20221003 — VIX 30.1 > 22.0
2026-04-02 21:00:46 | DEBUG    | Skipping 20221004 — VIX 29.1 > 22.0
2026-04-02 21:00:46 | DEBUG    | Skipping 20221005 — VIX 28.6 > 22.0
2026-04-02 21:00:46 | DEBUG    | Skipping 20221006 — VIX 30.5 > 22.0
2026-04-02 21:00:46 | DEBUG    | Skipping 20221007 — VIX 31.4 > 22.0
2026-04-02 21:00:46 | DEBUG    | Skipping 20221010 — VIX 32.5 > 22.0
2026-04-02 21:00:46 | DEBUG    | Skipping 20221011 — VIX 33.6 > 22.0
2026-04-02 21:00:46 | DEBUG    | Skipping 20221012 — VIX 33.6 > 22.0
2026-04-02 21:00:46 | DEBUG    | Skipping 20221013 — VIX 31.9 > 22.0
2026-04-02 21:00:46 | DEBUG    | Skipping 20221014 — VIX 32.0 > 22.0
2026-04-02 21:00:46 | DEBUG    | Skipping 20221017 — VIX 31.4 > 22.0
2026-04-02 21:00:46 | DEBUG    | Skipping 20221018 — VIX 30.5 > 22.0
2026-04-02 21:00:46 | DEBUG    | Skipping 20221019 — VIX 30.8 > 22.0
2026-04-02 21:00:46 | DEBUG    | Skipping 20221020 — VIX 30.0 > 22.0
2026-04-02 21:00:46 | DEBUG    | Skipping 20221021 — VIX 29.7 > 22.0
2026-04-02 21:00:46 | DEBUG    | Skipping 20221024 — VIX 29.9 > 22.0
2026-04-02 21:00:46 | DEBUG    | Skipping 20221025 — VIX 28.5 > 22.0
2026-04-02 21:00:46 | DEBUG    | Skipping 20221026 — VIX 27.3 > 22.0
2026-04-02 21:00:46 | DEBUG    | Skipping 20221027 — VIX 27.4 > 22.0
2026-04-02 21:00:46 | DEBUG    | Skipping 20221028 — VIX 25.8 > 22.0
2026-04-02 21:00:46 | DEBUG    | Skipping 20221031 — VIX 25.9 > 22.0
2026-04-02 21:00:46 | DEBUG    | Skipping 20221101 — VIX 25.8 > 22.0
2026-04-02 21:00:46 | DEBUG    | Skipping 20221102 — VIX 25.9 > 22.0
2026-04-02 21:00:46 | DEBUG    | Skipping 20221103 — VIX 25.3 > 22.0
2026-04-02 21:00:46 | DEBUG    | Skipping 20221104 — VIX 24.6 > 22.0
2026-04-02 21:00:46 | DEBUG    | Skipping 20221107 — VIX 24.4 > 22.0
2026-04-02 21:00:46 | DEBUG    | Skipping 20221108 — VIX 25.5 > 22.0
2026-04-02 21:00:46 | DEBUG    | Skipping 20221109 — VIX 26.1 > 22.0
2026-04-02 21:00:46 | DEBUG    | Skipping 20221110 — VIX 23.5 > 22.0
2026-04-02 21:00:46 | DEBUG    | Skipping 20221111 — VIX 22.5 > 22.0
2026-04-02 21:00:46 | DEBUG    | Skipping 20221114 — VIX 23.7 > 22.0
2026-04-02 21:00:46 | DEBUG    | Skipping 20221115 — VIX 24.5 > 22.0
2026-04-02 21:00:46 | DEBUG    | Skipping 20221116 — VIX 24.1 > 22.0
2026-04-02 21:00:46 | DEBUG    | Skipping 20221117 — VIX 23.9 > 22.0
2026-04-02 21:00:46 | DEBUG    | Skipping 20221118 — VIX 23.1 > 22.0
2026-04-02 21:00:46 | DEBUG    | Skipping 20221121 — VIX 22.4 > 22.0
2026-04-02 21:00:46 | DEBUG    | Skipping 20221128 — VIX 22.2 > 22.0
2026-04-02 21:00:46 | DEBUG    | Skipping 20221206 — VIX 22.2 > 22.0
2026-04-02 21:00:46 | DEBUG    | Skipping 20221207 — VIX 22.7 > 22.0
2026-04-02 21:00:46 | DEBUG    | Skipping 20221208 — VIX 22.3 > 22.0
2026-04-02 21:00:46 | DEBUG    | Skipping 20221209 — VIX 22.8 > 22.0
2026-04-02 21:00:46 | DEBUG    | Skipping 20221212 — VIX 25.0 > 22.0
2026-04-02 21:00:46 | DEBUG    | Skipping 20221213 — VIX 22.6 > 22.0
2026-04-02 21:00:46 | DEBUG    | Skipping 20221215 — VIX 22.8 > 22.0
2026-04-02 21:00:46 | DEBUG    | Skipping 20221216 — VIX 22.6 > 22.0
2026-04-02 21:00:46 | DEBUG    | Skipping 20221219 — VIX 22.4 > 22.0
2026-04-02 21:00:46 | DEBUG    | Skipping 20221228 — VIX 22.1 > 22.0
2026-04-02 21:00:46 | DEBUG    | Skipping 20230103 — VIX 22.9 > 22.0
2026-04-02 21:00:46 | DEBUG    | Skipping 20230104 — VIX 22.0 > 22.0
2026-04-02 21:00:46 | DEBUG    | Skipping 20230105 — VIX 22.5 > 22.0
2026-04-02 21:00:47 | INFO     | Signal #  50 | 20230213 | CALL | P&L: $ -1,016 | Total: $   42,625 | WR: 75.4%
2026-04-02 21:00:47 | DEBUG    | Skipping 20230221 — VIX 22.9 > 22.0
2026-04-02 21:00:47 | DEBUG    | Skipping 20230222 — VIX 22.3 > 22.0
2026-04-02 21:00:47 | DEBUG    | Skipping 20230309 — VIX 22.6 > 22.0
2026-04-02 21:00:47 | DEBUG    | Skipping 20230310 — VIX 24.8 > 22.0
2026-04-02 21:00:47 | DEBUG    | Skipping 20230313 — VIX 26.5 > 22.0
2026-04-02 21:00:47 | DEBUG    | Skipping 20230314 — VIX 23.7 > 22.0
2026-04-02 21:00:47 | DEBUG    | Skipping 20230315 — VIX 26.1 > 22.0
2026-04-02 21:00:47 | DEBUG    | Skipping 20230316 — VIX 23.0 > 22.0
2026-04-02 21:00:47 | DEBUG    | Skipping 20230317 — VIX 25.5 > 22.0
2026-04-02 21:00:47 | DEBUG    | Skipping 20230320 — VIX 24.1 > 22.0
2026-04-02 21:00:47 | DEBUG    | Skipping 20230322 — VIX 22.3 > 22.0
2026-04-02 21:00:47 | DEBUG    | Skipping 20230323 — VIX 22.6 > 22.0
2026-04-02 21:00:47 | INFO     | Signal # 100 | 20230623 | CALL | P&L: $    263 | Total: $   74,047 | WR: 77.9%
2026-04-02 21:00:47 | INFO     | Signal # 150 | 20231024 | CALL | P&L: $    316 | Total: $   98,059 | WR: 75.7%
2026-04-02 21:00:48 | INFO     | Signal # 200 | 20240311 |  PUT | P&L: $    768 | Total: $  146,006 | WR: 76.3%
2026-04-02 21:00:48 | DEBUG    | Skipping 20240802 — VIX 23.4 > 22.0
2026-04-02 21:00:48 | DEBUG    | Skipping 20240805 — VIX 38.6 > 22.0
2026-04-02 21:00:48 | DEBUG    | Skipping 20240806 — VIX 27.7 > 22.0
2026-04-02 21:00:48 | DEBUG    | Skipping 20240807 — VIX 27.9 > 22.0
2026-04-02 21:00:48 | DEBUG    | Skipping 20240808 — VIX 23.8 > 22.0
2026-04-02 21:00:48 | INFO     | Signal # 250 | 20240812 | CALL | P&L: $  1,093 | Total: $  181,474 | WR: 75.8%
2026-04-02 21:00:48 | DEBUG    | Skipping 20240906 — VIX 22.4 > 22.0
2026-04-02 21:00:48 | DEBUG    | Skipping 20241007 — VIX 22.6 > 22.0
2026-04-02 21:00:48 | DEBUG    | Skipping 20241031 — VIX 23.2 > 22.0
2026-04-02 21:00:48 | INFO     | Signal # 300 | 20241213 |  PUT | P&L: $  1,619 | Total: $  283,079 | WR: 76.2%
2026-04-02 21:00:48 | DEBUG    | Skipping 20241218 — VIX 27.6 > 22.0
2026-04-02 21:00:48 | DEBUG    | Skipping 20241219 — VIX 24.1 > 22.0
2026-04-02 21:00:48 | DEBUG    | Skipping 20250303 — VIX 22.8 > 22.0
2026-04-02 21:00:48 | DEBUG    | Skipping 20250304 — VIX 23.5 > 22.0
2026-04-02 21:00:48 | DEBUG    | Skipping 20250306 — VIX 24.9 > 22.0
2026-04-02 21:00:48 | DEBUG    | Skipping 20250307 — VIX 23.4 > 22.0
2026-04-02 21:00:48 | DEBUG    | Skipping 20250310 — VIX 27.9 > 22.0
2026-04-02 21:00:48 | DEBUG    | Skipping 20250311 — VIX 26.9 > 22.0
2026-04-02 21:00:48 | DEBUG    | Skipping 20250312 — VIX 24.2 > 22.0
2026-04-02 21:00:48 | DEBUG    | Skipping 20250313 — VIX 24.7 > 22.0
2026-04-02 21:00:48 | DEBUG    | Skipping 20250331 — VIX 22.3 > 22.0
2026-04-02 21:00:48 | DEBUG    | Skipping 20250403 — VIX 30.0 > 22.0
2026-04-02 21:00:48 | DEBUG    | Skipping 20250404 — VIX 45.3 > 22.0
2026-04-02 21:00:48 | DEBUG    | Skipping 20250407 — VIX 47.0 > 22.0
2026-04-02 21:00:48 | DEBUG    | Skipping 20250408 — VIX 52.3 > 22.0
2026-04-02 21:00:48 | DEBUG    | Skipping 20250409 — VIX 33.6 > 22.0
2026-04-02 21:00:48 | DEBUG    | Skipping 20250410 — VIX 40.7 > 22.0
2026-04-02 21:00:48 | DEBUG    | Skipping 20250411 — VIX 37.6 > 22.0
2026-04-02 21:00:48 | DEBUG    | Skipping 20250414 — VIX 30.9 > 22.0
2026-04-02 21:00:48 | DEBUG    | Skipping 20250415 — VIX 30.1 > 22.0
2026-04-02 21:00:48 | DEBUG    | Skipping 20250416 — VIX 32.6 > 22.0
2026-04-02 21:00:48 | DEBUG    | Skipping 20250417 — VIX 29.6 > 22.0
2026-04-02 21:00:48 | DEBUG    | Skipping 20250421 — VIX 33.8 > 22.0
2026-04-02 21:00:48 | DEBUG    | Skipping 20250422 — VIX 30.6 > 22.0
2026-04-02 21:00:48 | DEBUG    | Skipping 20250423 — VIX 28.4 > 22.0
2026-04-02 21:00:48 | DEBUG    | Skipping 20250424 — VIX 26.5 > 22.0
2026-04-02 21:00:48 | DEBUG    | Skipping 20250425 — VIX 24.8 > 22.0
2026-04-02 21:00:48 | DEBUG    | Skipping 20250428 — VIX 25.1 > 22.0
2026-04-02 21:00:48 | DEBUG    | Skipping 20250429 — VIX 24.2 > 22.0
2026-04-02 21:00:48 | DEBUG    | Skipping 20250430 — VIX 24.7 > 22.0
2026-04-02 21:00:48 | DEBUG    | Skipping 20250501 — VIX 24.6 > 22.0
2026-04-02 21:00:48 | DEBUG    | Skipping 20250502 — VIX 22.7 > 22.0
2026-04-02 21:00:48 | DEBUG    | Skipping 20250505 — VIX 23.6 > 22.0
2026-04-02 21:00:48 | DEBUG    | Skipping 20250506 — VIX 24.8 > 22.0
2026-04-02 21:00:48 | DEBUG    | Skipping 20250507 — VIX 23.6 > 22.0
2026-04-02 21:00:48 | DEBUG    | Skipping 20250508 — VIX 22.5 > 22.0
2026-04-02 21:00:48 | DEBUG    | Skipping 20250523 — VIX 22.3 > 22.0
2026-04-02 21:00:49 | INFO     | Signal # 350 | 20250711 | CALL | P&L: $  8,016 | Total: $  378,760 | WR: 76.6%
2026-04-02 21:00:49 | DEBUG    | Skipping 20251016 — VIX 25.3 > 22.0
2026-04-02 21:00:49 | INFO     | Signal # 400 | 20251028 | CALL | P&L: $  1,323 | Total: $  477,064 | WR: 76.1%
2026-04-02 21:00:49 | DEBUG    | Skipping 20251117 — VIX 22.4 > 22.0
2026-04-02 21:00:49 | DEBUG    | Skipping 20251118 — VIX 24.7 > 22.0
2026-04-02 21:00:49 | DEBUG    | Skipping 20251119 — VIX 23.7 > 22.0
2026-04-02 21:00:49 | DEBUG    | Skipping 20251120 — VIX 26.4 > 22.0
2026-04-02 21:00:49 | DEBUG    | Skipping 20251121 — VIX 23.4 > 22.0
2026-04-02 21:00:49 | DEBUG    | Skipping 20260303 — VIX 23.6 > 22.0
2026-04-02 21:00:49 | DEBUG    | Skipping 20260305 — VIX 23.8 > 22.0
2026-04-02 21:00:49 | DEBUG    | Skipping 20260306 — VIX 29.5 > 22.0
2026-04-02 21:00:49 | DEBUG    | Skipping 20260309 — VIX 25.5 > 22.0
2026-04-02 21:00:49 | DEBUG    | Skipping 20260310 — VIX 24.9 > 22.0
2026-04-02 21:00:49 | DEBUG    | Skipping 20260311 — VIX 24.2 > 22.0
2026-04-02 21:00:49 | DEBUG    | Skipping 20260312 — VIX 27.3 > 22.0
2026-04-02 21:00:49 | DEBUG    | Skipping 20260313 — VIX 27.2 > 22.0
2026-04-02 21:00:49 | DEBUG    | Skipping 20260316 — VIX 23.5 > 22.0
2026-04-02 21:00:49 | DEBUG    | Skipping 20260317 — VIX 22.4 > 22.0
2026-04-02 21:00:49 | DEBUG    | Skipping 20260318 — VIX 25.1 > 22.0
2026-04-02 21:00:49 | DEBUG    | Skipping 20260319 — VIX 24.1 > 22.0
2026-04-02 21:00:49 | DEBUG    | Skipping 20260320 — VIX 26.8 > 22.0
2026-04-02 21:00:49 | DEBUG    | Skipping 20260323 — VIX 26.1 > 22.0
2026-04-02 21:00:49 | DEBUG    | Skipping 20260324 — VIX 26.9 > 22.0
2026-04-02 21:00:49 | DEBUG    | Skipping 20260325 — VIX 25.3 > 22.0
2026-04-02 21:00:49 | DEBUG    | Skipping 20260326 — VIX 27.4 > 22.0
2026-04-02 21:00:49 | DEBUG    | Skipping 20260327 — VIX 31.1 > 22.0
2026-04-02 21:00:49 | DEBUG    | Skipping 20260330 — VIX 30.6 > 22.0
2026-04-02 21:00:49 | DEBUG    | Skipping 20260331 — VIX 25.2 > 22.0
2026-04-02 21:00:49 | DEBUG    | Skipping 20260401 — VIX 24.5 > 22.0
2026-04-02 21:00:49 | INFO     | DONE — 634 trades, 1065 trading days, 622 skipped
2026-04-02 21:00:49 | INFO     | Trade log snapshot -> /Users/jeerapongwongchote/Documents/thetadata/zenith/tradelogs_zenith.csv
2026-04-02 21:00:49 | INFO     | ============================================================
2026-04-02 21:00:49 | INFO     |   ZENITH FADE CCS — BACKTEST RESULTS
2026-04-02 21:00:49 | INFO     | ============================================================
2026-04-02 21:00:49 | INFO     |   Period          : 20220103 -> 20260304
2026-04-02 21:00:49 | INFO     |   Business days   : 1067
2026-04-02 21:00:49 | INFO     |   Days traded     : 442
2026-04-02 21:00:49 | INFO     |   Total trades    : 634  (wins: 481  losses: 153)
2026-04-02 21:00:49 | INFO     |   Avg trades/day  :    1.4
2026-04-02 21:00:49 | INFO     | ------------------------------------------------------------
2026-04-02 21:00:49 | INFO     |   Total P&L       : $  528,217.86  (net of commission)
2026-04-02 21:00:49 | INFO     |   CAGR            :  55.5%  (acct=$100,000)
2026-04-02 21:00:49 | INFO     |   Avg profit/trade: $1,438.94
2026-04-02 21:00:49 | INFO     |   Avg loss/trade  : $-1,071.32
2026-04-02 21:00:49 | INFO     |   Expectancy/trade: $  833.15
2026-04-02 21:00:49 | INFO     |   Profit factor   :    4.22x
2026-04-02 21:00:49 | INFO     | ------------------------------------------------------------
2026-04-02 21:00:49 | INFO     |   Max drawdown    : $6,861.08  (3.0%)
2026-04-02 21:00:49 | INFO     |   Calmar ratio    :     18.37  (CAGR / max DD%)
2026-04-02 21:00:49 | INFO     |   Recovery factor :     76.99  (net P&L / max DD)
2026-04-02 21:00:49 | INFO     |   Time underwater :   45.9%
2026-04-02 21:00:49 | INFO     | ------------------------------------------------------------
2026-04-02 21:00:49 | INFO     |   Win rate        :   75.9%
2026-04-02 21:00:49 | INFO     |   Sharpe ratio    :     8.32  (rf=4.5%)
2026-04-02 21:00:49 | INFO     |   Sortino ratio   :     17.21
2026-04-02 21:00:49 | INFO     |   Ann. volatility : $25,233.64
2026-04-02 21:00:49 | INFO     | ------------------------------------------------------------
2026-04-02 21:00:49 | INFO     |   Best day        : $9,839.38
2026-04-02 21:00:49 | INFO     |   Worst day       : $-4,892.94
2026-04-02 21:00:49 | INFO     |   Best trade      : $8,016.00
2026-04-02 21:00:49 | INFO     |   Worst trade     : $-4,863.00
2026-04-02 21:00:49 | INFO     |   Max win streak  : 15
2026-04-02 21:00:49 | INFO     | ------------------------------------------------------------
2026-04-02 21:00:49 | INFO     |   Score threshold : 68.0
2026-04-02 21:00:49 | INFO     |   Strike offset   : 30.0pt (VIX-adaptive: True)
2026-04-02 21:00:49 | INFO     |   Spread width    : 10.0pt (ATR-adaptive: True)
2026-04-02 21:00:49 | INFO     |   Credit model    : real
2026-04-02 21:00:49 | INFO     |   Intraday SL     : -0.25 (gap-dynamic: True)
2026-04-02 21:00:49 | INFO     |   Danger sizing   : True (low=3.0x med=1.5x)
2026-04-02 21:00:49 | INFO     |   Commission      : $0.5/leg
2026-04-02 21:00:49 | INFO     | ============================================================
2026-04-02 21:00:50 | INFO     | Results written to /Users/jeerapongwongchote/Documents/thetadata/zenith/RESULTS.md (keeping last 3 runs)
2026-04-02 21:00:50 | INFO     | Run summary appended to /Users/jeerapongwongchote/Documents/thetadata/zenith/logs/run_history.json
2026-04-02 21:00:50 | INFO     | --------------------------------------------------------------
2026-04-02 21:00:50 | INFO     |   VIX CORRELATION ANALYSIS
2026-04-02 21:00:50 | INFO     | --------------------------------------------------------------
2026-04-02 21:00:50 | INFO     |   VIX Range  |  Trades |  Win Rate |    Avg P&L |    Total P&L
2026-04-02 21:00:50 | INFO     | --------------------------------------------------------------
2026-04-02 21:00:50 | INFO     |   < 15       |     222 |     78.4% | $   840.33 | $ 186,553.50
2026-04-02 21:00:50 | INFO     |   15-20      |     344 |     75.0% | $   870.40 | $ 299,418.46
2026-04-02 21:00:50 | INFO     |   20-25      |      68 |     72.1% | $   621.26 | $  42,245.90
2026-04-02 21:00:50 | INFO     | --------------------------------------------------------------
2026-04-02 21:00:50 | INFO     | -----------------------------------------------------------------------------------------------
2026-04-02 21:00:50 | INFO     |   PUT vs CALL SPREAD PERFORMANCE SPLIT
2026-04-02 21:00:50 | INFO     | -----------------------------------------------------------------------------------------------
2026-04-02 21:00:50 | INFO     |   Type     |  Trades |  Win Rate |    Avg P&L |    Total P&L |   Avg Win |  Avg Loss |  Prof Fac
2026-04-02 21:00:50 | INFO     | -----------------------------------------------------------------------------------------------
2026-04-02 21:00:50 | INFO     |   CALL     |     472 |     74.8% | $   876.72 | $ 413,813.40 | $1,552.09 | $-1,126.69 |     4.09x
2026-04-02 21:00:50 | INFO     |   PUT      |     121 |     73.6% | $   871.21 | $ 105,415.81 | $1,517.48 | $ -926.25 |     4.56x
2026-04-02 21:00:50 | INFO     | -----------------------------------------------------------------------------------------------
2026-04-02 21:00:50 | INFO     | --------------------------------------------------------------------------------------------------------------
2026-04-02 21:00:50 | INFO     |   MONTHLY P&L TABLE
2026-04-02 21:00:50 | INFO     | --------------------------------------------------------------------------------------------------------------
2026-04-02 21:00:50 | INFO     |   Year   |       1 |       2 |       3 |       4 |       5 |       6 |       7 |       8 |       9 |      10 |      11 |      12 |      Total
2026-04-02 21:00:50 | INFO     | --------------------------------------------------------------------------------------------------------------
2026-04-02 21:00:50 | INFO     |   2022   | $ 4,029 | $   594 | $ 1,766 | $ 2,387 |      -- |      -- | $  -812 | $22,781 |      -- |      -- | $ 2,581 | $ 6,963 | $   40,287
2026-04-02 21:00:50 | INFO     |   2023   | $ 3,162 | $ 3,795 | $ 6,982 | $12,280 | $ 2,707 | $ 9,759 | $ 8,519 | $ 5,277 | $ 7,521 | $-1,848 | $ 8,425 | $18,474 | $   85,054
2026-04-02 21:00:50 | INFO     |   2024   | $ 5,367 | $ 9,358 | $13,006 | $ 6,286 | $ 8,069 | $ 4,493 | $ 8,461 | $ 5,603 | $ 8,054 | $40,252 | $16,479 | $42,206 | $  167,635
2026-04-02 21:00:50 | INFO     |   2025   | $ 6,150 | $19,419 | $ 5,767 | $   379 | $ 1,608 | $30,312 | $38,747 | $28,476 | $38,235 | $17,007 | $ 2,225 | $12,999 | $  201,325
2026-04-02 21:00:50 | INFO     |   2026   | $14,034 | $20,734 | $  -851 |      -- |      -- |      -- |      -- |      -- |      -- |      -- |      -- |      -- | $   33,917
2026-04-02 21:00:50 | INFO     | --------------------------------------------------------------------------------------------------------------
2026-04-02 21:00:50 | INFO     | --------------------------------------------------------------------------------------------------------------
2026-04-02 21:00:50 | INFO     |   INTRA-MONTH MAX DRAWDOWN
2026-04-02 21:00:50 | INFO     | --------------------------------------------------------------------------------------------------------------
2026-04-02 21:00:50 | INFO     |   Year   |       1 |       2 |       3 |       4 |       5 |       6 |       7 |       8 |       9 |      10 |      11 |      12 |     Ann DD
2026-04-02 21:00:50 | INFO     | --------------------------------------------------------------------------------------------------------------
2026-04-02 21:00:50 | INFO     |   2022   | $   340 | $   272 | $   610 | $ 1,014 |      -- |      -- | $   812 | $   610 |      -- |      -- | $   307 | $   307 | $    1,014
2026-04-02 21:00:50 | INFO     |   2023   | $ 3,550 | $ 1,016 | $ 1,218 | $ 1,322 | $ 1,509 | $ 3,040 | $ 3,040 | $ 2,028 | $ 2,449 | $ 2,977 | $ 1,352 | $ 2,028 | $    3,550
2026-04-02 21:00:50 | INFO     |   2024   | $ 5,408 | $ 2,028 | $ 3,040 | $ 1,086 | $ 1,693 | $ 4,893 | $ 3,044 | $ 2,028 | $ 1,218 | $ 3,040 | $ 2,130 | $ 1,623 | $    5,408
2026-04-02 21:00:50 | INFO     |   2025   | $ 1,826 | $ 3,145 | $     0 | $     0 | $ 1,832 | $   678 | $ 2,433 | $ 1,778 | $ 2,028 | $ 1,623 | $ 2,028 | $ 3,040 | $    3,145
2026-04-02 21:00:50 | INFO     |   2026   | $ 4,863 | $ 1,016 | $   851 |      -- |      -- |      -- |      -- |      -- |      -- |      -- |      -- |      -- | $    4,863
2026-04-02 21:00:50 | INFO     | --------------------------------------------------------------------------------------------------------------
2026-04-02 21:00:50 | INFO     | ------------------------------------------------------------------------------------------------------------------------
2026-04-02 21:00:50 | INFO     |   MONTHLY RETURN: STRATEGY vs SPY
2026-04-02 21:00:50 | INFO     | ------------------------------------------------------------------------------------------------------------------------
2026-04-02 21:00:50 | INFO     |   Year   |          1 |          2 |          3 |          4 |          5 |          6 |          7 |          8 |          9 |         10 |         11 |         12 |   Strat |     SPY |   Alpha
2026-04-02 21:00:50 | INFO     | ------------------------------------------------------------------------------------------------------------------------
2026-04-02 21:00:50 | INFO     |   2022   | +4.0/-5.3 | +0.6/-3.0 | +1.8/+3.8 | +2.4/-8.8 | +0.0/+0.2 | +0.0/-8.2 | -0.8/+9.2 | +22.8/-4.1 | +0.0/-9.2 | +0.0/+8.1 | +2.6/+5.6 | +7.0/-5.8 |  +40.3% |  -17.5% |  +57.7%
2026-04-02 21:00:50 | INFO     |   2023   | +3.2/+6.3 | +3.8/-2.5 | +7.0/+3.7 | +12.3/+1.6 | +2.7/+0.5 | +9.8/+6.5 | +8.5/+3.3 | +5.3/-1.6 | +7.5/-4.7 | -1.8/-2.2 | +8.4/+9.1 | +18.5/+4.6 |  +85.1% |  +24.5% |  +60.6%
2026-04-02 21:00:50 | INFO     |   2024   | +5.4/+1.6 | +9.4/+5.2 | +13.0/+3.3 | +6.3/-4.0 | +8.1/+5.1 | +4.5/+3.5 | +8.5/+1.2 | +5.6/+2.3 | +8.1/+2.1 | +40.3/-0.9 | +16.5/+6.0 | +42.2/-2.4 | +167.6% |  +22.9% | +144.7%
2026-04-02 21:00:50 | INFO     |   2025   | +6.2/+2.7 | +19.4/-1.3 | +5.8/-5.6 | +0.4/-0.9 | +1.6/+6.3 | +30.3/+5.1 | +38.7/+2.3 | +28.5/+2.1 | +38.2/+3.6 | +17.0/+2.4 | +2.2/+0.2 | +13.0/+0.1 | +201.3% |  +17.0% | +184.3%
2026-04-02 21:00:50 | INFO     |   2026   | +14.0/+1.5 | +20.7/-0.9 | -0.9/-4.9 | +0.0/+0.7 |         -- |         -- |         -- |         -- |         -- |         -- |         -- |         -- |  +33.9% |   -3.6% |  +37.5%
2026-04-02 21:00:50 | INFO     | ------------------------------------------------------------------------------------------------------------------------
2026-04-02 21:00:50 | INFO     | ----------------------------------------------------------------------
2026-04-02 21:00:50 | INFO     |   LARGEST LOSS DAYS (worst 30)
2026-04-02 21:00:50 | INFO     | ----------------------------------------------------------------------
2026-04-02 21:00:50 | INFO     |   Date         |    VIX |  Trades |      Day P&L |      Event
2026-04-02 21:00:50 | INFO     | ----------------------------------------------------------------------
2026-04-02 21:00:50 | INFO     |   20240628     |   12.2 |       3 | $  -4,892.94 |           
2026-04-02 21:00:50 | INFO     |   20260112     |   14.5 |       1 | $  -4,863.00 |           
2026-04-02 21:00:50 | INFO     |   20230718     |   13.5 |       1 | $  -3,040.50 |           
2026-04-02 21:00:50 | INFO     |   20241014     |   20.5 |       1 | $  -3,040.50 |           
2026-04-02 21:00:50 | INFO     |   20240116     |   12.7 |       2 | $  -2,433.83 |           
2026-04-02 21:00:50 | INFO     |   20250731     |   15.5 |       1 | $  -2,433.00 |           
2026-04-02 21:00:50 | INFO     |   20240314     |   13.8 |       3 | $  -2,297.01 |           
2026-04-02 21:00:50 | INFO     |   20230127     |   18.7 |       1 | $  -2,028.00 |           
2026-04-02 21:00:50 | INFO     |   20230829     |   15.1 |       1 | $  -2,028.00 |           
2026-04-02 21:00:50 | INFO     |   20240110     |   12.8 |       1 | $  -2,028.00 |           
2026-04-02 21:00:50 | INFO     |   20240209     |   12.8 |       1 | $  -2,028.00 |           
2026-04-02 21:00:50 | INFO     |   20240617     |   12.7 |       1 | $  -2,028.00 |           
2026-04-02 21:00:50 | INFO     |   20240705     |   12.1 |       1 | $  -2,028.00 |           
2026-04-02 21:00:50 | INFO     |   20240819     |   14.8 |       1 | $  -2,028.00 |           
2026-04-02 21:00:50 | INFO     |   20250922     |   15.4 |       1 | $  -2,028.00 |           
2026-04-02 21:00:50 | INFO     |   20251125     |   20.5 |       1 | $  -2,028.00 |           
2026-04-02 21:00:50 | INFO     |   20251223     |   14.1 |       1 | $  -2,028.00 |           
2026-04-02 21:00:50 | INFO     |   20250121     |   16.0 |       1 | $  -1,825.50 |           
2026-04-02 21:00:50 | INFO     |   20231009     |   17.4 |       1 | $  -1,623.00 |           
2026-04-02 21:00:50 | INFO     |   20250519     |   17.2 |       1 | $  -1,623.00 |           
2026-04-02 21:00:50 | INFO     |   20251001     |   16.3 |       1 | $  -1,623.00 |           
2026-04-02 21:00:50 | INFO     |   20240603     |   12.9 |       2 | $  -1,410.57 |           
2026-04-02 21:00:50 | INFO     |   20231211     |   12.3 |       1 | $  -1,353.00 |           
2026-04-02 21:00:50 | INFO     |   20231120     |   13.8 |       1 | $  -1,352.00 |           
2026-04-02 21:00:50 | INFO     |   20250224     |   18.2 |       2 | $  -1,259.56 |           
2026-04-02 21:00:50 | INFO     |   20230331     |   19.0 |       1 | $  -1,218.00 |           
2026-04-02 21:00:50 | INFO     |   20230602     |   15.7 |       1 | $  -1,218.00 |           
2026-04-02 21:00:50 | INFO     |   20230608     |   13.9 |       2 | $  -1,148.41 |           
2026-04-02 21:00:50 | INFO     |   20241119     |   15.6 |       1 | $  -1,083.00 |           
2026-04-02 21:00:50 | INFO     |   20230518     |   16.9 |       2 | $  -1,050.55 |           
2026-04-02 21:00:50 | INFO     | ----------------------------------------------------------------------
2026-04-02 21:00:50 | INFO     | ----------------------------------------------------------
2026-04-02 21:00:50 | INFO     |   SEASONALITY — DAY OF WEEK
2026-04-02 21:00:50 | INFO     | ----------------------------------------------------------
2026-04-02 21:00:50 | INFO     |   Day   |  Trades |    WR% |    Total P&L |    Avg P&L
2026-04-02 21:00:50 | INFO     | ----------------------------------------------------------
2026-04-02 21:00:50 | INFO     |   Mon   |     114 |  81.6% | $ 100,481.79 | $   881.42
2026-04-02 21:00:50 | INFO     |   Tue   |     140 |  74.3% | $ 107,696.65 | $   769.26
2026-04-02 21:00:50 | INFO     |   Wed   |     135 |  75.6% | $  87,774.54 | $   650.18
2026-04-02 21:00:50 | INFO     |   Thu   |     115 |  77.4% | $ 105,414.68 | $   916.65
2026-04-02 21:00:50 | INFO     |   Fri   |     130 |  71.5% | $ 126,850.20 | $   975.77
2026-04-02 21:00:50 | INFO     | ----------------------------------------------------------
2026-04-02 21:00:50 | INFO     | ----------------------------------------------------------
2026-04-02 21:00:50 | INFO     |   SEASONALITY — MONTH
2026-04-02 21:00:50 | INFO     | ----------------------------------------------------------
2026-04-02 21:00:50 | INFO     |   Month |  Trades |    WR% |    Total P&L |    Avg P&L
2026-04-02 21:00:50 | INFO     | ----------------------------------------------------------
2026-04-02 21:00:50 | INFO     |   Jan   |      63 |  69.8% | $  32,742.25 | $   519.72
2026-04-02 21:00:50 | INFO     |   Feb   |      64 |  79.7% | $  53,901.00 | $   842.20
2026-04-02 21:00:50 | INFO     |   Mar   |      39 |  79.5% | $  26,670.12 | $   683.85
2026-04-02 21:00:50 | INFO     |   Apr   |      42 |  81.0% | $  21,332.02 | $   507.91
2026-04-02 21:00:50 | INFO     |   May   |      37 |  67.6% | $  12,383.44 | $   334.69
2026-04-02 21:00:50 | INFO     |   Jun   |      56 |  78.6% | $  44,564.72 | $   795.80
2026-04-02 21:00:50 | INFO     |   Jul   |      51 |  74.5% | $  54,914.92 | $ 1,076.76
2026-04-02 21:00:50 | INFO     |   Aug   |      70 |  74.3% | $  62,136.71 | $   887.67
2026-04-02 21:00:50 | INFO     |   Sep   |      48 |  79.2% | $  53,810.33 | $ 1,121.05
2026-04-02 21:00:50 | INFO     |   Oct   |      65 |  69.2% | $  55,411.54 | $   852.49
2026-04-02 21:00:50 | INFO     |   Nov   |      41 |  75.6% | $  29,710.01 | $   724.63
2026-04-02 21:00:50 | INFO     |   Dec   |      58 |  82.8% | $  80,640.80 | $ 1,390.36
2026-04-02 21:00:50 | INFO     | ----------------------------------------------------------
2026-04-02 21:00:50 | INFO     | ------------------------------------------------------------------------
2026-04-02 21:00:50 | INFO     |   CALENDAR / ECON EVENT ANALYSIS  (sorted by WR%)
2026-04-02 21:00:50 | INFO     | ------------------------------------------------------------------------
2026-04-02 21:00:50 | INFO     |   Event          |  Days |    WR% |    Avg/Day |    Total P&L |     Max DD
2026-04-02 21:00:50 | INFO     | ------------------------------------------------------------------------
2026-04-02 21:00:50 | INFO     |   Triple Witch   |     4 | 100.0% | $ 3,307.43 | $   9,922.30 | $     0.00
2026-04-02 21:00:50 | INFO     |   CPI/NFP        |    36 |  80.6% | $ 2,265.96 | $  52,117.08 | $ 2,840.00
2026-04-02 21:00:50 | INFO     |   Normal         |   584 |  75.5% | $ 1,121.42 | $ 459,781.66 | $ 6,861.08
2026-04-02 21:00:50 | INFO     |   FOMC           |    10 |  70.0% | $ 1,066.14 | $   6,396.82 | $ 1,170.38
2026-04-02 21:00:50 | INFO     | ------------------------------------------------------------------------
