2026-03-31 07:11:48 | INFO     | Log file  : /Users/jeerapongwongchote/Documents/thetadata/zenith/logs/zenith_20260331_071148.log
2026-03-31 07:11:48 | INFO     | ============================================================
2026-03-31 07:11:48 | INFO     | ZENITH FADE CCS BACKTEST
2026-03-31 07:11:48 | INFO     | Signal Mode  : dynamic
2026-03-31 07:11:48 | INFO     | Period       : 2022-01-03 -> 2026-03-25
2026-03-31 07:11:48 | INFO     | Score Thresh : 41.5
2026-03-31 07:11:48 | INFO     | Weights      : var=1.4, vol=8.9, rocket=274.0
2026-03-31 07:11:48 | INFO     | Strike       : 5.0pt OTM, 10.0pt wide
2026-03-31 07:11:48 | INFO     | Risk         : $600.0, TP 66%, SL -100%
2026-03-31 07:11:48 | INFO     | ============================================================
2026-03-31 07:11:48 | INFO     | Building daily indicators...
2026-03-31 07:11:49 | WARNING  | No SPX volume data — dRelVol defaulted to 1.0
2026-03-31 07:11:49 | INFO     | Built daily indicators: 1060 bars
2026-03-31 07:11:49 | INFO     |   -> 1060 daily bars loaded
2026-03-31 07:11:49 | INFO     | ============================================================
2026-03-31 07:11:49 | INFO     | ZENITH FADE CCS BACKTEST
2026-03-31 07:11:49 | INFO     | Mode: dynamic
2026-03-31 07:11:49 | INFO     | Period: 2022-01-03 -> 2026-03-25
2026-03-31 07:11:49 | INFO     | Trades -> /Users/jeerapongwongchote/Documents/thetadata/zenith/logs/zenith_trades_20260331_071148.csv
2026-03-31 07:11:49 | INFO     | ============================================================
2026-03-31 07:11:49 | INFO     | Signal #   1 | 20220104 | P&L: $    394 | Total: $      394 | WR: 100.0%
2026-03-31 07:11:49 | INFO     | Signal #   2 | 20220105 | P&L: $    394 | Total: $      788 | WR: 100.0%
2026-03-31 07:11:49 | INFO     | Signal #   3 | 20220107 | P&L: $    394 | Total: $    1,182 | WR: 100.0%
2026-03-31 07:11:49 | INFO     | Signal #   4 | 20220110 | P&L: $   -602 | Total: $      580 | WR: 75.0%
2026-03-31 07:11:49 | INFO     | Signal #   5 | 20220111 | P&L: $   -602 | Total: $      -22 | WR: 60.0%
2026-03-31 07:11:49 | INFO     | Signal #  50 | 20220414 | P&L: $    394 | Total: $    2,110 | WR: 64.0%
2026-03-31 07:11:49 | INFO     | Signal # 100 | 20220720 | P&L: $   -602 | Total: $   -3,122 | WR: 57.0%
2026-03-31 07:11:49 | INFO     | Signal # 150 | 20221025 | P&L: $   -602 | Total: $   -1,662 | WR: 59.3%
2026-03-31 07:11:49 | INFO     | Signal # 200 | 20230201 | P&L: $   -602 | Total: $   -2,749 | WR: 59.0%
2026-03-31 07:11:49 | INFO     | Signal # 250 | 20230511 | P&L: $    394 | Total: $     -350 | WR: 60.4%
2026-03-31 07:11:49 | INFO     | Signal # 300 | 20230822 | P&L: $   -602 | Total: $   -4,343 | WR: 58.7%
2026-03-31 07:11:49 | INFO     | Signal # 350 | 20231128 | P&L: $    394 | Total: $   -8,286 | WR: 57.7%
2026-03-31 07:11:49 | INFO     | Signal # 400 | 20240228 | P&L: $   -602 | Total: $  -18,406 | WR: 55.5%
2026-03-31 07:11:49 | INFO     | Signal # 450 | 20240603 | P&L: $   -234 | Total: $  -18,808 | WR: 55.8%
2026-03-31 07:11:49 | INFO     | Signal # 500 | 20240829 | P&L: $   -602 | Total: $  -24,891 | WR: 54.8%
2026-03-31 07:11:49 | INFO     | Signal # 550 | 20241127 | P&L: $    160 | Total: $  -29,963 | WR: 54.4%
2026-03-31 07:11:49 | INFO     | Signal # 600 | 20250305 | P&L: $    394 | Total: $  -31,034 | WR: 54.5%
2026-03-31 07:11:49 | DEBUG    | Skipping 20250408 — VIX 52.3 > 50.0
2026-03-31 07:11:49 | INFO     | Signal # 650 | 20250602 | P&L: $   -602 | Total: $  -38,226 | WR: 53.8%
2026-03-31 07:11:49 | INFO     | Signal # 700 | 20250904 | P&L: $   -602 | Total: $  -45,680 | WR: 53.1%
2026-03-31 07:11:49 | INFO     | Signal # 750 | 20251126 | P&L: $   -602 | Total: $  -51,817 | WR: 52.8%
2026-03-31 07:11:49 | INFO     | Signal # 800 | 20260225 | P&L: $   -491 | Total: $  -53,741 | WR: 53.0%
2026-03-31 07:11:49 | INFO     | DONE — 814 trades, 1060 trading days, 244 skipped
2026-03-31 07:11:49 | INFO     | Trade log snapshot -> /Users/jeerapongwongchote/Documents/thetadata/zenith/tradelogs_zenith.csv
2026-03-31 07:11:49 | INFO     | ============================================================
2026-03-31 07:11:49 | INFO     |   ZENITH FADE CCS — BACKTEST RESULTS
2026-03-31 07:11:49 | INFO     | ============================================================
2026-03-31 07:11:49 | INFO     |   Period          : 20220103 -> 20260324
2026-03-31 07:11:49 | INFO     |   Trading Days    : 1062
2026-03-31 07:11:49 | INFO     |   Signal Days     : 814
2026-03-31 07:11:49 | INFO     |   Signal Rate     : 76.6%
2026-03-31 07:11:49 | INFO     | ============================================================
2026-03-31 07:11:49 | INFO     |   Total P&L       : $  -50,766.00
2026-03-31 07:11:49 | INFO     |   CAGR            : -15.5%
2026-03-31 07:11:49 | INFO     |   Max Drawdown    : -$ 59,097.00 (56.4%)
2026-03-31 07:11:49 | INFO     |   Recovery Factor : -0.86
2026-03-31 07:11:49 | INFO     | ============================================================
2026-03-31 07:11:49 | INFO     |   Win Rate        : 53.4%
2026-03-31 07:11:49 | INFO     |   Profit Factor   : 0.77
2026-03-31 07:11:49 | INFO     |   Sharpe Ratio    : -2.05
2026-03-31 07:11:49 | INFO     |   Sortino Ratio   : -9.54
2026-03-31 07:11:49 | INFO     |   Calmar Ratio    : -0.27
2026-03-31 07:11:49 | INFO     | ============================================================
2026-03-31 07:11:49 | INFO     |   Avg Win         : $  382.07
2026-03-31 07:11:49 | INFO     |   Avg Loss        : $ -572.47
2026-03-31 07:11:49 | INFO     |   Best Trade      : $  394.00
2026-03-31 07:11:49 | INFO     |   Worst Trade     : $ -602.00
2026-03-31 07:11:49 | INFO     |   Max Win Streak  : 13
2026-03-31 07:11:49 | INFO     | ============================================================
