2026-03-31 07:13:37 | INFO     | Log file  : /Users/jeerapongwongchote/Documents/thetadata/zenith/logs/zenith_20260331_071337.log
2026-03-31 07:13:37 | INFO     | ================================================================================
2026-03-31 07:13:37 | INFO     |   RECENT RUN HISTORY
2026-03-31 07:13:37 | INFO     | --------------------------------------------------------------------------------
2026-03-31 07:13:37 | INFO     |   Timestamp              | Mode       |  Trades |          P&L |         DD |  Sharpe |     WR
2026-03-31 07:13:37 | INFO     | --------------------------------------------------------------------------------
2026-03-31 07:13:37 | INFO     |   2026-03-31T07:12:22    | dynamic    |     814 | $   -50,766 | -$  59,097 |  -2.05 |  53.4%
2026-03-31 07:13:37 | INFO     | ================================================================================
2026-03-31 07:13:37 | INFO     | ============================================================
2026-03-31 07:13:37 | INFO     | ZENITH FADE CCS BACKTEST
2026-03-31 07:13:37 | INFO     | Signal Mode  : dynamic
2026-03-31 07:13:37 | INFO     | Period       : 2022-01-03 -> 2026-03-25
2026-03-31 07:13:37 | INFO     | Score Thresh : 41.5
2026-03-31 07:13:37 | INFO     | Weights      : var=1.4, vol=8.9, rocket=274.0
2026-03-31 07:13:37 | INFO     | Strike       : 5.0pt OTM, 10.0pt wide
2026-03-31 07:13:37 | INFO     | Risk         : $600.0, TP 66%, SL -100%
2026-03-31 07:13:37 | INFO     | ============================================================
2026-03-31 07:13:37 | INFO     | Building daily indicators...
2026-03-31 07:13:38 | WARNING  | No SPX volume data — dRelVol defaulted to 1.0
2026-03-31 07:13:38 | INFO     | Built daily indicators: 1060 bars
2026-03-31 07:13:38 | INFO     |   -> 1060 daily bars loaded
2026-03-31 07:13:38 | INFO     | ============================================================
2026-03-31 07:13:38 | INFO     | ZENITH FADE CCS BACKTEST
2026-03-31 07:13:38 | INFO     | Mode: dynamic
2026-03-31 07:13:38 | INFO     | Period: 2022-01-03 -> 2026-03-25
2026-03-31 07:13:38 | INFO     | Trades -> /Users/jeerapongwongchote/Documents/thetadata/zenith/logs/zenith_trades_20260331_071337.csv
2026-03-31 07:13:38 | INFO     | ============================================================
2026-03-31 07:13:38 | INFO     | Signal #   1 | 20220104 | P&L: $    394 | Total: $      394 | WR: 100.0%
2026-03-31 07:13:38 | INFO     | Signal #   2 | 20220105 | P&L: $    394 | Total: $      788 | WR: 100.0%
2026-03-31 07:13:38 | INFO     | Signal #   3 | 20220107 | P&L: $    394 | Total: $    1,182 | WR: 100.0%
2026-03-31 07:13:38 | INFO     | Signal #   4 | 20220110 | P&L: $    394 | Total: $    1,576 | WR: 100.0%
2026-03-31 07:13:38 | INFO     | Signal #   5 | 20220111 | P&L: $   -602 | Total: $      974 | WR: 80.0%
2026-03-31 07:13:38 | INFO     | Signal #  50 | 20220414 | P&L: $    394 | Total: $    1,133 | WR: 62.0%
2026-03-31 07:13:38 | INFO     | Signal # 100 | 20220720 | P&L: $   -602 | Total: $      770 | WR: 60.0%
2026-03-31 07:13:38 | INFO     | Signal # 150 | 20221025 | P&L: $   -602 | Total: $    3,107 | WR: 61.3%
2026-03-31 07:13:38 | INFO     | Signal # 200 | 20230201 | P&L: $   -602 | Total: $    3,131 | WR: 61.0%
2026-03-31 07:13:38 | INFO     | Signal # 250 | 20230511 | P&L: $    394 | Total: $    4,324 | WR: 61.2%
2026-03-31 07:13:38 | INFO     | Signal # 300 | 20230822 | P&L: $    394 | Total: $    7,619 | WR: 62.0%
2026-03-31 07:13:38 | INFO     | Signal # 350 | 20231128 | P&L: $    394 | Total: $    6,968 | WR: 61.7%
2026-03-31 07:13:38 | INFO     | Signal # 400 | 20240228 | P&L: $    394 | Total: $    5,780 | WR: 60.8%
2026-03-31 07:13:38 | INFO     | Signal # 450 | 20240603 | P&L: $    394 | Total: $    6,646 | WR: 60.9%
2026-03-31 07:13:38 | INFO     | Signal # 500 | 20240829 | P&L: $    394 | Total: $    7,699 | WR: 60.8%
2026-03-31 07:13:38 | INFO     | Signal # 550 | 20241127 | P&L: $    394 | Total: $    5,349 | WR: 60.2%
2026-03-31 07:13:38 | INFO     | Signal # 600 | 20250305 | P&L: $   -602 | Total: $    4,432 | WR: 60.0%
2026-03-31 07:13:38 | DEBUG    | Skipping 20250408 — VIX 52.3 > 50.0
2026-03-31 07:13:38 | INFO     | Signal # 650 | 20250602 | P&L: $   -602 | Total: $    1,066 | WR: 59.5%
2026-03-31 07:13:38 | INFO     | Signal # 700 | 20250904 | P&L: $   -602 | Total: $   -1,194 | WR: 59.3%
2026-03-31 07:13:38 | INFO     | Signal # 750 | 20251126 | P&L: $   -602 | Total: $   -5,135 | WR: 58.7%
2026-03-31 07:13:38 | INFO     | Signal # 800 | 20260225 | P&L: $   -602 | Total: $   -6,791 | WR: 58.5%
2026-03-31 07:13:38 | INFO     | DONE — 815 trades, 1060 trading days, 244 skipped
2026-03-31 07:13:38 | INFO     | Trade log snapshot -> /Users/jeerapongwongchote/Documents/thetadata/zenith/tradelogs_zenith.csv
2026-03-31 07:13:38 | INFO     | ============================================================
2026-03-31 07:13:38 | INFO     |   ZENITH FADE CCS — BACKTEST RESULTS
2026-03-31 07:13:38 | INFO     | ============================================================
2026-03-31 07:13:38 | INFO     |   Period          : 20220103 -> 20260325
2026-03-31 07:13:38 | INFO     |   Trading Days    : 1062
2026-03-31 07:13:38 | INFO     |   Signal Days     : 815
2026-03-31 07:13:38 | INFO     |   Signal Rate     : 76.7%
2026-03-31 07:13:38 | INFO     | ============================================================
2026-03-31 07:13:38 | INFO     |   Total P&L       : $   -5,861.00
2026-03-31 07:13:38 | INFO     |   CAGR            : -1.4%
2026-03-31 07:13:38 | INFO     |   Max Drawdown    : -$ 16,642.00 (15.2%)
2026-03-31 07:13:38 | INFO     |   Recovery Factor : -0.35
2026-03-31 07:13:38 | INFO     | ============================================================
2026-03-31 07:13:38 | INFO     |   Win Rate        : 58.7%
2026-03-31 07:13:38 | INFO     |   Profit Factor   : 0.97
2026-03-31 07:13:38 | INFO     |   Sharpe Ratio    : -0.24
2026-03-31 07:13:38 | INFO     |   Sortino Ratio   : -0.98
2026-03-31 07:13:38 | INFO     |   Calmar Ratio    : -0.09
2026-03-31 07:13:38 | INFO     | ============================================================
2026-03-31 07:13:38 | INFO     |   Avg Win         : $  386.39
2026-03-31 07:13:38 | INFO     |   Avg Loss        : $ -565.45
2026-03-31 07:13:38 | INFO     |   Best Trade      : $  394.00
2026-03-31 07:13:38 | INFO     |   Worst Trade     : $ -602.00
2026-03-31 07:13:38 | INFO     |   Max Win Streak  : 8
2026-03-31 07:13:38 | INFO     | ============================================================
2026-03-31 07:13:38 | INFO     | Results written to /Users/jeerapongwongchote/Documents/thetadata/zenith/RESULTS.md
2026-03-31 07:13:38 | INFO     | Run summary appended to /Users/jeerapongwongchote/Documents/thetadata/zenith/logs/run_history.json
2026-03-31 07:13:38 | INFO     | --------------------------------------------------------------
2026-03-31 07:13:38 | INFO     |   VIX CORRELATION ANALYSIS
2026-03-31 07:13:38 | INFO     | --------------------------------------------------------------
2026-03-31 07:13:38 | INFO     |   VIX Range  |  Trades |  Win Rate |    Avg P&L |    Total P&L
2026-03-31 07:13:38 | INFO     | --------------------------------------------------------------
2026-03-31 07:13:38 | INFO     |   < 15       |     210 |     64.3% | $    53.04 | $  11,139.00
2026-03-31 07:13:38 | INFO     |   15-20      |     339 |     59.3% | $     2.62 | $     887.00
2026-03-31 07:13:38 | INFO     |   20-25      |     151 |     51.0% | $   -91.93 | $ -13,882.00
2026-03-31 07:13:38 | INFO     |   25-30      |      74 |     54.1% | $   -57.07 | $  -4,223.00
2026-03-31 07:13:38 | INFO     |   30-35      |      37 |     67.6% | $    70.97 | $   2,626.00
2026-03-31 07:13:38 | INFO     |   35+        |       4 |      0.0% | $  -602.00 | $  -2,408.00
2026-03-31 07:13:38 | INFO     | --------------------------------------------------------------
2026-03-31 07:13:38 | INFO     | ----------------------------------------------------------------------------------------------------
2026-03-31 07:13:38 | INFO     |   MONTHLY P&L TABLE
2026-03-31 07:13:38 | INFO     | ----------------------------------------------------------------------------------------------------
2026-03-31 07:13:38 | INFO     |   Year   |      1 |      2 |      3 |      4 |      5 |      6 |      7 |      8 |      9 |     10 |     11 |     12 |      Total
2026-03-31 07:13:38 | INFO     | ----------------------------------------------------------------------------------------------------
2026-03-31 07:13:38 | INFO     |   2022   | $2,097 | $ -460 | $ -876 | $  744 | $-1,270 | $  696 | $-1,387 | $2,885 | $  -66 | $1,532 | $-2,058 | $2,714 | $    4,551
2026-03-31 07:13:38 | INFO     |   2023   | $ -818 | $ -361 | $-3,656 | $3,240 | $2,063 | $  -66 | $1,112 | $  536 | $1,740 | $-2,058 | $1,079 | $-1,818 | $      993
2026-03-31 07:13:38 | INFO     |   2024   | $1,116 | $-1,482 | $-1,456 | $2,714 | $ -184 | $1,517 | $  -85 | $   15 | $ -925 | $2,231 | $-4,258 | $1,217 | $      420
2026-03-31 07:13:38 | INFO     |   2025   | $-1,391 | $ -327 | $  958 | $-2,660 | $ -876 | $-3,054 | $  708 | $  294 | $-3,752 | $ -675 | $ -926 | $  251 | $  -11,450
2026-03-31 07:13:38 | INFO     |   2026   | $ -845 | $  328 | $  142 |     -- |     -- |     -- |     -- |     -- |     -- |     -- |     -- |     -- | $     -375
2026-03-31 07:13:38 | INFO     | ----------------------------------------------------------------------------------------------------
2026-03-31 07:13:38 | INFO     | -------------------------------------------------------
2026-03-31 07:13:38 | INFO     |   WORST 15 LOSS DAYS
2026-03-31 07:13:38 | INFO     | -------------------------------------------------------
2026-03-31 07:13:38 | INFO     |   Date         |  Trades |      Day P&L
2026-03-31 07:13:38 | INFO     | -------------------------------------------------------
2026-03-31 07:13:38 | INFO     |   20220111     |       1 | $    -602.00
2026-03-31 07:13:38 | INFO     |   20220131     |       1 | $    -602.00
2026-03-31 07:13:38 | INFO     |   20220201     |       1 | $    -602.00
2026-03-31 07:13:38 | INFO     |   20220202     |       1 | $    -602.00
2026-03-31 07:13:38 | INFO     |   20220208     |       1 | $    -602.00
2026-03-31 07:13:38 | INFO     |   20220209     |       1 | $    -602.00
2026-03-31 07:13:38 | INFO     |   20220215     |       1 | $    -602.00
2026-03-31 07:13:38 | INFO     |   20220225     |       1 | $    -602.00
2026-03-31 07:13:38 | INFO     |   20220302     |       1 | $    -602.00
2026-03-31 07:13:38 | INFO     |   20220316     |       1 | $    -602.00
2026-03-31 07:13:38 | INFO     |   20220317     |       1 | $    -602.00
2026-03-31 07:13:38 | INFO     |   20220318     |       1 | $    -602.00
2026-03-31 07:13:38 | INFO     |   20220322     |       1 | $    -602.00
2026-03-31 07:13:38 | INFO     |   20220325     |       1 | $    -602.00
2026-03-31 07:13:38 | INFO     |   20220328     |       1 | $    -602.00
2026-03-31 07:13:38 | INFO     | -------------------------------------------------------
2026-03-31 07:13:38 | INFO     | ----------------------------------------------------------------------
2026-03-31 07:13:38 | INFO     |   FILTER VALUE ANALYSIS (WIN vs LOSS)
2026-03-31 07:13:38 | INFO     | ----------------------------------------------------------------------
2026-03-31 07:13:38 | INFO     |   Filter             |    Win Avg |   Loss Avg |      Delta
2026-03-31 07:13:38 | INFO     | ----------------------------------------------------------------------
2026-03-31 07:13:38 | INFO     |   Variance %         |    68.3323 |    68.7854 |    -0.4531
2026-03-31 07:13:38 | INFO     |   Rel Volume         |     1.0000 |     1.0000 |    +0.0000
2026-03-31 07:13:38 | INFO     |   Rising Rocket      |     0.0033 |     0.0025 |    +0.0008
2026-03-31 07:13:38 | INFO     |   Exhaustion Score   |   103.6594 |   104.5179 |    -0.8585
2026-03-31 07:13:38 | INFO     |   RSI                |        nan |    54.1092 |       +nan
2026-03-31 07:13:38 | INFO     |   Stochastic         |    69.3600 |    64.3700 |    +4.9900
2026-03-31 07:13:38 | INFO     |   Body Size          |    28.5482 |    28.3132 |    +0.2350
2026-03-31 07:13:38 | INFO     |   Gap %              |        nan |     0.0009 |       +nan
2026-03-31 07:13:38 | INFO     |   Cluster Count      |     1.6632 |     1.8487 |    -0.1855
2026-03-31 07:13:38 | INFO     |   Dist from SMA      |     0.0077 |     0.0034 |    +0.0043
2026-03-31 07:13:38 | INFO     |   VIX Level          |    18.6714 |    19.3324 |    -0.6610
2026-03-31 07:13:38 | INFO     | ----------------------------------------------------------------------
