2026-04-04 14:16:39 | INFO     | Log file  : /Users/jeerapongwongchote/Documents/thetadata/zenith/logs/zenith_20260404_141639.log
2026-04-04 14:16:39 | INFO     | ================================================================================
2026-04-04 14:16:39 | INFO     |   RECENT RUN HISTORY
2026-04-04 14:16:39 | INFO     | --------------------------------------------------------------------------------
2026-04-04 14:16:39 | INFO     |     # | Timestamp              |  Trades |          P&L |         DD |  Sharpe |     WR
2026-04-04 14:16:39 | INFO     | --------------------------------------------------------------------------------
2026-04-04 14:16:39 | INFO     |    58 | 2026-04-04T13:17:14    |     387 | $    39,964 | -$     652 |  10.61 |  78.3%
2026-04-04 14:16:39 | INFO     |    59 | 2026-04-04T13:17:24    |     387 | $    39,964 | -$     652 |  10.61 |  78.3%
2026-04-04 14:16:39 | INFO     |    60 | 2026-04-04T13:17:30    |     387 | $    39,964 | -$     652 |  10.61 |  78.3%
2026-04-04 14:16:39 | INFO     |    61 | 2026-04-04T13:18:58    |     387 | $    39,964 | -$     652 |  10.61 |  78.3%
2026-04-04 14:16:39 | INFO     |    62 | 2026-04-04T13:19:05    |     274 | $    26,983 | -$     659 |  10.31 |  78.5%
2026-04-04 14:16:39 | INFO     |    63 | 2026-04-04T13:19:12    |     221 | $    22,931 | -$     497 |  11.04 |  79.6%
2026-04-04 14:16:39 | INFO     |    64 | 2026-04-04T13:19:18    |     134 | $    13,410 | -$     497 |  10.81 |  79.1%
2026-04-04 14:16:39 | INFO     |    65 | 2026-04-04T13:19:25    |      73 | $     7,477 | -$     244 |  11.94 |  83.6%
2026-04-04 14:16:39 | INFO     |    66 | 2026-04-04T13:21:15    |     387 | $    39,964 | -$     652 |  10.61 |  78.3%
2026-04-04 14:16:39 | INFO     |    67 | 2026-04-04T14:16:38    |     227 | $    23,807 | -$     497 |  11.51 |  81.9%
2026-04-04 14:16:39 | INFO     | ================================================================================
2026-04-04 14:16:39 | INFO     | ============================================================
2026-04-04 14:16:39 | INFO     | ZENITH FADE CCS BACKTEST
2026-04-04 14:16:39 | INFO     | Signal Mode  : dynamic
2026-04-04 14:16:39 | INFO     | Period       : 2025-01-01 -> 2026-03-25
2026-04-04 14:16:39 | INFO     | Score Thresh : 68.0
2026-04-04 14:16:39 | INFO     | Weights      : var=1.4, vol=8.9, rocket=274.0
2026-04-04 14:16:39 | INFO     | Strike       : 30.0pt OTM, 10.0pt wide
2026-04-04 14:16:39 | INFO     | Risk         : $600.0, TP 66%, SL -100%
2026-04-04 14:16:39 | INFO     | ============================================================
2026-04-04 14:16:39 | INFO     | Building daily indicators...
2026-04-04 14:16:49 | INFO     |   ORB computed for 1265 days (avg width: 19.3 pts)
2026-04-04 14:16:49 | WARNING  | No SPX volume data — dRelVol defaulted to 1.0
2026-04-04 14:16:49 | INFO     | Built daily indicators: 1066 bars
2026-04-04 14:16:49 | INFO     |   -> 1066 daily bars loaded
2026-04-04 14:16:49 | INFO     | ============================================================
2026-04-04 14:16:49 | INFO     | ZENITH FADE CCS BACKTEST
2026-04-04 14:16:49 | INFO     | Mode: dynamic
2026-04-04 14:16:49 | INFO     | Period: 2025-01-01 -> 2026-03-25
2026-04-04 14:16:49 | INFO     | Trades -> /Users/jeerapongwongchote/Documents/thetadata/zenith/logs/zenith_trades_20260404_141639.csv
2026-04-04 14:16:49 | INFO     | ============================================================
2026-04-04 14:16:49 | INFO     | Signal #   1 | 20250102 |  PUT | P&L: $   -122 | Total: $      151 | WR: 50.0%
2026-04-04 14:16:49 | INFO     | Signal #   2 | 20250107 |  PUT | P&L: $   -122 | Total: $       29 | WR: 33.3%
2026-04-04 14:16:49 | INFO     | Signal #   3 | 20250108 |  PUT | P&L: $    173 | Total: $      202 | WR: 50.0%
2026-04-04 14:16:49 | INFO     | Signal #   4 | 20250113 |  PUT | P&L: $     82 | Total: $      284 | WR: 60.0%
2026-04-04 14:16:49 | INFO     | Signal #   5 | 20250114 | CALL | P&L: $    148 | Total: $      432 | WR: 66.7%
2026-04-04 14:16:49 | DEBUG    | Skipping 20250303 — VIX 22.8 > 22.0
2026-04-04 14:16:49 | DEBUG    | Skipping 20250304 — VIX 23.5 > 22.0
2026-04-04 14:16:49 | DEBUG    | Skipping 20250306 — VIX 24.9 > 22.0
2026-04-04 14:16:49 | DEBUG    | Skipping 20250307 — VIX 23.4 > 22.0
2026-04-04 14:16:49 | DEBUG    | Skipping 20250310 — VIX 27.9 > 22.0
2026-04-04 14:16:49 | DEBUG    | Skipping 20250311 — VIX 26.9 > 22.0
2026-04-04 14:16:49 | DEBUG    | Skipping 20250312 — VIX 24.2 > 22.0
2026-04-04 14:16:49 | DEBUG    | Skipping 20250313 — VIX 24.7 > 22.0
2026-04-04 14:16:49 | DEBUG    | Skipping 20250331 — VIX 22.3 > 22.0
2026-04-04 14:16:49 | DEBUG    | Skipping 20250403 — VIX 30.0 > 22.0
2026-04-04 14:16:49 | DEBUG    | Skipping 20250404 — VIX 45.3 > 22.0
2026-04-04 14:16:49 | DEBUG    | Skipping 20250407 — VIX 47.0 > 22.0
2026-04-04 14:16:49 | DEBUG    | Skipping 20250408 — VIX 52.3 > 22.0
2026-04-04 14:16:49 | DEBUG    | Skipping 20250409 — VIX 33.6 > 22.0
2026-04-04 14:16:49 | DEBUG    | Skipping 20250410 — VIX 40.7 > 22.0
2026-04-04 14:16:49 | DEBUG    | Skipping 20250411 — VIX 37.6 > 22.0
2026-04-04 14:16:49 | DEBUG    | Skipping 20250414 — VIX 30.9 > 22.0
2026-04-04 14:16:49 | DEBUG    | Skipping 20250415 — VIX 30.1 > 22.0
2026-04-04 14:16:49 | DEBUG    | Skipping 20250416 — VIX 32.6 > 22.0
2026-04-04 14:16:49 | DEBUG    | Skipping 20250417 — VIX 29.6 > 22.0
2026-04-04 14:16:49 | DEBUG    | Skipping 20250421 — VIX 33.8 > 22.0
2026-04-04 14:16:49 | DEBUG    | Skipping 20250422 — VIX 30.6 > 22.0
2026-04-04 14:16:49 | DEBUG    | Skipping 20250423 — VIX 28.4 > 22.0
2026-04-04 14:16:49 | DEBUG    | Skipping 20250424 — VIX 26.5 > 22.0
2026-04-04 14:16:49 | DEBUG    | Skipping 20250425 — VIX 24.8 > 22.0
2026-04-04 14:16:49 | DEBUG    | Skipping 20250428 — VIX 25.1 > 22.0
2026-04-04 14:16:49 | DEBUG    | Skipping 20250429 — VIX 24.2 > 22.0
2026-04-04 14:16:49 | DEBUG    | Skipping 20250430 — VIX 24.7 > 22.0
2026-04-04 14:16:49 | DEBUG    | Skipping 20250501 — VIX 24.6 > 22.0
2026-04-04 14:16:49 | DEBUG    | Skipping 20250502 — VIX 22.7 > 22.0
2026-04-04 14:16:49 | DEBUG    | Skipping 20250505 — VIX 23.6 > 22.0
2026-04-04 14:16:49 | DEBUG    | Skipping 20250506 — VIX 24.8 > 22.0
2026-04-04 14:16:49 | DEBUG    | Skipping 20250507 — VIX 23.6 > 22.0
2026-04-04 14:16:49 | DEBUG    | Skipping 20250508 — VIX 22.5 > 22.0
2026-04-04 14:16:49 | DEBUG    | Skipping 20250523 — VIX 22.3 > 22.0
2026-04-04 14:16:49 | INFO     | Signal #  50 | 20250630 | CALL | P&L: $     88 | Total: $    4,346 | WR: 70.2%
2026-04-04 14:16:50 | DEBUG    | Skipping 20251016 — VIX 25.3 > 22.0
2026-04-04 14:16:50 | DEBUG    | Skipping 20251117 — VIX 22.4 > 22.0
2026-04-04 14:16:50 | DEBUG    | Skipping 20251118 — VIX 24.7 > 22.0
2026-04-04 14:16:50 | DEBUG    | Skipping 20251119 — VIX 23.7 > 22.0
2026-04-04 14:16:50 | DEBUG    | Skipping 20251120 — VIX 26.4 > 22.0
2026-04-04 14:16:50 | DEBUG    | Skipping 20251121 — VIX 23.4 > 22.0
2026-04-04 14:16:50 | INFO     | Signal # 100 | 20251201 | CALL | P&L: $    100 | Total: $   10,631 | WR: 74.6%
2026-04-04 14:16:50 | DEBUG    | Skipping 20260303 — VIX 23.6 > 22.0
2026-04-04 14:16:50 | DEBUG    | Skipping 20260305 — VIX 23.8 > 22.0
2026-04-04 14:16:50 | DEBUG    | Skipping 20260306 — VIX 29.5 > 22.0
2026-04-04 14:16:50 | DEBUG    | Skipping 20260309 — VIX 25.5 > 22.0
2026-04-04 14:16:50 | DEBUG    | Skipping 20260310 — VIX 24.9 > 22.0
2026-04-04 14:16:50 | DEBUG    | Skipping 20260311 — VIX 24.2 > 22.0
2026-04-04 14:16:50 | DEBUG    | Skipping 20260312 — VIX 27.3 > 22.0
2026-04-04 14:16:50 | DEBUG    | Skipping 20260313 — VIX 27.2 > 22.0
2026-04-04 14:16:50 | DEBUG    | Skipping 20260316 — VIX 23.5 > 22.0
2026-04-04 14:16:50 | DEBUG    | Skipping 20260317 — VIX 22.4 > 22.0
2026-04-04 14:16:50 | DEBUG    | Skipping 20260318 — VIX 25.1 > 22.0
2026-04-04 14:16:50 | DEBUG    | Skipping 20260319 — VIX 24.1 > 22.0
2026-04-04 14:16:50 | DEBUG    | Skipping 20260320 — VIX 26.8 > 22.0
2026-04-04 14:16:50 | DEBUG    | Skipping 20260323 — VIX 26.1 > 22.0
2026-04-04 14:16:50 | DEBUG    | Skipping 20260324 — VIX 26.9 > 22.0
2026-04-04 14:16:50 | DEBUG    | Skipping 20260325 — VIX 25.3 > 22.0
2026-04-04 14:16:50 | INFO     | DONE — 160 trades, 307 trading days, 169 skipped
2026-04-04 14:16:50 | INFO     | Trade log snapshot -> /Users/jeerapongwongchote/Documents/thetadata/zenith/tradelogs_zenith.csv
2026-04-04 14:16:50 | INFO     | ============================================================
2026-04-04 14:16:50 | INFO     |   ZENITH FADE CCS — BACKTEST RESULTS
2026-04-04 14:16:50 | INFO     | ============================================================
2026-04-04 14:16:50 | INFO     |   Period          : 20241231 -> 20260304
2026-04-04 14:16:50 | INFO     |   Business days   : 309
2026-04-04 14:16:50 | INFO     |   Days traded     : 138
2026-04-04 14:16:50 | INFO     |   Total trades    : 160  (wins: 117  losses: 43)
2026-04-04 14:16:50 | INFO     |   Avg trades/day  :    1.2
2026-04-04 14:16:50 | INFO     | ------------------------------------------------------------
2026-04-04 14:16:50 | INFO     |   Total P&L       : $   16,156.70  (net of commission)
2026-04-04 14:16:50 | INFO     |   CAGR            :  13.6%  (acct=$100,000)
2026-04-04 14:16:50 | INFO     |   Avg profit/trade: $  184.39
2026-04-04 14:16:50 | INFO     |   Avg loss/trade  : $ -125.99
2026-04-04 14:16:50 | INFO     |   Expectancy/trade: $  100.98
2026-04-04 14:16:50 | INFO     |   Profit factor   :    3.98x
2026-04-04 14:16:50 | INFO     | ------------------------------------------------------------
2026-04-04 14:16:50 | INFO     |   Max drawdown    : $  651.67  (0.6%)
2026-04-04 14:16:50 | INFO     |   Calmar ratio    :     21.66  (CAGR / max DD%)
2026-04-04 14:16:50 | INFO     |   Recovery factor :     24.79  (net P&L / max DD)
2026-04-04 14:16:50 | INFO     |   Time underwater :   38.8%
2026-04-04 14:16:50 | INFO     | ------------------------------------------------------------
2026-04-04 14:16:50 | INFO     |   Win rate        :   73.1%
2026-04-04 14:16:50 | INFO     |   Sharpe ratio    :     9.54  (rf=4.5%)
2026-04-04 14:16:50 | INFO     |   Sortino ratio   :     61.27
2026-04-04 14:16:50 | INFO     |   Ann. volatility : $2,664.31
2026-04-04 14:16:50 | INFO     | ------------------------------------------------------------
2026-04-04 14:16:50 | INFO     |   Best day        : $  394.00
2026-04-04 14:16:50 | INFO     |   Worst day       : $ -415.38
2026-04-04 14:16:50 | INFO     |   Best trade      : $  394.00
2026-04-04 14:16:50 | INFO     |   Worst trade     : $ -293.38
2026-04-04 14:16:50 | INFO     |   Max win streak  : 10
2026-04-04 14:16:50 | INFO     | ------------------------------------------------------------
2026-04-04 14:16:50 | INFO     |   Score threshold : 68.0
2026-04-04 14:16:50 | INFO     |   Strike offset   : 30.0pt
2026-04-04 14:16:50 | INFO     |   Spread width    : 10.0pt
2026-04-04 14:16:50 | INFO     |   Credit model    : real
2026-04-04 14:16:50 | INFO     |   Bidirectional   : True (put score <= 50.0)
2026-04-04 14:16:50 | INFO     |   Intraday SL     : -0.2
2026-04-04 14:16:50 | INFO     |   Credit floor    : $0.75
2026-04-04 14:16:50 | INFO     |   VIX max filter  : 22.0
2026-04-04 14:16:50 | INFO     |   Term structure  : skip backwardation (ratio > 1.0)
2026-04-04 14:16:50 | INFO     |   Commission      : $0.5/leg
2026-04-04 14:16:50 | INFO     | ============================================================
2026-04-04 14:16:50 | INFO     | Results written to /Users/jeerapongwongchote/Documents/thetadata/zenith/RESULTS.md (keeping last 3 runs)
2026-04-04 14:16:50 | INFO     | Run summary appended to /Users/jeerapongwongchote/Documents/thetadata/zenith/logs/run_history.json
2026-04-04 14:16:50 | INFO     | --------------------------------------------------------------
2026-04-04 14:16:50 | INFO     |   VIX CORRELATION ANALYSIS
2026-04-04 14:16:50 | INFO     | --------------------------------------------------------------
2026-04-04 14:16:50 | INFO     |   VIX Range  |  Trades |  Win Rate |    Avg P&L |    Total P&L
2026-04-04 14:16:50 | INFO     | --------------------------------------------------------------
2026-04-04 14:16:50 | INFO     |   < 15       |       8 |     75.0% | $   111.31 | $     890.51
2026-04-04 14:16:50 | INFO     |   15-20      |     130 |     75.4% | $   100.53 | $  13,068.39
2026-04-04 14:16:50 | INFO     |   20-25      |      22 |     59.1% | $    99.90 | $   2,197.80
2026-04-04 14:16:50 | INFO     | --------------------------------------------------------------
2026-04-04 14:16:50 | INFO     | -----------------------------------------------------------------------------------------------
2026-04-04 14:16:50 | INFO     |   PUT vs CALL SPREAD PERFORMANCE SPLIT
2026-04-04 14:16:50 | INFO     | -----------------------------------------------------------------------------------------------
2026-04-04 14:16:50 | INFO     |   Type     |  Trades |  Win Rate |    Avg P&L |    Total P&L |   Avg Win |  Avg Loss |  Prof Fac
2026-04-04 14:16:50 | INFO     | -----------------------------------------------------------------------------------------------
2026-04-04 14:16:50 | INFO     |   CALL     |      92 |     72.8% | $    51.74 | $   4,760.36 | $  116.57 | $ -122.00 |     2.56x
2026-04-04 14:16:50 | INFO     |   PUT      |      46 |     63.0% | $   138.07 | $   6,351.16 | $  290.52 | $ -122.00 |     4.06x
2026-04-04 14:16:50 | INFO     | -----------------------------------------------------------------------------------------------
2026-04-04 14:16:50 | INFO     | --------------------------------------------------------------------------------------------------------------
2026-04-04 14:16:50 | INFO     |   MONTHLY P&L TABLE
2026-04-04 14:16:50 | INFO     | --------------------------------------------------------------------------------------------------------------
2026-04-04 14:16:50 | INFO     |   Year   |       1 |       2 |       3 |       4 |       5 |       6 |       7 |       8 |       9 |      10 |      11 |      12 |      Total
2026-04-04 14:16:50 | INFO     | --------------------------------------------------------------------------------------------------------------
2026-04-04 14:16:50 | INFO     |   2025   | $ 1,182 | $ 1,228 | $ 1,103 | $  -415 | $   102 | $ 1,146 | $   963 | $ 1,728 | $   869 | $ 1,198 | $ 1,427 | $ 1,987 | $   12,518
2026-04-04 14:16:50 | INFO     |   2026   | $ 1,737 | $ 1,907 | $    -5 |      -- |      -- |      -- |      -- |      -- |      -- |      -- |      -- |      -- | $    3,639
2026-04-04 14:16:50 | INFO     | --------------------------------------------------------------------------------------------------------------
2026-04-04 14:16:50 | INFO     | --------------------------------------------------------------------------------------------------------------
2026-04-04 14:16:50 | INFO     |   INTRA-MONTH MAX DRAWDOWN
2026-04-04 14:16:50 | INFO     | --------------------------------------------------------------------------------------------------------------
2026-04-04 14:16:50 | INFO     |   Year   |       1 |       2 |       3 |       4 |       5 |       6 |       7 |       8 |       9 |      10 |      11 |      12 |     Ann DD
2026-04-04 14:16:50 | INFO     | --------------------------------------------------------------------------------------------------------------
2026-04-04 14:16:50 | INFO     |   2025   | $   122 | $   244 | $   122 | $   415 | $   366 | $   122 | $   122 | $   122 | $   122 | $   122 | $   122 | $   122 | $      415
2026-04-04 14:16:50 | INFO     |   2026   | $   122 | $   122 | $   122 |      -- |      -- |      -- |      -- |      -- |      -- |      -- |      -- |      -- | $      122
2026-04-04 14:16:50 | INFO     | --------------------------------------------------------------------------------------------------------------
2026-04-04 14:16:50 | INFO     | ------------------------------------------------------------------------------------------------------------------------
2026-04-04 14:16:50 | INFO     |   MONTHLY RETURN: STRATEGY vs SPY
2026-04-04 14:16:50 | INFO     | ------------------------------------------------------------------------------------------------------------------------
2026-04-04 14:16:50 | INFO     |   Year   |          1 |          2 |          3 |          4 |          5 |          6 |          7 |          8 |          9 |         10 |         11 |         12 |   Strat |     SPY |   Alpha
2026-04-04 14:16:50 | INFO     | ------------------------------------------------------------------------------------------------------------------------
2026-04-04 14:16:50 | INFO     |   2025   | +1.2/+2.7 | +1.2/-1.3 | +1.1/-5.6 | -0.4/-0.9 | +0.1/+6.3 | +1.1/+5.1 | +1.0/+2.3 | +1.7/+2.1 | +0.9/+3.6 | +1.2/+2.4 | +1.4/+0.2 | +2.0/+0.1 |  +12.5% |  +17.0% |   -4.5%
2026-04-04 14:16:50 | INFO     |   2026   | +1.7/+1.5 | +1.9/-0.9 | -0.0/-4.9 | +0.0/+0.7 |         -- |         -- |         -- |         -- |         -- |         -- |         -- |         -- |   +3.6% |   -3.6% |   +7.2%
2026-04-04 14:16:50 | INFO     | ------------------------------------------------------------------------------------------------------------------------
2026-04-04 14:16:50 | INFO     | ----------------------------------------------------------------------
2026-04-04 14:16:50 | INFO     |   LARGEST LOSS DAYS (worst 30)
2026-04-04 14:16:50 | INFO     | ----------------------------------------------------------------------
2026-04-04 14:16:50 | INFO     |   Date         |    VIX |  Trades |      Day P&L |      Event
2026-04-04 14:16:50 | INFO     | ----------------------------------------------------------------------
2026-04-04 14:16:50 | INFO     |   20250402     |   21.8 |       2 | $    -415.38 |           
2026-04-04 14:16:50 | INFO     |   20250107     |   16.0 |       1 | $    -122.00 |           
2026-04-04 14:16:50 | INFO     |   20250128     |   17.9 |       1 | $    -122.00 |           
2026-04-04 14:16:50 | INFO     |   20250212     |   16.0 |       1 | $    -122.00 |           
2026-04-04 14:16:50 | INFO     |   20250213     |   15.9 |       1 | $    -122.00 |           
2026-04-04 14:16:50 | INFO     |   20250515     |   18.6 |       1 | $    -122.00 |           
2026-04-04 14:16:50 | INFO     |   20250516     |   17.8 |       1 | $    -122.00 |           
2026-04-04 14:16:50 | INFO     |   20250519     |   17.2 |       1 | $    -122.00 |           
2026-04-04 14:16:50 | INFO     |   20250527     |   22.3 |       1 | $    -122.00 |           
2026-04-04 14:16:50 | INFO     |   20250605     |   17.6 |       1 | $    -122.00 |           
2026-04-04 14:16:50 | INFO     |   20250723     |   16.5 |       1 | $    -122.00 |           
2026-04-04 14:16:50 | INFO     |   20250918     |   15.7 |       1 | $    -122.00 |           
2026-04-04 14:16:50 | INFO     |   20251001     |   16.3 |       1 | $    -122.00 |           
2026-04-04 14:16:50 | INFO     |   20251014     |   19.0 |       1 | $    -122.00 |           
2026-04-04 14:16:50 | INFO     |   20251124     |   23.4 |       1 | $    -122.00 |           
2026-04-04 14:16:50 | INFO     |   20251203     |   16.6 |       1 | $    -122.00 |           
2026-04-04 14:16:50 | INFO     |   20251231     |   14.3 |       1 | $    -122.00 |           
2026-04-04 14:16:50 | INFO     |   20260109     |   15.4 |       1 | $    -122.00 |           
2026-04-04 14:16:50 | INFO     |   20260202     |   17.4 |       1 | $    -122.00 |           
2026-04-04 14:16:50 | INFO     |   20260227     |   18.6 |       1 | $    -122.00 |           
2026-04-04 14:16:50 | INFO     |   20260304     |   23.6 |       1 | $    -122.00 |           
2026-04-04 14:16:50 | INFO     |   20251211     |   15.8 |       2 | $    -104.06 |           
2026-04-04 14:16:50 | INFO     |   20260218     |   20.3 |       2 | $      29.03 |           
2026-04-04 14:16:50 | INFO     |   20250609     |   16.8 |       1 | $      46.65 |           
2026-04-04 14:16:50 | INFO     |   20250903     |   17.2 |       1 | $      46.65 |           
2026-04-04 14:16:50 | INFO     |   20251002     |   16.3 |       1 | $      46.65 |           
2026-04-04 14:16:50 | INFO     |   20250707     |   16.4 |       1 | $      50.17 |           
2026-04-04 14:16:50 | INFO     |   20250919     |   15.7 |       1 | $      50.17 |         TW
2026-04-04 14:16:50 | INFO     |   20251111     |   17.6 |       1 | $      50.17 |           
2026-04-04 14:16:50 | INFO     |   20260115     |   16.8 |       1 | $      50.17 |           
2026-04-04 14:16:50 | INFO     | ----------------------------------------------------------------------
2026-04-04 14:16:50 | INFO     | ----------------------------------------------------------
2026-04-04 14:16:50 | INFO     |   SEASONALITY — DAY OF WEEK
2026-04-04 14:16:50 | INFO     | ----------------------------------------------------------
2026-04-04 14:16:50 | INFO     |   Day   |  Trades |    WR% |    Total P&L |    Avg P&L
2026-04-04 14:16:50 | INFO     | ----------------------------------------------------------
2026-04-04 14:16:50 | INFO     |   Mon   |      25 |  76.0% | $   2,828.06 | $   113.12
2026-04-04 14:16:50 | INFO     |   Tue   |      27 |  74.1% | $   2,549.74 | $    94.43
2026-04-04 14:16:50 | INFO     |   Wed   |      45 |  66.7% | $   3,741.65 | $    83.15
2026-04-04 14:16:50 | INFO     |   Thu   |      31 |  77.4% | $   2,980.82 | $    96.16
2026-04-04 14:16:50 | INFO     |   Fri   |      32 |  75.0% | $   4,056.43 | $   126.76
2026-04-04 14:16:50 | INFO     | ----------------------------------------------------------
2026-04-04 14:16:50 | INFO     | ----------------------------------------------------------
2026-04-04 14:16:50 | INFO     |   SEASONALITY — MONTH
2026-04-04 14:16:50 | INFO     | ----------------------------------------------------------
2026-04-04 14:16:50 | INFO     |   Month |  Trades |    WR% |    Total P&L |    Avg P&L
2026-04-04 14:16:50 | INFO     | ----------------------------------------------------------
2026-04-04 14:16:50 | INFO     |   Jan   |      24 |  79.2% | $   2,919.21 | $   121.63
2026-04-04 14:16:50 | INFO     |   Feb   |      33 |  63.6% | $   3,134.88 | $    95.00
2026-04-04 14:16:50 | INFO     |   Mar   |      11 |  72.7% | $   1,098.45 | $    99.86
2026-04-04 14:16:50 | INFO     |   Apr   |       2 |   0.0% | $    -415.38 | $  -207.69
2026-04-04 14:16:50 | INFO     |   May   |       8 |  50.0% | $     101.93 | $    12.74
2026-04-04 14:16:50 | INFO     |   Jun   |      10 |  90.0% | $   1,146.32 | $   114.63
2026-04-04 14:16:50 | INFO     |   Jul   |      11 |  72.7% | $     963.14 | $    87.56
2026-04-04 14:16:50 | INFO     |   Aug   |      10 |  90.0% | $   1,728.43 | $   172.84
2026-04-04 14:16:50 | INFO     |   Sep   |       8 |  75.0% | $     868.54 | $   108.57
2026-04-04 14:16:50 | INFO     |   Oct   |      14 |  78.6% | $   1,197.55 | $    85.54
2026-04-04 14:16:50 | INFO     |   Nov   |      13 |  76.9% | $   1,426.90 | $   109.76
2026-04-04 14:16:50 | INFO     |   Dec   |      16 |  75.0% | $   1,986.73 | $   124.17
2026-04-04 14:16:50 | INFO     | ----------------------------------------------------------
2026-04-04 14:16:50 | INFO     | ------------------------------------------------------------------------
2026-04-04 14:16:50 | INFO     |   CALENDAR / ECON EVENT ANALYSIS  (sorted by WR%)
2026-04-04 14:16:50 | INFO     | ------------------------------------------------------------------------
2026-04-04 14:16:50 | INFO     |   Event          |  Days |    WR% |    Avg/Day |    Total P&L |     Max DD
2026-04-04 14:16:50 | INFO     | ------------------------------------------------------------------------
2026-04-04 14:16:50 | INFO     |   Triple Witch   |     2 | 100.0% | $   222.09 | $     444.17 | $     0.00
2026-04-04 14:16:50 | INFO     |   FOMC           |     8 |  75.0% | $   188.42 | $   1,130.50 | $   122.00
2026-04-04 14:16:50 | INFO     |   Normal         |   136 |  73.5% | $   114.80 | $  13,546.42 | $   651.67
2026-04-04 14:16:50 | INFO     |   CPI/NFP        |    14 |  64.3% | $    86.30 | $   1,035.61 | $   244.00
2026-04-04 14:16:50 | INFO     | ------------------------------------------------------------------------
