2026-03-31 07:22:58 | INFO     | Log file  : /Users/jeerapongwongchote/Documents/thetadata/zenith/logs/zenith_20260331_072258.log
2026-03-31 07:22:58 | INFO     | ================================================================================
2026-03-31 07:22:58 | INFO     |   RECENT RUN HISTORY
2026-03-31 07:22:58 | INFO     | --------------------------------------------------------------------------------
2026-03-31 07:22:58 | INFO     |   Timestamp              | Mode       |  Trades |          P&L |         DD |  Sharpe |     WR
2026-03-31 07:22:58 | INFO     | --------------------------------------------------------------------------------
2026-03-31 07:22:58 | INFO     |   2026-03-31T07:12:22    | dynamic    |     814 | $   -50,766 | -$  59,097 |  -2.05 |  53.4%
2026-03-31 07:22:58 | INFO     |   2026-03-31T07:13:38    | dynamic    |     815 | $    -5,861 | -$  16,642 |  -0.24 |  58.7%
2026-03-31 07:22:58 | INFO     |   2026-03-31T07:13:54    | classic    |     551 | $    -2,829 | -$  11,413 |  -0.17 |  59.0%
2026-03-31 07:22:58 | INFO     |   2026-03-31T07:21:12    | dynamic    |     815 | $    -7,710 | -$  17,324 |  -0.32 |  58.8%
2026-03-31 07:22:58 | INFO     |   2026-03-31T07:22:29    | dynamic    |     815 | $    19,712 | -$   4,332 |   0.99 |  69.6%
2026-03-31 07:22:58 | INFO     |   2026-03-31T07:22:49    | dynamic    |     815 | $    13,833 | -$   5,936 |   0.64 |  65.9%
2026-03-31 07:22:58 | INFO     |   2026-03-31T07:22:51    | dynamic    |     815 | $    17,728 | -$   5,179 |   0.86 |  68.5%
2026-03-31 07:22:58 | INFO     |   2026-03-31T07:22:53    | dynamic    |     815 | $    19,712 | -$   4,332 |   0.99 |  69.6%
2026-03-31 07:22:58 | INFO     |   2026-03-31T07:22:55    | dynamic    |     815 | $    21,742 | -$   3,760 |   1.13 |  71.0%
2026-03-31 07:22:58 | INFO     |   2026-03-31T07:22:58    | dynamic    |     815 | $    26,749 | -$   3,714 |   1.48 |  73.4%
2026-03-31 07:22:58 | INFO     | ================================================================================
2026-03-31 07:22:58 | INFO     | ============================================================
2026-03-31 07:22:58 | INFO     | ZENITH FADE CCS BACKTEST
2026-03-31 07:22:58 | INFO     | Signal Mode  : dynamic
2026-03-31 07:22:58 | INFO     | Period       : 2022-01-03 -> 2026-03-25
2026-03-31 07:22:58 | INFO     | Score Thresh : 41.5
2026-03-31 07:22:58 | INFO     | Weights      : var=1.4, vol=8.9, rocket=274.0
2026-03-31 07:22:58 | INFO     | Strike       : 28.0pt OTM, 10.0pt wide
2026-03-31 07:22:58 | INFO     | Risk         : $600.0, TP 66%, SL -100%
2026-03-31 07:22:58 | INFO     | ============================================================
2026-03-31 07:22:58 | INFO     | Building daily indicators...
2026-03-31 07:23:00 | WARNING  | No SPX volume data — dRelVol defaulted to 1.0
2026-03-31 07:23:00 | INFO     | Built daily indicators: 1060 bars
2026-03-31 07:23:00 | INFO     |   -> 1060 daily bars loaded
2026-03-31 07:23:00 | INFO     | ============================================================
2026-03-31 07:23:00 | INFO     | ZENITH FADE CCS BACKTEST
2026-03-31 07:23:00 | INFO     | Mode: dynamic
2026-03-31 07:23:00 | INFO     | Period: 2022-01-03 -> 2026-03-25
2026-03-31 07:23:00 | INFO     | Trades -> /Users/jeerapongwongchote/Documents/thetadata/zenith/logs/zenith_trades_20260331_072258.csv
2026-03-31 07:23:00 | INFO     | ============================================================
2026-03-31 07:23:00 | INFO     | Signal #   1 | 20220104 | P&L: $    206 | Total: $      206 | WR: 100.0%
2026-03-31 07:23:00 | INFO     | Signal #   2 | 20220105 | P&L: $    190 | Total: $      396 | WR: 100.0%
2026-03-31 07:23:00 | INFO     | Signal #   3 | 20220107 | P&L: $    235 | Total: $      631 | WR: 100.0%
2026-03-31 07:23:00 | INFO     | Signal #   4 | 20220110 | P&L: $    198 | Total: $      829 | WR: 100.0%
2026-03-31 07:23:00 | INFO     | Signal #   5 | 20220111 | P&L: $   -602 | Total: $      227 | WR: 80.0%
2026-03-31 07:23:00 | INFO     | Signal #  50 | 20220414 | P&L: $    250 | Total: $    1,061 | WR: 72.0%
2026-03-31 07:23:00 | INFO     | Signal # 100 | 20220720 | P&L: $    244 | Total: $      290 | WR: 69.0%
2026-03-31 07:23:00 | INFO     | Signal # 150 | 20221025 | P&L: $   -602 | Total: $      629 | WR: 70.0%
2026-03-31 07:23:00 | INFO     | Signal # 200 | 20230201 | P&L: $   -602 | Total: $    2,513 | WR: 72.0%
2026-03-31 07:23:00 | INFO     | Signal # 250 | 20230511 | P&L: $    151 | Total: $    2,861 | WR: 72.8%
2026-03-31 07:23:00 | INFO     | Signal # 300 | 20230822 | P&L: $    182 | Total: $    4,902 | WR: 74.3%
2026-03-31 07:23:00 | INFO     | Signal # 350 | 20231128 | P&L: $    127 | Total: $    5,893 | WR: 75.1%
2026-03-31 07:23:00 | INFO     | Signal # 400 | 20240228 | P&L: $    150 | Total: $    6,334 | WR: 76.0%
2026-03-31 07:23:00 | INFO     | Signal # 450 | 20240603 | P&L: $    148 | Total: $    6,123 | WR: 76.0%
2026-03-31 07:23:00 | INFO     | Signal # 500 | 20240829 | P&L: $    220 | Total: $    8,477 | WR: 76.4%
2026-03-31 07:23:00 | INFO     | Signal # 550 | 20241127 | P&L: $    222 | Total: $   13,087 | WR: 76.9%
2026-03-31 07:23:00 | INFO     | Signal # 600 | 20250305 | P&L: $   -602 | Total: $   15,604 | WR: 76.8%
2026-03-31 07:23:00 | DEBUG    | Skipping 20250408 — VIX 52.3 > 50.0
2026-03-31 07:23:00 | INFO     | Signal # 650 | 20250602 | P&L: $    279 | Total: $   17,756 | WR: 76.2%
2026-03-31 07:23:00 | INFO     | Signal # 700 | 20250904 | P&L: $   -602 | Total: $   20,317 | WR: 75.9%
2026-03-31 07:23:00 | INFO     | Signal # 750 | 20251126 | P&L: $   -602 | Total: $   23,972 | WR: 75.7%
2026-03-31 07:23:00 | INFO     | Signal # 800 | 20260225 | P&L: $   -602 | Total: $   27,917 | WR: 75.6%
2026-03-31 07:23:00 | INFO     | DONE — 815 trades, 1060 trading days, 244 skipped
2026-03-31 07:23:00 | INFO     | Trade log snapshot -> /Users/jeerapongwongchote/Documents/thetadata/zenith/tradelogs_zenith.csv
2026-03-31 07:23:00 | INFO     | ============================================================
2026-03-31 07:23:00 | INFO     |   ZENITH FADE CCS — BACKTEST RESULTS
2026-03-31 07:23:00 | INFO     | ============================================================
2026-03-31 07:23:00 | INFO     |   Period          : 20220103 -> 20260325
2026-03-31 07:23:00 | INFO     |   Trading Days    : 1062
2026-03-31 07:23:00 | INFO     |   Signal Days     : 815
2026-03-31 07:23:00 | INFO     |   Signal Rate     : 76.7%
2026-03-31 07:23:00 | INFO     | ============================================================
2026-03-31 07:23:00 | INFO     |   Total P&L       : $   29,200.32
2026-03-31 07:23:00 | INFO     |   CAGR            : 6.3%
2026-03-31 07:23:00 | INFO     |   Max Drawdown    : -$  3,983.88 (3.8%)
2026-03-31 07:23:00 | INFO     |   Recovery Factor : 7.33
2026-03-31 07:23:00 | INFO     | ============================================================
2026-03-31 07:23:00 | INFO     |   Win Rate        : 75.6%
2026-03-31 07:23:00 | INFO     |   Profit Factor   : 1.28
2026-03-31 07:23:00 | INFO     |   Sharpe Ratio    : 1.70
2026-03-31 07:23:00 | INFO     |   Sortino Ratio   : 3.50
2026-03-31 07:23:00 | INFO     |   Calmar Ratio    : 1.64
2026-03-31 07:23:00 | INFO     | ============================================================
2026-03-31 07:23:00 | INFO     |   Avg Win         : $  217.22
2026-03-31 07:23:00 | INFO     |   Avg Loss        : $ -525.67
2026-03-31 07:23:00 | INFO     |   Best Trade      : $  375.77
2026-03-31 07:23:00 | INFO     |   Worst Trade     : $ -602.00
2026-03-31 07:23:00 | INFO     |   Max Win Streak  : 19
2026-03-31 07:23:00 | INFO     | ============================================================
2026-03-31 07:23:00 | INFO     | Results written to /Users/jeerapongwongchote/Documents/thetadata/zenith/RESULTS.md
2026-03-31 07:23:00 | INFO     | Run summary appended to /Users/jeerapongwongchote/Documents/thetadata/zenith/logs/run_history.json
2026-03-31 07:23:00 | INFO     | --------------------------------------------------------------
2026-03-31 07:23:00 | INFO     |   VIX CORRELATION ANALYSIS
2026-03-31 07:23:00 | INFO     | --------------------------------------------------------------
2026-03-31 07:23:00 | INFO     |   VIX Range  |  Trades |  Win Rate |    Avg P&L |    Total P&L
2026-03-31 07:23:00 | INFO     | --------------------------------------------------------------
2026-03-31 07:23:00 | INFO     |   < 15       |     210 |     84.8% | $    60.11 | $  12,623.42
2026-03-31 07:23:00 | INFO     |   15-20      |     339 |     78.2% | $    65.66 | $  22,259.53
2026-03-31 07:23:00 | INFO     |   20-25      |     151 |     67.5% | $    -4.74 | $    -715.59
2026-03-31 07:23:00 | INFO     |   25-30      |      74 |     60.8% | $   -49.55 | $  -3,666.85
2026-03-31 07:23:00 | INFO     |   30-35      |      37 |     70.3% | $    29.94 | $   1,107.81
2026-03-31 07:23:00 | INFO     |   35+        |       4 |      0.0% | $  -602.00 | $  -2,408.00
2026-03-31 07:23:00 | INFO     | --------------------------------------------------------------
2026-03-31 07:23:00 | INFO     | ----------------------------------------------------------------------------------------------------
2026-03-31 07:23:00 | INFO     |   MONTHLY P&L TABLE
2026-03-31 07:23:00 | INFO     | ----------------------------------------------------------------------------------------------------
2026-03-31 07:23:00 | INFO     |   Year   |      1 |      2 |      3 |      4 |      5 |      6 |      7 |      8 |      9 |     10 |     11 |     12 |      Total
2026-03-31 07:23:00 | INFO     | ----------------------------------------------------------------------------------------------------
2026-03-31 07:23:00 | INFO     |   2022   | $1,186 | $ -448 | $ -435 | $  565 | $ -929 | $  207 | $-1,491 | $1,844 | $  376 | $  266 | $ -411 | $2,685 | $    3,415
2026-03-31 07:23:00 | INFO     |   2023   | $ -300 | $ -653 | $-2,226 | $2,420 | $  205 | $ -989 | $1,556 | $1,494 | $1,355 | $  187 | $ -446 | $1,433 | $    4,034
2026-03-31 07:23:00 | INFO     |   2024   | $ -294 | $ -656 | $-1,097 | $1,001 | $ -428 | $  490 | $  808 | $1,204 | $2,180 | $1,433 | $1,008 | $1,055 | $    6,703
2026-03-31 07:23:00 | INFO     |   2025   | $ -225 | $1,693 | $2,014 | $ -962 | $  805 | $  216 | $1,837 | $1,153 | $1,516 | $1,179 | $  505 | $3,226 | $   12,957
2026-03-31 07:23:00 | INFO     |   2026   | $  494 | $  913 | $  684 |     -- |     -- |     -- |     -- |     -- |     -- |     -- |     -- |     -- | $    2,090
2026-03-31 07:23:00 | INFO     | ----------------------------------------------------------------------------------------------------
2026-03-31 07:23:00 | INFO     | -------------------------------------------------------
2026-03-31 07:23:00 | INFO     |   WORST 15 LOSS DAYS
2026-03-31 07:23:00 | INFO     | -------------------------------------------------------
2026-03-31 07:23:00 | INFO     |   Date         |  Trades |      Day P&L
2026-03-31 07:23:00 | INFO     | -------------------------------------------------------
2026-03-31 07:23:00 | INFO     |   20220111     |       1 | $    -602.00
2026-03-31 07:23:00 | INFO     |   20220131     |       1 | $    -602.00
2026-03-31 07:23:00 | INFO     |   20220202     |       1 | $    -602.00
2026-03-31 07:23:00 | INFO     |   20220209     |       1 | $    -602.00
2026-03-31 07:23:00 | INFO     |   20220215     |       1 | $    -602.00
2026-03-31 07:23:00 | INFO     |   20220225     |       1 | $    -602.00
2026-03-31 07:23:00 | INFO     |   20220302     |       1 | $    -602.00
2026-03-31 07:23:00 | INFO     |   20220316     |       1 | $    -602.00
2026-03-31 07:23:00 | INFO     |   20220317     |       1 | $    -602.00
2026-03-31 07:23:00 | INFO     |   20220318     |       1 | $    -602.00
2026-03-31 07:23:00 | INFO     |   20220322     |       1 | $    -602.00
2026-03-31 07:23:00 | INFO     |   20220329     |       1 | $    -602.00
2026-03-31 07:23:00 | INFO     |   20220419     |       1 | $    -602.00
2026-03-31 07:23:00 | INFO     |   20220428     |       1 | $    -602.00
2026-03-31 07:23:00 | INFO     |   20220504     |       1 | $    -602.00
2026-03-31 07:23:00 | INFO     | -------------------------------------------------------
2026-03-31 07:23:00 | INFO     | ----------------------------------------------------------------------
2026-03-31 07:23:00 | INFO     |   FILTER VALUE ANALYSIS (WIN vs LOSS)
2026-03-31 07:23:00 | INFO     | ----------------------------------------------------------------------
2026-03-31 07:23:00 | INFO     |   Filter             |    Win Avg |   Loss Avg |      Delta
2026-03-31 07:23:00 | INFO     | ----------------------------------------------------------------------
2026-03-31 07:23:00 | INFO     |   Variance %         |    68.7497 |    67.8076 |    +0.9421
2026-03-31 07:23:00 | INFO     |   Rel Volume         |     1.0000 |     1.0000 |    +0.0000
2026-03-31 07:23:00 | INFO     |   Rising Rocket      |     0.0034 |     0.0016 |    +0.0018
2026-03-31 07:23:00 | INFO     |   Exhaustion Score   |   104.2144 |   103.3951 |    +0.8193
2026-03-31 07:23:00 | INFO     |   RSI                |        nan |    51.0578 |       +nan
2026-03-31 07:23:00 | INFO     |   Stochastic         |    70.0464 |    58.7849 |   +11.2615
2026-03-31 07:23:00 | INFO     |   Body Size          |    27.7764 |    30.5394 |    -2.7630
2026-03-31 07:23:00 | INFO     |   Gap %              |        nan |    -0.0114 |       +nan
2026-03-31 07:23:00 | INFO     |   Cluster Count      |     1.6591 |     1.9899 |    -0.3309
2026-03-31 07:23:00 | INFO     |   Dist from SMA      |     0.0081 |    -0.0009 |    +0.0090
2026-03-31 07:23:00 | INFO     |   VIX Level          |    18.3652 |    20.7385 |    -2.3733
2026-03-31 07:23:00 | INFO     | ----------------------------------------------------------------------
