2026-04-04 17:02:33 | INFO     | Log file  : /Users/jeerapongwongchote/Documents/thetadata/zenith/logs/zenith_20260404_170232.log
2026-04-04 17:02:33 | INFO     | ================================================================================
2026-04-04 17:02:33 | INFO     |   RECENT RUN HISTORY
2026-04-04 17:02:33 | INFO     | --------------------------------------------------------------------------------
2026-04-04 17:02:33 | INFO     |     # | Timestamp              |  Trades |          P&L |         DD |  Sharpe |     WR
2026-04-04 17:02:33 | INFO     | --------------------------------------------------------------------------------
2026-04-04 17:02:33 | INFO     |    66 | 2026-04-04T13:21:15    |     387 | $    39,964 | -$     652 |  10.61 |  78.3%
2026-04-04 17:02:33 | INFO     |    67 | 2026-04-04T14:16:38    |     227 | $    23,807 | -$     497 |  11.51 |  81.9%
2026-04-04 17:02:33 | INFO     |    68 | 2026-04-04T14:16:50    |     160 | $    16,157 | -$     652 |   9.54 |  73.1%
2026-04-04 17:02:33 | INFO     |    69 | 2026-04-04T14:17:03    |     162 | $    16,756 | -$     497 |  11.58 |  82.1%
2026-04-04 17:02:33 | INFO     |    70 | 2026-04-04T14:17:13    |      59 | $     6,176 | -$     244 |   9.83 |  72.9%
2026-04-04 17:02:33 | INFO     |    71 | 2026-04-04T15:11:20    |     387 | $    39,964 | -$     652 |  10.61 |  78.3%
2026-04-04 17:02:33 | INFO     |    72 | 2026-04-04T15:11:32    |      79 | $     4,710 | -$     366 |   8.62 |  81.0%
2026-04-04 17:02:33 | INFO     |    73 | 2026-04-04T15:13:03    |     221 | $    22,931 | -$     497 |  11.04 |  79.6%
2026-04-04 17:02:33 | INFO     |    74 | 2026-04-04T15:13:16    |      46 | $     1,780 | -$     298 |   5.35 |  73.9%
2026-04-04 17:02:33 | INFO     |    75 | 2026-04-04T15:13:28    |      19 | $     1,192 | -$     122 |  12.24 |  89.5%
2026-04-04 17:02:33 | INFO     | ================================================================================
2026-04-04 17:02:33 | INFO     | ============================================================
2026-04-04 17:02:33 | INFO     | ZENITH FADE CCS BACKTEST
2026-04-04 17:02:33 | INFO     | Signal Mode  : dynamic
2026-04-04 17:02:33 | INFO     | Period       : 2022-01-03 -> 2026-03-25
2026-04-04 17:02:33 | INFO     | Score Thresh : 68.0
2026-04-04 17:02:33 | INFO     | Weights      : var=1.4, vol=8.9, rocket=274.0
2026-04-04 17:02:33 | INFO     | Strike       : 30.0pt OTM, 10.0pt wide
2026-04-04 17:02:33 | INFO     | Risk         : $600.0, TP 66%, SL -100%
2026-04-04 17:02:33 | INFO     | ============================================================
2026-04-04 17:02:33 | INFO     | Building daily indicators...
2026-04-04 17:02:43 | INFO     |   ORB computed for 1265 days (avg width: 19.3 pts)
2026-04-04 17:02:43 | WARNING  | No SPX volume data — dRelVol defaulted to 1.0
2026-04-04 17:02:43 | INFO     | Built daily indicators: 1066 bars
2026-04-04 17:02:43 | INFO     |   -> 1066 daily bars loaded
2026-04-04 17:02:43 | INFO     | ============================================================
2026-04-04 17:02:43 | INFO     | ZENITH FADE CCS BACKTEST
2026-04-04 17:02:43 | INFO     | Mode: dynamic
2026-04-04 17:02:43 | INFO     | Period: 2022-01-03 -> 2026-03-25
2026-04-04 17:02:43 | INFO     | Trades -> /Users/jeerapongwongchote/Documents/thetadata/zenith/logs/zenith_trades_20260404_170232.csv
2026-04-04 17:02:43 | INFO     | ============================================================
2026-04-04 17:02:43 | DEBUG    | Skipping 20220118 — VIX 22.8 > 22.0
2026-04-04 17:02:43 | DEBUG    | Skipping 20220119 — VIX 23.9 > 22.0
2026-04-04 17:02:43 | DEBUG    | Skipping 20220120 — VIX 25.6 > 22.0
2026-04-04 17:02:43 | DEBUG    | Skipping 20220121 — VIX 28.9 > 22.0
2026-04-04 17:02:43 | DEBUG    | Skipping 20220124 — VIX 29.9 > 22.0
2026-04-04 17:02:43 | DEBUG    | Skipping 20220125 — VIX 31.2 > 22.0
2026-04-04 17:02:43 | DEBUG    | Skipping 20220126 — VIX 32.0 > 22.0
2026-04-04 17:02:43 | DEBUG    | Skipping 20220127 — VIX 30.5 > 22.0
2026-04-04 17:02:43 | DEBUG    | Skipping 20220128 — VIX 27.7 > 22.0
2026-04-04 17:02:43 | DEBUG    | Skipping 20220131 — VIX 24.8 > 22.0
2026-04-04 17:02:43 | DEBUG    | Skipping 20220202 — VIX 22.1 > 22.0
2026-04-04 17:02:43 | DEBUG    | Skipping 20220203 — VIX 24.4 > 22.0
2026-04-04 17:02:43 | DEBUG    | Skipping 20220204 — VIX 23.2 > 22.0
2026-04-04 17:02:43 | DEBUG    | Skipping 20220207 — VIX 22.9 > 22.0
2026-04-04 17:02:43 | DEBUG    | Skipping 20220210 — VIX 23.9 > 22.0
2026-04-04 17:02:43 | DEBUG    | Skipping 20220211 — VIX 27.4 > 22.0
2026-04-04 17:02:43 | DEBUG    | Skipping 20220214 — VIX 28.3 > 22.0
2026-04-04 17:02:43 | DEBUG    | Skipping 20220215 — VIX 25.7 > 22.0
2026-04-04 17:02:43 | DEBUG    | Skipping 20220216 — VIX 24.3 > 22.0
2026-04-04 17:02:43 | DEBUG    | Skipping 20220217 — VIX 28.1 > 22.0
2026-04-04 17:02:43 | DEBUG    | Skipping 20220218 — VIX 27.8 > 22.0
2026-04-04 17:02:43 | DEBUG    | Skipping 20220222 — VIX 28.8 > 22.0
2026-04-04 17:02:43 | DEBUG    | Skipping 20220223 — VIX 31.0 > 22.0
2026-04-04 17:02:43 | DEBUG    | Skipping 20220224 — VIX 30.3 > 22.0
2026-04-04 17:02:43 | DEBUG    | Skipping 20220225 — VIX 27.6 > 22.0
2026-04-04 17:02:43 | DEBUG    | Skipping 20220228 — VIX 30.1 > 22.0
2026-04-04 17:02:43 | DEBUG    | Skipping 20220301 — VIX 33.3 > 22.0
2026-04-04 17:02:43 | DEBUG    | Skipping 20220302 — VIX 30.7 > 22.0
2026-04-04 17:02:43 | DEBUG    | Skipping 20220303 — VIX 30.5 > 22.0
2026-04-04 17:02:43 | DEBUG    | Skipping 20220304 — VIX 32.0 > 22.0
2026-04-04 17:02:43 | DEBUG    | Skipping 20220307 — VIX 36.5 > 22.0
2026-04-04 17:02:43 | DEBUG    | Skipping 20220308 — VIX 35.1 > 22.0
2026-04-04 17:02:43 | DEBUG    | Skipping 20220309 — VIX 32.5 > 22.0
2026-04-04 17:02:43 | DEBUG    | Skipping 20220310 — VIX 30.2 > 22.0
2026-04-04 17:02:43 | DEBUG    | Skipping 20220311 — VIX 30.8 > 22.0
2026-04-04 17:02:43 | DEBUG    | Skipping 20220314 — VIX 31.8 > 22.0
2026-04-04 17:02:43 | DEBUG    | Skipping 20220315 — VIX 29.8 > 22.0
2026-04-04 17:02:43 | DEBUG    | Skipping 20220316 — VIX 26.7 > 22.0
2026-04-04 17:02:43 | DEBUG    | Skipping 20220317 — VIX 25.7 > 22.0
2026-04-04 17:02:43 | DEBUG    | Skipping 20220318 — VIX 23.9 > 22.0
2026-04-04 17:02:43 | DEBUG    | Skipping 20220321 — VIX 23.5 > 22.0
2026-04-04 17:02:43 | DEBUG    | Skipping 20220322 — VIX 22.9 > 22.0
2026-04-04 17:02:43 | DEBUG    | Skipping 20220323 — VIX 23.6 > 22.0
2026-04-04 17:02:43 | INFO     | Signal #   1 | 20220324 |  PUT | P&L: $    355 | Total: $      355 | WR: 100.0%
2026-04-04 17:02:43 | DEBUG    | Skipping 20220406 — VIX 22.1 > 22.0
2026-04-04 17:02:43 | DEBUG    | Skipping 20220411 — VIX 24.4 > 22.0
2026-04-04 17:02:43 | DEBUG    | Skipping 20220412 — VIX 24.3 > 22.0
2026-04-04 17:02:43 | DEBUG    | Skipping 20220414 — VIX 22.7 > 22.0
2026-04-04 17:02:43 | DEBUG    | Skipping 20220418 — VIX 22.2 > 22.0
2026-04-04 17:02:43 | DEBUG    | Skipping 20220421 — VIX 22.7 > 22.0
2026-04-04 17:02:43 | DEBUG    | Skipping 20220422 — VIX 28.2 > 22.0
2026-04-04 17:02:43 | DEBUG    | Skipping 20220425 — VIX 27.0 > 22.0
2026-04-04 17:02:43 | DEBUG    | Skipping 20220426 — VIX 33.5 > 22.0
2026-04-04 17:02:43 | DEBUG    | Skipping 20220427 — VIX 31.6 > 22.0
2026-04-04 17:02:43 | DEBUG    | Skipping 20220428 — VIX 30.0 > 22.0
2026-04-04 17:02:43 | DEBUG    | Skipping 20220429 — VIX 33.4 > 22.0
2026-04-04 17:02:43 | DEBUG    | Skipping 20220502 — VIX 32.3 > 22.0
2026-04-04 17:02:43 | DEBUG    | Skipping 20220503 — VIX 29.2 > 22.0
2026-04-04 17:02:43 | DEBUG    | Skipping 20220504 — VIX 25.4 > 22.0
2026-04-04 17:02:43 | DEBUG    | Skipping 20220505 — VIX 31.2 > 22.0
2026-04-04 17:02:43 | DEBUG    | Skipping 20220506 — VIX 30.2 > 22.0
2026-04-04 17:02:43 | DEBUG    | Skipping 20220509 — VIX 34.8 > 22.0
2026-04-04 17:02:43 | DEBUG    | Skipping 20220510 — VIX 33.0 > 22.0
2026-04-04 17:02:43 | DEBUG    | Skipping 20220511 — VIX 32.6 > 22.0
2026-04-04 17:02:43 | DEBUG    | Skipping 20220512 — VIX 31.8 > 22.0
2026-04-04 17:02:43 | DEBUG    | Skipping 20220513 — VIX 28.9 > 22.0
2026-04-04 17:02:43 | DEBUG    | Skipping 20220516 — VIX 27.5 > 22.0
2026-04-04 17:02:43 | DEBUG    | Skipping 20220517 — VIX 26.1 > 22.0
2026-04-04 17:02:43 | DEBUG    | Skipping 20220518 — VIX 31.0 > 22.0
2026-04-04 17:02:43 | DEBUG    | Skipping 20220519 — VIX 29.4 > 22.0
2026-04-04 17:02:43 | DEBUG    | Skipping 20220520 — VIX 29.4 > 22.0
2026-04-04 17:02:43 | DEBUG    | Skipping 20220523 — VIX 28.5 > 22.0
2026-04-04 17:02:43 | DEBUG    | Skipping 20220524 — VIX 29.4 > 22.0
2026-04-04 17:02:43 | DEBUG    | Skipping 20220525 — VIX 28.4 > 22.0
2026-04-04 17:02:43 | DEBUG    | Skipping 20220526 — VIX 27.5 > 22.0
2026-04-04 17:02:43 | DEBUG    | Skipping 20220527 — VIX 25.7 > 22.0
2026-04-04 17:02:43 | DEBUG    | Skipping 20220531 — VIX 26.2 > 22.0
2026-04-04 17:02:43 | DEBUG    | Skipping 20220601 — VIX 25.7 > 22.0
2026-04-04 17:02:43 | DEBUG    | Skipping 20220602 — VIX 24.7 > 22.0
2026-04-04 17:02:43 | DEBUG    | Skipping 20220603 — VIX 24.8 > 22.0
2026-04-04 17:02:43 | DEBUG    | Skipping 20220606 — VIX 25.1 > 22.0
2026-04-04 17:02:43 | DEBUG    | Skipping 20220607 — VIX 24.0 > 22.0
2026-04-04 17:02:43 | DEBUG    | Skipping 20220608 — VIX 24.0 > 22.0
2026-04-04 17:02:43 | DEBUG    | Skipping 20220609 — VIX 26.1 > 22.0
2026-04-04 17:02:43 | DEBUG    | Skipping 20220610 — VIX 27.8 > 22.0
2026-04-04 17:02:43 | DEBUG    | Skipping 20220613 — VIX 34.0 > 22.0
2026-04-04 17:02:43 | DEBUG    | Skipping 20220614 — VIX 32.7 > 22.0
2026-04-04 17:02:43 | DEBUG    | Skipping 20220615 — VIX 29.6 > 22.0
2026-04-04 17:02:43 | DEBUG    | Skipping 20220616 — VIX 33.0 > 22.0
2026-04-04 17:02:43 | DEBUG    | Skipping 20220617 — VIX 31.1 > 22.0
2026-04-04 17:02:43 | DEBUG    | Skipping 20220621 — VIX 30.2 > 22.0
2026-04-04 17:02:43 | DEBUG    | Skipping 20220622 — VIX 28.9 > 22.0
2026-04-04 17:02:43 | DEBUG    | Skipping 20220623 — VIX 29.1 > 22.0
2026-04-04 17:02:43 | DEBUG    | Skipping 20220624 — VIX 27.2 > 22.0
2026-04-04 17:02:43 | DEBUG    | Skipping 20220627 — VIX 26.9 > 22.0
2026-04-04 17:02:43 | DEBUG    | Skipping 20220628 — VIX 28.4 > 22.0
2026-04-04 17:02:43 | DEBUG    | Skipping 20220629 — VIX 28.2 > 22.0
2026-04-04 17:02:43 | DEBUG    | Skipping 20220630 — VIX 28.7 > 22.0
2026-04-04 17:02:43 | DEBUG    | Skipping 20220701 — VIX 26.7 > 22.0
2026-04-04 17:02:43 | DEBUG    | Skipping 20220705 — VIX 27.5 > 22.0
2026-04-04 17:02:43 | DEBUG    | Skipping 20220706 — VIX 26.7 > 22.0
2026-04-04 17:02:43 | DEBUG    | Skipping 20220707 — VIX 26.1 > 22.0
2026-04-04 17:02:43 | DEBUG    | Skipping 20220708 — VIX 24.6 > 22.0
2026-04-04 17:02:43 | DEBUG    | Skipping 20220711 — VIX 26.2 > 22.0
2026-04-04 17:02:43 | DEBUG    | Skipping 20220712 — VIX 27.3 > 22.0
2026-04-04 17:02:43 | DEBUG    | Skipping 20220713 — VIX 26.8 > 22.0
2026-04-04 17:02:43 | DEBUG    | Skipping 20220714 — VIX 26.4 > 22.0
2026-04-04 17:02:43 | DEBUG    | Skipping 20220715 — VIX 24.2 > 22.0
2026-04-04 17:02:43 | DEBUG    | Skipping 20220718 — VIX 25.3 > 22.0
2026-04-04 17:02:43 | DEBUG    | Skipping 20220719 — VIX 24.5 > 22.0
2026-04-04 17:02:43 | DEBUG    | Skipping 20220720 — VIX 23.9 > 22.0
2026-04-04 17:02:43 | DEBUG    | Skipping 20220721 — VIX 23.1 > 22.0
2026-04-04 17:02:43 | DEBUG    | Skipping 20220722 — VIX 23.0 > 22.0
2026-04-04 17:02:43 | DEBUG    | Skipping 20220725 — VIX 23.4 > 22.0
2026-04-04 17:02:43 | DEBUG    | Skipping 20220726 — VIX 24.7 > 22.0
2026-04-04 17:02:43 | DEBUG    | Skipping 20220727 — VIX 23.2 > 22.0
2026-04-04 17:02:43 | DEBUG    | Skipping 20220728 — VIX 22.3 > 22.0
2026-04-04 17:02:43 | DEBUG    | Skipping 20220801 — VIX 22.8 > 22.0
2026-04-04 17:02:43 | DEBUG    | Skipping 20220802 — VIX 23.9 > 22.0
2026-04-04 17:02:43 | INFO     | Signal #   2 | 20220803 |  PUT | P&L: $    394 | Total: $      749 | WR: 100.0%
2026-04-04 17:02:43 | DEBUG    | Skipping 20220822 — VIX 23.8 > 22.0
2026-04-04 17:02:43 | DEBUG    | Skipping 20220823 — VIX 24.1 > 22.0
2026-04-04 17:02:43 | DEBUG    | Skipping 20220824 — VIX 22.8 > 22.0
2026-04-04 17:02:43 | DEBUG    | Skipping 20220826 — VIX 25.6 > 22.0
2026-04-04 17:02:43 | DEBUG    | Skipping 20220829 — VIX 26.2 > 22.0
2026-04-04 17:02:43 | DEBUG    | Skipping 20220830 — VIX 26.2 > 22.0
2026-04-04 17:02:43 | DEBUG    | Skipping 20220831 — VIX 25.9 > 22.0
2026-04-04 17:02:43 | DEBUG    | Skipping 20220901 — VIX 25.6 > 22.0
2026-04-04 17:02:43 | DEBUG    | Skipping 20220902 — VIX 25.5 > 22.0
2026-04-04 17:02:43 | DEBUG    | Skipping 20220906 — VIX 26.9 > 22.0
2026-04-04 17:02:43 | DEBUG    | Skipping 20220907 — VIX 24.6 > 22.0
2026-04-04 17:02:43 | DEBUG    | Skipping 20220908 — VIX 23.6 > 22.0
2026-04-04 17:02:43 | DEBUG    | Skipping 20220909 — VIX 22.8 > 22.0
2026-04-04 17:02:43 | DEBUG    | Skipping 20220912 — VIX 23.9 > 22.0
2026-04-04 17:02:43 | DEBUG    | Skipping 20220913 — VIX 27.3 > 22.0
2026-04-04 17:02:43 | DEBUG    | Skipping 20220914 — VIX 26.2 > 22.0
2026-04-04 17:02:43 | DEBUG    | Skipping 20220915 — VIX 26.3 > 22.0
2026-04-04 17:02:43 | DEBUG    | Skipping 20220916 — VIX 26.3 > 22.0
2026-04-04 17:02:43 | DEBUG    | Skipping 20220919 — VIX 25.8 > 22.0
2026-04-04 17:02:43 | DEBUG    | Skipping 20220920 — VIX 27.2 > 22.0
2026-04-04 17:02:43 | DEBUG    | Skipping 20220921 — VIX 28.0 > 22.0
2026-04-04 17:02:43 | DEBUG    | Skipping 20220922 — VIX 27.4 > 22.0
2026-04-04 17:02:43 | DEBUG    | Skipping 20220923 — VIX 29.9 > 22.0
2026-04-04 17:02:43 | DEBUG    | Skipping 20220926 — VIX 32.3 > 22.0
2026-04-04 17:02:43 | DEBUG    | Skipping 20220927 — VIX 32.6 > 22.0
2026-04-04 17:02:43 | DEBUG    | Skipping 20220928 — VIX 30.2 > 22.0
2026-04-04 17:02:43 | DEBUG    | Skipping 20220929 — VIX 31.8 > 22.0
2026-04-04 17:02:43 | DEBUG    | Skipping 20220930 — VIX 31.6 > 22.0
2026-04-04 17:02:43 | DEBUG    | Skipping 20221003 — VIX 30.1 > 22.0
2026-04-04 17:02:43 | DEBUG    | Skipping 20221004 — VIX 29.1 > 22.0
2026-04-04 17:02:43 | DEBUG    | Skipping 20221005 — VIX 28.6 > 22.0
2026-04-04 17:02:43 | DEBUG    | Skipping 20221006 — VIX 30.5 > 22.0
2026-04-04 17:02:43 | DEBUG    | Skipping 20221007 — VIX 31.4 > 22.0
2026-04-04 17:02:43 | DEBUG    | Skipping 20221010 — VIX 32.5 > 22.0
2026-04-04 17:02:43 | DEBUG    | Skipping 20221011 — VIX 33.6 > 22.0
2026-04-04 17:02:43 | DEBUG    | Skipping 20221012 — VIX 33.6 > 22.0
2026-04-04 17:02:43 | DEBUG    | Skipping 20221013 — VIX 31.9 > 22.0
2026-04-04 17:02:43 | DEBUG    | Skipping 20221014 — VIX 32.0 > 22.0
2026-04-04 17:02:43 | DEBUG    | Skipping 20221017 — VIX 31.4 > 22.0
2026-04-04 17:02:43 | DEBUG    | Skipping 20221018 — VIX 30.5 > 22.0
2026-04-04 17:02:43 | DEBUG    | Skipping 20221019 — VIX 30.8 > 22.0
2026-04-04 17:02:43 | DEBUG    | Skipping 20221020 — VIX 30.0 > 22.0
2026-04-04 17:02:43 | DEBUG    | Skipping 20221021 — VIX 29.7 > 22.0
2026-04-04 17:02:43 | DEBUG    | Skipping 20221024 — VIX 29.9 > 22.0
2026-04-04 17:02:43 | DEBUG    | Skipping 20221025 — VIX 28.5 > 22.0
2026-04-04 17:02:43 | DEBUG    | Skipping 20221026 — VIX 27.3 > 22.0
2026-04-04 17:02:43 | DEBUG    | Skipping 20221027 — VIX 27.4 > 22.0
2026-04-04 17:02:43 | DEBUG    | Skipping 20221028 — VIX 25.8 > 22.0
2026-04-04 17:02:43 | DEBUG    | Skipping 20221031 — VIX 25.9 > 22.0
2026-04-04 17:02:43 | DEBUG    | Skipping 20221101 — VIX 25.8 > 22.0
2026-04-04 17:02:43 | DEBUG    | Skipping 20221102 — VIX 25.9 > 22.0
2026-04-04 17:02:43 | DEBUG    | Skipping 20221103 — VIX 25.3 > 22.0
2026-04-04 17:02:43 | DEBUG    | Skipping 20221104 — VIX 24.6 > 22.0
2026-04-04 17:02:43 | DEBUG    | Skipping 20221107 — VIX 24.4 > 22.0
2026-04-04 17:02:43 | DEBUG    | Skipping 20221108 — VIX 25.5 > 22.0
2026-04-04 17:02:43 | DEBUG    | Skipping 20221109 — VIX 26.1 > 22.0
2026-04-04 17:02:43 | DEBUG    | Skipping 20221110 — VIX 23.5 > 22.0
2026-04-04 17:02:43 | DEBUG    | Skipping 20221111 — VIX 22.5 > 22.0
2026-04-04 17:02:43 | DEBUG    | Skipping 20221114 — VIX 23.7 > 22.0
2026-04-04 17:02:43 | DEBUG    | Skipping 20221115 — VIX 24.5 > 22.0
2026-04-04 17:02:43 | DEBUG    | Skipping 20221116 — VIX 24.1 > 22.0
2026-04-04 17:02:43 | DEBUG    | Skipping 20221117 — VIX 23.9 > 22.0
2026-04-04 17:02:43 | DEBUG    | Skipping 20221118 — VIX 23.1 > 22.0
2026-04-04 17:02:43 | DEBUG    | Skipping 20221121 — VIX 22.4 > 22.0
2026-04-04 17:02:43 | DEBUG    | Skipping 20221128 — VIX 22.2 > 22.0
2026-04-04 17:02:43 | DEBUG    | Skipping 20221206 — VIX 22.2 > 22.0
2026-04-04 17:02:43 | DEBUG    | Skipping 20221207 — VIX 22.7 > 22.0
2026-04-04 17:02:43 | DEBUG    | Skipping 20221208 — VIX 22.3 > 22.0
2026-04-04 17:02:43 | DEBUG    | Skipping 20221209 — VIX 22.8 > 22.0
2026-04-04 17:02:43 | DEBUG    | Skipping 20221212 — VIX 25.0 > 22.0
2026-04-04 17:02:43 | DEBUG    | Skipping 20221213 — VIX 22.6 > 22.0
2026-04-04 17:02:43 | DEBUG    | Skipping 20221215 — VIX 22.8 > 22.0
2026-04-04 17:02:43 | DEBUG    | Skipping 20221216 — VIX 22.6 > 22.0
2026-04-04 17:02:43 | DEBUG    | Skipping 20221219 — VIX 22.4 > 22.0
2026-04-04 17:02:43 | DEBUG    | Skipping 20221228 — VIX 22.1 > 22.0
2026-04-04 17:02:43 | DEBUG    | Skipping 20230103 — VIX 22.9 > 22.0
2026-04-04 17:02:43 | DEBUG    | Skipping 20230104 — VIX 22.0 > 22.0
2026-04-04 17:02:43 | DEBUG    | Skipping 20230105 — VIX 22.5 > 22.0
2026-04-04 17:02:43 | INFO     | Signal #   3 | 20230110 |  PUT | P&L: $    223 | Total: $      972 | WR: 100.0%
2026-04-04 17:02:43 | INFO     | Signal #   4 | 20230125 | CALL | P&L: $   -122 | Total: $      850 | WR: 75.0%
2026-04-04 17:02:43 | INFO     | Signal #   5 | 20230126 | CALL | P&L: $     62 | Total: $      912 | WR: 80.0%
2026-04-04 17:02:43 | DEBUG    | Skipping 20230221 — VIX 22.9 > 22.0
2026-04-04 17:02:43 | DEBUG    | Skipping 20230222 — VIX 22.3 > 22.0
2026-04-04 17:02:43 | DEBUG    | Skipping 20230309 — VIX 22.6 > 22.0
2026-04-04 17:02:43 | DEBUG    | Skipping 20230310 — VIX 24.8 > 22.0
2026-04-04 17:02:43 | DEBUG    | Skipping 20230313 — VIX 26.5 > 22.0
2026-04-04 17:02:43 | DEBUG    | Skipping 20230314 — VIX 23.7 > 22.0
2026-04-04 17:02:43 | DEBUG    | Skipping 20230315 — VIX 26.1 > 22.0
2026-04-04 17:02:43 | DEBUG    | Skipping 20230316 — VIX 23.0 > 22.0
2026-04-04 17:02:43 | DEBUG    | Skipping 20230317 — VIX 25.5 > 22.0
2026-04-04 17:02:43 | DEBUG    | Skipping 20230320 — VIX 24.1 > 22.0
2026-04-04 17:02:43 | DEBUG    | Skipping 20230322 — VIX 22.3 > 22.0
2026-04-04 17:02:43 | DEBUG    | Skipping 20230323 — VIX 22.6 > 22.0
2026-04-04 17:02:44 | INFO     | Signal #  50 | 20231030 |  PUT | P&L: $    394 | Total: $    4,019 | WR: 72.7%
2026-04-04 17:02:44 | DEBUG    | Skipping 20240802 — VIX 23.4 > 22.0
2026-04-04 17:02:44 | DEBUG    | Skipping 20240805 — VIX 38.6 > 22.0
2026-04-04 17:02:44 | DEBUG    | Skipping 20240806 — VIX 27.7 > 22.0
2026-04-04 17:02:44 | DEBUG    | Skipping 20240807 — VIX 27.9 > 22.0
2026-04-04 17:02:44 | DEBUG    | Skipping 20240808 — VIX 23.8 > 22.0
2026-04-04 17:02:44 | DEBUG    | Skipping 20240906 — VIX 22.4 > 22.0
2026-04-04 17:02:44 | DEBUG    | Skipping 20241007 — VIX 22.6 > 22.0
2026-04-04 17:02:44 | DEBUG    | Skipping 20241031 — VIX 23.2 > 22.0
2026-04-04 17:02:44 | DEBUG    | Skipping 20241218 — VIX 27.6 > 22.0
2026-04-04 17:02:44 | DEBUG    | Skipping 20241219 — VIX 24.1 > 22.0
2026-04-04 17:02:45 | DEBUG    | Skipping 20250303 — VIX 22.8 > 22.0
2026-04-04 17:02:45 | DEBUG    | Skipping 20250304 — VIX 23.5 > 22.0
2026-04-04 17:02:45 | DEBUG    | Skipping 20250306 — VIX 24.9 > 22.0
2026-04-04 17:02:45 | DEBUG    | Skipping 20250307 — VIX 23.4 > 22.0
2026-04-04 17:02:45 | DEBUG    | Skipping 20250310 — VIX 27.9 > 22.0
2026-04-04 17:02:45 | DEBUG    | Skipping 20250311 — VIX 26.9 > 22.0
2026-04-04 17:02:45 | DEBUG    | Skipping 20250312 — VIX 24.2 > 22.0
2026-04-04 17:02:45 | DEBUG    | Skipping 20250313 — VIX 24.7 > 22.0
2026-04-04 17:02:45 | DEBUG    | Skipping 20250331 — VIX 22.3 > 22.0
2026-04-04 17:02:45 | DEBUG    | Skipping 20250403 — VIX 30.0 > 22.0
2026-04-04 17:02:45 | DEBUG    | Skipping 20250404 — VIX 45.3 > 22.0
2026-04-04 17:02:45 | DEBUG    | Skipping 20250407 — VIX 47.0 > 22.0
2026-04-04 17:02:45 | DEBUG    | Skipping 20250408 — VIX 52.3 > 22.0
2026-04-04 17:02:45 | DEBUG    | Skipping 20250409 — VIX 33.6 > 22.0
2026-04-04 17:02:45 | DEBUG    | Skipping 20250410 — VIX 40.7 > 22.0
2026-04-04 17:02:45 | DEBUG    | Skipping 20250411 — VIX 37.6 > 22.0
2026-04-04 17:02:45 | DEBUG    | Skipping 20250414 — VIX 30.9 > 22.0
2026-04-04 17:02:45 | DEBUG    | Skipping 20250415 — VIX 30.1 > 22.0
2026-04-04 17:02:45 | DEBUG    | Skipping 20250416 — VIX 32.6 > 22.0
2026-04-04 17:02:45 | DEBUG    | Skipping 20250417 — VIX 29.6 > 22.0
2026-04-04 17:02:45 | DEBUG    | Skipping 20250421 — VIX 33.8 > 22.0
2026-04-04 17:02:45 | DEBUG    | Skipping 20250422 — VIX 30.6 > 22.0
2026-04-04 17:02:45 | DEBUG    | Skipping 20250423 — VIX 28.4 > 22.0
2026-04-04 17:02:45 | DEBUG    | Skipping 20250424 — VIX 26.5 > 22.0
2026-04-04 17:02:45 | DEBUG    | Skipping 20250425 — VIX 24.8 > 22.0
2026-04-04 17:02:45 | DEBUG    | Skipping 20250428 — VIX 25.1 > 22.0
2026-04-04 17:02:45 | DEBUG    | Skipping 20250429 — VIX 24.2 > 22.0
2026-04-04 17:02:45 | DEBUG    | Skipping 20250430 — VIX 24.7 > 22.0
2026-04-04 17:02:45 | DEBUG    | Skipping 20250501 — VIX 24.6 > 22.0
2026-04-04 17:02:45 | DEBUG    | Skipping 20250502 — VIX 22.7 > 22.0
2026-04-04 17:02:45 | DEBUG    | Skipping 20250505 — VIX 23.6 > 22.0
2026-04-04 17:02:45 | DEBUG    | Skipping 20250506 — VIX 24.8 > 22.0
2026-04-04 17:02:45 | DEBUG    | Skipping 20250507 — VIX 23.6 > 22.0
2026-04-04 17:02:45 | DEBUG    | Skipping 20250508 — VIX 22.5 > 22.0
2026-04-04 17:02:45 | DEBUG    | Skipping 20250523 — VIX 22.3 > 22.0
2026-04-04 17:02:45 | DEBUG    | Skipping 20251016 — VIX 25.3 > 22.0
2026-04-04 17:02:45 | INFO     | Signal # 100 | 20251020 | CALL | P&L: $     54 | Total: $   10,235 | WR: 76.6%
2026-04-04 17:02:45 | DEBUG    | Skipping 20251117 — VIX 22.4 > 22.0
2026-04-04 17:02:45 | DEBUG    | Skipping 20251118 — VIX 24.7 > 22.0
2026-04-04 17:02:45 | DEBUG    | Skipping 20251119 — VIX 23.7 > 22.0
2026-04-04 17:02:45 | DEBUG    | Skipping 20251120 — VIX 26.4 > 22.0
2026-04-04 17:02:45 | DEBUG    | Skipping 20251121 — VIX 23.4 > 22.0
2026-04-04 17:02:45 | DEBUG    | Skipping 20260303 — VIX 23.6 > 22.0
2026-04-04 17:02:45 | DEBUG    | Skipping 20260305 — VIX 23.8 > 22.0
2026-04-04 17:02:45 | DEBUG    | Skipping 20260306 — VIX 29.5 > 22.0
2026-04-04 17:02:45 | DEBUG    | Skipping 20260309 — VIX 25.5 > 22.0
2026-04-04 17:02:45 | DEBUG    | Skipping 20260310 — VIX 24.9 > 22.0
2026-04-04 17:02:45 | DEBUG    | Skipping 20260311 — VIX 24.2 > 22.0
2026-04-04 17:02:45 | DEBUG    | Skipping 20260312 — VIX 27.3 > 22.0
2026-04-04 17:02:45 | DEBUG    | Skipping 20260313 — VIX 27.2 > 22.0
2026-04-04 17:02:45 | DEBUG    | Skipping 20260316 — VIX 23.5 > 22.0
2026-04-04 17:02:45 | DEBUG    | Skipping 20260317 — VIX 22.4 > 22.0
2026-04-04 17:02:45 | DEBUG    | Skipping 20260318 — VIX 25.1 > 22.0
2026-04-04 17:02:45 | DEBUG    | Skipping 20260319 — VIX 24.1 > 22.0
2026-04-04 17:02:45 | DEBUG    | Skipping 20260320 — VIX 26.8 > 22.0
2026-04-04 17:02:45 | DEBUG    | Skipping 20260323 — VIX 26.1 > 22.0
2026-04-04 17:02:45 | DEBUG    | Skipping 20260324 — VIX 26.9 > 22.0
2026-04-04 17:02:45 | DEBUG    | Skipping 20260325 — VIX 25.3 > 22.0
2026-04-04 17:02:45 | INFO     | DONE — 117 trades, 1060 trading days, 954 skipped
2026-04-04 17:02:45 | INFO     | Trade log snapshot -> /Users/jeerapongwongchote/Documents/thetadata/zenith/tradelogs_zenith.csv
2026-04-04 17:02:45 | INFO     | ============================================================
2026-04-04 17:02:45 | INFO     |   ZENITH FADE CCS — BACKTEST RESULTS
2026-04-04 17:02:45 | INFO     | ============================================================
2026-04-04 17:02:45 | INFO     |   Period          : 20220323 -> 20260219
2026-04-04 17:02:45 | INFO     |   Business days   : 1062
2026-04-04 17:02:45 | INFO     |   Days traded     : 105
2026-04-04 17:02:45 | INFO     |   Total trades    : 117  (wins: 90  losses: 27)
2026-04-04 17:02:45 | INFO     |   Avg trades/day  :    1.1
2026-04-04 17:02:45 | INFO     | ------------------------------------------------------------
2026-04-04 17:02:45 | INFO     |   Total P&L       : $   11,548.98  (net of commission)
2026-04-04 17:02:45 | INFO     |   CAGR            :  2.8%  (acct=$100,000)
2026-04-04 17:02:45 | INFO     |   Avg profit/trade: $  166.37
2026-04-04 17:02:45 | INFO     |   Avg loss/trade  : $ -126.84
2026-04-04 17:02:45 | INFO     |   Expectancy/trade: $   98.71
2026-04-04 17:02:45 | INFO     |   Profit factor   :    4.37x
2026-04-04 17:02:45 | INFO     | ------------------------------------------------------------
2026-04-04 17:02:45 | INFO     |   Max drawdown    : $  496.70  (0.5%)
2026-04-04 17:02:45 | INFO     |   Calmar ratio    :     5.92  (CAGR / max DD%)
2026-04-04 17:02:45 | INFO     |   Recovery factor :     23.25  (net P&L / max DD)
2026-04-04 17:02:45 | INFO     |   Time underwater :   35.0%
2026-04-04 17:02:45 | INFO     | ------------------------------------------------------------
2026-04-04 17:02:45 | INFO     |   Win rate        :   76.9%
2026-04-04 17:02:45 | INFO     |   Sharpe ratio    :     9.90  (rf=4.5%)
2026-04-04 17:02:45 | INFO     |   Sortino ratio   :     62.23
2026-04-04 17:02:45 | INFO     |   Ann. volatility : $2,510.18
2026-04-04 17:02:45 | INFO     | ------------------------------------------------------------
2026-04-04 17:02:45 | INFO     |   Best day        : $  394.00
2026-04-04 17:02:45 | INFO     |   Worst day       : $ -374.70
2026-04-04 17:02:45 | INFO     |   Best trade      : $  394.00
2026-04-04 17:02:45 | INFO     |   Worst trade     : $ -252.70
2026-04-04 17:02:45 | INFO     |   Max win streak  : 12
2026-04-04 17:02:45 | INFO     | ------------------------------------------------------------
2026-04-04 17:02:45 | INFO     |   Score threshold : 68.0
2026-04-04 17:02:45 | INFO     |   Strike offset   : 30.0pt
2026-04-04 17:02:45 | INFO     |   Spread width    : 10.0pt
2026-04-04 17:02:45 | INFO     |   Credit model    : real
2026-04-04 17:02:45 | INFO     |   Bidirectional   : True (put score <= 50.0)
2026-04-04 17:02:45 | INFO     |   Intraday SL     : -0.2
2026-04-04 17:02:45 | INFO     |   Credit floor    : $0.75
2026-04-04 17:02:45 | INFO     |   VIX max filter  : 22.0
2026-04-04 17:02:45 | INFO     |   Term structure  : skip backwardation (ratio > 1.0)
2026-04-04 17:02:45 | INFO     |   Commission      : $0.5/leg
2026-04-04 17:02:45 | INFO     | ============================================================
2026-04-04 17:02:45 | INFO     | Results written to /Users/jeerapongwongchote/Documents/thetadata/zenith/RESULTS.md (keeping last 3 runs)
2026-04-04 17:02:45 | INFO     | Run summary appended to /Users/jeerapongwongchote/Documents/thetadata/zenith/logs/run_history.json
2026-04-04 17:02:45 | INFO     | --------------------------------------------------------------
2026-04-04 17:02:45 | INFO     |   VIX CORRELATION ANALYSIS
2026-04-04 17:02:45 | INFO     | --------------------------------------------------------------
2026-04-04 17:02:45 | INFO     |   VIX Range  |  Trades |  Win Rate |    Avg P&L |    Total P&L
2026-04-04 17:02:45 | INFO     | --------------------------------------------------------------
2026-04-04 17:02:45 | INFO     |   < 15       |      16 |     93.8% | $   144.56 | $   2,312.99
2026-04-04 17:02:45 | INFO     |   15-20      |      78 |     74.4% | $    81.55 | $   6,361.07
2026-04-04 17:02:45 | INFO     |   20-25      |      23 |     73.9% | $   125.00 | $   2,874.92
2026-04-04 17:02:45 | INFO     | --------------------------------------------------------------
2026-04-04 17:02:45 | INFO     | -----------------------------------------------------------------------------------------------
2026-04-04 17:02:45 | INFO     |   PUT vs CALL SPREAD PERFORMANCE SPLIT
2026-04-04 17:02:45 | INFO     | -----------------------------------------------------------------------------------------------
2026-04-04 17:02:45 | INFO     |   Type     |  Trades |  Win Rate |    Avg P&L |    Total P&L |   Avg Win |  Avg Loss |  Prof Fac
2026-04-04 17:02:45 | INFO     | -----------------------------------------------------------------------------------------------
2026-04-04 17:02:45 | INFO     |   CALL     |      49 |     75.5% | $    40.72 | $   1,995.28 | $   93.49 | $ -122.00 |     2.36x
2026-04-04 17:02:45 | INFO     |   PUT      |      56 |     75.0% | $   141.30 | $   7,912.91 | $  229.07 | $ -122.00 |     5.63x
2026-04-04 17:02:45 | INFO     | -----------------------------------------------------------------------------------------------
2026-04-04 17:02:45 | INFO     | --------------------------------------------------------------------------------------------------------------
2026-04-04 17:02:45 | INFO     |   MONTHLY P&L TABLE
2026-04-04 17:02:45 | INFO     | --------------------------------------------------------------------------------------------------------------
2026-04-04 17:02:45 | INFO     |   Year   |       1 |       2 |       3 |       4 |       5 |       6 |       7 |       8 |       9 |      10 |      11 |      12 |      Total
2026-04-04 17:02:45 | INFO     | --------------------------------------------------------------------------------------------------------------
2026-04-04 17:02:45 | INFO     |   2022   |      -- |      -- | $   355 |      -- |      -- |      -- |      -- | $   394 |      -- |      -- |      -- |      -- | $      749
2026-04-04 17:02:45 | INFO     |   2023   | $   353 | $   -45 | $   220 | $   594 | $   -73 | $   358 | $   211 | $   473 | $   327 | $   913 | $   178 | $   311 | $    3,820
2026-04-04 17:02:45 | INFO     |   2024   | $   358 | $   523 | $   180 | $   446 | $   376 |      -- | $   201 | $   -57 | $   715 | $   489 | $   295 |      -- | $    3,526
2026-04-04 17:02:45 | INFO     |   2025   | $   229 | $   446 | $   141 |      -- | $   130 | $   309 |      -- | $   603 | $   165 | $   118 |      -- | $   660 | $    2,800
2026-04-04 17:02:45 | INFO     |   2026   | $   394 | $   260 |      -- |      -- |      -- |      -- |      -- |      -- |      -- |      -- |      -- |      -- | $      654
2026-04-04 17:02:45 | INFO     | --------------------------------------------------------------------------------------------------------------
2026-04-04 17:02:45 | INFO     | --------------------------------------------------------------------------------------------------------------
2026-04-04 17:02:45 | INFO     |   INTRA-MONTH MAX DRAWDOWN
2026-04-04 17:02:45 | INFO     | --------------------------------------------------------------------------------------------------------------
2026-04-04 17:02:45 | INFO     |   Year   |       1 |       2 |       3 |       4 |       5 |       6 |       7 |       8 |       9 |      10 |      11 |      12 |     Ann DD
2026-04-04 17:02:45 | INFO     | --------------------------------------------------------------------------------------------------------------
2026-04-04 17:02:45 | INFO     |   2022   |      -- |      -- | $     0 |      -- |      -- |      -- |      -- | $     0 |      -- |      -- |      -- |      -- | $        0
2026-04-04 17:02:45 | INFO     |   2023   | $   182 | $   122 | $     0 | $     0 | $   122 | $     0 | $     0 | $   244 | $   122 | $   497 | $   122 | $     0 | $      497
2026-04-04 17:02:45 | INFO     |   2024   | $     0 | $     0 | $   122 | $   122 | $     0 |      -- | $     0 | $   122 | $     0 | $     0 | $     0 |      -- | $      122
2026-04-04 17:02:45 | INFO     |   2025   | $   122 | $   122 | $     0 |      -- | $     0 | $     0 |      -- | $     0 | $   122 | $     0 |      -- | $     0 | $      122
2026-04-04 17:02:45 | INFO     |   2026   | $     0 | $   122 |      -- |      -- |      -- |      -- |      -- |      -- |      -- |      -- |      -- |      -- | $      122
2026-04-04 17:02:45 | INFO     | --------------------------------------------------------------------------------------------------------------
2026-04-04 17:02:45 | INFO     | ------------------------------------------------------------------------------------------------------------------------
2026-04-04 17:02:45 | INFO     |   MONTHLY RETURN: STRATEGY vs SPY
2026-04-04 17:02:45 | INFO     | ------------------------------------------------------------------------------------------------------------------------
2026-04-04 17:02:45 | INFO     |   Year   |          1 |          2 |          3 |          4 |          5 |          6 |          7 |          8 |          9 |         10 |         11 |         12 |   Strat |     SPY |   Alpha
2026-04-04 17:02:45 | INFO     | ------------------------------------------------------------------------------------------------------------------------
2026-04-04 17:02:45 | INFO     |   2022   | +0.0/-5.3 | +0.0/-3.0 | +0.4/+3.8 | +0.0/-8.8 | +0.0/+0.2 | +0.0/-8.2 | +0.0/+9.2 | +0.4/-4.1 | +0.0/-9.2 | +0.0/+8.1 | +0.0/+5.6 | +0.0/-5.8 |   +0.7% |  -17.5% |  +18.2%
2026-04-04 17:02:45 | INFO     |   2023   | +0.4/+6.3 | -0.0/-2.5 | +0.2/+3.7 | +0.6/+1.6 | -0.1/+0.5 | +0.4/+6.5 | +0.2/+3.3 | +0.5/-1.6 | +0.3/-4.7 | +0.9/-2.2 | +0.2/+9.1 | +0.3/+4.6 |   +3.8% |  +24.5% |  -20.6%
2026-04-04 17:02:45 | INFO     |   2024   | +0.4/+1.6 | +0.5/+5.2 | +0.2/+3.3 | +0.4/-4.0 | +0.4/+5.1 | +0.0/+3.5 | +0.2/+1.2 | -0.1/+2.3 | +0.7/+2.1 | +0.5/-0.9 | +0.3/+6.0 | +0.0/-2.4 |   +3.5% |  +22.9% |  -19.4%
2026-04-04 17:02:45 | INFO     |   2025   | +0.2/+2.7 | +0.4/-1.3 | +0.1/-5.6 | +0.0/-0.9 | +0.1/+6.3 | +0.3/+5.1 | +0.0/+2.3 | +0.6/+2.1 | +0.2/+3.6 | +0.1/+2.4 | +0.0/+0.2 | +0.7/+0.1 |   +2.8% |  +17.0% |  -14.2%
2026-04-04 17:02:45 | INFO     |   2026   | +0.4/+1.5 | +0.3/-0.9 | +0.0/-7.3 |         -- |         -- |         -- |         -- |         -- |         -- |         -- |         -- |         -- |   +0.7% |   -6.7% |   +7.4%
2026-04-04 17:02:45 | INFO     | ------------------------------------------------------------------------------------------------------------------------
2026-04-04 17:02:45 | INFO     | ----------------------------------------------------------------------
2026-04-04 17:02:45 | INFO     |   LARGEST LOSS DAYS (worst 30)
2026-04-04 17:02:45 | INFO     | ----------------------------------------------------------------------
2026-04-04 17:02:45 | INFO     |   Date         |    VIX |  Trades |      Day P&L |      Event
2026-04-04 17:02:45 | INFO     | ----------------------------------------------------------------------
2026-04-04 17:02:45 | INFO     |   20231020     |   21.4 |       2 | $    -374.70 |           
2026-04-04 17:02:45 | INFO     |   20230125     |   19.2 |       1 | $    -122.00 |           
2026-04-04 17:02:45 | INFO     |   20230127     |   18.7 |       1 | $    -122.00 |           
2026-04-04 17:02:45 | INFO     |   20230209     |   19.6 |       1 | $    -122.00 |           
2026-04-04 17:02:45 | INFO     |   20230213     |   20.5 |       1 | $    -122.00 |           
2026-04-04 17:02:45 | INFO     |   20230502     |   16.1 |       1 | $    -122.00 |           
2026-04-04 17:02:45 | INFO     |   20230816     |   16.5 |       1 | $    -122.00 |           
2026-04-04 17:02:45 | INFO     |   20230817     |   16.8 |       1 | $    -122.00 |           
2026-04-04 17:02:45 | INFO     |   20231019     |   19.2 |       1 | $    -122.00 |           
2026-04-04 17:02:45 | INFO     |   20231027     |   20.7 |       1 | $    -122.00 |           
2026-04-04 17:02:45 | INFO     |   20231102     |   16.9 |       1 | $    -122.00 |           
2026-04-04 17:02:45 | INFO     |   20240305     |   13.5 |       1 | $    -122.00 |           
2026-04-04 17:02:45 | INFO     |   20240425     |   16.0 |       1 | $    -122.00 |           
2026-04-04 17:02:45 | INFO     |   20240815     |   16.2 |       1 | $    -122.00 |           
2026-04-04 17:02:45 | INFO     |   20250128     |   17.9 |       1 | $    -122.00 |           
2026-04-04 17:02:45 | INFO     |   20240419     |   18.0 |       2 | $    -112.02 |           
2026-04-04 17:02:45 | INFO     |   20230928     |   18.2 |       2 | $     -78.51 |           
2026-04-04 17:02:45 | INFO     |   20231017     |   17.2 |       2 | $     -35.36 |           
2026-04-04 17:02:45 | INFO     |   20260218     |   20.3 |       2 | $      29.03 |           
2026-04-04 17:02:45 | INFO     |   20230321     |   24.1 |       1 | $      46.65 |           
2026-04-04 17:02:45 | INFO     |   20230926     |   16.9 |       1 | $      46.65 |           
2026-04-04 17:02:45 | INFO     |   20230504     |   18.3 |       1 | $      49.48 |           
2026-04-04 17:02:45 | INFO     |   20230821     |   17.3 |       1 | $      53.74 |           
2026-04-04 17:02:45 | INFO     |   20251020     |   20.8 |       1 | $      53.74 |           
2026-04-04 17:02:45 | INFO     |   20230824     |   16.0 |       1 | $      57.34 |           
2026-04-04 17:02:45 | INFO     |   20231003     |   17.6 |       1 | $      57.34 |           
2026-04-04 17:02:45 | INFO     |   20230811     |   15.8 |       1 | $      57.53 |           
2026-04-04 17:02:45 | INFO     |   20231031     |   19.8 |       1 | $      60.98 |           
2026-04-04 17:02:45 | INFO     |   20240429     |   15.0 |       1 | $      60.98 |           
2026-04-04 17:02:45 | INFO     |   20240917     |   17.1 |       1 | $      60.98 |           
2026-04-04 17:02:45 | INFO     | ----------------------------------------------------------------------
2026-04-04 17:02:45 | INFO     | ----------------------------------------------------------
2026-04-04 17:02:45 | INFO     |   SEASONALITY — DAY OF WEEK
2026-04-04 17:02:45 | INFO     | ----------------------------------------------------------
2026-04-04 17:02:45 | INFO     |   Day   |  Trades |    WR% |    Total P&L |    Avg P&L
2026-04-04 17:02:45 | INFO     | ----------------------------------------------------------
2026-04-04 17:02:45 | INFO     |   Mon   |      16 |  93.8% | $   2,304.74 | $   144.05
2026-04-04 17:02:45 | INFO     |   Tue   |      31 |  77.4% | $   2,732.52 | $    88.15
2026-04-04 17:02:45 | INFO     |   Wed   |      28 |  78.6% | $   3,546.09 | $   126.65
2026-04-04 17:02:45 | INFO     |   Thu   |      28 |  71.4% | $   2,625.36 | $    93.76
2026-04-04 17:02:45 | INFO     |   Fri   |      14 |  64.3% | $     340.27 | $    24.31
2026-04-04 17:02:45 | INFO     | ----------------------------------------------------------
2026-04-04 17:02:45 | INFO     | ----------------------------------------------------------
2026-04-04 17:02:45 | INFO     |   SEASONALITY — MONTH
2026-04-04 17:02:45 | INFO     | ----------------------------------------------------------
2026-04-04 17:02:45 | INFO     |   Month |  Trades |    WR% |    Total P&L |    Avg P&L
2026-04-04 17:02:45 | INFO     | ----------------------------------------------------------
2026-04-04 17:02:45 | INFO     |   Jan   |      13 |  76.9% | $   1,334.53 | $   102.66
2026-04-04 17:02:45 | INFO     |   Feb   |      16 |  62.5% | $   1,183.74 | $    73.98
2026-04-04 17:02:45 | INFO     |   Mar   |       9 |  88.9% | $     895.62 | $    99.51
2026-04-04 17:02:45 | INFO     |   Apr   |      10 |  70.0% | $   1,039.57 | $   103.96
2026-04-04 17:02:45 | INFO     |   May   |       4 |  75.0% | $     433.32 | $   108.33
2026-04-04 17:02:45 | INFO     |   Jun   |       4 | 100.0% | $     666.37 | $   166.59
2026-04-04 17:02:45 | INFO     |   Jul   |       3 | 100.0% | $     412.46 | $   137.49
2026-04-04 17:02:45 | INFO     |   Aug   |      14 |  78.6% | $   1,412.91 | $   100.92
2026-04-04 17:02:45 | INFO     |   Sep   |      14 |  78.6% | $   1,206.53 | $    86.18
2026-04-04 17:02:45 | INFO     |   Oct   |      24 |  75.0% | $   1,519.56 | $    63.31
2026-04-04 17:02:45 | INFO     |   Nov   |       3 |  66.7% | $     472.94 | $   157.65
2026-04-04 17:02:45 | INFO     |   Dec   |       3 | 100.0% | $     971.43 | $   323.81
2026-04-04 17:02:45 | INFO     | ----------------------------------------------------------
2026-04-04 17:02:45 | INFO     | ------------------------------------------------------------------------
2026-04-04 17:02:45 | INFO     |   CALENDAR / ECON EVENT ANALYSIS  (sorted by WR%)
2026-04-04 17:02:45 | INFO     | ------------------------------------------------------------------------
2026-04-04 17:02:45 | INFO     |   Event          |  Days |    WR% |    Avg/Day |    Total P&L |     Max DD
2026-04-04 17:02:45 | INFO     | ------------------------------------------------------------------------
2026-04-04 17:02:45 | INFO     |   CPI/NFP        |     4 | 100.0% | $   185.65 | $     742.58 | $     0.00
2026-04-04 17:02:45 | INFO     |   Triple Witch   |     1 | 100.0% | $   103.88 | $     103.88 | $     0.00
2026-04-04 17:02:45 | INFO     |   FOMC           |     6 |  83.3% | $   192.35 | $     961.74 | $   122.00
2026-04-04 17:02:45 | INFO     |   Normal         |   106 |  75.5% | $   102.53 | $   9,740.78 | $   496.70
2026-04-04 17:02:45 | INFO     | ------------------------------------------------------------------------
