2026-03-31 07:21:44 | INFO     | Log file  : /Users/jeerapongwongchote/Documents/thetadata/zenith/logs/zenith_20260331_072144.log
2026-03-31 07:21:46 | WARNING  | No SPX volume data — dRelVol defaulted to 1.0
2026-03-31 07:21:46 | INFO     | Built daily indicators: 1060 bars
2026-03-31 07:21:46 | INFO     | 
======================================================================
2026-03-31 07:21:46 | INFO     |   SWEEP: Strike Offset (7 combinations)
2026-03-31 07:21:46 | INFO     | ======================================================================
2026-03-31 07:21:46 | INFO     |   [1/7] STRIKE_OFFSET=0 -> P&L $  -36,528 | WR 56.1% | Sharpe -1.48 | Trades 815
2026-03-31 07:21:47 | INFO     | 
------------------------------------------------------------------------------------------
2026-03-31 07:21:47 | INFO     |   TOP 10 BY TOTAL_PNL
2026-03-31 07:21:47 | INFO     | ------------------------------------------------------------------------------------------
2026-03-31 07:21:47 | INFO     |   # 1 | P&L $   32,252 | DD -$   3,761 | Sharpe  1.95 | WR  77.4% | PF 1.33 | Trades  815 | STRIKE_OFFSET=30
2026-03-31 07:21:47 | INFO     |   # 2 | P&L $   26,749 | DD -$   3,714 | Sharpe  1.48 | WR  73.4% | PF 1.23 | Trades  815 | STRIKE_OFFSET=25
2026-03-31 07:21:47 | INFO     |   # 3 | P&L $   19,712 | DD -$   4,332 | Sharpe  0.99 | WR  69.6% | PF 1.15 | Trades  815 | STRIKE_OFFSET=20
2026-03-31 07:21:47 | INFO     |   # 4 | P&L $   13,833 | DD -$   5,936 | Sharpe  0.64 | WR  65.9% | PF 1.09 | Trades  815 | STRIKE_OFFSET=15
2026-03-31 07:21:47 | INFO     |   # 5 | P&L $    6,815 | DD -$   9,312 | Sharpe  0.29 | WR  62.3% | PF 1.04 | Trades  815 | STRIKE_OFFSET=10
2026-03-31 07:21:47 | INFO     |   # 6 | P&L $   -7,710 | DD -$  17,324 | Sharpe -0.32 | WR  58.8% | PF 0.96 | Trades  815 | STRIKE_OFFSET=5
2026-03-31 07:21:47 | INFO     |   # 7 | P&L $  -36,528 | DD -$  40,947 | Sharpe -1.48 | WR  56.1% | PF 0.82 | Trades  815 | STRIKE_OFFSET=0
2026-03-31 07:21:47 | INFO     | 
  BOTTOM 5:
2026-03-31 07:21:47 | INFO     |        | P&L $   19,712 | DD -$   4,332 | Sharpe  0.99 | WR  69.6% | PF 1.15 | Trades  815 | STRIKE_OFFSET=20
2026-03-31 07:21:47 | INFO     |        | P&L $   13,833 | DD -$   5,936 | Sharpe  0.64 | WR  65.9% | PF 1.09 | Trades  815 | STRIKE_OFFSET=15
2026-03-31 07:21:47 | INFO     |        | P&L $    6,815 | DD -$   9,312 | Sharpe  0.29 | WR  62.3% | PF 1.04 | Trades  815 | STRIKE_OFFSET=10
2026-03-31 07:21:47 | INFO     |        | P&L $   -7,710 | DD -$  17,324 | Sharpe -0.32 | WR  58.8% | PF 0.96 | Trades  815 | STRIKE_OFFSET=5
2026-03-31 07:21:47 | INFO     |        | P&L $  -36,528 | DD -$  40,947 | Sharpe -1.48 | WR  56.1% | PF 0.82 | Trades  815 | STRIKE_OFFSET=0
2026-03-31 07:21:47 | INFO     | ------------------------------------------------------------------------------------------
2026-03-31 07:21:47 | INFO     | 
======================================================================
2026-03-31 07:21:47 | INFO     |   SWEEP: Spread Width (10 combinations)
2026-03-31 07:21:47 | INFO     | ======================================================================
2026-03-31 07:21:47 | INFO     |   [1/10] SPREAD_WIDTH=5.0, FIXED_CREDIT=2.0 -> P&L $  -20,932 | WR 57.7% | Sharpe -0.84 | Trades 815
2026-03-31 07:21:48 | INFO     |   [10/10] SPREAD_WIDTH=50.0, FIXED_CREDIT=20.0 -> P&L $   25,901 | WR 66.7% | Sharpe 1.63 | Trades 815
2026-03-31 07:21:48 | INFO     | 
------------------------------------------------------------------------------------------
2026-03-31 07:21:48 | INFO     |   TOP 10 BY TOTAL_PNL
2026-03-31 07:21:48 | INFO     | ------------------------------------------------------------------------------------------
2026-03-31 07:21:48 | INFO     |   # 1 | P&L $   25,901 | DD -$   3,307 | Sharpe  1.63 | WR  66.7% | PF 1.26 | Trades  815 | SPREAD_WIDTH=50.0, FIXED_CREDIT=20.0
2026-03-31 07:21:48 | INFO     |   # 2 | P&L $   24,078 | DD -$   3,683 | Sharpe  1.42 | WR  66.3% | PF 1.22 | Trades  815 | SPREAD_WIDTH=45.0, FIXED_CREDIT=18.0
2026-03-31 07:21:48 | INFO     |   # 3 | P&L $   22,489 | DD -$   3,934 | Sharpe  1.25 | WR  64.8% | PF 1.19 | Trades  815 | SPREAD_WIDTH=40.0, FIXED_CREDIT=16.0
2026-03-31 07:21:48 | INFO     |   # 4 | P&L $   19,797 | DD -$   4,108 | Sharpe  1.03 | WR  64.3% | PF 1.15 | Trades  815 | SPREAD_WIDTH=35.0, FIXED_CREDIT=14.0
2026-03-31 07:21:48 | INFO     |   # 5 | P&L $   16,843 | DD -$   4,350 | Sharpe  0.83 | WR  63.8% | PF 1.12 | Trades  815 | SPREAD_WIDTH=30.0, FIXED_CREDIT=12.0
2026-03-31 07:21:48 | INFO     |   # 6 | P&L $   12,753 | DD -$   5,686 | Sharpe  0.59 | WR  62.7% | PF 1.08 | Trades  815 | SPREAD_WIDTH=25.0, FIXED_CREDIT=10.0
2026-03-31 07:21:48 | INFO     |   # 7 | P&L $    8,030 | DD -$   7,228 | Sharpe  0.35 | WR  61.7% | PF 1.05 | Trades  815 | SPREAD_WIDTH=20.0, FIXED_CREDIT=8.0
2026-03-31 07:21:48 | INFO     |   # 8 | P&L $    1,300 | DD -$  11,237 | Sharpe  0.05 | WR  60.2% | PF 1.01 | Trades  815 | SPREAD_WIDTH=15.0, FIXED_CREDIT=6.0
2026-03-31 07:21:48 | INFO     |   # 9 | P&L $   -7,710 | DD -$  17,324 | Sharpe -0.32 | WR  58.8% | PF 0.96 | Trades  815 | SPREAD_WIDTH=10.0, FIXED_CREDIT=4.0
2026-03-31 07:21:48 | INFO     |   #10 | P&L $  -20,932 | DD -$  27,532 | Sharpe -0.84 | WR  57.7% | PF 0.90 | Trades  815 | SPREAD_WIDTH=5.0, FIXED_CREDIT=2.0
2026-03-31 07:21:48 | INFO     | 
  BOTTOM 5:
2026-03-31 07:21:48 | INFO     |        | P&L $   12,753 | DD -$   5,686 | Sharpe  0.59 | WR  62.7% | PF 1.08 | Trades  815 | SPREAD_WIDTH=25.0, FIXED_CREDIT=10.0
2026-03-31 07:21:48 | INFO     |        | P&L $    8,030 | DD -$   7,228 | Sharpe  0.35 | WR  61.7% | PF 1.05 | Trades  815 | SPREAD_WIDTH=20.0, FIXED_CREDIT=8.0
2026-03-31 07:21:48 | INFO     |        | P&L $    1,300 | DD -$  11,237 | Sharpe  0.05 | WR  60.2% | PF 1.01 | Trades  815 | SPREAD_WIDTH=15.0, FIXED_CREDIT=6.0
2026-03-31 07:21:48 | INFO     |        | P&L $   -7,710 | DD -$  17,324 | Sharpe -0.32 | WR  58.8% | PF 0.96 | Trades  815 | SPREAD_WIDTH=10.0, FIXED_CREDIT=4.0
2026-03-31 07:21:48 | INFO     |        | P&L $  -20,932 | DD -$  27,532 | Sharpe -0.84 | WR  57.7% | PF 0.90 | Trades  815 | SPREAD_WIDTH=5.0, FIXED_CREDIT=2.0
2026-03-31 07:21:48 | INFO     | ------------------------------------------------------------------------------------------
2026-03-31 07:21:48 | INFO     | 
======================================================================
2026-03-31 07:21:48 | INFO     |   SWEEP: TP/SL Cap (30 combinations)
2026-03-31 07:21:48 | INFO     | ======================================================================
2026-03-31 07:21:48 | INFO     |   [1/30] TP_CAP=0.3, SL_CAP=-0.5 -> P&L $  -13,813 | WR 58.8% | Sharpe -1.16 | Trades 815
2026-03-31 07:21:49 | INFO     |   [10/30] TP_CAP=0.4, SL_CAP=-2.0 -> P&L $  -77,691 | WR 58.8% | Sharpe -3.77 | Trades 815
2026-03-31 07:21:50 | INFO     |   [20/30] TP_CAP=0.66, SL_CAP=-2.0 -> P&L $   -7,710 | WR 58.8% | Sharpe -0.32 | Trades 815
2026-03-31 07:21:50 | INFO     |   [30/30] TP_CAP=1.0, SL_CAP=-2.0 -> P&L $    9,343 | WR 58.8% | Sharpe 0.37 | Trades 815
2026-03-31 07:21:50 | INFO     | 
------------------------------------------------------------------------------------------
2026-03-31 07:21:50 | INFO     |   TOP 10 BY TOTAL_PNL
2026-03-31 07:21:50 | INFO     | ------------------------------------------------------------------------------------------
2026-03-31 07:21:50 | INFO     |   # 1 | P&L $  101,430 | DD -$   1,573 | Sharpe  5.58 | WR  58.8% | PF 2.03 | Trades  815 | TP_CAP=1.0, SL_CAP=-0.5
2026-03-31 07:21:50 | INFO     |   # 2 | P&L $  101,045 | DD -$   1,573 | Sharpe  5.57 | WR  58.8% | PF 2.03 | Trades  815 | TP_CAP=0.8, SL_CAP=-0.5
2026-03-31 07:21:50 | INFO     |   # 3 | P&L $   84,376 | DD -$   1,628 | Sharpe  4.90 | WR  58.8% | PF 1.86 | Trades  815 | TP_CAP=0.66, SL_CAP=-0.5
2026-03-31 07:21:50 | INFO     |   # 4 | P&L $   54,915 | DD -$   2,928 | Sharpe  2.52 | WR  58.8% | PF 1.38 | Trades  815 | TP_CAP=1.0, SL_CAP=-0.75
2026-03-31 07:21:50 | INFO     |   # 5 | P&L $   54,530 | DD -$   2,928 | Sharpe  2.51 | WR  58.8% | PF 1.38 | Trades  815 | TP_CAP=0.8, SL_CAP=-0.75
2026-03-31 07:21:50 | INFO     |   # 6 | P&L $   42,358 | DD -$   1,942 | Sharpe  2.83 | WR  58.8% | PF 1.43 | Trades  815 | TP_CAP=0.5, SL_CAP=-0.5
2026-03-31 07:21:50 | INFO     |   # 7 | P&L $   37,861 | DD -$   3,316 | Sharpe  1.82 | WR  58.8% | PF 1.26 | Trades  815 | TP_CAP=0.66, SL_CAP=-0.75
2026-03-31 07:21:50 | INFO     |   # 8 | P&L $   14,395 | DD -$   3,510 | Sharpe  1.06 | WR  58.8% | PF 1.15 | Trades  815 | TP_CAP=0.4, SL_CAP=-0.5
2026-03-31 07:21:50 | INFO     |   # 9 | P&L $    9,343 | DD -$   9,212 | Sharpe  0.37 | WR  58.8% | PF 1.05 | Trades  815 | TP_CAP=1.0, SL_CAP=-1.0
2026-03-31 07:21:50 | INFO     |   #10 | P&L $    9,343 | DD -$   9,212 | Sharpe  0.37 | WR  58.8% | PF 1.05 | Trades  815 | TP_CAP=1.0, SL_CAP=-1.5
2026-03-31 07:21:50 | INFO     | 
  BOTTOM 5:
2026-03-31 07:21:50 | INFO     |        | P&L $  -77,691 | DD -$  78,997 | Sharpe -3.77 | WR  58.8% | PF 0.59 | Trades  815 | TP_CAP=0.4, SL_CAP=-1.5
2026-03-31 07:21:50 | INFO     |        | P&L $  -77,691 | DD -$  78,997 | Sharpe -3.77 | WR  58.8% | PF 0.59 | Trades  815 | TP_CAP=0.4, SL_CAP=-2.0
2026-03-31 07:21:50 | INFO     |        | P&L $ -105,899 | DD -$ 106,665 | Sharpe -5.53 | WR  58.8% | PF 0.44 | Trades  815 | TP_CAP=0.3, SL_CAP=-1.0
2026-03-31 07:21:50 | INFO     |        | P&L $ -105,899 | DD -$ 106,665 | Sharpe -5.53 | WR  58.8% | PF 0.44 | Trades  815 | TP_CAP=0.3, SL_CAP=-1.5
2026-03-31 07:21:50 | INFO     |        | P&L $ -105,899 | DD -$ 106,665 | Sharpe -5.53 | WR  58.8% | PF 0.44 | Trades  815 | TP_CAP=0.3, SL_CAP=-2.0
2026-03-31 07:21:50 | INFO     | ------------------------------------------------------------------------------------------
