2026-03-31 07:21:10 | INFO     | Log file  : /Users/jeerapongwongchote/Documents/thetadata/zenith/logs/zenith_20260331_072110.log
2026-03-31 07:21:10 | INFO     | ================================================================================
2026-03-31 07:21:10 | INFO     |   RECENT RUN HISTORY
2026-03-31 07:21:10 | INFO     | --------------------------------------------------------------------------------
2026-03-31 07:21:10 | INFO     |   Timestamp              | Mode       |  Trades |          P&L |         DD |  Sharpe |     WR
2026-03-31 07:21:10 | INFO     | --------------------------------------------------------------------------------
2026-03-31 07:21:10 | INFO     |   2026-03-31T07:12:22    | dynamic    |     814 | $   -50,766 | -$  59,097 |  -2.05 |  53.4%
2026-03-31 07:21:10 | INFO     |   2026-03-31T07:13:38    | dynamic    |     815 | $    -5,861 | -$  16,642 |  -0.24 |  58.7%
2026-03-31 07:21:10 | INFO     |   2026-03-31T07:13:54    | classic    |     551 | $    -2,829 | -$  11,413 |  -0.17 |  59.0%
2026-03-31 07:21:10 | INFO     | ================================================================================
2026-03-31 07:21:10 | INFO     | ============================================================
2026-03-31 07:21:10 | INFO     | ZENITH FADE CCS BACKTEST
2026-03-31 07:21:10 | INFO     | Signal Mode  : dynamic
2026-03-31 07:21:10 | INFO     | Period       : 2022-01-03 -> 2026-03-25
2026-03-31 07:21:10 | INFO     | Score Thresh : 41.5
2026-03-31 07:21:10 | INFO     | Weights      : var=1.4, vol=8.9, rocket=274.0
2026-03-31 07:21:10 | INFO     | Strike       : 5.0pt OTM, 10.0pt wide
2026-03-31 07:21:10 | INFO     | Risk         : $600.0, TP 66%, SL -100%
2026-03-31 07:21:10 | INFO     | ============================================================
2026-03-31 07:21:10 | INFO     | Building daily indicators...
2026-03-31 07:21:12 | WARNING  | No SPX volume data — dRelVol defaulted to 1.0
2026-03-31 07:21:12 | INFO     | Built daily indicators: 1060 bars
2026-03-31 07:21:12 | INFO     |   -> 1060 daily bars loaded
2026-03-31 07:21:12 | INFO     | ============================================================
2026-03-31 07:21:12 | INFO     | ZENITH FADE CCS BACKTEST
2026-03-31 07:21:12 | INFO     | Mode: dynamic
2026-03-31 07:21:12 | INFO     | Period: 2022-01-03 -> 2026-03-25
2026-03-31 07:21:12 | INFO     | Trades -> /Users/jeerapongwongchote/Documents/thetadata/zenith/logs/zenith_trades_20260331_072110.csv
2026-03-31 07:21:12 | INFO     | ============================================================
2026-03-31 07:21:12 | INFO     | Signal #   1 | 20220104 | P&L: $    394 | Total: $      394 | WR: 100.0%
2026-03-31 07:21:12 | INFO     | Signal #   2 | 20220105 | P&L: $    394 | Total: $      788 | WR: 100.0%
2026-03-31 07:21:12 | INFO     | Signal #   3 | 20220107 | P&L: $    394 | Total: $    1,182 | WR: 100.0%
2026-03-31 07:21:12 | INFO     | Signal #   4 | 20220110 | P&L: $    394 | Total: $    1,576 | WR: 100.0%
2026-03-31 07:21:12 | INFO     | Signal #   5 | 20220111 | P&L: $   -602 | Total: $      974 | WR: 80.0%
2026-03-31 07:21:12 | INFO     | Signal #  50 | 20220414 | P&L: $    394 | Total: $    1,144 | WR: 62.0%
2026-03-31 07:21:12 | INFO     | Signal # 100 | 20220720 | P&L: $   -602 | Total: $      818 | WR: 60.0%
2026-03-31 07:21:12 | INFO     | Signal # 150 | 20221025 | P&L: $   -602 | Total: $    3,175 | WR: 62.0%
2026-03-31 07:21:12 | INFO     | Signal # 200 | 20230201 | P&L: $   -602 | Total: $    3,149 | WR: 61.5%
2026-03-31 07:21:12 | INFO     | Signal # 250 | 20230511 | P&L: $    388 | Total: $    4,200 | WR: 61.6%
2026-03-31 07:21:12 | INFO     | Signal # 300 | 20230822 | P&L: $    394 | Total: $    6,734 | WR: 62.3%
2026-03-31 07:21:12 | INFO     | Signal # 350 | 20231128 | P&L: $    323 | Total: $    5,430 | WR: 62.0%
2026-03-31 07:21:12 | INFO     | Signal # 400 | 20240228 | P&L: $    394 | Total: $    3,787 | WR: 61.0%
2026-03-31 07:21:12 | INFO     | Signal # 450 | 20240603 | P&L: $    390 | Total: $    4,369 | WR: 61.1%
2026-03-31 07:21:12 | INFO     | Signal # 500 | 20240829 | P&L: $    394 | Total: $    5,383 | WR: 61.0%
2026-03-31 07:21:12 | INFO     | Signal # 550 | 20241127 | P&L: $    394 | Total: $    3,076 | WR: 60.4%
2026-03-31 07:21:12 | INFO     | Signal # 600 | 20250305 | P&L: $   -602 | Total: $    2,207 | WR: 60.2%
2026-03-31 07:21:12 | DEBUG    | Skipping 20250408 — VIX 52.3 > 50.0
2026-03-31 07:21:12 | INFO     | Signal # 650 | 20250602 | P&L: $   -602 | Total: $   -1,120 | WR: 59.7%
2026-03-31 07:21:12 | INFO     | Signal # 700 | 20250904 | P&L: $   -602 | Total: $   -3,285 | WR: 59.4%
2026-03-31 07:21:12 | INFO     | Signal # 750 | 20251126 | P&L: $   -602 | Total: $   -7,132 | WR: 58.8%
2026-03-31 07:21:12 | INFO     | Signal # 800 | 20260225 | P&L: $   -602 | Total: $   -8,640 | WR: 58.6%
2026-03-31 07:21:12 | INFO     | DONE — 815 trades, 1060 trading days, 244 skipped
2026-03-31 07:21:12 | INFO     | Trade log snapshot -> /Users/jeerapongwongchote/Documents/thetadata/zenith/tradelogs_zenith.csv
2026-03-31 07:21:12 | INFO     | ============================================================
2026-03-31 07:21:12 | INFO     |   ZENITH FADE CCS — BACKTEST RESULTS
2026-03-31 07:21:12 | INFO     | ============================================================
2026-03-31 07:21:12 | INFO     |   Period          : 20220103 -> 20260325
2026-03-31 07:21:12 | INFO     |   Trading Days    : 1062
2026-03-31 07:21:12 | INFO     |   Signal Days     : 815
2026-03-31 07:21:12 | INFO     |   Signal Rate     : 76.7%
2026-03-31 07:21:12 | INFO     | ============================================================
2026-03-31 07:21:12 | INFO     |   Total P&L       : $   -7,710.24
2026-03-31 07:21:12 | INFO     |   CAGR            : -1.9%
2026-03-31 07:21:12 | INFO     |   Max Drawdown    : -$ 17,324.10 (16.1%)
2026-03-31 07:21:12 | INFO     |   Recovery Factor : -0.45
2026-03-31 07:21:12 | INFO     | ============================================================
2026-03-31 07:21:12 | INFO     |   Win Rate        : 58.8%
2026-03-31 07:21:12 | INFO     |   Profit Factor   : 0.96
2026-03-31 07:21:12 | INFO     |   Sharpe Ratio    : -0.32
2026-03-31 07:21:12 | INFO     |   Sortino Ratio   : -1.32
2026-03-31 07:21:12 | INFO     |   Calmar Ratio    : -0.12
2026-03-31 07:21:12 | INFO     | ============================================================
2026-03-31 07:21:12 | INFO     |   Avg Win         : $  381.41
2026-03-31 07:21:12 | INFO     |   Avg Loss        : $ -566.68
2026-03-31 07:21:12 | INFO     |   Best Trade      : $  394.00
2026-03-31 07:21:12 | INFO     |   Worst Trade     : $ -602.00
2026-03-31 07:21:12 | INFO     |   Max Win Streak  : 8
2026-03-31 07:21:12 | INFO     | ============================================================
2026-03-31 07:21:12 | INFO     | Results written to /Users/jeerapongwongchote/Documents/thetadata/zenith/RESULTS.md
2026-03-31 07:21:12 | INFO     | Run summary appended to /Users/jeerapongwongchote/Documents/thetadata/zenith/logs/run_history.json
2026-03-31 07:21:12 | INFO     | --------------------------------------------------------------
2026-03-31 07:21:12 | INFO     |   VIX CORRELATION ANALYSIS
2026-03-31 07:21:12 | INFO     | --------------------------------------------------------------
2026-03-31 07:21:12 | INFO     |   VIX Range  |  Trades |  Win Rate |    Avg P&L |    Total P&L
2026-03-31 07:21:12 | INFO     | --------------------------------------------------------------
2026-03-31 07:21:12 | INFO     |   < 15       |     210 |     64.3% | $    43.56 | $   9,147.89
2026-03-31 07:21:12 | INFO     |   15-20      |     339 |     59.6% | $     2.95 | $   1,000.65
2026-03-31 07:21:12 | INFO     |   20-25      |     151 |     51.0% | $   -91.86 | $ -13,871.23
2026-03-31 07:21:12 | INFO     |   25-30      |      74 |     54.1% | $   -56.83 | $  -4,205.55
2026-03-31 07:21:12 | INFO     |   30-35      |      37 |     67.6% | $    70.97 | $   2,626.00
2026-03-31 07:21:12 | INFO     |   35+        |       4 |      0.0% | $  -602.00 | $  -2,408.00
2026-03-31 07:21:12 | INFO     | --------------------------------------------------------------
2026-03-31 07:21:12 | INFO     | ----------------------------------------------------------------------------------------------------
2026-03-31 07:21:12 | INFO     |   MONTHLY P&L TABLE
2026-03-31 07:21:12 | INFO     | ----------------------------------------------------------------------------------------------------
2026-03-31 07:21:12 | INFO     |   Year   |      1 |      2 |      3 |      4 |      5 |      6 |      7 |      8 |      9 |     10 |     11 |     12 |      Total
2026-03-31 07:21:12 | INFO     | ----------------------------------------------------------------------------------------------------
2026-03-31 07:21:12 | INFO     |   2022   | $2,108 | $ -460 | $ -876 | $  744 | $-1,270 | $  715 | $-1,370 | $2,906 | $  -66 | $1,532 | $-2,058 | $2,704 | $    4,610
2026-03-31 07:21:12 | INFO     |   2023   | $ -858 | $ -377 | $-3,680 | $3,163 | $1,922 | $ -275 | $  720 | $  467 | $1,481 | $-2,071 | $  722 | $-1,983 | $     -768
2026-03-31 07:21:12 | INFO     |   2024   | $  934 | $-1,591 | $-1,555 | $2,675 | $ -325 | $1,456 | $ -107 | $   55 | $ -911 | $2,260 | $-4,258 | $1,208 | $     -159
2026-03-31 07:21:12 | INFO     |   2025   | $-1,342 | $ -319 | $  997 | $-2,660 | $ -876 | $-3,054 | $  796 | $  302 | $-3,732 | $ -662 | $ -866 | $  368 | $  -11,048
2026-03-31 07:21:12 | INFO     |   2026   | $ -815 | $  328 | $  142 |     -- |     -- |     -- |     -- |     -- |     -- |     -- |     -- |     -- | $     -345
2026-03-31 07:21:12 | INFO     | ----------------------------------------------------------------------------------------------------
2026-03-31 07:21:12 | INFO     | -------------------------------------------------------
2026-03-31 07:21:12 | INFO     |   WORST 15 LOSS DAYS
2026-03-31 07:21:12 | INFO     | -------------------------------------------------------
2026-03-31 07:21:12 | INFO     |   Date         |  Trades |      Day P&L
2026-03-31 07:21:12 | INFO     | -------------------------------------------------------
2026-03-31 07:21:12 | INFO     |   20220111     |       1 | $    -602.00
2026-03-31 07:21:12 | INFO     |   20220131     |       1 | $    -602.00
2026-03-31 07:21:12 | INFO     |   20220201     |       1 | $    -602.00
2026-03-31 07:21:12 | INFO     |   20220202     |       1 | $    -602.00
2026-03-31 07:21:12 | INFO     |   20220208     |       1 | $    -602.00
2026-03-31 07:21:12 | INFO     |   20220209     |       1 | $    -602.00
2026-03-31 07:21:12 | INFO     |   20220215     |       1 | $    -602.00
2026-03-31 07:21:12 | INFO     |   20220225     |       1 | $    -602.00
2026-03-31 07:21:12 | INFO     |   20220302     |       1 | $    -602.00
2026-03-31 07:21:12 | INFO     |   20220316     |       1 | $    -602.00
2026-03-31 07:21:12 | INFO     |   20220317     |       1 | $    -602.00
2026-03-31 07:21:12 | INFO     |   20220318     |       1 | $    -602.00
2026-03-31 07:21:12 | INFO     |   20220322     |       1 | $    -602.00
2026-03-31 07:21:12 | INFO     |   20220325     |       1 | $    -602.00
2026-03-31 07:21:12 | INFO     |   20220328     |       1 | $    -602.00
2026-03-31 07:21:12 | INFO     | -------------------------------------------------------
2026-03-31 07:21:12 | INFO     | ----------------------------------------------------------------------
2026-03-31 07:21:12 | INFO     |   FILTER VALUE ANALYSIS (WIN vs LOSS)
2026-03-31 07:21:12 | INFO     | ----------------------------------------------------------------------
2026-03-31 07:21:12 | INFO     |   Filter             |    Win Avg |   Loss Avg |      Delta
2026-03-31 07:21:12 | INFO     | ----------------------------------------------------------------------
2026-03-31 07:21:12 | INFO     |   Variance %         |    68.2788 |    68.8630 |    -0.5841
2026-03-31 07:21:12 | INFO     |   Rel Volume         |     1.0000 |     1.0000 |    +0.0000
2026-03-31 07:21:12 | INFO     |   Rising Rocket      |     0.0033 |     0.0025 |    +0.0008
2026-03-31 07:21:12 | INFO     |   Exhaustion Score   |   103.5862 |   104.6246 |    -1.0384
2026-03-31 07:21:12 | INFO     |   RSI                |        nan |    54.0488 |       +nan
2026-03-31 07:21:12 | INFO     |   Stochastic         |    69.3806 |    64.3259 |    +5.0547
2026-03-31 07:21:12 | INFO     |   Body Size          |    28.5019 |    28.3786 |    +0.1232
2026-03-31 07:21:12 | INFO     |   Gap %              |        nan |     0.0027 |       +nan
2026-03-31 07:21:12 | INFO     |   Cluster Count      |     1.6618 |     1.8512 |    -0.1894
2026-03-31 07:21:12 | INFO     |   Dist from SMA      |     0.0077 |     0.0033 |    +0.0045
2026-03-31 07:21:12 | INFO     |   VIX Level          |    18.6740 |    19.3307 |    -0.6568
2026-03-31 07:21:12 | INFO     | ----------------------------------------------------------------------
