2026-03-31 07:23:00 | INFO     | Log file  : /Users/jeerapongwongchote/Documents/thetadata/zenith/logs/zenith_20260331_072300.log
2026-03-31 07:23:00 | INFO     | ================================================================================
2026-03-31 07:23:00 | INFO     |   RECENT RUN HISTORY
2026-03-31 07:23:00 | INFO     | --------------------------------------------------------------------------------
2026-03-31 07:23:00 | INFO     |   Timestamp              | Mode       |  Trades |          P&L |         DD |  Sharpe |     WR
2026-03-31 07:23:00 | INFO     | --------------------------------------------------------------------------------
2026-03-31 07:23:00 | INFO     |   2026-03-31T07:13:38    | dynamic    |     815 | $    -5,861 | -$  16,642 |  -0.24 |  58.7%
2026-03-31 07:23:00 | INFO     |   2026-03-31T07:13:54    | classic    |     551 | $    -2,829 | -$  11,413 |  -0.17 |  59.0%
2026-03-31 07:23:00 | INFO     |   2026-03-31T07:21:12    | dynamic    |     815 | $    -7,710 | -$  17,324 |  -0.32 |  58.8%
2026-03-31 07:23:00 | INFO     |   2026-03-31T07:22:29    | dynamic    |     815 | $    19,712 | -$   4,332 |   0.99 |  69.6%
2026-03-31 07:23:00 | INFO     |   2026-03-31T07:22:49    | dynamic    |     815 | $    13,833 | -$   5,936 |   0.64 |  65.9%
2026-03-31 07:23:00 | INFO     |   2026-03-31T07:22:51    | dynamic    |     815 | $    17,728 | -$   5,179 |   0.86 |  68.5%
2026-03-31 07:23:00 | INFO     |   2026-03-31T07:22:53    | dynamic    |     815 | $    19,712 | -$   4,332 |   0.99 |  69.6%
2026-03-31 07:23:00 | INFO     |   2026-03-31T07:22:55    | dynamic    |     815 | $    21,742 | -$   3,760 |   1.13 |  71.0%
2026-03-31 07:23:00 | INFO     |   2026-03-31T07:22:58    | dynamic    |     815 | $    26,749 | -$   3,714 |   1.48 |  73.4%
2026-03-31 07:23:00 | INFO     |   2026-03-31T07:23:00    | dynamic    |     815 | $    29,200 | -$   3,984 |   1.70 |  75.6%
2026-03-31 07:23:00 | INFO     | ================================================================================
2026-03-31 07:23:00 | INFO     | ============================================================
2026-03-31 07:23:00 | INFO     | ZENITH FADE CCS BACKTEST
2026-03-31 07:23:00 | INFO     | Signal Mode  : dynamic
2026-03-31 07:23:00 | INFO     | Period       : 2022-01-03 -> 2026-03-25
2026-03-31 07:23:00 | INFO     | Score Thresh : 41.5
2026-03-31 07:23:00 | INFO     | Weights      : var=1.4, vol=8.9, rocket=274.0
2026-03-31 07:23:00 | INFO     | Strike       : 30.0pt OTM, 10.0pt wide
2026-03-31 07:23:00 | INFO     | Risk         : $600.0, TP 66%, SL -100%
2026-03-31 07:23:00 | INFO     | ============================================================
2026-03-31 07:23:00 | INFO     | Building daily indicators...
2026-03-31 07:23:02 | WARNING  | No SPX volume data — dRelVol defaulted to 1.0
2026-03-31 07:23:02 | INFO     | Built daily indicators: 1060 bars
2026-03-31 07:23:02 | INFO     |   -> 1060 daily bars loaded
2026-03-31 07:23:02 | INFO     | ============================================================
2026-03-31 07:23:02 | INFO     | ZENITH FADE CCS BACKTEST
2026-03-31 07:23:02 | INFO     | Mode: dynamic
2026-03-31 07:23:02 | INFO     | Period: 2022-01-03 -> 2026-03-25
2026-03-31 07:23:02 | INFO     | Trades -> /Users/jeerapongwongchote/Documents/thetadata/zenith/logs/zenith_trades_20260331_072300.csv
2026-03-31 07:23:02 | INFO     | ============================================================
2026-03-31 07:23:02 | INFO     | Signal #   1 | 20220104 | P&L: $    174 | Total: $      174 | WR: 100.0%
2026-03-31 07:23:02 | INFO     | Signal #   2 | 20220105 | P&L: $    190 | Total: $      364 | WR: 100.0%
2026-03-31 07:23:02 | INFO     | Signal #   3 | 20220107 | P&L: $    203 | Total: $      567 | WR: 100.0%
2026-03-31 07:23:02 | INFO     | Signal #   4 | 20220110 | P&L: $    198 | Total: $      765 | WR: 100.0%
2026-03-31 07:23:02 | INFO     | Signal #   5 | 20220111 | P&L: $   -451 | Total: $      314 | WR: 80.0%
2026-03-31 07:23:02 | INFO     | Signal #  50 | 20220414 | P&L: $    218 | Total: $    1,286 | WR: 72.0%
2026-03-31 07:23:02 | INFO     | Signal # 100 | 20220720 | P&L: $    213 | Total: $      540 | WR: 69.0%
2026-03-31 07:23:02 | INFO     | Signal # 150 | 20221025 | P&L: $   -602 | Total: $      354 | WR: 70.0%
2026-03-31 07:23:02 | INFO     | Signal # 200 | 20230201 | P&L: $   -563 | Total: $    2,626 | WR: 72.5%
2026-03-31 07:23:02 | INFO     | Signal # 250 | 20230511 | P&L: $    151 | Total: $    3,418 | WR: 74.0%
2026-03-31 07:23:02 | INFO     | Signal # 300 | 20230822 | P&L: $    182 | Total: $    5,612 | WR: 75.7%
2026-03-31 07:23:02 | INFO     | Signal # 350 | 20231128 | P&L: $     99 | Total: $    6,368 | WR: 76.3%
2026-03-31 07:23:02 | INFO     | Signal # 400 | 20240228 | P&L: $    150 | Total: $    6,807 | WR: 77.0%
2026-03-31 07:23:02 | INFO     | Signal # 450 | 20240603 | P&L: $    148 | Total: $    7,239 | WR: 77.1%
2026-03-31 07:23:02 | INFO     | Signal # 500 | 20240829 | P&L: $    220 | Total: $   10,117 | WR: 77.6%
2026-03-31 07:23:02 | INFO     | Signal # 550 | 20241127 | P&L: $    190 | Total: $   15,082 | WR: 78.2%
2026-03-31 07:23:02 | INFO     | Signal # 600 | 20250305 | P&L: $   -602 | Total: $   17,453 | WR: 78.2%
2026-03-31 07:23:02 | DEBUG    | Skipping 20250408 — VIX 52.3 > 50.0
2026-03-31 07:23:02 | INFO     | Signal # 650 | 20250602 | P&L: $    247 | Total: $   19,562 | WR: 77.5%
2026-03-31 07:23:02 | INFO     | Signal # 700 | 20250904 | P&L: $   -602 | Total: $   23,286 | WR: 77.7%
2026-03-31 07:23:02 | INFO     | Signal # 750 | 20251126 | P&L: $   -602 | Total: $   26,847 | WR: 77.6%
2026-03-31 07:23:02 | INFO     | Signal # 800 | 20260225 | P&L: $   -602 | Total: $   31,161 | WR: 77.5%
2026-03-31 07:23:02 | INFO     | DONE — 815 trades, 1060 trading days, 244 skipped
2026-03-31 07:23:02 | INFO     | Trade log snapshot -> /Users/jeerapongwongchote/Documents/thetadata/zenith/tradelogs_zenith.csv
2026-03-31 07:23:02 | INFO     | ============================================================
2026-03-31 07:23:02 | INFO     |   ZENITH FADE CCS — BACKTEST RESULTS
2026-03-31 07:23:02 | INFO     | ============================================================
2026-03-31 07:23:02 | INFO     |   Period          : 20220103 -> 20260325
2026-03-31 07:23:02 | INFO     |   Trading Days    : 1062
2026-03-31 07:23:02 | INFO     |   Signal Days     : 815
2026-03-31 07:23:02 | INFO     |   Signal Rate     : 76.7%
2026-03-31 07:23:02 | INFO     | ============================================================
2026-03-31 07:23:02 | INFO     |   Total P&L       : $   32,252.33
2026-03-31 07:23:02 | INFO     |   CAGR            : 6.8%
2026-03-31 07:23:02 | INFO     |   Max Drawdown    : -$  3,761.14 (3.6%)
2026-03-31 07:23:02 | INFO     |   Recovery Factor : 8.58
2026-03-31 07:23:02 | INFO     | ============================================================
2026-03-31 07:23:02 | INFO     |   Win Rate        : 77.4%
2026-03-31 07:23:02 | INFO     |   Profit Factor   : 1.33
2026-03-31 07:23:02 | INFO     |   Sharpe Ratio    : 1.95
2026-03-31 07:23:02 | INFO     |   Sortino Ratio   : 3.92
2026-03-31 07:23:02 | INFO     |   Calmar Ratio    : 1.90
2026-03-31 07:23:02 | INFO     | ============================================================
2026-03-31 07:23:02 | INFO     |   Avg Win         : $  205.80
2026-03-31 07:23:02 | INFO     |   Avg Loss        : $ -530.46
2026-03-31 07:23:02 | INFO     |   Best Trade      : $  350.42
2026-03-31 07:23:02 | INFO     |   Worst Trade     : $ -602.00
2026-03-31 07:23:02 | INFO     |   Max Win Streak  : 19
2026-03-31 07:23:02 | INFO     | ============================================================
2026-03-31 07:23:02 | INFO     | Results written to /Users/jeerapongwongchote/Documents/thetadata/zenith/RESULTS.md
2026-03-31 07:23:02 | INFO     | Run summary appended to /Users/jeerapongwongchote/Documents/thetadata/zenith/logs/run_history.json
2026-03-31 07:23:02 | INFO     | --------------------------------------------------------------
2026-03-31 07:23:02 | INFO     |   VIX CORRELATION ANALYSIS
2026-03-31 07:23:02 | INFO     | --------------------------------------------------------------
2026-03-31 07:23:02 | INFO     |   VIX Range  |  Trades |  Win Rate |    Avg P&L |    Total P&L
2026-03-31 07:23:02 | INFO     | --------------------------------------------------------------
2026-03-31 07:23:02 | INFO     |   < 15       |     210 |     85.7% | $    59.91 | $  12,580.20
2026-03-31 07:23:02 | INFO     |   15-20      |     339 |     80.5% | $    71.30 | $  24,169.03
2026-03-31 07:23:02 | INFO     |   20-25      |     151 |     70.2% | $     3.36 | $     507.31
2026-03-31 07:23:02 | INFO     |   25-30      |      74 |     62.2% | $   -46.24 | $  -3,421.60
2026-03-31 07:23:02 | INFO     |   30-35      |      37 |     70.3% | $    22.31 | $     825.39
2026-03-31 07:23:02 | INFO     |   35+        |       4 |      0.0% | $  -602.00 | $  -2,408.00
2026-03-31 07:23:02 | INFO     | --------------------------------------------------------------
2026-03-31 07:23:02 | INFO     | ----------------------------------------------------------------------------------------------------
2026-03-31 07:23:02 | INFO     |   MONTHLY P&L TABLE
2026-03-31 07:23:02 | INFO     | ----------------------------------------------------------------------------------------------------
2026-03-31 07:23:02 | INFO     |   Year   |      1 |      2 |      3 |      4 |      5 |      6 |      7 |      8 |      9 |     10 |     11 |     12 |      Total
2026-03-31 07:23:02 | INFO     | ----------------------------------------------------------------------------------------------------
2026-03-31 07:23:02 | INFO     |   2022   | $1,184 | $ -394 | $ -559 | $  831 | $-1,046 | $  114 | $-1,290 | $1,628 | $  222 | $  145 | $  251 | $2,496 | $    3,582
2026-03-31 07:23:02 | INFO     |   2023   | $ -394 | $ -708 | $-1,855 | $2,619 | $  394 | $ -754 | $1,347 | $1,339 | $1,237 | $  278 | $ -593 | $1,314 | $    4,224
2026-03-31 07:23:02 | INFO     |   2024   | $  -55 | $ -778 | $ -659 | $1,195 | $ -418 | $  555 | $1,425 | $1,046 | $2,112 | $2,048 | $  817 | $  912 | $    8,199
2026-03-31 07:23:02 | INFO     |   2025   | $  -72 | $1,537 | $1,893 | $-1,157 | $1,108 | $1,030 | $2,185 | $  898 | $2,073 | $  875 | $  383 | $2,975 | $   13,730
2026-03-31 07:23:02 | INFO     |   2026   | $1,233 | $  763 | $  522 |     -- |     -- |     -- |     -- |     -- |     -- |     -- |     -- |     -- | $    2,517
2026-03-31 07:23:02 | INFO     | ----------------------------------------------------------------------------------------------------
2026-03-31 07:23:02 | INFO     | -------------------------------------------------------
2026-03-31 07:23:02 | INFO     |   WORST 15 LOSS DAYS
2026-03-31 07:23:02 | INFO     | -------------------------------------------------------
2026-03-31 07:23:02 | INFO     |   Date         |  Trades |      Day P&L
2026-03-31 07:23:02 | INFO     | -------------------------------------------------------
2026-03-31 07:23:02 | INFO     |   20220131     |       1 | $    -602.00
2026-03-31 07:23:02 | INFO     |   20220209     |       1 | $    -602.00
2026-03-31 07:23:02 | INFO     |   20220215     |       1 | $    -602.00
2026-03-31 07:23:02 | INFO     |   20220225     |       1 | $    -602.00
2026-03-31 07:23:02 | INFO     |   20220302     |       1 | $    -602.00
2026-03-31 07:23:02 | INFO     |   20220316     |       1 | $    -602.00
2026-03-31 07:23:02 | INFO     |   20220317     |       1 | $    -602.00
2026-03-31 07:23:02 | INFO     |   20220318     |       1 | $    -602.00
2026-03-31 07:23:02 | INFO     |   20220322     |       1 | $    -602.00
2026-03-31 07:23:02 | INFO     |   20220329     |       1 | $    -602.00
2026-03-31 07:23:02 | INFO     |   20220419     |       1 | $    -602.00
2026-03-31 07:23:02 | INFO     |   20220428     |       1 | $    -602.00
2026-03-31 07:23:02 | INFO     |   20220504     |       1 | $    -602.00
2026-03-31 07:23:02 | INFO     |   20220513     |       1 | $    -602.00
2026-03-31 07:23:02 | INFO     |   20220517     |       1 | $    -602.00
2026-03-31 07:23:02 | INFO     | -------------------------------------------------------
2026-03-31 07:23:02 | INFO     | ----------------------------------------------------------------------
2026-03-31 07:23:02 | INFO     |   FILTER VALUE ANALYSIS (WIN vs LOSS)
2026-03-31 07:23:02 | INFO     | ----------------------------------------------------------------------
2026-03-31 07:23:02 | INFO     |   Filter             |    Win Avg |   Loss Avg |      Delta
2026-03-31 07:23:02 | INFO     | ----------------------------------------------------------------------
2026-03-31 07:23:02 | INFO     |   Variance %         |    68.6083 |    68.2157 |    +0.3926
2026-03-31 07:23:02 | INFO     |   Rel Volume         |     1.0000 |     1.0000 |    +0.0000
2026-03-31 07:23:02 | INFO     |   Rising Rocket      |     0.0034 |     0.0016 |    +0.0018
2026-03-31 07:23:02 | INFO     |   Exhaustion Score   |   104.0287 |   103.9653 |    +0.0634
2026-03-31 07:23:02 | INFO     |   RSI                |        nan |    50.3527 |       +nan
2026-03-31 07:23:02 | INFO     |   Stochastic         |    70.0415 |    57.8837 |   +12.1578
2026-03-31 07:23:02 | INFO     |   Body Size          |    27.5184 |    31.6495 |    -4.1311
2026-03-31 07:23:02 | INFO     |   Gap %              |        nan |    -0.0180 |       +nan
2026-03-31 07:23:02 | INFO     |   Cluster Count      |     1.6704 |     1.9783 |    -0.3079
2026-03-31 07:23:02 | INFO     |   Dist from SMA      |     0.0081 |    -0.0018 |    +0.0100
2026-03-31 07:23:02 | INFO     |   VIX Level          |    18.3635 |    20.9379 |    -2.5743
2026-03-31 07:23:02 | INFO     | ----------------------------------------------------------------------
