2026-03-31 07:15:14 | INFO     | Log file  : /Users/jeerapongwongchote/Documents/thetadata/zenith/logs/zenith_20260331_071514.log
2026-03-31 07:15:14 | INFO     | Building daily indicators for all sweeps...
2026-03-31 07:15:15 | WARNING  | No SPX volume data — dRelVol defaulted to 1.0
2026-03-31 07:15:15 | INFO     | Built daily indicators: 1060 bars
2026-03-31 07:15:15 | INFO     | 
######################################################################
2026-03-31 07:15:15 | INFO     |   COMPREHENSIVE SWEEP — 2026-03-31 07:15
2026-03-31 07:15:15 | INFO     | ######################################################################

2026-03-31 07:15:15 | INFO     | 
======================================================================
2026-03-31 07:15:15 | INFO     |   SWEEP: Score Threshold (31 combinations)
2026-03-31 07:15:15 | INFO     | ======================================================================
2026-03-31 07:15:15 | INFO     |   [1/31] SCORE_THRESHOLD=30, SIGNAL_MODE=dynamic -> P&L $    1,435 | WR 59.6% | Sharpe 0.05 | Trades 904
2026-03-31 07:15:16 | INFO     |   [10/31] SCORE_THRESHOLD=48, SIGNAL_MODE=dynamic -> P&L $   -9,046 | WR 58.3% | Sharpe -0.39 | Trades 782
2026-03-31 07:15:16 | INFO     |   [20/31] SCORE_THRESHOLD=68, SIGNAL_MODE=dynamic -> P&L $    2,155 | WR 59.7% | Sharpe 0.11 | Trades 663
2026-03-31 07:15:17 | INFO     |   [30/31] SCORE_THRESHOLD=88, SIGNAL_MODE=dynamic -> P&L $   -8,616 | WR 57.9% | Sharpe -0.53 | Trades 542
2026-03-31 07:15:17 | INFO     | 
------------------------------------------------------------------------------------------
2026-03-31 07:15:17 | INFO     |   TOP 10 BY TOTAL_PNL
2026-03-31 07:15:17 | INFO     | ------------------------------------------------------------------------------------------
2026-03-31 07:15:17 | INFO     |   # 1 | P&L $    2,155 | DD -$  10,270 | Sharpe  0.11 | WR  59.7% | PF 1.01 | Trades  663 | SCORE_THRESHOLD=68, SIGNAL_MODE=dynamic
2026-03-31 07:15:17 | INFO     |   # 2 | P&L $    1,435 | DD -$  17,424 | Sharpe  0.05 | WR  59.6% | PF 1.01 | Trades  904 | SCORE_THRESHOLD=30, SIGNAL_MODE=dynamic
2026-03-31 07:15:17 | INFO     |   # 3 | P&L $    1,359 | DD -$  18,190 | Sharpe  0.05 | WR  59.6% | PF 1.01 | Trades  886 | SCORE_THRESHOLD=32, SIGNAL_MODE=dynamic
2026-03-31 07:15:17 | INFO     |   # 4 | P&L $      413 | DD -$  10,994 | Sharpe  0.02 | WR  59.4% | PF 1.00 | Trades  670 | SCORE_THRESHOLD=66, SIGNAL_MODE=dynamic
2026-03-31 07:15:17 | INFO     |   # 5 | P&L $     -247 | DD -$  10,667 | Sharpe -0.02 | WR  59.4% | PF 1.00 | Trades  684 | SCORE_THRESHOLD=64, SIGNAL_MODE=dynamic
2026-03-31 07:15:17 | INFO     |   # 6 | P&L $   -1,044 | DD -$  17,372 | Sharpe -0.04 | WR  59.3% | PF 0.99 | Trades  870 | SCORE_THRESHOLD=34, SIGNAL_MODE=dynamic
2026-03-31 07:15:17 | INFO     |   # 7 | P&L $   -1,516 | DD -$  10,248 | Sharpe -0.08 | WR  59.2% | PF 0.99 | Trades  640 | SCORE_THRESHOLD=72, SIGNAL_MODE=dynamic
2026-03-31 07:15:17 | INFO     |   # 8 | P&L $   -1,560 | DD -$  11,058 | Sharpe -0.08 | WR  59.2% | PF 0.99 | Trades  650 | SCORE_THRESHOLD=70, SIGNAL_MODE=dynamic
2026-03-31 07:15:17 | INFO     |   # 9 | P&L $   -2,494 | DD -$  10,305 | Sharpe -0.14 | WR  59.1% | PF 0.98 | Trades  628 | SCORE_THRESHOLD=74, SIGNAL_MODE=dynamic
2026-03-31 07:15:17 | INFO     |   #10 | P&L $   -2,970 | DD -$  17,766 | Sharpe -0.12 | WR  59.1% | PF 0.98 | Trades  855 | SCORE_THRESHOLD=36, SIGNAL_MODE=dynamic
2026-03-31 07:15:17 | INFO     | 
  BOTTOM 5:
2026-03-31 07:15:17 | INFO     |        | P&L $   -7,871 | DD -$  15,844 | Sharpe -0.36 | WR  58.3% | PF 0.95 | Trades  736 | SCORE_THRESHOLD=56, SIGNAL_MODE=dynamic
2026-03-31 07:15:17 | INFO     |        | P&L $   -8,616 | DD -$  15,279 | Sharpe -0.53 | WR  57.9% | PF 0.93 | Trades  542 | SCORE_THRESHOLD=88, SIGNAL_MODE=dynamic
2026-03-31 07:15:17 | INFO     |        | P&L $   -8,674 | DD -$  19,339 | Sharpe -0.37 | WR  58.4% | PF 0.95 | Trades  788 | SCORE_THRESHOLD=46, SIGNAL_MODE=dynamic
2026-03-31 07:15:17 | INFO     |        | P&L $   -8,966 | DD -$  16,045 | Sharpe -0.56 | WR  57.8% | PF 0.93 | Trades  531 | SCORE_THRESHOLD=90, SIGNAL_MODE=dynamic
2026-03-31 07:15:17 | INFO     |        | P&L $   -9,046 | DD -$  19,131 | Sharpe -0.39 | WR  58.3% | PF 0.95 | Trades  782 | SCORE_THRESHOLD=48, SIGNAL_MODE=dynamic
2026-03-31 07:15:17 | INFO     | ------------------------------------------------------------------------------------------
2026-03-31 07:15:17 | INFO     | 
======================================================================
2026-03-31 07:15:17 | INFO     |   SWEEP: Variance Threshold (12 combinations)
2026-03-31 07:15:17 | INFO     | ======================================================================
2026-03-31 07:15:17 | INFO     |   [1/12] VARIANCE_THRESHOLD=30, SIGNAL_MODE=classic -> P&L $   -2,829 | WR 59.0% | Sharpe -0.17 | Trades 551
2026-03-31 07:15:17 | INFO     |   [10/12] VARIANCE_THRESHOLD=75, SIGNAL_MODE=classic -> P&L $   -2,829 | WR 59.0% | Sharpe -0.17 | Trades 551
2026-03-31 07:15:17 | INFO     | 
------------------------------------------------------------------------------------------
2026-03-31 07:15:17 | INFO     |   TOP 10 BY TOTAL_PNL
2026-03-31 07:15:17 | INFO     | ------------------------------------------------------------------------------------------
2026-03-31 07:15:17 | INFO     |   # 1 | P&L $   -2,829 | DD -$  11,413 | Sharpe -0.17 | WR  59.0% | PF 0.98 | Trades  551 | VARIANCE_THRESHOLD=30, SIGNAL_MODE=classic
2026-03-31 07:15:17 | INFO     |   # 2 | P&L $   -2,829 | DD -$  11,413 | Sharpe -0.17 | WR  59.0% | PF 0.98 | Trades  551 | VARIANCE_THRESHOLD=35, SIGNAL_MODE=classic
2026-03-31 07:15:17 | INFO     |   # 3 | P&L $   -2,829 | DD -$  11,413 | Sharpe -0.17 | WR  59.0% | PF 0.98 | Trades  551 | VARIANCE_THRESHOLD=40, SIGNAL_MODE=classic
2026-03-31 07:15:17 | INFO     |   # 4 | P&L $   -2,829 | DD -$  11,413 | Sharpe -0.17 | WR  59.0% | PF 0.98 | Trades  551 | VARIANCE_THRESHOLD=45, SIGNAL_MODE=classic
2026-03-31 07:15:17 | INFO     |   # 5 | P&L $   -2,829 | DD -$  11,413 | Sharpe -0.17 | WR  59.0% | PF 0.98 | Trades  551 | VARIANCE_THRESHOLD=50, SIGNAL_MODE=classic
2026-03-31 07:15:17 | INFO     |   # 6 | P&L $   -2,829 | DD -$  11,413 | Sharpe -0.17 | WR  59.0% | PF 0.98 | Trades  551 | VARIANCE_THRESHOLD=55, SIGNAL_MODE=classic
2026-03-31 07:15:17 | INFO     |   # 7 | P&L $   -2,829 | DD -$  11,413 | Sharpe -0.17 | WR  59.0% | PF 0.98 | Trades  551 | VARIANCE_THRESHOLD=60, SIGNAL_MODE=classic
2026-03-31 07:15:17 | INFO     |   # 8 | P&L $   -2,829 | DD -$  11,413 | Sharpe -0.17 | WR  59.0% | PF 0.98 | Trades  551 | VARIANCE_THRESHOLD=65, SIGNAL_MODE=classic
2026-03-31 07:15:17 | INFO     |   # 9 | P&L $   -2,829 | DD -$  11,413 | Sharpe -0.17 | WR  59.0% | PF 0.98 | Trades  551 | VARIANCE_THRESHOLD=70, SIGNAL_MODE=classic
2026-03-31 07:15:17 | INFO     |   #10 | P&L $   -2,829 | DD -$  11,413 | Sharpe -0.17 | WR  59.0% | PF 0.98 | Trades  551 | VARIANCE_THRESHOLD=75, SIGNAL_MODE=classic
2026-03-31 07:15:17 | INFO     | 
  BOTTOM 5:
2026-03-31 07:15:17 | INFO     |        | P&L $   -2,829 | DD -$  11,413 | Sharpe -0.17 | WR  59.0% | PF 0.98 | Trades  551 | VARIANCE_THRESHOLD=65, SIGNAL_MODE=classic
2026-03-31 07:15:17 | INFO     |        | P&L $   -2,829 | DD -$  11,413 | Sharpe -0.17 | WR  59.0% | PF 0.98 | Trades  551 | VARIANCE_THRESHOLD=70, SIGNAL_MODE=classic
2026-03-31 07:15:17 | INFO     |        | P&L $   -2,829 | DD -$  11,413 | Sharpe -0.17 | WR  59.0% | PF 0.98 | Trades  551 | VARIANCE_THRESHOLD=75, SIGNAL_MODE=classic
2026-03-31 07:15:17 | INFO     |        | P&L $   -2,829 | DD -$  11,413 | Sharpe -0.17 | WR  59.0% | PF 0.98 | Trades  551 | VARIANCE_THRESHOLD=80, SIGNAL_MODE=classic
2026-03-31 07:15:17 | INFO     |        | P&L $   -2,829 | DD -$  11,413 | Sharpe -0.17 | WR  59.0% | PF 0.98 | Trades  551 | VARIANCE_THRESHOLD=85, SIGNAL_MODE=classic
2026-03-31 07:15:17 | INFO     | ------------------------------------------------------------------------------------------
2026-03-31 07:15:17 | INFO     | 
======================================================================
2026-03-31 07:15:17 | INFO     |   SWEEP: Strike Offset (7 combinations)
2026-03-31 07:15:17 | INFO     | ======================================================================
2026-03-31 07:15:17 | INFO     |   [1/7] STRIKE_OFFSET=0 -> P&L $   -5,861 | WR 58.7% | Sharpe -0.24 | Trades 815
2026-03-31 07:15:17 | INFO     | 
------------------------------------------------------------------------------------------
2026-03-31 07:15:17 | INFO     |   TOP 10 BY TOTAL_PNL
2026-03-31 07:15:17 | INFO     | ------------------------------------------------------------------------------------------
2026-03-31 07:15:17 | INFO     |   # 1 | P&L $   -5,861 | DD -$  16,642 | Sharpe -0.24 | WR  58.7% | PF 0.97 | Trades  815 | STRIKE_OFFSET=0
2026-03-31 07:15:17 | INFO     |   # 2 | P&L $   -5,861 | DD -$  16,642 | Sharpe -0.24 | WR  58.7% | PF 0.97 | Trades  815 | STRIKE_OFFSET=5
2026-03-31 07:15:17 | INFO     |   # 3 | P&L $   -5,861 | DD -$  16,642 | Sharpe -0.24 | WR  58.7% | PF 0.97 | Trades  815 | STRIKE_OFFSET=10
2026-03-31 07:15:17 | INFO     |   # 4 | P&L $   -5,861 | DD -$  16,642 | Sharpe -0.24 | WR  58.7% | PF 0.97 | Trades  815 | STRIKE_OFFSET=15
2026-03-31 07:15:17 | INFO     |   # 5 | P&L $   -5,861 | DD -$  16,642 | Sharpe -0.24 | WR  58.7% | PF 0.97 | Trades  815 | STRIKE_OFFSET=20
2026-03-31 07:15:17 | INFO     |   # 6 | P&L $   -5,861 | DD -$  16,642 | Sharpe -0.24 | WR  58.7% | PF 0.97 | Trades  815 | STRIKE_OFFSET=25
2026-03-31 07:15:17 | INFO     |   # 7 | P&L $   -5,861 | DD -$  16,642 | Sharpe -0.24 | WR  58.7% | PF 0.97 | Trades  815 | STRIKE_OFFSET=30
2026-03-31 07:15:17 | INFO     | 
  BOTTOM 5:
2026-03-31 07:15:17 | INFO     |        | P&L $   -5,861 | DD -$  16,642 | Sharpe -0.24 | WR  58.7% | PF 0.97 | Trades  815 | STRIKE_OFFSET=10
2026-03-31 07:15:17 | INFO     |        | P&L $   -5,861 | DD -$  16,642 | Sharpe -0.24 | WR  58.7% | PF 0.97 | Trades  815 | STRIKE_OFFSET=15
2026-03-31 07:15:17 | INFO     |        | P&L $   -5,861 | DD -$  16,642 | Sharpe -0.24 | WR  58.7% | PF 0.97 | Trades  815 | STRIKE_OFFSET=20
2026-03-31 07:15:17 | INFO     |        | P&L $   -5,861 | DD -$  16,642 | Sharpe -0.24 | WR  58.7% | PF 0.97 | Trades  815 | STRIKE_OFFSET=25
2026-03-31 07:15:17 | INFO     |        | P&L $   -5,861 | DD -$  16,642 | Sharpe -0.24 | WR  58.7% | PF 0.97 | Trades  815 | STRIKE_OFFSET=30
2026-03-31 07:15:17 | INFO     | ------------------------------------------------------------------------------------------
2026-03-31 07:15:17 | INFO     | 
======================================================================
2026-03-31 07:15:17 | INFO     |   SWEEP: Spread Width (10 combinations)
2026-03-31 07:15:17 | INFO     | ======================================================================
2026-03-31 07:15:18 | INFO     |   [1/10] SPREAD_WIDTH=5.0, FIXED_CREDIT=2.0 -> P&L $   -5,861 | WR 58.7% | Sharpe -0.24 | Trades 815
2026-03-31 07:15:18 | INFO     |   [10/10] SPREAD_WIDTH=50.0, FIXED_CREDIT=20.0 -> P&L $   -5,861 | WR 58.7% | Sharpe -0.24 | Trades 815
2026-03-31 07:15:18 | INFO     | 
------------------------------------------------------------------------------------------
2026-03-31 07:15:18 | INFO     |   TOP 10 BY TOTAL_PNL
2026-03-31 07:15:18 | INFO     | ------------------------------------------------------------------------------------------
2026-03-31 07:15:18 | INFO     |   # 1 | P&L $   -5,861 | DD -$  16,642 | Sharpe -0.24 | WR  58.7% | PF 0.97 | Trades  815 | SPREAD_WIDTH=5.0, FIXED_CREDIT=2.0
2026-03-31 07:15:18 | INFO     |   # 2 | P&L $   -5,861 | DD -$  16,642 | Sharpe -0.24 | WR  58.7% | PF 0.97 | Trades  815 | SPREAD_WIDTH=10.0, FIXED_CREDIT=4.0
2026-03-31 07:15:18 | INFO     |   # 3 | P&L $   -5,861 | DD -$  16,642 | Sharpe -0.24 | WR  58.7% | PF 0.97 | Trades  815 | SPREAD_WIDTH=15.0, FIXED_CREDIT=6.0
2026-03-31 07:15:18 | INFO     |   # 4 | P&L $   -5,861 | DD -$  16,642 | Sharpe -0.24 | WR  58.7% | PF 0.97 | Trades  815 | SPREAD_WIDTH=20.0, FIXED_CREDIT=8.0
2026-03-31 07:15:18 | INFO     |   # 5 | P&L $   -5,861 | DD -$  16,642 | Sharpe -0.24 | WR  58.7% | PF 0.97 | Trades  815 | SPREAD_WIDTH=25.0, FIXED_CREDIT=10.0
2026-03-31 07:15:18 | INFO     |   # 6 | P&L $   -5,861 | DD -$  16,642 | Sharpe -0.24 | WR  58.7% | PF 0.97 | Trades  815 | SPREAD_WIDTH=30.0, FIXED_CREDIT=12.0
2026-03-31 07:15:18 | INFO     |   # 7 | P&L $   -5,861 | DD -$  16,642 | Sharpe -0.24 | WR  58.7% | PF 0.97 | Trades  815 | SPREAD_WIDTH=35.0, FIXED_CREDIT=14.0
2026-03-31 07:15:18 | INFO     |   # 8 | P&L $   -5,861 | DD -$  16,642 | Sharpe -0.24 | WR  58.7% | PF 0.97 | Trades  815 | SPREAD_WIDTH=40.0, FIXED_CREDIT=16.0
2026-03-31 07:15:18 | INFO     |   # 9 | P&L $   -5,861 | DD -$  16,642 | Sharpe -0.24 | WR  58.7% | PF 0.97 | Trades  815 | SPREAD_WIDTH=45.0, FIXED_CREDIT=18.0
2026-03-31 07:15:18 | INFO     |   #10 | P&L $   -5,861 | DD -$  16,642 | Sharpe -0.24 | WR  58.7% | PF 0.97 | Trades  815 | SPREAD_WIDTH=50.0, FIXED_CREDIT=20.0
2026-03-31 07:15:18 | INFO     | 
  BOTTOM 5:
2026-03-31 07:15:18 | INFO     |        | P&L $   -5,861 | DD -$  16,642 | Sharpe -0.24 | WR  58.7% | PF 0.97 | Trades  815 | SPREAD_WIDTH=30.0, FIXED_CREDIT=12.0
2026-03-31 07:15:18 | INFO     |        | P&L $   -5,861 | DD -$  16,642 | Sharpe -0.24 | WR  58.7% | PF 0.97 | Trades  815 | SPREAD_WIDTH=35.0, FIXED_CREDIT=14.0
2026-03-31 07:15:18 | INFO     |        | P&L $   -5,861 | DD -$  16,642 | Sharpe -0.24 | WR  58.7% | PF 0.97 | Trades  815 | SPREAD_WIDTH=40.0, FIXED_CREDIT=16.0
2026-03-31 07:15:18 | INFO     |        | P&L $   -5,861 | DD -$  16,642 | Sharpe -0.24 | WR  58.7% | PF 0.97 | Trades  815 | SPREAD_WIDTH=45.0, FIXED_CREDIT=18.0
2026-03-31 07:15:18 | INFO     |        | P&L $   -5,861 | DD -$  16,642 | Sharpe -0.24 | WR  58.7% | PF 0.97 | Trades  815 | SPREAD_WIDTH=50.0, FIXED_CREDIT=20.0
2026-03-31 07:15:18 | INFO     | ------------------------------------------------------------------------------------------
2026-03-31 07:15:18 | INFO     | 
======================================================================
2026-03-31 07:15:18 | INFO     |   SWEEP: TP/SL Cap (30 combinations)
2026-03-31 07:15:18 | INFO     | ======================================================================
2026-03-31 07:15:18 | INFO     |   [1/30] TP_CAP=0.3, SL_CAP=-0.5 -> P&L $   -5,861 | WR 58.7% | Sharpe -0.24 | Trades 815
2026-03-31 07:15:19 | INFO     |   [10/30] TP_CAP=0.4, SL_CAP=-2.0 -> P&L $   -5,861 | WR 58.7% | Sharpe -0.24 | Trades 815
2026-03-31 07:15:19 | INFO     |   [20/30] TP_CAP=0.66, SL_CAP=-2.0 -> P&L $   -5,861 | WR 58.7% | Sharpe -0.24 | Trades 815
2026-03-31 07:15:19 | INFO     |   [30/30] TP_CAP=1.0, SL_CAP=-2.0 -> P&L $   -5,861 | WR 58.7% | Sharpe -0.24 | Trades 815
2026-03-31 07:15:19 | INFO     | 
------------------------------------------------------------------------------------------
2026-03-31 07:15:19 | INFO     |   TOP 10 BY TOTAL_PNL
2026-03-31 07:15:19 | INFO     | ------------------------------------------------------------------------------------------
2026-03-31 07:15:19 | INFO     |   # 1 | P&L $   -5,861 | DD -$  16,642 | Sharpe -0.24 | WR  58.7% | PF 0.97 | Trades  815 | TP_CAP=0.3, SL_CAP=-0.5
2026-03-31 07:15:19 | INFO     |   # 2 | P&L $   -5,861 | DD -$  16,642 | Sharpe -0.24 | WR  58.7% | PF 0.97 | Trades  815 | TP_CAP=0.3, SL_CAP=-0.75
2026-03-31 07:15:19 | INFO     |   # 3 | P&L $   -5,861 | DD -$  16,642 | Sharpe -0.24 | WR  58.7% | PF 0.97 | Trades  815 | TP_CAP=0.3, SL_CAP=-1.0
2026-03-31 07:15:19 | INFO     |   # 4 | P&L $   -5,861 | DD -$  16,642 | Sharpe -0.24 | WR  58.7% | PF 0.97 | Trades  815 | TP_CAP=0.3, SL_CAP=-1.5
2026-03-31 07:15:19 | INFO     |   # 5 | P&L $   -5,861 | DD -$  16,642 | Sharpe -0.24 | WR  58.7% | PF 0.97 | Trades  815 | TP_CAP=0.3, SL_CAP=-2.0
2026-03-31 07:15:19 | INFO     |   # 6 | P&L $   -5,861 | DD -$  16,642 | Sharpe -0.24 | WR  58.7% | PF 0.97 | Trades  815 | TP_CAP=0.4, SL_CAP=-0.5
2026-03-31 07:15:19 | INFO     |   # 7 | P&L $   -5,861 | DD -$  16,642 | Sharpe -0.24 | WR  58.7% | PF 0.97 | Trades  815 | TP_CAP=0.4, SL_CAP=-0.75
2026-03-31 07:15:19 | INFO     |   # 8 | P&L $   -5,861 | DD -$  16,642 | Sharpe -0.24 | WR  58.7% | PF 0.97 | Trades  815 | TP_CAP=0.4, SL_CAP=-1.0
2026-03-31 07:15:19 | INFO     |   # 9 | P&L $   -5,861 | DD -$  16,642 | Sharpe -0.24 | WR  58.7% | PF 0.97 | Trades  815 | TP_CAP=0.4, SL_CAP=-1.5
2026-03-31 07:15:19 | INFO     |   #10 | P&L $   -5,861 | DD -$  16,642 | Sharpe -0.24 | WR  58.7% | PF 0.97 | Trades  815 | TP_CAP=0.4, SL_CAP=-2.0
2026-03-31 07:15:19 | INFO     | 
  BOTTOM 5:
2026-03-31 07:15:19 | INFO     |        | P&L $   -5,861 | DD -$  16,642 | Sharpe -0.24 | WR  58.7% | PF 0.97 | Trades  815 | TP_CAP=1.0, SL_CAP=-0.5
2026-03-31 07:15:19 | INFO     |        | P&L $   -5,861 | DD -$  16,642 | Sharpe -0.24 | WR  58.7% | PF 0.97 | Trades  815 | TP_CAP=1.0, SL_CAP=-0.75
2026-03-31 07:15:19 | INFO     |        | P&L $   -5,861 | DD -$  16,642 | Sharpe -0.24 | WR  58.7% | PF 0.97 | Trades  815 | TP_CAP=1.0, SL_CAP=-1.0
2026-03-31 07:15:19 | INFO     |        | P&L $   -5,861 | DD -$  16,642 | Sharpe -0.24 | WR  58.7% | PF 0.97 | Trades  815 | TP_CAP=1.0, SL_CAP=-1.5
2026-03-31 07:15:19 | INFO     |        | P&L $   -5,861 | DD -$  16,642 | Sharpe -0.24 | WR  58.7% | PF 0.97 | Trades  815 | TP_CAP=1.0, SL_CAP=-2.0
2026-03-31 07:15:19 | INFO     | ------------------------------------------------------------------------------------------
2026-03-31 07:15:19 | INFO     | 
======================================================================
2026-03-31 07:15:19 | INFO     |   SWEEP: Filter Toggle (Solo) (14 combinations)
2026-03-31 07:15:19 | INFO     | ======================================================================
2026-03-31 07:15:20 | INFO     |   [1/14] SIGNAL_MODE=classic -> P&L $   -2,829 | WR 59.0% | Sharpe -0.17 | Trades 551
2026-03-31 07:15:20 | INFO     |   [10/14] USE_VARIANCE_FILTER=False, USE_REL_VOL_FILTER=False, USE_MIN_MOVE_FILTER=False, USE_RISING_ROCKET_FILTER=False, USE_CLUSTER_FILTER=False, USE_TREND_SMA_FILTER=False, USE_GAP_FILTER=False, USE_BODY_RATIO_FILTER=True, USE_VIX_FILTER=False, USE_RSI_FILTER=False, USE_DIST_SMA_FILTER=False, USE_STOCH_FILTER=False, SIGNAL_MODE=classic -> P&L $   -2,829 | WR 59.0% | Sharpe -0.17 | Trades 551
2026-03-31 07:15:20 | INFO     | 
------------------------------------------------------------------------------------------
2026-03-31 07:15:20 | INFO     |   TOP 10 BY TOTAL_PNL
2026-03-31 07:15:20 | INFO     | ------------------------------------------------------------------------------------------
2026-03-31 07:15:20 | INFO     |   # 1 | P&L $   -2,829 | DD -$  11,413 | Sharpe -0.17 | WR  59.0% | PF 0.98 | Trades  551 | SIGNAL_MODE=classic
2026-03-31 07:15:20 | INFO     |   # 2 | P&L $   -2,829 | DD -$  11,413 | Sharpe -0.17 | WR  59.0% | PF 0.98 | Trades  551 | USE_VARIANCE_FILTER=False, USE_REL_VOL_FILTER=False, USE_MIN_MOVE_FILTER=False, USE_RISING_ROCKET_FILTER=False, USE_CLUSTER_FILTER=False, USE_TREND_SMA_FILTER=False, USE_GAP_FILTER=False, USE_BODY_RATIO_FILTER=False, USE_VIX_FILTER=False, USE_RSI_FILTER=False, USE_DIST_SMA_FILTER=False, USE_STOCH_FILTER=False, SIGNAL_MODE=classic
2026-03-31 07:15:20 | INFO     |   # 3 | P&L $   -2,829 | DD -$  11,413 | Sharpe -0.17 | WR  59.0% | PF 0.98 | Trades  551 | USE_VARIANCE_FILTER=True, USE_REL_VOL_FILTER=False, USE_MIN_MOVE_FILTER=False, USE_RISING_ROCKET_FILTER=False, USE_CLUSTER_FILTER=False, USE_TREND_SMA_FILTER=False, USE_GAP_FILTER=False, USE_BODY_RATIO_FILTER=False, USE_VIX_FILTER=False, USE_RSI_FILTER=False, USE_DIST_SMA_FILTER=False, USE_STOCH_FILTER=False, SIGNAL_MODE=classic
2026-03-31 07:15:20 | INFO     |   # 4 | P&L $   -2,829 | DD -$  11,413 | Sharpe -0.17 | WR  59.0% | PF 0.98 | Trades  551 | USE_VARIANCE_FILTER=False, USE_REL_VOL_FILTER=True, USE_MIN_MOVE_FILTER=False, USE_RISING_ROCKET_FILTER=False, USE_CLUSTER_FILTER=False, USE_TREND_SMA_FILTER=False, USE_GAP_FILTER=False, USE_BODY_RATIO_FILTER=False, USE_VIX_FILTER=False, USE_RSI_FILTER=False, USE_DIST_SMA_FILTER=False, USE_STOCH_FILTER=False, SIGNAL_MODE=classic
2026-03-31 07:15:20 | INFO     |   # 5 | P&L $   -2,829 | DD -$  11,413 | Sharpe -0.17 | WR  59.0% | PF 0.98 | Trades  551 | USE_VARIANCE_FILTER=False, USE_REL_VOL_FILTER=False, USE_MIN_MOVE_FILTER=True, USE_RISING_ROCKET_FILTER=False, USE_CLUSTER_FILTER=False, USE_TREND_SMA_FILTER=False, USE_GAP_FILTER=False, USE_BODY_RATIO_FILTER=False, USE_VIX_FILTER=False, USE_RSI_FILTER=False, USE_DIST_SMA_FILTER=False, USE_STOCH_FILTER=False, SIGNAL_MODE=classic
2026-03-31 07:15:20 | INFO     |   # 6 | P&L $   -2,829 | DD -$  11,413 | Sharpe -0.17 | WR  59.0% | PF 0.98 | Trades  551 | USE_VARIANCE_FILTER=False, USE_REL_VOL_FILTER=False, USE_MIN_MOVE_FILTER=False, USE_RISING_ROCKET_FILTER=True, USE_CLUSTER_FILTER=False, USE_TREND_SMA_FILTER=False, USE_GAP_FILTER=False, USE_BODY_RATIO_FILTER=False, USE_VIX_FILTER=False, USE_RSI_FILTER=False, USE_DIST_SMA_FILTER=False, USE_STOCH_FILTER=False, SIGNAL_MODE=classic
2026-03-31 07:15:20 | INFO     |   # 7 | P&L $   -2,829 | DD -$  11,413 | Sharpe -0.17 | WR  59.0% | PF 0.98 | Trades  551 | USE_VARIANCE_FILTER=False, USE_REL_VOL_FILTER=False, USE_MIN_MOVE_FILTER=False, USE_RISING_ROCKET_FILTER=False, USE_CLUSTER_FILTER=True, USE_TREND_SMA_FILTER=False, USE_GAP_FILTER=False, USE_BODY_RATIO_FILTER=False, USE_VIX_FILTER=False, USE_RSI_FILTER=False, USE_DIST_SMA_FILTER=False, USE_STOCH_FILTER=False, SIGNAL_MODE=classic
2026-03-31 07:15:20 | INFO     |   # 8 | P&L $   -2,829 | DD -$  11,413 | Sharpe -0.17 | WR  59.0% | PF 0.98 | Trades  551 | USE_VARIANCE_FILTER=False, USE_REL_VOL_FILTER=False, USE_MIN_MOVE_FILTER=False, USE_RISING_ROCKET_FILTER=False, USE_CLUSTER_FILTER=False, USE_TREND_SMA_FILTER=True, USE_GAP_FILTER=False, USE_BODY_RATIO_FILTER=False, USE_VIX_FILTER=False, USE_RSI_FILTER=False, USE_DIST_SMA_FILTER=False, USE_STOCH_FILTER=False, SIGNAL_MODE=classic
2026-03-31 07:15:20 | INFO     |   # 9 | P&L $   -2,829 | DD -$  11,413 | Sharpe -0.17 | WR  59.0% | PF 0.98 | Trades  551 | USE_VARIANCE_FILTER=False, USE_REL_VOL_FILTER=False, USE_MIN_MOVE_FILTER=False, USE_RISING_ROCKET_FILTER=False, USE_CLUSTER_FILTER=False, USE_TREND_SMA_FILTER=False, USE_GAP_FILTER=True, USE_BODY_RATIO_FILTER=False, USE_VIX_FILTER=False, USE_RSI_FILTER=False, USE_DIST_SMA_FILTER=False, USE_STOCH_FILTER=False, SIGNAL_MODE=classic
2026-03-31 07:15:20 | INFO     |   #10 | P&L $   -2,829 | DD -$  11,413 | Sharpe -0.17 | WR  59.0% | PF 0.98 | Trades  551 | USE_VARIANCE_FILTER=False, USE_REL_VOL_FILTER=False, USE_MIN_MOVE_FILTER=False, USE_RISING_ROCKET_FILTER=False, USE_CLUSTER_FILTER=False, USE_TREND_SMA_FILTER=False, USE_GAP_FILTER=False, USE_BODY_RATIO_FILTER=True, USE_VIX_FILTER=False, USE_RSI_FILTER=False, USE_DIST_SMA_FILTER=False, USE_STOCH_FILTER=False, SIGNAL_MODE=classic
2026-03-31 07:15:20 | INFO     | 
  BOTTOM 5:
2026-03-31 07:15:20 | INFO     |        | P&L $   -2,829 | DD -$  11,413 | Sharpe -0.17 | WR  59.0% | PF 0.98 | Trades  551 | USE_VARIANCE_FILTER=False, USE_REL_VOL_FILTER=False, USE_MIN_MOVE_FILTER=False, USE_RISING_ROCKET_FILTER=False, USE_CLUSTER_FILTER=False, USE_TREND_SMA_FILTER=False, USE_GAP_FILTER=False, USE_BODY_RATIO_FILTER=True, USE_VIX_FILTER=False, USE_RSI_FILTER=False, USE_DIST_SMA_FILTER=False, USE_STOCH_FILTER=False, SIGNAL_MODE=classic
2026-03-31 07:15:20 | INFO     |        | P&L $   -2,829 | DD -$  11,413 | Sharpe -0.17 | WR  59.0% | PF 0.98 | Trades  551 | USE_VARIANCE_FILTER=False, USE_REL_VOL_FILTER=False, USE_MIN_MOVE_FILTER=False, USE_RISING_ROCKET_FILTER=False, USE_CLUSTER_FILTER=False, USE_TREND_SMA_FILTER=False, USE_GAP_FILTER=False, USE_BODY_RATIO_FILTER=False, USE_VIX_FILTER=True, USE_RSI_FILTER=False, USE_DIST_SMA_FILTER=False, USE_STOCH_FILTER=False, SIGNAL_MODE=classic
2026-03-31 07:15:20 | INFO     |        | P&L $   -2,829 | DD -$  11,413 | Sharpe -0.17 | WR  59.0% | PF 0.98 | Trades  551 | USE_VARIANCE_FILTER=False, USE_REL_VOL_FILTER=False, USE_MIN_MOVE_FILTER=False, USE_RISING_ROCKET_FILTER=False, USE_CLUSTER_FILTER=False, USE_TREND_SMA_FILTER=False, USE_GAP_FILTER=False, USE_BODY_RATIO_FILTER=False, USE_VIX_FILTER=False, USE_RSI_FILTER=True, USE_DIST_SMA_FILTER=False, USE_STOCH_FILTER=False, SIGNAL_MODE=classic
2026-03-31 07:15:20 | INFO     |        | P&L $   -2,829 | DD -$  11,413 | Sharpe -0.17 | WR  59.0% | PF 0.98 | Trades  551 | USE_VARIANCE_FILTER=False, USE_REL_VOL_FILTER=False, USE_MIN_MOVE_FILTER=False, USE_RISING_ROCKET_FILTER=False, USE_CLUSTER_FILTER=False, USE_TREND_SMA_FILTER=False, USE_GAP_FILTER=False, USE_BODY_RATIO_FILTER=False, USE_VIX_FILTER=False, USE_RSI_FILTER=False, USE_DIST_SMA_FILTER=True, USE_STOCH_FILTER=False, SIGNAL_MODE=classic
2026-03-31 07:15:20 | INFO     |        | P&L $   -2,829 | DD -$  11,413 | Sharpe -0.17 | WR  59.0% | PF 0.98 | Trades  551 | USE_VARIANCE_FILTER=False, USE_REL_VOL_FILTER=False, USE_MIN_MOVE_FILTER=False, USE_RISING_ROCKET_FILTER=False, USE_CLUSTER_FILTER=False, USE_TREND_SMA_FILTER=False, USE_GAP_FILTER=False, USE_BODY_RATIO_FILTER=False, USE_VIX_FILTER=False, USE_RSI_FILTER=False, USE_DIST_SMA_FILTER=False, USE_STOCH_FILTER=True, SIGNAL_MODE=classic
2026-03-31 07:15:20 | INFO     | ------------------------------------------------------------------------------------------
2026-03-31 07:15:20 | INFO     | 
======================================================================
2026-03-31 07:15:20 | INFO     |   SWEEP: Rising Rocket Threshold (21 combinations)
2026-03-31 07:15:20 | INFO     | ======================================================================
2026-03-31 07:15:20 | INFO     |   [1/21] RISING_ROCKET_THRESHOLD=0.02, SIGNAL_MODE=classic -> P&L $   -2,829 | WR 59.0% | Sharpe -0.17 | Trades 551
2026-03-31 07:15:21 | INFO     |   [10/21] RISING_ROCKET_THRESHOLD=0.065, SIGNAL_MODE=classic -> P&L $   -2,829 | WR 59.0% | Sharpe -0.17 | Trades 551
2026-03-31 07:15:21 | INFO     |   [20/21] RISING_ROCKET_THRESHOLD=0.115, SIGNAL_MODE=classic -> P&L $   -2,829 | WR 59.0% | Sharpe -0.17 | Trades 551
2026-03-31 07:15:21 | INFO     | 
------------------------------------------------------------------------------------------
2026-03-31 07:15:21 | INFO     |   TOP 10 BY TOTAL_PNL
2026-03-31 07:15:21 | INFO     | ------------------------------------------------------------------------------------------
2026-03-31 07:15:21 | INFO     |   # 1 | P&L $   -2,829 | DD -$  11,413 | Sharpe -0.17 | WR  59.0% | PF 0.98 | Trades  551 | RISING_ROCKET_THRESHOLD=0.02, SIGNAL_MODE=classic
2026-03-31 07:15:21 | INFO     |   # 2 | P&L $   -2,829 | DD -$  11,413 | Sharpe -0.17 | WR  59.0% | PF 0.98 | Trades  551 | RISING_ROCKET_THRESHOLD=0.025, SIGNAL_MODE=classic
2026-03-31 07:15:21 | INFO     |   # 3 | P&L $   -2,829 | DD -$  11,413 | Sharpe -0.17 | WR  59.0% | PF 0.98 | Trades  551 | RISING_ROCKET_THRESHOLD=0.03, SIGNAL_MODE=classic
2026-03-31 07:15:21 | INFO     |   # 4 | P&L $   -2,829 | DD -$  11,413 | Sharpe -0.17 | WR  59.0% | PF 0.98 | Trades  551 | RISING_ROCKET_THRESHOLD=0.035, SIGNAL_MODE=classic
2026-03-31 07:15:21 | INFO     |   # 5 | P&L $   -2,829 | DD -$  11,413 | Sharpe -0.17 | WR  59.0% | PF 0.98 | Trades  551 | RISING_ROCKET_THRESHOLD=0.04, SIGNAL_MODE=classic
2026-03-31 07:15:21 | INFO     |   # 6 | P&L $   -2,829 | DD -$  11,413 | Sharpe -0.17 | WR  59.0% | PF 0.98 | Trades  551 | RISING_ROCKET_THRESHOLD=0.045, SIGNAL_MODE=classic
2026-03-31 07:15:21 | INFO     |   # 7 | P&L $   -2,829 | DD -$  11,413 | Sharpe -0.17 | WR  59.0% | PF 0.98 | Trades  551 | RISING_ROCKET_THRESHOLD=0.05, SIGNAL_MODE=classic
2026-03-31 07:15:21 | INFO     |   # 8 | P&L $   -2,829 | DD -$  11,413 | Sharpe -0.17 | WR  59.0% | PF 0.98 | Trades  551 | RISING_ROCKET_THRESHOLD=0.055, SIGNAL_MODE=classic
2026-03-31 07:15:21 | INFO     |   # 9 | P&L $   -2,829 | DD -$  11,413 | Sharpe -0.17 | WR  59.0% | PF 0.98 | Trades  551 | RISING_ROCKET_THRESHOLD=0.06, SIGNAL_MODE=classic
2026-03-31 07:15:21 | INFO     |   #10 | P&L $   -2,829 | DD -$  11,413 | Sharpe -0.17 | WR  59.0% | PF 0.98 | Trades  551 | RISING_ROCKET_THRESHOLD=0.065, SIGNAL_MODE=classic
2026-03-31 07:15:21 | INFO     | 
  BOTTOM 5:
2026-03-31 07:15:21 | INFO     |        | P&L $   -2,829 | DD -$  11,413 | Sharpe -0.17 | WR  59.0% | PF 0.98 | Trades  551 | RISING_ROCKET_THRESHOLD=0.1, SIGNAL_MODE=classic
2026-03-31 07:15:21 | INFO     |        | P&L $   -2,829 | DD -$  11,413 | Sharpe -0.17 | WR  59.0% | PF 0.98 | Trades  551 | RISING_ROCKET_THRESHOLD=0.105, SIGNAL_MODE=classic
2026-03-31 07:15:21 | INFO     |        | P&L $   -2,829 | DD -$  11,413 | Sharpe -0.17 | WR  59.0% | PF 0.98 | Trades  551 | RISING_ROCKET_THRESHOLD=0.11, SIGNAL_MODE=classic
2026-03-31 07:15:21 | INFO     |        | P&L $   -2,829 | DD -$  11,413 | Sharpe -0.17 | WR  59.0% | PF 0.98 | Trades  551 | RISING_ROCKET_THRESHOLD=0.115, SIGNAL_MODE=classic
2026-03-31 07:15:21 | INFO     |        | P&L $   -2,829 | DD -$  11,413 | Sharpe -0.17 | WR  59.0% | PF 0.98 | Trades  551 | RISING_ROCKET_THRESHOLD=0.12, SIGNAL_MODE=classic
2026-03-31 07:15:21 | INFO     | ------------------------------------------------------------------------------------------
2026-03-31 07:15:21 | INFO     | 
======================================================================
2026-03-31 07:15:21 | INFO     |   SWEEP: VIX Filter (8 combinations)
2026-03-31 07:15:21 | INFO     | ======================================================================
2026-03-31 07:15:21 | INFO     |   [1/8] VIX_MAX_FILTER=20.0 -> P&L $   -5,861 | WR 58.7% | Sharpe -0.24 | Trades 815
2026-03-31 07:15:21 | INFO     | 
------------------------------------------------------------------------------------------
2026-03-31 07:15:21 | INFO     |   TOP 10 BY TOTAL_PNL
2026-03-31 07:15:21 | INFO     | ------------------------------------------------------------------------------------------
2026-03-31 07:15:21 | INFO     |   # 1 | P&L $   -2,829 | DD -$  11,413 | Sharpe -0.17 | WR  59.0% | PF 0.98 | Trades  551 | USE_VIX_FILTER=True, SIGNAL_MODE=classic
2026-03-31 07:15:21 | INFO     |   # 2 | P&L $   -5,861 | DD -$  16,642 | Sharpe -0.24 | WR  58.7% | PF 0.97 | Trades  815 | VIX_MAX_FILTER=20.0
2026-03-31 07:15:21 | INFO     |   # 3 | P&L $   -5,861 | DD -$  16,642 | Sharpe -0.24 | WR  58.7% | PF 0.97 | Trades  815 | VIX_MAX_FILTER=25.0
2026-03-31 07:15:21 | INFO     |   # 4 | P&L $   -5,861 | DD -$  16,642 | Sharpe -0.24 | WR  58.7% | PF 0.97 | Trades  815 | VIX_MAX_FILTER=30.0
2026-03-31 07:15:21 | INFO     |   # 5 | P&L $   -5,861 | DD -$  16,642 | Sharpe -0.24 | WR  58.7% | PF 0.97 | Trades  815 | VIX_MAX_FILTER=35.0
2026-03-31 07:15:21 | INFO     |   # 6 | P&L $   -5,861 | DD -$  16,642 | Sharpe -0.24 | WR  58.7% | PF 0.97 | Trades  815 | VIX_MAX_FILTER=40.0
2026-03-31 07:15:21 | INFO     |   # 7 | P&L $   -5,861 | DD -$  16,642 | Sharpe -0.24 | WR  58.7% | PF 0.97 | Trades  815 | VIX_MAX_FILTER=50.0
2026-03-31 07:15:21 | INFO     |   # 8 | P&L $   -5,861 | DD -$  16,642 | Sharpe -0.24 | WR  58.7% | PF 0.97 | Trades  815 | VIX_MAX_FILTER=100.0
2026-03-31 07:15:21 | INFO     | 
  BOTTOM 5:
2026-03-31 07:15:21 | INFO     |        | P&L $   -5,861 | DD -$  16,642 | Sharpe -0.24 | WR  58.7% | PF 0.97 | Trades  815 | VIX_MAX_FILTER=30.0
2026-03-31 07:15:21 | INFO     |        | P&L $   -5,861 | DD -$  16,642 | Sharpe -0.24 | WR  58.7% | PF 0.97 | Trades  815 | VIX_MAX_FILTER=35.0
2026-03-31 07:15:21 | INFO     |        | P&L $   -5,861 | DD -$  16,642 | Sharpe -0.24 | WR  58.7% | PF 0.97 | Trades  815 | VIX_MAX_FILTER=40.0
2026-03-31 07:15:21 | INFO     |        | P&L $   -5,861 | DD -$  16,642 | Sharpe -0.24 | WR  58.7% | PF 0.97 | Trades  815 | VIX_MAX_FILTER=50.0
2026-03-31 07:15:21 | INFO     |        | P&L $   -5,861 | DD -$  16,642 | Sharpe -0.24 | WR  58.7% | PF 0.97 | Trades  815 | VIX_MAX_FILTER=100.0
2026-03-31 07:15:21 | INFO     | ------------------------------------------------------------------------------------------
2026-03-31 07:15:21 | INFO     | 
######################################################################
2026-03-31 07:15:21 | INFO     |   COMPREHENSIVE SWEEP COMPLETE
2026-03-31 07:15:21 | INFO     | ######################################################################
