2026-03-31 19:35:26 | INFO     | Log file  : /Users/jeerapongwongchote/Documents/thetadata/zenith/logs/zenith_20260331_193525.log
2026-03-31 19:35:26 | INFO     | ================================================================================
2026-03-31 19:35:26 | INFO     |   RECENT RUN HISTORY
2026-03-31 19:35:26 | INFO     | --------------------------------------------------------------------------------
2026-03-31 19:35:26 | INFO     |   Timestamp              | Mode       |  Trades |          P&L |         DD |  Sharpe |     WR
2026-03-31 19:35:26 | INFO     | --------------------------------------------------------------------------------
2026-03-31 19:35:26 | INFO     |   2026-03-31T07:24:13    | dynamic    |     815 | $    26,749 | -$   3,714 |   1.48 |  73.4%
2026-03-31 19:35:26 | INFO     |   2026-03-31T07:24:15    | dynamic    |     815 | $    26,749 | -$   3,714 |   1.48 |  73.4%
2026-03-31 19:35:26 | INFO     |   2026-03-31T07:26:20    | dynamic    |     513 | $    20,498 | -$   3,243 |   1.90 |  75.8%
2026-03-31 19:35:26 | INFO     |   2026-03-31T07:31:56    | dynamic    |     513 | $    15,794 | -$   2,152 |   1.69 |  67.8%
2026-03-31 19:35:26 | INFO     |   2026-03-31T07:34:53    | dynamic    |     513 | $    24,665 | -$   1,645 |   3.07 |  67.1%
2026-03-31 19:35:26 | INFO     |   2026-03-31T07:35:20    | dynamic    |     513 | $    40,531 | -$     728 |   6.37 |  64.9%
2026-03-31 19:35:26 | INFO     |   2026-03-31T07:40:53    | dynamic    |     513 | $    40,531 | -$     728 |   6.37 |  64.9%
2026-03-31 19:35:26 | INFO     |   2026-03-31T19:09:44    | dynamic    |     513 | $    22,151 | -$   1,641 |   3.60 |  64.1%
2026-03-31 19:35:26 | INFO     |   2026-03-31T19:13:29    | dynamic    |     513 | $    29,994 | -$   1,243 |   5.84 |  70.6%
2026-03-31 19:35:26 | INFO     |   2026-03-31T19:13:41    | dynamic    |     513 | $    29,994 | -$   1,243 |   5.84 |  70.6%
2026-03-31 19:35:26 | INFO     | ================================================================================
2026-03-31 19:35:26 | INFO     | ============================================================
2026-03-31 19:35:26 | INFO     | ZENITH FADE CCS BACKTEST
2026-03-31 19:35:26 | INFO     | Signal Mode  : dynamic
2026-03-31 19:35:26 | INFO     | Period       : 2022-01-03 -> 2026-03-25
2026-03-31 19:35:26 | INFO     | Score Thresh : 68.0
2026-03-31 19:35:26 | INFO     | Weights      : var=1.4, vol=8.9, rocket=274.0
2026-03-31 19:35:26 | INFO     | Strike       : 30.0pt OTM, 10.0pt wide
2026-03-31 19:35:26 | INFO     | Risk         : $600.0, TP 66%, SL -100%
2026-03-31 19:35:26 | INFO     | ============================================================
2026-03-31 19:35:26 | INFO     | Building daily indicators...
2026-03-31 19:35:28 | WARNING  | No SPX volume data — dRelVol defaulted to 1.0
2026-03-31 19:35:28 | INFO     | Built daily indicators: 1060 bars
2026-03-31 19:35:28 | INFO     |   -> 1060 daily bars loaded
2026-03-31 19:35:28 | INFO     | ============================================================
2026-03-31 19:35:28 | INFO     | ZENITH FADE CCS BACKTEST
2026-03-31 19:35:28 | INFO     | Mode: dynamic
2026-03-31 19:35:28 | INFO     | Period: 2022-01-03 -> 2026-03-25
2026-03-31 19:35:28 | INFO     | Trades -> /Users/jeerapongwongchote/Documents/thetadata/zenith/logs/zenith_trades_20260331_193525.csv
2026-03-31 19:35:28 | INFO     | ============================================================
2026-03-31 19:35:28 | INFO     | Signal #   1 | 20220104 | CALL | P&L: $    174 | Total: $      174 | WR: 100.0%
2026-03-31 19:35:28 | INFO     | Signal #   2 | 20220105 | CALL | P&L: $    190 | Total: $      364 | WR: 100.0%
2026-03-31 19:35:28 | INFO     | Signal #   3 | 20220106 |  PUT | P&L: $    217 | Total: $      581 | WR: 100.0%
2026-03-31 19:35:28 | INFO     | Signal #   4 | 20220107 | CALL | P&L: $    203 | Total: $      784 | WR: 100.0%
2026-03-31 19:35:28 | INFO     | Signal #   5 | 20220111 | CALL | P&L: $   -152 | Total: $      632 | WR: 80.0%
2026-03-31 19:35:28 | DEBUG    | Skipping 20220118 — VIX 22.8 > 22.0
2026-03-31 19:35:28 | DEBUG    | Skipping 20220119 — VIX 23.9 > 22.0
2026-03-31 19:35:28 | DEBUG    | Skipping 20220120 — VIX 25.6 > 22.0
2026-03-31 19:35:28 | DEBUG    | Skipping 20220121 — VIX 28.9 > 22.0
2026-03-31 19:35:28 | DEBUG    | Skipping 20220124 — VIX 29.9 > 22.0
2026-03-31 19:35:28 | DEBUG    | Skipping 20220125 — VIX 31.2 > 22.0
2026-03-31 19:35:28 | DEBUG    | Skipping 20220126 — VIX 32.0 > 22.0
2026-03-31 19:35:28 | DEBUG    | Skipping 20220127 — VIX 30.5 > 22.0
2026-03-31 19:35:28 | DEBUG    | Skipping 20220128 — VIX 27.7 > 22.0
2026-03-31 19:35:28 | DEBUG    | Skipping 20220131 — VIX 24.8 > 22.0
2026-03-31 19:35:28 | DEBUG    | Skipping 20220202 — VIX 22.1 > 22.0
2026-03-31 19:35:28 | DEBUG    | Skipping 20220203 — VIX 24.4 > 22.0
2026-03-31 19:35:28 | DEBUG    | Skipping 20220204 — VIX 23.2 > 22.0
2026-03-31 19:35:28 | DEBUG    | Skipping 20220207 — VIX 22.9 > 22.0
2026-03-31 19:35:28 | DEBUG    | Skipping 20220210 — VIX 23.9 > 22.0
2026-03-31 19:35:28 | DEBUG    | Skipping 20220211 — VIX 27.4 > 22.0
2026-03-31 19:35:28 | DEBUG    | Skipping 20220214 — VIX 28.3 > 22.0
2026-03-31 19:35:28 | DEBUG    | Skipping 20220215 — VIX 25.7 > 22.0
2026-03-31 19:35:28 | DEBUG    | Skipping 20220216 — VIX 24.3 > 22.0
2026-03-31 19:35:28 | DEBUG    | Skipping 20220217 — VIX 28.1 > 22.0
2026-03-31 19:35:28 | DEBUG    | Skipping 20220218 — VIX 27.8 > 22.0
2026-03-31 19:35:28 | DEBUG    | Skipping 20220222 — VIX 28.8 > 22.0
2026-03-31 19:35:28 | DEBUG    | Skipping 20220223 — VIX 31.0 > 22.0
2026-03-31 19:35:28 | DEBUG    | Skipping 20220224 — VIX 30.3 > 22.0
2026-03-31 19:35:28 | DEBUG    | Skipping 20220225 — VIX 27.6 > 22.0
2026-03-31 19:35:28 | DEBUG    | Skipping 20220228 — VIX 30.1 > 22.0
2026-03-31 19:35:28 | DEBUG    | Skipping 20220301 — VIX 33.3 > 22.0
2026-03-31 19:35:28 | DEBUG    | Skipping 20220302 — VIX 30.7 > 22.0
2026-03-31 19:35:28 | DEBUG    | Skipping 20220303 — VIX 30.5 > 22.0
2026-03-31 19:35:28 | DEBUG    | Skipping 20220304 — VIX 32.0 > 22.0
2026-03-31 19:35:28 | DEBUG    | Skipping 20220307 — VIX 36.5 > 22.0
2026-03-31 19:35:28 | DEBUG    | Skipping 20220308 — VIX 35.1 > 22.0
2026-03-31 19:35:28 | DEBUG    | Skipping 20220309 — VIX 32.5 > 22.0
2026-03-31 19:35:28 | DEBUG    | Skipping 20220310 — VIX 30.2 > 22.0
2026-03-31 19:35:28 | DEBUG    | Skipping 20220311 — VIX 30.8 > 22.0
2026-03-31 19:35:28 | DEBUG    | Skipping 20220314 — VIX 31.8 > 22.0
2026-03-31 19:35:28 | DEBUG    | Skipping 20220315 — VIX 29.8 > 22.0
2026-03-31 19:35:28 | DEBUG    | Skipping 20220316 — VIX 26.7 > 22.0
2026-03-31 19:35:28 | DEBUG    | Skipping 20220317 — VIX 25.7 > 22.0
2026-03-31 19:35:28 | DEBUG    | Skipping 20220318 — VIX 23.9 > 22.0
2026-03-31 19:35:28 | DEBUG    | Skipping 20220321 — VIX 23.5 > 22.0
2026-03-31 19:35:28 | DEBUG    | Skipping 20220322 — VIX 22.9 > 22.0
2026-03-31 19:35:28 | DEBUG    | Skipping 20220323 — VIX 23.6 > 22.0
2026-03-31 19:35:28 | DEBUG    | Skipping 20220406 — VIX 22.1 > 22.0
2026-03-31 19:35:28 | DEBUG    | Skipping 20220411 — VIX 24.4 > 22.0
2026-03-31 19:35:28 | DEBUG    | Skipping 20220412 — VIX 24.3 > 22.0
2026-03-31 19:35:28 | DEBUG    | Skipping 20220414 — VIX 22.7 > 22.0
2026-03-31 19:35:28 | DEBUG    | Skipping 20220418 — VIX 22.2 > 22.0
2026-03-31 19:35:28 | DEBUG    | Skipping 20220421 — VIX 22.7 > 22.0
2026-03-31 19:35:28 | DEBUG    | Skipping 20220422 — VIX 28.2 > 22.0
2026-03-31 19:35:28 | DEBUG    | Skipping 20220425 — VIX 27.0 > 22.0
2026-03-31 19:35:28 | DEBUG    | Skipping 20220426 — VIX 33.5 > 22.0
2026-03-31 19:35:28 | DEBUG    | Skipping 20220427 — VIX 31.6 > 22.0
2026-03-31 19:35:28 | DEBUG    | Skipping 20220428 — VIX 30.0 > 22.0
2026-03-31 19:35:28 | DEBUG    | Skipping 20220429 — VIX 33.4 > 22.0
2026-03-31 19:35:28 | DEBUG    | Skipping 20220502 — VIX 32.3 > 22.0
2026-03-31 19:35:28 | DEBUG    | Skipping 20220503 — VIX 29.2 > 22.0
2026-03-31 19:35:28 | DEBUG    | Skipping 20220504 — VIX 25.4 > 22.0
2026-03-31 19:35:28 | DEBUG    | Skipping 20220505 — VIX 31.2 > 22.0
2026-03-31 19:35:28 | DEBUG    | Skipping 20220506 — VIX 30.2 > 22.0
2026-03-31 19:35:28 | DEBUG    | Skipping 20220509 — VIX 34.8 > 22.0
2026-03-31 19:35:28 | DEBUG    | Skipping 20220510 — VIX 33.0 > 22.0
2026-03-31 19:35:28 | DEBUG    | Skipping 20220511 — VIX 32.6 > 22.0
2026-03-31 19:35:28 | DEBUG    | Skipping 20220512 — VIX 31.8 > 22.0
2026-03-31 19:35:28 | DEBUG    | Skipping 20220513 — VIX 28.9 > 22.0
2026-03-31 19:35:28 | DEBUG    | Skipping 20220516 — VIX 27.5 > 22.0
2026-03-31 19:35:28 | DEBUG    | Skipping 20220517 — VIX 26.1 > 22.0
2026-03-31 19:35:28 | DEBUG    | Skipping 20220518 — VIX 31.0 > 22.0
2026-03-31 19:35:28 | DEBUG    | Skipping 20220519 — VIX 29.4 > 22.0
2026-03-31 19:35:28 | DEBUG    | Skipping 20220520 — VIX 29.4 > 22.0
2026-03-31 19:35:28 | DEBUG    | Skipping 20220523 — VIX 28.5 > 22.0
2026-03-31 19:35:28 | DEBUG    | Skipping 20220524 — VIX 29.4 > 22.0
2026-03-31 19:35:28 | DEBUG    | Skipping 20220525 — VIX 28.4 > 22.0
2026-03-31 19:35:28 | DEBUG    | Skipping 20220526 — VIX 27.5 > 22.0
2026-03-31 19:35:28 | DEBUG    | Skipping 20220527 — VIX 25.7 > 22.0
2026-03-31 19:35:28 | DEBUG    | Skipping 20220531 — VIX 26.2 > 22.0
2026-03-31 19:35:28 | DEBUG    | Skipping 20220601 — VIX 25.7 > 22.0
2026-03-31 19:35:28 | DEBUG    | Skipping 20220602 — VIX 24.7 > 22.0
2026-03-31 19:35:28 | DEBUG    | Skipping 20220603 — VIX 24.8 > 22.0
2026-03-31 19:35:28 | DEBUG    | Skipping 20220606 — VIX 25.1 > 22.0
2026-03-31 19:35:28 | DEBUG    | Skipping 20220607 — VIX 24.0 > 22.0
2026-03-31 19:35:28 | DEBUG    | Skipping 20220608 — VIX 24.0 > 22.0
2026-03-31 19:35:28 | DEBUG    | Skipping 20220609 — VIX 26.1 > 22.0
2026-03-31 19:35:28 | DEBUG    | Skipping 20220610 — VIX 27.8 > 22.0
2026-03-31 19:35:28 | DEBUG    | Skipping 20220613 — VIX 34.0 > 22.0
2026-03-31 19:35:28 | DEBUG    | Skipping 20220614 — VIX 32.7 > 22.0
2026-03-31 19:35:28 | DEBUG    | Skipping 20220615 — VIX 29.6 > 22.0
2026-03-31 19:35:28 | DEBUG    | Skipping 20220616 — VIX 33.0 > 22.0
2026-03-31 19:35:28 | DEBUG    | Skipping 20220617 — VIX 31.1 > 22.0
2026-03-31 19:35:28 | DEBUG    | Skipping 20220621 — VIX 30.2 > 22.0
2026-03-31 19:35:28 | DEBUG    | Skipping 20220622 — VIX 28.9 > 22.0
2026-03-31 19:35:28 | DEBUG    | Skipping 20220623 — VIX 29.1 > 22.0
2026-03-31 19:35:28 | DEBUG    | Skipping 20220624 — VIX 27.2 > 22.0
2026-03-31 19:35:28 | DEBUG    | Skipping 20220627 — VIX 26.9 > 22.0
2026-03-31 19:35:28 | DEBUG    | Skipping 20220628 — VIX 28.4 > 22.0
2026-03-31 19:35:28 | DEBUG    | Skipping 20220629 — VIX 28.2 > 22.0
2026-03-31 19:35:28 | DEBUG    | Skipping 20220630 — VIX 28.7 > 22.0
2026-03-31 19:35:28 | DEBUG    | Skipping 20220701 — VIX 26.7 > 22.0
2026-03-31 19:35:28 | DEBUG    | Skipping 20220705 — VIX 27.5 > 22.0
2026-03-31 19:35:28 | DEBUG    | Skipping 20220706 — VIX 26.7 > 22.0
2026-03-31 19:35:28 | DEBUG    | Skipping 20220707 — VIX 26.1 > 22.0
2026-03-31 19:35:28 | DEBUG    | Skipping 20220708 — VIX 24.6 > 22.0
2026-03-31 19:35:28 | DEBUG    | Skipping 20220711 — VIX 26.2 > 22.0
2026-03-31 19:35:28 | DEBUG    | Skipping 20220712 — VIX 27.3 > 22.0
2026-03-31 19:35:28 | DEBUG    | Skipping 20220713 — VIX 26.8 > 22.0
2026-03-31 19:35:28 | DEBUG    | Skipping 20220714 — VIX 26.4 > 22.0
2026-03-31 19:35:28 | DEBUG    | Skipping 20220715 — VIX 24.2 > 22.0
2026-03-31 19:35:28 | DEBUG    | Skipping 20220718 — VIX 25.3 > 22.0
2026-03-31 19:35:28 | DEBUG    | Skipping 20220719 — VIX 24.5 > 22.0
2026-03-31 19:35:28 | DEBUG    | Skipping 20220720 — VIX 23.9 > 22.0
2026-03-31 19:35:28 | DEBUG    | Skipping 20220721 — VIX 23.1 > 22.0
2026-03-31 19:35:28 | DEBUG    | Skipping 20220722 — VIX 23.0 > 22.0
2026-03-31 19:35:28 | DEBUG    | Skipping 20220725 — VIX 23.4 > 22.0
2026-03-31 19:35:28 | DEBUG    | Skipping 20220726 — VIX 24.7 > 22.0
2026-03-31 19:35:28 | DEBUG    | Skipping 20220727 — VIX 23.2 > 22.0
2026-03-31 19:35:28 | DEBUG    | Skipping 20220728 — VIX 22.3 > 22.0
2026-03-31 19:35:28 | DEBUG    | Skipping 20220801 — VIX 22.8 > 22.0
2026-03-31 19:35:28 | DEBUG    | Skipping 20220802 — VIX 23.9 > 22.0
2026-03-31 19:35:29 | DEBUG    | Skipping 20220822 — VIX 23.8 > 22.0
2026-03-31 19:35:29 | DEBUG    | Skipping 20220823 — VIX 24.1 > 22.0
2026-03-31 19:35:29 | DEBUG    | Skipping 20220824 — VIX 22.8 > 22.0
2026-03-31 19:35:29 | DEBUG    | Skipping 20220826 — VIX 25.6 > 22.0
2026-03-31 19:35:29 | DEBUG    | Skipping 20220829 — VIX 26.2 > 22.0
2026-03-31 19:35:29 | DEBUG    | Skipping 20220830 — VIX 26.2 > 22.0
2026-03-31 19:35:29 | DEBUG    | Skipping 20220831 — VIX 25.9 > 22.0
2026-03-31 19:35:29 | DEBUG    | Skipping 20220901 — VIX 25.6 > 22.0
2026-03-31 19:35:29 | DEBUG    | Skipping 20220902 — VIX 25.5 > 22.0
2026-03-31 19:35:29 | DEBUG    | Skipping 20220906 — VIX 26.9 > 22.0
2026-03-31 19:35:29 | DEBUG    | Skipping 20220907 — VIX 24.6 > 22.0
2026-03-31 19:35:29 | DEBUG    | Skipping 20220908 — VIX 23.6 > 22.0
2026-03-31 19:35:29 | DEBUG    | Skipping 20220909 — VIX 22.8 > 22.0
2026-03-31 19:35:29 | DEBUG    | Skipping 20220912 — VIX 23.9 > 22.0
2026-03-31 19:35:29 | DEBUG    | Skipping 20220913 — VIX 27.3 > 22.0
2026-03-31 19:35:29 | DEBUG    | Skipping 20220914 — VIX 26.2 > 22.0
2026-03-31 19:35:29 | DEBUG    | Skipping 20220915 — VIX 26.3 > 22.0
2026-03-31 19:35:29 | DEBUG    | Skipping 20220916 — VIX 26.3 > 22.0
2026-03-31 19:35:29 | DEBUG    | Skipping 20220919 — VIX 25.8 > 22.0
2026-03-31 19:35:29 | DEBUG    | Skipping 20220920 — VIX 27.2 > 22.0
2026-03-31 19:35:29 | DEBUG    | Skipping 20220921 — VIX 28.0 > 22.0
2026-03-31 19:35:29 | DEBUG    | Skipping 20220922 — VIX 27.4 > 22.0
2026-03-31 19:35:29 | DEBUG    | Skipping 20220923 — VIX 29.9 > 22.0
2026-03-31 19:35:29 | DEBUG    | Skipping 20220926 — VIX 32.3 > 22.0
2026-03-31 19:35:29 | DEBUG    | Skipping 20220927 — VIX 32.6 > 22.0
2026-03-31 19:35:29 | DEBUG    | Skipping 20220928 — VIX 30.2 > 22.0
2026-03-31 19:35:29 | DEBUG    | Skipping 20220929 — VIX 31.8 > 22.0
2026-03-31 19:35:29 | DEBUG    | Skipping 20220930 — VIX 31.6 > 22.0
2026-03-31 19:35:29 | DEBUG    | Skipping 20221003 — VIX 30.1 > 22.0
2026-03-31 19:35:29 | DEBUG    | Skipping 20221004 — VIX 29.1 > 22.0
2026-03-31 19:35:29 | DEBUG    | Skipping 20221005 — VIX 28.6 > 22.0
2026-03-31 19:35:29 | DEBUG    | Skipping 20221006 — VIX 30.5 > 22.0
2026-03-31 19:35:29 | DEBUG    | Skipping 20221007 — VIX 31.4 > 22.0
2026-03-31 19:35:29 | DEBUG    | Skipping 20221010 — VIX 32.5 > 22.0
2026-03-31 19:35:29 | DEBUG    | Skipping 20221011 — VIX 33.6 > 22.0
2026-03-31 19:35:29 | DEBUG    | Skipping 20221012 — VIX 33.6 > 22.0
2026-03-31 19:35:29 | DEBUG    | Skipping 20221013 — VIX 31.9 > 22.0
2026-03-31 19:35:29 | DEBUG    | Skipping 20221014 — VIX 32.0 > 22.0
2026-03-31 19:35:29 | DEBUG    | Skipping 20221017 — VIX 31.4 > 22.0
2026-03-31 19:35:29 | DEBUG    | Skipping 20221018 — VIX 30.5 > 22.0
2026-03-31 19:35:29 | DEBUG    | Skipping 20221019 — VIX 30.8 > 22.0
2026-03-31 19:35:29 | DEBUG    | Skipping 20221020 — VIX 30.0 > 22.0
2026-03-31 19:35:29 | DEBUG    | Skipping 20221021 — VIX 29.7 > 22.0
2026-03-31 19:35:29 | DEBUG    | Skipping 20221024 — VIX 29.9 > 22.0
2026-03-31 19:35:29 | DEBUG    | Skipping 20221025 — VIX 28.5 > 22.0
2026-03-31 19:35:29 | DEBUG    | Skipping 20221026 — VIX 27.3 > 22.0
2026-03-31 19:35:29 | DEBUG    | Skipping 20221027 — VIX 27.4 > 22.0
2026-03-31 19:35:29 | DEBUG    | Skipping 20221028 — VIX 25.8 > 22.0
2026-03-31 19:35:29 | DEBUG    | Skipping 20221031 — VIX 25.9 > 22.0
2026-03-31 19:35:29 | DEBUG    | Skipping 20221101 — VIX 25.8 > 22.0
2026-03-31 19:35:29 | DEBUG    | Skipping 20221102 — VIX 25.9 > 22.0
2026-03-31 19:35:29 | DEBUG    | Skipping 20221103 — VIX 25.3 > 22.0
2026-03-31 19:35:29 | DEBUG    | Skipping 20221104 — VIX 24.6 > 22.0
2026-03-31 19:35:29 | DEBUG    | Skipping 20221107 — VIX 24.4 > 22.0
2026-03-31 19:35:29 | DEBUG    | Skipping 20221108 — VIX 25.5 > 22.0
2026-03-31 19:35:29 | DEBUG    | Skipping 20221109 — VIX 26.1 > 22.0
2026-03-31 19:35:29 | DEBUG    | Skipping 20221110 — VIX 23.5 > 22.0
2026-03-31 19:35:29 | DEBUG    | Skipping 20221111 — VIX 22.5 > 22.0
2026-03-31 19:35:29 | DEBUG    | Skipping 20221114 — VIX 23.7 > 22.0
2026-03-31 19:35:29 | DEBUG    | Skipping 20221115 — VIX 24.5 > 22.0
2026-03-31 19:35:29 | DEBUG    | Skipping 20221116 — VIX 24.1 > 22.0
2026-03-31 19:35:29 | DEBUG    | Skipping 20221117 — VIX 23.9 > 22.0
2026-03-31 19:35:29 | DEBUG    | Skipping 20221118 — VIX 23.1 > 22.0
2026-03-31 19:35:29 | DEBUG    | Skipping 20221121 — VIX 22.4 > 22.0
2026-03-31 19:35:29 | DEBUG    | Skipping 20221128 — VIX 22.2 > 22.0
2026-03-31 19:35:29 | DEBUG    | Skipping 20221206 — VIX 22.2 > 22.0
2026-03-31 19:35:29 | DEBUG    | Skipping 20221207 — VIX 22.7 > 22.0
2026-03-31 19:35:29 | DEBUG    | Skipping 20221208 — VIX 22.3 > 22.0
2026-03-31 19:35:29 | DEBUG    | Skipping 20221209 — VIX 22.8 > 22.0
2026-03-31 19:35:29 | DEBUG    | Skipping 20221212 — VIX 25.0 > 22.0
2026-03-31 19:35:29 | DEBUG    | Skipping 20221213 — VIX 22.6 > 22.0
2026-03-31 19:35:29 | DEBUG    | Skipping 20221215 — VIX 22.8 > 22.0
2026-03-31 19:35:29 | DEBUG    | Skipping 20221216 — VIX 22.6 > 22.0
2026-03-31 19:35:29 | DEBUG    | Skipping 20221219 — VIX 22.4 > 22.0
2026-03-31 19:35:29 | INFO     | Signal #  50 | 20221223 | CALL | P&L: $      1 | Total: $    3,960 | WR: 70.0%
2026-03-31 19:35:29 | DEBUG    | Skipping 20221228 — VIX 22.1 > 22.0
2026-03-31 19:35:29 | DEBUG    | Skipping 20230103 — VIX 22.9 > 22.0
2026-03-31 19:35:29 | DEBUG    | Skipping 20230104 — VIX 22.0 > 22.0
2026-03-31 19:35:29 | DEBUG    | Skipping 20230105 — VIX 22.5 > 22.0
2026-03-31 19:35:29 | DEBUG    | Skipping 20230221 — VIX 22.9 > 22.0
2026-03-31 19:35:29 | DEBUG    | Skipping 20230222 — VIX 22.3 > 22.0
2026-03-31 19:35:29 | DEBUG    | Skipping 20230309 — VIX 22.6 > 22.0
2026-03-31 19:35:29 | DEBUG    | Skipping 20230310 — VIX 24.8 > 22.0
2026-03-31 19:35:29 | DEBUG    | Skipping 20230313 — VIX 26.5 > 22.0
2026-03-31 19:35:29 | DEBUG    | Skipping 20230314 — VIX 23.7 > 22.0
2026-03-31 19:35:29 | DEBUG    | Skipping 20230315 — VIX 26.1 > 22.0
2026-03-31 19:35:29 | DEBUG    | Skipping 20230316 — VIX 23.0 > 22.0
2026-03-31 19:35:29 | DEBUG    | Skipping 20230317 — VIX 25.5 > 22.0
2026-03-31 19:35:29 | DEBUG    | Skipping 20230320 — VIX 24.1 > 22.0
2026-03-31 19:35:29 | DEBUG    | Skipping 20230322 — VIX 22.3 > 22.0
2026-03-31 19:35:29 | DEBUG    | Skipping 20230323 — VIX 22.6 > 22.0
2026-03-31 19:35:29 | INFO     | Signal # 100 | 20230410 | CALL | P&L: $      1 | Total: $    4,487 | WR: 66.0%
2026-03-31 19:35:29 | INFO     | Signal # 150 | 20230705 | CALL | P&L: $      1 | Total: $    5,715 | WR: 70.0%
2026-03-31 19:35:29 | INFO     | Signal # 200 | 20230920 | CALL | P&L: $    167 | Total: $    8,325 | WR: 73.0%
2026-03-31 19:35:29 | INFO     | Signal # 250 | 20231212 | CALL | P&L: $    112 | Total: $    9,227 | WR: 73.2%
2026-03-31 19:35:29 | INFO     | Signal # 300 | 20240301 | CALL | P&L: $   -152 | Total: $   10,611 | WR: 73.7%
2026-03-31 19:35:29 | INFO     | Signal # 350 | 20240604 | CALL | P&L: $     17 | Total: $   11,909 | WR: 74.0%
2026-03-31 19:35:29 | DEBUG    | Skipping 20240802 — VIX 23.4 > 22.0
2026-03-31 19:35:29 | DEBUG    | Skipping 20240805 — VIX 38.6 > 22.0
2026-03-31 19:35:29 | DEBUG    | Skipping 20240806 — VIX 27.7 > 22.0
2026-03-31 19:35:29 | DEBUG    | Skipping 20240807 — VIX 27.9 > 22.0
2026-03-31 19:35:29 | DEBUG    | Skipping 20240808 — VIX 23.8 > 22.0
2026-03-31 19:35:29 | DEBUG    | Skipping 20240906 — VIX 22.4 > 22.0
2026-03-31 19:35:29 | INFO     | Signal # 400 | 20240911 | CALL | P&L: $   -152 | Total: $   15,989 | WR: 74.2%
2026-03-31 19:35:29 | DEBUG    | Skipping 20241007 — VIX 22.6 > 22.0
2026-03-31 19:35:29 | DEBUG    | Skipping 20241031 — VIX 23.2 > 22.0
2026-03-31 19:35:29 | INFO     | Signal # 450 | 20241205 | CALL | P&L: $    181 | Total: $   21,611 | WR: 73.8%
2026-03-31 19:35:30 | DEBUG    | Skipping 20241218 — VIX 27.6 > 22.0
2026-03-31 19:35:30 | DEBUG    | Skipping 20241219 — VIX 24.1 > 22.0
2026-03-31 19:35:30 | DEBUG    | Skipping 20250303 — VIX 22.8 > 22.0
2026-03-31 19:35:30 | DEBUG    | Skipping 20250304 — VIX 23.5 > 22.0
2026-03-31 19:35:30 | DEBUG    | Skipping 20250306 — VIX 24.9 > 22.0
2026-03-31 19:35:30 | DEBUG    | Skipping 20250307 — VIX 23.4 > 22.0
2026-03-31 19:35:30 | DEBUG    | Skipping 20250310 — VIX 27.9 > 22.0
2026-03-31 19:35:30 | DEBUG    | Skipping 20250311 — VIX 26.9 > 22.0
2026-03-31 19:35:30 | DEBUG    | Skipping 20250312 — VIX 24.2 > 22.0
2026-03-31 19:35:30 | DEBUG    | Skipping 20250313 — VIX 24.7 > 22.0
2026-03-31 19:35:30 | INFO     | Signal # 500 | 20250324 | CALL | P&L: $   -152 | Total: $   26,816 | WR: 73.2%
2026-03-31 19:35:30 | DEBUG    | Skipping 20250331 — VIX 22.3 > 22.0
2026-03-31 19:35:30 | DEBUG    | Skipping 20250403 — VIX 30.0 > 22.0
2026-03-31 19:35:30 | DEBUG    | Skipping 20250404 — VIX 45.3 > 22.0
2026-03-31 19:35:30 | DEBUG    | Skipping 20250407 — VIX 47.0 > 22.0
2026-03-31 19:35:30 | DEBUG    | Skipping 20250408 — VIX 52.3 > 22.0
2026-03-31 19:35:30 | DEBUG    | Skipping 20250409 — VIX 33.6 > 22.0
2026-03-31 19:35:30 | DEBUG    | Skipping 20250410 — VIX 40.7 > 22.0
2026-03-31 19:35:30 | DEBUG    | Skipping 20250411 — VIX 37.6 > 22.0
2026-03-31 19:35:30 | DEBUG    | Skipping 20250414 — VIX 30.9 > 22.0
2026-03-31 19:35:30 | DEBUG    | Skipping 20250415 — VIX 30.1 > 22.0
2026-03-31 19:35:30 | DEBUG    | Skipping 20250416 — VIX 32.6 > 22.0
2026-03-31 19:35:30 | DEBUG    | Skipping 20250417 — VIX 29.6 > 22.0
2026-03-31 19:35:30 | DEBUG    | Skipping 20250421 — VIX 33.8 > 22.0
2026-03-31 19:35:30 | DEBUG    | Skipping 20250422 — VIX 30.6 > 22.0
2026-03-31 19:35:30 | DEBUG    | Skipping 20250423 — VIX 28.4 > 22.0
2026-03-31 19:35:30 | DEBUG    | Skipping 20250424 — VIX 26.5 > 22.0
2026-03-31 19:35:30 | DEBUG    | Skipping 20250425 — VIX 24.8 > 22.0
2026-03-31 19:35:30 | DEBUG    | Skipping 20250428 — VIX 25.1 > 22.0
2026-03-31 19:35:30 | DEBUG    | Skipping 20250429 — VIX 24.2 > 22.0
2026-03-31 19:35:30 | DEBUG    | Skipping 20250430 — VIX 24.7 > 22.0
2026-03-31 19:35:30 | DEBUG    | Skipping 20250501 — VIX 24.6 > 22.0
2026-03-31 19:35:30 | DEBUG    | Skipping 20250502 — VIX 22.7 > 22.0
2026-03-31 19:35:30 | DEBUG    | Skipping 20250505 — VIX 23.6 > 22.0
2026-03-31 19:35:30 | DEBUG    | Skipping 20250506 — VIX 24.8 > 22.0
2026-03-31 19:35:30 | DEBUG    | Skipping 20250507 — VIX 23.6 > 22.0
2026-03-31 19:35:30 | DEBUG    | Skipping 20250508 — VIX 22.5 > 22.0
2026-03-31 19:35:30 | DEBUG    | Skipping 20250523 — VIX 22.3 > 22.0
2026-03-31 19:35:30 | INFO     | Signal # 550 | 20250730 |  PUT | P&L: $    235 | Total: $   33,099 | WR: 72.9%
2026-03-31 19:35:30 | DEBUG    | Skipping 20251016 — VIX 25.3 > 22.0
2026-03-31 19:35:30 | INFO     | Signal # 600 | 20251024 | CALL | P&L: $   -152 | Total: $   39,517 | WR: 72.8%
2026-03-31 19:35:30 | DEBUG    | Skipping 20251117 — VIX 22.4 > 22.0
2026-03-31 19:35:30 | DEBUG    | Skipping 20251118 — VIX 24.7 > 22.0
2026-03-31 19:35:30 | DEBUG    | Skipping 20251119 — VIX 23.7 > 22.0
2026-03-31 19:35:30 | DEBUG    | Skipping 20251120 — VIX 26.4 > 22.0
2026-03-31 19:35:30 | DEBUG    | Skipping 20251121 — VIX 23.4 > 22.0
2026-03-31 19:35:30 | INFO     | Signal # 650 | 20260130 | CALL | P&L: $    277 | Total: $   45,716 | WR: 72.5%
2026-03-31 19:35:30 | DEBUG    | Skipping 20260303 — VIX 23.6 > 22.0
2026-03-31 19:35:30 | DEBUG    | Skipping 20260305 — VIX 23.8 > 22.0
2026-03-31 19:35:30 | DEBUG    | Skipping 20260306 — VIX 29.5 > 22.0
2026-03-31 19:35:30 | DEBUG    | Skipping 20260309 — VIX 25.5 > 22.0
2026-03-31 19:35:30 | DEBUG    | Skipping 20260310 — VIX 24.9 > 22.0
2026-03-31 19:35:30 | DEBUG    | Skipping 20260311 — VIX 24.2 > 22.0
2026-03-31 19:35:30 | DEBUG    | Skipping 20260312 — VIX 27.3 > 22.0
2026-03-31 19:35:30 | DEBUG    | Skipping 20260313 — VIX 27.2 > 22.0
2026-03-31 19:35:30 | DEBUG    | Skipping 20260316 — VIX 23.5 > 22.0
2026-03-31 19:35:30 | DEBUG    | Skipping 20260317 — VIX 22.4 > 22.0
2026-03-31 19:35:30 | DEBUG    | Skipping 20260318 — VIX 25.1 > 22.0
2026-03-31 19:35:30 | DEBUG    | Skipping 20260319 — VIX 24.1 > 22.0
2026-03-31 19:35:30 | DEBUG    | Skipping 20260320 — VIX 26.8 > 22.0
2026-03-31 19:35:30 | DEBUG    | Skipping 20260323 — VIX 26.1 > 22.0
2026-03-31 19:35:30 | DEBUG    | Skipping 20260324 — VIX 26.9 > 22.0
2026-03-31 19:35:30 | DEBUG    | Skipping 20260325 — VIX 25.3 > 22.0
2026-03-31 19:35:30 | INFO     | DONE — 669 trades, 1060 trading days, 390 skipped
2026-03-31 19:35:30 | INFO     | Trade log snapshot -> /Users/jeerapongwongchote/Documents/thetadata/zenith/tradelogs_zenith.csv
2026-03-31 19:35:30 | INFO     | ============================================================
2026-03-31 19:35:30 | INFO     |   ZENITH FADE CCS — BACKTEST RESULTS
2026-03-31 19:35:30 | INFO     | ============================================================
2026-03-31 19:35:30 | INFO     |   Period          : 20220103 -> 20260304
2026-03-31 19:35:30 | INFO     |   Trading Days    : 1062
2026-03-31 19:35:30 | INFO     |   Signal Days     : 669
2026-03-31 19:35:30 | INFO     |   Signal Rate     : 63.0%
2026-03-31 19:35:30 | INFO     | ============================================================
2026-03-31 19:35:30 | INFO     |   Total P&L       : $   48,256.50
2026-03-31 19:35:30 | INFO     |   CAGR            : 9.9%
2026-03-31 19:35:30 | INFO     |   Max Drawdown    : -$  1,006.13 (1.0%)
2026-03-31 19:35:30 | INFO     |   Recovery Factor : 47.96
2026-03-31 19:35:30 | INFO     | ============================================================
2026-03-31 19:35:30 | INFO     |   Win Rate        : 72.3%
2026-03-31 19:35:30 | INFO     |   Profit Factor   : 2.72
2026-03-31 19:35:30 | INFO     |   Sharpe Ratio    : 7.20
2026-03-31 19:35:30 | INFO     |   Sortino Ratio   : 99.00
2026-03-31 19:35:30 | INFO     |   Calmar Ratio    : 10.32
2026-03-31 19:35:30 | INFO     | ============================================================
2026-03-31 19:35:30 | INFO     |   Avg Win         : $  157.52
2026-03-31 19:35:30 | INFO     |   Avg Loss        : $ -151.26
2026-03-31 19:35:30 | INFO     |   Best Trade      : $  304.70
2026-03-31 19:35:30 | INFO     |   Worst Trade     : $ -152.00
2026-03-31 19:35:30 | INFO     |   Max Win Streak  : 21
2026-03-31 19:35:30 | INFO     | ============================================================
2026-03-31 19:35:30 | INFO     | Results written to /Users/jeerapongwongchote/Documents/thetadata/zenith/RESULTS.md
2026-03-31 19:35:30 | INFO     | Run summary appended to /Users/jeerapongwongchote/Documents/thetadata/zenith/logs/run_history.json
2026-03-31 19:35:30 | INFO     | --------------------------------------------------------------
2026-03-31 19:35:30 | INFO     |   VIX CORRELATION ANALYSIS
2026-03-31 19:35:30 | INFO     | --------------------------------------------------------------
2026-03-31 19:35:30 | INFO     |   VIX Range  |  Trades |  Win Rate |    Avg P&L |    Total P&L
2026-03-31 19:35:30 | INFO     | --------------------------------------------------------------
2026-03-31 19:35:30 | INFO     |   < 15       |     226 |     82.7% | $    60.69 | $  13,716.35
2026-03-31 19:35:30 | INFO     |   15-20      |     350 |     69.4% | $    83.18 | $  29,114.11
2026-03-31 19:35:30 | INFO     |   20-25      |      93 |     58.1% | $    58.34 | $   5,426.04
2026-03-31 19:35:30 | INFO     |   25-30      |       0 |      0.0% | $     0.00 | $       0.00
2026-03-31 19:35:30 | INFO     |   30-35      |       0 |      0.0% | $     0.00 | $       0.00
2026-03-31 19:35:30 | INFO     |   35+        |       0 |      0.0% | $     0.00 | $       0.00
2026-03-31 19:35:30 | INFO     | --------------------------------------------------------------
2026-03-31 19:35:30 | INFO     | ----------------------------------------------------------------------------------------------------
2026-03-31 19:35:30 | INFO     |   MONTHLY P&L TABLE
2026-03-31 19:35:30 | INFO     | ----------------------------------------------------------------------------------------------------
2026-03-31 19:35:30 | INFO     |   Year   |      1 |      2 |      3 |      4 |      5 |      6 |      7 |      8 |      9 |     10 |     11 |     12 |      Total
2026-03-31 19:35:30 | INFO     | ----------------------------------------------------------------------------------------------------
2026-03-31 19:35:30 | INFO     |   2022   | $  865 | $   91 | $  883 | $  765 |     -- |     -- | $ -152 | $1,392 |     -- |     -- | $  -28 | $  602 | $    4,417
2026-03-31 19:35:30 | INFO     |   2023   | $  -86 | $ -402 | $  305 | $1,318 | $  109 | $   52 | $  308 | $1,908 | $  732 | $ -205 | $  277 | $1,662 | $    5,977
2026-03-31 19:35:30 | INFO     |   2024   | $  538 | $ -169 | $   43 | $   35 | $  921 | $   72 | $2,448 | $1,163 | $1,569 | $2,888 | $1,313 | $2,545 | $   13,366
2026-03-31 19:35:30 | INFO     |   2025   | $  567 | $1,999 | $  797 | $ -304 | $1,783 | $1,486 | $2,859 | $2,726 | $1,824 | $2,867 | $  557 | $2,512 | $   19,672
2026-03-31 19:35:30 | INFO     |   2026   | $2,284 | $2,691 | $ -151 |     -- |     -- |     -- |     -- |     -- |     -- |     -- |     -- |     -- | $    4,824
2026-03-31 19:35:30 | INFO     | ----------------------------------------------------------------------------------------------------
2026-03-31 19:35:30 | INFO     | -------------------------------------------------------
2026-03-31 19:35:30 | INFO     |   WORST 15 LOSS DAYS
2026-03-31 19:35:30 | INFO     | -------------------------------------------------------
2026-03-31 19:35:30 | INFO     |   Date         |  Trades |      Day P&L
2026-03-31 19:35:30 | INFO     | -------------------------------------------------------
2026-03-31 19:35:30 | INFO     |   20220111     |       1 | $    -152.00
2026-03-31 19:35:30 | INFO     |   20220114     |       1 | $    -152.00
2026-03-31 19:35:30 | INFO     |   20220209     |       1 | $    -152.00
2026-03-31 19:35:30 | INFO     |   20220329     |       1 | $    -152.00
2026-03-31 19:35:30 | INFO     |   20220407     |       1 | $    -152.00
2026-03-31 19:35:30 | INFO     |   20220419     |       1 | $    -152.00
2026-03-31 19:35:30 | INFO     |   20220729     |       1 | $    -152.00
2026-03-31 19:35:30 | INFO     |   20220808     |       1 | $    -152.00
2026-03-31 19:35:30 | INFO     |   20220810     |       1 | $    -152.00
2026-03-31 19:35:30 | INFO     |   20220811     |       1 | $    -152.00
2026-03-31 19:35:30 | INFO     |   20220825     |       1 | $    -152.00
2026-03-31 19:35:30 | INFO     |   20221122     |       1 | $    -152.00
2026-03-31 19:35:30 | INFO     |   20221130     |       1 | $    -152.00
2026-03-31 19:35:30 | INFO     |   20221221     |       1 | $    -152.00
2026-03-31 19:35:30 | INFO     |   20230109     |       1 | $    -152.00
2026-03-31 19:35:30 | INFO     | -------------------------------------------------------
2026-03-31 19:35:30 | INFO     | ----------------------------------------------------------------------
2026-03-31 19:35:30 | INFO     |   FILTER VALUE ANALYSIS (WIN vs LOSS)
2026-03-31 19:35:30 | INFO     | ----------------------------------------------------------------------
2026-03-31 19:35:30 | INFO     |   Filter             |    Win Avg |   Loss Avg |      Delta
2026-03-31 19:35:30 | INFO     | ----------------------------------------------------------------------
2026-03-31 19:35:30 | INFO     |   Variance %         |    60.0823 |    65.2561 |    -5.1737
2026-03-31 19:35:30 | INFO     |   Rel Volume         |     1.0000 |     1.0000 |    +0.0000
2026-03-31 19:35:30 | INFO     |   Rising Rocket      |     0.0030 |     0.0019 |    +0.0011
2026-03-31 19:35:30 | INFO     |   Exhaustion Score   |    92.2008 |    99.7486 |    -7.5478
2026-03-31 19:35:30 | INFO     |   RSI                |        nan |    55.5054 |       +nan
2026-03-31 19:35:30 | INFO     |   Stochastic         |    72.4795 |    65.4459 |    +7.0336
2026-03-31 19:35:30 | INFO     |   Body Size          |    27.2604 |    27.1759 |    +0.0845
2026-03-31 19:35:30 | INFO     |   Gap %              |        nan |    -0.0131 |       +nan
2026-03-31 19:35:30 | INFO     |   Cluster Count      |     1.6529 |     1.7946 |    -0.1417
2026-03-31 19:35:30 | INFO     |   Dist from SMA      |     0.0117 |     0.0068 |    +0.0049
2026-03-31 19:35:30 | INFO     |   VIX Level          |    16.3179 |    17.4649 |    -1.1470
2026-03-31 19:35:30 | INFO     | ----------------------------------------------------------------------
