2026-04-04 13:15:19 | INFO     | Log file  : /Users/jeerapongwongchote/Documents/thetadata/zenith/logs/zenith_20260404_131519.log
2026-04-04 13:15:19 | INFO     | ================================================================================
2026-04-04 13:15:19 | INFO     |   RECENT RUN HISTORY
2026-04-04 13:15:19 | INFO     | --------------------------------------------------------------------------------
2026-04-04 13:15:19 | INFO     |     # | Timestamp              |  Trades |          P&L |         DD |  Sharpe |     WR
2026-04-04 13:15:19 | INFO     | --------------------------------------------------------------------------------
2026-04-04 13:15:19 | INFO     |    42 | 2026-04-02T21:10:10    |     634 | $   528,218 | -$   6,861 |   8.32 |  75.9%
2026-04-04 13:15:19 | INFO     |    43 | 2026-04-02T21:16:09    |     496 | $    66,136 | -$     854 |  12.02 |  79.0%
2026-04-04 13:15:19 | INFO     |    44 | 2026-04-02T21:22:13    |     496 | $    66,136 | -$     854 |  12.02 |  79.0%
2026-04-04 13:15:19 | INFO     |    45 | 2026-04-02T21:29:04    |     366 | $    30,405 | -$     816 |   8.02 |  76.0%
2026-04-04 13:15:19 | INFO     |    46 | 2026-04-02T21:34:49    |     378 | $    32,385 | -$     772 |   8.28 |  76.2%
2026-04-04 13:15:19 | INFO     |    47 | 2026-04-04T13:14:11    |     377 | $    32,338 | -$     772 |   8.32 |  76.4%
2026-04-04 13:15:19 | INFO     |    48 | 2026-04-04T13:14:29    |     377 | $    32,338 | -$     772 |   8.32 |  76.4%
2026-04-04 13:15:19 | INFO     |    49 | 2026-04-04T13:14:48    |     378 | $    34,452 | -$     652 |   9.40 |  75.9%
2026-04-04 13:15:19 | INFO     |    50 | 2026-04-04T13:15:07    |     415 | $    39,942 | -$     652 |   9.89 |  76.6%
2026-04-04 13:15:19 | INFO     |    51 | 2026-04-04T13:15:18    |     415 | $    39,942 | -$     652 |   9.89 |  76.6%
2026-04-04 13:15:19 | INFO     | ================================================================================
2026-04-04 13:15:19 | INFO     | ============================================================
2026-04-04 13:15:19 | INFO     | ZENITH FADE CCS BACKTEST
2026-04-04 13:15:19 | INFO     | Signal Mode  : dynamic
2026-04-04 13:15:19 | INFO     | Period       : 2022-01-03 -> 2026-03-25
2026-04-04 13:15:19 | INFO     | Score Thresh : 68.0
2026-04-04 13:15:19 | INFO     | Weights      : var=1.4, vol=8.9, rocket=274.0
2026-04-04 13:15:19 | INFO     | Strike       : 30.0pt OTM, 10.0pt wide
2026-04-04 13:15:19 | INFO     | Risk         : $600.0, TP 66%, SL -100%
2026-04-04 13:15:19 | INFO     | ============================================================
2026-04-04 13:15:19 | INFO     | Building daily indicators...
2026-04-04 13:15:27 | INFO     |   ORB computed for 1265 days (avg width: 19.3 pts)
2026-04-04 13:15:27 | WARNING  | No SPX volume data — dRelVol defaulted to 1.0
2026-04-04 13:15:27 | INFO     | Built daily indicators: 1066 bars
2026-04-04 13:15:27 | INFO     |   -> 1066 daily bars loaded
2026-04-04 13:15:27 | INFO     | ============================================================
2026-04-04 13:15:27 | INFO     | ZENITH FADE CCS BACKTEST
2026-04-04 13:15:27 | INFO     | Mode: dynamic
2026-04-04 13:15:27 | INFO     | Period: 2022-01-03 -> 2026-03-25
2026-04-04 13:15:27 | INFO     | Trades -> /Users/jeerapongwongchote/Documents/thetadata/zenith/logs/zenith_trades_20260404_131519.csv
2026-04-04 13:15:27 | INFO     | ============================================================
2026-04-04 13:15:27 | INFO     | Signal #   1 | 20220104 | CALL | P&L: $     85 | Total: $       85 | WR: 100.0%
2026-04-04 13:15:27 | INFO     | Signal #   2 | 20220106 |  PUT | P&L: $   -122 | Total: $      207 | WR: 66.7%
2026-04-04 13:15:27 | INFO     | Signal #   3 | 20220111 | CALL | P&L: $   -122 | Total: $       85 | WR: 50.0%
2026-04-04 13:15:27 | INFO     | Signal #   4 | 20220112 | CALL | P&L: $     92 | Total: $      177 | WR: 60.0%
2026-04-04 13:15:27 | INFO     | Signal #   5 | 20220113 | CALL | P&L: $    131 | Total: $      308 | WR: 66.7%
2026-04-04 13:15:27 | DEBUG    | Skipping 20220118 — VIX 22.8 > 22.0
2026-04-04 13:15:27 | DEBUG    | Skipping 20220119 — VIX 23.9 > 22.0
2026-04-04 13:15:27 | DEBUG    | Skipping 20220120 — VIX 25.6 > 22.0
2026-04-04 13:15:27 | DEBUG    | Skipping 20220121 — VIX 28.9 > 22.0
2026-04-04 13:15:27 | DEBUG    | Skipping 20220124 — VIX 29.9 > 22.0
2026-04-04 13:15:27 | DEBUG    | Skipping 20220125 — VIX 31.2 > 22.0
2026-04-04 13:15:27 | DEBUG    | Skipping 20220126 — VIX 32.0 > 22.0
2026-04-04 13:15:27 | DEBUG    | Skipping 20220127 — VIX 30.5 > 22.0
2026-04-04 13:15:27 | DEBUG    | Skipping 20220128 — VIX 27.7 > 22.0
2026-04-04 13:15:27 | DEBUG    | Skipping 20220131 — VIX 24.8 > 22.0
2026-04-04 13:15:27 | DEBUG    | Skipping 20220202 — VIX 22.1 > 22.0
2026-04-04 13:15:27 | DEBUG    | Skipping 20220203 — VIX 24.4 > 22.0
2026-04-04 13:15:27 | DEBUG    | Skipping 20220204 — VIX 23.2 > 22.0
2026-04-04 13:15:27 | DEBUG    | Skipping 20220207 — VIX 22.9 > 22.0
2026-04-04 13:15:27 | DEBUG    | Skipping 20220210 — VIX 23.9 > 22.0
2026-04-04 13:15:27 | DEBUG    | Skipping 20220211 — VIX 27.4 > 22.0
2026-04-04 13:15:27 | DEBUG    | Skipping 20220214 — VIX 28.3 > 22.0
2026-04-04 13:15:27 | DEBUG    | Skipping 20220215 — VIX 25.7 > 22.0
2026-04-04 13:15:27 | DEBUG    | Skipping 20220216 — VIX 24.3 > 22.0
2026-04-04 13:15:27 | DEBUG    | Skipping 20220217 — VIX 28.1 > 22.0
2026-04-04 13:15:27 | DEBUG    | Skipping 20220218 — VIX 27.8 > 22.0
2026-04-04 13:15:27 | DEBUG    | Skipping 20220222 — VIX 28.8 > 22.0
2026-04-04 13:15:27 | DEBUG    | Skipping 20220223 — VIX 31.0 > 22.0
2026-04-04 13:15:27 | DEBUG    | Skipping 20220224 — VIX 30.3 > 22.0
2026-04-04 13:15:27 | DEBUG    | Skipping 20220225 — VIX 27.6 > 22.0
2026-04-04 13:15:27 | DEBUG    | Skipping 20220228 — VIX 30.1 > 22.0
2026-04-04 13:15:27 | DEBUG    | Skipping 20220301 — VIX 33.3 > 22.0
2026-04-04 13:15:27 | DEBUG    | Skipping 20220302 — VIX 30.7 > 22.0
2026-04-04 13:15:27 | DEBUG    | Skipping 20220303 — VIX 30.5 > 22.0
2026-04-04 13:15:27 | DEBUG    | Skipping 20220304 — VIX 32.0 > 22.0
2026-04-04 13:15:27 | DEBUG    | Skipping 20220307 — VIX 36.5 > 22.0
2026-04-04 13:15:27 | DEBUG    | Skipping 20220308 — VIX 35.1 > 22.0
2026-04-04 13:15:27 | DEBUG    | Skipping 20220309 — VIX 32.5 > 22.0
2026-04-04 13:15:27 | DEBUG    | Skipping 20220310 — VIX 30.2 > 22.0
2026-04-04 13:15:27 | DEBUG    | Skipping 20220311 — VIX 30.8 > 22.0
2026-04-04 13:15:27 | DEBUG    | Skipping 20220314 — VIX 31.8 > 22.0
2026-04-04 13:15:27 | DEBUG    | Skipping 20220315 — VIX 29.8 > 22.0
2026-04-04 13:15:27 | DEBUG    | Skipping 20220316 — VIX 26.7 > 22.0
2026-04-04 13:15:27 | DEBUG    | Skipping 20220317 — VIX 25.7 > 22.0
2026-04-04 13:15:27 | DEBUG    | Skipping 20220318 — VIX 23.9 > 22.0
2026-04-04 13:15:27 | DEBUG    | Skipping 20220321 — VIX 23.5 > 22.0
2026-04-04 13:15:27 | DEBUG    | Skipping 20220322 — VIX 22.9 > 22.0
2026-04-04 13:15:27 | DEBUG    | Skipping 20220323 — VIX 23.6 > 22.0
2026-04-04 13:15:27 | DEBUG    | Skipping 20220406 — VIX 22.1 > 22.0
2026-04-04 13:15:27 | DEBUG    | Skipping 20220411 — VIX 24.4 > 22.0
2026-04-04 13:15:27 | DEBUG    | Skipping 20220412 — VIX 24.3 > 22.0
2026-04-04 13:15:27 | DEBUG    | Skipping 20220414 — VIX 22.7 > 22.0
2026-04-04 13:15:27 | DEBUG    | Skipping 20220418 — VIX 22.2 > 22.0
2026-04-04 13:15:27 | DEBUG    | Skipping 20220421 — VIX 22.7 > 22.0
2026-04-04 13:15:27 | DEBUG    | Skipping 20220422 — VIX 28.2 > 22.0
2026-04-04 13:15:27 | DEBUG    | Skipping 20220425 — VIX 27.0 > 22.0
2026-04-04 13:15:27 | DEBUG    | Skipping 20220426 — VIX 33.5 > 22.0
2026-04-04 13:15:27 | DEBUG    | Skipping 20220427 — VIX 31.6 > 22.0
2026-04-04 13:15:27 | DEBUG    | Skipping 20220428 — VIX 30.0 > 22.0
2026-04-04 13:15:27 | DEBUG    | Skipping 20220429 — VIX 33.4 > 22.0
2026-04-04 13:15:27 | DEBUG    | Skipping 20220502 — VIX 32.3 > 22.0
2026-04-04 13:15:27 | DEBUG    | Skipping 20220503 — VIX 29.2 > 22.0
2026-04-04 13:15:27 | DEBUG    | Skipping 20220504 — VIX 25.4 > 22.0
2026-04-04 13:15:27 | DEBUG    | Skipping 20220505 — VIX 31.2 > 22.0
2026-04-04 13:15:27 | DEBUG    | Skipping 20220506 — VIX 30.2 > 22.0
2026-04-04 13:15:27 | DEBUG    | Skipping 20220509 — VIX 34.8 > 22.0
2026-04-04 13:15:27 | DEBUG    | Skipping 20220510 — VIX 33.0 > 22.0
2026-04-04 13:15:27 | DEBUG    | Skipping 20220511 — VIX 32.6 > 22.0
2026-04-04 13:15:27 | DEBUG    | Skipping 20220512 — VIX 31.8 > 22.0
2026-04-04 13:15:27 | DEBUG    | Skipping 20220513 — VIX 28.9 > 22.0
2026-04-04 13:15:27 | DEBUG    | Skipping 20220516 — VIX 27.5 > 22.0
2026-04-04 13:15:27 | DEBUG    | Skipping 20220517 — VIX 26.1 > 22.0
2026-04-04 13:15:27 | DEBUG    | Skipping 20220518 — VIX 31.0 > 22.0
2026-04-04 13:15:27 | DEBUG    | Skipping 20220519 — VIX 29.4 > 22.0
2026-04-04 13:15:27 | DEBUG    | Skipping 20220520 — VIX 29.4 > 22.0
2026-04-04 13:15:27 | DEBUG    | Skipping 20220523 — VIX 28.5 > 22.0
2026-04-04 13:15:27 | DEBUG    | Skipping 20220524 — VIX 29.4 > 22.0
2026-04-04 13:15:27 | DEBUG    | Skipping 20220525 — VIX 28.4 > 22.0
2026-04-04 13:15:27 | DEBUG    | Skipping 20220526 — VIX 27.5 > 22.0
2026-04-04 13:15:27 | DEBUG    | Skipping 20220527 — VIX 25.7 > 22.0
2026-04-04 13:15:27 | DEBUG    | Skipping 20220531 — VIX 26.2 > 22.0
2026-04-04 13:15:27 | DEBUG    | Skipping 20220601 — VIX 25.7 > 22.0
2026-04-04 13:15:27 | DEBUG    | Skipping 20220602 — VIX 24.7 > 22.0
2026-04-04 13:15:27 | DEBUG    | Skipping 20220603 — VIX 24.8 > 22.0
2026-04-04 13:15:27 | DEBUG    | Skipping 20220606 — VIX 25.1 > 22.0
2026-04-04 13:15:27 | DEBUG    | Skipping 20220607 — VIX 24.0 > 22.0
2026-04-04 13:15:27 | DEBUG    | Skipping 20220608 — VIX 24.0 > 22.0
2026-04-04 13:15:27 | DEBUG    | Skipping 20220609 — VIX 26.1 > 22.0
2026-04-04 13:15:27 | DEBUG    | Skipping 20220610 — VIX 27.8 > 22.0
2026-04-04 13:15:27 | DEBUG    | Skipping 20220613 — VIX 34.0 > 22.0
2026-04-04 13:15:27 | DEBUG    | Skipping 20220614 — VIX 32.7 > 22.0
2026-04-04 13:15:27 | DEBUG    | Skipping 20220615 — VIX 29.6 > 22.0
2026-04-04 13:15:27 | DEBUG    | Skipping 20220616 — VIX 33.0 > 22.0
2026-04-04 13:15:27 | DEBUG    | Skipping 20220617 — VIX 31.1 > 22.0
2026-04-04 13:15:27 | DEBUG    | Skipping 20220621 — VIX 30.2 > 22.0
2026-04-04 13:15:27 | DEBUG    | Skipping 20220622 — VIX 28.9 > 22.0
2026-04-04 13:15:27 | DEBUG    | Skipping 20220623 — VIX 29.1 > 22.0
2026-04-04 13:15:27 | DEBUG    | Skipping 20220624 — VIX 27.2 > 22.0
2026-04-04 13:15:27 | DEBUG    | Skipping 20220627 — VIX 26.9 > 22.0
2026-04-04 13:15:27 | DEBUG    | Skipping 20220628 — VIX 28.4 > 22.0
2026-04-04 13:15:27 | DEBUG    | Skipping 20220629 — VIX 28.2 > 22.0
2026-04-04 13:15:27 | DEBUG    | Skipping 20220630 — VIX 28.7 > 22.0
2026-04-04 13:15:27 | DEBUG    | Skipping 20220701 — VIX 26.7 > 22.0
2026-04-04 13:15:27 | DEBUG    | Skipping 20220705 — VIX 27.5 > 22.0
2026-04-04 13:15:27 | DEBUG    | Skipping 20220706 — VIX 26.7 > 22.0
2026-04-04 13:15:27 | DEBUG    | Skipping 20220707 — VIX 26.1 > 22.0
2026-04-04 13:15:27 | DEBUG    | Skipping 20220708 — VIX 24.6 > 22.0
2026-04-04 13:15:27 | DEBUG    | Skipping 20220711 — VIX 26.2 > 22.0
2026-04-04 13:15:27 | DEBUG    | Skipping 20220712 — VIX 27.3 > 22.0
2026-04-04 13:15:27 | DEBUG    | Skipping 20220713 — VIX 26.8 > 22.0
2026-04-04 13:15:27 | DEBUG    | Skipping 20220714 — VIX 26.4 > 22.0
2026-04-04 13:15:27 | DEBUG    | Skipping 20220715 — VIX 24.2 > 22.0
2026-04-04 13:15:27 | DEBUG    | Skipping 20220718 — VIX 25.3 > 22.0
2026-04-04 13:15:27 | DEBUG    | Skipping 20220719 — VIX 24.5 > 22.0
2026-04-04 13:15:27 | DEBUG    | Skipping 20220720 — VIX 23.9 > 22.0
2026-04-04 13:15:27 | DEBUG    | Skipping 20220721 — VIX 23.1 > 22.0
2026-04-04 13:15:27 | DEBUG    | Skipping 20220722 — VIX 23.0 > 22.0
2026-04-04 13:15:27 | DEBUG    | Skipping 20220725 — VIX 23.4 > 22.0
2026-04-04 13:15:27 | DEBUG    | Skipping 20220726 — VIX 24.7 > 22.0
2026-04-04 13:15:27 | DEBUG    | Skipping 20220727 — VIX 23.2 > 22.0
2026-04-04 13:15:27 | DEBUG    | Skipping 20220728 — VIX 22.3 > 22.0
2026-04-04 13:15:27 | DEBUG    | Skipping 20220801 — VIX 22.8 > 22.0
2026-04-04 13:15:27 | DEBUG    | Skipping 20220802 — VIX 23.9 > 22.0
2026-04-04 13:15:27 | DEBUG    | Skipping 20220822 — VIX 23.8 > 22.0
2026-04-04 13:15:27 | DEBUG    | Skipping 20220823 — VIX 24.1 > 22.0
2026-04-04 13:15:27 | DEBUG    | Skipping 20220824 — VIX 22.8 > 22.0
2026-04-04 13:15:27 | DEBUG    | Skipping 20220826 — VIX 25.6 > 22.0
2026-04-04 13:15:27 | DEBUG    | Skipping 20220829 — VIX 26.2 > 22.0
2026-04-04 13:15:27 | DEBUG    | Skipping 20220830 — VIX 26.2 > 22.0
2026-04-04 13:15:27 | DEBUG    | Skipping 20220831 — VIX 25.9 > 22.0
2026-04-04 13:15:27 | DEBUG    | Skipping 20220901 — VIX 25.6 > 22.0
2026-04-04 13:15:27 | DEBUG    | Skipping 20220902 — VIX 25.5 > 22.0
2026-04-04 13:15:27 | DEBUG    | Skipping 20220906 — VIX 26.9 > 22.0
2026-04-04 13:15:27 | DEBUG    | Skipping 20220907 — VIX 24.6 > 22.0
2026-04-04 13:15:27 | DEBUG    | Skipping 20220908 — VIX 23.6 > 22.0
2026-04-04 13:15:27 | DEBUG    | Skipping 20220909 — VIX 22.8 > 22.0
2026-04-04 13:15:27 | DEBUG    | Skipping 20220912 — VIX 23.9 > 22.0
2026-04-04 13:15:27 | DEBUG    | Skipping 20220913 — VIX 27.3 > 22.0
2026-04-04 13:15:27 | DEBUG    | Skipping 20220914 — VIX 26.2 > 22.0
2026-04-04 13:15:27 | DEBUG    | Skipping 20220915 — VIX 26.3 > 22.0
2026-04-04 13:15:27 | DEBUG    | Skipping 20220916 — VIX 26.3 > 22.0
2026-04-04 13:15:27 | DEBUG    | Skipping 20220919 — VIX 25.8 > 22.0
2026-04-04 13:15:27 | DEBUG    | Skipping 20220920 — VIX 27.2 > 22.0
2026-04-04 13:15:27 | DEBUG    | Skipping 20220921 — VIX 28.0 > 22.0
2026-04-04 13:15:27 | DEBUG    | Skipping 20220922 — VIX 27.4 > 22.0
2026-04-04 13:15:27 | DEBUG    | Skipping 20220923 — VIX 29.9 > 22.0
2026-04-04 13:15:27 | DEBUG    | Skipping 20220926 — VIX 32.3 > 22.0
2026-04-04 13:15:27 | DEBUG    | Skipping 20220927 — VIX 32.6 > 22.0
2026-04-04 13:15:27 | DEBUG    | Skipping 20220928 — VIX 30.2 > 22.0
2026-04-04 13:15:27 | DEBUG    | Skipping 20220929 — VIX 31.8 > 22.0
2026-04-04 13:15:27 | DEBUG    | Skipping 20220930 — VIX 31.6 > 22.0
2026-04-04 13:15:27 | DEBUG    | Skipping 20221003 — VIX 30.1 > 22.0
2026-04-04 13:15:27 | DEBUG    | Skipping 20221004 — VIX 29.1 > 22.0
2026-04-04 13:15:27 | DEBUG    | Skipping 20221005 — VIX 28.6 > 22.0
2026-04-04 13:15:27 | DEBUG    | Skipping 20221006 — VIX 30.5 > 22.0
2026-04-04 13:15:27 | DEBUG    | Skipping 20221007 — VIX 31.4 > 22.0
2026-04-04 13:15:27 | DEBUG    | Skipping 20221010 — VIX 32.5 > 22.0
2026-04-04 13:15:27 | DEBUG    | Skipping 20221011 — VIX 33.6 > 22.0
2026-04-04 13:15:27 | DEBUG    | Skipping 20221012 — VIX 33.6 > 22.0
2026-04-04 13:15:27 | DEBUG    | Skipping 20221013 — VIX 31.9 > 22.0
2026-04-04 13:15:27 | DEBUG    | Skipping 20221014 — VIX 32.0 > 22.0
2026-04-04 13:15:27 | DEBUG    | Skipping 20221017 — VIX 31.4 > 22.0
2026-04-04 13:15:27 | DEBUG    | Skipping 20221018 — VIX 30.5 > 22.0
2026-04-04 13:15:27 | DEBUG    | Skipping 20221019 — VIX 30.8 > 22.0
2026-04-04 13:15:27 | DEBUG    | Skipping 20221020 — VIX 30.0 > 22.0
2026-04-04 13:15:27 | DEBUG    | Skipping 20221021 — VIX 29.7 > 22.0
2026-04-04 13:15:27 | DEBUG    | Skipping 20221024 — VIX 29.9 > 22.0
2026-04-04 13:15:27 | DEBUG    | Skipping 20221025 — VIX 28.5 > 22.0
2026-04-04 13:15:27 | DEBUG    | Skipping 20221026 — VIX 27.3 > 22.0
2026-04-04 13:15:27 | DEBUG    | Skipping 20221027 — VIX 27.4 > 22.0
2026-04-04 13:15:27 | DEBUG    | Skipping 20221028 — VIX 25.8 > 22.0
2026-04-04 13:15:27 | DEBUG    | Skipping 20221031 — VIX 25.9 > 22.0
2026-04-04 13:15:27 | DEBUG    | Skipping 20221101 — VIX 25.8 > 22.0
2026-04-04 13:15:27 | DEBUG    | Skipping 20221102 — VIX 25.9 > 22.0
2026-04-04 13:15:27 | DEBUG    | Skipping 20221103 — VIX 25.3 > 22.0
2026-04-04 13:15:27 | DEBUG    | Skipping 20221104 — VIX 24.6 > 22.0
2026-04-04 13:15:27 | DEBUG    | Skipping 20221107 — VIX 24.4 > 22.0
2026-04-04 13:15:27 | DEBUG    | Skipping 20221108 — VIX 25.5 > 22.0
2026-04-04 13:15:27 | DEBUG    | Skipping 20221109 — VIX 26.1 > 22.0
2026-04-04 13:15:27 | DEBUG    | Skipping 20221110 — VIX 23.5 > 22.0
2026-04-04 13:15:27 | DEBUG    | Skipping 20221111 — VIX 22.5 > 22.0
2026-04-04 13:15:27 | DEBUG    | Skipping 20221114 — VIX 23.7 > 22.0
2026-04-04 13:15:27 | DEBUG    | Skipping 20221115 — VIX 24.5 > 22.0
2026-04-04 13:15:27 | DEBUG    | Skipping 20221116 — VIX 24.1 > 22.0
2026-04-04 13:15:27 | DEBUG    | Skipping 20221117 — VIX 23.9 > 22.0
2026-04-04 13:15:27 | DEBUG    | Skipping 20221118 — VIX 23.1 > 22.0
2026-04-04 13:15:27 | DEBUG    | Skipping 20221121 — VIX 22.4 > 22.0
2026-04-04 13:15:27 | DEBUG    | Skipping 20221128 — VIX 22.2 > 22.0
2026-04-04 13:15:27 | DEBUG    | Skipping 20221206 — VIX 22.2 > 22.0
2026-04-04 13:15:27 | DEBUG    | Skipping 20221207 — VIX 22.7 > 22.0
2026-04-04 13:15:27 | DEBUG    | Skipping 20221208 — VIX 22.3 > 22.0
2026-04-04 13:15:27 | DEBUG    | Skipping 20221209 — VIX 22.8 > 22.0
2026-04-04 13:15:27 | DEBUG    | Skipping 20221212 — VIX 25.0 > 22.0
2026-04-04 13:15:27 | DEBUG    | Skipping 20221213 — VIX 22.6 > 22.0
2026-04-04 13:15:27 | DEBUG    | Skipping 20221215 — VIX 22.8 > 22.0
2026-04-04 13:15:27 | DEBUG    | Skipping 20221216 — VIX 22.6 > 22.0
2026-04-04 13:15:27 | DEBUG    | Skipping 20221219 — VIX 22.4 > 22.0
2026-04-04 13:15:28 | DEBUG    | Skipping 20221228 — VIX 22.1 > 22.0
2026-04-04 13:15:28 | DEBUG    | Skipping 20230103 — VIX 22.9 > 22.0
2026-04-04 13:15:28 | DEBUG    | Skipping 20230104 — VIX 22.0 > 22.0
2026-04-04 13:15:28 | DEBUG    | Skipping 20230105 — VIX 22.5 > 22.0
2026-04-04 13:15:28 | INFO     | Signal #  50 | 20230117 | CALL | P&L: $     47 | Total: $    4,243 | WR: 75.5%
2026-04-04 13:15:28 | DEBUG    | Skipping 20230221 — VIX 22.9 > 22.0
2026-04-04 13:15:28 | DEBUG    | Skipping 20230222 — VIX 22.3 > 22.0
2026-04-04 13:15:28 | DEBUG    | Skipping 20230309 — VIX 22.6 > 22.0
2026-04-04 13:15:28 | DEBUG    | Skipping 20230310 — VIX 24.8 > 22.0
2026-04-04 13:15:28 | DEBUG    | Skipping 20230313 — VIX 26.5 > 22.0
2026-04-04 13:15:28 | DEBUG    | Skipping 20230314 — VIX 23.7 > 22.0
2026-04-04 13:15:28 | DEBUG    | Skipping 20230315 — VIX 26.1 > 22.0
2026-04-04 13:15:28 | DEBUG    | Skipping 20230316 — VIX 23.0 > 22.0
2026-04-04 13:15:28 | DEBUG    | Skipping 20230317 — VIX 25.5 > 22.0
2026-04-04 13:15:28 | DEBUG    | Skipping 20230320 — VIX 24.1 > 22.0
2026-04-04 13:15:28 | DEBUG    | Skipping 20230322 — VIX 22.3 > 22.0
2026-04-04 13:15:28 | DEBUG    | Skipping 20230323 — VIX 22.6 > 22.0
2026-04-04 13:15:28 | INFO     | Signal # 100 | 20230815 | CALL | P&L: $     96 | Total: $    9,215 | WR: 80.8%
2026-04-04 13:15:29 | INFO     | Signal # 150 | 20240216 | CALL | P&L: $     65 | Total: $   13,112 | WR: 78.6%
2026-04-04 13:15:29 | DEBUG    | Skipping 20240802 — VIX 23.4 > 22.0
2026-04-04 13:15:29 | DEBUG    | Skipping 20240805 — VIX 38.6 > 22.0
2026-04-04 13:15:29 | DEBUG    | Skipping 20240806 — VIX 27.7 > 22.0
2026-04-04 13:15:29 | DEBUG    | Skipping 20240807 — VIX 27.9 > 22.0
2026-04-04 13:15:29 | DEBUG    | Skipping 20240808 — VIX 23.8 > 22.0
2026-04-04 13:15:30 | DEBUG    | Skipping 20240906 — VIX 22.4 > 22.0
2026-04-04 13:15:30 | INFO     | Signal # 200 | 20240916 | CALL | P&L: $     92 | Total: $   19,307 | WR: 79.3%
2026-04-04 13:15:30 | DEBUG    | Skipping 20241007 — VIX 22.6 > 22.0
2026-04-04 13:15:30 | DEBUG    | Skipping 20241031 — VIX 23.2 > 22.0
2026-04-04 13:15:30 | DEBUG    | Skipping 20241218 — VIX 27.6 > 22.0
2026-04-04 13:15:30 | DEBUG    | Skipping 20241219 — VIX 24.1 > 22.0
2026-04-04 13:15:30 | INFO     | Signal # 250 | 20250212 | CALL | P&L: $   -122 | Total: $   25,532 | WR: 79.3%
2026-04-04 13:15:30 | DEBUG    | Skipping 20250303 — VIX 22.8 > 22.0
2026-04-04 13:15:30 | DEBUG    | Skipping 20250304 — VIX 23.5 > 22.0
2026-04-04 13:15:30 | DEBUG    | Skipping 20250306 — VIX 24.9 > 22.0
2026-04-04 13:15:30 | DEBUG    | Skipping 20250307 — VIX 23.4 > 22.0
2026-04-04 13:15:30 | DEBUG    | Skipping 20250310 — VIX 27.9 > 22.0
2026-04-04 13:15:30 | DEBUG    | Skipping 20250311 — VIX 26.9 > 22.0
2026-04-04 13:15:30 | DEBUG    | Skipping 20250312 — VIX 24.2 > 22.0
2026-04-04 13:15:30 | DEBUG    | Skipping 20250313 — VIX 24.7 > 22.0
2026-04-04 13:15:30 | DEBUG    | Skipping 20250331 — VIX 22.3 > 22.0
2026-04-04 13:15:30 | DEBUG    | Skipping 20250403 — VIX 30.0 > 22.0
2026-04-04 13:15:30 | DEBUG    | Skipping 20250404 — VIX 45.3 > 22.0
2026-04-04 13:15:30 | DEBUG    | Skipping 20250407 — VIX 47.0 > 22.0
2026-04-04 13:15:30 | DEBUG    | Skipping 20250408 — VIX 52.3 > 22.0
2026-04-04 13:15:30 | DEBUG    | Skipping 20250409 — VIX 33.6 > 22.0
2026-04-04 13:15:30 | DEBUG    | Skipping 20250410 — VIX 40.7 > 22.0
2026-04-04 13:15:30 | DEBUG    | Skipping 20250411 — VIX 37.6 > 22.0
2026-04-04 13:15:30 | DEBUG    | Skipping 20250414 — VIX 30.9 > 22.0
2026-04-04 13:15:30 | DEBUG    | Skipping 20250415 — VIX 30.1 > 22.0
2026-04-04 13:15:30 | DEBUG    | Skipping 20250416 — VIX 32.6 > 22.0
2026-04-04 13:15:30 | DEBUG    | Skipping 20250417 — VIX 29.6 > 22.0
2026-04-04 13:15:30 | DEBUG    | Skipping 20250421 — VIX 33.8 > 22.0
2026-04-04 13:15:30 | DEBUG    | Skipping 20250422 — VIX 30.6 > 22.0
2026-04-04 13:15:30 | DEBUG    | Skipping 20250423 — VIX 28.4 > 22.0
2026-04-04 13:15:30 | DEBUG    | Skipping 20250424 — VIX 26.5 > 22.0
2026-04-04 13:15:30 | DEBUG    | Skipping 20250425 — VIX 24.8 > 22.0
2026-04-04 13:15:30 | DEBUG    | Skipping 20250428 — VIX 25.1 > 22.0
2026-04-04 13:15:30 | DEBUG    | Skipping 20250429 — VIX 24.2 > 22.0
2026-04-04 13:15:30 | DEBUG    | Skipping 20250430 — VIX 24.7 > 22.0
2026-04-04 13:15:30 | DEBUG    | Skipping 20250501 — VIX 24.6 > 22.0
2026-04-04 13:15:30 | DEBUG    | Skipping 20250502 — VIX 22.7 > 22.0
2026-04-04 13:15:30 | DEBUG    | Skipping 20250505 — VIX 23.6 > 22.0
2026-04-04 13:15:30 | DEBUG    | Skipping 20250506 — VIX 24.8 > 22.0
2026-04-04 13:15:30 | DEBUG    | Skipping 20250507 — VIX 23.6 > 22.0
2026-04-04 13:15:30 | DEBUG    | Skipping 20250508 — VIX 22.5 > 22.0
2026-04-04 13:15:30 | DEBUG    | Skipping 20250523 — VIX 22.3 > 22.0
2026-04-04 13:15:31 | INFO     | Signal # 300 | 20250815 | CALL | P&L: $     80 | Total: $   30,170 | WR: 77.8%
2026-04-04 13:15:31 | DEBUG    | Skipping 20251016 — VIX 25.3 > 22.0
2026-04-04 13:15:31 | DEBUG    | Skipping 20251117 — VIX 22.4 > 22.0
2026-04-04 13:15:31 | DEBUG    | Skipping 20251118 — VIX 24.7 > 22.0
2026-04-04 13:15:31 | DEBUG    | Skipping 20251119 — VIX 23.7 > 22.0
2026-04-04 13:15:31 | DEBUG    | Skipping 20251120 — VIX 26.4 > 22.0
2026-04-04 13:15:31 | DEBUG    | Skipping 20251121 — VIX 23.4 > 22.0
2026-04-04 13:15:31 | INFO     | Signal # 350 | 20251218 |  PUT | P&L: $    394 | Total: $   36,153 | WR: 77.7%
2026-04-04 13:15:31 | DEBUG    | Skipping 20260303 — VIX 23.6 > 22.0
2026-04-04 13:15:31 | DEBUG    | Skipping 20260305 — VIX 23.8 > 22.0
2026-04-04 13:15:31 | DEBUG    | Skipping 20260306 — VIX 29.5 > 22.0
2026-04-04 13:15:31 | DEBUG    | Skipping 20260309 — VIX 25.5 > 22.0
2026-04-04 13:15:31 | DEBUG    | Skipping 20260310 — VIX 24.9 > 22.0
2026-04-04 13:15:31 | DEBUG    | Skipping 20260311 — VIX 24.2 > 22.0
2026-04-04 13:15:31 | DEBUG    | Skipping 20260312 — VIX 27.3 > 22.0
2026-04-04 13:15:31 | DEBUG    | Skipping 20260313 — VIX 27.2 > 22.0
2026-04-04 13:15:31 | DEBUG    | Skipping 20260316 — VIX 23.5 > 22.0
2026-04-04 13:15:31 | DEBUG    | Skipping 20260317 — VIX 22.4 > 22.0
2026-04-04 13:15:31 | DEBUG    | Skipping 20260318 — VIX 25.1 > 22.0
2026-04-04 13:15:31 | DEBUG    | Skipping 20260319 — VIX 24.1 > 22.0
2026-04-04 13:15:31 | DEBUG    | Skipping 20260320 — VIX 26.8 > 22.0
2026-04-04 13:15:31 | DEBUG    | Skipping 20260323 — VIX 26.1 > 22.0
2026-04-04 13:15:31 | DEBUG    | Skipping 20260324 — VIX 26.9 > 22.0
2026-04-04 13:15:31 | DEBUG    | Skipping 20260325 — VIX 25.3 > 22.0
2026-04-04 13:15:31 | INFO     | DONE — 415 trades, 1060 trading days, 681 skipped
2026-04-04 13:15:31 | INFO     | Trade log snapshot -> /Users/jeerapongwongchote/Documents/thetadata/zenith/tradelogs_zenith.csv
2026-04-04 13:15:31 | INFO     | ============================================================
2026-04-04 13:15:31 | INFO     |   ZENITH FADE CCS — BACKTEST RESULTS
2026-04-04 13:15:31 | INFO     | ============================================================
2026-04-04 13:15:31 | INFO     |   Period          : 20220103 -> 20260304
2026-04-04 13:15:31 | INFO     |   Business days   : 1062
2026-04-04 13:15:31 | INFO     |   Days traded     : 378
2026-04-04 13:15:31 | INFO     |   Total trades    : 415  (wins: 318  losses: 97)
2026-04-04 13:15:31 | INFO     |   Avg trades/day  :    1.1
2026-04-04 13:15:31 | INFO     | ------------------------------------------------------------
2026-04-04 13:15:31 | INFO     |   Total P&L       : $   39,942.35  (net of commission)
2026-04-04 13:15:31 | INFO     |   CAGR            :  8.4%  (acct=$100,000)
2026-04-04 13:15:31 | INFO     |   Avg profit/trade: $  163.39
2026-04-04 13:15:31 | INFO     |   Avg loss/trade  : $ -123.86
2026-04-04 13:15:31 | INFO     |   Expectancy/trade: $   96.25
2026-04-04 13:15:31 | INFO     |   Profit factor   :    4.32x
2026-04-04 13:15:31 | INFO     | ------------------------------------------------------------
2026-04-04 13:15:31 | INFO     |   Max drawdown    : $  651.67  (0.5%)
2026-04-04 13:15:31 | INFO     |   Calmar ratio    :     16.42  (CAGR / max DD%)
2026-04-04 13:15:31 | INFO     |   Recovery factor :     61.29  (net P&L / max DD)
2026-04-04 13:15:31 | INFO     |   Time underwater :   36.4%
2026-04-04 13:15:31 | INFO     | ------------------------------------------------------------
2026-04-04 13:15:31 | INFO     |   Win rate        :   76.6%
2026-04-04 13:15:31 | INFO     |   Sharpe ratio    :     9.89  (rf=4.5%)
2026-04-04 13:15:31 | INFO     |   Sortino ratio   :     60.62
2026-04-04 13:15:31 | INFO     |   Ann. volatility : $2,448.94
2026-04-04 13:15:31 | INFO     | ------------------------------------------------------------
2026-04-04 13:15:31 | INFO     |   Best day        : $  394.00
2026-04-04 13:15:31 | INFO     |   Worst day       : $ -415.38
2026-04-04 13:15:31 | INFO     |   Best trade      : $  394.00
2026-04-04 13:15:31 | INFO     |   Worst trade     : $ -293.38
2026-04-04 13:15:31 | INFO     |   Max win streak  : 21
2026-04-04 13:15:31 | INFO     | ------------------------------------------------------------
2026-04-04 13:15:31 | INFO     |   Score threshold : 68.0
2026-04-04 13:15:31 | INFO     |   Strike offset   : 30.0pt
2026-04-04 13:15:31 | INFO     |   Spread width    : 10.0pt
2026-04-04 13:15:31 | INFO     |   Credit model    : real
2026-04-04 13:15:31 | INFO     |   Bidirectional   : True (put score <= 50.0)
2026-04-04 13:15:31 | INFO     |   Intraday SL     : -0.2
2026-04-04 13:15:31 | INFO     |   Credit floor    : $0.75
2026-04-04 13:15:31 | INFO     |   VIX max filter  : 22.0
2026-04-04 13:15:31 | INFO     |   Term structure  : skip backwardation (ratio > 1.0)
2026-04-04 13:15:31 | INFO     |   Commission      : $0.5/leg
2026-04-04 13:15:31 | INFO     | ============================================================
2026-04-04 13:15:31 | INFO     | Results written to /Users/jeerapongwongchote/Documents/thetadata/zenith/RESULTS.md (keeping last 3 runs)
2026-04-04 13:15:31 | INFO     | Run summary appended to /Users/jeerapongwongchote/Documents/thetadata/zenith/logs/run_history.json
2026-04-04 13:15:31 | INFO     | --------------------------------------------------------------
2026-04-04 13:15:31 | INFO     |   VIX CORRELATION ANALYSIS
2026-04-04 13:15:31 | INFO     | --------------------------------------------------------------
2026-04-04 13:15:31 | INFO     |   VIX Range  |  Trades |  Win Rate |    Avg P&L |    Total P&L
2026-04-04 13:15:31 | INFO     | --------------------------------------------------------------
2026-04-04 13:15:31 | INFO     |   < 15       |      75 |     90.7% | $   128.36 | $   9,626.73
2026-04-04 13:15:31 | INFO     |   15-20      |     250 |     74.8% | $    83.31 | $  20,826.40
2026-04-04 13:15:31 | INFO     |   20-25      |      90 |     70.0% | $   105.44 | $   9,489.22
2026-04-04 13:15:31 | INFO     | --------------------------------------------------------------
2026-04-04 13:15:31 | INFO     | -----------------------------------------------------------------------------------------------
2026-04-04 13:15:31 | INFO     |   PUT vs CALL SPREAD PERFORMANCE SPLIT
2026-04-04 13:15:31 | INFO     | -----------------------------------------------------------------------------------------------
2026-04-04 13:15:31 | INFO     |   Type     |  Trades |  Win Rate |    Avg P&L |    Total P&L |   Avg Win |  Avg Loss |  Prof Fac
2026-04-04 13:15:31 | INFO     | -----------------------------------------------------------------------------------------------
2026-04-04 13:15:31 | INFO     |   CALL     |     216 |     72.7% | $    38.26 | $   8,263.89 | $   97.71 | $ -119.94 |     2.17x
2026-04-04 13:15:31 | INFO     |   PUT      |     162 |     77.8% | $   152.65 | $  24,729.71 | $  231.12 | $ -122.00 |     6.63x
2026-04-04 13:15:31 | INFO     | -----------------------------------------------------------------------------------------------
2026-04-04 13:15:31 | INFO     | --------------------------------------------------------------------------------------------------------------
2026-04-04 13:15:31 | INFO     |   MONTHLY P&L TABLE
2026-04-04 13:15:31 | INFO     | --------------------------------------------------------------------------------------------------------------
2026-04-04 13:15:31 | INFO     |   Year   |       1 |       2 |       3 |       4 |       5 |       6 |       7 |       8 |       9 |      10 |      11 |      12 |      Total
2026-04-04 13:15:31 | INFO     | --------------------------------------------------------------------------------------------------------------
2026-04-04 13:15:31 | INFO     |   2022   | $   457 | $   179 | $   690 | $   741 |      -- |      -- | $  -122 | $ 1,302 |      -- |      -- | $   136 | $   712 | $    4,095
2026-04-04 13:15:31 | INFO     |   2023   | $   278 | $   574 | $   509 | $ 1,107 | $   288 | $   958 | $   808 | $   855 | $   507 | $   863 | $   595 | $   443 | $    7,785
2026-04-04 13:15:31 | INFO     |   2024   | $   773 | $   751 | $   995 | $   530 | $   984 | $   421 | $ 1,108 | $ 1,001 | $ 1,282 | $ 1,997 | $   898 | $ 1,305 | $   12,043
2026-04-04 13:15:31 | INFO     |   2025   | $ 1,182 | $ 1,123 | $   981 | $  -285 | $   323 | $ 1,071 | $   963 | $ 1,728 | $   869 | $ 1,198 | $ 1,362 | $ 1,987 | $   12,502
2026-04-04 13:15:31 | INFO     |   2026   | $ 1,737 | $ 1,785 | $    -5 |      -- |      -- |      -- |      -- |      -- |      -- |      -- |      -- |      -- | $    3,517
2026-04-04 13:15:31 | INFO     | --------------------------------------------------------------------------------------------------------------
2026-04-04 13:15:31 | INFO     | --------------------------------------------------------------------------------------------------------------
2026-04-04 13:15:31 | INFO     |   INTRA-MONTH MAX DRAWDOWN
2026-04-04 13:15:31 | INFO     | --------------------------------------------------------------------------------------------------------------
2026-04-04 13:15:31 | INFO     |   Year   |       1 |       2 |       3 |       4 |       5 |       6 |       7 |       8 |       9 |      10 |      11 |      12 |     Ann DD
2026-04-04 13:15:31 | INFO     | --------------------------------------------------------------------------------------------------------------
2026-04-04 13:15:31 | INFO     |   2022   | $   122 | $   122 | $     0 | $   244 |      -- |      -- | $   122 | $   122 |      -- |      -- | $   122 | $   164 | $      244
2026-04-04 13:15:31 | INFO     |   2023   | $   257 | $   122 | $     0 | $     0 | $   122 | $     0 | $     0 | $   244 | $   122 | $   514 | $   122 | $     0 | $      514
2026-04-04 13:15:31 | INFO     |   2024   | $   122 | $     0 | $   122 | $   122 | $     0 | $     0 | $   244 | $   122 | $   122 | $   122 | $   122 | $   122 | $      244
2026-04-04 13:15:31 | INFO     |   2025   | $   122 | $   244 | $   122 | $   415 | $   366 | $   122 | $   122 | $   122 | $   122 | $   122 | $   244 | $   122 | $      415
2026-04-04 13:15:31 | INFO     |   2026   | $   122 | $   122 | $   122 |      -- |      -- |      -- |      -- |      -- |      -- |      -- |      -- |      -- | $      122
2026-04-04 13:15:31 | INFO     | --------------------------------------------------------------------------------------------------------------
2026-04-04 13:15:31 | INFO     | ------------------------------------------------------------------------------------------------------------------------
2026-04-04 13:15:31 | INFO     |   MONTHLY RETURN: STRATEGY vs SPY
2026-04-04 13:15:31 | INFO     | ------------------------------------------------------------------------------------------------------------------------
2026-04-04 13:15:31 | INFO     |   Year   |          1 |          2 |          3 |          4 |          5 |          6 |          7 |          8 |          9 |         10 |         11 |         12 |   Strat |     SPY |   Alpha
2026-04-04 13:15:31 | INFO     | ------------------------------------------------------------------------------------------------------------------------
2026-04-04 13:15:31 | INFO     |   2022   | +0.5/-5.3 | +0.2/-3.0 | +0.7/+3.8 | +0.7/-8.8 | +0.0/+0.2 | +0.0/-8.2 | -0.1/+9.2 | +1.3/-4.1 | +0.0/-9.2 | +0.0/+8.1 | +0.1/+5.6 | +0.7/-5.8 |   +4.1% |  -17.5% |  +21.6%
2026-04-04 13:15:31 | INFO     |   2023   | +0.3/+6.3 | +0.6/-2.5 | +0.5/+3.7 | +1.1/+1.6 | +0.3/+0.5 | +1.0/+6.5 | +0.8/+3.3 | +0.9/-1.6 | +0.5/-4.7 | +0.9/-2.2 | +0.6/+9.1 | +0.4/+4.6 |   +7.8% |  +24.5% |  -16.7%
2026-04-04 13:15:31 | INFO     |   2024   | +0.8/+1.6 | +0.8/+5.2 | +1.0/+3.3 | +0.5/-4.0 | +1.0/+5.1 | +0.4/+3.5 | +1.1/+1.2 | +1.0/+2.3 | +1.3/+2.1 | +2.0/-0.9 | +0.9/+6.0 | +1.3/-2.4 |  +12.0% |  +22.9% |  -10.9%
2026-04-04 13:15:31 | INFO     |   2025   | +1.2/+2.7 | +1.1/-1.3 | +1.0/-5.6 | -0.3/-0.9 | +0.3/+6.3 | +1.1/+5.1 | +1.0/+2.3 | +1.7/+2.1 | +0.9/+3.6 | +1.2/+2.4 | +1.4/+0.2 | +2.0/+0.1 |  +12.5% |  +17.0% |   -4.5%
2026-04-04 13:15:31 | INFO     |   2026   | +1.7/+1.5 | +1.8/-0.9 | -0.0/-4.9 | +0.0/+0.7 |         -- |         -- |         -- |         -- |         -- |         -- |         -- |         -- |   +3.5% |   -3.6% |   +7.1%
2026-04-04 13:15:31 | INFO     | ------------------------------------------------------------------------------------------------------------------------
2026-04-04 13:15:31 | INFO     | ----------------------------------------------------------------------
2026-04-04 13:15:31 | INFO     |   LARGEST LOSS DAYS (worst 30)
2026-04-04 13:15:31 | INFO     | ----------------------------------------------------------------------
2026-04-04 13:15:31 | INFO     |   Date         |    VIX |  Trades |      Day P&L |      Event
2026-04-04 13:15:31 | INFO     | ----------------------------------------------------------------------
2026-04-04 13:15:31 | INFO     |   20250402     |   21.8 |       2 | $    -415.38 |           
2026-04-04 13:15:31 | INFO     |   20231020     |   21.4 |       2 | $    -374.70 |           
2026-04-04 13:15:31 | INFO     |   20220111     |   19.4 |       1 | $    -122.00 |           
2026-04-04 13:15:31 | INFO     |   20220201     |   24.8 |       1 | $    -122.00 |           
2026-04-04 13:15:31 | INFO     |   20220407     |   22.1 |       1 | $    -122.00 |           
2026-04-04 13:15:31 | INFO     |   20220419     |   22.2 |       1 | $    -122.00 |           
2026-04-04 13:15:31 | INFO     |   20220729     |   22.3 |       1 | $    -122.00 |           
2026-04-04 13:15:31 | INFO     |   20220815     |   19.5 |       1 | $    -122.00 |           
2026-04-04 13:15:31 | INFO     |   20220825     |   22.8 |       1 | $    -122.00 |           
2026-04-04 13:15:31 | INFO     |   20221122     |   22.4 |       1 | $    -122.00 |           
2026-04-04 13:15:31 | INFO     |   20221221     |   21.5 |       1 | $    -122.00 |           
2026-04-04 13:15:31 | INFO     |   20230113     |   18.8 |       1 | $    -122.00 |           
2026-04-04 13:15:31 | INFO     |   20230118     |   19.4 |       1 | $    -122.00 |           
2026-04-04 13:15:31 | INFO     |   20230125     |   19.2 |       1 | $    -122.00 |           
2026-04-04 13:15:31 | INFO     |   20230127     |   18.7 |       1 | $    -122.00 |           
2026-04-04 13:15:31 | INFO     |   20230209     |   19.6 |       1 | $    -122.00 |           
2026-04-04 13:15:31 | INFO     |   20230213     |   20.5 |       1 | $    -122.00 |           
2026-04-04 13:15:31 | INFO     |   20230502     |   16.1 |       1 | $    -122.00 |           
2026-04-04 13:15:31 | INFO     |   20230816     |   16.5 |       1 | $    -122.00 |           
2026-04-04 13:15:31 | INFO     |   20230817     |   16.8 |       1 | $    -122.00 |           
2026-04-04 13:15:31 | INFO     |   20230906     |   14.0 |       1 | $    -122.00 |           
2026-04-04 13:15:31 | INFO     |   20231009     |   17.4 |       1 | $    -122.00 |           
2026-04-04 13:15:31 | INFO     |   20231019     |   19.2 |       1 | $    -122.00 |           
2026-04-04 13:15:31 | INFO     |   20231027     |   20.7 |       1 | $    -122.00 |           
2026-04-04 13:15:31 | INFO     |   20231102     |   16.9 |       1 | $    -122.00 |           
2026-04-04 13:15:31 | INFO     |   20240119     |   14.1 |       1 | $    -122.00 |           
2026-04-04 13:15:31 | INFO     |   20240305     |   13.5 |       1 | $    -122.00 |           
2026-04-04 13:15:31 | INFO     |   20240425     |   16.0 |       1 | $    -122.00 |           
2026-04-04 13:15:31 | INFO     |   20240718     |   14.5 |       1 | $    -122.00 |           
2026-04-04 13:15:31 | INFO     |   20240719     |   15.9 |       1 | $    -122.00 |           
2026-04-04 13:15:31 | INFO     | ----------------------------------------------------------------------
2026-04-04 13:15:31 | INFO     | ----------------------------------------------------------
2026-04-04 13:15:31 | INFO     |   SEASONALITY — DAY OF WEEK
2026-04-04 13:15:31 | INFO     | ----------------------------------------------------------
2026-04-04 13:15:31 | INFO     |   Day   |  Trades |    WR% |    Total P&L |    Avg P&L
2026-04-04 13:15:31 | INFO     | ----------------------------------------------------------
2026-04-04 13:15:31 | INFO     |   Mon   |      68 |  80.9% | $   7,631.88 | $   112.23
2026-04-04 13:15:31 | INFO     |   Tue   |      84 |  77.4% | $   7,029.49 | $    83.68
2026-04-04 13:15:31 | INFO     |   Wed   |      87 |  74.7% | $   8,790.94 | $   101.05
2026-04-04 13:15:31 | INFO     |   Thu   |      90 |  76.7% | $   7,343.07 | $    81.59
2026-04-04 13:15:31 | INFO     |   Fri   |      86 |  74.4% | $   9,146.97 | $   106.36
2026-04-04 13:15:31 | INFO     | ----------------------------------------------------------
2026-04-04 13:15:31 | INFO     | ----------------------------------------------------------
2026-04-04 13:15:31 | INFO     |   SEASONALITY — MONTH
2026-04-04 13:15:31 | INFO     | ----------------------------------------------------------
2026-04-04 13:15:31 | INFO     |   Month |  Trades |    WR% |    Total P&L |    Avg P&L
2026-04-04 13:15:31 | INFO     | ----------------------------------------------------------
2026-04-04 13:15:31 | INFO     |   Jan   |      50 |  76.0% | $   4,427.91 | $    88.56
2026-04-04 13:15:31 | INFO     |   Feb   |      53 |  66.0% | $   4,411.74 | $    83.24
2026-04-04 13:15:31 | INFO     |   Mar   |      30 |  83.3% | $   3,169.52 | $   105.65
2026-04-04 13:15:31 | INFO     |   Apr   |      26 |  65.4% | $   2,092.60 | $    80.48
2026-04-04 13:15:31 | INFO     |   May   |      19 |  73.7% | $   1,594.58 | $    83.93
2026-04-04 13:15:31 | INFO     |   Jun   |      21 |  95.2% | $   2,450.40 | $   116.69
2026-04-04 13:15:31 | INFO     |   Jul   |      25 |  76.0% | $   2,757.28 | $   110.29
2026-04-04 13:15:31 | INFO     |   Aug   |      46 |  82.6% | $   4,886.83 | $   106.24
2026-04-04 13:15:31 | INFO     |   Sep   |      29 |  79.3% | $   2,656.90 | $    91.62
2026-04-04 13:15:31 | INFO     |   Oct   |      46 |  76.1% | $   4,056.81 | $    88.19
2026-04-04 13:15:31 | INFO     |   Nov   |      32 |  78.1% | $   2,990.79 | $    93.46
2026-04-04 13:15:31 | INFO     |   Dec   |      38 |  76.3% | $   4,446.99 | $   117.03
2026-04-04 13:15:31 | INFO     | ----------------------------------------------------------
2026-04-04 13:15:31 | INFO     | ------------------------------------------------------------------------
2026-04-04 13:15:31 | INFO     |   CALENDAR / ECON EVENT ANALYSIS  (sorted by WR%)
2026-04-04 13:15:31 | INFO     | ------------------------------------------------------------------------
2026-04-04 13:15:31 | INFO     |   Event          |  Days |    WR% |    Avg/Day |    Total P&L |     Max DD
2026-04-04 13:15:31 | INFO     | ------------------------------------------------------------------------
2026-04-04 13:15:31 | INFO     |   Triple Witch   |     5 | 100.0% | $   180.25 | $     901.23 | $     0.00
2026-04-04 13:15:31 | INFO     |   CPI/NFP        |    26 |  80.8% | $   144.97 | $   3,479.29 | $   244.00
2026-04-04 13:15:31 | INFO     |   FOMC           |    10 |  80.0% | $   165.28 | $   1,322.27 | $   122.00
2026-04-04 13:15:31 | INFO     |   Normal         |   374 |  75.9% | $   100.41 | $  34,239.56 | $   651.67
2026-04-04 13:15:31 | INFO     | ------------------------------------------------------------------------
