2026-04-04 13:16:50 | INFO     | Log file  : /Users/jeerapongwongchote/Documents/thetadata/zenith/logs/zenith_20260404_131650.log
2026-04-04 13:16:50 | INFO     | ================================================================================
2026-04-04 13:16:50 | INFO     |   RECENT RUN HISTORY
2026-04-04 13:16:50 | INFO     | --------------------------------------------------------------------------------
2026-04-04 13:16:50 | INFO     |     # | Timestamp              |  Trades |          P&L |         DD |  Sharpe |     WR
2026-04-04 13:16:50 | INFO     | --------------------------------------------------------------------------------
2026-04-04 13:16:50 | INFO     |    47 | 2026-04-04T13:14:11    |     377 | $    32,338 | -$     772 |   8.32 |  76.4%
2026-04-04 13:16:50 | INFO     |    48 | 2026-04-04T13:14:29    |     377 | $    32,338 | -$     772 |   8.32 |  76.4%
2026-04-04 13:16:50 | INFO     |    49 | 2026-04-04T13:14:48    |     378 | $    34,452 | -$     652 |   9.40 |  75.9%
2026-04-04 13:16:50 | INFO     |    50 | 2026-04-04T13:15:07    |     415 | $    39,942 | -$     652 |   9.89 |  76.6%
2026-04-04 13:16:50 | INFO     |    51 | 2026-04-04T13:15:18    |     415 | $    39,942 | -$     652 |   9.89 |  76.6%
2026-04-04 13:16:50 | INFO     |    52 | 2026-04-04T13:15:31    |     415 | $    39,942 | -$     652 |   9.89 |  76.6%
2026-04-04 13:16:50 | INFO     |    53 | 2026-04-04T13:15:46    |     415 | $    39,942 | -$     652 |   9.89 |  76.6%
2026-04-04 13:16:50 | INFO     |    54 | 2026-04-04T13:16:08    |     387 | $    39,752 | -$     652 |  10.54 |  78.0%
2026-04-04 13:16:50 | INFO     |    55 | 2026-04-04T13:16:36    |     387 | $    39,964 | -$     652 |  10.61 |  78.3%
2026-04-04 13:16:50 | INFO     |    56 | 2026-04-04T13:16:49    |     387 | $    39,964 | -$     652 |  10.61 |  78.3%
2026-04-04 13:16:50 | INFO     | ================================================================================
2026-04-04 13:16:50 | INFO     | ============================================================
2026-04-04 13:16:50 | INFO     | ZENITH FADE CCS BACKTEST
2026-04-04 13:16:50 | INFO     | Signal Mode  : dynamic
2026-04-04 13:16:50 | INFO     | Period       : 2022-01-03 -> 2026-03-25
2026-04-04 13:16:50 | INFO     | Score Thresh : 68.0
2026-04-04 13:16:50 | INFO     | Weights      : var=1.4, vol=8.9, rocket=274.0
2026-04-04 13:16:50 | INFO     | Strike       : 30.0pt OTM, 10.0pt wide
2026-04-04 13:16:50 | INFO     | Risk         : $600.0, TP 66%, SL -100%
2026-04-04 13:16:50 | INFO     | ============================================================
2026-04-04 13:16:50 | INFO     | Building daily indicators...
2026-04-04 13:16:59 | INFO     |   ORB computed for 1265 days (avg width: 19.3 pts)
2026-04-04 13:16:59 | WARNING  | No SPX volume data — dRelVol defaulted to 1.0
2026-04-04 13:16:59 | INFO     | Built daily indicators: 1066 bars
2026-04-04 13:16:59 | INFO     |   -> 1066 daily bars loaded
2026-04-04 13:16:59 | INFO     | ============================================================
2026-04-04 13:16:59 | INFO     | ZENITH FADE CCS BACKTEST
2026-04-04 13:16:59 | INFO     | Mode: dynamic
2026-04-04 13:16:59 | INFO     | Period: 2022-01-03 -> 2026-03-25
2026-04-04 13:16:59 | INFO     | Trades -> /Users/jeerapongwongchote/Documents/thetadata/zenith/logs/zenith_trades_20260404_131650.csv
2026-04-04 13:16:59 | INFO     | ============================================================
2026-04-04 13:16:59 | INFO     | Signal #   1 | 20220104 | CALL | P&L: $     85 | Total: $       85 | WR: 100.0%
2026-04-04 13:16:59 | INFO     | Signal #   2 | 20220106 |  PUT | P&L: $   -122 | Total: $      207 | WR: 66.7%
2026-04-04 13:16:59 | INFO     | Signal #   3 | 20220111 | CALL | P&L: $   -122 | Total: $       85 | WR: 50.0%
2026-04-04 13:16:59 | INFO     | Signal #   4 | 20220112 | CALL | P&L: $     92 | Total: $      177 | WR: 60.0%
2026-04-04 13:16:59 | INFO     | Signal #   5 | 20220113 | CALL | P&L: $    131 | Total: $      308 | WR: 66.7%
2026-04-04 13:16:59 | DEBUG    | Skipping 20220118 — VIX 22.8 > 22.0
2026-04-04 13:16:59 | DEBUG    | Skipping 20220119 — VIX 23.9 > 22.0
2026-04-04 13:16:59 | DEBUG    | Skipping 20220120 — VIX 25.6 > 22.0
2026-04-04 13:16:59 | DEBUG    | Skipping 20220121 — VIX 28.9 > 22.0
2026-04-04 13:16:59 | DEBUG    | Skipping 20220124 — VIX 29.9 > 22.0
2026-04-04 13:16:59 | DEBUG    | Skipping 20220125 — VIX 31.2 > 22.0
2026-04-04 13:16:59 | DEBUG    | Skipping 20220126 — VIX 32.0 > 22.0
2026-04-04 13:16:59 | DEBUG    | Skipping 20220127 — VIX 30.5 > 22.0
2026-04-04 13:16:59 | DEBUG    | Skipping 20220128 — VIX 27.7 > 22.0
2026-04-04 13:16:59 | DEBUG    | Skipping 20220131 — VIX 24.8 > 22.0
2026-04-04 13:16:59 | DEBUG    | Skipping 20220202 — VIX 22.1 > 22.0
2026-04-04 13:16:59 | DEBUG    | Skipping 20220203 — VIX 24.4 > 22.0
2026-04-04 13:16:59 | DEBUG    | Skipping 20220204 — VIX 23.2 > 22.0
2026-04-04 13:16:59 | DEBUG    | Skipping 20220207 — VIX 22.9 > 22.0
2026-04-04 13:16:59 | DEBUG    | Skipping 20220210 — VIX 23.9 > 22.0
2026-04-04 13:16:59 | DEBUG    | Skipping 20220211 — VIX 27.4 > 22.0
2026-04-04 13:16:59 | DEBUG    | Skipping 20220214 — VIX 28.3 > 22.0
2026-04-04 13:16:59 | DEBUG    | Skipping 20220215 — VIX 25.7 > 22.0
2026-04-04 13:16:59 | DEBUG    | Skipping 20220216 — VIX 24.3 > 22.0
2026-04-04 13:16:59 | DEBUG    | Skipping 20220217 — VIX 28.1 > 22.0
2026-04-04 13:16:59 | DEBUG    | Skipping 20220218 — VIX 27.8 > 22.0
2026-04-04 13:16:59 | DEBUG    | Skipping 20220222 — VIX 28.8 > 22.0
2026-04-04 13:16:59 | DEBUG    | Skipping 20220223 — VIX 31.0 > 22.0
2026-04-04 13:16:59 | DEBUG    | Skipping 20220224 — VIX 30.3 > 22.0
2026-04-04 13:16:59 | DEBUG    | Skipping 20220225 — VIX 27.6 > 22.0
2026-04-04 13:16:59 | DEBUG    | Skipping 20220228 — VIX 30.1 > 22.0
2026-04-04 13:16:59 | DEBUG    | Skipping 20220301 — VIX 33.3 > 22.0
2026-04-04 13:16:59 | DEBUG    | Skipping 20220302 — VIX 30.7 > 22.0
2026-04-04 13:16:59 | DEBUG    | Skipping 20220303 — VIX 30.5 > 22.0
2026-04-04 13:16:59 | DEBUG    | Skipping 20220304 — VIX 32.0 > 22.0
2026-04-04 13:16:59 | DEBUG    | Skipping 20220307 — VIX 36.5 > 22.0
2026-04-04 13:16:59 | DEBUG    | Skipping 20220308 — VIX 35.1 > 22.0
2026-04-04 13:16:59 | DEBUG    | Skipping 20220309 — VIX 32.5 > 22.0
2026-04-04 13:16:59 | DEBUG    | Skipping 20220310 — VIX 30.2 > 22.0
2026-04-04 13:16:59 | DEBUG    | Skipping 20220311 — VIX 30.8 > 22.0
2026-04-04 13:16:59 | DEBUG    | Skipping 20220314 — VIX 31.8 > 22.0
2026-04-04 13:16:59 | DEBUG    | Skipping 20220315 — VIX 29.8 > 22.0
2026-04-04 13:16:59 | DEBUG    | Skipping 20220316 — VIX 26.7 > 22.0
2026-04-04 13:16:59 | DEBUG    | Skipping 20220317 — VIX 25.7 > 22.0
2026-04-04 13:16:59 | DEBUG    | Skipping 20220318 — VIX 23.9 > 22.0
2026-04-04 13:16:59 | DEBUG    | Skipping 20220321 — VIX 23.5 > 22.0
2026-04-04 13:16:59 | DEBUG    | Skipping 20220322 — VIX 22.9 > 22.0
2026-04-04 13:16:59 | DEBUG    | Skipping 20220323 — VIX 23.6 > 22.0
2026-04-04 13:17:00 | DEBUG    | Skipping 20220406 — VIX 22.1 > 22.0
2026-04-04 13:17:00 | DEBUG    | Skipping 20220411 — VIX 24.4 > 22.0
2026-04-04 13:17:00 | DEBUG    | Skipping 20220412 — VIX 24.3 > 22.0
2026-04-04 13:17:00 | DEBUG    | Skipping 20220414 — VIX 22.7 > 22.0
2026-04-04 13:17:00 | DEBUG    | Skipping 20220418 — VIX 22.2 > 22.0
2026-04-04 13:17:00 | DEBUG    | Skipping 20220421 — VIX 22.7 > 22.0
2026-04-04 13:17:00 | DEBUG    | Skipping 20220422 — VIX 28.2 > 22.0
2026-04-04 13:17:00 | DEBUG    | Skipping 20220425 — VIX 27.0 > 22.0
2026-04-04 13:17:00 | DEBUG    | Skipping 20220426 — VIX 33.5 > 22.0
2026-04-04 13:17:00 | DEBUG    | Skipping 20220427 — VIX 31.6 > 22.0
2026-04-04 13:17:00 | DEBUG    | Skipping 20220428 — VIX 30.0 > 22.0
2026-04-04 13:17:00 | DEBUG    | Skipping 20220429 — VIX 33.4 > 22.0
2026-04-04 13:17:00 | DEBUG    | Skipping 20220502 — VIX 32.3 > 22.0
2026-04-04 13:17:00 | DEBUG    | Skipping 20220503 — VIX 29.2 > 22.0
2026-04-04 13:17:00 | DEBUG    | Skipping 20220504 — VIX 25.4 > 22.0
2026-04-04 13:17:00 | DEBUG    | Skipping 20220505 — VIX 31.2 > 22.0
2026-04-04 13:17:00 | DEBUG    | Skipping 20220506 — VIX 30.2 > 22.0
2026-04-04 13:17:00 | DEBUG    | Skipping 20220509 — VIX 34.8 > 22.0
2026-04-04 13:17:00 | DEBUG    | Skipping 20220510 — VIX 33.0 > 22.0
2026-04-04 13:17:00 | DEBUG    | Skipping 20220511 — VIX 32.6 > 22.0
2026-04-04 13:17:00 | DEBUG    | Skipping 20220512 — VIX 31.8 > 22.0
2026-04-04 13:17:00 | DEBUG    | Skipping 20220513 — VIX 28.9 > 22.0
2026-04-04 13:17:00 | DEBUG    | Skipping 20220516 — VIX 27.5 > 22.0
2026-04-04 13:17:00 | DEBUG    | Skipping 20220517 — VIX 26.1 > 22.0
2026-04-04 13:17:00 | DEBUG    | Skipping 20220518 — VIX 31.0 > 22.0
2026-04-04 13:17:00 | DEBUG    | Skipping 20220519 — VIX 29.4 > 22.0
2026-04-04 13:17:00 | DEBUG    | Skipping 20220520 — VIX 29.4 > 22.0
2026-04-04 13:17:00 | DEBUG    | Skipping 20220523 — VIX 28.5 > 22.0
2026-04-04 13:17:00 | DEBUG    | Skipping 20220524 — VIX 29.4 > 22.0
2026-04-04 13:17:00 | DEBUG    | Skipping 20220525 — VIX 28.4 > 22.0
2026-04-04 13:17:00 | DEBUG    | Skipping 20220526 — VIX 27.5 > 22.0
2026-04-04 13:17:00 | DEBUG    | Skipping 20220527 — VIX 25.7 > 22.0
2026-04-04 13:17:00 | DEBUG    | Skipping 20220531 — VIX 26.2 > 22.0
2026-04-04 13:17:00 | DEBUG    | Skipping 20220601 — VIX 25.7 > 22.0
2026-04-04 13:17:00 | DEBUG    | Skipping 20220602 — VIX 24.7 > 22.0
2026-04-04 13:17:00 | DEBUG    | Skipping 20220603 — VIX 24.8 > 22.0
2026-04-04 13:17:00 | DEBUG    | Skipping 20220606 — VIX 25.1 > 22.0
2026-04-04 13:17:00 | DEBUG    | Skipping 20220607 — VIX 24.0 > 22.0
2026-04-04 13:17:00 | DEBUG    | Skipping 20220608 — VIX 24.0 > 22.0
2026-04-04 13:17:00 | DEBUG    | Skipping 20220609 — VIX 26.1 > 22.0
2026-04-04 13:17:00 | DEBUG    | Skipping 20220610 — VIX 27.8 > 22.0
2026-04-04 13:17:00 | DEBUG    | Skipping 20220613 — VIX 34.0 > 22.0
2026-04-04 13:17:00 | DEBUG    | Skipping 20220614 — VIX 32.7 > 22.0
2026-04-04 13:17:00 | DEBUG    | Skipping 20220615 — VIX 29.6 > 22.0
2026-04-04 13:17:00 | DEBUG    | Skipping 20220616 — VIX 33.0 > 22.0
2026-04-04 13:17:00 | DEBUG    | Skipping 20220617 — VIX 31.1 > 22.0
2026-04-04 13:17:00 | DEBUG    | Skipping 20220621 — VIX 30.2 > 22.0
2026-04-04 13:17:00 | DEBUG    | Skipping 20220622 — VIX 28.9 > 22.0
2026-04-04 13:17:00 | DEBUG    | Skipping 20220623 — VIX 29.1 > 22.0
2026-04-04 13:17:00 | DEBUG    | Skipping 20220624 — VIX 27.2 > 22.0
2026-04-04 13:17:00 | DEBUG    | Skipping 20220627 — VIX 26.9 > 22.0
2026-04-04 13:17:00 | DEBUG    | Skipping 20220628 — VIX 28.4 > 22.0
2026-04-04 13:17:00 | DEBUG    | Skipping 20220629 — VIX 28.2 > 22.0
2026-04-04 13:17:00 | DEBUG    | Skipping 20220630 — VIX 28.7 > 22.0
2026-04-04 13:17:00 | DEBUG    | Skipping 20220701 — VIX 26.7 > 22.0
2026-04-04 13:17:00 | DEBUG    | Skipping 20220705 — VIX 27.5 > 22.0
2026-04-04 13:17:00 | DEBUG    | Skipping 20220706 — VIX 26.7 > 22.0
2026-04-04 13:17:00 | DEBUG    | Skipping 20220707 — VIX 26.1 > 22.0
2026-04-04 13:17:00 | DEBUG    | Skipping 20220708 — VIX 24.6 > 22.0
2026-04-04 13:17:00 | DEBUG    | Skipping 20220711 — VIX 26.2 > 22.0
2026-04-04 13:17:00 | DEBUG    | Skipping 20220712 — VIX 27.3 > 22.0
2026-04-04 13:17:00 | DEBUG    | Skipping 20220713 — VIX 26.8 > 22.0
2026-04-04 13:17:00 | DEBUG    | Skipping 20220714 — VIX 26.4 > 22.0
2026-04-04 13:17:00 | DEBUG    | Skipping 20220715 — VIX 24.2 > 22.0
2026-04-04 13:17:00 | DEBUG    | Skipping 20220718 — VIX 25.3 > 22.0
2026-04-04 13:17:00 | DEBUG    | Skipping 20220719 — VIX 24.5 > 22.0
2026-04-04 13:17:00 | DEBUG    | Skipping 20220720 — VIX 23.9 > 22.0
2026-04-04 13:17:00 | DEBUG    | Skipping 20220721 — VIX 23.1 > 22.0
2026-04-04 13:17:00 | DEBUG    | Skipping 20220722 — VIX 23.0 > 22.0
2026-04-04 13:17:00 | DEBUG    | Skipping 20220725 — VIX 23.4 > 22.0
2026-04-04 13:17:00 | DEBUG    | Skipping 20220726 — VIX 24.7 > 22.0
2026-04-04 13:17:00 | DEBUG    | Skipping 20220727 — VIX 23.2 > 22.0
2026-04-04 13:17:00 | DEBUG    | Skipping 20220728 — VIX 22.3 > 22.0
2026-04-04 13:17:00 | DEBUG    | Skipping 20220801 — VIX 22.8 > 22.0
2026-04-04 13:17:00 | DEBUG    | Skipping 20220802 — VIX 23.9 > 22.0
2026-04-04 13:17:00 | DEBUG    | Skipping 20220822 — VIX 23.8 > 22.0
2026-04-04 13:17:00 | DEBUG    | Skipping 20220823 — VIX 24.1 > 22.0
2026-04-04 13:17:00 | DEBUG    | Skipping 20220824 — VIX 22.8 > 22.0
2026-04-04 13:17:00 | DEBUG    | Skipping 20220826 — VIX 25.6 > 22.0
2026-04-04 13:17:00 | DEBUG    | Skipping 20220829 — VIX 26.2 > 22.0
2026-04-04 13:17:00 | DEBUG    | Skipping 20220830 — VIX 26.2 > 22.0
2026-04-04 13:17:00 | DEBUG    | Skipping 20220831 — VIX 25.9 > 22.0
2026-04-04 13:17:00 | DEBUG    | Skipping 20220901 — VIX 25.6 > 22.0
2026-04-04 13:17:00 | DEBUG    | Skipping 20220902 — VIX 25.5 > 22.0
2026-04-04 13:17:00 | DEBUG    | Skipping 20220906 — VIX 26.9 > 22.0
2026-04-04 13:17:00 | DEBUG    | Skipping 20220907 — VIX 24.6 > 22.0
2026-04-04 13:17:00 | DEBUG    | Skipping 20220908 — VIX 23.6 > 22.0
2026-04-04 13:17:00 | DEBUG    | Skipping 20220909 — VIX 22.8 > 22.0
2026-04-04 13:17:00 | DEBUG    | Skipping 20220912 — VIX 23.9 > 22.0
2026-04-04 13:17:00 | DEBUG    | Skipping 20220913 — VIX 27.3 > 22.0
2026-04-04 13:17:00 | DEBUG    | Skipping 20220914 — VIX 26.2 > 22.0
2026-04-04 13:17:00 | DEBUG    | Skipping 20220915 — VIX 26.3 > 22.0
2026-04-04 13:17:00 | DEBUG    | Skipping 20220916 — VIX 26.3 > 22.0
2026-04-04 13:17:00 | DEBUG    | Skipping 20220919 — VIX 25.8 > 22.0
2026-04-04 13:17:00 | DEBUG    | Skipping 20220920 — VIX 27.2 > 22.0
2026-04-04 13:17:00 | DEBUG    | Skipping 20220921 — VIX 28.0 > 22.0
2026-04-04 13:17:00 | DEBUG    | Skipping 20220922 — VIX 27.4 > 22.0
2026-04-04 13:17:00 | DEBUG    | Skipping 20220923 — VIX 29.9 > 22.0
2026-04-04 13:17:00 | DEBUG    | Skipping 20220926 — VIX 32.3 > 22.0
2026-04-04 13:17:00 | DEBUG    | Skipping 20220927 — VIX 32.6 > 22.0
2026-04-04 13:17:00 | DEBUG    | Skipping 20220928 — VIX 30.2 > 22.0
2026-04-04 13:17:00 | DEBUG    | Skipping 20220929 — VIX 31.8 > 22.0
2026-04-04 13:17:00 | DEBUG    | Skipping 20220930 — VIX 31.6 > 22.0
2026-04-04 13:17:00 | DEBUG    | Skipping 20221003 — VIX 30.1 > 22.0
2026-04-04 13:17:00 | DEBUG    | Skipping 20221004 — VIX 29.1 > 22.0
2026-04-04 13:17:00 | DEBUG    | Skipping 20221005 — VIX 28.6 > 22.0
2026-04-04 13:17:00 | DEBUG    | Skipping 20221006 — VIX 30.5 > 22.0
2026-04-04 13:17:00 | DEBUG    | Skipping 20221007 — VIX 31.4 > 22.0
2026-04-04 13:17:00 | DEBUG    | Skipping 20221010 — VIX 32.5 > 22.0
2026-04-04 13:17:00 | DEBUG    | Skipping 20221011 — VIX 33.6 > 22.0
2026-04-04 13:17:00 | DEBUG    | Skipping 20221012 — VIX 33.6 > 22.0
2026-04-04 13:17:00 | DEBUG    | Skipping 20221013 — VIX 31.9 > 22.0
2026-04-04 13:17:00 | DEBUG    | Skipping 20221014 — VIX 32.0 > 22.0
2026-04-04 13:17:00 | DEBUG    | Skipping 20221017 — VIX 31.4 > 22.0
2026-04-04 13:17:00 | DEBUG    | Skipping 20221018 — VIX 30.5 > 22.0
2026-04-04 13:17:00 | DEBUG    | Skipping 20221019 — VIX 30.8 > 22.0
2026-04-04 13:17:00 | DEBUG    | Skipping 20221020 — VIX 30.0 > 22.0
2026-04-04 13:17:00 | DEBUG    | Skipping 20221021 — VIX 29.7 > 22.0
2026-04-04 13:17:00 | DEBUG    | Skipping 20221024 — VIX 29.9 > 22.0
2026-04-04 13:17:00 | DEBUG    | Skipping 20221025 — VIX 28.5 > 22.0
2026-04-04 13:17:00 | DEBUG    | Skipping 20221026 — VIX 27.3 > 22.0
2026-04-04 13:17:00 | DEBUG    | Skipping 20221027 — VIX 27.4 > 22.0
2026-04-04 13:17:00 | DEBUG    | Skipping 20221028 — VIX 25.8 > 22.0
2026-04-04 13:17:00 | DEBUG    | Skipping 20221031 — VIX 25.9 > 22.0
2026-04-04 13:17:00 | DEBUG    | Skipping 20221101 — VIX 25.8 > 22.0
2026-04-04 13:17:00 | DEBUG    | Skipping 20221102 — VIX 25.9 > 22.0
2026-04-04 13:17:00 | DEBUG    | Skipping 20221103 — VIX 25.3 > 22.0
2026-04-04 13:17:00 | DEBUG    | Skipping 20221104 — VIX 24.6 > 22.0
2026-04-04 13:17:00 | DEBUG    | Skipping 20221107 — VIX 24.4 > 22.0
2026-04-04 13:17:00 | DEBUG    | Skipping 20221108 — VIX 25.5 > 22.0
2026-04-04 13:17:00 | DEBUG    | Skipping 20221109 — VIX 26.1 > 22.0
2026-04-04 13:17:00 | DEBUG    | Skipping 20221110 — VIX 23.5 > 22.0
2026-04-04 13:17:00 | DEBUG    | Skipping 20221111 — VIX 22.5 > 22.0
2026-04-04 13:17:00 | DEBUG    | Skipping 20221114 — VIX 23.7 > 22.0
2026-04-04 13:17:00 | DEBUG    | Skipping 20221115 — VIX 24.5 > 22.0
2026-04-04 13:17:00 | DEBUG    | Skipping 20221116 — VIX 24.1 > 22.0
2026-04-04 13:17:00 | DEBUG    | Skipping 20221117 — VIX 23.9 > 22.0
2026-04-04 13:17:00 | DEBUG    | Skipping 20221118 — VIX 23.1 > 22.0
2026-04-04 13:17:00 | DEBUG    | Skipping 20221121 — VIX 22.4 > 22.0
2026-04-04 13:17:00 | DEBUG    | Skipping 20221128 — VIX 22.2 > 22.0
2026-04-04 13:17:00 | DEBUG    | Skipping 20221206 — VIX 22.2 > 22.0
2026-04-04 13:17:00 | DEBUG    | Skipping 20221207 — VIX 22.7 > 22.0
2026-04-04 13:17:00 | DEBUG    | Skipping 20221208 — VIX 22.3 > 22.0
2026-04-04 13:17:00 | DEBUG    | Skipping 20221209 — VIX 22.8 > 22.0
2026-04-04 13:17:00 | DEBUG    | Skipping 20221212 — VIX 25.0 > 22.0
2026-04-04 13:17:00 | DEBUG    | Skipping 20221213 — VIX 22.6 > 22.0
2026-04-04 13:17:00 | DEBUG    | Skipping 20221215 — VIX 22.8 > 22.0
2026-04-04 13:17:00 | DEBUG    | Skipping 20221216 — VIX 22.6 > 22.0
2026-04-04 13:17:00 | DEBUG    | Skipping 20221219 — VIX 22.4 > 22.0
2026-04-04 13:17:00 | DEBUG    | Skipping 20221228 — VIX 22.1 > 22.0
2026-04-04 13:17:00 | DEBUG    | Skipping 20230103 — VIX 22.9 > 22.0
2026-04-04 13:17:00 | DEBUG    | Skipping 20230104 — VIX 22.0 > 22.0
2026-04-04 13:17:00 | DEBUG    | Skipping 20230105 — VIX 22.5 > 22.0
2026-04-04 13:17:00 | INFO     | Signal #  50 | 20230209 |  PUT | P&L: $   -122 | Total: $    4,108 | WR: 73.6%
2026-04-04 13:17:00 | DEBUG    | Skipping 20230221 — VIX 22.9 > 22.0
2026-04-04 13:17:00 | DEBUG    | Skipping 20230222 — VIX 22.3 > 22.0
2026-04-04 13:17:00 | DEBUG    | Skipping 20230309 — VIX 22.6 > 22.0
2026-04-04 13:17:00 | DEBUG    | Skipping 20230310 — VIX 24.8 > 22.0
2026-04-04 13:17:00 | DEBUG    | Skipping 20230313 — VIX 26.5 > 22.0
2026-04-04 13:17:00 | DEBUG    | Skipping 20230314 — VIX 23.7 > 22.0
2026-04-04 13:17:00 | DEBUG    | Skipping 20230315 — VIX 26.1 > 22.0
2026-04-04 13:17:00 | DEBUG    | Skipping 20230316 — VIX 23.0 > 22.0
2026-04-04 13:17:00 | DEBUG    | Skipping 20230317 — VIX 25.5 > 22.0
2026-04-04 13:17:00 | DEBUG    | Skipping 20230320 — VIX 24.1 > 22.0
2026-04-04 13:17:00 | DEBUG    | Skipping 20230322 — VIX 22.3 > 22.0
2026-04-04 13:17:00 | DEBUG    | Skipping 20230323 — VIX 22.6 > 22.0
2026-04-04 13:17:00 | INFO     | Signal # 100 | 20230927 |  PUT | P&L: $   -122 | Total: $    9,720 | WR: 80.8%
2026-04-04 13:17:01 | INFO     | Signal # 150 | 20240419 |  PUT | P&L: $   -122 | Total: $   14,407 | WR: 80.0%
2026-04-04 13:17:01 | DEBUG    | Skipping 20240802 — VIX 23.4 > 22.0
2026-04-04 13:17:01 | DEBUG    | Skipping 20240805 — VIX 38.6 > 22.0
2026-04-04 13:17:01 | DEBUG    | Skipping 20240806 — VIX 27.7 > 22.0
2026-04-04 13:17:01 | DEBUG    | Skipping 20240807 — VIX 27.9 > 22.0
2026-04-04 13:17:01 | DEBUG    | Skipping 20240808 — VIX 23.8 > 22.0
2026-04-04 13:17:01 | DEBUG    | Skipping 20240906 — VIX 22.4 > 22.0
2026-04-04 13:17:02 | DEBUG    | Skipping 20241007 — VIX 22.6 > 22.0
2026-04-04 13:17:02 | INFO     | Signal # 200 | 20241030 | CALL | P&L: $     80 | Total: $   21,591 | WR: 82.0%
2026-04-04 13:17:02 | DEBUG    | Skipping 20241031 — VIX 23.2 > 22.0
2026-04-04 13:17:02 | DEBUG    | Skipping 20241218 — VIX 27.6 > 22.0
2026-04-04 13:17:02 | DEBUG    | Skipping 20241219 — VIX 24.1 > 22.0
2026-04-04 13:17:02 | DEBUG    | Skipping 20250303 — VIX 22.8 > 22.0
2026-04-04 13:17:02 | DEBUG    | Skipping 20250304 — VIX 23.5 > 22.0
2026-04-04 13:17:02 | DEBUG    | Skipping 20250306 — VIX 24.9 > 22.0
2026-04-04 13:17:02 | DEBUG    | Skipping 20250307 — VIX 23.4 > 22.0
2026-04-04 13:17:02 | DEBUG    | Skipping 20250310 — VIX 27.9 > 22.0
2026-04-04 13:17:02 | DEBUG    | Skipping 20250311 — VIX 26.9 > 22.0
2026-04-04 13:17:02 | DEBUG    | Skipping 20250312 — VIX 24.2 > 22.0
2026-04-04 13:17:02 | DEBUG    | Skipping 20250313 — VIX 24.7 > 22.0
2026-04-04 13:17:02 | DEBUG    | Skipping 20250331 — VIX 22.3 > 22.0
2026-04-04 13:17:02 | DEBUG    | Skipping 20250403 — VIX 30.0 > 22.0
2026-04-04 13:17:02 | DEBUG    | Skipping 20250404 — VIX 45.3 > 22.0
2026-04-04 13:17:02 | DEBUG    | Skipping 20250407 — VIX 47.0 > 22.0
2026-04-04 13:17:02 | DEBUG    | Skipping 20250408 — VIX 52.3 > 22.0
2026-04-04 13:17:02 | DEBUG    | Skipping 20250409 — VIX 33.6 > 22.0
2026-04-04 13:17:02 | DEBUG    | Skipping 20250410 — VIX 40.7 > 22.0
2026-04-04 13:17:02 | DEBUG    | Skipping 20250411 — VIX 37.6 > 22.0
2026-04-04 13:17:02 | DEBUG    | Skipping 20250414 — VIX 30.9 > 22.0
2026-04-04 13:17:02 | DEBUG    | Skipping 20250415 — VIX 30.1 > 22.0
2026-04-04 13:17:02 | DEBUG    | Skipping 20250416 — VIX 32.6 > 22.0
2026-04-04 13:17:02 | DEBUG    | Skipping 20250417 — VIX 29.6 > 22.0
2026-04-04 13:17:02 | DEBUG    | Skipping 20250421 — VIX 33.8 > 22.0
2026-04-04 13:17:02 | DEBUG    | Skipping 20250422 — VIX 30.6 > 22.0
2026-04-04 13:17:02 | DEBUG    | Skipping 20250423 — VIX 28.4 > 22.0
2026-04-04 13:17:02 | DEBUG    | Skipping 20250424 — VIX 26.5 > 22.0
2026-04-04 13:17:02 | DEBUG    | Skipping 20250425 — VIX 24.8 > 22.0
2026-04-04 13:17:02 | DEBUG    | Skipping 20250428 — VIX 25.1 > 22.0
2026-04-04 13:17:02 | DEBUG    | Skipping 20250429 — VIX 24.2 > 22.0
2026-04-04 13:17:02 | DEBUG    | Skipping 20250430 — VIX 24.7 > 22.0
2026-04-04 13:17:02 | DEBUG    | Skipping 20250501 — VIX 24.6 > 22.0
2026-04-04 13:17:02 | DEBUG    | Skipping 20250502 — VIX 22.7 > 22.0
2026-04-04 13:17:02 | DEBUG    | Skipping 20250505 — VIX 23.6 > 22.0
2026-04-04 13:17:02 | DEBUG    | Skipping 20250506 — VIX 24.8 > 22.0
2026-04-04 13:17:02 | DEBUG    | Skipping 20250507 — VIX 23.6 > 22.0
2026-04-04 13:17:02 | DEBUG    | Skipping 20250508 — VIX 22.5 > 22.0
2026-04-04 13:17:02 | INFO     | Signal # 250 | 20250516 | CALL | P&L: $   -122 | Total: $   26,791 | WR: 79.6%
2026-04-04 13:17:02 | DEBUG    | Skipping 20250523 — VIX 22.3 > 22.0
2026-04-04 13:17:03 | DEBUG    | Skipping 20251016 — VIX 25.3 > 22.0
2026-04-04 13:17:03 | INFO     | Signal # 300 | 20251022 | CALL | P&L: $     65 | Total: $   32,477 | WR: 79.6%
2026-04-04 13:17:03 | DEBUG    | Skipping 20251117 — VIX 22.4 > 22.0
2026-04-04 13:17:03 | DEBUG    | Skipping 20251118 — VIX 24.7 > 22.0
2026-04-04 13:17:03 | DEBUG    | Skipping 20251119 — VIX 23.7 > 22.0
2026-04-04 13:17:03 | DEBUG    | Skipping 20251120 — VIX 26.4 > 22.0
2026-04-04 13:17:03 | DEBUG    | Skipping 20251121 — VIX 23.4 > 22.0
2026-04-04 13:17:03 | INFO     | Signal # 350 | 20260226 | CALL | P&L: $    280 | Total: $   40,091 | WR: 78.9%
2026-04-04 13:17:03 | DEBUG    | Skipping 20260303 — VIX 23.6 > 22.0
2026-04-04 13:17:03 | DEBUG    | Skipping 20260305 — VIX 23.8 > 22.0
2026-04-04 13:17:03 | DEBUG    | Skipping 20260306 — VIX 29.5 > 22.0
2026-04-04 13:17:03 | DEBUG    | Skipping 20260309 — VIX 25.5 > 22.0
2026-04-04 13:17:03 | DEBUG    | Skipping 20260310 — VIX 24.9 > 22.0
2026-04-04 13:17:03 | DEBUG    | Skipping 20260311 — VIX 24.2 > 22.0
2026-04-04 13:17:03 | DEBUG    | Skipping 20260312 — VIX 27.3 > 22.0
2026-04-04 13:17:03 | DEBUG    | Skipping 20260313 — VIX 27.2 > 22.0
2026-04-04 13:17:03 | DEBUG    | Skipping 20260316 — VIX 23.5 > 22.0
2026-04-04 13:17:03 | DEBUG    | Skipping 20260317 — VIX 22.4 > 22.0
2026-04-04 13:17:03 | DEBUG    | Skipping 20260318 — VIX 25.1 > 22.0
2026-04-04 13:17:03 | DEBUG    | Skipping 20260319 — VIX 24.1 > 22.0
2026-04-04 13:17:03 | DEBUG    | Skipping 20260320 — VIX 26.8 > 22.0
2026-04-04 13:17:03 | DEBUG    | Skipping 20260323 — VIX 26.1 > 22.0
2026-04-04 13:17:03 | DEBUG    | Skipping 20260324 — VIX 26.9 > 22.0
2026-04-04 13:17:03 | DEBUG    | Skipping 20260325 — VIX 25.3 > 22.0
2026-04-04 13:17:03 | INFO     | DONE — 387 trades, 1060 trading days, 706 skipped
2026-04-04 13:17:03 | INFO     | Trade log snapshot -> /Users/jeerapongwongchote/Documents/thetadata/zenith/tradelogs_zenith.csv
2026-04-04 13:17:03 | INFO     | ============================================================
2026-04-04 13:17:03 | INFO     |   ZENITH FADE CCS — BACKTEST RESULTS
2026-04-04 13:17:03 | INFO     | ============================================================
2026-04-04 13:17:03 | INFO     |   Period          : 20220103 -> 20260304
2026-04-04 13:17:03 | INFO     |   Business days   : 1062
2026-04-04 13:17:03 | INFO     |   Days traded     : 353
2026-04-04 13:17:03 | INFO     |   Total trades    : 387  (wins: 303  losses: 84)
2026-04-04 13:17:03 | INFO     |   Avg trades/day  :    1.1
2026-04-04 13:17:03 | INFO     | ------------------------------------------------------------
2026-04-04 13:17:03 | INFO     |   Total P&L       : $   39,964.03  (net of commission)
2026-04-04 13:17:03 | INFO     |   CAGR            :  8.4%  (acct=$100,000)
2026-04-04 13:17:03 | INFO     |   Avg profit/trade: $  166.71
2026-04-04 13:17:03 | INFO     |   Avg loss/trade  : $ -125.60
2026-04-04 13:17:03 | INFO     |   Expectancy/trade: $  103.27
2026-04-04 13:17:03 | INFO     |   Profit factor   :    4.79x
2026-04-04 13:17:03 | INFO     | ------------------------------------------------------------
2026-04-04 13:17:03 | INFO     |   Max drawdown    : $  651.67  (0.5%)
2026-04-04 13:17:03 | INFO     |   Calmar ratio    :     16.43  (CAGR / max DD%)
2026-04-04 13:17:03 | INFO     |   Recovery factor :     61.33  (net P&L / max DD)
2026-04-04 13:17:03 | INFO     |   Time underwater :   33.1%
2026-04-04 13:17:03 | INFO     | ------------------------------------------------------------
2026-04-04 13:17:03 | INFO     |   Win rate        :   78.3%
2026-04-04 13:17:03 | INFO     |   Sharpe ratio    :     10.61  (rf=4.5%)
2026-04-04 13:17:03 | INFO     |   Sortino ratio   :     70.04
2026-04-04 13:17:03 | INFO     |   Ann. volatility : $2,450.26
2026-04-04 13:17:03 | INFO     | ------------------------------------------------------------
2026-04-04 13:17:03 | INFO     |   Best day        : $  394.00
2026-04-04 13:17:03 | INFO     |   Worst day       : $ -415.38
2026-04-04 13:17:03 | INFO     |   Best trade      : $  394.00
2026-04-04 13:17:03 | INFO     |   Worst trade     : $ -293.38
2026-04-04 13:17:03 | INFO     |   Max win streak  : 21
2026-04-04 13:17:03 | INFO     | ------------------------------------------------------------
2026-04-04 13:17:03 | INFO     |   Score threshold : 68.0
2026-04-04 13:17:03 | INFO     |   Strike offset   : 30.0pt
2026-04-04 13:17:03 | INFO     |   Spread width    : 10.0pt
2026-04-04 13:17:03 | INFO     |   Credit model    : real
2026-04-04 13:17:03 | INFO     |   Bidirectional   : True (put score <= 50.0)
2026-04-04 13:17:03 | INFO     |   Intraday SL     : -0.2
2026-04-04 13:17:03 | INFO     |   Credit floor    : $0.75
2026-04-04 13:17:03 | INFO     |   VIX max filter  : 22.0
2026-04-04 13:17:03 | INFO     |   Term structure  : skip backwardation (ratio > 1.0)
2026-04-04 13:17:03 | INFO     |   Commission      : $0.5/leg
2026-04-04 13:17:03 | INFO     | ============================================================
2026-04-04 13:17:03 | INFO     | Results written to /Users/jeerapongwongchote/Documents/thetadata/zenith/RESULTS.md (keeping last 3 runs)
2026-04-04 13:17:03 | INFO     | Run summary appended to /Users/jeerapongwongchote/Documents/thetadata/zenith/logs/run_history.json
2026-04-04 13:17:03 | INFO     | --------------------------------------------------------------
2026-04-04 13:17:03 | INFO     |   VIX CORRELATION ANALYSIS
2026-04-04 13:17:03 | INFO     | --------------------------------------------------------------
2026-04-04 13:17:03 | INFO     |   VIX Range  |  Trades |  Win Rate |    Avg P&L |    Total P&L
2026-04-04 13:17:03 | INFO     | --------------------------------------------------------------
2026-04-04 13:17:03 | INFO     |   < 15       |      75 |     90.7% | $   128.36 | $   9,626.73
2026-04-04 13:17:03 | INFO     |   15-20      |     236 |     76.3% | $    89.15 | $  21,039.03
2026-04-04 13:17:03 | INFO     |   20-25      |      76 |     72.4% | $   122.35 | $   9,298.27
2026-04-04 13:17:03 | INFO     | --------------------------------------------------------------
2026-04-04 13:17:03 | INFO     | -----------------------------------------------------------------------------------------------
2026-04-04 13:17:03 | INFO     |   PUT vs CALL SPREAD PERFORMANCE SPLIT
2026-04-04 13:17:03 | INFO     | -----------------------------------------------------------------------------------------------
2026-04-04 13:17:03 | INFO     |   Type     |  Trades |  Win Rate |    Avg P&L |    Total P&L |   Avg Win |  Avg Loss |  Prof Fac
2026-04-04 13:17:03 | INFO     | -----------------------------------------------------------------------------------------------
2026-04-04 13:17:03 | INFO     |   CALL     |     191 |     75.9% | $    45.64 | $   8,717.23 | $   98.82 | $ -122.00 |     2.55x
2026-04-04 13:17:03 | INFO     |   PUT      |     162 |     77.8% | $   152.65 | $  24,729.71 | $  231.12 | $ -122.00 |     6.63x
2026-04-04 13:17:03 | INFO     | -----------------------------------------------------------------------------------------------
2026-04-04 13:17:03 | INFO     | --------------------------------------------------------------------------------------------------------------
2026-04-04 13:17:03 | INFO     |   MONTHLY P&L TABLE
2026-04-04 13:17:03 | INFO     | --------------------------------------------------------------------------------------------------------------
2026-04-04 13:17:03 | INFO     |   Year   |       1 |       2 |       3 |       4 |       5 |       6 |       7 |       8 |       9 |      10 |      11 |      12 |      Total
2026-04-04 13:17:03 | INFO     | --------------------------------------------------------------------------------------------------------------
2026-04-04 13:17:03 | INFO     |   2022   | $   457 | $   301 | $   631 | $   554 |      -- |      -- |      -- | $ 1,367 |      -- |      -- | $   136 | $   503 | $    3,948
2026-04-04 13:17:03 | INFO     |   2023   | $   221 | $   590 | $   509 | $   957 | $   288 | $   958 | $   808 | $   855 | $   507 | $   985 | $   595 | $   443 | $    7,716
2026-04-04 13:17:03 | INFO     |   2024   | $   773 | $   751 | $   995 | $   530 | $   984 | $   421 | $ 1,108 | $   965 | $ 1,404 | $ 1,997 | $   790 | $ 1,427 | $   12,144
2026-04-04 13:17:03 | INFO     |   2025   | $ 1,182 | $ 1,228 | $ 1,103 | $  -415 | $   102 | $ 1,146 | $   963 | $ 1,728 | $   869 | $ 1,198 | $ 1,427 | $ 1,987 | $   12,518
2026-04-04 13:17:03 | INFO     |   2026   | $ 1,737 | $ 1,907 | $    -5 |      -- |      -- |      -- |      -- |      -- |      -- |      -- |      -- |      -- | $    3,639
2026-04-04 13:17:03 | INFO     | --------------------------------------------------------------------------------------------------------------
2026-04-04 13:17:03 | INFO     | --------------------------------------------------------------------------------------------------------------
2026-04-04 13:17:03 | INFO     |   INTRA-MONTH MAX DRAWDOWN
2026-04-04 13:17:03 | INFO     | --------------------------------------------------------------------------------------------------------------
2026-04-04 13:17:03 | INFO     |   Year   |       1 |       2 |       3 |       4 |       5 |       6 |       7 |       8 |       9 |      10 |      11 |      12 |     Ann DD
2026-04-04 13:17:03 | INFO     | --------------------------------------------------------------------------------------------------------------
2026-04-04 13:17:03 | INFO     |   2022   | $   122 | $     0 | $     0 | $   244 |      -- |      -- |      -- | $   122 |      -- |      -- | $   122 | $   244 | $      244
2026-04-04 13:17:03 | INFO     |   2023   | $   315 | $   122 | $     0 | $     0 | $   122 | $     0 | $     0 | $   244 | $   122 | $   497 | $   122 | $     0 | $      497
2026-04-04 13:17:03 | INFO     |   2024   | $   122 | $     0 | $   122 | $   122 | $     0 | $     0 | $   244 | $   122 | $     0 | $   122 | $   122 | $   122 | $      244
2026-04-04 13:17:03 | INFO     |   2025   | $   122 | $   244 | $   122 | $   415 | $   366 | $   122 | $   122 | $   122 | $   122 | $   122 | $   122 | $   122 | $      415
2026-04-04 13:17:03 | INFO     |   2026   | $   122 | $   122 | $   122 |      -- |      -- |      -- |      -- |      -- |      -- |      -- |      -- |      -- | $      122
2026-04-04 13:17:03 | INFO     | --------------------------------------------------------------------------------------------------------------
2026-04-04 13:17:03 | INFO     | ------------------------------------------------------------------------------------------------------------------------
2026-04-04 13:17:03 | INFO     |   MONTHLY RETURN: STRATEGY vs SPY
2026-04-04 13:17:03 | INFO     | ------------------------------------------------------------------------------------------------------------------------
2026-04-04 13:17:03 | INFO     |   Year   |          1 |          2 |          3 |          4 |          5 |          6 |          7 |          8 |          9 |         10 |         11 |         12 |   Strat |     SPY |   Alpha
2026-04-04 13:17:03 | INFO     | ------------------------------------------------------------------------------------------------------------------------
2026-04-04 13:17:03 | INFO     |   2022   | +0.5/-5.3 | +0.3/-3.0 | +0.6/+3.8 | +0.6/-8.8 | +0.0/+0.2 | +0.0/-8.2 | +0.0/+9.2 | +1.4/-4.1 | +0.0/-9.2 | +0.0/+8.1 | +0.1/+5.6 | +0.5/-5.8 |   +3.9% |  -17.5% |  +21.4%
2026-04-04 13:17:03 | INFO     |   2023   | +0.2/+6.3 | +0.6/-2.5 | +0.5/+3.7 | +1.0/+1.6 | +0.3/+0.5 | +1.0/+6.5 | +0.8/+3.3 | +0.9/-1.6 | +0.5/-4.7 | +1.0/-2.2 | +0.6/+9.1 | +0.4/+4.6 |   +7.7% |  +24.5% |  -16.7%
2026-04-04 13:17:03 | INFO     |   2024   | +0.8/+1.6 | +0.8/+5.2 | +1.0/+3.3 | +0.5/-4.0 | +1.0/+5.1 | +0.4/+3.5 | +1.1/+1.2 | +1.0/+2.3 | +1.4/+2.1 | +2.0/-0.9 | +0.8/+6.0 | +1.4/-2.4 |  +12.1% |  +22.9% |  -10.8%
2026-04-04 13:17:03 | INFO     |   2025   | +1.2/+2.7 | +1.2/-1.3 | +1.1/-5.6 | -0.4/-0.9 | +0.1/+6.3 | +1.1/+5.1 | +1.0/+2.3 | +1.7/+2.1 | +0.9/+3.6 | +1.2/+2.4 | +1.4/+0.2 | +2.0/+0.1 |  +12.5% |  +17.0% |   -4.5%
2026-04-04 13:17:03 | INFO     |   2026   | +1.7/+1.5 | +1.9/-0.9 | -0.0/-4.9 | +0.0/+0.7 |         -- |         -- |         -- |         -- |         -- |         -- |         -- |         -- |   +3.6% |   -3.6% |   +7.2%
2026-04-04 13:17:03 | INFO     | ------------------------------------------------------------------------------------------------------------------------
2026-04-04 13:17:03 | INFO     | ----------------------------------------------------------------------
2026-04-04 13:17:03 | INFO     |   LARGEST LOSS DAYS (worst 30)
2026-04-04 13:17:03 | INFO     | ----------------------------------------------------------------------
2026-04-04 13:17:03 | INFO     |   Date         |    VIX |  Trades |      Day P&L |      Event
2026-04-04 13:17:03 | INFO     | ----------------------------------------------------------------------
2026-04-04 13:17:03 | INFO     |   20250402     |   21.8 |       2 | $    -415.38 |           
2026-04-04 13:17:03 | INFO     |   20231020     |   21.4 |       2 | $    -374.70 |           
2026-04-04 13:17:03 | INFO     |   20220111     |   19.4 |       1 | $    -122.00 |           
2026-04-04 13:17:03 | INFO     |   20220407     |   22.1 |       1 | $    -122.00 |           
2026-04-04 13:17:03 | INFO     |   20220419     |   22.2 |       1 | $    -122.00 |           
2026-04-04 13:17:03 | INFO     |   20220825     |   22.8 |       1 | $    -122.00 |           
2026-04-04 13:17:03 | INFO     |   20221122     |   22.4 |       1 | $    -122.00 |           
2026-04-04 13:17:03 | INFO     |   20221221     |   21.5 |       1 | $    -122.00 |           
2026-04-04 13:17:03 | INFO     |   20230113     |   18.8 |       1 | $    -122.00 |           
2026-04-04 13:17:03 | INFO     |   20230118     |   19.4 |       1 | $    -122.00 |           
2026-04-04 13:17:03 | INFO     |   20230125     |   19.2 |       1 | $    -122.00 |           
2026-04-04 13:17:03 | INFO     |   20230127     |   18.7 |       1 | $    -122.00 |           
2026-04-04 13:17:03 | INFO     |   20230209     |   19.6 |       1 | $    -122.00 |           
2026-04-04 13:17:03 | INFO     |   20230213     |   20.5 |       1 | $    -122.00 |           
2026-04-04 13:17:03 | INFO     |   20230502     |   16.1 |       1 | $    -122.00 |           
2026-04-04 13:17:03 | INFO     |   20230816     |   16.5 |       1 | $    -122.00 |           
2026-04-04 13:17:03 | INFO     |   20230817     |   16.8 |       1 | $    -122.00 |           
2026-04-04 13:17:03 | INFO     |   20230906     |   14.0 |       1 | $    -122.00 |           
2026-04-04 13:17:03 | INFO     |   20231019     |   19.2 |       1 | $    -122.00 |           
2026-04-04 13:17:03 | INFO     |   20231027     |   20.7 |       1 | $    -122.00 |           
2026-04-04 13:17:03 | INFO     |   20231102     |   16.9 |       1 | $    -122.00 |           
2026-04-04 13:17:03 | INFO     |   20240119     |   14.1 |       1 | $    -122.00 |           
2026-04-04 13:17:03 | INFO     |   20240305     |   13.5 |       1 | $    -122.00 |           
2026-04-04 13:17:03 | INFO     |   20240425     |   16.0 |       1 | $    -122.00 |           
2026-04-04 13:17:03 | INFO     |   20240718     |   14.5 |       1 | $    -122.00 |           
2026-04-04 13:17:03 | INFO     |   20240719     |   15.9 |       1 | $    -122.00 |           
2026-04-04 13:17:03 | INFO     |   20240815     |   16.2 |       1 | $    -122.00 |           
2026-04-04 13:17:03 | INFO     |   20241001     |   16.7 |       1 | $    -122.00 |           
2026-04-04 13:17:03 | INFO     |   20241119     |   15.6 |       1 | $    -122.00 |           
2026-04-04 13:17:03 | INFO     |   20241230     |   15.9 |       1 | $    -122.00 |           
2026-04-04 13:17:03 | INFO     | ----------------------------------------------------------------------
2026-04-04 13:17:03 | INFO     | ----------------------------------------------------------
2026-04-04 13:17:03 | INFO     |   SEASONALITY — DAY OF WEEK
2026-04-04 13:17:03 | INFO     | ----------------------------------------------------------
2026-04-04 13:17:03 | INFO     |   Day   |  Trades |    WR% |    Total P&L |    Avg P&L
2026-04-04 13:17:03 | INFO     | ----------------------------------------------------------
2026-04-04 13:17:03 | INFO     |   Mon   |      62 |  87.1% | $   8,199.82 | $   132.26
2026-04-04 13:17:03 | INFO     |   Tue   |      78 |  79.5% | $   6,965.19 | $    89.30
2026-04-04 13:17:03 | INFO     |   Wed   |      83 |  74.7% | $   8,467.14 | $   102.01
2026-04-04 13:17:03 | INFO     |   Thu   |      83 |  77.1% | $   7,266.09 | $    87.54
2026-04-04 13:17:03 | INFO     |   Fri   |      81 |  75.3% | $   9,065.79 | $   111.92
2026-04-04 13:17:03 | INFO     | ----------------------------------------------------------
2026-04-04 13:17:03 | INFO     | ----------------------------------------------------------
2026-04-04 13:17:03 | INFO     |   SEASONALITY — MONTH
2026-04-04 13:17:03 | INFO     | ----------------------------------------------------------
2026-04-04 13:17:03 | INFO     |   Month |  Trades |    WR% |    Total P&L |    Avg P&L
2026-04-04 13:17:03 | INFO     | ----------------------------------------------------------
2026-04-04 13:17:03 | INFO     |   Jan   |      49 |  75.5% | $   4,370.57 | $    89.20
2026-04-04 13:17:03 | INFO     |   Feb   |      48 |  70.8% | $   4,776.48 | $    99.51
2026-04-04 13:17:03 | INFO     |   Mar   |      28 |  85.7% | $   3,232.55 | $   115.45
2026-04-04 13:17:03 | INFO     |   Apr   |      22 |  63.6% | $   1,624.96 | $    73.86
2026-04-04 13:17:03 | INFO     |   May   |      17 |  70.6% | $   1,373.94 | $    80.82
2026-04-04 13:17:03 | INFO     |   Jun   |      21 |  95.2% | $   2,525.77 | $   120.27
2026-04-04 13:17:03 | INFO     |   Jul   |      24 |  79.2% | $   2,879.28 | $   119.97
2026-04-04 13:17:03 | INFO     |   Aug   |      42 |  85.7% | $   4,915.92 | $   117.05
2026-04-04 13:17:03 | INFO     |   Sep   |      28 |  82.1% | $   2,778.90 | $    99.25
2026-04-04 13:17:03 | INFO     |   Oct   |      45 |  77.8% | $   4,178.81 | $    92.86
2026-04-04 13:17:03 | INFO     |   Nov   |      29 |  79.3% | $   2,947.39 | $   101.63
2026-04-04 13:17:03 | INFO     |   Dec   |      34 |  76.5% | $   4,359.46 | $   128.22
2026-04-04 13:17:03 | INFO     | ----------------------------------------------------------
2026-04-04 13:17:03 | INFO     | ------------------------------------------------------------------------
2026-04-04 13:17:03 | INFO     |   CALENDAR / ECON EVENT ANALYSIS  (sorted by WR%)
2026-04-04 13:17:03 | INFO     | ------------------------------------------------------------------------
2026-04-04 13:17:03 | INFO     |   Event          |  Days |    WR% |    Avg/Day |    Total P&L |     Max DD
2026-04-04 13:17:03 | INFO     | ------------------------------------------------------------------------
2026-04-04 13:17:03 | INFO     |   Triple Witch   |     5 | 100.0% | $   180.25 | $     901.23 | $     0.00
2026-04-04 13:17:03 | INFO     |   CPI/NFP        |    26 |  80.8% | $   144.97 | $   3,479.29 | $   244.00
2026-04-04 13:17:03 | INFO     |   Normal         |   347 |  77.8% | $   108.42 | $  34,369.30 | $   651.67
2026-04-04 13:17:03 | INFO     |   FOMC           |     9 |  77.8% | $   173.46 | $   1,214.21 | $   122.00
2026-04-04 13:17:03 | INFO     | ------------------------------------------------------------------------
