2026-03-31 07:22:48 | INFO     | Log file  : /Users/jeerapongwongchote/Documents/thetadata/zenith/logs/zenith_20260331_072247.log
2026-03-31 07:22:48 | INFO     | ================================================================================
2026-03-31 07:22:48 | INFO     |   RECENT RUN HISTORY
2026-03-31 07:22:48 | INFO     | --------------------------------------------------------------------------------
2026-03-31 07:22:48 | INFO     |   Timestamp              | Mode       |  Trades |          P&L |         DD |  Sharpe |     WR
2026-03-31 07:22:48 | INFO     | --------------------------------------------------------------------------------
2026-03-31 07:22:48 | INFO     |   2026-03-31T07:12:22    | dynamic    |     814 | $   -50,766 | -$  59,097 |  -2.05 |  53.4%
2026-03-31 07:22:48 | INFO     |   2026-03-31T07:13:38    | dynamic    |     815 | $    -5,861 | -$  16,642 |  -0.24 |  58.7%
2026-03-31 07:22:48 | INFO     |   2026-03-31T07:13:54    | classic    |     551 | $    -2,829 | -$  11,413 |  -0.17 |  59.0%
2026-03-31 07:22:48 | INFO     |   2026-03-31T07:21:12    | dynamic    |     815 | $    -7,710 | -$  17,324 |  -0.32 |  58.8%
2026-03-31 07:22:48 | INFO     |   2026-03-31T07:22:29    | dynamic    |     815 | $    19,712 | -$   4,332 |   0.99 |  69.6%
2026-03-31 07:22:48 | INFO     | ================================================================================
2026-03-31 07:22:48 | INFO     | ============================================================
2026-03-31 07:22:48 | INFO     | ZENITH FADE CCS BACKTEST
2026-03-31 07:22:48 | INFO     | Signal Mode  : dynamic
2026-03-31 07:22:48 | INFO     | Period       : 2022-01-03 -> 2026-03-25
2026-03-31 07:22:48 | INFO     | Score Thresh : 41.5
2026-03-31 07:22:48 | INFO     | Weights      : var=1.4, vol=8.9, rocket=274.0
2026-03-31 07:22:48 | INFO     | Strike       : 15.0pt OTM, 10.0pt wide
2026-03-31 07:22:48 | INFO     | Risk         : $600.0, TP 66%, SL -100%
2026-03-31 07:22:48 | INFO     | ============================================================
2026-03-31 07:22:48 | INFO     | Building daily indicators...
2026-03-31 07:22:49 | WARNING  | No SPX volume data — dRelVol defaulted to 1.0
2026-03-31 07:22:49 | INFO     | Built daily indicators: 1060 bars
2026-03-31 07:22:49 | INFO     |   -> 1060 daily bars loaded
2026-03-31 07:22:49 | INFO     | ============================================================
2026-03-31 07:22:49 | INFO     | ZENITH FADE CCS BACKTEST
2026-03-31 07:22:49 | INFO     | Mode: dynamic
2026-03-31 07:22:49 | INFO     | Period: 2022-01-03 -> 2026-03-25
2026-03-31 07:22:49 | INFO     | Trades -> /Users/jeerapongwongchote/Documents/thetadata/zenith/logs/zenith_trades_20260331_072247.csv
2026-03-31 07:22:49 | INFO     | ============================================================
2026-03-31 07:22:49 | INFO     | Signal #   1 | 20220104 | P&L: $    287 | Total: $      287 | WR: 100.0%
2026-03-31 07:22:49 | INFO     | Signal #   2 | 20220105 | P&L: $    310 | Total: $      597 | WR: 100.0%
2026-03-31 07:22:49 | INFO     | Signal #   3 | 20220107 | P&L: $    312 | Total: $      909 | WR: 100.0%
2026-03-31 07:22:49 | INFO     | Signal #   4 | 20220110 | P&L: $    311 | Total: $    1,219 | WR: 100.0%
2026-03-31 07:22:49 | INFO     | Signal #   5 | 20220111 | P&L: $   -602 | Total: $      617 | WR: 80.0%
2026-03-31 07:22:49 | INFO     | Signal #  50 | 20220414 | P&L: $    327 | Total: $    1,848 | WR: 68.0%
2026-03-31 07:22:49 | INFO     | Signal # 100 | 20220720 | P&L: $   -136 | Total: $    2,850 | WR: 66.0%
2026-03-31 07:22:49 | INFO     | Signal # 150 | 20221025 | P&L: $   -602 | Total: $    4,411 | WR: 66.7%
2026-03-31 07:22:49 | INFO     | Signal # 200 | 20230201 | P&L: $   -602 | Total: $    5,662 | WR: 67.0%
2026-03-31 07:22:49 | INFO     | Signal # 250 | 20230511 | P&L: $    268 | Total: $    7,254 | WR: 67.6%
2026-03-31 07:22:49 | INFO     | Signal # 300 | 20230822 | P&L: $    308 | Total: $    7,780 | WR: 68.3%
2026-03-31 07:22:49 | INFO     | Signal # 350 | 20231128 | P&L: $    205 | Total: $    6,562 | WR: 68.0%
2026-03-31 07:22:49 | INFO     | Signal # 400 | 20240228 | P&L: $    271 | Total: $    6,104 | WR: 67.8%
2026-03-31 07:22:49 | INFO     | Signal # 450 | 20240603 | P&L: $    267 | Total: $    6,061 | WR: 67.8%
2026-03-31 07:22:49 | INFO     | Signal # 500 | 20240829 | P&L: $    331 | Total: $    8,455 | WR: 68.0%
2026-03-31 07:22:49 | INFO     | Signal # 550 | 20241127 | P&L: $    303 | Total: $   10,368 | WR: 67.5%
2026-03-31 07:22:49 | INFO     | Signal # 600 | 20250305 | P&L: $   -602 | Total: $   11,700 | WR: 67.2%
2026-03-31 07:22:49 | DEBUG    | Skipping 20250408 — VIX 52.3 > 50.0
2026-03-31 07:22:49 | INFO     | Signal # 650 | 20250602 | P&L: $   -223 | Total: $    9,661 | WR: 66.3%
2026-03-31 07:22:49 | INFO     | Signal # 700 | 20250904 | P&L: $   -602 | Total: $   10,006 | WR: 66.1%
2026-03-31 07:22:49 | INFO     | Signal # 750 | 20251126 | P&L: $   -602 | Total: $   10,216 | WR: 65.9%
2026-03-31 07:22:49 | INFO     | Signal # 800 | 20260225 | P&L: $   -602 | Total: $   12,013 | WR: 65.8%
2026-03-31 07:22:49 | INFO     | DONE — 815 trades, 1060 trading days, 244 skipped
2026-03-31 07:22:49 | INFO     | Trade log snapshot -> /Users/jeerapongwongchote/Documents/thetadata/zenith/tradelogs_zenith.csv
2026-03-31 07:22:49 | INFO     | ============================================================
2026-03-31 07:22:49 | INFO     |   ZENITH FADE CCS — BACKTEST RESULTS
2026-03-31 07:22:49 | INFO     | ============================================================
2026-03-31 07:22:49 | INFO     |   Period          : 20220103 -> 20260325
2026-03-31 07:22:49 | INFO     |   Trading Days    : 1062
2026-03-31 07:22:49 | INFO     |   Signal Days     : 815
2026-03-31 07:22:49 | INFO     |   Signal Rate     : 76.7%
2026-03-31 07:22:49 | INFO     | ============================================================
2026-03-31 07:22:49 | INFO     |   Total P&L       : $   13,833.44
2026-03-31 07:22:49 | INFO     |   CAGR            : 3.1%
2026-03-31 07:22:49 | INFO     |   Max Drawdown    : -$  5,935.55 (5.3%)
2026-03-31 07:22:49 | INFO     |   Recovery Factor : 2.33
2026-03-31 07:22:49 | INFO     | ============================================================
2026-03-31 07:22:49 | INFO     |   Win Rate        : 65.9%
2026-03-31 07:22:49 | INFO     |   Profit Factor   : 1.09
2026-03-31 07:22:49 | INFO     |   Sharpe Ratio    : 0.64
2026-03-31 07:22:49 | INFO     |   Sortino Ratio   : 2.03
2026-03-31 07:22:49 | INFO     |   Calmar Ratio    : 0.59
2026-03-31 07:22:49 | INFO     | ============================================================
2026-03-31 07:22:49 | INFO     |   Avg Win         : $  312.34
2026-03-31 07:22:49 | INFO     |   Avg Loss        : $ -553.56
2026-03-31 07:22:49 | INFO     |   Best Trade      : $  394.00
2026-03-31 07:22:49 | INFO     |   Worst Trade     : $ -602.00
2026-03-31 07:22:49 | INFO     |   Max Win Streak  : 15
2026-03-31 07:22:49 | INFO     | ============================================================
2026-03-31 07:22:49 | INFO     | Results written to /Users/jeerapongwongchote/Documents/thetadata/zenith/RESULTS.md
2026-03-31 07:22:49 | INFO     | Run summary appended to /Users/jeerapongwongchote/Documents/thetadata/zenith/logs/run_history.json
2026-03-31 07:22:49 | INFO     | --------------------------------------------------------------
2026-03-31 07:22:49 | INFO     |   VIX CORRELATION ANALYSIS
2026-03-31 07:22:49 | INFO     | --------------------------------------------------------------
2026-03-31 07:22:49 | INFO     |   VIX Range  |  Trades |  Win Rate |    Avg P&L |    Total P&L
2026-03-31 07:22:49 | INFO     | --------------------------------------------------------------
2026-03-31 07:22:49 | INFO     |   < 15       |     210 |     74.3% | $    54.12 | $  11,364.66
2026-03-31 07:22:49 | INFO     |   15-20      |     339 |     67.3% | $    46.15 | $  15,645.21
2026-03-31 07:22:49 | INFO     |   20-25      |     151 |     57.0% | $   -58.94 | $  -8,899.55
2026-03-31 07:22:49 | INFO     |   25-30      |      74 |     55.4% | $   -69.19 | $  -5,120.10
2026-03-31 07:22:49 | INFO     |   30-35      |      37 |     70.3% | $    87.87 | $   3,251.22
2026-03-31 07:22:49 | INFO     |   35+        |       4 |      0.0% | $  -602.00 | $  -2,408.00
2026-03-31 07:22:49 | INFO     | --------------------------------------------------------------
2026-03-31 07:22:49 | INFO     | ----------------------------------------------------------------------------------------------------
2026-03-31 07:22:49 | INFO     |   MONTHLY P&L TABLE
2026-03-31 07:22:49 | INFO     | ----------------------------------------------------------------------------------------------------
2026-03-31 07:22:49 | INFO     |   Year   |      1 |      2 |      3 |      4 |      5 |      6 |      7 |      8 |      9 |     10 |     11 |     12 |      Total
2026-03-31 07:22:49 | INFO     | ----------------------------------------------------------------------------------------------------
2026-03-31 07:22:49 | INFO     |   2022   | $2,102 | $ -743 | $ -504 | $1,203 | $ -561 | $  918 | $-1,001 | $2,995 | $ -498 | $1,198 | $ -861 | $2,041 | $    6,289
2026-03-31 07:22:49 | INFO     |   2023   | $  -25 | $   77 | $-3,532 | $3,670 | $1,088 | $ -739 | $  201 | $  475 | $  440 | $-1,353 | $  222 | $  345 | $      870
2026-03-31 07:22:49 | INFO     |   2024   | $  415 | $-2,072 | $-1,581 | $2,271 | $ -398 | $2,232 | $ -319 | $  749 | $1,156 | $2,348 | $-2,192 | $1,542 | $    4,150
2026-03-31 07:22:49 | INFO     |   2025   | $-1,724 | $1,936 | $  894 | $-2,040 | $ -491 | $-2,498 | $1,582 | $1,918 | $-1,207 | $ -132 | $   67 | $2,720 | $    1,025
2026-03-31 07:22:49 | INFO     |   2026   | $  214 | $  233 | $1,053 |     -- |     -- |     -- |     -- |     -- |     -- |     -- |     -- |     -- | $    1,500
2026-03-31 07:22:49 | INFO     | ----------------------------------------------------------------------------------------------------
2026-03-31 07:22:49 | INFO     | -------------------------------------------------------
2026-03-31 07:22:49 | INFO     |   WORST 15 LOSS DAYS
2026-03-31 07:22:49 | INFO     | -------------------------------------------------------
2026-03-31 07:22:49 | INFO     |   Date         |  Trades |      Day P&L
2026-03-31 07:22:49 | INFO     | -------------------------------------------------------
2026-03-31 07:22:49 | INFO     |   20220111     |       1 | $    -602.00
2026-03-31 07:22:49 | INFO     |   20220131     |       1 | $    -602.00
2026-03-31 07:22:49 | INFO     |   20220201     |       1 | $    -602.00
2026-03-31 07:22:49 | INFO     |   20220202     |       1 | $    -602.00
2026-03-31 07:22:49 | INFO     |   20220208     |       1 | $    -602.00
2026-03-31 07:22:49 | INFO     |   20220209     |       1 | $    -602.00
2026-03-31 07:22:49 | INFO     |   20220215     |       1 | $    -602.00
2026-03-31 07:22:49 | INFO     |   20220225     |       1 | $    -602.00
2026-03-31 07:22:49 | INFO     |   20220302     |       1 | $    -602.00
2026-03-31 07:22:49 | INFO     |   20220316     |       1 | $    -602.00
2026-03-31 07:22:49 | INFO     |   20220317     |       1 | $    -602.00
2026-03-31 07:22:49 | INFO     |   20220318     |       1 | $    -602.00
2026-03-31 07:22:49 | INFO     |   20220322     |       1 | $    -602.00
2026-03-31 07:22:49 | INFO     |   20220328     |       1 | $    -602.00
2026-03-31 07:22:49 | INFO     |   20220329     |       1 | $    -602.00
2026-03-31 07:22:49 | INFO     | -------------------------------------------------------
2026-03-31 07:22:49 | INFO     | ----------------------------------------------------------------------
2026-03-31 07:22:49 | INFO     |   FILTER VALUE ANALYSIS (WIN vs LOSS)
2026-03-31 07:22:49 | INFO     | ----------------------------------------------------------------------
2026-03-31 07:22:49 | INFO     |   Filter             |    Win Avg |   Loss Avg |      Delta
2026-03-31 07:22:49 | INFO     | ----------------------------------------------------------------------
2026-03-31 07:22:49 | INFO     |   Variance %         |    68.6842 |    68.2018 |    +0.4824
2026-03-31 07:22:49 | INFO     |   Rel Volume         |     1.0000 |     1.0000 |    +0.0000
2026-03-31 07:22:49 | INFO     |   Rising Rocket      |     0.0035 |     0.0020 |    +0.0015
2026-03-31 07:22:49 | INFO     |   Exhaustion Score   |   104.1048 |   103.8397 |    +0.2651
2026-03-31 07:22:49 | INFO     |   RSI                |        nan |    52.6378 |       +nan
2026-03-31 07:22:49 | INFO     |   Stochastic         |    70.5726 |    60.9687 |    +9.6039
2026-03-31 07:22:49 | INFO     |   Body Size          |    28.1826 |    28.9697 |    -0.7871
2026-03-31 07:22:49 | INFO     |   Gap %              |        nan |    -0.0047 |       +nan
2026-03-31 07:22:49 | INFO     |   Cluster Count      |     1.6480 |     1.9173 |    -0.2692
2026-03-31 07:22:49 | INFO     |   Dist from SMA      |     0.0084 |     0.0010 |    +0.0073
2026-03-31 07:22:49 | INFO     |   VIX Level          |    18.4819 |    19.8388 |    -1.3570
2026-03-31 07:22:49 | INFO     | ----------------------------------------------------------------------
