2026-04-02 21:29:00 | INFO     | Log file  : /Users/jeerapongwongchote/Documents/thetadata/zenith/logs/zenith_20260402_212859.log
2026-04-02 21:29:00 | INFO     | ================================================================================
2026-04-02 21:29:00 | INFO     |   RECENT RUN HISTORY
2026-04-02 21:29:00 | INFO     | --------------------------------------------------------------------------------
2026-04-02 21:29:00 | INFO     |     # | Timestamp              |  Trades |          P&L |         DD |  Sharpe |     WR
2026-04-02 21:29:00 | INFO     | --------------------------------------------------------------------------------
2026-04-02 21:29:00 | INFO     |    35 | 2026-03-31T23:09:55    |     681 | $   107,723 | -$   1,631 |   7.53 |  63.9%
2026-04-02 21:29:00 | INFO     |    36 | 2026-04-01T00:04:08    |     539 | $   227,681 | -$   3,658 |   8.19 |  66.4%
2026-04-02 21:29:00 | INFO     |    37 | 2026-04-01T20:27:33    |     629 | $   928,023 | -$  13,909 |   7.05 |  69.2%
2026-04-02 21:29:00 | INFO     |    38 | 2026-04-02T20:48:00    |     634 | $ 1,187,776 | -$  17,410 |   7.79 |  75.9%
2026-04-02 21:29:00 | INFO     |    39 | 2026-04-02T20:58:15    |     634 | $   528,218 | -$   6,861 |   8.32 |  75.9%
2026-04-02 21:29:00 | INFO     |    40 | 2026-04-02T20:59:42    |     634 | $   528,218 | -$   6,861 |   8.32 |  75.9%
2026-04-02 21:29:00 | INFO     |    41 | 2026-04-02T21:00:50    |     634 | $   528,218 | -$   6,861 |   8.32 |  75.9%
2026-04-02 21:29:00 | INFO     |    42 | 2026-04-02T21:10:10    |     634 | $   528,218 | -$   6,861 |   8.32 |  75.9%
2026-04-02 21:29:00 | INFO     |    43 | 2026-04-02T21:16:09    |     496 | $    66,136 | -$     854 |  12.02 |  79.0%
2026-04-02 21:29:00 | INFO     |    44 | 2026-04-02T21:22:13    |     496 | $    66,136 | -$     854 |  12.02 |  79.0%
2026-04-02 21:29:00 | INFO     | ================================================================================
2026-04-02 21:29:00 | INFO     | ============================================================
2026-04-02 21:29:00 | INFO     | ZENITH FADE CCS BACKTEST
2026-04-02 21:29:00 | INFO     | Signal Mode  : dynamic
2026-04-02 21:29:00 | INFO     | Period       : 2022-01-03 -> 2026-04-01
2026-04-02 21:29:00 | INFO     | Score Thresh : 68.0
2026-04-02 21:29:00 | INFO     | Weights      : var=1.4, vol=8.9, rocket=274.0
2026-04-02 21:29:00 | INFO     | Strike       : 30.0pt OTM, 10.0pt wide
2026-04-02 21:29:00 | INFO     | Risk         : $600.0, TP 66%, SL -100%
2026-04-02 21:29:00 | INFO     | ============================================================
2026-04-02 21:29:00 | INFO     | Building daily indicators...
2026-04-02 21:29:02 | WARNING  | No SPX volume data — dRelVol defaulted to 1.0
2026-04-02 21:29:02 | INFO     | Built daily indicators: 1065 bars
2026-04-02 21:29:02 | INFO     |   -> 1065 daily bars loaded
2026-04-02 21:29:02 | INFO     | ============================================================
2026-04-02 21:29:02 | INFO     | ZENITH FADE CCS BACKTEST
2026-04-02 21:29:02 | INFO     | Mode: dynamic
2026-04-02 21:29:02 | INFO     | Period: 2022-01-03 -> 2026-04-01
2026-04-02 21:29:02 | INFO     | Trades -> /Users/jeerapongwongchote/Documents/thetadata/zenith/logs/zenith_trades_20260402_212859.csv
2026-04-02 21:29:02 | INFO     | ============================================================
2026-04-02 21:29:02 | INFO     | Signal #   1 | 20220104 | CALL | P&L: $     85 | Total: $       85 | WR: 100.0%
2026-04-02 21:29:02 | INFO     | Signal #   2 | 20220106 |  PUT | P&L: $   -152 | Total: $      177 | WR: 66.7%
2026-04-02 21:29:02 | INFO     | Signal #   3 | 20220111 | CALL | P&L: $   -152 | Total: $       25 | WR: 50.0%
2026-04-02 21:29:02 | INFO     | Signal #   4 | 20220112 | CALL | P&L: $     65 | Total: $       90 | WR: 60.0%
2026-04-02 21:29:02 | INFO     | Signal #   5 | 20220113 | CALL | P&L: $    131 | Total: $      221 | WR: 66.7%
2026-04-02 21:29:02 | DEBUG    | Skipping 20220118 — VIX 22.8 > 22.0
2026-04-02 21:29:02 | DEBUG    | Skipping 20220119 — VIX 23.9 > 22.0
2026-04-02 21:29:02 | DEBUG    | Skipping 20220120 — VIX 25.6 > 22.0
2026-04-02 21:29:02 | DEBUG    | Skipping 20220121 — VIX 28.9 > 22.0
2026-04-02 21:29:02 | DEBUG    | Skipping 20220124 — VIX 29.9 > 22.0
2026-04-02 21:29:02 | DEBUG    | Skipping 20220125 — VIX 31.2 > 22.0
2026-04-02 21:29:02 | DEBUG    | Skipping 20220126 — VIX 32.0 > 22.0
2026-04-02 21:29:02 | DEBUG    | Skipping 20220127 — VIX 30.5 > 22.0
2026-04-02 21:29:02 | DEBUG    | Skipping 20220128 — VIX 27.7 > 22.0
2026-04-02 21:29:02 | DEBUG    | Skipping 20220131 — VIX 24.8 > 22.0
2026-04-02 21:29:02 | DEBUG    | Skipping 20220202 — VIX 22.1 > 22.0
2026-04-02 21:29:02 | DEBUG    | Skipping 20220203 — VIX 24.4 > 22.0
2026-04-02 21:29:02 | DEBUG    | Skipping 20220204 — VIX 23.2 > 22.0
2026-04-02 21:29:02 | DEBUG    | Skipping 20220207 — VIX 22.9 > 22.0
2026-04-02 21:29:02 | DEBUG    | Skipping 20220210 — VIX 23.9 > 22.0
2026-04-02 21:29:02 | DEBUG    | Skipping 20220211 — VIX 27.4 > 22.0
2026-04-02 21:29:02 | DEBUG    | Skipping 20220214 — VIX 28.3 > 22.0
2026-04-02 21:29:02 | DEBUG    | Skipping 20220215 — VIX 25.7 > 22.0
2026-04-02 21:29:02 | DEBUG    | Skipping 20220216 — VIX 24.3 > 22.0
2026-04-02 21:29:02 | DEBUG    | Skipping 20220217 — VIX 28.1 > 22.0
2026-04-02 21:29:02 | DEBUG    | Skipping 20220218 — VIX 27.8 > 22.0
2026-04-02 21:29:02 | DEBUG    | Skipping 20220222 — VIX 28.8 > 22.0
2026-04-02 21:29:02 | DEBUG    | Skipping 20220223 — VIX 31.0 > 22.0
2026-04-02 21:29:02 | DEBUG    | Skipping 20220224 — VIX 30.3 > 22.0
2026-04-02 21:29:02 | DEBUG    | Skipping 20220225 — VIX 27.6 > 22.0
2026-04-02 21:29:02 | DEBUG    | Skipping 20220228 — VIX 30.1 > 22.0
2026-04-02 21:29:02 | DEBUG    | Skipping 20220301 — VIX 33.3 > 22.0
2026-04-02 21:29:02 | DEBUG    | Skipping 20220302 — VIX 30.7 > 22.0
2026-04-02 21:29:02 | DEBUG    | Skipping 20220303 — VIX 30.5 > 22.0
2026-04-02 21:29:02 | DEBUG    | Skipping 20220304 — VIX 32.0 > 22.0
2026-04-02 21:29:02 | DEBUG    | Skipping 20220307 — VIX 36.5 > 22.0
2026-04-02 21:29:02 | DEBUG    | Skipping 20220308 — VIX 35.1 > 22.0
2026-04-02 21:29:02 | DEBUG    | Skipping 20220309 — VIX 32.5 > 22.0
2026-04-02 21:29:02 | DEBUG    | Skipping 20220310 — VIX 30.2 > 22.0
2026-04-02 21:29:02 | DEBUG    | Skipping 20220311 — VIX 30.8 > 22.0
2026-04-02 21:29:02 | DEBUG    | Skipping 20220314 — VIX 31.8 > 22.0
2026-04-02 21:29:02 | DEBUG    | Skipping 20220315 — VIX 29.8 > 22.0
2026-04-02 21:29:02 | DEBUG    | Skipping 20220316 — VIX 26.7 > 22.0
2026-04-02 21:29:02 | DEBUG    | Skipping 20220317 — VIX 25.7 > 22.0
2026-04-02 21:29:02 | DEBUG    | Skipping 20220318 — VIX 23.9 > 22.0
2026-04-02 21:29:02 | DEBUG    | Skipping 20220321 — VIX 23.5 > 22.0
2026-04-02 21:29:02 | DEBUG    | Skipping 20220322 — VIX 22.9 > 22.0
2026-04-02 21:29:02 | DEBUG    | Skipping 20220323 — VIX 23.6 > 22.0
2026-04-02 21:29:02 | DEBUG    | Skipping 20220406 — VIX 22.1 > 22.0
2026-04-02 21:29:02 | DEBUG    | Skipping 20220411 — VIX 24.4 > 22.0
2026-04-02 21:29:02 | DEBUG    | Skipping 20220412 — VIX 24.3 > 22.0
2026-04-02 21:29:02 | DEBUG    | Skipping 20220414 — VIX 22.7 > 22.0
2026-04-02 21:29:02 | DEBUG    | Skipping 20220418 — VIX 22.2 > 22.0
2026-04-02 21:29:02 | DEBUG    | Skipping 20220421 — VIX 22.7 > 22.0
2026-04-02 21:29:02 | DEBUG    | Skipping 20220422 — VIX 28.2 > 22.0
2026-04-02 21:29:02 | DEBUG    | Skipping 20220425 — VIX 27.0 > 22.0
2026-04-02 21:29:02 | DEBUG    | Skipping 20220426 — VIX 33.5 > 22.0
2026-04-02 21:29:02 | DEBUG    | Skipping 20220427 — VIX 31.6 > 22.0
2026-04-02 21:29:02 | DEBUG    | Skipping 20220428 — VIX 30.0 > 22.0
2026-04-02 21:29:02 | DEBUG    | Skipping 20220429 — VIX 33.4 > 22.0
2026-04-02 21:29:02 | DEBUG    | Skipping 20220502 — VIX 32.3 > 22.0
2026-04-02 21:29:02 | DEBUG    | Skipping 20220503 — VIX 29.2 > 22.0
2026-04-02 21:29:02 | DEBUG    | Skipping 20220504 — VIX 25.4 > 22.0
2026-04-02 21:29:02 | DEBUG    | Skipping 20220505 — VIX 31.2 > 22.0
2026-04-02 21:29:02 | DEBUG    | Skipping 20220506 — VIX 30.2 > 22.0
2026-04-02 21:29:02 | DEBUG    | Skipping 20220509 — VIX 34.8 > 22.0
2026-04-02 21:29:02 | DEBUG    | Skipping 20220510 — VIX 33.0 > 22.0
2026-04-02 21:29:02 | DEBUG    | Skipping 20220511 — VIX 32.6 > 22.0
2026-04-02 21:29:02 | DEBUG    | Skipping 20220512 — VIX 31.8 > 22.0
2026-04-02 21:29:02 | DEBUG    | Skipping 20220513 — VIX 28.9 > 22.0
2026-04-02 21:29:02 | DEBUG    | Skipping 20220516 — VIX 27.5 > 22.0
2026-04-02 21:29:02 | DEBUG    | Skipping 20220517 — VIX 26.1 > 22.0
2026-04-02 21:29:02 | DEBUG    | Skipping 20220518 — VIX 31.0 > 22.0
2026-04-02 21:29:02 | DEBUG    | Skipping 20220519 — VIX 29.4 > 22.0
2026-04-02 21:29:02 | DEBUG    | Skipping 20220520 — VIX 29.4 > 22.0
2026-04-02 21:29:02 | DEBUG    | Skipping 20220523 — VIX 28.5 > 22.0
2026-04-02 21:29:02 | DEBUG    | Skipping 20220524 — VIX 29.4 > 22.0
2026-04-02 21:29:02 | DEBUG    | Skipping 20220525 — VIX 28.4 > 22.0
2026-04-02 21:29:02 | DEBUG    | Skipping 20220526 — VIX 27.5 > 22.0
2026-04-02 21:29:02 | DEBUG    | Skipping 20220527 — VIX 25.7 > 22.0
2026-04-02 21:29:02 | DEBUG    | Skipping 20220531 — VIX 26.2 > 22.0
2026-04-02 21:29:02 | DEBUG    | Skipping 20220601 — VIX 25.7 > 22.0
2026-04-02 21:29:02 | DEBUG    | Skipping 20220602 — VIX 24.7 > 22.0
2026-04-02 21:29:02 | DEBUG    | Skipping 20220603 — VIX 24.8 > 22.0
2026-04-02 21:29:02 | DEBUG    | Skipping 20220606 — VIX 25.1 > 22.0
2026-04-02 21:29:02 | DEBUG    | Skipping 20220607 — VIX 24.0 > 22.0
2026-04-02 21:29:02 | DEBUG    | Skipping 20220608 — VIX 24.0 > 22.0
2026-04-02 21:29:02 | DEBUG    | Skipping 20220609 — VIX 26.1 > 22.0
2026-04-02 21:29:02 | DEBUG    | Skipping 20220610 — VIX 27.8 > 22.0
2026-04-02 21:29:02 | DEBUG    | Skipping 20220613 — VIX 34.0 > 22.0
2026-04-02 21:29:02 | DEBUG    | Skipping 20220614 — VIX 32.7 > 22.0
2026-04-02 21:29:02 | DEBUG    | Skipping 20220615 — VIX 29.6 > 22.0
2026-04-02 21:29:02 | DEBUG    | Skipping 20220616 — VIX 33.0 > 22.0
2026-04-02 21:29:02 | DEBUG    | Skipping 20220617 — VIX 31.1 > 22.0
2026-04-02 21:29:02 | DEBUG    | Skipping 20220621 — VIX 30.2 > 22.0
2026-04-02 21:29:02 | DEBUG    | Skipping 20220622 — VIX 28.9 > 22.0
2026-04-02 21:29:02 | DEBUG    | Skipping 20220623 — VIX 29.1 > 22.0
2026-04-02 21:29:02 | DEBUG    | Skipping 20220624 — VIX 27.2 > 22.0
2026-04-02 21:29:02 | DEBUG    | Skipping 20220627 — VIX 26.9 > 22.0
2026-04-02 21:29:02 | DEBUG    | Skipping 20220628 — VIX 28.4 > 22.0
2026-04-02 21:29:02 | DEBUG    | Skipping 20220629 — VIX 28.2 > 22.0
2026-04-02 21:29:02 | DEBUG    | Skipping 20220630 — VIX 28.7 > 22.0
2026-04-02 21:29:02 | DEBUG    | Skipping 20220701 — VIX 26.7 > 22.0
2026-04-02 21:29:02 | DEBUG    | Skipping 20220705 — VIX 27.5 > 22.0
2026-04-02 21:29:02 | DEBUG    | Skipping 20220706 — VIX 26.7 > 22.0
2026-04-02 21:29:02 | DEBUG    | Skipping 20220707 — VIX 26.1 > 22.0
2026-04-02 21:29:02 | DEBUG    | Skipping 20220708 — VIX 24.6 > 22.0
2026-04-02 21:29:02 | DEBUG    | Skipping 20220711 — VIX 26.2 > 22.0
2026-04-02 21:29:02 | DEBUG    | Skipping 20220712 — VIX 27.3 > 22.0
2026-04-02 21:29:02 | DEBUG    | Skipping 20220713 — VIX 26.8 > 22.0
2026-04-02 21:29:02 | DEBUG    | Skipping 20220714 — VIX 26.4 > 22.0
2026-04-02 21:29:02 | DEBUG    | Skipping 20220715 — VIX 24.2 > 22.0
2026-04-02 21:29:02 | DEBUG    | Skipping 20220718 — VIX 25.3 > 22.0
2026-04-02 21:29:02 | DEBUG    | Skipping 20220719 — VIX 24.5 > 22.0
2026-04-02 21:29:02 | DEBUG    | Skipping 20220720 — VIX 23.9 > 22.0
2026-04-02 21:29:02 | DEBUG    | Skipping 20220721 — VIX 23.1 > 22.0
2026-04-02 21:29:02 | DEBUG    | Skipping 20220722 — VIX 23.0 > 22.0
2026-04-02 21:29:02 | DEBUG    | Skipping 20220725 — VIX 23.4 > 22.0
2026-04-02 21:29:02 | DEBUG    | Skipping 20220726 — VIX 24.7 > 22.0
2026-04-02 21:29:02 | DEBUG    | Skipping 20220727 — VIX 23.2 > 22.0
2026-04-02 21:29:02 | DEBUG    | Skipping 20220728 — VIX 22.3 > 22.0
2026-04-02 21:29:02 | DEBUG    | Skipping 20220801 — VIX 22.8 > 22.0
2026-04-02 21:29:02 | DEBUG    | Skipping 20220802 — VIX 23.9 > 22.0
2026-04-02 21:29:02 | DEBUG    | Skipping 20220822 — VIX 23.8 > 22.0
2026-04-02 21:29:02 | DEBUG    | Skipping 20220823 — VIX 24.1 > 22.0
2026-04-02 21:29:02 | DEBUG    | Skipping 20220824 — VIX 22.8 > 22.0
2026-04-02 21:29:02 | DEBUG    | Skipping 20220826 — VIX 25.6 > 22.0
2026-04-02 21:29:02 | DEBUG    | Skipping 20220829 — VIX 26.2 > 22.0
2026-04-02 21:29:02 | DEBUG    | Skipping 20220830 — VIX 26.2 > 22.0
2026-04-02 21:29:02 | DEBUG    | Skipping 20220831 — VIX 25.9 > 22.0
2026-04-02 21:29:02 | DEBUG    | Skipping 20220901 — VIX 25.6 > 22.0
2026-04-02 21:29:02 | DEBUG    | Skipping 20220902 — VIX 25.5 > 22.0
2026-04-02 21:29:02 | DEBUG    | Skipping 20220906 — VIX 26.9 > 22.0
2026-04-02 21:29:02 | DEBUG    | Skipping 20220907 — VIX 24.6 > 22.0
2026-04-02 21:29:02 | DEBUG    | Skipping 20220908 — VIX 23.6 > 22.0
2026-04-02 21:29:02 | DEBUG    | Skipping 20220909 — VIX 22.8 > 22.0
2026-04-02 21:29:02 | DEBUG    | Skipping 20220912 — VIX 23.9 > 22.0
2026-04-02 21:29:02 | DEBUG    | Skipping 20220913 — VIX 27.3 > 22.0
2026-04-02 21:29:02 | DEBUG    | Skipping 20220914 — VIX 26.2 > 22.0
2026-04-02 21:29:02 | DEBUG    | Skipping 20220915 — VIX 26.3 > 22.0
2026-04-02 21:29:02 | DEBUG    | Skipping 20220916 — VIX 26.3 > 22.0
2026-04-02 21:29:02 | DEBUG    | Skipping 20220919 — VIX 25.8 > 22.0
2026-04-02 21:29:02 | DEBUG    | Skipping 20220920 — VIX 27.2 > 22.0
2026-04-02 21:29:02 | DEBUG    | Skipping 20220921 — VIX 28.0 > 22.0
2026-04-02 21:29:02 | DEBUG    | Skipping 20220922 — VIX 27.4 > 22.0
2026-04-02 21:29:02 | DEBUG    | Skipping 20220923 — VIX 29.9 > 22.0
2026-04-02 21:29:02 | DEBUG    | Skipping 20220926 — VIX 32.3 > 22.0
2026-04-02 21:29:02 | DEBUG    | Skipping 20220927 — VIX 32.6 > 22.0
2026-04-02 21:29:02 | DEBUG    | Skipping 20220928 — VIX 30.2 > 22.0
2026-04-02 21:29:02 | DEBUG    | Skipping 20220929 — VIX 31.8 > 22.0
2026-04-02 21:29:02 | DEBUG    | Skipping 20220930 — VIX 31.6 > 22.0
2026-04-02 21:29:02 | DEBUG    | Skipping 20221003 — VIX 30.1 > 22.0
2026-04-02 21:29:02 | DEBUG    | Skipping 20221004 — VIX 29.1 > 22.0
2026-04-02 21:29:02 | DEBUG    | Skipping 20221005 — VIX 28.6 > 22.0
2026-04-02 21:29:02 | DEBUG    | Skipping 20221006 — VIX 30.5 > 22.0
2026-04-02 21:29:02 | DEBUG    | Skipping 20221007 — VIX 31.4 > 22.0
2026-04-02 21:29:02 | DEBUG    | Skipping 20221010 — VIX 32.5 > 22.0
2026-04-02 21:29:02 | DEBUG    | Skipping 20221011 — VIX 33.6 > 22.0
2026-04-02 21:29:02 | DEBUG    | Skipping 20221012 — VIX 33.6 > 22.0
2026-04-02 21:29:02 | DEBUG    | Skipping 20221013 — VIX 31.9 > 22.0
2026-04-02 21:29:02 | DEBUG    | Skipping 20221014 — VIX 32.0 > 22.0
2026-04-02 21:29:02 | DEBUG    | Skipping 20221017 — VIX 31.4 > 22.0
2026-04-02 21:29:02 | DEBUG    | Skipping 20221018 — VIX 30.5 > 22.0
2026-04-02 21:29:02 | DEBUG    | Skipping 20221019 — VIX 30.8 > 22.0
2026-04-02 21:29:02 | DEBUG    | Skipping 20221020 — VIX 30.0 > 22.0
2026-04-02 21:29:02 | DEBUG    | Skipping 20221021 — VIX 29.7 > 22.0
2026-04-02 21:29:02 | DEBUG    | Skipping 20221024 — VIX 29.9 > 22.0
2026-04-02 21:29:02 | DEBUG    | Skipping 20221025 — VIX 28.5 > 22.0
2026-04-02 21:29:02 | DEBUG    | Skipping 20221026 — VIX 27.3 > 22.0
2026-04-02 21:29:02 | DEBUG    | Skipping 20221027 — VIX 27.4 > 22.0
2026-04-02 21:29:02 | DEBUG    | Skipping 20221028 — VIX 25.8 > 22.0
2026-04-02 21:29:02 | DEBUG    | Skipping 20221031 — VIX 25.9 > 22.0
2026-04-02 21:29:02 | DEBUG    | Skipping 20221101 — VIX 25.8 > 22.0
2026-04-02 21:29:02 | DEBUG    | Skipping 20221102 — VIX 25.9 > 22.0
2026-04-02 21:29:02 | DEBUG    | Skipping 20221103 — VIX 25.3 > 22.0
2026-04-02 21:29:02 | DEBUG    | Skipping 20221104 — VIX 24.6 > 22.0
2026-04-02 21:29:02 | DEBUG    | Skipping 20221107 — VIX 24.4 > 22.0
2026-04-02 21:29:02 | DEBUG    | Skipping 20221108 — VIX 25.5 > 22.0
2026-04-02 21:29:02 | DEBUG    | Skipping 20221109 — VIX 26.1 > 22.0
2026-04-02 21:29:02 | DEBUG    | Skipping 20221110 — VIX 23.5 > 22.0
2026-04-02 21:29:02 | DEBUG    | Skipping 20221111 — VIX 22.5 > 22.0
2026-04-02 21:29:02 | DEBUG    | Skipping 20221114 — VIX 23.7 > 22.0
2026-04-02 21:29:02 | DEBUG    | Skipping 20221115 — VIX 24.5 > 22.0
2026-04-02 21:29:02 | DEBUG    | Skipping 20221116 — VIX 24.1 > 22.0
2026-04-02 21:29:02 | DEBUG    | Skipping 20221117 — VIX 23.9 > 22.0
2026-04-02 21:29:02 | DEBUG    | Skipping 20221118 — VIX 23.1 > 22.0
2026-04-02 21:29:02 | DEBUG    | Skipping 20221121 — VIX 22.4 > 22.0
2026-04-02 21:29:02 | DEBUG    | Skipping 20221128 — VIX 22.2 > 22.0
2026-04-02 21:29:02 | DEBUG    | Skipping 20221206 — VIX 22.2 > 22.0
2026-04-02 21:29:02 | DEBUG    | Skipping 20221207 — VIX 22.7 > 22.0
2026-04-02 21:29:02 | DEBUG    | Skipping 20221208 — VIX 22.3 > 22.0
2026-04-02 21:29:02 | DEBUG    | Skipping 20221209 — VIX 22.8 > 22.0
2026-04-02 21:29:02 | DEBUG    | Skipping 20221212 — VIX 25.0 > 22.0
2026-04-02 21:29:02 | DEBUG    | Skipping 20221213 — VIX 22.6 > 22.0
2026-04-02 21:29:02 | DEBUG    | Skipping 20221215 — VIX 22.8 > 22.0
2026-04-02 21:29:02 | DEBUG    | Skipping 20221216 — VIX 22.6 > 22.0
2026-04-02 21:29:02 | DEBUG    | Skipping 20221219 — VIX 22.4 > 22.0
2026-04-02 21:29:02 | DEBUG    | Skipping 20221228 — VIX 22.1 > 22.0
2026-04-02 21:29:02 | DEBUG    | Skipping 20230103 — VIX 22.9 > 22.0
2026-04-02 21:29:02 | DEBUG    | Skipping 20230104 — VIX 22.0 > 22.0
2026-04-02 21:29:02 | DEBUG    | Skipping 20230105 — VIX 22.5 > 22.0
2026-04-02 21:29:02 | INFO     | Signal #  50 | 20230117 | CALL | P&L: $     47 | Total: $    3,613 | WR: 76.9%
2026-04-02 21:29:02 | DEBUG    | Skipping 20230221 — VIX 22.9 > 22.0
2026-04-02 21:29:02 | DEBUG    | Skipping 20230222 — VIX 22.3 > 22.0
2026-04-02 21:29:02 | DEBUG    | Skipping 20230309 — VIX 22.6 > 22.0
2026-04-02 21:29:02 | DEBUG    | Skipping 20230310 — VIX 24.8 > 22.0
2026-04-02 21:29:02 | DEBUG    | Skipping 20230313 — VIX 26.5 > 22.0
2026-04-02 21:29:02 | DEBUG    | Skipping 20230314 — VIX 23.7 > 22.0
2026-04-02 21:29:02 | DEBUG    | Skipping 20230315 — VIX 26.1 > 22.0
2026-04-02 21:29:02 | DEBUG    | Skipping 20230316 — VIX 23.0 > 22.0
2026-04-02 21:29:02 | DEBUG    | Skipping 20230317 — VIX 25.5 > 22.0
2026-04-02 21:29:02 | DEBUG    | Skipping 20230320 — VIX 24.1 > 22.0
2026-04-02 21:29:02 | DEBUG    | Skipping 20230322 — VIX 22.3 > 22.0
2026-04-02 21:29:02 | DEBUG    | Skipping 20230323 — VIX 22.6 > 22.0
2026-04-02 21:29:03 | INFO     | Signal # 100 | 20230817 |  PUT | P&L: $   -152 | Total: $    7,354 | WR: 78.6%
2026-04-02 21:29:03 | INFO     | Signal # 150 | 20240524 |  PUT | P&L: $    294 | Total: $   11,191 | WR: 76.7%
2026-04-02 21:29:03 | DEBUG    | Skipping 20240802 — VIX 23.4 > 22.0
2026-04-02 21:29:03 | DEBUG    | Skipping 20240805 — VIX 38.6 > 22.0
2026-04-02 21:29:03 | DEBUG    | Skipping 20240806 — VIX 27.7 > 22.0
2026-04-02 21:29:03 | DEBUG    | Skipping 20240807 — VIX 27.9 > 22.0
2026-04-02 21:29:03 | DEBUG    | Skipping 20240808 — VIX 23.8 > 22.0
2026-04-02 21:29:03 | DEBUG    | Skipping 20240906 — VIX 22.4 > 22.0
2026-04-02 21:29:03 | DEBUG    | Skipping 20241007 — VIX 22.6 > 22.0
2026-04-02 21:29:03 | DEBUG    | Skipping 20241031 — VIX 23.2 > 22.0
2026-04-02 21:29:03 | DEBUG    | Skipping 20241218 — VIX 27.6 > 22.0
2026-04-02 21:29:03 | DEBUG    | Skipping 20241219 — VIX 24.1 > 22.0
2026-04-02 21:29:03 | INFO     | Signal # 200 | 20241223 | CALL | P&L: $   -152 | Total: $   17,963 | WR: 78.3%
2026-04-02 21:29:03 | DEBUG    | Skipping 20250303 — VIX 22.8 > 22.0
2026-04-02 21:29:03 | DEBUG    | Skipping 20250304 — VIX 23.5 > 22.0
2026-04-02 21:29:03 | DEBUG    | Skipping 20250306 — VIX 24.9 > 22.0
2026-04-02 21:29:03 | DEBUG    | Skipping 20250307 — VIX 23.4 > 22.0
2026-04-02 21:29:03 | DEBUG    | Skipping 20250310 — VIX 27.9 > 22.0
2026-04-02 21:29:03 | DEBUG    | Skipping 20250311 — VIX 26.9 > 22.0
2026-04-02 21:29:03 | DEBUG    | Skipping 20250312 — VIX 24.2 > 22.0
2026-04-02 21:29:03 | DEBUG    | Skipping 20250313 — VIX 24.7 > 22.0
2026-04-02 21:29:03 | DEBUG    | Skipping 20250331 — VIX 22.3 > 22.0
2026-04-02 21:29:03 | DEBUG    | Skipping 20250403 — VIX 30.0 > 22.0
2026-04-02 21:29:03 | DEBUG    | Skipping 20250404 — VIX 45.3 > 22.0
2026-04-02 21:29:03 | DEBUG    | Skipping 20250407 — VIX 47.0 > 22.0
2026-04-02 21:29:03 | DEBUG    | Skipping 20250408 — VIX 52.3 > 22.0
2026-04-02 21:29:03 | DEBUG    | Skipping 20250409 — VIX 33.6 > 22.0
2026-04-02 21:29:03 | DEBUG    | Skipping 20250410 — VIX 40.7 > 22.0
2026-04-02 21:29:03 | DEBUG    | Skipping 20250411 — VIX 37.6 > 22.0
2026-04-02 21:29:03 | DEBUG    | Skipping 20250414 — VIX 30.9 > 22.0
2026-04-02 21:29:03 | DEBUG    | Skipping 20250415 — VIX 30.1 > 22.0
2026-04-02 21:29:03 | DEBUG    | Skipping 20250416 — VIX 32.6 > 22.0
2026-04-02 21:29:03 | DEBUG    | Skipping 20250417 — VIX 29.6 > 22.0
2026-04-02 21:29:03 | DEBUG    | Skipping 20250421 — VIX 33.8 > 22.0
2026-04-02 21:29:03 | DEBUG    | Skipping 20250422 — VIX 30.6 > 22.0
2026-04-02 21:29:03 | DEBUG    | Skipping 20250423 — VIX 28.4 > 22.0
2026-04-02 21:29:03 | DEBUG    | Skipping 20250424 — VIX 26.5 > 22.0
2026-04-02 21:29:03 | DEBUG    | Skipping 20250425 — VIX 24.8 > 22.0
2026-04-02 21:29:03 | DEBUG    | Skipping 20250428 — VIX 25.1 > 22.0
2026-04-02 21:29:03 | DEBUG    | Skipping 20250429 — VIX 24.2 > 22.0
2026-04-02 21:29:03 | DEBUG    | Skipping 20250430 — VIX 24.7 > 22.0
2026-04-02 21:29:03 | DEBUG    | Skipping 20250501 — VIX 24.6 > 22.0
2026-04-02 21:29:03 | DEBUG    | Skipping 20250502 — VIX 22.7 > 22.0
2026-04-02 21:29:03 | DEBUG    | Skipping 20250505 — VIX 23.6 > 22.0
2026-04-02 21:29:03 | DEBUG    | Skipping 20250506 — VIX 24.8 > 22.0
2026-04-02 21:29:03 | DEBUG    | Skipping 20250507 — VIX 23.6 > 22.0
2026-04-02 21:29:03 | DEBUG    | Skipping 20250508 — VIX 22.5 > 22.0
2026-04-02 21:29:03 | DEBUG    | Skipping 20250523 — VIX 22.3 > 22.0
2026-04-02 21:29:03 | INFO     | Signal # 250 | 20250609 | CALL | P&L: $     47 | Total: $   20,892 | WR: 75.8%
2026-04-02 21:29:04 | DEBUG    | Skipping 20251016 — VIX 25.3 > 22.0
2026-04-02 21:29:04 | DEBUG    | Skipping 20251117 — VIX 22.4 > 22.0
2026-04-02 21:29:04 | DEBUG    | Skipping 20251118 — VIX 24.7 > 22.0
2026-04-02 21:29:04 | DEBUG    | Skipping 20251119 — VIX 23.7 > 22.0
2026-04-02 21:29:04 | DEBUG    | Skipping 20251120 — VIX 26.4 > 22.0
2026-04-02 21:29:04 | DEBUG    | Skipping 20251121 — VIX 23.4 > 22.0
2026-04-02 21:29:04 | INFO     | Signal # 300 | 20251201 | CALL | P&L: $     72 | Total: $   26,887 | WR: 76.9%
2026-04-02 21:29:04 | DEBUG    | Skipping 20260303 — VIX 23.6 > 22.0
2026-04-02 21:29:04 | DEBUG    | Skipping 20260305 — VIX 23.8 > 22.0
2026-04-02 21:29:04 | DEBUG    | Skipping 20260306 — VIX 29.5 > 22.0
2026-04-02 21:29:04 | DEBUG    | Skipping 20260309 — VIX 25.5 > 22.0
2026-04-02 21:29:04 | DEBUG    | Skipping 20260310 — VIX 24.9 > 22.0
2026-04-02 21:29:04 | DEBUG    | Skipping 20260311 — VIX 24.2 > 22.0
2026-04-02 21:29:04 | DEBUG    | Skipping 20260312 — VIX 27.3 > 22.0
2026-04-02 21:29:04 | DEBUG    | Skipping 20260313 — VIX 27.2 > 22.0
2026-04-02 21:29:04 | DEBUG    | Skipping 20260316 — VIX 23.5 > 22.0
2026-04-02 21:29:04 | DEBUG    | Skipping 20260317 — VIX 22.4 > 22.0
2026-04-02 21:29:04 | DEBUG    | Skipping 20260318 — VIX 25.1 > 22.0
2026-04-02 21:29:04 | DEBUG    | Skipping 20260319 — VIX 24.1 > 22.0
2026-04-02 21:29:04 | DEBUG    | Skipping 20260320 — VIX 26.8 > 22.0
2026-04-02 21:29:04 | DEBUG    | Skipping 20260323 — VIX 26.1 > 22.0
2026-04-02 21:29:04 | DEBUG    | Skipping 20260324 — VIX 26.9 > 22.0
2026-04-02 21:29:04 | DEBUG    | Skipping 20260325 — VIX 25.3 > 22.0
2026-04-02 21:29:04 | DEBUG    | Skipping 20260326 — VIX 27.4 > 22.0
2026-04-02 21:29:04 | DEBUG    | Skipping 20260327 — VIX 31.1 > 22.0
2026-04-02 21:29:04 | DEBUG    | Skipping 20260330 — VIX 30.6 > 22.0
2026-04-02 21:29:04 | DEBUG    | Skipping 20260331 — VIX 25.2 > 22.0
2026-04-02 21:29:04 | DEBUG    | Skipping 20260401 — VIX 24.5 > 22.0
2026-04-02 21:29:04 | INFO     | DONE — 366 trades, 1065 trading days, 728 skipped
2026-04-02 21:29:04 | INFO     | Trade log snapshot -> /Users/jeerapongwongchote/Documents/thetadata/zenith/tradelogs_zenith.csv
2026-04-02 21:29:04 | INFO     | ============================================================
2026-04-02 21:29:04 | INFO     |   ZENITH FADE CCS — BACKTEST RESULTS
2026-04-02 21:29:04 | INFO     | ============================================================
2026-04-02 21:29:04 | INFO     |   Period          : 20220103 -> 20260304
2026-04-02 21:29:04 | INFO     |   Business days   : 1067
2026-04-02 21:29:04 | INFO     |   Days traded     : 336
2026-04-02 21:29:04 | INFO     |   Total trades    : 366  (wins: 278  losses: 88)
2026-04-02 21:29:04 | INFO     |   Avg trades/day  :    1.1
2026-04-02 21:29:04 | INFO     | ------------------------------------------------------------
2026-04-02 21:29:04 | INFO     |   Total P&L       : $   30,405.11  (net of commission)
2026-04-02 21:29:04 | INFO     |   CAGR            :  6.6%  (acct=$100,000)
2026-04-02 21:29:04 | INFO     |   Avg profit/trade: $  157.86
2026-04-02 21:29:04 | INFO     |   Avg loss/trade  : $ -153.17
2026-04-02 21:29:04 | INFO     |   Expectancy/trade: $   83.07
2026-04-02 21:29:04 | INFO     |   Profit factor   :    3.26x
2026-04-02 21:29:04 | INFO     | ------------------------------------------------------------
2026-04-02 21:29:04 | INFO     |   Max drawdown    : $  816.27  (0.8%)
2026-04-02 21:29:04 | INFO     |   Calmar ratio    :     8.73  (CAGR / max DD%)
2026-04-02 21:29:04 | INFO     |   Recovery factor :     37.25  (net P&L / max DD)
2026-04-02 21:29:04 | INFO     |   Time underwater :   44.3%
2026-04-02 21:29:04 | INFO     | ------------------------------------------------------------
2026-04-02 21:29:04 | INFO     |   Win rate        :   76.0%
2026-04-02 21:29:04 | INFO     |   Sharpe ratio    :     8.02  (rf=4.5%)
2026-04-02 21:29:04 | INFO     |   Sortino ratio   :     53.03
2026-04-02 21:29:04 | INFO     |   Ann. volatility : $2,607.23
2026-04-02 21:29:04 | INFO     | ------------------------------------------------------------
2026-04-02 21:29:04 | INFO     |   Best day        : $  394.00
2026-04-02 21:29:04 | INFO     |   Worst day       : $ -445.38
2026-04-02 21:29:04 | INFO     |   Best trade      : $  394.00
2026-04-02 21:29:04 | INFO     |   Worst trade     : $ -293.38
2026-04-02 21:29:04 | INFO     |   Max win streak  : 19
2026-04-02 21:29:04 | INFO     | ------------------------------------------------------------
2026-04-02 21:29:04 | INFO     |   Score threshold : 68.0
2026-04-02 21:29:04 | INFO     |   Strike offset   : 30.0pt
2026-04-02 21:29:04 | INFO     |   Spread width    : 10.0pt
2026-04-02 21:29:04 | INFO     |   Credit model    : real
2026-04-02 21:29:04 | INFO     |   Bidirectional   : True (put score <= 40.0)
2026-04-02 21:29:04 | INFO     |   Intraday SL     : -0.25
2026-04-02 21:29:04 | INFO     |   Credit floor    : $0.75
2026-04-02 21:29:04 | INFO     |   VIX max filter  : 22.0
2026-04-02 21:29:04 | INFO     |   Term structure  : skip backwardation (ratio > 1.0)
2026-04-02 21:29:04 | INFO     |   Commission      : $0.5/leg
2026-04-02 21:29:04 | INFO     | ============================================================
2026-04-02 21:29:04 | INFO     | Results written to /Users/jeerapongwongchote/Documents/thetadata/zenith/RESULTS.md (keeping last 3 runs)
2026-04-02 21:29:04 | INFO     | Run summary appended to /Users/jeerapongwongchote/Documents/thetadata/zenith/logs/run_history.json
2026-04-02 21:29:04 | INFO     | --------------------------------------------------------------
2026-04-02 21:29:04 | INFO     |   VIX CORRELATION ANALYSIS
2026-04-02 21:29:04 | INFO     | --------------------------------------------------------------
2026-04-02 21:29:04 | INFO     |   VIX Range  |  Trades |  Win Rate |    Avg P&L |    Total P&L
2026-04-02 21:29:04 | INFO     | --------------------------------------------------------------
2026-04-02 21:29:04 | INFO     |   < 15       |      58 |     87.9% | $   130.60 | $   7,574.70
2026-04-02 21:29:04 | INFO     |   15-20      |     223 |     74.4% | $    66.08 | $  14,736.09
2026-04-02 21:29:04 | INFO     |   20-25      |      85 |     71.8% | $    95.23 | $   8,094.32
2026-04-02 21:29:04 | INFO     | --------------------------------------------------------------
2026-04-02 21:29:04 | INFO     | -----------------------------------------------------------------------------------------------
2026-04-02 21:29:04 | INFO     |   PUT vs CALL SPREAD PERFORMANCE SPLIT
2026-04-02 21:29:04 | INFO     | -----------------------------------------------------------------------------------------------
2026-04-02 21:29:04 | INFO     |   Type     |  Trades |  Win Rate |    Avg P&L |    Total P&L |   Avg Win |  Avg Loss |  Prof Fac
2026-04-02 21:29:04 | INFO     | -----------------------------------------------------------------------------------------------
2026-04-02 21:29:04 | INFO     |   CALL     |     207 |     72.5% | $    24.78 | $   5,129.79 | $   90.97 | $ -149.41 |     1.60x
2026-04-02 21:29:04 | INFO     |   PUT      |     129 |     77.5% | $   154.38 | $  19,914.84 | $  243.23 | $ -152.00 |     5.52x
2026-04-02 21:29:04 | INFO     | -----------------------------------------------------------------------------------------------
2026-04-02 21:29:04 | INFO     | --------------------------------------------------------------------------------------------------------------
2026-04-02 21:29:04 | INFO     |   MONTHLY P&L TABLE
2026-04-02 21:29:04 | INFO     | --------------------------------------------------------------------------------------------------------------
2026-04-02 21:29:04 | INFO     |   Year   |       1 |       2 |       3 |       4 |       5 |       6 |       7 |       8 |       9 |      10 |      11 |      12 |      Total
2026-04-02 21:29:04 | INFO     | --------------------------------------------------------------------------------------------------------------
2026-04-02 21:29:04 | INFO     |   2022   | $   370 | $   -64 | $   700 | $   571 |      -- |      -- | $  -152 | $ 1,216 |      -- |      -- | $   247 | $   510 | $    3,398
2026-04-02 21:29:04 | INFO     |   2023   | $   276 | $   421 | $   357 | $   984 | $   258 | $   612 | $   808 | $   632 | $   362 | $  -355 | $   390 | $   443 | $    5,187
2026-04-02 21:29:04 | INFO     |   2024   | $   502 | $   577 | $   888 | $  -159 | $   799 | $   215 | $ 1,212 | $   765 | $   816 | $ 1,928 | $   762 | $ 1,223 | $    9,527
2026-04-02 21:29:04 | INFO     |   2025   | $   932 | $   918 | $ 1,305 | $  -345 | $   153 | $   448 | $   918 | $ 1,637 | $   639 | $ 1,003 | $ 1,094 | $   691 | $    9,393
2026-04-02 21:29:04 | INFO     |   2026   | $ 1,491 | $ 1,474 | $   -65 |      -- |      -- |      -- |      -- |      -- |      -- |      -- |      -- |      -- | $    2,900
2026-04-02 21:29:04 | INFO     | --------------------------------------------------------------------------------------------------------------
2026-04-02 21:29:04 | INFO     | --------------------------------------------------------------------------------------------------------------
2026-04-02 21:29:04 | INFO     |   INTRA-MONTH MAX DRAWDOWN
2026-04-02 21:29:04 | INFO     | --------------------------------------------------------------------------------------------------------------
2026-04-02 21:29:04 | INFO     |   Year   |       1 |       2 |       3 |       4 |       5 |       6 |       7 |       8 |       9 |      10 |      11 |      12 |     Ann DD
2026-04-02 21:29:04 | INFO     | --------------------------------------------------------------------------------------------------------------
2026-04-02 21:29:04 | INFO     |   2022   | $   152 | $   152 | $     0 | $   304 |      -- |      -- | $   152 | $   152 |      -- |      -- | $     0 | $   232 | $      304
2026-04-02 21:29:04 | INFO     |   2023   | $   341 | $   167 | $   152 | $     0 | $   152 | $     0 | $     0 | $   304 | $   152 | $   816 | $     0 | $     0 | $      816
2026-04-02 21:29:04 | INFO     |   2024   | $   152 | $     0 | $   152 | $   243 | $     0 | $     0 | $   152 | $   152 | $   152 | $   152 | $   152 | $   170 | $      243
2026-04-02 21:29:04 | INFO     |   2025   | $   152 | $   345 | $   152 | $   445 | $   456 | $   254 | $   152 | $   152 | $   152 | $   152 | $   304 | $   152 | $      456
2026-04-02 21:29:04 | INFO     |   2026   | $   152 | $   196 | $   152 |      -- |      -- |      -- |      -- |      -- |      -- |      -- |      -- |      -- | $      196
2026-04-02 21:29:04 | INFO     | --------------------------------------------------------------------------------------------------------------
2026-04-02 21:29:04 | INFO     | ------------------------------------------------------------------------------------------------------------------------
2026-04-02 21:29:04 | INFO     |   MONTHLY RETURN: STRATEGY vs SPY
2026-04-02 21:29:04 | INFO     | ------------------------------------------------------------------------------------------------------------------------
2026-04-02 21:29:04 | INFO     |   Year   |          1 |          2 |          3 |          4 |          5 |          6 |          7 |          8 |          9 |         10 |         11 |         12 |   Strat |     SPY |   Alpha
2026-04-02 21:29:04 | INFO     | ------------------------------------------------------------------------------------------------------------------------
2026-04-02 21:29:04 | INFO     |   2022   | +0.4/-5.3 | -0.1/-3.0 | +0.7/+3.8 | +0.6/-8.8 | +0.0/+0.2 | +0.0/-8.2 | -0.2/+9.2 | +1.2/-4.1 | +0.0/-9.2 | +0.0/+8.1 | +0.2/+5.6 | +0.5/-5.8 |   +3.4% |  -17.5% |  +20.9%
2026-04-02 21:29:04 | INFO     |   2023   | +0.3/+6.3 | +0.4/-2.5 | +0.4/+3.7 | +1.0/+1.6 | +0.3/+0.5 | +0.6/+6.5 | +0.8/+3.3 | +0.6/-1.6 | +0.4/-4.7 | -0.4/-2.2 | +0.4/+9.1 | +0.4/+4.6 |   +5.2% |  +24.5% |  -19.3%
2026-04-02 21:29:04 | INFO     |   2024   | +0.5/+1.6 | +0.6/+5.2 | +0.9/+3.3 | -0.2/-4.0 | +0.8/+5.1 | +0.2/+3.5 | +1.2/+1.2 | +0.8/+2.3 | +0.8/+2.1 | +1.9/-0.9 | +0.8/+6.0 | +1.2/-2.4 |   +9.5% |  +22.9% |  -13.4%
2026-04-02 21:29:04 | INFO     |   2025   | +0.9/+2.7 | +0.9/-1.3 | +1.3/-5.6 | -0.3/-0.9 | +0.2/+6.3 | +0.4/+5.1 | +0.9/+2.3 | +1.6/+2.1 | +0.6/+3.6 | +1.0/+2.4 | +1.1/+0.2 | +0.7/+0.1 |   +9.4% |  +17.0% |   -7.6%
2026-04-02 21:29:04 | INFO     |   2026   | +1.5/+1.5 | +1.5/-0.9 | -0.1/-4.9 | +0.0/+0.7 |         -- |         -- |         -- |         -- |         -- |         -- |         -- |         -- |   +2.9% |   -3.6% |   +6.5%
2026-04-02 21:29:04 | INFO     | ------------------------------------------------------------------------------------------------------------------------
2026-04-02 21:29:04 | INFO     | ----------------------------------------------------------------------
2026-04-02 21:29:04 | INFO     |   LARGEST LOSS DAYS (worst 30)
2026-04-02 21:29:04 | INFO     | ----------------------------------------------------------------------
2026-04-02 21:29:04 | INFO     |   Date         |    VIX |  Trades |      Day P&L |      Event
2026-04-02 21:29:04 | INFO     | ----------------------------------------------------------------------
2026-04-02 21:29:04 | INFO     |   20250402     |   21.8 |       2 | $    -445.38 |           
2026-04-02 21:29:04 | INFO     |   20231020     |   21.4 |       2 | $    -413.23 |           
2026-04-02 21:29:04 | INFO     |   20220111     |   19.4 |       1 | $    -152.00 |           
2026-04-02 21:29:04 | INFO     |   20220201     |   24.8 |       1 | $    -152.00 |           
2026-04-02 21:29:04 | INFO     |   20220407     |   22.1 |       1 | $    -152.00 |           
2026-04-02 21:29:04 | INFO     |   20220419     |   22.2 |       1 | $    -152.00 |           
2026-04-02 21:29:04 | INFO     |   20220729     |   22.3 |       1 | $    -152.00 |           
2026-04-02 21:29:04 | INFO     |   20220815     |   19.5 |       1 | $    -152.00 |           
2026-04-02 21:29:04 | INFO     |   20220825     |   22.8 |       1 | $    -152.00 |           
2026-04-02 21:29:04 | INFO     |   20221221     |   21.5 |       1 | $    -152.00 |           
2026-04-02 21:29:04 | INFO     |   20221223     |   22.0 |       1 | $    -152.00 |           
2026-04-02 21:29:04 | INFO     |   20230113     |   18.8 |       1 | $    -152.00 |           
2026-04-02 21:29:04 | INFO     |   20230118     |   19.4 |       1 | $    -152.00 |           
2026-04-02 21:29:04 | INFO     |   20230125     |   19.2 |       1 | $    -152.00 |           
2026-04-02 21:29:04 | INFO     |   20230127     |   18.7 |       1 | $    -152.00 |           
2026-04-02 21:29:04 | INFO     |   20230209     |   19.6 |       1 | $    -152.00 |           
2026-04-02 21:29:04 | INFO     |   20230213     |   20.5 |       1 | $    -152.00 |           
2026-04-02 21:29:04 | INFO     |   20230331     |   19.0 |       1 | $    -152.00 |           
2026-04-02 21:29:04 | INFO     |   20230502     |   16.1 |       1 | $    -152.00 |           
2026-04-02 21:29:04 | INFO     |   20230816     |   16.5 |       1 | $    -152.00 |           
2026-04-02 21:29:04 | INFO     |   20230817     |   16.8 |       1 | $    -152.00 |           
2026-04-02 21:29:04 | INFO     |   20230906     |   14.0 |       1 | $    -152.00 |           
2026-04-02 21:29:04 | INFO     |   20231009     |   17.4 |       1 | $    -152.00 |           
2026-04-02 21:29:04 | INFO     |   20231010     |   17.7 |       1 | $    -152.00 |           
2026-04-02 21:29:04 | INFO     |   20231019     |   19.2 |       1 | $    -152.00 |           
2026-04-02 21:29:04 | INFO     |   20231027     |   20.7 |       1 | $    -152.00 |           
2026-04-02 21:29:04 | INFO     |   20240119     |   14.1 |       1 | $    -152.00 |           
2026-04-02 21:29:04 | INFO     |   20240305     |   13.5 |       1 | $    -152.00 |           
2026-04-02 21:29:04 | INFO     |   20240425     |   16.0 |       1 | $    -152.00 |           
2026-04-02 21:29:04 | INFO     |   20240718     |   14.5 |       1 | $    -152.00 |           
2026-04-02 21:29:04 | INFO     | ----------------------------------------------------------------------
2026-04-02 21:29:04 | INFO     | ----------------------------------------------------------
2026-04-02 21:29:04 | INFO     |   SEASONALITY — DAY OF WEEK
2026-04-02 21:29:04 | INFO     | ----------------------------------------------------------
2026-04-02 21:29:04 | INFO     |   Day   |  Trades |    WR% |    Total P&L |    Avg P&L
2026-04-02 21:29:04 | INFO     | ----------------------------------------------------------
2026-04-02 21:29:04 | INFO     |   Mon   |      51 |  78.4% | $   4,779.48 | $    93.72
2026-04-02 21:29:04 | INFO     |   Tue   |      72 |  75.0% | $   5,070.11 | $    70.42
2026-04-02 21:29:04 | INFO     |   Wed   |      80 |  76.2% | $   7,125.36 | $    89.07
2026-04-02 21:29:04 | INFO     |   Thu   |      78 |  75.6% | $   5,427.01 | $    69.58
2026-04-02 21:29:04 | INFO     |   Fri   |      85 |  75.3% | $   8,003.15 | $    94.15
2026-04-02 21:29:04 | INFO     | ----------------------------------------------------------
2026-04-02 21:29:04 | INFO     | ----------------------------------------------------------
2026-04-02 21:29:04 | INFO     |   SEASONALITY — MONTH
2026-04-02 21:29:04 | INFO     | ----------------------------------------------------------
2026-04-02 21:29:04 | INFO     |   Month |  Trades |    WR% |    Total P&L |    Avg P&L
2026-04-02 21:29:04 | INFO     | ----------------------------------------------------------
2026-04-02 21:29:04 | INFO     |   Jan   |      46 |  78.3% | $   3,571.44 | $    77.64
2026-04-02 21:29:04 | INFO     |   Feb   |      50 |  66.0% | $   3,324.93 | $    66.50
2026-04-02 21:29:04 | INFO     |   Mar   |      30 |  83.3% | $   3,184.33 | $   106.14
2026-04-02 21:29:04 | INFO     |   Apr   |      21 |  61.9% | $   1,050.10 | $    50.00
2026-04-02 21:29:04 | INFO     |   May   |      17 |  70.6% | $   1,210.98 | $    71.23
2026-04-02 21:29:04 | INFO     |   Jun   |      18 |  88.9% | $   1,274.42 | $    70.80
2026-04-02 21:29:04 | INFO     |   Jul   |      22 |  81.8% | $   2,786.46 | $   126.66
2026-04-02 21:29:04 | INFO     |   Aug   |      43 |  81.4% | $   4,250.04 | $    98.84
2026-04-02 21:29:04 | INFO     |   Sep   |      23 |  78.3% | $   1,817.44 | $    79.02
2026-04-02 21:29:04 | INFO     |   Oct   |      41 |  73.2% | $   2,575.91 | $    62.83
2026-04-02 21:29:04 | INFO     |   Nov   |      23 |  78.3% | $   2,492.54 | $   108.37
2026-04-02 21:29:04 | INFO     |   Dec   |      32 |  75.0% | $   2,866.52 | $    89.58
2026-04-02 21:29:04 | INFO     | ----------------------------------------------------------
2026-04-02 21:29:04 | INFO     | ------------------------------------------------------------------------
2026-04-02 21:29:04 | INFO     |   CALENDAR / ECON EVENT ANALYSIS  (sorted by WR%)
2026-04-02 21:29:04 | INFO     | ------------------------------------------------------------------------
2026-04-02 21:29:04 | INFO     |   Event          |  Days |    WR% |    Avg/Day |    Total P&L |     Max DD
2026-04-02 21:29:04 | INFO     | ------------------------------------------------------------------------
2026-04-02 21:29:04 | INFO     |   Triple Witch   |     3 | 100.0% | $   141.14 | $     423.43 | $     0.00
2026-04-02 21:29:04 | INFO     |   FOMC           |     9 |  88.9% | $   144.14 | $   1,153.14 | $   152.00
2026-04-02 21:29:04 | INFO     |   CPI/NFP        |    27 |  85.2% | $   136.65 | $   3,416.14 | $   152.00
2026-04-02 21:29:04 | INFO     |   Normal         |   327 |  74.6% | $    84.71 | $  25,412.40 | $   873.61
2026-04-02 21:29:04 | INFO     | ------------------------------------------------------------------------
