2026-03-31 07:12:20 | INFO     | Log file  : /Users/jeerapongwongchote/Documents/thetadata/zenith/logs/zenith_20260331_071220.log
2026-03-31 07:12:20 | INFO     | ============================================================
2026-03-31 07:12:20 | INFO     | ZENITH FADE CCS BACKTEST
2026-03-31 07:12:20 | INFO     | Signal Mode  : dynamic
2026-03-31 07:12:20 | INFO     | Period       : 2022-01-03 -> 2026-03-25
2026-03-31 07:12:20 | INFO     | Score Thresh : 41.5
2026-03-31 07:12:20 | INFO     | Weights      : var=1.4, vol=8.9, rocket=274.0
2026-03-31 07:12:20 | INFO     | Strike       : 5.0pt OTM, 10.0pt wide
2026-03-31 07:12:20 | INFO     | Risk         : $600.0, TP 66%, SL -100%
2026-03-31 07:12:20 | INFO     | ============================================================
2026-03-31 07:12:20 | INFO     | Building daily indicators...
2026-03-31 07:12:22 | WARNING  | No SPX volume data — dRelVol defaulted to 1.0
2026-03-31 07:12:22 | INFO     | Built daily indicators: 1060 bars
2026-03-31 07:12:22 | INFO     |   -> 1060 daily bars loaded
2026-03-31 07:12:22 | INFO     | ============================================================
2026-03-31 07:12:22 | INFO     | ZENITH FADE CCS BACKTEST
2026-03-31 07:12:22 | INFO     | Mode: dynamic
2026-03-31 07:12:22 | INFO     | Period: 2022-01-03 -> 2026-03-25
2026-03-31 07:12:22 | INFO     | Trades -> /Users/jeerapongwongchote/Documents/thetadata/zenith/logs/zenith_trades_20260331_071220.csv
2026-03-31 07:12:22 | INFO     | ============================================================
2026-03-31 07:12:22 | INFO     | Signal #   1 | 20220104 | P&L: $    394 | Total: $      394 | WR: 100.0%
2026-03-31 07:12:22 | INFO     | Signal #   2 | 20220105 | P&L: $    394 | Total: $      788 | WR: 100.0%
2026-03-31 07:12:22 | INFO     | Signal #   3 | 20220107 | P&L: $    394 | Total: $    1,182 | WR: 100.0%
2026-03-31 07:12:22 | INFO     | Signal #   4 | 20220110 | P&L: $   -602 | Total: $      580 | WR: 75.0%
2026-03-31 07:12:22 | INFO     | Signal #   5 | 20220111 | P&L: $   -602 | Total: $      -22 | WR: 60.0%
2026-03-31 07:12:22 | INFO     | Signal #  50 | 20220414 | P&L: $    394 | Total: $    2,110 | WR: 64.0%
2026-03-31 07:12:22 | INFO     | Signal # 100 | 20220720 | P&L: $   -602 | Total: $   -3,122 | WR: 57.0%
2026-03-31 07:12:22 | INFO     | Signal # 150 | 20221025 | P&L: $   -602 | Total: $   -1,662 | WR: 59.3%
2026-03-31 07:12:22 | INFO     | Signal # 200 | 20230201 | P&L: $   -602 | Total: $   -2,749 | WR: 59.0%
2026-03-31 07:12:22 | INFO     | Signal # 250 | 20230511 | P&L: $    394 | Total: $     -350 | WR: 60.4%
2026-03-31 07:12:22 | INFO     | Signal # 300 | 20230822 | P&L: $   -602 | Total: $   -4,343 | WR: 58.7%
2026-03-31 07:12:22 | INFO     | Signal # 350 | 20231128 | P&L: $    394 | Total: $   -8,286 | WR: 57.7%
2026-03-31 07:12:22 | INFO     | Signal # 400 | 20240228 | P&L: $   -602 | Total: $  -18,406 | WR: 55.5%
2026-03-31 07:12:22 | INFO     | Signal # 450 | 20240603 | P&L: $   -234 | Total: $  -18,808 | WR: 55.8%
2026-03-31 07:12:22 | INFO     | Signal # 500 | 20240829 | P&L: $   -602 | Total: $  -24,891 | WR: 54.8%
2026-03-31 07:12:22 | INFO     | Signal # 550 | 20241127 | P&L: $    160 | Total: $  -29,963 | WR: 54.4%
2026-03-31 07:12:22 | INFO     | Signal # 600 | 20250305 | P&L: $    394 | Total: $  -31,034 | WR: 54.5%
2026-03-31 07:12:22 | DEBUG    | Skipping 20250408 — VIX 52.3 > 50.0
2026-03-31 07:12:22 | INFO     | Signal # 650 | 20250602 | P&L: $   -602 | Total: $  -38,226 | WR: 53.8%
2026-03-31 07:12:22 | INFO     | Signal # 700 | 20250904 | P&L: $   -602 | Total: $  -45,680 | WR: 53.1%
2026-03-31 07:12:22 | INFO     | Signal # 750 | 20251126 | P&L: $   -602 | Total: $  -51,817 | WR: 52.8%
2026-03-31 07:12:22 | INFO     | Signal # 800 | 20260225 | P&L: $   -491 | Total: $  -53,741 | WR: 53.0%
2026-03-31 07:12:22 | INFO     | DONE — 814 trades, 1060 trading days, 244 skipped
2026-03-31 07:12:22 | INFO     | Trade log snapshot -> /Users/jeerapongwongchote/Documents/thetadata/zenith/tradelogs_zenith.csv
2026-03-31 07:12:22 | INFO     | ============================================================
2026-03-31 07:12:22 | INFO     |   ZENITH FADE CCS — BACKTEST RESULTS
2026-03-31 07:12:22 | INFO     | ============================================================
2026-03-31 07:12:22 | INFO     |   Period          : 20220103 -> 20260324
2026-03-31 07:12:22 | INFO     |   Trading Days    : 1062
2026-03-31 07:12:22 | INFO     |   Signal Days     : 814
2026-03-31 07:12:22 | INFO     |   Signal Rate     : 76.6%
2026-03-31 07:12:22 | INFO     | ============================================================
2026-03-31 07:12:22 | INFO     |   Total P&L       : $  -50,766.00
2026-03-31 07:12:22 | INFO     |   CAGR            : -15.5%
2026-03-31 07:12:22 | INFO     |   Max Drawdown    : -$ 59,097.00 (56.4%)
2026-03-31 07:12:22 | INFO     |   Recovery Factor : -0.86
2026-03-31 07:12:22 | INFO     | ============================================================
2026-03-31 07:12:22 | INFO     |   Win Rate        : 53.4%
2026-03-31 07:12:22 | INFO     |   Profit Factor   : 0.77
2026-03-31 07:12:22 | INFO     |   Sharpe Ratio    : -2.05
2026-03-31 07:12:22 | INFO     |   Sortino Ratio   : -9.54
2026-03-31 07:12:22 | INFO     |   Calmar Ratio    : -0.27
2026-03-31 07:12:22 | INFO     | ============================================================
2026-03-31 07:12:22 | INFO     |   Avg Win         : $  382.07
2026-03-31 07:12:22 | INFO     |   Avg Loss        : $ -572.47
2026-03-31 07:12:22 | INFO     |   Best Trade      : $  394.00
2026-03-31 07:12:22 | INFO     |   Worst Trade     : $ -602.00
2026-03-31 07:12:22 | INFO     |   Max Win Streak  : 13
2026-03-31 07:12:22 | INFO     | ============================================================
2026-03-31 07:12:22 | INFO     | Results written to /Users/jeerapongwongchote/Documents/thetadata/zenith/RESULTS.md
2026-03-31 07:12:22 | INFO     | Run summary appended to /Users/jeerapongwongchote/Documents/thetadata/zenith/logs/run_history.json
2026-03-31 07:12:22 | INFO     | --------------------------------------------------------------
2026-03-31 07:12:22 | INFO     |   VIX CORRELATION ANALYSIS
2026-03-31 07:12:22 | INFO     | --------------------------------------------------------------
2026-03-31 07:12:22 | INFO     |   VIX Range  |  Trades |  Win Rate |    Avg P&L |    Total P&L
2026-03-31 07:12:22 | INFO     | --------------------------------------------------------------
2026-03-31 07:12:22 | INFO     |   < 15       |     210 |     54.8% | $   -51.93 | $ -10,905.00
2026-03-31 07:12:22 | INFO     |   15-20      |     339 |     52.8% | $   -64.01 | $ -21,699.00
2026-03-31 07:12:22 | INFO     |   20-25      |     151 |     54.3% | $   -58.60 | $  -8,849.00
2026-03-31 07:12:22 | INFO     |   25-30      |      73 |     53.4% | $   -70.33 | $  -5,134.00
2026-03-31 07:12:22 | INFO     |   30-35      |      37 |     54.1% | $   -62.51 | $  -2,313.00
2026-03-31 07:12:22 | INFO     |   35+        |       4 |      0.0% | $  -466.50 | $  -1,866.00
2026-03-31 07:12:22 | INFO     | --------------------------------------------------------------
2026-03-31 07:12:22 | INFO     | ----------------------------------------------------------------------------------------------------
2026-03-31 07:12:22 | INFO     |   MONTHLY P&L TABLE
2026-03-31 07:12:22 | INFO     | ----------------------------------------------------------------------------------------------------
2026-03-31 07:12:22 | INFO     |   Year   |      1 |      2 |      3 |      4 |      5 |      6 |      7 |      8 |      9 |     10 |     11 |     12 |      Total
2026-03-31 07:12:22 | INFO     | ----------------------------------------------------------------------------------------------------
2026-03-31 07:12:22 | INFO     |   2022   | $1,346 | $ -460 | $-1,534 | $3,732 | $-1,270 | $-1,664 | $-3,896 | $1,324 | $2,922 | $-1,768 | $  -66 | $1,718 | $      384
2026-03-31 07:12:22 | INFO     |   2023   | $-2,531 | $1,862 | $-3,054 | $2,223 | $  722 | $-4,042 | $-1,241 | $  668 | $2,912 | $-1,062 | $-5,498 | $-2,986 | $  -12,027
2026-03-31 07:12:22 | INFO     |   2024   | $-3,709 | $-3,054 | $-1,868 | $3,710 | $-1,408 | $-2,539 | $-1,656 | $-2,724 | $-1,750 | $  947 | $-4,269 | $  -54 | $  -18,374
2026-03-31 07:12:22 | INFO     |   2025   | $-2,676 | $  477 | $3,108 | $-3,054 | $-4,860 | $-3,801 | $-1,387 | $-3,054 | $-4,466 | $-2,623 | $  536 | $  -88 | $  -21,888
2026-03-31 07:12:22 | INFO     |   2026   | $-1,558 | $  116 | $2,581 |     -- |     -- |     -- |     -- |     -- |     -- |     -- |     -- |     -- | $    1,139
2026-03-31 07:12:22 | INFO     | ----------------------------------------------------------------------------------------------------
2026-03-31 07:12:22 | INFO     | -------------------------------------------------------
2026-03-31 07:12:22 | INFO     |   WORST 15 LOSS DAYS
2026-03-31 07:12:22 | INFO     | -------------------------------------------------------
2026-03-31 07:12:22 | INFO     |   Date         |  Trades |      Day P&L
2026-03-31 07:12:22 | INFO     | -------------------------------------------------------
2026-03-31 07:12:22 | INFO     |   20220111     |       1 | $    -602.00
2026-03-31 07:12:22 | INFO     |   20220112     |       1 | $    -602.00
2026-03-31 07:12:22 | INFO     |   20220128     |       1 | $    -602.00
2026-03-31 07:12:22 | INFO     |   20220201     |       1 | $    -602.00
2026-03-31 07:12:22 | INFO     |   20220202     |       1 | $    -602.00
2026-03-31 07:12:22 | INFO     |   20220208     |       1 | $    -602.00
2026-03-31 07:12:22 | INFO     |   20220209     |       1 | $    -602.00
2026-03-31 07:12:22 | INFO     |   20220216     |       1 | $    -602.00
2026-03-31 07:12:22 | INFO     |   20220228     |       1 | $    -602.00
2026-03-31 07:12:22 | INFO     |   20220303     |       1 | $    -602.00
2026-03-31 07:12:22 | INFO     |   20220317     |       1 | $    -602.00
2026-03-31 07:12:22 | INFO     |   20220318     |       1 | $    -602.00
2026-03-31 07:12:22 | INFO     |   20220321     |       1 | $    -602.00
2026-03-31 07:12:22 | INFO     |   20220322     |       1 | $    -602.00
2026-03-31 07:12:22 | INFO     |   20220328     |       1 | $    -602.00
2026-03-31 07:12:22 | INFO     | -------------------------------------------------------
2026-03-31 07:12:22 | INFO     | ----------------------------------------------------------------------
2026-03-31 07:12:22 | INFO     |   FILTER VALUE ANALYSIS (WIN vs LOSS)
2026-03-31 07:12:22 | INFO     | ----------------------------------------------------------------------
2026-03-31 07:12:22 | INFO     |   Filter             |    Win Avg |   Loss Avg |      Delta
2026-03-31 07:12:22 | INFO     | ----------------------------------------------------------------------
2026-03-31 07:12:22 | INFO     |   Variance %         |    68.5177 |    68.5861 |    -0.0685
2026-03-31 07:12:22 | INFO     |   Rel Volume         |     1.0000 |     1.0000 |    +0.0000
2026-03-31 07:12:22 | INFO     |   Rising Rocket      |     0.0032 |     0.0028 |    +0.0004
2026-03-31 07:12:22 | INFO     |   Exhaustion Score   |   103.9605 |   104.1618 |    -0.2012
2026-03-31 07:12:22 | INFO     |   RSI                |        nan |    55.1116 |       +nan
2026-03-31 07:12:22 | INFO     |   Stochastic         |    68.1322 |    66.4602 |    +1.6720
2026-03-31 07:12:22 | INFO     |   Body Size          |    29.2671 |    27.5783 |    +1.6888
2026-03-31 07:12:22 | INFO     |   Gap %              |        nan |     0.0293 |       +nan
2026-03-31 07:12:22 | INFO     |   Cluster Count      |     1.6690 |     1.8179 |    -0.1490
2026-03-31 07:12:22 | INFO     |   Dist from SMA      |     0.0069 |     0.0048 |    +0.0020
2026-03-31 07:12:22 | INFO     |   VIX Level          |    18.8385 |    19.0456 |    -0.2071
2026-03-31 07:12:22 | INFO     | ----------------------------------------------------------------------
