2026-04-03 19:45:16 | INFO     | Log file  : /Users/jeerapongwongchote/Documents/thetadata/zenith/logs/zenith_20260403_194516.log
2026-04-03 19:45:18 | WARNING  | No SPX volume data — dRelVol defaulted to 1.0
2026-04-03 19:45:18 | INFO     | Built daily indicators: 1066 bars
2026-04-03 19:45:20 | INFO     | --------------------------------------------------------------------------------------------------------------
2026-04-03 19:45:20 | INFO     |   MONTHLY P&L TABLE
2026-04-03 19:45:20 | INFO     | --------------------------------------------------------------------------------------------------------------
2026-04-03 19:45:20 | INFO     |   Year   |       1 |       2 |       3 |       4 |       5 |       6 |       7 |       8 |       9 |      10 |      11 |      12 |      Total
2026-04-03 19:45:20 | INFO     | --------------------------------------------------------------------------------------------------------------
2026-04-03 19:45:20 | INFO     |   2022   | $   397 | $   -72 | $   690 | $   645 |      -- |      -- | $  -152 | $ 1,242 |      -- |      -- | $   106 | $   652 | $    3,508
2026-04-03 19:45:20 | INFO     |   2023   | $   158 | $   484 | $   509 | $   984 | $   258 | $   569 | $   808 | $   795 | $   417 | $  -109 | $   349 | $   443 | $    5,664
2026-04-03 19:45:20 | INFO     |   2024   | $   609 | $   588 | $   900 | $  -145 | $   799 | $   215 | $ 1,200 | $   802 | $   822 | $ 1,967 | $   868 | $ 1,215 | $    9,840
2026-04-03 19:45:20 | INFO     |   2025   | $ 1,041 | $   943 | $ 1,203 | $  -345 | $   203 | $   710 | $   873 | $ 1,695 | $   674 | $ 1,062 | $ 1,242 | $   839 | $   10,140
2026-04-03 19:45:20 | INFO     |   2026   | $ 1,677 | $ 1,575 | $   -65 |      -- |      -- |      -- |      -- |      -- |      -- |      -- |      -- |      -- | $    3,187
2026-04-03 19:45:20 | INFO     | --------------------------------------------------------------------------------------------------------------
2026-04-03 19:45:20 | INFO     | --------------------------------------------------------------------------------------------------------------
2026-04-03 19:45:20 | INFO     |   INTRA-MONTH MAX DRAWDOWN
2026-04-03 19:45:20 | INFO     | --------------------------------------------------------------------------------------------------------------
2026-04-03 19:45:20 | INFO     |   Year   |       1 |       2 |       3 |       4 |       5 |       6 |       7 |       8 |       9 |      10 |      11 |      12 |     Ann DD
2026-04-03 19:45:20 | INFO     | --------------------------------------------------------------------------------------------------------------
2026-04-03 19:45:20 | INFO     |   2022   | $   152 | $   152 | $     0 | $   304 |      -- |      -- | $   152 | $   152 |      -- |      -- | $   152 | $   224 | $      304
2026-04-03 19:45:20 | INFO     |   2023   | $   377 | $   167 | $     0 | $     0 | $   152 | $     0 | $     0 | $   304 | $   152 | $   642 | $   152 | $     0 | $      642
2026-04-03 19:45:20 | INFO     |   2024   | $   152 | $     0 | $   152 | $   290 | $     0 | $     0 | $   152 | $   152 | $   152 | $   152 | $   152 | $   159 | $      290
2026-04-03 19:45:20 | INFO     |   2025   | $   152 | $   327 | $   152 | $   445 | $   456 | $   152 | $   152 | $   152 | $   152 | $   152 | $   304 | $   152 | $      456
2026-04-03 19:45:20 | INFO     |   2026   | $   152 | $   152 | $   152 |      -- |      -- |      -- |      -- |      -- |      -- |      -- |      -- |      -- | $      152
2026-04-03 19:45:20 | INFO     | --------------------------------------------------------------------------------------------------------------
2026-04-03 19:45:20 | INFO     | ------------------------------------------------------------------------------------------------------------------------
2026-04-03 19:45:20 | INFO     |   MONTHLY RETURN: STRATEGY vs SPY
2026-04-03 19:45:20 | INFO     | ------------------------------------------------------------------------------------------------------------------------
2026-04-03 19:45:20 | INFO     |   Year   |          1 |          2 |          3 |          4 |          5 |          6 |          7 |          8 |          9 |         10 |         11 |         12 |   Strat |     SPY |   Alpha
2026-04-03 19:45:20 | INFO     | ------------------------------------------------------------------------------------------------------------------------
2026-04-03 19:45:20 | INFO     |   2022   | +0.4/-5.3 | -0.1/-3.0 | +0.7/+3.8 | +0.6/-8.8 | +0.0/+0.2 | +0.0/-8.2 | -0.2/+9.2 | +1.2/-4.1 | +0.0/-9.2 | +0.0/+8.1 | +0.1/+5.6 | +0.7/-5.8 |   +3.5% |  -17.5% |  +21.0%
2026-04-03 19:45:20 | INFO     |   2023   | +0.2/+6.3 | +0.5/-2.5 | +0.5/+3.7 | +1.0/+1.6 | +0.3/+0.5 | +0.6/+6.5 | +0.8/+3.3 | +0.8/-1.6 | +0.4/-4.7 | -0.1/-2.2 | +0.3/+9.1 | +0.4/+4.6 |   +5.7% |  +24.5% |  -18.8%
2026-04-03 19:45:20 | INFO     |   2024   | +0.6/+1.6 | +0.6/+5.2 | +0.9/+3.3 | -0.1/-4.0 | +0.8/+5.1 | +0.2/+3.5 | +1.2/+1.2 | +0.8/+2.3 | +0.8/+2.1 | +2.0/-0.9 | +0.9/+6.0 | +1.2/-2.4 |   +9.8% |  +22.9% |  -13.1%
2026-04-03 19:45:20 | INFO     |   2025   | +1.0/+2.7 | +0.9/-1.3 | +1.2/-5.6 | -0.3/-0.9 | +0.2/+6.3 | +0.7/+5.1 | +0.9/+2.3 | +1.7/+2.1 | +0.7/+3.6 | +1.1/+2.4 | +1.2/+0.2 | +0.8/+0.1 |  +10.1% |  +17.0% |   -6.8%
2026-04-03 19:45:20 | INFO     |   2026   | +1.7/+1.5 | +1.6/-0.9 | -0.1/-4.9 | +0.0/+0.7 |         -- |         -- |         -- |         -- |         -- |         -- |         -- |         -- |   +3.2% |   -3.6% |   +6.8%
2026-04-03 19:45:20 | INFO     | ------------------------------------------------------------------------------------------------------------------------
