2026-04-02 21:22:10 | INFO     | Log file  : /Users/jeerapongwongchote/Documents/thetadata/zenith/logs/zenith_20260402_212209.log
2026-04-02 21:22:10 | INFO     | ================================================================================
2026-04-02 21:22:10 | INFO     |   RECENT RUN HISTORY
2026-04-02 21:22:10 | INFO     | --------------------------------------------------------------------------------
2026-04-02 21:22:10 | INFO     |     # | Timestamp              |  Trades |          P&L |         DD |  Sharpe |     WR
2026-04-02 21:22:10 | INFO     | --------------------------------------------------------------------------------
2026-04-02 21:22:10 | INFO     |    34 | 2026-03-31T21:01:31    |     669 | $    48,256 | -$   1,006 |   7.20 |  72.3%
2026-04-02 21:22:10 | INFO     |    35 | 2026-03-31T23:09:55    |     681 | $   107,723 | -$   1,631 |   7.53 |  63.9%
2026-04-02 21:22:10 | INFO     |    36 | 2026-04-01T00:04:08    |     539 | $   227,681 | -$   3,658 |   8.19 |  66.4%
2026-04-02 21:22:10 | INFO     |    37 | 2026-04-01T20:27:33    |     629 | $   928,023 | -$  13,909 |   7.05 |  69.2%
2026-04-02 21:22:10 | INFO     |    38 | 2026-04-02T20:48:00    |     634 | $ 1,187,776 | -$  17,410 |   7.79 |  75.9%
2026-04-02 21:22:10 | INFO     |    39 | 2026-04-02T20:58:15    |     634 | $   528,218 | -$   6,861 |   8.32 |  75.9%
2026-04-02 21:22:10 | INFO     |    40 | 2026-04-02T20:59:42    |     634 | $   528,218 | -$   6,861 |   8.32 |  75.9%
2026-04-02 21:22:10 | INFO     |    41 | 2026-04-02T21:00:50    |     634 | $   528,218 | -$   6,861 |   8.32 |  75.9%
2026-04-02 21:22:10 | INFO     |    42 | 2026-04-02T21:10:10    |     634 | $   528,218 | -$   6,861 |   8.32 |  75.9%
2026-04-02 21:22:10 | INFO     |    43 | 2026-04-02T21:16:09    |     496 | $    66,136 | -$     854 |  12.02 |  79.0%
2026-04-02 21:22:10 | INFO     | ================================================================================
2026-04-02 21:22:10 | INFO     | ============================================================
2026-04-02 21:22:10 | INFO     | ZENITH FADE CCS BACKTEST
2026-04-02 21:22:10 | INFO     | Signal Mode  : dynamic
2026-04-02 21:22:10 | INFO     | Period       : 2022-01-03 -> 2026-04-01
2026-04-02 21:22:10 | INFO     | Score Thresh : 68.0
2026-04-02 21:22:10 | INFO     | Weights      : var=1.4, vol=8.9, rocket=274.0
2026-04-02 21:22:10 | INFO     | Strike       : 30.0pt OTM, 10.0pt wide
2026-04-02 21:22:10 | INFO     | Risk         : $600.0, TP 66%, SL -100%
2026-04-02 21:22:10 | INFO     | ============================================================
2026-04-02 21:22:10 | INFO     | Building daily indicators...
2026-04-02 21:22:11 | WARNING  | No SPX volume data — dRelVol defaulted to 1.0
2026-04-02 21:22:11 | INFO     | Built daily indicators: 1065 bars
2026-04-02 21:22:11 | INFO     |   -> 1065 daily bars loaded
2026-04-02 21:22:11 | INFO     | ============================================================
2026-04-02 21:22:11 | INFO     | ZENITH FADE CCS BACKTEST
2026-04-02 21:22:11 | INFO     | Mode: dynamic
2026-04-02 21:22:11 | INFO     | Period: 2022-01-03 -> 2026-04-01
2026-04-02 21:22:11 | INFO     | Trades -> /Users/jeerapongwongchote/Documents/thetadata/zenith/logs/zenith_trades_20260402_212209.csv
2026-04-02 21:22:11 | INFO     | ============================================================
2026-04-02 21:22:11 | INFO     | Signal #   1 | 20220104 | CALL | P&L: $    146 | Total: $      146 | WR: 100.0%
2026-04-02 21:22:11 | INFO     | Signal #   2 | 20220105 | CALL | P&L: $    224 | Total: $      370 | WR: 100.0%
2026-04-02 21:22:11 | INFO     | Signal #   3 | 20220106 |  PUT | P&L: $    161 | Total: $      531 | WR: 100.0%
2026-04-02 21:22:11 | INFO     | Signal #   4 | 20220107 | CALL | P&L: $    203 | Total: $      735 | WR: 100.0%
2026-04-02 21:22:11 | INFO     | Signal #   5 | 20220111 | CALL | P&L: $   -152 | Total: $      583 | WR: 80.0%
2026-04-02 21:22:11 | DEBUG    | Skipping 20220118 — VIX 22.8 > 22.0
2026-04-02 21:22:11 | DEBUG    | Skipping 20220119 — VIX 23.9 > 22.0
2026-04-02 21:22:11 | DEBUG    | Skipping 20220120 — VIX 25.6 > 22.0
2026-04-02 21:22:11 | DEBUG    | Skipping 20220121 — VIX 28.9 > 22.0
2026-04-02 21:22:11 | DEBUG    | Skipping 20220124 — VIX 29.9 > 22.0
2026-04-02 21:22:11 | DEBUG    | Skipping 20220125 — VIX 31.2 > 22.0
2026-04-02 21:22:11 | DEBUG    | Skipping 20220126 — VIX 32.0 > 22.0
2026-04-02 21:22:11 | DEBUG    | Skipping 20220127 — VIX 30.5 > 22.0
2026-04-02 21:22:11 | DEBUG    | Skipping 20220128 — VIX 27.7 > 22.0
2026-04-02 21:22:11 | DEBUG    | Skipping 20220131 — VIX 24.8 > 22.0
2026-04-02 21:22:11 | DEBUG    | Skipping 20220202 — VIX 22.1 > 22.0
2026-04-02 21:22:11 | DEBUG    | Skipping 20220203 — VIX 24.4 > 22.0
2026-04-02 21:22:11 | DEBUG    | Skipping 20220204 — VIX 23.2 > 22.0
2026-04-02 21:22:11 | DEBUG    | Skipping 20220207 — VIX 22.9 > 22.0
2026-04-02 21:22:11 | DEBUG    | Skipping 20220210 — VIX 23.9 > 22.0
2026-04-02 21:22:11 | DEBUG    | Skipping 20220211 — VIX 27.4 > 22.0
2026-04-02 21:22:11 | DEBUG    | Skipping 20220214 — VIX 28.3 > 22.0
2026-04-02 21:22:11 | DEBUG    | Skipping 20220215 — VIX 25.7 > 22.0
2026-04-02 21:22:11 | DEBUG    | Skipping 20220216 — VIX 24.3 > 22.0
2026-04-02 21:22:11 | DEBUG    | Skipping 20220217 — VIX 28.1 > 22.0
2026-04-02 21:22:11 | DEBUG    | Skipping 20220218 — VIX 27.8 > 22.0
2026-04-02 21:22:11 | DEBUG    | Skipping 20220222 — VIX 28.8 > 22.0
2026-04-02 21:22:11 | DEBUG    | Skipping 20220223 — VIX 31.0 > 22.0
2026-04-02 21:22:11 | DEBUG    | Skipping 20220224 — VIX 30.3 > 22.0
2026-04-02 21:22:11 | DEBUG    | Skipping 20220225 — VIX 27.6 > 22.0
2026-04-02 21:22:11 | DEBUG    | Skipping 20220228 — VIX 30.1 > 22.0
2026-04-02 21:22:11 | DEBUG    | Skipping 20220301 — VIX 33.3 > 22.0
2026-04-02 21:22:11 | DEBUG    | Skipping 20220302 — VIX 30.7 > 22.0
2026-04-02 21:22:11 | DEBUG    | Skipping 20220303 — VIX 30.5 > 22.0
2026-04-02 21:22:11 | DEBUG    | Skipping 20220304 — VIX 32.0 > 22.0
2026-04-02 21:22:11 | DEBUG    | Skipping 20220307 — VIX 36.5 > 22.0
2026-04-02 21:22:11 | DEBUG    | Skipping 20220308 — VIX 35.1 > 22.0
2026-04-02 21:22:11 | DEBUG    | Skipping 20220309 — VIX 32.5 > 22.0
2026-04-02 21:22:11 | DEBUG    | Skipping 20220310 — VIX 30.2 > 22.0
2026-04-02 21:22:11 | DEBUG    | Skipping 20220311 — VIX 30.8 > 22.0
2026-04-02 21:22:11 | DEBUG    | Skipping 20220314 — VIX 31.8 > 22.0
2026-04-02 21:22:11 | DEBUG    | Skipping 20220315 — VIX 29.8 > 22.0
2026-04-02 21:22:11 | DEBUG    | Skipping 20220316 — VIX 26.7 > 22.0
2026-04-02 21:22:11 | DEBUG    | Skipping 20220317 — VIX 25.7 > 22.0
2026-04-02 21:22:11 | DEBUG    | Skipping 20220318 — VIX 23.9 > 22.0
2026-04-02 21:22:11 | DEBUG    | Skipping 20220321 — VIX 23.5 > 22.0
2026-04-02 21:22:11 | DEBUG    | Skipping 20220322 — VIX 22.9 > 22.0
2026-04-02 21:22:11 | DEBUG    | Skipping 20220323 — VIX 23.6 > 22.0
2026-04-02 21:22:11 | DEBUG    | Skipping 20220406 — VIX 22.1 > 22.0
2026-04-02 21:22:11 | DEBUG    | Skipping 20220411 — VIX 24.4 > 22.0
2026-04-02 21:22:11 | DEBUG    | Skipping 20220412 — VIX 24.3 > 22.0
2026-04-02 21:22:11 | DEBUG    | Skipping 20220414 — VIX 22.7 > 22.0
2026-04-02 21:22:11 | DEBUG    | Skipping 20220418 — VIX 22.2 > 22.0
2026-04-02 21:22:11 | DEBUG    | Skipping 20220421 — VIX 22.7 > 22.0
2026-04-02 21:22:11 | DEBUG    | Skipping 20220422 — VIX 28.2 > 22.0
2026-04-02 21:22:11 | DEBUG    | Skipping 20220425 — VIX 27.0 > 22.0
2026-04-02 21:22:11 | DEBUG    | Skipping 20220426 — VIX 33.5 > 22.0
2026-04-02 21:22:11 | DEBUG    | Skipping 20220427 — VIX 31.6 > 22.0
2026-04-02 21:22:11 | DEBUG    | Skipping 20220428 — VIX 30.0 > 22.0
2026-04-02 21:22:11 | DEBUG    | Skipping 20220429 — VIX 33.4 > 22.0
2026-04-02 21:22:11 | DEBUG    | Skipping 20220502 — VIX 32.3 > 22.0
2026-04-02 21:22:11 | DEBUG    | Skipping 20220503 — VIX 29.2 > 22.0
2026-04-02 21:22:11 | DEBUG    | Skipping 20220504 — VIX 25.4 > 22.0
2026-04-02 21:22:11 | DEBUG    | Skipping 20220505 — VIX 31.2 > 22.0
2026-04-02 21:22:11 | DEBUG    | Skipping 20220506 — VIX 30.2 > 22.0
2026-04-02 21:22:11 | DEBUG    | Skipping 20220509 — VIX 34.8 > 22.0
2026-04-02 21:22:11 | DEBUG    | Skipping 20220510 — VIX 33.0 > 22.0
2026-04-02 21:22:11 | DEBUG    | Skipping 20220511 — VIX 32.6 > 22.0
2026-04-02 21:22:11 | DEBUG    | Skipping 20220512 — VIX 31.8 > 22.0
2026-04-02 21:22:11 | DEBUG    | Skipping 20220513 — VIX 28.9 > 22.0
2026-04-02 21:22:11 | DEBUG    | Skipping 20220516 — VIX 27.5 > 22.0
2026-04-02 21:22:11 | DEBUG    | Skipping 20220517 — VIX 26.1 > 22.0
2026-04-02 21:22:11 | DEBUG    | Skipping 20220518 — VIX 31.0 > 22.0
2026-04-02 21:22:11 | DEBUG    | Skipping 20220519 — VIX 29.4 > 22.0
2026-04-02 21:22:11 | DEBUG    | Skipping 20220520 — VIX 29.4 > 22.0
2026-04-02 21:22:11 | DEBUG    | Skipping 20220523 — VIX 28.5 > 22.0
2026-04-02 21:22:11 | DEBUG    | Skipping 20220524 — VIX 29.4 > 22.0
2026-04-02 21:22:11 | DEBUG    | Skipping 20220525 — VIX 28.4 > 22.0
2026-04-02 21:22:11 | DEBUG    | Skipping 20220526 — VIX 27.5 > 22.0
2026-04-02 21:22:11 | DEBUG    | Skipping 20220527 — VIX 25.7 > 22.0
2026-04-02 21:22:11 | DEBUG    | Skipping 20220531 — VIX 26.2 > 22.0
2026-04-02 21:22:11 | DEBUG    | Skipping 20220601 — VIX 25.7 > 22.0
2026-04-02 21:22:11 | DEBUG    | Skipping 20220602 — VIX 24.7 > 22.0
2026-04-02 21:22:11 | DEBUG    | Skipping 20220603 — VIX 24.8 > 22.0
2026-04-02 21:22:11 | DEBUG    | Skipping 20220606 — VIX 25.1 > 22.0
2026-04-02 21:22:11 | DEBUG    | Skipping 20220607 — VIX 24.0 > 22.0
2026-04-02 21:22:11 | DEBUG    | Skipping 20220608 — VIX 24.0 > 22.0
2026-04-02 21:22:11 | DEBUG    | Skipping 20220609 — VIX 26.1 > 22.0
2026-04-02 21:22:11 | DEBUG    | Skipping 20220610 — VIX 27.8 > 22.0
2026-04-02 21:22:11 | DEBUG    | Skipping 20220613 — VIX 34.0 > 22.0
2026-04-02 21:22:11 | DEBUG    | Skipping 20220614 — VIX 32.7 > 22.0
2026-04-02 21:22:11 | DEBUG    | Skipping 20220615 — VIX 29.6 > 22.0
2026-04-02 21:22:11 | DEBUG    | Skipping 20220616 — VIX 33.0 > 22.0
2026-04-02 21:22:11 | DEBUG    | Skipping 20220617 — VIX 31.1 > 22.0
2026-04-02 21:22:11 | DEBUG    | Skipping 20220621 — VIX 30.2 > 22.0
2026-04-02 21:22:11 | DEBUG    | Skipping 20220622 — VIX 28.9 > 22.0
2026-04-02 21:22:11 | DEBUG    | Skipping 20220623 — VIX 29.1 > 22.0
2026-04-02 21:22:11 | DEBUG    | Skipping 20220624 — VIX 27.2 > 22.0
2026-04-02 21:22:11 | DEBUG    | Skipping 20220627 — VIX 26.9 > 22.0
2026-04-02 21:22:11 | DEBUG    | Skipping 20220628 — VIX 28.4 > 22.0
2026-04-02 21:22:11 | DEBUG    | Skipping 20220629 — VIX 28.2 > 22.0
2026-04-02 21:22:11 | DEBUG    | Skipping 20220630 — VIX 28.7 > 22.0
2026-04-02 21:22:11 | DEBUG    | Skipping 20220701 — VIX 26.7 > 22.0
2026-04-02 21:22:11 | DEBUG    | Skipping 20220705 — VIX 27.5 > 22.0
2026-04-02 21:22:11 | DEBUG    | Skipping 20220706 — VIX 26.7 > 22.0
2026-04-02 21:22:11 | DEBUG    | Skipping 20220707 — VIX 26.1 > 22.0
2026-04-02 21:22:11 | DEBUG    | Skipping 20220708 — VIX 24.6 > 22.0
2026-04-02 21:22:11 | DEBUG    | Skipping 20220711 — VIX 26.2 > 22.0
2026-04-02 21:22:11 | DEBUG    | Skipping 20220712 — VIX 27.3 > 22.0
2026-04-02 21:22:11 | DEBUG    | Skipping 20220713 — VIX 26.8 > 22.0
2026-04-02 21:22:11 | DEBUG    | Skipping 20220714 — VIX 26.4 > 22.0
2026-04-02 21:22:11 | DEBUG    | Skipping 20220715 — VIX 24.2 > 22.0
2026-04-02 21:22:11 | DEBUG    | Skipping 20220718 — VIX 25.3 > 22.0
2026-04-02 21:22:11 | DEBUG    | Skipping 20220719 — VIX 24.5 > 22.0
2026-04-02 21:22:11 | DEBUG    | Skipping 20220720 — VIX 23.9 > 22.0
2026-04-02 21:22:11 | DEBUG    | Skipping 20220721 — VIX 23.1 > 22.0
2026-04-02 21:22:11 | DEBUG    | Skipping 20220722 — VIX 23.0 > 22.0
2026-04-02 21:22:11 | DEBUG    | Skipping 20220725 — VIX 23.4 > 22.0
2026-04-02 21:22:11 | DEBUG    | Skipping 20220726 — VIX 24.7 > 22.0
2026-04-02 21:22:11 | DEBUG    | Skipping 20220727 — VIX 23.2 > 22.0
2026-04-02 21:22:11 | DEBUG    | Skipping 20220728 — VIX 22.3 > 22.0
2026-04-02 21:22:11 | DEBUG    | Skipping 20220801 — VIX 22.8 > 22.0
2026-04-02 21:22:11 | DEBUG    | Skipping 20220802 — VIX 23.9 > 22.0
2026-04-02 21:22:11 | DEBUG    | Skipping 20220822 — VIX 23.8 > 22.0
2026-04-02 21:22:11 | DEBUG    | Skipping 20220823 — VIX 24.1 > 22.0
2026-04-02 21:22:11 | DEBUG    | Skipping 20220824 — VIX 22.8 > 22.0
2026-04-02 21:22:12 | DEBUG    | Skipping 20220826 — VIX 25.6 > 22.0
2026-04-02 21:22:12 | DEBUG    | Skipping 20220829 — VIX 26.2 > 22.0
2026-04-02 21:22:12 | DEBUG    | Skipping 20220830 — VIX 26.2 > 22.0
2026-04-02 21:22:12 | DEBUG    | Skipping 20220831 — VIX 25.9 > 22.0
2026-04-02 21:22:12 | DEBUG    | Skipping 20220901 — VIX 25.6 > 22.0
2026-04-02 21:22:12 | DEBUG    | Skipping 20220902 — VIX 25.5 > 22.0
2026-04-02 21:22:12 | DEBUG    | Skipping 20220906 — VIX 26.9 > 22.0
2026-04-02 21:22:12 | DEBUG    | Skipping 20220907 — VIX 24.6 > 22.0
2026-04-02 21:22:12 | DEBUG    | Skipping 20220908 — VIX 23.6 > 22.0
2026-04-02 21:22:12 | DEBUG    | Skipping 20220909 — VIX 22.8 > 22.0
2026-04-02 21:22:12 | DEBUG    | Skipping 20220912 — VIX 23.9 > 22.0
2026-04-02 21:22:12 | DEBUG    | Skipping 20220913 — VIX 27.3 > 22.0
2026-04-02 21:22:12 | DEBUG    | Skipping 20220914 — VIX 26.2 > 22.0
2026-04-02 21:22:12 | DEBUG    | Skipping 20220915 — VIX 26.3 > 22.0
2026-04-02 21:22:12 | DEBUG    | Skipping 20220916 — VIX 26.3 > 22.0
2026-04-02 21:22:12 | DEBUG    | Skipping 20220919 — VIX 25.8 > 22.0
2026-04-02 21:22:12 | DEBUG    | Skipping 20220920 — VIX 27.2 > 22.0
2026-04-02 21:22:12 | DEBUG    | Skipping 20220921 — VIX 28.0 > 22.0
2026-04-02 21:22:12 | DEBUG    | Skipping 20220922 — VIX 27.4 > 22.0
2026-04-02 21:22:12 | DEBUG    | Skipping 20220923 — VIX 29.9 > 22.0
2026-04-02 21:22:12 | DEBUG    | Skipping 20220926 — VIX 32.3 > 22.0
2026-04-02 21:22:12 | DEBUG    | Skipping 20220927 — VIX 32.6 > 22.0
2026-04-02 21:22:12 | DEBUG    | Skipping 20220928 — VIX 30.2 > 22.0
2026-04-02 21:22:12 | DEBUG    | Skipping 20220929 — VIX 31.8 > 22.0
2026-04-02 21:22:12 | DEBUG    | Skipping 20220930 — VIX 31.6 > 22.0
2026-04-02 21:22:12 | DEBUG    | Skipping 20221003 — VIX 30.1 > 22.0
2026-04-02 21:22:12 | DEBUG    | Skipping 20221004 — VIX 29.1 > 22.0
2026-04-02 21:22:12 | DEBUG    | Skipping 20221005 — VIX 28.6 > 22.0
2026-04-02 21:22:12 | DEBUG    | Skipping 20221006 — VIX 30.5 > 22.0
2026-04-02 21:22:12 | DEBUG    | Skipping 20221007 — VIX 31.4 > 22.0
2026-04-02 21:22:12 | DEBUG    | Skipping 20221010 — VIX 32.5 > 22.0
2026-04-02 21:22:12 | DEBUG    | Skipping 20221011 — VIX 33.6 > 22.0
2026-04-02 21:22:12 | DEBUG    | Skipping 20221012 — VIX 33.6 > 22.0
2026-04-02 21:22:12 | DEBUG    | Skipping 20221013 — VIX 31.9 > 22.0
2026-04-02 21:22:12 | DEBUG    | Skipping 20221014 — VIX 32.0 > 22.0
2026-04-02 21:22:12 | DEBUG    | Skipping 20221017 — VIX 31.4 > 22.0
2026-04-02 21:22:12 | DEBUG    | Skipping 20221018 — VIX 30.5 > 22.0
2026-04-02 21:22:12 | DEBUG    | Skipping 20221019 — VIX 30.8 > 22.0
2026-04-02 21:22:12 | DEBUG    | Skipping 20221020 — VIX 30.0 > 22.0
2026-04-02 21:22:12 | DEBUG    | Skipping 20221021 — VIX 29.7 > 22.0
2026-04-02 21:22:12 | DEBUG    | Skipping 20221024 — VIX 29.9 > 22.0
2026-04-02 21:22:12 | DEBUG    | Skipping 20221025 — VIX 28.5 > 22.0
2026-04-02 21:22:12 | DEBUG    | Skipping 20221026 — VIX 27.3 > 22.0
2026-04-02 21:22:12 | DEBUG    | Skipping 20221027 — VIX 27.4 > 22.0
2026-04-02 21:22:12 | DEBUG    | Skipping 20221028 — VIX 25.8 > 22.0
2026-04-02 21:22:12 | DEBUG    | Skipping 20221031 — VIX 25.9 > 22.0
2026-04-02 21:22:12 | DEBUG    | Skipping 20221101 — VIX 25.8 > 22.0
2026-04-02 21:22:12 | DEBUG    | Skipping 20221102 — VIX 25.9 > 22.0
2026-04-02 21:22:12 | DEBUG    | Skipping 20221103 — VIX 25.3 > 22.0
2026-04-02 21:22:12 | DEBUG    | Skipping 20221104 — VIX 24.6 > 22.0
2026-04-02 21:22:12 | DEBUG    | Skipping 20221107 — VIX 24.4 > 22.0
2026-04-02 21:22:12 | DEBUG    | Skipping 20221108 — VIX 25.5 > 22.0
2026-04-02 21:22:12 | DEBUG    | Skipping 20221109 — VIX 26.1 > 22.0
2026-04-02 21:22:12 | DEBUG    | Skipping 20221110 — VIX 23.5 > 22.0
2026-04-02 21:22:12 | DEBUG    | Skipping 20221111 — VIX 22.5 > 22.0
2026-04-02 21:22:12 | DEBUG    | Skipping 20221114 — VIX 23.7 > 22.0
2026-04-02 21:22:12 | DEBUG    | Skipping 20221115 — VIX 24.5 > 22.0
2026-04-02 21:22:12 | DEBUG    | Skipping 20221116 — VIX 24.1 > 22.0
2026-04-02 21:22:12 | DEBUG    | Skipping 20221117 — VIX 23.9 > 22.0
2026-04-02 21:22:12 | DEBUG    | Skipping 20221118 — VIX 23.1 > 22.0
2026-04-02 21:22:12 | DEBUG    | Skipping 20221121 — VIX 22.4 > 22.0
2026-04-02 21:22:12 | DEBUG    | Skipping 20221128 — VIX 22.2 > 22.0
2026-04-02 21:22:12 | DEBUG    | Skipping 20221206 — VIX 22.2 > 22.0
2026-04-02 21:22:12 | DEBUG    | Skipping 20221207 — VIX 22.7 > 22.0
2026-04-02 21:22:12 | DEBUG    | Skipping 20221208 — VIX 22.3 > 22.0
2026-04-02 21:22:12 | DEBUG    | Skipping 20221209 — VIX 22.8 > 22.0
2026-04-02 21:22:12 | DEBUG    | Skipping 20221212 — VIX 25.0 > 22.0
2026-04-02 21:22:12 | DEBUG    | Skipping 20221213 — VIX 22.6 > 22.0
2026-04-02 21:22:12 | DEBUG    | Skipping 20221215 — VIX 22.8 > 22.0
2026-04-02 21:22:12 | DEBUG    | Skipping 20221216 — VIX 22.6 > 22.0
2026-04-02 21:22:12 | DEBUG    | Skipping 20221219 — VIX 22.4 > 22.0
2026-04-02 21:22:12 | DEBUG    | Skipping 20221228 — VIX 22.1 > 22.0
2026-04-02 21:22:12 | DEBUG    | Skipping 20230103 — VIX 22.9 > 22.0
2026-04-02 21:22:12 | DEBUG    | Skipping 20230104 — VIX 22.0 > 22.0
2026-04-02 21:22:12 | DEBUG    | Skipping 20230105 — VIX 22.5 > 22.0
2026-04-02 21:22:12 | INFO     | Signal #  50 | 20230111 | CALL | P&L: $   -152 | Total: $    7,454 | WR: 82.0%
2026-04-02 21:22:12 | DEBUG    | Skipping 20230221 — VIX 22.9 > 22.0
2026-04-02 21:22:12 | DEBUG    | Skipping 20230222 — VIX 22.3 > 22.0
2026-04-02 21:22:12 | DEBUG    | Skipping 20230309 — VIX 22.6 > 22.0
2026-04-02 21:22:12 | DEBUG    | Skipping 20230310 — VIX 24.8 > 22.0
2026-04-02 21:22:12 | DEBUG    | Skipping 20230313 — VIX 26.5 > 22.0
2026-04-02 21:22:12 | DEBUG    | Skipping 20230314 — VIX 23.7 > 22.0
2026-04-02 21:22:12 | DEBUG    | Skipping 20230315 — VIX 26.1 > 22.0
2026-04-02 21:22:12 | DEBUG    | Skipping 20230316 — VIX 23.0 > 22.0
2026-04-02 21:22:12 | DEBUG    | Skipping 20230317 — VIX 25.5 > 22.0
2026-04-02 21:22:12 | DEBUG    | Skipping 20230320 — VIX 24.1 > 22.0
2026-04-02 21:22:12 | DEBUG    | Skipping 20230322 — VIX 22.3 > 22.0
2026-04-02 21:22:12 | DEBUG    | Skipping 20230323 — VIX 22.6 > 22.0
2026-04-02 21:22:12 | INFO     | Signal # 100 | 20230801 | CALL | P&L: $    211 | Total: $   12,024 | WR: 81.0%
2026-04-02 21:22:12 | INFO     | Signal # 150 | 20231222 | CALL | P&L: $    104 | Total: $   15,107 | WR: 78.4%
2026-04-02 21:22:12 | INFO     | Signal # 200 | 20240710 |  PUT | P&L: $    257 | Total: $   21,781 | WR: 81.4%
2026-04-02 21:22:12 | DEBUG    | Skipping 20240802 — VIX 23.4 > 22.0
2026-04-02 21:22:12 | DEBUG    | Skipping 20240805 — VIX 38.6 > 22.0
2026-04-02 21:22:12 | DEBUG    | Skipping 20240806 — VIX 27.7 > 22.0
2026-04-02 21:22:12 | DEBUG    | Skipping 20240807 — VIX 27.9 > 22.0
2026-04-02 21:22:12 | DEBUG    | Skipping 20240808 — VIX 23.8 > 22.0
2026-04-02 21:22:12 | DEBUG    | Skipping 20240906 — VIX 22.4 > 22.0
2026-04-02 21:22:12 | DEBUG    | Skipping 20241007 — VIX 22.6 > 22.0
2026-04-02 21:22:12 | INFO     | Signal # 250 | 20241030 | CALL | P&L: $    262 | Total: $   31,545 | WR: 82.4%
2026-04-02 21:22:12 | DEBUG    | Skipping 20241031 — VIX 23.2 > 22.0
2026-04-02 21:22:12 | DEBUG    | Skipping 20241218 — VIX 27.6 > 22.0
2026-04-02 21:22:12 | DEBUG    | Skipping 20241219 — VIX 24.1 > 22.0
2026-04-02 21:22:12 | INFO     | Signal # 300 | 20250212 | CALL | P&L: $    394 | Total: $   40,586 | WR: 82.5%
2026-04-02 21:22:12 | DEBUG    | Skipping 20250303 — VIX 22.8 > 22.0
2026-04-02 21:22:12 | DEBUG    | Skipping 20250304 — VIX 23.5 > 22.0
2026-04-02 21:22:12 | DEBUG    | Skipping 20250306 — VIX 24.9 > 22.0
2026-04-02 21:22:12 | DEBUG    | Skipping 20250307 — VIX 23.4 > 22.0
2026-04-02 21:22:12 | DEBUG    | Skipping 20250310 — VIX 27.9 > 22.0
2026-04-02 21:22:12 | DEBUG    | Skipping 20250311 — VIX 26.9 > 22.0
2026-04-02 21:22:12 | DEBUG    | Skipping 20250312 — VIX 24.2 > 22.0
2026-04-02 21:22:12 | DEBUG    | Skipping 20250313 — VIX 24.7 > 22.0
2026-04-02 21:22:12 | DEBUG    | Skipping 20250331 — VIX 22.3 > 22.0
2026-04-02 21:22:12 | DEBUG    | Skipping 20250403 — VIX 30.0 > 22.0
2026-04-02 21:22:12 | DEBUG    | Skipping 20250404 — VIX 45.3 > 22.0
2026-04-02 21:22:12 | DEBUG    | Skipping 20250407 — VIX 47.0 > 22.0
2026-04-02 21:22:12 | DEBUG    | Skipping 20250408 — VIX 52.3 > 22.0
2026-04-02 21:22:12 | DEBUG    | Skipping 20250409 — VIX 33.6 > 22.0
2026-04-02 21:22:12 | DEBUG    | Skipping 20250410 — VIX 40.7 > 22.0
2026-04-02 21:22:12 | DEBUG    | Skipping 20250411 — VIX 37.6 > 22.0
2026-04-02 21:22:12 | DEBUG    | Skipping 20250414 — VIX 30.9 > 22.0
2026-04-02 21:22:12 | DEBUG    | Skipping 20250415 — VIX 30.1 > 22.0
2026-04-02 21:22:12 | DEBUG    | Skipping 20250416 — VIX 32.6 > 22.0
2026-04-02 21:22:12 | DEBUG    | Skipping 20250417 — VIX 29.6 > 22.0
2026-04-02 21:22:12 | DEBUG    | Skipping 20250421 — VIX 33.8 > 22.0
2026-04-02 21:22:12 | DEBUG    | Skipping 20250422 — VIX 30.6 > 22.0
2026-04-02 21:22:12 | DEBUG    | Skipping 20250423 — VIX 28.4 > 22.0
2026-04-02 21:22:12 | DEBUG    | Skipping 20250424 — VIX 26.5 > 22.0
2026-04-02 21:22:12 | DEBUG    | Skipping 20250425 — VIX 24.8 > 22.0
2026-04-02 21:22:12 | DEBUG    | Skipping 20250428 — VIX 25.1 > 22.0
2026-04-02 21:22:12 | DEBUG    | Skipping 20250429 — VIX 24.2 > 22.0
2026-04-02 21:22:12 | DEBUG    | Skipping 20250430 — VIX 24.7 > 22.0
2026-04-02 21:22:12 | DEBUG    | Skipping 20250501 — VIX 24.6 > 22.0
2026-04-02 21:22:12 | DEBUG    | Skipping 20250502 — VIX 22.7 > 22.0
2026-04-02 21:22:12 | DEBUG    | Skipping 20250505 — VIX 23.6 > 22.0
2026-04-02 21:22:12 | DEBUG    | Skipping 20250506 — VIX 24.8 > 22.0
2026-04-02 21:22:12 | DEBUG    | Skipping 20250507 — VIX 23.6 > 22.0
2026-04-02 21:22:12 | DEBUG    | Skipping 20250508 — VIX 22.5 > 22.0
2026-04-02 21:22:12 | DEBUG    | Skipping 20250523 — VIX 22.3 > 22.0
2026-04-02 21:22:12 | INFO     | Signal # 350 | 20250714 | CALL | P&L: $    252 | Total: $   47,432 | WR: 80.2%
2026-04-02 21:22:13 | INFO     | Signal # 400 | 20251014 | CALL | P&L: $   -152 | Total: $   55,529 | WR: 80.6%
2026-04-02 21:22:13 | DEBUG    | Skipping 20251016 — VIX 25.3 > 22.0
2026-04-02 21:22:13 | DEBUG    | Skipping 20251117 — VIX 22.4 > 22.0
2026-04-02 21:22:13 | DEBUG    | Skipping 20251118 — VIX 24.7 > 22.0
2026-04-02 21:22:13 | DEBUG    | Skipping 20251119 — VIX 23.7 > 22.0
2026-04-02 21:22:13 | DEBUG    | Skipping 20251120 — VIX 26.4 > 22.0
2026-04-02 21:22:13 | DEBUG    | Skipping 20251121 — VIX 23.4 > 22.0
2026-04-02 21:22:13 | INFO     | Signal # 450 | 20260121 |  PUT | P&L: $    392 | Total: $   62,323 | WR: 79.4%
2026-04-02 21:22:13 | DEBUG    | Skipping 20260303 — VIX 23.6 > 22.0
2026-04-02 21:22:13 | DEBUG    | Skipping 20260305 — VIX 23.8 > 22.0
2026-04-02 21:22:13 | DEBUG    | Skipping 20260306 — VIX 29.5 > 22.0
2026-04-02 21:22:13 | DEBUG    | Skipping 20260309 — VIX 25.5 > 22.0
2026-04-02 21:22:13 | DEBUG    | Skipping 20260310 — VIX 24.9 > 22.0
2026-04-02 21:22:13 | DEBUG    | Skipping 20260311 — VIX 24.2 > 22.0
2026-04-02 21:22:13 | DEBUG    | Skipping 20260312 — VIX 27.3 > 22.0
2026-04-02 21:22:13 | DEBUG    | Skipping 20260313 — VIX 27.2 > 22.0
2026-04-02 21:22:13 | DEBUG    | Skipping 20260316 — VIX 23.5 > 22.0
2026-04-02 21:22:13 | DEBUG    | Skipping 20260317 — VIX 22.4 > 22.0
2026-04-02 21:22:13 | DEBUG    | Skipping 20260318 — VIX 25.1 > 22.0
2026-04-02 21:22:13 | DEBUG    | Skipping 20260319 — VIX 24.1 > 22.0
2026-04-02 21:22:13 | DEBUG    | Skipping 20260320 — VIX 26.8 > 22.0
2026-04-02 21:22:13 | DEBUG    | Skipping 20260323 — VIX 26.1 > 22.0
2026-04-02 21:22:13 | DEBUG    | Skipping 20260324 — VIX 26.9 > 22.0
2026-04-02 21:22:13 | DEBUG    | Skipping 20260325 — VIX 25.3 > 22.0
2026-04-02 21:22:13 | DEBUG    | Skipping 20260326 — VIX 27.4 > 22.0
2026-04-02 21:22:13 | DEBUG    | Skipping 20260327 — VIX 31.1 > 22.0
2026-04-02 21:22:13 | DEBUG    | Skipping 20260330 — VIX 30.6 > 22.0
2026-04-02 21:22:13 | DEBUG    | Skipping 20260331 — VIX 25.2 > 22.0
2026-04-02 21:22:13 | DEBUG    | Skipping 20260401 — VIX 24.5 > 22.0
2026-04-02 21:22:13 | INFO     | DONE — 496 trades, 1065 trading days, 592 skipped
2026-04-02 21:22:13 | INFO     | Trade log snapshot -> /Users/jeerapongwongchote/Documents/thetadata/zenith/tradelogs_zenith.csv
2026-04-02 21:22:13 | INFO     | ============================================================
2026-04-02 21:22:13 | INFO     |   ZENITH FADE CCS — BACKTEST RESULTS
2026-04-02 21:22:13 | INFO     | ============================================================
2026-04-02 21:22:13 | INFO     |   Period          : 20220103 -> 20260304
2026-04-02 21:22:13 | INFO     |   Business days   : 1067
2026-04-02 21:22:13 | INFO     |   Days traded     : 472
2026-04-02 21:22:13 | INFO     |   Total trades    : 496  (wins: 392  losses: 104)
2026-04-02 21:22:13 | INFO     |   Avg trades/day  :    1.1
2026-04-02 21:22:13 | INFO     | ------------------------------------------------------------
2026-04-02 21:22:13 | INFO     |   Total P&L       : $   66,135.93  (net of commission)
2026-04-02 21:22:13 | INFO     |   CAGR            :  13.0%  (acct=$100,000)
2026-04-02 21:22:13 | INFO     |   Avg profit/trade: $  210.12
2026-04-02 21:22:13 | INFO     |   Avg loss/trade  : $ -156.05
2026-04-02 21:22:13 | INFO     |   Expectancy/trade: $  133.34
2026-04-02 21:22:13 | INFO     |   Profit factor   :    5.08x
2026-04-02 21:22:13 | INFO     | ------------------------------------------------------------
2026-04-02 21:22:13 | INFO     |   Max drawdown    : $  854.07  (0.6%)
2026-04-02 21:22:13 | INFO     |   Calmar ratio    :     21.96  (CAGR / max DD%)
2026-04-02 21:22:13 | INFO     |   Recovery factor :     77.44  (net P&L / max DD)
2026-04-02 21:22:13 | INFO     |   Time underwater :   30.2%
2026-04-02 21:22:13 | INFO     | ------------------------------------------------------------
2026-04-02 21:22:13 | INFO     |   Win rate        :   79.0%
2026-04-02 21:22:13 | INFO     |   Sharpe ratio    :     12.02  (rf=4.5%)
2026-04-02 21:22:13 | INFO     |   Sortino ratio   :     44.59
2026-04-02 21:22:13 | INFO     |   Ann. volatility : $2,792.25
2026-04-02 21:22:13 | INFO     | ------------------------------------------------------------
2026-04-02 21:22:13 | INFO     |   Best day        : $  394.00
2026-04-02 21:22:13 | INFO     |   Worst day       : $ -754.00
2026-04-02 21:22:13 | INFO     |   Best trade      : $  394.00
2026-04-02 21:22:13 | INFO     |   Worst trade     : $ -602.00
2026-04-02 21:22:13 | INFO     |   Max win streak  : 23
2026-04-02 21:22:13 | INFO     | ------------------------------------------------------------
2026-04-02 21:22:13 | INFO     |   Score threshold : 68.0
2026-04-02 21:22:13 | INFO     |   Strike offset   : 30.0pt
2026-04-02 21:22:13 | INFO     |   Spread width    : 10.0pt
2026-04-02 21:22:13 | INFO     |   Credit model    : real
2026-04-02 21:22:13 | INFO     |   Bidirectional   : True (put score <= 40.0)
2026-04-02 21:22:13 | INFO     |   Intraday SL     : -0.25
2026-04-02 21:22:13 | INFO     |   Credit floor    : $0.75
2026-04-02 21:22:13 | INFO     |   VIX max filter  : 22.0
2026-04-02 21:22:13 | INFO     |   Term structure  : skip backwardation (ratio > 1.0)
2026-04-02 21:22:13 | INFO     |   Commission      : $0.5/leg
2026-04-02 21:22:13 | INFO     | ============================================================
2026-04-02 21:22:13 | INFO     | Results written to /Users/jeerapongwongchote/Documents/thetadata/zenith/RESULTS.md (keeping last 3 runs)
2026-04-02 21:22:13 | INFO     | Run summary appended to /Users/jeerapongwongchote/Documents/thetadata/zenith/logs/run_history.json
2026-04-02 21:22:13 | INFO     | --------------------------------------------------------------
2026-04-02 21:22:13 | INFO     |   VIX CORRELATION ANALYSIS
2026-04-02 21:22:13 | INFO     | --------------------------------------------------------------
2026-04-02 21:22:13 | INFO     |   VIX Range  |  Trades |  Win Rate |    Avg P&L |    Total P&L
2026-04-02 21:22:13 | INFO     | --------------------------------------------------------------
2026-04-02 21:22:13 | INFO     |   < 15       |     129 |     89.9% | $   147.25 | $  18,995.20
2026-04-02 21:22:13 | INFO     |   15-20      |     282 |     77.3% | $   136.42 | $  38,469.97
2026-04-02 21:22:13 | INFO     |   20-25      |      85 |     68.2% | $   102.01 | $   8,670.76
2026-04-02 21:22:13 | INFO     | --------------------------------------------------------------
2026-04-02 21:22:13 | INFO     | -----------------------------------------------------------------------------------------------
2026-04-02 21:22:13 | INFO     |   PUT vs CALL SPREAD PERFORMANCE SPLIT
2026-04-02 21:22:13 | INFO     | -----------------------------------------------------------------------------------------------
2026-04-02 21:22:13 | INFO     |   Type     |  Trades |  Win Rate |    Avg P&L |    Total P&L |   Avg Win |  Avg Loss |  Prof Fac
2026-04-02 21:22:13 | INFO     | -----------------------------------------------------------------------------------------------
2026-04-02 21:22:13 | INFO     |   CALL     |     341 |     78.3% | $   124.75 | $  42,540.86 | $  200.94 | $ -150.14 |     4.83x
2026-04-02 21:22:13 | INFO     |   PUT      |     131 |     78.6% | $   147.70 | $  19,348.22 | $  229.17 | $ -152.00 |     5.55x
2026-04-02 21:22:13 | INFO     | -----------------------------------------------------------------------------------------------
2026-04-02 21:22:13 | INFO     | --------------------------------------------------------------------------------------------------------------
2026-04-02 21:22:13 | INFO     |   MONTHLY P&L TABLE
2026-04-02 21:22:13 | INFO     | --------------------------------------------------------------------------------------------------------------
2026-04-02 21:22:13 | INFO     |   Year   |       1 |       2 |       3 |       4 |       5 |       6 |       7 |       8 |       9 |      10 |      11 |      12 |      Total
2026-04-02 21:22:13 | INFO     | --------------------------------------------------------------------------------------------------------------
2026-04-02 21:22:13 | INFO     |   2022   | $   973 | $    91 | $ 1,295 | $   892 |      -- |      -- | $  -152 | $ 3,123 |      -- |      -- | $   331 | $   891 | $    7,444
2026-04-02 21:22:13 | INFO     |   2023   | $   764 | $   493 | $   510 | $ 1,061 | $   156 | $   419 | $   966 | $ 1,578 | $   472 | $     7 | $   512 | $ 1,162 | $    8,100
2026-04-02 21:22:13 | INFO     |   2024   | $   837 | $   743 | $ 1,151 | $   262 | $ 1,026 | $ 1,387 | $ 2,093 | $ 1,976 | $ 2,271 | $ 4,254 | $ 2,271 | $ 4,193 | $   22,465
2026-04-02 21:22:13 | INFO     |   2025   | $ 1,330 | $ 2,714 | $ 1,145 | $   -54 | $ 1,510 | $ 1,003 | $ 3,273 | $ 3,832 | $ 1,919 | $ 1,904 | $ 1,761 | $ 2,157 | $   22,496
2026-04-02 21:22:13 | INFO     |   2026   | $ 2,781 | $ 3,002 | $  -152 |      -- |      -- |      -- |      -- |      -- |      -- |      -- |      -- |      -- | $    5,631
2026-04-02 21:22:13 | INFO     | --------------------------------------------------------------------------------------------------------------
2026-04-02 21:22:13 | INFO     | --------------------------------------------------------------------------------------------------------------
2026-04-02 21:22:13 | INFO     |   INTRA-MONTH MAX DRAWDOWN
2026-04-02 21:22:13 | INFO     | --------------------------------------------------------------------------------------------------------------
2026-04-02 21:22:13 | INFO     |   Year   |       1 |       2 |       3 |       4 |       5 |       6 |       7 |       8 |       9 |      10 |      11 |      12 |     Ann DD
2026-04-02 21:22:13 | INFO     | --------------------------------------------------------------------------------------------------------------
2026-04-02 21:22:13 | INFO     |   2022   | $   152 | $   152 | $     0 | $   152 |      -- |      -- | $   152 | $     0 |      -- |      -- | $   152 | $   152 | $      152
2026-04-02 21:22:13 | INFO     |   2023   | $   254 | $   189 | $   152 | $   152 | $   152 | $   152 | $   152 | $   152 | $   152 | $   823 | $   152 | $   152 | $      823
2026-04-02 21:22:13 | INFO     |   2024   | $     0 | $     0 | $   304 | $   152 | $     0 | $     0 | $   152 | $   152 | $   152 | $   304 | $   304 | $   152 | $      304
2026-04-02 21:22:13 | INFO     |   2025   | $   167 | $   152 | $   152 | $   152 | $   152 | $   854 | $   152 | $   152 | $   152 | $   304 | $   456 | $   152 | $      854
2026-04-02 21:22:13 | INFO     |   2026   | $   304 | $   152 | $   152 |      -- |      -- |      -- |      -- |      -- |      -- |      -- |      -- |      -- | $      304
2026-04-02 21:22:13 | INFO     | --------------------------------------------------------------------------------------------------------------
2026-04-02 21:22:13 | INFO     | ------------------------------------------------------------------------------------------------------------------------
2026-04-02 21:22:13 | INFO     |   MONTHLY RETURN: STRATEGY vs SPY
2026-04-02 21:22:13 | INFO     | ------------------------------------------------------------------------------------------------------------------------
2026-04-02 21:22:13 | INFO     |   Year   |          1 |          2 |          3 |          4 |          5 |          6 |          7 |          8 |          9 |         10 |         11 |         12 |   Strat |     SPY |   Alpha
2026-04-02 21:22:13 | INFO     | ------------------------------------------------------------------------------------------------------------------------
2026-04-02 21:22:13 | INFO     |   2022   | +1.0/-5.3 | +0.1/-3.0 | +1.3/+3.8 | +0.9/-8.8 | +0.0/+0.2 | +0.0/-8.2 | -0.2/+9.2 | +3.1/-4.1 | +0.0/-9.2 | +0.0/+8.1 | +0.3/+5.6 | +0.9/-5.8 |   +7.4% |  -17.5% |  +24.9%
2026-04-02 21:22:13 | INFO     |   2023   | +0.8/+6.3 | +0.5/-2.5 | +0.5/+3.7 | +1.1/+1.6 | +0.2/+0.5 | +0.4/+6.5 | +1.0/+3.3 | +1.6/-1.6 | +0.5/-4.7 | +0.0/-2.2 | +0.5/+9.1 | +1.2/+4.6 |   +8.1% |  +24.5% |  -16.4%
2026-04-02 21:22:13 | INFO     |   2024   | +0.8/+1.6 | +0.7/+5.2 | +1.2/+3.3 | +0.3/-4.0 | +1.0/+5.1 | +1.4/+3.5 | +2.1/+1.2 | +2.0/+2.3 | +2.3/+2.1 | +4.3/-0.9 | +2.3/+6.0 | +4.2/-2.4 |  +22.5% |  +22.9% |   -0.5%
2026-04-02 21:22:13 | INFO     |   2025   | +1.3/+2.7 | +2.7/-1.3 | +1.1/-5.6 | -0.1/-0.9 | +1.5/+6.3 | +1.0/+5.1 | +3.3/+2.3 | +3.8/+2.1 | +1.9/+3.6 | +1.9/+2.4 | +1.8/+0.2 | +2.2/+0.1 |  +22.5% |  +17.0% |   +5.5%
2026-04-02 21:22:13 | INFO     |   2026   | +2.8/+1.5 | +3.0/-0.9 | -0.2/-4.9 | +0.0/+0.7 |         -- |         -- |         -- |         -- |         -- |         -- |         -- |         -- |   +5.6% |   -3.6% |   +9.2%
2026-04-02 21:22:13 | INFO     | ------------------------------------------------------------------------------------------------------------------------
2026-04-02 21:22:13 | INFO     | ----------------------------------------------------------------------
2026-04-02 21:22:13 | INFO     |   LARGEST LOSS DAYS (worst 30)
2026-04-02 21:22:13 | INFO     | ----------------------------------------------------------------------
2026-04-02 21:22:13 | INFO     |   Date         |    VIX |  Trades |      Day P&L |      Event
2026-04-02 21:22:13 | INFO     | ----------------------------------------------------------------------
2026-04-02 21:22:13 | INFO     |   20250605     |   17.6 |       2 | $    -754.00 |           
2026-04-02 21:22:13 | INFO     |   20231020     |   21.4 |       2 | $    -413.23 |           
2026-04-02 21:22:13 | INFO     |   20220111     |   19.4 |       1 | $    -152.00 |           
2026-04-02 21:22:13 | INFO     |   20220209     |   21.4 |       1 | $    -152.00 |           
2026-04-02 21:22:13 | INFO     |   20220407     |   22.1 |       1 | $    -152.00 |           
2026-04-02 21:22:13 | INFO     |   20220419     |   22.2 |       1 | $    -152.00 |           
2026-04-02 21:22:13 | INFO     |   20220729     |   22.3 |       1 | $    -152.00 |           
2026-04-02 21:22:13 | INFO     |   20221122     |   22.4 |       1 | $    -152.00 |           
2026-04-02 21:22:13 | INFO     |   20221221     |   21.5 |       1 | $    -152.00 |           
2026-04-02 21:22:13 | INFO     |   20230111     |   20.6 |       1 | $    -152.00 |           
2026-04-02 21:22:13 | INFO     |   20230118     |   19.4 |       1 | $    -152.00 |           
2026-04-02 21:22:13 | INFO     |   20230209     |   19.6 |       1 | $    -152.00 |           
2026-04-02 21:22:13 | INFO     |   20230213     |   20.5 |       1 | $    -152.00 |           
2026-04-02 21:22:13 | INFO     |   20230303     |   19.6 |       1 | $    -152.00 |           
2026-04-02 21:22:13 | INFO     |   20230331     |   19.0 |       1 | $    -152.00 |           
2026-04-02 21:22:13 | INFO     |   20230426     |   18.8 |       1 | $    -152.00 |           
2026-04-02 21:22:13 | INFO     |   20230502     |   16.1 |       1 | $    -152.00 |           
2026-04-02 21:22:13 | INFO     |   20230526     |   19.1 |       1 | $    -152.00 |           
2026-04-02 21:22:13 | INFO     |   20230602     |   15.7 |       1 | $    -152.00 |           
2026-04-02 21:22:13 | INFO     |   20230718     |   13.5 |       1 | $    -152.00 |           
2026-04-02 21:22:13 | INFO     |   20230817     |   16.8 |       1 | $    -152.00 |           
2026-04-02 21:22:13 | INFO     |   20230829     |   15.1 |       1 | $    -152.00 |           
2026-04-02 21:22:13 | INFO     |   20230906     |   14.0 |       1 | $    -152.00 |           
2026-04-02 21:22:13 | INFO     |   20230928     |   18.2 |       1 | $    -152.00 |           
2026-04-02 21:22:13 | INFO     |   20231009     |   17.4 |       1 | $    -152.00 |           
2026-04-02 21:22:13 | INFO     |   20231010     |   17.7 |       1 | $    -152.00 |           
2026-04-02 21:22:13 | INFO     |   20231019     |   19.2 |       1 | $    -152.00 |           
2026-04-02 21:22:13 | INFO     |   20231027     |   20.7 |       1 | $    -152.00 |           
2026-04-02 21:22:13 | INFO     |   20231103     |   15.7 |       1 | $    -152.00 |           
2026-04-02 21:22:13 | INFO     |   20231201     |   12.9 |       1 | $    -152.00 |           
2026-04-02 21:22:13 | INFO     | ----------------------------------------------------------------------
2026-04-02 21:22:13 | INFO     | ----------------------------------------------------------
2026-04-02 21:22:13 | INFO     |   SEASONALITY — DAY OF WEEK
2026-04-02 21:22:13 | INFO     | ----------------------------------------------------------
2026-04-02 21:22:13 | INFO     |   Day   |  Trades |    WR% |    Total P&L |    Avg P&L
2026-04-02 21:22:13 | INFO     | ----------------------------------------------------------
2026-04-02 21:22:13 | INFO     |   Mon   |      79 |  75.9% | $   9,048.63 | $   114.54
2026-04-02 21:22:13 | INFO     |   Tue   |     108 |  78.7% | $  14,100.43 | $   130.56
2026-04-02 21:22:13 | INFO     |   Wed   |     112 |  78.6% | $  15,300.21 | $   136.61
2026-04-02 21:22:13 | INFO     |   Thu   |      92 |  80.4% | $  11,799.16 | $   128.25
2026-04-02 21:22:13 | INFO     |   Fri   |     105 |  81.0% | $  15,887.50 | $   151.31
2026-04-02 21:22:13 | INFO     | ----------------------------------------------------------
2026-04-02 21:22:13 | INFO     | ----------------------------------------------------------
2026-04-02 21:22:13 | INFO     |   SEASONALITY — MONTH
2026-04-02 21:22:13 | INFO     | ----------------------------------------------------------
2026-04-02 21:22:13 | INFO     |   Month |  Trades |    WR% |    Total P&L |    Avg P&L
2026-04-02 21:22:13 | INFO     | ----------------------------------------------------------
2026-04-02 21:22:13 | INFO     |   Jan   |      56 |  80.4% | $   6,685.20 | $   119.38
2026-04-02 21:22:13 | INFO     |   Feb   |      53 |  73.6% | $   7,042.53 | $   132.88
2026-04-02 21:22:13 | INFO     |   Mar   |      33 |  75.8% | $   3,949.80 | $   119.69
2026-04-02 21:22:13 | INFO     |   Apr   |      23 |  65.2% | $   2,160.63 | $    93.94
2026-04-02 21:22:13 | INFO     |   May   |      20 |  75.0% | $   2,692.63 | $   134.63
2026-04-02 21:22:13 | INFO     |   Jun   |      28 |  78.6% | $   2,808.37 | $   100.30
2026-04-02 21:22:13 | INFO     |   Jul   |      44 |  81.8% | $   6,180.67 | $   140.47
2026-04-02 21:22:13 | INFO     |   Aug   |      58 |  91.4% | $  10,509.27 | $   181.19
2026-04-02 21:22:13 | INFO     |   Sep   |      37 |  81.1% | $   4,661.94 | $   126.00
2026-04-02 21:22:13 | INFO     |   Oct   |      54 |  70.4% | $   6,165.16 | $   114.17
2026-04-02 21:22:13 | INFO     |   Nov   |      38 |  76.3% | $   4,875.39 | $   128.30
2026-04-02 21:22:13 | INFO     |   Dec   |      52 |  86.5% | $   8,404.34 | $   161.62
2026-04-02 21:22:13 | INFO     | ----------------------------------------------------------
2026-04-02 21:22:13 | INFO     | ------------------------------------------------------------------------
2026-04-02 21:22:13 | INFO     |   CALENDAR / ECON EVENT ANALYSIS  (sorted by WR%)
2026-04-02 21:22:13 | INFO     | ------------------------------------------------------------------------
2026-04-02 21:22:13 | INFO     |   Event          |  Days |    WR% |    Avg/Day |    Total P&L |     Max DD
2026-04-02 21:22:13 | INFO     | ------------------------------------------------------------------------
2026-04-02 21:22:13 | INFO     |   Triple Witch   |     4 | 100.0% | $   250.17 | $   1,000.69 | $     0.00
2026-04-02 21:22:13 | INFO     |   FOMC           |     9 |  88.9% | $   185.16 | $   1,481.29 | $   152.00
2026-04-02 21:22:13 | INFO     |   CPI/NFP        |    35 |  82.9% | $   193.19 | $   6,182.01 | $   152.00
2026-04-02 21:22:13 | INFO     |   Normal         |   448 |  78.3% | $   134.28 | $  57,471.94 | $   854.07
2026-04-02 21:22:13 | INFO     | ------------------------------------------------------------------------
