2026-03-31 07:22:28 | INFO     | Log file  : /Users/jeerapongwongchote/Documents/thetadata/zenith/logs/zenith_20260331_072227.log
2026-03-31 07:22:28 | INFO     | ================================================================================
2026-03-31 07:22:28 | INFO     |   RECENT RUN HISTORY
2026-03-31 07:22:28 | INFO     | --------------------------------------------------------------------------------
2026-03-31 07:22:28 | INFO     |   Timestamp              | Mode       |  Trades |          P&L |         DD |  Sharpe |     WR
2026-03-31 07:22:28 | INFO     | --------------------------------------------------------------------------------
2026-03-31 07:22:28 | INFO     |   2026-03-31T07:12:22    | dynamic    |     814 | $   -50,766 | -$  59,097 |  -2.05 |  53.4%
2026-03-31 07:22:28 | INFO     |   2026-03-31T07:13:38    | dynamic    |     815 | $    -5,861 | -$  16,642 |  -0.24 |  58.7%
2026-03-31 07:22:28 | INFO     |   2026-03-31T07:13:54    | classic    |     551 | $    -2,829 | -$  11,413 |  -0.17 |  59.0%
2026-03-31 07:22:28 | INFO     |   2026-03-31T07:21:12    | dynamic    |     815 | $    -7,710 | -$  17,324 |  -0.32 |  58.8%
2026-03-31 07:22:28 | INFO     | ================================================================================
2026-03-31 07:22:28 | INFO     | ============================================================
2026-03-31 07:22:28 | INFO     | ZENITH FADE CCS BACKTEST
2026-03-31 07:22:28 | INFO     | Signal Mode  : dynamic
2026-03-31 07:22:28 | INFO     | Period       : 2022-01-03 -> 2026-03-25
2026-03-31 07:22:28 | INFO     | Score Thresh : 41.5
2026-03-31 07:22:28 | INFO     | Weights      : var=1.4, vol=8.9, rocket=274.0
2026-03-31 07:22:28 | INFO     | Strike       : 20.0pt OTM, 10.0pt wide
2026-03-31 07:22:28 | INFO     | Risk         : $600.0, TP 66%, SL -100%
2026-03-31 07:22:28 | INFO     | ============================================================
2026-03-31 07:22:28 | INFO     | Building daily indicators...
2026-03-31 07:22:29 | WARNING  | No SPX volume data — dRelVol defaulted to 1.0
2026-03-31 07:22:29 | INFO     | Built daily indicators: 1060 bars
2026-03-31 07:22:29 | INFO     |   -> 1060 daily bars loaded
2026-03-31 07:22:29 | INFO     | ============================================================
2026-03-31 07:22:29 | INFO     | ZENITH FADE CCS BACKTEST
2026-03-31 07:22:29 | INFO     | Mode: dynamic
2026-03-31 07:22:29 | INFO     | Period: 2022-01-03 -> 2026-03-25
2026-03-31 07:22:29 | INFO     | Trades -> /Users/jeerapongwongchote/Documents/thetadata/zenith/logs/zenith_trades_20260331_072227.csv
2026-03-31 07:22:29 | INFO     | ============================================================
2026-03-31 07:22:29 | INFO     | Signal #   1 | 20220104 | P&L: $    244 | Total: $      244 | WR: 100.0%
2026-03-31 07:22:29 | INFO     | Signal #   2 | 20220105 | P&L: $    264 | Total: $      507 | WR: 100.0%
2026-03-31 07:22:29 | INFO     | Signal #   3 | 20220107 | P&L: $    271 | Total: $      778 | WR: 100.0%
2026-03-31 07:22:29 | INFO     | Signal #   4 | 20220110 | P&L: $    268 | Total: $    1,046 | WR: 100.0%
2026-03-31 07:22:29 | INFO     | Signal #   5 | 20220111 | P&L: $   -602 | Total: $      444 | WR: 80.0%
2026-03-31 07:22:29 | INFO     | Signal #  50 | 20220414 | P&L: $    286 | Total: $    1,171 | WR: 68.0%
2026-03-31 07:22:29 | INFO     | Signal # 100 | 20220720 | P&L: $    280 | Total: $    1,358 | WR: 67.0%
2026-03-31 07:22:29 | INFO     | Signal # 150 | 20221025 | P&L: $   -602 | Total: $    2,542 | WR: 67.3%
2026-03-31 07:22:29 | INFO     | Signal # 200 | 20230201 | P&L: $   -602 | Total: $    4,256 | WR: 68.5%
2026-03-31 07:22:29 | INFO     | Signal # 250 | 20230511 | P&L: $    222 | Total: $    5,636 | WR: 69.6%
2026-03-31 07:22:29 | INFO     | Signal # 300 | 20230822 | P&L: $    259 | Total: $    5,578 | WR: 70.0%
2026-03-31 07:22:29 | INFO     | Signal # 350 | 20231128 | P&L: $    162 | Total: $    5,391 | WR: 69.7%
2026-03-31 07:22:29 | INFO     | Signal # 400 | 20240228 | P&L: $    223 | Total: $    6,396 | WR: 70.0%
2026-03-31 07:22:29 | INFO     | Signal # 450 | 20240603 | P&L: $    220 | Total: $    6,645 | WR: 70.0%
2026-03-31 07:22:29 | INFO     | Signal # 500 | 20240829 | P&L: $    289 | Total: $    9,373 | WR: 70.4%
2026-03-31 07:22:29 | INFO     | Signal # 550 | 20241127 | P&L: $    260 | Total: $   13,485 | WR: 70.9%
2026-03-31 07:22:29 | INFO     | Signal # 600 | 20250305 | P&L: $   -602 | Total: $   14,650 | WR: 70.8%
2026-03-31 07:22:29 | DEBUG    | Skipping 20250408 — VIX 52.3 > 50.0
2026-03-31 07:22:29 | INFO     | Signal # 650 | 20250602 | P&L: $    219 | Total: $   13,957 | WR: 70.2%
2026-03-31 07:22:29 | INFO     | Signal # 700 | 20250904 | P&L: $   -602 | Total: $   14,439 | WR: 69.9%
2026-03-31 07:22:29 | INFO     | Signal # 750 | 20251126 | P&L: $   -602 | Total: $   16,040 | WR: 69.6%
2026-03-31 07:22:29 | INFO     | Signal # 800 | 20260225 | P&L: $   -602 | Total: $   17,973 | WR: 69.5%
2026-03-31 07:22:29 | INFO     | DONE — 815 trades, 1060 trading days, 244 skipped
2026-03-31 07:22:29 | INFO     | Trade log snapshot -> /Users/jeerapongwongchote/Documents/thetadata/zenith/tradelogs_zenith.csv
2026-03-31 07:22:29 | INFO     | ============================================================
2026-03-31 07:22:29 | INFO     |   ZENITH FADE CCS — BACKTEST RESULTS
2026-03-31 07:22:29 | INFO     | ============================================================
2026-03-31 07:22:29 | INFO     |   Period          : 20220103 -> 20260325
2026-03-31 07:22:29 | INFO     |   Trading Days    : 1062
2026-03-31 07:22:29 | INFO     |   Signal Days     : 815
2026-03-31 07:22:29 | INFO     |   Signal Rate     : 76.7%
2026-03-31 07:22:29 | INFO     | ============================================================
2026-03-31 07:22:29 | INFO     |   Total P&L       : $   19,712.21
2026-03-31 07:22:29 | INFO     |   CAGR            : 4.3%
2026-03-31 07:22:29 | INFO     |   Max Drawdown    : -$  4,332.22 (3.7%)
2026-03-31 07:22:29 | INFO     |   Recovery Factor : 4.55
2026-03-31 07:22:29 | INFO     | ============================================================
2026-03-31 07:22:29 | INFO     |   Win Rate        : 69.6%
2026-03-31 07:22:29 | INFO     |   Profit Factor   : 1.15
2026-03-31 07:22:29 | INFO     |   Sharpe Ratio    : 0.99
2026-03-31 07:22:29 | INFO     |   Sortino Ratio   : 2.73
2026-03-31 07:22:29 | INFO     |   Calmar Ratio    : 1.16
2026-03-31 07:22:29 | INFO     | ============================================================
2026-03-31 07:22:29 | INFO     |   Avg Win         : $  273.26
2026-03-31 07:22:29 | INFO     |   Avg Loss        : $ -545.26
2026-03-31 07:22:29 | INFO     |   Best Trade      : $  394.00
2026-03-31 07:22:29 | INFO     |   Worst Trade     : $ -602.00
2026-03-31 07:22:29 | INFO     |   Max Win Streak  : 15
2026-03-31 07:22:29 | INFO     | ============================================================
2026-03-31 07:22:29 | INFO     | Results written to /Users/jeerapongwongchote/Documents/thetadata/zenith/RESULTS.md
2026-03-31 07:22:29 | INFO     | Run summary appended to /Users/jeerapongwongchote/Documents/thetadata/zenith/logs/run_history.json
2026-03-31 07:22:29 | INFO     | --------------------------------------------------------------
2026-03-31 07:22:29 | INFO     |   VIX CORRELATION ANALYSIS
2026-03-31 07:22:29 | INFO     | --------------------------------------------------------------
2026-03-31 07:22:29 | INFO     |   VIX Range  |  Trades |  Win Rate |    Avg P&L |    Total P&L
2026-03-31 07:22:29 | INFO     | --------------------------------------------------------------
2026-03-31 07:22:29 | INFO     |   < 15       |     210 |     77.1% | $    54.65 | $  11,476.78
2026-03-31 07:22:29 | INFO     |   15-20      |     339 |     72.6% | $    56.60 | $  19,186.26
2026-03-31 07:22:29 | INFO     |   20-25      |     151 |     60.9% | $   -38.25 | $  -5,776.36
2026-03-31 07:22:29 | INFO     |   25-30      |      74 |     55.4% | $   -70.51 | $  -5,218.08
2026-03-31 07:22:29 | INFO     |   30-35      |      37 |     70.3% | $    66.26 | $   2,451.61
2026-03-31 07:22:29 | INFO     |   35+        |       4 |      0.0% | $  -602.00 | $  -2,408.00
2026-03-31 07:22:29 | INFO     | --------------------------------------------------------------
2026-03-31 07:22:29 | INFO     | ----------------------------------------------------------------------------------------------------
2026-03-31 07:22:29 | INFO     |   MONTHLY P&L TABLE
2026-03-31 07:22:29 | INFO     | ----------------------------------------------------------------------------------------------------
2026-03-31 07:22:29 | INFO     |   Year   |      1 |      2 |      3 |      4 |      5 |      6 |      7 |      8 |      9 |     10 |     11 |     12 |      Total
2026-03-31 07:22:29 | INFO     | ----------------------------------------------------------------------------------------------------
2026-03-31 07:22:29 | INFO     |   2022   | $1,710 | $ -726 | $ -623 | $  859 | $ -913 | $  487 | $ -999 | $2,600 | $  -43 | $  808 | $ -462 | $2,445 | $    5,143
2026-03-31 07:22:29 | INFO     |   2023   | $ -284 | $ -105 | $-2,662 | $3,006 | $  494 | $-1,009 | $ -241 | $1,216 | $  650 | $ -317 | $ -297 | $1,786 | $    2,235
2026-03-31 07:22:29 | INFO     |   2024   | $  173 | $-1,408 | $-1,342 | $1,742 | $ -117 | $1,522 | $ -181 | $1,607 | $2,331 | $1,822 | $ -642 | $1,393 | $    6,900
2026-03-31 07:22:29 | INFO     |   2025   | $-1,985 | $2,242 | $  986 | $-1,908 | $  127 | $-1,573 | $1,304 | $1,734 | $ -301 | $  258 | $  278 | $3,072 | $    4,233
2026-03-31 07:22:29 | INFO     |   2026   | $  257 | $  -94 | $1,040 |     -- |     -- |     -- |     -- |     -- |     -- |     -- |     -- |     -- | $    1,203
2026-03-31 07:22:29 | INFO     | ----------------------------------------------------------------------------------------------------
2026-03-31 07:22:29 | INFO     | -------------------------------------------------------
2026-03-31 07:22:29 | INFO     |   WORST 15 LOSS DAYS
2026-03-31 07:22:29 | INFO     | -------------------------------------------------------
2026-03-31 07:22:29 | INFO     |   Date         |  Trades |      Day P&L
2026-03-31 07:22:29 | INFO     | -------------------------------------------------------
2026-03-31 07:22:29 | INFO     |   20220111     |       1 | $    -602.00
2026-03-31 07:22:29 | INFO     |   20220131     |       1 | $    -602.00
2026-03-31 07:22:29 | INFO     |   20220202     |       1 | $    -602.00
2026-03-31 07:22:29 | INFO     |   20220208     |       1 | $    -602.00
2026-03-31 07:22:29 | INFO     |   20220209     |       1 | $    -602.00
2026-03-31 07:22:29 | INFO     |   20220215     |       1 | $    -602.00
2026-03-31 07:22:29 | INFO     |   20220225     |       1 | $    -602.00
2026-03-31 07:22:29 | INFO     |   20220302     |       1 | $    -602.00
2026-03-31 07:22:29 | INFO     |   20220316     |       1 | $    -602.00
2026-03-31 07:22:29 | INFO     |   20220317     |       1 | $    -602.00
2026-03-31 07:22:29 | INFO     |   20220318     |       1 | $    -602.00
2026-03-31 07:22:29 | INFO     |   20220322     |       1 | $    -602.00
2026-03-31 07:22:29 | INFO     |   20220328     |       1 | $    -602.00
2026-03-31 07:22:29 | INFO     |   20220329     |       1 | $    -602.00
2026-03-31 07:22:29 | INFO     |   20220404     |       1 | $    -602.00
2026-03-31 07:22:29 | INFO     | -------------------------------------------------------
2026-03-31 07:22:29 | INFO     | ----------------------------------------------------------------------
2026-03-31 07:22:29 | INFO     |   FILTER VALUE ANALYSIS (WIN vs LOSS)
2026-03-31 07:22:29 | INFO     | ----------------------------------------------------------------------
2026-03-31 07:22:29 | INFO     |   Filter             |    Win Avg |   Loss Avg |      Delta
2026-03-31 07:22:29 | INFO     | ----------------------------------------------------------------------
2026-03-31 07:22:29 | INFO     |   Variance %         |    68.5125 |    68.5360 |    -0.0236
2026-03-31 07:22:29 | INFO     |   Rel Volume         |     1.0000 |     1.0000 |    +0.0000
2026-03-31 07:22:29 | INFO     |   Rising Rocket      |     0.0035 |     0.0016 |    +0.0019
2026-03-31 07:22:29 | INFO     |   Exhaustion Score   |   103.8453 |   104.4008 |    -0.5555
2026-03-31 07:22:29 | INFO     |   RSI                |        nan |    51.6843 |       +nan
2026-03-31 07:22:29 | INFO     |   Stochastic         |    70.8439 |    59.1867 |   +11.6572
2026-03-31 07:22:29 | INFO     |   Body Size          |    27.9712 |    29.5481 |    -1.5769
2026-03-31 07:22:29 | INFO     |   Gap %              |        nan |    -0.0131 |       +nan
2026-03-31 07:22:29 | INFO     |   Cluster Count      |     1.6420 |     1.9637 |    -0.3217
2026-03-31 07:22:29 | INFO     |   Dist from SMA      |     0.0087 |    -0.0005 |    +0.0091
2026-03-31 07:22:29 | INFO     |   VIX Level          |    18.4315 |    20.1181 |    -1.6866
2026-03-31 07:22:29 | INFO     | ----------------------------------------------------------------------
