2026-04-04 15:13:17 | INFO     | Log file  : /Users/jeerapongwongchote/Documents/thetadata/zenith/logs/zenith_20260404_151316.log
2026-04-04 15:13:17 | INFO     | ================================================================================
2026-04-04 15:13:17 | INFO     |   RECENT RUN HISTORY
2026-04-04 15:13:17 | INFO     | --------------------------------------------------------------------------------
2026-04-04 15:13:17 | INFO     |     # | Timestamp              |  Trades |          P&L |         DD |  Sharpe |     WR
2026-04-04 15:13:17 | INFO     | --------------------------------------------------------------------------------
2026-04-04 15:13:17 | INFO     |    65 | 2026-04-04T13:19:25    |      73 | $     7,477 | -$     244 |  11.94 |  83.6%
2026-04-04 15:13:17 | INFO     |    66 | 2026-04-04T13:21:15    |     387 | $    39,964 | -$     652 |  10.61 |  78.3%
2026-04-04 15:13:17 | INFO     |    67 | 2026-04-04T14:16:38    |     227 | $    23,807 | -$     497 |  11.51 |  81.9%
2026-04-04 15:13:17 | INFO     |    68 | 2026-04-04T14:16:50    |     160 | $    16,157 | -$     652 |   9.54 |  73.1%
2026-04-04 15:13:17 | INFO     |    69 | 2026-04-04T14:17:03    |     162 | $    16,756 | -$     497 |  11.58 |  82.1%
2026-04-04 15:13:17 | INFO     |    70 | 2026-04-04T14:17:13    |      59 | $     6,176 | -$     244 |   9.83 |  72.9%
2026-04-04 15:13:17 | INFO     |    71 | 2026-04-04T15:11:20    |     387 | $    39,964 | -$     652 |  10.61 |  78.3%
2026-04-04 15:13:17 | INFO     |    72 | 2026-04-04T15:11:32    |      79 | $     4,710 | -$     366 |   8.62 |  81.0%
2026-04-04 15:13:17 | INFO     |    73 | 2026-04-04T15:13:03    |     221 | $    22,931 | -$     497 |  11.04 |  79.6%
2026-04-04 15:13:17 | INFO     |    74 | 2026-04-04T15:13:16    |      46 | $     1,780 | -$     298 |   5.35 |  73.9%
2026-04-04 15:13:17 | INFO     | ================================================================================
2026-04-04 15:13:17 | INFO     | ============================================================
2026-04-04 15:13:17 | INFO     | ZENITH FADE CCS BACKTEST
2026-04-04 15:13:17 | INFO     | Signal Mode  : dynamic
2026-04-04 15:13:17 | INFO     | Period       : 2022-01-03 -> 2026-03-25
2026-04-04 15:13:17 | INFO     | Score Thresh : 68.0
2026-04-04 15:13:17 | INFO     | Weights      : var=1.4, vol=8.9, rocket=274.0
2026-04-04 15:13:17 | INFO     | Strike       : 30.0pt OTM, 10.0pt wide
2026-04-04 15:13:17 | INFO     | Risk         : $600.0, TP 66%, SL -100%
2026-04-04 15:13:17 | INFO     | ============================================================
2026-04-04 15:13:17 | INFO     | Building daily indicators...
2026-04-04 15:13:27 | INFO     |   ORB computed for 1265 days (avg width: 19.3 pts)
2026-04-04 15:13:27 | WARNING  | No SPX volume data — dRelVol defaulted to 1.0
2026-04-04 15:13:27 | INFO     | Built daily indicators: 1066 bars
2026-04-04 15:13:27 | INFO     |   -> 1066 daily bars loaded
2026-04-04 15:13:27 | INFO     | ============================================================
2026-04-04 15:13:27 | INFO     | ZENITH FADE CCS BACKTEST
2026-04-04 15:13:27 | INFO     | Mode: dynamic
2026-04-04 15:13:27 | INFO     | Period: 2022-01-03 -> 2026-03-25
2026-04-04 15:13:27 | INFO     | Trades -> /Users/jeerapongwongchote/Documents/thetadata/zenith/logs/zenith_trades_20260404_151316.csv
2026-04-04 15:13:27 | INFO     | ============================================================
2026-04-04 15:13:27 | DEBUG    | Skipping 20220118 — VIX 22.8 > 22.0
2026-04-04 15:13:27 | DEBUG    | Skipping 20220119 — VIX 23.9 > 22.0
2026-04-04 15:13:27 | DEBUG    | Skipping 20220120 — VIX 25.6 > 22.0
2026-04-04 15:13:27 | DEBUG    | Skipping 20220121 — VIX 28.9 > 22.0
2026-04-04 15:13:27 | DEBUG    | Skipping 20220124 — VIX 29.9 > 22.0
2026-04-04 15:13:27 | DEBUG    | Skipping 20220125 — VIX 31.2 > 22.0
2026-04-04 15:13:27 | DEBUG    | Skipping 20220126 — VIX 32.0 > 22.0
2026-04-04 15:13:27 | DEBUG    | Skipping 20220127 — VIX 30.5 > 22.0
2026-04-04 15:13:27 | DEBUG    | Skipping 20220128 — VIX 27.7 > 22.0
2026-04-04 15:13:27 | DEBUG    | Skipping 20220131 — VIX 24.8 > 22.0
2026-04-04 15:13:27 | DEBUG    | Skipping 20220202 — VIX 22.1 > 22.0
2026-04-04 15:13:27 | DEBUG    | Skipping 20220203 — VIX 24.4 > 22.0
2026-04-04 15:13:27 | DEBUG    | Skipping 20220204 — VIX 23.2 > 22.0
2026-04-04 15:13:27 | DEBUG    | Skipping 20220207 — VIX 22.9 > 22.0
2026-04-04 15:13:27 | DEBUG    | Skipping 20220210 — VIX 23.9 > 22.0
2026-04-04 15:13:27 | DEBUG    | Skipping 20220211 — VIX 27.4 > 22.0
2026-04-04 15:13:27 | DEBUG    | Skipping 20220214 — VIX 28.3 > 22.0
2026-04-04 15:13:27 | DEBUG    | Skipping 20220215 — VIX 25.7 > 22.0
2026-04-04 15:13:27 | DEBUG    | Skipping 20220216 — VIX 24.3 > 22.0
2026-04-04 15:13:27 | DEBUG    | Skipping 20220217 — VIX 28.1 > 22.0
2026-04-04 15:13:27 | DEBUG    | Skipping 20220218 — VIX 27.8 > 22.0
2026-04-04 15:13:27 | DEBUG    | Skipping 20220222 — VIX 28.8 > 22.0
2026-04-04 15:13:27 | DEBUG    | Skipping 20220223 — VIX 31.0 > 22.0
2026-04-04 15:13:27 | DEBUG    | Skipping 20220224 — VIX 30.3 > 22.0
2026-04-04 15:13:27 | DEBUG    | Skipping 20220225 — VIX 27.6 > 22.0
2026-04-04 15:13:27 | DEBUG    | Skipping 20220228 — VIX 30.1 > 22.0
2026-04-04 15:13:27 | DEBUG    | Skipping 20220301 — VIX 33.3 > 22.0
2026-04-04 15:13:27 | DEBUG    | Skipping 20220302 — VIX 30.7 > 22.0
2026-04-04 15:13:27 | DEBUG    | Skipping 20220303 — VIX 30.5 > 22.0
2026-04-04 15:13:27 | DEBUG    | Skipping 20220304 — VIX 32.0 > 22.0
2026-04-04 15:13:27 | DEBUG    | Skipping 20220307 — VIX 36.5 > 22.0
2026-04-04 15:13:27 | DEBUG    | Skipping 20220308 — VIX 35.1 > 22.0
2026-04-04 15:13:27 | DEBUG    | Skipping 20220309 — VIX 32.5 > 22.0
2026-04-04 15:13:27 | DEBUG    | Skipping 20220310 — VIX 30.2 > 22.0
2026-04-04 15:13:27 | DEBUG    | Skipping 20220311 — VIX 30.8 > 22.0
2026-04-04 15:13:27 | DEBUG    | Skipping 20220314 — VIX 31.8 > 22.0
2026-04-04 15:13:27 | DEBUG    | Skipping 20220315 — VIX 29.8 > 22.0
2026-04-04 15:13:27 | DEBUG    | Skipping 20220316 — VIX 26.7 > 22.0
2026-04-04 15:13:27 | DEBUG    | Skipping 20220317 — VIX 25.7 > 22.0
2026-04-04 15:13:27 | DEBUG    | Skipping 20220318 — VIX 23.9 > 22.0
2026-04-04 15:13:27 | DEBUG    | Skipping 20220321 — VIX 23.5 > 22.0
2026-04-04 15:13:27 | DEBUG    | Skipping 20220322 — VIX 22.9 > 22.0
2026-04-04 15:13:27 | DEBUG    | Skipping 20220323 — VIX 23.6 > 22.0
2026-04-04 15:13:27 | DEBUG    | Skipping 20220406 — VIX 22.1 > 22.0
2026-04-04 15:13:27 | DEBUG    | Skipping 20220411 — VIX 24.4 > 22.0
2026-04-04 15:13:27 | DEBUG    | Skipping 20220412 — VIX 24.3 > 22.0
2026-04-04 15:13:27 | DEBUG    | Skipping 20220414 — VIX 22.7 > 22.0
2026-04-04 15:13:27 | DEBUG    | Skipping 20220418 — VIX 22.2 > 22.0
2026-04-04 15:13:27 | DEBUG    | Skipping 20220421 — VIX 22.7 > 22.0
2026-04-04 15:13:27 | DEBUG    | Skipping 20220422 — VIX 28.2 > 22.0
2026-04-04 15:13:27 | DEBUG    | Skipping 20220425 — VIX 27.0 > 22.0
2026-04-04 15:13:27 | DEBUG    | Skipping 20220426 — VIX 33.5 > 22.0
2026-04-04 15:13:27 | DEBUG    | Skipping 20220427 — VIX 31.6 > 22.0
2026-04-04 15:13:27 | DEBUG    | Skipping 20220428 — VIX 30.0 > 22.0
2026-04-04 15:13:27 | DEBUG    | Skipping 20220429 — VIX 33.4 > 22.0
2026-04-04 15:13:27 | DEBUG    | Skipping 20220502 — VIX 32.3 > 22.0
2026-04-04 15:13:27 | DEBUG    | Skipping 20220503 — VIX 29.2 > 22.0
2026-04-04 15:13:27 | DEBUG    | Skipping 20220504 — VIX 25.4 > 22.0
2026-04-04 15:13:27 | DEBUG    | Skipping 20220505 — VIX 31.2 > 22.0
2026-04-04 15:13:27 | DEBUG    | Skipping 20220506 — VIX 30.2 > 22.0
2026-04-04 15:13:27 | DEBUG    | Skipping 20220509 — VIX 34.8 > 22.0
2026-04-04 15:13:27 | DEBUG    | Skipping 20220510 — VIX 33.0 > 22.0
2026-04-04 15:13:27 | DEBUG    | Skipping 20220511 — VIX 32.6 > 22.0
2026-04-04 15:13:27 | DEBUG    | Skipping 20220512 — VIX 31.8 > 22.0
2026-04-04 15:13:27 | DEBUG    | Skipping 20220513 — VIX 28.9 > 22.0
2026-04-04 15:13:27 | DEBUG    | Skipping 20220516 — VIX 27.5 > 22.0
2026-04-04 15:13:27 | DEBUG    | Skipping 20220517 — VIX 26.1 > 22.0
2026-04-04 15:13:27 | DEBUG    | Skipping 20220518 — VIX 31.0 > 22.0
2026-04-04 15:13:27 | DEBUG    | Skipping 20220519 — VIX 29.4 > 22.0
2026-04-04 15:13:27 | DEBUG    | Skipping 20220520 — VIX 29.4 > 22.0
2026-04-04 15:13:27 | DEBUG    | Skipping 20220523 — VIX 28.5 > 22.0
2026-04-04 15:13:27 | DEBUG    | Skipping 20220524 — VIX 29.4 > 22.0
2026-04-04 15:13:27 | DEBUG    | Skipping 20220525 — VIX 28.4 > 22.0
2026-04-04 15:13:27 | DEBUG    | Skipping 20220526 — VIX 27.5 > 22.0
2026-04-04 15:13:27 | DEBUG    | Skipping 20220527 — VIX 25.7 > 22.0
2026-04-04 15:13:27 | DEBUG    | Skipping 20220531 — VIX 26.2 > 22.0
2026-04-04 15:13:27 | DEBUG    | Skipping 20220601 — VIX 25.7 > 22.0
2026-04-04 15:13:27 | DEBUG    | Skipping 20220602 — VIX 24.7 > 22.0
2026-04-04 15:13:27 | DEBUG    | Skipping 20220603 — VIX 24.8 > 22.0
2026-04-04 15:13:27 | DEBUG    | Skipping 20220606 — VIX 25.1 > 22.0
2026-04-04 15:13:27 | DEBUG    | Skipping 20220607 — VIX 24.0 > 22.0
2026-04-04 15:13:27 | DEBUG    | Skipping 20220608 — VIX 24.0 > 22.0
2026-04-04 15:13:27 | DEBUG    | Skipping 20220609 — VIX 26.1 > 22.0
2026-04-04 15:13:27 | DEBUG    | Skipping 20220610 — VIX 27.8 > 22.0
2026-04-04 15:13:27 | DEBUG    | Skipping 20220613 — VIX 34.0 > 22.0
2026-04-04 15:13:27 | DEBUG    | Skipping 20220614 — VIX 32.7 > 22.0
2026-04-04 15:13:27 | DEBUG    | Skipping 20220615 — VIX 29.6 > 22.0
2026-04-04 15:13:27 | DEBUG    | Skipping 20220616 — VIX 33.0 > 22.0
2026-04-04 15:13:27 | DEBUG    | Skipping 20220617 — VIX 31.1 > 22.0
2026-04-04 15:13:27 | DEBUG    | Skipping 20220621 — VIX 30.2 > 22.0
2026-04-04 15:13:27 | DEBUG    | Skipping 20220622 — VIX 28.9 > 22.0
2026-04-04 15:13:27 | DEBUG    | Skipping 20220623 — VIX 29.1 > 22.0
2026-04-04 15:13:27 | DEBUG    | Skipping 20220624 — VIX 27.2 > 22.0
2026-04-04 15:13:27 | DEBUG    | Skipping 20220627 — VIX 26.9 > 22.0
2026-04-04 15:13:27 | DEBUG    | Skipping 20220628 — VIX 28.4 > 22.0
2026-04-04 15:13:27 | DEBUG    | Skipping 20220629 — VIX 28.2 > 22.0
2026-04-04 15:13:27 | DEBUG    | Skipping 20220630 — VIX 28.7 > 22.0
2026-04-04 15:13:27 | DEBUG    | Skipping 20220701 — VIX 26.7 > 22.0
2026-04-04 15:13:27 | DEBUG    | Skipping 20220705 — VIX 27.5 > 22.0
2026-04-04 15:13:27 | DEBUG    | Skipping 20220706 — VIX 26.7 > 22.0
2026-04-04 15:13:27 | DEBUG    | Skipping 20220707 — VIX 26.1 > 22.0
2026-04-04 15:13:27 | DEBUG    | Skipping 20220708 — VIX 24.6 > 22.0
2026-04-04 15:13:27 | DEBUG    | Skipping 20220711 — VIX 26.2 > 22.0
2026-04-04 15:13:27 | DEBUG    | Skipping 20220712 — VIX 27.3 > 22.0
2026-04-04 15:13:27 | DEBUG    | Skipping 20220713 — VIX 26.8 > 22.0
2026-04-04 15:13:27 | DEBUG    | Skipping 20220714 — VIX 26.4 > 22.0
2026-04-04 15:13:27 | DEBUG    | Skipping 20220715 — VIX 24.2 > 22.0
2026-04-04 15:13:27 | DEBUG    | Skipping 20220718 — VIX 25.3 > 22.0
2026-04-04 15:13:27 | DEBUG    | Skipping 20220719 — VIX 24.5 > 22.0
2026-04-04 15:13:27 | DEBUG    | Skipping 20220720 — VIX 23.9 > 22.0
2026-04-04 15:13:27 | DEBUG    | Skipping 20220721 — VIX 23.1 > 22.0
2026-04-04 15:13:27 | DEBUG    | Skipping 20220722 — VIX 23.0 > 22.0
2026-04-04 15:13:27 | DEBUG    | Skipping 20220725 — VIX 23.4 > 22.0
2026-04-04 15:13:27 | DEBUG    | Skipping 20220726 — VIX 24.7 > 22.0
2026-04-04 15:13:27 | DEBUG    | Skipping 20220727 — VIX 23.2 > 22.0
2026-04-04 15:13:27 | DEBUG    | Skipping 20220728 — VIX 22.3 > 22.0
2026-04-04 15:13:27 | DEBUG    | Skipping 20220801 — VIX 22.8 > 22.0
2026-04-04 15:13:27 | DEBUG    | Skipping 20220802 — VIX 23.9 > 22.0
2026-04-04 15:13:27 | DEBUG    | Skipping 20220822 — VIX 23.8 > 22.0
2026-04-04 15:13:27 | DEBUG    | Skipping 20220823 — VIX 24.1 > 22.0
2026-04-04 15:13:27 | DEBUG    | Skipping 20220824 — VIX 22.8 > 22.0
2026-04-04 15:13:27 | DEBUG    | Skipping 20220826 — VIX 25.6 > 22.0
2026-04-04 15:13:27 | DEBUG    | Skipping 20220829 — VIX 26.2 > 22.0
2026-04-04 15:13:27 | DEBUG    | Skipping 20220830 — VIX 26.2 > 22.0
2026-04-04 15:13:27 | DEBUG    | Skipping 20220831 — VIX 25.9 > 22.0
2026-04-04 15:13:27 | DEBUG    | Skipping 20220901 — VIX 25.6 > 22.0
2026-04-04 15:13:27 | DEBUG    | Skipping 20220902 — VIX 25.5 > 22.0
2026-04-04 15:13:27 | DEBUG    | Skipping 20220906 — VIX 26.9 > 22.0
2026-04-04 15:13:27 | DEBUG    | Skipping 20220907 — VIX 24.6 > 22.0
2026-04-04 15:13:27 | DEBUG    | Skipping 20220908 — VIX 23.6 > 22.0
2026-04-04 15:13:27 | DEBUG    | Skipping 20220909 — VIX 22.8 > 22.0
2026-04-04 15:13:27 | DEBUG    | Skipping 20220912 — VIX 23.9 > 22.0
2026-04-04 15:13:27 | DEBUG    | Skipping 20220913 — VIX 27.3 > 22.0
2026-04-04 15:13:27 | DEBUG    | Skipping 20220914 — VIX 26.2 > 22.0
2026-04-04 15:13:27 | DEBUG    | Skipping 20220915 — VIX 26.3 > 22.0
2026-04-04 15:13:27 | DEBUG    | Skipping 20220916 — VIX 26.3 > 22.0
2026-04-04 15:13:27 | DEBUG    | Skipping 20220919 — VIX 25.8 > 22.0
2026-04-04 15:13:27 | DEBUG    | Skipping 20220920 — VIX 27.2 > 22.0
2026-04-04 15:13:27 | DEBUG    | Skipping 20220921 — VIX 28.0 > 22.0
2026-04-04 15:13:27 | DEBUG    | Skipping 20220922 — VIX 27.4 > 22.0
2026-04-04 15:13:27 | DEBUG    | Skipping 20220923 — VIX 29.9 > 22.0
2026-04-04 15:13:27 | DEBUG    | Skipping 20220926 — VIX 32.3 > 22.0
2026-04-04 15:13:27 | DEBUG    | Skipping 20220927 — VIX 32.6 > 22.0
2026-04-04 15:13:27 | DEBUG    | Skipping 20220928 — VIX 30.2 > 22.0
2026-04-04 15:13:27 | DEBUG    | Skipping 20220929 — VIX 31.8 > 22.0
2026-04-04 15:13:27 | DEBUG    | Skipping 20220930 — VIX 31.6 > 22.0
2026-04-04 15:13:27 | DEBUG    | Skipping 20221003 — VIX 30.1 > 22.0
2026-04-04 15:13:27 | DEBUG    | Skipping 20221004 — VIX 29.1 > 22.0
2026-04-04 15:13:27 | DEBUG    | Skipping 20221005 — VIX 28.6 > 22.0
2026-04-04 15:13:27 | DEBUG    | Skipping 20221006 — VIX 30.5 > 22.0
2026-04-04 15:13:27 | DEBUG    | Skipping 20221007 — VIX 31.4 > 22.0
2026-04-04 15:13:27 | DEBUG    | Skipping 20221010 — VIX 32.5 > 22.0
2026-04-04 15:13:27 | DEBUG    | Skipping 20221011 — VIX 33.6 > 22.0
2026-04-04 15:13:27 | DEBUG    | Skipping 20221012 — VIX 33.6 > 22.0
2026-04-04 15:13:27 | DEBUG    | Skipping 20221013 — VIX 31.9 > 22.0
2026-04-04 15:13:27 | DEBUG    | Skipping 20221014 — VIX 32.0 > 22.0
2026-04-04 15:13:27 | DEBUG    | Skipping 20221017 — VIX 31.4 > 22.0
2026-04-04 15:13:27 | DEBUG    | Skipping 20221018 — VIX 30.5 > 22.0
2026-04-04 15:13:27 | DEBUG    | Skipping 20221019 — VIX 30.8 > 22.0
2026-04-04 15:13:27 | DEBUG    | Skipping 20221020 — VIX 30.0 > 22.0
2026-04-04 15:13:27 | DEBUG    | Skipping 20221021 — VIX 29.7 > 22.0
2026-04-04 15:13:27 | DEBUG    | Skipping 20221024 — VIX 29.9 > 22.0
2026-04-04 15:13:27 | DEBUG    | Skipping 20221025 — VIX 28.5 > 22.0
2026-04-04 15:13:27 | DEBUG    | Skipping 20221026 — VIX 27.3 > 22.0
2026-04-04 15:13:27 | DEBUG    | Skipping 20221027 — VIX 27.4 > 22.0
2026-04-04 15:13:27 | DEBUG    | Skipping 20221028 — VIX 25.8 > 22.0
2026-04-04 15:13:27 | DEBUG    | Skipping 20221031 — VIX 25.9 > 22.0
2026-04-04 15:13:27 | DEBUG    | Skipping 20221101 — VIX 25.8 > 22.0
2026-04-04 15:13:27 | DEBUG    | Skipping 20221102 — VIX 25.9 > 22.0
2026-04-04 15:13:27 | DEBUG    | Skipping 20221103 — VIX 25.3 > 22.0
2026-04-04 15:13:27 | DEBUG    | Skipping 20221104 — VIX 24.6 > 22.0
2026-04-04 15:13:27 | DEBUG    | Skipping 20221107 — VIX 24.4 > 22.0
2026-04-04 15:13:27 | DEBUG    | Skipping 20221108 — VIX 25.5 > 22.0
2026-04-04 15:13:27 | DEBUG    | Skipping 20221109 — VIX 26.1 > 22.0
2026-04-04 15:13:27 | DEBUG    | Skipping 20221110 — VIX 23.5 > 22.0
2026-04-04 15:13:27 | DEBUG    | Skipping 20221111 — VIX 22.5 > 22.0
2026-04-04 15:13:27 | DEBUG    | Skipping 20221114 — VIX 23.7 > 22.0
2026-04-04 15:13:27 | DEBUG    | Skipping 20221115 — VIX 24.5 > 22.0
2026-04-04 15:13:27 | DEBUG    | Skipping 20221116 — VIX 24.1 > 22.0
2026-04-04 15:13:27 | DEBUG    | Skipping 20221117 — VIX 23.9 > 22.0
2026-04-04 15:13:27 | DEBUG    | Skipping 20221118 — VIX 23.1 > 22.0
2026-04-04 15:13:27 | DEBUG    | Skipping 20221121 — VIX 22.4 > 22.0
2026-04-04 15:13:27 | DEBUG    | Skipping 20221128 — VIX 22.2 > 22.0
2026-04-04 15:13:27 | DEBUG    | Skipping 20221206 — VIX 22.2 > 22.0
2026-04-04 15:13:27 | DEBUG    | Skipping 20221207 — VIX 22.7 > 22.0
2026-04-04 15:13:27 | DEBUG    | Skipping 20221208 — VIX 22.3 > 22.0
2026-04-04 15:13:27 | DEBUG    | Skipping 20221209 — VIX 22.8 > 22.0
2026-04-04 15:13:27 | DEBUG    | Skipping 20221212 — VIX 25.0 > 22.0
2026-04-04 15:13:27 | DEBUG    | Skipping 20221213 — VIX 22.6 > 22.0
2026-04-04 15:13:27 | DEBUG    | Skipping 20221215 — VIX 22.8 > 22.0
2026-04-04 15:13:27 | DEBUG    | Skipping 20221216 — VIX 22.6 > 22.0
2026-04-04 15:13:27 | DEBUG    | Skipping 20221219 — VIX 22.4 > 22.0
2026-04-04 15:13:27 | DEBUG    | Skipping 20221228 — VIX 22.1 > 22.0
2026-04-04 15:13:27 | DEBUG    | Skipping 20230103 — VIX 22.9 > 22.0
2026-04-04 15:13:27 | DEBUG    | Skipping 20230104 — VIX 22.0 > 22.0
2026-04-04 15:13:27 | DEBUG    | Skipping 20230105 — VIX 22.5 > 22.0
2026-04-04 15:13:27 | INFO     | Signal #   1 | 20230215 | CALL | P&L: $     65 | Total: $       65 | WR: 100.0%
2026-04-04 15:13:27 | DEBUG    | Skipping 20230221 — VIX 22.9 > 22.0
2026-04-04 15:13:27 | DEBUG    | Skipping 20230222 — VIX 22.3 > 22.0
2026-04-04 15:13:27 | DEBUG    | Skipping 20230309 — VIX 22.6 > 22.0
2026-04-04 15:13:27 | DEBUG    | Skipping 20230310 — VIX 24.8 > 22.0
2026-04-04 15:13:27 | DEBUG    | Skipping 20230313 — VIX 26.5 > 22.0
2026-04-04 15:13:27 | DEBUG    | Skipping 20230314 — VIX 23.7 > 22.0
2026-04-04 15:13:27 | DEBUG    | Skipping 20230315 — VIX 26.1 > 22.0
2026-04-04 15:13:27 | DEBUG    | Skipping 20230316 — VIX 23.0 > 22.0
2026-04-04 15:13:27 | DEBUG    | Skipping 20230317 — VIX 25.5 > 22.0
2026-04-04 15:13:27 | DEBUG    | Skipping 20230320 — VIX 24.1 > 22.0
2026-04-04 15:13:27 | DEBUG    | Skipping 20230322 — VIX 22.3 > 22.0
2026-04-04 15:13:27 | DEBUG    | Skipping 20230323 — VIX 22.6 > 22.0
2026-04-04 15:13:27 | INFO     | Signal #   2 | 20240315 | CALL | P&L: $    104 | Total: $      169 | WR: 100.0%
2026-04-04 15:13:27 | DEBUG    | Skipping 20240802 — VIX 23.4 > 22.0
2026-04-04 15:13:27 | DEBUG    | Skipping 20240805 — VIX 38.6 > 22.0
2026-04-04 15:13:27 | DEBUG    | Skipping 20240806 — VIX 27.7 > 22.0
2026-04-04 15:13:27 | DEBUG    | Skipping 20240807 — VIX 27.9 > 22.0
2026-04-04 15:13:27 | DEBUG    | Skipping 20240808 — VIX 23.8 > 22.0
2026-04-04 15:13:27 | DEBUG    | Skipping 20240906 — VIX 22.4 > 22.0
2026-04-04 15:13:27 | INFO     | Signal #   3 | 20240917 | CALL | P&L: $     61 | Total: $      230 | WR: 100.0%
2026-04-04 15:13:27 | INFO     | Signal #   4 | 20240923 | CALL | P&L: $     47 | Total: $      276 | WR: 100.0%
2026-04-04 15:13:27 | INFO     | Signal #   5 | 20241004 | CALL | P&L: $     92 | Total: $      368 | WR: 100.0%
2026-04-04 15:13:27 | DEBUG    | Skipping 20241007 — VIX 22.6 > 22.0
2026-04-04 15:13:27 | DEBUG    | Skipping 20241031 — VIX 23.2 > 22.0
2026-04-04 15:13:27 | DEBUG    | Skipping 20241218 — VIX 27.6 > 22.0
2026-04-04 15:13:27 | DEBUG    | Skipping 20241219 — VIX 24.1 > 22.0
2026-04-04 15:13:27 | DEBUG    | Skipping 20250303 — VIX 22.8 > 22.0
2026-04-04 15:13:27 | DEBUG    | Skipping 20250304 — VIX 23.5 > 22.0
2026-04-04 15:13:27 | DEBUG    | Skipping 20250306 — VIX 24.9 > 22.0
2026-04-04 15:13:27 | DEBUG    | Skipping 20250307 — VIX 23.4 > 22.0
2026-04-04 15:13:27 | DEBUG    | Skipping 20250310 — VIX 27.9 > 22.0
2026-04-04 15:13:27 | DEBUG    | Skipping 20250311 — VIX 26.9 > 22.0
2026-04-04 15:13:27 | DEBUG    | Skipping 20250312 — VIX 24.2 > 22.0
2026-04-04 15:13:27 | DEBUG    | Skipping 20250313 — VIX 24.7 > 22.0
2026-04-04 15:13:27 | DEBUG    | Skipping 20250331 — VIX 22.3 > 22.0
2026-04-04 15:13:27 | DEBUG    | Skipping 20250403 — VIX 30.0 > 22.0
2026-04-04 15:13:27 | DEBUG    | Skipping 20250404 — VIX 45.3 > 22.0
2026-04-04 15:13:27 | DEBUG    | Skipping 20250407 — VIX 47.0 > 22.0
2026-04-04 15:13:27 | DEBUG    | Skipping 20250408 — VIX 52.3 > 22.0
2026-04-04 15:13:27 | DEBUG    | Skipping 20250409 — VIX 33.6 > 22.0
2026-04-04 15:13:27 | DEBUG    | Skipping 20250410 — VIX 40.7 > 22.0
2026-04-04 15:13:27 | DEBUG    | Skipping 20250411 — VIX 37.6 > 22.0
2026-04-04 15:13:27 | DEBUG    | Skipping 20250414 — VIX 30.9 > 22.0
2026-04-04 15:13:27 | DEBUG    | Skipping 20250415 — VIX 30.1 > 22.0
2026-04-04 15:13:27 | DEBUG    | Skipping 20250416 — VIX 32.6 > 22.0
2026-04-04 15:13:27 | DEBUG    | Skipping 20250417 — VIX 29.6 > 22.0
2026-04-04 15:13:27 | DEBUG    | Skipping 20250421 — VIX 33.8 > 22.0
2026-04-04 15:13:27 | DEBUG    | Skipping 20250422 — VIX 30.6 > 22.0
2026-04-04 15:13:27 | DEBUG    | Skipping 20250423 — VIX 28.4 > 22.0
2026-04-04 15:13:27 | DEBUG    | Skipping 20250424 — VIX 26.5 > 22.0
2026-04-04 15:13:27 | DEBUG    | Skipping 20250425 — VIX 24.8 > 22.0
2026-04-04 15:13:27 | DEBUG    | Skipping 20250428 — VIX 25.1 > 22.0
2026-04-04 15:13:27 | DEBUG    | Skipping 20250429 — VIX 24.2 > 22.0
2026-04-04 15:13:27 | DEBUG    | Skipping 20250430 — VIX 24.7 > 22.0
2026-04-04 15:13:27 | DEBUG    | Skipping 20250501 — VIX 24.6 > 22.0
2026-04-04 15:13:27 | DEBUG    | Skipping 20250502 — VIX 22.7 > 22.0
2026-04-04 15:13:27 | DEBUG    | Skipping 20250505 — VIX 23.6 > 22.0
2026-04-04 15:13:27 | DEBUG    | Skipping 20250506 — VIX 24.8 > 22.0
2026-04-04 15:13:27 | DEBUG    | Skipping 20250507 — VIX 23.6 > 22.0
2026-04-04 15:13:27 | DEBUG    | Skipping 20250508 — VIX 22.5 > 22.0
2026-04-04 15:13:27 | DEBUG    | Skipping 20250523 — VIX 22.3 > 22.0
2026-04-04 15:13:27 | DEBUG    | Skipping 20251016 — VIX 25.3 > 22.0
2026-04-04 15:13:27 | DEBUG    | Skipping 20251117 — VIX 22.4 > 22.0
2026-04-04 15:13:27 | DEBUG    | Skipping 20251118 — VIX 24.7 > 22.0
2026-04-04 15:13:27 | DEBUG    | Skipping 20251119 — VIX 23.7 > 22.0
2026-04-04 15:13:27 | DEBUG    | Skipping 20251120 — VIX 26.4 > 22.0
2026-04-04 15:13:27 | DEBUG    | Skipping 20251121 — VIX 23.4 > 22.0
2026-04-04 15:13:28 | DEBUG    | Skipping 20260303 — VIX 23.6 > 22.0
2026-04-04 15:13:28 | DEBUG    | Skipping 20260305 — VIX 23.8 > 22.0
2026-04-04 15:13:28 | DEBUG    | Skipping 20260306 — VIX 29.5 > 22.0
2026-04-04 15:13:28 | DEBUG    | Skipping 20260309 — VIX 25.5 > 22.0
2026-04-04 15:13:28 | DEBUG    | Skipping 20260310 — VIX 24.9 > 22.0
2026-04-04 15:13:28 | DEBUG    | Skipping 20260311 — VIX 24.2 > 22.0
2026-04-04 15:13:28 | DEBUG    | Skipping 20260312 — VIX 27.3 > 22.0
2026-04-04 15:13:28 | DEBUG    | Skipping 20260313 — VIX 27.2 > 22.0
2026-04-04 15:13:28 | DEBUG    | Skipping 20260316 — VIX 23.5 > 22.0
2026-04-04 15:13:28 | DEBUG    | Skipping 20260317 — VIX 22.4 > 22.0
2026-04-04 15:13:28 | DEBUG    | Skipping 20260318 — VIX 25.1 > 22.0
2026-04-04 15:13:28 | DEBUG    | Skipping 20260319 — VIX 24.1 > 22.0
2026-04-04 15:13:28 | DEBUG    | Skipping 20260320 — VIX 26.8 > 22.0
2026-04-04 15:13:28 | DEBUG    | Skipping 20260323 — VIX 26.1 > 22.0
2026-04-04 15:13:28 | DEBUG    | Skipping 20260324 — VIX 26.9 > 22.0
2026-04-04 15:13:28 | DEBUG    | Skipping 20260325 — VIX 25.3 > 22.0
2026-04-04 15:13:28 | INFO     | DONE — 19 trades, 1060 trading days, 1040 skipped
2026-04-04 15:13:28 | INFO     | Trade log snapshot -> /Users/jeerapongwongchote/Documents/thetadata/zenith/tradelogs_zenith.csv
2026-04-04 15:13:28 | INFO     | ============================================================
2026-04-04 15:13:28 | INFO     |   ZENITH FADE CCS — BACKTEST RESULTS
2026-04-04 15:13:28 | INFO     | ============================================================
2026-04-04 15:13:28 | INFO     |   Period          : 20230214 -> 20260130
2026-04-04 15:13:28 | INFO     |   Business days   : 1062
2026-04-04 15:13:28 | INFO     |   Days traded     : 19
2026-04-04 15:13:28 | INFO     |   Total trades    : 19  (wins: 17  losses: 2)
2026-04-04 15:13:28 | INFO     |   Avg trades/day  :    1.0
2026-04-04 15:13:28 | INFO     | ------------------------------------------------------------
2026-04-04 15:13:28 | INFO     |   Total P&L       : $    1,191.55  (net of commission)
2026-04-04 15:13:28 | INFO     |   CAGR            :  0.4%  (acct=$100,000)
2026-04-04 15:13:28 | INFO     |   Avg profit/trade: $   84.44
2026-04-04 15:13:28 | INFO     |   Avg loss/trade  : $ -122.00
2026-04-04 15:13:28 | INFO     |   Expectancy/trade: $   62.71
2026-04-04 15:13:28 | INFO     |   Profit factor   :    5.88x
2026-04-04 15:13:28 | INFO     | ------------------------------------------------------------
2026-04-04 15:13:28 | INFO     |   Max drawdown    : $  122.00  (0.1%)
2026-04-04 15:13:28 | INFO     |   Calmar ratio    :     3.31  (CAGR / max DD%)
2026-04-04 15:13:28 | INFO     |   Recovery factor :     9.77  (net P&L / max DD)
2026-04-04 15:13:28 | INFO     |   Time underwater :   26.3%
2026-04-04 15:13:28 | INFO     | ------------------------------------------------------------
2026-04-04 15:13:28 | INFO     |   Win rate        :   89.5%
2026-04-04 15:13:28 | INFO     |   Sharpe ratio    :     12.24  (rf=4.5%)
2026-04-04 15:13:28 | INFO     |   Sortino ratio   :     99.00
2026-04-04 15:13:28 | INFO     |   Ann. volatility : $1,288.45
2026-04-04 15:13:28 | INFO     | ------------------------------------------------------------
2026-04-04 15:13:28 | INFO     |   Best day        : $  267.57
2026-04-04 15:13:28 | INFO     |   Worst day       : $ -122.00
2026-04-04 15:13:28 | INFO     |   Best trade      : $  267.57
2026-04-04 15:13:28 | INFO     |   Worst trade     : $ -122.00
2026-04-04 15:13:28 | INFO     |   Max win streak  : 8
2026-04-04 15:13:28 | INFO     | ------------------------------------------------------------
2026-04-04 15:13:28 | INFO     |   Score threshold : 68.0
2026-04-04 15:13:28 | INFO     |   Strike offset   : 30.0pt
2026-04-04 15:13:28 | INFO     |   Spread width    : 10.0pt
2026-04-04 15:13:28 | INFO     |   Credit model    : real
2026-04-04 15:13:28 | INFO     |   Bidirectional   : True (put score <= 50.0)
2026-04-04 15:13:28 | INFO     |   Intraday SL     : -0.2
2026-04-04 15:13:28 | INFO     |   Credit floor    : $0.75
2026-04-04 15:13:28 | INFO     |   VIX max filter  : 22.0
2026-04-04 15:13:28 | INFO     |   Term structure  : skip backwardation (ratio > 1.0)
2026-04-04 15:13:28 | INFO     |   Commission      : $0.5/leg
2026-04-04 15:13:28 | INFO     | ============================================================
2026-04-04 15:13:28 | INFO     | Results written to /Users/jeerapongwongchote/Documents/thetadata/zenith/RESULTS.md (keeping last 3 runs)
2026-04-04 15:13:28 | INFO     | Run summary appended to /Users/jeerapongwongchote/Documents/thetadata/zenith/logs/run_history.json
2026-04-04 15:13:28 | INFO     | --------------------------------------------------------------
2026-04-04 15:13:28 | INFO     |   VIX CORRELATION ANALYSIS
2026-04-04 15:13:28 | INFO     | --------------------------------------------------------------
2026-04-04 15:13:28 | INFO     |   VIX Range  |  Trades |  Win Rate |    Avg P&L |    Total P&L
2026-04-04 15:13:28 | INFO     | --------------------------------------------------------------
2026-04-04 15:13:28 | INFO     |   < 15       |       2 |    100.0% | $    86.13 | $     172.27
2026-04-04 15:13:28 | INFO     |   15-20      |      16 |     87.5% | $    57.98 | $     927.64
2026-04-04 15:13:28 | INFO     |   20-25      |       1 |    100.0% | $    91.64 | $      91.64
2026-04-04 15:13:28 | INFO     | --------------------------------------------------------------
2026-04-04 15:13:28 | INFO     | -----------------------------------------------------------------------------------------------
2026-04-04 15:13:28 | INFO     |   PUT vs CALL SPREAD PERFORMANCE SPLIT
2026-04-04 15:13:28 | INFO     | -----------------------------------------------------------------------------------------------
2026-04-04 15:13:28 | INFO     |   Type     |  Trades |  Win Rate |    Avg P&L |    Total P&L |   Avg Win |  Avg Loss |  Prof Fac
2026-04-04 15:13:28 | INFO     | -----------------------------------------------------------------------------------------------
2026-04-04 15:13:28 | INFO     |   CALL     |      19 |     89.5% | $    62.71 | $   1,191.55 | $   84.44 | $ -122.00 |     5.88x
2026-04-04 15:13:28 | INFO     | -----------------------------------------------------------------------------------------------
2026-04-04 15:13:28 | INFO     | --------------------------------------------------------------------------------------------------------------
2026-04-04 15:13:28 | INFO     |   MONTHLY P&L TABLE
2026-04-04 15:13:28 | INFO     | --------------------------------------------------------------------------------------------------------------
2026-04-04 15:13:28 | INFO     |   Year   |       1 |       2 |       3 |       4 |       5 |       6 |       7 |       8 |       9 |      10 |      11 |      12 |      Total
2026-04-04 15:13:28 | INFO     | --------------------------------------------------------------------------------------------------------------
2026-04-04 15:13:28 | INFO     |   2023   |      -- | $    65 |      -- |      -- |      -- |      -- |      -- |      -- |      -- |      -- |      -- |      -- | $       65
2026-04-04 15:13:28 | INFO     |   2024   |      -- |      -- | $   104 |      -- |      -- |      -- |      -- |      -- | $   108 | $    92 | $    68 |      -- | $      372
2026-04-04 15:13:28 | INFO     |   2025   | $    65 | $    61 |      -- |      -- | $   -38 | $   123 | $  -122 |      -- | $    50 | $   186 | $    96 | $    68 | $      488
2026-04-04 15:13:28 | INFO     |   2026   | $   268 |      -- |      -- |      -- |      -- |      -- |      -- |      -- |      -- |      -- |      -- |      -- | $      268
2026-04-04 15:13:28 | INFO     | --------------------------------------------------------------------------------------------------------------
2026-04-04 15:13:28 | INFO     | --------------------------------------------------------------------------------------------------------------
2026-04-04 15:13:28 | INFO     |   INTRA-MONTH MAX DRAWDOWN
2026-04-04 15:13:28 | INFO     | --------------------------------------------------------------------------------------------------------------
2026-04-04 15:13:28 | INFO     |   Year   |       1 |       2 |       3 |       4 |       5 |       6 |       7 |       8 |       9 |      10 |      11 |      12 |     Ann DD
2026-04-04 15:13:28 | INFO     | --------------------------------------------------------------------------------------------------------------
2026-04-04 15:13:28 | INFO     |   2023   |      -- | $     0 |      -- |      -- |      -- |      -- |      -- |      -- |      -- |      -- |      -- |      -- | $        0
2026-04-04 15:13:28 | INFO     |   2024   |      -- |      -- | $     0 |      -- |      -- |      -- |      -- |      -- | $     0 | $     0 | $     0 |      -- | $        0
2026-04-04 15:13:28 | INFO     |   2025   | $     0 | $     0 |      -- |      -- | $   122 | $     0 | $   122 |      -- | $     0 | $     0 | $     0 | $     0 | $      122
2026-04-04 15:13:28 | INFO     |   2026   | $     0 |      -- |      -- |      -- |      -- |      -- |      -- |      -- |      -- |      -- |      -- |      -- | $        0
2026-04-04 15:13:28 | INFO     | --------------------------------------------------------------------------------------------------------------
2026-04-04 15:13:28 | INFO     | ------------------------------------------------------------------------------------------------------------------------
2026-04-04 15:13:28 | INFO     |   MONTHLY RETURN: STRATEGY vs SPY
2026-04-04 15:13:28 | INFO     | ------------------------------------------------------------------------------------------------------------------------
2026-04-04 15:13:28 | INFO     |   Year   |          1 |          2 |          3 |          4 |          5 |          6 |          7 |          8 |          9 |         10 |         11 |         12 |   Strat |     SPY |   Alpha
2026-04-04 15:13:28 | INFO     | ------------------------------------------------------------------------------------------------------------------------
2026-04-04 15:13:28 | INFO     |   2023   | +0.0/+6.3 | +0.1/-2.5 | +0.0/+3.7 | +0.0/+1.6 | +0.0/+0.5 | +0.0/+6.5 | +0.0/+3.3 | +0.0/-1.6 | +0.0/-4.7 | +0.0/-2.2 | +0.0/+9.1 | +0.0/+4.6 |   +0.1% |  +24.5% |  -24.4%
2026-04-04 15:13:28 | INFO     |   2024   | +0.0/+1.6 | +0.0/+5.2 | +0.1/+3.3 | +0.0/-4.0 | +0.0/+5.1 | +0.0/+3.5 | +0.0/+1.2 | +0.0/+2.3 | +0.1/+2.1 | +0.1/-0.9 | +0.1/+6.0 | +0.0/-2.4 |   +0.4% |  +22.9% |  -22.6%
2026-04-04 15:13:28 | INFO     |   2025   | +0.1/+2.7 | +0.1/-1.3 | +0.0/-5.6 | +0.0/-0.9 | -0.0/+6.3 | +0.1/+5.1 | -0.1/+2.3 | +0.0/+2.1 | +0.1/+3.6 | +0.2/+2.4 | +0.1/+0.2 | +0.1/+0.1 |   +0.5% |  +17.0% |  -16.5%
2026-04-04 15:13:28 | INFO     |   2026   | +0.3/+1.5 | +0.0/-0.9 | +0.0/-7.3 |         -- |         -- |         -- |         -- |         -- |         -- |         -- |         -- |         -- |   +0.3% |   -6.7% |   +7.0%
2026-04-04 15:13:28 | INFO     | ------------------------------------------------------------------------------------------------------------------------
2026-04-04 15:13:28 | INFO     | ----------------------------------------------------------------------
2026-04-04 15:13:28 | INFO     |   LARGEST LOSS DAYS (worst 30)
2026-04-04 15:13:28 | INFO     | ----------------------------------------------------------------------
2026-04-04 15:13:28 | INFO     |   Date         |    VIX |  Trades |      Day P&L |      Event
2026-04-04 15:13:28 | INFO     | ----------------------------------------------------------------------
2026-04-04 15:13:28 | INFO     |   20250515     |   18.6 |       1 | $    -122.00 |           
2026-04-04 15:13:28 | INFO     |   20250723     |   16.5 |       1 | $    -122.00 |           
2026-04-04 15:13:28 | INFO     |   20240923     |   16.1 |       1 | $      46.65 |           
2026-04-04 15:13:28 | INFO     |   20250609     |   16.8 |       1 | $      46.65 |           
2026-04-04 15:13:28 | INFO     |   20250919     |   15.7 |       1 | $      50.17 |         TW
2026-04-04 15:13:28 | INFO     |   20240917     |   17.1 |       1 | $      60.98 |           
2026-04-04 15:13:28 | INFO     |   20250221     |   15.7 |       1 | $      60.98 |           
2026-04-04 15:13:28 | INFO     |   20230215     |   18.9 |       1 | $      64.67 |           
2026-04-04 15:13:28 | INFO     |   20250131     |   15.8 |       1 | $      64.67 |           
2026-04-04 15:13:28 | INFO     |   20251022     |   17.9 |       1 | $      64.67 |           
2026-04-04 15:13:28 | INFO     |   20241114     |   14.0 |       1 | $      68.39 |           
2026-04-04 15:13:28 | INFO     |   20251205     |   15.8 |       1 | $      68.39 |           
2026-04-04 15:13:28 | INFO     |   20250617     |   19.1 |       1 | $      75.97 |           
2026-04-04 15:13:28 | INFO     |   20250521     |   18.1 |       1 | $      83.71 |           
2026-04-04 15:13:28 | INFO     |   20241004     |   20.5 |       1 | $      91.64 |           
2026-04-04 15:13:28 | INFO     |   20251104     |   17.2 |       1 | $      95.67 |           
2026-04-04 15:13:28 | INFO     |   20240315     |   14.4 |       1 | $     103.88 |         TW
2026-04-04 15:13:28 | INFO     |   20251029     |   16.4 |       1 | $     120.89 |       FOMC
2026-04-04 15:13:28 | INFO     |   20260130     |   16.9 |       1 | $     267.57 |           
2026-04-04 15:13:28 | INFO     | ----------------------------------------------------------------------
2026-04-04 15:13:28 | INFO     | ----------------------------------------------------------
2026-04-04 15:13:28 | INFO     |   SEASONALITY — DAY OF WEEK
2026-04-04 15:13:28 | INFO     | ----------------------------------------------------------
2026-04-04 15:13:28 | INFO     |   Day   |  Trades |    WR% |    Total P&L |    Avg P&L
2026-04-04 15:13:28 | INFO     | ----------------------------------------------------------
2026-04-04 15:13:28 | INFO     |   Mon   |       2 | 100.0% | $      93.30 | $    46.65
2026-04-04 15:13:28 | INFO     |   Tue   |       3 | 100.0% | $     232.62 | $    77.54
2026-04-04 15:13:28 | INFO     |   Wed   |       5 |  80.0% | $     211.94 | $    42.39
2026-04-04 15:13:28 | INFO     |   Thu   |       2 |  50.0% | $     -53.61 | $   -26.80
2026-04-04 15:13:28 | INFO     |   Fri   |       7 | 100.0% | $     707.30 | $   101.04
2026-04-04 15:13:28 | INFO     | ----------------------------------------------------------
2026-04-04 15:13:28 | INFO     | ----------------------------------------------------------
2026-04-04 15:13:28 | INFO     |   SEASONALITY — MONTH
2026-04-04 15:13:28 | INFO     | ----------------------------------------------------------
2026-04-04 15:13:28 | INFO     |   Month |  Trades |    WR% |    Total P&L |    Avg P&L
2026-04-04 15:13:28 | INFO     | ----------------------------------------------------------
2026-04-04 15:13:28 | INFO     |   Jan   |       2 | 100.0% | $     332.24 | $   166.12
2026-04-04 15:13:28 | INFO     |   Feb   |       2 | 100.0% | $     125.65 | $    62.83
2026-04-04 15:13:28 | INFO     |   Mar   |       1 | 100.0% | $     103.88 | $   103.88
2026-04-04 15:13:28 | INFO     |   May   |       2 |  50.0% | $     -38.29 | $   -19.15
2026-04-04 15:13:28 | INFO     |   Jun   |       2 | 100.0% | $     122.62 | $    61.31
2026-04-04 15:13:28 | INFO     |   Jul   |       1 |   0.0% | $    -122.00 | $  -122.00
2026-04-04 15:13:28 | INFO     |   Sep   |       3 | 100.0% | $     157.80 | $    52.60
2026-04-04 15:13:28 | INFO     |   Oct   |       3 | 100.0% | $     277.20 | $    92.40
2026-04-04 15:13:28 | INFO     |   Nov   |       2 | 100.0% | $     164.06 | $    82.03
2026-04-04 15:13:28 | INFO     |   Dec   |       1 | 100.0% | $      68.39 | $    68.39
2026-04-04 15:13:28 | INFO     | ----------------------------------------------------------
2026-04-04 15:13:28 | INFO     | ------------------------------------------------------------------------
2026-04-04 15:13:28 | INFO     |   CALENDAR / ECON EVENT ANALYSIS  (sorted by WR%)
2026-04-04 15:13:28 | INFO     | ------------------------------------------------------------------------
2026-04-04 15:13:28 | INFO     |   Event          |  Days |    WR% |    Avg/Day |    Total P&L |     Max DD
2026-04-04 15:13:28 | INFO     | ------------------------------------------------------------------------
2026-04-04 15:13:28 | INFO     |   Triple Witch   |     2 | 100.0% | $    77.03 | $     154.05 | $     0.00
2026-04-04 15:13:28 | INFO     |   CPI/NFP        |     2 | 100.0% | $    80.02 | $     160.03 | $     0.00
2026-04-04 15:13:28 | INFO     |   FOMC           |     1 | 100.0% | $   120.89 | $     120.89 | $     0.00
2026-04-04 15:13:28 | INFO     |   Normal         |    14 |  85.7% | $    54.04 | $     756.58 | $   122.00
2026-04-04 15:13:28 | INFO     | ------------------------------------------------------------------------
