2026-04-04 14:16:26 | INFO     | Log file  : /Users/jeerapongwongchote/Documents/thetadata/zenith/logs/zenith_20260404_141625.log
2026-04-04 14:16:26 | INFO     | ================================================================================
2026-04-04 14:16:26 | INFO     |   RECENT RUN HISTORY
2026-04-04 14:16:26 | INFO     | --------------------------------------------------------------------------------
2026-04-04 14:16:26 | INFO     |     # | Timestamp              |  Trades |          P&L |         DD |  Sharpe |     WR
2026-04-04 14:16:26 | INFO     | --------------------------------------------------------------------------------
2026-04-04 14:16:26 | INFO     |    57 | 2026-04-04T13:17:03    |     387 | $    39,964 | -$     652 |  10.61 |  78.3%
2026-04-04 14:16:26 | INFO     |    58 | 2026-04-04T13:17:14    |     387 | $    39,964 | -$     652 |  10.61 |  78.3%
2026-04-04 14:16:26 | INFO     |    59 | 2026-04-04T13:17:24    |     387 | $    39,964 | -$     652 |  10.61 |  78.3%
2026-04-04 14:16:26 | INFO     |    60 | 2026-04-04T13:17:30    |     387 | $    39,964 | -$     652 |  10.61 |  78.3%
2026-04-04 14:16:26 | INFO     |    61 | 2026-04-04T13:18:58    |     387 | $    39,964 | -$     652 |  10.61 |  78.3%
2026-04-04 14:16:26 | INFO     |    62 | 2026-04-04T13:19:05    |     274 | $    26,983 | -$     659 |  10.31 |  78.5%
2026-04-04 14:16:26 | INFO     |    63 | 2026-04-04T13:19:12    |     221 | $    22,931 | -$     497 |  11.04 |  79.6%
2026-04-04 14:16:26 | INFO     |    64 | 2026-04-04T13:19:18    |     134 | $    13,410 | -$     497 |  10.81 |  79.1%
2026-04-04 14:16:26 | INFO     |    65 | 2026-04-04T13:19:25    |      73 | $     7,477 | -$     244 |  11.94 |  83.6%
2026-04-04 14:16:26 | INFO     |    66 | 2026-04-04T13:21:15    |     387 | $    39,964 | -$     652 |  10.61 |  78.3%
2026-04-04 14:16:26 | INFO     | ================================================================================
2026-04-04 14:16:26 | INFO     | ============================================================
2026-04-04 14:16:26 | INFO     | ZENITH FADE CCS BACKTEST
2026-04-04 14:16:26 | INFO     | Signal Mode  : dynamic
2026-04-04 14:16:26 | INFO     | Period       : 2022-01-03 -> 2024-12-31
2026-04-04 14:16:26 | INFO     | Score Thresh : 68.0
2026-04-04 14:16:26 | INFO     | Weights      : var=1.4, vol=8.9, rocket=274.0
2026-04-04 14:16:26 | INFO     | Strike       : 30.0pt OTM, 10.0pt wide
2026-04-04 14:16:26 | INFO     | Risk         : $600.0, TP 66%, SL -100%
2026-04-04 14:16:26 | INFO     | ============================================================
2026-04-04 14:16:26 | INFO     | Building daily indicators...
2026-04-04 14:16:36 | INFO     |   ORB computed for 1265 days (avg width: 19.3 pts)
2026-04-04 14:16:36 | WARNING  | No SPX volume data — dRelVol defaulted to 1.0
2026-04-04 14:16:36 | INFO     | Built daily indicators: 1066 bars
2026-04-04 14:16:36 | INFO     |   -> 1066 daily bars loaded
2026-04-04 14:16:36 | INFO     | ============================================================
2026-04-04 14:16:36 | INFO     | ZENITH FADE CCS BACKTEST
2026-04-04 14:16:36 | INFO     | Mode: dynamic
2026-04-04 14:16:36 | INFO     | Period: 2022-01-03 -> 2024-12-31
2026-04-04 14:16:36 | INFO     | Trades -> /Users/jeerapongwongchote/Documents/thetadata/zenith/logs/zenith_trades_20260404_141625.csv
2026-04-04 14:16:36 | INFO     | ============================================================
2026-04-04 14:16:36 | INFO     | Signal #   1 | 20220104 | CALL | P&L: $     85 | Total: $       85 | WR: 100.0%
2026-04-04 14:16:36 | INFO     | Signal #   2 | 20220106 |  PUT | P&L: $   -122 | Total: $      207 | WR: 66.7%
2026-04-04 14:16:36 | INFO     | Signal #   3 | 20220111 | CALL | P&L: $   -122 | Total: $       85 | WR: 50.0%
2026-04-04 14:16:36 | INFO     | Signal #   4 | 20220112 | CALL | P&L: $     92 | Total: $      177 | WR: 60.0%
2026-04-04 14:16:36 | INFO     | Signal #   5 | 20220113 | CALL | P&L: $    131 | Total: $      308 | WR: 66.7%
2026-04-04 14:16:36 | DEBUG    | Skipping 20220118 — VIX 22.8 > 22.0
2026-04-04 14:16:36 | DEBUG    | Skipping 20220119 — VIX 23.9 > 22.0
2026-04-04 14:16:36 | DEBUG    | Skipping 20220120 — VIX 25.6 > 22.0
2026-04-04 14:16:36 | DEBUG    | Skipping 20220121 — VIX 28.9 > 22.0
2026-04-04 14:16:36 | DEBUG    | Skipping 20220124 — VIX 29.9 > 22.0
2026-04-04 14:16:36 | DEBUG    | Skipping 20220125 — VIX 31.2 > 22.0
2026-04-04 14:16:36 | DEBUG    | Skipping 20220126 — VIX 32.0 > 22.0
2026-04-04 14:16:36 | DEBUG    | Skipping 20220127 — VIX 30.5 > 22.0
2026-04-04 14:16:36 | DEBUG    | Skipping 20220128 — VIX 27.7 > 22.0
2026-04-04 14:16:36 | DEBUG    | Skipping 20220131 — VIX 24.8 > 22.0
2026-04-04 14:16:36 | DEBUG    | Skipping 20220202 — VIX 22.1 > 22.0
2026-04-04 14:16:36 | DEBUG    | Skipping 20220203 — VIX 24.4 > 22.0
2026-04-04 14:16:36 | DEBUG    | Skipping 20220204 — VIX 23.2 > 22.0
2026-04-04 14:16:36 | DEBUG    | Skipping 20220207 — VIX 22.9 > 22.0
2026-04-04 14:16:36 | DEBUG    | Skipping 20220210 — VIX 23.9 > 22.0
2026-04-04 14:16:36 | DEBUG    | Skipping 20220211 — VIX 27.4 > 22.0
2026-04-04 14:16:36 | DEBUG    | Skipping 20220214 — VIX 28.3 > 22.0
2026-04-04 14:16:36 | DEBUG    | Skipping 20220215 — VIX 25.7 > 22.0
2026-04-04 14:16:36 | DEBUG    | Skipping 20220216 — VIX 24.3 > 22.0
2026-04-04 14:16:36 | DEBUG    | Skipping 20220217 — VIX 28.1 > 22.0
2026-04-04 14:16:36 | DEBUG    | Skipping 20220218 — VIX 27.8 > 22.0
2026-04-04 14:16:36 | DEBUG    | Skipping 20220222 — VIX 28.8 > 22.0
2026-04-04 14:16:36 | DEBUG    | Skipping 20220223 — VIX 31.0 > 22.0
2026-04-04 14:16:36 | DEBUG    | Skipping 20220224 — VIX 30.3 > 22.0
2026-04-04 14:16:36 | DEBUG    | Skipping 20220225 — VIX 27.6 > 22.0
2026-04-04 14:16:36 | DEBUG    | Skipping 20220228 — VIX 30.1 > 22.0
2026-04-04 14:16:36 | DEBUG    | Skipping 20220301 — VIX 33.3 > 22.0
2026-04-04 14:16:36 | DEBUG    | Skipping 20220302 — VIX 30.7 > 22.0
2026-04-04 14:16:36 | DEBUG    | Skipping 20220303 — VIX 30.5 > 22.0
2026-04-04 14:16:36 | DEBUG    | Skipping 20220304 — VIX 32.0 > 22.0
2026-04-04 14:16:36 | DEBUG    | Skipping 20220307 — VIX 36.5 > 22.0
2026-04-04 14:16:36 | DEBUG    | Skipping 20220308 — VIX 35.1 > 22.0
2026-04-04 14:16:36 | DEBUG    | Skipping 20220309 — VIX 32.5 > 22.0
2026-04-04 14:16:36 | DEBUG    | Skipping 20220310 — VIX 30.2 > 22.0
2026-04-04 14:16:36 | DEBUG    | Skipping 20220311 — VIX 30.8 > 22.0
2026-04-04 14:16:36 | DEBUG    | Skipping 20220314 — VIX 31.8 > 22.0
2026-04-04 14:16:36 | DEBUG    | Skipping 20220315 — VIX 29.8 > 22.0
2026-04-04 14:16:36 | DEBUG    | Skipping 20220316 — VIX 26.7 > 22.0
2026-04-04 14:16:36 | DEBUG    | Skipping 20220317 — VIX 25.7 > 22.0
2026-04-04 14:16:36 | DEBUG    | Skipping 20220318 — VIX 23.9 > 22.0
2026-04-04 14:16:36 | DEBUG    | Skipping 20220321 — VIX 23.5 > 22.0
2026-04-04 14:16:36 | DEBUG    | Skipping 20220322 — VIX 22.9 > 22.0
2026-04-04 14:16:36 | DEBUG    | Skipping 20220323 — VIX 23.6 > 22.0
2026-04-04 14:16:36 | DEBUG    | Skipping 20220406 — VIX 22.1 > 22.0
2026-04-04 14:16:36 | DEBUG    | Skipping 20220411 — VIX 24.4 > 22.0
2026-04-04 14:16:36 | DEBUG    | Skipping 20220412 — VIX 24.3 > 22.0
2026-04-04 14:16:36 | DEBUG    | Skipping 20220414 — VIX 22.7 > 22.0
2026-04-04 14:16:36 | DEBUG    | Skipping 20220418 — VIX 22.2 > 22.0
2026-04-04 14:16:36 | DEBUG    | Skipping 20220421 — VIX 22.7 > 22.0
2026-04-04 14:16:36 | DEBUG    | Skipping 20220422 — VIX 28.2 > 22.0
2026-04-04 14:16:36 | DEBUG    | Skipping 20220425 — VIX 27.0 > 22.0
2026-04-04 14:16:36 | DEBUG    | Skipping 20220426 — VIX 33.5 > 22.0
2026-04-04 14:16:36 | DEBUG    | Skipping 20220427 — VIX 31.6 > 22.0
2026-04-04 14:16:36 | DEBUG    | Skipping 20220428 — VIX 30.0 > 22.0
2026-04-04 14:16:36 | DEBUG    | Skipping 20220429 — VIX 33.4 > 22.0
2026-04-04 14:16:36 | DEBUG    | Skipping 20220502 — VIX 32.3 > 22.0
2026-04-04 14:16:36 | DEBUG    | Skipping 20220503 — VIX 29.2 > 22.0
2026-04-04 14:16:36 | DEBUG    | Skipping 20220504 — VIX 25.4 > 22.0
2026-04-04 14:16:36 | DEBUG    | Skipping 20220505 — VIX 31.2 > 22.0
2026-04-04 14:16:36 | DEBUG    | Skipping 20220506 — VIX 30.2 > 22.0
2026-04-04 14:16:36 | DEBUG    | Skipping 20220509 — VIX 34.8 > 22.0
2026-04-04 14:16:36 | DEBUG    | Skipping 20220510 — VIX 33.0 > 22.0
2026-04-04 14:16:36 | DEBUG    | Skipping 20220511 — VIX 32.6 > 22.0
2026-04-04 14:16:36 | DEBUG    | Skipping 20220512 — VIX 31.8 > 22.0
2026-04-04 14:16:36 | DEBUG    | Skipping 20220513 — VIX 28.9 > 22.0
2026-04-04 14:16:36 | DEBUG    | Skipping 20220516 — VIX 27.5 > 22.0
2026-04-04 14:16:36 | DEBUG    | Skipping 20220517 — VIX 26.1 > 22.0
2026-04-04 14:16:36 | DEBUG    | Skipping 20220518 — VIX 31.0 > 22.0
2026-04-04 14:16:36 | DEBUG    | Skipping 20220519 — VIX 29.4 > 22.0
2026-04-04 14:16:36 | DEBUG    | Skipping 20220520 — VIX 29.4 > 22.0
2026-04-04 14:16:36 | DEBUG    | Skipping 20220523 — VIX 28.5 > 22.0
2026-04-04 14:16:36 | DEBUG    | Skipping 20220524 — VIX 29.4 > 22.0
2026-04-04 14:16:36 | DEBUG    | Skipping 20220525 — VIX 28.4 > 22.0
2026-04-04 14:16:36 | DEBUG    | Skipping 20220526 — VIX 27.5 > 22.0
2026-04-04 14:16:36 | DEBUG    | Skipping 20220527 — VIX 25.7 > 22.0
2026-04-04 14:16:36 | DEBUG    | Skipping 20220531 — VIX 26.2 > 22.0
2026-04-04 14:16:36 | DEBUG    | Skipping 20220601 — VIX 25.7 > 22.0
2026-04-04 14:16:36 | DEBUG    | Skipping 20220602 — VIX 24.7 > 22.0
2026-04-04 14:16:36 | DEBUG    | Skipping 20220603 — VIX 24.8 > 22.0
2026-04-04 14:16:36 | DEBUG    | Skipping 20220606 — VIX 25.1 > 22.0
2026-04-04 14:16:36 | DEBUG    | Skipping 20220607 — VIX 24.0 > 22.0
2026-04-04 14:16:36 | DEBUG    | Skipping 20220608 — VIX 24.0 > 22.0
2026-04-04 14:16:36 | DEBUG    | Skipping 20220609 — VIX 26.1 > 22.0
2026-04-04 14:16:36 | DEBUG    | Skipping 20220610 — VIX 27.8 > 22.0
2026-04-04 14:16:36 | DEBUG    | Skipping 20220613 — VIX 34.0 > 22.0
2026-04-04 14:16:36 | DEBUG    | Skipping 20220614 — VIX 32.7 > 22.0
2026-04-04 14:16:36 | DEBUG    | Skipping 20220615 — VIX 29.6 > 22.0
2026-04-04 14:16:36 | DEBUG    | Skipping 20220616 — VIX 33.0 > 22.0
2026-04-04 14:16:36 | DEBUG    | Skipping 20220617 — VIX 31.1 > 22.0
2026-04-04 14:16:36 | DEBUG    | Skipping 20220621 — VIX 30.2 > 22.0
2026-04-04 14:16:36 | DEBUG    | Skipping 20220622 — VIX 28.9 > 22.0
2026-04-04 14:16:36 | DEBUG    | Skipping 20220623 — VIX 29.1 > 22.0
2026-04-04 14:16:36 | DEBUG    | Skipping 20220624 — VIX 27.2 > 22.0
2026-04-04 14:16:36 | DEBUG    | Skipping 20220627 — VIX 26.9 > 22.0
2026-04-04 14:16:36 | DEBUG    | Skipping 20220628 — VIX 28.4 > 22.0
2026-04-04 14:16:36 | DEBUG    | Skipping 20220629 — VIX 28.2 > 22.0
2026-04-04 14:16:36 | DEBUG    | Skipping 20220630 — VIX 28.7 > 22.0
2026-04-04 14:16:36 | DEBUG    | Skipping 20220701 — VIX 26.7 > 22.0
2026-04-04 14:16:36 | DEBUG    | Skipping 20220705 — VIX 27.5 > 22.0
2026-04-04 14:16:36 | DEBUG    | Skipping 20220706 — VIX 26.7 > 22.0
2026-04-04 14:16:36 | DEBUG    | Skipping 20220707 — VIX 26.1 > 22.0
2026-04-04 14:16:36 | DEBUG    | Skipping 20220708 — VIX 24.6 > 22.0
2026-04-04 14:16:36 | DEBUG    | Skipping 20220711 — VIX 26.2 > 22.0
2026-04-04 14:16:36 | DEBUG    | Skipping 20220712 — VIX 27.3 > 22.0
2026-04-04 14:16:36 | DEBUG    | Skipping 20220713 — VIX 26.8 > 22.0
2026-04-04 14:16:36 | DEBUG    | Skipping 20220714 — VIX 26.4 > 22.0
2026-04-04 14:16:36 | DEBUG    | Skipping 20220715 — VIX 24.2 > 22.0
2026-04-04 14:16:36 | DEBUG    | Skipping 20220718 — VIX 25.3 > 22.0
2026-04-04 14:16:36 | DEBUG    | Skipping 20220719 — VIX 24.5 > 22.0
2026-04-04 14:16:36 | DEBUG    | Skipping 20220720 — VIX 23.9 > 22.0
2026-04-04 14:16:36 | DEBUG    | Skipping 20220721 — VIX 23.1 > 22.0
2026-04-04 14:16:36 | DEBUG    | Skipping 20220722 — VIX 23.0 > 22.0
2026-04-04 14:16:36 | DEBUG    | Skipping 20220725 — VIX 23.4 > 22.0
2026-04-04 14:16:36 | DEBUG    | Skipping 20220726 — VIX 24.7 > 22.0
2026-04-04 14:16:36 | DEBUG    | Skipping 20220727 — VIX 23.2 > 22.0
2026-04-04 14:16:36 | DEBUG    | Skipping 20220728 — VIX 22.3 > 22.0
2026-04-04 14:16:36 | DEBUG    | Skipping 20220801 — VIX 22.8 > 22.0
2026-04-04 14:16:36 | DEBUG    | Skipping 20220802 — VIX 23.9 > 22.0
2026-04-04 14:16:36 | DEBUG    | Skipping 20220822 — VIX 23.8 > 22.0
2026-04-04 14:16:36 | DEBUG    | Skipping 20220823 — VIX 24.1 > 22.0
2026-04-04 14:16:36 | DEBUG    | Skipping 20220824 — VIX 22.8 > 22.0
2026-04-04 14:16:36 | DEBUG    | Skipping 20220826 — VIX 25.6 > 22.0
2026-04-04 14:16:36 | DEBUG    | Skipping 20220829 — VIX 26.2 > 22.0
2026-04-04 14:16:36 | DEBUG    | Skipping 20220830 — VIX 26.2 > 22.0
2026-04-04 14:16:36 | DEBUG    | Skipping 20220831 — VIX 25.9 > 22.0
2026-04-04 14:16:36 | DEBUG    | Skipping 20220901 — VIX 25.6 > 22.0
2026-04-04 14:16:36 | DEBUG    | Skipping 20220902 — VIX 25.5 > 22.0
2026-04-04 14:16:36 | DEBUG    | Skipping 20220906 — VIX 26.9 > 22.0
2026-04-04 14:16:36 | DEBUG    | Skipping 20220907 — VIX 24.6 > 22.0
2026-04-04 14:16:36 | DEBUG    | Skipping 20220908 — VIX 23.6 > 22.0
2026-04-04 14:16:36 | DEBUG    | Skipping 20220909 — VIX 22.8 > 22.0
2026-04-04 14:16:36 | DEBUG    | Skipping 20220912 — VIX 23.9 > 22.0
2026-04-04 14:16:36 | DEBUG    | Skipping 20220913 — VIX 27.3 > 22.0
2026-04-04 14:16:36 | DEBUG    | Skipping 20220914 — VIX 26.2 > 22.0
2026-04-04 14:16:36 | DEBUG    | Skipping 20220915 — VIX 26.3 > 22.0
2026-04-04 14:16:36 | DEBUG    | Skipping 20220916 — VIX 26.3 > 22.0
2026-04-04 14:16:36 | DEBUG    | Skipping 20220919 — VIX 25.8 > 22.0
2026-04-04 14:16:36 | DEBUG    | Skipping 20220920 — VIX 27.2 > 22.0
2026-04-04 14:16:36 | DEBUG    | Skipping 20220921 — VIX 28.0 > 22.0
2026-04-04 14:16:36 | DEBUG    | Skipping 20220922 — VIX 27.4 > 22.0
2026-04-04 14:16:36 | DEBUG    | Skipping 20220923 — VIX 29.9 > 22.0
2026-04-04 14:16:36 | DEBUG    | Skipping 20220926 — VIX 32.3 > 22.0
2026-04-04 14:16:36 | DEBUG    | Skipping 20220927 — VIX 32.6 > 22.0
2026-04-04 14:16:36 | DEBUG    | Skipping 20220928 — VIX 30.2 > 22.0
2026-04-04 14:16:36 | DEBUG    | Skipping 20220929 — VIX 31.8 > 22.0
2026-04-04 14:16:36 | DEBUG    | Skipping 20220930 — VIX 31.6 > 22.0
2026-04-04 14:16:36 | DEBUG    | Skipping 20221003 — VIX 30.1 > 22.0
2026-04-04 14:16:36 | DEBUG    | Skipping 20221004 — VIX 29.1 > 22.0
2026-04-04 14:16:36 | DEBUG    | Skipping 20221005 — VIX 28.6 > 22.0
2026-04-04 14:16:36 | DEBUG    | Skipping 20221006 — VIX 30.5 > 22.0
2026-04-04 14:16:36 | DEBUG    | Skipping 20221007 — VIX 31.4 > 22.0
2026-04-04 14:16:36 | DEBUG    | Skipping 20221010 — VIX 32.5 > 22.0
2026-04-04 14:16:36 | DEBUG    | Skipping 20221011 — VIX 33.6 > 22.0
2026-04-04 14:16:36 | DEBUG    | Skipping 20221012 — VIX 33.6 > 22.0
2026-04-04 14:16:36 | DEBUG    | Skipping 20221013 — VIX 31.9 > 22.0
2026-04-04 14:16:36 | DEBUG    | Skipping 20221014 — VIX 32.0 > 22.0
2026-04-04 14:16:36 | DEBUG    | Skipping 20221017 — VIX 31.4 > 22.0
2026-04-04 14:16:36 | DEBUG    | Skipping 20221018 — VIX 30.5 > 22.0
2026-04-04 14:16:36 | DEBUG    | Skipping 20221019 — VIX 30.8 > 22.0
2026-04-04 14:16:36 | DEBUG    | Skipping 20221020 — VIX 30.0 > 22.0
2026-04-04 14:16:36 | DEBUG    | Skipping 20221021 — VIX 29.7 > 22.0
2026-04-04 14:16:36 | DEBUG    | Skipping 20221024 — VIX 29.9 > 22.0
2026-04-04 14:16:36 | DEBUG    | Skipping 20221025 — VIX 28.5 > 22.0
2026-04-04 14:16:36 | DEBUG    | Skipping 20221026 — VIX 27.3 > 22.0
2026-04-04 14:16:36 | DEBUG    | Skipping 20221027 — VIX 27.4 > 22.0
2026-04-04 14:16:36 | DEBUG    | Skipping 20221028 — VIX 25.8 > 22.0
2026-04-04 14:16:36 | DEBUG    | Skipping 20221031 — VIX 25.9 > 22.0
2026-04-04 14:16:36 | DEBUG    | Skipping 20221101 — VIX 25.8 > 22.0
2026-04-04 14:16:36 | DEBUG    | Skipping 20221102 — VIX 25.9 > 22.0
2026-04-04 14:16:36 | DEBUG    | Skipping 20221103 — VIX 25.3 > 22.0
2026-04-04 14:16:36 | DEBUG    | Skipping 20221104 — VIX 24.6 > 22.0
2026-04-04 14:16:36 | DEBUG    | Skipping 20221107 — VIX 24.4 > 22.0
2026-04-04 14:16:36 | DEBUG    | Skipping 20221108 — VIX 25.5 > 22.0
2026-04-04 14:16:36 | DEBUG    | Skipping 20221109 — VIX 26.1 > 22.0
2026-04-04 14:16:36 | DEBUG    | Skipping 20221110 — VIX 23.5 > 22.0
2026-04-04 14:16:36 | DEBUG    | Skipping 20221111 — VIX 22.5 > 22.0
2026-04-04 14:16:36 | DEBUG    | Skipping 20221114 — VIX 23.7 > 22.0
2026-04-04 14:16:36 | DEBUG    | Skipping 20221115 — VIX 24.5 > 22.0
2026-04-04 14:16:36 | DEBUG    | Skipping 20221116 — VIX 24.1 > 22.0
2026-04-04 14:16:36 | DEBUG    | Skipping 20221117 — VIX 23.9 > 22.0
2026-04-04 14:16:36 | DEBUG    | Skipping 20221118 — VIX 23.1 > 22.0
2026-04-04 14:16:36 | DEBUG    | Skipping 20221121 — VIX 22.4 > 22.0
2026-04-04 14:16:36 | DEBUG    | Skipping 20221128 — VIX 22.2 > 22.0
2026-04-04 14:16:36 | DEBUG    | Skipping 20221206 — VIX 22.2 > 22.0
2026-04-04 14:16:36 | DEBUG    | Skipping 20221207 — VIX 22.7 > 22.0
2026-04-04 14:16:36 | DEBUG    | Skipping 20221208 — VIX 22.3 > 22.0
2026-04-04 14:16:36 | DEBUG    | Skipping 20221209 — VIX 22.8 > 22.0
2026-04-04 14:16:36 | DEBUG    | Skipping 20221212 — VIX 25.0 > 22.0
2026-04-04 14:16:36 | DEBUG    | Skipping 20221213 — VIX 22.6 > 22.0
2026-04-04 14:16:36 | DEBUG    | Skipping 20221215 — VIX 22.8 > 22.0
2026-04-04 14:16:36 | DEBUG    | Skipping 20221216 — VIX 22.6 > 22.0
2026-04-04 14:16:36 | DEBUG    | Skipping 20221219 — VIX 22.4 > 22.0
2026-04-04 14:16:36 | DEBUG    | Skipping 20221228 — VIX 22.1 > 22.0
2026-04-04 14:16:36 | DEBUG    | Skipping 20230103 — VIX 22.9 > 22.0
2026-04-04 14:16:36 | DEBUG    | Skipping 20230104 — VIX 22.0 > 22.0
2026-04-04 14:16:36 | DEBUG    | Skipping 20230105 — VIX 22.5 > 22.0
2026-04-04 14:16:36 | INFO     | Signal #  50 | 20230209 |  PUT | P&L: $   -122 | Total: $    4,108 | WR: 73.6%
2026-04-04 14:16:36 | DEBUG    | Skipping 20230221 — VIX 22.9 > 22.0
2026-04-04 14:16:36 | DEBUG    | Skipping 20230222 — VIX 22.3 > 22.0
2026-04-04 14:16:36 | DEBUG    | Skipping 20230309 — VIX 22.6 > 22.0
2026-04-04 14:16:36 | DEBUG    | Skipping 20230310 — VIX 24.8 > 22.0
2026-04-04 14:16:36 | DEBUG    | Skipping 20230313 — VIX 26.5 > 22.0
2026-04-04 14:16:36 | DEBUG    | Skipping 20230314 — VIX 23.7 > 22.0
2026-04-04 14:16:36 | DEBUG    | Skipping 20230315 — VIX 26.1 > 22.0
2026-04-04 14:16:36 | DEBUG    | Skipping 20230316 — VIX 23.0 > 22.0
2026-04-04 14:16:36 | DEBUG    | Skipping 20230317 — VIX 25.5 > 22.0
2026-04-04 14:16:36 | DEBUG    | Skipping 20230320 — VIX 24.1 > 22.0
2026-04-04 14:16:36 | DEBUG    | Skipping 20230322 — VIX 22.3 > 22.0
2026-04-04 14:16:36 | DEBUG    | Skipping 20230323 — VIX 22.6 > 22.0
2026-04-04 14:16:37 | INFO     | Signal # 100 | 20230927 |  PUT | P&L: $   -122 | Total: $    9,720 | WR: 80.8%
2026-04-04 14:16:37 | INFO     | Signal # 150 | 20240419 |  PUT | P&L: $   -122 | Total: $   14,407 | WR: 80.0%
2026-04-04 14:16:38 | DEBUG    | Skipping 20240802 — VIX 23.4 > 22.0
2026-04-04 14:16:38 | DEBUG    | Skipping 20240805 — VIX 38.6 > 22.0
2026-04-04 14:16:38 | DEBUG    | Skipping 20240806 — VIX 27.7 > 22.0
2026-04-04 14:16:38 | DEBUG    | Skipping 20240807 — VIX 27.9 > 22.0
2026-04-04 14:16:38 | DEBUG    | Skipping 20240808 — VIX 23.8 > 22.0
2026-04-04 14:16:38 | DEBUG    | Skipping 20240906 — VIX 22.4 > 22.0
2026-04-04 14:16:38 | DEBUG    | Skipping 20241007 — VIX 22.6 > 22.0
2026-04-04 14:16:38 | INFO     | Signal # 200 | 20241030 | CALL | P&L: $     80 | Total: $   21,591 | WR: 82.0%
2026-04-04 14:16:38 | DEBUG    | Skipping 20241031 — VIX 23.2 > 22.0
2026-04-04 14:16:38 | DEBUG    | Skipping 20241218 — VIX 27.6 > 22.0
2026-04-04 14:16:38 | DEBUG    | Skipping 20241219 — VIX 24.1 > 22.0
2026-04-04 14:16:38 | INFO     | DONE — 227 trades, 753 trading days, 537 skipped
2026-04-04 14:16:38 | INFO     | Trade log snapshot -> /Users/jeerapongwongchote/Documents/thetadata/zenith/tradelogs_zenith.csv
2026-04-04 14:16:38 | INFO     | ============================================================
2026-04-04 14:16:38 | INFO     |   ZENITH FADE CCS — BACKTEST RESULTS
2026-04-04 14:16:38 | INFO     | ============================================================
2026-04-04 14:16:38 | INFO     |   Period          : 20220103 -> 20241231
2026-04-04 14:16:38 | INFO     |   Business days   : 753
2026-04-04 14:16:38 | INFO     |   Days traded     : 215
2026-04-04 14:16:38 | INFO     |   Total trades    : 227  (wins: 186  losses: 41)
2026-04-04 14:16:38 | INFO     |   Avg trades/day  :    1.1
2026-04-04 14:16:38 | INFO     | ------------------------------------------------------------
2026-04-04 14:16:38 | INFO     |   Total P&L       : $   23,807.33  (net of commission)
2026-04-04 14:16:38 | INFO     |   CAGR            :  7.4%  (acct=$100,000)
2026-04-04 14:16:38 | INFO     |   Avg profit/trade: $  155.59
2026-04-04 14:16:38 | INFO     |   Avg loss/trade  : $ -125.19
2026-04-04 14:16:38 | INFO     |   Expectancy/trade: $  104.88
2026-04-04 14:16:38 | INFO     |   Profit factor   :    5.64x
2026-04-04 14:16:38 | INFO     | ------------------------------------------------------------
2026-04-04 14:16:38 | INFO     |   Max drawdown    : $  496.70  (0.5%)
2026-04-04 14:16:38 | INFO     |   Calmar ratio    :     16.43  (CAGR / max DD%)
2026-04-04 14:16:38 | INFO     |   Recovery factor :     47.93  (net P&L / max DD)
2026-04-04 14:16:38 | INFO     |   Time underwater :   29.1%
2026-04-04 14:16:38 | INFO     | ------------------------------------------------------------
2026-04-04 14:16:38 | INFO     |   Win rate        :   81.9%
2026-04-04 14:16:38 | INFO     |   Sharpe ratio    :     11.51  (rf=4.5%)
2026-04-04 14:16:38 | INFO     |   Sortino ratio   :     81.48
2026-04-04 14:16:38 | INFO     |   Ann. volatility : $2,293.15
2026-04-04 14:16:38 | INFO     | ------------------------------------------------------------
2026-04-04 14:16:38 | INFO     |   Best day        : $  394.00
2026-04-04 14:16:38 | INFO     |   Worst day       : $ -374.70
2026-04-04 14:16:38 | INFO     |   Best trade      : $  394.00
2026-04-04 14:16:38 | INFO     |   Worst trade     : $ -252.70
2026-04-04 14:16:38 | INFO     |   Max win streak  : 21
2026-04-04 14:16:38 | INFO     | ------------------------------------------------------------
2026-04-04 14:16:38 | INFO     |   Score threshold : 68.0
2026-04-04 14:16:38 | INFO     |   Strike offset   : 30.0pt
2026-04-04 14:16:38 | INFO     |   Spread width    : 10.0pt
2026-04-04 14:16:38 | INFO     |   Credit model    : real
2026-04-04 14:16:38 | INFO     |   Bidirectional   : True (put score <= 50.0)
2026-04-04 14:16:38 | INFO     |   Intraday SL     : -0.2
2026-04-04 14:16:38 | INFO     |   Credit floor    : $0.75
2026-04-04 14:16:38 | INFO     |   VIX max filter  : 22.0
2026-04-04 14:16:38 | INFO     |   Term structure  : skip backwardation (ratio > 1.0)
2026-04-04 14:16:38 | INFO     |   Commission      : $0.5/leg
2026-04-04 14:16:38 | INFO     | ============================================================
2026-04-04 14:16:38 | INFO     | Results written to /Users/jeerapongwongchote/Documents/thetadata/zenith/RESULTS.md (keeping last 3 runs)
2026-04-04 14:16:38 | INFO     | Run summary appended to /Users/jeerapongwongchote/Documents/thetadata/zenith/logs/run_history.json
2026-04-04 14:16:38 | INFO     | --------------------------------------------------------------
2026-04-04 14:16:38 | INFO     |   VIX CORRELATION ANALYSIS
2026-04-04 14:16:38 | INFO     | --------------------------------------------------------------
2026-04-04 14:16:38 | INFO     |   VIX Range  |  Trades |  Win Rate |    Avg P&L |    Total P&L
2026-04-04 14:16:38 | INFO     | --------------------------------------------------------------
2026-04-04 14:16:38 | INFO     |   < 15       |      67 |     92.5% | $   130.39 | $   8,736.22
2026-04-04 14:16:38 | INFO     |   15-20      |     106 |     77.4% | $    75.19 | $   7,970.64
2026-04-04 14:16:38 | INFO     |   20-25      |      54 |     77.8% | $   131.49 | $   7,100.47
2026-04-04 14:16:38 | INFO     | --------------------------------------------------------------
2026-04-04 14:16:38 | INFO     | -----------------------------------------------------------------------------------------------
2026-04-04 14:16:38 | INFO     |   PUT vs CALL SPREAD PERFORMANCE SPLIT
2026-04-04 14:16:38 | INFO     | -----------------------------------------------------------------------------------------------
2026-04-04 14:16:38 | INFO     |   Type     |  Trades |  Win Rate |    Avg P&L |    Total P&L |   Avg Win |  Avg Loss |  Prof Fac
2026-04-04 14:16:38 | INFO     | -----------------------------------------------------------------------------------------------
2026-04-04 14:16:38 | INFO     |   CALL     |      99 |     78.8% | $    39.97 | $   3,956.87 | $   83.58 | $ -122.00 |     2.54x
2026-04-04 14:16:38 | INFO     |   PUT      |     116 |     83.6% | $   158.44 | $  18,378.55 | $  213.37 | $ -122.00 |     8.93x
2026-04-04 14:16:38 | INFO     | -----------------------------------------------------------------------------------------------
2026-04-04 14:16:38 | INFO     | --------------------------------------------------------------------------------------------------------------
2026-04-04 14:16:38 | INFO     |   MONTHLY P&L TABLE
2026-04-04 14:16:38 | INFO     | --------------------------------------------------------------------------------------------------------------
2026-04-04 14:16:38 | INFO     |   Year   |       1 |       2 |       3 |       4 |       5 |       6 |       7 |       8 |       9 |      10 |      11 |      12 |      Total
2026-04-04 14:16:38 | INFO     | --------------------------------------------------------------------------------------------------------------
2026-04-04 14:16:38 | INFO     |   2022   | $   457 | $   301 | $   631 | $   554 |      -- |      -- |      -- | $ 1,367 |      -- |      -- | $   136 | $   503 | $    3,948
2026-04-04 14:16:38 | INFO     |   2023   | $   221 | $   590 | $   509 | $   957 | $   288 | $   958 | $   808 | $   855 | $   507 | $   985 | $   595 | $   443 | $    7,716
2026-04-04 14:16:38 | INFO     |   2024   | $   773 | $   751 | $   995 | $   530 | $   984 | $   421 | $ 1,108 | $   965 | $ 1,404 | $ 1,997 | $   790 | $ 1,427 | $   12,144
2026-04-04 14:16:38 | INFO     | --------------------------------------------------------------------------------------------------------------
2026-04-04 14:16:38 | INFO     | --------------------------------------------------------------------------------------------------------------
2026-04-04 14:16:38 | INFO     |   INTRA-MONTH MAX DRAWDOWN
2026-04-04 14:16:38 | INFO     | --------------------------------------------------------------------------------------------------------------
2026-04-04 14:16:38 | INFO     |   Year   |       1 |       2 |       3 |       4 |       5 |       6 |       7 |       8 |       9 |      10 |      11 |      12 |     Ann DD
2026-04-04 14:16:38 | INFO     | --------------------------------------------------------------------------------------------------------------
2026-04-04 14:16:38 | INFO     |   2022   | $   122 | $     0 | $     0 | $   244 |      -- |      -- |      -- | $   122 |      -- |      -- | $   122 | $   244 | $      244
2026-04-04 14:16:38 | INFO     |   2023   | $   315 | $   122 | $     0 | $     0 | $   122 | $     0 | $     0 | $   244 | $   122 | $   497 | $   122 | $     0 | $      497
2026-04-04 14:16:38 | INFO     |   2024   | $   122 | $     0 | $   122 | $   122 | $     0 | $     0 | $   244 | $   122 | $     0 | $   122 | $   122 | $   122 | $      244
2026-04-04 14:16:38 | INFO     | --------------------------------------------------------------------------------------------------------------
2026-04-04 14:16:38 | INFO     | ------------------------------------------------------------------------------------------------------------------------
2026-04-04 14:16:38 | INFO     |   MONTHLY RETURN: STRATEGY vs SPY
2026-04-04 14:16:38 | INFO     | ------------------------------------------------------------------------------------------------------------------------
2026-04-04 14:16:38 | INFO     |   Year   |          1 |          2 |          3 |          4 |          5 |          6 |          7 |          8 |          9 |         10 |         11 |         12 |   Strat |     SPY |   Alpha
2026-04-04 14:16:38 | INFO     | ------------------------------------------------------------------------------------------------------------------------
2026-04-04 14:16:38 | INFO     |   2022   | +0.5/-5.3 | +0.3/-3.0 | +0.6/+3.8 | +0.6/-8.8 | +0.0/+0.2 | +0.0/-8.2 | +0.0/+9.2 | +1.4/-4.1 | +0.0/-9.2 | +0.0/+8.1 | +0.1/+5.6 | +0.5/-5.8 |   +3.9% |  -17.5% |  +21.4%
2026-04-04 14:16:38 | INFO     |   2023   | +0.2/+6.3 | +0.6/-2.5 | +0.5/+3.7 | +1.0/+1.6 | +0.3/+0.5 | +1.0/+6.5 | +0.8/+3.3 | +0.9/-1.6 | +0.5/-4.7 | +1.0/-2.2 | +0.6/+9.1 | +0.4/+4.6 |   +7.7% |  +24.5% |  -16.7%
2026-04-04 14:16:38 | INFO     |   2024   | +0.8/+1.6 | +0.8/+5.2 | +1.0/+3.3 | +0.5/-4.0 | +1.0/+5.1 | +0.4/+3.5 | +1.1/+1.2 | +1.0/+2.3 | +1.4/+2.1 | +2.0/-0.9 | +0.8/+6.0 | +1.4/-2.4 |  +12.1% |  +22.9% |  -10.8%
2026-04-04 14:16:38 | INFO     | ------------------------------------------------------------------------------------------------------------------------
2026-04-04 14:16:38 | INFO     | ----------------------------------------------------------------------
2026-04-04 14:16:38 | INFO     |   LARGEST LOSS DAYS (worst 30)
2026-04-04 14:16:38 | INFO     | ----------------------------------------------------------------------
2026-04-04 14:16:38 | INFO     |   Date         |    VIX |  Trades |      Day P&L |      Event
2026-04-04 14:16:38 | INFO     | ----------------------------------------------------------------------
2026-04-04 14:16:38 | INFO     |   20231020     |   21.4 |       2 | $    -374.70 |           
2026-04-04 14:16:38 | INFO     |   20220111     |   19.4 |       1 | $    -122.00 |           
2026-04-04 14:16:38 | INFO     |   20220407     |   22.1 |       1 | $    -122.00 |           
2026-04-04 14:16:38 | INFO     |   20220419     |   22.2 |       1 | $    -122.00 |           
2026-04-04 14:16:38 | INFO     |   20220825     |   22.8 |       1 | $    -122.00 |           
2026-04-04 14:16:38 | INFO     |   20221122     |   22.4 |       1 | $    -122.00 |           
2026-04-04 14:16:38 | INFO     |   20221221     |   21.5 |       1 | $    -122.00 |           
2026-04-04 14:16:38 | INFO     |   20230113     |   18.8 |       1 | $    -122.00 |           
2026-04-04 14:16:38 | INFO     |   20230118     |   19.4 |       1 | $    -122.00 |           
2026-04-04 14:16:38 | INFO     |   20230125     |   19.2 |       1 | $    -122.00 |           
2026-04-04 14:16:38 | INFO     |   20230127     |   18.7 |       1 | $    -122.00 |           
2026-04-04 14:16:38 | INFO     |   20230209     |   19.6 |       1 | $    -122.00 |           
2026-04-04 14:16:38 | INFO     |   20230213     |   20.5 |       1 | $    -122.00 |           
2026-04-04 14:16:38 | INFO     |   20230502     |   16.1 |       1 | $    -122.00 |           
2026-04-04 14:16:38 | INFO     |   20230816     |   16.5 |       1 | $    -122.00 |           
2026-04-04 14:16:38 | INFO     |   20230817     |   16.8 |       1 | $    -122.00 |           
2026-04-04 14:16:38 | INFO     |   20230906     |   14.0 |       1 | $    -122.00 |           
2026-04-04 14:16:38 | INFO     |   20231019     |   19.2 |       1 | $    -122.00 |           
2026-04-04 14:16:38 | INFO     |   20231027     |   20.7 |       1 | $    -122.00 |           
2026-04-04 14:16:38 | INFO     |   20231102     |   16.9 |       1 | $    -122.00 |           
2026-04-04 14:16:38 | INFO     |   20240119     |   14.1 |       1 | $    -122.00 |           
2026-04-04 14:16:38 | INFO     |   20240305     |   13.5 |       1 | $    -122.00 |           
2026-04-04 14:16:38 | INFO     |   20240425     |   16.0 |       1 | $    -122.00 |           
2026-04-04 14:16:38 | INFO     |   20240718     |   14.5 |       1 | $    -122.00 |           
2026-04-04 14:16:38 | INFO     |   20240719     |   15.9 |       1 | $    -122.00 |           
2026-04-04 14:16:38 | INFO     |   20240815     |   16.2 |       1 | $    -122.00 |           
2026-04-04 14:16:38 | INFO     |   20241001     |   16.7 |       1 | $    -122.00 |           
2026-04-04 14:16:38 | INFO     |   20241119     |   15.6 |       1 | $    -122.00 |           
2026-04-04 14:16:38 | INFO     |   20241230     |   15.9 |       1 | $    -122.00 |           
2026-04-04 14:16:38 | INFO     |   20240419     |   18.0 |       2 | $    -112.02 |           
2026-04-04 14:16:38 | INFO     | ----------------------------------------------------------------------
2026-04-04 14:16:38 | INFO     | ----------------------------------------------------------
2026-04-04 14:16:38 | INFO     |   SEASONALITY — DAY OF WEEK
2026-04-04 14:16:38 | INFO     | ----------------------------------------------------------
2026-04-04 14:16:38 | INFO     |   Day   |  Trades |    WR% |    Total P&L |    Avg P&L
2026-04-04 14:16:38 | INFO     | ----------------------------------------------------------
2026-04-04 14:16:38 | INFO     |   Mon   |      37 |  94.6% | $   5,371.76 | $   145.18
2026-04-04 14:16:38 | INFO     |   Tue   |      51 |  82.4% | $   4,415.45 | $    86.58
2026-04-04 14:16:38 | INFO     |   Wed   |      38 |  84.2% | $   4,725.49 | $   124.35
2026-04-04 14:16:38 | INFO     |   Thu   |      52 |  76.9% | $   4,285.27 | $    82.41
2026-04-04 14:16:38 | INFO     |   Fri   |      49 |  75.5% | $   5,009.36 | $   102.23
2026-04-04 14:16:38 | INFO     | ----------------------------------------------------------
2026-04-04 14:16:38 | INFO     | ----------------------------------------------------------
2026-04-04 14:16:38 | INFO     |   SEASONALITY — MONTH
2026-04-04 14:16:38 | INFO     | ----------------------------------------------------------
2026-04-04 14:16:38 | INFO     |   Month |  Trades |    WR% |    Total P&L |    Avg P&L
2026-04-04 14:16:38 | INFO     | ----------------------------------------------------------
2026-04-04 14:16:38 | INFO     |   Jan   |      25 |  72.0% | $   1,451.36 | $    58.05
2026-04-04 14:16:38 | INFO     |   Feb   |      15 |  86.7% | $   1,641.60 | $   109.44
2026-04-04 14:16:38 | INFO     |   Mar   |      17 |  94.1% | $   2,134.10 | $   125.54
2026-04-04 14:16:38 | INFO     |   Apr   |      20 |  70.0% | $   2,040.34 | $   102.02
2026-04-04 14:16:38 | INFO     |   May   |       9 |  88.9% | $   1,272.01 | $   141.33
2026-04-04 14:16:38 | INFO     |   Jun   |      11 | 100.0% | $   1,379.45 | $   125.40
2026-04-04 14:16:38 | INFO     |   Jul   |      13 |  84.6% | $   1,916.14 | $   147.40
2026-04-04 14:16:38 | INFO     |   Aug   |      32 |  84.4% | $   3,187.49 | $    99.61
2026-04-04 14:16:38 | INFO     |   Sep   |      20 |  85.0% | $   1,910.36 | $    95.52
2026-04-04 14:16:38 | INFO     |   Oct   |      31 |  77.4% | $   2,981.26 | $    96.17
2026-04-04 14:16:38 | INFO     |   Nov   |      16 |  81.2% | $   1,520.49 | $    95.03
2026-04-04 14:16:38 | INFO     |   Dec   |      18 |  77.8% | $   2,372.73 | $   131.82
2026-04-04 14:16:38 | INFO     | ----------------------------------------------------------
2026-04-04 14:16:38 | INFO     | ------------------------------------------------------------------------
2026-04-04 14:16:38 | INFO     |   CALENDAR / ECON EVENT ANALYSIS  (sorted by WR%)
2026-04-04 14:16:38 | INFO     | ------------------------------------------------------------------------
2026-04-04 14:16:38 | INFO     |   Event          |  Days |    WR% |    Avg/Day |    Total P&L |     Max DD
2026-04-04 14:16:38 | INFO     | ------------------------------------------------------------------------
2026-04-04 14:16:38 | INFO     |   CPI/NFP        |    12 | 100.0% | $   203.64 | $   2,443.68 | $     0.00
2026-04-04 14:16:38 | INFO     |   FOMC           |     1 | 100.0% | $    83.71 | $      83.71 | $     0.00
2026-04-04 14:16:38 | INFO     |   Triple Witch   |     3 | 100.0% | $   152.35 | $     457.06 | $     0.00
2026-04-04 14:16:38 | INFO     |   Normal         |   211 |  80.6% | $   104.64 | $  20,822.88 | $   496.70
2026-04-04 14:16:38 | INFO     | ------------------------------------------------------------------------
