2026-03-31 07:24:10 | INFO     | Log file  : /Users/jeerapongwongchote/Documents/thetadata/zenith/logs/zenith_20260331_072410.log
2026-03-31 07:24:10 | INFO     | ================================================================================
2026-03-31 07:24:10 | INFO     |   RECENT RUN HISTORY
2026-03-31 07:24:10 | INFO     | --------------------------------------------------------------------------------
2026-03-31 07:24:10 | INFO     |   Timestamp              | Mode       |  Trades |          P&L |         DD |  Sharpe |     WR
2026-03-31 07:24:10 | INFO     | --------------------------------------------------------------------------------
2026-03-31 07:24:10 | INFO     |   2026-03-31T07:23:02    | dynamic    |     815 | $    32,252 | -$   3,761 |   1.95 |  77.4%
2026-03-31 07:24:10 | INFO     |   2026-03-31T07:23:04    | dynamic    |     815 | $    35,794 | -$   3,427 |   2.40 |  80.6%
2026-03-31 07:24:10 | INFO     |   2026-03-31T07:23:06    | dynamic    |     815 | $    36,516 | -$   2,984 |   2.67 |  84.2%
2026-03-31 07:24:10 | INFO     |   2026-03-31T07:23:36    | dynamic    |     815 | $    26,749 | -$   3,714 |   1.48 |  73.4%
2026-03-31 07:24:10 | INFO     |   2026-03-31T07:23:58    | dynamic    |     815 | $    26,749 | -$   3,714 |   1.48 |  73.4%
2026-03-31 07:24:10 | INFO     |   2026-03-31T07:24:01    | dynamic    |     815 | $    26,749 | -$   3,714 |   1.48 |  73.4%
2026-03-31 07:24:10 | INFO     |   2026-03-31T07:24:03    | dynamic    |     815 | $    26,749 | -$   3,714 |   1.48 |  73.4%
2026-03-31 07:24:10 | INFO     |   2026-03-31T07:24:05    | dynamic    |     815 | $    26,749 | -$   3,714 |   1.48 |  73.4%
2026-03-31 07:24:10 | INFO     |   2026-03-31T07:24:07    | dynamic    |     815 | $    26,749 | -$   3,714 |   1.48 |  73.4%
2026-03-31 07:24:10 | INFO     |   2026-03-31T07:24:10    | dynamic    |     815 | $    26,749 | -$   3,714 |   1.48 |  73.4%
2026-03-31 07:24:10 | INFO     | ================================================================================
2026-03-31 07:24:10 | INFO     | ============================================================
2026-03-31 07:24:10 | INFO     | ZENITH FADE CCS BACKTEST
2026-03-31 07:24:10 | INFO     | Signal Mode  : dynamic
2026-03-31 07:24:10 | INFO     | Period       : 2022-01-03 -> 2026-03-25
2026-03-31 07:24:10 | INFO     | Score Thresh : 41.5
2026-03-31 07:24:10 | INFO     | Weights      : var=1.4, vol=8.9, rocket=274.0
2026-03-31 07:24:10 | INFO     | Strike       : 25.0pt OTM, 10.0pt wide
2026-03-31 07:24:10 | INFO     | Risk         : $600.0, TP 66%, SL -100%
2026-03-31 07:24:10 | INFO     | ============================================================
2026-03-31 07:24:10 | INFO     | Building daily indicators...
2026-03-31 07:24:12 | WARNING  | No SPX volume data — dRelVol defaulted to 1.0
2026-03-31 07:24:12 | INFO     | Built daily indicators: 1060 bars
2026-03-31 07:24:12 | INFO     |   -> 1060 daily bars loaded
2026-03-31 07:24:12 | INFO     | ============================================================
2026-03-31 07:24:12 | INFO     | ZENITH FADE CCS BACKTEST
2026-03-31 07:24:12 | INFO     | Mode: dynamic
2026-03-31 07:24:12 | INFO     | Period: 2022-01-03 -> 2026-03-25
2026-03-31 07:24:12 | INFO     | Trades -> /Users/jeerapongwongchote/Documents/thetadata/zenith/logs/zenith_trades_20260331_072410.csv
2026-03-31 07:24:12 | INFO     | ============================================================
2026-03-31 07:24:12 | INFO     | Signal #   1 | 20220104 | P&L: $    206 | Total: $      206 | WR: 100.0%
2026-03-31 07:24:12 | INFO     | Signal #   2 | 20220105 | P&L: $    224 | Total: $      430 | WR: 100.0%
2026-03-31 07:24:12 | INFO     | Signal #   3 | 20220107 | P&L: $    235 | Total: $      665 | WR: 100.0%
2026-03-31 07:24:12 | INFO     | Signal #   4 | 20220110 | P&L: $    231 | Total: $      895 | WR: 100.0%
2026-03-31 07:24:12 | INFO     | Signal #   5 | 20220111 | P&L: $   -602 | Total: $      293 | WR: 80.0%
2026-03-31 07:24:12 | INFO     | Signal #  50 | 20220414 | P&L: $    250 | Total: $      975 | WR: 70.0%
2026-03-31 07:24:12 | INFO     | Signal # 100 | 20220720 | P&L: $    244 | Total: $       87 | WR: 68.0%
2026-03-31 07:24:12 | INFO     | Signal # 150 | 20221025 | P&L: $   -602 | Total: $      884 | WR: 69.3%
2026-03-31 07:24:12 | INFO     | Signal # 200 | 20230201 | P&L: $   -602 | Total: $    3,085 | WR: 71.0%
2026-03-31 07:24:12 | INFO     | Signal # 250 | 20230511 | P&L: $    184 | Total: $    4,282 | WR: 72.0%
2026-03-31 07:24:12 | INFO     | Signal # 300 | 20230822 | P&L: $    217 | Total: $    5,214 | WR: 72.7%
2026-03-31 07:24:12 | INFO     | Signal # 350 | 20231128 | P&L: $    127 | Total: $    5,958 | WR: 73.4%
2026-03-31 07:24:12 | INFO     | Signal # 400 | 20240228 | P&L: $    183 | Total: $    7,245 | WR: 74.5%
2026-03-31 07:24:12 | INFO     | Signal # 450 | 20240603 | P&L: $    181 | Total: $    7,779 | WR: 74.7%
2026-03-31 07:24:12 | INFO     | Signal # 500 | 20240829 | P&L: $    252 | Total: $   10,877 | WR: 75.2%
2026-03-31 07:24:12 | INFO     | Signal # 550 | 20241127 | P&L: $    222 | Total: $   15,675 | WR: 75.5%
2026-03-31 07:24:12 | INFO     | Signal # 600 | 20250305 | P&L: $   -602 | Total: $   17,045 | WR: 75.0%
2026-03-31 07:24:12 | DEBUG    | Skipping 20250408 — VIX 52.3 > 50.0
2026-03-31 07:24:12 | INFO     | Signal # 650 | 20250602 | P&L: $    279 | Total: $   17,500 | WR: 74.2%
2026-03-31 07:24:13 | INFO     | Signal # 700 | 20250904 | P&L: $   -602 | Total: $   19,701 | WR: 73.7%
2026-03-31 07:24:13 | INFO     | Signal # 750 | 20251126 | P&L: $   -602 | Total: $   22,620 | WR: 73.6%
2026-03-31 07:24:13 | INFO     | Signal # 800 | 20260225 | P&L: $   -602 | Total: $   25,345 | WR: 73.4%
2026-03-31 07:24:13 | INFO     | DONE — 815 trades, 1060 trading days, 244 skipped
2026-03-31 07:24:13 | INFO     | Trade log snapshot -> /Users/jeerapongwongchote/Documents/thetadata/zenith/tradelogs_zenith.csv
2026-03-31 07:24:13 | INFO     | ============================================================
2026-03-31 07:24:13 | INFO     |   ZENITH FADE CCS — BACKTEST RESULTS
2026-03-31 07:24:13 | INFO     | ============================================================
2026-03-31 07:24:13 | INFO     |   Period          : 20220103 -> 20260325
2026-03-31 07:24:13 | INFO     |   Trading Days    : 1062
2026-03-31 07:24:13 | INFO     |   Signal Days     : 815
2026-03-31 07:24:13 | INFO     |   Signal Rate     : 76.7%
2026-03-31 07:24:13 | INFO     | ============================================================
2026-03-31 07:24:13 | INFO     |   Total P&L       : $   26,749.23
2026-03-31 07:24:13 | INFO     |   CAGR            : 5.8%
2026-03-31 07:24:13 | INFO     |   Max Drawdown    : -$  3,713.79 (3.6%)
2026-03-31 07:24:13 | INFO     |   Recovery Factor : 7.20
2026-03-31 07:24:13 | INFO     | ============================================================
2026-03-31 07:24:13 | INFO     |   Win Rate        : 73.4%
2026-03-31 07:24:13 | INFO     |   Profit Factor   : 1.23
2026-03-31 07:24:13 | INFO     |   Sharpe Ratio    : 1.48
2026-03-31 07:24:13 | INFO     |   Sortino Ratio   : 3.22
2026-03-31 07:24:13 | INFO     |   Calmar Ratio    : 1.59
2026-03-31 07:24:13 | INFO     | ============================================================
2026-03-31 07:24:13 | INFO     |   Avg Win         : $  236.22
2026-03-31 07:24:13 | INFO     |   Avg Loss        : $ -527.70
2026-03-31 07:24:13 | INFO     |   Best Trade      : $  375.77
2026-03-31 07:24:13 | INFO     |   Worst Trade     : $ -602.00
2026-03-31 07:24:13 | INFO     |   Max Win Streak  : 17
2026-03-31 07:24:13 | INFO     | ============================================================
2026-03-31 07:24:13 | INFO     | Results written to /Users/jeerapongwongchote/Documents/thetadata/zenith/RESULTS.md
2026-03-31 07:24:13 | INFO     | Run summary appended to /Users/jeerapongwongchote/Documents/thetadata/zenith/logs/run_history.json
2026-03-31 07:24:13 | INFO     | --------------------------------------------------------------
2026-03-31 07:24:13 | INFO     |   VIX CORRELATION ANALYSIS
2026-03-31 07:24:13 | INFO     | --------------------------------------------------------------
2026-03-31 07:24:13 | INFO     |   VIX Range  |  Trades |  Win Rate |    Avg P&L |    Total P&L
2026-03-31 07:24:13 | INFO     | --------------------------------------------------------------
2026-03-31 07:24:13 | INFO     |   < 15       |     210 |     82.4% | $    59.29 | $  12,451.12
2026-03-31 07:24:13 | INFO     |   15-20      |     339 |     75.5% | $    65.53 | $  22,216.03
2026-03-31 07:24:13 | INFO     |   20-25      |     151 |     65.6% | $   -16.98 | $  -2,564.11
2026-03-31 07:24:13 | INFO     |   25-30      |      74 |     59.5% | $   -61.49 | $  -4,550.03
2026-03-31 07:24:13 | INFO     |   30-35      |      37 |     70.3% | $    43.36 | $   1,604.22
2026-03-31 07:24:13 | INFO     |   35+        |       4 |      0.0% | $  -602.00 | $  -2,408.00
2026-03-31 07:24:13 | INFO     | --------------------------------------------------------------
2026-03-31 07:24:13 | INFO     | ----------------------------------------------------------------------------------------------------
2026-03-31 07:24:13 | INFO     |   MONTHLY P&L TABLE
2026-03-31 07:24:13 | INFO     | ----------------------------------------------------------------------------------------------------
2026-03-31 07:24:13 | INFO     |   Year   |      1 |      2 |      3 |      4 |      5 |      6 |      7 |      8 |      9 |     10 |     11 |     12 |      Total
2026-03-31 07:24:13 | INFO     | ----------------------------------------------------------------------------------------------------
2026-03-31 07:24:13 | INFO     |   2022   | $1,350 | $ -584 | $ -616 | $  729 | $-1,166 | $   97 | $-1,400 | $2,081 | $  479 | $  458 | $ -214 | $2,731 | $    3,947
2026-03-31 07:24:13 | INFO     |   2023   | $ -261 | $ -450 | $-2,093 | $2,798 | $  290 | $-1,013 | $  315 | $1,769 | $1,045 | $  406 | $ -636 | $1,826 | $    3,995
2026-03-31 07:24:13 | INFO     |   2024   | $   44 | $ -611 | $ -894 | $1,278 | $ -161 | $  927 | $  819 | $1,534 | $2,516 | $1,793 | $  107 | $  943 | $    8,294
2026-03-31 07:24:13 | INFO     |   2025   | $-1,169 | $1,931 | $1,419 | $-1,741 | $  545 | $  -52 | $1,609 | $1,290 | $1,301 | $  481 | $  250 | $3,112 | $    8,976
2026-03-31 07:24:13 | INFO     |   2026   | $  742 | $   22 | $  773 |     -- |     -- |     -- |     -- |     -- |     -- |     -- |     -- |     -- | $    1,537
2026-03-31 07:24:13 | INFO     | ----------------------------------------------------------------------------------------------------
2026-03-31 07:24:13 | INFO     | -------------------------------------------------------
2026-03-31 07:24:13 | INFO     |   WORST 15 LOSS DAYS
2026-03-31 07:24:13 | INFO     | -------------------------------------------------------
2026-03-31 07:24:13 | INFO     |   Date         |  Trades |      Day P&L
2026-03-31 07:24:13 | INFO     | -------------------------------------------------------
2026-03-31 07:24:13 | INFO     |   20220111     |       1 | $    -602.00
2026-03-31 07:24:13 | INFO     |   20220131     |       1 | $    -602.00
2026-03-31 07:24:13 | INFO     |   20220202     |       1 | $    -602.00
2026-03-31 07:24:13 | INFO     |   20220208     |       1 | $    -602.00
2026-03-31 07:24:13 | INFO     |   20220209     |       1 | $    -602.00
2026-03-31 07:24:13 | INFO     |   20220215     |       1 | $    -602.00
2026-03-31 07:24:13 | INFO     |   20220225     |       1 | $    -602.00
2026-03-31 07:24:13 | INFO     |   20220302     |       1 | $    -602.00
2026-03-31 07:24:13 | INFO     |   20220316     |       1 | $    -602.00
2026-03-31 07:24:13 | INFO     |   20220317     |       1 | $    -602.00
2026-03-31 07:24:13 | INFO     |   20220318     |       1 | $    -602.00
2026-03-31 07:24:13 | INFO     |   20220322     |       1 | $    -602.00
2026-03-31 07:24:13 | INFO     |   20220329     |       1 | $    -602.00
2026-03-31 07:24:13 | INFO     |   20220419     |       1 | $    -602.00
2026-03-31 07:24:13 | INFO     |   20220428     |       1 | $    -602.00
2026-03-31 07:24:13 | INFO     | -------------------------------------------------------
2026-03-31 07:24:13 | INFO     | ----------------------------------------------------------------------
2026-03-31 07:24:13 | INFO     |   FILTER VALUE ANALYSIS (WIN vs LOSS)
2026-03-31 07:24:13 | INFO     | ----------------------------------------------------------------------
2026-03-31 07:24:13 | INFO     |   Filter             |    Win Avg |   Loss Avg |      Delta
2026-03-31 07:24:13 | INFO     | ----------------------------------------------------------------------
2026-03-31 07:24:13 | INFO     |   Variance %         |    68.7296 |    67.9411 |    +0.7885
2026-03-31 07:24:13 | INFO     |   Rel Volume         |     1.0000 |     1.0000 |    +0.0000
2026-03-31 07:24:13 | INFO     |   Rising Rocket      |     0.0034 |     0.0017 |    +0.0018
2026-03-31 07:24:13 | INFO     |   Exhaustion Score   |   104.1787 |   103.5614 |    +0.6173
2026-03-31 07:24:13 | INFO     |   RSI                |        nan |    51.8594 |       +nan
2026-03-31 07:24:13 | INFO     |   Stochastic         |    69.9694 |    59.9313 |   +10.0381
2026-03-31 07:24:13 | INFO     |   Body Size          |    27.9344 |    29.8750 |    -1.9406
2026-03-31 07:24:13 | INFO     |   Gap %              |        nan |    -0.0065 |       +nan
2026-03-31 07:24:13 | INFO     |   Cluster Count      |     1.6522 |     1.9816 |    -0.3294
2026-03-31 07:24:13 | INFO     |   Dist from SMA      |     0.0080 |     0.0001 |    +0.0079
2026-03-31 07:24:13 | INFO     |   VIX Level          |    18.3993 |    20.4479 |    -2.0487
2026-03-31 07:24:13 | INFO     | ----------------------------------------------------------------------
