2026-04-04 13:19:19 | INFO     | Log file  : /Users/jeerapongwongchote/Documents/thetadata/zenith/logs/zenith_20260404_131919.log
2026-04-04 13:19:19 | INFO     | ================================================================================
2026-04-04 13:19:19 | INFO     |   RECENT RUN HISTORY
2026-04-04 13:19:19 | INFO     | --------------------------------------------------------------------------------
2026-04-04 13:19:19 | INFO     |     # | Timestamp              |  Trades |          P&L |         DD |  Sharpe |     WR
2026-04-04 13:19:19 | INFO     | --------------------------------------------------------------------------------
2026-04-04 13:19:19 | INFO     |    55 | 2026-04-04T13:16:36    |     387 | $    39,964 | -$     652 |  10.61 |  78.3%
2026-04-04 13:19:19 | INFO     |    56 | 2026-04-04T13:16:49    |     387 | $    39,964 | -$     652 |  10.61 |  78.3%
2026-04-04 13:19:19 | INFO     |    57 | 2026-04-04T13:17:03    |     387 | $    39,964 | -$     652 |  10.61 |  78.3%
2026-04-04 13:19:19 | INFO     |    58 | 2026-04-04T13:17:14    |     387 | $    39,964 | -$     652 |  10.61 |  78.3%
2026-04-04 13:19:19 | INFO     |    59 | 2026-04-04T13:17:24    |     387 | $    39,964 | -$     652 |  10.61 |  78.3%
2026-04-04 13:19:19 | INFO     |    60 | 2026-04-04T13:17:30    |     387 | $    39,964 | -$     652 |  10.61 |  78.3%
2026-04-04 13:19:19 | INFO     |    61 | 2026-04-04T13:18:58    |     387 | $    39,964 | -$     652 |  10.61 |  78.3%
2026-04-04 13:19:19 | INFO     |    62 | 2026-04-04T13:19:05    |     274 | $    26,983 | -$     659 |  10.31 |  78.5%
2026-04-04 13:19:19 | INFO     |    63 | 2026-04-04T13:19:12    |     221 | $    22,931 | -$     497 |  11.04 |  79.6%
2026-04-04 13:19:19 | INFO     |    64 | 2026-04-04T13:19:18    |     134 | $    13,410 | -$     497 |  10.81 |  79.1%
2026-04-04 13:19:19 | INFO     | ================================================================================
2026-04-04 13:19:19 | INFO     | ============================================================
2026-04-04 13:19:19 | INFO     | ZENITH FADE CCS BACKTEST
2026-04-04 13:19:19 | INFO     | Signal Mode  : dynamic
2026-04-04 13:19:19 | INFO     | Period       : 2022-01-03 -> 2026-03-25
2026-04-04 13:19:19 | INFO     | Score Thresh : 68.0
2026-04-04 13:19:19 | INFO     | Weights      : var=1.4, vol=8.9, rocket=274.0
2026-04-04 13:19:19 | INFO     | Strike       : 30.0pt OTM, 10.0pt wide
2026-04-04 13:19:19 | INFO     | Risk         : $600.0, TP 66%, SL -100%
2026-04-04 13:19:19 | INFO     | ============================================================
2026-04-04 13:19:19 | INFO     | Building daily indicators...
2026-04-04 13:19:24 | INFO     |   ORB computed for 1265 days (avg width: 19.3 pts)
2026-04-04 13:19:24 | WARNING  | No SPX volume data — dRelVol defaulted to 1.0
2026-04-04 13:19:24 | INFO     | Built daily indicators: 1066 bars
2026-04-04 13:19:24 | INFO     |   -> 1066 daily bars loaded
2026-04-04 13:19:24 | INFO     | ============================================================
2026-04-04 13:19:24 | INFO     | ZENITH FADE CCS BACKTEST
2026-04-04 13:19:24 | INFO     | Mode: dynamic
2026-04-04 13:19:24 | INFO     | Period: 2022-01-03 -> 2026-03-25
2026-04-04 13:19:24 | INFO     | Trades -> /Users/jeerapongwongchote/Documents/thetadata/zenith/logs/zenith_trades_20260404_131919.csv
2026-04-04 13:19:24 | INFO     | ============================================================
2026-04-04 13:19:24 | INFO     | Signal #   1 | 20220113 | CALL | P&L: $    131 | Total: $      131 | WR: 100.0%
2026-04-04 13:19:24 | DEBUG    | Skipping 20220118 — VIX 22.8 > 22.0
2026-04-04 13:19:24 | DEBUG    | Skipping 20220119 — VIX 23.9 > 22.0
2026-04-04 13:19:24 | DEBUG    | Skipping 20220120 — VIX 25.6 > 22.0
2026-04-04 13:19:24 | DEBUG    | Skipping 20220121 — VIX 28.9 > 22.0
2026-04-04 13:19:24 | DEBUG    | Skipping 20220124 — VIX 29.9 > 22.0
2026-04-04 13:19:24 | DEBUG    | Skipping 20220125 — VIX 31.2 > 22.0
2026-04-04 13:19:24 | DEBUG    | Skipping 20220126 — VIX 32.0 > 22.0
2026-04-04 13:19:24 | DEBUG    | Skipping 20220127 — VIX 30.5 > 22.0
2026-04-04 13:19:24 | DEBUG    | Skipping 20220128 — VIX 27.7 > 22.0
2026-04-04 13:19:24 | DEBUG    | Skipping 20220131 — VIX 24.8 > 22.0
2026-04-04 13:19:24 | DEBUG    | Skipping 20220202 — VIX 22.1 > 22.0
2026-04-04 13:19:24 | DEBUG    | Skipping 20220203 — VIX 24.4 > 22.0
2026-04-04 13:19:24 | DEBUG    | Skipping 20220204 — VIX 23.2 > 22.0
2026-04-04 13:19:24 | DEBUG    | Skipping 20220207 — VIX 22.9 > 22.0
2026-04-04 13:19:24 | DEBUG    | Skipping 20220210 — VIX 23.9 > 22.0
2026-04-04 13:19:24 | DEBUG    | Skipping 20220211 — VIX 27.4 > 22.0
2026-04-04 13:19:24 | DEBUG    | Skipping 20220214 — VIX 28.3 > 22.0
2026-04-04 13:19:24 | DEBUG    | Skipping 20220215 — VIX 25.7 > 22.0
2026-04-04 13:19:24 | DEBUG    | Skipping 20220216 — VIX 24.3 > 22.0
2026-04-04 13:19:24 | DEBUG    | Skipping 20220217 — VIX 28.1 > 22.0
2026-04-04 13:19:24 | DEBUG    | Skipping 20220218 — VIX 27.8 > 22.0
2026-04-04 13:19:24 | DEBUG    | Skipping 20220222 — VIX 28.8 > 22.0
2026-04-04 13:19:24 | DEBUG    | Skipping 20220223 — VIX 31.0 > 22.0
2026-04-04 13:19:24 | DEBUG    | Skipping 20220224 — VIX 30.3 > 22.0
2026-04-04 13:19:24 | DEBUG    | Skipping 20220225 — VIX 27.6 > 22.0
2026-04-04 13:19:24 | DEBUG    | Skipping 20220228 — VIX 30.1 > 22.0
2026-04-04 13:19:24 | DEBUG    | Skipping 20220301 — VIX 33.3 > 22.0
2026-04-04 13:19:24 | DEBUG    | Skipping 20220302 — VIX 30.7 > 22.0
2026-04-04 13:19:24 | DEBUG    | Skipping 20220303 — VIX 30.5 > 22.0
2026-04-04 13:19:24 | DEBUG    | Skipping 20220304 — VIX 32.0 > 22.0
2026-04-04 13:19:24 | DEBUG    | Skipping 20220307 — VIX 36.5 > 22.0
2026-04-04 13:19:24 | DEBUG    | Skipping 20220308 — VIX 35.1 > 22.0
2026-04-04 13:19:24 | DEBUG    | Skipping 20220309 — VIX 32.5 > 22.0
2026-04-04 13:19:24 | DEBUG    | Skipping 20220310 — VIX 30.2 > 22.0
2026-04-04 13:19:24 | DEBUG    | Skipping 20220311 — VIX 30.8 > 22.0
2026-04-04 13:19:24 | DEBUG    | Skipping 20220314 — VIX 31.8 > 22.0
2026-04-04 13:19:24 | DEBUG    | Skipping 20220315 — VIX 29.8 > 22.0
2026-04-04 13:19:24 | DEBUG    | Skipping 20220316 — VIX 26.7 > 22.0
2026-04-04 13:19:24 | DEBUG    | Skipping 20220317 — VIX 25.7 > 22.0
2026-04-04 13:19:24 | DEBUG    | Skipping 20220318 — VIX 23.9 > 22.0
2026-04-04 13:19:24 | DEBUG    | Skipping 20220321 — VIX 23.5 > 22.0
2026-04-04 13:19:24 | DEBUG    | Skipping 20220322 — VIX 22.9 > 22.0
2026-04-04 13:19:24 | DEBUG    | Skipping 20220323 — VIX 23.6 > 22.0
2026-04-04 13:19:24 | DEBUG    | Skipping 20220406 — VIX 22.1 > 22.0
2026-04-04 13:19:24 | INFO     | Signal #   2 | 20220407 | CALL | P&L: $   -122 | Total: $        9 | WR: 50.0%
2026-04-04 13:19:24 | DEBUG    | Skipping 20220411 — VIX 24.4 > 22.0
2026-04-04 13:19:24 | DEBUG    | Skipping 20220412 — VIX 24.3 > 22.0
2026-04-04 13:19:24 | DEBUG    | Skipping 20220414 — VIX 22.7 > 22.0
2026-04-04 13:19:24 | DEBUG    | Skipping 20220418 — VIX 22.2 > 22.0
2026-04-04 13:19:24 | INFO     | Signal #   3 | 20220419 | CALL | P&L: $   -122 | Total: $     -113 | WR: 33.3%
2026-04-04 13:19:24 | DEBUG    | Skipping 20220421 — VIX 22.7 > 22.0
2026-04-04 13:19:24 | DEBUG    | Skipping 20220422 — VIX 28.2 > 22.0
2026-04-04 13:19:24 | DEBUG    | Skipping 20220425 — VIX 27.0 > 22.0
2026-04-04 13:19:24 | DEBUG    | Skipping 20220426 — VIX 33.5 > 22.0
2026-04-04 13:19:24 | DEBUG    | Skipping 20220427 — VIX 31.6 > 22.0
2026-04-04 13:19:24 | DEBUG    | Skipping 20220428 — VIX 30.0 > 22.0
2026-04-04 13:19:24 | DEBUG    | Skipping 20220429 — VIX 33.4 > 22.0
2026-04-04 13:19:24 | DEBUG    | Skipping 20220502 — VIX 32.3 > 22.0
2026-04-04 13:19:24 | DEBUG    | Skipping 20220503 — VIX 29.2 > 22.0
2026-04-04 13:19:24 | DEBUG    | Skipping 20220504 — VIX 25.4 > 22.0
2026-04-04 13:19:24 | DEBUG    | Skipping 20220505 — VIX 31.2 > 22.0
2026-04-04 13:19:24 | DEBUG    | Skipping 20220506 — VIX 30.2 > 22.0
2026-04-04 13:19:24 | DEBUG    | Skipping 20220509 — VIX 34.8 > 22.0
2026-04-04 13:19:24 | DEBUG    | Skipping 20220510 — VIX 33.0 > 22.0
2026-04-04 13:19:24 | DEBUG    | Skipping 20220511 — VIX 32.6 > 22.0
2026-04-04 13:19:24 | DEBUG    | Skipping 20220512 — VIX 31.8 > 22.0
2026-04-04 13:19:24 | DEBUG    | Skipping 20220513 — VIX 28.9 > 22.0
2026-04-04 13:19:24 | DEBUG    | Skipping 20220516 — VIX 27.5 > 22.0
2026-04-04 13:19:24 | DEBUG    | Skipping 20220517 — VIX 26.1 > 22.0
2026-04-04 13:19:24 | DEBUG    | Skipping 20220518 — VIX 31.0 > 22.0
2026-04-04 13:19:24 | DEBUG    | Skipping 20220519 — VIX 29.4 > 22.0
2026-04-04 13:19:24 | DEBUG    | Skipping 20220520 — VIX 29.4 > 22.0
2026-04-04 13:19:24 | DEBUG    | Skipping 20220523 — VIX 28.5 > 22.0
2026-04-04 13:19:24 | DEBUG    | Skipping 20220524 — VIX 29.4 > 22.0
2026-04-04 13:19:24 | DEBUG    | Skipping 20220525 — VIX 28.4 > 22.0
2026-04-04 13:19:24 | DEBUG    | Skipping 20220526 — VIX 27.5 > 22.0
2026-04-04 13:19:24 | DEBUG    | Skipping 20220527 — VIX 25.7 > 22.0
2026-04-04 13:19:24 | DEBUG    | Skipping 20220531 — VIX 26.2 > 22.0
2026-04-04 13:19:24 | DEBUG    | Skipping 20220601 — VIX 25.7 > 22.0
2026-04-04 13:19:24 | DEBUG    | Skipping 20220602 — VIX 24.7 > 22.0
2026-04-04 13:19:24 | DEBUG    | Skipping 20220603 — VIX 24.8 > 22.0
2026-04-04 13:19:24 | DEBUG    | Skipping 20220606 — VIX 25.1 > 22.0
2026-04-04 13:19:24 | DEBUG    | Skipping 20220607 — VIX 24.0 > 22.0
2026-04-04 13:19:24 | DEBUG    | Skipping 20220608 — VIX 24.0 > 22.0
2026-04-04 13:19:24 | DEBUG    | Skipping 20220609 — VIX 26.1 > 22.0
2026-04-04 13:19:24 | DEBUG    | Skipping 20220610 — VIX 27.8 > 22.0
2026-04-04 13:19:24 | DEBUG    | Skipping 20220613 — VIX 34.0 > 22.0
2026-04-04 13:19:24 | DEBUG    | Skipping 20220614 — VIX 32.7 > 22.0
2026-04-04 13:19:24 | DEBUG    | Skipping 20220615 — VIX 29.6 > 22.0
2026-04-04 13:19:24 | DEBUG    | Skipping 20220616 — VIX 33.0 > 22.0
2026-04-04 13:19:24 | DEBUG    | Skipping 20220617 — VIX 31.1 > 22.0
2026-04-04 13:19:24 | DEBUG    | Skipping 20220621 — VIX 30.2 > 22.0
2026-04-04 13:19:24 | DEBUG    | Skipping 20220622 — VIX 28.9 > 22.0
2026-04-04 13:19:24 | DEBUG    | Skipping 20220623 — VIX 29.1 > 22.0
2026-04-04 13:19:24 | DEBUG    | Skipping 20220624 — VIX 27.2 > 22.0
2026-04-04 13:19:24 | DEBUG    | Skipping 20220627 — VIX 26.9 > 22.0
2026-04-04 13:19:24 | DEBUG    | Skipping 20220628 — VIX 28.4 > 22.0
2026-04-04 13:19:24 | DEBUG    | Skipping 20220629 — VIX 28.2 > 22.0
2026-04-04 13:19:24 | DEBUG    | Skipping 20220630 — VIX 28.7 > 22.0
2026-04-04 13:19:24 | DEBUG    | Skipping 20220701 — VIX 26.7 > 22.0
2026-04-04 13:19:24 | DEBUG    | Skipping 20220705 — VIX 27.5 > 22.0
2026-04-04 13:19:24 | DEBUG    | Skipping 20220706 — VIX 26.7 > 22.0
2026-04-04 13:19:24 | DEBUG    | Skipping 20220707 — VIX 26.1 > 22.0
2026-04-04 13:19:24 | DEBUG    | Skipping 20220708 — VIX 24.6 > 22.0
2026-04-04 13:19:24 | DEBUG    | Skipping 20220711 — VIX 26.2 > 22.0
2026-04-04 13:19:24 | DEBUG    | Skipping 20220712 — VIX 27.3 > 22.0
2026-04-04 13:19:24 | DEBUG    | Skipping 20220713 — VIX 26.8 > 22.0
2026-04-04 13:19:24 | DEBUG    | Skipping 20220714 — VIX 26.4 > 22.0
2026-04-04 13:19:24 | DEBUG    | Skipping 20220715 — VIX 24.2 > 22.0
2026-04-04 13:19:24 | DEBUG    | Skipping 20220718 — VIX 25.3 > 22.0
2026-04-04 13:19:24 | DEBUG    | Skipping 20220719 — VIX 24.5 > 22.0
2026-04-04 13:19:24 | DEBUG    | Skipping 20220720 — VIX 23.9 > 22.0
2026-04-04 13:19:24 | DEBUG    | Skipping 20220721 — VIX 23.1 > 22.0
2026-04-04 13:19:24 | DEBUG    | Skipping 20220722 — VIX 23.0 > 22.0
2026-04-04 13:19:24 | DEBUG    | Skipping 20220725 — VIX 23.4 > 22.0
2026-04-04 13:19:24 | DEBUG    | Skipping 20220726 — VIX 24.7 > 22.0
2026-04-04 13:19:24 | DEBUG    | Skipping 20220727 — VIX 23.2 > 22.0
2026-04-04 13:19:24 | DEBUG    | Skipping 20220728 — VIX 22.3 > 22.0
2026-04-04 13:19:24 | DEBUG    | Skipping 20220801 — VIX 22.8 > 22.0
2026-04-04 13:19:24 | DEBUG    | Skipping 20220802 — VIX 23.9 > 22.0
2026-04-04 13:19:24 | INFO     | Signal #   4 | 20220803 |  PUT | P&L: $    394 | Total: $      281 | WR: 50.0%
2026-04-04 13:19:24 | INFO     | Signal #   5 | 20220805 | CALL | P&L: $    112 | Total: $      393 | WR: 60.0%
2026-04-04 13:19:24 | DEBUG    | Skipping 20220822 — VIX 23.8 > 22.0
2026-04-04 13:19:24 | DEBUG    | Skipping 20220823 — VIX 24.1 > 22.0
2026-04-04 13:19:24 | DEBUG    | Skipping 20220824 — VIX 22.8 > 22.0
2026-04-04 13:19:24 | DEBUG    | Skipping 20220826 — VIX 25.6 > 22.0
2026-04-04 13:19:24 | DEBUG    | Skipping 20220829 — VIX 26.2 > 22.0
2026-04-04 13:19:24 | DEBUG    | Skipping 20220830 — VIX 26.2 > 22.0
2026-04-04 13:19:24 | DEBUG    | Skipping 20220831 — VIX 25.9 > 22.0
2026-04-04 13:19:24 | DEBUG    | Skipping 20220901 — VIX 25.6 > 22.0
2026-04-04 13:19:24 | DEBUG    | Skipping 20220902 — VIX 25.5 > 22.0
2026-04-04 13:19:24 | DEBUG    | Skipping 20220906 — VIX 26.9 > 22.0
2026-04-04 13:19:24 | DEBUG    | Skipping 20220907 — VIX 24.6 > 22.0
2026-04-04 13:19:24 | DEBUG    | Skipping 20220908 — VIX 23.6 > 22.0
2026-04-04 13:19:24 | DEBUG    | Skipping 20220909 — VIX 22.8 > 22.0
2026-04-04 13:19:24 | DEBUG    | Skipping 20220912 — VIX 23.9 > 22.0
2026-04-04 13:19:24 | DEBUG    | Skipping 20220913 — VIX 27.3 > 22.0
2026-04-04 13:19:24 | DEBUG    | Skipping 20220914 — VIX 26.2 > 22.0
2026-04-04 13:19:24 | DEBUG    | Skipping 20220915 — VIX 26.3 > 22.0
2026-04-04 13:19:24 | DEBUG    | Skipping 20220916 — VIX 26.3 > 22.0
2026-04-04 13:19:24 | DEBUG    | Skipping 20220919 — VIX 25.8 > 22.0
2026-04-04 13:19:24 | DEBUG    | Skipping 20220920 — VIX 27.2 > 22.0
2026-04-04 13:19:24 | DEBUG    | Skipping 20220921 — VIX 28.0 > 22.0
2026-04-04 13:19:24 | DEBUG    | Skipping 20220922 — VIX 27.4 > 22.0
2026-04-04 13:19:24 | DEBUG    | Skipping 20220923 — VIX 29.9 > 22.0
2026-04-04 13:19:24 | DEBUG    | Skipping 20220926 — VIX 32.3 > 22.0
2026-04-04 13:19:24 | DEBUG    | Skipping 20220927 — VIX 32.6 > 22.0
2026-04-04 13:19:24 | DEBUG    | Skipping 20220928 — VIX 30.2 > 22.0
2026-04-04 13:19:24 | DEBUG    | Skipping 20220929 — VIX 31.8 > 22.0
2026-04-04 13:19:24 | DEBUG    | Skipping 20220930 — VIX 31.6 > 22.0
2026-04-04 13:19:24 | DEBUG    | Skipping 20221003 — VIX 30.1 > 22.0
2026-04-04 13:19:24 | DEBUG    | Skipping 20221004 — VIX 29.1 > 22.0
2026-04-04 13:19:24 | DEBUG    | Skipping 20221005 — VIX 28.6 > 22.0
2026-04-04 13:19:24 | DEBUG    | Skipping 20221006 — VIX 30.5 > 22.0
2026-04-04 13:19:24 | DEBUG    | Skipping 20221007 — VIX 31.4 > 22.0
2026-04-04 13:19:24 | DEBUG    | Skipping 20221010 — VIX 32.5 > 22.0
2026-04-04 13:19:24 | DEBUG    | Skipping 20221011 — VIX 33.6 > 22.0
2026-04-04 13:19:24 | DEBUG    | Skipping 20221012 — VIX 33.6 > 22.0
2026-04-04 13:19:24 | DEBUG    | Skipping 20221013 — VIX 31.9 > 22.0
2026-04-04 13:19:24 | DEBUG    | Skipping 20221014 — VIX 32.0 > 22.0
2026-04-04 13:19:24 | DEBUG    | Skipping 20221017 — VIX 31.4 > 22.0
2026-04-04 13:19:24 | DEBUG    | Skipping 20221018 — VIX 30.5 > 22.0
2026-04-04 13:19:24 | DEBUG    | Skipping 20221019 — VIX 30.8 > 22.0
2026-04-04 13:19:24 | DEBUG    | Skipping 20221020 — VIX 30.0 > 22.0
2026-04-04 13:19:24 | DEBUG    | Skipping 20221021 — VIX 29.7 > 22.0
2026-04-04 13:19:24 | DEBUG    | Skipping 20221024 — VIX 29.9 > 22.0
2026-04-04 13:19:24 | DEBUG    | Skipping 20221025 — VIX 28.5 > 22.0
2026-04-04 13:19:24 | DEBUG    | Skipping 20221026 — VIX 27.3 > 22.0
2026-04-04 13:19:24 | DEBUG    | Skipping 20221027 — VIX 27.4 > 22.0
2026-04-04 13:19:24 | DEBUG    | Skipping 20221028 — VIX 25.8 > 22.0
2026-04-04 13:19:24 | DEBUG    | Skipping 20221031 — VIX 25.9 > 22.0
2026-04-04 13:19:24 | DEBUG    | Skipping 20221101 — VIX 25.8 > 22.0
2026-04-04 13:19:24 | DEBUG    | Skipping 20221102 — VIX 25.9 > 22.0
2026-04-04 13:19:24 | DEBUG    | Skipping 20221103 — VIX 25.3 > 22.0
2026-04-04 13:19:24 | DEBUG    | Skipping 20221104 — VIX 24.6 > 22.0
2026-04-04 13:19:24 | DEBUG    | Skipping 20221107 — VIX 24.4 > 22.0
2026-04-04 13:19:24 | DEBUG    | Skipping 20221108 — VIX 25.5 > 22.0
2026-04-04 13:19:24 | DEBUG    | Skipping 20221109 — VIX 26.1 > 22.0
2026-04-04 13:19:24 | DEBUG    | Skipping 20221110 — VIX 23.5 > 22.0
2026-04-04 13:19:24 | DEBUG    | Skipping 20221111 — VIX 22.5 > 22.0
2026-04-04 13:19:24 | DEBUG    | Skipping 20221114 — VIX 23.7 > 22.0
2026-04-04 13:19:24 | DEBUG    | Skipping 20221115 — VIX 24.5 > 22.0
2026-04-04 13:19:24 | DEBUG    | Skipping 20221116 — VIX 24.1 > 22.0
2026-04-04 13:19:24 | DEBUG    | Skipping 20221117 — VIX 23.9 > 22.0
2026-04-04 13:19:24 | DEBUG    | Skipping 20221118 — VIX 23.1 > 22.0
2026-04-04 13:19:24 | DEBUG    | Skipping 20221121 — VIX 22.4 > 22.0
2026-04-04 13:19:24 | DEBUG    | Skipping 20221128 — VIX 22.2 > 22.0
2026-04-04 13:19:24 | DEBUG    | Skipping 20221206 — VIX 22.2 > 22.0
2026-04-04 13:19:24 | DEBUG    | Skipping 20221207 — VIX 22.7 > 22.0
2026-04-04 13:19:24 | DEBUG    | Skipping 20221208 — VIX 22.3 > 22.0
2026-04-04 13:19:24 | DEBUG    | Skipping 20221209 — VIX 22.8 > 22.0
2026-04-04 13:19:24 | DEBUG    | Skipping 20221212 — VIX 25.0 > 22.0
2026-04-04 13:19:24 | DEBUG    | Skipping 20221213 — VIX 22.6 > 22.0
2026-04-04 13:19:24 | DEBUG    | Skipping 20221215 — VIX 22.8 > 22.0
2026-04-04 13:19:24 | DEBUG    | Skipping 20221216 — VIX 22.6 > 22.0
2026-04-04 13:19:24 | DEBUG    | Skipping 20221219 — VIX 22.4 > 22.0
2026-04-04 13:19:24 | DEBUG    | Skipping 20221228 — VIX 22.1 > 22.0
2026-04-04 13:19:24 | DEBUG    | Skipping 20230103 — VIX 22.9 > 22.0
2026-04-04 13:19:24 | DEBUG    | Skipping 20230104 — VIX 22.0 > 22.0
2026-04-04 13:19:24 | DEBUG    | Skipping 20230105 — VIX 22.5 > 22.0
2026-04-04 13:19:24 | DEBUG    | Skipping 20230221 — VIX 22.9 > 22.0
2026-04-04 13:19:24 | DEBUG    | Skipping 20230222 — VIX 22.3 > 22.0
2026-04-04 13:19:24 | DEBUG    | Skipping 20230309 — VIX 22.6 > 22.0
2026-04-04 13:19:24 | DEBUG    | Skipping 20230310 — VIX 24.8 > 22.0
2026-04-04 13:19:24 | DEBUG    | Skipping 20230313 — VIX 26.5 > 22.0
2026-04-04 13:19:24 | DEBUG    | Skipping 20230314 — VIX 23.7 > 22.0
2026-04-04 13:19:24 | DEBUG    | Skipping 20230315 — VIX 26.1 > 22.0
2026-04-04 13:19:24 | DEBUG    | Skipping 20230316 — VIX 23.0 > 22.0
2026-04-04 13:19:24 | DEBUG    | Skipping 20230317 — VIX 25.5 > 22.0
2026-04-04 13:19:24 | DEBUG    | Skipping 20230320 — VIX 24.1 > 22.0
2026-04-04 13:19:24 | DEBUG    | Skipping 20230322 — VIX 22.3 > 22.0
2026-04-04 13:19:24 | DEBUG    | Skipping 20230323 — VIX 22.6 > 22.0
2026-04-04 13:19:24 | DEBUG    | Skipping 20240802 — VIX 23.4 > 22.0
2026-04-04 13:19:24 | DEBUG    | Skipping 20240805 — VIX 38.6 > 22.0
2026-04-04 13:19:24 | DEBUG    | Skipping 20240806 — VIX 27.7 > 22.0
2026-04-04 13:19:24 | DEBUG    | Skipping 20240807 — VIX 27.9 > 22.0
2026-04-04 13:19:24 | DEBUG    | Skipping 20240808 — VIX 23.8 > 22.0
2026-04-04 13:19:24 | DEBUG    | Skipping 20240906 — VIX 22.4 > 22.0
2026-04-04 13:19:24 | DEBUG    | Skipping 20241007 — VIX 22.6 > 22.0
2026-04-04 13:19:24 | DEBUG    | Skipping 20241031 — VIX 23.2 > 22.0
2026-04-04 13:19:24 | DEBUG    | Skipping 20241218 — VIX 27.6 > 22.0
2026-04-04 13:19:24 | DEBUG    | Skipping 20241219 — VIX 24.1 > 22.0
2026-04-04 13:19:24 | DEBUG    | Skipping 20250303 — VIX 22.8 > 22.0
2026-04-04 13:19:24 | DEBUG    | Skipping 20250304 — VIX 23.5 > 22.0
2026-04-04 13:19:24 | DEBUG    | Skipping 20250306 — VIX 24.9 > 22.0
2026-04-04 13:19:24 | DEBUG    | Skipping 20250307 — VIX 23.4 > 22.0
2026-04-04 13:19:24 | DEBUG    | Skipping 20250310 — VIX 27.9 > 22.0
2026-04-04 13:19:24 | DEBUG    | Skipping 20250311 — VIX 26.9 > 22.0
2026-04-04 13:19:24 | DEBUG    | Skipping 20250312 — VIX 24.2 > 22.0
2026-04-04 13:19:24 | DEBUG    | Skipping 20250313 — VIX 24.7 > 22.0
2026-04-04 13:19:24 | DEBUG    | Skipping 20250331 — VIX 22.3 > 22.0
2026-04-04 13:19:24 | DEBUG    | Skipping 20250403 — VIX 30.0 > 22.0
2026-04-04 13:19:24 | DEBUG    | Skipping 20250404 — VIX 45.3 > 22.0
2026-04-04 13:19:24 | DEBUG    | Skipping 20250407 — VIX 47.0 > 22.0
2026-04-04 13:19:24 | DEBUG    | Skipping 20250408 — VIX 52.3 > 22.0
2026-04-04 13:19:24 | DEBUG    | Skipping 20250409 — VIX 33.6 > 22.0
2026-04-04 13:19:24 | DEBUG    | Skipping 20250410 — VIX 40.7 > 22.0
2026-04-04 13:19:24 | DEBUG    | Skipping 20250411 — VIX 37.6 > 22.0
2026-04-04 13:19:24 | DEBUG    | Skipping 20250414 — VIX 30.9 > 22.0
2026-04-04 13:19:24 | DEBUG    | Skipping 20250415 — VIX 30.1 > 22.0
2026-04-04 13:19:24 | DEBUG    | Skipping 20250416 — VIX 32.6 > 22.0
2026-04-04 13:19:24 | DEBUG    | Skipping 20250417 — VIX 29.6 > 22.0
2026-04-04 13:19:24 | DEBUG    | Skipping 20250421 — VIX 33.8 > 22.0
2026-04-04 13:19:24 | DEBUG    | Skipping 20250422 — VIX 30.6 > 22.0
2026-04-04 13:19:24 | DEBUG    | Skipping 20250423 — VIX 28.4 > 22.0
2026-04-04 13:19:24 | DEBUG    | Skipping 20250424 — VIX 26.5 > 22.0
2026-04-04 13:19:24 | DEBUG    | Skipping 20250425 — VIX 24.8 > 22.0
2026-04-04 13:19:24 | DEBUG    | Skipping 20250428 — VIX 25.1 > 22.0
2026-04-04 13:19:24 | DEBUG    | Skipping 20250429 — VIX 24.2 > 22.0
2026-04-04 13:19:24 | DEBUG    | Skipping 20250430 — VIX 24.7 > 22.0
2026-04-04 13:19:24 | DEBUG    | Skipping 20250501 — VIX 24.6 > 22.0
2026-04-04 13:19:24 | DEBUG    | Skipping 20250502 — VIX 22.7 > 22.0
2026-04-04 13:19:24 | DEBUG    | Skipping 20250505 — VIX 23.6 > 22.0
2026-04-04 13:19:24 | DEBUG    | Skipping 20250506 — VIX 24.8 > 22.0
2026-04-04 13:19:24 | DEBUG    | Skipping 20250507 — VIX 23.6 > 22.0
2026-04-04 13:19:24 | DEBUG    | Skipping 20250508 — VIX 22.5 > 22.0
2026-04-04 13:19:24 | DEBUG    | Skipping 20250523 — VIX 22.3 > 22.0
2026-04-04 13:19:24 | INFO     | Signal #  50 | 20250725 |  PUT | P&L: $    277 | Total: $    3,876 | WR: 80.8%
2026-04-04 13:19:25 | DEBUG    | Skipping 20251016 — VIX 25.3 > 22.0
2026-04-04 13:19:25 | DEBUG    | Skipping 20251117 — VIX 22.4 > 22.0
2026-04-04 13:19:25 | DEBUG    | Skipping 20251118 — VIX 24.7 > 22.0
2026-04-04 13:19:25 | DEBUG    | Skipping 20251119 — VIX 23.7 > 22.0
2026-04-04 13:19:25 | DEBUG    | Skipping 20251120 — VIX 26.4 > 22.0
2026-04-04 13:19:25 | DEBUG    | Skipping 20251121 — VIX 23.4 > 22.0
2026-04-04 13:19:25 | DEBUG    | Skipping 20260303 — VIX 23.6 > 22.0
2026-04-04 13:19:25 | DEBUG    | Skipping 20260305 — VIX 23.8 > 22.0
2026-04-04 13:19:25 | DEBUG    | Skipping 20260306 — VIX 29.5 > 22.0
2026-04-04 13:19:25 | DEBUG    | Skipping 20260309 — VIX 25.5 > 22.0
2026-04-04 13:19:25 | DEBUG    | Skipping 20260310 — VIX 24.9 > 22.0
2026-04-04 13:19:25 | DEBUG    | Skipping 20260311 — VIX 24.2 > 22.0
2026-04-04 13:19:25 | DEBUG    | Skipping 20260312 — VIX 27.3 > 22.0
2026-04-04 13:19:25 | DEBUG    | Skipping 20260313 — VIX 27.2 > 22.0
2026-04-04 13:19:25 | DEBUG    | Skipping 20260316 — VIX 23.5 > 22.0
2026-04-04 13:19:25 | DEBUG    | Skipping 20260317 — VIX 22.4 > 22.0
2026-04-04 13:19:25 | DEBUG    | Skipping 20260318 — VIX 25.1 > 22.0
2026-04-04 13:19:25 | DEBUG    | Skipping 20260319 — VIX 24.1 > 22.0
2026-04-04 13:19:25 | DEBUG    | Skipping 20260320 — VIX 26.8 > 22.0
2026-04-04 13:19:25 | DEBUG    | Skipping 20260323 — VIX 26.1 > 22.0
2026-04-04 13:19:25 | DEBUG    | Skipping 20260324 — VIX 26.9 > 22.0
2026-04-04 13:19:25 | DEBUG    | Skipping 20260325 — VIX 25.3 > 22.0
2026-04-04 13:19:25 | INFO     | DONE — 73 trades, 1060 trading days, 989 skipped
2026-04-04 13:19:25 | INFO     | Trade log snapshot -> /Users/jeerapongwongchote/Documents/thetadata/zenith/tradelogs_zenith.csv
2026-04-04 13:19:25 | INFO     | ============================================================
2026-04-04 13:19:25 | INFO     |   ZENITH FADE CCS — BACKTEST RESULTS
2026-04-04 13:19:25 | INFO     | ============================================================
2026-04-04 13:19:25 | INFO     |   Period          : 20220112 -> 20260220
2026-04-04 13:19:25 | INFO     |   Business days   : 1062
2026-04-04 13:19:25 | INFO     |   Days traded     : 70
2026-04-04 13:19:25 | INFO     |   Total trades    : 73  (wins: 61  losses: 12)
2026-04-04 13:19:25 | INFO     |   Avg trades/day  :    1.0
2026-04-04 13:19:25 | INFO     | ------------------------------------------------------------
2026-04-04 13:19:25 | INFO     |   Total P&L       : $    7,477.32  (net of commission)
2026-04-04 13:19:25 | INFO     |   CAGR            :  1.8%  (acct=$100,000)
2026-04-04 13:19:25 | INFO     |   Avg profit/trade: $  146.58
2026-04-04 13:19:25 | INFO     |   Avg loss/trade  : $ -122.00
2026-04-04 13:19:25 | INFO     |   Expectancy/trade: $  102.43
2026-04-04 13:19:25 | INFO     |   Profit factor   :    6.11x
2026-04-04 13:19:25 | INFO     | ------------------------------------------------------------
2026-04-04 13:19:25 | INFO     |   Max drawdown    : $  244.00  (0.2%)
2026-04-04 13:19:25 | INFO     |   Calmar ratio    :     7.27  (CAGR / max DD%)
2026-04-04 13:19:25 | INFO     |   Recovery factor :     30.64  (net P&L / max DD)
2026-04-04 13:19:25 | INFO     |   Time underwater :   24.7%
2026-04-04 13:19:25 | INFO     | ------------------------------------------------------------
2026-04-04 13:19:25 | INFO     |   Win rate        :   83.6%
2026-04-04 13:19:25 | INFO     |   Sharpe ratio    :     11.94  (rf=4.5%)
2026-04-04 13:19:25 | INFO     |   Sortino ratio   :     99.00
2026-04-04 13:19:25 | INFO     |   Ann. volatility : $2,159.96
2026-04-04 13:19:25 | INFO     | ------------------------------------------------------------
2026-04-04 13:19:25 | INFO     |   Best day        : $  394.00
2026-04-04 13:19:25 | INFO     |   Worst day       : $ -122.00
2026-04-04 13:19:25 | INFO     |   Best trade      : $  394.00
2026-04-04 13:19:25 | INFO     |   Worst trade     : $ -122.00
2026-04-04 13:19:25 | INFO     |   Max win streak  : 18
2026-04-04 13:19:25 | INFO     | ------------------------------------------------------------
2026-04-04 13:19:25 | INFO     |   Score threshold : 68.0
2026-04-04 13:19:25 | INFO     |   Strike offset   : 30.0pt
2026-04-04 13:19:25 | INFO     |   Spread width    : 10.0pt
2026-04-04 13:19:25 | INFO     |   Credit model    : real
2026-04-04 13:19:25 | INFO     |   Bidirectional   : True (put score <= 50.0)
2026-04-04 13:19:25 | INFO     |   Intraday SL     : -0.2
2026-04-04 13:19:25 | INFO     |   Credit floor    : $0.75
2026-04-04 13:19:25 | INFO     |   VIX max filter  : 22.0
2026-04-04 13:19:25 | INFO     |   Term structure  : skip backwardation (ratio > 1.0)
2026-04-04 13:19:25 | INFO     |   Commission      : $0.5/leg
2026-04-04 13:19:25 | INFO     | ============================================================
2026-04-04 13:19:25 | INFO     | Results written to /Users/jeerapongwongchote/Documents/thetadata/zenith/RESULTS.md (keeping last 3 runs)
2026-04-04 13:19:25 | INFO     | Run summary appended to /Users/jeerapongwongchote/Documents/thetadata/zenith/logs/run_history.json
2026-04-04 13:19:25 | INFO     | --------------------------------------------------------------
2026-04-04 13:19:25 | INFO     |   VIX CORRELATION ANALYSIS
2026-04-04 13:19:25 | INFO     | --------------------------------------------------------------
2026-04-04 13:19:25 | INFO     |   VIX Range  |  Trades |  Win Rate |    Avg P&L |    Total P&L
2026-04-04 13:19:25 | INFO     | --------------------------------------------------------------
2026-04-04 13:19:25 | INFO     |   < 15       |      17 |     94.1% | $   115.28 | $   1,959.77
2026-04-04 13:19:25 | INFO     |   15-20      |      45 |     84.4% | $   102.41 | $   4,608.64
2026-04-04 13:19:25 | INFO     |   20-25      |      11 |     63.6% | $    82.63 | $     908.91
2026-04-04 13:19:25 | INFO     | --------------------------------------------------------------
2026-04-04 13:19:25 | INFO     | -----------------------------------------------------------------------------------------------
2026-04-04 13:19:25 | INFO     |   PUT vs CALL SPREAD PERFORMANCE SPLIT
2026-04-04 13:19:25 | INFO     | -----------------------------------------------------------------------------------------------
2026-04-04 13:19:25 | INFO     |   Type     |  Trades |  Win Rate |    Avg P&L |    Total P&L |   Avg Win |  Avg Loss |  Prof Fac
2026-04-04 13:19:25 | INFO     | -----------------------------------------------------------------------------------------------
2026-04-04 13:19:25 | INFO     |   CALL     |      47 |     83.0% | $    63.51 | $   2,985.10 | $  101.57 | $ -122.00 |     4.06x
2026-04-04 13:19:25 | INFO     |   PUT      |      23 |     82.6% | $   164.10 | $   3,774.29 | $  224.33 | $ -122.00 |     8.73x
2026-04-04 13:19:25 | INFO     | -----------------------------------------------------------------------------------------------
2026-04-04 13:19:25 | INFO     | --------------------------------------------------------------------------------------------------------------
2026-04-04 13:19:25 | INFO     |   MONTHLY P&L TABLE
2026-04-04 13:19:25 | INFO     | --------------------------------------------------------------------------------------------------------------
2026-04-04 13:19:25 | INFO     |   Year   |       1 |       2 |       3 |       4 |       5 |       6 |       7 |       8 |       9 |      10 |      11 |      12 |      Total
2026-04-04 13:19:25 | INFO     | --------------------------------------------------------------------------------------------------------------
2026-04-04 13:19:25 | INFO     |   2022   | $   131 |      -- |      -- | $  -244 |      -- |      -- |      -- | $   575 |      -- |      -- | $  -122 |      -- | $      340
2026-04-04 13:19:25 | INFO     |   2023   | $  -122 | $   195 |      -- |      -- | $  -122 | $   228 | $   183 |      -- | $    84 | $   460 | $   277 |      -- | $    1,182
2026-04-04 13:19:25 | INFO     |   2024   | $   111 |      -- | $   225 | $    77 | $   184 | $   206 |      -- |      -- | $   108 | $    92 | $   364 | $   148 | $    1,515
2026-04-04 13:19:25 | INFO     |   2025   | $   122 | $   166 | $    68 |      -- | $   -38 | $   123 | $   399 | $   209 | $   532 | $   186 | $   757 | $ 1,320 | $    3,844
2026-04-04 13:19:25 | INFO     |   2026   | $   318 | $   279 |      -- |      -- |      -- |      -- |      -- |      -- |      -- |      -- |      -- |      -- | $      597
2026-04-04 13:19:25 | INFO     | --------------------------------------------------------------------------------------------------------------
2026-04-04 13:19:25 | INFO     | --------------------------------------------------------------------------------------------------------------
2026-04-04 13:19:25 | INFO     |   INTRA-MONTH MAX DRAWDOWN
2026-04-04 13:19:25 | INFO     | --------------------------------------------------------------------------------------------------------------
2026-04-04 13:19:25 | INFO     |   Year   |       1 |       2 |       3 |       4 |       5 |       6 |       7 |       8 |       9 |      10 |      11 |      12 |     Ann DD
2026-04-04 13:19:25 | INFO     | --------------------------------------------------------------------------------------------------------------
2026-04-04 13:19:25 | INFO     |   2022   | $     0 |      -- |      -- | $   244 |      -- |      -- |      -- | $     0 |      -- |      -- | $   122 |      -- | $      244
2026-04-04 13:19:25 | INFO     |   2023   | $   122 | $     0 |      -- |      -- | $   122 | $     0 | $     0 |      -- | $     0 | $     0 | $     0 |      -- | $      122
2026-04-04 13:19:25 | INFO     |   2024   | $     0 |      -- | $   122 | $   122 | $     0 | $     0 |      -- |      -- | $     0 | $     0 | $     0 | $     0 | $      122
2026-04-04 13:19:25 | INFO     |   2025   | $     0 | $   122 | $     0 |      -- | $   122 | $     0 | $   122 | $     0 | $     0 | $     0 | $     0 | $     0 | $      122
2026-04-04 13:19:25 | INFO     |   2026   | $     0 | $   122 |      -- |      -- |      -- |      -- |      -- |      -- |      -- |      -- |      -- |      -- | $      122
2026-04-04 13:19:25 | INFO     | --------------------------------------------------------------------------------------------------------------
2026-04-04 13:19:25 | INFO     | ------------------------------------------------------------------------------------------------------------------------
2026-04-04 13:19:25 | INFO     |   MONTHLY RETURN: STRATEGY vs SPY
2026-04-04 13:19:25 | INFO     | ------------------------------------------------------------------------------------------------------------------------
2026-04-04 13:19:25 | INFO     |   Year   |          1 |          2 |          3 |          4 |          5 |          6 |          7 |          8 |          9 |         10 |         11 |         12 |   Strat |     SPY |   Alpha
2026-04-04 13:19:25 | INFO     | ------------------------------------------------------------------------------------------------------------------------
2026-04-04 13:19:25 | INFO     |   2022   | +0.1/-5.3 | +0.0/-3.0 | +0.0/+3.8 | -0.2/-8.8 | +0.0/+0.2 | +0.0/-8.2 | +0.0/+9.2 | +0.6/-4.1 | +0.0/-9.2 | +0.0/+8.1 | -0.1/+5.6 | +0.0/-5.8 |   +0.3% |  -17.5% |  +17.8%
2026-04-04 13:19:25 | INFO     |   2023   | -0.1/+6.3 | +0.2/-2.5 | +0.0/+3.7 | +0.0/+1.6 | -0.1/+0.5 | +0.2/+6.5 | +0.2/+3.3 | +0.0/-1.6 | +0.1/-4.7 | +0.5/-2.2 | +0.3/+9.1 | +0.0/+4.6 |   +1.2% |  +24.5% |  -23.3%
2026-04-04 13:19:25 | INFO     |   2024   | +0.1/+1.6 | +0.0/+5.2 | +0.2/+3.3 | +0.1/-4.0 | +0.2/+5.1 | +0.2/+3.5 | +0.0/+1.2 | +0.0/+2.3 | +0.1/+2.1 | +0.1/-0.9 | +0.4/+6.0 | +0.1/-2.4 |   +1.5% |  +22.9% |  -21.4%
2026-04-04 13:19:25 | INFO     |   2025   | +0.1/+2.7 | +0.2/-1.3 | +0.1/-5.6 | +0.0/-0.9 | -0.0/+6.3 | +0.1/+5.1 | +0.4/+2.3 | +0.2/+2.1 | +0.5/+3.6 | +0.2/+2.4 | +0.8/+0.2 | +1.3/+0.1 |   +3.8% |  +17.0% |  -13.1%
2026-04-04 13:19:25 | INFO     |   2026   | +0.3/+1.5 | +0.3/-0.9 | +0.0/-4.9 | +0.0/+0.7 |         -- |         -- |         -- |         -- |         -- |         -- |         -- |         -- |   +0.6% |   -3.6% |   +4.2%
2026-04-04 13:19:25 | INFO     | ------------------------------------------------------------------------------------------------------------------------
2026-04-04 13:19:25 | INFO     | ----------------------------------------------------------------------
2026-04-04 13:19:25 | INFO     |   LARGEST LOSS DAYS (worst 30)
2026-04-04 13:19:25 | INFO     | ----------------------------------------------------------------------
2026-04-04 13:19:25 | INFO     |   Date         |    VIX |  Trades |      Day P&L |      Event
2026-04-04 13:19:25 | INFO     | ----------------------------------------------------------------------
2026-04-04 13:19:25 | INFO     |   20220407     |   22.1 |       1 | $    -122.00 |           
2026-04-04 13:19:25 | INFO     |   20220419     |   22.2 |       1 | $    -122.00 |           
2026-04-04 13:19:25 | INFO     |   20221122     |   22.4 |       1 | $    -122.00 |           
2026-04-04 13:19:25 | INFO     |   20230118     |   19.4 |       1 | $    -122.00 |           
2026-04-04 13:19:25 | INFO     |   20230502     |   16.1 |       1 | $    -122.00 |           
2026-04-04 13:19:25 | INFO     |   20240305     |   13.5 |       1 | $    -122.00 |           
2026-04-04 13:19:25 | INFO     |   20250515     |   18.6 |       1 | $    -122.00 |           
2026-04-04 13:19:25 | INFO     |   20250723     |   16.5 |       1 | $    -122.00 |           
2026-04-04 13:19:25 | INFO     |   20260202     |   17.4 |       1 | $    -122.00 |           
2026-04-04 13:19:25 | INFO     |   20240118     |   14.8 |       1 | $      46.65 |           
2026-04-04 13:19:25 | INFO     |   20240923     |   16.1 |       1 | $      46.65 |           
2026-04-04 13:19:25 | INFO     |   20250609     |   16.8 |       1 | $      46.65 |           
2026-04-04 13:19:25 | INFO     |   20250919     |   15.7 |       1 | $      50.17 |         TW
2026-04-04 13:19:25 | INFO     |   20260115     |   16.8 |       1 | $      50.17 |           
2026-04-04 13:19:25 | INFO     |   20231003     |   17.6 |       1 | $      57.34 |           
2026-04-04 13:19:25 | INFO     |   20250121     |   16.0 |       1 | $      57.34 |           
2026-04-04 13:19:25 | INFO     |   20231106     |   14.9 |       1 | $      60.98 |           
2026-04-04 13:19:25 | INFO     |   20240917     |   17.1 |       1 | $      60.98 |           
2026-04-04 13:19:25 | INFO     |   20250221     |   15.7 |       1 | $      60.98 |           
2026-04-04 13:19:25 | INFO     |   20230206     |   18.3 |       1 | $      61.93 |           
2026-04-04 13:19:25 | INFO     |   20230215     |   18.9 |       1 | $      64.67 |           
2026-04-04 13:19:25 | INFO     |   20240117     |   13.8 |       1 | $      64.67 |           
2026-04-04 13:19:25 | INFO     |   20250131     |   15.8 |       1 | $      64.67 |           
2026-04-04 13:19:25 | INFO     |   20251022     |   17.9 |       1 | $      64.67 |           
2026-04-04 13:19:25 | INFO     |   20230622     |   13.2 |       1 | $      64.91 |           
2026-04-04 13:19:25 | INFO     |   20231128     |   12.7 |       1 | $      66.28 |           
2026-04-04 13:19:25 | INFO     |   20220818     |   19.9 |       1 | $      68.39 |           
2026-04-04 13:19:25 | INFO     |   20230227     |   21.7 |       1 | $      68.39 |           
2026-04-04 13:19:25 | INFO     |   20241114     |   14.0 |       1 | $      68.39 |           
2026-04-04 13:19:25 | INFO     |   20250326     |   17.1 |       1 | $      68.39 |           
2026-04-04 13:19:25 | INFO     | ----------------------------------------------------------------------
2026-04-04 13:19:25 | INFO     | ----------------------------------------------------------
2026-04-04 13:19:25 | INFO     |   SEASONALITY — DAY OF WEEK
2026-04-04 13:19:25 | INFO     | ----------------------------------------------------------
2026-04-04 13:19:25 | INFO     |   Day   |  Trades |    WR% |    Total P&L |    Avg P&L
2026-04-04 13:19:25 | INFO     | ----------------------------------------------------------
2026-04-04 13:19:25 | INFO     |   Mon   |      10 |  90.0% | $   1,197.09 | $   119.71
2026-04-04 13:19:25 | INFO     |   Tue   |      18 |  72.2% | $   1,269.87 | $    70.55
2026-04-04 13:19:25 | INFO     |   Wed   |      16 |  81.2% | $   1,739.44 | $   108.72
2026-04-04 13:19:25 | INFO     |   Thu   |      16 |  87.5% | $   1,522.46 | $    95.15
2026-04-04 13:19:25 | INFO     |   Fri   |      13 |  92.3% | $   1,748.46 | $   134.50
2026-04-04 13:19:25 | INFO     | ----------------------------------------------------------
2026-04-04 13:19:25 | INFO     | ----------------------------------------------------------
2026-04-04 13:19:25 | INFO     |   SEASONALITY — MONTH
2026-04-04 13:19:25 | INFO     | ----------------------------------------------------------
2026-04-04 13:19:25 | INFO     |   Month |  Trades |    WR% |    Total P&L |    Avg P&L
2026-04-04 13:19:25 | INFO     | ----------------------------------------------------------
2026-04-04 13:19:25 | INFO     |   Jan   |       8 |  87.5% | $     560.20 | $    70.03
2026-04-04 13:19:25 | INFO     |   Feb   |      10 |  70.0% | $     640.13 | $    64.01
2026-04-04 13:19:25 | INFO     |   Mar   |       4 |  75.0% | $     293.21 | $    73.30
2026-04-04 13:19:25 | INFO     |   Apr   |       4 |  25.0% | $    -166.90 | $   -41.73
2026-04-04 13:19:25 | INFO     |   May   |       5 |  60.0% | $      24.13 | $     4.83
2026-04-04 13:19:25 | INFO     |   Jun   |       5 | 100.0% | $     556.24 | $   111.25
2026-04-04 13:19:25 | INFO     |   Jul   |       4 |  75.0% | $     581.72 | $   145.43
2026-04-04 13:19:25 | INFO     |   Aug   |       4 | 100.0% | $     783.49 | $   195.87
2026-04-04 13:19:25 | INFO     |   Sep   |       6 | 100.0% | $     723.17 | $   120.53
2026-04-04 13:19:25 | INFO     |   Oct   |       7 | 100.0% | $     737.51 | $   105.36
2026-04-04 13:19:25 | INFO     |   Nov   |      10 |  90.0% | $   1,276.01 | $   127.60
2026-04-04 13:19:25 | INFO     |   Dec   |       6 | 100.0% | $   1,468.41 | $   244.73
2026-04-04 13:19:25 | INFO     | ----------------------------------------------------------
2026-04-04 13:19:25 | INFO     | ------------------------------------------------------------------------
2026-04-04 13:19:25 | INFO     |   CALENDAR / ECON EVENT ANALYSIS  (sorted by WR%)
2026-04-04 13:19:25 | INFO     | ------------------------------------------------------------------------
2026-04-04 13:19:25 | INFO     |   Event          |  Days |    WR% |    Avg/Day |    Total P&L |     Max DD
2026-04-04 13:19:25 | INFO     | ------------------------------------------------------------------------
2026-04-04 13:19:25 | INFO     |   CPI/NFP        |     4 | 100.0% | $    86.12 | $     344.48 | $     0.00
2026-04-04 13:19:25 | INFO     |   FOMC           |     3 | 100.0% | $   156.87 | $     470.62 | $     0.00
2026-04-04 13:19:25 | INFO     |   Triple Witch   |     3 | 100.0% | $   182.68 | $     548.05 | $     0.00
2026-04-04 13:19:25 | INFO     |   Normal         |    63 |  81.0% | $   101.90 | $   6,114.17 | $   244.00
2026-04-04 13:19:25 | INFO     | ------------------------------------------------------------------------
