2026-03-31 07:40:50 | INFO     | Log file  : /Users/jeerapongwongchote/Documents/thetadata/zenith/logs/zenith_20260331_074049.log
2026-03-31 07:40:50 | INFO     | ================================================================================
2026-03-31 07:40:50 | INFO     |   RECENT RUN HISTORY
2026-03-31 07:40:50 | INFO     | --------------------------------------------------------------------------------
2026-03-31 07:40:50 | INFO     |   Timestamp              | Mode       |  Trades |          P&L |         DD |  Sharpe |     WR
2026-03-31 07:40:50 | INFO     | --------------------------------------------------------------------------------
2026-03-31 07:40:50 | INFO     |   2026-03-31T07:24:03    | dynamic    |     815 | $    26,749 | -$   3,714 |   1.48 |  73.4%
2026-03-31 07:40:50 | INFO     |   2026-03-31T07:24:05    | dynamic    |     815 | $    26,749 | -$   3,714 |   1.48 |  73.4%
2026-03-31 07:40:50 | INFO     |   2026-03-31T07:24:07    | dynamic    |     815 | $    26,749 | -$   3,714 |   1.48 |  73.4%
2026-03-31 07:40:50 | INFO     |   2026-03-31T07:24:10    | dynamic    |     815 | $    26,749 | -$   3,714 |   1.48 |  73.4%
2026-03-31 07:40:50 | INFO     |   2026-03-31T07:24:13    | dynamic    |     815 | $    26,749 | -$   3,714 |   1.48 |  73.4%
2026-03-31 07:40:50 | INFO     |   2026-03-31T07:24:15    | dynamic    |     815 | $    26,749 | -$   3,714 |   1.48 |  73.4%
2026-03-31 07:40:50 | INFO     |   2026-03-31T07:26:20    | dynamic    |     513 | $    20,498 | -$   3,243 |   1.90 |  75.8%
2026-03-31 07:40:50 | INFO     |   2026-03-31T07:31:56    | dynamic    |     513 | $    15,794 | -$   2,152 |   1.69 |  67.8%
2026-03-31 07:40:50 | INFO     |   2026-03-31T07:34:53    | dynamic    |     513 | $    24,665 | -$   1,645 |   3.07 |  67.1%
2026-03-31 07:40:50 | INFO     |   2026-03-31T07:35:20    | dynamic    |     513 | $    40,531 | -$     728 |   6.37 |  64.9%
2026-03-31 07:40:50 | INFO     | ================================================================================
2026-03-31 07:40:50 | INFO     | ============================================================
2026-03-31 07:40:50 | INFO     | ZENITH FADE CCS BACKTEST
2026-03-31 07:40:50 | INFO     | Signal Mode  : dynamic
2026-03-31 07:40:50 | INFO     | Period       : 2022-01-03 -> 2026-03-25
2026-03-31 07:40:50 | INFO     | Score Thresh : 68.0
2026-03-31 07:40:50 | INFO     | Weights      : var=1.4, vol=8.9, rocket=274.0
2026-03-31 07:40:50 | INFO     | Strike       : 25.0pt OTM, 10.0pt wide
2026-03-31 07:40:50 | INFO     | Risk         : $600.0, TP 66%, SL -100%
2026-03-31 07:40:50 | INFO     | ============================================================
2026-03-31 07:40:50 | INFO     | Building daily indicators...
2026-03-31 07:40:53 | WARNING  | No SPX volume data — dRelVol defaulted to 1.0
2026-03-31 07:40:53 | INFO     | Built daily indicators: 1060 bars
2026-03-31 07:40:53 | INFO     |   -> 1060 daily bars loaded
2026-03-31 07:40:53 | INFO     | ============================================================
2026-03-31 07:40:53 | INFO     | ZENITH FADE CCS BACKTEST
2026-03-31 07:40:53 | INFO     | Mode: dynamic
2026-03-31 07:40:53 | INFO     | Period: 2022-01-03 -> 2026-03-25
2026-03-31 07:40:53 | INFO     | Trades -> /Users/jeerapongwongchote/Documents/thetadata/zenith/logs/zenith_trades_20260331_074049.csv
2026-03-31 07:40:53 | INFO     | ============================================================
2026-03-31 07:40:53 | INFO     | Signal #   1 | 20220104 | P&L: $    206 | Total: $      206 | WR: 100.0%
2026-03-31 07:40:53 | INFO     | Signal #   2 | 20220105 | P&L: $    224 | Total: $      430 | WR: 100.0%
2026-03-31 07:40:53 | INFO     | Signal #   3 | 20220107 | P&L: $    235 | Total: $      665 | WR: 100.0%
2026-03-31 07:40:53 | INFO     | Signal #   4 | 20220111 | P&L: $   -182 | Total: $      483 | WR: 75.0%
2026-03-31 07:40:53 | INFO     | Signal #   5 | 20220112 | P&L: $   -182 | Total: $      301 | WR: 60.0%
2026-03-31 07:40:53 | DEBUG    | Skipping 20220118 — VIX 22.8 > 22.0
2026-03-31 07:40:53 | DEBUG    | Skipping 20220119 — VIX 23.9 > 22.0
2026-03-31 07:40:53 | DEBUG    | Skipping 20220120 — VIX 25.6 > 22.0
2026-03-31 07:40:53 | DEBUG    | Skipping 20220121 — VIX 28.9 > 22.0
2026-03-31 07:40:53 | DEBUG    | Skipping 20220124 — VIX 29.9 > 22.0
2026-03-31 07:40:53 | DEBUG    | Skipping 20220125 — VIX 31.2 > 22.0
2026-03-31 07:40:53 | DEBUG    | Skipping 20220126 — VIX 32.0 > 22.0
2026-03-31 07:40:53 | DEBUG    | Skipping 20220127 — VIX 30.5 > 22.0
2026-03-31 07:40:53 | DEBUG    | Skipping 20220128 — VIX 27.7 > 22.0
2026-03-31 07:40:53 | DEBUG    | Skipping 20220131 — VIX 24.8 > 22.0
2026-03-31 07:40:53 | DEBUG    | Skipping 20220202 — VIX 22.1 > 22.0
2026-03-31 07:40:53 | DEBUG    | Skipping 20220203 — VIX 24.4 > 22.0
2026-03-31 07:40:53 | DEBUG    | Skipping 20220204 — VIX 23.2 > 22.0
2026-03-31 07:40:53 | DEBUG    | Skipping 20220207 — VIX 22.9 > 22.0
2026-03-31 07:40:53 | DEBUG    | Skipping 20220210 — VIX 23.9 > 22.0
2026-03-31 07:40:53 | DEBUG    | Skipping 20220211 — VIX 27.4 > 22.0
2026-03-31 07:40:53 | DEBUG    | Skipping 20220214 — VIX 28.3 > 22.0
2026-03-31 07:40:53 | DEBUG    | Skipping 20220215 — VIX 25.7 > 22.0
2026-03-31 07:40:53 | DEBUG    | Skipping 20220216 — VIX 24.3 > 22.0
2026-03-31 07:40:53 | DEBUG    | Skipping 20220217 — VIX 28.1 > 22.0
2026-03-31 07:40:53 | DEBUG    | Skipping 20220218 — VIX 27.8 > 22.0
2026-03-31 07:40:53 | DEBUG    | Skipping 20220222 — VIX 28.8 > 22.0
2026-03-31 07:40:53 | DEBUG    | Skipping 20220223 — VIX 31.0 > 22.0
2026-03-31 07:40:53 | DEBUG    | Skipping 20220224 — VIX 30.3 > 22.0
2026-03-31 07:40:53 | DEBUG    | Skipping 20220225 — VIX 27.6 > 22.0
2026-03-31 07:40:53 | DEBUG    | Skipping 20220228 — VIX 30.1 > 22.0
2026-03-31 07:40:53 | DEBUG    | Skipping 20220301 — VIX 33.3 > 22.0
2026-03-31 07:40:53 | DEBUG    | Skipping 20220302 — VIX 30.7 > 22.0
2026-03-31 07:40:53 | DEBUG    | Skipping 20220303 — VIX 30.5 > 22.0
2026-03-31 07:40:53 | DEBUG    | Skipping 20220304 — VIX 32.0 > 22.0
2026-03-31 07:40:53 | DEBUG    | Skipping 20220307 — VIX 36.5 > 22.0
2026-03-31 07:40:53 | DEBUG    | Skipping 20220308 — VIX 35.1 > 22.0
2026-03-31 07:40:53 | DEBUG    | Skipping 20220309 — VIX 32.5 > 22.0
2026-03-31 07:40:53 | DEBUG    | Skipping 20220310 — VIX 30.2 > 22.0
2026-03-31 07:40:53 | DEBUG    | Skipping 20220311 — VIX 30.8 > 22.0
2026-03-31 07:40:53 | DEBUG    | Skipping 20220314 — VIX 31.8 > 22.0
2026-03-31 07:40:53 | DEBUG    | Skipping 20220315 — VIX 29.8 > 22.0
2026-03-31 07:40:53 | DEBUG    | Skipping 20220316 — VIX 26.7 > 22.0
2026-03-31 07:40:53 | DEBUG    | Skipping 20220317 — VIX 25.7 > 22.0
2026-03-31 07:40:53 | DEBUG    | Skipping 20220318 — VIX 23.9 > 22.0
2026-03-31 07:40:53 | DEBUG    | Skipping 20220321 — VIX 23.5 > 22.0
2026-03-31 07:40:53 | DEBUG    | Skipping 20220322 — VIX 22.9 > 22.0
2026-03-31 07:40:53 | DEBUG    | Skipping 20220323 — VIX 23.6 > 22.0
2026-03-31 07:40:53 | DEBUG    | Skipping 20220406 — VIX 22.1 > 22.0
2026-03-31 07:40:53 | DEBUG    | Skipping 20220411 — VIX 24.4 > 22.0
2026-03-31 07:40:53 | DEBUG    | Skipping 20220412 — VIX 24.3 > 22.0
2026-03-31 07:40:53 | DEBUG    | Skipping 20220414 — VIX 22.7 > 22.0
2026-03-31 07:40:53 | DEBUG    | Skipping 20220418 — VIX 22.2 > 22.0
2026-03-31 07:40:53 | DEBUG    | Skipping 20220421 — VIX 22.7 > 22.0
2026-03-31 07:40:53 | DEBUG    | Skipping 20220422 — VIX 28.2 > 22.0
2026-03-31 07:40:53 | DEBUG    | Skipping 20220425 — VIX 27.0 > 22.0
2026-03-31 07:40:53 | DEBUG    | Skipping 20220426 — VIX 33.5 > 22.0
2026-03-31 07:40:53 | DEBUG    | Skipping 20220427 — VIX 31.6 > 22.0
2026-03-31 07:40:53 | DEBUG    | Skipping 20220428 — VIX 30.0 > 22.0
2026-03-31 07:40:53 | DEBUG    | Skipping 20220429 — VIX 33.4 > 22.0
2026-03-31 07:40:53 | DEBUG    | Skipping 20220502 — VIX 32.3 > 22.0
2026-03-31 07:40:53 | DEBUG    | Skipping 20220503 — VIX 29.2 > 22.0
2026-03-31 07:40:53 | DEBUG    | Skipping 20220504 — VIX 25.4 > 22.0
2026-03-31 07:40:53 | DEBUG    | Skipping 20220505 — VIX 31.2 > 22.0
2026-03-31 07:40:53 | DEBUG    | Skipping 20220506 — VIX 30.2 > 22.0
2026-03-31 07:40:53 | DEBUG    | Skipping 20220509 — VIX 34.8 > 22.0
2026-03-31 07:40:53 | DEBUG    | Skipping 20220510 — VIX 33.0 > 22.0
2026-03-31 07:40:53 | DEBUG    | Skipping 20220511 — VIX 32.6 > 22.0
2026-03-31 07:40:53 | DEBUG    | Skipping 20220512 — VIX 31.8 > 22.0
2026-03-31 07:40:53 | DEBUG    | Skipping 20220513 — VIX 28.9 > 22.0
2026-03-31 07:40:53 | DEBUG    | Skipping 20220516 — VIX 27.5 > 22.0
2026-03-31 07:40:53 | DEBUG    | Skipping 20220517 — VIX 26.1 > 22.0
2026-03-31 07:40:53 | DEBUG    | Skipping 20220518 — VIX 31.0 > 22.0
2026-03-31 07:40:53 | DEBUG    | Skipping 20220519 — VIX 29.4 > 22.0
2026-03-31 07:40:53 | DEBUG    | Skipping 20220520 — VIX 29.4 > 22.0
2026-03-31 07:40:53 | DEBUG    | Skipping 20220523 — VIX 28.5 > 22.0
2026-03-31 07:40:53 | DEBUG    | Skipping 20220524 — VIX 29.4 > 22.0
2026-03-31 07:40:53 | DEBUG    | Skipping 20220525 — VIX 28.4 > 22.0
2026-03-31 07:40:53 | DEBUG    | Skipping 20220526 — VIX 27.5 > 22.0
2026-03-31 07:40:53 | DEBUG    | Skipping 20220527 — VIX 25.7 > 22.0
2026-03-31 07:40:53 | DEBUG    | Skipping 20220531 — VIX 26.2 > 22.0
2026-03-31 07:40:53 | DEBUG    | Skipping 20220601 — VIX 25.7 > 22.0
2026-03-31 07:40:53 | DEBUG    | Skipping 20220602 — VIX 24.7 > 22.0
2026-03-31 07:40:53 | DEBUG    | Skipping 20220603 — VIX 24.8 > 22.0
2026-03-31 07:40:53 | DEBUG    | Skipping 20220606 — VIX 25.1 > 22.0
2026-03-31 07:40:53 | DEBUG    | Skipping 20220607 — VIX 24.0 > 22.0
2026-03-31 07:40:53 | DEBUG    | Skipping 20220608 — VIX 24.0 > 22.0
2026-03-31 07:40:53 | DEBUG    | Skipping 20220609 — VIX 26.1 > 22.0
2026-03-31 07:40:53 | DEBUG    | Skipping 20220610 — VIX 27.8 > 22.0
2026-03-31 07:40:53 | DEBUG    | Skipping 20220613 — VIX 34.0 > 22.0
2026-03-31 07:40:53 | DEBUG    | Skipping 20220614 — VIX 32.7 > 22.0
2026-03-31 07:40:53 | DEBUG    | Skipping 20220615 — VIX 29.6 > 22.0
2026-03-31 07:40:53 | DEBUG    | Skipping 20220616 — VIX 33.0 > 22.0
2026-03-31 07:40:53 | DEBUG    | Skipping 20220617 — VIX 31.1 > 22.0
2026-03-31 07:40:53 | DEBUG    | Skipping 20220621 — VIX 30.2 > 22.0
2026-03-31 07:40:53 | DEBUG    | Skipping 20220622 — VIX 28.9 > 22.0
2026-03-31 07:40:53 | DEBUG    | Skipping 20220623 — VIX 29.1 > 22.0
2026-03-31 07:40:53 | DEBUG    | Skipping 20220624 — VIX 27.2 > 22.0
2026-03-31 07:40:53 | DEBUG    | Skipping 20220627 — VIX 26.9 > 22.0
2026-03-31 07:40:53 | DEBUG    | Skipping 20220628 — VIX 28.4 > 22.0
2026-03-31 07:40:53 | DEBUG    | Skipping 20220629 — VIX 28.2 > 22.0
2026-03-31 07:40:53 | DEBUG    | Skipping 20220630 — VIX 28.7 > 22.0
2026-03-31 07:40:53 | DEBUG    | Skipping 20220701 — VIX 26.7 > 22.0
2026-03-31 07:40:53 | DEBUG    | Skipping 20220705 — VIX 27.5 > 22.0
2026-03-31 07:40:53 | DEBUG    | Skipping 20220706 — VIX 26.7 > 22.0
2026-03-31 07:40:53 | DEBUG    | Skipping 20220707 — VIX 26.1 > 22.0
2026-03-31 07:40:53 | DEBUG    | Skipping 20220708 — VIX 24.6 > 22.0
2026-03-31 07:40:53 | DEBUG    | Skipping 20220711 — VIX 26.2 > 22.0
2026-03-31 07:40:53 | DEBUG    | Skipping 20220712 — VIX 27.3 > 22.0
2026-03-31 07:40:53 | DEBUG    | Skipping 20220713 — VIX 26.8 > 22.0
2026-03-31 07:40:53 | DEBUG    | Skipping 20220714 — VIX 26.4 > 22.0
2026-03-31 07:40:53 | DEBUG    | Skipping 20220715 — VIX 24.2 > 22.0
2026-03-31 07:40:53 | DEBUG    | Skipping 20220718 — VIX 25.3 > 22.0
2026-03-31 07:40:53 | DEBUG    | Skipping 20220719 — VIX 24.5 > 22.0
2026-03-31 07:40:53 | DEBUG    | Skipping 20220720 — VIX 23.9 > 22.0
2026-03-31 07:40:53 | DEBUG    | Skipping 20220721 — VIX 23.1 > 22.0
2026-03-31 07:40:53 | DEBUG    | Skipping 20220722 — VIX 23.0 > 22.0
2026-03-31 07:40:53 | DEBUG    | Skipping 20220725 — VIX 23.4 > 22.0
2026-03-31 07:40:53 | DEBUG    | Skipping 20220726 — VIX 24.7 > 22.0
2026-03-31 07:40:53 | DEBUG    | Skipping 20220727 — VIX 23.2 > 22.0
2026-03-31 07:40:53 | DEBUG    | Skipping 20220728 — VIX 22.3 > 22.0
2026-03-31 07:40:53 | DEBUG    | Skipping 20220801 — VIX 22.8 > 22.0
2026-03-31 07:40:53 | DEBUG    | Skipping 20220802 — VIX 23.9 > 22.0
2026-03-31 07:40:53 | DEBUG    | Skipping 20220822 — VIX 23.8 > 22.0
2026-03-31 07:40:53 | DEBUG    | Skipping 20220823 — VIX 24.1 > 22.0
2026-03-31 07:40:53 | DEBUG    | Skipping 20220824 — VIX 22.8 > 22.0
2026-03-31 07:40:53 | DEBUG    | Skipping 20220826 — VIX 25.6 > 22.0
2026-03-31 07:40:53 | DEBUG    | Skipping 20220829 — VIX 26.2 > 22.0
2026-03-31 07:40:53 | DEBUG    | Skipping 20220830 — VIX 26.2 > 22.0
2026-03-31 07:40:53 | DEBUG    | Skipping 20220831 — VIX 25.9 > 22.0
2026-03-31 07:40:53 | DEBUG    | Skipping 20220901 — VIX 25.6 > 22.0
2026-03-31 07:40:53 | DEBUG    | Skipping 20220902 — VIX 25.5 > 22.0
2026-03-31 07:40:53 | DEBUG    | Skipping 20220906 — VIX 26.9 > 22.0
2026-03-31 07:40:53 | DEBUG    | Skipping 20220907 — VIX 24.6 > 22.0
2026-03-31 07:40:53 | DEBUG    | Skipping 20220908 — VIX 23.6 > 22.0
2026-03-31 07:40:53 | DEBUG    | Skipping 20220909 — VIX 22.8 > 22.0
2026-03-31 07:40:53 | DEBUG    | Skipping 20220912 — VIX 23.9 > 22.0
2026-03-31 07:40:53 | DEBUG    | Skipping 20220913 — VIX 27.3 > 22.0
2026-03-31 07:40:53 | DEBUG    | Skipping 20220914 — VIX 26.2 > 22.0
2026-03-31 07:40:53 | DEBUG    | Skipping 20220915 — VIX 26.3 > 22.0
2026-03-31 07:40:53 | DEBUG    | Skipping 20220916 — VIX 26.3 > 22.0
2026-03-31 07:40:53 | DEBUG    | Skipping 20220919 — VIX 25.8 > 22.0
2026-03-31 07:40:53 | DEBUG    | Skipping 20220920 — VIX 27.2 > 22.0
2026-03-31 07:40:53 | DEBUG    | Skipping 20220921 — VIX 28.0 > 22.0
2026-03-31 07:40:53 | DEBUG    | Skipping 20220922 — VIX 27.4 > 22.0
2026-03-31 07:40:53 | DEBUG    | Skipping 20220923 — VIX 29.9 > 22.0
2026-03-31 07:40:53 | DEBUG    | Skipping 20220926 — VIX 32.3 > 22.0
2026-03-31 07:40:53 | DEBUG    | Skipping 20220927 — VIX 32.6 > 22.0
2026-03-31 07:40:53 | DEBUG    | Skipping 20220928 — VIX 30.2 > 22.0
2026-03-31 07:40:53 | DEBUG    | Skipping 20220929 — VIX 31.8 > 22.0
2026-03-31 07:40:53 | DEBUG    | Skipping 20220930 — VIX 31.6 > 22.0
2026-03-31 07:40:53 | DEBUG    | Skipping 20221003 — VIX 30.1 > 22.0
2026-03-31 07:40:53 | DEBUG    | Skipping 20221004 — VIX 29.1 > 22.0
2026-03-31 07:40:53 | DEBUG    | Skipping 20221005 — VIX 28.6 > 22.0
2026-03-31 07:40:53 | DEBUG    | Skipping 20221006 — VIX 30.5 > 22.0
2026-03-31 07:40:53 | DEBUG    | Skipping 20221007 — VIX 31.4 > 22.0
2026-03-31 07:40:53 | DEBUG    | Skipping 20221010 — VIX 32.5 > 22.0
2026-03-31 07:40:53 | DEBUG    | Skipping 20221011 — VIX 33.6 > 22.0
2026-03-31 07:40:53 | DEBUG    | Skipping 20221012 — VIX 33.6 > 22.0
2026-03-31 07:40:53 | DEBUG    | Skipping 20221013 — VIX 31.9 > 22.0
2026-03-31 07:40:53 | DEBUG    | Skipping 20221014 — VIX 32.0 > 22.0
2026-03-31 07:40:53 | DEBUG    | Skipping 20221017 — VIX 31.4 > 22.0
2026-03-31 07:40:53 | DEBUG    | Skipping 20221018 — VIX 30.5 > 22.0
2026-03-31 07:40:53 | DEBUG    | Skipping 20221019 — VIX 30.8 > 22.0
2026-03-31 07:40:53 | DEBUG    | Skipping 20221020 — VIX 30.0 > 22.0
2026-03-31 07:40:53 | DEBUG    | Skipping 20221021 — VIX 29.7 > 22.0
2026-03-31 07:40:53 | DEBUG    | Skipping 20221024 — VIX 29.9 > 22.0
2026-03-31 07:40:53 | DEBUG    | Skipping 20221025 — VIX 28.5 > 22.0
2026-03-31 07:40:53 | DEBUG    | Skipping 20221026 — VIX 27.3 > 22.0
2026-03-31 07:40:53 | DEBUG    | Skipping 20221027 — VIX 27.4 > 22.0
2026-03-31 07:40:53 | DEBUG    | Skipping 20221028 — VIX 25.8 > 22.0
2026-03-31 07:40:53 | DEBUG    | Skipping 20221031 — VIX 25.9 > 22.0
2026-03-31 07:40:53 | DEBUG    | Skipping 20221101 — VIX 25.8 > 22.0
2026-03-31 07:40:53 | DEBUG    | Skipping 20221102 — VIX 25.9 > 22.0
2026-03-31 07:40:53 | DEBUG    | Skipping 20221103 — VIX 25.3 > 22.0
2026-03-31 07:40:53 | DEBUG    | Skipping 20221104 — VIX 24.6 > 22.0
2026-03-31 07:40:53 | DEBUG    | Skipping 20221107 — VIX 24.4 > 22.0
2026-03-31 07:40:53 | DEBUG    | Skipping 20221108 — VIX 25.5 > 22.0
2026-03-31 07:40:53 | DEBUG    | Skipping 20221109 — VIX 26.1 > 22.0
2026-03-31 07:40:53 | DEBUG    | Skipping 20221110 — VIX 23.5 > 22.0
2026-03-31 07:40:53 | DEBUG    | Skipping 20221111 — VIX 22.5 > 22.0
2026-03-31 07:40:53 | DEBUG    | Skipping 20221114 — VIX 23.7 > 22.0
2026-03-31 07:40:53 | DEBUG    | Skipping 20221115 — VIX 24.5 > 22.0
2026-03-31 07:40:53 | DEBUG    | Skipping 20221116 — VIX 24.1 > 22.0
2026-03-31 07:40:53 | DEBUG    | Skipping 20221117 — VIX 23.9 > 22.0
2026-03-31 07:40:53 | DEBUG    | Skipping 20221118 — VIX 23.1 > 22.0
2026-03-31 07:40:53 | DEBUG    | Skipping 20221121 — VIX 22.4 > 22.0
2026-03-31 07:40:53 | DEBUG    | Skipping 20221128 — VIX 22.2 > 22.0
2026-03-31 07:40:53 | DEBUG    | Skipping 20221206 — VIX 22.2 > 22.0
2026-03-31 07:40:53 | DEBUG    | Skipping 20221207 — VIX 22.7 > 22.0
2026-03-31 07:40:53 | DEBUG    | Skipping 20221208 — VIX 22.3 > 22.0
2026-03-31 07:40:53 | DEBUG    | Skipping 20221209 — VIX 22.8 > 22.0
2026-03-31 07:40:53 | DEBUG    | Skipping 20221212 — VIX 25.0 > 22.0
2026-03-31 07:40:53 | DEBUG    | Skipping 20221213 — VIX 22.6 > 22.0
2026-03-31 07:40:53 | DEBUG    | Skipping 20221215 — VIX 22.8 > 22.0
2026-03-31 07:40:53 | DEBUG    | Skipping 20221216 — VIX 22.6 > 22.0
2026-03-31 07:40:53 | DEBUG    | Skipping 20221219 — VIX 22.4 > 22.0
2026-03-31 07:40:53 | DEBUG    | Skipping 20221228 — VIX 22.1 > 22.0
2026-03-31 07:40:53 | DEBUG    | Skipping 20230103 — VIX 22.9 > 22.0
2026-03-31 07:40:53 | DEBUG    | Skipping 20230104 — VIX 22.0 > 22.0
2026-03-31 07:40:53 | DEBUG    | Skipping 20230105 — VIX 22.5 > 22.0
2026-03-31 07:40:53 | INFO     | Signal #  50 | 20230124 | P&L: $    227 | Total: $    3,142 | WR: 60.0%
2026-03-31 07:40:53 | DEBUG    | Skipping 20230221 — VIX 22.9 > 22.0
2026-03-31 07:40:53 | DEBUG    | Skipping 20230222 — VIX 22.3 > 22.0
2026-03-31 07:40:53 | DEBUG    | Skipping 20230309 — VIX 22.6 > 22.0
2026-03-31 07:40:53 | DEBUG    | Skipping 20230310 — VIX 24.8 > 22.0
2026-03-31 07:40:53 | DEBUG    | Skipping 20230313 — VIX 26.5 > 22.0
2026-03-31 07:40:53 | DEBUG    | Skipping 20230314 — VIX 23.7 > 22.0
2026-03-31 07:40:53 | DEBUG    | Skipping 20230315 — VIX 26.1 > 22.0
2026-03-31 07:40:53 | DEBUG    | Skipping 20230316 — VIX 23.0 > 22.0
2026-03-31 07:40:53 | DEBUG    | Skipping 20230317 — VIX 25.5 > 22.0
2026-03-31 07:40:53 | DEBUG    | Skipping 20230320 — VIX 24.1 > 22.0
2026-03-31 07:40:53 | DEBUG    | Skipping 20230322 — VIX 22.3 > 22.0
2026-03-31 07:40:53 | DEBUG    | Skipping 20230323 — VIX 22.6 > 22.0
2026-03-31 07:40:53 | INFO     | Signal # 100 | 20230602 | P&L: $   -182 | Total: $    7,282 | WR: 65.0%
2026-03-31 07:40:53 | INFO     | Signal # 150 | 20231003 | P&L: $    206 | Total: $   10,675 | WR: 67.3%
2026-03-31 07:40:53 | INFO     | Signal # 200 | 20240112 | P&L: $    133 | Total: $   13,984 | WR: 68.5%
2026-03-31 07:40:53 | INFO     | Signal # 250 | 20240507 | P&L: $    172 | Total: $   16,338 | WR: 67.2%
2026-03-31 07:40:53 | DEBUG    | Skipping 20240802 — VIX 23.4 > 22.0
2026-03-31 07:40:53 | DEBUG    | Skipping 20240805 — VIX 38.6 > 22.0
2026-03-31 07:40:53 | DEBUG    | Skipping 20240806 — VIX 27.7 > 22.0
2026-03-31 07:40:53 | DEBUG    | Skipping 20240807 — VIX 27.9 > 22.0
2026-03-31 07:40:53 | DEBUG    | Skipping 20240808 — VIX 23.8 > 22.0
2026-03-31 07:40:53 | DEBUG    | Skipping 20240906 — VIX 22.4 > 22.0
2026-03-31 07:40:53 | INFO     | Signal # 300 | 20240911 | P&L: $   -182 | Total: $   20,963 | WR: 68.0%
2026-03-31 07:40:53 | DEBUG    | Skipping 20241007 — VIX 22.6 > 22.0
2026-03-31 07:40:53 | DEBUG    | Skipping 20241031 — VIX 23.2 > 22.0
2026-03-31 07:40:53 | DEBUG    | Skipping 20241218 — VIX 27.6 > 22.0
2026-03-31 07:40:53 | DEBUG    | Skipping 20241219 — VIX 24.1 > 22.0
2026-03-31 07:40:53 | INFO     | Signal # 350 | 20241231 | P&L: $    267 | Total: $   26,135 | WR: 67.7%
2026-03-31 07:40:53 | DEBUG    | Skipping 20250303 — VIX 22.8 > 22.0
2026-03-31 07:40:53 | DEBUG    | Skipping 20250304 — VIX 23.5 > 22.0
2026-03-31 07:40:53 | DEBUG    | Skipping 20250306 — VIX 24.9 > 22.0
2026-03-31 07:40:53 | DEBUG    | Skipping 20250307 — VIX 23.4 > 22.0
2026-03-31 07:40:53 | DEBUG    | Skipping 20250310 — VIX 27.9 > 22.0
2026-03-31 07:40:53 | DEBUG    | Skipping 20250311 — VIX 26.9 > 22.0
2026-03-31 07:40:53 | DEBUG    | Skipping 20250312 — VIX 24.2 > 22.0
2026-03-31 07:40:53 | DEBUG    | Skipping 20250313 — VIX 24.7 > 22.0
2026-03-31 07:40:53 | DEBUG    | Skipping 20250331 — VIX 22.3 > 22.0
2026-03-31 07:40:53 | DEBUG    | Skipping 20250403 — VIX 30.0 > 22.0
2026-03-31 07:40:53 | DEBUG    | Skipping 20250404 — VIX 45.3 > 22.0
2026-03-31 07:40:53 | DEBUG    | Skipping 20250407 — VIX 47.0 > 22.0
2026-03-31 07:40:53 | DEBUG    | Skipping 20250408 — VIX 52.3 > 22.0
2026-03-31 07:40:53 | DEBUG    | Skipping 20250409 — VIX 33.6 > 22.0
2026-03-31 07:40:53 | DEBUG    | Skipping 20250410 — VIX 40.7 > 22.0
2026-03-31 07:40:53 | DEBUG    | Skipping 20250411 — VIX 37.6 > 22.0
2026-03-31 07:40:53 | DEBUG    | Skipping 20250414 — VIX 30.9 > 22.0
2026-03-31 07:40:53 | DEBUG    | Skipping 20250415 — VIX 30.1 > 22.0
2026-03-31 07:40:53 | DEBUG    | Skipping 20250416 — VIX 32.6 > 22.0
2026-03-31 07:40:53 | DEBUG    | Skipping 20250417 — VIX 29.6 > 22.0
2026-03-31 07:40:53 | DEBUG    | Skipping 20250421 — VIX 33.8 > 22.0
2026-03-31 07:40:53 | DEBUG    | Skipping 20250422 — VIX 30.6 > 22.0
2026-03-31 07:40:53 | DEBUG    | Skipping 20250423 — VIX 28.4 > 22.0
2026-03-31 07:40:53 | DEBUG    | Skipping 20250424 — VIX 26.5 > 22.0
2026-03-31 07:40:53 | DEBUG    | Skipping 20250425 — VIX 24.8 > 22.0
2026-03-31 07:40:53 | DEBUG    | Skipping 20250428 — VIX 25.1 > 22.0
2026-03-31 07:40:53 | DEBUG    | Skipping 20250429 — VIX 24.2 > 22.0
2026-03-31 07:40:53 | DEBUG    | Skipping 20250430 — VIX 24.7 > 22.0
2026-03-31 07:40:53 | DEBUG    | Skipping 20250501 — VIX 24.6 > 22.0
2026-03-31 07:40:53 | DEBUG    | Skipping 20250502 — VIX 22.7 > 22.0
2026-03-31 07:40:53 | DEBUG    | Skipping 20250505 — VIX 23.6 > 22.0
2026-03-31 07:40:53 | DEBUG    | Skipping 20250506 — VIX 24.8 > 22.0
2026-03-31 07:40:53 | DEBUG    | Skipping 20250507 — VIX 23.6 > 22.0
2026-03-31 07:40:53 | DEBUG    | Skipping 20250508 — VIX 22.5 > 22.0
2026-03-31 07:40:53 | DEBUG    | Skipping 20250523 — VIX 22.3 > 22.0
2026-03-31 07:40:53 | INFO     | Signal # 400 | 20250624 | P&L: $   -182 | Total: $   30,102 | WR: 66.5%
2026-03-31 07:40:53 | INFO     | Signal # 450 | 20251007 | P&L: $    272 | Total: $   34,769 | WR: 66.0%
2026-03-31 07:40:53 | DEBUG    | Skipping 20251016 — VIX 25.3 > 22.0
2026-03-31 07:40:53 | DEBUG    | Skipping 20251117 — VIX 22.4 > 22.0
2026-03-31 07:40:53 | DEBUG    | Skipping 20251118 — VIX 24.7 > 22.0
2026-03-31 07:40:53 | DEBUG    | Skipping 20251119 — VIX 23.7 > 22.0
2026-03-31 07:40:53 | DEBUG    | Skipping 20251120 — VIX 26.4 > 22.0
2026-03-31 07:40:53 | DEBUG    | Skipping 20251121 — VIX 23.4 > 22.0
2026-03-31 07:40:53 | INFO     | Signal # 500 | 20260204 | P&L: $    314 | Total: $   38,848 | WR: 65.0%
2026-03-31 07:40:53 | DEBUG    | Skipping 20260303 — VIX 23.6 > 22.0
2026-03-31 07:40:53 | DEBUG    | Skipping 20260305 — VIX 23.8 > 22.0
2026-03-31 07:40:53 | DEBUG    | Skipping 20260306 — VIX 29.5 > 22.0
2026-03-31 07:40:53 | DEBUG    | Skipping 20260309 — VIX 25.5 > 22.0
2026-03-31 07:40:53 | DEBUG    | Skipping 20260310 — VIX 24.9 > 22.0
2026-03-31 07:40:53 | DEBUG    | Skipping 20260311 — VIX 24.2 > 22.0
2026-03-31 07:40:53 | DEBUG    | Skipping 20260312 — VIX 27.3 > 22.0
2026-03-31 07:40:53 | DEBUG    | Skipping 20260313 — VIX 27.2 > 22.0
2026-03-31 07:40:53 | DEBUG    | Skipping 20260316 — VIX 23.5 > 22.0
2026-03-31 07:40:53 | DEBUG    | Skipping 20260317 — VIX 22.4 > 22.0
2026-03-31 07:40:53 | DEBUG    | Skipping 20260318 — VIX 25.1 > 22.0
2026-03-31 07:40:53 | DEBUG    | Skipping 20260319 — VIX 24.1 > 22.0
2026-03-31 07:40:53 | DEBUG    | Skipping 20260320 — VIX 26.8 > 22.0
2026-03-31 07:40:53 | DEBUG    | Skipping 20260323 — VIX 26.1 > 22.0
2026-03-31 07:40:53 | DEBUG    | Skipping 20260324 — VIX 26.9 > 22.0
2026-03-31 07:40:53 | DEBUG    | Skipping 20260325 — VIX 25.3 > 22.0
2026-03-31 07:40:53 | INFO     | DONE — 513 trades, 1060 trading days, 546 skipped
2026-03-31 07:40:53 | INFO     | Trade log snapshot -> /Users/jeerapongwongchote/Documents/thetadata/zenith/tradelogs_zenith.csv
2026-03-31 07:40:53 | INFO     | ============================================================
2026-03-31 07:40:53 | INFO     |   ZENITH FADE CCS — BACKTEST RESULTS
2026-03-31 07:40:53 | INFO     | ============================================================
2026-03-31 07:40:53 | INFO     |   Period          : 20220103 -> 20260304
2026-03-31 07:40:53 | INFO     |   Trading Days    : 1062
2026-03-31 07:40:53 | INFO     |   Signal Days     : 513
2026-03-31 07:40:53 | INFO     |   Signal Rate     : 48.3%
2026-03-31 07:40:53 | INFO     | ============================================================
2026-03-31 07:40:53 | INFO     |   Total P&L       : $   40,531.47
2026-03-31 07:40:53 | INFO     |   CAGR            : 8.5%
2026-03-31 07:40:53 | INFO     |   Max Drawdown    : -$    728.00 (0.5%)
2026-03-31 07:40:53 | INFO     |   Recovery Factor : 55.68
2026-03-31 07:40:53 | INFO     | ============================================================
2026-03-31 07:40:53 | INFO     |   Win Rate        : 64.9%
2026-03-31 07:40:53 | INFO     |   Profit Factor   : 2.24
2026-03-31 07:40:53 | INFO     |   Sharpe Ratio    : 6.37
2026-03-31 07:40:53 | INFO     |   Sortino Ratio   : 99.00
2026-03-31 07:40:53 | INFO     |   Calmar Ratio    : 15.86
2026-03-31 07:40:53 | INFO     | ============================================================
2026-03-31 07:40:53 | INFO     |   Avg Win         : $  220.09
2026-03-31 07:40:53 | INFO     |   Avg Loss        : $ -182.00
2026-03-31 07:40:53 | INFO     |   Best Trade      : $  338.64
2026-03-31 07:40:53 | INFO     |   Worst Trade     : $ -182.00
2026-03-31 07:40:53 | INFO     |   Max Win Streak  : 13
2026-03-31 07:40:53 | INFO     | ============================================================
2026-03-31 07:40:53 | INFO     | Results written to /Users/jeerapongwongchote/Documents/thetadata/zenith/RESULTS.md
2026-03-31 07:40:53 | INFO     | Run summary appended to /Users/jeerapongwongchote/Documents/thetadata/zenith/logs/run_history.json
2026-03-31 07:40:53 | INFO     | --------------------------------------------------------------
2026-03-31 07:40:53 | INFO     |   VIX CORRELATION ANALYSIS
2026-03-31 07:40:53 | INFO     | --------------------------------------------------------------
2026-03-31 07:40:53 | INFO     |   VIX Range  |  Trades |  Win Rate |    Avg P&L |    Total P&L
2026-03-31 07:40:53 | INFO     | --------------------------------------------------------------
2026-03-31 07:40:53 | INFO     |   < 15       |     179 |     77.7% | $   101.18 | $  18,111.02
2026-03-31 07:40:53 | INFO     |   15-20      |     279 |     62.4% | $    85.67 | $  23,901.92
2026-03-31 07:40:53 | INFO     |   20-25      |      55 |     36.4% | $   -26.94 | $  -1,481.47
2026-03-31 07:40:53 | INFO     |   25-30      |       0 |      0.0% | $     0.00 | $       0.00
2026-03-31 07:40:53 | INFO     |   30-35      |       0 |      0.0% | $     0.00 | $       0.00
2026-03-31 07:40:53 | INFO     |   35+        |       0 |      0.0% | $     0.00 | $       0.00
2026-03-31 07:40:53 | INFO     | --------------------------------------------------------------
2026-03-31 07:40:53 | INFO     | ----------------------------------------------------------------------------------------------------
2026-03-31 07:40:53 | INFO     |   MONTHLY P&L TABLE
2026-03-31 07:40:53 | INFO     | ----------------------------------------------------------------------------------------------------
2026-03-31 07:40:53 | INFO     |   Year   |      1 |      2 |      3 |      4 |      5 |      6 |      7 |      8 |      9 |     10 |     11 |     12 |      Total
2026-03-31 07:40:53 | INFO     | ----------------------------------------------------------------------------------------------------
2026-03-31 07:40:53 | INFO     |   2022   | $  516 | $ -364 | $  343 | $  174 |     -- |     -- | $ -182 | $  880 |     -- |     -- | $   88 | $1,363 | $    2,818
2026-03-31 07:40:53 | INFO     |   2023   | $  713 | $  379 | $ -118 | $2,386 | $1,468 | $  474 | $  668 | $1,108 | $  571 | $  726 | $  631 | $1,558 | $   10,565
2026-03-31 07:40:53 | INFO     |   2024   | $1,105 | $  528 | $  354 | $1,160 | $  822 | $1,305 | $1,164 | $  824 | $1,229 | $1,503 | $1,014 | $1,745 | $   12,752
2026-03-31 07:40:53 | INFO     |   2025   | $ -383 | $1,767 | $  258 | $ -364 | $1,416 | $1,186 | $1,921 | $2,045 | $  131 | $1,341 | $  582 | $1,465 | $   11,365
2026-03-31 07:40:53 | INFO     |   2026   | $  928 | $1,946 | $  157 |     -- |     -- |     -- |     -- |     -- |     -- |     -- |     -- |     -- | $    3,031
2026-03-31 07:40:53 | INFO     | ----------------------------------------------------------------------------------------------------
2026-03-31 07:40:53 | INFO     | -------------------------------------------------------
2026-03-31 07:40:53 | INFO     |   WORST 15 LOSS DAYS
2026-03-31 07:40:53 | INFO     | -------------------------------------------------------
2026-03-31 07:40:53 | INFO     |   Date         |  Trades |      Day P&L
2026-03-31 07:40:53 | INFO     | -------------------------------------------------------
2026-03-31 07:40:53 | INFO     |   20220111     |       1 | $    -182.00
2026-03-31 07:40:53 | INFO     |   20220112     |       1 | $    -182.00
2026-03-31 07:40:53 | INFO     |   20220201     |       1 | $    -182.00
2026-03-31 07:40:53 | INFO     |   20220209     |       1 | $    -182.00
2026-03-31 07:40:53 | INFO     |   20220328     |       1 | $    -182.00
2026-03-31 07:40:53 | INFO     |   20220329     |       1 | $    -182.00
2026-03-31 07:40:53 | INFO     |   20220404     |       1 | $    -182.00
2026-03-31 07:40:53 | INFO     |   20220407     |       1 | $    -182.00
2026-03-31 07:40:53 | INFO     |   20220419     |       1 | $    -182.00
2026-03-31 07:40:53 | INFO     |   20220729     |       1 | $    -182.00
2026-03-31 07:40:53 | INFO     |   20220808     |       1 | $    -182.00
2026-03-31 07:40:53 | INFO     |   20220810     |       1 | $    -182.00
2026-03-31 07:40:53 | INFO     |   20220811     |       1 | $    -182.00
2026-03-31 07:40:53 | INFO     |   20220825     |       1 | $    -182.00
2026-03-31 07:40:53 | INFO     |   20221122     |       1 | $    -182.00
2026-03-31 07:40:53 | INFO     | -------------------------------------------------------
2026-03-31 07:40:53 | INFO     | ----------------------------------------------------------------------
2026-03-31 07:40:53 | INFO     |   FILTER VALUE ANALYSIS (WIN vs LOSS)
2026-03-31 07:40:53 | INFO     | ----------------------------------------------------------------------
2026-03-31 07:40:53 | INFO     |   Filter             |    Win Avg |   Loss Avg |      Delta
2026-03-31 07:40:53 | INFO     | ----------------------------------------------------------------------
2026-03-31 07:40:53 | INFO     |   Variance %         |    76.7623 |    77.6656 |    -0.9033
2026-03-31 07:40:53 | INFO     |   Rel Volume         |     1.0000 |     1.0000 |    +0.0000
2026-03-31 07:40:53 | INFO     |   Rising Rocket      |     0.0056 |     0.0033 |    +0.0022
2026-03-31 07:40:53 | INFO     |   Exhaustion Score   |   114.8380 |   116.7192 |    -1.8812
2026-03-31 07:40:53 | INFO     |   RSI                |        nan |    56.1283 |       +nan
2026-03-31 07:40:53 | INFO     |   Stochastic         |    80.5060 |    68.3583 |   +12.1477
2026-03-31 07:40:53 | INFO     |   Body Size          |    23.7401 |    25.7017 |    -1.9616
2026-03-31 07:40:53 | INFO     |   Gap %              |        nan |    -0.0039 |       +nan
2026-03-31 07:40:53 | INFO     |   Cluster Count      |     1.4264 |     1.6778 |    -0.2514
2026-03-31 07:40:53 | INFO     |   Dist from SMA      |     0.0158 |     0.0075 |    +0.0083
2026-03-31 07:40:53 | INFO     |   VIX Level          |    15.9525 |    17.2764 |    -1.3240
2026-03-31 07:40:53 | INFO     | ----------------------------------------------------------------------
