2026-04-01 20:27:29 | INFO     | Log file  : /Users/jeerapongwongchote/Documents/thetadata/zenith/logs/zenith_20260401_202728.log
2026-04-01 20:27:29 | INFO     | ================================================================================
2026-04-01 20:27:29 | INFO     |   RECENT RUN HISTORY
2026-04-01 20:27:29 | INFO     | --------------------------------------------------------------------------------
2026-04-01 20:27:29 | INFO     |     # | Timestamp              |  Trades |          P&L |         DD |  Sharpe |     WR
2026-04-01 20:27:29 | INFO     | --------------------------------------------------------------------------------
2026-04-01 20:27:29 | INFO     |    27 | 2026-03-31T07:35:20    |     513 | $    40,531 | -$     728 |   6.37 |  64.9%
2026-04-01 20:27:29 | INFO     |    28 | 2026-03-31T07:40:53    |     513 | $    40,531 | -$     728 |   6.37 |  64.9%
2026-04-01 20:27:29 | INFO     |    29 | 2026-03-31T19:09:44    |     513 | $    22,151 | -$   1,641 |   3.60 |  64.1%
2026-04-01 20:27:29 | INFO     |    30 | 2026-03-31T19:13:29    |     513 | $    29,994 | -$   1,243 |   5.84 |  70.6%
2026-04-01 20:27:29 | INFO     |    31 | 2026-03-31T19:13:41    |     513 | $    29,994 | -$   1,243 |   5.84 |  70.6%
2026-04-01 20:27:29 | INFO     |    32 | 2026-03-31T19:35:30    |     669 | $    48,256 | -$   1,006 |   7.20 |  72.3%
2026-04-01 20:27:29 | INFO     |    33 | 2026-03-31T19:44:03    |     669 | $    48,256 | -$   1,006 |   7.20 |  72.3%
2026-04-01 20:27:29 | INFO     |    34 | 2026-03-31T21:01:31    |     669 | $    48,256 | -$   1,006 |   7.20 |  72.3%
2026-04-01 20:27:29 | INFO     |    35 | 2026-03-31T23:09:55    |     681 | $   107,723 | -$   1,631 |   7.53 |  63.9%
2026-04-01 20:27:29 | INFO     |    36 | 2026-04-01T00:04:08    |     539 | $   227,681 | -$   3,658 |   8.19 |  66.4%
2026-04-01 20:27:29 | INFO     | ================================================================================
2026-04-01 20:27:29 | INFO     | ============================================================
2026-04-01 20:27:29 | INFO     | ZENITH FADE CCS BACKTEST
2026-04-01 20:27:29 | INFO     | Signal Mode  : dynamic
2026-04-01 20:27:29 | INFO     | Period       : 2022-01-03 -> 2026-03-25
2026-04-01 20:27:29 | INFO     | Score Thresh : 68.0
2026-04-01 20:27:29 | INFO     | Weights      : var=1.4, vol=8.9, rocket=274.0
2026-04-01 20:27:29 | INFO     | Strike       : 30.0pt OTM, 10.0pt wide
2026-04-01 20:27:29 | INFO     | Risk         : $600.0, TP 66%, SL -100%
2026-04-01 20:27:29 | INFO     | ============================================================
2026-04-01 20:27:29 | INFO     | Building daily indicators...
2026-04-01 20:27:31 | WARNING  | No SPX volume data — dRelVol defaulted to 1.0
2026-04-01 20:27:31 | INFO     | Built daily indicators: 1065 bars
2026-04-01 20:27:31 | INFO     |   -> 1065 daily bars loaded
2026-04-01 20:27:31 | INFO     | ============================================================
2026-04-01 20:27:31 | INFO     | ZENITH FADE CCS BACKTEST
2026-04-01 20:27:31 | INFO     | Mode: dynamic
2026-04-01 20:27:31 | INFO     | Period: 2022-01-03 -> 2026-03-25
2026-04-01 20:27:31 | INFO     | Trades -> /Users/jeerapongwongchote/Documents/thetadata/zenith/logs/zenith_trades_20260401_202728.csv
2026-04-01 20:27:31 | INFO     | ============================================================
2026-04-01 20:27:31 | INFO     | Signal #   1 | 20220104 | CALL | P&L: $    366 | Total: $      926 | WR: 100.0%
2026-04-01 20:27:31 | INFO     | Signal #   2 | 20220105 | CALL | P&L: $    827 | Total: $    1,413 | WR: 75.0%
2026-04-01 20:27:31 | INFO     | Signal #   3 | 20220107 | CALL | P&L: $    643 | Total: $    2,056 | WR: 80.0%
2026-04-01 20:27:31 | INFO     | Signal #   4 | 20220112 | CALL | P&L: $    394 | Total: $    2,812 | WR: 85.7%
2026-04-01 20:27:31 | INFO     | Signal #   5 | 20220113 | CALL | P&L: $    842 | Total: $    3,654 | WR: 87.5%
2026-04-01 20:27:31 | DEBUG    | Skipping 20220118 — VIX 22.8 > 22.0
2026-04-01 20:27:31 | DEBUG    | Skipping 20220119 — VIX 23.9 > 22.0
2026-04-01 20:27:31 | DEBUG    | Skipping 20220120 — VIX 25.6 > 22.0
2026-04-01 20:27:31 | DEBUG    | Skipping 20220121 — VIX 28.9 > 22.0
2026-04-01 20:27:31 | DEBUG    | Skipping 20220124 — VIX 29.9 > 22.0
2026-04-01 20:27:31 | DEBUG    | Skipping 20220125 — VIX 31.2 > 22.0
2026-04-01 20:27:31 | DEBUG    | Skipping 20220126 — VIX 32.0 > 22.0
2026-04-01 20:27:31 | DEBUG    | Skipping 20220127 — VIX 30.5 > 22.0
2026-04-01 20:27:31 | DEBUG    | Skipping 20220128 — VIX 27.7 > 22.0
2026-04-01 20:27:31 | DEBUG    | Skipping 20220131 — VIX 24.8 > 22.0
2026-04-01 20:27:31 | DEBUG    | Skipping 20220202 — VIX 22.1 > 22.0
2026-04-01 20:27:31 | DEBUG    | Skipping 20220203 — VIX 24.4 > 22.0
2026-04-01 20:27:31 | DEBUG    | Skipping 20220204 — VIX 23.2 > 22.0
2026-04-01 20:27:31 | DEBUG    | Skipping 20220207 — VIX 22.9 > 22.0
2026-04-01 20:27:31 | DEBUG    | Skipping 20220210 — VIX 23.9 > 22.0
2026-04-01 20:27:31 | DEBUG    | Skipping 20220211 — VIX 27.4 > 22.0
2026-04-01 20:27:31 | DEBUG    | Skipping 20220214 — VIX 28.3 > 22.0
2026-04-01 20:27:31 | DEBUG    | Skipping 20220215 — VIX 25.7 > 22.0
2026-04-01 20:27:31 | DEBUG    | Skipping 20220216 — VIX 24.3 > 22.0
2026-04-01 20:27:31 | DEBUG    | Skipping 20220217 — VIX 28.1 > 22.0
2026-04-01 20:27:31 | DEBUG    | Skipping 20220218 — VIX 27.8 > 22.0
2026-04-01 20:27:31 | DEBUG    | Skipping 20220222 — VIX 28.8 > 22.0
2026-04-01 20:27:31 | DEBUG    | Skipping 20220223 — VIX 31.0 > 22.0
2026-04-01 20:27:31 | DEBUG    | Skipping 20220224 — VIX 30.3 > 22.0
2026-04-01 20:27:31 | DEBUG    | Skipping 20220225 — VIX 27.6 > 22.0
2026-04-01 20:27:31 | DEBUG    | Skipping 20220228 — VIX 30.1 > 22.0
2026-04-01 20:27:31 | DEBUG    | Skipping 20220301 — VIX 33.3 > 22.0
2026-04-01 20:27:31 | DEBUG    | Skipping 20220302 — VIX 30.7 > 22.0
2026-04-01 20:27:31 | DEBUG    | Skipping 20220303 — VIX 30.5 > 22.0
2026-04-01 20:27:31 | DEBUG    | Skipping 20220304 — VIX 32.0 > 22.0
2026-04-01 20:27:31 | DEBUG    | Skipping 20220307 — VIX 36.5 > 22.0
2026-04-01 20:27:31 | DEBUG    | Skipping 20220308 — VIX 35.1 > 22.0
2026-04-01 20:27:31 | DEBUG    | Skipping 20220309 — VIX 32.5 > 22.0
2026-04-01 20:27:31 | DEBUG    | Skipping 20220310 — VIX 30.2 > 22.0
2026-04-01 20:27:31 | DEBUG    | Skipping 20220311 — VIX 30.8 > 22.0
2026-04-01 20:27:31 | DEBUG    | Skipping 20220314 — VIX 31.8 > 22.0
2026-04-01 20:27:31 | DEBUG    | Skipping 20220315 — VIX 29.8 > 22.0
2026-04-01 20:27:31 | DEBUG    | Skipping 20220316 — VIX 26.7 > 22.0
2026-04-01 20:27:31 | DEBUG    | Skipping 20220317 — VIX 25.7 > 22.0
2026-04-01 20:27:31 | DEBUG    | Skipping 20220318 — VIX 23.9 > 22.0
2026-04-01 20:27:31 | DEBUG    | Skipping 20220321 — VIX 23.5 > 22.0
2026-04-01 20:27:31 | DEBUG    | Skipping 20220322 — VIX 22.9 > 22.0
2026-04-01 20:27:31 | DEBUG    | Skipping 20220323 — VIX 23.6 > 22.0
2026-04-01 20:27:31 | DEBUG    | Skipping 20220406 — VIX 22.1 > 22.0
2026-04-01 20:27:31 | DEBUG    | Skipping 20220411 — VIX 24.4 > 22.0
2026-04-01 20:27:31 | DEBUG    | Skipping 20220412 — VIX 24.3 > 22.0
2026-04-01 20:27:31 | DEBUG    | Skipping 20220414 — VIX 22.7 > 22.0
2026-04-01 20:27:31 | DEBUG    | Skipping 20220418 — VIX 22.2 > 22.0
2026-04-01 20:27:31 | DEBUG    | Skipping 20220421 — VIX 22.7 > 22.0
2026-04-01 20:27:31 | DEBUG    | Skipping 20220422 — VIX 28.2 > 22.0
2026-04-01 20:27:31 | DEBUG    | Skipping 20220425 — VIX 27.0 > 22.0
2026-04-01 20:27:31 | DEBUG    | Skipping 20220426 — VIX 33.5 > 22.0
2026-04-01 20:27:31 | DEBUG    | Skipping 20220427 — VIX 31.6 > 22.0
2026-04-01 20:27:31 | DEBUG    | Skipping 20220428 — VIX 30.0 > 22.0
2026-04-01 20:27:31 | DEBUG    | Skipping 20220429 — VIX 33.4 > 22.0
2026-04-01 20:27:31 | DEBUG    | Skipping 20220502 — VIX 32.3 > 22.0
2026-04-01 20:27:31 | DEBUG    | Skipping 20220503 — VIX 29.2 > 22.0
2026-04-01 20:27:31 | DEBUG    | Skipping 20220504 — VIX 25.4 > 22.0
2026-04-01 20:27:31 | DEBUG    | Skipping 20220505 — VIX 31.2 > 22.0
2026-04-01 20:27:31 | DEBUG    | Skipping 20220506 — VIX 30.2 > 22.0
2026-04-01 20:27:31 | DEBUG    | Skipping 20220509 — VIX 34.8 > 22.0
2026-04-01 20:27:31 | DEBUG    | Skipping 20220510 — VIX 33.0 > 22.0
2026-04-01 20:27:31 | DEBUG    | Skipping 20220511 — VIX 32.6 > 22.0
2026-04-01 20:27:31 | DEBUG    | Skipping 20220512 — VIX 31.8 > 22.0
2026-04-01 20:27:31 | DEBUG    | Skipping 20220513 — VIX 28.9 > 22.0
2026-04-01 20:27:31 | DEBUG    | Skipping 20220516 — VIX 27.5 > 22.0
2026-04-01 20:27:31 | DEBUG    | Skipping 20220517 — VIX 26.1 > 22.0
2026-04-01 20:27:31 | DEBUG    | Skipping 20220518 — VIX 31.0 > 22.0
2026-04-01 20:27:31 | DEBUG    | Skipping 20220519 — VIX 29.4 > 22.0
2026-04-01 20:27:31 | DEBUG    | Skipping 20220520 — VIX 29.4 > 22.0
2026-04-01 20:27:31 | DEBUG    | Skipping 20220523 — VIX 28.5 > 22.0
2026-04-01 20:27:31 | DEBUG    | Skipping 20220524 — VIX 29.4 > 22.0
2026-04-01 20:27:31 | DEBUG    | Skipping 20220525 — VIX 28.4 > 22.0
2026-04-01 20:27:31 | DEBUG    | Skipping 20220526 — VIX 27.5 > 22.0
2026-04-01 20:27:31 | DEBUG    | Skipping 20220527 — VIX 25.7 > 22.0
2026-04-01 20:27:31 | DEBUG    | Skipping 20220531 — VIX 26.2 > 22.0
2026-04-01 20:27:31 | DEBUG    | Skipping 20220601 — VIX 25.7 > 22.0
2026-04-01 20:27:31 | DEBUG    | Skipping 20220602 — VIX 24.7 > 22.0
2026-04-01 20:27:31 | DEBUG    | Skipping 20220603 — VIX 24.8 > 22.0
2026-04-01 20:27:31 | DEBUG    | Skipping 20220606 — VIX 25.1 > 22.0
2026-04-01 20:27:31 | DEBUG    | Skipping 20220607 — VIX 24.0 > 22.0
2026-04-01 20:27:31 | DEBUG    | Skipping 20220608 — VIX 24.0 > 22.0
2026-04-01 20:27:31 | DEBUG    | Skipping 20220609 — VIX 26.1 > 22.0
2026-04-01 20:27:31 | DEBUG    | Skipping 20220610 — VIX 27.8 > 22.0
2026-04-01 20:27:31 | DEBUG    | Skipping 20220613 — VIX 34.0 > 22.0
2026-04-01 20:27:31 | DEBUG    | Skipping 20220614 — VIX 32.7 > 22.0
2026-04-01 20:27:31 | DEBUG    | Skipping 20220615 — VIX 29.6 > 22.0
2026-04-01 20:27:31 | DEBUG    | Skipping 20220616 — VIX 33.0 > 22.0
2026-04-01 20:27:31 | DEBUG    | Skipping 20220617 — VIX 31.1 > 22.0
2026-04-01 20:27:31 | DEBUG    | Skipping 20220621 — VIX 30.2 > 22.0
2026-04-01 20:27:31 | DEBUG    | Skipping 20220622 — VIX 28.9 > 22.0
2026-04-01 20:27:31 | DEBUG    | Skipping 20220623 — VIX 29.1 > 22.0
2026-04-01 20:27:31 | DEBUG    | Skipping 20220624 — VIX 27.2 > 22.0
2026-04-01 20:27:31 | DEBUG    | Skipping 20220627 — VIX 26.9 > 22.0
2026-04-01 20:27:31 | DEBUG    | Skipping 20220628 — VIX 28.4 > 22.0
2026-04-01 20:27:31 | DEBUG    | Skipping 20220629 — VIX 28.2 > 22.0
2026-04-01 20:27:31 | DEBUG    | Skipping 20220630 — VIX 28.7 > 22.0
2026-04-01 20:27:31 | DEBUG    | Skipping 20220701 — VIX 26.7 > 22.0
2026-04-01 20:27:31 | DEBUG    | Skipping 20220705 — VIX 27.5 > 22.0
2026-04-01 20:27:31 | DEBUG    | Skipping 20220706 — VIX 26.7 > 22.0
2026-04-01 20:27:31 | DEBUG    | Skipping 20220707 — VIX 26.1 > 22.0
2026-04-01 20:27:31 | DEBUG    | Skipping 20220708 — VIX 24.6 > 22.0
2026-04-01 20:27:31 | DEBUG    | Skipping 20220711 — VIX 26.2 > 22.0
2026-04-01 20:27:31 | DEBUG    | Skipping 20220712 — VIX 27.3 > 22.0
2026-04-01 20:27:31 | DEBUG    | Skipping 20220713 — VIX 26.8 > 22.0
2026-04-01 20:27:31 | DEBUG    | Skipping 20220714 — VIX 26.4 > 22.0
2026-04-01 20:27:31 | DEBUG    | Skipping 20220715 — VIX 24.2 > 22.0
2026-04-01 20:27:31 | DEBUG    | Skipping 20220718 — VIX 25.3 > 22.0
2026-04-01 20:27:31 | DEBUG    | Skipping 20220719 — VIX 24.5 > 22.0
2026-04-01 20:27:31 | DEBUG    | Skipping 20220720 — VIX 23.9 > 22.0
2026-04-01 20:27:31 | DEBUG    | Skipping 20220721 — VIX 23.1 > 22.0
2026-04-01 20:27:31 | DEBUG    | Skipping 20220722 — VIX 23.0 > 22.0
2026-04-01 20:27:31 | DEBUG    | Skipping 20220725 — VIX 23.4 > 22.0
2026-04-01 20:27:31 | DEBUG    | Skipping 20220726 — VIX 24.7 > 22.0
2026-04-01 20:27:31 | DEBUG    | Skipping 20220727 — VIX 23.2 > 22.0
2026-04-01 20:27:31 | DEBUG    | Skipping 20220728 — VIX 22.3 > 22.0
2026-04-01 20:27:31 | DEBUG    | Skipping 20220801 — VIX 22.8 > 22.0
2026-04-01 20:27:31 | DEBUG    | Skipping 20220802 — VIX 23.9 > 22.0
2026-04-01 20:27:31 | DEBUG    | Skipping 20220822 — VIX 23.8 > 22.0
2026-04-01 20:27:31 | DEBUG    | Skipping 20220823 — VIX 24.1 > 22.0
2026-04-01 20:27:31 | DEBUG    | Skipping 20220824 — VIX 22.8 > 22.0
2026-04-01 20:27:31 | DEBUG    | Skipping 20220826 — VIX 25.6 > 22.0
2026-04-01 20:27:31 | DEBUG    | Skipping 20220829 — VIX 26.2 > 22.0
2026-04-01 20:27:31 | DEBUG    | Skipping 20220830 — VIX 26.2 > 22.0
2026-04-01 20:27:31 | DEBUG    | Skipping 20220831 — VIX 25.9 > 22.0
2026-04-01 20:27:31 | DEBUG    | Skipping 20220901 — VIX 25.6 > 22.0
2026-04-01 20:27:31 | DEBUG    | Skipping 20220902 — VIX 25.5 > 22.0
2026-04-01 20:27:31 | DEBUG    | Skipping 20220906 — VIX 26.9 > 22.0
2026-04-01 20:27:31 | DEBUG    | Skipping 20220907 — VIX 24.6 > 22.0
2026-04-01 20:27:31 | DEBUG    | Skipping 20220908 — VIX 23.6 > 22.0
2026-04-01 20:27:31 | DEBUG    | Skipping 20220909 — VIX 22.8 > 22.0
2026-04-01 20:27:31 | DEBUG    | Skipping 20220912 — VIX 23.9 > 22.0
2026-04-01 20:27:31 | DEBUG    | Skipping 20220913 — VIX 27.3 > 22.0
2026-04-01 20:27:31 | DEBUG    | Skipping 20220914 — VIX 26.2 > 22.0
2026-04-01 20:27:31 | DEBUG    | Skipping 20220915 — VIX 26.3 > 22.0
2026-04-01 20:27:31 | DEBUG    | Skipping 20220916 — VIX 26.3 > 22.0
2026-04-01 20:27:31 | DEBUG    | Skipping 20220919 — VIX 25.8 > 22.0
2026-04-01 20:27:31 | DEBUG    | Skipping 20220920 — VIX 27.2 > 22.0
2026-04-01 20:27:31 | DEBUG    | Skipping 20220921 — VIX 28.0 > 22.0
2026-04-01 20:27:31 | DEBUG    | Skipping 20220922 — VIX 27.4 > 22.0
2026-04-01 20:27:31 | DEBUG    | Skipping 20220923 — VIX 29.9 > 22.0
2026-04-01 20:27:31 | DEBUG    | Skipping 20220926 — VIX 32.3 > 22.0
2026-04-01 20:27:31 | DEBUG    | Skipping 20220927 — VIX 32.6 > 22.0
2026-04-01 20:27:31 | DEBUG    | Skipping 20220928 — VIX 30.2 > 22.0
2026-04-01 20:27:31 | DEBUG    | Skipping 20220929 — VIX 31.8 > 22.0
2026-04-01 20:27:31 | DEBUG    | Skipping 20220930 — VIX 31.6 > 22.0
2026-04-01 20:27:31 | DEBUG    | Skipping 20221003 — VIX 30.1 > 22.0
2026-04-01 20:27:31 | DEBUG    | Skipping 20221004 — VIX 29.1 > 22.0
2026-04-01 20:27:31 | DEBUG    | Skipping 20221005 — VIX 28.6 > 22.0
2026-04-01 20:27:31 | DEBUG    | Skipping 20221006 — VIX 30.5 > 22.0
2026-04-01 20:27:31 | DEBUG    | Skipping 20221007 — VIX 31.4 > 22.0
2026-04-01 20:27:31 | DEBUG    | Skipping 20221010 — VIX 32.5 > 22.0
2026-04-01 20:27:31 | DEBUG    | Skipping 20221011 — VIX 33.6 > 22.0
2026-04-01 20:27:31 | DEBUG    | Skipping 20221012 — VIX 33.6 > 22.0
2026-04-01 20:27:31 | DEBUG    | Skipping 20221013 — VIX 31.9 > 22.0
2026-04-01 20:27:31 | DEBUG    | Skipping 20221014 — VIX 32.0 > 22.0
2026-04-01 20:27:31 | DEBUG    | Skipping 20221017 — VIX 31.4 > 22.0
2026-04-01 20:27:31 | DEBUG    | Skipping 20221018 — VIX 30.5 > 22.0
2026-04-01 20:27:31 | DEBUG    | Skipping 20221019 — VIX 30.8 > 22.0
2026-04-01 20:27:31 | DEBUG    | Skipping 20221020 — VIX 30.0 > 22.0
2026-04-01 20:27:31 | DEBUG    | Skipping 20221021 — VIX 29.7 > 22.0
2026-04-01 20:27:31 | DEBUG    | Skipping 20221024 — VIX 29.9 > 22.0
2026-04-01 20:27:31 | DEBUG    | Skipping 20221025 — VIX 28.5 > 22.0
2026-04-01 20:27:31 | DEBUG    | Skipping 20221026 — VIX 27.3 > 22.0
2026-04-01 20:27:31 | DEBUG    | Skipping 20221027 — VIX 27.4 > 22.0
2026-04-01 20:27:31 | DEBUG    | Skipping 20221028 — VIX 25.8 > 22.0
2026-04-01 20:27:31 | DEBUG    | Skipping 20221031 — VIX 25.9 > 22.0
2026-04-01 20:27:31 | DEBUG    | Skipping 20221101 — VIX 25.8 > 22.0
2026-04-01 20:27:31 | DEBUG    | Skipping 20221102 — VIX 25.9 > 22.0
2026-04-01 20:27:31 | DEBUG    | Skipping 20221103 — VIX 25.3 > 22.0
2026-04-01 20:27:31 | DEBUG    | Skipping 20221104 — VIX 24.6 > 22.0
2026-04-01 20:27:31 | DEBUG    | Skipping 20221107 — VIX 24.4 > 22.0
2026-04-01 20:27:31 | DEBUG    | Skipping 20221108 — VIX 25.5 > 22.0
2026-04-01 20:27:31 | DEBUG    | Skipping 20221109 — VIX 26.1 > 22.0
2026-04-01 20:27:31 | DEBUG    | Skipping 20221110 — VIX 23.5 > 22.0
2026-04-01 20:27:31 | DEBUG    | Skipping 20221111 — VIX 22.5 > 22.0
2026-04-01 20:27:31 | DEBUG    | Skipping 20221114 — VIX 23.7 > 22.0
2026-04-01 20:27:31 | DEBUG    | Skipping 20221115 — VIX 24.5 > 22.0
2026-04-01 20:27:31 | DEBUG    | Skipping 20221116 — VIX 24.1 > 22.0
2026-04-01 20:27:31 | DEBUG    | Skipping 20221117 — VIX 23.9 > 22.0
2026-04-01 20:27:31 | DEBUG    | Skipping 20221118 — VIX 23.1 > 22.0
2026-04-01 20:27:31 | DEBUG    | Skipping 20221121 — VIX 22.4 > 22.0
2026-04-01 20:27:31 | DEBUG    | Skipping 20221128 — VIX 22.2 > 22.0
2026-04-01 20:27:31 | DEBUG    | Skipping 20221206 — VIX 22.2 > 22.0
2026-04-01 20:27:31 | DEBUG    | Skipping 20221207 — VIX 22.7 > 22.0
2026-04-01 20:27:31 | DEBUG    | Skipping 20221208 — VIX 22.3 > 22.0
2026-04-01 20:27:31 | DEBUG    | Skipping 20221209 — VIX 22.8 > 22.0
2026-04-01 20:27:31 | DEBUG    | Skipping 20221212 — VIX 25.0 > 22.0
2026-04-01 20:27:31 | DEBUG    | Skipping 20221213 — VIX 22.6 > 22.0
2026-04-01 20:27:31 | DEBUG    | Skipping 20221215 — VIX 22.8 > 22.0
2026-04-01 20:27:31 | DEBUG    | Skipping 20221216 — VIX 22.6 > 22.0
2026-04-01 20:27:31 | DEBUG    | Skipping 20221219 — VIX 22.4 > 22.0
2026-04-01 20:27:31 | DEBUG    | Skipping 20221228 — VIX 22.1 > 22.0
2026-04-01 20:27:31 | DEBUG    | Skipping 20230103 — VIX 22.9 > 22.0
2026-04-01 20:27:31 | DEBUG    | Skipping 20230104 — VIX 22.0 > 22.0
2026-04-01 20:27:31 | DEBUG    | Skipping 20230105 — VIX 22.5 > 22.0
2026-04-01 20:27:31 | DEBUG    | Skipping 20230221 — VIX 22.9 > 22.0
2026-04-01 20:27:31 | DEBUG    | Skipping 20230222 — VIX 22.3 > 22.0
2026-04-01 20:27:31 | INFO     | Signal #  50 | 20230303 | CALL | P&L: $   -256 | Total: $   31,580 | WR: 72.2%
2026-04-01 20:27:31 | DEBUG    | Skipping 20230309 — VIX 22.6 > 22.0
2026-04-01 20:27:31 | DEBUG    | Skipping 20230310 — VIX 24.8 > 22.0
2026-04-01 20:27:31 | DEBUG    | Skipping 20230313 — VIX 26.5 > 22.0
2026-04-01 20:27:31 | DEBUG    | Skipping 20230314 — VIX 23.7 > 22.0
2026-04-01 20:27:31 | DEBUG    | Skipping 20230315 — VIX 26.1 > 22.0
2026-04-01 20:27:31 | DEBUG    | Skipping 20230316 — VIX 23.0 > 22.0
2026-04-01 20:27:31 | DEBUG    | Skipping 20230317 — VIX 25.5 > 22.0
2026-04-01 20:27:31 | DEBUG    | Skipping 20230320 — VIX 24.1 > 22.0
2026-04-01 20:27:31 | DEBUG    | Skipping 20230322 — VIX 22.3 > 22.0
2026-04-01 20:27:31 | DEBUG    | Skipping 20230323 — VIX 22.6 > 22.0
2026-04-01 20:27:31 | INFO     | Signal # 100 | 20230717 |  PUT | P&L: $  1,944 | Total: $   54,614 | WR: 70.3%
2026-04-01 20:27:31 | INFO     | Signal # 150 | 20231115 | CALL | P&L: $  1,657 | Total: $   72,501 | WR: 68.0%
2026-04-01 20:27:32 | INFO     | Signal # 200 | 20240404 | CALL | P&L: $   -610 | Total: $  142,642 | WR: 68.0%
2026-04-01 20:27:32 | DEBUG    | Skipping 20240802 — VIX 23.4 > 22.0
2026-04-01 20:27:32 | DEBUG    | Skipping 20240805 — VIX 38.6 > 22.0
2026-04-01 20:27:32 | DEBUG    | Skipping 20240806 — VIX 27.7 > 22.0
2026-04-01 20:27:32 | DEBUG    | Skipping 20240807 — VIX 27.9 > 22.0
2026-04-01 20:27:32 | DEBUG    | Skipping 20240808 — VIX 23.8 > 22.0
2026-04-01 20:27:32 | DEBUG    | Skipping 20240906 — VIX 22.4 > 22.0
2026-04-01 20:27:32 | INFO     | Signal # 250 | 20240923 | CALL | P&L: $  3,680 | Total: $  239,099 | WR: 68.2%
2026-04-01 20:27:32 | DEBUG    | Skipping 20241007 — VIX 22.6 > 22.0
2026-04-01 20:27:32 | DEBUG    | Skipping 20241031 — VIX 23.2 > 22.0
2026-04-01 20:27:32 | DEBUG    | Skipping 20241218 — VIX 27.6 > 22.0
2026-04-01 20:27:32 | DEBUG    | Skipping 20241219 — VIX 24.1 > 22.0
2026-04-01 20:27:32 | INFO     | Signal # 300 | 20250212 | CALL | P&L: $  3,396 | Total: $  459,026 | WR: 69.3%
2026-04-01 20:27:32 | DEBUG    | Skipping 20250303 — VIX 22.8 > 22.0
2026-04-01 20:27:32 | DEBUG    | Skipping 20250304 — VIX 23.5 > 22.0
2026-04-01 20:27:32 | DEBUG    | Skipping 20250306 — VIX 24.9 > 22.0
2026-04-01 20:27:32 | DEBUG    | Skipping 20250307 — VIX 23.4 > 22.0
2026-04-01 20:27:32 | DEBUG    | Skipping 20250310 — VIX 27.9 > 22.0
2026-04-01 20:27:32 | DEBUG    | Skipping 20250311 — VIX 26.9 > 22.0
2026-04-01 20:27:32 | DEBUG    | Skipping 20250312 — VIX 24.2 > 22.0
2026-04-01 20:27:32 | DEBUG    | Skipping 20250313 — VIX 24.7 > 22.0
2026-04-01 20:27:32 | DEBUG    | Skipping 20250331 — VIX 22.3 > 22.0
2026-04-01 20:27:32 | DEBUG    | Skipping 20250403 — VIX 30.0 > 22.0
2026-04-01 20:27:32 | DEBUG    | Skipping 20250404 — VIX 45.3 > 22.0
2026-04-01 20:27:32 | DEBUG    | Skipping 20250407 — VIX 47.0 > 22.0
2026-04-01 20:27:32 | DEBUG    | Skipping 20250408 — VIX 52.3 > 22.0
2026-04-01 20:27:32 | DEBUG    | Skipping 20250409 — VIX 33.6 > 22.0
2026-04-01 20:27:32 | DEBUG    | Skipping 20250410 — VIX 40.7 > 22.0
2026-04-01 20:27:32 | DEBUG    | Skipping 20250411 — VIX 37.6 > 22.0
2026-04-01 20:27:32 | DEBUG    | Skipping 20250414 — VIX 30.9 > 22.0
2026-04-01 20:27:32 | DEBUG    | Skipping 20250415 — VIX 30.1 > 22.0
2026-04-01 20:27:32 | DEBUG    | Skipping 20250416 — VIX 32.6 > 22.0
2026-04-01 20:27:32 | DEBUG    | Skipping 20250417 — VIX 29.6 > 22.0
2026-04-01 20:27:32 | DEBUG    | Skipping 20250421 — VIX 33.8 > 22.0
2026-04-01 20:27:32 | DEBUG    | Skipping 20250422 — VIX 30.6 > 22.0
2026-04-01 20:27:32 | DEBUG    | Skipping 20250423 — VIX 28.4 > 22.0
2026-04-01 20:27:32 | DEBUG    | Skipping 20250424 — VIX 26.5 > 22.0
2026-04-01 20:27:32 | DEBUG    | Skipping 20250425 — VIX 24.8 > 22.0
2026-04-01 20:27:32 | DEBUG    | Skipping 20250428 — VIX 25.1 > 22.0
2026-04-01 20:27:32 | DEBUG    | Skipping 20250429 — VIX 24.2 > 22.0
2026-04-01 20:27:32 | DEBUG    | Skipping 20250430 — VIX 24.7 > 22.0
2026-04-01 20:27:32 | DEBUG    | Skipping 20250501 — VIX 24.6 > 22.0
2026-04-01 20:27:32 | DEBUG    | Skipping 20250502 — VIX 22.7 > 22.0
2026-04-01 20:27:32 | DEBUG    | Skipping 20250505 — VIX 23.6 > 22.0
2026-04-01 20:27:32 | DEBUG    | Skipping 20250506 — VIX 24.8 > 22.0
2026-04-01 20:27:32 | DEBUG    | Skipping 20250507 — VIX 23.6 > 22.0
2026-04-01 20:27:32 | DEBUG    | Skipping 20250508 — VIX 22.5 > 22.0
2026-04-01 20:27:32 | DEBUG    | Skipping 20250523 — VIX 22.3 > 22.0
2026-04-01 20:27:32 | INFO     | Signal # 350 | 20250819 | CALL | P&L: $  4,598 | Total: $  667,373 | WR: 69.5%
2026-04-01 20:27:32 | DEBUG    | Skipping 20251016 — VIX 25.3 > 22.0
2026-04-01 20:27:32 | DEBUG    | Skipping 20251117 — VIX 22.4 > 22.0
2026-04-01 20:27:32 | DEBUG    | Skipping 20251118 — VIX 24.7 > 22.0
2026-04-01 20:27:32 | DEBUG    | Skipping 20251119 — VIX 23.7 > 22.0
2026-04-01 20:27:32 | DEBUG    | Skipping 20251120 — VIX 26.4 > 22.0
2026-04-01 20:27:32 | DEBUG    | Skipping 20251121 — VIX 23.4 > 22.0
2026-04-01 20:27:32 | INFO     | Signal # 400 | 20260108 |  PUT | P&L: $  7,290 | Total: $  845,995 | WR: 69.3%
2026-04-01 20:27:33 | DEBUG    | Skipping 20260303 — VIX 23.6 > 22.0
2026-04-01 20:27:33 | DEBUG    | Skipping 20260305 — VIX 23.8 > 22.0
2026-04-01 20:27:33 | DEBUG    | Skipping 20260306 — VIX 29.5 > 22.0
2026-04-01 20:27:33 | DEBUG    | Skipping 20260309 — VIX 25.5 > 22.0
2026-04-01 20:27:33 | DEBUG    | Skipping 20260310 — VIX 24.9 > 22.0
2026-04-01 20:27:33 | DEBUG    | Skipping 20260311 — VIX 24.2 > 22.0
2026-04-01 20:27:33 | DEBUG    | Skipping 20260312 — VIX 27.3 > 22.0
2026-04-01 20:27:33 | DEBUG    | Skipping 20260313 — VIX 27.2 > 22.0
2026-04-01 20:27:33 | DEBUG    | Skipping 20260316 — VIX 23.5 > 22.0
2026-04-01 20:27:33 | DEBUG    | Skipping 20260317 — VIX 22.4 > 22.0
2026-04-01 20:27:33 | DEBUG    | Skipping 20260318 — VIX 25.1 > 22.0
2026-04-01 20:27:33 | DEBUG    | Skipping 20260319 — VIX 24.1 > 22.0
2026-04-01 20:27:33 | DEBUG    | Skipping 20260320 — VIX 26.8 > 22.0
2026-04-01 20:27:33 | DEBUG    | Skipping 20260323 — VIX 26.1 > 22.0
2026-04-01 20:27:33 | DEBUG    | Skipping 20260324 — VIX 26.9 > 22.0
2026-04-01 20:27:33 | DEBUG    | Skipping 20260325 — VIX 25.3 > 22.0
2026-04-01 20:27:33 | INFO     | DONE — 629 trades, 1060 trading days, 638 skipped
2026-04-01 20:27:33 | INFO     | Trade log snapshot -> /Users/jeerapongwongchote/Documents/thetadata/zenith/tradelogs_zenith.csv
2026-04-01 20:27:33 | INFO     | ============================================================
2026-04-01 20:27:33 | INFO     |   ZENITH FADE CCS — BACKTEST RESULTS
2026-04-01 20:27:33 | INFO     | ============================================================
2026-04-01 20:27:33 | INFO     |   Period          : 20220103 -> 20260304
2026-04-01 20:27:33 | INFO     |   Business days   : 1062
2026-04-01 20:27:33 | INFO     |   Days traded     : 421
2026-04-01 20:27:33 | INFO     |   Total trades    : 629  (wins: 435  losses: 194)
2026-04-01 20:27:33 | INFO     |   Avg trades/day  :    1.5
2026-04-01 20:27:33 | INFO     | ------------------------------------------------------------
2026-04-01 20:27:33 | INFO     |   Total P&L       : $  928,022.82  (net of commission)
2026-04-01 20:27:33 | INFO     |   CAGR            :  75.0%  (acct=$100,000)
2026-04-01 20:27:33 | INFO     |   Avg profit/trade: $2,939.92
2026-04-01 20:27:33 | INFO     |   Avg loss/trade  : $-1,808.46
2026-04-01 20:27:33 | INFO     |   Expectancy/trade: $1,475.39
2026-04-01 20:27:33 | INFO     |   Profit factor   :    3.65x
2026-04-01 20:27:33 | INFO     | ------------------------------------------------------------
2026-04-01 20:27:33 | INFO     |   Max drawdown    : $13,909.36  (4.5%)
2026-04-01 20:27:33 | INFO     |   Calmar ratio    :     16.53  (CAGR / max DD%)
2026-04-01 20:27:33 | INFO     |   Recovery factor :     66.72  (net P&L / max DD)
2026-04-01 20:27:33 | INFO     |   Time underwater :   53.4%
2026-04-01 20:27:33 | INFO     | ------------------------------------------------------------
2026-04-01 20:27:33 | INFO     |   Win rate        :   69.2%
2026-04-01 20:27:33 | INFO     |   Sharpe ratio    :     7.05  (rf=4.5%)
2026-04-01 20:27:33 | INFO     |   Sortino ratio   :     14.63
2026-04-01 20:27:33 | INFO     |   Ann. volatility : $52,761.28
2026-04-01 20:27:33 | INFO     | ------------------------------------------------------------
2026-04-01 20:27:33 | INFO     |   Best day        : $19,336.32
2026-04-01 20:27:33 | INFO     |   Worst day       : $-12,504.37
2026-04-01 20:27:33 | INFO     |   Best trade      : $13,461.28
2026-04-01 20:27:33 | INFO     |   Worst trade     : $-7,596.75
2026-04-01 20:27:33 | INFO     |   Max win streak  : 10
2026-04-01 20:27:33 | INFO     | ------------------------------------------------------------
2026-04-01 20:27:33 | INFO     |   Score threshold : 68.0
2026-04-01 20:27:33 | INFO     |   Strike offset   : 30.0pt (VIX-adaptive: True)
2026-04-01 20:27:33 | INFO     |   Spread width    : 10.0pt (ATR-adaptive: True)
2026-04-01 20:27:33 | INFO     |   Credit model    : real
2026-04-01 20:27:33 | INFO     |   Intraday SL     : -0.25 (gap-dynamic: True)
2026-04-01 20:27:33 | INFO     |   Danger sizing   : True (low=3.0x med=1.5x)
2026-04-01 20:27:33 | INFO     |   Commission      : $0.5/leg
2026-04-01 20:27:33 | INFO     | ============================================================
2026-04-01 20:27:33 | INFO     | Results written to /Users/jeerapongwongchote/Documents/thetadata/zenith/RESULTS.md (keeping last 3 runs)
2026-04-01 20:27:33 | INFO     | Run summary appended to /Users/jeerapongwongchote/Documents/thetadata/zenith/logs/run_history.json
2026-04-01 20:27:33 | INFO     | --------------------------------------------------------------
2026-04-01 20:27:33 | INFO     |   VIX CORRELATION ANALYSIS
2026-04-01 20:27:33 | INFO     | --------------------------------------------------------------
2026-04-01 20:27:33 | INFO     |   VIX Range  |  Trades |  Win Rate |    Avg P&L |    Total P&L
2026-04-01 20:27:33 | INFO     | --------------------------------------------------------------
2026-04-01 20:27:33 | INFO     |   < 15       |     221 |     70.1% | $ 1,591.46 | $ 351,712.68
2026-04-01 20:27:33 | INFO     |   15-20      |     343 |     68.8% | $ 1,578.47 | $ 541,416.11
2026-04-01 20:27:33 | INFO     |   20-25      |      65 |     67.7% | $   536.83 | $  34,894.03
2026-04-01 20:27:33 | INFO     | --------------------------------------------------------------
2026-04-01 20:27:33 | INFO     | -----------------------------------------------------------------------------------------------
2026-04-01 20:27:33 | INFO     |   PUT vs CALL SPREAD PERFORMANCE SPLIT
2026-04-01 20:27:33 | INFO     | -----------------------------------------------------------------------------------------------
2026-04-01 20:27:33 | INFO     |   Type     |  Trades |  Win Rate |    Avg P&L |    Total P&L |   Avg Win |  Avg Loss |  Prof Fac
2026-04-01 20:27:33 | INFO     | -----------------------------------------------------------------------------------------------
2026-04-01 20:27:33 | INFO     |   CALL     |     446 |     65.7% | $ 1,653.12 | $ 737,293.04 | $3,552.27 | $-1,983.80 |     3.43x
2026-04-01 20:27:33 | INFO     |   PUT      |     114 |     69.3% | $ 1,563.79 | $ 178,272.15 | $2,842.42 | $-1,322.25 |     4.85x
2026-04-01 20:27:33 | INFO     | -----------------------------------------------------------------------------------------------
2026-04-01 20:27:33 | INFO     | --------------------------------------------------------------------------------------------------------------
2026-04-01 20:27:33 | INFO     |   MONTHLY P&L TABLE
2026-04-01 20:27:33 | INFO     | --------------------------------------------------------------------------------------------------------------
2026-04-01 20:27:33 | INFO     |   Year   |       1 |       2 |       3 |       4 |       5 |       6 |       7 |       8 |       9 |      10 |      11 |      12 |      Total
2026-04-01 20:27:33 | INFO     | --------------------------------------------------------------------------------------------------------------
2026-04-01 20:27:33 | INFO     |   2022   | $ 3,654 | $   302 | $ 1,529 | $ 2,270 |      -- |      -- | $  -929 | $16,778 |      -- |      -- | $   717 | $ 4,228 | $   28,549
2026-04-01 20:27:33 | INFO     |   2023   | $  -514 | $ 1,762 | $ 7,384 | $15,536 | $  -818 | $-1,221 | $ 4,373 | $ 3,619 | $ 9,066 | $-1,772 | $11,831 | $24,764 | $   74,010
2026-04-01 20:27:33 | INFO     |   2024   | $-3,026 | $18,354 | $17,187 | $ 8,839 | $24,851 | $25,250 | $22,536 | $14,612 | $18,959 | $75,960 | $24,535 | $79,599 | $  327,654
2026-04-01 20:27:33 | INFO     |   2025   | $ 2,849 | $48,173 | $ 6,561 | $  -751 | $ 9,151 | $46,395 | $83,462 | $59,247 | $54,952 | $39,688 | $   980 | $46,589 | $  397,296
2026-04-01 20:27:33 | INFO     |   2026   | $56,607 | $45,769 | $-1,862 |      -- |      -- |      -- |      -- |      -- |      -- |      -- |      -- |      -- | $  100,513
2026-04-01 20:27:33 | INFO     | --------------------------------------------------------------------------------------------------------------
2026-04-01 20:27:33 | INFO     | --------------------------------------------------------------------------------------------------------------
2026-04-01 20:27:33 | INFO     |   INTRA-MONTH MAX DRAWDOWN
2026-04-01 20:27:33 | INFO     | --------------------------------------------------------------------------------------------------------------
2026-04-01 20:27:33 | INFO     |   Year   |       1 |       2 |       3 |       4 |       5 |       6 |       7 |       8 |       9 |      10 |      11 |      12 |     Ann DD
2026-04-01 20:27:33 | INFO     | --------------------------------------------------------------------------------------------------------------
2026-04-01 20:27:33 | INFO     |   2022   | $   340 | $   137 | $   610 | $ 1,014 |      -- |      -- | $   929 | $   610 |      -- |      -- | $     0 | $   307 | $    1,014
2026-04-01 20:27:33 | INFO     |   2023   | $ 3,451 | $ 1,203 | $ 1,522 | $   847 | $ 3,335 | $ 2,730 | $ 2,533 | $ 2,253 | $   761 | $ 3,748 | $ 2,636 | $ 3,547 | $    3,748
2026-04-01 20:27:33 | INFO     |   2024   | $ 9,203 | $ 2,639 | $ 8,518 | $ 2,941 | $ 2,053 | $12,504 | $ 7,600 | $ 5,066 | $ 2,534 | $ 7,597 | $ 8,612 | $ 5,066 | $   12,504
2026-04-01 20:27:33 | INFO     |   2025   | $ 6,081 | $ 3,800 | $ 2,348 | $ 1,142 | $ 2,534 | $ 5,066 | $ 6,078 | $ 4,436 | $ 7,597 | $ 2,534 | $ 6,587 | $ 8,196 | $    8,196
2026-04-01 20:27:33 | INFO     |   2026   | $ 5,828 | $ 2,534 | $ 1,862 |      -- |      -- |      -- |      -- |      -- |      -- |      -- |      -- |      -- | $    5,828
2026-04-01 20:27:33 | INFO     | --------------------------------------------------------------------------------------------------------------
2026-04-01 20:27:33 | INFO     | ------------------------------------------------------------------------------------------------------------------------
2026-04-01 20:27:33 | INFO     |   MONTHLY RETURN: STRATEGY vs SPY
2026-04-01 20:27:33 | INFO     | ------------------------------------------------------------------------------------------------------------------------
2026-04-01 20:27:33 | INFO     |   Year   |          1 |          2 |          3 |          4 |          5 |          6 |          7 |          8 |          9 |         10 |         11 |         12 |   Strat |     SPY |   Alpha
2026-04-01 20:27:33 | INFO     | ------------------------------------------------------------------------------------------------------------------------
2026-04-01 20:27:33 | INFO     |   2022   | +3.7/-5.3 | +0.3/-3.0 | +1.5/+3.8 | +2.3/-8.8 | +0.0/+0.2 | +0.0/-8.2 | -0.9/+9.2 | +16.8/-4.1 | +0.0/-9.2 | +0.0/+8.1 | +0.7/+5.6 | +4.2/-5.8 |  +28.5% |  -17.5% |  +46.0%
2026-04-01 20:27:33 | INFO     |   2023   | -0.5/+6.3 | +1.8/-2.5 | +7.4/+3.7 | +15.5/+1.6 | -0.8/+0.5 | -1.2/+6.5 | +4.4/+3.3 | +3.6/-1.6 | +9.1/-4.7 | -1.8/-2.2 | +11.8/+9.1 | +24.8/+4.6 |  +74.0% |  +24.5% |  +49.6%
2026-04-01 20:27:33 | INFO     |   2024   | -3.0/+1.6 | +18.4/+5.2 | +17.2/+3.3 | +8.8/-4.0 | +24.9/+5.1 | +25.2/+3.5 | +22.5/+1.2 | +14.6/+2.3 | +19.0/+2.1 | +76.0/-0.9 | +24.5/+6.0 | +79.6/-2.4 | +327.7% |  +22.9% | +304.7%
2026-04-01 20:27:33 | INFO     |   2025   | +2.8/+2.7 | +48.2/-1.3 | +6.6/-5.6 | -0.8/-0.9 | +9.2/+6.3 | +46.4/+5.1 | +83.5/+2.3 | +59.2/+2.1 | +55.0/+3.6 | +39.7/+2.4 | +1.0/+0.2 | +46.6/+0.1 | +397.3% |  +17.0% | +380.3%
2026-04-01 20:27:33 | INFO     |   2026   | +56.6/+1.5 | +45.8/-0.9 | -1.9/-4.9 | +0.0/+0.7 |         -- |         -- |         -- |         -- |         -- |         -- |         -- |         -- | +100.5% |   -3.6% | +104.1%
2026-04-01 20:27:33 | INFO     | ------------------------------------------------------------------------------------------------------------------------
2026-04-01 20:27:33 | INFO     | ----------------------------------------------------------------------
2026-04-01 20:27:33 | INFO     |   LARGEST LOSS DAYS (worst 30)
2026-04-01 20:27:33 | INFO     | ----------------------------------------------------------------------
2026-04-01 20:27:33 | INFO     |   Date         |    VIX |  Trades |      Day P&L |      Event
2026-04-01 20:27:33 | INFO     | ----------------------------------------------------------------------
2026-04-01 20:27:33 | INFO     |   20240628     |   12.2 |       3 | $ -12,504.37 |           
2026-04-01 20:27:33 | INFO     |   20241014     |   20.5 |       1 | $  -7,596.75 |           
2026-04-01 20:27:33 | INFO     |   20241108     |   15.2 |       1 | $  -7,596.75 |           
2026-04-01 20:27:33 | INFO     |   20250731     |   15.5 |       1 | $  -6,078.00 |           
2026-04-01 20:27:33 | INFO     |   20240116     |   12.7 |       2 | $  -5,115.85 |           
2026-04-01 20:27:33 | INFO     |   20240617     |   12.7 |       1 | $  -5,065.50 |           
2026-04-01 20:27:33 | INFO     |   20240705     |   12.1 |       1 | $  -5,065.50 |           
2026-04-01 20:27:33 | INFO     |   20240819     |   14.8 |       1 | $  -5,065.50 |           
2026-04-01 20:27:33 | INFO     |   20250922     |   15.4 |       1 | $  -5,065.50 |           
2026-04-01 20:27:33 | INFO     |   20251125     |   20.5 |       1 | $  -5,065.50 |           
2026-04-01 20:27:33 | INFO     |   20250121     |   16.0 |       1 | $  -4,559.25 |           
2026-04-01 20:27:33 | INFO     |   20240110     |   12.8 |       1 | $  -3,546.75 |           
2026-04-01 20:27:33 | INFO     |   20240603     |   12.9 |       2 | $  -3,417.76 |           
2026-04-01 20:27:33 | INFO     |   20240611     |   12.7 |       2 | $  -3,181.32 |           
2026-04-01 20:27:33 | INFO     |   20240314     |   13.8 |       3 | $  -3,079.51 |           
2026-04-01 20:27:33 | INFO     |   20240404     |   14.3 |       3 | $  -2,923.59 |           
2026-04-01 20:27:33 | INFO     |   20241125     |   15.2 |       2 | $  -2,849.88 |           
2026-04-01 20:27:33 | INFO     |   20240703     |   12.0 |       1 | $  -2,534.25 |           
2026-04-01 20:27:33 | INFO     |   20240913     |   17.1 |       1 | $  -2,534.25 |           
2026-04-01 20:27:33 | INFO     |   20241001     |   16.7 |       1 | $  -2,534.25 |           
2026-04-01 20:27:33 | INFO     |   20241009     |   21.4 |       1 | $  -2,534.25 |           
2026-04-01 20:27:33 | INFO     |   20250516     |   17.8 |       1 | $  -2,534.25 |           
2026-04-01 20:27:33 | INFO     |   20260130     |   16.9 |       1 | $  -2,534.25 |           
2026-04-01 20:27:33 | INFO     |   20230718     |   13.5 |       1 | $  -2,533.25 |           
2026-04-01 20:27:33 | INFO     |   20240209     |   12.8 |       1 | $  -2,364.50 |           
2026-04-01 20:27:33 | INFO     |   20250327     |   18.3 |       2 | $  -2,348.03 |           
2026-04-01 20:27:33 | INFO     |   20250204     |   18.6 |       2 | $  -2,238.09 |           
2026-04-01 20:27:33 | INFO     |   20250131     |   15.8 |       2 | $  -2,087.10 |           
2026-04-01 20:27:33 | INFO     |   20240529     |   12.9 |       1 | $  -2,053.30 |           
2026-04-01 20:27:33 | INFO     |   20231218     |   12.3 |       1 | $  -2,028.00 |           
2026-04-01 20:27:33 | INFO     | ----------------------------------------------------------------------
2026-04-01 20:27:33 | INFO     | ----------------------------------------------------------
2026-04-01 20:27:33 | INFO     |   SEASONALITY — DAY OF WEEK
2026-04-01 20:27:33 | INFO     | ----------------------------------------------------------
2026-04-01 20:27:33 | INFO     |   Day   |  Trades |    WR% |    Total P&L |    Avg P&L
2026-04-01 20:27:33 | INFO     | ----------------------------------------------------------
2026-04-01 20:27:33 | INFO     |   Mon   |     114 |  72.8% | $ 183,159.93 | $ 1,606.67
2026-04-01 20:27:33 | INFO     |   Tue   |     134 |  71.6% | $ 236,143.11 | $ 1,762.26
2026-04-01 20:27:33 | INFO     |   Wed   |     139 |  68.3% | $ 139,714.97 | $ 1,005.14
2026-04-01 20:27:33 | INFO     |   Thu   |     118 |  66.9% | $ 203,024.45 | $ 1,720.55
2026-04-01 20:27:33 | INFO     |   Fri   |     124 |  66.1% | $ 165,980.36 | $ 1,338.55
2026-04-01 20:27:33 | INFO     | ----------------------------------------------------------
2026-04-01 20:27:33 | INFO     | ----------------------------------------------------------
2026-04-01 20:27:33 | INFO     |   SEASONALITY — MONTH
2026-04-01 20:27:33 | INFO     | ----------------------------------------------------------
2026-04-01 20:27:33 | INFO     |   Month |  Trades |    WR% |    Total P&L |    Avg P&L
2026-04-01 20:27:33 | INFO     | ----------------------------------------------------------
2026-04-01 20:27:33 | INFO     |   Jan   |      63 |  65.1% | $  59,569.79 | $   945.55
2026-04-01 20:27:33 | INFO     |   Feb   |      59 |  72.9% | $ 114,360.47 | $ 1,938.31
2026-04-01 20:27:33 | INFO     |   Mar   |      43 |  65.1% | $  30,798.34 | $   716.24
2026-04-01 20:27:33 | INFO     |   Apr   |      39 |  76.9% | $  25,893.35 | $   663.93
2026-04-01 20:27:33 | INFO     |   May   |      35 |  62.9% | $  33,183.58 | $   948.10
2026-04-01 20:27:33 | INFO     |   Jun   |      59 |  66.1% | $  70,423.15 | $ 1,193.61
2026-04-01 20:27:33 | INFO     |   Jul   |      58 |  69.0% | $ 109,441.93 | $ 1,886.93
2026-04-01 20:27:33 | INFO     |   Aug   |      70 |  68.6% | $  94,256.11 | $ 1,346.52
2026-04-01 20:27:33 | INFO     |   Sep   |      51 |  68.6% | $  82,976.33 | $ 1,626.99
2026-04-01 20:27:33 | INFO     |   Oct   |      62 |  67.7% | $ 113,876.38 | $ 1,836.72
2026-04-01 20:27:33 | INFO     |   Nov   |      38 |  71.1% | $  38,063.40 | $ 1,001.67
2026-04-01 20:27:33 | INFO     |   Dec   |      52 |  76.9% | $ 155,179.99 | $ 2,984.23
2026-04-01 20:27:33 | INFO     | ----------------------------------------------------------
2026-04-01 20:27:33 | INFO     | ------------------------------------------------------------------------
2026-04-01 20:27:33 | INFO     |   CALENDAR / ECON EVENT ANALYSIS  (sorted by WR%)
2026-04-01 20:27:33 | INFO     | ------------------------------------------------------------------------
2026-04-01 20:27:33 | INFO     |   Event          |  Days |    WR% |    Avg/Day |    Total P&L |     Max DD
2026-04-01 20:27:33 | INFO     | ------------------------------------------------------------------------
2026-04-01 20:27:33 | INFO     |   CPI/NFP        |    40 |  72.5% | $ 3,151.89 | $  72,493.49 | $ 6,282.50
2026-04-01 20:27:33 | INFO     |   FOMC           |    10 |  70.0% | $ 3,158.61 | $  18,951.64 | $ 1,776.88
2026-04-01 20:27:33 | INFO     |   Normal         |   576 |  68.9% | $ 2,135.03 | $ 832,660.93 | $12,504.37
2026-04-01 20:27:33 | INFO     |   Triple Witch   |     3 |  66.7% | $ 1,958.38 | $   3,916.76 | $ 7,596.75
2026-04-01 20:27:33 | INFO     | ------------------------------------------------------------------------
