2026-04-02 20:47:56 | INFO     | Log file  : /Users/jeerapongwongchote/Documents/thetadata/zenith/logs/zenith_20260402_204755.log
2026-04-02 20:47:56 | INFO     | ================================================================================
2026-04-02 20:47:56 | INFO     |   RECENT RUN HISTORY
2026-04-02 20:47:56 | INFO     | --------------------------------------------------------------------------------
2026-04-02 20:47:56 | INFO     |     # | Timestamp              |  Trades |          P&L |         DD |  Sharpe |     WR
2026-04-02 20:47:56 | INFO     | --------------------------------------------------------------------------------
2026-04-02 20:47:56 | INFO     |    28 | 2026-03-31T07:40:53    |     513 | $    40,531 | -$     728 |   6.37 |  64.9%
2026-04-02 20:47:56 | INFO     |    29 | 2026-03-31T19:09:44    |     513 | $    22,151 | -$   1,641 |   3.60 |  64.1%
2026-04-02 20:47:56 | INFO     |    30 | 2026-03-31T19:13:29    |     513 | $    29,994 | -$   1,243 |   5.84 |  70.6%
2026-04-02 20:47:56 | INFO     |    31 | 2026-03-31T19:13:41    |     513 | $    29,994 | -$   1,243 |   5.84 |  70.6%
2026-04-02 20:47:56 | INFO     |    32 | 2026-03-31T19:35:30    |     669 | $    48,256 | -$   1,006 |   7.20 |  72.3%
2026-04-02 20:47:56 | INFO     |    33 | 2026-03-31T19:44:03    |     669 | $    48,256 | -$   1,006 |   7.20 |  72.3%
2026-04-02 20:47:56 | INFO     |    34 | 2026-03-31T21:01:31    |     669 | $    48,256 | -$   1,006 |   7.20 |  72.3%
2026-04-02 20:47:56 | INFO     |    35 | 2026-03-31T23:09:55    |     681 | $   107,723 | -$   1,631 |   7.53 |  63.9%
2026-04-02 20:47:56 | INFO     |    36 | 2026-04-01T00:04:08    |     539 | $   227,681 | -$   3,658 |   8.19 |  66.4%
2026-04-02 20:47:56 | INFO     |    37 | 2026-04-01T20:27:33    |     629 | $   928,023 | -$  13,909 |   7.05 |  69.2%
2026-04-02 20:47:56 | INFO     | ================================================================================
2026-04-02 20:47:56 | INFO     | ============================================================
2026-04-02 20:47:56 | INFO     | ZENITH FADE CCS BACKTEST
2026-04-02 20:47:56 | INFO     | Signal Mode  : dynamic
2026-04-02 20:47:56 | INFO     | Period       : 2022-01-03 -> 2026-03-25
2026-04-02 20:47:56 | INFO     | Score Thresh : 68.0
2026-04-02 20:47:56 | INFO     | Weights      : var=1.4, vol=8.9, rocket=274.0
2026-04-02 20:47:56 | INFO     | Strike       : 30.0pt OTM, 10.0pt wide
2026-04-02 20:47:56 | INFO     | Risk         : $600.0, TP 66%, SL -100%
2026-04-02 20:47:56 | INFO     | ============================================================
2026-04-02 20:47:56 | INFO     | Building daily indicators...
2026-04-02 20:47:58 | WARNING  | No SPX volume data — dRelVol defaulted to 1.0
2026-04-02 20:47:58 | INFO     | Built daily indicators: 1066 bars
2026-04-02 20:47:58 | INFO     |   -> 1066 daily bars loaded
2026-04-02 20:47:58 | INFO     | ============================================================
2026-04-02 20:47:58 | INFO     | ZENITH FADE CCS BACKTEST
2026-04-02 20:47:58 | INFO     | Mode: dynamic
2026-04-02 20:47:58 | INFO     | Period: 2022-01-03 -> 2026-03-25
2026-04-02 20:47:58 | INFO     | Trades -> /Users/jeerapongwongchote/Documents/thetadata/zenith/logs/zenith_trades_20260402_204755.csv
2026-04-02 20:47:58 | INFO     | ============================================================
2026-04-02 20:47:58 | INFO     | Signal #   1 | 20220104 | CALL | P&L: $    310 | Total: $      970 | WR: 100.0%
2026-04-02 20:47:58 | INFO     | Signal #   2 | 20220105 | CALL | P&L: $    971 | Total: $    1,601 | WR: 75.0%
2026-04-02 20:47:58 | INFO     | Signal #   3 | 20220107 | CALL | P&L: $    643 | Total: $    2,244 | WR: 80.0%
2026-04-02 20:47:58 | INFO     | Signal #   4 | 20220112 | CALL | P&L: $    489 | Total: $    3,312 | WR: 85.7%
2026-04-02 20:47:58 | INFO     | Signal #   5 | 20220113 | CALL | P&L: $    717 | Total: $    4,029 | WR: 87.5%
2026-04-02 20:47:58 | DEBUG    | Skipping 20220118 — VIX 22.8 > 22.0
2026-04-02 20:47:58 | DEBUG    | Skipping 20220119 — VIX 23.9 > 22.0
2026-04-02 20:47:58 | DEBUG    | Skipping 20220120 — VIX 25.6 > 22.0
2026-04-02 20:47:58 | DEBUG    | Skipping 20220121 — VIX 28.9 > 22.0
2026-04-02 20:47:58 | DEBUG    | Skipping 20220124 — VIX 29.9 > 22.0
2026-04-02 20:47:58 | DEBUG    | Skipping 20220125 — VIX 31.2 > 22.0
2026-04-02 20:47:58 | DEBUG    | Skipping 20220126 — VIX 32.0 > 22.0
2026-04-02 20:47:58 | DEBUG    | Skipping 20220127 — VIX 30.5 > 22.0
2026-04-02 20:47:58 | DEBUG    | Skipping 20220128 — VIX 27.7 > 22.0
2026-04-02 20:47:58 | DEBUG    | Skipping 20220131 — VIX 24.8 > 22.0
2026-04-02 20:47:58 | DEBUG    | Skipping 20220202 — VIX 22.1 > 22.0
2026-04-02 20:47:58 | DEBUG    | Skipping 20220203 — VIX 24.4 > 22.0
2026-04-02 20:47:58 | DEBUG    | Skipping 20220204 — VIX 23.2 > 22.0
2026-04-02 20:47:58 | DEBUG    | Skipping 20220207 — VIX 22.9 > 22.0
2026-04-02 20:47:58 | DEBUG    | Skipping 20220210 — VIX 23.9 > 22.0
2026-04-02 20:47:58 | DEBUG    | Skipping 20220211 — VIX 27.4 > 22.0
2026-04-02 20:47:58 | DEBUG    | Skipping 20220214 — VIX 28.3 > 22.0
2026-04-02 20:47:58 | DEBUG    | Skipping 20220215 — VIX 25.7 > 22.0
2026-04-02 20:47:58 | DEBUG    | Skipping 20220216 — VIX 24.3 > 22.0
2026-04-02 20:47:58 | DEBUG    | Skipping 20220217 — VIX 28.1 > 22.0
2026-04-02 20:47:58 | DEBUG    | Skipping 20220218 — VIX 27.8 > 22.0
2026-04-02 20:47:58 | DEBUG    | Skipping 20220222 — VIX 28.8 > 22.0
2026-04-02 20:47:58 | DEBUG    | Skipping 20220223 — VIX 31.0 > 22.0
2026-04-02 20:47:58 | DEBUG    | Skipping 20220224 — VIX 30.3 > 22.0
2026-04-02 20:47:58 | DEBUG    | Skipping 20220225 — VIX 27.6 > 22.0
2026-04-02 20:47:58 | DEBUG    | Skipping 20220228 — VIX 30.1 > 22.0
2026-04-02 20:47:58 | DEBUG    | Skipping 20220301 — VIX 33.3 > 22.0
2026-04-02 20:47:58 | DEBUG    | Skipping 20220302 — VIX 30.7 > 22.0
2026-04-02 20:47:58 | DEBUG    | Skipping 20220303 — VIX 30.5 > 22.0
2026-04-02 20:47:58 | DEBUG    | Skipping 20220304 — VIX 32.0 > 22.0
2026-04-02 20:47:58 | DEBUG    | Skipping 20220307 — VIX 36.5 > 22.0
2026-04-02 20:47:58 | DEBUG    | Skipping 20220308 — VIX 35.1 > 22.0
2026-04-02 20:47:58 | DEBUG    | Skipping 20220309 — VIX 32.5 > 22.0
2026-04-02 20:47:58 | DEBUG    | Skipping 20220310 — VIX 30.2 > 22.0
2026-04-02 20:47:58 | DEBUG    | Skipping 20220311 — VIX 30.8 > 22.0
2026-04-02 20:47:58 | DEBUG    | Skipping 20220314 — VIX 31.8 > 22.0
2026-04-02 20:47:58 | DEBUG    | Skipping 20220315 — VIX 29.8 > 22.0
2026-04-02 20:47:58 | DEBUG    | Skipping 20220316 — VIX 26.7 > 22.0
2026-04-02 20:47:58 | DEBUG    | Skipping 20220317 — VIX 25.7 > 22.0
2026-04-02 20:47:58 | DEBUG    | Skipping 20220318 — VIX 23.9 > 22.0
2026-04-02 20:47:58 | DEBUG    | Skipping 20220321 — VIX 23.5 > 22.0
2026-04-02 20:47:58 | DEBUG    | Skipping 20220322 — VIX 22.9 > 22.0
2026-04-02 20:47:58 | DEBUG    | Skipping 20220323 — VIX 23.6 > 22.0
2026-04-02 20:47:58 | DEBUG    | Skipping 20220406 — VIX 22.1 > 22.0
2026-04-02 20:47:58 | DEBUG    | Skipping 20220411 — VIX 24.4 > 22.0
2026-04-02 20:47:58 | DEBUG    | Skipping 20220412 — VIX 24.3 > 22.0
2026-04-02 20:47:58 | DEBUG    | Skipping 20220414 — VIX 22.7 > 22.0
2026-04-02 20:47:58 | DEBUG    | Skipping 20220418 — VIX 22.2 > 22.0
2026-04-02 20:47:58 | DEBUG    | Skipping 20220421 — VIX 22.7 > 22.0
2026-04-02 20:47:58 | DEBUG    | Skipping 20220422 — VIX 28.2 > 22.0
2026-04-02 20:47:58 | DEBUG    | Skipping 20220425 — VIX 27.0 > 22.0
2026-04-02 20:47:58 | DEBUG    | Skipping 20220426 — VIX 33.5 > 22.0
2026-04-02 20:47:58 | DEBUG    | Skipping 20220427 — VIX 31.6 > 22.0
2026-04-02 20:47:58 | DEBUG    | Skipping 20220428 — VIX 30.0 > 22.0
2026-04-02 20:47:58 | DEBUG    | Skipping 20220429 — VIX 33.4 > 22.0
2026-04-02 20:47:58 | DEBUG    | Skipping 20220502 — VIX 32.3 > 22.0
2026-04-02 20:47:58 | DEBUG    | Skipping 20220503 — VIX 29.2 > 22.0
2026-04-02 20:47:58 | DEBUG    | Skipping 20220504 — VIX 25.4 > 22.0
2026-04-02 20:47:58 | DEBUG    | Skipping 20220505 — VIX 31.2 > 22.0
2026-04-02 20:47:58 | DEBUG    | Skipping 20220506 — VIX 30.2 > 22.0
2026-04-02 20:47:58 | DEBUG    | Skipping 20220509 — VIX 34.8 > 22.0
2026-04-02 20:47:58 | DEBUG    | Skipping 20220510 — VIX 33.0 > 22.0
2026-04-02 20:47:58 | DEBUG    | Skipping 20220511 — VIX 32.6 > 22.0
2026-04-02 20:47:58 | DEBUG    | Skipping 20220512 — VIX 31.8 > 22.0
2026-04-02 20:47:58 | DEBUG    | Skipping 20220513 — VIX 28.9 > 22.0
2026-04-02 20:47:58 | DEBUG    | Skipping 20220516 — VIX 27.5 > 22.0
2026-04-02 20:47:58 | DEBUG    | Skipping 20220517 — VIX 26.1 > 22.0
2026-04-02 20:47:58 | DEBUG    | Skipping 20220518 — VIX 31.0 > 22.0
2026-04-02 20:47:58 | DEBUG    | Skipping 20220519 — VIX 29.4 > 22.0
2026-04-02 20:47:58 | DEBUG    | Skipping 20220520 — VIX 29.4 > 22.0
2026-04-02 20:47:58 | DEBUG    | Skipping 20220523 — VIX 28.5 > 22.0
2026-04-02 20:47:58 | DEBUG    | Skipping 20220524 — VIX 29.4 > 22.0
2026-04-02 20:47:58 | DEBUG    | Skipping 20220525 — VIX 28.4 > 22.0
2026-04-02 20:47:58 | DEBUG    | Skipping 20220526 — VIX 27.5 > 22.0
2026-04-02 20:47:58 | DEBUG    | Skipping 20220527 — VIX 25.7 > 22.0
2026-04-02 20:47:58 | DEBUG    | Skipping 20220531 — VIX 26.2 > 22.0
2026-04-02 20:47:58 | DEBUG    | Skipping 20220601 — VIX 25.7 > 22.0
2026-04-02 20:47:58 | DEBUG    | Skipping 20220602 — VIX 24.7 > 22.0
2026-04-02 20:47:58 | DEBUG    | Skipping 20220603 — VIX 24.8 > 22.0
2026-04-02 20:47:58 | DEBUG    | Skipping 20220606 — VIX 25.1 > 22.0
2026-04-02 20:47:58 | DEBUG    | Skipping 20220607 — VIX 24.0 > 22.0
2026-04-02 20:47:58 | DEBUG    | Skipping 20220608 — VIX 24.0 > 22.0
2026-04-02 20:47:58 | DEBUG    | Skipping 20220609 — VIX 26.1 > 22.0
2026-04-02 20:47:58 | DEBUG    | Skipping 20220610 — VIX 27.8 > 22.0
2026-04-02 20:47:58 | DEBUG    | Skipping 20220613 — VIX 34.0 > 22.0
2026-04-02 20:47:58 | DEBUG    | Skipping 20220614 — VIX 32.7 > 22.0
2026-04-02 20:47:58 | DEBUG    | Skipping 20220615 — VIX 29.6 > 22.0
2026-04-02 20:47:58 | DEBUG    | Skipping 20220616 — VIX 33.0 > 22.0
2026-04-02 20:47:58 | DEBUG    | Skipping 20220617 — VIX 31.1 > 22.0
2026-04-02 20:47:58 | DEBUG    | Skipping 20220621 — VIX 30.2 > 22.0
2026-04-02 20:47:58 | DEBUG    | Skipping 20220622 — VIX 28.9 > 22.0
2026-04-02 20:47:58 | DEBUG    | Skipping 20220623 — VIX 29.1 > 22.0
2026-04-02 20:47:58 | DEBUG    | Skipping 20220624 — VIX 27.2 > 22.0
2026-04-02 20:47:58 | DEBUG    | Skipping 20220627 — VIX 26.9 > 22.0
2026-04-02 20:47:58 | DEBUG    | Skipping 20220628 — VIX 28.4 > 22.0
2026-04-02 20:47:58 | DEBUG    | Skipping 20220629 — VIX 28.2 > 22.0
2026-04-02 20:47:58 | DEBUG    | Skipping 20220630 — VIX 28.7 > 22.0
2026-04-02 20:47:58 | DEBUG    | Skipping 20220701 — VIX 26.7 > 22.0
2026-04-02 20:47:58 | DEBUG    | Skipping 20220705 — VIX 27.5 > 22.0
2026-04-02 20:47:58 | DEBUG    | Skipping 20220706 — VIX 26.7 > 22.0
2026-04-02 20:47:58 | DEBUG    | Skipping 20220707 — VIX 26.1 > 22.0
2026-04-02 20:47:58 | DEBUG    | Skipping 20220708 — VIX 24.6 > 22.0
2026-04-02 20:47:58 | DEBUG    | Skipping 20220711 — VIX 26.2 > 22.0
2026-04-02 20:47:58 | DEBUG    | Skipping 20220712 — VIX 27.3 > 22.0
2026-04-02 20:47:58 | DEBUG    | Skipping 20220713 — VIX 26.8 > 22.0
2026-04-02 20:47:58 | DEBUG    | Skipping 20220714 — VIX 26.4 > 22.0
2026-04-02 20:47:58 | DEBUG    | Skipping 20220715 — VIX 24.2 > 22.0
2026-04-02 20:47:58 | DEBUG    | Skipping 20220718 — VIX 25.3 > 22.0
2026-04-02 20:47:58 | DEBUG    | Skipping 20220719 — VIX 24.5 > 22.0
2026-04-02 20:47:58 | DEBUG    | Skipping 20220720 — VIX 23.9 > 22.0
2026-04-02 20:47:58 | DEBUG    | Skipping 20220721 — VIX 23.1 > 22.0
2026-04-02 20:47:58 | DEBUG    | Skipping 20220722 — VIX 23.0 > 22.0
2026-04-02 20:47:58 | DEBUG    | Skipping 20220725 — VIX 23.4 > 22.0
2026-04-02 20:47:58 | DEBUG    | Skipping 20220726 — VIX 24.7 > 22.0
2026-04-02 20:47:58 | DEBUG    | Skipping 20220727 — VIX 23.2 > 22.0
2026-04-02 20:47:58 | DEBUG    | Skipping 20220728 — VIX 22.3 > 22.0
2026-04-02 20:47:58 | DEBUG    | Skipping 20220801 — VIX 22.8 > 22.0
2026-04-02 20:47:58 | DEBUG    | Skipping 20220802 — VIX 23.9 > 22.0
2026-04-02 20:47:58 | DEBUG    | Skipping 20220822 — VIX 23.8 > 22.0
2026-04-02 20:47:58 | DEBUG    | Skipping 20220823 — VIX 24.1 > 22.0
2026-04-02 20:47:58 | DEBUG    | Skipping 20220824 — VIX 22.8 > 22.0
2026-04-02 20:47:58 | DEBUG    | Skipping 20220826 — VIX 25.6 > 22.0
2026-04-02 20:47:58 | DEBUG    | Skipping 20220829 — VIX 26.2 > 22.0
2026-04-02 20:47:58 | DEBUG    | Skipping 20220830 — VIX 26.2 > 22.0
2026-04-02 20:47:58 | DEBUG    | Skipping 20220831 — VIX 25.9 > 22.0
2026-04-02 20:47:58 | DEBUG    | Skipping 20220901 — VIX 25.6 > 22.0
2026-04-02 20:47:58 | DEBUG    | Skipping 20220902 — VIX 25.5 > 22.0
2026-04-02 20:47:58 | DEBUG    | Skipping 20220906 — VIX 26.9 > 22.0
2026-04-02 20:47:58 | DEBUG    | Skipping 20220907 — VIX 24.6 > 22.0
2026-04-02 20:47:58 | DEBUG    | Skipping 20220908 — VIX 23.6 > 22.0
2026-04-02 20:47:58 | DEBUG    | Skipping 20220909 — VIX 22.8 > 22.0
2026-04-02 20:47:58 | DEBUG    | Skipping 20220912 — VIX 23.9 > 22.0
2026-04-02 20:47:58 | DEBUG    | Skipping 20220913 — VIX 27.3 > 22.0
2026-04-02 20:47:58 | DEBUG    | Skipping 20220914 — VIX 26.2 > 22.0
2026-04-02 20:47:58 | DEBUG    | Skipping 20220915 — VIX 26.3 > 22.0
2026-04-02 20:47:58 | DEBUG    | Skipping 20220916 — VIX 26.3 > 22.0
2026-04-02 20:47:58 | DEBUG    | Skipping 20220919 — VIX 25.8 > 22.0
2026-04-02 20:47:58 | DEBUG    | Skipping 20220920 — VIX 27.2 > 22.0
2026-04-02 20:47:58 | DEBUG    | Skipping 20220921 — VIX 28.0 > 22.0
2026-04-02 20:47:58 | DEBUG    | Skipping 20220922 — VIX 27.4 > 22.0
2026-04-02 20:47:58 | DEBUG    | Skipping 20220923 — VIX 29.9 > 22.0
2026-04-02 20:47:58 | DEBUG    | Skipping 20220926 — VIX 32.3 > 22.0
2026-04-02 20:47:58 | DEBUG    | Skipping 20220927 — VIX 32.6 > 22.0
2026-04-02 20:47:58 | DEBUG    | Skipping 20220928 — VIX 30.2 > 22.0
2026-04-02 20:47:58 | DEBUG    | Skipping 20220929 — VIX 31.8 > 22.0
2026-04-02 20:47:58 | DEBUG    | Skipping 20220930 — VIX 31.6 > 22.0
2026-04-02 20:47:58 | DEBUG    | Skipping 20221003 — VIX 30.1 > 22.0
2026-04-02 20:47:58 | DEBUG    | Skipping 20221004 — VIX 29.1 > 22.0
2026-04-02 20:47:58 | DEBUG    | Skipping 20221005 — VIX 28.6 > 22.0
2026-04-02 20:47:58 | DEBUG    | Skipping 20221006 — VIX 30.5 > 22.0
2026-04-02 20:47:58 | DEBUG    | Skipping 20221007 — VIX 31.4 > 22.0
2026-04-02 20:47:58 | DEBUG    | Skipping 20221010 — VIX 32.5 > 22.0
2026-04-02 20:47:58 | DEBUG    | Skipping 20221011 — VIX 33.6 > 22.0
2026-04-02 20:47:58 | DEBUG    | Skipping 20221012 — VIX 33.6 > 22.0
2026-04-02 20:47:58 | DEBUG    | Skipping 20221013 — VIX 31.9 > 22.0
2026-04-02 20:47:58 | DEBUG    | Skipping 20221014 — VIX 32.0 > 22.0
2026-04-02 20:47:58 | DEBUG    | Skipping 20221017 — VIX 31.4 > 22.0
2026-04-02 20:47:58 | DEBUG    | Skipping 20221018 — VIX 30.5 > 22.0
2026-04-02 20:47:58 | DEBUG    | Skipping 20221019 — VIX 30.8 > 22.0
2026-04-02 20:47:58 | DEBUG    | Skipping 20221020 — VIX 30.0 > 22.0
2026-04-02 20:47:58 | DEBUG    | Skipping 20221021 — VIX 29.7 > 22.0
2026-04-02 20:47:58 | DEBUG    | Skipping 20221024 — VIX 29.9 > 22.0
2026-04-02 20:47:58 | DEBUG    | Skipping 20221025 — VIX 28.5 > 22.0
2026-04-02 20:47:58 | DEBUG    | Skipping 20221026 — VIX 27.3 > 22.0
2026-04-02 20:47:58 | DEBUG    | Skipping 20221027 — VIX 27.4 > 22.0
2026-04-02 20:47:58 | DEBUG    | Skipping 20221028 — VIX 25.8 > 22.0
2026-04-02 20:47:58 | DEBUG    | Skipping 20221031 — VIX 25.9 > 22.0
2026-04-02 20:47:58 | DEBUG    | Skipping 20221101 — VIX 25.8 > 22.0
2026-04-02 20:47:58 | DEBUG    | Skipping 20221102 — VIX 25.9 > 22.0
2026-04-02 20:47:58 | DEBUG    | Skipping 20221103 — VIX 25.3 > 22.0
2026-04-02 20:47:58 | DEBUG    | Skipping 20221104 — VIX 24.6 > 22.0
2026-04-02 20:47:58 | DEBUG    | Skipping 20221107 — VIX 24.4 > 22.0
2026-04-02 20:47:58 | DEBUG    | Skipping 20221108 — VIX 25.5 > 22.0
2026-04-02 20:47:58 | DEBUG    | Skipping 20221109 — VIX 26.1 > 22.0
2026-04-02 20:47:58 | DEBUG    | Skipping 20221110 — VIX 23.5 > 22.0
2026-04-02 20:47:58 | DEBUG    | Skipping 20221111 — VIX 22.5 > 22.0
2026-04-02 20:47:58 | DEBUG    | Skipping 20221114 — VIX 23.7 > 22.0
2026-04-02 20:47:58 | DEBUG    | Skipping 20221115 — VIX 24.5 > 22.0
2026-04-02 20:47:58 | DEBUG    | Skipping 20221116 — VIX 24.1 > 22.0
2026-04-02 20:47:58 | DEBUG    | Skipping 20221117 — VIX 23.9 > 22.0
2026-04-02 20:47:58 | DEBUG    | Skipping 20221118 — VIX 23.1 > 22.0
2026-04-02 20:47:58 | DEBUG    | Skipping 20221121 — VIX 22.4 > 22.0
2026-04-02 20:47:58 | DEBUG    | Skipping 20221128 — VIX 22.2 > 22.0
2026-04-02 20:47:58 | DEBUG    | Skipping 20221206 — VIX 22.2 > 22.0
2026-04-02 20:47:58 | DEBUG    | Skipping 20221207 — VIX 22.7 > 22.0
2026-04-02 20:47:58 | DEBUG    | Skipping 20221208 — VIX 22.3 > 22.0
2026-04-02 20:47:58 | DEBUG    | Skipping 20221209 — VIX 22.8 > 22.0
2026-04-02 20:47:58 | DEBUG    | Skipping 20221212 — VIX 25.0 > 22.0
2026-04-02 20:47:58 | DEBUG    | Skipping 20221213 — VIX 22.6 > 22.0
2026-04-02 20:47:58 | DEBUG    | Skipping 20221215 — VIX 22.8 > 22.0
2026-04-02 20:47:58 | DEBUG    | Skipping 20221216 — VIX 22.6 > 22.0
2026-04-02 20:47:58 | DEBUG    | Skipping 20221219 — VIX 22.4 > 22.0
2026-04-02 20:47:58 | DEBUG    | Skipping 20221228 — VIX 22.1 > 22.0
2026-04-02 20:47:58 | DEBUG    | Skipping 20230103 — VIX 22.9 > 22.0
2026-04-02 20:47:58 | DEBUG    | Skipping 20230104 — VIX 22.0 > 22.0
2026-04-02 20:47:58 | DEBUG    | Skipping 20230105 — VIX 22.5 > 22.0
2026-04-02 20:47:59 | INFO     | Signal #  50 | 20230213 | CALL | P&L: $ -1,269 | Total: $   45,615 | WR: 75.4%
2026-04-02 20:47:59 | DEBUG    | Skipping 20230221 — VIX 22.9 > 22.0
2026-04-02 20:47:59 | DEBUG    | Skipping 20230222 — VIX 22.3 > 22.0
2026-04-02 20:47:59 | DEBUG    | Skipping 20230309 — VIX 22.6 > 22.0
2026-04-02 20:47:59 | DEBUG    | Skipping 20230310 — VIX 24.8 > 22.0
2026-04-02 20:47:59 | DEBUG    | Skipping 20230313 — VIX 26.5 > 22.0
2026-04-02 20:47:59 | DEBUG    | Skipping 20230314 — VIX 23.7 > 22.0
2026-04-02 20:47:59 | DEBUG    | Skipping 20230315 — VIX 26.1 > 22.0
2026-04-02 20:47:59 | DEBUG    | Skipping 20230316 — VIX 23.0 > 22.0
2026-04-02 20:47:59 | DEBUG    | Skipping 20230317 — VIX 25.5 > 22.0
2026-04-02 20:47:59 | DEBUG    | Skipping 20230320 — VIX 24.1 > 22.0
2026-04-02 20:47:59 | DEBUG    | Skipping 20230322 — VIX 22.3 > 22.0
2026-04-02 20:47:59 | DEBUG    | Skipping 20230323 — VIX 22.6 > 22.0
2026-04-02 20:47:59 | INFO     | Signal # 100 | 20230623 | CALL | P&L: $    396 | Total: $   88,930 | WR: 77.9%
2026-04-02 20:47:59 | INFO     | Signal # 150 | 20231024 | CALL | P&L: $    634 | Total: $  130,672 | WR: 75.7%
2026-04-02 20:47:59 | INFO     | Signal # 200 | 20240311 |  PUT | P&L: $  1,926 | Total: $  241,245 | WR: 76.3%
2026-04-02 20:47:59 | DEBUG    | Skipping 20240802 — VIX 23.4 > 22.0
2026-04-02 20:47:59 | DEBUG    | Skipping 20240805 — VIX 38.6 > 22.0
2026-04-02 20:47:59 | DEBUG    | Skipping 20240806 — VIX 27.7 > 22.0
2026-04-02 20:47:59 | DEBUG    | Skipping 20240807 — VIX 27.9 > 22.0
2026-04-02 20:47:59 | DEBUG    | Skipping 20240808 — VIX 23.8 > 22.0
2026-04-02 20:47:59 | INFO     | Signal # 250 | 20240812 | CALL | P&L: $  2,736 | Total: $  327,910 | WR: 75.8%
2026-04-02 20:47:59 | DEBUG    | Skipping 20240906 — VIX 22.4 > 22.0
2026-04-02 20:47:59 | DEBUG    | Skipping 20241007 — VIX 22.6 > 22.0
2026-04-02 20:47:59 | DEBUG    | Skipping 20241031 — VIX 23.2 > 22.0
2026-04-02 20:48:00 | INFO     | Signal # 300 | 20241213 |  PUT | P&L: $  4,052 | Total: $  580,309 | WR: 76.2%
2026-04-02 20:48:00 | DEBUG    | Skipping 20241218 — VIX 27.6 > 22.0
2026-04-02 20:48:00 | DEBUG    | Skipping 20241219 — VIX 24.1 > 22.0
2026-04-02 20:48:00 | DEBUG    | Skipping 20250303 — VIX 22.8 > 22.0
2026-04-02 20:48:00 | DEBUG    | Skipping 20250304 — VIX 23.5 > 22.0
2026-04-02 20:48:00 | DEBUG    | Skipping 20250306 — VIX 24.9 > 22.0
2026-04-02 20:48:00 | DEBUG    | Skipping 20250307 — VIX 23.4 > 22.0
2026-04-02 20:48:00 | DEBUG    | Skipping 20250310 — VIX 27.9 > 22.0
2026-04-02 20:48:00 | DEBUG    | Skipping 20250311 — VIX 26.9 > 22.0
2026-04-02 20:48:00 | DEBUG    | Skipping 20250312 — VIX 24.2 > 22.0
2026-04-02 20:48:00 | DEBUG    | Skipping 20250313 — VIX 24.7 > 22.0
2026-04-02 20:48:00 | DEBUG    | Skipping 20250331 — VIX 22.3 > 22.0
2026-04-02 20:48:00 | DEBUG    | Skipping 20250403 — VIX 30.0 > 22.0
2026-04-02 20:48:00 | DEBUG    | Skipping 20250404 — VIX 45.3 > 22.0
2026-04-02 20:48:00 | DEBUG    | Skipping 20250407 — VIX 47.0 > 22.0
2026-04-02 20:48:00 | DEBUG    | Skipping 20250408 — VIX 52.3 > 22.0
2026-04-02 20:48:00 | DEBUG    | Skipping 20250409 — VIX 33.6 > 22.0
2026-04-02 20:48:00 | DEBUG    | Skipping 20250410 — VIX 40.7 > 22.0
2026-04-02 20:48:00 | DEBUG    | Skipping 20250411 — VIX 37.6 > 22.0
2026-04-02 20:48:00 | DEBUG    | Skipping 20250414 — VIX 30.9 > 22.0
2026-04-02 20:48:00 | DEBUG    | Skipping 20250415 — VIX 30.1 > 22.0
2026-04-02 20:48:00 | DEBUG    | Skipping 20250416 — VIX 32.6 > 22.0
2026-04-02 20:48:00 | DEBUG    | Skipping 20250417 — VIX 29.6 > 22.0
2026-04-02 20:48:00 | DEBUG    | Skipping 20250421 — VIX 33.8 > 22.0
2026-04-02 20:48:00 | DEBUG    | Skipping 20250422 — VIX 30.6 > 22.0
2026-04-02 20:48:00 | DEBUG    | Skipping 20250423 — VIX 28.4 > 22.0
2026-04-02 20:48:00 | DEBUG    | Skipping 20250424 — VIX 26.5 > 22.0
2026-04-02 20:48:00 | DEBUG    | Skipping 20250425 — VIX 24.8 > 22.0
2026-04-02 20:48:00 | DEBUG    | Skipping 20250428 — VIX 25.1 > 22.0
2026-04-02 20:48:00 | DEBUG    | Skipping 20250429 — VIX 24.2 > 22.0
2026-04-02 20:48:00 | DEBUG    | Skipping 20250430 — VIX 24.7 > 22.0
2026-04-02 20:48:00 | DEBUG    | Skipping 20250501 — VIX 24.6 > 22.0
2026-04-02 20:48:00 | DEBUG    | Skipping 20250502 — VIX 22.7 > 22.0
2026-04-02 20:48:00 | DEBUG    | Skipping 20250505 — VIX 23.6 > 22.0
2026-04-02 20:48:00 | DEBUG    | Skipping 20250506 — VIX 24.8 > 22.0
2026-04-02 20:48:00 | DEBUG    | Skipping 20250507 — VIX 23.6 > 22.0
2026-04-02 20:48:00 | DEBUG    | Skipping 20250508 — VIX 22.5 > 22.0
2026-04-02 20:48:00 | DEBUG    | Skipping 20250523 — VIX 22.3 > 22.0
2026-04-02 20:48:00 | INFO     | Signal # 350 | 20250711 | CALL | P&L: $ 20,044 | Total: $  817,159 | WR: 76.6%
2026-04-02 20:48:00 | DEBUG    | Skipping 20251016 — VIX 25.3 > 22.0
2026-04-02 20:48:00 | INFO     | Signal # 400 | 20251028 | CALL | P&L: $  3,311 | Total: $1,060,984 | WR: 76.1%
2026-04-02 20:48:00 | DEBUG    | Skipping 20251117 — VIX 22.4 > 22.0
2026-04-02 20:48:00 | DEBUG    | Skipping 20251118 — VIX 24.7 > 22.0
2026-04-02 20:48:00 | DEBUG    | Skipping 20251119 — VIX 23.7 > 22.0
2026-04-02 20:48:00 | DEBUG    | Skipping 20251120 — VIX 26.4 > 22.0
2026-04-02 20:48:00 | DEBUG    | Skipping 20251121 — VIX 23.4 > 22.0
2026-04-02 20:48:00 | DEBUG    | Skipping 20260303 — VIX 23.6 > 22.0
2026-04-02 20:48:00 | DEBUG    | Skipping 20260305 — VIX 23.8 > 22.0
2026-04-02 20:48:00 | DEBUG    | Skipping 20260306 — VIX 29.5 > 22.0
2026-04-02 20:48:00 | DEBUG    | Skipping 20260309 — VIX 25.5 > 22.0
2026-04-02 20:48:00 | DEBUG    | Skipping 20260310 — VIX 24.9 > 22.0
2026-04-02 20:48:00 | DEBUG    | Skipping 20260311 — VIX 24.2 > 22.0
2026-04-02 20:48:00 | DEBUG    | Skipping 20260312 — VIX 27.3 > 22.0
2026-04-02 20:48:00 | DEBUG    | Skipping 20260313 — VIX 27.2 > 22.0
2026-04-02 20:48:00 | DEBUG    | Skipping 20260316 — VIX 23.5 > 22.0
2026-04-02 20:48:00 | DEBUG    | Skipping 20260317 — VIX 22.4 > 22.0
2026-04-02 20:48:00 | DEBUG    | Skipping 20260318 — VIX 25.1 > 22.0
2026-04-02 20:48:00 | DEBUG    | Skipping 20260319 — VIX 24.1 > 22.0
2026-04-02 20:48:00 | DEBUG    | Skipping 20260320 — VIX 26.8 > 22.0
2026-04-02 20:48:00 | DEBUG    | Skipping 20260323 — VIX 26.1 > 22.0
2026-04-02 20:48:00 | DEBUG    | Skipping 20260324 — VIX 26.9 > 22.0
2026-04-02 20:48:00 | DEBUG    | Skipping 20260325 — VIX 25.3 > 22.0
2026-04-02 20:48:00 | INFO     | DONE — 634 trades, 1060 trading days, 617 skipped
2026-04-02 20:48:00 | INFO     | Trade log snapshot -> /Users/jeerapongwongchote/Documents/thetadata/zenith/tradelogs_zenith.csv
2026-04-02 20:48:00 | INFO     | ============================================================
2026-04-02 20:48:00 | INFO     |   ZENITH FADE CCS — BACKTEST RESULTS
2026-04-02 20:48:00 | INFO     | ============================================================
2026-04-02 20:48:00 | INFO     |   Period          : 20220103 -> 20260304
2026-04-02 20:48:00 | INFO     |   Business days   : 1062
2026-04-02 20:48:00 | INFO     |   Days traded     : 442
2026-04-02 20:48:00 | INFO     |   Total trades    : 634  (wins: 481  losses: 153)
2026-04-02 20:48:00 | INFO     |   Avg trades/day  :    1.4
2026-04-02 20:48:00 | INFO     | ------------------------------------------------------------
2026-04-02 20:48:00 | INFO     |   Total P&L       : $1,187,776.09  (net of commission)
2026-04-02 20:48:00 | INFO     |   CAGR            :  84.7%  (acct=$100,000)
2026-04-02 20:48:00 | INFO     |   Avg profit/trade: $3,228.86
2026-04-02 20:48:00 | INFO     |   Avg loss/trade  : $-2,387.63
2026-04-02 20:48:00 | INFO     |   Expectancy/trade: $1,873.46
2026-04-02 20:48:00 | INFO     |   Profit factor   :    4.25x
2026-04-02 20:48:00 | INFO     | ------------------------------------------------------------
2026-04-02 20:48:00 | INFO     |   Max drawdown    : $17,410.35  (5.9%)
2026-04-02 20:48:00 | INFO     |   Calmar ratio    :     14.34  (CAGR / max DD%)
2026-04-02 20:48:00 | INFO     |   Recovery factor :     68.22  (net P&L / max DD)
2026-04-02 20:48:00 | INFO     |   Time underwater :   46.4%
2026-04-02 20:48:00 | INFO     | ------------------------------------------------------------
2026-04-02 20:48:00 | INFO     |   Win rate        :   75.9%
2026-04-02 20:48:00 | INFO     |   Sharpe ratio    :     7.79  (rf=4.5%)
2026-04-02 20:48:00 | INFO     |   Sortino ratio   :     15.50
2026-04-02 20:48:00 | INFO     |   Ann. volatility : $60,622.38
2026-04-02 20:48:00 | INFO     | ------------------------------------------------------------
2026-04-02 20:48:00 | INFO     |   Best day        : $24,607.45
2026-04-02 20:48:00 | INFO     |   Worst day       : $-12,486.69
2026-04-02 20:48:00 | INFO     |   Best trade      : $20,044.50
2026-04-02 20:48:00 | INFO     |   Worst trade     : $-12,153.00
2026-04-02 20:48:00 | INFO     |   Max win streak  : 15
2026-04-02 20:48:00 | INFO     | ------------------------------------------------------------
2026-04-02 20:48:00 | INFO     |   Score threshold : 68.0
2026-04-02 20:48:00 | INFO     |   Strike offset   : 30.0pt (VIX-adaptive: True)
2026-04-02 20:48:00 | INFO     |   Spread width    : 10.0pt (ATR-adaptive: True)
2026-04-02 20:48:00 | INFO     |   Credit model    : real
2026-04-02 20:48:00 | INFO     |   Intraday SL     : -0.25 (gap-dynamic: True)
2026-04-02 20:48:00 | INFO     |   Danger sizing   : True (low=3.0x med=1.5x)
2026-04-02 20:48:00 | INFO     |   Commission      : $0.5/leg
2026-04-02 20:48:00 | INFO     | ============================================================
2026-04-02 20:48:00 | INFO     | Results written to /Users/jeerapongwongchote/Documents/thetadata/zenith/RESULTS.md (keeping last 3 runs)
2026-04-02 20:48:00 | INFO     | Run summary appended to /Users/jeerapongwongchote/Documents/thetadata/zenith/logs/run_history.json
2026-04-02 20:48:00 | INFO     | --------------------------------------------------------------
2026-04-02 20:48:00 | INFO     |   VIX CORRELATION ANALYSIS
2026-04-02 20:48:00 | INFO     | --------------------------------------------------------------
2026-04-02 20:48:00 | INFO     |   VIX Range  |  Trades |  Win Rate |    Avg P&L |    Total P&L
2026-04-02 20:48:00 | INFO     | --------------------------------------------------------------
2026-04-02 20:48:00 | INFO     |   < 15       |     222 |     78.4% | $ 1,945.09 | $ 431,810.03
2026-04-02 20:48:00 | INFO     |   15-20      |     344 |     75.0% | $ 2,018.85 | $ 694,483.93
2026-04-02 20:48:00 | INFO     |   20-25      |      68 |     72.1% | $   904.15 | $  61,482.13
2026-04-02 20:48:00 | INFO     | --------------------------------------------------------------
2026-04-02 20:48:00 | INFO     | -----------------------------------------------------------------------------------------------
2026-04-02 20:48:00 | INFO     |   PUT vs CALL SPREAD PERFORMANCE SPLIT
2026-04-02 20:48:00 | INFO     | -----------------------------------------------------------------------------------------------
2026-04-02 20:48:00 | INFO     |   Type     |  Trades |  Win Rate |    Avg P&L |    Total P&L |   Avg Win |  Avg Loss |  Prof Fac
2026-04-02 20:48:00 | INFO     | -----------------------------------------------------------------------------------------------
2026-04-02 20:48:00 | INFO     |   CALL     |     472 |     74.8% | $ 1,996.76 | $ 942,470.57 | $3,535.98 | $-2,569.15 |     4.08x
2026-04-02 20:48:00 | INFO     |   PUT      |     121 |     73.6% | $ 1,953.03 | $ 236,316.87 | $3,322.46 | $-1,855.70 |     4.98x
2026-04-02 20:48:00 | INFO     | -----------------------------------------------------------------------------------------------
2026-04-02 20:48:00 | INFO     | --------------------------------------------------------------------------------------------------------------
2026-04-02 20:48:00 | INFO     |   MONTHLY P&L TABLE
2026-04-02 20:48:00 | INFO     | --------------------------------------------------------------------------------------------------------------
2026-04-02 20:48:00 | INFO     |   Year   |       1 |       2 |       3 |       4 |       5 |       6 |       7 |       8 |       9 |      10 |      11 |      12 |      Total
2026-04-02 20:48:00 | INFO     | --------------------------------------------------------------------------------------------------------------
2026-04-02 20:48:00 | INFO     |   2022   | $ 4,029 | $   594 | $ 1,766 | $ 2,387 |      -- |      -- | $  -812 | $22,781 |      -- |      -- | $ 3,228 | $ 8,710 | $   42,682
2026-04-02 20:48:00 | INFO     |   2023   | $ 3,963 | $ 4,749 | $ 8,433 | $17,929 | $ 3,991 | $14,898 | $14,939 | $ 8,773 | $14,584 | $-3,680 | $16,882 | $41,646 | $  147,107
2026-04-02 20:48:00 | INFO     |   2024   | $13,467 | $23,118 | $32,242 | $15,260 | $19,610 | $10,489 | $21,198 | $14,048 | $19,620 | $100,748 | $40,402 | $104,861 | $  415,063
2026-04-02 20:48:00 | INFO     |   2025   | $14,190 | $47,670 | $14,436 | $   951 | $ 4,051 | $75,601 | $96,439 | $70,229 | $95,619 | $41,985 | $ 5,589 | $32,075 | $  498,837
2026-04-02 20:48:00 | INFO     |   2026   | $34,621 | $51,579 | $-2,113 |      -- |      -- |      -- |      -- |      -- |      -- |      -- |      -- |      -- | $   84,087
2026-04-02 20:48:00 | INFO     | --------------------------------------------------------------------------------------------------------------
2026-04-02 20:48:00 | INFO     | --------------------------------------------------------------------------------------------------------------
2026-04-02 20:48:00 | INFO     |   INTRA-MONTH MAX DRAWDOWN
2026-04-02 20:48:00 | INFO     | --------------------------------------------------------------------------------------------------------------
2026-04-02 20:48:00 | INFO     |   Year   |       1 |       2 |       3 |       4 |       5 |       6 |       7 |       8 |       9 |      10 |      11 |      12 |     Ann DD
2026-04-02 20:48:00 | INFO     | --------------------------------------------------------------------------------------------------------------
2026-04-02 20:48:00 | INFO     |   2022   | $   340 | $   272 | $   610 | $ 1,014 |      -- |      -- | $   812 | $   610 |      -- |      -- | $   383 | $   383 | $    1,014
2026-04-02 20:48:00 | INFO     |   2023   | $ 4,436 | $ 1,269 | $ 1,826 | $ 1,980 | $ 2,243 | $ 4,559 | $ 5,319 | $ 3,547 | $ 5,183 | $ 5,772 | $ 2,702 | $ 5,066 | $    5,772
2026-04-02 20:48:00 | INFO     |   2024   | $13,497 | $ 5,066 | $ 7,758 | $ 2,706 | $ 4,526 | $12,487 | $ 7,600 | $ 5,066 | $ 3,040 | $ 7,597 | $ 5,724 | $ 4,053 | $   13,497
2026-04-02 20:48:00 | INFO     |   2025   | $ 4,559 | $ 7,853 | $     0 | $     0 | $ 4,572 | $ 1,690 | $ 6,078 | $ 4,436 | $ 5,066 | $ 4,053 | $ 5,066 | $ 7,597 | $    7,853
2026-04-02 20:48:00 | INFO     |   2026   | $12,153 | $ 2,534 | $ 2,113 |      -- |      -- |      -- |      -- |      -- |      -- |      -- |      -- |      -- | $   12,153
2026-04-02 20:48:00 | INFO     | --------------------------------------------------------------------------------------------------------------
2026-04-02 20:48:00 | INFO     | ------------------------------------------------------------------------------------------------------------------------
2026-04-02 20:48:00 | INFO     |   MONTHLY RETURN: STRATEGY vs SPY
2026-04-02 20:48:00 | INFO     | ------------------------------------------------------------------------------------------------------------------------
2026-04-02 20:48:00 | INFO     |   Year   |          1 |          2 |          3 |          4 |          5 |          6 |          7 |          8 |          9 |         10 |         11 |         12 |   Strat |     SPY |   Alpha
2026-04-02 20:48:00 | INFO     | ------------------------------------------------------------------------------------------------------------------------
2026-04-02 20:48:00 | INFO     |   2022   | +4.0/-5.3 | +0.6/-3.0 | +1.8/+3.8 | +2.4/-8.8 | +0.0/+0.2 | +0.0/-8.2 | -0.8/+9.2 | +22.8/-4.1 | +0.0/-9.2 | +0.0/+8.1 | +3.2/+5.6 | +8.7/-5.8 |  +42.7% |  -17.5% |  +60.1%
2026-04-02 20:48:00 | INFO     |   2023   | +4.0/+6.3 | +4.7/-2.5 | +8.4/+3.7 | +17.9/+1.6 | +4.0/+0.5 | +14.9/+6.5 | +14.9/+3.3 | +8.8/-1.6 | +14.6/-4.7 | -3.7/-2.2 | +16.9/+9.1 | +41.6/+4.6 | +147.1% |  +24.5% | +122.7%
2026-04-02 20:48:00 | INFO     |   2024   | +13.5/+1.6 | +23.1/+5.2 | +32.2/+3.3 | +15.3/-4.0 | +19.6/+5.1 | +10.5/+3.5 | +21.2/+1.2 | +14.0/+2.3 | +19.6/+2.1 | +100.7/-0.9 | +40.4/+6.0 | +104.9/-2.4 | +415.1% |  +22.9% | +392.1%
2026-04-02 20:48:00 | INFO     |   2025   | +14.2/+2.7 | +47.7/-1.3 | +14.4/-5.6 | +1.0/-0.9 | +4.1/+6.3 | +75.6/+5.1 | +96.4/+2.3 | +70.2/+2.1 | +95.6/+3.6 | +42.0/+2.4 | +5.6/+0.2 | +32.1/+0.1 | +498.8% |  +17.0% | +481.9%
2026-04-02 20:48:00 | INFO     |   2026   | +34.6/+1.5 | +51.6/-0.9 | -2.1/-4.9 | +0.0/+0.7 |         -- |         -- |         -- |         -- |         -- |         -- |         -- |         -- |  +84.1% |   -3.6% |  +87.7%
2026-04-02 20:48:00 | INFO     | ------------------------------------------------------------------------------------------------------------------------
2026-04-02 20:48:00 | INFO     | ----------------------------------------------------------------------
2026-04-02 20:48:00 | INFO     |   LARGEST LOSS DAYS (worst 30)
2026-04-02 20:48:00 | INFO     | ----------------------------------------------------------------------
2026-04-02 20:48:00 | INFO     |   Date         |    VIX |  Trades |      Day P&L |      Event
2026-04-02 20:48:00 | INFO     | ----------------------------------------------------------------------
2026-04-02 20:48:00 | INFO     |   20240628     |   12.2 |       3 | $ -12,486.69 |           
2026-04-02 20:48:00 | INFO     |   20260112     |   14.5 |       1 | $ -12,153.00 |           
2026-04-02 20:48:00 | INFO     |   20241014     |   20.5 |       1 | $  -7,596.75 |           
2026-04-02 20:48:00 | INFO     |   20250731     |   15.5 |       1 | $  -6,078.00 |           
2026-04-02 20:48:00 | INFO     |   20240314     |   13.8 |       3 | $  -6,077.73 |           
2026-04-02 20:48:00 | INFO     |   20240116     |   12.7 |       2 | $  -6,075.56 |           
2026-04-02 20:48:00 | INFO     |   20230718     |   13.5 |       1 | $  -5,318.62 |           
2026-04-02 20:48:00 | INFO     |   20240110     |   12.8 |       1 | $  -5,065.50 |           
2026-04-02 20:48:00 | INFO     |   20240209     |   12.8 |       1 | $  -5,065.50 |           
2026-04-02 20:48:00 | INFO     |   20240617     |   12.7 |       1 | $  -5,065.50 |           
2026-04-02 20:48:00 | INFO     |   20240705     |   12.1 |       1 | $  -5,065.50 |           
2026-04-02 20:48:00 | INFO     |   20240819     |   14.8 |       1 | $  -5,065.50 |           
2026-04-02 20:48:00 | INFO     |   20250922     |   15.4 |       1 | $  -5,065.50 |           
2026-04-02 20:48:00 | INFO     |   20251125     |   20.5 |       1 | $  -5,065.50 |           
2026-04-02 20:48:00 | INFO     |   20251223     |   14.1 |       1 | $  -5,065.50 |           
2026-04-02 20:48:00 | INFO     |   20250121     |   16.0 |       1 | $  -4,559.25 |           
2026-04-02 20:48:00 | INFO     |   20250519     |   17.2 |       1 | $  -4,053.00 |           
2026-04-02 20:48:00 | INFO     |   20251001     |   16.3 |       1 | $  -4,053.00 |           
2026-04-02 20:48:00 | INFO     |   20240603     |   12.9 |       2 | $  -3,840.57 |           
2026-04-02 20:48:00 | INFO     |   20250224     |   18.2 |       2 | $  -3,689.56 |           
2026-04-02 20:48:00 | INFO     |   20230829     |   15.1 |       1 | $  -3,546.75 |           
2026-04-02 20:48:00 | INFO     |   20231009     |   17.4 |       1 | $  -3,243.00 |           
2026-04-02 20:48:00 | INFO     |   20231211     |   12.3 |       1 | $  -3,040.50 |           
2026-04-02 20:48:00 | INFO     |   20241119     |   15.6 |       1 | $  -2,703.00 |           
2026-04-02 20:48:00 | INFO     |   20231120     |   13.8 |       1 | $  -2,702.00 |           
2026-04-02 20:48:00 | INFO     |   20240216     |   14.0 |       3 | $  -2,653.80 |           
2026-04-02 20:48:00 | INFO     |   20230127     |   18.7 |       1 | $  -2,534.25 |           
2026-04-02 20:48:00 | INFO     |   20240703     |   12.0 |       1 | $  -2,534.25 |           
2026-04-02 20:48:00 | INFO     |   20241001     |   16.7 |       1 | $  -2,534.25 |           
2026-04-02 20:48:00 | INFO     |   20241009     |   21.4 |       1 | $  -2,534.25 |           
2026-04-02 20:48:00 | INFO     | ----------------------------------------------------------------------
2026-04-02 20:48:00 | INFO     | ----------------------------------------------------------
2026-04-02 20:48:00 | INFO     |   SEASONALITY — DAY OF WEEK
2026-04-02 20:48:00 | INFO     | ----------------------------------------------------------
2026-04-02 20:48:00 | INFO     |   Day   |  Trades |    WR% |    Total P&L |    Avg P&L
2026-04-02 20:48:00 | INFO     | ----------------------------------------------------------
2026-04-02 20:48:00 | INFO     |   Mon   |     114 |  81.6% | $ 221,266.90 | $ 1,940.94
2026-04-02 20:48:00 | INFO     |   Tue   |     140 |  74.3% | $ 245,318.79 | $ 1,752.28
2026-04-02 20:48:00 | INFO     |   Wed   |     135 |  75.6% | $ 192,605.49 | $ 1,426.71
2026-04-02 20:48:00 | INFO     |   Thu   |     115 |  77.4% | $ 242,511.87 | $ 2,108.80
2026-04-02 20:48:00 | INFO     |   Fri   |     130 |  71.5% | $ 286,073.04 | $ 2,200.56
2026-04-02 20:48:00 | INFO     | ----------------------------------------------------------
2026-04-02 20:48:00 | INFO     | ----------------------------------------------------------
2026-04-02 20:48:00 | INFO     |   SEASONALITY — MONTH
2026-04-02 20:48:00 | INFO     | ----------------------------------------------------------
2026-04-02 20:48:00 | INFO     |   Month |  Trades |    WR% |    Total P&L |    Avg P&L
2026-04-02 20:48:00 | INFO     | ----------------------------------------------------------
2026-04-02 20:48:00 | INFO     |   Jan   |      63 |  69.8% | $  70,270.68 | $ 1,115.41
2026-04-02 20:48:00 | INFO     |   Feb   |      64 |  79.7% | $ 127,709.02 | $ 1,995.45
2026-04-02 20:48:00 | INFO     |   Mar   |      39 |  79.5% | $  54,763.47 | $ 1,404.19
2026-04-02 20:48:00 | INFO     |   Apr   |      42 |  81.0% | $  36,527.11 | $   869.69
2026-04-02 20:48:00 | INFO     |   May   |      37 |  67.6% | $  27,652.16 | $   747.36
2026-04-02 20:48:00 | INFO     |   Jun   |      56 |  78.6% | $ 100,988.57 | $ 1,803.37
2026-04-02 20:48:00 | INFO     |   Jul   |      51 |  74.5% | $ 131,764.12 | $ 2,583.61
2026-04-02 20:48:00 | INFO     |   Aug   |      70 |  74.3% | $ 115,831.49 | $ 1,654.74
2026-04-02 20:48:00 | INFO     |   Sep   |      48 |  79.2% | $ 129,823.33 | $ 2,704.65
2026-04-02 20:48:00 | INFO     |   Oct   |      65 |  69.2% | $ 139,053.33 | $ 2,139.28
2026-04-02 20:48:00 | INFO     |   Nov   |      41 |  75.6% | $  66,101.76 | $ 1,612.24
2026-04-02 20:48:00 | INFO     |   Dec   |      58 |  82.8% | $ 187,291.05 | $ 3,229.16
2026-04-02 20:48:00 | INFO     | ----------------------------------------------------------
2026-04-02 20:48:00 | INFO     | ------------------------------------------------------------------------
2026-04-02 20:48:00 | INFO     |   CALENDAR / ECON EVENT ANALYSIS  (sorted by WR%)
2026-04-02 20:48:00 | INFO     | ------------------------------------------------------------------------
2026-04-02 20:48:00 | INFO     |   Event          |  Days |    WR% |    Avg/Day |    Total P&L |     Max DD
2026-04-02 20:48:00 | INFO     | ------------------------------------------------------------------------
2026-04-02 20:48:00 | INFO     |   Triple Witch   |     4 | 100.0% | $ 8,183.31 | $  24,549.92 | $     0.00
2026-04-02 20:48:00 | INFO     |   CPI/NFP        |    36 |  80.6% | $ 5,103.10 | $ 117,371.36 | $ 6,687.50
2026-04-02 20:48:00 | INFO     |   Normal         |   584 |  75.5% | $ 2,512.81 | $1,030,252.00 | $17,410.35
2026-04-02 20:48:00 | INFO     |   FOMC           |    10 |  70.0% | $ 2,600.47 | $  15,602.81 | $ 2,537.25
2026-04-02 20:48:00 | INFO     | ------------------------------------------------------------------------
