2026-03-31 07:13:52 | INFO     | Log file  : /Users/jeerapongwongchote/Documents/thetadata/zenith/logs/zenith_20260331_071352.log
2026-03-31 07:13:52 | INFO     | ================================================================================
2026-03-31 07:13:52 | INFO     |   RECENT RUN HISTORY
2026-03-31 07:13:52 | INFO     | --------------------------------------------------------------------------------
2026-03-31 07:13:52 | INFO     |   Timestamp              | Mode       |  Trades |          P&L |         DD |  Sharpe |     WR
2026-03-31 07:13:52 | INFO     | --------------------------------------------------------------------------------
2026-03-31 07:13:52 | INFO     |   2026-03-31T07:12:22    | dynamic    |     814 | $   -50,766 | -$  59,097 |  -2.05 |  53.4%
2026-03-31 07:13:52 | INFO     |   2026-03-31T07:13:38    | dynamic    |     815 | $    -5,861 | -$  16,642 |  -0.24 |  58.7%
2026-03-31 07:13:52 | INFO     | ================================================================================
2026-03-31 07:13:52 | INFO     | ============================================================
2026-03-31 07:13:52 | INFO     | ZENITH FADE CCS BACKTEST
2026-03-31 07:13:52 | INFO     | Signal Mode  : classic
2026-03-31 07:13:52 | INFO     | Period       : 2022-01-03 -> 2026-03-25
2026-03-31 07:13:52 | INFO     | Score Thresh : 41.5
2026-03-31 07:13:52 | INFO     | Weights      : var=1.4, vol=8.9, rocket=274.0
2026-03-31 07:13:52 | INFO     | Strike       : 5.0pt OTM, 10.0pt wide
2026-03-31 07:13:52 | INFO     | Risk         : $600.0, TP 66%, SL -100%
2026-03-31 07:13:52 | INFO     | ============================================================
2026-03-31 07:13:52 | INFO     | Building daily indicators...
2026-03-31 07:13:54 | WARNING  | No SPX volume data — dRelVol defaulted to 1.0
2026-03-31 07:13:54 | INFO     | Built daily indicators: 1060 bars
2026-03-31 07:13:54 | INFO     |   -> 1060 daily bars loaded
2026-03-31 07:13:54 | INFO     | ============================================================
2026-03-31 07:13:54 | INFO     | ZENITH FADE CCS BACKTEST
2026-03-31 07:13:54 | INFO     | Mode: classic
2026-03-31 07:13:54 | INFO     | Period: 2022-01-03 -> 2026-03-25
2026-03-31 07:13:54 | INFO     | Trades -> /Users/jeerapongwongchote/Documents/thetadata/zenith/logs/zenith_trades_20260331_071352.csv
2026-03-31 07:13:54 | INFO     | ============================================================
2026-03-31 07:13:54 | INFO     | Signal #   1 | 20220104 | P&L: $    394 | Total: $      394 | WR: 100.0%
2026-03-31 07:13:54 | INFO     | Signal #   2 | 20220111 | P&L: $   -602 | Total: $     -208 | WR: 50.0%
2026-03-31 07:13:54 | INFO     | Signal #   3 | 20220112 | P&L: $   -245 | Total: $     -453 | WR: 33.3%
2026-03-31 07:13:54 | INFO     | Signal #   4 | 20220118 | P&L: $    394 | Total: $      -59 | WR: 50.0%
2026-03-31 07:13:54 | INFO     | Signal #   5 | 20220125 | P&L: $    394 | Total: $      335 | WR: 60.0%
2026-03-31 07:13:54 | INFO     | Signal #  50 | 20220526 | P&L: $   -602 | Total: $     -859 | WR: 58.0%
2026-03-31 07:13:54 | INFO     | Signal # 100 | 20221024 | P&L: $   -602 | Total: $    1,378 | WR: 61.0%
2026-03-31 07:13:54 | INFO     | Signal # 150 | 20230315 | P&L: $    394 | Total: $      899 | WR: 60.7%
2026-03-31 07:13:54 | INFO     | Signal # 200 | 20230714 | P&L: $    394 | Total: $    3,576 | WR: 61.5%
2026-03-31 07:13:54 | INFO     | Signal # 250 | 20231201 | P&L: $   -602 | Total: $    4,103 | WR: 61.6%
2026-03-31 07:13:54 | INFO     | Signal # 300 | 20240408 | P&L: $    394 | Total: $    3,372 | WR: 60.7%
2026-03-31 07:13:54 | INFO     | Signal # 350 | 20240828 | P&L: $    394 | Total: $    3,815 | WR: 60.6%
2026-03-31 07:13:54 | INFO     | Signal # 400 | 20250122 | P&L: $   -602 | Total: $    2,235 | WR: 60.0%
2026-03-31 07:13:54 | DEBUG    | Skipping 20250408 — VIX 52.3 > 50.0
2026-03-31 07:13:54 | INFO     | Signal # 450 | 20250603 | P&L: $   -602 | Total: $      -45 | WR: 59.6%
2026-03-31 07:13:54 | INFO     | Signal # 500 | 20251007 | P&L: $    394 | Total: $      739 | WR: 59.8%
2026-03-31 07:13:54 | INFO     | Signal # 550 | 20260310 | P&L: $    394 | Total: $   -3,223 | WR: 58.9%
2026-03-31 07:13:54 | INFO     | DONE — 551 trades, 1060 trading days, 508 skipped
2026-03-31 07:13:54 | INFO     | Trade log snapshot -> /Users/jeerapongwongchote/Documents/thetadata/zenith/tradelogs_zenith.csv
2026-03-31 07:13:54 | INFO     | ============================================================
2026-03-31 07:13:54 | INFO     |   ZENITH FADE CCS — BACKTEST RESULTS
2026-03-31 07:13:54 | INFO     | ============================================================
2026-03-31 07:13:54 | INFO     |   Period          : 20220103 -> 20260320
2026-03-31 07:13:54 | INFO     |   Trading Days    : 1062
2026-03-31 07:13:54 | INFO     |   Signal Days     : 551
2026-03-31 07:13:54 | INFO     |   Signal Rate     : 51.9%
2026-03-31 07:13:54 | INFO     | ============================================================
2026-03-31 07:13:54 | INFO     |   Total P&L       : $   -2,829.00
2026-03-31 07:13:54 | INFO     |   CAGR            : -0.7%
2026-03-31 07:13:54 | INFO     |   Max Drawdown    : -$ 11,413.00 (10.8%)
2026-03-31 07:13:54 | INFO     |   Recovery Factor : -0.25
2026-03-31 07:13:54 | INFO     | ============================================================
2026-03-31 07:13:54 | INFO     |   Win Rate        : 59.0%
2026-03-31 07:13:54 | INFO     |   Profit Factor   : 0.98
2026-03-31 07:13:54 | INFO     |   Sharpe Ratio    : -0.17
2026-03-31 07:13:54 | INFO     |   Sortino Ratio   : -0.72
2026-03-31 07:13:54 | INFO     |   Calmar Ratio    : -0.06
2026-03-31 07:13:54 | INFO     | ============================================================
2026-03-31 07:13:54 | INFO     |   Avg Win         : $  385.32
2026-03-31 07:13:54 | INFO     |   Avg Loss        : $ -566.62
2026-03-31 07:13:54 | INFO     |   Best Trade      : $  394.00
2026-03-31 07:13:54 | INFO     |   Worst Trade     : $ -602.00
2026-03-31 07:13:54 | INFO     |   Max Win Streak  : 7
2026-03-31 07:13:54 | INFO     | ============================================================
2026-03-31 07:13:54 | INFO     | Results written to /Users/jeerapongwongchote/Documents/thetadata/zenith/RESULTS.md
2026-03-31 07:13:54 | INFO     | Run summary appended to /Users/jeerapongwongchote/Documents/thetadata/zenith/logs/run_history.json
2026-03-31 07:13:54 | INFO     | --------------------------------------------------------------
2026-03-31 07:13:54 | INFO     |   VIX CORRELATION ANALYSIS
2026-03-31 07:13:54 | INFO     | --------------------------------------------------------------
2026-03-31 07:13:54 | INFO     |   VIX Range  |  Trades |  Win Rate |    Avg P&L |    Total P&L
2026-03-31 07:13:54 | INFO     | --------------------------------------------------------------
2026-03-31 07:13:54 | INFO     |   < 15       |     152 |     65.8% | $    64.70 | $   9,835.00
2026-03-31 07:13:54 | INFO     |   15-20      |     240 |     56.2% | $   -29.30 | $  -7,031.00
2026-03-31 07:13:54 | INFO     |   20-25      |      96 |     55.2% | $   -52.54 | $  -5,044.00
2026-03-31 07:13:54 | INFO     |   25-30      |      44 |     59.1% | $    -2.43 | $    -107.00
2026-03-31 07:13:54 | INFO     |   30-35      |      17 |     64.7% | $    42.47 | $     722.00
2026-03-31 07:13:54 | INFO     |   35+        |       2 |      0.0% | $  -602.00 | $  -1,204.00
2026-03-31 07:13:54 | INFO     | --------------------------------------------------------------
2026-03-31 07:13:54 | INFO     | ----------------------------------------------------------------------------------------------------
2026-03-31 07:13:54 | INFO     |   MONTHLY P&L TABLE
2026-03-31 07:13:54 | INFO     | ----------------------------------------------------------------------------------------------------
2026-03-31 07:13:54 | INFO     |   Year   |      1 |      2 |      3 |      4 |      5 |      6 |      7 |      8 |      9 |     10 |     11 |     12 |      Total
2026-03-31 07:13:54 | INFO     | ----------------------------------------------------------------------------------------------------
2026-03-31 07:13:54 | INFO     |   2022   | $  127 | $ -646 | $-1,062 | $1,160 | $ -646 | $1,368 | $ -971 | $2,322 | $  350 | $ -438 | $-2,036 | $  558 | $       86
2026-03-31 07:13:54 | INFO     |   2023   | $   -8 | $  241 | $-1,248 | $1,906 | $1,691 | $  142 | $  926 | $ -252 | $1,762 | $  -44 | $ -497 | $-1,216 | $    3,403
2026-03-31 07:13:54 | INFO     |   2024   | $1,803 | $-1,876 | $ -832 | $  952 | $   87 | $  887 | $ -230 | $ -465 | $-1,297 | $3,130 | $-3,426 | $  637 | $     -630
2026-03-31 07:13:54 | INFO     |   2025   | $  -44 | $ -162 | $1,396 | $-2,036 | $ -854 | $ -646 | $  184 | $2,100 | $-2,638 | $ -445 | $-2,488 | $ -764 | $   -6,397
2026-03-31 07:13:54 | INFO     |   2026   | $ -615 | $ -438 | $1,762 |     -- |     -- |     -- |     -- |     -- |     -- |     -- |     -- |     -- | $      709
2026-03-31 07:13:54 | INFO     | ----------------------------------------------------------------------------------------------------
2026-03-31 07:13:54 | INFO     | -------------------------------------------------------
2026-03-31 07:13:54 | INFO     |   WORST 15 LOSS DAYS
2026-03-31 07:13:54 | INFO     | -------------------------------------------------------
2026-03-31 07:13:54 | INFO     |   Date         |  Trades |      Day P&L
2026-03-31 07:13:54 | INFO     | -------------------------------------------------------
2026-03-31 07:13:54 | INFO     |   20220111     |       1 | $    -602.00
2026-03-31 07:13:54 | INFO     |   20220131     |       1 | $    -602.00
2026-03-31 07:13:54 | INFO     |   20220201     |       1 | $    -602.00
2026-03-31 07:13:54 | INFO     |   20220202     |       1 | $    -602.00
2026-03-31 07:13:54 | INFO     |   20220209     |       1 | $    -602.00
2026-03-31 07:13:54 | INFO     |   20220215     |       1 | $    -602.00
2026-03-31 07:13:54 | INFO     |   20220225     |       1 | $    -602.00
2026-03-31 07:13:54 | INFO     |   20220316     |       1 | $    -602.00
2026-03-31 07:13:54 | INFO     |   20220317     |       1 | $    -602.00
2026-03-31 07:13:54 | INFO     |   20220318     |       1 | $    -602.00
2026-03-31 07:13:54 | INFO     |   20220322     |       1 | $    -602.00
2026-03-31 07:13:54 | INFO     |   20220325     |       1 | $    -602.00
2026-03-31 07:13:54 | INFO     |   20220328     |       1 | $    -602.00
2026-03-31 07:13:54 | INFO     |   20220329     |       1 | $    -602.00
2026-03-31 07:13:54 | INFO     |   20220404     |       1 | $    -602.00
2026-03-31 07:13:54 | INFO     | -------------------------------------------------------
2026-03-31 07:13:54 | INFO     | ----------------------------------------------------------------------
2026-03-31 07:13:54 | INFO     |   FILTER VALUE ANALYSIS (WIN vs LOSS)
2026-03-31 07:13:54 | INFO     | ----------------------------------------------------------------------
2026-03-31 07:13:54 | INFO     |   Filter             |    Win Avg |   Loss Avg |      Delta
2026-03-31 07:13:54 | INFO     | ----------------------------------------------------------------------
2026-03-31 07:13:54 | INFO     |   Variance %         |    81.8301 |    82.9694 |    -1.1393
2026-03-31 07:13:54 | INFO     |   Rel Volume         |     1.0000 |     1.0000 |    +0.0000
2026-03-31 07:13:54 | INFO     |   Rising Rocket      |     0.0061 |     0.0058 |    +0.0003
2026-03-31 07:13:54 | INFO     |   Exhaustion Score   |   121.7990 |   123.4795 |    -1.6805
2026-03-31 07:13:54 | INFO     |   RSI                |        nan |    55.8124 |       +nan
2026-03-31 07:13:54 | INFO     |   Stochastic         |    74.6123 |    70.3358 |    +4.2765
2026-03-31 07:13:54 | INFO     |   Body Size          |    31.0814 |    32.3951 |    -1.3137
2026-03-31 07:13:54 | INFO     |   Gap %              |        nan |     0.0299 |       +nan
2026-03-31 07:13:54 | INFO     |   Cluster Count      |     1.3569 |     1.5221 |    -0.1652
2026-03-31 07:13:54 | INFO     |   Dist from SMA      |     0.0109 |     0.0076 |    +0.0033
2026-03-31 07:13:54 | INFO     |   VIX Level          |    18.2720 |    18.7580 |    -0.4860
2026-03-31 07:13:54 | INFO     | ----------------------------------------------------------------------
