2026-04-04 16:12:56 | INFO     | Log file: /Users/jeerapongwongchote/Documents/thetadata/apex/logs/apex_run_20260404_161255.log
2026-04-04 16:12:56 | INFO     | Building daily indicators...
2026-04-04 16:13:02 | INFO     |   SQZ GEX loaded: 3748 dates
2026-04-04 16:13:02 | INFO     | Built daily indicators: 1066 dates (20220103 → 20260402)
2026-04-04 16:13:03 | DEBUG    | [20220114] 1 trades, day P&L=$+195, equity=$100,195
2026-04-04 16:13:03 | DEBUG    | [20220318] 1 trades, day P&L=$+45, equity=$100,240
2026-04-04 16:13:03 | DEBUG    | [20230707] 1 trades, day P&L=$+120, equity=$100,360
2026-04-04 16:13:03 | DEBUG    | [20231229] 1 trades, day P&L=$+45, equity=$100,405
2026-04-04 16:13:03 | DEBUG    | [20240216] 1 trades, day P&L=$+45, equity=$100,450
2026-04-04 16:13:04 | DEBUG    | [20240715] 1 trades, day P&L=$+45, equity=$100,495
2026-04-04 16:13:04 | DEBUG    | [20240716] 1 trades, day P&L=$+45, equity=$100,540
2026-04-04 16:13:04 | DEBUG    | [20240722] 1 trades, day P&L=$+45, equity=$100,585
2026-04-04 16:13:04 | DEBUG    | [20240820] 1 trades, day P&L=$+45, equity=$100,630
2026-04-04 16:13:04 | DEBUG    | [20240823] 1 trades, day P&L=$+45, equity=$100,675
2026-04-04 16:13:04 | DEBUG    | [20240830] 1 trades, day P&L=$+420, equity=$101,095
2026-04-04 16:13:04 | DEBUG    | [20240913] 1 trades, day P&L=$+45, equity=$101,140
2026-04-04 16:13:04 | DEBUG    | [20240930] 1 trades, day P&L=$+270, equity=$101,410
2026-04-04 16:13:04 | DEBUG    | [20241011] 1 trades, day P&L=$+45, equity=$101,455
2026-04-04 16:13:04 | DEBUG    | [20241025] 1 trades, day P&L=$+45, equity=$101,500
2026-04-04 16:13:04 | DEBUG    | [20241231] 1 trades, day P&L=$+720, equity=$102,220
2026-04-04 16:13:05 | DEBUG    | [20250127] 1 trades, day P&L=$+195, equity=$102,415
2026-04-04 16:13:05 | DEBUG    | [20250428] 1 trades, day P&L=$+45, equity=$102,460
2026-04-04 16:13:05 | DEBUG    | [20250502] 1 trades, day P&L=$+270, equity=$102,730
2026-04-04 16:13:05 | DEBUG    | [20250505] 1 trades, day P&L=$+120, equity=$102,850
2026-04-04 16:13:05 | DEBUG    | [20250506] 1 trades, day P&L=$+195, equity=$103,045
2026-04-04 16:13:05 | DEBUG    | [20250509] 1 trades, day P&L=$+45, equity=$103,090
2026-04-04 16:13:05 | DEBUG    | [20250512] 1 trades, day P&L=$+195, equity=$103,285
2026-04-04 16:13:05 | DEBUG    | [20250516] 1 trades, day P&L=$+45, equity=$103,330
2026-04-04 16:13:05 | DEBUG    | [20250523] 1 trades, day P&L=$+120, equity=$103,450
2026-04-04 16:13:05 | DEBUG    | [20250530] 1 trades, day P&L=$+795, equity=$104,245
2026-04-04 16:13:05 | DEBUG    | [20250613] 1 trades, day P&L=$+195, equity=$104,440
2026-04-04 16:13:05 | DEBUG    | [20250623] 1 trades, day P&L=$+45, equity=$104,485
2026-04-04 16:13:05 | DEBUG    | [20250630] 1 trades, day P&L=$+45, equity=$104,530
2026-04-04 16:13:05 | DEBUG    | [20250811] 1 trades, day P&L=$+45, equity=$104,575
2026-04-04 16:13:05 | DEBUG    | [20250826] 1 trades, day P&L=$+120, equity=$104,695
2026-04-04 16:13:05 | DEBUG    | [20250930] 1 trades, day P&L=$+120, equity=$104,815
2026-04-04 16:13:05 | DEBUG    | [20251031] 1 trades, day P&L=$+120, equity=$104,935
2026-04-04 16:13:06 | DEBUG    | [20251118] 1 trades, day P&L=$+195, equity=$105,130
2026-04-04 16:13:06 | DEBUG    | [20260130] 1 trades, day P&L=$+120, equity=$105,250
2026-04-04 16:13:06 | DEBUG    | [20260227] 1 trades, day P&L=$+45, equity=$105,295
2026-04-04 16:13:06 | INFO     | ============================================================
2026-04-04 16:13:06 | INFO     | SKIP REASONS:
2026-04-04 16:13:06 | INFO     |   bp_limit            : 17
2026-04-04 16:13:06 | INFO     |   dow_filter          : 233
2026-04-04 16:13:06 | INFO     |   early_close         : 6
2026-04-04 16:13:06 | INFO     |   gex_filter          : 336
2026-04-04 16:13:06 | INFO     |   no_quotes           : 4
2026-04-04 16:13:06 | INFO     |   prior_return        : 147
2026-04-04 16:13:06 | INFO     |   vol_consumed        : 65
2026-04-04 16:13:06 | INFO     |   TOTAL TRADES        : 36
2026-04-04 16:13:06 | INFO     | ============================================================
2026-04-04 16:13:06 | INFO     | 
============================================================
2026-04-04 16:13:06 | INFO     |   BACKTEST RESULTS (2022-01-03 → 2026-03-25)
2026-04-04 16:13:06 | INFO     | ============================================================
2026-04-04 16:13:06 | INFO     |   Trades      : 36
2026-04-04 16:13:06 | INFO     |   Win Rate    : 100.0%
2026-04-04 16:13:06 | INFO     |   Total P&L   : $5,295.00
2026-04-04 16:13:06 | INFO     |   Max DD      : $0.00
2026-04-04 16:13:06 | INFO     |   Sharpe      : 13.42
2026-04-04 16:13:06 | INFO     |   Calmar      : 0.00
2026-04-04 16:13:06 | INFO     |   Profit Factor: inf
2026-04-04 16:13:06 | INFO     |   Avg Win     : $147.08
2026-04-04 16:13:06 | INFO     |   Avg Loss    : $0.00
2026-04-04 16:13:06 | INFO     |   Max Single Loss: $45.00
2026-04-04 16:13:06 | INFO     | ============================================================

2026-04-04 16:13:06 | INFO     | 
--- VIX ZONE ANALYSIS ---
2026-04-04 16:13:06 | INFO     |   VIX < 15  :    7 trades, WR 100.0%, P&L $       540, DD $       0, Sharpe 20.75
2026-04-04 16:13:06 | INFO     |   VIX 15-20 :   17 trades, WR 100.0%, P&L $     3,240, DD $       0, Sharpe 12.80
2026-04-04 16:13:06 | INFO     |   VIX 20-25 :   11 trades, WR 100.0%, P&L $     1,470, DD $       0, Sharpe 26.22
2026-04-04 16:13:06 | INFO     |   VIX 25-30 :    1 trades, WR 100.0%, P&L $        45, DD $       0, Sharpe  0.00
2026-04-04 16:13:06 | INFO     | 
--- DAY-OF-WEEK ANALYSIS ---
2026-04-04 16:13:06 | INFO     |   Mon:   10 trades, WR 100.0%, P&L $     1,050, Sharpe 19.58
2026-04-04 16:13:06 | INFO     |   Tue:    7 trades, WR 100.0%, P&L $     1,440, Sharpe 13.90
2026-04-04 16:13:06 | INFO     |   Fri:   19 trades, WR 100.0%, P&L $     2,805, Sharpe 12.62
2026-04-04 16:13:06 | INFO     | 
--- TOP 10 WORST DAYS ---
2026-04-04 16:13:06 | INFO     |   20220318: P&L=$        45 | 1 trades | VIX=25.67
2026-04-04 16:13:06 | INFO     |   20231229: P&L=$        45 | 1 trades | VIX=12.47
2026-04-04 16:13:06 | INFO     |   20240216: P&L=$        45 | 1 trades | VIX=14.01
2026-04-04 16:13:06 | INFO     |   20240715: P&L=$        45 | 1 trades | VIX=12.46
2026-04-04 16:13:06 | INFO     |   20240716: P&L=$        45 | 1 trades | VIX=13.12
2026-04-04 16:13:06 | INFO     |   20240722: P&L=$        45 | 1 trades | VIX=16.52
2026-04-04 16:13:06 | INFO     |   20240820: P&L=$        45 | 1 trades | VIX=14.65
2026-04-04 16:13:06 | INFO     |   20240823: P&L=$        45 | 1 trades | VIX=17.55
2026-04-04 16:13:06 | INFO     |   20240913: P&L=$        45 | 1 trades | VIX=17.07
2026-04-04 16:13:06 | INFO     |   20241011: P&L=$        45 | 1 trades | VIX=20.93
