2026-04-04 10:42:48 | INFO     | Log file: /Users/jeerapongwongchote/Documents/thetadata/apex/logs/apex_run_20260404_104248.log
2026-04-04 10:42:48 | INFO     | Building daily indicators...
2026-04-04 10:42:53 | INFO     |   SQZ GEX loaded: 3748 dates
2026-04-04 10:42:53 | INFO     | Built daily indicators: 1066 dates (20220103 → 20260402)
2026-04-04 10:42:53 | DEBUG    | [20220114] 1 trades, day P&L=$+195, equity=$100,195
2026-04-04 10:42:53 | DEBUG    | [20220118] 1 trades, day P&L=$+120, equity=$100,315
2026-04-04 10:42:53 | DEBUG    | [20220318] 1 trades, day P&L=$+45, equity=$100,360
2026-04-04 10:42:53 | DEBUG    | [20221115] 1 trades, day P&L=$+120, equity=$100,480
2026-04-04 10:42:53 | DEBUG    | [20230203] 1 trades, day P&L=$+45, equity=$100,525
2026-04-04 10:42:53 | DEBUG    | [20230707] 1 trades, day P&L=$+120, equity=$100,645
2026-04-04 10:42:53 | DEBUG    | [20231114] 1 trades, day P&L=$+45, equity=$100,690
2026-04-04 10:42:53 | DEBUG    | [20231229] 1 trades, day P&L=$+45, equity=$100,735
2026-04-04 10:42:53 | DEBUG    | [20240216] 1 trades, day P&L=$+45, equity=$100,780
2026-04-04 10:42:54 | DEBUG    | [20240531] 1 trades, day P&L=$+120, equity=$100,900
2026-04-04 10:42:54 | DEBUG    | [20240607] 1 trades, day P&L=$+45, equity=$100,945
2026-04-04 10:42:54 | DEBUG    | [20240628] 1 trades, day P&L=$+345, equity=$101,290
2026-04-04 10:42:54 | DEBUG    | [20240715] 1 trades, day P&L=$+45, equity=$101,335
2026-04-04 10:42:54 | DEBUG    | [20240716] 1 trades, day P&L=$+45, equity=$101,380
2026-04-04 10:42:54 | DEBUG    | [20240820] 1 trades, day P&L=$+45, equity=$101,425
2026-04-04 10:42:54 | DEBUG    | [20240823] 1 trades, day P&L=$+45, equity=$101,470
2026-04-04 10:42:54 | DEBUG    | [20240830] 1 trades, day P&L=$+420, equity=$101,890
2026-04-04 10:42:54 | DEBUG    | [20240903] 1 trades, day P&L=$+645, equity=$102,535
2026-04-04 10:42:54 | DEBUG    | [20240906] 1 trades, day P&L=$+345, equity=$102,880
2026-04-04 10:42:54 | DEBUG    | [20240913] 1 trades, day P&L=$+45, equity=$102,925
2026-04-04 10:42:54 | DEBUG    | [20240930] 1 trades, day P&L=$+270, equity=$103,195
2026-04-04 10:42:54 | DEBUG    | [20241001] 1 trades, day P&L=$+270, equity=$103,465
2026-04-04 10:42:54 | DEBUG    | [20241011] 1 trades, day P&L=$+45, equity=$103,510
2026-04-04 10:42:54 | DEBUG    | [20241115] 1 trades, day P&L=$+45, equity=$103,555
2026-04-04 10:42:54 | DEBUG    | [20241227] 1 trades, day P&L=$+120, equity=$103,675
2026-04-04 10:42:54 | DEBUG    | [20250107] 1 trades, day P&L=$+270, equity=$103,945
2026-04-04 10:42:54 | DEBUG    | [20250127] 1 trades, day P&L=$+195, equity=$104,140
2026-04-04 10:42:54 | DEBUG    | [20250131] 1 trades, day P&L=$+795, equity=$104,935
2026-04-04 10:42:54 | DEBUG    | [20250203] 1 trades, day P&L=$+120, equity=$105,055
2026-04-04 10:42:54 | DEBUG    | [20250207] 1 trades, day P&L=$+45, equity=$105,100
2026-04-04 10:42:54 | DEBUG    | [20250221] 1 trades, day P&L=$+45, equity=$105,145
2026-04-04 10:42:54 | DEBUG    | [20250428] 1 trades, day P&L=$+45, equity=$105,190
2026-04-04 10:42:54 | DEBUG    | [20250502] 1 trades, day P&L=$+270, equity=$105,460
2026-04-04 10:42:54 | DEBUG    | [20250505] 1 trades, day P&L=$+120, equity=$105,580
2026-04-04 10:42:54 | DEBUG    | [20250506] 1 trades, day P&L=$+195, equity=$105,775
2026-04-04 10:42:54 | DEBUG    | [20250509] 1 trades, day P&L=$+45, equity=$105,820
2026-04-04 10:42:54 | DEBUG    | [20250512] 1 trades, day P&L=$+195, equity=$106,015
2026-04-04 10:42:54 | DEBUG    | [20250516] 1 trades, day P&L=$+45, equity=$106,060
2026-04-04 10:42:54 | DEBUG    | [20250523] 1 trades, day P&L=$+120, equity=$106,180
2026-04-04 10:42:54 | DEBUG    | [20250530] 1 trades, day P&L=$+795, equity=$106,975
2026-04-04 10:42:54 | DEBUG    | [20250613] 1 trades, day P&L=$+195, equity=$107,170
2026-04-04 10:42:54 | DEBUG    | [20250623] 1 trades, day P&L=$+45, equity=$107,215
2026-04-04 10:42:54 | DEBUG    | [20250630] 1 trades, day P&L=$+45, equity=$107,260
2026-04-04 10:42:55 | DEBUG    | [20250801] 1 trades, day P&L=$+45, equity=$107,305
2026-04-04 10:42:55 | DEBUG    | [20250811] 1 trades, day P&L=$+45, equity=$107,350
2026-04-04 10:42:55 | DEBUG    | [20250826] 1 trades, day P&L=$+120, equity=$107,470
2026-04-04 10:42:55 | DEBUG    | [20250930] 1 trades, day P&L=$+120, equity=$107,590
2026-04-04 10:42:55 | DEBUG    | [20251010] 1 trades, day P&L=$+1620, equity=$109,210
2026-04-04 10:42:55 | DEBUG    | [20260120] 1 trades, day P&L=$+45, equity=$109,255
2026-04-04 10:42:55 | DEBUG    | [20260130] 1 trades, day P&L=$+120, equity=$109,375
2026-04-04 10:42:55 | DEBUG    | [20260227] 1 trades, day P&L=$+45, equity=$109,420
2026-04-04 10:42:55 | INFO     | ============================================================
2026-04-04 10:42:55 | INFO     | SKIP REASONS:
2026-04-04 10:42:55 | INFO     |   bp_limit            : 26
2026-04-04 10:42:55 | INFO     |   dow_filter          : 183
2026-04-04 10:42:55 | INFO     |   early_close         : 6
2026-04-04 10:42:55 | INFO     |   gex_filter          : 179
2026-04-04 10:42:55 | INFO     |   no_quotes           : 4
2026-04-04 10:42:55 | INFO     |   prior_return        : 73
2026-04-04 10:42:55 | INFO     |   wvf_filter          : 327
2026-04-04 10:42:55 | INFO     |   TOTAL TRADES        : 51
2026-04-04 10:42:55 | INFO     | ============================================================
2026-04-04 10:42:55 | INFO     | 
============================================================
2026-04-04 10:42:55 | INFO     |   BACKTEST RESULTS (2022-01-03 → 2026-03-25)
2026-04-04 10:42:55 | INFO     | ============================================================
2026-04-04 10:42:55 | INFO     |   Trades      : 51
2026-04-04 10:42:55 | INFO     |   Win Rate    : 100.0%
2026-04-04 10:42:55 | INFO     |   Total P&L   : $9,420.00
2026-04-04 10:42:55 | INFO     |   Max DD      : $0.00
2026-04-04 10:42:55 | INFO     |   Sharpe      : 10.83
2026-04-04 10:42:55 | INFO     |   Calmar      : 0.00
2026-04-04 10:42:55 | INFO     |   Profit Factor: inf
2026-04-04 10:42:55 | INFO     |   Avg Win     : $184.71
2026-04-04 10:42:55 | INFO     |   Avg Loss    : $0.00
2026-04-04 10:42:55 | INFO     |   Max Single Loss: $45.00
2026-04-04 10:42:55 | INFO     | ============================================================

2026-04-04 10:42:55 | INFO     | 
--- VIX ZONE ANALYSIS ---
2026-04-04 10:42:55 | INFO     |   VIX < 15  :   13 trades, WR 100.0%, P&L $     1,260, DD $       0, Sharpe 17.35
2026-04-04 10:42:55 | INFO     |   VIX 15-20 :   26 trades, WR 100.0%, P&L $     6,720, DD $       0, Sharpe 11.44
2026-04-04 10:42:55 | INFO     |   VIX 20-25 :   11 trades, WR 100.0%, P&L $     1,395, DD $       0, Sharpe 25.70
2026-04-04 10:42:55 | INFO     |   VIX 25-30 :    1 trades, WR 100.0%, P&L $        45, DD $       0, Sharpe  0.00
2026-04-04 10:42:55 | INFO     | 
--- DAY-OF-WEEK ANALYSIS ---
2026-04-04 10:42:55 | INFO     |   Mon:   10 trades, WR 100.0%, P&L $     1,125, Sharpe 21.64
2026-04-04 10:42:55 | INFO     |   Tue:   12 trades, WR 100.0%, P&L $     2,040, Sharpe 15.85
2026-04-04 10:42:55 | INFO     |   Fri:   29 trades, WR 100.0%, P&L $     6,255, Sharpe 10.12
2026-04-04 10:42:55 | INFO     | 
--- TOP 10 WORST DAYS ---
2026-04-04 10:42:55 | INFO     |   20220318: P&L=$        45 | 1 trades | VIX=25.67
2026-04-04 10:42:55 | INFO     |   20230203: P&L=$        45 | 1 trades | VIX=18.73
2026-04-04 10:42:55 | INFO     |   20231114: P&L=$        45 | 1 trades | VIX=14.76
2026-04-04 10:42:55 | INFO     |   20231229: P&L=$        45 | 1 trades | VIX=12.47
2026-04-04 10:42:55 | INFO     |   20240216: P&L=$        45 | 1 trades | VIX=14.01
2026-04-04 10:42:55 | INFO     |   20240607: P&L=$        45 | 1 trades | VIX=12.58
2026-04-04 10:42:55 | INFO     |   20240715: P&L=$        45 | 1 trades | VIX=12.46
2026-04-04 10:42:55 | INFO     |   20240716: P&L=$        45 | 1 trades | VIX=13.12
2026-04-04 10:42:55 | INFO     |   20240820: P&L=$        45 | 1 trades | VIX=14.65
2026-04-04 10:42:55 | INFO     |   20240823: P&L=$        45 | 1 trades | VIX=17.55
