2026-04-03 16:55:19 | INFO     | Log file: /Users/jeerapongwongchote/Documents/thetadata/apex/logs/apex_run_20260403_165518.log
2026-04-03 16:55:24 | INFO     | Built daily indicators: 1065 dates (20220103 → 20260401)
2026-04-03 16:55:24 | DEBUG    | [20220114] 1 trades, day P&L=$+300, equity=$100,300
2026-04-03 16:55:24 | DEBUG    | [20220118] 1 trades, day P&L=$+150, equity=$100,450
2026-04-03 16:55:24 | DEBUG    | [20220121] 1 trades, day P&L=$+300, equity=$100,750
2026-04-03 16:55:24 | DEBUG    | [20220128] 1 trades, day P&L=$+300, equity=$101,050
2026-04-03 16:55:24 | DEBUG    | [20220207] 2 trades, day P&L=$+600, equity=$101,650
2026-04-03 16:55:24 | DEBUG    | [20220222] 2 trades, day P&L=$+900, equity=$102,550
2026-04-03 16:55:24 | DEBUG    | [20220225] 1 trades, day P&L=$+450, equity=$103,000
2026-04-03 16:55:24 | DEBUG    | [20220304] 1 trades, day P&L=$+150, equity=$103,150
2026-04-03 16:55:24 | DEBUG    | [20220307] 2 trades, day P&L=$+900, equity=$104,050
2026-04-03 16:55:24 | DEBUG    | [20220311] 2 trades, day P&L=$+450, equity=$104,500
2026-04-03 16:55:24 | DEBUG    | [20220314] 2 trades, day P&L=$+450, equity=$104,950
2026-04-03 16:55:24 | DEBUG    | [20220422] 2 trades, day P&L=$+1350, equity=$106,300
2026-04-03 16:55:24 | DEBUG    | [20220509] 2 trades, day P&L=$+2550, equity=$108,850
2026-04-03 16:55:24 | DEBUG    | [20220513] 2 trades, day P&L=$+1200, equity=$110,050
2026-04-03 16:55:24 | DEBUG    | [20220517] 1 trades, day P&L=$+150, equity=$110,200
2026-04-03 16:55:24 | DEBUG    | [20220520] 1 trades, day P&L=$+300, equity=$110,500
2026-04-03 16:55:24 | DEBUG    | [20220628] 1 trades, day P&L=$+150, equity=$110,650
2026-04-03 16:55:24 | DEBUG    | [20220705] 1 trades, day P&L=$+150, equity=$110,800
2026-04-03 16:55:24 | DEBUG    | [20220916] 2 trades, day P&L=$+600, equity=$111,400
2026-04-03 16:55:24 | DEBUG    | [20220923] 2 trades, day P&L=$+450, equity=$111,850
2026-04-03 16:55:24 | DEBUG    | [20220927] 2 trades, day P&L=$+600, equity=$112,450
2026-04-03 16:55:24 | DEBUG    | [20221003] 1 trades, day P&L=$+150, equity=$112,600
2026-04-03 16:55:24 | DEBUG    | [20221007] 2 trades, day P&L=$+750, equity=$113,350
2026-04-03 16:55:25 | DEBUG    | [20230203] 2 trades, day P&L=$+300, equity=$113,650
2026-04-03 16:55:25 | DEBUG    | [20230313] 1 trades, day P&L=$+300, equity=$113,950
2026-04-03 16:55:25 | DEBUG    | [20230331] 1 trades, day P&L=$+150, equity=$114,100
2026-04-03 16:55:26 | DEBUG    | [20240416] 1 trades, day P&L=$+150, equity=$114,250
2026-04-03 16:55:26 | DEBUG    | [20240607] 1 trades, day P&L=$+150, equity=$114,400
2026-04-03 16:55:26 | DEBUG    | [20240628] 1 trades, day P&L=$+300, equity=$114,700
2026-04-03 16:55:26 | DEBUG    | [20240715] 1 trades, day P&L=$+150, equity=$114,850
2026-04-03 16:55:26 | DEBUG    | [20240726] 2 trades, day P&L=$+1350, equity=$116,200
2026-04-03 16:55:26 | DEBUG    | [20240729] 1 trades, day P&L=$+150, equity=$116,350
2026-04-03 16:55:26 | DEBUG    | [20240802] 1 trades, day P&L=$+600, equity=$116,950
2026-04-03 16:55:26 | DEBUG    | [20240812] 2 trades, day P&L=$+750, equity=$117,700
2026-04-03 16:55:26 | DEBUG    | [20240813] 1 trades, day P&L=$+150, equity=$117,850
2026-04-03 16:55:26 | DEBUG    | [20240820] 1 trades, day P&L=$+150, equity=$118,000
2026-04-03 16:55:26 | DEBUG    | [20240823] 1 trades, day P&L=$+150, equity=$118,150
2026-04-03 16:55:26 | DEBUG    | [20240903] 1 trades, day P&L=$+450, equity=$118,600
2026-04-03 16:55:26 | DEBUG    | [20240906] 1 trades, day P&L=$+450, equity=$119,050
2026-04-03 16:55:26 | DEBUG    | [20240913] 1 trades, day P&L=$+150, equity=$119,200
2026-04-03 16:55:27 | DEBUG    | [20240930] 1 trades, day P&L=$+900, equity=$120,100
2026-04-03 16:55:27 | DEBUG    | [20241001] 1 trades, day P&L=$+300, equity=$120,400
2026-04-03 16:55:27 | DEBUG    | [20241115] 1 trades, day P&L=$+150, equity=$120,550
2026-04-03 16:55:27 | DEBUG    | [20241220] 1 trades, day P&L=$+600, equity=$121,150
2026-04-03 16:55:27 | DEBUG    | [20241230] 2 trades, day P&L=$+600, equity=$121,750
2026-04-03 16:55:27 | DEBUG    | [20241231] 1 trades, day P&L=$+600, equity=$122,350
2026-04-03 16:55:27 | DEBUG    | [20250107] 1 trades, day P&L=$+300, equity=$122,650
2026-04-03 16:55:27 | DEBUG    | [20250127] 1 trades, day P&L=$+150, equity=$122,800
2026-04-03 16:55:27 | DEBUG    | [20250131] 1 trades, day P&L=$+750, equity=$123,550
2026-04-03 16:55:27 | DEBUG    | [20250203] 1 trades, day P&L=$+300, equity=$123,850
2026-04-03 16:55:27 | DEBUG    | [20250310] 1 trades, day P&L=$+1050, equity=$124,900
2026-04-03 16:55:27 | DEBUG    | [20250314] 1 trades, day P&L=$+450, equity=$125,350
2026-04-03 16:55:27 | DEBUG    | [20250318] 1 trades, day P&L=$+150, equity=$125,500
2026-04-03 16:55:27 | DEBUG    | [20250408] 1 trades, day P&L=$+1200, equity=$126,700
2026-04-03 16:55:27 | DEBUG    | [20250421] 1 trades, day P&L=$+900, equity=$127,600
2026-04-03 16:55:27 | DEBUG    | [20250428] 1 trades, day P&L=$+300, equity=$127,900
2026-04-03 16:55:27 | DEBUG    | [20250506] 1 trades, day P&L=$+150, equity=$128,050
2026-04-03 16:55:27 | DEBUG    | [20250523] 1 trades, day P&L=$+450, equity=$128,500
2026-04-03 16:55:27 | DEBUG    | [20250530] 2 trades, day P&L=$+1500, equity=$130,000
2026-04-03 16:55:27 | DEBUG    | [20250613] 1 trades, day P&L=$+150, equity=$130,150
2026-04-03 16:55:27 | DEBUG    | [20250630] 1 trades, day P&L=$+150, equity=$130,300
2026-04-03 16:55:27 | DEBUG    | [20251010] 1 trades, day P&L=$+1200, equity=$131,500
2026-04-03 16:55:27 | DEBUG    | [20251117] 1 trades, day P&L=$+300, equity=$131,800
2026-04-03 16:55:27 | DEBUG    | [20251118] 1 trades, day P&L=$+300, equity=$132,100
2026-04-03 16:55:27 | DEBUG    | [20260130] 1 trades, day P&L=$+150, equity=$132,250
2026-04-03 16:55:28 | DEBUG    | [20260206] 1 trades, day P&L=$+150, equity=$132,400
2026-04-03 16:55:28 | DEBUG    | [20260227] 1 trades, day P&L=$+150, equity=$132,550
2026-04-03 16:55:28 | DEBUG    | [20260303] 1 trades, day P&L=$+150, equity=$132,700
2026-04-03 16:55:28 | DEBUG    | [20260306] 1 trades, day P&L=$+450, equity=$133,150
2026-04-03 16:55:28 | DEBUG    | [20260320] 1 trades, day P&L=$+300, equity=$133,450
2026-04-03 16:55:28 | INFO     | ============================================================
2026-04-03 16:55:28 | INFO     | SKIP REASONS:
2026-04-03 16:55:28 | INFO     |   dow_filter          : 374
2026-04-03 16:55:28 | INFO     |   early_close         : 6
2026-04-03 16:55:28 | INFO     |   no_quotes           : 11
2026-04-03 16:55:28 | INFO     |   prior_return        : 147
2026-04-03 16:55:28 | INFO     |   TOTAL TRADES        : 87
2026-04-03 16:55:28 | INFO     | ============================================================
2026-04-03 16:55:28 | DEBUG    | [20220110] 2 trades, day P&L=$+150, equity=$100,150
2026-04-03 16:55:28 | DEBUG    | [20220114] 1 trades, day P&L=$+150, equity=$100,300
2026-04-03 16:55:28 | DEBUG    | [20220118] 2 trades, day P&L=$+300, equity=$100,600
2026-04-03 16:55:28 | DEBUG    | [20220121] 2 trades, day P&L=$+675, equity=$101,275
2026-04-03 16:55:28 | DEBUG    | [20220128] 2 trades, day P&L=$+675, equity=$101,950
2026-04-03 16:55:28 | DEBUG    | [20220207] 2 trades, day P&L=$+450, equity=$102,400
2026-04-03 16:55:28 | DEBUG    | [20220222] 2 trades, day P&L=$+975, equity=$103,375
2026-04-03 16:55:28 | DEBUG    | [20220225] 2 trades, day P&L=$+450, equity=$103,825
2026-04-03 16:55:28 | DEBUG    | [20220304] 2 trades, day P&L=$+450, equity=$104,275
2026-04-03 16:55:28 | DEBUG    | [20220307] 2 trades, day P&L=$+600, equity=$104,875
2026-04-03 16:55:28 | DEBUG    | [20220311] 2 trades, day P&L=$+600, equity=$105,475
2026-04-03 16:55:28 | DEBUG    | [20220314] 2 trades, day P&L=$+450, equity=$105,925
2026-04-03 16:55:28 | DEBUG    | [20220408] 2 trades, day P&L=$+150, equity=$106,075
2026-04-03 16:55:28 | DEBUG    | [20220418] 1 trades, day P&L=$+75, equity=$106,150
2026-04-03 16:55:28 | DEBUG    | [20220422] 2 trades, day P&L=$+1350, equity=$107,500
2026-04-03 16:55:28 | DEBUG    | [20220426] 2 trades, day P&L=$+675, equity=$108,175
2026-04-03 16:55:28 | DEBUG    | [20220503] 1 trades, day P&L=$+225, equity=$108,400
2026-04-03 16:55:28 | DEBUG    | [20220509] 2 trades, day P&L=$+1950, equity=$110,350
2026-04-03 16:55:28 | DEBUG    | [20220513] 2 trades, day P&L=$+1050, equity=$111,400
2026-04-03 16:55:28 | DEBUG    | [20220517] 1 trades, day P&L=$+75, equity=$111,475
2026-04-03 16:55:28 | DEBUG    | [20220520] 2 trades, day P&L=$+600, equity=$112,075
2026-04-03 16:55:28 | DEBUG    | [20220624] 1 trades, day P&L=$+75, equity=$112,150
2026-04-03 16:55:28 | DEBUG    | [20220628] 1 trades, day P&L=$+75, equity=$112,225
2026-04-03 16:55:28 | DEBUG    | [20220705] 1 trades, day P&L=$+75, equity=$112,300
2026-04-03 16:55:28 | DEBUG    | [20220902] 2 trades, day P&L=$+300, equity=$112,600
2026-04-03 16:55:28 | DEBUG    | [20220913] 1 trades, day P&L=$+75, equity=$112,675
2026-04-03 16:55:28 | DEBUG    | [20220916] 2 trades, day P&L=$+375, equity=$113,050
2026-04-03 16:55:28 | DEBUG    | [20220923] 2 trades, day P&L=$+375, equity=$113,425
2026-04-03 16:55:28 | DEBUG    | [20220927] 2 trades, day P&L=$+375, equity=$113,800
2026-04-03 16:55:28 | DEBUG    | [20221003] 1 trades, day P&L=$+75, equity=$113,875
2026-04-03 16:55:28 | DEBUG    | [20221007] 2 trades, day P&L=$+750, equity=$114,625
2026-04-03 16:55:28 | DEBUG    | [20221011] 1 trades, day P&L=$+75, equity=$114,700
2026-04-03 16:55:28 | DEBUG    | [20221115] 1 trades, day P&L=$+150, equity=$114,850
2026-04-03 16:55:28 | DEBUG    | [20221118] 1 trades, day P&L=$+75, equity=$114,925
2026-04-03 16:55:28 | DEBUG    | [20221209] 1 trades, day P&L=$+75, equity=$115,000
2026-04-03 16:55:28 | DEBUG    | [20221213] 1 trades, day P&L=$+75, equity=$115,075
2026-04-03 16:55:28 | DEBUG    | [20230203] 2 trades, day P&L=$+150, equity=$115,225
2026-04-03 16:55:28 | DEBUG    | [20230313] 1 trades, day P&L=$+225, equity=$115,450
2026-04-03 16:55:29 | DEBUG    | [20230331] 1 trades, day P&L=$+75, equity=$115,525
2026-04-03 16:55:29 | DEBUG    | [20240216] 1 trades, day P&L=$+75, equity=$115,600
2026-04-03 16:55:29 | DEBUG    | [20240415] 1 trades, day P&L=$+75, equity=$115,675
2026-04-03 16:55:29 | DEBUG    | [20240416] 2 trades, day P&L=$+225, equity=$115,900
2026-04-03 16:55:29 | DEBUG    | [20240419] 1 trades, day P&L=$+75, equity=$115,975
2026-04-03 16:55:29 | DEBUG    | [20240422] 1 trades, day P&L=$+75, equity=$116,050
2026-04-03 16:55:30 | DEBUG    | [20240531] 1 trades, day P&L=$+150, equity=$116,200
2026-04-03 16:55:30 | DEBUG    | [20240607] 1 trades, day P&L=$+75, equity=$116,275
2026-04-03 16:55:30 | DEBUG    | [20240628] 1 trades, day P&L=$+300, equity=$116,575
2026-04-03 16:55:30 | DEBUG    | [20240712] 1 trades, day P&L=$+150, equity=$116,725
2026-04-03 16:55:30 | DEBUG    | [20240715] 1 trades, day P&L=$+75, equity=$116,800
2026-04-03 16:55:30 | DEBUG    | [20240726] 2 trades, day P&L=$+900, equity=$117,700
2026-04-03 16:55:30 | DEBUG    | [20240729] 1 trades, day P&L=$+75, equity=$117,775
2026-04-03 16:55:30 | DEBUG    | [20240730] 1 trades, day P&L=$+150, equity=$117,925
2026-04-03 16:55:30 | DEBUG    | [20240802] 1 trades, day P&L=$+525, equity=$118,450
2026-04-03 16:55:30 | DEBUG    | [20240812] 2 trades, day P&L=$+450, equity=$118,900
2026-04-03 16:55:30 | DEBUG    | [20240813] 1 trades, day P&L=$+75, equity=$118,975
2026-04-03 16:55:30 | DEBUG    | [20240820] 1 trades, day P&L=$+75, equity=$119,050
2026-04-03 16:55:30 | DEBUG    | [20240823] 1 trades, day P&L=$+75, equity=$119,125
2026-04-03 16:55:30 | DEBUG    | [20240830] 1 trades, day P&L=$+150, equity=$119,275
2026-04-03 16:55:30 | DEBUG    | [20240903] 1 trades, day P&L=$+450, equity=$119,725
2026-04-03 16:55:30 | DEBUG    | [20240906] 1 trades, day P&L=$+300, equity=$120,025
2026-04-03 16:55:30 | DEBUG    | [20240913] 1 trades, day P&L=$+75, equity=$120,100
2026-04-03 16:55:30 | DEBUG    | [20240930] 1 trades, day P&L=$+675, equity=$120,775
2026-04-03 16:55:30 | DEBUG    | [20241001] 1 trades, day P&L=$+225, equity=$121,000
2026-04-03 16:55:30 | DEBUG    | [20241025] 1 trades, day P&L=$+75, equity=$121,075
2026-04-03 16:55:30 | DEBUG    | [20241104] 1 trades, day P&L=$+75, equity=$121,150
2026-04-03 16:55:30 | DEBUG    | [20241115] 1 trades, day P&L=$+75, equity=$121,225
2026-04-03 16:55:30 | DEBUG    | [20241220] 1 trades, day P&L=$+525, equity=$121,750
2026-04-03 16:55:30 | DEBUG    | [20241230] 2 trades, day P&L=$+375, equity=$122,125
2026-04-03 16:55:30 | DEBUG    | [20241231] 1 trades, day P&L=$+600, equity=$122,725
2026-04-03 16:55:30 | DEBUG    | [20250107] 1 trades, day P&L=$+300, equity=$123,025
2026-04-03 16:55:30 | DEBUG    | [20250110] 1 trades, day P&L=$+75, equity=$123,100
2026-04-03 16:55:30 | DEBUG    | [20250127] 1 trades, day P&L=$+75, equity=$123,175
2026-04-03 16:55:30 | DEBUG    | [20250131] 1 trades, day P&L=$+600, equity=$123,775
2026-04-03 16:55:30 | DEBUG    | [20250203] 1 trades, day P&L=$+225, equity=$124,000
2026-04-03 16:55:30 | DEBUG    | [20250207] 1 trades, day P&L=$+75, equity=$124,075
2026-04-03 16:55:30 | DEBUG    | [20250221] 1 trades, day P&L=$+75, equity=$124,150
2026-04-03 16:55:30 | DEBUG    | [20250225] 1 trades, day P&L=$+225, equity=$124,375
2026-04-03 16:55:30 | DEBUG    | [20250310] 1 trades, day P&L=$+900, equity=$125,275
2026-04-03 16:55:30 | DEBUG    | [20250314] 1 trades, day P&L=$+300, equity=$125,575
2026-04-03 16:55:30 | DEBUG    | [20250318] 1 trades, day P&L=$+75, equity=$125,650
2026-04-03 16:55:30 | DEBUG    | [20250321] 1 trades, day P&L=$+75, equity=$125,725
2026-04-03 16:55:30 | DEBUG    | [20250328] 1 trades, day P&L=$+75, equity=$125,800
2026-04-03 16:55:30 | DEBUG    | [20250401] 1 trades, day P&L=$+75, equity=$125,875
2026-04-03 16:55:30 | DEBUG    | [20250408] 1 trades, day P&L=$+1650, equity=$127,525
2026-04-03 16:55:30 | DEBUG    | [20250415] 2 trades, day P&L=$+225, equity=$127,750
2026-04-03 16:55:30 | DEBUG    | [20250421] 1 trades, day P&L=$+750, equity=$128,500
2026-04-03 16:55:30 | DEBUG    | [20250428] 2 trades, day P&L=$+300, equity=$128,800
2026-04-03 16:55:30 | DEBUG    | [20250506] 1 trades, day P&L=$+225, equity=$129,025
2026-04-03 16:55:30 | DEBUG    | [20250509] 1 trades, day P&L=$+75, equity=$129,100
2026-04-03 16:55:30 | DEBUG    | [20250512] 1 trades, day P&L=$+225, equity=$129,325
2026-04-03 16:55:30 | DEBUG    | [20250523] 1 trades, day P&L=$+300, equity=$129,625
2026-04-03 16:55:30 | DEBUG    | [20250530] 2 trades, day P&L=$+1425, equity=$131,050
2026-04-03 16:55:30 | DEBUG    | [20250613] 1 trades, day P&L=$+150, equity=$131,200
2026-04-03 16:55:30 | DEBUG    | [20250630] 1 trades, day P&L=$+75, equity=$131,275
2026-04-03 16:55:30 | DEBUG    | [20250801] 1 trades, day P&L=$+75, equity=$131,350
2026-04-03 16:55:30 | DEBUG    | [20250811] 1 trades, day P&L=$+75, equity=$131,425
2026-04-03 16:55:31 | DEBUG    | [20250930] 1 trades, day P&L=$+75, equity=$131,500
2026-04-03 16:55:31 | DEBUG    | [20251010] 1 trades, day P&L=$+1050, equity=$132,550
2026-04-03 16:55:31 | DEBUG    | [20251107] 1 trades, day P&L=$+75, equity=$132,625
2026-04-03 16:55:31 | DEBUG    | [20251117] 1 trades, day P&L=$+225, equity=$132,850
2026-04-03 16:55:31 | DEBUG    | [20251118] 2 trades, day P&L=$+300, equity=$133,150
2026-04-03 16:55:31 | DEBUG    | [20260120] 1 trades, day P&L=$+75, equity=$133,225
2026-04-03 16:55:31 | DEBUG    | [20260130] 1 trades, day P&L=$+150, equity=$133,375
2026-04-03 16:55:31 | DEBUG    | [20260206] 1 trades, day P&L=$+150, equity=$133,525
2026-04-03 16:55:31 | DEBUG    | [20260227] 2 trades, day P&L=$+225, equity=$133,750
2026-04-03 16:55:31 | DEBUG    | [20260302] 1 trades, day P&L=$+150, equity=$133,900
2026-04-03 16:55:31 | DEBUG    | [20260303] 1 trades, day P&L=$+150, equity=$134,050
2026-04-03 16:55:31 | DEBUG    | [20260309] 1 trades, day P&L=$+150, equity=$134,200
2026-04-03 16:55:31 | DEBUG    | [20260310] 1 trades, day P&L=$+150, equity=$134,350
2026-04-03 16:55:31 | DEBUG    | [20260320] 1 trades, day P&L=$+225, equity=$134,575
2026-04-03 16:55:31 | DEBUG    | [20260324] 1 trades, day P&L=$+75, equity=$134,650
2026-04-03 16:55:31 | INFO     | ============================================================
2026-04-03 16:55:31 | INFO     | SKIP REASONS:
2026-04-03 16:55:31 | INFO     |   dow_filter          : 374
2026-04-03 16:55:31 | INFO     |   early_close         : 6
2026-04-03 16:55:31 | INFO     |   no_quotes           : 11
2026-04-03 16:55:31 | INFO     |   prior_return        : 147
2026-04-03 16:55:31 | INFO     |   TOTAL TRADES        : 143
2026-04-03 16:55:31 | INFO     | ============================================================
2026-04-03 16:55:31 | DEBUG    | [20220114] 1 trades, day P&L=$+240, equity=$100,240
2026-04-03 16:55:31 | DEBUG    | [20220118] 1 trades, day P&L=$+90, equity=$100,330
2026-04-03 16:55:31 | DEBUG    | [20220121] 1 trades, day P&L=$+240, equity=$100,570
2026-04-03 16:55:31 | DEBUG    | [20220128] 1 trades, day P&L=$+240, equity=$100,810
2026-04-03 16:55:31 | DEBUG    | [20220207] 2 trades, day P&L=$+480, equity=$101,290
2026-04-03 16:55:31 | DEBUG    | [20220222] 2 trades, day P&L=$+780, equity=$102,070
2026-04-03 16:55:31 | DEBUG    | [20220225] 1 trades, day P&L=$+390, equity=$102,460
2026-04-03 16:55:31 | DEBUG    | [20220304] 1 trades, day P&L=$+90, equity=$102,550
2026-04-03 16:55:31 | DEBUG    | [20220307] 2 trades, day P&L=$+780, equity=$103,330
2026-04-03 16:55:31 | DEBUG    | [20220311] 2 trades, day P&L=$+330, equity=$103,660
2026-04-03 16:55:31 | DEBUG    | [20220314] 2 trades, day P&L=$+330, equity=$103,990
2026-04-03 16:55:31 | DEBUG    | [20220422] 2 trades, day P&L=$+1230, equity=$105,220
2026-04-03 16:55:31 | DEBUG    | [20220509] 2 trades, day P&L=$+2430, equity=$107,650
2026-04-03 16:55:31 | DEBUG    | [20220513] 2 trades, day P&L=$+1080, equity=$108,730
2026-04-03 16:55:31 | DEBUG    | [20220517] 1 trades, day P&L=$+90, equity=$108,820
2026-04-03 16:55:31 | DEBUG    | [20220520] 1 trades, day P&L=$+240, equity=$109,060
2026-04-03 16:55:31 | DEBUG    | [20220628] 1 trades, day P&L=$+90, equity=$109,150
2026-04-03 16:55:31 | DEBUG    | [20220705] 1 trades, day P&L=$+90, equity=$109,240
2026-04-03 16:55:31 | DEBUG    | [20220916] 2 trades, day P&L=$+480, equity=$109,720
2026-04-03 16:55:31 | DEBUG    | [20220923] 2 trades, day P&L=$+330, equity=$110,050
2026-04-03 16:55:31 | DEBUG    | [20220927] 2 trades, day P&L=$+480, equity=$110,530
2026-04-03 16:55:31 | DEBUG    | [20221003] 1 trades, day P&L=$+90, equity=$110,620
2026-04-03 16:55:31 | DEBUG    | [20221007] 2 trades, day P&L=$+630, equity=$111,250
2026-04-03 16:55:32 | DEBUG    | [20230203] 2 trades, day P&L=$+180, equity=$111,430
2026-04-03 16:55:32 | DEBUG    | [20230313] 1 trades, day P&L=$+240, equity=$111,670
2026-04-03 16:55:32 | DEBUG    | [20230331] 1 trades, day P&L=$+90, equity=$111,760
2026-04-03 16:55:33 | DEBUG    | [20240416] 1 trades, day P&L=$+90, equity=$111,850
2026-04-03 16:55:33 | DEBUG    | [20240607] 1 trades, day P&L=$+90, equity=$111,940
2026-04-03 16:55:33 | DEBUG    | [20240628] 1 trades, day P&L=$+240, equity=$112,180
2026-04-03 16:55:33 | DEBUG    | [20240715] 1 trades, day P&L=$+90, equity=$112,270
2026-04-03 16:55:33 | DEBUG    | [20240726] 2 trades, day P&L=$+1230, equity=$113,500
2026-04-03 16:55:33 | DEBUG    | [20240729] 1 trades, day P&L=$+90, equity=$113,590
2026-04-03 16:55:33 | DEBUG    | [20240802] 1 trades, day P&L=$+540, equity=$114,130
2026-04-03 16:55:33 | DEBUG    | [20240812] 2 trades, day P&L=$+630, equity=$114,760
2026-04-03 16:55:33 | DEBUG    | [20240813] 1 trades, day P&L=$+90, equity=$114,850
2026-04-03 16:55:33 | DEBUG    | [20240820] 1 trades, day P&L=$+90, equity=$114,940
2026-04-03 16:55:33 | DEBUG    | [20240823] 1 trades, day P&L=$+90, equity=$115,030
2026-04-03 16:55:33 | DEBUG    | [20240903] 1 trades, day P&L=$+390, equity=$115,420
2026-04-03 16:55:33 | DEBUG    | [20240906] 1 trades, day P&L=$+390, equity=$115,810
2026-04-03 16:55:33 | DEBUG    | [20240913] 1 trades, day P&L=$+90, equity=$115,900
2026-04-03 16:55:33 | DEBUG    | [20240930] 1 trades, day P&L=$+840, equity=$116,740
2026-04-03 16:55:33 | DEBUG    | [20241001] 1 trades, day P&L=$+240, equity=$116,980
2026-04-03 16:55:33 | DEBUG    | [20241115] 1 trades, day P&L=$+90, equity=$117,070
2026-04-03 16:55:33 | DEBUG    | [20241220] 1 trades, day P&L=$+540, equity=$117,610
2026-04-03 16:55:33 | DEBUG    | [20241230] 2 trades, day P&L=$+480, equity=$118,090
2026-04-03 16:55:33 | DEBUG    | [20241231] 1 trades, day P&L=$+540, equity=$118,630
2026-04-03 16:55:33 | DEBUG    | [20250107] 1 trades, day P&L=$+240, equity=$118,870
2026-04-03 16:55:33 | DEBUG    | [20250127] 1 trades, day P&L=$+90, equity=$118,960
2026-04-03 16:55:33 | DEBUG    | [20250131] 1 trades, day P&L=$+690, equity=$119,650
2026-04-03 16:55:33 | DEBUG    | [20250203] 1 trades, day P&L=$+240, equity=$119,890
2026-04-03 16:55:33 | DEBUG    | [20250310] 1 trades, day P&L=$+990, equity=$120,880
2026-04-03 16:55:33 | DEBUG    | [20250314] 1 trades, day P&L=$+390, equity=$121,270
2026-04-03 16:55:33 | DEBUG    | [20250318] 1 trades, day P&L=$+90, equity=$121,360
2026-04-03 16:55:33 | DEBUG    | [20250408] 1 trades, day P&L=$+1140, equity=$122,500
2026-04-03 16:55:34 | DEBUG    | [20250421] 1 trades, day P&L=$+840, equity=$123,340
2026-04-03 16:55:34 | DEBUG    | [20250428] 1 trades, day P&L=$+240, equity=$123,580
2026-04-03 16:55:34 | DEBUG    | [20250506] 1 trades, day P&L=$+90, equity=$123,670
2026-04-03 16:55:34 | DEBUG    | [20250523] 1 trades, day P&L=$+390, equity=$124,060
2026-04-03 16:55:34 | DEBUG    | [20250530] 2 trades, day P&L=$+1380, equity=$125,440
2026-04-03 16:55:34 | DEBUG    | [20250613] 1 trades, day P&L=$+90, equity=$125,530
2026-04-03 16:55:34 | DEBUG    | [20250630] 1 trades, day P&L=$+90, equity=$125,620
2026-04-03 16:55:34 | DEBUG    | [20251010] 1 trades, day P&L=$+1140, equity=$126,760
2026-04-03 16:55:34 | DEBUG    | [20251117] 1 trades, day P&L=$+240, equity=$127,000
2026-04-03 16:55:34 | DEBUG    | [20251118] 1 trades, day P&L=$+240, equity=$127,240
2026-04-03 16:55:34 | DEBUG    | [20260130] 1 trades, day P&L=$+90, equity=$127,330
2026-04-03 16:55:34 | DEBUG    | [20260206] 1 trades, day P&L=$+90, equity=$127,420
2026-04-03 16:55:34 | DEBUG    | [20260227] 1 trades, day P&L=$+90, equity=$127,510
2026-04-03 16:55:34 | DEBUG    | [20260303] 1 trades, day P&L=$+90, equity=$127,600
2026-04-03 16:55:34 | DEBUG    | [20260306] 1 trades, day P&L=$+390, equity=$127,990
2026-04-03 16:55:34 | DEBUG    | [20260320] 1 trades, day P&L=$+240, equity=$128,230
2026-04-03 16:55:34 | INFO     | ============================================================
2026-04-03 16:55:34 | INFO     | SKIP REASONS:
2026-04-03 16:55:34 | INFO     |   dow_filter          : 374
2026-04-03 16:55:34 | INFO     |   early_close         : 6
2026-04-03 16:55:34 | INFO     |   no_quotes           : 11
2026-04-03 16:55:34 | INFO     |   prior_return        : 147
2026-04-03 16:55:34 | INFO     |   TOTAL TRADES        : 87
2026-04-03 16:55:34 | INFO     | ============================================================
2026-04-03 16:55:34 | DEBUG    | [20220110] 2 trades, day P&L=$+90, equity=$100,090
2026-04-03 16:55:34 | DEBUG    | [20220114] 1 trades, day P&L=$+120, equity=$100,210
2026-04-03 16:55:34 | DEBUG    | [20220118] 2 trades, day P&L=$+240, equity=$100,450
2026-04-03 16:55:34 | DEBUG    | [20220121] 2 trades, day P&L=$+615, equity=$101,065
2026-04-03 16:55:34 | DEBUG    | [20220128] 2 trades, day P&L=$+615, equity=$101,680
2026-04-03 16:55:34 | DEBUG    | [20220207] 2 trades, day P&L=$+390, equity=$102,070
2026-04-03 16:55:34 | DEBUG    | [20220222] 2 trades, day P&L=$+915, equity=$102,985
2026-04-03 16:55:34 | DEBUG    | [20220225] 2 trades, day P&L=$+390, equity=$103,375
2026-04-03 16:55:34 | DEBUG    | [20220304] 2 trades, day P&L=$+390, equity=$103,765
2026-04-03 16:55:34 | DEBUG    | [20220307] 2 trades, day P&L=$+540, equity=$104,305
2026-04-03 16:55:34 | DEBUG    | [20220311] 2 trades, day P&L=$+540, equity=$104,845
2026-04-03 16:55:34 | DEBUG    | [20220314] 2 trades, day P&L=$+390, equity=$105,235
2026-04-03 16:55:34 | DEBUG    | [20220408] 2 trades, day P&L=$+90, equity=$105,325
2026-04-03 16:55:34 | DEBUG    | [20220418] 1 trades, day P&L=$+45, equity=$105,370
2026-04-03 16:55:34 | DEBUG    | [20220422] 2 trades, day P&L=$+1290, equity=$106,660
2026-04-03 16:55:34 | DEBUG    | [20220426] 2 trades, day P&L=$+615, equity=$107,275
2026-04-03 16:55:34 | DEBUG    | [20220503] 1 trades, day P&L=$+195, equity=$107,470
2026-04-03 16:55:34 | DEBUG    | [20220509] 2 trades, day P&L=$+1890, equity=$109,360
2026-04-03 16:55:34 | DEBUG    | [20220513] 2 trades, day P&L=$+990, equity=$110,350
2026-04-03 16:55:34 | DEBUG    | [20220517] 1 trades, day P&L=$+45, equity=$110,395
2026-04-03 16:55:34 | DEBUG    | [20220520] 2 trades, day P&L=$+540, equity=$110,935
2026-04-03 16:55:34 | DEBUG    | [20220624] 1 trades, day P&L=$+45, equity=$110,980
2026-04-03 16:55:35 | DEBUG    | [20220628] 1 trades, day P&L=$+45, equity=$111,025
2026-04-03 16:55:35 | DEBUG    | [20220705] 1 trades, day P&L=$+45, equity=$111,070
2026-04-03 16:55:35 | DEBUG    | [20220902] 2 trades, day P&L=$+240, equity=$111,310
2026-04-03 16:55:35 | DEBUG    | [20220913] 1 trades, day P&L=$+45, equity=$111,355
2026-04-03 16:55:35 | DEBUG    | [20220916] 2 trades, day P&L=$+315, equity=$111,670
2026-04-03 16:55:35 | DEBUG    | [20220923] 2 trades, day P&L=$+315, equity=$111,985
2026-04-03 16:55:35 | DEBUG    | [20220927] 2 trades, day P&L=$+315, equity=$112,300
2026-04-03 16:55:35 | DEBUG    | [20221003] 1 trades, day P&L=$+45, equity=$112,345
2026-04-03 16:55:35 | DEBUG    | [20221007] 2 trades, day P&L=$+690, equity=$113,035
2026-04-03 16:55:35 | DEBUG    | [20221011] 1 trades, day P&L=$+45, equity=$113,080
2026-04-03 16:55:35 | DEBUG    | [20221115] 1 trades, day P&L=$+120, equity=$113,200
2026-04-03 16:55:35 | DEBUG    | [20221118] 1 trades, day P&L=$+45, equity=$113,245
2026-04-03 16:55:35 | DEBUG    | [20221209] 1 trades, day P&L=$+45, equity=$113,290
2026-04-03 16:55:35 | DEBUG    | [20221213] 1 trades, day P&L=$+45, equity=$113,335
2026-04-03 16:55:35 | DEBUG    | [20230203] 2 trades, day P&L=$+90, equity=$113,425
2026-04-03 16:55:35 | DEBUG    | [20230313] 1 trades, day P&L=$+195, equity=$113,620
2026-04-03 16:55:35 | DEBUG    | [20230331] 1 trades, day P&L=$+45, equity=$113,665
2026-04-03 16:55:36 | DEBUG    | [20240216] 1 trades, day P&L=$+45, equity=$113,710
2026-04-03 16:55:36 | DEBUG    | [20240415] 1 trades, day P&L=$+45, equity=$113,755
2026-04-03 16:55:36 | DEBUG    | [20240416] 2 trades, day P&L=$+165, equity=$113,920
2026-04-03 16:55:36 | DEBUG    | [20240419] 1 trades, day P&L=$+45, equity=$113,965
2026-04-03 16:55:36 | DEBUG    | [20240422] 1 trades, day P&L=$+45, equity=$114,010
2026-04-03 16:55:36 | DEBUG    | [20240531] 1 trades, day P&L=$+120, equity=$114,130
2026-04-03 16:55:36 | DEBUG    | [20240607] 1 trades, day P&L=$+45, equity=$114,175
2026-04-03 16:55:36 | DEBUG    | [20240628] 1 trades, day P&L=$+270, equity=$114,445
2026-04-03 16:55:36 | DEBUG    | [20240712] 1 trades, day P&L=$+120, equity=$114,565
2026-04-03 16:55:36 | DEBUG    | [20240715] 1 trades, day P&L=$+45, equity=$114,610
2026-04-03 16:55:36 | DEBUG    | [20240726] 2 trades, day P&L=$+840, equity=$115,450
2026-04-03 16:55:36 | DEBUG    | [20240729] 1 trades, day P&L=$+45, equity=$115,495
2026-04-03 16:55:36 | DEBUG    | [20240730] 1 trades, day P&L=$+120, equity=$115,615
2026-04-03 16:55:36 | DEBUG    | [20240802] 1 trades, day P&L=$+495, equity=$116,110
2026-04-03 16:55:36 | DEBUG    | [20240812] 2 trades, day P&L=$+390, equity=$116,500
2026-04-03 16:55:36 | DEBUG    | [20240813] 1 trades, day P&L=$+45, equity=$116,545
2026-04-03 16:55:36 | DEBUG    | [20240820] 1 trades, day P&L=$+45, equity=$116,590
2026-04-03 16:55:36 | DEBUG    | [20240823] 1 trades, day P&L=$+45, equity=$116,635
2026-04-03 16:55:36 | DEBUG    | [20240830] 1 trades, day P&L=$+120, equity=$116,755
2026-04-03 16:55:36 | DEBUG    | [20240903] 1 trades, day P&L=$+420, equity=$117,175
2026-04-03 16:55:36 | DEBUG    | [20240906] 1 trades, day P&L=$+270, equity=$117,445
2026-04-03 16:55:36 | DEBUG    | [20240913] 1 trades, day P&L=$+45, equity=$117,490
2026-04-03 16:55:36 | DEBUG    | [20240930] 1 trades, day P&L=$+645, equity=$118,135
2026-04-03 16:55:36 | DEBUG    | [20241001] 1 trades, day P&L=$+195, equity=$118,330
2026-04-03 16:55:37 | DEBUG    | [20241025] 1 trades, day P&L=$+45, equity=$118,375
2026-04-03 16:55:37 | DEBUG    | [20241104] 1 trades, day P&L=$+45, equity=$118,420
2026-04-03 16:55:37 | DEBUG    | [20241115] 1 trades, day P&L=$+45, equity=$118,465
2026-04-03 16:55:37 | DEBUG    | [20241220] 1 trades, day P&L=$+495, equity=$118,960
2026-04-03 16:55:37 | DEBUG    | [20241230] 2 trades, day P&L=$+315, equity=$119,275
2026-04-03 16:55:37 | DEBUG    | [20241231] 1 trades, day P&L=$+570, equity=$119,845
2026-04-03 16:55:37 | DEBUG    | [20250107] 1 trades, day P&L=$+270, equity=$120,115
2026-04-03 16:55:37 | DEBUG    | [20250110] 1 trades, day P&L=$+45, equity=$120,160
2026-04-03 16:55:37 | DEBUG    | [20250127] 1 trades, day P&L=$+45, equity=$120,205
2026-04-03 16:55:37 | DEBUG    | [20250131] 1 trades, day P&L=$+570, equity=$120,775
2026-04-03 16:55:37 | DEBUG    | [20250203] 1 trades, day P&L=$+195, equity=$120,970
2026-04-03 16:55:37 | DEBUG    | [20250207] 1 trades, day P&L=$+45, equity=$121,015
2026-04-03 16:55:37 | DEBUG    | [20250221] 1 trades, day P&L=$+45, equity=$121,060
2026-04-03 16:55:37 | DEBUG    | [20250225] 1 trades, day P&L=$+195, equity=$121,255
2026-04-03 16:55:37 | DEBUG    | [20250310] 1 trades, day P&L=$+870, equity=$122,125
2026-04-03 16:55:37 | DEBUG    | [20250314] 1 trades, day P&L=$+270, equity=$122,395
2026-04-03 16:55:37 | DEBUG    | [20250318] 1 trades, day P&L=$+45, equity=$122,440
2026-04-03 16:55:37 | DEBUG    | [20250321] 1 trades, day P&L=$+45, equity=$122,485
2026-04-03 16:55:37 | DEBUG    | [20250328] 1 trades, day P&L=$+45, equity=$122,530
2026-04-03 16:55:37 | DEBUG    | [20250401] 1 trades, day P&L=$+45, equity=$122,575
2026-04-03 16:55:37 | DEBUG    | [20250408] 1 trades, day P&L=$+1620, equity=$124,195
2026-04-03 16:55:37 | DEBUG    | [20250415] 2 trades, day P&L=$+165, equity=$124,360
2026-04-03 16:55:37 | DEBUG    | [20250421] 1 trades, day P&L=$+720, equity=$125,080
2026-04-03 16:55:37 | DEBUG    | [20250428] 2 trades, day P&L=$+240, equity=$125,320
2026-04-03 16:55:37 | DEBUG    | [20250506] 1 trades, day P&L=$+195, equity=$125,515
2026-04-03 16:55:37 | DEBUG    | [20250509] 1 trades, day P&L=$+45, equity=$125,560
2026-04-03 16:55:37 | DEBUG    | [20250512] 1 trades, day P&L=$+195, equity=$125,755
2026-04-03 16:55:37 | DEBUG    | [20250523] 1 trades, day P&L=$+270, equity=$126,025
2026-04-03 16:55:37 | DEBUG    | [20250530] 2 trades, day P&L=$+1365, equity=$127,390
2026-04-03 16:55:37 | DEBUG    | [20250613] 1 trades, day P&L=$+120, equity=$127,510
2026-04-03 16:55:37 | DEBUG    | [20250630] 1 trades, day P&L=$+45, equity=$127,555
2026-04-03 16:55:37 | DEBUG    | [20250801] 1 trades, day P&L=$+45, equity=$127,600
2026-04-03 16:55:37 | DEBUG    | [20250811] 1 trades, day P&L=$+45, equity=$127,645
2026-04-03 16:55:37 | DEBUG    | [20250930] 1 trades, day P&L=$+45, equity=$127,690
2026-04-03 16:55:37 | DEBUG    | [20251010] 1 trades, day P&L=$+1020, equity=$128,710
2026-04-03 16:55:37 | DEBUG    | [20251107] 1 trades, day P&L=$+45, equity=$128,755
2026-04-03 16:55:37 | DEBUG    | [20251117] 1 trades, day P&L=$+195, equity=$128,950
2026-04-03 16:55:37 | DEBUG    | [20251118] 2 trades, day P&L=$+240, equity=$129,190
2026-04-03 16:55:37 | DEBUG    | [20260120] 1 trades, day P&L=$+45, equity=$129,235
2026-04-03 16:55:38 | DEBUG    | [20260130] 1 trades, day P&L=$+120, equity=$129,355
2026-04-03 16:55:38 | DEBUG    | [20260206] 1 trades, day P&L=$+120, equity=$129,475
2026-04-03 16:55:38 | DEBUG    | [20260227] 2 trades, day P&L=$+165, equity=$129,640
2026-04-03 16:55:38 | DEBUG    | [20260302] 1 trades, day P&L=$+120, equity=$129,760
2026-04-03 16:55:38 | DEBUG    | [20260303] 1 trades, day P&L=$+120, equity=$129,880
2026-04-03 16:55:38 | DEBUG    | [20260309] 1 trades, day P&L=$+120, equity=$130,000
2026-04-03 16:55:38 | DEBUG    | [20260310] 1 trades, day P&L=$+120, equity=$130,120
2026-04-03 16:55:38 | DEBUG    | [20260320] 1 trades, day P&L=$+195, equity=$130,315
2026-04-03 16:55:38 | DEBUG    | [20260324] 1 trades, day P&L=$+45, equity=$130,360
2026-04-03 16:55:38 | INFO     | ============================================================
2026-04-03 16:55:38 | INFO     | SKIP REASONS:
2026-04-03 16:55:38 | INFO     |   dow_filter          : 374
2026-04-03 16:55:38 | INFO     |   early_close         : 6
2026-04-03 16:55:38 | INFO     |   no_quotes           : 11
2026-04-03 16:55:38 | INFO     |   prior_return        : 147
2026-04-03 16:55:38 | INFO     |   TOTAL TRADES        : 143
2026-04-03 16:55:38 | INFO     | ============================================================
2026-04-03 16:55:38 | DEBUG    | [20220114] 1 trades, day P&L=$+222, equity=$100,222
2026-04-03 16:55:38 | DEBUG    | [20220118] 1 trades, day P&L=$+72, equity=$100,294
2026-04-03 16:55:38 | DEBUG    | [20220121] 1 trades, day P&L=$+222, equity=$100,516
2026-04-03 16:55:38 | DEBUG    | [20220128] 1 trades, day P&L=$+222, equity=$100,738
2026-04-03 16:55:38 | DEBUG    | [20220207] 2 trades, day P&L=$+444, equity=$101,182
2026-04-03 16:55:38 | DEBUG    | [20220222] 2 trades, day P&L=$+744, equity=$101,926
2026-04-03 16:55:38 | DEBUG    | [20220225] 1 trades, day P&L=$+372, equity=$102,298
2026-04-03 16:55:38 | DEBUG    | [20220304] 1 trades, day P&L=$+72, equity=$102,370
2026-04-03 16:55:38 | DEBUG    | [20220307] 2 trades, day P&L=$+744, equity=$103,114
2026-04-03 16:55:38 | DEBUG    | [20220311] 2 trades, day P&L=$+294, equity=$103,408
2026-04-03 16:55:38 | DEBUG    | [20220314] 2 trades, day P&L=$+294, equity=$103,702
2026-04-03 16:55:38 | DEBUG    | [20220422] 2 trades, day P&L=$+1194, equity=$104,896
2026-04-03 16:55:38 | DEBUG    | [20220509] 2 trades, day P&L=$+2394, equity=$107,290
2026-04-03 16:55:38 | DEBUG    | [20220513] 2 trades, day P&L=$+1044, equity=$108,334
2026-04-03 16:55:38 | DEBUG    | [20220517] 1 trades, day P&L=$+72, equity=$108,406
2026-04-03 16:55:38 | DEBUG    | [20220520] 1 trades, day P&L=$+222, equity=$108,628
2026-04-03 16:55:38 | DEBUG    | [20220628] 1 trades, day P&L=$+72, equity=$108,700
2026-04-03 16:55:38 | DEBUG    | [20220705] 1 trades, day P&L=$+72, equity=$108,772
2026-04-03 16:55:38 | DEBUG    | [20220916] 2 trades, day P&L=$+444, equity=$109,216
2026-04-03 16:55:38 | DEBUG    | [20220923] 2 trades, day P&L=$+294, equity=$109,510
2026-04-03 16:55:38 | DEBUG    | [20220927] 2 trades, day P&L=$+444, equity=$109,954
2026-04-03 16:55:38 | DEBUG    | [20221003] 1 trades, day P&L=$+72, equity=$110,026
2026-04-03 16:55:38 | DEBUG    | [20221007] 2 trades, day P&L=$+594, equity=$110,620
2026-04-03 16:55:38 | DEBUG    | [20230203] 2 trades, day P&L=$+144, equity=$110,764
2026-04-03 16:55:38 | DEBUG    | [20230313] 1 trades, day P&L=$+222, equity=$110,986
2026-04-03 16:55:38 | DEBUG    | [20230331] 1 trades, day P&L=$+72, equity=$111,058
2026-04-03 16:55:39 | DEBUG    | [20240416] 1 trades, day P&L=$+72, equity=$111,130
2026-04-03 16:55:39 | DEBUG    | [20240607] 1 trades, day P&L=$+72, equity=$111,202
2026-04-03 16:55:40 | DEBUG    | [20240628] 1 trades, day P&L=$+222, equity=$111,424
2026-04-03 16:55:40 | DEBUG    | [20240715] 1 trades, day P&L=$+72, equity=$111,496
2026-04-03 16:55:40 | DEBUG    | [20240726] 2 trades, day P&L=$+1194, equity=$112,690
2026-04-03 16:55:40 | DEBUG    | [20240729] 1 trades, day P&L=$+72, equity=$112,762
2026-04-03 16:55:40 | DEBUG    | [20240802] 1 trades, day P&L=$+522, equity=$113,284
2026-04-03 16:55:40 | DEBUG    | [20240812] 2 trades, day P&L=$+594, equity=$113,878
2026-04-03 16:55:40 | DEBUG    | [20240813] 1 trades, day P&L=$+72, equity=$113,950
2026-04-03 16:55:40 | DEBUG    | [20240820] 1 trades, day P&L=$+72, equity=$114,022
2026-04-03 16:55:40 | DEBUG    | [20240823] 1 trades, day P&L=$+72, equity=$114,094
2026-04-03 16:55:40 | DEBUG    | [20240903] 1 trades, day P&L=$+372, equity=$114,466
2026-04-03 16:55:40 | DEBUG    | [20240906] 1 trades, day P&L=$+372, equity=$114,838
2026-04-03 16:55:40 | DEBUG    | [20240913] 1 trades, day P&L=$+72, equity=$114,910
2026-04-03 16:55:40 | DEBUG    | [20240930] 1 trades, day P&L=$+822, equity=$115,732
2026-04-03 16:55:40 | DEBUG    | [20241001] 1 trades, day P&L=$+222, equity=$115,954
2026-04-03 16:55:40 | DEBUG    | [20241115] 1 trades, day P&L=$+72, equity=$116,026
2026-04-03 16:55:40 | DEBUG    | [20241220] 1 trades, day P&L=$+522, equity=$116,548
2026-04-03 16:55:40 | DEBUG    | [20241230] 2 trades, day P&L=$+444, equity=$116,992
2026-04-03 16:55:40 | DEBUG    | [20241231] 1 trades, day P&L=$+522, equity=$117,514
2026-04-03 16:55:40 | DEBUG    | [20250107] 1 trades, day P&L=$+222, equity=$117,736
2026-04-03 16:55:40 | DEBUG    | [20250127] 1 trades, day P&L=$+72, equity=$117,808
2026-04-03 16:55:40 | DEBUG    | [20250131] 1 trades, day P&L=$+672, equity=$118,480
2026-04-03 16:55:40 | DEBUG    | [20250203] 1 trades, day P&L=$+222, equity=$118,702
2026-04-03 16:55:40 | DEBUG    | [20250310] 1 trades, day P&L=$+972, equity=$119,674
2026-04-03 16:55:40 | DEBUG    | [20250314] 1 trades, day P&L=$+372, equity=$120,046
2026-04-03 16:55:40 | DEBUG    | [20250318] 1 trades, day P&L=$+72, equity=$120,118
2026-04-03 16:55:40 | DEBUG    | [20250408] 1 trades, day P&L=$+1122, equity=$121,240
2026-04-03 16:55:40 | DEBUG    | [20250421] 1 trades, day P&L=$+822, equity=$122,062
2026-04-03 16:55:40 | DEBUG    | [20250428] 1 trades, day P&L=$+222, equity=$122,284
2026-04-03 16:55:40 | DEBUG    | [20250506] 1 trades, day P&L=$+72, equity=$122,356
2026-04-03 16:55:40 | DEBUG    | [20250523] 1 trades, day P&L=$+372, equity=$122,728
2026-04-03 16:55:40 | DEBUG    | [20250530] 2 trades, day P&L=$+1344, equity=$124,072
2026-04-03 16:55:40 | DEBUG    | [20250613] 1 trades, day P&L=$+72, equity=$124,144
2026-04-03 16:55:40 | DEBUG    | [20250630] 1 trades, day P&L=$+72, equity=$124,216
2026-04-03 16:55:40 | DEBUG    | [20251010] 1 trades, day P&L=$+1122, equity=$125,338
2026-04-03 16:55:40 | DEBUG    | [20251117] 1 trades, day P&L=$+222, equity=$125,560
2026-04-03 16:55:40 | DEBUG    | [20251118] 1 trades, day P&L=$+222, equity=$125,782
2026-04-03 16:55:41 | DEBUG    | [20260130] 1 trades, day P&L=$+72, equity=$125,854
2026-04-03 16:55:41 | DEBUG    | [20260206] 1 trades, day P&L=$+72, equity=$125,926
2026-04-03 16:55:41 | DEBUG    | [20260227] 1 trades, day P&L=$+72, equity=$125,998
2026-04-03 16:55:41 | DEBUG    | [20260303] 1 trades, day P&L=$+72, equity=$126,070
2026-04-03 16:55:41 | DEBUG    | [20260306] 1 trades, day P&L=$+372, equity=$126,442
2026-04-03 16:55:41 | DEBUG    | [20260320] 1 trades, day P&L=$+222, equity=$126,664
2026-04-03 16:55:41 | INFO     | ============================================================
2026-04-03 16:55:41 | INFO     | SKIP REASONS:
2026-04-03 16:55:41 | INFO     |   dow_filter          : 374
2026-04-03 16:55:41 | INFO     |   early_close         : 6
2026-04-03 16:55:41 | INFO     |   no_quotes           : 11
2026-04-03 16:55:41 | INFO     |   prior_return        : 147
2026-04-03 16:55:41 | INFO     |   TOTAL TRADES        : 87
2026-04-03 16:55:41 | INFO     | ============================================================
2026-04-03 16:55:41 | DEBUG    | [20220110] 2 trades, day P&L=$+72, equity=$100,072
2026-04-03 16:55:41 | DEBUG    | [20220114] 1 trades, day P&L=$+111, equity=$100,183
2026-04-03 16:55:41 | DEBUG    | [20220118] 2 trades, day P&L=$+222, equity=$100,405
2026-04-03 16:55:41 | DEBUG    | [20220121] 2 trades, day P&L=$+597, equity=$101,002
2026-04-03 16:55:41 | DEBUG    | [20220128] 2 trades, day P&L=$+597, equity=$101,599
2026-04-03 16:55:41 | DEBUG    | [20220207] 2 trades, day P&L=$+372, equity=$101,971
2026-04-03 16:55:41 | DEBUG    | [20220222] 2 trades, day P&L=$+897, equity=$102,868
2026-04-03 16:55:41 | DEBUG    | [20220225] 2 trades, day P&L=$+372, equity=$103,240
2026-04-03 16:55:41 | DEBUG    | [20220304] 2 trades, day P&L=$+372, equity=$103,612
2026-04-03 16:55:41 | DEBUG    | [20220307] 2 trades, day P&L=$+522, equity=$104,134
2026-04-03 16:55:41 | DEBUG    | [20220311] 2 trades, day P&L=$+522, equity=$104,656
2026-04-03 16:55:41 | DEBUG    | [20220314] 2 trades, day P&L=$+372, equity=$105,028
2026-04-03 16:55:41 | DEBUG    | [20220408] 2 trades, day P&L=$+72, equity=$105,100
2026-04-03 16:55:41 | DEBUG    | [20220418] 1 trades, day P&L=$+36, equity=$105,136
2026-04-03 16:55:41 | DEBUG    | [20220422] 2 trades, day P&L=$+1272, equity=$106,408
2026-04-03 16:55:41 | DEBUG    | [20220426] 2 trades, day P&L=$+597, equity=$107,005
2026-04-03 16:55:41 | DEBUG    | [20220503] 1 trades, day P&L=$+186, equity=$107,191
2026-04-03 16:55:41 | DEBUG    | [20220509] 2 trades, day P&L=$+1872, equity=$109,063
2026-04-03 16:55:41 | DEBUG    | [20220513] 2 trades, day P&L=$+972, equity=$110,035
2026-04-03 16:55:41 | DEBUG    | [20220517] 1 trades, day P&L=$+36, equity=$110,071
2026-04-03 16:55:41 | DEBUG    | [20220520] 2 trades, day P&L=$+522, equity=$110,593
2026-04-03 16:55:41 | DEBUG    | [20220624] 1 trades, day P&L=$+36, equity=$110,629
2026-04-03 16:55:41 | DEBUG    | [20220628] 1 trades, day P&L=$+36, equity=$110,665
2026-04-03 16:55:41 | DEBUG    | [20220705] 1 trades, day P&L=$+36, equity=$110,701
2026-04-03 16:55:41 | DEBUG    | [20220902] 2 trades, day P&L=$+222, equity=$110,923
2026-04-03 16:55:41 | DEBUG    | [20220913] 1 trades, day P&L=$+36, equity=$110,959
2026-04-03 16:55:41 | DEBUG    | [20220916] 2 trades, day P&L=$+297, equity=$111,256
2026-04-03 16:55:41 | DEBUG    | [20220923] 2 trades, day P&L=$+297, equity=$111,553
2026-04-03 16:55:41 | DEBUG    | [20220927] 2 trades, day P&L=$+297, equity=$111,850
2026-04-03 16:55:41 | DEBUG    | [20221003] 1 trades, day P&L=$+36, equity=$111,886
2026-04-03 16:55:41 | DEBUG    | [20221007] 2 trades, day P&L=$+672, equity=$112,558
2026-04-03 16:55:41 | DEBUG    | [20221011] 1 trades, day P&L=$+36, equity=$112,594
2026-04-03 16:55:41 | DEBUG    | [20221115] 1 trades, day P&L=$+111, equity=$112,705
2026-04-03 16:55:41 | DEBUG    | [20221118] 1 trades, day P&L=$+36, equity=$112,741
2026-04-03 16:55:41 | DEBUG    | [20221209] 1 trades, day P&L=$+36, equity=$112,777
2026-04-03 16:55:41 | DEBUG    | [20221213] 1 trades, day P&L=$+36, equity=$112,813
2026-04-03 16:55:42 | DEBUG    | [20230203] 2 trades, day P&L=$+72, equity=$112,885
2026-04-03 16:55:42 | DEBUG    | [20230313] 1 trades, day P&L=$+186, equity=$113,071
2026-04-03 16:55:42 | DEBUG    | [20230331] 1 trades, day P&L=$+36, equity=$113,107
2026-04-03 16:55:43 | DEBUG    | [20240216] 1 trades, day P&L=$+36, equity=$113,143
2026-04-03 16:55:43 | DEBUG    | [20240415] 1 trades, day P&L=$+36, equity=$113,179
2026-04-03 16:55:43 | DEBUG    | [20240416] 2 trades, day P&L=$+147, equity=$113,326
2026-04-03 16:55:43 | DEBUG    | [20240419] 1 trades, day P&L=$+36, equity=$113,362
2026-04-03 16:55:43 | DEBUG    | [20240422] 1 trades, day P&L=$+36, equity=$113,398
2026-04-03 16:55:43 | DEBUG    | [20240531] 1 trades, day P&L=$+111, equity=$113,509
2026-04-03 16:55:43 | DEBUG    | [20240607] 1 trades, day P&L=$+36, equity=$113,545
2026-04-03 16:55:43 | DEBUG    | [20240628] 1 trades, day P&L=$+261, equity=$113,806
2026-04-03 16:55:43 | DEBUG    | [20240712] 1 trades, day P&L=$+111, equity=$113,917
2026-04-03 16:55:43 | DEBUG    | [20240715] 1 trades, day P&L=$+36, equity=$113,953
2026-04-03 16:55:43 | DEBUG    | [20240726] 2 trades, day P&L=$+822, equity=$114,775
2026-04-03 16:55:43 | DEBUG    | [20240729] 1 trades, day P&L=$+36, equity=$114,811
2026-04-03 16:55:43 | DEBUG    | [20240730] 1 trades, day P&L=$+111, equity=$114,922
2026-04-03 16:55:43 | DEBUG    | [20240802] 1 trades, day P&L=$+486, equity=$115,408
2026-04-03 16:55:43 | DEBUG    | [20240812] 2 trades, day P&L=$+372, equity=$115,780
2026-04-03 16:55:43 | DEBUG    | [20240813] 1 trades, day P&L=$+36, equity=$115,816
2026-04-03 16:55:43 | DEBUG    | [20240820] 1 trades, day P&L=$+36, equity=$115,852
2026-04-03 16:55:43 | DEBUG    | [20240823] 1 trades, day P&L=$+36, equity=$115,888
2026-04-03 16:55:43 | DEBUG    | [20240830] 1 trades, day P&L=$+111, equity=$115,999
2026-04-03 16:55:43 | DEBUG    | [20240903] 1 trades, day P&L=$+411, equity=$116,410
2026-04-03 16:55:43 | DEBUG    | [20240906] 1 trades, day P&L=$+261, equity=$116,671
2026-04-03 16:55:43 | DEBUG    | [20240913] 1 trades, day P&L=$+36, equity=$116,707
2026-04-03 16:55:43 | DEBUG    | [20240930] 1 trades, day P&L=$+636, equity=$117,343
2026-04-03 16:55:43 | DEBUG    | [20241001] 1 trades, day P&L=$+186, equity=$117,529
2026-04-03 16:55:43 | DEBUG    | [20241025] 1 trades, day P&L=$+36, equity=$117,565
2026-04-03 16:55:43 | DEBUG    | [20241104] 1 trades, day P&L=$+36, equity=$117,601
2026-04-03 16:55:43 | DEBUG    | [20241115] 1 trades, day P&L=$+36, equity=$117,637
2026-04-03 16:55:44 | DEBUG    | [20241220] 1 trades, day P&L=$+486, equity=$118,123
2026-04-03 16:55:44 | DEBUG    | [20241230] 2 trades, day P&L=$+297, equity=$118,420
2026-04-03 16:55:44 | DEBUG    | [20241231] 1 trades, day P&L=$+561, equity=$118,981
2026-04-03 16:55:44 | DEBUG    | [20250107] 1 trades, day P&L=$+261, equity=$119,242
2026-04-03 16:55:44 | DEBUG    | [20250110] 1 trades, day P&L=$+36, equity=$119,278
2026-04-03 16:55:44 | DEBUG    | [20250127] 1 trades, day P&L=$+36, equity=$119,314
2026-04-03 16:55:44 | DEBUG    | [20250131] 1 trades, day P&L=$+561, equity=$119,875
2026-04-03 16:55:44 | DEBUG    | [20250203] 1 trades, day P&L=$+186, equity=$120,061
2026-04-03 16:55:44 | DEBUG    | [20250207] 1 trades, day P&L=$+36, equity=$120,097
2026-04-03 16:55:44 | DEBUG    | [20250221] 1 trades, day P&L=$+36, equity=$120,133
2026-04-03 16:55:44 | DEBUG    | [20250225] 1 trades, day P&L=$+186, equity=$120,319
2026-04-03 16:55:44 | DEBUG    | [20250310] 1 trades, day P&L=$+861, equity=$121,180
2026-04-03 16:55:44 | DEBUG    | [20250314] 1 trades, day P&L=$+261, equity=$121,441
2026-04-03 16:55:44 | DEBUG    | [20250318] 1 trades, day P&L=$+36, equity=$121,477
2026-04-03 16:55:44 | DEBUG    | [20250321] 1 trades, day P&L=$+36, equity=$121,513
2026-04-03 16:55:44 | DEBUG    | [20250328] 1 trades, day P&L=$+36, equity=$121,549
2026-04-03 16:55:44 | DEBUG    | [20250401] 1 trades, day P&L=$+36, equity=$121,585
2026-04-03 16:55:44 | DEBUG    | [20250408] 1 trades, day P&L=$+1611, equity=$123,196
2026-04-03 16:55:44 | DEBUG    | [20250415] 2 trades, day P&L=$+147, equity=$123,343
2026-04-03 16:55:44 | DEBUG    | [20250421] 1 trades, day P&L=$+711, equity=$124,054
2026-04-03 16:55:44 | DEBUG    | [20250428] 2 trades, day P&L=$+222, equity=$124,276
2026-04-03 16:55:44 | DEBUG    | [20250506] 1 trades, day P&L=$+186, equity=$124,462
2026-04-03 16:55:44 | DEBUG    | [20250509] 1 trades, day P&L=$+36, equity=$124,498
2026-04-03 16:55:44 | DEBUG    | [20250512] 1 trades, day P&L=$+186, equity=$124,684
2026-04-03 16:55:44 | DEBUG    | [20250523] 1 trades, day P&L=$+261, equity=$124,945
2026-04-03 16:55:44 | DEBUG    | [20250530] 2 trades, day P&L=$+1347, equity=$126,292
2026-04-03 16:55:44 | DEBUG    | [20250613] 1 trades, day P&L=$+111, equity=$126,403
2026-04-03 16:55:44 | DEBUG    | [20250630] 1 trades, day P&L=$+36, equity=$126,439
2026-04-03 16:55:44 | DEBUG    | [20250801] 1 trades, day P&L=$+36, equity=$126,475
2026-04-03 16:55:44 | DEBUG    | [20250811] 1 trades, day P&L=$+36, equity=$126,511
2026-04-03 16:55:44 | DEBUG    | [20250930] 1 trades, day P&L=$+36, equity=$126,547
2026-04-03 16:55:44 | DEBUG    | [20251010] 1 trades, day P&L=$+1011, equity=$127,558
2026-04-03 16:55:44 | DEBUG    | [20251107] 1 trades, day P&L=$+36, equity=$127,594
2026-04-03 16:55:44 | DEBUG    | [20251117] 1 trades, day P&L=$+186, equity=$127,780
2026-04-03 16:55:44 | DEBUG    | [20251118] 2 trades, day P&L=$+222, equity=$128,002
2026-04-03 16:55:44 | DEBUG    | [20260120] 1 trades, day P&L=$+36, equity=$128,038
2026-04-03 16:55:44 | DEBUG    | [20260130] 1 trades, day P&L=$+111, equity=$128,149
2026-04-03 16:55:44 | DEBUG    | [20260206] 1 trades, day P&L=$+111, equity=$128,260
2026-04-03 16:55:44 | DEBUG    | [20260227] 2 trades, day P&L=$+147, equity=$128,407
2026-04-03 16:55:44 | DEBUG    | [20260302] 1 trades, day P&L=$+111, equity=$128,518
2026-04-03 16:55:44 | DEBUG    | [20260303] 1 trades, day P&L=$+111, equity=$128,629
2026-04-03 16:55:44 | DEBUG    | [20260309] 1 trades, day P&L=$+111, equity=$128,740
2026-04-03 16:55:44 | DEBUG    | [20260310] 1 trades, day P&L=$+111, equity=$128,851
2026-04-03 16:55:44 | DEBUG    | [20260320] 1 trades, day P&L=$+186, equity=$129,037
2026-04-03 16:55:44 | DEBUG    | [20260324] 1 trades, day P&L=$+36, equity=$129,073
2026-04-03 16:55:44 | INFO     | ============================================================
2026-04-03 16:55:44 | INFO     | SKIP REASONS:
2026-04-03 16:55:44 | INFO     |   dow_filter          : 374
2026-04-03 16:55:44 | INFO     |   early_close         : 6
2026-04-03 16:55:44 | INFO     |   no_quotes           : 11
2026-04-03 16:55:44 | INFO     |   prior_return        : 147
2026-04-03 16:55:44 | INFO     |   TOTAL TRADES        : 143
2026-04-03 16:55:44 | INFO     | ============================================================
2026-04-03 16:55:44 | DEBUG    | [20220114] 1 trades, day P&L=$+180, equity=$100,180
2026-04-03 16:55:44 | DEBUG    | [20220118] 1 trades, day P&L=$+30, equity=$100,210
2026-04-03 16:55:44 | DEBUG    | [20220121] 1 trades, day P&L=$+180, equity=$100,390
2026-04-03 16:55:44 | DEBUG    | [20220128] 1 trades, day P&L=$+180, equity=$100,570
2026-04-03 16:55:44 | DEBUG    | [20220207] 2 trades, day P&L=$+360, equity=$100,930
2026-04-03 16:55:44 | DEBUG    | [20220222] 2 trades, day P&L=$+660, equity=$101,590
2026-04-03 16:55:44 | DEBUG    | [20220225] 1 trades, day P&L=$+330, equity=$101,920
2026-04-03 16:55:44 | DEBUG    | [20220304] 1 trades, day P&L=$+30, equity=$101,950
2026-04-03 16:55:44 | DEBUG    | [20220307] 2 trades, day P&L=$+660, equity=$102,610
2026-04-03 16:55:44 | DEBUG    | [20220311] 2 trades, day P&L=$+210, equity=$102,820
2026-04-03 16:55:44 | DEBUG    | [20220314] 2 trades, day P&L=$+210, equity=$103,030
2026-04-03 16:55:45 | DEBUG    | [20220422] 2 trades, day P&L=$+1110, equity=$104,140
2026-04-03 16:55:45 | DEBUG    | [20220509] 2 trades, day P&L=$+2310, equity=$106,450
2026-04-03 16:55:45 | DEBUG    | [20220513] 2 trades, day P&L=$+960, equity=$107,410
2026-04-03 16:55:45 | DEBUG    | [20220517] 1 trades, day P&L=$+30, equity=$107,440
2026-04-03 16:55:45 | DEBUG    | [20220520] 1 trades, day P&L=$+180, equity=$107,620
2026-04-03 16:55:45 | DEBUG    | [20220628] 1 trades, day P&L=$+30, equity=$107,650
2026-04-03 16:55:45 | DEBUG    | [20220705] 1 trades, day P&L=$+30, equity=$107,680
2026-04-03 16:55:45 | DEBUG    | [20220916] 2 trades, day P&L=$+360, equity=$108,040
2026-04-03 16:55:45 | DEBUG    | [20220923] 2 trades, day P&L=$+210, equity=$108,250
2026-04-03 16:55:45 | DEBUG    | [20220927] 2 trades, day P&L=$+360, equity=$108,610
2026-04-03 16:55:45 | DEBUG    | [20221003] 1 trades, day P&L=$+30, equity=$108,640
2026-04-03 16:55:45 | DEBUG    | [20221007] 2 trades, day P&L=$+510, equity=$109,150
2026-04-03 16:55:45 | DEBUG    | [20230203] 2 trades, day P&L=$+60, equity=$109,210
2026-04-03 16:55:45 | DEBUG    | [20230313] 1 trades, day P&L=$+180, equity=$109,390
2026-04-03 16:55:45 | DEBUG    | [20230331] 1 trades, day P&L=$+30, equity=$109,420
2026-04-03 16:55:46 | DEBUG    | [20240416] 1 trades, day P&L=$+30, equity=$109,450
2026-04-03 16:55:46 | DEBUG    | [20240607] 1 trades, day P&L=$+30, equity=$109,480
2026-04-03 16:55:46 | DEBUG    | [20240628] 1 trades, day P&L=$+180, equity=$109,660
2026-04-03 16:55:46 | DEBUG    | [20240715] 1 trades, day P&L=$+30, equity=$109,690
2026-04-03 16:55:46 | DEBUG    | [20240726] 2 trades, day P&L=$+1110, equity=$110,800
2026-04-03 16:55:46 | DEBUG    | [20240729] 1 trades, day P&L=$+30, equity=$110,830
2026-04-03 16:55:46 | DEBUG    | [20240802] 1 trades, day P&L=$+480, equity=$111,310
2026-04-03 16:55:46 | DEBUG    | [20240812] 2 trades, day P&L=$+510, equity=$111,820
2026-04-03 16:55:46 | DEBUG    | [20240813] 1 trades, day P&L=$+30, equity=$111,850
2026-04-03 16:55:46 | DEBUG    | [20240820] 1 trades, day P&L=$+30, equity=$111,880
2026-04-03 16:55:46 | DEBUG    | [20240823] 1 trades, day P&L=$+30, equity=$111,910
2026-04-03 16:55:46 | DEBUG    | [20240903] 1 trades, day P&L=$+330, equity=$112,240
2026-04-03 16:55:46 | DEBUG    | [20240906] 1 trades, day P&L=$+330, equity=$112,570
2026-04-03 16:55:46 | DEBUG    | [20240913] 1 trades, day P&L=$+30, equity=$112,600
2026-04-03 16:55:46 | DEBUG    | [20240930] 1 trades, day P&L=$+780, equity=$113,380
2026-04-03 16:55:47 | DEBUG    | [20241001] 1 trades, day P&L=$+180, equity=$113,560
2026-04-03 16:55:47 | DEBUG    | [20241115] 1 trades, day P&L=$+30, equity=$113,590
2026-04-03 16:55:47 | DEBUG    | [20241220] 1 trades, day P&L=$+480, equity=$114,070
2026-04-03 16:55:47 | DEBUG    | [20241230] 2 trades, day P&L=$+360, equity=$114,430
2026-04-03 16:55:47 | DEBUG    | [20241231] 1 trades, day P&L=$+480, equity=$114,910
2026-04-03 16:55:47 | DEBUG    | [20250107] 1 trades, day P&L=$+180, equity=$115,090
2026-04-03 16:55:47 | DEBUG    | [20250127] 1 trades, day P&L=$+30, equity=$115,120
2026-04-03 16:55:47 | DEBUG    | [20250131] 1 trades, day P&L=$+630, equity=$115,750
2026-04-03 16:55:47 | DEBUG    | [20250203] 1 trades, day P&L=$+180, equity=$115,930
2026-04-03 16:55:47 | DEBUG    | [20250310] 1 trades, day P&L=$+930, equity=$116,860
2026-04-03 16:55:47 | DEBUG    | [20250314] 1 trades, day P&L=$+330, equity=$117,190
2026-04-03 16:55:47 | DEBUG    | [20250318] 1 trades, day P&L=$+30, equity=$117,220
2026-04-03 16:55:47 | DEBUG    | [20250408] 1 trades, day P&L=$+1080, equity=$118,300
2026-04-03 16:55:47 | DEBUG    | [20250421] 1 trades, day P&L=$+780, equity=$119,080
2026-04-03 16:55:47 | DEBUG    | [20250428] 1 trades, day P&L=$+180, equity=$119,260
2026-04-03 16:55:47 | DEBUG    | [20250506] 1 trades, day P&L=$+30, equity=$119,290
2026-04-03 16:55:47 | DEBUG    | [20250523] 1 trades, day P&L=$+330, equity=$119,620
2026-04-03 16:55:47 | DEBUG    | [20250530] 2 trades, day P&L=$+1260, equity=$120,880
2026-04-03 16:55:47 | DEBUG    | [20250613] 1 trades, day P&L=$+30, equity=$120,910
2026-04-03 16:55:47 | DEBUG    | [20250630] 1 trades, day P&L=$+30, equity=$120,940
2026-04-03 16:55:47 | DEBUG    | [20251010] 1 trades, day P&L=$+1080, equity=$122,020
2026-04-03 16:55:47 | DEBUG    | [20251117] 1 trades, day P&L=$+180, equity=$122,200
2026-04-03 16:55:47 | DEBUG    | [20251118] 1 trades, day P&L=$+180, equity=$122,380
2026-04-03 16:55:47 | DEBUG    | [20260130] 1 trades, day P&L=$+30, equity=$122,410
2026-04-03 16:55:47 | DEBUG    | [20260206] 1 trades, day P&L=$+30, equity=$122,440
2026-04-03 16:55:48 | DEBUG    | [20260227] 1 trades, day P&L=$+30, equity=$122,470
2026-04-03 16:55:48 | DEBUG    | [20260303] 1 trades, day P&L=$+30, equity=$122,500
2026-04-03 16:55:48 | DEBUG    | [20260306] 1 trades, day P&L=$+330, equity=$122,830
2026-04-03 16:55:48 | DEBUG    | [20260320] 1 trades, day P&L=$+180, equity=$123,010
2026-04-03 16:55:48 | INFO     | ============================================================
2026-04-03 16:55:48 | INFO     | SKIP REASONS:
2026-04-03 16:55:48 | INFO     |   dow_filter          : 374
2026-04-03 16:55:48 | INFO     |   early_close         : 6
2026-04-03 16:55:48 | INFO     |   no_quotes           : 11
2026-04-03 16:55:48 | INFO     |   prior_return        : 147
2026-04-03 16:55:48 | INFO     |   TOTAL TRADES        : 87
2026-04-03 16:55:48 | INFO     | ============================================================
2026-04-03 16:55:48 | DEBUG    | [20220110] 2 trades, day P&L=$+30, equity=$100,030
2026-04-03 16:55:48 | DEBUG    | [20220114] 1 trades, day P&L=$+90, equity=$100,120
2026-04-03 16:55:48 | DEBUG    | [20220118] 2 trades, day P&L=$+180, equity=$100,300
2026-04-03 16:55:48 | DEBUG    | [20220121] 2 trades, day P&L=$+555, equity=$100,855
2026-04-03 16:55:48 | DEBUG    | [20220128] 2 trades, day P&L=$+555, equity=$101,410
2026-04-03 16:55:48 | DEBUG    | [20220207] 2 trades, day P&L=$+330, equity=$101,740
2026-04-03 16:55:48 | DEBUG    | [20220222] 2 trades, day P&L=$+855, equity=$102,595
2026-04-03 16:55:48 | DEBUG    | [20220225] 2 trades, day P&L=$+330, equity=$102,925
2026-04-03 16:55:48 | DEBUG    | [20220304] 2 trades, day P&L=$+330, equity=$103,255
2026-04-03 16:55:48 | DEBUG    | [20220307] 2 trades, day P&L=$+480, equity=$103,735
2026-04-03 16:55:48 | DEBUG    | [20220311] 2 trades, day P&L=$+480, equity=$104,215
2026-04-03 16:55:48 | DEBUG    | [20220314] 2 trades, day P&L=$+330, equity=$104,545
2026-04-03 16:55:48 | DEBUG    | [20220408] 2 trades, day P&L=$+30, equity=$104,575
2026-04-03 16:55:48 | DEBUG    | [20220418] 1 trades, day P&L=$+15, equity=$104,590
2026-04-03 16:55:48 | DEBUG    | [20220422] 2 trades, day P&L=$+1230, equity=$105,820
2026-04-03 16:55:48 | DEBUG    | [20220426] 2 trades, day P&L=$+555, equity=$106,375
2026-04-03 16:55:48 | DEBUG    | [20220503] 1 trades, day P&L=$+165, equity=$106,540
2026-04-03 16:55:48 | DEBUG    | [20220509] 2 trades, day P&L=$+1830, equity=$108,370
2026-04-03 16:55:48 | DEBUG    | [20220513] 2 trades, day P&L=$+930, equity=$109,300
2026-04-03 16:55:48 | DEBUG    | [20220517] 1 trades, day P&L=$+15, equity=$109,315
2026-04-03 16:55:48 | DEBUG    | [20220520] 2 trades, day P&L=$+480, equity=$109,795
2026-04-03 16:55:48 | DEBUG    | [20220624] 1 trades, day P&L=$+15, equity=$109,810
2026-04-03 16:55:48 | DEBUG    | [20220628] 1 trades, day P&L=$+15, equity=$109,825
2026-04-03 16:55:48 | DEBUG    | [20220705] 1 trades, day P&L=$+15, equity=$109,840
2026-04-03 16:55:48 | DEBUG    | [20220902] 2 trades, day P&L=$+180, equity=$110,020
2026-04-03 16:55:48 | DEBUG    | [20220913] 1 trades, day P&L=$+15, equity=$110,035
2026-04-03 16:55:48 | DEBUG    | [20220916] 2 trades, day P&L=$+255, equity=$110,290
2026-04-03 16:55:48 | DEBUG    | [20220923] 2 trades, day P&L=$+255, equity=$110,545
2026-04-03 16:55:48 | DEBUG    | [20220927] 2 trades, day P&L=$+255, equity=$110,800
2026-04-03 16:55:48 | DEBUG    | [20221003] 1 trades, day P&L=$+15, equity=$110,815
2026-04-03 16:55:48 | DEBUG    | [20221007] 2 trades, day P&L=$+630, equity=$111,445
2026-04-03 16:55:48 | DEBUG    | [20221011] 1 trades, day P&L=$+15, equity=$111,460
2026-04-03 16:55:48 | DEBUG    | [20221115] 1 trades, day P&L=$+90, equity=$111,550
2026-04-03 16:55:48 | DEBUG    | [20221118] 1 trades, day P&L=$+15, equity=$111,565
2026-04-03 16:55:48 | DEBUG    | [20221209] 1 trades, day P&L=$+15, equity=$111,580
2026-04-03 16:55:48 | DEBUG    | [20221213] 1 trades, day P&L=$+15, equity=$111,595
2026-04-03 16:55:48 | DEBUG    | [20230203] 2 trades, day P&L=$+30, equity=$111,625
2026-04-03 16:55:48 | DEBUG    | [20230313] 1 trades, day P&L=$+165, equity=$111,790
2026-04-03 16:55:49 | DEBUG    | [20230331] 1 trades, day P&L=$+15, equity=$111,805
2026-04-03 16:55:49 | DEBUG    | [20240216] 1 trades, day P&L=$+15, equity=$111,820
2026-04-03 16:55:49 | DEBUG    | [20240415] 1 trades, day P&L=$+15, equity=$111,835
2026-04-03 16:55:49 | DEBUG    | [20240416] 2 trades, day P&L=$+105, equity=$111,940
2026-04-03 16:55:49 | DEBUG    | [20240419] 1 trades, day P&L=$+15, equity=$111,955
2026-04-03 16:55:49 | DEBUG    | [20240422] 1 trades, day P&L=$+15, equity=$111,970
2026-04-03 16:55:50 | DEBUG    | [20240531] 1 trades, day P&L=$+90, equity=$112,060
2026-04-03 16:55:50 | DEBUG    | [20240607] 1 trades, day P&L=$+15, equity=$112,075
2026-04-03 16:55:50 | DEBUG    | [20240628] 1 trades, day P&L=$+240, equity=$112,315
2026-04-03 16:55:50 | DEBUG    | [20240712] 1 trades, day P&L=$+90, equity=$112,405
2026-04-03 16:55:50 | DEBUG    | [20240715] 1 trades, day P&L=$+15, equity=$112,420
2026-04-03 16:55:50 | DEBUG    | [20240726] 2 trades, day P&L=$+780, equity=$113,200
2026-04-03 16:55:50 | DEBUG    | [20240729] 1 trades, day P&L=$+15, equity=$113,215
2026-04-03 16:55:50 | DEBUG    | [20240730] 1 trades, day P&L=$+90, equity=$113,305
2026-04-03 16:55:50 | DEBUG    | [20240802] 1 trades, day P&L=$+465, equity=$113,770
2026-04-03 16:55:50 | DEBUG    | [20240812] 2 trades, day P&L=$+330, equity=$114,100
2026-04-03 16:55:50 | DEBUG    | [20240813] 1 trades, day P&L=$+15, equity=$114,115
2026-04-03 16:55:50 | DEBUG    | [20240820] 1 trades, day P&L=$+15, equity=$114,130
2026-04-03 16:55:50 | DEBUG    | [20240823] 1 trades, day P&L=$+15, equity=$114,145
2026-04-03 16:55:50 | DEBUG    | [20240830] 1 trades, day P&L=$+90, equity=$114,235
2026-04-03 16:55:50 | DEBUG    | [20240903] 1 trades, day P&L=$+390, equity=$114,625
2026-04-03 16:55:50 | DEBUG    | [20240906] 1 trades, day P&L=$+240, equity=$114,865
2026-04-03 16:55:50 | DEBUG    | [20240913] 1 trades, day P&L=$+15, equity=$114,880
2026-04-03 16:55:50 | DEBUG    | [20240930] 1 trades, day P&L=$+615, equity=$115,495
2026-04-03 16:55:50 | DEBUG    | [20241001] 1 trades, day P&L=$+165, equity=$115,660
2026-04-03 16:55:50 | DEBUG    | [20241025] 1 trades, day P&L=$+15, equity=$115,675
2026-04-03 16:55:50 | DEBUG    | [20241104] 1 trades, day P&L=$+15, equity=$115,690
2026-04-03 16:55:50 | DEBUG    | [20241115] 1 trades, day P&L=$+15, equity=$115,705
2026-04-03 16:55:50 | DEBUG    | [20241220] 1 trades, day P&L=$+465, equity=$116,170
2026-04-03 16:55:50 | DEBUG    | [20241230] 2 trades, day P&L=$+255, equity=$116,425
2026-04-03 16:55:50 | DEBUG    | [20241231] 1 trades, day P&L=$+540, equity=$116,965
2026-04-03 16:55:50 | DEBUG    | [20250107] 1 trades, day P&L=$+240, equity=$117,205
2026-04-03 16:55:50 | DEBUG    | [20250110] 1 trades, day P&L=$+15, equity=$117,220
2026-04-03 16:55:50 | DEBUG    | [20250127] 1 trades, day P&L=$+15, equity=$117,235
2026-04-03 16:55:50 | DEBUG    | [20250131] 1 trades, day P&L=$+540, equity=$117,775
2026-04-03 16:55:50 | DEBUG    | [20250203] 1 trades, day P&L=$+165, equity=$117,940
2026-04-03 16:55:50 | DEBUG    | [20250207] 1 trades, day P&L=$+15, equity=$117,955
2026-04-03 16:55:50 | DEBUG    | [20250221] 1 trades, day P&L=$+15, equity=$117,970
2026-04-03 16:55:50 | DEBUG    | [20250225] 1 trades, day P&L=$+165, equity=$118,135
2026-04-03 16:55:50 | DEBUG    | [20250310] 1 trades, day P&L=$+840, equity=$118,975
2026-04-03 16:55:50 | DEBUG    | [20250314] 1 trades, day P&L=$+240, equity=$119,215
2026-04-03 16:55:50 | DEBUG    | [20250318] 1 trades, day P&L=$+15, equity=$119,230
2026-04-03 16:55:50 | DEBUG    | [20250321] 1 trades, day P&L=$+15, equity=$119,245
2026-04-03 16:55:50 | DEBUG    | [20250328] 1 trades, day P&L=$+15, equity=$119,260
2026-04-03 16:55:50 | DEBUG    | [20250401] 1 trades, day P&L=$+15, equity=$119,275
2026-04-03 16:55:50 | DEBUG    | [20250408] 1 trades, day P&L=$+1590, equity=$120,865
2026-04-03 16:55:50 | DEBUG    | [20250415] 2 trades, day P&L=$+105, equity=$120,970
2026-04-03 16:55:50 | DEBUG    | [20250421] 1 trades, day P&L=$+690, equity=$121,660
2026-04-03 16:55:50 | DEBUG    | [20250428] 2 trades, day P&L=$+180, equity=$121,840
2026-04-03 16:55:50 | DEBUG    | [20250506] 1 trades, day P&L=$+165, equity=$122,005
2026-04-03 16:55:50 | DEBUG    | [20250509] 1 trades, day P&L=$+15, equity=$122,020
2026-04-03 16:55:50 | DEBUG    | [20250512] 1 trades, day P&L=$+165, equity=$122,185
2026-04-03 16:55:50 | DEBUG    | [20250523] 1 trades, day P&L=$+240, equity=$122,425
2026-04-03 16:55:50 | DEBUG    | [20250530] 2 trades, day P&L=$+1305, equity=$123,730
2026-04-03 16:55:50 | DEBUG    | [20250613] 1 trades, day P&L=$+90, equity=$123,820
2026-04-03 16:55:50 | DEBUG    | [20250630] 1 trades, day P&L=$+15, equity=$123,835
2026-04-03 16:55:50 | DEBUG    | [20250801] 1 trades, day P&L=$+15, equity=$123,850
2026-04-03 16:55:50 | DEBUG    | [20250811] 1 trades, day P&L=$+15, equity=$123,865
2026-04-03 16:55:51 | DEBUG    | [20250930] 1 trades, day P&L=$+15, equity=$123,880
2026-04-03 16:55:51 | DEBUG    | [20251010] 1 trades, day P&L=$+990, equity=$124,870
2026-04-03 16:55:51 | DEBUG    | [20251107] 1 trades, day P&L=$+15, equity=$124,885
2026-04-03 16:55:51 | DEBUG    | [20251117] 1 trades, day P&L=$+165, equity=$125,050
2026-04-03 16:55:51 | DEBUG    | [20251118] 2 trades, day P&L=$+180, equity=$125,230
2026-04-03 16:55:51 | DEBUG    | [20260120] 1 trades, day P&L=$+15, equity=$125,245
2026-04-03 16:55:51 | DEBUG    | [20260130] 1 trades, day P&L=$+90, equity=$125,335
2026-04-03 16:55:51 | DEBUG    | [20260206] 1 trades, day P&L=$+90, equity=$125,425
2026-04-03 16:55:51 | DEBUG    | [20260227] 2 trades, day P&L=$+105, equity=$125,530
2026-04-03 16:55:51 | DEBUG    | [20260302] 1 trades, day P&L=$+90, equity=$125,620
2026-04-03 16:55:51 | DEBUG    | [20260303] 1 trades, day P&L=$+90, equity=$125,710
2026-04-03 16:55:51 | DEBUG    | [20260309] 1 trades, day P&L=$+90, equity=$125,800
2026-04-03 16:55:51 | DEBUG    | [20260310] 1 trades, day P&L=$+90, equity=$125,890
2026-04-03 16:55:51 | DEBUG    | [20260320] 1 trades, day P&L=$+165, equity=$126,055
2026-04-03 16:55:51 | DEBUG    | [20260324] 1 trades, day P&L=$+15, equity=$126,070
2026-04-03 16:55:51 | INFO     | ============================================================
2026-04-03 16:55:51 | INFO     | SKIP REASONS:
2026-04-03 16:55:51 | INFO     |   dow_filter          : 374
2026-04-03 16:55:51 | INFO     |   early_close         : 6
2026-04-03 16:55:51 | INFO     |   no_quotes           : 11
2026-04-03 16:55:51 | INFO     |   prior_return        : 147
2026-04-03 16:55:51 | INFO     |   TOTAL TRADES        : 143
2026-04-03 16:55:51 | INFO     | ============================================================
