2026-04-03 14:52:04 | INFO     | Log file: /Users/jeerapongwongchote/Documents/thetadata/apex/logs/apex_run_20260403_145203.log
2026-04-03 14:52:11 | INFO     | Built daily indicators: 1065 dates (20220103 → 20260401)
2026-04-03 14:52:11 | DEBUG    | [20220110] 2 trades, day P&L=$+42, equity=$100,042
2026-04-03 14:52:11 | DEBUG    | [20220114] 1 trades, day P&L=$+91, equity=$100,133
2026-04-03 14:52:11 | DEBUG    | [20220118] 2 trades, day P&L=$+147, equity=$100,280
2026-04-03 14:52:11 | DEBUG    | [20220121] 2 trades, day P&L=$+427, equity=$100,707
2026-04-03 14:52:11 | DEBUG    | [20220128] 2 trades, day P&L=$+392, equity=$101,099
2026-04-03 14:52:11 | DEBUG    | [20220207] 2 trades, day P&L=$+252, equity=$101,351
2026-04-03 14:52:11 | DEBUG    | [20220222] 2 trades, day P&L=$+532, equity=$101,883
2026-04-03 14:52:11 | DEBUG    | [20220225] 2 trades, day P&L=$+182, equity=$102,065
2026-04-03 14:52:11 | DEBUG    | [20220304] 2 trades, day P&L=$+182, equity=$102,247
2026-04-03 14:52:11 | DEBUG    | [20220307] 2 trades, day P&L=$+287, equity=$102,534
2026-04-03 14:52:11 | DEBUG    | [20220311] 2 trades, day P&L=$+322, equity=$102,856
2026-04-03 14:52:11 | DEBUG    | [20220314] 2 trades, day P&L=$+217, equity=$103,073
2026-04-03 14:52:11 | DEBUG    | [20220318] 1 trades, day P&L=$+21, equity=$103,094
2026-04-03 14:52:11 | DEBUG    | [20220331] 2 trades, day P&L=$+812, equity=$103,906
2026-04-03 14:52:11 | DEBUG    | [20220408] 2 trades, day P&L=$+42, equity=$103,948
2026-04-03 14:52:11 | DEBUG    | [20220414] 1 trades, day P&L=$+21, equity=$103,969
2026-04-03 14:52:11 | DEBUG    | [20220418] 1 trades, day P&L=$+21, equity=$103,990
2026-04-03 14:52:11 | DEBUG    | [20220422] 2 trades, day P&L=$+812, equity=$104,802
2026-04-03 14:52:11 | DEBUG    | [20220426] 2 trades, day P&L=$+322, equity=$105,124
2026-04-03 14:52:11 | DEBUG    | [20220503] 1 trades, day P&L=$+91, equity=$105,215
2026-04-03 14:52:11 | DEBUG    | [20220509] 2 trades, day P&L=$+1092, equity=$106,307
2026-04-03 14:52:11 | DEBUG    | [20220513] 2 trades, day P&L=$+532, equity=$106,839
2026-04-03 14:52:11 | DEBUG    | [20220517] 1 trades, day P&L=$+21, equity=$106,860
2026-04-03 14:52:11 | DEBUG    | [20220520] 2 trades, day P&L=$+357, equity=$107,217
2026-04-03 14:52:11 | DEBUG    | [20220526] 1 trades, day P&L=$+56, equity=$107,273
2026-04-03 14:52:11 | DEBUG    | [20220602] 1 trades, day P&L=$+21, equity=$107,294
2026-04-03 14:52:11 | DEBUG    | [20220609] 1 trades, day P&L=$+21, equity=$107,315
2026-04-03 14:52:11 | DEBUG    | [20220616] 2 trades, day P&L=$+42, equity=$107,357
2026-04-03 14:52:11 | DEBUG    | [20220623] 1 trades, day P&L=$+21, equity=$107,378
2026-04-03 14:52:11 | DEBUG    | [20220624] 1 trades, day P&L=$+21, equity=$107,399
2026-04-03 14:52:11 | DEBUG    | [20220628] 1 trades, day P&L=$+21, equity=$107,420
2026-04-03 14:52:11 | DEBUG    | [20220630] 2 trades, day P&L=$-399, equity=$107,021
2026-04-03 14:52:11 | DEBUG    | [20220705] 2 trades, day P&L=$+42, equity=$107,063
2026-04-03 14:52:11 | DEBUG    | [20220707] 1 trades, day P&L=$+21, equity=$107,084
2026-04-03 14:52:11 | DEBUG    | [20220719] 1 trades, day P&L=$+21, equity=$107,105
2026-04-03 14:52:12 | DEBUG    | [20220902] 2 trades, day P&L=$+147, equity=$107,252
2026-04-03 14:52:12 | DEBUG    | [20220913] 2 trades, day P&L=$+77, equity=$107,329
2026-04-03 14:52:12 | DEBUG    | [20220915] 2 trades, day P&L=$+182, equity=$107,511
2026-04-03 14:52:12 | DEBUG    | [20220916] 2 trades, day P&L=$+147, equity=$107,658
2026-04-03 14:52:12 | DEBUG    | [20220923] 2 trades, day P&L=$+182, equity=$107,840
2026-04-03 14:52:12 | DEBUG    | [20220927] 2 trades, day P&L=$+182, equity=$108,022
2026-04-03 14:52:12 | DEBUG    | [20221003] 1 trades, day P&L=$+21, equity=$108,043
2026-04-03 14:52:12 | DEBUG    | [20221006] 1 trades, day P&L=$+91, equity=$108,134
2026-04-03 14:52:12 | DEBUG    | [20221007] 2 trades, day P&L=$+357, equity=$108,491
2026-04-03 14:52:12 | DEBUG    | [20221011] 1 trades, day P&L=$+21, equity=$108,512
2026-04-03 14:52:12 | DEBUG    | [20221013] 2 trades, day P&L=$+252, equity=$108,764
2026-04-03 14:52:12 | DEBUG    | [20221020] 2 trades, day P&L=$+42, equity=$108,806
2026-04-03 14:52:12 | DEBUG    | [20221021] 1 trades, day P&L=$+21, equity=$108,827
2026-04-03 14:52:12 | DEBUG    | [20221115] 1 trades, day P&L=$+56, equity=$108,883
2026-04-03 14:52:12 | DEBUG    | [20221118] 1 trades, day P&L=$+21, equity=$108,904
2026-04-03 14:52:12 | DEBUG    | [20221209] 1 trades, day P&L=$+21, equity=$108,925
2026-04-03 14:52:12 | DEBUG    | [20221213] 1 trades, day P&L=$+21, equity=$108,946
2026-04-03 14:52:12 | DEBUG    | [20221215] 1 trades, day P&L=$+21, equity=$108,967
2026-04-03 14:52:12 | DEBUG    | [20230202] 1 trades, day P&L=$+21, equity=$108,988
2026-04-03 14:52:12 | DEBUG    | [20230203] 2 trades, day P&L=$+42, equity=$109,030
2026-04-03 14:52:12 | DEBUG    | [20230309] 2 trades, day P&L=$+112, equity=$109,142
2026-04-03 14:52:12 | DEBUG    | [20230313] 1 trades, day P&L=$+126, equity=$109,268
2026-04-03 14:52:12 | DEBUG    | [20230316] 2 trades, day P&L=$+112, equity=$109,380
2026-04-03 14:52:12 | DEBUG    | [20230331] 2 trades, day P&L=$+77, equity=$109,457
2026-04-03 14:52:13 | DEBUG    | [20230707] 1 trades, day P&L=$+56, equity=$109,513
2026-04-03 14:52:13 | DEBUG    | [20230825] 1 trades, day P&L=$+21, equity=$109,534
2026-04-03 14:52:13 | DEBUG    | [20230929] 1 trades, day P&L=$+56, equity=$109,590
2026-04-03 14:52:13 | DEBUG    | [20231019] 1 trades, day P&L=$+21, equity=$109,611
2026-04-03 14:52:14 | DEBUG    | [20240216] 1 trades, day P&L=$+21, equity=$109,632
2026-04-03 14:52:14 | DEBUG    | [20240328] 1 trades, day P&L=$+56, equity=$109,688
2026-04-03 14:52:14 | DEBUG    | [20240404] 1 trades, day P&L=$+56, equity=$109,744
2026-04-03 14:52:14 | DEBUG    | [20240412] 1 trades, day P&L=$+21, equity=$109,765
2026-04-03 14:52:14 | DEBUG    | [20240415] 1 trades, day P&L=$+21, equity=$109,786
2026-04-03 14:52:14 | DEBUG    | [20240416] 2 trades, day P&L=$+112, equity=$109,898
2026-04-03 14:52:14 | DEBUG    | [20240418] 1 trades, day P&L=$+21, equity=$109,919
2026-04-03 14:52:14 | DEBUG    | [20240419] 1 trades, day P&L=$+21, equity=$109,940
2026-04-03 14:52:14 | DEBUG    | [20240422] 1 trades, day P&L=$+21, equity=$109,961
2026-04-03 14:52:14 | DEBUG    | [20240531] 1 trades, day P&L=$+56, equity=$110,017
2026-04-03 14:52:14 | DEBUG    | [20240607] 1 trades, day P&L=$+21, equity=$110,038
2026-04-03 14:52:14 | DEBUG    | [20240627] 1 trades, day P&L=$+21, equity=$110,059
2026-04-03 14:52:14 | DEBUG    | [20240628] 1 trades, day P&L=$+161, equity=$110,220
2026-04-03 14:52:14 | DEBUG    | [20240712] 1 trades, day P&L=$+56, equity=$110,276
2026-04-03 14:52:14 | DEBUG    | [20240715] 1 trades, day P&L=$+21, equity=$110,297
2026-04-03 14:52:14 | DEBUG    | [20240718] 1 trades, day P&L=$+161, equity=$110,458
2026-04-03 14:52:14 | DEBUG    | [20240719] 1 trades, day P&L=$+56, equity=$110,514
2026-04-03 14:52:14 | DEBUG    | [20240726] 2 trades, day P&L=$+497, equity=$111,011
2026-04-03 14:52:14 | DEBUG    | [20240729] 1 trades, day P&L=$+21, equity=$111,032
2026-04-03 14:52:14 | DEBUG    | [20240730] 1 trades, day P&L=$+56, equity=$111,088
2026-04-03 14:52:14 | DEBUG    | [20240802] 1 trades, day P&L=$+301, equity=$111,389
2026-04-03 14:52:14 | DEBUG    | [20240808] 1 trades, day P&L=$+21, equity=$111,410
2026-04-03 14:52:14 | DEBUG    | [20240812] 2 trades, day P&L=$+217, equity=$111,627
2026-04-03 14:52:14 | DEBUG    | [20240813] 1 trades, day P&L=$+21, equity=$111,648
2026-04-03 14:52:14 | DEBUG    | [20240820] 1 trades, day P&L=$+21, equity=$111,669
2026-04-03 14:52:14 | DEBUG    | [20240823] 1 trades, day P&L=$+21, equity=$111,690
2026-04-03 14:52:14 | DEBUG    | [20240829] 1 trades, day P&L=$+161, equity=$111,851
2026-04-03 14:52:14 | DEBUG    | [20240830] 1 trades, day P&L=$+56, equity=$111,907
2026-04-03 14:52:14 | DEBUG    | [20240903] 1 trades, day P&L=$+301, equity=$112,208
2026-04-03 14:52:14 | DEBUG    | [20240905] 1 trades, day P&L=$+21, equity=$112,229
2026-04-03 14:52:14 | DEBUG    | [20240906] 1 trades, day P&L=$+161, equity=$112,390
2026-04-03 14:52:14 | DEBUG    | [20240913] 1 trades, day P&L=$+21, equity=$112,411
2026-04-03 14:52:14 | DEBUG    | [20240919] 2 trades, day P&L=$+77, equity=$112,488
2026-04-03 14:52:14 | DEBUG    | [20240930] 1 trades, day P&L=$+336, equity=$112,824
2026-04-03 14:52:14 | DEBUG    | [20241001] 1 trades, day P&L=$+126, equity=$112,950
2026-04-03 14:52:14 | DEBUG    | [20241010] 1 trades, day P&L=$+21, equity=$112,971
2026-04-03 14:52:15 | DEBUG    | [20241025] 1 trades, day P&L=$+21, equity=$112,992
2026-04-03 14:52:15 | DEBUG    | [20241031] 1 trades, day P&L=$+21, equity=$113,013
2026-04-03 14:52:15 | DEBUG    | [20241104] 1 trades, day P&L=$+21, equity=$113,034
2026-04-03 14:52:15 | DEBUG    | [20241115] 1 trades, day P&L=$+21, equity=$113,055
2026-04-03 14:52:15 | DEBUG    | [20241220] 1 trades, day P&L=$+336, equity=$113,391
2026-04-03 14:52:15 | DEBUG    | [20241227] 1 trades, day P&L=$+56, equity=$113,447
2026-04-03 14:52:15 | DEBUG    | [20241230] 2 trades, day P&L=$+147, equity=$113,594
2026-04-03 14:52:15 | DEBUG    | [20241231] 1 trades, day P&L=$+336, equity=$113,930
2026-04-03 14:52:15 | DEBUG    | [20250102] 1 trades, day P&L=$+161, equity=$114,091
2026-04-03 14:52:15 | DEBUG    | [20250107] 1 trades, day P&L=$+126, equity=$114,217
2026-04-03 14:52:15 | DEBUG    | [20250110] 1 trades, day P&L=$+21, equity=$114,238
2026-04-03 14:52:15 | DEBUG    | [20250127] 1 trades, day P&L=$+21, equity=$114,259
2026-04-03 14:52:15 | DEBUG    | [20250131] 1 trades, day P&L=$+371, equity=$114,630
2026-04-03 14:52:15 | DEBUG    | [20250203] 1 trades, day P&L=$+126, equity=$114,756
2026-04-03 14:52:15 | DEBUG    | [20250207] 1 trades, day P&L=$+21, equity=$114,777
2026-04-03 14:52:15 | DEBUG    | [20250221] 1 trades, day P&L=$+21, equity=$114,798
2026-04-03 14:52:15 | DEBUG    | [20250225] 1 trades, day P&L=$+126, equity=$114,924
2026-04-03 14:52:15 | DEBUG    | [20250227] 1 trades, day P&L=$+126, equity=$115,050
2026-04-03 14:52:15 | DEBUG    | [20250306] 1 trades, day P&L=$+791, equity=$115,841
2026-04-03 14:52:15 | DEBUG    | [20250310] 1 trades, day P&L=$+581, equity=$116,422
2026-04-03 14:52:15 | DEBUG    | [20250313] 1 trades, day P&L=$+56, equity=$116,478
2026-04-03 14:52:15 | DEBUG    | [20250314] 1 trades, day P&L=$+126, equity=$116,604
2026-04-03 14:52:15 | DEBUG    | [20250318] 1 trades, day P&L=$+21, equity=$116,625
2026-04-03 14:52:15 | DEBUG    | [20250321] 1 trades, day P&L=$+21, equity=$116,646
2026-04-03 14:52:15 | DEBUG    | [20250327] 2 trades, day P&L=$+42, equity=$116,688
2026-04-03 14:52:15 | DEBUG    | [20250328] 1 trades, day P&L=$+21, equity=$116,709
2026-04-03 14:52:15 | DEBUG    | [20250401] 1 trades, day P&L=$+21, equity=$116,730
2026-04-03 14:52:15 | DEBUG    | [20250403] 1 trades, day P&L=$+441, equity=$117,171
2026-04-03 14:52:15 | DEBUG    | [20250415] 2 trades, day P&L=$+77, equity=$117,248
2026-04-03 14:52:15 | DEBUG    | [20250421] 1 trades, day P&L=$+371, equity=$117,619
2026-04-03 14:52:15 | DEBUG    | [20250428] 2 trades, day P&L=$+147, equity=$117,766
2026-04-03 14:52:15 | DEBUG    | [20250501] 2 trades, day P&L=$-518, equity=$117,248
2026-04-03 14:52:15 | DEBUG    | [20250502] 1 trades, day P&L=$+21, equity=$117,269
2026-04-03 14:52:15 | DEBUG    | [20250505] 1 trades, day P&L=$+56, equity=$117,325
2026-04-03 14:52:15 | DEBUG    | [20250506] 1 trades, day P&L=$+91, equity=$117,416
2026-04-03 14:52:15 | DEBUG    | [20250508] 2 trades, day P&L=$+462, equity=$117,878
2026-04-03 14:52:15 | DEBUG    | [20250509] 1 trades, day P&L=$+21, equity=$117,899
2026-04-03 14:52:15 | DEBUG    | [20250512] 1 trades, day P&L=$+91, equity=$117,990
2026-04-03 14:52:15 | DEBUG    | [20250523] 1 trades, day P&L=$+161, equity=$118,151
2026-04-03 14:52:15 | DEBUG    | [20250529] 1 trades, day P&L=$+91, equity=$118,242
2026-04-03 14:52:15 | DEBUG    | [20250530] 2 trades, day P&L=$+847, equity=$119,089
2026-04-03 14:52:15 | DEBUG    | [20250605] 1 trades, day P&L=$+91, equity=$119,180
2026-04-03 14:52:15 | DEBUG    | [20250613] 1 trades, day P&L=$+91, equity=$119,271
2026-04-03 14:52:15 | DEBUG    | [20250623] 1 trades, day P&L=$+21, equity=$119,292
2026-04-03 14:52:15 | DEBUG    | [20250630] 1 trades, day P&L=$+21, equity=$119,313
2026-04-03 14:52:15 | DEBUG    | [20250731] 1 trades, day P&L=$+126, equity=$119,439
2026-04-03 14:52:15 | DEBUG    | [20250801] 1 trades, day P&L=$+21, equity=$119,460
2026-04-03 14:52:15 | DEBUG    | [20250811] 1 trades, day P&L=$+21, equity=$119,481
2026-04-03 14:52:16 | DEBUG    | [20250930] 1 trades, day P&L=$+21, equity=$119,502
2026-04-03 14:52:16 | DEBUG    | [20251010] 1 trades, day P&L=$+756, equity=$120,258
2026-04-03 14:52:16 | DEBUG    | [20251016] 1 trades, day P&L=$+161, equity=$120,419
2026-04-03 14:52:16 | DEBUG    | [20251031] 1 trades, day P&L=$+56, equity=$120,475
2026-04-03 14:52:16 | DEBUG    | [20251106] 1 trades, day P&L=$+56, equity=$120,531
2026-04-03 14:52:16 | DEBUG    | [20251107] 1 trades, day P&L=$+21, equity=$120,552
2026-04-03 14:52:16 | DEBUG    | [20251113] 1 trades, day P&L=$+91, equity=$120,643
2026-04-03 14:52:16 | DEBUG    | [20251117] 1 trades, day P&L=$+91, equity=$120,734
2026-04-03 14:52:16 | DEBUG    | [20251118] 2 trades, day P&L=$+112, equity=$120,846
2026-04-03 14:52:16 | DEBUG    | [20251120] 1 trades, day P&L=$+301, equity=$121,147
2026-04-03 14:52:16 | DEBUG    | [20251218] 2 trades, day P&L=$+217, equity=$121,364
2026-04-03 14:52:16 | DEBUG    | [20260120] 1 trades, day P&L=$+21, equity=$121,385
2026-04-03 14:52:16 | DEBUG    | [20260130] 2 trades, day P&L=$+147, equity=$121,532
2026-04-03 14:52:16 | DEBUG    | [20260205] 1 trades, day P&L=$+161, equity=$121,693
2026-04-03 14:52:16 | DEBUG    | [20260206] 1 trades, day P&L=$+91, equity=$121,784
2026-04-03 14:52:16 | DEBUG    | [20260212] 1 trades, day P&L=$+126, equity=$121,910
2026-04-03 14:52:16 | DEBUG    | [20260227] 2 trades, day P&L=$+112, equity=$122,022
2026-04-03 14:52:16 | DEBUG    | [20260302] 1 trades, day P&L=$+56, equity=$122,078
2026-04-03 14:52:16 | DEBUG    | [20260303] 1 trades, day P&L=$+91, equity=$122,169
2026-04-03 14:52:16 | DEBUG    | [20260305] 1 trades, day P&L=$+91, equity=$122,260
2026-04-03 14:52:16 | DEBUG    | [20260306] 1 trades, day P&L=$+161, equity=$122,421
2026-04-03 14:52:16 | DEBUG    | [20260309] 1 trades, day P&L=$+91, equity=$122,512
2026-04-03 14:52:16 | DEBUG    | [20260310] 2 trades, day P&L=$+112, equity=$122,624
2026-04-03 14:52:16 | DEBUG    | [20260320] 1 trades, day P&L=$+91, equity=$122,715
2026-04-03 14:52:16 | DEBUG    | [20260324] 1 trades, day P&L=$+21, equity=$122,736
2026-04-03 14:52:16 | INFO     | ============================================================
2026-04-03 14:52:16 | INFO     | SKIP REASONS:
2026-04-03 14:52:16 | INFO     |   dow_filter          : 192
2026-04-03 14:52:16 | INFO     |   early_close         : 6
2026-04-03 14:52:16 | INFO     |   no_quotes           : 21
2026-04-03 14:52:16 | INFO     |   prior_return        : 147
2026-04-03 14:52:16 | INFO     |   TOTAL TRADES        : 222
2026-04-03 14:52:16 | INFO     | ============================================================
