2026-04-03 14:21:24 | INFO     | Log file: /Users/jeerapongwongchote/Documents/thetadata/apex/logs/apex_run_20260403_142124.log
2026-04-03 14:21:29 | INFO     | Built daily indicators: 1065 dates (20220103 → 20260401)
2026-04-03 14:21:29 | DEBUG    | [20220107] 1 trades, day P&L=$+130, equity=$100,130
2026-04-03 14:21:29 | DEBUG    | [20220110] 1 trades, day P&L=$+330, equity=$100,460
2026-04-03 14:21:29 | DEBUG    | [20220114] 1 trades, day P&L=$+130, equity=$100,590
2026-04-03 14:21:29 | DEBUG    | [20220118] 1 trades, day P&L=$+80, equity=$100,670
2026-04-03 14:21:29 | DEBUG    | [20220121] 1 trades, day P&L=$+380, equity=$101,050
2026-04-03 14:21:29 | DEBUG    | [20220128] 1 trades, day P&L=$+580, equity=$101,630
2026-04-03 14:21:29 | DEBUG    | [20220207] 1 trades, day P&L=$+230, equity=$101,860
2026-04-03 14:21:29 | DEBUG    | [20220222] 1 trades, day P&L=$+330, equity=$102,190
2026-04-03 14:21:29 | DEBUG    | [20220225] 1 trades, day P&L=$+330, equity=$102,520
2026-04-03 14:21:29 | DEBUG    | [20220304] 1 trades, day P&L=$+380, equity=$102,900
2026-04-03 14:21:29 | DEBUG    | [20220307] 1 trades, day P&L=$+580, equity=$103,480
2026-04-03 14:21:29 | DEBUG    | [20220311] 1 trades, day P&L=$+330, equity=$103,810
2026-04-03 14:21:29 | DEBUG    | [20220314] 1 trades, day P&L=$+130, equity=$103,940
2026-04-03 14:21:29 | DEBUG    | [20220318] 1 trades, day P&L=$+280, equity=$104,220
2026-04-03 14:21:29 | DEBUG    | [20220325] 1 trades, day P&L=$+80, equity=$104,300
2026-04-03 14:21:29 | DEBUG    | [20220331] 1 trades, day P&L=$-3370, equity=$100,930
2026-04-03 14:21:29 | DEBUG    | [20220408] 1 trades, day P&L=$+280, equity=$101,210
2026-04-03 14:21:29 | DEBUG    | [20220414] 1 trades, day P&L=$+80, equity=$101,290
2026-04-03 14:21:29 | DEBUG    | [20220418] 1 trades, day P&L=$+30, equity=$101,320
2026-04-03 14:21:29 | DEBUG    | [20220422] 1 trades, day P&L=$+630, equity=$101,950
2026-04-03 14:21:29 | DEBUG    | [20220426] 1 trades, day P&L=$+280, equity=$102,230
2026-04-03 14:21:29 | DEBUG    | [20220503] 1 trades, day P&L=$+130, equity=$102,360
2026-04-03 14:21:29 | DEBUG    | [20220509] 1 trades, day P&L=$+630, equity=$102,990
2026-04-03 14:21:29 | DEBUG    | [20220513] 1 trades, day P&L=$+530, equity=$103,520
2026-04-03 14:21:29 | DEBUG    | [20220517] 1 trades, day P&L=$+30, equity=$103,550
2026-04-03 14:21:29 | DEBUG    | [20220520] 1 trades, day P&L=$+730, equity=$104,280
2026-04-03 14:21:29 | DEBUG    | [20220526] 1 trades, day P&L=$+80, equity=$104,360
2026-04-03 14:21:29 | DEBUG    | [20220602] 1 trades, day P&L=$+30, equity=$104,390
2026-04-03 14:21:29 | DEBUG    | [20220609] 1 trades, day P&L=$-2180, equity=$102,210
2026-04-03 14:21:29 | DEBUG    | [20220616] 1 trades, day P&L=$+430, equity=$102,640
2026-04-03 14:21:29 | DEBUG    | [20220630] 1 trades, day P&L=$+580, equity=$103,220
2026-04-03 14:21:29 | DEBUG    | [20220701] 1 trades, day P&L=$+30, equity=$103,250
2026-04-03 14:21:29 | DEBUG    | [20220705] 1 trades, day P&L=$+30, equity=$103,280
2026-04-03 14:21:29 | DEBUG    | [20220707] 1 trades, day P&L=$+30, equity=$103,310
2026-04-03 14:21:29 | DEBUG    | [20220712] 1 trades, day P&L=$+130, equity=$103,440
2026-04-03 14:21:29 | DEBUG    | [20220715] 1 trades, day P&L=$+80, equity=$103,520
2026-04-03 14:21:29 | DEBUG    | [20220719] 1 trades, day P&L=$+30, equity=$103,550
2026-04-03 14:21:29 | DEBUG    | [20220901] 1 trades, day P&L=$+30, equity=$103,580
2026-04-03 14:21:29 | DEBUG    | [20220902] 1 trades, day P&L=$+130, equity=$103,710
2026-04-03 14:21:29 | DEBUG    | [20220906] 1 trades, day P&L=$+180, equity=$103,890
2026-04-03 14:21:29 | DEBUG    | [20220913] 1 trades, day P&L=$+80, equity=$103,970
2026-04-03 14:21:29 | DEBUG    | [20220915] 1 trades, day P&L=$+180, equity=$104,150
2026-04-03 14:21:29 | DEBUG    | [20220916] 1 trades, day P&L=$+80, equity=$104,230
2026-04-03 14:21:29 | DEBUG    | [20220920] 1 trades, day P&L=$+30, equity=$104,260
2026-04-03 14:21:29 | DEBUG    | [20220923] 1 trades, day P&L=$+330, equity=$104,590
2026-04-03 14:21:29 | DEBUG    | [20220927] 1 trades, day P&L=$+530, equity=$105,120
2026-04-03 14:21:29 | DEBUG    | [20221003] 1 trades, day P&L=$+80, equity=$105,200
2026-04-03 14:21:29 | DEBUG    | [20221006] 1 trades, day P&L=$+130, equity=$105,330
2026-04-03 14:21:29 | DEBUG    | [20221007] 1 trades, day P&L=$+280, equity=$105,610
2026-04-03 14:21:29 | DEBUG    | [20221011] 1 trades, day P&L=$+30, equity=$105,640
2026-04-03 14:21:29 | DEBUG    | [20221013] 1 trades, day P&L=$+230, equity=$105,870
2026-04-03 14:21:29 | DEBUG    | [20221020] 1 trades, day P&L=$+30, equity=$105,900
2026-04-03 14:21:29 | DEBUG    | [20221021] 1 trades, day P&L=$+30, equity=$105,930
2026-04-03 14:21:29 | DEBUG    | [20221104] 1 trades, day P&L=$+30, equity=$105,960
2026-04-03 14:21:29 | DEBUG    | [20221115] 1 trades, day P&L=$+380, equity=$106,340
2026-04-03 14:21:30 | DEBUG    | [20221209] 1 trades, day P&L=$+30, equity=$106,370
2026-04-03 14:21:30 | DEBUG    | [20221213] 1 trades, day P&L=$+30, equity=$106,400
2026-04-03 14:21:30 | DEBUG    | [20221215] 1 trades, day P&L=$+30, equity=$106,430
2026-04-03 14:21:30 | DEBUG    | [20230202] 1 trades, day P&L=$+30, equity=$106,460
2026-04-03 14:21:30 | DEBUG    | [20230203] 1 trades, day P&L=$+30, equity=$106,490
2026-04-03 14:21:30 | DEBUG    | [20230216] 1 trades, day P&L=$+30, equity=$106,520
2026-04-03 14:21:30 | DEBUG    | [20230309] 1 trades, day P&L=$+130, equity=$106,650
2026-04-03 14:21:30 | DEBUG    | [20230313] 1 trades, day P&L=$+580, equity=$107,230
2026-04-03 14:21:30 | DEBUG    | [20230314] 1 trades, day P&L=$+30, equity=$107,260
2026-04-03 14:21:30 | DEBUG    | [20230316] 1 trades, day P&L=$+30, equity=$107,290
2026-04-03 14:21:30 | DEBUG    | [20230324] 1 trades, day P&L=$+80, equity=$107,370
2026-04-03 14:21:30 | DEBUG    | [20230331] 1 trades, day P&L=$+80, equity=$107,450
2026-04-03 14:21:30 | DEBUG    | [20230427] 1 trades, day P&L=$+30, equity=$107,480
2026-04-03 14:21:30 | DEBUG    | [20230504] 1 trades, day P&L=$+30, equity=$107,510
2026-04-03 14:21:30 | DEBUG    | [20230707] 1 trades, day P&L=$+80, equity=$107,590
2026-04-03 14:21:30 | DEBUG    | [20230727] 1 trades, day P&L=$+30, equity=$107,620
2026-04-03 14:21:30 | DEBUG    | [20230804] 1 trades, day P&L=$+80, equity=$107,700
2026-04-03 14:21:30 | DEBUG    | [20230824] 1 trades, day P&L=$+30, equity=$107,730
2026-04-03 14:21:30 | DEBUG    | [20230825] 1 trades, day P&L=$+30, equity=$107,760
2026-04-03 14:21:30 | DEBUG    | [20230929] 1 trades, day P&L=$+80, equity=$107,840
2026-04-03 14:21:30 | DEBUG    | [20231003] 1 trades, day P&L=$+80, equity=$107,920
2026-04-03 14:21:31 | DEBUG    | [20231019] 1 trades, day P&L=$+30, equity=$107,950
2026-04-03 14:21:31 | DEBUG    | [20231229] 1 trades, day P&L=$+80, equity=$108,030
2026-04-03 14:21:31 | DEBUG    | [20240216] 1 trades, day P&L=$+80, equity=$108,110
2026-04-03 14:21:31 | DEBUG    | [20240308] 1 trades, day P&L=$+130, equity=$108,240
2026-04-03 14:21:31 | DEBUG    | [20240315] 1 trades, day P&L=$+80, equity=$108,320
2026-04-03 14:21:31 | DEBUG    | [20240328] 1 trades, day P&L=$+80, equity=$108,400
2026-04-03 14:21:31 | DEBUG    | [20240404] 1 trades, day P&L=$+80, equity=$108,480
2026-04-03 14:21:31 | DEBUG    | [20240412] 1 trades, day P&L=$+30, equity=$108,510
2026-04-03 14:21:31 | DEBUG    | [20240415] 1 trades, day P&L=$+130, equity=$108,640
2026-04-03 14:21:31 | DEBUG    | [20240416] 1 trades, day P&L=$+130, equity=$108,770
2026-04-03 14:21:31 | DEBUG    | [20240418] 1 trades, day P&L=$+30, equity=$108,800
2026-04-03 14:21:31 | DEBUG    | [20240419] 1 trades, day P&L=$+230, equity=$109,030
2026-04-03 14:21:31 | DEBUG    | [20240502] 1 trades, day P&L=$+30, equity=$109,060
2026-04-03 14:21:31 | DEBUG    | [20240604] 1 trades, day P&L=$+130, equity=$109,190
2026-04-03 14:21:31 | DEBUG    | [20240607] 1 trades, day P&L=$+30, equity=$109,220
2026-04-03 14:21:31 | DEBUG    | [20240620] 1 trades, day P&L=$+30, equity=$109,250
2026-04-03 14:21:31 | DEBUG    | [20240621] 1 trades, day P&L=$+30, equity=$109,280
2026-04-03 14:21:31 | DEBUG    | [20240627] 1 trades, day P&L=$+30, equity=$109,310
2026-04-03 14:21:31 | DEBUG    | [20240628] 1 trades, day P&L=$+630, equity=$109,940
2026-04-03 14:21:31 | DEBUG    | [20240701] 1 trades, day P&L=$+30, equity=$109,970
2026-04-03 14:21:31 | DEBUG    | [20240711] 1 trades, day P&L=$+30, equity=$110,000
2026-04-03 14:21:31 | DEBUG    | [20240715] 1 trades, day P&L=$+30, equity=$110,030
2026-04-03 14:21:31 | DEBUG    | [20240718] 1 trades, day P&L=$+230, equity=$110,260
2026-04-03 14:21:31 | DEBUG    | [20240719] 1 trades, day P&L=$+80, equity=$110,340
2026-04-03 14:21:31 | DEBUG    | [20240723] 1 trades, day P&L=$+30, equity=$110,370
2026-04-03 14:21:31 | DEBUG    | [20240726] 1 trades, day P&L=$+430, equity=$110,800
2026-04-03 14:21:31 | DEBUG    | [20240729] 1 trades, day P&L=$+30, equity=$110,830
2026-04-03 14:21:31 | DEBUG    | [20240730] 1 trades, day P&L=$+80, equity=$110,910
2026-04-03 14:21:31 | DEBUG    | [20240802] 1 trades, day P&L=$+880, equity=$111,790
2026-04-03 14:21:31 | DEBUG    | [20240812] 1 trades, day P&L=$+230, equity=$112,020
2026-04-03 14:21:31 | DEBUG    | [20240822] 1 trades, day P&L=$+80, equity=$112,100
2026-04-03 14:21:31 | DEBUG    | [20240829] 1 trades, day P&L=$+230, equity=$112,330
2026-04-03 14:21:31 | DEBUG    | [20240903] 1 trades, day P&L=$+430, equity=$112,760
2026-04-03 14:21:31 | DEBUG    | [20240905] 1 trades, day P&L=$+280, equity=$113,040
2026-04-03 14:21:31 | DEBUG    | [20240906] 1 trades, day P&L=$+630, equity=$113,670
2026-04-03 14:21:31 | DEBUG    | [20240910] 1 trades, day P&L=$+80, equity=$113,750
2026-04-03 14:21:31 | DEBUG    | [20240917] 1 trades, day P&L=$+30, equity=$113,780
2026-04-03 14:21:31 | DEBUG    | [20240919] 1 trades, day P&L=$+80, equity=$113,860
2026-04-03 14:21:32 | DEBUG    | [20241001] 1 trades, day P&L=$+180, equity=$114,040
2026-04-03 14:21:32 | DEBUG    | [20241007] 1 trades, day P&L=$+30, equity=$114,070
2026-04-03 14:21:32 | DEBUG    | [20241010] 1 trades, day P&L=$+30, equity=$114,100
2026-04-03 14:21:32 | DEBUG    | [20241025] 1 trades, day P&L=$+30, equity=$114,130
2026-04-03 14:21:32 | DEBUG    | [20241031] 1 trades, day P&L=$+280, equity=$114,410
2026-04-03 14:21:32 | DEBUG    | [20241104] 1 trades, day P&L=$+30, equity=$114,440
2026-04-03 14:21:32 | DEBUG    | [20241115] 1 trades, day P&L=$+30, equity=$114,470
2026-04-03 14:21:32 | DEBUG    | [20241227] 1 trades, day P&L=$+80, equity=$114,550
2026-04-03 14:21:32 | DEBUG    | [20241230] 1 trades, day P&L=$-2740, equity=$111,810
2026-04-03 14:21:32 | DEBUG    | [20241231] 1 trades, day P&L=$+480, equity=$112,290
2026-04-03 14:21:32 | DEBUG    | [20250102] 1 trades, day P&L=$+230, equity=$112,520
2026-04-03 14:21:32 | DEBUG    | [20250106] 1 trades, day P&L=$+30, equity=$112,550
2026-04-03 14:21:32 | DEBUG    | [20250107] 1 trades, day P&L=$+180, equity=$112,730
2026-04-03 14:21:32 | DEBUG    | [20250110] 1 trades, day P&L=$+230, equity=$112,960
2026-04-03 14:21:32 | DEBUG    | [20250114] 1 trades, day P&L=$+80, equity=$113,040
2026-04-03 14:21:32 | DEBUG    | [20250124] 1 trades, day P&L=$+80, equity=$113,120
2026-04-03 14:21:32 | DEBUG    | [20250131] 1 trades, day P&L=$+530, equity=$113,650
2026-04-03 14:21:32 | DEBUG    | [20250207] 1 trades, day P&L=$+30, equity=$113,680
2026-04-03 14:21:32 | DEBUG    | [20250221] 1 trades, day P&L=$+30, equity=$113,710
2026-04-03 14:21:32 | DEBUG    | [20250225] 1 trades, day P&L=$+530, equity=$114,240
2026-04-03 14:21:32 | DEBUG    | [20250227] 1 trades, day P&L=$+180, equity=$114,420
2026-04-03 14:21:32 | DEBUG    | [20250306] 1 trades, day P&L=$+1130, equity=$115,550
2026-04-03 14:21:32 | DEBUG    | [20250310] 1 trades, day P&L=$+1480, equity=$117,030
2026-04-03 14:21:32 | DEBUG    | [20250313] 1 trades, day P&L=$+380, equity=$117,410
2026-04-03 14:21:32 | DEBUG    | [20250318] 1 trades, day P&L=$+230, equity=$117,640
2026-04-03 14:21:32 | DEBUG    | [20250327] 1 trades, day P&L=$+330, equity=$117,970
2026-04-03 14:21:32 | DEBUG    | [20250328] 1 trades, day P&L=$+380, equity=$118,350
2026-04-03 14:21:32 | DEBUG    | [20250403] 1 trades, day P&L=$+1330, equity=$119,680
2026-04-03 14:21:32 | DEBUG    | [20250408] 1 trades, day P&L=$+3030, equity=$122,710
2026-04-03 14:21:32 | DEBUG    | [20250415] 1 trades, day P&L=$+280, equity=$122,990
2026-04-03 14:21:32 | DEBUG    | [20250421] 1 trades, day P&L=$+530, equity=$123,520
2026-04-03 14:21:32 | DEBUG    | [20250428] 1 trades, day P&L=$+30, equity=$123,550
2026-04-03 14:21:32 | DEBUG    | [20250501] 1 trades, day P&L=$-5570, equity=$117,980
2026-04-03 14:21:32 | DEBUG    | [20250505] 1 trades, day P&L=$+80, equity=$118,060
2026-04-03 14:21:32 | DEBUG    | [20250506] 1 trades, day P&L=$+130, equity=$118,190
2026-04-03 14:21:32 | DEBUG    | [20250508] 1 trades, day P&L=$+630, equity=$118,820
2026-04-03 14:21:32 | DEBUG    | [20250509] 1 trades, day P&L=$+80, equity=$118,900
2026-04-03 14:21:32 | DEBUG    | [20250520] 1 trades, day P&L=$+30, equity=$118,930
2026-04-03 14:21:32 | DEBUG    | [20250529] 1 trades, day P&L=$+430, equity=$119,360
2026-04-03 14:21:32 | DEBUG    | [20250530] 1 trades, day P&L=$+1230, equity=$120,590
2026-04-03 14:21:32 | DEBUG    | [20250605] 1 trades, day P&L=$+280, equity=$120,870
2026-04-03 14:21:32 | DEBUG    | [20250613] 1 trades, day P&L=$+130, equity=$121,000
2026-04-03 14:21:32 | DEBUG    | [20250620] 1 trades, day P&L=$+30, equity=$121,030
2026-04-03 14:21:32 | DEBUG    | [20250711] 1 trades, day P&L=$+30, equity=$121,060
2026-04-03 14:21:32 | DEBUG    | [20250731] 1 trades, day P&L=$+630, equity=$121,690
2026-04-03 14:21:32 | DEBUG    | [20250801] 1 trades, day P&L=$+330, equity=$122,020
2026-04-03 14:21:32 | DEBUG    | [20250811] 1 trades, day P&L=$+30, equity=$122,050
2026-04-03 14:21:32 | DEBUG    | [20250815] 1 trades, day P&L=$+30, equity=$122,080
2026-04-03 14:21:32 | DEBUG    | [20250829] 1 trades, day P&L=$+80, equity=$122,160
2026-04-03 14:21:32 | DEBUG    | [20250905] 1 trades, day P&L=$+80, equity=$122,240
2026-04-03 14:21:32 | DEBUG    | [20250923] 1 trades, day P&L=$+30, equity=$122,270
2026-04-03 14:21:32 | DEBUG    | [20251010] 1 trades, day P&L=$+1080, equity=$123,350
2026-04-03 14:21:32 | DEBUG    | [20251016] 1 trades, day P&L=$+580, equity=$123,930
2026-04-03 14:21:32 | DEBUG    | [20251028] 1 trades, day P&L=$+30, equity=$123,960
2026-04-03 14:21:32 | DEBUG    | [20251030] 1 trades, day P&L=$+180, equity=$124,140
2026-04-03 14:21:32 | DEBUG    | [20251031] 1 trades, day P&L=$+330, equity=$124,470
2026-04-03 14:21:33 | DEBUG    | [20251104] 1 trades, day P&L=$+130, equity=$124,600
2026-04-03 14:21:33 | DEBUG    | [20251106] 1 trades, day P&L=$+380, equity=$124,980
2026-04-03 14:21:33 | DEBUG    | [20251113] 1 trades, day P&L=$+380, equity=$125,360
2026-04-03 14:21:33 | DEBUG    | [20251117] 1 trades, day P&L=$+130, equity=$125,490
2026-04-03 14:21:33 | DEBUG    | [20251118] 1 trades, day P&L=$+130, equity=$125,620
2026-04-03 14:21:33 | DEBUG    | [20251120] 1 trades, day P&L=$+430, equity=$126,050
2026-04-03 14:21:33 | DEBUG    | [20251218] 1 trades, day P&L=$+80, equity=$126,130
2026-04-03 14:21:33 | DEBUG    | [20260102] 1 trades, day P&L=$+30, equity=$126,160
2026-04-03 14:21:33 | DEBUG    | [20260120] 1 trades, day P&L=$+230, equity=$126,390
2026-04-03 14:21:33 | DEBUG    | [20260129] 1 trades, day P&L=$+80, equity=$126,470
2026-04-03 14:21:33 | DEBUG    | [20260130] 1 trades, day P&L=$+280, equity=$126,750
2026-04-03 14:21:33 | DEBUG    | [20260203] 1 trades, day P&L=$+130, equity=$126,880
2026-04-03 14:21:33 | DEBUG    | [20260205] 1 trades, day P&L=$+230, equity=$127,110
2026-04-03 14:21:33 | DEBUG    | [20260212] 1 trades, day P&L=$+180, equity=$127,290
2026-04-03 14:21:33 | DEBUG    | [20260219] 1 trades, day P&L=$+30, equity=$127,320
2026-04-03 14:21:33 | DEBUG    | [20260305] 1 trades, day P&L=$+130, equity=$127,450
2026-04-03 14:21:33 | DEBUG    | [20260306] 1 trades, day P&L=$+230, equity=$127,680
2026-04-03 14:21:33 | DEBUG    | [20260310] 1 trades, day P&L=$+80, equity=$127,760
2026-04-03 14:21:33 | DEBUG    | [20260320] 1 trades, day P&L=$+130, equity=$127,890
2026-04-03 14:21:33 | DEBUG    | [20260324] 1 trades, day P&L=$+30, equity=$127,920
2026-04-03 14:21:33 | INFO     | ============================================================
2026-04-03 14:21:33 | INFO     | SKIP REASONS:
2026-04-03 14:21:33 | INFO     |   dow_filter          : 192
2026-04-03 14:21:33 | INFO     |   early_close         : 6
2026-04-03 14:21:33 | INFO     |   no_quotes           : 21
2026-04-03 14:21:33 | INFO     |   prior_return        : 147
2026-04-03 14:21:33 | INFO     |   TOTAL TRADES        : 190
2026-04-03 14:21:33 | INFO     | ============================================================
2026-04-03 14:21:33 | DEBUG    | [20220107] 1 trades, day P&L=$+130, equity=$100,130
2026-04-03 14:21:33 | DEBUG    | [20220110] 1 trades, day P&L=$+330, equity=$100,460
2026-04-03 14:21:33 | DEBUG    | [20220114] 1 trades, day P&L=$+130, equity=$100,590
2026-04-03 14:21:33 | DEBUG    | [20220118] 1 trades, day P&L=$+80, equity=$100,670
2026-04-03 14:21:33 | DEBUG    | [20220121] 1 trades, day P&L=$+380, equity=$101,050
2026-04-03 14:21:33 | DEBUG    | [20220128] 1 trades, day P&L=$+580, equity=$101,630
2026-04-03 14:21:33 | DEBUG    | [20220207] 1 trades, day P&L=$+230, equity=$101,860
2026-04-03 14:21:33 | DEBUG    | [20220222] 1 trades, day P&L=$+330, equity=$102,190
2026-04-03 14:21:33 | DEBUG    | [20220225] 1 trades, day P&L=$+330, equity=$102,520
2026-04-03 14:21:33 | DEBUG    | [20220304] 1 trades, day P&L=$+380, equity=$102,900
2026-04-03 14:21:33 | DEBUG    | [20220307] 1 trades, day P&L=$+580, equity=$103,480
2026-04-03 14:21:33 | DEBUG    | [20220311] 1 trades, day P&L=$+330, equity=$103,810
2026-04-03 14:21:33 | DEBUG    | [20220314] 1 trades, day P&L=$+130, equity=$103,940
2026-04-03 14:21:33 | DEBUG    | [20220318] 1 trades, day P&L=$+280, equity=$104,220
2026-04-03 14:21:33 | DEBUG    | [20220325] 1 trades, day P&L=$+80, equity=$104,300
2026-04-03 14:21:33 | DEBUG    | [20220331] 1 trades, day P&L=$-3370, equity=$100,930
2026-04-03 14:21:33 | DEBUG    | [20220408] 1 trades, day P&L=$+280, equity=$101,210
2026-04-03 14:21:33 | DEBUG    | [20220414] 1 trades, day P&L=$+80, equity=$101,290
2026-04-03 14:21:33 | DEBUG    | [20220418] 1 trades, day P&L=$+30, equity=$101,320
2026-04-03 14:21:33 | DEBUG    | [20220422] 1 trades, day P&L=$+630, equity=$101,950
2026-04-03 14:21:33 | DEBUG    | [20220426] 1 trades, day P&L=$+280, equity=$102,230
2026-04-03 14:21:33 | DEBUG    | [20220503] 1 trades, day P&L=$+130, equity=$102,360
2026-04-03 14:21:33 | DEBUG    | [20220509] 1 trades, day P&L=$+630, equity=$102,990
2026-04-03 14:21:33 | DEBUG    | [20220513] 1 trades, day P&L=$+530, equity=$103,520
2026-04-03 14:21:33 | DEBUG    | [20220517] 1 trades, day P&L=$+30, equity=$103,550
2026-04-03 14:21:33 | DEBUG    | [20220520] 1 trades, day P&L=$+730, equity=$104,280
2026-04-03 14:21:33 | DEBUG    | [20220526] 1 trades, day P&L=$+80, equity=$104,360
2026-04-03 14:21:33 | DEBUG    | [20220602] 1 trades, day P&L=$+30, equity=$104,390
2026-04-03 14:21:33 | DEBUG    | [20220609] 1 trades, day P&L=$-2180, equity=$102,210
2026-04-03 14:21:33 | DEBUG    | [20220616] 1 trades, day P&L=$+430, equity=$102,640
2026-04-03 14:21:33 | DEBUG    | [20220630] 1 trades, day P&L=$+580, equity=$103,220
2026-04-03 14:21:33 | DEBUG    | [20220701] 1 trades, day P&L=$+30, equity=$103,250
2026-04-03 14:21:33 | DEBUG    | [20220705] 1 trades, day P&L=$+30, equity=$103,280
2026-04-03 14:21:33 | DEBUG    | [20220707] 1 trades, day P&L=$+30, equity=$103,310
2026-04-03 14:21:33 | DEBUG    | [20220712] 1 trades, day P&L=$+130, equity=$103,440
2026-04-03 14:21:33 | DEBUG    | [20220715] 1 trades, day P&L=$+80, equity=$103,520
2026-04-03 14:21:33 | DEBUG    | [20220719] 1 trades, day P&L=$+30, equity=$103,550
2026-04-03 14:21:33 | DEBUG    | [20220901] 1 trades, day P&L=$+30, equity=$103,580
2026-04-03 14:21:33 | DEBUG    | [20220902] 1 trades, day P&L=$+130, equity=$103,710
2026-04-03 14:21:33 | DEBUG    | [20220906] 1 trades, day P&L=$+180, equity=$103,890
2026-04-03 14:21:33 | DEBUG    | [20220913] 1 trades, day P&L=$+80, equity=$103,970
2026-04-03 14:21:33 | DEBUG    | [20220915] 1 trades, day P&L=$+180, equity=$104,150
2026-04-03 14:21:33 | DEBUG    | [20220916] 1 trades, day P&L=$+80, equity=$104,230
2026-04-03 14:21:33 | DEBUG    | [20220920] 1 trades, day P&L=$+30, equity=$104,260
2026-04-03 14:21:33 | DEBUG    | [20220923] 1 trades, day P&L=$+330, equity=$104,590
2026-04-03 14:21:33 | DEBUG    | [20220927] 1 trades, day P&L=$+530, equity=$105,120
2026-04-03 14:21:33 | DEBUG    | [20221003] 1 trades, day P&L=$+80, equity=$105,200
2026-04-03 14:21:33 | DEBUG    | [20221006] 1 trades, day P&L=$+130, equity=$105,330
2026-04-03 14:21:33 | DEBUG    | [20221007] 1 trades, day P&L=$+280, equity=$105,610
2026-04-03 14:21:33 | DEBUG    | [20221011] 1 trades, day P&L=$+30, equity=$105,640
2026-04-03 14:21:33 | DEBUG    | [20221013] 1 trades, day P&L=$+230, equity=$105,870
2026-04-03 14:21:33 | DEBUG    | [20221020] 1 trades, day P&L=$+30, equity=$105,900
2026-04-03 14:21:33 | DEBUG    | [20221021] 1 trades, day P&L=$+30, equity=$105,930
2026-04-03 14:21:34 | DEBUG    | [20221104] 1 trades, day P&L=$+30, equity=$105,960
2026-04-03 14:21:34 | DEBUG    | [20221115] 1 trades, day P&L=$+380, equity=$106,340
2026-04-03 14:21:34 | DEBUG    | [20221209] 1 trades, day P&L=$+30, equity=$106,370
2026-04-03 14:21:34 | DEBUG    | [20221213] 1 trades, day P&L=$+30, equity=$106,400
2026-04-03 14:21:34 | DEBUG    | [20221215] 1 trades, day P&L=$+30, equity=$106,430
2026-04-03 14:21:34 | DEBUG    | [20230202] 1 trades, day P&L=$+30, equity=$106,460
2026-04-03 14:21:34 | DEBUG    | [20230203] 1 trades, day P&L=$+30, equity=$106,490
2026-04-03 14:21:34 | DEBUG    | [20230216] 1 trades, day P&L=$+30, equity=$106,520
2026-04-03 14:21:34 | DEBUG    | [20230309] 1 trades, day P&L=$+130, equity=$106,650
2026-04-03 14:21:34 | DEBUG    | [20230313] 1 trades, day P&L=$+580, equity=$107,230
2026-04-03 14:21:34 | DEBUG    | [20230314] 1 trades, day P&L=$+30, equity=$107,260
2026-04-03 14:21:34 | DEBUG    | [20230316] 1 trades, day P&L=$+30, equity=$107,290
2026-04-03 14:21:34 | DEBUG    | [20230324] 1 trades, day P&L=$+80, equity=$107,370
2026-04-03 14:21:34 | DEBUG    | [20230331] 1 trades, day P&L=$+80, equity=$107,450
2026-04-03 14:21:34 | DEBUG    | [20230427] 1 trades, day P&L=$+30, equity=$107,480
2026-04-03 14:21:34 | DEBUG    | [20230504] 1 trades, day P&L=$+30, equity=$107,510
2026-04-03 14:21:34 | DEBUG    | [20230707] 1 trades, day P&L=$+80, equity=$107,590
2026-04-03 14:21:34 | DEBUG    | [20230727] 1 trades, day P&L=$+30, equity=$107,620
2026-04-03 14:21:34 | DEBUG    | [20230804] 1 trades, day P&L=$+80, equity=$107,700
2026-04-03 14:21:34 | DEBUG    | [20230824] 1 trades, day P&L=$+30, equity=$107,730
2026-04-03 14:21:34 | DEBUG    | [20230825] 1 trades, day P&L=$+30, equity=$107,760
2026-04-03 14:21:34 | DEBUG    | [20230929] 1 trades, day P&L=$+80, equity=$107,840
2026-04-03 14:21:34 | DEBUG    | [20231003] 1 trades, day P&L=$+80, equity=$107,920
2026-04-03 14:21:35 | DEBUG    | [20231019] 1 trades, day P&L=$+30, equity=$107,950
2026-04-03 14:21:35 | DEBUG    | [20231229] 1 trades, day P&L=$+80, equity=$108,030
2026-04-03 14:21:35 | DEBUG    | [20240216] 1 trades, day P&L=$+80, equity=$108,110
2026-04-03 14:21:35 | DEBUG    | [20240308] 1 trades, day P&L=$+130, equity=$108,240
2026-04-03 14:21:35 | DEBUG    | [20240315] 1 trades, day P&L=$+80, equity=$108,320
2026-04-03 14:21:35 | DEBUG    | [20240328] 1 trades, day P&L=$+80, equity=$108,400
2026-04-03 14:21:35 | DEBUG    | [20240404] 1 trades, day P&L=$+80, equity=$108,480
2026-04-03 14:21:35 | DEBUG    | [20240412] 1 trades, day P&L=$+30, equity=$108,510
2026-04-03 14:21:35 | DEBUG    | [20240415] 1 trades, day P&L=$+130, equity=$108,640
2026-04-03 14:21:35 | DEBUG    | [20240416] 1 trades, day P&L=$+130, equity=$108,770
2026-04-03 14:21:35 | DEBUG    | [20240418] 1 trades, day P&L=$+30, equity=$108,800
2026-04-03 14:21:35 | DEBUG    | [20240419] 1 trades, day P&L=$+230, equity=$109,030
2026-04-03 14:21:35 | DEBUG    | [20240502] 1 trades, day P&L=$+30, equity=$109,060
2026-04-03 14:21:35 | DEBUG    | [20240604] 1 trades, day P&L=$+130, equity=$109,190
2026-04-03 14:21:35 | DEBUG    | [20240607] 1 trades, day P&L=$+30, equity=$109,220
2026-04-03 14:21:35 | DEBUG    | [20240620] 1 trades, day P&L=$+30, equity=$109,250
2026-04-03 14:21:35 | DEBUG    | [20240621] 1 trades, day P&L=$+30, equity=$109,280
2026-04-03 14:21:35 | DEBUG    | [20240627] 1 trades, day P&L=$+30, equity=$109,310
2026-04-03 14:21:35 | DEBUG    | [20240628] 1 trades, day P&L=$+630, equity=$109,940
2026-04-03 14:21:35 | DEBUG    | [20240701] 1 trades, day P&L=$+30, equity=$109,970
2026-04-03 14:21:35 | DEBUG    | [20240711] 1 trades, day P&L=$+30, equity=$110,000
2026-04-03 14:21:35 | DEBUG    | [20240715] 1 trades, day P&L=$+30, equity=$110,030
2026-04-03 14:21:35 | DEBUG    | [20240718] 1 trades, day P&L=$+230, equity=$110,260
2026-04-03 14:21:35 | DEBUG    | [20240719] 1 trades, day P&L=$+80, equity=$110,340
2026-04-03 14:21:35 | DEBUG    | [20240723] 1 trades, day P&L=$+30, equity=$110,370
2026-04-03 14:21:35 | DEBUG    | [20240726] 1 trades, day P&L=$+430, equity=$110,800
2026-04-03 14:21:35 | DEBUG    | [20240729] 1 trades, day P&L=$+30, equity=$110,830
2026-04-03 14:21:35 | DEBUG    | [20240730] 1 trades, day P&L=$+80, equity=$110,910
2026-04-03 14:21:35 | DEBUG    | [20240802] 1 trades, day P&L=$+880, equity=$111,790
2026-04-03 14:21:35 | DEBUG    | [20240812] 1 trades, day P&L=$+230, equity=$112,020
2026-04-03 14:21:35 | DEBUG    | [20240822] 1 trades, day P&L=$+80, equity=$112,100
2026-04-03 14:21:35 | DEBUG    | [20240829] 1 trades, day P&L=$+230, equity=$112,330
2026-04-03 14:21:35 | DEBUG    | [20240903] 1 trades, day P&L=$+430, equity=$112,760
2026-04-03 14:21:35 | DEBUG    | [20240905] 1 trades, day P&L=$+280, equity=$113,040
2026-04-03 14:21:35 | DEBUG    | [20240906] 1 trades, day P&L=$+630, equity=$113,670
2026-04-03 14:21:35 | DEBUG    | [20240910] 1 trades, day P&L=$+80, equity=$113,750
2026-04-03 14:21:35 | DEBUG    | [20240917] 1 trades, day P&L=$+30, equity=$113,780
2026-04-03 14:21:35 | DEBUG    | [20240919] 1 trades, day P&L=$+80, equity=$113,860
2026-04-03 14:21:35 | DEBUG    | [20241001] 1 trades, day P&L=$+180, equity=$114,040
2026-04-03 14:21:35 | DEBUG    | [20241007] 1 trades, day P&L=$+30, equity=$114,070
2026-04-03 14:21:35 | DEBUG    | [20241010] 1 trades, day P&L=$+30, equity=$114,100
2026-04-03 14:21:35 | DEBUG    | [20241025] 1 trades, day P&L=$+30, equity=$114,130
2026-04-03 14:21:35 | DEBUG    | [20241031] 1 trades, day P&L=$+280, equity=$114,410
2026-04-03 14:21:35 | DEBUG    | [20241104] 1 trades, day P&L=$+30, equity=$114,440
2026-04-03 14:21:36 | DEBUG    | [20241115] 1 trades, day P&L=$+30, equity=$114,470
2026-04-03 14:21:36 | DEBUG    | [20241227] 1 trades, day P&L=$+80, equity=$114,550
2026-04-03 14:21:36 | DEBUG    | [20241230] 1 trades, day P&L=$-2740, equity=$111,810
2026-04-03 14:21:36 | DEBUG    | [20241231] 1 trades, day P&L=$+480, equity=$112,290
2026-04-03 14:21:36 | DEBUG    | [20250102] 1 trades, day P&L=$+230, equity=$112,520
2026-04-03 14:21:36 | DEBUG    | [20250106] 1 trades, day P&L=$+30, equity=$112,550
2026-04-03 14:21:36 | DEBUG    | [20250107] 1 trades, day P&L=$+180, equity=$112,730
2026-04-03 14:21:36 | DEBUG    | [20250110] 1 trades, day P&L=$+230, equity=$112,960
2026-04-03 14:21:36 | DEBUG    | [20250114] 1 trades, day P&L=$+80, equity=$113,040
2026-04-03 14:21:36 | DEBUG    | [20250124] 1 trades, day P&L=$+80, equity=$113,120
2026-04-03 14:21:36 | DEBUG    | [20250131] 1 trades, day P&L=$+530, equity=$113,650
2026-04-03 14:21:36 | DEBUG    | [20250207] 1 trades, day P&L=$+30, equity=$113,680
2026-04-03 14:21:36 | DEBUG    | [20250221] 1 trades, day P&L=$+30, equity=$113,710
2026-04-03 14:21:36 | DEBUG    | [20250225] 1 trades, day P&L=$+530, equity=$114,240
2026-04-03 14:21:36 | DEBUG    | [20250227] 1 trades, day P&L=$+180, equity=$114,420
2026-04-03 14:21:36 | DEBUG    | [20250306] 1 trades, day P&L=$+1130, equity=$115,550
2026-04-03 14:21:36 | DEBUG    | [20250310] 1 trades, day P&L=$+1480, equity=$117,030
2026-04-03 14:21:36 | DEBUG    | [20250313] 1 trades, day P&L=$+380, equity=$117,410
2026-04-03 14:21:36 | DEBUG    | [20250318] 1 trades, day P&L=$+230, equity=$117,640
2026-04-03 14:21:36 | DEBUG    | [20250327] 1 trades, day P&L=$+330, equity=$117,970
2026-04-03 14:21:36 | DEBUG    | [20250328] 1 trades, day P&L=$+380, equity=$118,350
2026-04-03 14:21:36 | DEBUG    | [20250403] 1 trades, day P&L=$+1330, equity=$119,680
2026-04-03 14:21:36 | DEBUG    | [20250408] 1 trades, day P&L=$+3030, equity=$122,710
2026-04-03 14:21:36 | DEBUG    | [20250415] 1 trades, day P&L=$+280, equity=$122,990
2026-04-03 14:21:36 | DEBUG    | [20250421] 1 trades, day P&L=$+530, equity=$123,520
2026-04-03 14:21:36 | DEBUG    | [20250428] 1 trades, day P&L=$+30, equity=$123,550
2026-04-03 14:21:36 | DEBUG    | [20250501] 1 trades, day P&L=$-5570, equity=$117,980
2026-04-03 14:21:36 | DEBUG    | [20250505] 1 trades, day P&L=$+80, equity=$118,060
2026-04-03 14:21:36 | DEBUG    | [20250506] 1 trades, day P&L=$+130, equity=$118,190
2026-04-03 14:21:36 | DEBUG    | [20250508] 1 trades, day P&L=$+630, equity=$118,820
2026-04-03 14:21:36 | DEBUG    | [20250509] 1 trades, day P&L=$+80, equity=$118,900
2026-04-03 14:21:36 | DEBUG    | [20250520] 1 trades, day P&L=$+30, equity=$118,930
2026-04-03 14:21:36 | DEBUG    | [20250529] 1 trades, day P&L=$+430, equity=$119,360
2026-04-03 14:21:36 | DEBUG    | [20250530] 1 trades, day P&L=$+1230, equity=$120,590
2026-04-03 14:21:36 | DEBUG    | [20250605] 1 trades, day P&L=$+280, equity=$120,870
2026-04-03 14:21:36 | DEBUG    | [20250613] 1 trades, day P&L=$+130, equity=$121,000
2026-04-03 14:21:36 | DEBUG    | [20250620] 1 trades, day P&L=$+30, equity=$121,030
2026-04-03 14:21:36 | DEBUG    | [20250711] 1 trades, day P&L=$+30, equity=$121,060
2026-04-03 14:21:36 | DEBUG    | [20250731] 1 trades, day P&L=$+630, equity=$121,690
2026-04-03 14:21:36 | DEBUG    | [20250801] 1 trades, day P&L=$+330, equity=$122,020
2026-04-03 14:21:36 | DEBUG    | [20250811] 1 trades, day P&L=$+30, equity=$122,050
2026-04-03 14:21:36 | DEBUG    | [20250815] 1 trades, day P&L=$+30, equity=$122,080
2026-04-03 14:21:36 | DEBUG    | [20250829] 1 trades, day P&L=$+80, equity=$122,160
2026-04-03 14:21:36 | DEBUG    | [20250905] 1 trades, day P&L=$+80, equity=$122,240
2026-04-03 14:21:36 | DEBUG    | [20250923] 1 trades, day P&L=$+30, equity=$122,270
2026-04-03 14:21:36 | DEBUG    | [20251010] 1 trades, day P&L=$+1080, equity=$123,350
2026-04-03 14:21:36 | DEBUG    | [20251016] 1 trades, day P&L=$+580, equity=$123,930
2026-04-03 14:21:36 | DEBUG    | [20251028] 1 trades, day P&L=$+30, equity=$123,960
2026-04-03 14:21:36 | DEBUG    | [20251030] 1 trades, day P&L=$+180, equity=$124,140
2026-04-03 14:21:36 | DEBUG    | [20251031] 1 trades, day P&L=$+330, equity=$124,470
2026-04-03 14:21:36 | DEBUG    | [20251104] 1 trades, day P&L=$+130, equity=$124,600
2026-04-03 14:21:36 | DEBUG    | [20251106] 1 trades, day P&L=$+380, equity=$124,980
2026-04-03 14:21:36 | DEBUG    | [20251113] 1 trades, day P&L=$+380, equity=$125,360
2026-04-03 14:21:36 | DEBUG    | [20251117] 1 trades, day P&L=$+130, equity=$125,490
2026-04-03 14:21:36 | DEBUG    | [20251118] 1 trades, day P&L=$+130, equity=$125,620
2026-04-03 14:21:36 | DEBUG    | [20251120] 1 trades, day P&L=$+430, equity=$126,050
2026-04-03 14:21:36 | DEBUG    | [20251218] 1 trades, day P&L=$+80, equity=$126,130
2026-04-03 14:21:36 | DEBUG    | [20260102] 1 trades, day P&L=$+30, equity=$126,160
2026-04-03 14:21:37 | DEBUG    | [20260120] 1 trades, day P&L=$+230, equity=$126,390
2026-04-03 14:21:37 | DEBUG    | [20260129] 1 trades, day P&L=$+80, equity=$126,470
2026-04-03 14:21:37 | DEBUG    | [20260130] 1 trades, day P&L=$+280, equity=$126,750
2026-04-03 14:21:37 | DEBUG    | [20260203] 1 trades, day P&L=$+130, equity=$126,880
2026-04-03 14:21:37 | DEBUG    | [20260205] 1 trades, day P&L=$+230, equity=$127,110
2026-04-03 14:21:37 | DEBUG    | [20260212] 1 trades, day P&L=$+180, equity=$127,290
2026-04-03 14:21:37 | DEBUG    | [20260219] 1 trades, day P&L=$+30, equity=$127,320
2026-04-03 14:21:37 | DEBUG    | [20260305] 1 trades, day P&L=$+130, equity=$127,450
2026-04-03 14:21:37 | DEBUG    | [20260306] 1 trades, day P&L=$+230, equity=$127,680
2026-04-03 14:21:37 | DEBUG    | [20260310] 1 trades, day P&L=$+80, equity=$127,760
2026-04-03 14:21:37 | DEBUG    | [20260320] 1 trades, day P&L=$+130, equity=$127,890
2026-04-03 14:21:37 | DEBUG    | [20260324] 1 trades, day P&L=$+30, equity=$127,920
2026-04-03 14:21:37 | INFO     | ============================================================
2026-04-03 14:21:37 | INFO     | SKIP REASONS:
2026-04-03 14:21:37 | INFO     |   dow_filter          : 192
2026-04-03 14:21:37 | INFO     |   early_close         : 6
2026-04-03 14:21:37 | INFO     |   no_quotes           : 21
2026-04-03 14:21:37 | INFO     |   prior_return        : 147
2026-04-03 14:21:37 | INFO     |   TOTAL TRADES        : 190
2026-04-03 14:21:37 | INFO     | ============================================================
2026-04-03 14:21:37 | DEBUG    | [20220118] 1 trades, day P&L=$+130, equity=$100,130
2026-04-03 14:21:37 | DEBUG    | [20220121] 1 trades, day P&L=$+230, equity=$100,360
2026-04-03 14:21:37 | DEBUG    | [20220128] 1 trades, day P&L=$+80, equity=$100,440
2026-04-03 14:21:37 | DEBUG    | [20220207] 1 trades, day P&L=$+130, equity=$100,570
2026-04-03 14:21:37 | DEBUG    | [20220222] 1 trades, day P&L=$+80, equity=$100,650
2026-04-03 14:21:37 | DEBUG    | [20220225] 1 trades, day P&L=$+30, equity=$100,680
2026-04-03 14:21:37 | DEBUG    | [20220331] 1 trades, day P&L=$+180, equity=$100,860
2026-04-03 14:21:37 | DEBUG    | [20220422] 1 trades, day P&L=$+230, equity=$101,090
2026-04-03 14:21:37 | DEBUG    | [20220426] 1 trades, day P&L=$+180, equity=$101,270
2026-04-03 14:21:37 | DEBUG    | [20220509] 1 trades, day P&L=$+380, equity=$101,650
2026-04-03 14:21:37 | DEBUG    | [20220520] 1 trades, day P&L=$+80, equity=$101,730
2026-04-03 14:21:37 | DEBUG    | [20220630] 1 trades, day P&L=$+180, equity=$101,910
2026-04-03 14:21:37 | DEBUG    | [20220913] 1 trades, day P&L=$+30, equity=$101,940
2026-04-03 14:21:37 | DEBUG    | [20220915] 1 trades, day P&L=$+30, equity=$101,970
2026-04-03 14:21:37 | DEBUG    | [20221013] 1 trades, day P&L=$+30, equity=$102,000
2026-04-03 14:21:39 | DEBUG    | [20240726] 1 trades, day P&L=$+30, equity=$102,030
2026-04-03 14:21:39 | DEBUG    | [20240808] 1 trades, day P&L=$+30, equity=$102,060
2026-04-03 14:21:39 | DEBUG    | [20240829] 1 trades, day P&L=$+30, equity=$102,090
2026-04-03 14:21:39 | DEBUG    | [20240830] 1 trades, day P&L=$+80, equity=$102,170
2026-04-03 14:21:39 | DEBUG    | [20240919] 1 trades, day P&L=$+30, equity=$102,200
2026-04-03 14:21:39 | DEBUG    | [20240930] 1 trades, day P&L=$+180, equity=$102,380
2026-04-03 14:21:39 | DEBUG    | [20241220] 1 trades, day P&L=$+180, equity=$102,560
2026-04-03 14:21:40 | DEBUG    | [20250127] 1 trades, day P&L=$+30, equity=$102,590
2026-04-03 14:21:40 | DEBUG    | [20250203] 1 trades, day P&L=$+30, equity=$102,620
2026-04-03 14:21:40 | DEBUG    | [20250321] 1 trades, day P&L=$+30, equity=$102,650
2026-04-03 14:21:40 | DEBUG    | [20250428] 1 trades, day P&L=$+30, equity=$102,680
2026-04-03 14:21:40 | DEBUG    | [20250501] 1 trades, day P&L=$+30, equity=$102,710
2026-04-03 14:21:40 | DEBUG    | [20250502] 1 trades, day P&L=$+30, equity=$102,740
2026-04-03 14:21:40 | DEBUG    | [20250508] 1 trades, day P&L=$+180, equity=$102,920
2026-04-03 14:21:40 | DEBUG    | [20250523] 1 trades, day P&L=$+30, equity=$102,950
2026-04-03 14:21:40 | DEBUG    | [20250530] 1 trades, day P&L=$+380, equity=$103,330
2026-04-03 14:21:40 | DEBUG    | [20250630] 1 trades, day P&L=$+30, equity=$103,360
2026-04-03 14:21:40 | DEBUG    | [20250930] 1 trades, day P&L=$+30, equity=$103,390
2026-04-03 14:21:40 | DEBUG    | [20251118] 1 trades, day P&L=$+30, equity=$103,420
2026-04-03 14:21:40 | DEBUG    | [20251218] 1 trades, day P&L=$+30, equity=$103,450
2026-04-03 14:21:40 | DEBUG    | [20260206] 1 trades, day P&L=$+30, equity=$103,480
2026-04-03 14:21:41 | DEBUG    | [20260227] 1 trades, day P&L=$+30, equity=$103,510
2026-04-03 14:21:41 | DEBUG    | [20260309] 1 trades, day P&L=$+130, equity=$103,640
2026-04-03 14:21:41 | DEBUG    | [20260310] 1 trades, day P&L=$+80, equity=$103,720
2026-04-03 14:21:41 | INFO     | ============================================================
2026-04-03 14:21:41 | INFO     | SKIP REASONS:
2026-04-03 14:21:41 | INFO     |   dow_filter          : 192
2026-04-03 14:21:41 | INFO     |   early_close         : 6
2026-04-03 14:21:41 | INFO     |   no_quotes           : 21
2026-04-03 14:21:41 | INFO     |   prior_return        : 147
2026-04-03 14:21:41 | INFO     |   TOTAL TRADES        : 39
2026-04-03 14:21:41 | INFO     | ============================================================
2026-04-03 14:21:41 | INFO     | [ITER 217] asym_put10_call15 → CREATIVE | P&L=$31,640, Sharpe=3.90, DD=$-5,570
2026-04-03 14:21:41 | DEBUG    | [20220110] 1 trades, day P&L=$+30, equity=$100,030
2026-04-03 14:21:41 | DEBUG    | [20220118] 1 trades, day P&L=$+130, equity=$100,160
2026-04-03 14:21:41 | DEBUG    | [20220121] 1 trades, day P&L=$+230, equity=$100,390
2026-04-03 14:21:41 | DEBUG    | [20220128] 1 trades, day P&L=$+330, equity=$100,720
2026-04-03 14:21:41 | DEBUG    | [20220207] 1 trades, day P&L=$+130, equity=$100,850
2026-04-03 14:21:41 | DEBUG    | [20220222] 1 trades, day P&L=$+430, equity=$101,280
2026-04-03 14:21:41 | DEBUG    | [20220225] 1 trades, day P&L=$+230, equity=$101,510
2026-04-03 14:21:41 | DEBUG    | [20220304] 1 trades, day P&L=$+130, equity=$101,640
2026-04-03 14:21:41 | DEBUG    | [20220307] 1 trades, day P&L=$+280, equity=$101,920
2026-04-03 14:21:41 | DEBUG    | [20220311] 1 trades, day P&L=$+130, equity=$102,050
2026-04-03 14:21:41 | DEBUG    | [20220314] 1 trades, day P&L=$+180, equity=$102,230
2026-04-03 14:21:41 | DEBUG    | [20220331] 1 trades, day P&L=$+630, equity=$102,860
2026-04-03 14:21:41 | DEBUG    | [20220408] 1 trades, day P&L=$+30, equity=$102,890
2026-04-03 14:21:41 | DEBUG    | [20220414] 1 trades, day P&L=$+30, equity=$102,920
2026-04-03 14:21:41 | DEBUG    | [20220422] 1 trades, day P&L=$+530, equity=$103,450
2026-04-03 14:21:41 | DEBUG    | [20220426] 1 trades, day P&L=$+180, equity=$103,630
2026-04-03 14:21:41 | DEBUG    | [20220509] 1 trades, day P&L=$+930, equity=$104,560
2026-04-03 14:21:41 | DEBUG    | [20220513] 1 trades, day P&L=$+230, equity=$104,790
2026-04-03 14:21:41 | DEBUG    | [20220520] 1 trades, day P&L=$+280, equity=$105,070
2026-04-03 14:21:41 | DEBUG    | [20220526] 1 trades, day P&L=$+80, equity=$105,150
2026-04-03 14:21:41 | DEBUG    | [20220609] 1 trades, day P&L=$+30, equity=$105,180
2026-04-03 14:21:41 | DEBUG    | [20220616] 1 trades, day P&L=$+30, equity=$105,210
2026-04-03 14:21:41 | DEBUG    | [20220623] 1 trades, day P&L=$+30, equity=$105,240
2026-04-03 14:21:41 | DEBUG    | [20220624] 1 trades, day P&L=$+30, equity=$105,270
2026-04-03 14:21:41 | DEBUG    | [20220628] 1 trades, day P&L=$+30, equity=$105,300
2026-04-03 14:21:41 | DEBUG    | [20220630] 1 trades, day P&L=$-650, equity=$104,650
2026-04-03 14:21:41 | DEBUG    | [20220705] 1 trades, day P&L=$+30, equity=$104,680
2026-04-03 14:21:41 | DEBUG    | [20220902] 1 trades, day P&L=$+80, equity=$104,760
2026-04-03 14:21:41 | DEBUG    | [20220913] 1 trades, day P&L=$+30, equity=$104,790
2026-04-03 14:21:41 | DEBUG    | [20220915] 1 trades, day P&L=$+80, equity=$104,870
2026-04-03 14:21:41 | DEBUG    | [20220916] 1 trades, day P&L=$+130, equity=$105,000
2026-04-03 14:21:41 | DEBUG    | [20220923] 1 trades, day P&L=$+130, equity=$105,130
2026-04-03 14:21:41 | DEBUG    | [20220927] 1 trades, day P&L=$+80, equity=$105,210
2026-04-03 14:21:41 | DEBUG    | [20221003] 1 trades, day P&L=$+30, equity=$105,240
2026-04-03 14:21:41 | DEBUG    | [20221007] 1 trades, day P&L=$+230, equity=$105,470
2026-04-03 14:21:41 | DEBUG    | [20221013] 1 trades, day P&L=$+130, equity=$105,600
2026-04-03 14:21:41 | DEBUG    | [20221020] 1 trades, day P&L=$+30, equity=$105,630
2026-04-03 14:21:41 | DEBUG    | [20221118] 1 trades, day P&L=$+30, equity=$105,660
2026-04-03 14:21:41 | DEBUG    | [20230203] 1 trades, day P&L=$+30, equity=$105,690
2026-04-03 14:21:42 | DEBUG    | [20230309] 1 trades, day P&L=$+30, equity=$105,720
2026-04-03 14:21:42 | DEBUG    | [20230316] 1 trades, day P&L=$+130, equity=$105,850
2026-04-03 14:21:42 | DEBUG    | [20230331] 1 trades, day P&L=$+30, equity=$105,880
2026-04-03 14:21:43 | DEBUG    | [20240416] 1 trades, day P&L=$+30, equity=$105,910
2026-04-03 14:21:43 | DEBUG    | [20240422] 1 trades, day P&L=$+30, equity=$105,940
2026-04-03 14:21:43 | DEBUG    | [20240531] 1 trades, day P&L=$+80, equity=$106,020
2026-04-03 14:21:43 | DEBUG    | [20240712] 1 trades, day P&L=$+80, equity=$106,100
2026-04-03 14:21:43 | DEBUG    | [20240715] 1 trades, day P&L=$+30, equity=$106,130
2026-04-03 14:21:43 | DEBUG    | [20240726] 1 trades, day P&L=$+280, equity=$106,410
2026-04-03 14:21:43 | DEBUG    | [20240808] 1 trades, day P&L=$+30, equity=$106,440
2026-04-03 14:21:43 | DEBUG    | [20240812] 1 trades, day P&L=$+80, equity=$106,520
2026-04-03 14:21:43 | DEBUG    | [20240813] 1 trades, day P&L=$+30, equity=$106,550
2026-04-03 14:21:43 | DEBUG    | [20240820] 1 trades, day P&L=$+30, equity=$106,580
2026-04-03 14:21:43 | DEBUG    | [20240823] 1 trades, day P&L=$+30, equity=$106,610
2026-04-03 14:21:43 | DEBUG    | [20240830] 1 trades, day P&L=$+80, equity=$106,690
2026-04-03 14:21:43 | DEBUG    | [20240913] 1 trades, day P&L=$+30, equity=$106,720
2026-04-03 14:21:43 | DEBUG    | [20240919] 1 trades, day P&L=$+30, equity=$106,750
2026-04-03 14:21:43 | DEBUG    | [20240930] 1 trades, day P&L=$+480, equity=$107,230
2026-04-03 14:21:43 | DEBUG    | [20241220] 1 trades, day P&L=$+480, equity=$107,710
2026-04-03 14:21:43 | DEBUG    | [20241230] 1 trades, day P&L=$+130, equity=$107,840
2026-04-03 14:21:43 | DEBUG    | [20250127] 1 trades, day P&L=$+30, equity=$107,870
2026-04-03 14:21:43 | DEBUG    | [20250203] 1 trades, day P&L=$+180, equity=$108,050
2026-04-03 14:21:43 | DEBUG    | [20250314] 1 trades, day P&L=$+180, equity=$108,230
2026-04-03 14:21:44 | DEBUG    | [20250321] 1 trades, day P&L=$+30, equity=$108,260
2026-04-03 14:21:44 | DEBUG    | [20250327] 1 trades, day P&L=$+30, equity=$108,290
2026-04-03 14:21:44 | DEBUG    | [20250401] 1 trades, day P&L=$+30, equity=$108,320
2026-04-03 14:21:44 | DEBUG    | [20250415] 1 trades, day P&L=$+80, equity=$108,400
2026-04-03 14:21:44 | DEBUG    | [20250428] 1 trades, day P&L=$+180, equity=$108,580
2026-04-03 14:21:44 | DEBUG    | [20250501] 1 trades, day P&L=$+80, equity=$108,660
2026-04-03 14:21:44 | DEBUG    | [20250502] 1 trades, day P&L=$+30, equity=$108,690
2026-04-03 14:21:44 | DEBUG    | [20250508] 1 trades, day P&L=$+380, equity=$109,070
2026-04-03 14:21:44 | DEBUG    | [20250509] 1 trades, day P&L=$+30, equity=$109,100
2026-04-03 14:21:44 | DEBUG    | [20250512] 1 trades, day P&L=$+130, equity=$109,230
2026-04-03 14:21:44 | DEBUG    | [20250523] 1 trades, day P&L=$+230, equity=$109,460
2026-04-03 14:21:44 | DEBUG    | [20250530] 1 trades, day P&L=$+680, equity=$110,140
2026-04-03 14:21:44 | DEBUG    | [20250623] 1 trades, day P&L=$+30, equity=$110,170
2026-04-03 14:21:44 | DEBUG    | [20250630] 1 trades, day P&L=$+30, equity=$110,200
2026-04-03 14:21:44 | DEBUG    | [20250930] 1 trades, day P&L=$+30, equity=$110,230
2026-04-03 14:21:44 | DEBUG    | [20251107] 1 trades, day P&L=$+30, equity=$110,260
2026-04-03 14:21:44 | DEBUG    | [20251118] 1 trades, day P&L=$+30, equity=$110,290
2026-04-03 14:21:44 | DEBUG    | [20251218] 1 trades, day P&L=$+230, equity=$110,520
2026-04-03 14:21:44 | DEBUG    | [20260130] 1 trades, day P&L=$+130, equity=$110,650
2026-04-03 14:21:44 | DEBUG    | [20260206] 1 trades, day P&L=$+130, equity=$110,780
2026-04-03 14:21:44 | DEBUG    | [20260227] 1 trades, day P&L=$+130, equity=$110,910
2026-04-03 14:21:44 | DEBUG    | [20260302] 1 trades, day P&L=$+80, equity=$110,990
2026-04-03 14:21:44 | DEBUG    | [20260309] 1 trades, day P&L=$+130, equity=$111,120
2026-04-03 14:21:44 | DEBUG    | [20260310] 1 trades, day P&L=$+80, equity=$111,200
2026-04-03 14:21:44 | INFO     | ============================================================
2026-04-03 14:21:44 | INFO     | SKIP REASONS:
2026-04-03 14:21:44 | INFO     |   dow_filter          : 192
2026-04-03 14:21:44 | INFO     |   early_close         : 6
2026-04-03 14:21:44 | INFO     |   no_quotes           : 21
2026-04-03 14:21:44 | INFO     |   prior_return        : 147
2026-04-03 14:21:44 | INFO     |   TOTAL TRADES        : 86
2026-04-03 14:21:44 | INFO     | ============================================================
2026-04-03 14:21:44 | INFO     | [ITER 218] asym_put10_call12 → CREATIVE | P&L=$39,120, Sharpe=4.61, DD=$-5,570
2026-04-03 14:21:44 | DEBUG    | [20220107] 1 trades, day P&L=$+130, equity=$100,130
2026-04-03 14:21:44 | DEBUG    | [20220114] 2 trades, day P&L=$+260, equity=$100,390
2026-04-03 14:21:44 | DEBUG    | [20220121] 2 trades, day P&L=$+1110, equity=$101,500
2026-04-03 14:21:44 | DEBUG    | [20220128] 2 trades, day P&L=$+810, equity=$102,310
2026-04-03 14:21:44 | DEBUG    | [20220225] 2 trades, day P&L=$+560, equity=$102,870
2026-04-03 14:21:44 | DEBUG    | [20220304] 2 trades, day P&L=$+510, equity=$103,380
2026-04-03 14:21:44 | DEBUG    | [20220311] 2 trades, day P&L=$+410, equity=$103,790
2026-04-03 14:21:44 | DEBUG    | [20220318] 1 trades, day P&L=$+230, equity=$104,020
2026-04-03 14:21:44 | DEBUG    | [20220325] 1 trades, day P&L=$+80, equity=$104,100
2026-04-03 14:21:44 | DEBUG    | [20220408] 2 trades, day P&L=$+310, equity=$104,410
2026-04-03 14:21:44 | DEBUG    | [20220422] 2 trades, day P&L=$+1010, equity=$105,420
2026-04-03 14:21:44 | DEBUG    | [20220513] 2 trades, day P&L=$+660, equity=$106,080
2026-04-03 14:21:44 | DEBUG    | [20220520] 2 trades, day P&L=$+960, equity=$107,040
2026-04-03 14:21:45 | DEBUG    | [20220624] 1 trades, day P&L=$+30, equity=$107,070
2026-04-03 14:21:45 | DEBUG    | [20220715] 1 trades, day P&L=$+80, equity=$107,150
2026-04-03 14:21:45 | DEBUG    | [20220826] 1 trades, day P&L=$+30, equity=$107,180
2026-04-03 14:21:45 | DEBUG    | [20220902] 2 trades, day P&L=$+210, equity=$107,390
2026-04-03 14:21:45 | DEBUG    | [20220916] 2 trades, day P&L=$+210, equity=$107,600
2026-04-03 14:21:45 | DEBUG    | [20220923] 2 trades, day P&L=$+410, equity=$108,010
2026-04-03 14:21:45 | DEBUG    | [20221007] 2 trades, day P&L=$+510, equity=$108,520
2026-04-03 14:21:45 | DEBUG    | [20221104] 1 trades, day P&L=$+30, equity=$108,550
2026-04-03 14:21:45 | DEBUG    | [20221118] 1 trades, day P&L=$+30, equity=$108,580
2026-04-03 14:21:45 | DEBUG    | [20221209] 1 trades, day P&L=$+30, equity=$108,610
2026-04-03 14:21:45 | DEBUG    | [20230203] 2 trades, day P&L=$+60, equity=$108,670
2026-04-03 14:21:45 | DEBUG    | [20230324] 1 trades, day P&L=$+80, equity=$108,750
2026-04-03 14:21:45 | DEBUG    | [20230331] 2 trades, day P&L=$+110, equity=$108,860
2026-04-03 14:21:45 | DEBUG    | [20230707] 1 trades, day P&L=$+80, equity=$108,940
2026-04-03 14:21:45 | DEBUG    | [20230804] 1 trades, day P&L=$+80, equity=$109,020
2026-04-03 14:21:45 | DEBUG    | [20230825] 1 trades, day P&L=$+30, equity=$109,050
2026-04-03 14:21:45 | DEBUG    | [20230929] 1 trades, day P&L=$+80, equity=$109,130
2026-04-03 14:21:45 | DEBUG    | [20231229] 1 trades, day P&L=$+80, equity=$109,210
2026-04-03 14:21:45 | DEBUG    | [20240216] 1 trades, day P&L=$+80, equity=$109,290
2026-04-03 14:21:45 | DEBUG    | [20240308] 1 trades, day P&L=$+130, equity=$109,420
2026-04-03 14:21:45 | DEBUG    | [20240315] 1 trades, day P&L=$+80, equity=$109,500
2026-04-03 14:21:45 | DEBUG    | [20240405] 1 trades, day P&L=$+80, equity=$109,580
2026-04-03 14:21:45 | DEBUG    | [20240412] 1 trades, day P&L=$+30, equity=$109,610
2026-04-03 14:21:45 | DEBUG    | [20240419] 1 trades, day P&L=$+230, equity=$109,840
2026-04-03 14:21:45 | DEBUG    | [20240531] 1 trades, day P&L=$+80, equity=$109,920
2026-04-03 14:21:45 | DEBUG    | [20240607] 1 trades, day P&L=$+30, equity=$109,950
2026-04-03 14:21:45 | DEBUG    | [20240621] 1 trades, day P&L=$+30, equity=$109,980
2026-04-03 14:21:45 | DEBUG    | [20240628] 1 trades, day P&L=$+580, equity=$110,560
2026-04-03 14:21:45 | DEBUG    | [20240712] 1 trades, day P&L=$+80, equity=$110,640
2026-04-03 14:21:45 | DEBUG    | [20240719] 1 trades, day P&L=$+80, equity=$110,720
2026-04-03 14:21:45 | DEBUG    | [20240726] 2 trades, day P&L=$+660, equity=$111,380
2026-04-03 14:21:45 | DEBUG    | [20240802] 1 trades, day P&L=$+830, equity=$112,210
2026-04-03 14:21:45 | DEBUG    | [20240823] 1 trades, day P&L=$+30, equity=$112,240
2026-04-03 14:21:45 | DEBUG    | [20240830] 1 trades, day P&L=$+380, equity=$112,620
2026-04-03 14:21:45 | DEBUG    | [20240906] 1 trades, day P&L=$+580, equity=$113,200
2026-04-03 14:21:45 | DEBUG    | [20240913] 1 trades, day P&L=$+30, equity=$113,230
2026-04-03 14:21:45 | DEBUG    | [20241004] 1 trades, day P&L=$+30, equity=$113,260
2026-04-03 14:21:45 | DEBUG    | [20241025] 1 trades, day P&L=$+30, equity=$113,290
2026-04-03 14:21:45 | DEBUG    | [20241115] 1 trades, day P&L=$+30, equity=$113,320
2026-04-03 14:21:45 | DEBUG    | [20241220] 1 trades, day P&L=$+430, equity=$113,750
2026-04-03 14:21:45 | DEBUG    | [20241227] 1 trades, day P&L=$+80, equity=$113,830
2026-04-03 14:21:45 | DEBUG    | [20250110] 1 trades, day P&L=$+230, equity=$114,060
2026-04-03 14:21:45 | DEBUG    | [20250124] 1 trades, day P&L=$+80, equity=$114,140
2026-04-03 14:21:45 | DEBUG    | [20250131] 1 trades, day P&L=$+480, equity=$114,620
2026-04-03 14:21:45 | DEBUG    | [20250207] 1 trades, day P&L=$+30, equity=$114,650
2026-04-03 14:21:45 | DEBUG    | [20250221] 1 trades, day P&L=$+30, equity=$114,680
2026-04-03 14:21:45 | DEBUG    | [20250314] 1 trades, day P&L=$+180, equity=$114,860
2026-04-03 14:21:45 | DEBUG    | [20250321] 1 trades, day P&L=$+230, equity=$115,090
2026-04-03 14:21:45 | DEBUG    | [20250328] 1 trades, day P&L=$+380, equity=$115,470
2026-04-03 14:21:45 | DEBUG    | [20250502] 1 trades, day P&L=$+180, equity=$115,650
2026-04-03 14:21:45 | DEBUG    | [20250509] 2 trades, day P&L=$+110, equity=$115,760
2026-04-03 14:21:45 | DEBUG    | [20250516] 1 trades, day P&L=$+30, equity=$115,790
2026-04-03 14:21:45 | DEBUG    | [20250523] 1 trades, day P&L=$+230, equity=$116,020
2026-04-03 14:21:45 | DEBUG    | [20250530] 2 trades, day P&L=$+1810, equity=$117,830
2026-04-03 14:21:45 | DEBUG    | [20250613] 1 trades, day P&L=$+80, equity=$117,910
2026-04-03 14:21:45 | DEBUG    | [20250620] 1 trades, day P&L=$+30, equity=$117,940
2026-04-03 14:21:45 | DEBUG    | [20250711] 1 trades, day P&L=$+30, equity=$117,970
2026-04-03 14:21:45 | DEBUG    | [20250801] 1 trades, day P&L=$+330, equity=$118,300
2026-04-03 14:21:45 | DEBUG    | [20250815] 1 trades, day P&L=$+30, equity=$118,330
2026-04-03 14:21:45 | DEBUG    | [20250829] 1 trades, day P&L=$+80, equity=$118,410
2026-04-03 14:21:45 | DEBUG    | [20250905] 1 trades, day P&L=$+80, equity=$118,490
2026-04-03 14:21:45 | DEBUG    | [20251010] 1 trades, day P&L=$+980, equity=$119,470
2026-04-03 14:21:45 | DEBUG    | [20251031] 1 trades, day P&L=$+280, equity=$119,750
2026-04-03 14:21:45 | DEBUG    | [20251107] 1 trades, day P&L=$+30, equity=$119,780
2026-04-03 14:21:45 | DEBUG    | [20260102] 1 trades, day P&L=$+30, equity=$119,810
2026-04-03 14:21:45 | DEBUG    | [20260130] 2 trades, day P&L=$+360, equity=$120,170
2026-04-03 14:21:45 | DEBUG    | [20260206] 1 trades, day P&L=$+130, equity=$120,300
2026-04-03 14:21:45 | DEBUG    | [20260227] 1 trades, day P&L=$+130, equity=$120,430
2026-04-03 14:21:45 | DEBUG    | [20260306] 1 trades, day P&L=$+30, equity=$120,460
2026-04-03 14:21:45 | DEBUG    | [20260320] 1 trades, day P&L=$+130, equity=$120,590
2026-04-03 14:21:45 | INFO     | ============================================================
2026-04-03 14:21:45 | INFO     | SKIP REASONS:
2026-04-03 14:21:45 | INFO     |   dow_filter          : 729
2026-04-03 14:21:45 | INFO     |   early_close         : 6
2026-04-03 14:21:45 | INFO     |   prior_return        : 147
2026-04-03 14:21:45 | INFO     |   TOTAL TRADES        : 103
2026-04-03 14:21:45 | INFO     | ============================================================
2026-04-03 14:21:45 | INFO     | [ITER 219] fri_q10 → CREATIVE | P&L=$20,590, Sharpe=12.44, DD=$0
2026-04-03 14:21:45 | DEBUG    | [20220107] 1 trades, day P&L=$+195, equity=$100,195
2026-04-03 14:21:45 | DEBUG    | [20220114] 2 trades, day P&L=$+260, equity=$100,455
2026-04-03 14:21:45 | DEBUG    | [20220121] 2 trades, day P&L=$+885, equity=$101,340
2026-04-03 14:21:45 | DEBUG    | [20220128] 2 trades, day P&L=$+935, equity=$102,275
2026-04-03 14:21:45 | DEBUG    | [20220225] 2 trades, day P&L=$+610, equity=$102,885
2026-04-03 14:21:45 | DEBUG    | [20220304] 2 trades, day P&L=$+635, equity=$103,520
2026-04-03 14:21:46 | DEBUG    | [20220311] 2 trades, day P&L=$+485, equity=$104,005
2026-04-03 14:21:46 | DEBUG    | [20220318] 1 trades, day P&L=$+345, equity=$104,350
2026-04-03 14:21:46 | DEBUG    | [20220325] 1 trades, day P&L=$+120, equity=$104,470
2026-04-03 14:21:46 | DEBUG    | [20220408] 2 trades, day P&L=$+435, equity=$104,905
2026-04-03 14:21:46 | DEBUG    | [20220422] 2 trades, day P&L=$+1085, equity=$105,990
2026-04-03 14:21:46 | DEBUG    | [20220513] 2 trades, day P&L=$+810, equity=$106,800
2026-04-03 14:21:46 | DEBUG    | [20220520] 2 trades, day P&L=$+1210, equity=$108,010
2026-04-03 14:21:46 | DEBUG    | [20220624] 1 trades, day P&L=$+45, equity=$108,055
2026-04-03 14:21:46 | DEBUG    | [20220715] 1 trades, day P&L=$+120, equity=$108,175
2026-04-03 14:21:46 | DEBUG    | [20220826] 1 trades, day P&L=$+45, equity=$108,220
2026-04-03 14:21:46 | DEBUG    | [20220902] 2 trades, day P&L=$+235, equity=$108,455
2026-04-03 14:21:46 | DEBUG    | [20220916] 2 trades, day P&L=$+185, equity=$108,640
2026-04-03 14:21:46 | DEBUG    | [20220923] 2 trades, day P&L=$+485, equity=$109,125
2026-04-03 14:21:46 | DEBUG    | [20221007] 2 trades, day P&L=$+535, equity=$109,660
2026-04-03 14:21:46 | DEBUG    | [20221104] 1 trades, day P&L=$+45, equity=$109,705
2026-04-03 14:21:46 | DEBUG    | [20221118] 1 trades, day P&L=$+45, equity=$109,750
2026-04-03 14:21:46 | DEBUG    | [20221209] 1 trades, day P&L=$+45, equity=$109,795
2026-04-03 14:21:46 | DEBUG    | [20230203] 2 trades, day P&L=$+60, equity=$109,855
2026-04-03 14:21:46 | DEBUG    | [20230324] 1 trades, day P&L=$+120, equity=$109,975
2026-04-03 14:21:46 | DEBUG    | [20230331] 2 trades, day P&L=$+135, equity=$110,110
2026-04-03 14:21:46 | DEBUG    | [20230707] 1 trades, day P&L=$+120, equity=$110,230
2026-04-03 14:21:46 | DEBUG    | [20230804] 1 trades, day P&L=$+120, equity=$110,350
2026-04-03 14:21:46 | DEBUG    | [20230825] 1 trades, day P&L=$+45, equity=$110,395
2026-04-03 14:21:46 | DEBUG    | [20230929] 1 trades, day P&L=$+120, equity=$110,515
2026-04-03 14:21:46 | DEBUG    | [20231229] 1 trades, day P&L=$+120, equity=$110,635
2026-04-03 14:21:46 | DEBUG    | [20240216] 1 trades, day P&L=$+120, equity=$110,755
2026-04-03 14:21:46 | DEBUG    | [20240308] 1 trades, day P&L=$+195, equity=$110,950
2026-04-03 14:21:46 | DEBUG    | [20240315] 1 trades, day P&L=$+120, equity=$111,070
2026-04-03 14:21:46 | DEBUG    | [20240405] 1 trades, day P&L=$+120, equity=$111,190
2026-04-03 14:21:46 | DEBUG    | [20240412] 1 trades, day P&L=$+45, equity=$111,235
2026-04-03 14:21:46 | DEBUG    | [20240419] 1 trades, day P&L=$+345, equity=$111,580
2026-04-03 14:21:46 | DEBUG    | [20240531] 1 trades, day P&L=$+120, equity=$111,700
2026-04-03 14:21:46 | DEBUG    | [20240607] 1 trades, day P&L=$+45, equity=$111,745
2026-04-03 14:21:46 | DEBUG    | [20240621] 1 trades, day P&L=$+45, equity=$111,790
2026-04-03 14:21:46 | DEBUG    | [20240628] 1 trades, day P&L=$+870, equity=$112,660
2026-04-03 14:21:46 | DEBUG    | [20240712] 1 trades, day P&L=$+120, equity=$112,780
2026-04-03 14:21:46 | DEBUG    | [20240719] 1 trades, day P&L=$+120, equity=$112,900
2026-04-03 14:21:46 | DEBUG    | [20240726] 2 trades, day P&L=$+710, equity=$113,610
2026-04-03 14:21:46 | DEBUG    | [20240802] 1 trades, day P&L=$+1245, equity=$114,855
2026-04-03 14:21:46 | DEBUG    | [20240823] 1 trades, day P&L=$+45, equity=$114,900
2026-04-03 14:21:46 | DEBUG    | [20240830] 1 trades, day P&L=$+570, equity=$115,470
2026-04-03 14:21:46 | DEBUG    | [20240906] 1 trades, day P&L=$+870, equity=$116,340
2026-04-03 14:21:46 | DEBUG    | [20240913] 1 trades, day P&L=$+45, equity=$116,385
2026-04-03 14:21:46 | DEBUG    | [20241004] 1 trades, day P&L=$+45, equity=$116,430
2026-04-03 14:21:46 | DEBUG    | [20241025] 1 trades, day P&L=$+45, equity=$116,475
2026-04-03 14:21:46 | DEBUG    | [20241115] 1 trades, day P&L=$+45, equity=$116,520
2026-04-03 14:21:46 | DEBUG    | [20241220] 1 trades, day P&L=$+645, equity=$117,165
2026-04-03 14:21:46 | DEBUG    | [20241227] 1 trades, day P&L=$+120, equity=$117,285
2026-04-03 14:21:46 | DEBUG    | [20250110] 1 trades, day P&L=$+345, equity=$117,630
2026-04-03 14:21:46 | DEBUG    | [20250124] 1 trades, day P&L=$+120, equity=$117,750
2026-04-03 14:21:46 | DEBUG    | [20250131] 1 trades, day P&L=$+720, equity=$118,470
2026-04-03 14:21:46 | DEBUG    | [20250207] 1 trades, day P&L=$+45, equity=$118,515
2026-04-03 14:21:46 | DEBUG    | [20250221] 1 trades, day P&L=$+45, equity=$118,560
2026-04-03 14:21:46 | DEBUG    | [20250314] 1 trades, day P&L=$+270, equity=$118,830
2026-04-03 14:21:46 | DEBUG    | [20250321] 1 trades, day P&L=$+345, equity=$119,175
2026-04-03 14:21:46 | DEBUG    | [20250328] 1 trades, day P&L=$+570, equity=$119,745
2026-04-03 14:21:46 | DEBUG    | [20250502] 1 trades, day P&L=$+270, equity=$120,015
2026-04-03 14:21:46 | DEBUG    | [20250509] 2 trades, day P&L=$+135, equity=$120,150
2026-04-03 14:21:46 | DEBUG    | [20250516] 1 trades, day P&L=$+45, equity=$120,195
2026-04-03 14:21:46 | DEBUG    | [20250523] 1 trades, day P&L=$+345, equity=$120,540
2026-04-03 14:21:46 | DEBUG    | [20250530] 2 trades, day P&L=$+2148, equity=$122,688
2026-04-03 14:21:46 | DEBUG    | [20250613] 1 trades, day P&L=$+120, equity=$122,808
2026-04-03 14:21:46 | DEBUG    | [20250620] 1 trades, day P&L=$+45, equity=$122,853
2026-04-03 14:21:46 | DEBUG    | [20250711] 1 trades, day P&L=$+45, equity=$122,898
2026-04-03 14:21:46 | DEBUG    | [20250801] 1 trades, day P&L=$+495, equity=$123,393
2026-04-03 14:21:46 | DEBUG    | [20250815] 1 trades, day P&L=$+45, equity=$123,438
2026-04-03 14:21:46 | DEBUG    | [20250829] 1 trades, day P&L=$+120, equity=$123,558
2026-04-03 14:21:46 | DEBUG    | [20250905] 1 trades, day P&L=$+120, equity=$123,678
2026-04-03 14:21:46 | DEBUG    | [20251010] 1 trades, day P&L=$+1470, equity=$125,148
2026-04-03 14:21:46 | DEBUG    | [20251031] 1 trades, day P&L=$+420, equity=$125,568
2026-04-03 14:21:46 | DEBUG    | [20251107] 1 trades, day P&L=$+45, equity=$125,613
2026-04-03 14:21:46 | DEBUG    | [20260102] 1 trades, day P&L=$+45, equity=$125,658
2026-04-03 14:21:46 | DEBUG    | [20260130] 2 trades, day P&L=$+410, equity=$126,068
2026-04-03 14:21:46 | DEBUG    | [20260206] 1 trades, day P&L=$+195, equity=$126,263
2026-04-03 14:21:46 | DEBUG    | [20260227] 1 trades, day P&L=$+195, equity=$126,458
2026-04-03 14:21:46 | DEBUG    | [20260306] 1 trades, day P&L=$+45, equity=$126,503
2026-04-03 14:21:46 | DEBUG    | [20260320] 1 trades, day P&L=$+195, equity=$126,698
2026-04-03 14:21:46 | INFO     | ============================================================
2026-04-03 14:21:46 | INFO     | SKIP REASONS:
2026-04-03 14:21:46 | INFO     |   dow_filter          : 729
2026-04-03 14:21:46 | INFO     |   early_close         : 6
2026-04-03 14:21:46 | INFO     |   prior_return        : 147
2026-04-03 14:21:46 | INFO     |   TOTAL TRADES        : 103
2026-04-03 14:21:46 | INFO     | ============================================================
2026-04-03 14:21:46 | INFO     | [ITER 220] fri_q15 → CREATIVE | P&L=$26,698, Sharpe=13.33, DD=$0
2026-04-03 14:21:47 | DEBUG    | [20220107] 1 trades, day P&L=$+260, equity=$100,260
2026-04-03 14:21:47 | DEBUG    | [20220114] 1 trades, day P&L=$+260, equity=$100,520
2026-04-03 14:21:47 | DEBUG    | [20220121] 1 trades, day P&L=$+660, equity=$101,180
2026-04-03 14:21:47 | DEBUG    | [20220128] 1 trades, day P&L=$+1060, equity=$102,240
2026-04-03 14:21:47 | DEBUG    | [20220225] 1 trades, day P&L=$+660, equity=$102,900
2026-04-03 14:21:47 | DEBUG    | [20220304] 1 trades, day P&L=$+760, equity=$103,660
2026-04-03 14:21:47 | DEBUG    | [20220311] 1 trades, day P&L=$+560, equity=$104,220
2026-04-03 14:21:47 | DEBUG    | [20220318] 1 trades, day P&L=$+460, equity=$104,680
2026-04-03 14:21:47 | DEBUG    | [20220325] 1 trades, day P&L=$+160, equity=$104,840
2026-04-03 14:21:47 | DEBUG    | [20220408] 1 trades, day P&L=$+560, equity=$105,400
2026-04-03 14:21:47 | DEBUG    | [20220422] 1 trades, day P&L=$+1160, equity=$106,560
2026-04-03 14:21:47 | DEBUG    | [20220513] 1 trades, day P&L=$+960, equity=$107,520
2026-04-03 14:21:47 | DEBUG    | [20220520] 2 trades, day P&L=$+1483, equity=$109,003
2026-04-03 14:21:47 | DEBUG    | [20220624] 1 trades, day P&L=$+60, equity=$109,063
2026-04-03 14:21:47 | DEBUG    | [20220715] 1 trades, day P&L=$+160, equity=$109,223
2026-04-03 14:21:47 | DEBUG    | [20220826] 1 trades, day P&L=$+60, equity=$109,283
2026-04-03 14:21:47 | DEBUG    | [20220902] 1 trades, day P&L=$+260, equity=$109,543
2026-04-03 14:21:47 | DEBUG    | [20220916] 1 trades, day P&L=$+160, equity=$109,703
2026-04-03 14:21:47 | DEBUG    | [20220923] 1 trades, day P&L=$+560, equity=$110,263
2026-04-03 14:21:47 | DEBUG    | [20221007] 1 trades, day P&L=$+560, equity=$110,823
2026-04-03 14:21:47 | DEBUG    | [20221104] 1 trades, day P&L=$+60, equity=$110,883
2026-04-03 14:21:47 | DEBUG    | [20221118] 1 trades, day P&L=$+60, equity=$110,943
2026-04-03 14:21:47 | DEBUG    | [20221209] 1 trades, day P&L=$+60, equity=$111,003
2026-04-03 14:21:47 | DEBUG    | [20230203] 1 trades, day P&L=$+60, equity=$111,063
2026-04-03 14:21:47 | DEBUG    | [20230324] 1 trades, day P&L=$+160, equity=$111,223
2026-04-03 14:21:47 | DEBUG    | [20230331] 1 trades, day P&L=$+160, equity=$111,383
2026-04-03 14:21:47 | DEBUG    | [20230707] 1 trades, day P&L=$+160, equity=$111,543
2026-04-03 14:21:47 | DEBUG    | [20230804] 1 trades, day P&L=$+160, equity=$111,703
2026-04-03 14:21:47 | DEBUG    | [20230825] 1 trades, day P&L=$+60, equity=$111,763
2026-04-03 14:21:47 | DEBUG    | [20230929] 1 trades, day P&L=$+160, equity=$111,923
2026-04-03 14:21:47 | DEBUG    | [20231229] 1 trades, day P&L=$+160, equity=$112,083
2026-04-03 14:21:47 | DEBUG    | [20240216] 1 trades, day P&L=$+160, equity=$112,243
2026-04-03 14:21:47 | DEBUG    | [20240308] 1 trades, day P&L=$+260, equity=$112,503
2026-04-03 14:21:47 | DEBUG    | [20240315] 1 trades, day P&L=$+160, equity=$112,663
2026-04-03 14:21:47 | DEBUG    | [20240405] 1 trades, day P&L=$+160, equity=$112,823
2026-04-03 14:21:47 | DEBUG    | [20240412] 1 trades, day P&L=$+60, equity=$112,883
2026-04-03 14:21:47 | DEBUG    | [20240419] 1 trades, day P&L=$+460, equity=$113,343
2026-04-03 14:21:47 | DEBUG    | [20240531] 1 trades, day P&L=$+160, equity=$113,503
2026-04-03 14:21:47 | DEBUG    | [20240607] 1 trades, day P&L=$+60, equity=$113,563
2026-04-03 14:21:47 | DEBUG    | [20240621] 1 trades, day P&L=$+60, equity=$113,623
2026-04-03 14:21:47 | DEBUG    | [20240628] 1 trades, day P&L=$+1160, equity=$114,783
2026-04-03 14:21:47 | DEBUG    | [20240712] 1 trades, day P&L=$+160, equity=$114,943
2026-04-03 14:21:47 | DEBUG    | [20240719] 1 trades, day P&L=$+160, equity=$115,103
2026-04-03 14:21:47 | DEBUG    | [20240726] 1 trades, day P&L=$+760, equity=$115,863
2026-04-03 14:21:47 | DEBUG    | [20240802] 1 trades, day P&L=$+1660, equity=$117,523
2026-04-03 14:21:47 | DEBUG    | [20240823] 1 trades, day P&L=$+60, equity=$117,583
2026-04-03 14:21:47 | DEBUG    | [20240830] 1 trades, day P&L=$+760, equity=$118,343
2026-04-03 14:21:47 | DEBUG    | [20240906] 1 trades, day P&L=$+1160, equity=$119,503
2026-04-03 14:21:47 | DEBUG    | [20240913] 1 trades, day P&L=$+60, equity=$119,563
2026-04-03 14:21:47 | DEBUG    | [20241004] 1 trades, day P&L=$+60, equity=$119,623
2026-04-03 14:21:47 | DEBUG    | [20241025] 1 trades, day P&L=$+60, equity=$119,683
2026-04-03 14:21:47 | DEBUG    | [20241115] 1 trades, day P&L=$+60, equity=$119,743
2026-04-03 14:21:47 | DEBUG    | [20241220] 1 trades, day P&L=$+860, equity=$120,603
2026-04-03 14:21:47 | DEBUG    | [20241227] 1 trades, day P&L=$+160, equity=$120,763
2026-04-03 14:21:47 | DEBUG    | [20250110] 1 trades, day P&L=$+460, equity=$121,223
2026-04-03 14:21:47 | DEBUG    | [20250124] 1 trades, day P&L=$+160, equity=$121,383
2026-04-03 14:21:47 | DEBUG    | [20250131] 1 trades, day P&L=$+960, equity=$122,343
2026-04-03 14:21:47 | DEBUG    | [20250207] 1 trades, day P&L=$+60, equity=$122,403
2026-04-03 14:21:47 | DEBUG    | [20250221] 1 trades, day P&L=$+60, equity=$122,463
2026-04-03 14:21:47 | DEBUG    | [20250314] 1 trades, day P&L=$+360, equity=$122,823
2026-04-03 14:21:47 | DEBUG    | [20250321] 1 trades, day P&L=$+460, equity=$123,283
2026-04-03 14:21:47 | DEBUG    | [20250328] 1 trades, day P&L=$+760, equity=$124,043
2026-04-03 14:21:47 | DEBUG    | [20250502] 1 trades, day P&L=$+360, equity=$124,403
2026-04-03 14:21:47 | DEBUG    | [20250509] 1 trades, day P&L=$+160, equity=$124,563
2026-04-03 14:21:47 | DEBUG    | [20250516] 1 trades, day P&L=$+60, equity=$124,623
2026-04-03 14:21:47 | DEBUG    | [20250523] 1 trades, day P&L=$+460, equity=$125,083
2026-04-03 14:21:47 | DEBUG    | [20250530] 2 trades, day P&L=$+2423, equity=$127,506
2026-04-03 14:21:47 | DEBUG    | [20250613] 1 trades, day P&L=$+160, equity=$127,666
2026-04-03 14:21:47 | DEBUG    | [20250620] 1 trades, day P&L=$+60, equity=$127,726
2026-04-03 14:21:47 | DEBUG    | [20250711] 1 trades, day P&L=$+60, equity=$127,786
2026-04-03 14:21:47 | DEBUG    | [20250801] 1 trades, day P&L=$+660, equity=$128,446
2026-04-03 14:21:47 | DEBUG    | [20250815] 1 trades, day P&L=$+60, equity=$128,506
2026-04-03 14:21:47 | DEBUG    | [20250829] 1 trades, day P&L=$+160, equity=$128,666
2026-04-03 14:21:47 | DEBUG    | [20250905] 1 trades, day P&L=$+160, equity=$128,826
2026-04-03 14:21:47 | DEBUG    | [20251010] 1 trades, day P&L=$+1960, equity=$130,786
2026-04-03 14:21:47 | DEBUG    | [20251031] 1 trades, day P&L=$+560, equity=$131,346
2026-04-03 14:21:47 | DEBUG    | [20251107] 1 trades, day P&L=$+60, equity=$131,406
2026-04-03 14:21:47 | DEBUG    | [20260102] 1 trades, day P&L=$+60, equity=$131,466
2026-04-03 14:21:48 | DEBUG    | [20260130] 1 trades, day P&L=$+460, equity=$131,926
2026-04-03 14:21:48 | DEBUG    | [20260206] 1 trades, day P&L=$+260, equity=$132,186
2026-04-03 14:21:48 | DEBUG    | [20260227] 1 trades, day P&L=$+260, equity=$132,446
2026-04-03 14:21:48 | DEBUG    | [20260306] 1 trades, day P&L=$+60, equity=$132,506
2026-04-03 14:21:48 | DEBUG    | [20260320] 1 trades, day P&L=$+260, equity=$132,766
2026-04-03 14:21:48 | INFO     | ============================================================
2026-04-03 14:21:48 | INFO     | SKIP REASONS:
2026-04-03 14:21:48 | INFO     |   bp_limit            : 18
2026-04-03 14:21:48 | INFO     |   dow_filter          : 729
2026-04-03 14:21:48 | INFO     |   early_close         : 6
2026-04-03 14:21:48 | INFO     |   prior_return        : 147
2026-04-03 14:21:48 | INFO     |   TOTAL TRADES        : 85
2026-04-03 14:21:48 | INFO     | ============================================================
2026-04-03 14:21:48 | INFO     | [ITER 221] fri_q20 → CREATIVE | P&L=$32,766, Sharpe=13.65, DD=$0
