2026-04-03 07:54:10 | INFO     | Log file: /Users/jeerapongwongchote/Documents/thetadata/apex/logs/apex_run_20260403_075410.log
2026-04-03 07:54:14 | INFO     | Built daily indicators: 1065 dates (20220103 → 20260401)
2026-04-03 07:54:14 | DEBUG    | [20220110] 2 trades, day P&L=$+60, equity=$100,060
2026-04-03 07:54:14 | DEBUG    | [20220114] 1 trades, day P&L=$+130, equity=$100,190
2026-04-03 07:54:14 | DEBUG    | [20220118] 2 trades, day P&L=$+210, equity=$100,400
2026-04-03 07:54:14 | DEBUG    | [20220121] 2 trades, day P&L=$+510, equity=$100,910
2026-04-03 07:54:14 | DEBUG    | [20220124] 2 trades, day P&L=$+3410, equity=$104,320
2026-04-03 07:54:14 | DEBUG    | [20220128] 2 trades, day P&L=$+510, equity=$104,830
2026-04-03 07:54:14 | DEBUG    | [20220131] 2 trades, day P&L=$+160, equity=$104,990
2026-04-03 07:54:14 | DEBUG    | [20220204] 1 trades, day P&L=$+280, equity=$105,270
2026-04-03 07:54:14 | DEBUG    | [20220207] 2 trades, day P&L=$+360, equity=$105,630
2026-04-03 07:54:14 | DEBUG    | [20220211] 2 trades, day P&L=$+2510, equity=$108,140
2026-04-03 07:54:14 | DEBUG    | [20220214] 2 trades, day P&L=$+660, equity=$108,800
2026-04-03 07:54:14 | DEBUG    | [20220218] 2 trades, day P&L=$+510, equity=$109,310
2026-04-03 07:54:14 | DEBUG    | [20220222] 2 trades, day P&L=$+760, equity=$110,070
2026-04-03 07:54:14 | DEBUG    | [20220225] 2 trades, day P&L=$+260, equity=$110,330
2026-04-03 07:54:14 | DEBUG    | [20220228] 2 trades, day P&L=$+560, equity=$110,890
2026-04-03 07:54:14 | DEBUG    | [20220304] 2 trades, day P&L=$+260, equity=$111,150
2026-04-03 07:54:14 | DEBUG    | [20220307] 2 trades, day P&L=$+410, equity=$111,560
2026-04-03 07:54:14 | DEBUG    | [20220311] 2 trades, day P&L=$+410, equity=$111,970
2026-04-03 07:54:14 | DEBUG    | [20220314] 1 trades, day P&L=$+130, equity=$112,100
2026-04-03 07:54:14 | DEBUG    | [20220331] 1 trades, day P&L=$+480, equity=$112,580
2026-04-03 07:54:14 | DEBUG    | [20220401] 1 trades, day P&L=$+80, equity=$112,660
2026-04-03 07:54:14 | DEBUG    | [20220408] 2 trades, day P&L=$+60, equity=$112,720
2026-04-03 07:54:14 | DEBUG    | [20220418] 1 trades, day P&L=$+30, equity=$112,750
2026-04-03 07:54:14 | DEBUG    | [20220422] 1 trades, day P&L=$+580, equity=$113,330
2026-04-03 07:54:14 | DEBUG    | [20220425] 1 trades, day P&L=$+30, equity=$113,360
2026-04-03 07:54:14 | DEBUG    | [20220429] 1 trades, day P&L=$+580, equity=$113,940
2026-04-03 07:54:14 | DEBUG    | [20220502] 1 trades, day P&L=$+30, equity=$113,970
2026-04-03 07:54:14 | DEBUG    | [20220506] 2 trades, day P&L=$+860, equity=$114,830
2026-04-03 07:54:14 | DEBUG    | [20220509] 1 trades, day P&L=$+580, equity=$115,410
2026-04-03 07:54:14 | DEBUG    | [20220510] 1 trades, day P&L=$+130, equity=$115,540
2026-04-03 07:54:14 | DEBUG    | [20220513] 1 trades, day P&L=$+180, equity=$115,720
2026-04-03 07:54:14 | DEBUG    | [20220519] 1 trades, day P&L=$+30, equity=$115,750
2026-04-03 07:54:14 | DEBUG    | [20220520] 1 trades, day P&L=$+180, equity=$115,930
2026-04-03 07:54:14 | DEBUG    | [20220524] 2 trades, day P&L=$+60, equity=$115,990
2026-04-03 07:54:14 | DEBUG    | [20220526] 1 trades, day P&L=$+80, equity=$116,070
2026-04-03 07:54:14 | DEBUG    | [20220531] 2 trades, day P&L=$+310, equity=$116,380
2026-04-03 07:54:14 | DEBUG    | [20220603] 1 trades, day P&L=$+30, equity=$116,410
2026-04-03 07:54:14 | DEBUG    | [20220610] 1 trades, day P&L=$+280, equity=$116,690
2026-04-03 07:54:14 | DEBUG    | [20220613] 1 trades, day P&L=$+30, equity=$116,720
2026-04-03 07:54:14 | DEBUG    | [20220616] 1 trades, day P&L=$+30, equity=$116,750
2026-04-03 07:54:14 | DEBUG    | [20220617] 1 trades, day P&L=$+80, equity=$116,830
2026-04-03 07:54:14 | DEBUG    | [20220623] 1 trades, day P&L=$+30, equity=$116,860
2026-04-03 07:54:14 | DEBUG    | [20220624] 1 trades, day P&L=$+30, equity=$116,890
2026-04-03 07:54:14 | DEBUG    | [20220627] 1 trades, day P&L=$+30, equity=$116,920
2026-04-03 07:54:14 | DEBUG    | [20220630] 2 trades, day P&L=$-620, equity=$116,300
2026-04-03 07:54:14 | DEBUG    | [20220705] 1 trades, day P&L=$+30, equity=$116,330
2026-04-03 07:54:14 | DEBUG    | [20220902] 1 trades, day P&L=$+130, equity=$116,460
2026-04-03 07:54:14 | DEBUG    | [20220913] 1 trades, day P&L=$+80, equity=$116,540
2026-04-03 07:54:14 | DEBUG    | [20220915] 1 trades, day P&L=$+130, equity=$116,670
2026-04-03 07:54:14 | DEBUG    | [20220916] 2 trades, day P&L=$+210, equity=$116,880
2026-04-03 07:54:14 | DEBUG    | [20220923] 1 trades, day P&L=$+130, equity=$117,010
2026-04-03 07:54:14 | DEBUG    | [20220926] 2 trades, day P&L=$-4220, equity=$112,790
2026-04-03 07:54:14 | DEBUG    | [20220927] 1 trades, day P&L=$+180, equity=$112,970
2026-04-03 07:54:14 | DEBUG    | [20220929] 1 trades, day P&L=$+80, equity=$113,050
2026-04-03 07:54:14 | DEBUG    | [20220930] 1 trades, day P&L=$+880, equity=$113,930
2026-04-03 07:54:14 | DEBUG    | [20221003] 1 trades, day P&L=$+30, equity=$113,960
2026-04-03 07:54:14 | DEBUG    | [20221006] 1 trades, day P&L=$+130, equity=$114,090
2026-04-03 07:54:14 | DEBUG    | [20221007] 1 trades, day P&L=$+280, equity=$114,370
2026-04-03 07:54:14 | DEBUG    | [20221011] 1 trades, day P&L=$+30, equity=$114,400
2026-04-03 07:54:14 | DEBUG    | [20221013] 1 trades, day P&L=$+130, equity=$114,530
2026-04-03 07:54:14 | DEBUG    | [20221014] 1 trades, day P&L=$+30, equity=$114,560
2026-04-03 07:54:14 | DEBUG    | [20221020] 1 trades, day P&L=$+30, equity=$114,590
2026-04-03 07:54:15 | DEBUG    | [20221115] 1 trades, day P&L=$+80, equity=$114,670
2026-04-03 07:54:15 | DEBUG    | [20221118] 1 trades, day P&L=$+30, equity=$114,700
2026-04-03 07:54:15 | DEBUG    | [20221209] 1 trades, day P&L=$+30, equity=$114,730
2026-04-03 07:54:15 | DEBUG    | [20221213] 1 trades, day P&L=$+30, equity=$114,760
2026-04-03 07:54:15 | DEBUG    | [20221215] 1 trades, day P&L=$+30, equity=$114,790
2026-04-03 07:54:15 | DEBUG    | [20221216] 1 trades, day P&L=$+30, equity=$114,820
2026-04-03 07:54:15 | DEBUG    | [20221230] 1 trades, day P&L=$+180, equity=$115,000
2026-04-03 07:54:15 | DEBUG    | [20230202] 1 trades, day P&L=$+30, equity=$115,030
2026-04-03 07:54:15 | DEBUG    | [20230203] 2 trades, day P&L=$+60, equity=$115,090
2026-04-03 07:54:15 | DEBUG    | [20230309] 1 trades, day P&L=$+130, equity=$115,220
2026-04-03 07:54:15 | DEBUG    | [20230316] 1 trades, day P&L=$+130, equity=$115,350
2026-04-03 07:54:15 | DEBUG    | [20230317] 1 trades, day P&L=$+130, equity=$115,480
2026-04-03 07:54:15 | DEBUG    | [20230323] 1 trades, day P&L=$+30, equity=$115,510
2026-04-03 07:54:15 | DEBUG    | [20230707] 1 trades, day P&L=$+80, equity=$115,590
2026-04-03 07:54:15 | DEBUG    | [20230825] 1 trades, day P&L=$+30, equity=$115,620
2026-04-03 07:54:15 | DEBUG    | [20230922] 1 trades, day P&L=$+30, equity=$115,650
2026-04-03 07:54:15 | DEBUG    | [20230929] 1 trades, day P&L=$+80, equity=$115,730
2026-04-03 07:54:15 | DEBUG    | [20231019] 1 trades, day P&L=$+30, equity=$115,760
2026-04-03 07:54:16 | DEBUG    | [20240216] 1 trades, day P&L=$+30, equity=$115,790
2026-04-03 07:54:16 | DEBUG    | [20240404] 1 trades, day P&L=$+80, equity=$115,870
2026-04-03 07:54:16 | DEBUG    | [20240412] 1 trades, day P&L=$+30, equity=$115,900
2026-04-03 07:54:16 | DEBUG    | [20240415] 1 trades, day P&L=$+30, equity=$115,930
2026-04-03 07:54:16 | DEBUG    | [20240416] 2 trades, day P&L=$+110, equity=$116,040
2026-04-03 07:54:16 | DEBUG    | [20240418] 1 trades, day P&L=$+30, equity=$116,070
2026-04-03 07:54:16 | DEBUG    | [20240419] 1 trades, day P&L=$+30, equity=$116,100
2026-04-03 07:54:16 | DEBUG    | [20240422] 1 trades, day P&L=$+30, equity=$116,130
2026-04-03 07:54:16 | DEBUG    | [20240531] 1 trades, day P&L=$+80, equity=$116,210
2026-04-03 07:54:16 | DEBUG    | [20240607] 1 trades, day P&L=$+30, equity=$116,240
2026-04-03 07:54:16 | DEBUG    | [20240627] 1 trades, day P&L=$+30, equity=$116,270
2026-04-03 07:54:16 | DEBUG    | [20240628] 1 trades, day P&L=$+230, equity=$116,500
2026-04-03 07:54:16 | DEBUG    | [20240712] 1 trades, day P&L=$+80, equity=$116,580
2026-04-03 07:54:16 | DEBUG    | [20240715] 1 trades, day P&L=$+30, equity=$116,610
2026-04-03 07:54:16 | DEBUG    | [20240718] 1 trades, day P&L=$+180, equity=$116,790
2026-04-03 07:54:16 | DEBUG    | [20240719] 1 trades, day P&L=$+80, equity=$116,870
2026-04-03 07:54:16 | DEBUG    | [20240725] 1 trades, day P&L=$+180, equity=$117,050
2026-04-03 07:54:16 | DEBUG    | [20240726] 2 trades, day P&L=$+660, equity=$117,710
2026-04-03 07:54:16 | DEBUG    | [20240729] 1 trades, day P&L=$+30, equity=$117,740
2026-04-03 07:54:16 | DEBUG    | [20240730] 1 trades, day P&L=$+80, equity=$117,820
2026-04-03 07:54:16 | DEBUG    | [20240801] 1 trades, day P&L=$+330, equity=$118,150
2026-04-03 07:54:16 | DEBUG    | [20240802] 1 trades, day P&L=$+380, equity=$118,530
2026-04-03 07:54:16 | DEBUG    | [20240805] 1 trades, day P&L=$-700, equity=$117,830
2026-04-03 07:54:16 | DEBUG    | [20240806] 1 trades, day P&L=$+330, equity=$118,160
2026-04-03 07:54:16 | DEBUG    | [20240808] 1 trades, day P&L=$+30, equity=$118,190
2026-04-03 07:54:16 | DEBUG    | [20240809] 1 trades, day P&L=$+130, equity=$118,320
2026-04-03 07:54:16 | DEBUG    | [20240812] 2 trades, day P&L=$+310, equity=$118,630
2026-04-03 07:54:16 | DEBUG    | [20240813] 1 trades, day P&L=$+30, equity=$118,660
2026-04-03 07:54:16 | DEBUG    | [20240820] 1 trades, day P&L=$+30, equity=$118,690
2026-04-03 07:54:16 | DEBUG    | [20240823] 1 trades, day P&L=$+30, equity=$118,720
2026-04-03 07:54:16 | DEBUG    | [20240829] 1 trades, day P&L=$+230, equity=$118,950
2026-04-03 07:54:16 | DEBUG    | [20240830] 1 trades, day P&L=$+80, equity=$119,030
2026-04-03 07:54:16 | DEBUG    | [20240903] 1 trades, day P&L=$+380, equity=$119,410
2026-04-03 07:54:16 | DEBUG    | [20240905] 1 trades, day P&L=$+30, equity=$119,440
2026-04-03 07:54:16 | DEBUG    | [20240906] 1 trades, day P&L=$+230, equity=$119,670
2026-04-03 07:54:16 | DEBUG    | [20240913] 1 trades, day P&L=$+30, equity=$119,700
2026-04-03 07:54:16 | DEBUG    | [20240919] 1 trades, day P&L=$+30, equity=$119,730
2026-04-03 07:54:16 | DEBUG    | [20240920] 1 trades, day P&L=$+30, equity=$119,760
2026-04-03 07:54:16 | DEBUG    | [20240930] 1 trades, day P&L=$+480, equity=$120,240
2026-04-03 07:54:16 | DEBUG    | [20241001] 1 trades, day P&L=$+180, equity=$120,420
2026-04-03 07:54:16 | DEBUG    | [20241010] 1 trades, day P&L=$+30, equity=$120,450
2026-04-03 07:54:16 | DEBUG    | [20241025] 1 trades, day P&L=$+30, equity=$120,480
2026-04-03 07:54:16 | DEBUG    | [20241031] 1 trades, day P&L=$+30, equity=$120,510
2026-04-03 07:54:16 | DEBUG    | [20241101] 2 trades, day P&L=$+110, equity=$120,620
2026-04-03 07:54:16 | DEBUG    | [20241104] 1 trades, day P&L=$+30, equity=$120,650
2026-04-03 07:54:16 | DEBUG    | [20241115] 1 trades, day P&L=$+30, equity=$120,680
2026-04-03 07:54:16 | DEBUG    | [20241219] 1 trades, day P&L=$+530, equity=$121,210
2026-04-03 07:54:16 | DEBUG    | [20241220] 1 trades, day P&L=$+430, equity=$121,640
2026-04-03 07:54:16 | DEBUG    | [20241227] 1 trades, day P&L=$+80, equity=$121,720
2026-04-03 07:54:17 | DEBUG    | [20241230] 2 trades, day P&L=$+210, equity=$121,930
2026-04-03 07:54:17 | DEBUG    | [20241231] 1 trades, day P&L=$+430, equity=$122,360
2026-04-03 07:54:17 | INFO     | ============================================================
2026-04-03 07:54:17 | INFO     | SKIP REASONS:
2026-04-03 07:54:17 | INFO     |   dow_filter          : 154
2026-04-03 07:54:17 | INFO     |   early_close         : 4
2026-04-03 07:54:17 | INFO     |   no_quotes           : 32
2026-04-03 07:54:17 | INFO     |   TOTAL TRADES        : 160
2026-04-03 07:54:17 | INFO     | ============================================================
2026-04-03 07:54:17 | INFO     | 
--- TOP 5 WORST DAYS ---
2026-04-03 07:54:17 | INFO     |   20220926: P&L=$    -4,220 | 2 trades | VIX=29.92
2026-04-03 07:54:17 | INFO     |   20240805: P&L=$      -700 | 1 trades | VIX=23.39
2026-04-03 07:54:17 | INFO     |   20220630: P&L=$      -620 | 2 trades | VIX=28.16
2026-04-03 07:54:17 | INFO     |   20220418: P&L=$        30 | 1 trades | VIX=22.7
2026-04-03 07:54:17 | INFO     |   20220425: P&L=$        30 | 1 trades | VIX=28.21
2026-04-03 07:54:17 | DEBUG    | [20250102] 1 trades, day P&L=$+230, equity=$100,230
2026-04-03 07:54:17 | DEBUG    | [20250107] 1 trades, day P&L=$+180, equity=$100,410
2026-04-03 07:54:17 | DEBUG    | [20250110] 1 trades, day P&L=$+30, equity=$100,440
2026-04-03 07:54:17 | DEBUG    | [20250127] 1 trades, day P&L=$+30, equity=$100,470
2026-04-03 07:54:17 | DEBUG    | [20250131] 1 trades, day P&L=$+480, equity=$100,950
2026-04-03 07:54:17 | DEBUG    | [20250203] 1 trades, day P&L=$+180, equity=$101,130
2026-04-03 07:54:17 | DEBUG    | [20250207] 1 trades, day P&L=$+30, equity=$101,160
2026-04-03 07:54:17 | DEBUG    | [20250221] 1 trades, day P&L=$+30, equity=$101,190
2026-04-03 07:54:17 | DEBUG    | [20250224] 1 trades, day P&L=$+180, equity=$101,370
2026-04-03 07:54:17 | DEBUG    | [20250225] 1 trades, day P&L=$+180, equity=$101,550
2026-04-03 07:54:17 | DEBUG    | [20250227] 1 trades, day P&L=$+180, equity=$101,730
2026-04-03 07:54:17 | DEBUG    | [20250228] 1 trades, day P&L=$+430, equity=$102,160
2026-04-03 07:54:17 | DEBUG    | [20250303] 1 trades, day P&L=$+530, equity=$102,690
2026-04-03 07:54:17 | DEBUG    | [20250304] 1 trades, day P&L=$+1030, equity=$103,720
2026-04-03 07:54:17 | DEBUG    | [20250306] 1 trades, day P&L=$+1030, equity=$104,750
2026-04-03 07:54:17 | DEBUG    | [20250307] 1 trades, day P&L=$+480, equity=$105,230
2026-04-03 07:54:17 | DEBUG    | [20250310] 1 trades, day P&L=$+730, equity=$105,960
2026-04-03 07:54:17 | DEBUG    | [20250311] 2 trades, day P&L=$-1670, equity=$104,290
2026-04-03 07:54:17 | DEBUG    | [20250313] 1 trades, day P&L=$+80, equity=$104,370
2026-04-03 07:54:17 | DEBUG    | [20250314] 1 trades, day P&L=$+180, equity=$104,550
2026-04-03 07:54:17 | DEBUG    | [20250317] 1 trades, day P&L=$+30, equity=$104,580
2026-04-03 07:54:17 | DEBUG    | [20250318] 1 trades, day P&L=$+30, equity=$104,610
2026-04-03 07:54:17 | DEBUG    | [20250321] 1 trades, day P&L=$+30, equity=$104,640
2026-04-03 07:54:17 | DEBUG    | [20250327] 2 trades, day P&L=$+60, equity=$104,700
2026-04-03 07:54:17 | DEBUG    | [20250328] 1 trades, day P&L=$+30, equity=$104,730
2026-04-03 07:54:17 | DEBUG    | [20250331] 1 trades, day P&L=$+1530, equity=$106,260
2026-04-03 07:54:17 | DEBUG    | [20250401] 1 trades, day P&L=$+30, equity=$106,290
2026-04-03 07:54:17 | DEBUG    | [20250403] 1 trades, day P&L=$+580, equity=$106,870
2026-04-03 07:54:17 | DEBUG    | [20250407] 1 trades, day P&L=$+1180, equity=$108,050
2026-04-03 07:54:17 | DEBUG    | [20250408] 1 trades, day P&L=$+1830, equity=$109,880
2026-04-03 07:54:17 | DEBUG    | [20250410] 1 trades, day P&L=$+1830, equity=$111,710
2026-04-03 07:54:17 | DEBUG    | [20250411] 1 trades, day P&L=$+630, equity=$112,340
2026-04-03 07:54:17 | DEBUG    | [20250414] 1 trades, day P&L=$+280, equity=$112,620
2026-04-03 07:54:17 | DEBUG    | [20250415] 2 trades, day P&L=$+110, equity=$112,730
2026-04-03 07:54:17 | DEBUG    | [20250417] 1 trades, day P&L=$+530, equity=$113,260
2026-04-03 07:54:17 | DEBUG    | [20250421] 1 trades, day P&L=$+530, equity=$113,790
2026-04-03 07:54:17 | DEBUG    | [20250422] 1 trades, day P&L=$+180, equity=$113,970
2026-04-03 07:54:17 | DEBUG    | [20250424] 1 trades, day P&L=$+230, equity=$114,200
2026-04-03 07:54:17 | DEBUG    | [20250428] 2 trades, day P&L=$+210, equity=$114,410
2026-04-03 07:54:17 | DEBUG    | [20250501] 2 trades, day P&L=$-740, equity=$113,670
2026-04-03 07:54:17 | DEBUG    | [20250502] 1 trades, day P&L=$+30, equity=$113,700
2026-04-03 07:54:17 | DEBUG    | [20250505] 1 trades, day P&L=$+80, equity=$113,780
2026-04-03 07:54:17 | DEBUG    | [20250506] 1 trades, day P&L=$+130, equity=$113,910
2026-04-03 07:54:17 | DEBUG    | [20250508] 2 trades, day P&L=$+610, equity=$114,520
2026-04-03 07:54:17 | DEBUG    | [20250509] 1 trades, day P&L=$+30, equity=$114,550
2026-04-03 07:54:17 | DEBUG    | [20250513] 1 trades, day P&L=$+30, equity=$114,580
2026-04-03 07:54:17 | DEBUG    | [20250522] 1 trades, day P&L=$+30, equity=$114,610
2026-04-03 07:54:17 | DEBUG    | [20250523] 1 trades, day P&L=$+230, equity=$114,840
2026-04-03 07:54:17 | DEBUG    | [20250529] 1 trades, day P&L=$+130, equity=$114,970
2026-04-03 07:54:17 | DEBUG    | [20250530] 2 trades, day P&L=$+1110, equity=$116,080
2026-04-03 07:54:17 | DEBUG    | [20250605] 1 trades, day P&L=$+80, equity=$116,160
2026-04-03 07:54:17 | DEBUG    | [20250613] 1 trades, day P&L=$+80, equity=$116,240
2026-04-03 07:54:17 | DEBUG    | [20250623] 1 trades, day P&L=$+30, equity=$116,270
2026-04-03 07:54:17 | DEBUG    | [20250630] 1 trades, day P&L=$+30, equity=$116,300
2026-04-03 07:54:17 | DEBUG    | [20250731] 1 trades, day P&L=$+180, equity=$116,480
2026-04-03 07:54:17 | DEBUG    | [20250801] 1 trades, day P&L=$+30, equity=$116,510
2026-04-03 07:54:17 | DEBUG    | [20250811] 1 trades, day P&L=$+30, equity=$116,540
2026-04-03 07:54:17 | DEBUG    | [20250930] 1 trades, day P&L=$+30, equity=$116,570
2026-04-03 07:54:17 | DEBUG    | [20251010] 1 trades, day P&L=$+980, equity=$117,550
2026-04-03 07:54:17 | DEBUG    | [20251014] 1 trades, day P&L=$+230, equity=$117,780
2026-04-03 07:54:17 | DEBUG    | [20251016] 1 trades, day P&L=$+230, equity=$118,010
2026-04-03 07:54:17 | DEBUG    | [20251031] 1 trades, day P&L=$+80, equity=$118,090
2026-04-03 07:54:17 | DEBUG    | [20251106] 1 trades, day P&L=$+80, equity=$118,170
2026-04-03 07:54:17 | DEBUG    | [20251107] 1 trades, day P&L=$+30, equity=$118,200
2026-04-03 07:54:17 | DEBUG    | [20251113] 1 trades, day P&L=$+130, equity=$118,330
2026-04-03 07:54:17 | DEBUG    | [20251117] 1 trades, day P&L=$+130, equity=$118,460
2026-04-03 07:54:17 | DEBUG    | [20251118] 2 trades, day P&L=$+160, equity=$118,620
2026-04-03 07:54:17 | DEBUG    | [20251120] 1 trades, day P&L=$+430, equity=$119,050
2026-04-03 07:54:17 | DEBUG    | [20251121] 1 trades, day P&L=$+230, equity=$119,280
2026-04-03 07:54:17 | DEBUG    | [20251218] 2 trades, day P&L=$+310, equity=$119,590
2026-04-03 07:54:18 | DEBUG    | [20260120] 1 trades, day P&L=$+30, equity=$119,620
2026-04-03 07:54:18 | DEBUG    | [20260130] 2 trades, day P&L=$+210, equity=$119,830
2026-04-03 07:54:18 | DEBUG    | [20260205] 1 trades, day P&L=$+230, equity=$120,060
2026-04-03 07:54:18 | DEBUG    | [20260206] 1 trades, day P&L=$+130, equity=$120,190
2026-04-03 07:54:18 | DEBUG    | [20260212] 1 trades, day P&L=$+180, equity=$120,370
2026-04-03 07:54:18 | DEBUG    | [20260213] 2 trades, day P&L=$+160, equity=$120,530
2026-04-03 07:54:18 | DEBUG    | [20260227] 2 trades, day P&L=$+160, equity=$120,690
2026-04-03 07:54:18 | DEBUG    | [20260302] 1 trades, day P&L=$+80, equity=$120,770
2026-04-03 07:54:18 | DEBUG    | [20260303] 1 trades, day P&L=$+80, equity=$120,850
2026-04-03 07:54:18 | DEBUG    | [20260305] 1 trades, day P&L=$+130, equity=$120,980
2026-04-03 07:54:18 | DEBUG    | [20260306] 1 trades, day P&L=$+30, equity=$121,010
2026-04-03 07:54:18 | DEBUG    | [20260309] 1 trades, day P&L=$+130, equity=$121,140
2026-04-03 07:54:18 | DEBUG    | [20260310] 1 trades, day P&L=$+80, equity=$121,220
2026-04-03 07:54:18 | DEBUG    | [20260320] 1 trades, day P&L=$+130, equity=$121,350
2026-04-03 07:54:18 | DEBUG    | [20260323] 1 trades, day P&L=$+30, equity=$121,380
2026-04-03 07:54:18 | DEBUG    | [20260324] 1 trades, day P&L=$+30, equity=$121,410
2026-04-03 07:54:18 | INFO     | ============================================================
2026-04-03 07:54:18 | INFO     | SKIP REASONS:
2026-04-03 07:54:18 | INFO     |   dow_filter          : 63
2026-04-03 07:54:18 | INFO     |   early_close         : 2
2026-04-03 07:54:18 | INFO     |   TOTAL TRADES        : 98
2026-04-03 07:54:18 | INFO     | ============================================================
2026-04-03 07:54:18 | INFO     | 
--- TOP 5 WORST DAYS ---
2026-04-03 07:54:18 | INFO     |   20250311: P&L=$    -1,670 | 2 trades | VIX=27.86
2026-04-03 07:54:18 | INFO     |   20250501: P&L=$      -740 | 2 trades | VIX=24.7
2026-04-03 07:54:18 | INFO     |   20250110: P&L=$        30 | 1 trades | VIX=17.7
2026-04-03 07:54:18 | INFO     |   20250127: P&L=$        30 | 1 trades | VIX=14.85
2026-04-03 07:54:18 | INFO     |   20250207: P&L=$        30 | 1 trades | VIX=15.5
2026-04-03 07:54:18 | INFO     | [ITER 59] wf_is_skip_wed → WF_IS | P&L=$22,360, Sharpe=4.80, DD=$-4,250
2026-04-03 07:54:18 | INFO     | [ITER 60] wf_oos_skip_wed → WF_OOS | P&L=$21,410, Sharpe=8.76, DD=$-2,100
