2026-04-04 10:42:41 | INFO     | Log file: /Users/jeerapongwongchote/Documents/thetadata/apex/logs/apex_run_20260404_104241.log
2026-04-04 10:42:41 | INFO     | Building daily indicators...
2026-04-04 10:42:45 | INFO     |   SQZ GEX loaded: 3748 dates
2026-04-04 10:42:46 | INFO     | Built daily indicators: 1066 dates (20220103 → 20260402)
2026-04-04 10:42:46 | DEBUG    | [20220114] 1 trades, day P&L=$+195, equity=$100,195
2026-04-04 10:42:46 | DEBUG    | [20220118] 1 trades, day P&L=$+120, equity=$100,315
2026-04-04 10:42:46 | DEBUG    | [20220318] 1 trades, day P&L=$+45, equity=$100,360
2026-04-04 10:42:46 | DEBUG    | [20221115] 1 trades, day P&L=$+120, equity=$100,480
2026-04-04 10:42:46 | DEBUG    | [20230203] 1 trades, day P&L=$+45, equity=$100,525
2026-04-04 10:42:46 | DEBUG    | [20230707] 1 trades, day P&L=$+120, equity=$100,645
2026-04-04 10:42:46 | DEBUG    | [20231114] 1 trades, day P&L=$+45, equity=$100,690
2026-04-04 10:42:46 | DEBUG    | [20231229] 1 trades, day P&L=$+45, equity=$100,735
2026-04-04 10:42:46 | DEBUG    | [20240216] 1 trades, day P&L=$+45, equity=$100,780
2026-04-04 10:42:47 | DEBUG    | [20240531] 1 trades, day P&L=$+120, equity=$100,900
2026-04-04 10:42:47 | DEBUG    | [20240607] 1 trades, day P&L=$+45, equity=$100,945
2026-04-04 10:42:47 | DEBUG    | [20240628] 1 trades, day P&L=$+345, equity=$101,290
2026-04-04 10:42:47 | DEBUG    | [20240712] 1 trades, day P&L=$+195, equity=$101,485
2026-04-04 10:42:47 | DEBUG    | [20240715] 1 trades, day P&L=$+45, equity=$101,530
2026-04-04 10:42:47 | DEBUG    | [20240716] 1 trades, day P&L=$+45, equity=$101,575
2026-04-04 10:42:47 | DEBUG    | [20240820] 1 trades, day P&L=$+45, equity=$101,620
2026-04-04 10:42:47 | DEBUG    | [20240823] 1 trades, day P&L=$+45, equity=$101,665
2026-04-04 10:42:47 | DEBUG    | [20240830] 1 trades, day P&L=$+420, equity=$102,085
2026-04-04 10:42:47 | DEBUG    | [20240903] 1 trades, day P&L=$+645, equity=$102,730
2026-04-04 10:42:47 | DEBUG    | [20240906] 1 trades, day P&L=$+345, equity=$103,075
2026-04-04 10:42:47 | DEBUG    | [20240913] 1 trades, day P&L=$+45, equity=$103,120
2026-04-04 10:42:47 | DEBUG    | [20240930] 1 trades, day P&L=$+270, equity=$103,390
2026-04-04 10:42:47 | DEBUG    | [20241001] 1 trades, day P&L=$+270, equity=$103,660
2026-04-04 10:42:47 | DEBUG    | [20241011] 1 trades, day P&L=$+45, equity=$103,705
2026-04-04 10:42:47 | DEBUG    | [20241025] 1 trades, day P&L=$+45, equity=$103,750
2026-04-04 10:42:47 | DEBUG    | [20241115] 1 trades, day P&L=$+45, equity=$103,795
2026-04-04 10:42:47 | DEBUG    | [20241227] 1 trades, day P&L=$+120, equity=$103,915
2026-04-04 10:42:47 | DEBUG    | [20250107] 1 trades, day P&L=$+270, equity=$104,185
2026-04-04 10:42:47 | DEBUG    | [20250127] 1 trades, day P&L=$+195, equity=$104,380
2026-04-04 10:42:47 | DEBUG    | [20250131] 1 trades, day P&L=$+795, equity=$105,175
2026-04-04 10:42:47 | DEBUG    | [20250203] 1 trades, day P&L=$+120, equity=$105,295
2026-04-04 10:42:47 | DEBUG    | [20250207] 1 trades, day P&L=$+45, equity=$105,340
2026-04-04 10:42:47 | DEBUG    | [20250221] 1 trades, day P&L=$+45, equity=$105,385
2026-04-04 10:42:47 | DEBUG    | [20250428] 1 trades, day P&L=$+45, equity=$105,430
2026-04-04 10:42:47 | DEBUG    | [20250502] 1 trades, day P&L=$+270, equity=$105,700
2026-04-04 10:42:47 | DEBUG    | [20250505] 1 trades, day P&L=$+120, equity=$105,820
2026-04-04 10:42:47 | DEBUG    | [20250506] 1 trades, day P&L=$+195, equity=$106,015
2026-04-04 10:42:47 | DEBUG    | [20250509] 1 trades, day P&L=$+45, equity=$106,060
2026-04-04 10:42:47 | DEBUG    | [20250512] 1 trades, day P&L=$+195, equity=$106,255
2026-04-04 10:42:47 | DEBUG    | [20250516] 1 trades, day P&L=$+45, equity=$106,300
2026-04-04 10:42:47 | DEBUG    | [20250523] 1 trades, day P&L=$+120, equity=$106,420
2026-04-04 10:42:47 | DEBUG    | [20250530] 1 trades, day P&L=$+795, equity=$107,215
2026-04-04 10:42:47 | DEBUG    | [20250613] 1 trades, day P&L=$+195, equity=$107,410
2026-04-04 10:42:47 | DEBUG    | [20250623] 1 trades, day P&L=$+45, equity=$107,455
2026-04-04 10:42:47 | DEBUG    | [20250630] 1 trades, day P&L=$+45, equity=$107,500
2026-04-04 10:42:47 | DEBUG    | [20250801] 1 trades, day P&L=$+45, equity=$107,545
2026-04-04 10:42:47 | DEBUG    | [20250811] 1 trades, day P&L=$+45, equity=$107,590
2026-04-04 10:42:48 | DEBUG    | [20250826] 1 trades, day P&L=$+120, equity=$107,710
2026-04-04 10:42:48 | DEBUG    | [20250930] 1 trades, day P&L=$+120, equity=$107,830
2026-04-04 10:42:48 | DEBUG    | [20251010] 1 trades, day P&L=$+1620, equity=$109,450
2026-04-04 10:42:48 | DEBUG    | [20251031] 1 trades, day P&L=$+120, equity=$109,570
2026-04-04 10:42:48 | DEBUG    | [20260120] 1 trades, day P&L=$+45, equity=$109,615
2026-04-04 10:42:48 | DEBUG    | [20260130] 1 trades, day P&L=$+120, equity=$109,735
2026-04-04 10:42:48 | DEBUG    | [20260227] 1 trades, day P&L=$+45, equity=$109,780
2026-04-04 10:42:48 | INFO     | ============================================================
2026-04-04 10:42:48 | INFO     | SKIP REASONS:
2026-04-04 10:42:48 | INFO     |   bp_limit            : 28
2026-04-04 10:42:48 | INFO     |   dow_filter          : 210
2026-04-04 10:42:48 | INFO     |   early_close         : 6
2026-04-04 10:42:48 | INFO     |   gex_filter          : 213
2026-04-04 10:42:48 | INFO     |   no_quotes           : 4
2026-04-04 10:42:48 | INFO     |   prior_return        : 92
2026-04-04 10:42:48 | INFO     |   wvf_filter          : 230
2026-04-04 10:42:48 | INFO     |   TOTAL TRADES        : 54
2026-04-04 10:42:48 | INFO     | ============================================================
2026-04-04 10:42:48 | INFO     | 
============================================================
2026-04-04 10:42:48 | INFO     |   BACKTEST RESULTS (2022-01-03 → 2026-03-25)
2026-04-04 10:42:48 | INFO     | ============================================================
2026-04-04 10:42:48 | INFO     |   Trades      : 54
2026-04-04 10:42:48 | INFO     |   Win Rate    : 100.0%
2026-04-04 10:42:48 | INFO     |   Total P&L   : $9,780.00
2026-04-04 10:42:48 | INFO     |   Max DD      : $0.00
2026-04-04 10:42:48 | INFO     |   Sharpe      : 10.89
2026-04-04 10:42:48 | INFO     |   Calmar      : 0.00
2026-04-04 10:42:48 | INFO     |   Profit Factor: inf
2026-04-04 10:42:48 | INFO     |   Avg Win     : $181.11
2026-04-04 10:42:48 | INFO     |   Avg Loss    : $0.00
2026-04-04 10:42:48 | INFO     |   Max Single Loss: $45.00
2026-04-04 10:42:48 | INFO     | ============================================================

2026-04-04 10:42:48 | INFO     | 
--- VIX ZONE ANALYSIS ---
2026-04-04 10:42:48 | INFO     |   VIX < 15  :   14 trades, WR 100.0%, P&L $     1,455, DD $       0, Sharpe 18.51
2026-04-04 10:42:48 | INFO     |   VIX 15-20 :   28 trades, WR 100.0%, P&L $     6,885, DD $       0, Sharpe 11.21
2026-04-04 10:42:48 | INFO     |   VIX 20-25 :   11 trades, WR 100.0%, P&L $     1,395, DD $       0, Sharpe 25.70
2026-04-04 10:42:48 | INFO     |   VIX 25-30 :    1 trades, WR 100.0%, P&L $        45, DD $       0, Sharpe  0.00
2026-04-04 10:42:48 | INFO     | 
--- DAY-OF-WEEK ANALYSIS ---
2026-04-04 10:42:48 | INFO     |   Mon:   10 trades, WR 100.0%, P&L $     1,125, Sharpe 21.64
2026-04-04 10:42:48 | INFO     |   Tue:   12 trades, WR 100.0%, P&L $     2,040, Sharpe 15.85
2026-04-04 10:42:48 | INFO     |   Fri:   32 trades, WR 100.0%, P&L $     6,615, Sharpe 10.15
2026-04-04 10:42:48 | INFO     | 
--- TOP 10 WORST DAYS ---
2026-04-04 10:42:48 | INFO     |   20220318: P&L=$        45 | 1 trades | VIX=25.67
2026-04-04 10:42:48 | INFO     |   20230203: P&L=$        45 | 1 trades | VIX=18.73
2026-04-04 10:42:48 | INFO     |   20231114: P&L=$        45 | 1 trades | VIX=14.76
2026-04-04 10:42:48 | INFO     |   20231229: P&L=$        45 | 1 trades | VIX=12.47
2026-04-04 10:42:48 | INFO     |   20240216: P&L=$        45 | 1 trades | VIX=14.01
2026-04-04 10:42:48 | INFO     |   20240607: P&L=$        45 | 1 trades | VIX=12.58
2026-04-04 10:42:48 | INFO     |   20240715: P&L=$        45 | 1 trades | VIX=12.46
2026-04-04 10:42:48 | INFO     |   20240716: P&L=$        45 | 1 trades | VIX=13.12
2026-04-04 10:42:48 | INFO     |   20240820: P&L=$        45 | 1 trades | VIX=14.65
2026-04-04 10:42:48 | INFO     |   20240823: P&L=$        45 | 1 trades | VIX=17.55
