2026-04-04 10:04:12 | INFO     | Log file: /Users/jeerapongwongchote/Documents/thetadata/apex/logs/apex_run_20260404_100412.log
2026-04-04 10:04:12 | INFO     | Building daily indicators...
2026-04-04 10:04:17 | INFO     |   SQZ GEX loaded: 3748 dates
2026-04-04 10:04:17 | INFO     | Built daily indicators: 1066 dates (20220103 → 20260402)
2026-04-04 10:04:17 | DEBUG    | [20220318] 1 trades, day P&L=$+45, equity=$100,045
2026-04-04 10:04:17 | DEBUG    | [20230203] 1 trades, day P&L=$+45, equity=$100,090
2026-04-04 10:04:18 | DEBUG    | [20240415] 1 trades, day P&L=$+45, equity=$100,135
2026-04-04 10:04:18 | DEBUG    | [20240607] 1 trades, day P&L=$+45, equity=$100,180
2026-04-04 10:04:18 | DEBUG    | [20240730] 1 trades, day P&L=$+120, equity=$100,300
2026-04-04 10:04:18 | DEBUG    | [20240802] 1 trades, day P&L=$+645, equity=$100,945
2026-04-04 10:04:18 | DEBUG    | [20240820] 1 trades, day P&L=$+45, equity=$100,990
2026-04-04 10:04:18 | DEBUG    | [20240906] 1 trades, day P&L=$+345, equity=$101,335
2026-04-04 10:04:18 | DEBUG    | [20240913] 1 trades, day P&L=$+45, equity=$101,380
2026-04-04 10:04:18 | DEBUG    | [20241001] 1 trades, day P&L=$+270, equity=$101,650
2026-04-04 10:04:18 | DEBUG    | [20250203] 1 trades, day P&L=$+120, equity=$101,770
2026-04-04 10:04:18 | DEBUG    | [20250428] 1 trades, day P&L=$+45, equity=$101,815
2026-04-04 10:04:18 | DEBUG    | [20250502] 1 trades, day P&L=$+270, equity=$102,085
2026-04-04 10:04:18 | DEBUG    | [20250506] 1 trades, day P&L=$+195, equity=$102,280
2026-04-04 10:04:18 | DEBUG    | [20250509] 1 trades, day P&L=$+45, equity=$102,325
2026-04-04 10:04:18 | DEBUG    | [20250512] 1 trades, day P&L=$+195, equity=$102,520
2026-04-04 10:04:18 | DEBUG    | [20251118] 1 trades, day P&L=$+195, equity=$102,715
2026-04-04 10:04:18 | DEBUG    | [20260206] 1 trades, day P&L=$+120, equity=$102,835
2026-04-04 10:04:18 | DEBUG    | [20260303] 1 trades, day P&L=$+195, equity=$103,030
2026-04-04 10:04:18 | INFO     | ============================================================
2026-04-04 10:04:18 | INFO     | SKIP REASONS:
2026-04-04 10:04:18 | INFO     |   bp_limit            : 12
2026-04-04 10:04:18 | INFO     |   dow_filter          : 80
2026-04-04 10:04:18 | INFO     |   early_close         : 6
2026-04-04 10:04:18 | INFO     |   gex_filter          : 225
2026-04-04 10:04:18 | INFO     |   no_quotes           : 1
2026-04-04 10:04:18 | INFO     |   prior_return        : 111
2026-04-04 10:04:18 | INFO     |   vix_term            : 556
2026-04-04 10:04:18 | INFO     |   TOTAL TRADES        : 19
2026-04-04 10:04:18 | INFO     | ============================================================
2026-04-04 10:04:18 | INFO     | 
============================================================
2026-04-04 10:04:18 | INFO     |   BACKTEST RESULTS (2022-01-03 → 2026-03-25)
2026-04-04 10:04:18 | INFO     | ============================================================
2026-04-04 10:04:18 | INFO     |   Trades      : 19
2026-04-04 10:04:18 | INFO     |   Win Rate    : 100.0%
2026-04-04 10:04:18 | INFO     |   Total P&L   : $3,030.00
2026-04-04 10:04:18 | INFO     |   Max DD      : $0.00
2026-04-04 10:04:18 | INFO     |   Sharpe      : 16.79
2026-04-04 10:04:18 | INFO     |   Calmar      : 0.00
2026-04-04 10:04:18 | INFO     |   Profit Factor: inf
2026-04-04 10:04:18 | INFO     |   Avg Win     : $159.47
2026-04-04 10:04:18 | INFO     |   Avg Loss    : $0.00
2026-04-04 10:04:18 | INFO     |   Max Single Loss: $45.00
2026-04-04 10:04:18 | INFO     | ============================================================

2026-04-04 10:04:18 | INFO     | 
--- VIX ZONE ANALYSIS ---
2026-04-04 10:04:18 | INFO     |   VIX < 15  :    2 trades, WR 100.0%, P&L $        90, DD $       0, Sharpe  0.00
2026-04-04 10:04:18 | INFO     |   VIX 15-20 :    8 trades, WR 100.0%, P&L $     1,635, DD $       0, Sharpe 15.45
2026-04-04 10:04:18 | INFO     |   VIX 20-25 :    8 trades, WR 100.0%, P&L $     1,260, DD $       0, Sharpe 31.18
2026-04-04 10:04:18 | INFO     |   VIX 25-30 :    1 trades, WR 100.0%, P&L $        45, DD $       0, Sharpe  0.00
2026-04-04 10:04:18 | INFO     | 
--- DAY-OF-WEEK ANALYSIS ---
2026-04-04 10:04:18 | INFO     |   Mon:    4 trades, WR 100.0%, P&L $       405, Sharpe 22.38
2026-04-04 10:04:18 | INFO     |   Tue:    6 trades, WR 100.0%, P&L $     1,020, Sharpe 34.84
2026-04-04 10:04:18 | INFO     |   Fri:    9 trades, WR 100.0%, P&L $     1,605, Sharpe 13.61
2026-04-04 10:04:18 | INFO     | 
--- TOP 10 WORST DAYS ---
2026-04-04 10:04:18 | INFO     |   20220318: P&L=$        45 | 1 trades | VIX=25.67
2026-04-04 10:04:18 | INFO     |   20230203: P&L=$        45 | 1 trades | VIX=18.73
2026-04-04 10:04:18 | INFO     |   20240415: P&L=$        45 | 1 trades | VIX=17.31
2026-04-04 10:04:18 | INFO     |   20240607: P&L=$        45 | 1 trades | VIX=12.58
2026-04-04 10:04:18 | INFO     |   20240820: P&L=$        45 | 1 trades | VIX=14.65
2026-04-04 10:04:18 | INFO     |   20240913: P&L=$        45 | 1 trades | VIX=17.07
2026-04-04 10:04:18 | INFO     |   20250428: P&L=$        45 | 1 trades | VIX=24.84
2026-04-04 10:04:18 | INFO     |   20250509: P&L=$        45 | 1 trades | VIX=22.48
2026-04-04 10:04:18 | INFO     |   20240730: P&L=$       120 | 1 trades | VIX=16.6
2026-04-04 10:04:18 | INFO     |   20250203: P&L=$       120 | 1 trades | VIX=16.43
