2026-04-03 16:54:42 | INFO     | Log file: /Users/jeerapongwongchote/Documents/thetadata/apex/logs/apex_run_20260403_165442.log
2026-04-03 16:54:47 | INFO     | Built daily indicators: 1065 dates (20220103 → 20260401)
2026-04-03 16:54:47 | DEBUG    | [20220118] 1 trades, day P&L=$+90, equity=$100,090
2026-04-03 16:54:47 | DEBUG    | [20220207] 2 trades, day P&L=$+480, equity=$100,570
2026-04-03 16:54:47 | DEBUG    | [20220222] 2 trades, day P&L=$+780, equity=$101,350
2026-04-03 16:54:47 | DEBUG    | [20220307] 2 trades, day P&L=$+780, equity=$102,130
2026-04-03 16:54:47 | DEBUG    | [20220314] 2 trades, day P&L=$+330, equity=$102,460
2026-04-03 16:54:47 | DEBUG    | [20220509] 2 trades, day P&L=$+2430, equity=$104,890
2026-04-03 16:54:47 | DEBUG    | [20220517] 1 trades, day P&L=$+90, equity=$104,980
2026-04-03 16:54:47 | DEBUG    | [20220628] 1 trades, day P&L=$+90, equity=$105,070
2026-04-03 16:54:47 | DEBUG    | [20220705] 1 trades, day P&L=$+90, equity=$105,160
2026-04-03 16:54:47 | DEBUG    | [20220927] 2 trades, day P&L=$+480, equity=$105,640
2026-04-03 16:54:47 | DEBUG    | [20221003] 1 trades, day P&L=$+90, equity=$105,730
2026-04-03 16:54:48 | DEBUG    | [20230313] 1 trades, day P&L=$+240, equity=$105,970
2026-04-03 16:54:48 | DEBUG    | [20240416] 1 trades, day P&L=$+90, equity=$106,060
2026-04-03 16:54:48 | DEBUG    | [20240715] 1 trades, day P&L=$+90, equity=$106,150
2026-04-03 16:54:48 | DEBUG    | [20240729] 1 trades, day P&L=$+90, equity=$106,240
2026-04-03 16:54:48 | DEBUG    | [20240812] 2 trades, day P&L=$+630, equity=$106,870
2026-04-03 16:54:48 | DEBUG    | [20240813] 1 trades, day P&L=$+90, equity=$106,960
2026-04-03 16:54:48 | DEBUG    | [20240820] 1 trades, day P&L=$+90, equity=$107,050
2026-04-03 16:54:48 | DEBUG    | [20240903] 1 trades, day P&L=$+390, equity=$107,440
2026-04-03 16:54:49 | DEBUG    | [20240930] 1 trades, day P&L=$+840, equity=$108,280
2026-04-03 16:54:49 | DEBUG    | [20241001] 1 trades, day P&L=$+240, equity=$108,520
2026-04-03 16:54:49 | DEBUG    | [20241230] 2 trades, day P&L=$+480, equity=$109,000
2026-04-03 16:54:49 | DEBUG    | [20241231] 1 trades, day P&L=$+540, equity=$109,540
2026-04-03 16:54:49 | DEBUG    | [20250107] 1 trades, day P&L=$+240, equity=$109,780
2026-04-03 16:54:49 | DEBUG    | [20250127] 1 trades, day P&L=$+90, equity=$109,870
2026-04-03 16:54:49 | DEBUG    | [20250203] 1 trades, day P&L=$+240, equity=$110,110
2026-04-03 16:54:49 | DEBUG    | [20250310] 1 trades, day P&L=$+990, equity=$111,100
2026-04-03 16:54:49 | DEBUG    | [20250318] 1 trades, day P&L=$+90, equity=$111,190
2026-04-03 16:54:49 | DEBUG    | [20250408] 1 trades, day P&L=$+1140, equity=$112,330
2026-04-03 16:54:49 | DEBUG    | [20250421] 1 trades, day P&L=$+840, equity=$113,170
2026-04-03 16:54:49 | DEBUG    | [20250428] 1 trades, day P&L=$+240, equity=$113,410
2026-04-03 16:54:49 | DEBUG    | [20250506] 1 trades, day P&L=$+90, equity=$113,500
2026-04-03 16:54:49 | DEBUG    | [20250630] 1 trades, day P&L=$+90, equity=$113,590
2026-04-03 16:54:49 | DEBUG    | [20251117] 1 trades, day P&L=$+240, equity=$113,830
2026-04-03 16:54:49 | DEBUG    | [20251118] 1 trades, day P&L=$+240, equity=$114,070
2026-04-03 16:54:49 | DEBUG    | [20260303] 1 trades, day P&L=$+90, equity=$114,160
2026-04-03 16:54:49 | INFO     | ============================================================
2026-04-03 16:54:49 | INFO     | SKIP REASONS:
2026-04-03 16:54:49 | INFO     |   dow_filter          : 551
2026-04-03 16:54:49 | INFO     |   early_close         : 6
2026-04-03 16:54:49 | INFO     |   no_quotes           : 11
2026-04-03 16:54:49 | INFO     |   prior_return        : 147
2026-04-03 16:54:49 | INFO     |   TOTAL TRADES        : 44
2026-04-03 16:54:49 | INFO     | ============================================================
2026-04-03 16:54:49 | DEBUG    | [20220331] 1 trades, day P&L=$+690, equity=$100,690
2026-04-03 16:54:49 | DEBUG    | [20221006] 1 trades, day P&L=$+90, equity=$100,780
2026-04-03 16:54:50 | DEBUG    | [20241031] 1 trades, day P&L=$+90, equity=$100,870
2026-04-03 16:54:50 | DEBUG    | [20250306] 1 trades, day P&L=$+690, equity=$101,560
2026-04-03 16:54:50 | DEBUG    | [20250327] 1 trades, day P&L=$+90, equity=$101,650
2026-04-03 16:54:50 | DEBUG    | [20250403] 1 trades, day P&L=$+990, equity=$102,640
2026-04-03 16:54:50 | DEBUG    | [20250508] 2 trades, day P&L=$+480, equity=$103,120
2026-04-03 16:54:50 | DEBUG    | [20250529] 1 trades, day P&L=$+90, equity=$103,210
2026-04-03 16:54:50 | DEBUG    | [20250605] 1 trades, day P&L=$+90, equity=$103,300
2026-04-03 16:54:50 | DEBUG    | [20250731] 1 trades, day P&L=$+240, equity=$103,540
2026-04-03 16:54:51 | DEBUG    | [20251016] 1 trades, day P&L=$+240, equity=$103,780
2026-04-03 16:54:51 | DEBUG    | [20251113] 1 trades, day P&L=$+240, equity=$104,020
2026-04-03 16:54:51 | DEBUG    | [20251120] 1 trades, day P&L=$+240, equity=$104,260
2026-04-03 16:54:51 | INFO     | ============================================================
2026-04-03 16:54:51 | INFO     | SKIP REASONS:
2026-04-03 16:54:51 | INFO     |   dow_filter          : 724
2026-04-03 16:54:51 | INFO     |   early_close         : 6
2026-04-03 16:54:51 | INFO     |   no_quotes           : 10
2026-04-03 16:54:51 | INFO     |   oi_filter           : 55
2026-04-03 16:54:51 | INFO     |   prior_return        : 147
2026-04-03 16:54:51 | INFO     |   TOTAL TRADES        : 14
2026-04-03 16:54:51 | INFO     | ============================================================
2026-04-03 16:54:51 | DEBUG    | [20220107] 1 trades, day P&L=$+240, equity=$100,240
2026-04-03 16:54:51 | DEBUG    | [20220114] 2 trades, day P&L=$+480, equity=$100,720
2026-04-03 16:54:51 | DEBUG    | [20220121] 2 trades, day P&L=$+1380, equity=$102,100
2026-04-03 16:54:51 | DEBUG    | [20220128] 2 trades, day P&L=$+480, equity=$102,580
2026-04-03 16:54:51 | DEBUG    | [20220225] 2 trades, day P&L=$+930, equity=$103,510
2026-04-03 16:54:51 | DEBUG    | [20220304] 2 trades, day P&L=$+180, equity=$103,690
2026-04-03 16:54:51 | DEBUG    | [20220311] 2 trades, day P&L=$+330, equity=$104,020
2026-04-03 16:54:51 | DEBUG    | [20220318] 1 trades, day P&L=$+390, equity=$104,410
2026-04-03 16:54:51 | DEBUG    | [20220408] 1 trades, day P&L=$+540, equity=$104,950
2026-04-03 16:54:51 | DEBUG    | [20220422] 2 trades, day P&L=$+1230, equity=$106,180
2026-04-03 16:54:51 | DEBUG    | [20220513] 2 trades, day P&L=$+1080, equity=$107,260
2026-04-03 16:54:51 | DEBUG    | [20220520] 2 trades, day P&L=$+1380, equity=$108,640
2026-04-03 16:54:51 | DEBUG    | [20220916] 2 trades, day P&L=$+480, equity=$109,120
2026-04-03 16:54:51 | DEBUG    | [20220923] 2 trades, day P&L=$+630, equity=$109,750
2026-04-03 16:54:51 | DEBUG    | [20221007] 2 trades, day P&L=$+630, equity=$110,380
2026-04-03 16:54:51 | DEBUG    | [20230203] 2 trades, day P&L=$+180, equity=$110,560
2026-04-03 16:54:51 | DEBUG    | [20230331] 1 trades, day P&L=$+90, equity=$110,650
2026-04-03 16:54:51 | DEBUG    | [20240308] 1 trades, day P&L=$+240, equity=$110,890
2026-04-03 16:54:51 | DEBUG    | [20240419] 1 trades, day P&L=$+390, equity=$111,280
2026-04-03 16:54:51 | DEBUG    | [20240607] 1 trades, day P&L=$+90, equity=$111,370
2026-04-03 16:54:52 | DEBUG    | [20240621] 1 trades, day P&L=$+90, equity=$111,460
2026-04-03 16:54:52 | DEBUG    | [20240628] 1 trades, day P&L=$+840, equity=$112,300
2026-04-03 16:54:52 | DEBUG    | [20240726] 2 trades, day P&L=$+1230, equity=$113,530
2026-04-03 16:54:52 | DEBUG    | [20240802] 1 trades, day P&L=$+990, equity=$114,520
2026-04-03 16:54:52 | DEBUG    | [20240823] 1 trades, day P&L=$+90, equity=$114,610
2026-04-03 16:54:52 | DEBUG    | [20240830] 1 trades, day P&L=$+690, equity=$115,300
2026-04-03 16:54:52 | DEBUG    | [20240906] 1 trades, day P&L=$+990, equity=$116,290
2026-04-03 16:54:52 | DEBUG    | [20240913] 1 trades, day P&L=$+90, equity=$116,380
2026-04-03 16:54:52 | DEBUG    | [20241004] 1 trades, day P&L=$+90, equity=$116,470
2026-04-03 16:54:52 | DEBUG    | [20241115] 1 trades, day P&L=$+90, equity=$116,560
2026-04-03 16:54:52 | DEBUG    | [20241220] 1 trades, day P&L=$+540, equity=$117,100
2026-04-03 16:54:52 | DEBUG    | [20250110] 1 trades, day P&L=$+240, equity=$117,340
2026-04-03 16:54:52 | DEBUG    | [20250131] 1 trades, day P&L=$+690, equity=$118,030
2026-04-03 16:54:52 | DEBUG    | [20250314] 1 trades, day P&L=$+390, equity=$118,420
2026-04-03 16:54:52 | DEBUG    | [20250321] 1 trades, day P&L=$+390, equity=$118,810
2026-04-03 16:54:52 | DEBUG    | [20250328] 1 trades, day P&L=$+540, equity=$119,350
2026-04-03 16:54:52 | DEBUG    | [20250502] 1 trades, day P&L=$+240, equity=$119,590
2026-04-03 16:54:52 | DEBUG    | [20250523] 1 trades, day P&L=$+390, equity=$119,980
2026-04-03 16:54:52 | DEBUG    | [20250530] 2 trades, day P&L=$+2430, equity=$122,410
2026-04-03 16:54:52 | DEBUG    | [20250613] 1 trades, day P&L=$+90, equity=$122,500
2026-04-03 16:54:52 | DEBUG    | [20250620] 1 trades, day P&L=$+90, equity=$122,590
2026-04-03 16:54:52 | DEBUG    | [20250801] 1 trades, day P&L=$+540, equity=$123,130
2026-04-03 16:54:52 | DEBUG    | [20250815] 1 trades, day P&L=$+90, equity=$123,220
2026-04-03 16:54:52 | DEBUG    | [20251010] 1 trades, day P&L=$+1140, equity=$124,360
2026-04-03 16:54:52 | DEBUG    | [20251031] 1 trades, day P&L=$+390, equity=$124,750
2026-04-03 16:54:52 | DEBUG    | [20260102] 1 trades, day P&L=$+90, equity=$124,840
2026-04-03 16:54:52 | DEBUG    | [20260130] 2 trades, day P&L=$+330, equity=$125,170
2026-04-03 16:54:52 | DEBUG    | [20260206] 1 trades, day P&L=$+90, equity=$125,260
2026-04-03 16:54:52 | DEBUG    | [20260227] 1 trades, day P&L=$+90, equity=$125,350
2026-04-03 16:54:52 | DEBUG    | [20260306] 1 trades, day P&L=$+390, equity=$125,740
2026-04-03 16:54:52 | DEBUG    | [20260320] 1 trades, day P&L=$+240, equity=$125,980
2026-04-03 16:54:52 | INFO     | ============================================================
2026-04-03 16:54:52 | INFO     | SKIP REASONS:
2026-04-03 16:54:52 | INFO     |   dow_filter          : 729
2026-04-03 16:54:52 | INFO     |   early_close         : 6
2026-04-03 16:54:52 | INFO     |   prior_return        : 147
2026-04-03 16:54:52 | INFO     |   TOTAL TRADES        : 67
2026-04-03 16:54:52 | INFO     | ============================================================
2026-04-03 16:54:52 | INFO     | [ITER 346] mega_w5q30 → CREATIVE | P&L=$44,400, Sharpe=15.77, DD=$0
2026-04-03 16:54:52 | DEBUG    | [20220118] 1 trades, day P&L=$+90, equity=$100,090
2026-04-03 16:54:52 | DEBUG    | [20220207] 2 trades, day P&L=$+480, equity=$100,570
2026-04-03 16:54:52 | DEBUG    | [20220222] 2 trades, day P&L=$+780, equity=$101,350
2026-04-03 16:54:52 | DEBUG    | [20220307] 2 trades, day P&L=$+780, equity=$102,130
2026-04-03 16:54:52 | DEBUG    | [20220314] 2 trades, day P&L=$+330, equity=$102,460
2026-04-03 16:54:52 | DEBUG    | [20220509] 2 trades, day P&L=$+2430, equity=$104,890
2026-04-03 16:54:52 | DEBUG    | [20220517] 1 trades, day P&L=$+90, equity=$104,980
2026-04-03 16:54:52 | DEBUG    | [20220628] 1 trades, day P&L=$+90, equity=$105,070
2026-04-03 16:54:52 | DEBUG    | [20220705] 1 trades, day P&L=$+90, equity=$105,160
2026-04-03 16:54:52 | DEBUG    | [20220927] 2 trades, day P&L=$+480, equity=$105,640
2026-04-03 16:54:52 | DEBUG    | [20221003] 1 trades, day P&L=$+90, equity=$105,730
2026-04-03 16:54:53 | DEBUG    | [20230313] 1 trades, day P&L=$+240, equity=$105,970
2026-04-03 16:54:53 | DEBUG    | [20240416] 1 trades, day P&L=$+90, equity=$106,060
2026-04-03 16:54:53 | DEBUG    | [20240715] 1 trades, day P&L=$+90, equity=$106,150
2026-04-03 16:54:53 | DEBUG    | [20240729] 1 trades, day P&L=$+90, equity=$106,240
2026-04-03 16:54:53 | DEBUG    | [20240812] 2 trades, day P&L=$+630, equity=$106,870
2026-04-03 16:54:53 | DEBUG    | [20240813] 1 trades, day P&L=$+90, equity=$106,960
2026-04-03 16:54:53 | DEBUG    | [20240820] 1 trades, day P&L=$+90, equity=$107,050
2026-04-03 16:54:53 | DEBUG    | [20240903] 1 trades, day P&L=$+390, equity=$107,440
2026-04-03 16:54:53 | DEBUG    | [20240930] 1 trades, day P&L=$+840, equity=$108,280
2026-04-03 16:54:53 | DEBUG    | [20241001] 1 trades, day P&L=$+240, equity=$108,520
2026-04-03 16:54:54 | DEBUG    | [20241230] 2 trades, day P&L=$+480, equity=$109,000
2026-04-03 16:54:54 | DEBUG    | [20241231] 1 trades, day P&L=$+540, equity=$109,540
2026-04-03 16:54:54 | INFO     | ============================================================
2026-04-03 16:54:54 | INFO     | SKIP REASONS:
2026-04-03 16:54:54 | INFO     |   dow_filter          : 386
2026-04-03 16:54:54 | INFO     |   early_close         : 4
2026-04-03 16:54:54 | INFO     |   no_quotes           : 11
2026-04-03 16:54:54 | INFO     |   prior_return        : 109
2026-04-03 16:54:54 | INFO     |   TOTAL TRADES        : 31
2026-04-03 16:54:54 | INFO     | ============================================================
2026-04-03 16:54:54 | DEBUG    | [20220331] 1 trades, day P&L=$+690, equity=$100,690
2026-04-03 16:54:54 | DEBUG    | [20221006] 1 trades, day P&L=$+90, equity=$100,780
2026-04-03 16:54:54 | DEBUG    | [20241031] 1 trades, day P&L=$+90, equity=$100,870
2026-04-03 16:54:54 | INFO     | ============================================================
2026-04-03 16:54:54 | INFO     | SKIP REASONS:
2026-04-03 16:54:54 | INFO     |   dow_filter          : 511
2026-04-03 16:54:54 | INFO     |   early_close         : 4
2026-04-03 16:54:54 | INFO     |   no_quotes           : 10
2026-04-03 16:54:54 | INFO     |   oi_filter           : 26
2026-04-03 16:54:54 | INFO     |   prior_return        : 109
2026-04-03 16:54:54 | INFO     |   TOTAL TRADES        : 3
2026-04-03 16:54:54 | INFO     | ============================================================
2026-04-03 16:54:54 | DEBUG    | [20220107] 1 trades, day P&L=$+240, equity=$100,240
2026-04-03 16:54:54 | DEBUG    | [20220114] 2 trades, day P&L=$+480, equity=$100,720
2026-04-03 16:54:55 | DEBUG    | [20220121] 2 trades, day P&L=$+1380, equity=$102,100
2026-04-03 16:54:55 | DEBUG    | [20220128] 2 trades, day P&L=$+480, equity=$102,580
2026-04-03 16:54:55 | DEBUG    | [20220225] 2 trades, day P&L=$+930, equity=$103,510
2026-04-03 16:54:55 | DEBUG    | [20220304] 2 trades, day P&L=$+180, equity=$103,690
2026-04-03 16:54:55 | DEBUG    | [20220311] 2 trades, day P&L=$+330, equity=$104,020
2026-04-03 16:54:55 | DEBUG    | [20220318] 1 trades, day P&L=$+390, equity=$104,410
2026-04-03 16:54:55 | DEBUG    | [20220408] 1 trades, day P&L=$+540, equity=$104,950
2026-04-03 16:54:55 | DEBUG    | [20220422] 2 trades, day P&L=$+1230, equity=$106,180
2026-04-03 16:54:55 | DEBUG    | [20220513] 2 trades, day P&L=$+1080, equity=$107,260
2026-04-03 16:54:55 | DEBUG    | [20220520] 2 trades, day P&L=$+1380, equity=$108,640
2026-04-03 16:54:55 | DEBUG    | [20220916] 2 trades, day P&L=$+480, equity=$109,120
2026-04-03 16:54:55 | DEBUG    | [20220923] 2 trades, day P&L=$+630, equity=$109,750
2026-04-03 16:54:55 | DEBUG    | [20221007] 2 trades, day P&L=$+630, equity=$110,380
2026-04-03 16:54:55 | DEBUG    | [20230203] 2 trades, day P&L=$+180, equity=$110,560
2026-04-03 16:54:55 | DEBUG    | [20230331] 1 trades, day P&L=$+90, equity=$110,650
2026-04-03 16:54:55 | DEBUG    | [20240308] 1 trades, day P&L=$+240, equity=$110,890
2026-04-03 16:54:55 | DEBUG    | [20240419] 1 trades, day P&L=$+390, equity=$111,280
2026-04-03 16:54:55 | DEBUG    | [20240607] 1 trades, day P&L=$+90, equity=$111,370
2026-04-03 16:54:55 | DEBUG    | [20240621] 1 trades, day P&L=$+90, equity=$111,460
2026-04-03 16:54:55 | DEBUG    | [20240628] 1 trades, day P&L=$+840, equity=$112,300
2026-04-03 16:54:55 | DEBUG    | [20240726] 2 trades, day P&L=$+1230, equity=$113,530
2026-04-03 16:54:55 | DEBUG    | [20240802] 1 trades, day P&L=$+990, equity=$114,520
2026-04-03 16:54:55 | DEBUG    | [20240823] 1 trades, day P&L=$+90, equity=$114,610
2026-04-03 16:54:55 | DEBUG    | [20240830] 1 trades, day P&L=$+690, equity=$115,300
2026-04-03 16:54:55 | DEBUG    | [20240906] 1 trades, day P&L=$+990, equity=$116,290
2026-04-03 16:54:55 | DEBUG    | [20240913] 1 trades, day P&L=$+90, equity=$116,380
2026-04-03 16:54:55 | DEBUG    | [20241004] 1 trades, day P&L=$+90, equity=$116,470
2026-04-03 16:54:55 | DEBUG    | [20241115] 1 trades, day P&L=$+90, equity=$116,560
2026-04-03 16:54:55 | DEBUG    | [20241220] 1 trades, day P&L=$+540, equity=$117,100
2026-04-03 16:54:55 | INFO     | ============================================================
2026-04-03 16:54:55 | INFO     | SKIP REASONS:
2026-04-03 16:54:55 | INFO     |   dow_filter          : 514
2026-04-03 16:54:55 | INFO     |   early_close         : 4
2026-04-03 16:54:55 | INFO     |   prior_return        : 109
2026-04-03 16:54:55 | INFO     |   TOTAL TRADES        : 45
2026-04-03 16:54:55 | INFO     | ============================================================
2026-04-03 16:54:55 | DEBUG    | [20250107] 1 trades, day P&L=$+240, equity=$100,240
2026-04-03 16:54:55 | DEBUG    | [20250127] 1 trades, day P&L=$+90, equity=$100,330
2026-04-03 16:54:55 | DEBUG    | [20250203] 1 trades, day P&L=$+240, equity=$100,570
2026-04-03 16:54:55 | DEBUG    | [20250310] 1 trades, day P&L=$+990, equity=$101,560
2026-04-03 16:54:55 | DEBUG    | [20250318] 1 trades, day P&L=$+90, equity=$101,650
2026-04-03 16:54:55 | DEBUG    | [20250408] 1 trades, day P&L=$+1140, equity=$102,790
2026-04-03 16:54:56 | DEBUG    | [20250421] 1 trades, day P&L=$+840, equity=$103,630
2026-04-03 16:54:56 | DEBUG    | [20250428] 1 trades, day P&L=$+240, equity=$103,870
2026-04-03 16:54:56 | DEBUG    | [20250506] 1 trades, day P&L=$+90, equity=$103,960
2026-04-03 16:54:56 | DEBUG    | [20250630] 1 trades, day P&L=$+90, equity=$104,050
2026-04-03 16:54:56 | DEBUG    | [20251117] 1 trades, day P&L=$+240, equity=$104,290
2026-04-03 16:54:56 | DEBUG    | [20251118] 1 trades, day P&L=$+240, equity=$104,530
2026-04-03 16:54:56 | DEBUG    | [20260303] 1 trades, day P&L=$+90, equity=$104,620
2026-04-03 16:54:56 | INFO     | ============================================================
2026-04-03 16:54:56 | INFO     | SKIP REASONS:
2026-04-03 16:54:56 | INFO     |   dow_filter          : 165
2026-04-03 16:54:56 | INFO     |   early_close         : 2
2026-04-03 16:54:56 | INFO     |   prior_return        : 38
2026-04-03 16:54:56 | INFO     |   TOTAL TRADES        : 13
2026-04-03 16:54:56 | INFO     | ============================================================
2026-04-03 16:54:56 | DEBUG    | [20250306] 1 trades, day P&L=$+690, equity=$100,690
2026-04-03 16:54:56 | DEBUG    | [20250327] 1 trades, day P&L=$+90, equity=$100,780
2026-04-03 16:54:56 | DEBUG    | [20250403] 1 trades, day P&L=$+990, equity=$101,770
2026-04-03 16:54:56 | DEBUG    | [20250508] 2 trades, day P&L=$+480, equity=$102,250
2026-04-03 16:54:56 | DEBUG    | [20250529] 1 trades, day P&L=$+90, equity=$102,340
2026-04-03 16:54:56 | DEBUG    | [20250605] 1 trades, day P&L=$+90, equity=$102,430
2026-04-03 16:54:56 | DEBUG    | [20250731] 1 trades, day P&L=$+240, equity=$102,670
2026-04-03 16:54:56 | DEBUG    | [20251016] 1 trades, day P&L=$+240, equity=$102,910
2026-04-03 16:54:56 | DEBUG    | [20251113] 1 trades, day P&L=$+240, equity=$103,150
2026-04-03 16:54:56 | DEBUG    | [20251120] 1 trades, day P&L=$+240, equity=$103,390
2026-04-03 16:54:57 | INFO     | ============================================================
2026-04-03 16:54:57 | INFO     | SKIP REASONS:
2026-04-03 16:54:57 | INFO     |   dow_filter          : 213
2026-04-03 16:54:57 | INFO     |   early_close         : 2
2026-04-03 16:54:57 | INFO     |   oi_filter           : 29
2026-04-03 16:54:57 | INFO     |   prior_return        : 38
2026-04-03 16:54:57 | INFO     |   TOTAL TRADES        : 11
2026-04-03 16:54:57 | INFO     | ============================================================
2026-04-03 16:54:57 | DEBUG    | [20250110] 1 trades, day P&L=$+240, equity=$100,240
2026-04-03 16:54:57 | DEBUG    | [20250131] 1 trades, day P&L=$+690, equity=$100,930
2026-04-03 16:54:57 | DEBUG    | [20250314] 1 trades, day P&L=$+390, equity=$101,320
2026-04-03 16:54:57 | DEBUG    | [20250321] 1 trades, day P&L=$+390, equity=$101,710
2026-04-03 16:54:57 | DEBUG    | [20250328] 1 trades, day P&L=$+540, equity=$102,250
2026-04-03 16:54:57 | DEBUG    | [20250502] 1 trades, day P&L=$+240, equity=$102,490
2026-04-03 16:54:57 | DEBUG    | [20250523] 1 trades, day P&L=$+390, equity=$102,880
2026-04-03 16:54:57 | DEBUG    | [20250530] 2 trades, day P&L=$+2430, equity=$105,310
2026-04-03 16:54:57 | DEBUG    | [20250613] 1 trades, day P&L=$+90, equity=$105,400
2026-04-03 16:54:57 | DEBUG    | [20250620] 1 trades, day P&L=$+90, equity=$105,490
2026-04-03 16:54:57 | DEBUG    | [20250801] 1 trades, day P&L=$+540, equity=$106,030
2026-04-03 16:54:57 | DEBUG    | [20250815] 1 trades, day P&L=$+90, equity=$106,120
2026-04-03 16:54:57 | DEBUG    | [20251010] 1 trades, day P&L=$+1140, equity=$107,260
2026-04-03 16:54:57 | DEBUG    | [20251031] 1 trades, day P&L=$+390, equity=$107,650
2026-04-03 16:54:57 | DEBUG    | [20260102] 1 trades, day P&L=$+90, equity=$107,740
2026-04-03 16:54:57 | DEBUG    | [20260130] 2 trades, day P&L=$+330, equity=$108,070
2026-04-03 16:54:57 | DEBUG    | [20260206] 1 trades, day P&L=$+90, equity=$108,160
2026-04-03 16:54:57 | DEBUG    | [20260227] 1 trades, day P&L=$+90, equity=$108,250
2026-04-03 16:54:57 | DEBUG    | [20260306] 1 trades, day P&L=$+390, equity=$108,640
2026-04-03 16:54:57 | DEBUG    | [20260320] 1 trades, day P&L=$+240, equity=$108,880
2026-04-03 16:54:57 | INFO     | ============================================================
2026-04-03 16:54:57 | INFO     | SKIP REASONS:
2026-04-03 16:54:57 | INFO     |   dow_filter          : 215
2026-04-03 16:54:57 | INFO     |   early_close         : 2
2026-04-03 16:54:57 | INFO     |   prior_return        : 38
2026-04-03 16:54:57 | INFO     |   TOTAL TRADES        : 22
2026-04-03 16:54:57 | INFO     | ============================================================
2026-04-03 16:54:57 | DEBUG    | [20220114] 1 trades, day P&L=$+240, equity=$100,240
2026-04-03 16:54:57 | DEBUG    | [20220118] 1 trades, day P&L=$+90, equity=$100,330
2026-04-03 16:54:57 | DEBUG    | [20220121] 1 trades, day P&L=$+240, equity=$100,570
2026-04-03 16:54:57 | DEBUG    | [20220128] 1 trades, day P&L=$+240, equity=$100,810
2026-04-03 16:54:57 | DEBUG    | [20220207] 2 trades, day P&L=$+480, equity=$101,290
2026-04-03 16:54:57 | DEBUG    | [20220222] 2 trades, day P&L=$+780, equity=$102,070
2026-04-03 16:54:57 | DEBUG    | [20220225] 1 trades, day P&L=$+390, equity=$102,460
2026-04-03 16:54:57 | DEBUG    | [20220304] 1 trades, day P&L=$+90, equity=$102,550
2026-04-03 16:54:57 | DEBUG    | [20220307] 2 trades, day P&L=$+780, equity=$103,330
2026-04-03 16:54:57 | DEBUG    | [20220311] 2 trades, day P&L=$+330, equity=$103,660
2026-04-03 16:54:57 | DEBUG    | [20220314] 2 trades, day P&L=$+330, equity=$103,990
2026-04-03 16:54:57 | DEBUG    | [20220422] 2 trades, day P&L=$+1230, equity=$105,220
2026-04-03 16:54:57 | DEBUG    | [20220509] 2 trades, day P&L=$+2430, equity=$107,650
2026-04-03 16:54:57 | DEBUG    | [20220513] 2 trades, day P&L=$+1080, equity=$108,730
2026-04-03 16:54:57 | DEBUG    | [20220517] 1 trades, day P&L=$+90, equity=$108,820
2026-04-03 16:54:57 | DEBUG    | [20220520] 1 trades, day P&L=$+240, equity=$109,060
2026-04-03 16:54:57 | DEBUG    | [20220628] 1 trades, day P&L=$+90, equity=$109,150
2026-04-03 16:54:57 | DEBUG    | [20220705] 1 trades, day P&L=$+90, equity=$109,240
2026-04-03 16:54:57 | DEBUG    | [20220916] 2 trades, day P&L=$+480, equity=$109,720
2026-04-03 16:54:57 | DEBUG    | [20220923] 2 trades, day P&L=$+330, equity=$110,050
2026-04-03 16:54:57 | DEBUG    | [20220927] 2 trades, day P&L=$+480, equity=$110,530
2026-04-03 16:54:57 | DEBUG    | [20221003] 1 trades, day P&L=$+90, equity=$110,620
2026-04-03 16:54:57 | DEBUG    | [20221007] 2 trades, day P&L=$+630, equity=$111,250
2026-04-03 16:54:58 | DEBUG    | [20230203] 2 trades, day P&L=$+180, equity=$111,430
2026-04-03 16:54:58 | DEBUG    | [20230313] 1 trades, day P&L=$+240, equity=$111,670
2026-04-03 16:54:58 | DEBUG    | [20230331] 1 trades, day P&L=$+90, equity=$111,760
2026-04-03 16:54:59 | DEBUG    | [20240416] 1 trades, day P&L=$+90, equity=$111,850
2026-04-03 16:54:59 | DEBUG    | [20240607] 1 trades, day P&L=$+90, equity=$111,940
2026-04-03 16:54:59 | DEBUG    | [20240628] 1 trades, day P&L=$+240, equity=$112,180
2026-04-03 16:54:59 | DEBUG    | [20240715] 1 trades, day P&L=$+90, equity=$112,270
2026-04-03 16:54:59 | DEBUG    | [20240726] 2 trades, day P&L=$+1230, equity=$113,500
2026-04-03 16:54:59 | DEBUG    | [20240729] 1 trades, day P&L=$+90, equity=$113,590
2026-04-03 16:54:59 | DEBUG    | [20240802] 1 trades, day P&L=$+540, equity=$114,130
2026-04-03 16:54:59 | DEBUG    | [20240812] 2 trades, day P&L=$+630, equity=$114,760
2026-04-03 16:54:59 | DEBUG    | [20240813] 1 trades, day P&L=$+90, equity=$114,850
2026-04-03 16:54:59 | DEBUG    | [20240820] 1 trades, day P&L=$+90, equity=$114,940
2026-04-03 16:54:59 | DEBUG    | [20240823] 1 trades, day P&L=$+90, equity=$115,030
2026-04-03 16:54:59 | DEBUG    | [20240903] 1 trades, day P&L=$+390, equity=$115,420
2026-04-03 16:54:59 | DEBUG    | [20240906] 1 trades, day P&L=$+390, equity=$115,810
2026-04-03 16:54:59 | DEBUG    | [20240913] 1 trades, day P&L=$+90, equity=$115,900
2026-04-03 16:54:59 | DEBUG    | [20240930] 1 trades, day P&L=$+840, equity=$116,740
2026-04-03 16:54:59 | DEBUG    | [20241001] 1 trades, day P&L=$+240, equity=$116,980
2026-04-03 16:54:59 | DEBUG    | [20241115] 1 trades, day P&L=$+90, equity=$117,070
2026-04-03 16:55:00 | DEBUG    | [20241220] 1 trades, day P&L=$+540, equity=$117,610
2026-04-03 16:55:00 | DEBUG    | [20241230] 2 trades, day P&L=$+480, equity=$118,090
2026-04-03 16:55:00 | DEBUG    | [20241231] 1 trades, day P&L=$+540, equity=$118,630
2026-04-03 16:55:00 | DEBUG    | [20250107] 1 trades, day P&L=$+240, equity=$118,870
2026-04-03 16:55:00 | DEBUG    | [20250127] 1 trades, day P&L=$+90, equity=$118,960
2026-04-03 16:55:00 | DEBUG    | [20250131] 1 trades, day P&L=$+690, equity=$119,650
2026-04-03 16:55:00 | DEBUG    | [20250203] 1 trades, day P&L=$+240, equity=$119,890
2026-04-03 16:55:00 | DEBUG    | [20250310] 1 trades, day P&L=$+990, equity=$120,880
2026-04-03 16:55:00 | DEBUG    | [20250314] 1 trades, day P&L=$+390, equity=$121,270
2026-04-03 16:55:00 | DEBUG    | [20250318] 1 trades, day P&L=$+90, equity=$121,360
2026-04-03 16:55:00 | DEBUG    | [20250408] 1 trades, day P&L=$+1140, equity=$122,500
2026-04-03 16:55:00 | DEBUG    | [20250421] 1 trades, day P&L=$+840, equity=$123,340
2026-04-03 16:55:00 | DEBUG    | [20250428] 1 trades, day P&L=$+240, equity=$123,580
2026-04-03 16:55:00 | DEBUG    | [20250506] 1 trades, day P&L=$+90, equity=$123,670
2026-04-03 16:55:00 | DEBUG    | [20250523] 1 trades, day P&L=$+390, equity=$124,060
2026-04-03 16:55:00 | DEBUG    | [20250530] 2 trades, day P&L=$+1380, equity=$125,440
2026-04-03 16:55:00 | DEBUG    | [20250613] 1 trades, day P&L=$+90, equity=$125,530
2026-04-03 16:55:00 | DEBUG    | [20250630] 1 trades, day P&L=$+90, equity=$125,620
2026-04-03 16:55:00 | DEBUG    | [20251010] 1 trades, day P&L=$+1140, equity=$126,760
2026-04-03 16:55:00 | DEBUG    | [20251117] 1 trades, day P&L=$+240, equity=$127,000
2026-04-03 16:55:00 | DEBUG    | [20251118] 1 trades, day P&L=$+240, equity=$127,240
2026-04-03 16:55:00 | DEBUG    | [20260130] 1 trades, day P&L=$+90, equity=$127,330
2026-04-03 16:55:00 | DEBUG    | [20260206] 1 trades, day P&L=$+90, equity=$127,420
2026-04-03 16:55:00 | DEBUG    | [20260227] 1 trades, day P&L=$+90, equity=$127,510
2026-04-03 16:55:00 | DEBUG    | [20260303] 1 trades, day P&L=$+90, equity=$127,600
2026-04-03 16:55:00 | DEBUG    | [20260306] 1 trades, day P&L=$+390, equity=$127,990
2026-04-03 16:55:01 | DEBUG    | [20260320] 1 trades, day P&L=$+240, equity=$128,230
2026-04-03 16:55:01 | INFO     | ============================================================
2026-04-03 16:55:01 | INFO     | SKIP REASONS:
2026-04-03 16:55:01 | INFO     |   dow_filter          : 374
2026-04-03 16:55:01 | INFO     |   early_close         : 6
2026-04-03 16:55:01 | INFO     |   no_quotes           : 11
2026-04-03 16:55:01 | INFO     |   prior_return        : 147
2026-04-03 16:55:01 | INFO     |   TOTAL TRADES        : 87
2026-04-03 16:55:01 | INFO     | ============================================================
2026-04-03 16:55:01 | DEBUG    | [20220110] 2 trades, day P&L=$+90, equity=$100,090
2026-04-03 16:55:01 | DEBUG    | [20220114] 1 trades, day P&L=$+120, equity=$100,210
2026-04-03 16:55:01 | DEBUG    | [20220118] 2 trades, day P&L=$+240, equity=$100,450
2026-04-03 16:55:01 | DEBUG    | [20220121] 2 trades, day P&L=$+615, equity=$101,065
2026-04-03 16:55:01 | DEBUG    | [20220128] 2 trades, day P&L=$+615, equity=$101,680
2026-04-03 16:55:01 | DEBUG    | [20220207] 2 trades, day P&L=$+390, equity=$102,070
2026-04-03 16:55:01 | DEBUG    | [20220222] 2 trades, day P&L=$+915, equity=$102,985
2026-04-03 16:55:01 | DEBUG    | [20220225] 2 trades, day P&L=$+390, equity=$103,375
2026-04-03 16:55:01 | DEBUG    | [20220304] 2 trades, day P&L=$+390, equity=$103,765
2026-04-03 16:55:01 | DEBUG    | [20220307] 2 trades, day P&L=$+540, equity=$104,305
2026-04-03 16:55:01 | DEBUG    | [20220311] 2 trades, day P&L=$+540, equity=$104,845
2026-04-03 16:55:01 | DEBUG    | [20220314] 2 trades, day P&L=$+390, equity=$105,235
2026-04-03 16:55:01 | DEBUG    | [20220408] 2 trades, day P&L=$+90, equity=$105,325
2026-04-03 16:55:01 | DEBUG    | [20220418] 1 trades, day P&L=$+45, equity=$105,370
2026-04-03 16:55:01 | DEBUG    | [20220422] 2 trades, day P&L=$+1290, equity=$106,660
2026-04-03 16:55:01 | DEBUG    | [20220426] 2 trades, day P&L=$+615, equity=$107,275
2026-04-03 16:55:01 | DEBUG    | [20220503] 1 trades, day P&L=$+195, equity=$107,470
2026-04-03 16:55:01 | DEBUG    | [20220509] 2 trades, day P&L=$+1890, equity=$109,360
2026-04-03 16:55:01 | DEBUG    | [20220513] 2 trades, day P&L=$+990, equity=$110,350
2026-04-03 16:55:01 | DEBUG    | [20220517] 1 trades, day P&L=$+45, equity=$110,395
2026-04-03 16:55:01 | DEBUG    | [20220520] 2 trades, day P&L=$+540, equity=$110,935
2026-04-03 16:55:01 | DEBUG    | [20220624] 1 trades, day P&L=$+45, equity=$110,980
2026-04-03 16:55:01 | DEBUG    | [20220628] 1 trades, day P&L=$+45, equity=$111,025
2026-04-03 16:55:01 | DEBUG    | [20220705] 1 trades, day P&L=$+45, equity=$111,070
2026-04-03 16:55:01 | DEBUG    | [20220902] 2 trades, day P&L=$+240, equity=$111,310
2026-04-03 16:55:01 | DEBUG    | [20220913] 1 trades, day P&L=$+45, equity=$111,355
2026-04-03 16:55:01 | DEBUG    | [20220916] 2 trades, day P&L=$+315, equity=$111,670
2026-04-03 16:55:01 | DEBUG    | [20220923] 2 trades, day P&L=$+315, equity=$111,985
2026-04-03 16:55:01 | DEBUG    | [20220927] 2 trades, day P&L=$+315, equity=$112,300
2026-04-03 16:55:01 | DEBUG    | [20221003] 1 trades, day P&L=$+45, equity=$112,345
2026-04-03 16:55:01 | DEBUG    | [20221007] 2 trades, day P&L=$+690, equity=$113,035
2026-04-03 16:55:01 | DEBUG    | [20221011] 1 trades, day P&L=$+45, equity=$113,080
2026-04-03 16:55:01 | DEBUG    | [20221115] 1 trades, day P&L=$+120, equity=$113,200
2026-04-03 16:55:01 | DEBUG    | [20221118] 1 trades, day P&L=$+45, equity=$113,245
2026-04-03 16:55:01 | DEBUG    | [20221209] 1 trades, day P&L=$+45, equity=$113,290
2026-04-03 16:55:01 | DEBUG    | [20221213] 1 trades, day P&L=$+45, equity=$113,335
2026-04-03 16:55:01 | DEBUG    | [20230203] 2 trades, day P&L=$+90, equity=$113,425
2026-04-03 16:55:02 | DEBUG    | [20230313] 1 trades, day P&L=$+195, equity=$113,620
2026-04-03 16:55:02 | DEBUG    | [20230331] 1 trades, day P&L=$+45, equity=$113,665
2026-04-03 16:55:03 | DEBUG    | [20240216] 1 trades, day P&L=$+45, equity=$113,710
2026-04-03 16:55:03 | DEBUG    | [20240415] 1 trades, day P&L=$+45, equity=$113,755
2026-04-03 16:55:03 | DEBUG    | [20240416] 2 trades, day P&L=$+165, equity=$113,920
2026-04-03 16:55:03 | DEBUG    | [20240419] 1 trades, day P&L=$+45, equity=$113,965
2026-04-03 16:55:03 | DEBUG    | [20240422] 1 trades, day P&L=$+45, equity=$114,010
2026-04-03 16:55:03 | DEBUG    | [20240531] 1 trades, day P&L=$+120, equity=$114,130
2026-04-03 16:55:03 | DEBUG    | [20240607] 1 trades, day P&L=$+45, equity=$114,175
2026-04-03 16:55:03 | DEBUG    | [20240628] 1 trades, day P&L=$+270, equity=$114,445
2026-04-03 16:55:03 | DEBUG    | [20240712] 1 trades, day P&L=$+120, equity=$114,565
2026-04-03 16:55:03 | DEBUG    | [20240715] 1 trades, day P&L=$+45, equity=$114,610
2026-04-03 16:55:03 | DEBUG    | [20240726] 2 trades, day P&L=$+840, equity=$115,450
2026-04-03 16:55:03 | DEBUG    | [20240729] 1 trades, day P&L=$+45, equity=$115,495
2026-04-03 16:55:03 | DEBUG    | [20240730] 1 trades, day P&L=$+120, equity=$115,615
2026-04-03 16:55:03 | DEBUG    | [20240802] 1 trades, day P&L=$+495, equity=$116,110
2026-04-03 16:55:03 | DEBUG    | [20240812] 2 trades, day P&L=$+390, equity=$116,500
2026-04-03 16:55:03 | DEBUG    | [20240813] 1 trades, day P&L=$+45, equity=$116,545
2026-04-03 16:55:03 | DEBUG    | [20240820] 1 trades, day P&L=$+45, equity=$116,590
2026-04-03 16:55:03 | DEBUG    | [20240823] 1 trades, day P&L=$+45, equity=$116,635
2026-04-03 16:55:03 | DEBUG    | [20240830] 1 trades, day P&L=$+120, equity=$116,755
2026-04-03 16:55:03 | DEBUG    | [20240903] 1 trades, day P&L=$+420, equity=$117,175
2026-04-03 16:55:03 | DEBUG    | [20240906] 1 trades, day P&L=$+270, equity=$117,445
2026-04-03 16:55:03 | DEBUG    | [20240913] 1 trades, day P&L=$+45, equity=$117,490
2026-04-03 16:55:03 | DEBUG    | [20240930] 1 trades, day P&L=$+645, equity=$118,135
2026-04-03 16:55:03 | DEBUG    | [20241001] 1 trades, day P&L=$+195, equity=$118,330
2026-04-03 16:55:03 | DEBUG    | [20241025] 1 trades, day P&L=$+45, equity=$118,375
2026-04-03 16:55:03 | DEBUG    | [20241104] 1 trades, day P&L=$+45, equity=$118,420
2026-04-03 16:55:03 | DEBUG    | [20241115] 1 trades, day P&L=$+45, equity=$118,465
2026-04-03 16:55:03 | DEBUG    | [20241220] 1 trades, day P&L=$+495, equity=$118,960
2026-04-03 16:55:03 | DEBUG    | [20241230] 2 trades, day P&L=$+315, equity=$119,275
2026-04-03 16:55:03 | DEBUG    | [20241231] 1 trades, day P&L=$+570, equity=$119,845
2026-04-03 16:55:03 | DEBUG    | [20250107] 1 trades, day P&L=$+270, equity=$120,115
2026-04-03 16:55:03 | DEBUG    | [20250110] 1 trades, day P&L=$+45, equity=$120,160
2026-04-03 16:55:04 | DEBUG    | [20250127] 1 trades, day P&L=$+45, equity=$120,205
2026-04-03 16:55:04 | DEBUG    | [20250131] 1 trades, day P&L=$+570, equity=$120,775
2026-04-03 16:55:04 | DEBUG    | [20250203] 1 trades, day P&L=$+195, equity=$120,970
2026-04-03 16:55:04 | DEBUG    | [20250207] 1 trades, day P&L=$+45, equity=$121,015
2026-04-03 16:55:04 | DEBUG    | [20250221] 1 trades, day P&L=$+45, equity=$121,060
2026-04-03 16:55:04 | DEBUG    | [20250225] 1 trades, day P&L=$+195, equity=$121,255
2026-04-03 16:55:04 | DEBUG    | [20250310] 1 trades, day P&L=$+870, equity=$122,125
2026-04-03 16:55:04 | DEBUG    | [20250314] 1 trades, day P&L=$+270, equity=$122,395
2026-04-03 16:55:04 | DEBUG    | [20250318] 1 trades, day P&L=$+45, equity=$122,440
2026-04-03 16:55:04 | DEBUG    | [20250321] 1 trades, day P&L=$+45, equity=$122,485
2026-04-03 16:55:04 | DEBUG    | [20250328] 1 trades, day P&L=$+45, equity=$122,530
2026-04-03 16:55:04 | DEBUG    | [20250401] 1 trades, day P&L=$+45, equity=$122,575
2026-04-03 16:55:04 | DEBUG    | [20250408] 1 trades, day P&L=$+1620, equity=$124,195
2026-04-03 16:55:04 | DEBUG    | [20250415] 2 trades, day P&L=$+165, equity=$124,360
2026-04-03 16:55:04 | DEBUG    | [20250421] 1 trades, day P&L=$+720, equity=$125,080
2026-04-03 16:55:04 | DEBUG    | [20250428] 2 trades, day P&L=$+240, equity=$125,320
2026-04-03 16:55:04 | DEBUG    | [20250506] 1 trades, day P&L=$+195, equity=$125,515
2026-04-03 16:55:04 | DEBUG    | [20250509] 1 trades, day P&L=$+45, equity=$125,560
2026-04-03 16:55:04 | DEBUG    | [20250512] 1 trades, day P&L=$+195, equity=$125,755
2026-04-03 16:55:04 | DEBUG    | [20250523] 1 trades, day P&L=$+270, equity=$126,025
2026-04-03 16:55:04 | DEBUG    | [20250530] 2 trades, day P&L=$+1365, equity=$127,390
2026-04-03 16:55:04 | DEBUG    | [20250613] 1 trades, day P&L=$+120, equity=$127,510
2026-04-03 16:55:04 | DEBUG    | [20250630] 1 trades, day P&L=$+45, equity=$127,555
2026-04-03 16:55:04 | DEBUG    | [20250801] 1 trades, day P&L=$+45, equity=$127,600
2026-04-03 16:55:04 | DEBUG    | [20250811] 1 trades, day P&L=$+45, equity=$127,645
2026-04-03 16:55:04 | DEBUG    | [20250930] 1 trades, day P&L=$+45, equity=$127,690
2026-04-03 16:55:04 | DEBUG    | [20251010] 1 trades, day P&L=$+1020, equity=$128,710
2026-04-03 16:55:04 | DEBUG    | [20251107] 1 trades, day P&L=$+45, equity=$128,755
2026-04-03 16:55:04 | DEBUG    | [20251117] 1 trades, day P&L=$+195, equity=$128,950
2026-04-03 16:55:04 | DEBUG    | [20251118] 2 trades, day P&L=$+240, equity=$129,190
2026-04-03 16:55:04 | DEBUG    | [20260120] 1 trades, day P&L=$+45, equity=$129,235
2026-04-03 16:55:04 | DEBUG    | [20260130] 1 trades, day P&L=$+120, equity=$129,355
2026-04-03 16:55:04 | DEBUG    | [20260206] 1 trades, day P&L=$+120, equity=$129,475
2026-04-03 16:55:05 | DEBUG    | [20260227] 2 trades, day P&L=$+165, equity=$129,640
2026-04-03 16:55:05 | DEBUG    | [20260302] 1 trades, day P&L=$+120, equity=$129,760
2026-04-03 16:55:05 | DEBUG    | [20260303] 1 trades, day P&L=$+120, equity=$129,880
2026-04-03 16:55:05 | DEBUG    | [20260309] 1 trades, day P&L=$+120, equity=$130,000
2026-04-03 16:55:05 | DEBUG    | [20260310] 1 trades, day P&L=$+120, equity=$130,120
2026-04-03 16:55:05 | DEBUG    | [20260320] 1 trades, day P&L=$+195, equity=$130,315
2026-04-03 16:55:05 | DEBUG    | [20260324] 1 trades, day P&L=$+45, equity=$130,360
2026-04-03 16:55:05 | INFO     | ============================================================
2026-04-03 16:55:05 | INFO     | SKIP REASONS:
2026-04-03 16:55:05 | INFO     |   dow_filter          : 374
2026-04-03 16:55:05 | INFO     |   early_close         : 6
2026-04-03 16:55:05 | INFO     |   no_quotes           : 11
2026-04-03 16:55:05 | INFO     |   prior_return        : 147
2026-04-03 16:55:05 | INFO     |   TOTAL TRADES        : 143
2026-04-03 16:55:05 | INFO     | ============================================================
