2026-04-04 16:13:06 | INFO     | Log file: /Users/jeerapongwongchote/Documents/thetadata/apex/logs/apex_run_20260404_161306.log
2026-04-04 16:13:06 | INFO     | Building daily indicators...
2026-04-04 16:13:13 | INFO     |   SQZ GEX loaded: 3748 dates
2026-04-04 16:13:14 | INFO     | Built daily indicators: 1066 dates (20220103 → 20260402)
2026-04-04 16:13:14 | DEBUG    | [20220318] 1 trades, day P&L=$+45, equity=$100,045
2026-04-04 16:13:15 | DEBUG    | [20240716] 1 trades, day P&L=$+45, equity=$100,090
2026-04-04 16:13:15 | DEBUG    | [20240722] 1 trades, day P&L=$+45, equity=$100,135
2026-04-04 16:13:15 | DEBUG    | [20240820] 1 trades, day P&L=$+45, equity=$100,180
2026-04-04 16:13:15 | DEBUG    | [20240913] 1 trades, day P&L=$+45, equity=$100,225
2026-04-04 16:13:15 | DEBUG    | [20240930] 1 trades, day P&L=$+270, equity=$100,495
2026-04-04 16:13:15 | DEBUG    | [20241011] 1 trades, day P&L=$+45, equity=$100,540
2026-04-04 16:13:16 | DEBUG    | [20250502] 1 trades, day P&L=$+270, equity=$100,810
2026-04-04 16:13:16 | DEBUG    | [20250505] 1 trades, day P&L=$+120, equity=$100,930
2026-04-04 16:13:16 | DEBUG    | [20250506] 1 trades, day P&L=$+195, equity=$101,125
2026-04-04 16:13:16 | DEBUG    | [20250509] 1 trades, day P&L=$+45, equity=$101,170
2026-04-04 16:13:16 | DEBUG    | [20250512] 1 trades, day P&L=$+195, equity=$101,365
2026-04-04 16:13:16 | DEBUG    | [20250516] 1 trades, day P&L=$+45, equity=$101,410
2026-04-04 16:13:16 | DEBUG    | [20250630] 1 trades, day P&L=$+45, equity=$101,455
2026-04-04 16:13:16 | DEBUG    | [20250811] 1 trades, day P&L=$+45, equity=$101,500
2026-04-04 16:13:16 | DEBUG    | [20250826] 1 trades, day P&L=$+120, equity=$101,620
2026-04-04 16:13:16 | DEBUG    | [20250930] 1 trades, day P&L=$+120, equity=$101,740
2026-04-04 16:13:17 | DEBUG    | [20260227] 1 trades, day P&L=$+45, equity=$101,785
2026-04-04 16:13:17 | INFO     | ============================================================
2026-04-04 16:13:17 | INFO     | SKIP REASONS:
2026-04-04 16:13:17 | INFO     |   bp_limit            : 7
2026-04-04 16:13:17 | INFO     |   dow_filter          : 233
2026-04-04 16:13:17 | INFO     |   early_close         : 6
2026-04-04 16:13:17 | INFO     |   gex_filter          : 336
2026-04-04 16:13:17 | INFO     |   no_quotes           : 4
2026-04-04 16:13:17 | INFO     |   prior_return        : 147
2026-04-04 16:13:17 | INFO     |   vol_consumed        : 132
2026-04-04 16:13:17 | INFO     |   TOTAL TRADES        : 18
2026-04-04 16:13:17 | INFO     | ============================================================
2026-04-04 16:13:17 | INFO     | 
============================================================
2026-04-04 16:13:17 | INFO     |   BACKTEST RESULTS (2022-01-03 → 2026-03-25)
2026-04-04 16:13:17 | INFO     | ============================================================
2026-04-04 16:13:17 | INFO     |   Trades      : 18
2026-04-04 16:13:17 | INFO     |   Win Rate    : 100.0%
2026-04-04 16:13:17 | INFO     |   Total P&L   : $1,785.00
2026-04-04 16:13:17 | INFO     |   Max DD      : $0.00
2026-04-04 16:13:17 | INFO     |   Sharpe      : 19.54
2026-04-04 16:13:17 | INFO     |   Calmar      : 0.00
2026-04-04 16:13:17 | INFO     |   Profit Factor: inf
2026-04-04 16:13:17 | INFO     |   Avg Win     : $99.17
2026-04-04 16:13:17 | INFO     |   Avg Loss    : $0.00
2026-04-04 16:13:17 | INFO     |   Max Single Loss: $45.00
2026-04-04 16:13:17 | INFO     | ============================================================

2026-04-04 16:13:17 | INFO     | 
--- VIX ZONE ANALYSIS ---
2026-04-04 16:13:17 | INFO     |   VIX < 15  :    3 trades, WR 100.0%, P&L $       210, DD $       0, Sharpe 25.66
2026-04-04 16:13:17 | INFO     |   VIX 15-20 :    8 trades, WR 100.0%, P&L $       660, DD $       0, Sharpe 16.33
2026-04-04 16:13:17 | INFO     |   VIX 20-25 :    6 trades, WR 100.0%, P&L $       870, DD $       0, Sharpe 25.34
2026-04-04 16:13:17 | INFO     |   VIX 25-30 :    1 trades, WR 100.0%, P&L $        45, DD $       0, Sharpe  0.00
2026-04-04 16:13:17 | INFO     | 
--- DAY-OF-WEEK ANALYSIS ---
2026-04-04 16:13:17 | INFO     |   Mon:    6 trades, WR 100.0%, P&L $       720, Sharpe 20.08
2026-04-04 16:13:17 | INFO     |   Tue:    5 trades, WR 100.0%, P&L $       525, Sharpe 26.56
2026-04-04 16:13:17 | INFO     |   Fri:    7 trades, WR 100.0%, P&L $       540, Sharpe 14.40
2026-04-04 16:13:17 | INFO     | 
--- TOP 10 WORST DAYS ---
2026-04-04 16:13:17 | INFO     |   20220318: P&L=$        45 | 1 trades | VIX=25.67
2026-04-04 16:13:17 | INFO     |   20240716: P&L=$        45 | 1 trades | VIX=13.12
2026-04-04 16:13:17 | INFO     |   20240722: P&L=$        45 | 1 trades | VIX=16.52
2026-04-04 16:13:17 | INFO     |   20240820: P&L=$        45 | 1 trades | VIX=14.65
2026-04-04 16:13:17 | INFO     |   20240913: P&L=$        45 | 1 trades | VIX=17.07
2026-04-04 16:13:17 | INFO     |   20241011: P&L=$        45 | 1 trades | VIX=20.93
2026-04-04 16:13:17 | INFO     |   20250509: P&L=$        45 | 1 trades | VIX=22.48
2026-04-04 16:13:17 | INFO     |   20250516: P&L=$        45 | 1 trades | VIX=17.83
2026-04-04 16:13:17 | INFO     |   20250630: P&L=$        45 | 1 trades | VIX=16.32
2026-04-04 16:13:17 | INFO     |   20250811: P&L=$        45 | 1 trades | VIX=15.15
