2026-04-03 14:11:07 | INFO     | Log file: /Users/jeerapongwongchote/Documents/thetadata/apex/logs/apex_run_20260403_141107.log
2026-04-03 14:11:12 | INFO     | Built daily indicators: 1065 dates (20220103 → 20260401)
2026-04-03 14:11:12 | DEBUG    | [20220110] 2 trades, day P&L=$+45, equity=$100,045
2026-04-03 14:11:13 | DEBUG    | [20220114] 1 trades, day P&L=$+130, equity=$100,175
2026-04-03 14:11:13 | DEBUG    | [20220118] 2 trades, day P&L=$+145, equity=$100,320
2026-04-03 14:11:13 | DEBUG    | [20220121] 2 trades, day P&L=$+495, equity=$100,815
2026-04-03 14:11:13 | DEBUG    | [20220128] 2 trades, day P&L=$+395, equity=$101,210
2026-04-03 14:11:13 | DEBUG    | [20220207] 2 trades, day P&L=$+295, equity=$101,505
2026-04-03 14:11:13 | DEBUG    | [20220222] 2 trades, day P&L=$+545, equity=$102,050
2026-04-03 14:11:13 | DEBUG    | [20220225] 2 trades, day P&L=$+145, equity=$102,195
2026-04-03 14:11:13 | DEBUG    | [20220304] 2 trades, day P&L=$+195, equity=$102,390
2026-04-03 14:11:13 | DEBUG    | [20220307] 2 trades, day P&L=$+270, equity=$102,660
2026-04-03 14:11:13 | DEBUG    | [20220311] 2 trades, day P&L=$+395, equity=$103,055
2026-04-03 14:11:13 | DEBUG    | [20220314] 2 trades, day P&L=$+220, equity=$103,275
2026-04-03 14:11:13 | DEBUG    | [20220318] 1 trades, day P&L=$+30, equity=$103,305
2026-04-03 14:11:13 | DEBUG    | [20220331] 2 trades, day P&L=$+845, equity=$104,150
2026-04-03 14:11:13 | DEBUG    | [20220408] 2 trades, day P&L=$+45, equity=$104,195
2026-04-03 14:11:13 | DEBUG    | [20220414] 1 trades, day P&L=$+30, equity=$104,225
2026-04-03 14:11:13 | DEBUG    | [20220418] 1 trades, day P&L=$+30, equity=$104,255
2026-04-03 14:11:13 | DEBUG    | [20220422] 2 trades, day P&L=$+895, equity=$105,150
2026-04-03 14:11:13 | DEBUG    | [20220426] 2 trades, day P&L=$+370, equity=$105,520
2026-04-03 14:11:13 | DEBUG    | [20220503] 1 trades, day P&L=$+130, equity=$105,650
2026-04-03 14:11:13 | DEBUG    | [20220513] 2 trades, day P&L=$+645, equity=$106,295
2026-04-03 14:11:13 | DEBUG    | [20220520] 2 trades, day P&L=$+370, equity=$106,665
2026-04-03 14:11:13 | DEBUG    | [20220526] 1 trades, day P&L=$+80, equity=$106,745
2026-04-03 14:11:13 | DEBUG    | [20220602] 1 trades, day P&L=$+30, equity=$106,775
2026-04-03 14:11:13 | DEBUG    | [20220609] 1 trades, day P&L=$+30, equity=$106,805
2026-04-03 14:11:13 | DEBUG    | [20220623] 1 trades, day P&L=$+30, equity=$106,835
2026-04-03 14:11:13 | DEBUG    | [20220624] 1 trades, day P&L=$+30, equity=$106,865
2026-04-03 14:11:13 | DEBUG    | [20220628] 1 trades, day P&L=$+30, equity=$106,895
2026-04-03 14:11:13 | DEBUG    | [20220630] 2 trades, day P&L=$-245, equity=$106,650
2026-04-03 14:11:13 | DEBUG    | [20220705] 2 trades, day P&L=$+45, equity=$106,695
2026-04-03 14:11:13 | DEBUG    | [20220707] 1 trades, day P&L=$+30, equity=$106,725
2026-04-03 14:11:13 | DEBUG    | [20220719] 1 trades, day P&L=$+30, equity=$106,755
2026-04-03 14:11:13 | DEBUG    | [20220902] 2 trades, day P&L=$+170, equity=$106,925
2026-04-03 14:11:13 | DEBUG    | [20220915] 2 trades, day P&L=$+220, equity=$107,145
2026-04-03 14:11:13 | DEBUG    | [20220916] 2 trades, day P&L=$+145, equity=$107,290
2026-04-03 14:11:13 | DEBUG    | [20220923] 2 trades, day P&L=$+195, equity=$107,485
2026-04-03 14:11:13 | DEBUG    | [20220927] 2 trades, day P&L=$+220, equity=$107,705
2026-04-03 14:11:13 | DEBUG    | [20221003] 1 trades, day P&L=$+30, equity=$107,735
2026-04-03 14:11:13 | DEBUG    | [20221006] 1 trades, day P&L=$+130, equity=$107,865
2026-04-03 14:11:13 | DEBUG    | [20221011] 1 trades, day P&L=$+30, equity=$107,895
2026-04-03 14:11:13 | DEBUG    | [20221020] 2 trades, day P&L=$+45, equity=$107,940
2026-04-03 14:11:13 | DEBUG    | [20221021] 1 trades, day P&L=$+30, equity=$107,970
2026-04-03 14:11:13 | DEBUG    | [20221118] 1 trades, day P&L=$+30, equity=$108,000
2026-04-03 14:11:13 | DEBUG    | [20221209] 1 trades, day P&L=$+30, equity=$108,030
2026-04-03 14:11:13 | DEBUG    | [20221215] 1 trades, day P&L=$+30, equity=$108,060
2026-04-03 14:11:14 | DEBUG    | [20230202] 1 trades, day P&L=$+30, equity=$108,090
2026-04-03 14:11:14 | DEBUG    | [20230309] 2 trades, day P&L=$+145, equity=$108,235
2026-04-03 14:11:14 | DEBUG    | [20230313] 1 trades, day P&L=$+180, equity=$108,415
2026-04-03 14:11:14 | DEBUG    | [20230316] 2 trades, day P&L=$+95, equity=$108,510
2026-04-03 14:11:14 | DEBUG    | [20230331] 2 trades, day P&L=$+95, equity=$108,605
2026-04-03 14:11:14 | DEBUG    | [20230707] 1 trades, day P&L=$+80, equity=$108,685
2026-04-03 14:11:15 | DEBUG    | [20230825] 1 trades, day P&L=$+30, equity=$108,715
2026-04-03 14:11:15 | DEBUG    | [20230929] 1 trades, day P&L=$+80, equity=$108,795
2026-04-03 14:11:15 | DEBUG    | [20231019] 1 trades, day P&L=$+30, equity=$108,825
2026-04-03 14:11:15 | DEBUG    | [20240216] 1 trades, day P&L=$+30, equity=$108,855
2026-04-03 14:11:15 | DEBUG    | [20240328] 1 trades, day P&L=$+80, equity=$108,935
2026-04-03 14:11:15 | DEBUG    | [20240404] 1 trades, day P&L=$+80, equity=$109,015
2026-04-03 14:11:15 | DEBUG    | [20240412] 1 trades, day P&L=$+30, equity=$109,045
2026-04-03 14:11:15 | DEBUG    | [20240415] 1 trades, day P&L=$+30, equity=$109,075
2026-04-03 14:11:15 | DEBUG    | [20240416] 2 trades, day P&L=$+145, equity=$109,220
2026-04-03 14:11:15 | DEBUG    | [20240418] 1 trades, day P&L=$+30, equity=$109,250
2026-04-03 14:11:15 | DEBUG    | [20240419] 1 trades, day P&L=$+30, equity=$109,280
2026-04-03 14:11:15 | DEBUG    | [20240422] 1 trades, day P&L=$+30, equity=$109,310
2026-04-03 14:11:15 | DEBUG    | [20240531] 1 trades, day P&L=$+80, equity=$109,390
2026-04-03 14:11:16 | DEBUG    | [20240607] 1 trades, day P&L=$+30, equity=$109,420
2026-04-03 14:11:16 | DEBUG    | [20240627] 1 trades, day P&L=$+30, equity=$109,450
2026-04-03 14:11:16 | DEBUG    | [20240628] 1 trades, day P&L=$+230, equity=$109,680
2026-04-03 14:11:16 | DEBUG    | [20240712] 1 trades, day P&L=$+80, equity=$109,760
2026-04-03 14:11:16 | DEBUG    | [20240715] 1 trades, day P&L=$+30, equity=$109,790
2026-04-03 14:11:16 | DEBUG    | [20240718] 1 trades, day P&L=$+230, equity=$110,020
2026-04-03 14:11:16 | DEBUG    | [20240719] 1 trades, day P&L=$+80, equity=$110,100
2026-04-03 14:11:16 | DEBUG    | [20240726] 2 trades, day P&L=$+570, equity=$110,670
2026-04-03 14:11:16 | DEBUG    | [20240729] 1 trades, day P&L=$+30, equity=$110,700
2026-04-03 14:11:16 | DEBUG    | [20240730] 1 trades, day P&L=$+80, equity=$110,780
2026-04-03 14:11:16 | DEBUG    | [20240812] 2 trades, day P&L=$+270, equity=$111,050
2026-04-03 14:11:16 | DEBUG    | [20240813] 1 trades, day P&L=$+30, equity=$111,080
2026-04-03 14:11:16 | DEBUG    | [20240820] 1 trades, day P&L=$+30, equity=$111,110
2026-04-03 14:11:16 | DEBUG    | [20240823] 1 trades, day P&L=$+30, equity=$111,140
2026-04-03 14:11:16 | DEBUG    | [20240829] 1 trades, day P&L=$+230, equity=$111,370
2026-04-03 14:11:16 | DEBUG    | [20240830] 1 trades, day P&L=$+80, equity=$111,450
2026-04-03 14:11:16 | DEBUG    | [20240903] 1 trades, day P&L=$+430, equity=$111,880
2026-04-03 14:11:16 | DEBUG    | [20240905] 1 trades, day P&L=$+30, equity=$111,910
2026-04-03 14:11:16 | DEBUG    | [20240906] 1 trades, day P&L=$+230, equity=$112,140
2026-04-03 14:11:16 | DEBUG    | [20240913] 1 trades, day P&L=$+30, equity=$112,170
2026-04-03 14:11:16 | DEBUG    | [20240930] 1 trades, day P&L=$+480, equity=$112,650
2026-04-03 14:11:16 | DEBUG    | [20241001] 1 trades, day P&L=$+180, equity=$112,830
2026-04-03 14:11:16 | DEBUG    | [20241010] 1 trades, day P&L=$+30, equity=$112,860
2026-04-03 14:11:16 | DEBUG    | [20241025] 1 trades, day P&L=$+30, equity=$112,890
2026-04-03 14:11:16 | DEBUG    | [20241031] 1 trades, day P&L=$+30, equity=$112,920
2026-04-03 14:11:16 | DEBUG    | [20241104] 1 trades, day P&L=$+30, equity=$112,950
2026-04-03 14:11:16 | DEBUG    | [20241115] 1 trades, day P&L=$+30, equity=$112,980
2026-04-03 14:11:16 | DEBUG    | [20241220] 1 trades, day P&L=$+480, equity=$113,460
2026-04-03 14:11:16 | DEBUG    | [20241227] 1 trades, day P&L=$+80, equity=$113,540
2026-04-03 14:11:16 | DEBUG    | [20241230] 2 trades, day P&L=$+145, equity=$113,685
2026-04-03 14:11:16 | DEBUG    | [20241231] 1 trades, day P&L=$+480, equity=$114,165
2026-04-03 14:11:16 | DEBUG    | [20250102] 1 trades, day P&L=$+230, equity=$114,395
2026-04-03 14:11:16 | DEBUG    | [20250107] 1 trades, day P&L=$+180, equity=$114,575
2026-04-03 14:11:16 | DEBUG    | [20250110] 1 trades, day P&L=$+30, equity=$114,605
2026-04-03 14:11:16 | DEBUG    | [20250131] 1 trades, day P&L=$+530, equity=$115,135
2026-04-03 14:11:16 | DEBUG    | [20250207] 1 trades, day P&L=$+30, equity=$115,165
2026-04-03 14:11:16 | DEBUG    | [20250221] 1 trades, day P&L=$+30, equity=$115,195
2026-04-03 14:11:16 | DEBUG    | [20250225] 1 trades, day P&L=$+180, equity=$115,375
2026-04-03 14:11:16 | DEBUG    | [20250227] 1 trades, day P&L=$+180, equity=$115,555
2026-04-03 14:11:16 | DEBUG    | [20250306] 1 trades, day P&L=$+1130, equity=$116,685
2026-04-03 14:11:16 | DEBUG    | [20250313] 1 trades, day P&L=$+80, equity=$116,765
2026-04-03 14:11:16 | DEBUG    | [20250314] 1 trades, day P&L=$+180, equity=$116,945
2026-04-03 14:11:16 | DEBUG    | [20250318] 1 trades, day P&L=$+30, equity=$116,975
2026-04-03 14:11:16 | DEBUG    | [20250321] 1 trades, day P&L=$+30, equity=$117,005
2026-04-03 14:11:16 | DEBUG    | [20250327] 2 trades, day P&L=$+45, equity=$117,050
2026-04-03 14:11:16 | DEBUG    | [20250328] 1 trades, day P&L=$+30, equity=$117,080
2026-04-03 14:11:16 | DEBUG    | [20250401] 1 trades, day P&L=$+30, equity=$117,110
2026-04-03 14:11:16 | DEBUG    | [20250415] 2 trades, day P&L=$+70, equity=$117,180
2026-04-03 14:11:16 | DEBUG    | [20250421] 1 trades, day P&L=$+530, equity=$117,710
2026-04-03 14:11:17 | DEBUG    | [20250428] 2 trades, day P&L=$+120, equity=$117,830
2026-04-03 14:11:17 | DEBUG    | [20250502] 1 trades, day P&L=$+30, equity=$117,860
2026-04-03 14:11:17 | DEBUG    | [20250505] 1 trades, day P&L=$+80, equity=$117,940
2026-04-03 14:11:17 | DEBUG    | [20250506] 1 trades, day P&L=$+130, equity=$118,070
2026-04-03 14:11:17 | DEBUG    | [20250508] 2 trades, day P&L=$+470, equity=$118,540
2026-04-03 14:11:17 | DEBUG    | [20250509] 1 trades, day P&L=$+30, equity=$118,570
2026-04-03 14:11:17 | DEBUG    | [20250529] 1 trades, day P&L=$+130, equity=$118,700
2026-04-03 14:11:17 | DEBUG    | [20250530] 2 trades, day P&L=$+870, equity=$119,570
2026-04-03 14:11:17 | DEBUG    | [20250605] 1 trades, day P&L=$+130, equity=$119,700
2026-04-03 14:11:17 | DEBUG    | [20250613] 1 trades, day P&L=$+130, equity=$119,830
2026-04-03 14:11:17 | DEBUG    | [20250623] 1 trades, day P&L=$+30, equity=$119,860
2026-04-03 14:11:17 | DEBUG    | [20250630] 1 trades, day P&L=$+30, equity=$119,890
2026-04-03 14:11:17 | DEBUG    | [20250801] 1 trades, day P&L=$+30, equity=$119,920
2026-04-03 14:11:17 | DEBUG    | [20250811] 1 trades, day P&L=$+30, equity=$119,950
2026-04-03 14:11:17 | DEBUG    | [20250930] 1 trades, day P&L=$+30, equity=$119,980
2026-04-03 14:11:17 | DEBUG    | [20251010] 1 trades, day P&L=$+1080, equity=$121,060
2026-04-03 14:11:17 | DEBUG    | [20251016] 1 trades, day P&L=$+230, equity=$121,290
2026-04-03 14:11:17 | DEBUG    | [20251031] 1 trades, day P&L=$+80, equity=$121,370
2026-04-03 14:11:17 | DEBUG    | [20251106] 1 trades, day P&L=$+80, equity=$121,450
2026-04-03 14:11:17 | DEBUG    | [20251107] 1 trades, day P&L=$+30, equity=$121,480
2026-04-03 14:11:17 | DEBUG    | [20251113] 1 trades, day P&L=$+130, equity=$121,610
2026-04-03 14:11:17 | DEBUG    | [20251117] 1 trades, day P&L=$+130, equity=$121,740
2026-04-03 14:11:17 | DEBUG    | [20251118] 2 trades, day P&L=$+145, equity=$121,885
2026-04-03 14:11:17 | DEBUG    | [20251218] 2 trades, day P&L=$+195, equity=$122,080
2026-04-03 14:11:17 | DEBUG    | [20260130] 2 trades, day P&L=$+145, equity=$122,225
2026-04-03 14:11:17 | DEBUG    | [20260205] 1 trades, day P&L=$+230, equity=$122,455
2026-04-03 14:11:17 | DEBUG    | [20260206] 1 trades, day P&L=$+130, equity=$122,585
2026-04-03 14:11:17 | DEBUG    | [20260212] 1 trades, day P&L=$+180, equity=$122,765
2026-04-03 14:11:18 | DEBUG    | [20260227] 2 trades, day P&L=$+95, equity=$122,860
2026-04-03 14:11:18 | DEBUG    | [20260302] 1 trades, day P&L=$+80, equity=$122,940
2026-04-03 14:11:18 | DEBUG    | [20260305] 1 trades, day P&L=$+130, equity=$123,070
2026-04-03 14:11:18 | DEBUG    | [20260306] 1 trades, day P&L=$+230, equity=$123,300
2026-04-03 14:11:18 | DEBUG    | [20260309] 1 trades, day P&L=$+130, equity=$123,430
2026-04-03 14:11:18 | DEBUG    | [20260310] 2 trades, day P&L=$+120, equity=$123,550
2026-04-03 14:11:18 | DEBUG    | [20260320] 1 trades, day P&L=$+130, equity=$123,680
2026-04-03 14:11:18 | DEBUG    | [20260324] 1 trades, day P&L=$+30, equity=$123,710
2026-04-03 14:11:18 | INFO     | ============================================================
2026-04-03 14:11:18 | INFO     | SKIP REASONS:
2026-04-03 14:11:18 | INFO     |   dow_filter          : 181
2026-04-03 14:11:18 | INFO     |   early_close         : 6
2026-04-03 14:11:18 | INFO     |   gap_filter          : 44
2026-04-03 14:11:18 | INFO     |   no_quotes           : 20
2026-04-03 14:11:18 | INFO     |   prior_return        : 147
2026-04-03 14:11:18 | INFO     |   TOTAL TRADES        : 191
2026-04-03 14:11:18 | INFO     | ============================================================
2026-04-03 14:11:18 | INFO     | [ITER 184] gap1.0_vix1550_25 → CREATIVE | P&L=$14,765, Sharpe=11.93, DD=$0
2026-04-03 14:11:18 | DEBUG    | [20220110] 2 trades, day P&L=$+45, equity=$100,045
2026-04-03 14:11:18 | DEBUG    | [20220114] 1 trades, day P&L=$+130, equity=$100,175
2026-04-03 14:11:18 | DEBUG    | [20220118] 2 trades, day P&L=$+145, equity=$100,320
2026-04-03 14:11:18 | DEBUG    | [20220121] 2 trades, day P&L=$+495, equity=$100,815
2026-04-03 14:11:18 | DEBUG    | [20220128] 2 trades, day P&L=$+395, equity=$101,210
2026-04-03 14:11:18 | DEBUG    | [20220207] 2 trades, day P&L=$+295, equity=$101,505
2026-04-03 14:11:18 | DEBUG    | [20220222] 2 trades, day P&L=$+545, equity=$102,050
2026-04-03 14:11:18 | DEBUG    | [20220225] 2 trades, day P&L=$+145, equity=$102,195
2026-04-03 14:11:18 | DEBUG    | [20220304] 2 trades, day P&L=$+195, equity=$102,390
2026-04-03 14:11:18 | DEBUG    | [20220307] 2 trades, day P&L=$+270, equity=$102,660
2026-04-03 14:11:18 | DEBUG    | [20220311] 2 trades, day P&L=$+395, equity=$103,055
2026-04-03 14:11:18 | DEBUG    | [20220314] 2 trades, day P&L=$+220, equity=$103,275
2026-04-03 14:11:18 | DEBUG    | [20220318] 1 trades, day P&L=$+30, equity=$103,305
2026-04-03 14:11:18 | DEBUG    | [20220331] 2 trades, day P&L=$+845, equity=$104,150
2026-04-03 14:11:18 | DEBUG    | [20220408] 2 trades, day P&L=$+45, equity=$104,195
2026-04-03 14:11:18 | DEBUG    | [20220414] 1 trades, day P&L=$+30, equity=$104,225
2026-04-03 14:11:18 | DEBUG    | [20220418] 1 trades, day P&L=$+30, equity=$104,255
2026-04-03 14:11:18 | DEBUG    | [20220422] 2 trades, day P&L=$+895, equity=$105,150
2026-04-03 14:11:18 | DEBUG    | [20220426] 2 trades, day P&L=$+370, equity=$105,520
2026-04-03 14:11:18 | DEBUG    | [20220503] 1 trades, day P&L=$+130, equity=$105,650
2026-04-03 14:11:18 | DEBUG    | [20220509] 2 trades, day P&L=$+1095, equity=$106,745
2026-04-03 14:11:18 | DEBUG    | [20220513] 2 trades, day P&L=$+645, equity=$107,390
2026-04-03 14:11:18 | DEBUG    | [20220517] 1 trades, day P&L=$+30, equity=$107,420
2026-04-03 14:11:18 | DEBUG    | [20220520] 2 trades, day P&L=$+370, equity=$107,790
2026-04-03 14:11:18 | DEBUG    | [20220526] 1 trades, day P&L=$+80, equity=$107,870
2026-04-03 14:11:18 | DEBUG    | [20220602] 1 trades, day P&L=$+30, equity=$107,900
2026-04-03 14:11:18 | DEBUG    | [20220609] 1 trades, day P&L=$+30, equity=$107,930
2026-04-03 14:11:18 | DEBUG    | [20220616] 2 trades, day P&L=$+45, equity=$107,975
2026-04-03 14:11:18 | DEBUG    | [20220623] 1 trades, day P&L=$+30, equity=$108,005
2026-04-03 14:11:18 | DEBUG    | [20220624] 1 trades, day P&L=$+30, equity=$108,035
2026-04-03 14:11:18 | DEBUG    | [20220628] 1 trades, day P&L=$+30, equity=$108,065
2026-04-03 14:11:18 | DEBUG    | [20220630] 2 trades, day P&L=$-245, equity=$107,820
2026-04-03 14:11:18 | DEBUG    | [20220705] 2 trades, day P&L=$+45, equity=$107,865
2026-04-03 14:11:18 | DEBUG    | [20220707] 1 trades, day P&L=$+30, equity=$107,895
2026-04-03 14:11:18 | DEBUG    | [20220719] 1 trades, day P&L=$+30, equity=$107,925
2026-04-03 14:11:18 | DEBUG    | [20220902] 2 trades, day P&L=$+170, equity=$108,095
2026-04-03 14:11:18 | DEBUG    | [20220913] 2 trades, day P&L=$+95, equity=$108,190
2026-04-03 14:11:18 | DEBUG    | [20220915] 2 trades, day P&L=$+220, equity=$108,410
2026-04-03 14:11:18 | DEBUG    | [20220916] 2 trades, day P&L=$+145, equity=$108,555
2026-04-03 14:11:18 | DEBUG    | [20220923] 2 trades, day P&L=$+195, equity=$108,750
2026-04-03 14:11:19 | DEBUG    | [20220927] 2 trades, day P&L=$+220, equity=$108,970
2026-04-03 14:11:19 | DEBUG    | [20221003] 1 trades, day P&L=$+30, equity=$109,000
2026-04-03 14:11:19 | DEBUG    | [20221006] 1 trades, day P&L=$+130, equity=$109,130
2026-04-03 14:11:19 | DEBUG    | [20221007] 2 trades, day P&L=$+395, equity=$109,525
2026-04-03 14:11:19 | DEBUG    | [20221011] 1 trades, day P&L=$+30, equity=$109,555
2026-04-03 14:11:19 | DEBUG    | [20221013] 2 trades, day P&L=$+295, equity=$109,850
2026-04-03 14:11:19 | DEBUG    | [20221020] 2 trades, day P&L=$+45, equity=$109,895
2026-04-03 14:11:19 | DEBUG    | [20221021] 1 trades, day P&L=$+30, equity=$109,925
2026-04-03 14:11:19 | DEBUG    | [20221115] 1 trades, day P&L=$+80, equity=$110,005
2026-04-03 14:11:19 | DEBUG    | [20221118] 1 trades, day P&L=$+30, equity=$110,035
2026-04-03 14:11:19 | DEBUG    | [20221209] 1 trades, day P&L=$+30, equity=$110,065
2026-04-03 14:11:19 | DEBUG    | [20221213] 1 trades, day P&L=$+30, equity=$110,095
2026-04-03 14:11:19 | DEBUG    | [20221215] 1 trades, day P&L=$+30, equity=$110,125
2026-04-03 14:11:19 | DEBUG    | [20230202] 1 trades, day P&L=$+30, equity=$110,155
2026-04-03 14:11:19 | DEBUG    | [20230203] 2 trades, day P&L=$+45, equity=$110,200
2026-04-03 14:11:19 | DEBUG    | [20230309] 2 trades, day P&L=$+145, equity=$110,345
2026-04-03 14:11:19 | DEBUG    | [20230313] 1 trades, day P&L=$+180, equity=$110,525
2026-04-03 14:11:19 | DEBUG    | [20230316] 2 trades, day P&L=$+95, equity=$110,620
2026-04-03 14:11:19 | DEBUG    | [20230331] 2 trades, day P&L=$+95, equity=$110,715
2026-04-03 14:11:19 | DEBUG    | [20230707] 1 trades, day P&L=$+80, equity=$110,795
2026-04-03 14:11:20 | DEBUG    | [20230825] 1 trades, day P&L=$+30, equity=$110,825
2026-04-03 14:11:20 | DEBUG    | [20230929] 1 trades, day P&L=$+80, equity=$110,905
2026-04-03 14:11:20 | DEBUG    | [20231019] 1 trades, day P&L=$+30, equity=$110,935
2026-04-03 14:11:20 | DEBUG    | [20240216] 1 trades, day P&L=$+30, equity=$110,965
2026-04-03 14:11:20 | DEBUG    | [20240328] 1 trades, day P&L=$+80, equity=$111,045
2026-04-03 14:11:20 | DEBUG    | [20240404] 1 trades, day P&L=$+80, equity=$111,125
2026-04-03 14:11:20 | DEBUG    | [20240412] 1 trades, day P&L=$+30, equity=$111,155
2026-04-03 14:11:20 | DEBUG    | [20240415] 1 trades, day P&L=$+30, equity=$111,185
2026-04-03 14:11:20 | DEBUG    | [20240416] 2 trades, day P&L=$+145, equity=$111,330
2026-04-03 14:11:20 | DEBUG    | [20240418] 1 trades, day P&L=$+30, equity=$111,360
2026-04-03 14:11:20 | DEBUG    | [20240419] 1 trades, day P&L=$+30, equity=$111,390
2026-04-03 14:11:20 | DEBUG    | [20240422] 1 trades, day P&L=$+30, equity=$111,420
2026-04-03 14:11:21 | DEBUG    | [20240531] 1 trades, day P&L=$+80, equity=$111,500
2026-04-03 14:11:21 | DEBUG    | [20240607] 1 trades, day P&L=$+30, equity=$111,530
2026-04-03 14:11:21 | DEBUG    | [20240627] 1 trades, day P&L=$+30, equity=$111,560
2026-04-03 14:11:21 | DEBUG    | [20240628] 1 trades, day P&L=$+230, equity=$111,790
2026-04-03 14:11:21 | DEBUG    | [20240712] 1 trades, day P&L=$+80, equity=$111,870
2026-04-03 14:11:21 | DEBUG    | [20240715] 1 trades, day P&L=$+30, equity=$111,900
2026-04-03 14:11:21 | DEBUG    | [20240718] 1 trades, day P&L=$+230, equity=$112,130
2026-04-03 14:11:21 | DEBUG    | [20240719] 1 trades, day P&L=$+80, equity=$112,210
2026-04-03 14:11:21 | DEBUG    | [20240726] 2 trades, day P&L=$+570, equity=$112,780
2026-04-03 14:11:21 | DEBUG    | [20240729] 1 trades, day P&L=$+30, equity=$112,810
2026-04-03 14:11:21 | DEBUG    | [20240730] 1 trades, day P&L=$+80, equity=$112,890
2026-04-03 14:11:21 | DEBUG    | [20240802] 1 trades, day P&L=$+430, equity=$113,320
2026-04-03 14:11:21 | DEBUG    | [20240808] 1 trades, day P&L=$+30, equity=$113,350
2026-04-03 14:11:21 | DEBUG    | [20240812] 2 trades, day P&L=$+270, equity=$113,620
2026-04-03 14:11:21 | DEBUG    | [20240813] 1 trades, day P&L=$+30, equity=$113,650
2026-04-03 14:11:21 | DEBUG    | [20240820] 1 trades, day P&L=$+30, equity=$113,680
2026-04-03 14:11:21 | DEBUG    | [20240823] 1 trades, day P&L=$+30, equity=$113,710
2026-04-03 14:11:21 | DEBUG    | [20240829] 1 trades, day P&L=$+230, equity=$113,940
2026-04-03 14:11:21 | DEBUG    | [20240830] 1 trades, day P&L=$+80, equity=$114,020
2026-04-03 14:11:21 | DEBUG    | [20240903] 1 trades, day P&L=$+430, equity=$114,450
2026-04-03 14:11:21 | DEBUG    | [20240905] 1 trades, day P&L=$+30, equity=$114,480
2026-04-03 14:11:21 | DEBUG    | [20240906] 1 trades, day P&L=$+230, equity=$114,710
2026-04-03 14:11:21 | DEBUG    | [20240913] 1 trades, day P&L=$+30, equity=$114,740
2026-04-03 14:11:21 | DEBUG    | [20240919] 2 trades, day P&L=$+95, equity=$114,835
2026-04-03 14:11:21 | DEBUG    | [20240930] 1 trades, day P&L=$+480, equity=$115,315
2026-04-03 14:11:21 | DEBUG    | [20241001] 1 trades, day P&L=$+180, equity=$115,495
2026-04-03 14:11:21 | DEBUG    | [20241010] 1 trades, day P&L=$+30, equity=$115,525
2026-04-03 14:11:21 | DEBUG    | [20241025] 1 trades, day P&L=$+30, equity=$115,555
2026-04-03 14:11:21 | DEBUG    | [20241031] 1 trades, day P&L=$+30, equity=$115,585
2026-04-03 14:11:21 | DEBUG    | [20241104] 1 trades, day P&L=$+30, equity=$115,615
2026-04-03 14:11:21 | DEBUG    | [20241115] 1 trades, day P&L=$+30, equity=$115,645
2026-04-03 14:11:21 | DEBUG    | [20241220] 1 trades, day P&L=$+480, equity=$116,125
2026-04-03 14:11:21 | DEBUG    | [20241227] 1 trades, day P&L=$+80, equity=$116,205
2026-04-03 14:11:21 | DEBUG    | [20241230] 2 trades, day P&L=$+145, equity=$116,350
2026-04-03 14:11:21 | DEBUG    | [20241231] 1 trades, day P&L=$+480, equity=$116,830
2026-04-03 14:11:21 | DEBUG    | [20250102] 1 trades, day P&L=$+230, equity=$117,060
2026-04-03 14:11:21 | DEBUG    | [20250107] 1 trades, day P&L=$+180, equity=$117,240
2026-04-03 14:11:21 | DEBUG    | [20250110] 1 trades, day P&L=$+30, equity=$117,270
2026-04-03 14:11:21 | DEBUG    | [20250127] 1 trades, day P&L=$+30, equity=$117,300
2026-04-03 14:11:21 | DEBUG    | [20250131] 1 trades, day P&L=$+530, equity=$117,830
2026-04-03 14:11:21 | DEBUG    | [20250203] 1 trades, day P&L=$+180, equity=$118,010
2026-04-03 14:11:21 | DEBUG    | [20250207] 1 trades, day P&L=$+30, equity=$118,040
2026-04-03 14:11:21 | DEBUG    | [20250221] 1 trades, day P&L=$+30, equity=$118,070
2026-04-03 14:11:21 | DEBUG    | [20250225] 1 trades, day P&L=$+180, equity=$118,250
2026-04-03 14:11:21 | DEBUG    | [20250227] 1 trades, day P&L=$+180, equity=$118,430
2026-04-03 14:11:21 | DEBUG    | [20250306] 1 trades, day P&L=$+1130, equity=$119,560
2026-04-03 14:11:21 | DEBUG    | [20250310] 1 trades, day P&L=$+830, equity=$120,390
2026-04-03 14:11:21 | DEBUG    | [20250313] 1 trades, day P&L=$+80, equity=$120,470
2026-04-03 14:11:21 | DEBUG    | [20250314] 1 trades, day P&L=$+180, equity=$120,650
2026-04-03 14:11:22 | DEBUG    | [20250318] 1 trades, day P&L=$+30, equity=$120,680
2026-04-03 14:11:22 | DEBUG    | [20250321] 1 trades, day P&L=$+30, equity=$120,710
2026-04-03 14:11:22 | DEBUG    | [20250327] 2 trades, day P&L=$+45, equity=$120,755
2026-04-03 14:11:22 | DEBUG    | [20250328] 1 trades, day P&L=$+30, equity=$120,785
2026-04-03 14:11:22 | DEBUG    | [20250401] 1 trades, day P&L=$+30, equity=$120,815
2026-04-03 14:11:22 | DEBUG    | [20250403] 1 trades, day P&L=$+630, equity=$121,445
2026-04-03 14:11:22 | DEBUG    | [20250415] 2 trades, day P&L=$+70, equity=$121,515
2026-04-03 14:11:22 | DEBUG    | [20250421] 1 trades, day P&L=$+530, equity=$122,045
2026-04-03 14:11:22 | DEBUG    | [20250428] 2 trades, day P&L=$+120, equity=$122,165
2026-04-03 14:11:22 | DEBUG    | [20250501] 2 trades, day P&L=$-780, equity=$121,385
2026-04-03 14:11:22 | DEBUG    | [20250502] 1 trades, day P&L=$+30, equity=$121,415
2026-04-03 14:11:22 | DEBUG    | [20250505] 1 trades, day P&L=$+80, equity=$121,495
2026-04-03 14:11:22 | DEBUG    | [20250506] 1 trades, day P&L=$+130, equity=$121,625
2026-04-03 14:11:22 | DEBUG    | [20250508] 2 trades, day P&L=$+470, equity=$122,095
2026-04-03 14:11:22 | DEBUG    | [20250509] 1 trades, day P&L=$+30, equity=$122,125
2026-04-03 14:11:22 | DEBUG    | [20250512] 1 trades, day P&L=$+130, equity=$122,255
2026-04-03 14:11:22 | DEBUG    | [20250523] 1 trades, day P&L=$+230, equity=$122,485
2026-04-03 14:11:22 | DEBUG    | [20250529] 1 trades, day P&L=$+130, equity=$122,615
2026-04-03 14:11:22 | DEBUG    | [20250530] 2 trades, day P&L=$+870, equity=$123,485
2026-04-03 14:11:22 | DEBUG    | [20250605] 1 trades, day P&L=$+130, equity=$123,615
2026-04-03 14:11:22 | DEBUG    | [20250613] 1 trades, day P&L=$+130, equity=$123,745
2026-04-03 14:11:22 | DEBUG    | [20250623] 1 trades, day P&L=$+30, equity=$123,775
2026-04-03 14:11:22 | DEBUG    | [20250630] 1 trades, day P&L=$+30, equity=$123,805
2026-04-03 14:11:22 | DEBUG    | [20250731] 1 trades, day P&L=$+180, equity=$123,985
2026-04-03 14:11:22 | DEBUG    | [20250801] 1 trades, day P&L=$+30, equity=$124,015
2026-04-03 14:11:22 | DEBUG    | [20250811] 1 trades, day P&L=$+30, equity=$124,045
2026-04-03 14:11:22 | DEBUG    | [20250930] 1 trades, day P&L=$+30, equity=$124,075
2026-04-03 14:11:22 | DEBUG    | [20251010] 1 trades, day P&L=$+1080, equity=$125,155
2026-04-03 14:11:22 | DEBUG    | [20251016] 1 trades, day P&L=$+230, equity=$125,385
2026-04-03 14:11:22 | DEBUG    | [20251031] 1 trades, day P&L=$+80, equity=$125,465
2026-04-03 14:11:22 | DEBUG    | [20251106] 1 trades, day P&L=$+80, equity=$125,545
2026-04-03 14:11:22 | DEBUG    | [20251107] 1 trades, day P&L=$+30, equity=$125,575
2026-04-03 14:11:22 | DEBUG    | [20251113] 1 trades, day P&L=$+130, equity=$125,705
2026-04-03 14:11:22 | DEBUG    | [20251117] 1 trades, day P&L=$+130, equity=$125,835
2026-04-03 14:11:22 | DEBUG    | [20251118] 2 trades, day P&L=$+145, equity=$125,980
2026-04-03 14:11:22 | DEBUG    | [20251120] 1 trades, day P&L=$+430, equity=$126,410
2026-04-03 14:11:22 | DEBUG    | [20251218] 2 trades, day P&L=$+195, equity=$126,605
2026-04-03 14:11:22 | DEBUG    | [20260120] 1 trades, day P&L=$+30, equity=$126,635
2026-04-03 14:11:23 | DEBUG    | [20260130] 2 trades, day P&L=$+145, equity=$126,780
2026-04-03 14:11:23 | DEBUG    | [20260205] 1 trades, day P&L=$+230, equity=$127,010
2026-04-03 14:11:23 | DEBUG    | [20260206] 1 trades, day P&L=$+130, equity=$127,140
2026-04-03 14:11:23 | DEBUG    | [20260212] 1 trades, day P&L=$+180, equity=$127,320
2026-04-03 14:11:23 | DEBUG    | [20260227] 2 trades, day P&L=$+95, equity=$127,415
2026-04-03 14:11:23 | DEBUG    | [20260302] 1 trades, day P&L=$+80, equity=$127,495
2026-04-03 14:11:23 | DEBUG    | [20260303] 1 trades, day P&L=$+130, equity=$127,625
2026-04-03 14:11:23 | DEBUG    | [20260305] 1 trades, day P&L=$+130, equity=$127,755
2026-04-03 14:11:23 | DEBUG    | [20260306] 1 trades, day P&L=$+230, equity=$127,985
2026-04-03 14:11:23 | DEBUG    | [20260309] 1 trades, day P&L=$+130, equity=$128,115
2026-04-03 14:11:23 | DEBUG    | [20260310] 2 trades, day P&L=$+120, equity=$128,235
2026-04-03 14:11:23 | DEBUG    | [20260320] 1 trades, day P&L=$+130, equity=$128,365
2026-04-03 14:11:23 | DEBUG    | [20260324] 1 trades, day P&L=$+30, equity=$128,395
2026-04-03 14:11:23 | INFO     | ============================================================
2026-04-03 14:11:23 | INFO     | SKIP REASONS:
2026-04-03 14:11:23 | INFO     |   dow_filter          : 192
2026-04-03 14:11:23 | INFO     |   early_close         : 6
2026-04-03 14:11:23 | INFO     |   no_quotes           : 21
2026-04-03 14:11:23 | INFO     |   prior_return        : 147
2026-04-03 14:11:23 | INFO     |   TOTAL TRADES        : 222
2026-04-03 14:11:23 | INFO     | ============================================================
2026-04-03 14:11:23 | INFO     | [ITER 185] vix1550_25_nogap → CREATIVE | P&L=$14,765, Sharpe=11.93, DD=$0
2026-04-03 14:11:23 | INFO     | [ITER 186] vix1550_22 → CREATIVE | P&L=$12,060, Sharpe=11.61, DD=$0
2026-04-03 14:11:23 | DEBUG    | [20220110] 2 trades, day P&L=$+45, equity=$100,045
2026-04-03 14:11:23 | DEBUG    | [20220114] 1 trades, day P&L=$+130, equity=$100,175
2026-04-03 14:11:23 | DEBUG    | [20220118] 2 trades, day P&L=$+145, equity=$100,320
2026-04-03 14:11:23 | DEBUG    | [20220121] 2 trades, day P&L=$+495, equity=$100,815
2026-04-03 14:11:23 | DEBUG    | [20220124] 2 trades, day P&L=$+3198, equity=$104,013
2026-04-03 14:11:23 | DEBUG    | [20220128] 2 trades, day P&L=$+395, equity=$104,408
2026-04-03 14:11:23 | DEBUG    | [20220131] 2 trades, day P&L=$+145, equity=$104,553
2026-04-03 14:11:23 | DEBUG    | [20220204] 2 trades, day P&L=$+370, equity=$104,923
2026-04-03 14:11:23 | DEBUG    | [20220207] 2 trades, day P&L=$+295, equity=$105,218
2026-04-03 14:11:23 | DEBUG    | [20220211] 2 trades, day P&L=$+2328, equity=$107,546
2026-04-03 14:11:23 | DEBUG    | [20220214] 2 trades, day P&L=$+670, equity=$108,216
2026-04-03 14:11:23 | DEBUG    | [20220218] 2 trades, day P&L=$+470, equity=$108,686
2026-04-03 14:11:23 | DEBUG    | [20220222] 2 trades, day P&L=$+545, equity=$109,231
2026-04-03 14:11:23 | DEBUG    | [20220225] 2 trades, day P&L=$+145, equity=$109,376
2026-04-03 14:11:23 | DEBUG    | [20220228] 2 trades, day P&L=$+495, equity=$109,871
2026-04-03 14:11:23 | DEBUG    | [20220304] 2 trades, day P&L=$+195, equity=$110,066
2026-04-03 14:11:23 | DEBUG    | [20220307] 2 trades, day P&L=$+270, equity=$110,336
2026-04-03 14:11:23 | DEBUG    | [20220311] 2 trades, day P&L=$+395, equity=$110,731
2026-04-03 14:11:23 | DEBUG    | [20220314] 2 trades, day P&L=$+220, equity=$110,951
2026-04-03 14:11:23 | DEBUG    | [20220318] 1 trades, day P&L=$+30, equity=$110,981
2026-04-03 14:11:23 | DEBUG    | [20220331] 2 trades, day P&L=$+845, equity=$111,826
2026-04-03 14:11:23 | DEBUG    | [20220401] 1 trades, day P&L=$+80, equity=$111,906
2026-04-03 14:11:23 | DEBUG    | [20220408] 2 trades, day P&L=$+45, equity=$111,951
2026-04-03 14:11:23 | DEBUG    | [20220414] 1 trades, day P&L=$+30, equity=$111,981
2026-04-03 14:11:23 | DEBUG    | [20220418] 1 trades, day P&L=$+30, equity=$112,011
2026-04-03 14:11:23 | DEBUG    | [20220422] 2 trades, day P&L=$+895, equity=$112,906
2026-04-03 14:11:23 | DEBUG    | [20220425] 2 trades, day P&L=$+245, equity=$113,151
2026-04-03 14:11:23 | DEBUG    | [20220426] 2 trades, day P&L=$+370, equity=$113,521
2026-04-03 14:11:23 | DEBUG    | [20220429] 2 trades, day P&L=$+1220, equity=$114,741
2026-04-03 14:11:23 | DEBUG    | [20220502] 2 trades, day P&L=$+745, equity=$115,486
2026-04-03 14:11:23 | DEBUG    | [20220503] 1 trades, day P&L=$+130, equity=$115,616
2026-04-03 14:11:23 | DEBUG    | [20220506] 2 trades, day P&L=$+770, equity=$116,386
2026-04-03 14:11:23 | DEBUG    | [20220509] 2 trades, day P&L=$+1095, equity=$117,481
2026-04-03 14:11:23 | DEBUG    | [20220510] 2 trades, day P&L=$+145, equity=$117,626
2026-04-03 14:11:23 | DEBUG    | [20220513] 2 trades, day P&L=$+645, equity=$118,271
2026-04-03 14:11:23 | DEBUG    | [20220517] 1 trades, day P&L=$+30, equity=$118,301
2026-04-03 14:11:23 | DEBUG    | [20220519] 1 trades, day P&L=$+30, equity=$118,331
2026-04-03 14:11:23 | DEBUG    | [20220520] 2 trades, day P&L=$+370, equity=$118,701
2026-04-03 14:11:23 | DEBUG    | [20220524] 2 trades, day P&L=$+45, equity=$118,746
2026-04-03 14:11:23 | DEBUG    | [20220526] 1 trades, day P&L=$+80, equity=$118,826
2026-04-03 14:11:23 | DEBUG    | [20220531] 2 trades, day P&L=$+195, equity=$119,021
2026-04-03 14:11:23 | DEBUG    | [20220602] 1 trades, day P&L=$+30, equity=$119,051
2026-04-03 14:11:23 | DEBUG    | [20220603] 2 trades, day P&L=$+70, equity=$119,121
2026-04-03 14:11:23 | DEBUG    | [20220609] 1 trades, day P&L=$+30, equity=$119,151
2026-04-03 14:11:23 | DEBUG    | [20220610] 2 trades, day P&L=$+470, equity=$119,621
2026-04-03 14:11:23 | DEBUG    | [20220613] 2 trades, day P&L=$+645, equity=$120,266
2026-04-03 14:11:23 | DEBUG    | [20220614] 1 trades, day P&L=$+80, equity=$120,346
2026-04-03 14:11:23 | DEBUG    | [20220616] 2 trades, day P&L=$+45, equity=$120,391
2026-04-03 14:11:23 | DEBUG    | [20220617] 1 trades, day P&L=$+80, equity=$120,471
2026-04-03 14:11:23 | DEBUG    | [20220623] 1 trades, day P&L=$+30, equity=$120,501
2026-04-03 14:11:23 | DEBUG    | [20220624] 1 trades, day P&L=$+30, equity=$120,531
2026-04-03 14:11:23 | DEBUG    | [20220627] 1 trades, day P&L=$+30, equity=$120,561
2026-04-03 14:11:23 | DEBUG    | [20220628] 1 trades, day P&L=$+30, equity=$120,591
2026-04-03 14:11:23 | DEBUG    | [20220630] 2 trades, day P&L=$-245, equity=$120,346
2026-04-03 14:11:23 | DEBUG    | [20220705] 2 trades, day P&L=$+45, equity=$120,391
2026-04-03 14:11:23 | DEBUG    | [20220707] 1 trades, day P&L=$+30, equity=$120,421
2026-04-03 14:11:24 | DEBUG    | [20220719] 1 trades, day P&L=$+30, equity=$120,451
2026-04-03 14:11:24 | DEBUG    | [20220902] 2 trades, day P&L=$+170, equity=$120,621
2026-04-03 14:11:24 | DEBUG    | [20220908] 1 trades, day P&L=$+30, equity=$120,651
2026-04-03 14:11:24 | DEBUG    | [20220913] 2 trades, day P&L=$+95, equity=$120,746
2026-04-03 14:11:24 | DEBUG    | [20220915] 2 trades, day P&L=$+220, equity=$120,966
2026-04-03 14:11:24 | DEBUG    | [20220916] 2 trades, day P&L=$+145, equity=$121,111
2026-04-03 14:11:24 | DEBUG    | [20220923] 2 trades, day P&L=$+195, equity=$121,306
2026-04-03 14:11:24 | DEBUG    | [20220926] 2 trades, day P&L=$-4235, equity=$117,071
2026-04-03 14:11:24 | DEBUG    | [20220927] 2 trades, day P&L=$+220, equity=$117,291
2026-04-03 14:11:24 | DEBUG    | [20220929] 2 trades, day P&L=$+145, equity=$117,436
2026-04-03 14:11:24 | DEBUG    | [20220930] 2 trades, day P&L=$+1145, equity=$118,581
2026-04-03 14:11:24 | DEBUG    | [20221003] 1 trades, day P&L=$+30, equity=$118,611
2026-04-03 14:11:24 | DEBUG    | [20221004] 1 trades, day P&L=$+30, equity=$118,641
2026-04-03 14:11:24 | DEBUG    | [20221006] 1 trades, day P&L=$+130, equity=$118,771
2026-04-03 14:11:24 | DEBUG    | [20221007] 2 trades, day P&L=$+395, equity=$119,166
2026-04-03 14:11:24 | DEBUG    | [20221011] 1 trades, day P&L=$+30, equity=$119,196
2026-04-03 14:11:24 | DEBUG    | [20221013] 2 trades, day P&L=$+295, equity=$119,491
2026-04-03 14:11:24 | DEBUG    | [20221014] 2 trades, day P&L=$+70, equity=$119,561
2026-04-03 14:11:24 | DEBUG    | [20221020] 2 trades, day P&L=$+45, equity=$119,606
2026-04-03 14:11:24 | DEBUG    | [20221021] 1 trades, day P&L=$+30, equity=$119,636
2026-04-03 14:11:24 | DEBUG    | [20221115] 1 trades, day P&L=$+80, equity=$119,716
2026-04-03 14:11:24 | DEBUG    | [20221118] 1 trades, day P&L=$+30, equity=$119,746
2026-04-03 14:11:24 | DEBUG    | [20221209] 1 trades, day P&L=$+30, equity=$119,776
2026-04-03 14:11:24 | DEBUG    | [20221213] 1 trades, day P&L=$+30, equity=$119,806
2026-04-03 14:11:24 | DEBUG    | [20221215] 1 trades, day P&L=$+30, equity=$119,836
2026-04-03 14:11:24 | DEBUG    | [20221216] 1 trades, day P&L=$+30, equity=$119,866
2026-04-03 14:11:24 | DEBUG    | [20221230] 1 trades, day P&L=$+180, equity=$120,046
2026-04-03 14:11:25 | DEBUG    | [20230202] 1 trades, day P&L=$+30, equity=$120,076
2026-04-03 14:11:25 | DEBUG    | [20230203] 2 trades, day P&L=$+45, equity=$120,121
2026-04-03 14:11:25 | DEBUG    | [20230309] 2 trades, day P&L=$+145, equity=$120,266
2026-04-03 14:11:25 | DEBUG    | [20230313] 1 trades, day P&L=$+180, equity=$120,446
2026-04-03 14:11:25 | DEBUG    | [20230316] 2 trades, day P&L=$+95, equity=$120,541
2026-04-03 14:11:25 | DEBUG    | [20230317] 1 trades, day P&L=$+130, equity=$120,671
2026-04-03 14:11:25 | DEBUG    | [20230323] 1 trades, day P&L=$+30, equity=$120,701
2026-04-03 14:11:25 | DEBUG    | [20230331] 2 trades, day P&L=$+95, equity=$120,796
2026-04-03 14:11:25 | DEBUG    | [20230707] 1 trades, day P&L=$+80, equity=$120,876
2026-04-03 14:11:25 | DEBUG    | [20230825] 1 trades, day P&L=$+30, equity=$120,906
2026-04-03 14:11:26 | DEBUG    | [20230922] 1 trades, day P&L=$+30, equity=$120,936
2026-04-03 14:11:26 | DEBUG    | [20230929] 1 trades, day P&L=$+80, equity=$121,016
2026-04-03 14:11:26 | DEBUG    | [20231019] 1 trades, day P&L=$+30, equity=$121,046
2026-04-03 14:11:26 | DEBUG    | [20240216] 1 trades, day P&L=$+30, equity=$121,076
2026-04-03 14:11:26 | DEBUG    | [20240328] 1 trades, day P&L=$+80, equity=$121,156
2026-04-03 14:11:26 | DEBUG    | [20240404] 1 trades, day P&L=$+80, equity=$121,236
2026-04-03 14:11:26 | DEBUG    | [20240412] 1 trades, day P&L=$+30, equity=$121,266
2026-04-03 14:11:26 | DEBUG    | [20240415] 1 trades, day P&L=$+30, equity=$121,296
2026-04-03 14:11:26 | DEBUG    | [20240416] 2 trades, day P&L=$+145, equity=$121,441
2026-04-03 14:11:26 | DEBUG    | [20240418] 1 trades, day P&L=$+30, equity=$121,471
2026-04-03 14:11:26 | DEBUG    | [20240419] 1 trades, day P&L=$+30, equity=$121,501
2026-04-03 14:11:26 | DEBUG    | [20240422] 1 trades, day P&L=$+30, equity=$121,531
2026-04-03 14:11:26 | DEBUG    | [20240531] 1 trades, day P&L=$+80, equity=$121,611
2026-04-03 14:11:27 | DEBUG    | [20240607] 1 trades, day P&L=$+30, equity=$121,641
2026-04-03 14:11:27 | DEBUG    | [20240627] 1 trades, day P&L=$+30, equity=$121,671
2026-04-03 14:11:27 | DEBUG    | [20240628] 1 trades, day P&L=$+230, equity=$121,901
2026-04-03 14:11:27 | DEBUG    | [20240712] 1 trades, day P&L=$+80, equity=$121,981
2026-04-03 14:11:27 | DEBUG    | [20240715] 1 trades, day P&L=$+30, equity=$122,011
2026-04-03 14:11:27 | DEBUG    | [20240718] 1 trades, day P&L=$+230, equity=$122,241
2026-04-03 14:11:27 | DEBUG    | [20240719] 1 trades, day P&L=$+80, equity=$122,321
2026-04-03 14:11:27 | DEBUG    | [20240725] 1 trades, day P&L=$+230, equity=$122,551
2026-04-03 14:11:27 | DEBUG    | [20240726] 2 trades, day P&L=$+570, equity=$123,121
2026-04-03 14:11:27 | DEBUG    | [20240729] 1 trades, day P&L=$+30, equity=$123,151
2026-04-03 14:11:27 | DEBUG    | [20240730] 1 trades, day P&L=$+80, equity=$123,231
2026-04-03 14:11:27 | DEBUG    | [20240801] 1 trades, day P&L=$+330, equity=$123,561
2026-04-03 14:11:27 | DEBUG    | [20240802] 1 trades, day P&L=$+430, equity=$123,991
2026-04-03 14:11:27 | DEBUG    | [20240805] 1 trades, day P&L=$-650, equity=$123,341
2026-04-03 14:11:27 | DEBUG    | [20240806] 1 trades, day P&L=$+330, equity=$123,671
2026-04-03 14:11:27 | DEBUG    | [20240808] 1 trades, day P&L=$+30, equity=$123,701
2026-04-03 14:11:27 | DEBUG    | [20240809] 1 trades, day P&L=$+130, equity=$123,831
2026-04-03 14:11:27 | DEBUG    | [20240812] 2 trades, day P&L=$+270, equity=$124,101
2026-04-03 14:11:27 | DEBUG    | [20240813] 1 trades, day P&L=$+30, equity=$124,131
2026-04-03 14:11:27 | DEBUG    | [20240820] 1 trades, day P&L=$+30, equity=$124,161
2026-04-03 14:11:27 | DEBUG    | [20240823] 1 trades, day P&L=$+30, equity=$124,191
2026-04-03 14:11:27 | DEBUG    | [20240829] 1 trades, day P&L=$+230, equity=$124,421
2026-04-03 14:11:27 | DEBUG    | [20240830] 1 trades, day P&L=$+80, equity=$124,501
2026-04-03 14:11:27 | DEBUG    | [20240903] 1 trades, day P&L=$+430, equity=$124,931
2026-04-03 14:11:27 | DEBUG    | [20240905] 1 trades, day P&L=$+30, equity=$124,961
2026-04-03 14:11:27 | DEBUG    | [20240906] 1 trades, day P&L=$+230, equity=$125,191
2026-04-03 14:11:27 | DEBUG    | [20240913] 1 trades, day P&L=$+30, equity=$125,221
2026-04-03 14:11:27 | DEBUG    | [20240919] 2 trades, day P&L=$+95, equity=$125,316
2026-04-03 14:11:27 | DEBUG    | [20240920] 2 trades, day P&L=$+70, equity=$125,386
2026-04-03 14:11:27 | DEBUG    | [20240930] 1 trades, day P&L=$+480, equity=$125,866
2026-04-03 14:11:27 | DEBUG    | [20241001] 1 trades, day P&L=$+180, equity=$126,046
2026-04-03 14:11:27 | DEBUG    | [20241010] 1 trades, day P&L=$+30, equity=$126,076
2026-04-03 14:11:27 | DEBUG    | [20241025] 1 trades, day P&L=$+30, equity=$126,106
2026-04-03 14:11:27 | DEBUG    | [20241031] 1 trades, day P&L=$+30, equity=$126,136
2026-04-03 14:11:27 | DEBUG    | [20241101] 2 trades, day P&L=$+95, equity=$126,231
2026-04-03 14:11:27 | DEBUG    | [20241104] 1 trades, day P&L=$+30, equity=$126,261
2026-04-03 14:11:27 | DEBUG    | [20241115] 1 trades, day P&L=$+30, equity=$126,291
2026-04-03 14:11:27 | DEBUG    | [20241219] 1 trades, day P&L=$+580, equity=$126,871
2026-04-03 14:11:27 | DEBUG    | [20241220] 1 trades, day P&L=$+480, equity=$127,351
2026-04-03 14:11:27 | DEBUG    | [20241227] 1 trades, day P&L=$+80, equity=$127,431
2026-04-03 14:11:27 | DEBUG    | [20241230] 2 trades, day P&L=$+145, equity=$127,576
2026-04-03 14:11:27 | DEBUG    | [20241231] 1 trades, day P&L=$+480, equity=$128,056
2026-04-03 14:11:27 | DEBUG    | [20250102] 1 trades, day P&L=$+230, equity=$128,286
2026-04-03 14:11:27 | DEBUG    | [20250107] 1 trades, day P&L=$+180, equity=$128,466
2026-04-03 14:11:27 | DEBUG    | [20250110] 1 trades, day P&L=$+30, equity=$128,496
2026-04-03 14:11:27 | DEBUG    | [20250127] 1 trades, day P&L=$+30, equity=$128,526
2026-04-03 14:11:27 | DEBUG    | [20250131] 1 trades, day P&L=$+530, equity=$129,056
2026-04-03 14:11:27 | DEBUG    | [20250203] 1 trades, day P&L=$+180, equity=$129,236
2026-04-03 14:11:27 | DEBUG    | [20250207] 1 trades, day P&L=$+30, equity=$129,266
2026-04-03 14:11:27 | DEBUG    | [20250221] 1 trades, day P&L=$+30, equity=$129,296
2026-04-03 14:11:27 | DEBUG    | [20250224] 1 trades, day P&L=$+180, equity=$129,476
2026-04-03 14:11:27 | DEBUG    | [20250225] 1 trades, day P&L=$+180, equity=$129,656
2026-04-03 14:11:27 | DEBUG    | [20250227] 1 trades, day P&L=$+180, equity=$129,836
2026-04-03 14:11:28 | DEBUG    | [20250228] 1 trades, day P&L=$+430, equity=$130,266
2026-04-03 14:11:28 | DEBUG    | [20250303] 1 trades, day P&L=$+530, equity=$130,796
2026-04-03 14:11:28 | DEBUG    | [20250304] 1 trades, day P&L=$+1080, equity=$131,876
2026-04-03 14:11:28 | DEBUG    | [20250306] 1 trades, day P&L=$+1130, equity=$133,006
2026-04-03 14:11:28 | DEBUG    | [20250307] 1 trades, day P&L=$+530, equity=$133,536
2026-04-03 14:11:28 | DEBUG    | [20250310] 1 trades, day P&L=$+830, equity=$134,366
2026-04-03 14:11:28 | DEBUG    | [20250311] 2 trades, day P&L=$-1810, equity=$132,556
2026-04-03 14:11:28 | DEBUG    | [20250313] 1 trades, day P&L=$+80, equity=$132,636
2026-04-03 14:11:28 | DEBUG    | [20250314] 1 trades, day P&L=$+180, equity=$132,816
2026-04-03 14:11:28 | DEBUG    | [20250317] 1 trades, day P&L=$+30, equity=$132,846
2026-04-03 14:11:28 | DEBUG    | [20250318] 1 trades, day P&L=$+30, equity=$132,876
2026-04-03 14:11:28 | DEBUG    | [20250321] 1 trades, day P&L=$+30, equity=$132,906
2026-04-03 14:11:28 | DEBUG    | [20250327] 2 trades, day P&L=$+45, equity=$132,951
2026-04-03 14:11:28 | DEBUG    | [20250328] 1 trades, day P&L=$+30, equity=$132,981
2026-04-03 14:11:28 | DEBUG    | [20250331] 1 trades, day P&L=$+1780, equity=$134,761
2026-04-03 14:11:28 | DEBUG    | [20250401] 1 trades, day P&L=$+30, equity=$134,791
2026-04-03 14:11:28 | DEBUG    | [20250403] 1 trades, day P&L=$+630, equity=$135,421
2026-04-03 14:11:28 | DEBUG    | [20250404] 1 trades, day P&L=$+2030, equity=$137,451
2026-04-03 14:11:28 | DEBUG    | [20250407] 1 trades, day P&L=$+1530, equity=$138,981
2026-04-03 14:11:28 | DEBUG    | [20250410] 1 trades, day P&L=$+2480, equity=$141,461
2026-04-03 14:11:28 | DEBUG    | [20250411] 1 trades, day P&L=$+680, equity=$142,141
2026-04-03 14:11:28 | DEBUG    | [20250414] 1 trades, day P&L=$+280, equity=$142,421
2026-04-03 14:11:28 | DEBUG    | [20250415] 2 trades, day P&L=$+70, equity=$142,491
2026-04-03 14:11:28 | DEBUG    | [20250417] 1 trades, day P&L=$+530, equity=$143,021
2026-04-03 14:11:28 | DEBUG    | [20250421] 1 trades, day P&L=$+530, equity=$143,551
2026-04-03 14:11:28 | DEBUG    | [20250422] 1 trades, day P&L=$+180, equity=$143,731
2026-04-03 14:11:28 | DEBUG    | [20250424] 1 trades, day P&L=$+280, equity=$144,011
2026-04-03 14:11:28 | DEBUG    | [20250428] 2 trades, day P&L=$+120, equity=$144,131
2026-04-03 14:11:28 | DEBUG    | [20250501] 2 trades, day P&L=$-780, equity=$143,351
2026-04-03 14:11:28 | DEBUG    | [20250502] 1 trades, day P&L=$+30, equity=$143,381
2026-04-03 14:11:28 | DEBUG    | [20250505] 1 trades, day P&L=$+80, equity=$143,461
2026-04-03 14:11:28 | DEBUG    | [20250506] 1 trades, day P&L=$+130, equity=$143,591
2026-04-03 14:11:28 | DEBUG    | [20250508] 2 trades, day P&L=$+470, equity=$144,061
2026-04-03 14:11:28 | DEBUG    | [20250509] 1 trades, day P&L=$+30, equity=$144,091
2026-04-03 14:11:28 | DEBUG    | [20250512] 1 trades, day P&L=$+130, equity=$144,221
2026-04-03 14:11:28 | DEBUG    | [20250513] 1 trades, day P&L=$+30, equity=$144,251
2026-04-03 14:11:28 | DEBUG    | [20250522] 1 trades, day P&L=$+30, equity=$144,281
2026-04-03 14:11:28 | DEBUG    | [20250523] 1 trades, day P&L=$+230, equity=$144,511
2026-04-03 14:11:28 | DEBUG    | [20250529] 1 trades, day P&L=$+130, equity=$144,641
2026-04-03 14:11:28 | DEBUG    | [20250530] 2 trades, day P&L=$+870, equity=$145,511
2026-04-03 14:11:28 | DEBUG    | [20250605] 1 trades, day P&L=$+130, equity=$145,641
2026-04-03 14:11:28 | DEBUG    | [20250613] 1 trades, day P&L=$+130, equity=$145,771
2026-04-03 14:11:28 | DEBUG    | [20250623] 1 trades, day P&L=$+30, equity=$145,801
2026-04-03 14:11:28 | DEBUG    | [20250630] 1 trades, day P&L=$+30, equity=$145,831
2026-04-03 14:11:28 | DEBUG    | [20250731] 1 trades, day P&L=$+180, equity=$146,011
2026-04-03 14:11:28 | DEBUG    | [20250801] 1 trades, day P&L=$+30, equity=$146,041
2026-04-03 14:11:28 | DEBUG    | [20250811] 1 trades, day P&L=$+30, equity=$146,071
2026-04-03 14:11:28 | DEBUG    | [20250930] 1 trades, day P&L=$+30, equity=$146,101
2026-04-03 14:11:28 | DEBUG    | [20251010] 1 trades, day P&L=$+1080, equity=$147,181
2026-04-03 14:11:28 | DEBUG    | [20251014] 1 trades, day P&L=$+230, equity=$147,411
2026-04-03 14:11:28 | DEBUG    | [20251016] 1 trades, day P&L=$+230, equity=$147,641
2026-04-03 14:11:28 | DEBUG    | [20251031] 1 trades, day P&L=$+80, equity=$147,721
2026-04-03 14:11:28 | DEBUG    | [20251106] 1 trades, day P&L=$+80, equity=$147,801
2026-04-03 14:11:28 | DEBUG    | [20251107] 1 trades, day P&L=$+30, equity=$147,831
2026-04-03 14:11:28 | DEBUG    | [20251113] 1 trades, day P&L=$+130, equity=$147,961
2026-04-03 14:11:28 | DEBUG    | [20251117] 1 trades, day P&L=$+130, equity=$148,091
2026-04-03 14:11:28 | DEBUG    | [20251118] 2 trades, day P&L=$+145, equity=$148,236
2026-04-03 14:11:28 | DEBUG    | [20251120] 1 trades, day P&L=$+430, equity=$148,666
2026-04-03 14:11:28 | DEBUG    | [20251121] 1 trades, day P&L=$+230, equity=$148,896
2026-04-03 14:11:29 | DEBUG    | [20251218] 2 trades, day P&L=$+195, equity=$149,091
2026-04-03 14:11:29 | DEBUG    | [20260120] 1 trades, day P&L=$+30, equity=$149,121
2026-04-03 14:11:29 | DEBUG    | [20260130] 2 trades, day P&L=$+145, equity=$149,266
2026-04-03 14:11:29 | DEBUG    | [20260205] 1 trades, day P&L=$+230, equity=$149,496
2026-04-03 14:11:29 | DEBUG    | [20260206] 1 trades, day P&L=$+130, equity=$149,626
2026-04-03 14:11:29 | DEBUG    | [20260212] 1 trades, day P&L=$+180, equity=$149,806
2026-04-03 14:11:29 | DEBUG    | [20260213] 2 trades, day P&L=$+195, equity=$150,001
2026-04-03 14:11:29 | DEBUG    | [20260227] 2 trades, day P&L=$+95, equity=$150,096
2026-04-03 14:11:29 | DEBUG    | [20260302] 1 trades, day P&L=$+80, equity=$150,176
2026-04-03 14:11:29 | DEBUG    | [20260303] 1 trades, day P&L=$+130, equity=$150,306
2026-04-03 14:11:29 | DEBUG    | [20260305] 1 trades, day P&L=$+130, equity=$150,436
2026-04-03 14:11:29 | DEBUG    | [20260306] 1 trades, day P&L=$+230, equity=$150,666
2026-04-03 14:11:29 | DEBUG    | [20260309] 1 trades, day P&L=$+130, equity=$150,796
2026-04-03 14:11:29 | DEBUG    | [20260310] 2 trades, day P&L=$+120, equity=$150,916
2026-04-03 14:11:29 | DEBUG    | [20260320] 1 trades, day P&L=$+130, equity=$151,046
2026-04-03 14:11:29 | DEBUG    | [20260323] 1 trades, day P&L=$+30, equity=$151,076
2026-04-03 14:11:29 | DEBUG    | [20260324] 1 trades, day P&L=$+30, equity=$151,106
2026-04-03 14:11:29 | INFO     | ============================================================
2026-04-03 14:11:29 | INFO     | SKIP REASONS:
2026-04-03 14:11:29 | INFO     |   dow_filter          : 217
2026-04-03 14:11:29 | INFO     |   early_close         : 6
2026-04-03 14:11:29 | INFO     |   no_quotes           : 31
2026-04-03 14:11:29 | INFO     |   TOTAL TRADES        : 310
2026-04-03 14:11:29 | INFO     | ============================================================
2026-04-03 14:11:29 | INFO     | [ITER 187] vix1550_23_noprior → CREATIVE | P&L=$19,115, Sharpe=10.67, DD=$0
