2026-04-03 07:54:35 | INFO     | Log file: /Users/jeerapongwongchote/Documents/thetadata/apex/logs/apex_run_20260403_075434.log
2026-04-03 07:54:38 | INFO     | Built daily indicators: 1065 dates (20220103 → 20260401)
2026-04-03 07:54:38 | DEBUG    | [20220110] 2 trades, day P&L=$+60, equity=$100,060
2026-04-03 07:54:38 | DEBUG    | [20220114] 1 trades, day P&L=$+130, equity=$100,190
2026-04-03 07:54:38 | DEBUG    | [20220118] 2 trades, day P&L=$+210, equity=$100,400
2026-04-03 07:54:38 | DEBUG    | [20220121] 2 trades, day P&L=$+510, equity=$100,910
2026-04-03 07:54:38 | DEBUG    | [20220124] 2 trades, day P&L=$+3410, equity=$104,320
2026-04-03 07:54:38 | DEBUG    | [20220128] 2 trades, day P&L=$+510, equity=$104,830
2026-04-03 07:54:38 | DEBUG    | [20220131] 2 trades, day P&L=$+160, equity=$104,990
2026-04-03 07:54:38 | DEBUG    | [20220204] 1 trades, day P&L=$+280, equity=$105,270
2026-04-03 07:54:38 | DEBUG    | [20220207] 2 trades, day P&L=$+360, equity=$105,630
2026-04-03 07:54:38 | DEBUG    | [20220211] 2 trades, day P&L=$+2510, equity=$108,140
2026-04-03 07:54:39 | DEBUG    | [20220214] 2 trades, day P&L=$+660, equity=$108,800
2026-04-03 07:54:39 | DEBUG    | [20220218] 2 trades, day P&L=$+510, equity=$109,310
2026-04-03 07:54:39 | DEBUG    | [20220222] 2 trades, day P&L=$+760, equity=$110,070
2026-04-03 07:54:39 | DEBUG    | [20220225] 2 trades, day P&L=$+260, equity=$110,330
2026-04-03 07:54:39 | DEBUG    | [20220228] 2 trades, day P&L=$+560, equity=$110,890
2026-04-03 07:54:39 | DEBUG    | [20220304] 2 trades, day P&L=$+260, equity=$111,150
2026-04-03 07:54:39 | DEBUG    | [20220307] 2 trades, day P&L=$+410, equity=$111,560
2026-04-03 07:54:39 | DEBUG    | [20220311] 2 trades, day P&L=$+410, equity=$111,970
2026-04-03 07:54:39 | DEBUG    | [20220314] 1 trades, day P&L=$+130, equity=$112,100
2026-04-03 07:54:39 | DEBUG    | [20220331] 1 trades, day P&L=$+480, equity=$112,580
2026-04-03 07:54:39 | DEBUG    | [20220401] 1 trades, day P&L=$+80, equity=$112,660
2026-04-03 07:54:39 | DEBUG    | [20220408] 2 trades, day P&L=$+60, equity=$112,720
2026-04-03 07:54:39 | DEBUG    | [20220418] 1 trades, day P&L=$+30, equity=$112,750
2026-04-03 07:54:39 | DEBUG    | [20220422] 1 trades, day P&L=$+580, equity=$113,330
2026-04-03 07:54:39 | DEBUG    | [20220425] 1 trades, day P&L=$+30, equity=$113,360
2026-04-03 07:54:39 | DEBUG    | [20220429] 1 trades, day P&L=$+580, equity=$113,940
2026-04-03 07:54:39 | DEBUG    | [20220502] 1 trades, day P&L=$+30, equity=$113,970
2026-04-03 07:54:39 | DEBUG    | [20220506] 2 trades, day P&L=$+860, equity=$114,830
2026-04-03 07:54:39 | DEBUG    | [20220509] 1 trades, day P&L=$+580, equity=$115,410
2026-04-03 07:54:39 | DEBUG    | [20220510] 1 trades, day P&L=$+130, equity=$115,540
2026-04-03 07:54:39 | DEBUG    | [20220513] 1 trades, day P&L=$+180, equity=$115,720
2026-04-03 07:54:39 | DEBUG    | [20220519] 1 trades, day P&L=$+30, equity=$115,750
2026-04-03 07:54:39 | DEBUG    | [20220520] 1 trades, day P&L=$+180, equity=$115,930
2026-04-03 07:54:39 | DEBUG    | [20220524] 2 trades, day P&L=$+60, equity=$115,990
2026-04-03 07:54:39 | DEBUG    | [20220526] 1 trades, day P&L=$+80, equity=$116,070
2026-04-03 07:54:39 | DEBUG    | [20220531] 2 trades, day P&L=$+310, equity=$116,380
2026-04-03 07:54:39 | DEBUG    | [20220603] 1 trades, day P&L=$+30, equity=$116,410
2026-04-03 07:54:39 | DEBUG    | [20220610] 1 trades, day P&L=$+280, equity=$116,690
2026-04-03 07:54:39 | DEBUG    | [20220613] 1 trades, day P&L=$+30, equity=$116,720
2026-04-03 07:54:39 | DEBUG    | [20220616] 1 trades, day P&L=$+30, equity=$116,750
2026-04-03 07:54:39 | DEBUG    | [20220617] 1 trades, day P&L=$+80, equity=$116,830
2026-04-03 07:54:39 | DEBUG    | [20220623] 1 trades, day P&L=$+30, equity=$116,860
2026-04-03 07:54:39 | DEBUG    | [20220624] 1 trades, day P&L=$+30, equity=$116,890
2026-04-03 07:54:39 | DEBUG    | [20220627] 1 trades, day P&L=$+30, equity=$116,920
2026-04-03 07:54:39 | DEBUG    | [20220630] 2 trades, day P&L=$-620, equity=$116,300
2026-04-03 07:54:39 | DEBUG    | [20220705] 1 trades, day P&L=$+30, equity=$116,330
2026-04-03 07:54:39 | DEBUG    | [20220902] 1 trades, day P&L=$+130, equity=$116,460
2026-04-03 07:54:39 | DEBUG    | [20220913] 1 trades, day P&L=$+80, equity=$116,540
2026-04-03 07:54:39 | DEBUG    | [20220915] 1 trades, day P&L=$+130, equity=$116,670
2026-04-03 07:54:39 | DEBUG    | [20220916] 2 trades, day P&L=$+210, equity=$116,880
2026-04-03 07:54:39 | DEBUG    | [20220923] 1 trades, day P&L=$+130, equity=$117,010
2026-04-03 07:54:39 | DEBUG    | [20220926] 2 trades, day P&L=$-4220, equity=$112,790
2026-04-03 07:54:39 | DEBUG    | [20220927] 1 trades, day P&L=$+180, equity=$112,970
2026-04-03 07:54:39 | DEBUG    | [20220929] 1 trades, day P&L=$+80, equity=$113,050
2026-04-03 07:54:39 | DEBUG    | [20220930] 1 trades, day P&L=$+880, equity=$113,930
2026-04-03 07:54:39 | DEBUG    | [20221003] 1 trades, day P&L=$+30, equity=$113,960
2026-04-03 07:54:39 | DEBUG    | [20221006] 1 trades, day P&L=$+130, equity=$114,090
2026-04-03 07:54:39 | DEBUG    | [20221007] 1 trades, day P&L=$+280, equity=$114,370
2026-04-03 07:54:39 | DEBUG    | [20221011] 1 trades, day P&L=$+30, equity=$114,400
2026-04-03 07:54:39 | DEBUG    | [20221013] 1 trades, day P&L=$+130, equity=$114,530
2026-04-03 07:54:39 | DEBUG    | [20221014] 1 trades, day P&L=$+30, equity=$114,560
2026-04-03 07:54:39 | DEBUG    | [20221020] 1 trades, day P&L=$+30, equity=$114,590
2026-04-03 07:54:39 | DEBUG    | [20221115] 1 trades, day P&L=$+80, equity=$114,670
2026-04-03 07:54:39 | DEBUG    | [20221118] 1 trades, day P&L=$+30, equity=$114,700
2026-04-03 07:54:39 | DEBUG    | [20221209] 1 trades, day P&L=$+30, equity=$114,730
2026-04-03 07:54:39 | DEBUG    | [20221213] 1 trades, day P&L=$+30, equity=$114,760
2026-04-03 07:54:39 | DEBUG    | [20221215] 1 trades, day P&L=$+30, equity=$114,790
2026-04-03 07:54:39 | DEBUG    | [20221216] 1 trades, day P&L=$+30, equity=$114,820
2026-04-03 07:54:39 | DEBUG    | [20221230] 1 trades, day P&L=$+180, equity=$115,000
2026-04-03 07:54:39 | DEBUG    | [20230202] 1 trades, day P&L=$+30, equity=$115,030
2026-04-03 07:54:39 | DEBUG    | [20230203] 2 trades, day P&L=$+60, equity=$115,090
2026-04-03 07:54:39 | DEBUG    | [20230309] 1 trades, day P&L=$+130, equity=$115,220
2026-04-03 07:54:39 | DEBUG    | [20230316] 1 trades, day P&L=$+130, equity=$115,350
2026-04-03 07:54:39 | DEBUG    | [20230317] 1 trades, day P&L=$+130, equity=$115,480
2026-04-03 07:54:40 | DEBUG    | [20230323] 1 trades, day P&L=$+30, equity=$115,510
2026-04-03 07:54:40 | DEBUG    | [20230707] 1 trades, day P&L=$+80, equity=$115,590
2026-04-03 07:54:40 | DEBUG    | [20230825] 1 trades, day P&L=$+30, equity=$115,620
2026-04-03 07:54:40 | DEBUG    | [20230922] 1 trades, day P&L=$+30, equity=$115,650
2026-04-03 07:54:40 | DEBUG    | [20230929] 1 trades, day P&L=$+80, equity=$115,730
2026-04-03 07:54:40 | DEBUG    | [20231019] 1 trades, day P&L=$+30, equity=$115,760
2026-04-03 07:54:40 | DEBUG    | [20240216] 1 trades, day P&L=$+30, equity=$115,790
2026-04-03 07:54:40 | DEBUG    | [20240404] 1 trades, day P&L=$+80, equity=$115,870
2026-04-03 07:54:40 | DEBUG    | [20240412] 1 trades, day P&L=$+30, equity=$115,900
2026-04-03 07:54:40 | DEBUG    | [20240415] 1 trades, day P&L=$+30, equity=$115,930
2026-04-03 07:54:40 | DEBUG    | [20240416] 2 trades, day P&L=$+110, equity=$116,040
2026-04-03 07:54:41 | DEBUG    | [20240418] 1 trades, day P&L=$+30, equity=$116,070
2026-04-03 07:54:41 | DEBUG    | [20240419] 1 trades, day P&L=$+30, equity=$116,100
2026-04-03 07:54:41 | DEBUG    | [20240422] 1 trades, day P&L=$+30, equity=$116,130
2026-04-03 07:54:41 | DEBUG    | [20240531] 1 trades, day P&L=$+80, equity=$116,210
2026-04-03 07:54:41 | DEBUG    | [20240607] 1 trades, day P&L=$+30, equity=$116,240
2026-04-03 07:54:41 | DEBUG    | [20240627] 1 trades, day P&L=$+30, equity=$116,270
2026-04-03 07:54:41 | DEBUG    | [20240628] 1 trades, day P&L=$+230, equity=$116,500
2026-04-03 07:54:41 | DEBUG    | [20240712] 1 trades, day P&L=$+80, equity=$116,580
2026-04-03 07:54:41 | DEBUG    | [20240715] 1 trades, day P&L=$+30, equity=$116,610
2026-04-03 07:54:41 | DEBUG    | [20240718] 1 trades, day P&L=$+180, equity=$116,790
2026-04-03 07:54:41 | DEBUG    | [20240719] 1 trades, day P&L=$+80, equity=$116,870
2026-04-03 07:54:41 | DEBUG    | [20240725] 1 trades, day P&L=$+180, equity=$117,050
2026-04-03 07:54:41 | DEBUG    | [20240726] 2 trades, day P&L=$+660, equity=$117,710
2026-04-03 07:54:41 | DEBUG    | [20240729] 1 trades, day P&L=$+30, equity=$117,740
2026-04-03 07:54:41 | DEBUG    | [20240730] 1 trades, day P&L=$+80, equity=$117,820
2026-04-03 07:54:41 | DEBUG    | [20240801] 1 trades, day P&L=$+330, equity=$118,150
2026-04-03 07:54:41 | DEBUG    | [20240802] 1 trades, day P&L=$+380, equity=$118,530
2026-04-03 07:54:41 | DEBUG    | [20240805] 1 trades, day P&L=$-700, equity=$117,830
2026-04-03 07:54:41 | DEBUG    | [20240806] 1 trades, day P&L=$+330, equity=$118,160
2026-04-03 07:54:41 | DEBUG    | [20240808] 1 trades, day P&L=$+30, equity=$118,190
2026-04-03 07:54:41 | DEBUG    | [20240809] 1 trades, day P&L=$+130, equity=$118,320
2026-04-03 07:54:41 | DEBUG    | [20240812] 2 trades, day P&L=$+310, equity=$118,630
2026-04-03 07:54:41 | DEBUG    | [20240813] 1 trades, day P&L=$+30, equity=$118,660
2026-04-03 07:54:41 | DEBUG    | [20240820] 1 trades, day P&L=$+30, equity=$118,690
2026-04-03 07:54:41 | DEBUG    | [20240823] 1 trades, day P&L=$+30, equity=$118,720
2026-04-03 07:54:41 | DEBUG    | [20240829] 1 trades, day P&L=$+230, equity=$118,950
2026-04-03 07:54:41 | DEBUG    | [20240830] 1 trades, day P&L=$+80, equity=$119,030
2026-04-03 07:54:41 | DEBUG    | [20240903] 1 trades, day P&L=$+380, equity=$119,410
2026-04-03 07:54:41 | DEBUG    | [20240905] 1 trades, day P&L=$+30, equity=$119,440
2026-04-03 07:54:41 | DEBUG    | [20240906] 1 trades, day P&L=$+230, equity=$119,670
2026-04-03 07:54:41 | DEBUG    | [20240913] 1 trades, day P&L=$+30, equity=$119,700
2026-04-03 07:54:41 | DEBUG    | [20240919] 1 trades, day P&L=$+30, equity=$119,730
2026-04-03 07:54:41 | DEBUG    | [20240920] 1 trades, day P&L=$+30, equity=$119,760
2026-04-03 07:54:41 | DEBUG    | [20240930] 1 trades, day P&L=$+480, equity=$120,240
2026-04-03 07:54:41 | DEBUG    | [20241001] 1 trades, day P&L=$+180, equity=$120,420
2026-04-03 07:54:41 | DEBUG    | [20241010] 1 trades, day P&L=$+30, equity=$120,450
2026-04-03 07:54:41 | DEBUG    | [20241025] 1 trades, day P&L=$+30, equity=$120,480
2026-04-03 07:54:41 | DEBUG    | [20241031] 1 trades, day P&L=$+30, equity=$120,510
2026-04-03 07:54:41 | DEBUG    | [20241101] 2 trades, day P&L=$+110, equity=$120,620
2026-04-03 07:54:41 | DEBUG    | [20241104] 1 trades, day P&L=$+30, equity=$120,650
2026-04-03 07:54:41 | DEBUG    | [20241115] 1 trades, day P&L=$+30, equity=$120,680
2026-04-03 07:54:41 | DEBUG    | [20241219] 1 trades, day P&L=$+530, equity=$121,210
2026-04-03 07:54:41 | DEBUG    | [20241220] 1 trades, day P&L=$+430, equity=$121,640
2026-04-03 07:54:41 | DEBUG    | [20241227] 1 trades, day P&L=$+80, equity=$121,720
2026-04-03 07:54:41 | DEBUG    | [20241230] 2 trades, day P&L=$+210, equity=$121,930
2026-04-03 07:54:41 | DEBUG    | [20241231] 1 trades, day P&L=$+430, equity=$122,360
2026-04-03 07:54:41 | DEBUG    | [20250102] 1 trades, day P&L=$+230, equity=$122,590
2026-04-03 07:54:41 | DEBUG    | [20250107] 1 trades, day P&L=$+180, equity=$122,770
2026-04-03 07:54:41 | DEBUG    | [20250110] 1 trades, day P&L=$+30, equity=$122,800
2026-04-03 07:54:41 | DEBUG    | [20250127] 1 trades, day P&L=$+30, equity=$122,830
2026-04-03 07:54:41 | DEBUG    | [20250131] 1 trades, day P&L=$+480, equity=$123,310
2026-04-03 07:54:41 | DEBUG    | [20250203] 1 trades, day P&L=$+180, equity=$123,490
2026-04-03 07:54:41 | DEBUG    | [20250207] 1 trades, day P&L=$+30, equity=$123,520
2026-04-03 07:54:41 | DEBUG    | [20250221] 1 trades, day P&L=$+30, equity=$123,550
2026-04-03 07:54:41 | DEBUG    | [20250224] 1 trades, day P&L=$+180, equity=$123,730
2026-04-03 07:54:41 | DEBUG    | [20250225] 1 trades, day P&L=$+180, equity=$123,910
2026-04-03 07:54:41 | DEBUG    | [20250227] 1 trades, day P&L=$+180, equity=$124,090
2026-04-03 07:54:41 | DEBUG    | [20250228] 1 trades, day P&L=$+430, equity=$124,520
2026-04-03 07:54:41 | DEBUG    | [20250303] 1 trades, day P&L=$+530, equity=$125,050
2026-04-03 07:54:41 | DEBUG    | [20250304] 1 trades, day P&L=$+1030, equity=$126,080
2026-04-03 07:54:41 | DEBUG    | [20250306] 1 trades, day P&L=$+1030, equity=$127,110
2026-04-03 07:54:41 | DEBUG    | [20250307] 1 trades, day P&L=$+480, equity=$127,590
2026-04-03 07:54:41 | DEBUG    | [20250310] 1 trades, day P&L=$+730, equity=$128,320
2026-04-03 07:54:41 | DEBUG    | [20250311] 2 trades, day P&L=$-1670, equity=$126,650
2026-04-03 07:54:41 | DEBUG    | [20250313] 1 trades, day P&L=$+80, equity=$126,730
2026-04-03 07:54:41 | DEBUG    | [20250314] 1 trades, day P&L=$+180, equity=$126,910
2026-04-03 07:54:41 | DEBUG    | [20250317] 1 trades, day P&L=$+30, equity=$126,940
2026-04-03 07:54:41 | DEBUG    | [20250318] 1 trades, day P&L=$+30, equity=$126,970
2026-04-03 07:54:41 | DEBUG    | [20250321] 1 trades, day P&L=$+30, equity=$127,000
2026-04-03 07:54:41 | DEBUG    | [20250327] 2 trades, day P&L=$+60, equity=$127,060
2026-04-03 07:54:41 | DEBUG    | [20250328] 1 trades, day P&L=$+30, equity=$127,090
2026-04-03 07:54:41 | DEBUG    | [20250331] 1 trades, day P&L=$+1530, equity=$128,620
2026-04-03 07:54:41 | DEBUG    | [20250401] 1 trades, day P&L=$+30, equity=$128,650
2026-04-03 07:54:41 | DEBUG    | [20250403] 1 trades, day P&L=$+580, equity=$129,230
2026-04-03 07:54:41 | DEBUG    | [20250407] 1 trades, day P&L=$+1180, equity=$130,410
2026-04-03 07:54:41 | DEBUG    | [20250408] 1 trades, day P&L=$+1830, equity=$132,240
2026-04-03 07:54:41 | DEBUG    | [20250410] 1 trades, day P&L=$+1830, equity=$134,070
2026-04-03 07:54:41 | DEBUG    | [20250411] 1 trades, day P&L=$+630, equity=$134,700
2026-04-03 07:54:41 | DEBUG    | [20250414] 1 trades, day P&L=$+280, equity=$134,980
2026-04-03 07:54:41 | DEBUG    | [20250415] 2 trades, day P&L=$+110, equity=$135,090
2026-04-03 07:54:41 | DEBUG    | [20250417] 1 trades, day P&L=$+530, equity=$135,620
2026-04-03 07:54:41 | DEBUG    | [20250421] 1 trades, day P&L=$+530, equity=$136,150
2026-04-03 07:54:41 | DEBUG    | [20250422] 1 trades, day P&L=$+180, equity=$136,330
2026-04-03 07:54:41 | DEBUG    | [20250424] 1 trades, day P&L=$+230, equity=$136,560
2026-04-03 07:54:41 | DEBUG    | [20250428] 2 trades, day P&L=$+210, equity=$136,770
2026-04-03 07:54:41 | DEBUG    | [20250501] 2 trades, day P&L=$-740, equity=$136,030
2026-04-03 07:54:42 | DEBUG    | [20250502] 1 trades, day P&L=$+30, equity=$136,060
2026-04-03 07:54:42 | DEBUG    | [20250505] 1 trades, day P&L=$+80, equity=$136,140
2026-04-03 07:54:42 | DEBUG    | [20250506] 1 trades, day P&L=$+130, equity=$136,270
2026-04-03 07:54:42 | DEBUG    | [20250508] 2 trades, day P&L=$+610, equity=$136,880
2026-04-03 07:54:42 | DEBUG    | [20250509] 1 trades, day P&L=$+30, equity=$136,910
2026-04-03 07:54:42 | DEBUG    | [20250513] 1 trades, day P&L=$+30, equity=$136,940
2026-04-03 07:54:42 | DEBUG    | [20250522] 1 trades, day P&L=$+30, equity=$136,970
2026-04-03 07:54:42 | DEBUG    | [20250523] 1 trades, day P&L=$+230, equity=$137,200
2026-04-03 07:54:42 | DEBUG    | [20250529] 1 trades, day P&L=$+130, equity=$137,330
2026-04-03 07:54:42 | DEBUG    | [20250530] 2 trades, day P&L=$+1110, equity=$138,440
2026-04-03 07:54:42 | DEBUG    | [20250605] 1 trades, day P&L=$+80, equity=$138,520
2026-04-03 07:54:42 | DEBUG    | [20250613] 1 trades, day P&L=$+80, equity=$138,600
2026-04-03 07:54:42 | DEBUG    | [20250623] 1 trades, day P&L=$+30, equity=$138,630
2026-04-03 07:54:42 | DEBUG    | [20250630] 1 trades, day P&L=$+30, equity=$138,660
2026-04-03 07:54:42 | DEBUG    | [20250731] 1 trades, day P&L=$+180, equity=$138,840
2026-04-03 07:54:42 | DEBUG    | [20250801] 1 trades, day P&L=$+30, equity=$138,870
2026-04-03 07:54:42 | DEBUG    | [20250811] 1 trades, day P&L=$+30, equity=$138,900
2026-04-03 07:54:42 | DEBUG    | [20250930] 1 trades, day P&L=$+30, equity=$138,930
2026-04-03 07:54:42 | DEBUG    | [20251010] 1 trades, day P&L=$+980, equity=$139,910
2026-04-03 07:54:42 | DEBUG    | [20251014] 1 trades, day P&L=$+230, equity=$140,140
2026-04-03 07:54:42 | DEBUG    | [20251016] 1 trades, day P&L=$+230, equity=$140,370
2026-04-03 07:54:42 | DEBUG    | [20251031] 1 trades, day P&L=$+80, equity=$140,450
2026-04-03 07:54:42 | DEBUG    | [20251106] 1 trades, day P&L=$+80, equity=$140,530
2026-04-03 07:54:42 | DEBUG    | [20251107] 1 trades, day P&L=$+30, equity=$140,560
2026-04-03 07:54:42 | DEBUG    | [20251113] 1 trades, day P&L=$+130, equity=$140,690
2026-04-03 07:54:42 | DEBUG    | [20251117] 1 trades, day P&L=$+130, equity=$140,820
2026-04-03 07:54:42 | DEBUG    | [20251118] 2 trades, day P&L=$+160, equity=$140,980
2026-04-03 07:54:42 | DEBUG    | [20251120] 1 trades, day P&L=$+430, equity=$141,410
2026-04-03 07:54:42 | DEBUG    | [20251121] 1 trades, day P&L=$+230, equity=$141,640
2026-04-03 07:54:42 | DEBUG    | [20251218] 2 trades, day P&L=$+310, equity=$141,950
2026-04-03 07:54:42 | DEBUG    | [20260120] 1 trades, day P&L=$+30, equity=$141,980
2026-04-03 07:54:42 | DEBUG    | [20260130] 2 trades, day P&L=$+210, equity=$142,190
2026-04-03 07:54:42 | DEBUG    | [20260205] 1 trades, day P&L=$+230, equity=$142,420
2026-04-03 07:54:42 | DEBUG    | [20260206] 1 trades, day P&L=$+130, equity=$142,550
2026-04-03 07:54:42 | DEBUG    | [20260212] 1 trades, day P&L=$+180, equity=$142,730
2026-04-03 07:54:42 | DEBUG    | [20260213] 2 trades, day P&L=$+160, equity=$142,890
2026-04-03 07:54:42 | DEBUG    | [20260227] 2 trades, day P&L=$+160, equity=$143,050
2026-04-03 07:54:42 | DEBUG    | [20260302] 1 trades, day P&L=$+80, equity=$143,130
2026-04-03 07:54:42 | DEBUG    | [20260303] 1 trades, day P&L=$+80, equity=$143,210
2026-04-03 07:54:42 | DEBUG    | [20260305] 1 trades, day P&L=$+130, equity=$143,340
2026-04-03 07:54:42 | DEBUG    | [20260306] 1 trades, day P&L=$+30, equity=$143,370
2026-04-03 07:54:42 | DEBUG    | [20260309] 1 trades, day P&L=$+130, equity=$143,500
2026-04-03 07:54:42 | DEBUG    | [20260310] 1 trades, day P&L=$+80, equity=$143,580
2026-04-03 07:54:42 | DEBUG    | [20260320] 1 trades, day P&L=$+130, equity=$143,710
2026-04-03 07:54:42 | DEBUG    | [20260323] 1 trades, day P&L=$+30, equity=$143,740
2026-04-03 07:54:42 | DEBUG    | [20260324] 1 trades, day P&L=$+30, equity=$143,770
2026-04-03 07:54:42 | INFO     | ============================================================
2026-04-03 07:54:42 | INFO     | SKIP REASONS:
2026-04-03 07:54:42 | INFO     |   dow_filter          : 184
2026-04-03 07:54:42 | INFO     |   early_close         : 6
2026-04-03 07:54:42 | INFO     |   fomc                : 34
2026-04-03 07:54:42 | INFO     |   no_quotes           : 32
2026-04-03 07:54:42 | INFO     |   TOTAL TRADES        : 258
2026-04-03 07:54:42 | INFO     | ============================================================
2026-04-03 07:54:42 | INFO     | [ITER 61] filter_skip_wed+fomc → SWEEP | P&L=$43,770, Sharpe=6.12, DD=$-4,250
2026-04-03 07:54:42 | DEBUG    | [20220110] 2 trades, day P&L=$+60, equity=$100,060
2026-04-03 07:54:42 | DEBUG    | [20220114] 1 trades, day P&L=$+130, equity=$100,190
2026-04-03 07:54:42 | DEBUG    | [20220121] 2 trades, day P&L=$+510, equity=$100,700
2026-04-03 07:54:42 | DEBUG    | [20220124] 2 trades, day P&L=$+3410, equity=$104,110
2026-04-03 07:54:42 | DEBUG    | [20220128] 2 trades, day P&L=$+510, equity=$104,620
2026-04-03 07:54:42 | DEBUG    | [20220131] 2 trades, day P&L=$+160, equity=$104,780
2026-04-03 07:54:42 | DEBUG    | [20220204] 1 trades, day P&L=$+280, equity=$105,060
2026-04-03 07:54:42 | DEBUG    | [20220207] 2 trades, day P&L=$+360, equity=$105,420
2026-04-03 07:54:42 | DEBUG    | [20220211] 2 trades, day P&L=$+2510, equity=$107,930
2026-04-03 07:54:42 | DEBUG    | [20220214] 2 trades, day P&L=$+660, equity=$108,590
2026-04-03 07:54:42 | DEBUG    | [20220218] 2 trades, day P&L=$+510, equity=$109,100
2026-04-03 07:54:42 | DEBUG    | [20220225] 2 trades, day P&L=$+260, equity=$109,360
2026-04-03 07:54:42 | DEBUG    | [20220228] 2 trades, day P&L=$+560, equity=$109,920
2026-04-03 07:54:42 | DEBUG    | [20220304] 2 trades, day P&L=$+260, equity=$110,180
2026-04-03 07:54:42 | DEBUG    | [20220307] 2 trades, day P&L=$+410, equity=$110,590
2026-04-03 07:54:42 | DEBUG    | [20220311] 2 trades, day P&L=$+410, equity=$111,000
2026-04-03 07:54:42 | DEBUG    | [20220314] 1 trades, day P&L=$+130, equity=$111,130
2026-04-03 07:54:43 | DEBUG    | [20220331] 1 trades, day P&L=$+480, equity=$111,610
2026-04-03 07:54:43 | DEBUG    | [20220401] 1 trades, day P&L=$+80, equity=$111,690
2026-04-03 07:54:43 | DEBUG    | [20220408] 2 trades, day P&L=$+60, equity=$111,750
2026-04-03 07:54:43 | DEBUG    | [20220418] 1 trades, day P&L=$+30, equity=$111,780
2026-04-03 07:54:43 | DEBUG    | [20220422] 1 trades, day P&L=$+580, equity=$112,360
2026-04-03 07:54:43 | DEBUG    | [20220425] 1 trades, day P&L=$+30, equity=$112,390
2026-04-03 07:54:43 | DEBUG    | [20220429] 1 trades, day P&L=$+580, equity=$112,970
2026-04-03 07:54:43 | DEBUG    | [20220502] 1 trades, day P&L=$+30, equity=$113,000
2026-04-03 07:54:43 | DEBUG    | [20220506] 2 trades, day P&L=$+860, equity=$113,860
2026-04-03 07:54:43 | DEBUG    | [20220509] 1 trades, day P&L=$+580, equity=$114,440
2026-04-03 07:54:43 | DEBUG    | [20220513] 1 trades, day P&L=$+180, equity=$114,620
2026-04-03 07:54:43 | DEBUG    | [20220519] 1 trades, day P&L=$+30, equity=$114,650
2026-04-03 07:54:43 | DEBUG    | [20220520] 1 trades, day P&L=$+180, equity=$114,830
2026-04-03 07:54:43 | DEBUG    | [20220526] 1 trades, day P&L=$+80, equity=$114,910
2026-04-03 07:54:43 | DEBUG    | [20220603] 1 trades, day P&L=$+30, equity=$114,940
2026-04-03 07:54:43 | DEBUG    | [20220610] 1 trades, day P&L=$+280, equity=$115,220
2026-04-03 07:54:43 | DEBUG    | [20220613] 1 trades, day P&L=$+30, equity=$115,250
2026-04-03 07:54:43 | DEBUG    | [20220616] 1 trades, day P&L=$+30, equity=$115,280
2026-04-03 07:54:43 | DEBUG    | [20220617] 1 trades, day P&L=$+80, equity=$115,360
2026-04-03 07:54:43 | DEBUG    | [20220623] 1 trades, day P&L=$+30, equity=$115,390
2026-04-03 07:54:43 | DEBUG    | [20220624] 1 trades, day P&L=$+30, equity=$115,420
2026-04-03 07:54:43 | DEBUG    | [20220627] 1 trades, day P&L=$+30, equity=$115,450
2026-04-03 07:54:43 | DEBUG    | [20220630] 2 trades, day P&L=$-620, equity=$114,830
2026-04-03 07:54:43 | DEBUG    | [20220902] 1 trades, day P&L=$+130, equity=$114,960
2026-04-03 07:54:43 | DEBUG    | [20220915] 1 trades, day P&L=$+130, equity=$115,090
2026-04-03 07:54:43 | DEBUG    | [20220916] 2 trades, day P&L=$+210, equity=$115,300
2026-04-03 07:54:43 | DEBUG    | [20220923] 1 trades, day P&L=$+130, equity=$115,430
2026-04-03 07:54:43 | DEBUG    | [20220926] 2 trades, day P&L=$-4220, equity=$111,210
2026-04-03 07:54:43 | DEBUG    | [20220929] 1 trades, day P&L=$+80, equity=$111,290
2026-04-03 07:54:43 | DEBUG    | [20220930] 1 trades, day P&L=$+880, equity=$112,170
2026-04-03 07:54:43 | DEBUG    | [20221003] 1 trades, day P&L=$+30, equity=$112,200
2026-04-03 07:54:43 | DEBUG    | [20221006] 1 trades, day P&L=$+130, equity=$112,330
2026-04-03 07:54:43 | DEBUG    | [20221007] 1 trades, day P&L=$+280, equity=$112,610
2026-04-03 07:54:43 | DEBUG    | [20221013] 1 trades, day P&L=$+130, equity=$112,740
2026-04-03 07:54:43 | DEBUG    | [20221014] 1 trades, day P&L=$+30, equity=$112,770
2026-04-03 07:54:43 | DEBUG    | [20221020] 1 trades, day P&L=$+30, equity=$112,800
2026-04-03 07:54:43 | DEBUG    | [20221118] 1 trades, day P&L=$+30, equity=$112,830
2026-04-03 07:54:43 | DEBUG    | [20221209] 1 trades, day P&L=$+30, equity=$112,860
2026-04-03 07:54:43 | DEBUG    | [20221215] 1 trades, day P&L=$+30, equity=$112,890
2026-04-03 07:54:43 | DEBUG    | [20221216] 1 trades, day P&L=$+30, equity=$112,920
2026-04-03 07:54:43 | DEBUG    | [20221230] 1 trades, day P&L=$+180, equity=$113,100
2026-04-03 07:54:43 | DEBUG    | [20230202] 1 trades, day P&L=$+30, equity=$113,130
2026-04-03 07:54:43 | DEBUG    | [20230203] 2 trades, day P&L=$+60, equity=$113,190
2026-04-03 07:54:43 | DEBUG    | [20230309] 1 trades, day P&L=$+130, equity=$113,320
2026-04-03 07:54:43 | DEBUG    | [20230316] 1 trades, day P&L=$+130, equity=$113,450
2026-04-03 07:54:43 | DEBUG    | [20230317] 1 trades, day P&L=$+130, equity=$113,580
2026-04-03 07:54:43 | DEBUG    | [20230323] 1 trades, day P&L=$+30, equity=$113,610
2026-04-03 07:54:43 | DEBUG    | [20230707] 1 trades, day P&L=$+80, equity=$113,690
2026-04-03 07:54:43 | DEBUG    | [20230825] 1 trades, day P&L=$+30, equity=$113,720
2026-04-03 07:54:44 | DEBUG    | [20230922] 1 trades, day P&L=$+30, equity=$113,750
2026-04-03 07:54:44 | DEBUG    | [20230929] 1 trades, day P&L=$+80, equity=$113,830
2026-04-03 07:54:44 | DEBUG    | [20231019] 1 trades, day P&L=$+30, equity=$113,860
2026-04-03 07:54:44 | DEBUG    | [20240216] 1 trades, day P&L=$+30, equity=$113,890
2026-04-03 07:54:44 | DEBUG    | [20240404] 1 trades, day P&L=$+80, equity=$113,970
2026-04-03 07:54:44 | DEBUG    | [20240412] 1 trades, day P&L=$+30, equity=$114,000
2026-04-03 07:54:44 | DEBUG    | [20240415] 1 trades, day P&L=$+30, equity=$114,030
2026-04-03 07:54:44 | DEBUG    | [20240418] 1 trades, day P&L=$+30, equity=$114,060
2026-04-03 07:54:44 | DEBUG    | [20240419] 1 trades, day P&L=$+30, equity=$114,090
2026-04-03 07:54:44 | DEBUG    | [20240422] 1 trades, day P&L=$+30, equity=$114,120
2026-04-03 07:54:44 | DEBUG    | [20240531] 1 trades, day P&L=$+80, equity=$114,200
2026-04-03 07:54:44 | DEBUG    | [20240607] 1 trades, day P&L=$+30, equity=$114,230
2026-04-03 07:54:44 | DEBUG    | [20240627] 1 trades, day P&L=$+30, equity=$114,260
2026-04-03 07:54:44 | DEBUG    | [20240628] 1 trades, day P&L=$+230, equity=$114,490
2026-04-03 07:54:44 | DEBUG    | [20240712] 1 trades, day P&L=$+80, equity=$114,570
2026-04-03 07:54:44 | DEBUG    | [20240715] 1 trades, day P&L=$+30, equity=$114,600
2026-04-03 07:54:44 | DEBUG    | [20240718] 1 trades, day P&L=$+180, equity=$114,780
2026-04-03 07:54:44 | DEBUG    | [20240719] 1 trades, day P&L=$+80, equity=$114,860
2026-04-03 07:54:44 | DEBUG    | [20240725] 1 trades, day P&L=$+180, equity=$115,040
2026-04-03 07:54:44 | DEBUG    | [20240726] 2 trades, day P&L=$+660, equity=$115,700
2026-04-03 07:54:44 | DEBUG    | [20240729] 1 trades, day P&L=$+30, equity=$115,730
2026-04-03 07:54:44 | DEBUG    | [20240801] 1 trades, day P&L=$+330, equity=$116,060
2026-04-03 07:54:44 | DEBUG    | [20240802] 1 trades, day P&L=$+380, equity=$116,440
2026-04-03 07:54:44 | DEBUG    | [20240805] 1 trades, day P&L=$-700, equity=$115,740
2026-04-03 07:54:44 | DEBUG    | [20240808] 1 trades, day P&L=$+30, equity=$115,770
2026-04-03 07:54:44 | DEBUG    | [20240809] 1 trades, day P&L=$+130, equity=$115,900
2026-04-03 07:54:44 | DEBUG    | [20240812] 2 trades, day P&L=$+310, equity=$116,210
2026-04-03 07:54:44 | DEBUG    | [20240823] 1 trades, day P&L=$+30, equity=$116,240
2026-04-03 07:54:44 | DEBUG    | [20240829] 1 trades, day P&L=$+230, equity=$116,470
2026-04-03 07:54:44 | DEBUG    | [20240830] 1 trades, day P&L=$+80, equity=$116,550
2026-04-03 07:54:44 | DEBUG    | [20240905] 1 trades, day P&L=$+30, equity=$116,580
2026-04-03 07:54:44 | DEBUG    | [20240906] 1 trades, day P&L=$+230, equity=$116,810
2026-04-03 07:54:44 | DEBUG    | [20240913] 1 trades, day P&L=$+30, equity=$116,840
2026-04-03 07:54:44 | DEBUG    | [20240919] 1 trades, day P&L=$+30, equity=$116,870
2026-04-03 07:54:44 | DEBUG    | [20240920] 1 trades, day P&L=$+30, equity=$116,900
2026-04-03 07:54:44 | DEBUG    | [20240930] 1 trades, day P&L=$+480, equity=$117,380
2026-04-03 07:54:44 | DEBUG    | [20241010] 1 trades, day P&L=$+30, equity=$117,410
2026-04-03 07:54:44 | DEBUG    | [20241025] 1 trades, day P&L=$+30, equity=$117,440
2026-04-03 07:54:44 | DEBUG    | [20241031] 1 trades, day P&L=$+30, equity=$117,470
2026-04-03 07:54:44 | DEBUG    | [20241101] 2 trades, day P&L=$+110, equity=$117,580
2026-04-03 07:54:44 | DEBUG    | [20241104] 1 trades, day P&L=$+30, equity=$117,610
2026-04-03 07:54:44 | DEBUG    | [20241115] 1 trades, day P&L=$+30, equity=$117,640
2026-04-03 07:54:44 | DEBUG    | [20241219] 1 trades, day P&L=$+530, equity=$118,170
2026-04-03 07:54:44 | DEBUG    | [20241220] 1 trades, day P&L=$+430, equity=$118,600
2026-04-03 07:54:44 | DEBUG    | [20241227] 1 trades, day P&L=$+80, equity=$118,680
2026-04-03 07:54:44 | DEBUG    | [20241230] 2 trades, day P&L=$+210, equity=$118,890
2026-04-03 07:54:44 | DEBUG    | [20250102] 1 trades, day P&L=$+230, equity=$119,120
2026-04-03 07:54:44 | DEBUG    | [20250110] 1 trades, day P&L=$+30, equity=$119,150
2026-04-03 07:54:44 | DEBUG    | [20250127] 1 trades, day P&L=$+30, equity=$119,180
2026-04-03 07:54:44 | DEBUG    | [20250131] 1 trades, day P&L=$+480, equity=$119,660
2026-04-03 07:54:44 | DEBUG    | [20250203] 1 trades, day P&L=$+180, equity=$119,840
2026-04-03 07:54:44 | DEBUG    | [20250207] 1 trades, day P&L=$+30, equity=$119,870
2026-04-03 07:54:45 | DEBUG    | [20250221] 1 trades, day P&L=$+30, equity=$119,900
2026-04-03 07:54:45 | DEBUG    | [20250224] 1 trades, day P&L=$+180, equity=$120,080
2026-04-03 07:54:45 | DEBUG    | [20250227] 1 trades, day P&L=$+180, equity=$120,260
2026-04-03 07:54:45 | DEBUG    | [20250228] 1 trades, day P&L=$+430, equity=$120,690
2026-04-03 07:54:45 | DEBUG    | [20250303] 1 trades, day P&L=$+530, equity=$121,220
2026-04-03 07:54:45 | DEBUG    | [20250306] 1 trades, day P&L=$+1030, equity=$122,250
2026-04-03 07:54:45 | DEBUG    | [20250307] 1 trades, day P&L=$+480, equity=$122,730
2026-04-03 07:54:45 | DEBUG    | [20250310] 1 trades, day P&L=$+730, equity=$123,460
2026-04-03 07:54:45 | DEBUG    | [20250313] 1 trades, day P&L=$+80, equity=$123,540
2026-04-03 07:54:45 | DEBUG    | [20250314] 1 trades, day P&L=$+180, equity=$123,720
2026-04-03 07:54:45 | DEBUG    | [20250317] 1 trades, day P&L=$+30, equity=$123,750
2026-04-03 07:54:45 | DEBUG    | [20250321] 1 trades, day P&L=$+30, equity=$123,780
2026-04-03 07:54:45 | DEBUG    | [20250327] 2 trades, day P&L=$+60, equity=$123,840
2026-04-03 07:54:45 | DEBUG    | [20250328] 1 trades, day P&L=$+30, equity=$123,870
2026-04-03 07:54:45 | DEBUG    | [20250331] 1 trades, day P&L=$+1530, equity=$125,400
2026-04-03 07:54:45 | DEBUG    | [20250403] 1 trades, day P&L=$+580, equity=$125,980
2026-04-03 07:54:45 | DEBUG    | [20250407] 1 trades, day P&L=$+1180, equity=$127,160
2026-04-03 07:54:45 | DEBUG    | [20250410] 1 trades, day P&L=$+1830, equity=$128,990
2026-04-03 07:54:45 | DEBUG    | [20250411] 1 trades, day P&L=$+630, equity=$129,620
2026-04-03 07:54:45 | DEBUG    | [20250414] 1 trades, day P&L=$+280, equity=$129,900
2026-04-03 07:54:45 | DEBUG    | [20250417] 1 trades, day P&L=$+530, equity=$130,430
2026-04-03 07:54:45 | DEBUG    | [20250421] 1 trades, day P&L=$+530, equity=$130,960
2026-04-03 07:54:45 | DEBUG    | [20250424] 1 trades, day P&L=$+230, equity=$131,190
2026-04-03 07:54:45 | DEBUG    | [20250428] 2 trades, day P&L=$+210, equity=$131,400
2026-04-03 07:54:45 | DEBUG    | [20250501] 2 trades, day P&L=$-740, equity=$130,660
2026-04-03 07:54:45 | DEBUG    | [20250502] 1 trades, day P&L=$+30, equity=$130,690
2026-04-03 07:54:45 | DEBUG    | [20250505] 1 trades, day P&L=$+80, equity=$130,770
2026-04-03 07:54:45 | DEBUG    | [20250508] 2 trades, day P&L=$+610, equity=$131,380
2026-04-03 07:54:45 | DEBUG    | [20250509] 1 trades, day P&L=$+30, equity=$131,410
2026-04-03 07:54:45 | DEBUG    | [20250522] 1 trades, day P&L=$+30, equity=$131,440
2026-04-03 07:54:45 | DEBUG    | [20250523] 1 trades, day P&L=$+230, equity=$131,670
2026-04-03 07:54:45 | DEBUG    | [20250529] 1 trades, day P&L=$+130, equity=$131,800
2026-04-03 07:54:45 | DEBUG    | [20250530] 2 trades, day P&L=$+1110, equity=$132,910
2026-04-03 07:54:45 | DEBUG    | [20250605] 1 trades, day P&L=$+80, equity=$132,990
2026-04-03 07:54:45 | DEBUG    | [20250613] 1 trades, day P&L=$+80, equity=$133,070
2026-04-03 07:54:45 | DEBUG    | [20250623] 1 trades, day P&L=$+30, equity=$133,100
2026-04-03 07:54:45 | DEBUG    | [20250630] 1 trades, day P&L=$+30, equity=$133,130
2026-04-03 07:54:45 | DEBUG    | [20250731] 1 trades, day P&L=$+180, equity=$133,310
2026-04-03 07:54:45 | DEBUG    | [20250801] 1 trades, day P&L=$+30, equity=$133,340
2026-04-03 07:54:45 | DEBUG    | [20250811] 1 trades, day P&L=$+30, equity=$133,370
2026-04-03 07:54:45 | DEBUG    | [20251010] 1 trades, day P&L=$+980, equity=$134,350
2026-04-03 07:54:45 | DEBUG    | [20251016] 1 trades, day P&L=$+230, equity=$134,580
2026-04-03 07:54:45 | DEBUG    | [20251031] 1 trades, day P&L=$+80, equity=$134,660
2026-04-03 07:54:45 | DEBUG    | [20251106] 1 trades, day P&L=$+80, equity=$134,740
2026-04-03 07:54:45 | DEBUG    | [20251107] 1 trades, day P&L=$+30, equity=$134,770
2026-04-03 07:54:45 | DEBUG    | [20251113] 1 trades, day P&L=$+130, equity=$134,900
2026-04-03 07:54:45 | DEBUG    | [20251117] 1 trades, day P&L=$+130, equity=$135,030
2026-04-03 07:54:45 | DEBUG    | [20251120] 1 trades, day P&L=$+430, equity=$135,460
2026-04-03 07:54:45 | DEBUG    | [20251121] 1 trades, day P&L=$+230, equity=$135,690
2026-04-03 07:54:45 | DEBUG    | [20251218] 2 trades, day P&L=$+310, equity=$136,000
2026-04-03 07:54:45 | DEBUG    | [20260130] 2 trades, day P&L=$+210, equity=$136,210
2026-04-03 07:54:45 | DEBUG    | [20260205] 1 trades, day P&L=$+230, equity=$136,440
2026-04-03 07:54:45 | DEBUG    | [20260206] 1 trades, day P&L=$+130, equity=$136,570
2026-04-03 07:54:45 | DEBUG    | [20260212] 1 trades, day P&L=$+180, equity=$136,750
2026-04-03 07:54:45 | DEBUG    | [20260213] 2 trades, day P&L=$+160, equity=$136,910
2026-04-03 07:54:45 | DEBUG    | [20260227] 2 trades, day P&L=$+160, equity=$137,070
2026-04-03 07:54:45 | DEBUG    | [20260302] 1 trades, day P&L=$+80, equity=$137,150
2026-04-03 07:54:45 | DEBUG    | [20260305] 1 trades, day P&L=$+130, equity=$137,280
2026-04-03 07:54:45 | DEBUG    | [20260306] 1 trades, day P&L=$+30, equity=$137,310
2026-04-03 07:54:45 | DEBUG    | [20260309] 1 trades, day P&L=$+130, equity=$137,440
2026-04-03 07:54:45 | DEBUG    | [20260320] 1 trades, day P&L=$+130, equity=$137,570
2026-04-03 07:54:45 | DEBUG    | [20260323] 1 trades, day P&L=$+30, equity=$137,600
2026-04-03 07:54:45 | INFO     | ============================================================
2026-04-03 07:54:45 | INFO     | SKIP REASONS:
2026-04-03 07:54:45 | INFO     |   dow_filter          : 436
2026-04-03 07:54:45 | INFO     |   early_close         : 6
2026-04-03 07:54:45 | INFO     |   no_quotes           : 18
2026-04-03 07:54:45 | INFO     |   TOTAL TRADES        : 213
2026-04-03 07:54:45 | INFO     | ============================================================
2026-04-03 07:54:45 | INFO     | [ITER 62] filter_skip_wed+tue → SWEEP | P&L=$37,600, Sharpe=6.19, DD=$-4,350
2026-04-03 07:54:45 | DEBUG    | [20220110] 2 trades, day P&L=$+60, equity=$100,060
2026-04-03 07:54:45 | DEBUG    | [20220118] 2 trades, day P&L=$+210, equity=$100,270
2026-04-03 07:54:45 | DEBUG    | [20220128] 2 trades, day P&L=$+510, equity=$100,780
2026-04-03 07:54:45 | DEBUG    | [20220207] 2 trades, day P&L=$+360, equity=$101,140
2026-04-03 07:54:45 | DEBUG    | [20220222] 2 trades, day P&L=$+760, equity=$101,900
2026-04-03 07:54:45 | DEBUG    | [20220304] 2 trades, day P&L=$+260, equity=$102,160
2026-04-03 07:54:45 | DEBUG    | [20220307] 2 trades, day P&L=$+410, equity=$102,570
2026-04-03 07:54:45 | DEBUG    | [20220311] 2 trades, day P&L=$+410, equity=$102,980
2026-04-03 07:54:45 | DEBUG    | [20220331] 1 trades, day P&L=$+480, equity=$103,460
2026-04-03 07:54:45 | DEBUG    | [20220408] 2 trades, day P&L=$+60, equity=$103,520
2026-04-03 07:54:45 | DEBUG    | [20220509] 1 trades, day P&L=$+580, equity=$104,100
2026-04-03 07:54:45 | DEBUG    | [20220513] 1 trades, day P&L=$+180, equity=$104,280
2026-04-03 07:54:45 | DEBUG    | [20220520] 1 trades, day P&L=$+180, equity=$104,460
2026-04-03 07:54:45 | DEBUG    | [20220526] 1 trades, day P&L=$+80, equity=$104,540
2026-04-03 07:54:45 | DEBUG    | [20220623] 1 trades, day P&L=$+30, equity=$104,570
2026-04-03 07:54:45 | DEBUG    | [20220624] 1 trades, day P&L=$+30, equity=$104,600
2026-04-03 07:54:45 | DEBUG    | [20220630] 2 trades, day P&L=$-620, equity=$103,980
2026-04-03 07:54:46 | DEBUG    | [20220902] 1 trades, day P&L=$+130, equity=$104,110
2026-04-03 07:54:46 | DEBUG    | [20220915] 1 trades, day P&L=$+130, equity=$104,240
2026-04-03 07:54:46 | DEBUG    | [20220923] 1 trades, day P&L=$+130, equity=$104,370
2026-04-03 07:54:46 | DEBUG    | [20221006] 1 trades, day P&L=$+130, equity=$104,500
2026-04-03 07:54:46 | DEBUG    | [20221011] 1 trades, day P&L=$+30, equity=$104,530
2026-04-03 07:54:46 | DEBUG    | [20221013] 1 trades, day P&L=$+130, equity=$104,660
2026-04-03 07:54:46 | DEBUG    | [20221020] 1 trades, day P&L=$+30, equity=$104,690
2026-04-03 07:54:46 | DEBUG    | [20221115] 1 trades, day P&L=$+80, equity=$104,770
2026-04-03 07:54:46 | DEBUG    | [20221118] 1 trades, day P&L=$+30, equity=$104,800
2026-04-03 07:54:46 | DEBUG    | [20221209] 1 trades, day P&L=$+30, equity=$104,830
2026-04-03 07:54:46 | DEBUG    | [20221215] 1 trades, day P&L=$+30, equity=$104,860
2026-04-03 07:54:46 | DEBUG    | [20230309] 1 trades, day P&L=$+130, equity=$104,990
2026-04-03 07:54:46 | DEBUG    | [20230316] 1 trades, day P&L=$+130, equity=$105,120
2026-04-03 07:54:46 | DEBUG    | [20230707] 1 trades, day P&L=$+80, equity=$105,200
2026-04-03 07:54:46 | DEBUG    | [20230929] 1 trades, day P&L=$+80, equity=$105,280
2026-04-03 07:54:46 | DEBUG    | [20240216] 1 trades, day P&L=$+30, equity=$105,310
2026-04-03 07:54:47 | DEBUG    | [20240404] 1 trades, day P&L=$+80, equity=$105,390
2026-04-03 07:54:47 | DEBUG    | [20240412] 1 trades, day P&L=$+30, equity=$105,420
2026-04-03 07:54:47 | DEBUG    | [20240418] 1 trades, day P&L=$+30, equity=$105,450
2026-04-03 07:54:47 | DEBUG    | [20240419] 1 trades, day P&L=$+30, equity=$105,480
2026-04-03 07:54:47 | DEBUG    | [20240422] 1 trades, day P&L=$+30, equity=$105,510
2026-04-03 07:54:47 | DEBUG    | [20240531] 1 trades, day P&L=$+80, equity=$105,590
2026-04-03 07:54:47 | DEBUG    | [20240607] 1 trades, day P&L=$+30, equity=$105,620
2026-04-03 07:54:47 | DEBUG    | [20240627] 1 trades, day P&L=$+30, equity=$105,650
2026-04-03 07:54:47 | DEBUG    | [20240628] 1 trades, day P&L=$+230, equity=$105,880
2026-04-03 07:54:47 | DEBUG    | [20240712] 1 trades, day P&L=$+80, equity=$105,960
2026-04-03 07:54:47 | DEBUG    | [20240715] 1 trades, day P&L=$+30, equity=$105,990
2026-04-03 07:54:47 | DEBUG    | [20240719] 1 trades, day P&L=$+80, equity=$106,070
2026-04-03 07:54:47 | DEBUG    | [20240726] 2 trades, day P&L=$+660, equity=$106,730
2026-04-03 07:54:47 | DEBUG    | [20240730] 1 trades, day P&L=$+80, equity=$106,810
2026-04-03 07:54:47 | DEBUG    | [20240808] 1 trades, day P&L=$+30, equity=$106,840
2026-04-03 07:54:47 | DEBUG    | [20240812] 2 trades, day P&L=$+310, equity=$107,150
2026-04-03 07:54:47 | DEBUG    | [20240813] 1 trades, day P&L=$+30, equity=$107,180
2026-04-03 07:54:47 | DEBUG    | [20240820] 1 trades, day P&L=$+30, equity=$107,210
2026-04-03 07:54:47 | DEBUG    | [20240823] 1 trades, day P&L=$+30, equity=$107,240
2026-04-03 07:54:47 | DEBUG    | [20240829] 1 trades, day P&L=$+230, equity=$107,470
2026-04-03 07:54:47 | DEBUG    | [20240830] 1 trades, day P&L=$+80, equity=$107,550
2026-04-03 07:54:47 | DEBUG    | [20240905] 1 trades, day P&L=$+30, equity=$107,580
2026-04-03 07:54:47 | DEBUG    | [20240906] 1 trades, day P&L=$+230, equity=$107,810
2026-04-03 07:54:47 | DEBUG    | [20240913] 1 trades, day P&L=$+30, equity=$107,840
2026-04-03 07:54:47 | DEBUG    | [20240919] 1 trades, day P&L=$+30, equity=$107,870
2026-04-03 07:54:47 | DEBUG    | [20240930] 1 trades, day P&L=$+480, equity=$108,350
2026-04-03 07:54:47 | DEBUG    | [20241001] 1 trades, day P&L=$+180, equity=$108,530
2026-04-03 07:54:47 | DEBUG    | [20241010] 1 trades, day P&L=$+30, equity=$108,560
2026-04-03 07:54:47 | DEBUG    | [20241025] 1 trades, day P&L=$+30, equity=$108,590
2026-04-03 07:54:47 | DEBUG    | [20241031] 1 trades, day P&L=$+30, equity=$108,620
2026-04-03 07:54:47 | DEBUG    | [20241104] 1 trades, day P&L=$+30, equity=$108,650
2026-04-03 07:54:47 | DEBUG    | [20241115] 1 trades, day P&L=$+30, equity=$108,680
2026-04-03 07:54:47 | DEBUG    | [20241220] 1 trades, day P&L=$+430, equity=$109,110
2026-04-03 07:54:47 | DEBUG    | [20241227] 1 trades, day P&L=$+80, equity=$109,190
2026-04-03 07:54:47 | DEBUG    | [20250102] 1 trades, day P&L=$+230, equity=$109,420
2026-04-03 07:54:47 | DEBUG    | [20250107] 1 trades, day P&L=$+180, equity=$109,600
2026-04-03 07:54:47 | DEBUG    | [20250110] 1 trades, day P&L=$+30, equity=$109,630
2026-04-03 07:54:47 | DEBUG    | [20250127] 1 trades, day P&L=$+30, equity=$109,660
2026-04-03 07:54:47 | DEBUG    | [20250131] 1 trades, day P&L=$+480, equity=$110,140
2026-04-03 07:54:47 | DEBUG    | [20250203] 1 trades, day P&L=$+180, equity=$110,320
2026-04-03 07:54:47 | DEBUG    | [20250207] 1 trades, day P&L=$+30, equity=$110,350
2026-04-03 07:54:47 | DEBUG    | [20250221] 1 trades, day P&L=$+30, equity=$110,380
2026-04-03 07:54:47 | DEBUG    | [20250225] 1 trades, day P&L=$+180, equity=$110,560
2026-04-03 07:54:47 | DEBUG    | [20250227] 1 trades, day P&L=$+180, equity=$110,740
2026-04-03 07:54:47 | DEBUG    | [20250310] 1 trades, day P&L=$+730, equity=$111,470
2026-04-03 07:54:47 | DEBUG    | [20250313] 1 trades, day P&L=$+80, equity=$111,550
2026-04-03 07:54:47 | DEBUG    | [20250318] 1 trades, day P&L=$+30, equity=$111,580
2026-04-03 07:54:47 | DEBUG    | [20250321] 1 trades, day P&L=$+30, equity=$111,610
2026-04-03 07:54:47 | DEBUG    | [20250328] 1 trades, day P&L=$+30, equity=$111,640
2026-04-03 07:54:47 | DEBUG    | [20250401] 1 trades, day P&L=$+30, equity=$111,670
2026-04-03 07:54:47 | DEBUG    | [20250403] 1 trades, day P&L=$+580, equity=$112,250
2026-04-03 07:54:47 | DEBUG    | [20250408] 1 trades, day P&L=$+1830, equity=$114,080
2026-04-03 07:54:47 | DEBUG    | [20250415] 2 trades, day P&L=$+110, equity=$114,190
2026-04-03 07:54:47 | DEBUG    | [20250421] 1 trades, day P&L=$+530, equity=$114,720
2026-04-03 07:54:47 | DEBUG    | [20250428] 2 trades, day P&L=$+210, equity=$114,930
2026-04-03 07:54:47 | DEBUG    | [20250501] 2 trades, day P&L=$-740, equity=$114,190
2026-04-03 07:54:47 | DEBUG    | [20250502] 1 trades, day P&L=$+30, equity=$114,220
2026-04-03 07:54:47 | DEBUG    | [20250506] 1 trades, day P&L=$+130, equity=$114,350
2026-04-03 07:54:47 | DEBUG    | [20250508] 2 trades, day P&L=$+610, equity=$114,960
2026-04-03 07:54:47 | DEBUG    | [20250509] 1 trades, day P&L=$+30, equity=$114,990
2026-04-03 07:54:47 | DEBUG    | [20250523] 1 trades, day P&L=$+230, equity=$115,220
2026-04-03 07:54:47 | DEBUG    | [20250529] 1 trades, day P&L=$+130, equity=$115,350
2026-04-03 07:54:47 | DEBUG    | [20250530] 2 trades, day P&L=$+1110, equity=$116,460
2026-04-03 07:54:47 | DEBUG    | [20250605] 1 trades, day P&L=$+80, equity=$116,540
2026-04-03 07:54:47 | DEBUG    | [20250613] 1 trades, day P&L=$+80, equity=$116,620
2026-04-03 07:54:47 | DEBUG    | [20250623] 1 trades, day P&L=$+30, equity=$116,650
2026-04-03 07:54:47 | DEBUG    | [20250630] 1 trades, day P&L=$+30, equity=$116,680
2026-04-03 07:54:48 | DEBUG    | [20250731] 1 trades, day P&L=$+180, equity=$116,860
2026-04-03 07:54:48 | DEBUG    | [20250801] 1 trades, day P&L=$+30, equity=$116,890
2026-04-03 07:54:48 | DEBUG    | [20250811] 1 trades, day P&L=$+30, equity=$116,920
2026-04-03 07:54:48 | DEBUG    | [20250930] 1 trades, day P&L=$+30, equity=$116,950
2026-04-03 07:54:48 | DEBUG    | [20251010] 1 trades, day P&L=$+980, equity=$117,930
2026-04-03 07:54:48 | DEBUG    | [20251016] 1 trades, day P&L=$+230, equity=$118,160
2026-04-03 07:54:48 | DEBUG    | [20251031] 1 trades, day P&L=$+80, equity=$118,240
2026-04-03 07:54:48 | DEBUG    | [20251106] 1 trades, day P&L=$+80, equity=$118,320
2026-04-03 07:54:48 | DEBUG    | [20251113] 1 trades, day P&L=$+130, equity=$118,450
2026-04-03 07:54:48 | DEBUG    | [20251117] 1 trades, day P&L=$+130, equity=$118,580
2026-04-03 07:54:48 | DEBUG    | [20251118] 2 trades, day P&L=$+160, equity=$118,740
2026-04-03 07:54:48 | DEBUG    | [20251120] 1 trades, day P&L=$+430, equity=$119,170
2026-04-03 07:54:48 | DEBUG    | [20260120] 1 trades, day P&L=$+30, equity=$119,200
2026-04-03 07:54:48 | DEBUG    | [20260130] 2 trades, day P&L=$+210, equity=$119,410
2026-04-03 07:54:48 | DEBUG    | [20260205] 1 trades, day P&L=$+230, equity=$119,640
2026-04-03 07:54:48 | DEBUG    | [20260212] 1 trades, day P&L=$+180, equity=$119,820
2026-04-03 07:54:48 | DEBUG    | [20260227] 2 trades, day P&L=$+160, equity=$119,980
2026-04-03 07:54:48 | DEBUG    | [20260302] 1 trades, day P&L=$+80, equity=$120,060
2026-04-03 07:54:48 | DEBUG    | [20260303] 1 trades, day P&L=$+80, equity=$120,140
2026-04-03 07:54:48 | DEBUG    | [20260305] 1 trades, day P&L=$+130, equity=$120,270
2026-04-03 07:54:48 | DEBUG    | [20260306] 1 trades, day P&L=$+30, equity=$120,300
2026-04-03 07:54:48 | DEBUG    | [20260310] 1 trades, day P&L=$+80, equity=$120,380
2026-04-03 07:54:48 | DEBUG    | [20260320] 1 trades, day P&L=$+130, equity=$120,510
2026-04-03 07:54:48 | INFO     | ============================================================
2026-04-03 07:54:48 | INFO     | SKIP REASONS:
2026-04-03 07:54:48 | INFO     |   dow_filter          : 159
2026-04-03 07:54:48 | INFO     |   early_close         : 6
2026-04-03 07:54:48 | INFO     |   no_quotes           : 20
2026-04-03 07:54:48 | INFO     |   prior_return        : 304
2026-04-03 07:54:48 | INFO     |   TOTAL TRADES        : 143
2026-04-03 07:54:48 | INFO     | ============================================================
2026-04-03 07:54:48 | INFO     | [ITER 63] filter_skip_wed+prior1pct → SWEEP | P&L=$20,510, Sharpe=9.68, DD=$-820
2026-04-03 07:54:48 | DEBUG    | [20220110] 2 trades, day P&L=$+60, equity=$100,060
2026-04-03 07:54:48 | DEBUG    | [20220114] 1 trades, day P&L=$+130, equity=$100,190
2026-04-03 07:54:48 | DEBUG    | [20220118] 2 trades, day P&L=$+210, equity=$100,400
2026-04-03 07:54:48 | DEBUG    | [20220121] 2 trades, day P&L=$+510, equity=$100,910
2026-04-03 07:54:48 | DEBUG    | [20220124] 2 trades, day P&L=$+3410, equity=$104,320
2026-04-03 07:54:48 | DEBUG    | [20220128] 2 trades, day P&L=$+510, equity=$104,830
2026-04-03 07:54:48 | DEBUG    | [20220207] 2 trades, day P&L=$+360, equity=$105,190
2026-04-03 07:54:48 | DEBUG    | [20220211] 2 trades, day P&L=$+2510, equity=$107,700
2026-04-03 07:54:48 | DEBUG    | [20220214] 2 trades, day P&L=$+660, equity=$108,360
2026-04-03 07:54:48 | DEBUG    | [20220222] 2 trades, day P&L=$+760, equity=$109,120
2026-04-03 07:54:48 | DEBUG    | [20220225] 2 trades, day P&L=$+260, equity=$109,380
2026-04-03 07:54:48 | DEBUG    | [20220304] 2 trades, day P&L=$+260, equity=$109,640
2026-04-03 07:54:48 | DEBUG    | [20220307] 2 trades, day P&L=$+410, equity=$110,050
2026-04-03 07:54:48 | DEBUG    | [20220311] 2 trades, day P&L=$+410, equity=$110,460
2026-04-03 07:54:48 | DEBUG    | [20220314] 1 trades, day P&L=$+130, equity=$110,590
2026-04-03 07:54:48 | DEBUG    | [20220331] 1 trades, day P&L=$+480, equity=$111,070
2026-04-03 07:54:48 | DEBUG    | [20220401] 1 trades, day P&L=$+80, equity=$111,150
2026-04-03 07:54:48 | DEBUG    | [20220408] 2 trades, day P&L=$+60, equity=$111,210
2026-04-03 07:54:48 | DEBUG    | [20220418] 1 trades, day P&L=$+30, equity=$111,240
2026-04-03 07:54:48 | DEBUG    | [20220422] 1 trades, day P&L=$+580, equity=$111,820
2026-04-03 07:54:48 | DEBUG    | [20220509] 1 trades, day P&L=$+580, equity=$112,400
2026-04-03 07:54:48 | DEBUG    | [20220513] 1 trades, day P&L=$+180, equity=$112,580
2026-04-03 07:54:48 | DEBUG    | [20220520] 1 trades, day P&L=$+180, equity=$112,760
2026-04-03 07:54:48 | DEBUG    | [20220524] 2 trades, day P&L=$+60, equity=$112,820
2026-04-03 07:54:48 | DEBUG    | [20220526] 1 trades, day P&L=$+80, equity=$112,900
2026-04-03 07:54:48 | DEBUG    | [20220603] 1 trades, day P&L=$+30, equity=$112,930
2026-04-03 07:54:48 | DEBUG    | [20220616] 1 trades, day P&L=$+30, equity=$112,960
2026-04-03 07:54:48 | DEBUG    | [20220623] 1 trades, day P&L=$+30, equity=$112,990
2026-04-03 07:54:48 | DEBUG    | [20220624] 1 trades, day P&L=$+30, equity=$113,020
2026-04-03 07:54:48 | DEBUG    | [20220630] 2 trades, day P&L=$-620, equity=$112,400
2026-04-03 07:54:48 | DEBUG    | [20220705] 1 trades, day P&L=$+30, equity=$112,430
2026-04-03 07:54:48 | DEBUG    | [20220902] 1 trades, day P&L=$+130, equity=$112,560
2026-04-03 07:54:49 | DEBUG    | [20220913] 1 trades, day P&L=$+80, equity=$112,640
2026-04-03 07:54:49 | DEBUG    | [20220915] 1 trades, day P&L=$+130, equity=$112,770
2026-04-03 07:54:49 | DEBUG    | [20220916] 2 trades, day P&L=$+210, equity=$112,980
2026-04-03 07:54:49 | DEBUG    | [20220923] 1 trades, day P&L=$+130, equity=$113,110
2026-04-03 07:54:49 | DEBUG    | [20220926] 2 trades, day P&L=$-4220, equity=$108,890
2026-04-03 07:54:49 | DEBUG    | [20220927] 1 trades, day P&L=$+180, equity=$109,070
2026-04-03 07:54:49 | DEBUG    | [20220929] 1 trades, day P&L=$+80, equity=$109,150
2026-04-03 07:54:49 | DEBUG    | [20221003] 1 trades, day P&L=$+30, equity=$109,180
2026-04-03 07:54:49 | DEBUG    | [20221006] 1 trades, day P&L=$+130, equity=$109,310
2026-04-03 07:54:49 | DEBUG    | [20221007] 1 trades, day P&L=$+280, equity=$109,590
2026-04-03 07:54:49 | DEBUG    | [20221011] 1 trades, day P&L=$+30, equity=$109,620
2026-04-03 07:54:49 | DEBUG    | [20221013] 1 trades, day P&L=$+130, equity=$109,750
2026-04-03 07:54:49 | DEBUG    | [20221020] 1 trades, day P&L=$+30, equity=$109,780
2026-04-03 07:54:49 | DEBUG    | [20221115] 1 trades, day P&L=$+80, equity=$109,860
2026-04-03 07:54:49 | DEBUG    | [20221118] 1 trades, day P&L=$+30, equity=$109,890
2026-04-03 07:54:49 | DEBUG    | [20221209] 1 trades, day P&L=$+30, equity=$109,920
2026-04-03 07:54:49 | DEBUG    | [20221213] 1 trades, day P&L=$+30, equity=$109,950
2026-04-03 07:54:49 | DEBUG    | [20221215] 1 trades, day P&L=$+30, equity=$109,980
2026-04-03 07:54:49 | DEBUG    | [20221230] 1 trades, day P&L=$+180, equity=$110,160
2026-04-03 07:54:49 | DEBUG    | [20230202] 1 trades, day P&L=$+30, equity=$110,190
2026-04-03 07:54:49 | DEBUG    | [20230203] 2 trades, day P&L=$+60, equity=$110,250
2026-04-03 07:54:49 | DEBUG    | [20230309] 1 trades, day P&L=$+130, equity=$110,380
2026-04-03 07:54:49 | DEBUG    | [20230316] 1 trades, day P&L=$+130, equity=$110,510
2026-04-03 07:54:49 | DEBUG    | [20230317] 1 trades, day P&L=$+130, equity=$110,640
2026-04-03 07:54:49 | DEBUG    | [20230323] 1 trades, day P&L=$+30, equity=$110,670
2026-04-03 07:54:49 | DEBUG    | [20230707] 1 trades, day P&L=$+80, equity=$110,750
2026-04-03 07:54:49 | DEBUG    | [20230825] 1 trades, day P&L=$+30, equity=$110,780
2026-04-03 07:54:49 | DEBUG    | [20230922] 1 trades, day P&L=$+30, equity=$110,810
2026-04-03 07:54:49 | DEBUG    | [20230929] 1 trades, day P&L=$+80, equity=$110,890
2026-04-03 07:54:49 | DEBUG    | [20231019] 1 trades, day P&L=$+30, equity=$110,920
2026-04-03 07:54:50 | DEBUG    | [20240216] 1 trades, day P&L=$+30, equity=$110,950
2026-04-03 07:54:50 | DEBUG    | [20240404] 1 trades, day P&L=$+80, equity=$111,030
2026-04-03 07:54:50 | DEBUG    | [20240412] 1 trades, day P&L=$+30, equity=$111,060
2026-04-03 07:54:50 | DEBUG    | [20240415] 1 trades, day P&L=$+30, equity=$111,090
2026-04-03 07:54:50 | DEBUG    | [20240416] 2 trades, day P&L=$+110, equity=$111,200
2026-04-03 07:54:50 | DEBUG    | [20240418] 1 trades, day P&L=$+30, equity=$111,230
2026-04-03 07:54:50 | DEBUG    | [20240419] 1 trades, day P&L=$+30, equity=$111,260
2026-04-03 07:54:50 | DEBUG    | [20240422] 1 trades, day P&L=$+30, equity=$111,290
2026-04-03 07:54:50 | DEBUG    | [20240531] 1 trades, day P&L=$+80, equity=$111,370
2026-04-03 07:54:50 | DEBUG    | [20240607] 1 trades, day P&L=$+30, equity=$111,400
2026-04-03 07:54:50 | DEBUG    | [20240627] 1 trades, day P&L=$+30, equity=$111,430
2026-04-03 07:54:50 | DEBUG    | [20240628] 1 trades, day P&L=$+230, equity=$111,660
2026-04-03 07:54:50 | DEBUG    | [20240712] 1 trades, day P&L=$+80, equity=$111,740
2026-04-03 07:54:50 | DEBUG    | [20240715] 1 trades, day P&L=$+30, equity=$111,770
2026-04-03 07:54:50 | DEBUG    | [20240718] 1 trades, day P&L=$+180, equity=$111,950
2026-04-03 07:54:50 | DEBUG    | [20240719] 1 trades, day P&L=$+80, equity=$112,030
2026-04-03 07:54:50 | DEBUG    | [20240726] 2 trades, day P&L=$+660, equity=$112,690
2026-04-03 07:54:50 | DEBUG    | [20240729] 1 trades, day P&L=$+30, equity=$112,720
2026-04-03 07:54:50 | DEBUG    | [20240730] 1 trades, day P&L=$+80, equity=$112,800
2026-04-03 07:54:50 | DEBUG    | [20240801] 1 trades, day P&L=$+330, equity=$113,130
2026-04-03 07:54:50 | DEBUG    | [20240802] 1 trades, day P&L=$+380, equity=$113,510
2026-04-03 07:54:50 | DEBUG    | [20240805] 1 trades, day P&L=$-700, equity=$112,810
2026-04-03 07:54:50 | DEBUG    | [20240808] 1 trades, day P&L=$+30, equity=$112,840
2026-04-03 07:54:50 | DEBUG    | [20240812] 2 trades, day P&L=$+310, equity=$113,150
2026-04-03 07:54:50 | DEBUG    | [20240813] 1 trades, day P&L=$+30, equity=$113,180
2026-04-03 07:54:50 | DEBUG    | [20240820] 1 trades, day P&L=$+30, equity=$113,210
2026-04-03 07:54:50 | DEBUG    | [20240823] 1 trades, day P&L=$+30, equity=$113,240
2026-04-03 07:54:50 | DEBUG    | [20240829] 1 trades, day P&L=$+230, equity=$113,470
2026-04-03 07:54:50 | DEBUG    | [20240830] 1 trades, day P&L=$+80, equity=$113,550
2026-04-03 07:54:50 | DEBUG    | [20240903] 1 trades, day P&L=$+380, equity=$113,930
2026-04-03 07:54:50 | DEBUG    | [20240905] 1 trades, day P&L=$+30, equity=$113,960
2026-04-03 07:54:50 | DEBUG    | [20240906] 1 trades, day P&L=$+230, equity=$114,190
2026-04-03 07:54:50 | DEBUG    | [20240913] 1 trades, day P&L=$+30, equity=$114,220
2026-04-03 07:54:50 | DEBUG    | [20240919] 1 trades, day P&L=$+30, equity=$114,250
2026-04-03 07:54:50 | DEBUG    | [20240920] 1 trades, day P&L=$+30, equity=$114,280
2026-04-03 07:54:50 | DEBUG    | [20240930] 1 trades, day P&L=$+480, equity=$114,760
2026-04-03 07:54:50 | DEBUG    | [20241001] 1 trades, day P&L=$+180, equity=$114,940
2026-04-03 07:54:50 | DEBUG    | [20241010] 1 trades, day P&L=$+30, equity=$114,970
2026-04-03 07:54:50 | DEBUG    | [20241025] 1 trades, day P&L=$+30, equity=$115,000
2026-04-03 07:54:50 | DEBUG    | [20241031] 1 trades, day P&L=$+30, equity=$115,030
2026-04-03 07:54:50 | DEBUG    | [20241101] 2 trades, day P&L=$+110, equity=$115,140
2026-04-03 07:54:50 | DEBUG    | [20241104] 1 trades, day P&L=$+30, equity=$115,170
2026-04-03 07:54:50 | DEBUG    | [20241115] 1 trades, day P&L=$+30, equity=$115,200
2026-04-03 07:54:51 | DEBUG    | [20241220] 1 trades, day P&L=$+430, equity=$115,630
2026-04-03 07:54:51 | DEBUG    | [20241227] 1 trades, day P&L=$+80, equity=$115,710
2026-04-03 07:54:51 | DEBUG    | [20241230] 2 trades, day P&L=$+210, equity=$115,920
2026-04-03 07:54:51 | DEBUG    | [20241231] 1 trades, day P&L=$+430, equity=$116,350
2026-04-03 07:54:51 | DEBUG    | [20250102] 1 trades, day P&L=$+230, equity=$116,580
2026-04-03 07:54:51 | DEBUG    | [20250107] 1 trades, day P&L=$+180, equity=$116,760
2026-04-03 07:54:51 | DEBUG    | [20250110] 1 trades, day P&L=$+30, equity=$116,790
2026-04-03 07:54:51 | DEBUG    | [20250127] 1 trades, day P&L=$+30, equity=$116,820
2026-04-03 07:54:51 | DEBUG    | [20250131] 1 trades, day P&L=$+480, equity=$117,300
2026-04-03 07:54:51 | DEBUG    | [20250203] 1 trades, day P&L=$+180, equity=$117,480
2026-04-03 07:54:51 | DEBUG    | [20250207] 1 trades, day P&L=$+30, equity=$117,510
2026-04-03 07:54:51 | DEBUG    | [20250221] 1 trades, day P&L=$+30, equity=$117,540
2026-04-03 07:54:51 | DEBUG    | [20250224] 1 trades, day P&L=$+180, equity=$117,720
2026-04-03 07:54:51 | DEBUG    | [20250225] 1 trades, day P&L=$+180, equity=$117,900
2026-04-03 07:54:51 | DEBUG    | [20250227] 1 trades, day P&L=$+180, equity=$118,080
2026-04-03 07:54:51 | DEBUG    | [20250228] 1 trades, day P&L=$+430, equity=$118,510
2026-04-03 07:54:51 | DEBUG    | [20250303] 1 trades, day P&L=$+530, equity=$119,040
2026-04-03 07:54:51 | DEBUG    | [20250304] 1 trades, day P&L=$+1030, equity=$120,070
2026-04-03 07:54:51 | DEBUG    | [20250306] 1 trades, day P&L=$+1030, equity=$121,100
2026-04-03 07:54:51 | DEBUG    | [20250307] 1 trades, day P&L=$+480, equity=$121,580
2026-04-03 07:54:51 | DEBUG    | [20250310] 1 trades, day P&L=$+730, equity=$122,310
2026-04-03 07:54:51 | DEBUG    | [20250313] 1 trades, day P&L=$+80, equity=$122,390
2026-04-03 07:54:51 | DEBUG    | [20250314] 1 trades, day P&L=$+180, equity=$122,570
2026-04-03 07:54:51 | DEBUG    | [20250318] 1 trades, day P&L=$+30, equity=$122,600
2026-04-03 07:54:51 | DEBUG    | [20250321] 1 trades, day P&L=$+30, equity=$122,630
2026-04-03 07:54:51 | DEBUG    | [20250327] 2 trades, day P&L=$+60, equity=$122,690
2026-04-03 07:54:51 | DEBUG    | [20250328] 1 trades, day P&L=$+30, equity=$122,720
2026-04-03 07:54:51 | DEBUG    | [20250331] 1 trades, day P&L=$+1530, equity=$124,250
2026-04-03 07:54:51 | DEBUG    | [20250401] 1 trades, day P&L=$+30, equity=$124,280
2026-04-03 07:54:51 | DEBUG    | [20250403] 1 trades, day P&L=$+580, equity=$124,860
2026-04-03 07:54:51 | DEBUG    | [20250408] 1 trades, day P&L=$+1830, equity=$126,690
2026-04-03 07:54:51 | DEBUG    | [20250414] 1 trades, day P&L=$+280, equity=$126,970
2026-04-03 07:54:51 | DEBUG    | [20250415] 2 trades, day P&L=$+110, equity=$127,080
2026-04-03 07:54:51 | DEBUG    | [20250421] 1 trades, day P&L=$+530, equity=$127,610
2026-04-03 07:54:51 | DEBUG    | [20250424] 1 trades, day P&L=$+230, equity=$127,840
2026-04-03 07:54:51 | DEBUG    | [20250428] 2 trades, day P&L=$+210, equity=$128,050
2026-04-03 07:54:51 | DEBUG    | [20250501] 2 trades, day P&L=$-740, equity=$127,310
2026-04-03 07:54:51 | DEBUG    | [20250502] 1 trades, day P&L=$+30, equity=$127,340
2026-04-03 07:54:51 | DEBUG    | [20250505] 1 trades, day P&L=$+80, equity=$127,420
2026-04-03 07:54:51 | DEBUG    | [20250506] 1 trades, day P&L=$+130, equity=$127,550
2026-04-03 07:54:51 | DEBUG    | [20250508] 2 trades, day P&L=$+610, equity=$128,160
2026-04-03 07:54:51 | DEBUG    | [20250509] 1 trades, day P&L=$+30, equity=$128,190
2026-04-03 07:54:51 | DEBUG    | [20250522] 1 trades, day P&L=$+30, equity=$128,220
2026-04-03 07:54:51 | DEBUG    | [20250523] 1 trades, day P&L=$+230, equity=$128,450
2026-04-03 07:54:51 | DEBUG    | [20250529] 1 trades, day P&L=$+130, equity=$128,580
2026-04-03 07:54:51 | DEBUG    | [20250530] 2 trades, day P&L=$+1110, equity=$129,690
2026-04-03 07:54:51 | DEBUG    | [20250605] 1 trades, day P&L=$+80, equity=$129,770
2026-04-03 07:54:51 | DEBUG    | [20250613] 1 trades, day P&L=$+80, equity=$129,850
2026-04-03 07:54:51 | DEBUG    | [20250623] 1 trades, day P&L=$+30, equity=$129,880
2026-04-03 07:54:51 | DEBUG    | [20250630] 1 trades, day P&L=$+30, equity=$129,910
2026-04-03 07:54:51 | DEBUG    | [20250731] 1 trades, day P&L=$+180, equity=$130,090
2026-04-03 07:54:51 | DEBUG    | [20250801] 1 trades, day P&L=$+30, equity=$130,120
2026-04-03 07:54:51 | DEBUG    | [20250811] 1 trades, day P&L=$+30, equity=$130,150
2026-04-03 07:54:51 | DEBUG    | [20250930] 1 trades, day P&L=$+30, equity=$130,180
2026-04-03 07:54:51 | DEBUG    | [20251010] 1 trades, day P&L=$+980, equity=$131,160
2026-04-03 07:54:51 | DEBUG    | [20251014] 1 trades, day P&L=$+230, equity=$131,390
2026-04-03 07:54:51 | DEBUG    | [20251016] 1 trades, day P&L=$+230, equity=$131,620
2026-04-03 07:54:51 | DEBUG    | [20251031] 1 trades, day P&L=$+80, equity=$131,700
2026-04-03 07:54:51 | DEBUG    | [20251106] 1 trades, day P&L=$+80, equity=$131,780
2026-04-03 07:54:51 | DEBUG    | [20251107] 1 trades, day P&L=$+30, equity=$131,810
2026-04-03 07:54:51 | DEBUG    | [20251113] 1 trades, day P&L=$+130, equity=$131,940
2026-04-03 07:54:51 | DEBUG    | [20251117] 1 trades, day P&L=$+130, equity=$132,070
2026-04-03 07:54:51 | DEBUG    | [20251118] 2 trades, day P&L=$+160, equity=$132,230
2026-04-03 07:54:51 | DEBUG    | [20251120] 1 trades, day P&L=$+430, equity=$132,660
2026-04-03 07:54:51 | DEBUG    | [20251121] 1 trades, day P&L=$+230, equity=$132,890
2026-04-03 07:54:52 | DEBUG    | [20251218] 2 trades, day P&L=$+310, equity=$133,200
2026-04-03 07:54:52 | DEBUG    | [20260120] 1 trades, day P&L=$+30, equity=$133,230
2026-04-03 07:54:52 | DEBUG    | [20260130] 2 trades, day P&L=$+210, equity=$133,440
2026-04-03 07:54:52 | DEBUG    | [20260205] 1 trades, day P&L=$+230, equity=$133,670
2026-04-03 07:54:52 | DEBUG    | [20260206] 1 trades, day P&L=$+130, equity=$133,800
2026-04-03 07:54:52 | DEBUG    | [20260212] 1 trades, day P&L=$+180, equity=$133,980
2026-04-03 07:54:52 | DEBUG    | [20260213] 2 trades, day P&L=$+160, equity=$134,140
2026-04-03 07:54:52 | DEBUG    | [20260227] 2 trades, day P&L=$+160, equity=$134,300
2026-04-03 07:54:52 | DEBUG    | [20260302] 1 trades, day P&L=$+80, equity=$134,380
2026-04-03 07:54:52 | DEBUG    | [20260303] 1 trades, day P&L=$+80, equity=$134,460
2026-04-03 07:54:52 | DEBUG    | [20260305] 1 trades, day P&L=$+130, equity=$134,590
2026-04-03 07:54:52 | DEBUG    | [20260306] 1 trades, day P&L=$+30, equity=$134,620
2026-04-03 07:54:52 | DEBUG    | [20260309] 1 trades, day P&L=$+130, equity=$134,750
2026-04-03 07:54:52 | DEBUG    | [20260310] 1 trades, day P&L=$+80, equity=$134,830
2026-04-03 07:54:52 | DEBUG    | [20260320] 1 trades, day P&L=$+130, equity=$134,960
2026-04-03 07:54:52 | DEBUG    | [20260323] 1 trades, day P&L=$+30, equity=$134,990
2026-04-03 07:54:52 | DEBUG    | [20260324] 1 trades, day P&L=$+30, equity=$135,020
2026-04-03 07:54:52 | INFO     | ============================================================
2026-04-03 07:54:52 | INFO     | SKIP REASONS:
2026-04-03 07:54:52 | INFO     |   dow_filter          : 204
2026-04-03 07:54:52 | INFO     |   early_close         : 6
2026-04-03 07:54:52 | INFO     |   no_quotes           : 28
2026-04-03 07:54:52 | INFO     |   prior_return        : 69
2026-04-03 07:54:52 | INFO     |   TOTAL TRADES        : 222
2026-04-03 07:54:52 | INFO     | ============================================================
2026-04-03 07:54:52 | INFO     | [ITER 64] filter_skip_wed+prior2pct → SWEEP | P&L=$35,020, Sharpe=5.74, DD=$-4,250
2026-04-03 07:54:52 | DEBUG    | [20220110] 2 trades, day P&L=$+60, equity=$100,060
2026-04-03 07:54:52 | DEBUG    | [20220114] 1 trades, day P&L=$+130, equity=$100,190
2026-04-03 07:54:52 | DEBUG    | [20220118] 2 trades, day P&L=$+210, equity=$100,400
2026-04-03 07:54:52 | DEBUG    | [20220121] 2 trades, day P&L=$+510, equity=$100,910
2026-04-03 07:54:52 | DEBUG    | [20220124] 2 trades, day P&L=$+3410, equity=$104,320
2026-04-03 07:54:52 | DEBUG    | [20220131] 2 trades, day P&L=$+160, equity=$104,480
2026-04-03 07:54:52 | DEBUG    | [20220204] 1 trades, day P&L=$+280, equity=$104,760
2026-04-03 07:54:52 | DEBUG    | [20220207] 2 trades, day P&L=$+360, equity=$105,120
2026-04-03 07:54:52 | DEBUG    | [20220211] 2 trades, day P&L=$+2510, equity=$107,630
2026-04-03 07:54:52 | DEBUG    | [20220214] 2 trades, day P&L=$+660, equity=$108,290
2026-04-03 07:54:52 | DEBUG    | [20220218] 2 trades, day P&L=$+510, equity=$108,800
2026-04-03 07:54:52 | DEBUG    | [20220222] 2 trades, day P&L=$+760, equity=$109,560
2026-04-03 07:54:52 | DEBUG    | [20220228] 2 trades, day P&L=$+560, equity=$110,120
2026-04-03 07:54:52 | DEBUG    | [20220331] 1 trades, day P&L=$+480, equity=$110,600
2026-04-03 07:54:52 | DEBUG    | [20220401] 1 trades, day P&L=$+80, equity=$110,680
2026-04-03 07:54:52 | DEBUG    | [20220408] 2 trades, day P&L=$+60, equity=$110,740
2026-04-03 07:54:52 | DEBUG    | [20220418] 1 trades, day P&L=$+30, equity=$110,770
2026-04-03 07:54:52 | DEBUG    | [20220422] 1 trades, day P&L=$+580, equity=$111,350
2026-04-03 07:54:52 | DEBUG    | [20220425] 1 trades, day P&L=$+30, equity=$111,380
2026-04-03 07:54:52 | DEBUG    | [20220429] 1 trades, day P&L=$+580, equity=$111,960
2026-04-03 07:54:52 | DEBUG    | [20220520] 1 trades, day P&L=$+180, equity=$112,140
2026-04-03 07:54:52 | DEBUG    | [20220524] 2 trades, day P&L=$+60, equity=$112,200
2026-04-03 07:54:52 | DEBUG    | [20220526] 1 trades, day P&L=$+80, equity=$112,280
2026-04-03 07:54:52 | DEBUG    | [20220531] 2 trades, day P&L=$+310, equity=$112,590
2026-04-03 07:54:52 | DEBUG    | [20220603] 1 trades, day P&L=$+30, equity=$112,620
2026-04-03 07:54:52 | DEBUG    | [20220610] 1 trades, day P&L=$+280, equity=$112,900
2026-04-03 07:54:52 | DEBUG    | [20220613] 1 trades, day P&L=$+30, equity=$112,930
2026-04-03 07:54:52 | DEBUG    | [20220616] 1 trades, day P&L=$+30, equity=$112,960
2026-04-03 07:54:52 | DEBUG    | [20220623] 1 trades, day P&L=$+30, equity=$112,990
2026-04-03 07:54:52 | DEBUG    | [20220624] 1 trades, day P&L=$+30, equity=$113,020
2026-04-03 07:54:52 | DEBUG    | [20220627] 1 trades, day P&L=$+30, equity=$113,050
2026-04-03 07:54:52 | DEBUG    | [20220630] 2 trades, day P&L=$-620, equity=$112,430
2026-04-03 07:54:52 | DEBUG    | [20220705] 1 trades, day P&L=$+30, equity=$112,460
2026-04-03 07:54:52 | DEBUG    | [20220902] 1 trades, day P&L=$+130, equity=$112,590
2026-04-03 07:54:52 | DEBUG    | [20220913] 1 trades, day P&L=$+80, equity=$112,670
2026-04-03 07:54:52 | DEBUG    | [20220915] 1 trades, day P&L=$+130, equity=$112,800
2026-04-03 07:54:52 | DEBUG    | [20220916] 2 trades, day P&L=$+210, equity=$113,010
2026-04-03 07:54:52 | DEBUG    | [20220923] 1 trades, day P&L=$+130, equity=$113,140
2026-04-03 07:54:52 | DEBUG    | [20220926] 2 trades, day P&L=$-4220, equity=$108,920
2026-04-03 07:54:52 | DEBUG    | [20221006] 1 trades, day P&L=$+130, equity=$109,050
2026-04-03 07:54:52 | DEBUG    | [20221115] 1 trades, day P&L=$+80, equity=$109,130
2026-04-03 07:54:52 | DEBUG    | [20221118] 1 trades, day P&L=$+30, equity=$109,160
2026-04-03 07:54:52 | DEBUG    | [20221209] 1 trades, day P&L=$+30, equity=$109,190
2026-04-03 07:54:52 | DEBUG    | [20221213] 1 trades, day P&L=$+30, equity=$109,220
2026-04-03 07:54:52 | DEBUG    | [20221215] 1 trades, day P&L=$+30, equity=$109,250
2026-04-03 07:54:52 | DEBUG    | [20221216] 1 trades, day P&L=$+30, equity=$109,280
2026-04-03 07:54:52 | DEBUG    | [20221230] 1 trades, day P&L=$+180, equity=$109,460
2026-04-03 07:54:53 | DEBUG    | [20230202] 1 trades, day P&L=$+30, equity=$109,490
2026-04-03 07:54:53 | DEBUG    | [20230203] 2 trades, day P&L=$+60, equity=$109,550
2026-04-03 07:54:53 | DEBUG    | [20230309] 1 trades, day P&L=$+130, equity=$109,680
2026-04-03 07:54:53 | DEBUG    | [20230316] 1 trades, day P&L=$+130, equity=$109,810
2026-04-03 07:54:53 | DEBUG    | [20230317] 1 trades, day P&L=$+130, equity=$109,940
2026-04-03 07:54:53 | DEBUG    | [20230323] 1 trades, day P&L=$+30, equity=$109,970
2026-04-03 07:54:53 | DEBUG    | [20230707] 1 trades, day P&L=$+80, equity=$110,050
2026-04-03 07:54:53 | DEBUG    | [20230825] 1 trades, day P&L=$+30, equity=$110,080
2026-04-03 07:54:53 | DEBUG    | [20230922] 1 trades, day P&L=$+30, equity=$110,110
2026-04-03 07:54:53 | DEBUG    | [20230929] 1 trades, day P&L=$+80, equity=$110,190
2026-04-03 07:54:53 | DEBUG    | [20231019] 1 trades, day P&L=$+30, equity=$110,220
2026-04-03 07:54:54 | DEBUG    | [20240216] 1 trades, day P&L=$+30, equity=$110,250
2026-04-03 07:54:54 | DEBUG    | [20240404] 1 trades, day P&L=$+80, equity=$110,330
2026-04-03 07:54:54 | DEBUG    | [20240412] 1 trades, day P&L=$+30, equity=$110,360
2026-04-03 07:54:54 | DEBUG    | [20240415] 1 trades, day P&L=$+30, equity=$110,390
2026-04-03 07:54:54 | DEBUG    | [20240416] 2 trades, day P&L=$+110, equity=$110,500
2026-04-03 07:54:54 | DEBUG    | [20240418] 1 trades, day P&L=$+30, equity=$110,530
2026-04-03 07:54:54 | DEBUG    | [20240419] 1 trades, day P&L=$+30, equity=$110,560
2026-04-03 07:54:54 | DEBUG    | [20240422] 1 trades, day P&L=$+30, equity=$110,590
2026-04-03 07:54:54 | DEBUG    | [20240531] 1 trades, day P&L=$+80, equity=$110,670
2026-04-03 07:54:54 | DEBUG    | [20240607] 1 trades, day P&L=$+30, equity=$110,700
2026-04-03 07:54:54 | DEBUG    | [20240627] 1 trades, day P&L=$+30, equity=$110,730
2026-04-03 07:54:54 | DEBUG    | [20240628] 1 trades, day P&L=$+230, equity=$110,960
2026-04-03 07:54:54 | DEBUG    | [20240712] 1 trades, day P&L=$+80, equity=$111,040
2026-04-03 07:54:54 | DEBUG    | [20240715] 1 trades, day P&L=$+30, equity=$111,070
2026-04-03 07:54:54 | DEBUG    | [20240718] 1 trades, day P&L=$+180, equity=$111,250
2026-04-03 07:54:54 | DEBUG    | [20240719] 1 trades, day P&L=$+80, equity=$111,330
2026-04-03 07:54:54 | DEBUG    | [20240725] 1 trades, day P&L=$+180, equity=$111,510
2026-04-03 07:54:54 | DEBUG    | [20240726] 2 trades, day P&L=$+660, equity=$112,170
2026-04-03 07:54:54 | DEBUG    | [20240729] 1 trades, day P&L=$+30, equity=$112,200
2026-04-03 07:54:54 | DEBUG    | [20240730] 1 trades, day P&L=$+80, equity=$112,280
2026-04-03 07:54:54 | DEBUG    | [20240801] 1 trades, day P&L=$+330, equity=$112,610
2026-04-03 07:54:54 | DEBUG    | [20240802] 1 trades, day P&L=$+380, equity=$112,990
2026-04-03 07:54:54 | DEBUG    | [20240805] 1 trades, day P&L=$-700, equity=$112,290
2026-04-03 07:54:54 | DEBUG    | [20240808] 1 trades, day P&L=$+30, equity=$112,320
2026-04-03 07:54:54 | DEBUG    | [20240809] 1 trades, day P&L=$+130, equity=$112,450
2026-04-03 07:54:54 | DEBUG    | [20240812] 2 trades, day P&L=$+310, equity=$112,760
2026-04-03 07:54:54 | DEBUG    | [20240813] 1 trades, day P&L=$+30, equity=$112,790
2026-04-03 07:54:54 | DEBUG    | [20240820] 1 trades, day P&L=$+30, equity=$112,820
2026-04-03 07:54:54 | DEBUG    | [20240823] 1 trades, day P&L=$+30, equity=$112,850
2026-04-03 07:54:54 | DEBUG    | [20240829] 1 trades, day P&L=$+230, equity=$113,080
2026-04-03 07:54:54 | DEBUG    | [20240830] 1 trades, day P&L=$+80, equity=$113,160
2026-04-03 07:54:54 | DEBUG    | [20240903] 1 trades, day P&L=$+380, equity=$113,540
2026-04-03 07:54:54 | DEBUG    | [20240905] 1 trades, day P&L=$+30, equity=$113,570
2026-04-03 07:54:54 | DEBUG    | [20240906] 1 trades, day P&L=$+230, equity=$113,800
2026-04-03 07:54:54 | DEBUG    | [20240913] 1 trades, day P&L=$+30, equity=$113,830
2026-04-03 07:54:54 | DEBUG    | [20240919] 1 trades, day P&L=$+30, equity=$113,860
2026-04-03 07:54:54 | DEBUG    | [20240920] 1 trades, day P&L=$+30, equity=$113,890
2026-04-03 07:54:54 | DEBUG    | [20240930] 1 trades, day P&L=$+480, equity=$114,370
2026-04-03 07:54:54 | DEBUG    | [20241001] 1 trades, day P&L=$+180, equity=$114,550
2026-04-03 07:54:54 | DEBUG    | [20241010] 1 trades, day P&L=$+30, equity=$114,580
2026-04-03 07:54:54 | DEBUG    | [20241025] 1 trades, day P&L=$+30, equity=$114,610
2026-04-03 07:54:54 | DEBUG    | [20241031] 1 trades, day P&L=$+30, equity=$114,640
2026-04-03 07:54:54 | DEBUG    | [20241101] 2 trades, day P&L=$+110, equity=$114,750
2026-04-03 07:54:54 | DEBUG    | [20241104] 1 trades, day P&L=$+30, equity=$114,780
2026-04-03 07:54:54 | DEBUG    | [20241115] 1 trades, day P&L=$+30, equity=$114,810
2026-04-03 07:54:54 | DEBUG    | [20241219] 1 trades, day P&L=$+530, equity=$115,340
2026-04-03 07:54:54 | DEBUG    | [20241220] 1 trades, day P&L=$+430, equity=$115,770
2026-04-03 07:54:54 | DEBUG    | [20241227] 1 trades, day P&L=$+80, equity=$115,850
2026-04-03 07:54:54 | DEBUG    | [20241230] 2 trades, day P&L=$+210, equity=$116,060
2026-04-03 07:54:54 | DEBUG    | [20241231] 1 trades, day P&L=$+430, equity=$116,490
2026-04-03 07:54:54 | DEBUG    | [20250102] 1 trades, day P&L=$+230, equity=$116,720
2026-04-03 07:54:54 | DEBUG    | [20250107] 1 trades, day P&L=$+180, equity=$116,900
2026-04-03 07:54:54 | DEBUG    | [20250110] 1 trades, day P&L=$+30, equity=$116,930
2026-04-03 07:54:54 | DEBUG    | [20250127] 1 trades, day P&L=$+30, equity=$116,960
2026-04-03 07:54:54 | DEBUG    | [20250131] 1 trades, day P&L=$+480, equity=$117,440
2026-04-03 07:54:54 | DEBUG    | [20250203] 1 trades, day P&L=$+180, equity=$117,620
2026-04-03 07:54:54 | DEBUG    | [20250207] 1 trades, day P&L=$+30, equity=$117,650
2026-04-03 07:54:55 | DEBUG    | [20250221] 1 trades, day P&L=$+30, equity=$117,680
2026-04-03 07:54:55 | DEBUG    | [20250224] 1 trades, day P&L=$+180, equity=$117,860
2026-04-03 07:54:55 | DEBUG    | [20250225] 1 trades, day P&L=$+180, equity=$118,040
2026-04-03 07:54:55 | DEBUG    | [20250227] 1 trades, day P&L=$+180, equity=$118,220
2026-04-03 07:54:55 | DEBUG    | [20250228] 1 trades, day P&L=$+430, equity=$118,650
2026-04-03 07:54:55 | DEBUG    | [20250303] 1 trades, day P&L=$+530, equity=$119,180
2026-04-03 07:54:55 | DEBUG    | [20250304] 1 trades, day P&L=$+1030, equity=$120,210
2026-04-03 07:54:55 | DEBUG    | [20250306] 1 trades, day P&L=$+1030, equity=$121,240
2026-04-03 07:54:55 | DEBUG    | [20250307] 1 trades, day P&L=$+480, equity=$121,720
2026-04-03 07:54:55 | DEBUG    | [20250310] 1 trades, day P&L=$+730, equity=$122,450
2026-04-03 07:54:55 | DEBUG    | [20250311] 2 trades, day P&L=$-1670, equity=$120,780
2026-04-03 07:54:55 | DEBUG    | [20250313] 1 trades, day P&L=$+80, equity=$120,860
2026-04-03 07:54:55 | DEBUG    | [20250314] 1 trades, day P&L=$+180, equity=$121,040
2026-04-03 07:54:55 | DEBUG    | [20250317] 1 trades, day P&L=$+30, equity=$121,070
2026-04-03 07:54:55 | DEBUG    | [20250318] 1 trades, day P&L=$+30, equity=$121,100
2026-04-03 07:54:55 | DEBUG    | [20250321] 1 trades, day P&L=$+30, equity=$121,130
2026-04-03 07:54:55 | DEBUG    | [20250327] 2 trades, day P&L=$+60, equity=$121,190
2026-04-03 07:54:55 | DEBUG    | [20250328] 1 trades, day P&L=$+30, equity=$121,220
2026-04-03 07:54:55 | DEBUG    | [20250331] 1 trades, day P&L=$+1530, equity=$122,750
2026-04-03 07:54:55 | DEBUG    | [20250401] 1 trades, day P&L=$+30, equity=$122,780
2026-04-03 07:54:55 | DEBUG    | [20250403] 1 trades, day P&L=$+580, equity=$123,360
2026-04-03 07:54:55 | DEBUG    | [20250421] 1 trades, day P&L=$+530, equity=$123,890
2026-04-03 07:54:55 | DEBUG    | [20250424] 1 trades, day P&L=$+230, equity=$124,120
2026-04-03 07:54:55 | DEBUG    | [20250428] 2 trades, day P&L=$+210, equity=$124,330
2026-04-03 07:54:55 | DEBUG    | [20250501] 2 trades, day P&L=$-740, equity=$123,590
2026-04-03 07:54:55 | DEBUG    | [20250502] 1 trades, day P&L=$+30, equity=$123,620
2026-04-03 07:54:55 | DEBUG    | [20250505] 1 trades, day P&L=$+80, equity=$123,700
2026-04-03 07:54:55 | DEBUG    | [20250506] 1 trades, day P&L=$+130, equity=$123,830
2026-04-03 07:54:55 | DEBUG    | [20250508] 2 trades, day P&L=$+610, equity=$124,440
2026-04-03 07:54:55 | DEBUG    | [20250509] 1 trades, day P&L=$+30, equity=$124,470
2026-04-03 07:54:55 | DEBUG    | [20250513] 1 trades, day P&L=$+30, equity=$124,500
2026-04-03 07:54:55 | DEBUG    | [20250522] 1 trades, day P&L=$+30, equity=$124,530
2026-04-03 07:54:55 | DEBUG    | [20250523] 1 trades, day P&L=$+230, equity=$124,760
2026-04-03 07:54:55 | DEBUG    | [20250529] 1 trades, day P&L=$+130, equity=$124,890
2026-04-03 07:54:55 | DEBUG    | [20250530] 2 trades, day P&L=$+1110, equity=$126,000
2026-04-03 07:54:55 | DEBUG    | [20250605] 1 trades, day P&L=$+80, equity=$126,080
2026-04-03 07:54:55 | DEBUG    | [20250613] 1 trades, day P&L=$+80, equity=$126,160
2026-04-03 07:54:55 | DEBUG    | [20250623] 1 trades, day P&L=$+30, equity=$126,190
2026-04-03 07:54:55 | DEBUG    | [20250630] 1 trades, day P&L=$+30, equity=$126,220
2026-04-03 07:54:55 | DEBUG    | [20250731] 1 trades, day P&L=$+180, equity=$126,400
2026-04-03 07:54:55 | DEBUG    | [20250801] 1 trades, day P&L=$+30, equity=$126,430
2026-04-03 07:54:55 | DEBUG    | [20250811] 1 trades, day P&L=$+30, equity=$126,460
2026-04-03 07:54:55 | DEBUG    | [20250930] 1 trades, day P&L=$+30, equity=$126,490
2026-04-03 07:54:55 | DEBUG    | [20251010] 1 trades, day P&L=$+980, equity=$127,470
2026-04-03 07:54:55 | DEBUG    | [20251014] 1 trades, day P&L=$+230, equity=$127,700
2026-04-03 07:54:55 | DEBUG    | [20251016] 1 trades, day P&L=$+230, equity=$127,930
2026-04-03 07:54:55 | DEBUG    | [20251031] 1 trades, day P&L=$+80, equity=$128,010
2026-04-03 07:54:55 | DEBUG    | [20251106] 1 trades, day P&L=$+80, equity=$128,090
2026-04-03 07:54:55 | DEBUG    | [20251107] 1 trades, day P&L=$+30, equity=$128,120
2026-04-03 07:54:55 | DEBUG    | [20251113] 1 trades, day P&L=$+130, equity=$128,250
2026-04-03 07:54:55 | DEBUG    | [20251117] 1 trades, day P&L=$+130, equity=$128,380
2026-04-03 07:54:55 | DEBUG    | [20251118] 2 trades, day P&L=$+160, equity=$128,540
2026-04-03 07:54:55 | DEBUG    | [20251120] 1 trades, day P&L=$+430, equity=$128,970
2026-04-03 07:54:55 | DEBUG    | [20251121] 1 trades, day P&L=$+230, equity=$129,200
2026-04-03 07:54:55 | DEBUG    | [20251218] 2 trades, day P&L=$+310, equity=$129,510
2026-04-03 07:54:55 | DEBUG    | [20260120] 1 trades, day P&L=$+30, equity=$129,540
2026-04-03 07:54:55 | DEBUG    | [20260130] 2 trades, day P&L=$+210, equity=$129,750
2026-04-03 07:54:55 | DEBUG    | [20260205] 1 trades, day P&L=$+230, equity=$129,980
2026-04-03 07:54:55 | DEBUG    | [20260206] 1 trades, day P&L=$+130, equity=$130,110
2026-04-03 07:54:55 | DEBUG    | [20260212] 1 trades, day P&L=$+180, equity=$130,290
2026-04-03 07:54:55 | DEBUG    | [20260213] 2 trades, day P&L=$+160, equity=$130,450
2026-04-03 07:54:55 | DEBUG    | [20260227] 2 trades, day P&L=$+160, equity=$130,610
2026-04-03 07:54:55 | DEBUG    | [20260302] 1 trades, day P&L=$+80, equity=$130,690
2026-04-03 07:54:55 | DEBUG    | [20260303] 1 trades, day P&L=$+80, equity=$130,770
2026-04-03 07:54:55 | DEBUG    | [20260305] 1 trades, day P&L=$+130, equity=$130,900
2026-04-03 07:54:55 | DEBUG    | [20260306] 1 trades, day P&L=$+30, equity=$130,930
2026-04-03 07:54:55 | DEBUG    | [20260309] 1 trades, day P&L=$+130, equity=$131,060
2026-04-03 07:54:55 | DEBUG    | [20260310] 1 trades, day P&L=$+80, equity=$131,140
2026-04-03 07:54:56 | DEBUG    | [20260320] 1 trades, day P&L=$+130, equity=$131,270
2026-04-03 07:54:56 | DEBUG    | [20260323] 1 trades, day P&L=$+30, equity=$131,300
2026-04-03 07:54:56 | DEBUG    | [20260324] 1 trades, day P&L=$+30, equity=$131,330
2026-04-03 07:54:56 | INFO     | ============================================================
2026-04-03 07:54:56 | INFO     | SKIP REASONS:
2026-04-03 07:54:56 | INFO     |   dow_filter          : 204
2026-04-03 07:54:56 | INFO     |   early_close         : 6
2026-04-03 07:54:56 | INFO     |   no_quotes           : 23
2026-04-03 07:54:56 | INFO     |   vix_filter          : 61
2026-04-03 07:54:56 | INFO     |   TOTAL TRADES        : 220
2026-04-03 07:54:56 | INFO     | ============================================================
2026-04-03 07:54:56 | INFO     | [ITER 65] filter_skip_wed+vix30 → SWEEP | P&L=$31,330, Sharpe=5.10, DD=$-4,250
2026-04-03 07:54:56 | DEBUG    | [20220110] 2 trades, day P&L=$+60, equity=$100,060
2026-04-03 07:54:56 | DEBUG    | [20220114] 1 trades, day P&L=$+130, equity=$100,190
2026-04-03 07:54:56 | DEBUG    | [20220204] 1 trades, day P&L=$+280, equity=$100,470
2026-04-03 07:54:56 | DEBUG    | [20220207] 2 trades, day P&L=$+360, equity=$100,830
2026-04-03 07:54:56 | DEBUG    | [20220214] 2 trades, day P&L=$+660, equity=$101,490
2026-04-03 07:54:56 | DEBUG    | [20220218] 2 trades, day P&L=$+510, equity=$102,000
2026-04-03 07:54:56 | DEBUG    | [20220222] 2 trades, day P&L=$+760, equity=$102,760
2026-04-03 07:54:56 | DEBUG    | [20220228] 2 trades, day P&L=$+560, equity=$103,320
2026-04-03 07:54:56 | DEBUG    | [20220304] 2 trades, day P&L=$+260, equity=$103,580
2026-04-03 07:54:56 | DEBUG    | [20220314] 1 trades, day P&L=$+130, equity=$103,710
2026-04-03 07:54:56 | DEBUG    | [20220401] 1 trades, day P&L=$+80, equity=$103,790
2026-04-03 07:54:56 | DEBUG    | [20220408] 2 trades, day P&L=$+60, equity=$103,850
2026-04-03 07:54:56 | DEBUG    | [20220418] 1 trades, day P&L=$+30, equity=$103,880
2026-04-03 07:54:56 | DEBUG    | [20220502] 1 trades, day P&L=$+30, equity=$103,910
2026-04-03 07:54:56 | DEBUG    | [20220506] 2 trades, day P&L=$+860, equity=$104,770
2026-04-03 07:54:56 | DEBUG    | [20220510] 1 trades, day P&L=$+130, equity=$104,900
2026-04-03 07:54:56 | DEBUG    | [20220519] 1 trades, day P&L=$+30, equity=$104,930
2026-04-03 07:54:56 | DEBUG    | [20220520] 1 trades, day P&L=$+180, equity=$105,110
2026-04-03 07:54:56 | DEBUG    | [20220524] 2 trades, day P&L=$+60, equity=$105,170
2026-04-03 07:54:56 | DEBUG    | [20220531] 2 trades, day P&L=$+310, equity=$105,480
2026-04-03 07:54:56 | DEBUG    | [20220603] 1 trades, day P&L=$+30, equity=$105,510
2026-04-03 07:54:56 | DEBUG    | [20220617] 1 trades, day P&L=$+80, equity=$105,590
2026-04-03 07:54:56 | DEBUG    | [20220623] 1 trades, day P&L=$+30, equity=$105,620
2026-04-03 07:54:56 | DEBUG    | [20220627] 1 trades, day P&L=$+30, equity=$105,650
2026-04-03 07:54:56 | DEBUG    | [20220630] 2 trades, day P&L=$-620, equity=$105,030
2026-04-03 07:54:56 | DEBUG    | [20220705] 1 trades, day P&L=$+30, equity=$105,060
2026-04-03 07:54:56 | DEBUG    | [20220915] 1 trades, day P&L=$+130, equity=$105,190
2026-04-03 07:54:56 | DEBUG    | [20220916] 2 trades, day P&L=$+210, equity=$105,400
2026-04-03 07:54:56 | DEBUG    | [20220923] 1 trades, day P&L=$+130, equity=$105,530
2026-04-03 07:54:56 | DEBUG    | [20220926] 2 trades, day P&L=$-4220, equity=$101,310
2026-04-03 07:54:56 | DEBUG    | [20220927] 1 trades, day P&L=$+180, equity=$101,490
2026-04-03 07:54:56 | DEBUG    | [20221006] 1 trades, day P&L=$+130, equity=$101,620
2026-04-03 07:54:56 | DEBUG    | [20221011] 1 trades, day P&L=$+30, equity=$101,650
2026-04-03 07:54:56 | DEBUG    | [20221020] 1 trades, day P&L=$+30, equity=$101,680
2026-04-03 07:54:56 | DEBUG    | [20221115] 1 trades, day P&L=$+80, equity=$101,760
2026-04-03 07:54:56 | DEBUG    | [20221118] 1 trades, day P&L=$+30, equity=$101,790
2026-04-03 07:54:56 | DEBUG    | [20221209] 1 trades, day P&L=$+30, equity=$101,820
2026-04-03 07:54:56 | DEBUG    | [20221213] 1 trades, day P&L=$+30, equity=$101,850
2026-04-03 07:54:56 | DEBUG    | [20221216] 1 trades, day P&L=$+30, equity=$101,880
2026-04-03 07:54:56 | DEBUG    | [20221230] 1 trades, day P&L=$+180, equity=$102,060
2026-04-03 07:54:56 | DEBUG    | [20230202] 1 trades, day P&L=$+30, equity=$102,090
2026-04-03 07:54:56 | DEBUG    | [20230203] 2 trades, day P&L=$+60, equity=$102,150
2026-04-03 07:54:57 | DEBUG    | [20230323] 1 trades, day P&L=$+30, equity=$102,180
2026-04-03 07:54:57 | DEBUG    | [20230707] 1 trades, day P&L=$+80, equity=$102,260
2026-04-03 07:54:57 | DEBUG    | [20230825] 1 trades, day P&L=$+30, equity=$102,290
2026-04-03 07:54:57 | DEBUG    | [20230922] 1 trades, day P&L=$+30, equity=$102,320
2026-04-03 07:54:57 | DEBUG    | [20230929] 1 trades, day P&L=$+80, equity=$102,400
2026-04-03 07:54:57 | DEBUG    | [20231019] 1 trades, day P&L=$+30, equity=$102,430
2026-04-03 07:54:57 | DEBUG    | [20240216] 1 trades, day P&L=$+30, equity=$102,460
2026-04-03 07:54:58 | DEBUG    | [20240416] 2 trades, day P&L=$+110, equity=$102,570
2026-04-03 07:54:58 | DEBUG    | [20240418] 1 trades, day P&L=$+30, equity=$102,600
2026-04-03 07:54:58 | DEBUG    | [20240419] 1 trades, day P&L=$+30, equity=$102,630
2026-04-03 07:54:58 | DEBUG    | [20240422] 1 trades, day P&L=$+30, equity=$102,660
2026-04-03 07:54:58 | DEBUG    | [20240531] 1 trades, day P&L=$+80, equity=$102,740
2026-04-03 07:54:58 | DEBUG    | [20240607] 1 trades, day P&L=$+30, equity=$102,770
2026-04-03 07:54:58 | DEBUG    | [20240627] 1 trades, day P&L=$+30, equity=$102,800
2026-04-03 07:54:58 | DEBUG    | [20240628] 1 trades, day P&L=$+230, equity=$103,030
2026-04-03 07:54:58 | DEBUG    | [20240712] 1 trades, day P&L=$+80, equity=$103,110
2026-04-03 07:54:58 | DEBUG    | [20240715] 1 trades, day P&L=$+30, equity=$103,140
2026-04-03 07:54:58 | DEBUG    | [20240719] 1 trades, day P&L=$+80, equity=$103,220
2026-04-03 07:54:58 | DEBUG    | [20240725] 1 trades, day P&L=$+180, equity=$103,400
2026-04-03 07:54:58 | DEBUG    | [20240726] 2 trades, day P&L=$+660, equity=$104,060
2026-04-03 07:54:58 | DEBUG    | [20240729] 1 trades, day P&L=$+30, equity=$104,090
2026-04-03 07:54:58 | DEBUG    | [20240730] 1 trades, day P&L=$+80, equity=$104,170
2026-04-03 07:54:58 | DEBUG    | [20240802] 1 trades, day P&L=$+380, equity=$104,550
2026-04-03 07:54:58 | DEBUG    | [20240805] 1 trades, day P&L=$-700, equity=$103,850
2026-04-03 07:54:58 | DEBUG    | [20240806] 1 trades, day P&L=$+330, equity=$104,180
2026-04-03 07:54:58 | DEBUG    | [20240809] 1 trades, day P&L=$+130, equity=$104,310
2026-04-03 07:54:58 | DEBUG    | [20240812] 2 trades, day P&L=$+310, equity=$104,620
2026-04-03 07:54:58 | DEBUG    | [20240813] 1 trades, day P&L=$+30, equity=$104,650
2026-04-03 07:54:58 | DEBUG    | [20240820] 1 trades, day P&L=$+30, equity=$104,680
2026-04-03 07:54:58 | DEBUG    | [20240823] 1 trades, day P&L=$+30, equity=$104,710
2026-04-03 07:54:58 | DEBUG    | [20240829] 1 trades, day P&L=$+230, equity=$104,940
2026-04-03 07:54:58 | DEBUG    | [20240830] 1 trades, day P&L=$+80, equity=$105,020
2026-04-03 07:54:58 | DEBUG    | [20240905] 1 trades, day P&L=$+30, equity=$105,050
2026-04-03 07:54:58 | DEBUG    | [20240913] 1 trades, day P&L=$+30, equity=$105,080
2026-04-03 07:54:58 | DEBUG    | [20240919] 1 trades, day P&L=$+30, equity=$105,110
2026-04-03 07:54:58 | DEBUG    | [20240920] 1 trades, day P&L=$+30, equity=$105,140
2026-04-03 07:54:58 | DEBUG    | [20240930] 1 trades, day P&L=$+480, equity=$105,620
2026-04-03 07:54:58 | DEBUG    | [20241001] 1 trades, day P&L=$+180, equity=$105,800
2026-04-03 07:54:58 | DEBUG    | [20241010] 1 trades, day P&L=$+30, equity=$105,830
2026-04-03 07:54:58 | DEBUG    | [20241025] 1 trades, day P&L=$+30, equity=$105,860
2026-04-03 07:54:58 | DEBUG    | [20241101] 2 trades, day P&L=$+110, equity=$105,970
2026-04-03 07:54:58 | DEBUG    | [20241104] 1 trades, day P&L=$+30, equity=$106,000
2026-04-03 07:54:58 | DEBUG    | [20241115] 1 trades, day P&L=$+30, equity=$106,030
2026-04-03 07:54:58 | DEBUG    | [20241219] 1 trades, day P&L=$+530, equity=$106,560
2026-04-03 07:54:58 | DEBUG    | [20241227] 1 trades, day P&L=$+80, equity=$106,640
2026-04-03 07:54:58 | DEBUG    | [20241230] 2 trades, day P&L=$+210, equity=$106,850
2026-04-03 07:54:58 | DEBUG    | [20241231] 1 trades, day P&L=$+430, equity=$107,280
2026-04-03 07:54:58 | DEBUG    | [20250102] 1 trades, day P&L=$+230, equity=$107,510
2026-04-03 07:54:58 | DEBUG    | [20250127] 1 trades, day P&L=$+30, equity=$107,540
2026-04-03 07:54:58 | DEBUG    | [20250131] 1 trades, day P&L=$+480, equity=$108,020
2026-04-03 07:54:58 | DEBUG    | [20250203] 1 trades, day P&L=$+180, equity=$108,200
2026-04-03 07:54:58 | DEBUG    | [20250207] 1 trades, day P&L=$+30, equity=$108,230
2026-04-03 07:54:59 | DEBUG    | [20250224] 1 trades, day P&L=$+180, equity=$108,410
2026-04-03 07:54:59 | DEBUG    | [20250225] 1 trades, day P&L=$+180, equity=$108,590
2026-04-03 07:54:59 | DEBUG    | [20250304] 1 trades, day P&L=$+1030, equity=$109,620
2026-04-03 07:54:59 | DEBUG    | [20250306] 1 trades, day P&L=$+1030, equity=$110,650
2026-04-03 07:54:59 | DEBUG    | [20250307] 1 trades, day P&L=$+480, equity=$111,130
2026-04-03 07:54:59 | DEBUG    | [20250311] 2 trades, day P&L=$-1670, equity=$109,460
2026-04-03 07:54:59 | DEBUG    | [20250317] 1 trades, day P&L=$+30, equity=$109,490
2026-04-03 07:54:59 | DEBUG    | [20250318] 1 trades, day P&L=$+30, equity=$109,520
2026-04-03 07:54:59 | DEBUG    | [20250321] 1 trades, day P&L=$+30, equity=$109,550
2026-04-03 07:54:59 | DEBUG    | [20250327] 2 trades, day P&L=$+60, equity=$109,610
2026-04-03 07:54:59 | DEBUG    | [20250401] 1 trades, day P&L=$+30, equity=$109,640
2026-04-03 07:54:59 | DEBUG    | [20250414] 1 trades, day P&L=$+280, equity=$109,920
2026-04-03 07:54:59 | DEBUG    | [20250415] 2 trades, day P&L=$+110, equity=$110,030
2026-04-03 07:54:59 | DEBUG    | [20250417] 1 trades, day P&L=$+530, equity=$110,560
2026-04-03 07:54:59 | DEBUG    | [20250428] 2 trades, day P&L=$+210, equity=$110,770
2026-04-03 07:54:59 | DEBUG    | [20250501] 2 trades, day P&L=$-740, equity=$110,030
2026-04-03 07:54:59 | DEBUG    | [20250502] 1 trades, day P&L=$+30, equity=$110,060
2026-04-03 07:54:59 | DEBUG    | [20250505] 1 trades, day P&L=$+80, equity=$110,140
2026-04-03 07:54:59 | DEBUG    | [20250506] 1 trades, day P&L=$+130, equity=$110,270
2026-04-03 07:54:59 | DEBUG    | [20250508] 2 trades, day P&L=$+610, equity=$110,880
2026-04-03 07:54:59 | DEBUG    | [20250509] 1 trades, day P&L=$+30, equity=$110,910
2026-04-03 07:54:59 | DEBUG    | [20250513] 1 trades, day P&L=$+30, equity=$110,940
2026-04-03 07:54:59 | DEBUG    | [20250522] 1 trades, day P&L=$+30, equity=$110,970
2026-04-03 07:54:59 | DEBUG    | [20250523] 1 trades, day P&L=$+230, equity=$111,200
2026-04-03 07:54:59 | DEBUG    | [20250529] 1 trades, day P&L=$+130, equity=$111,330
2026-04-03 07:54:59 | DEBUG    | [20250530] 2 trades, day P&L=$+1110, equity=$112,440
2026-04-03 07:54:59 | DEBUG    | [20250605] 1 trades, day P&L=$+80, equity=$112,520
2026-04-03 07:54:59 | DEBUG    | [20250613] 1 trades, day P&L=$+80, equity=$112,600
2026-04-03 07:54:59 | DEBUG    | [20250623] 1 trades, day P&L=$+30, equity=$112,630
2026-04-03 07:54:59 | DEBUG    | [20250630] 1 trades, day P&L=$+30, equity=$112,660
2026-04-03 07:54:59 | DEBUG    | [20250801] 1 trades, day P&L=$+30, equity=$112,690
2026-04-03 07:54:59 | DEBUG    | [20250811] 1 trades, day P&L=$+30, equity=$112,720
2026-04-03 07:54:59 | DEBUG    | [20250930] 1 trades, day P&L=$+30, equity=$112,750
2026-04-03 07:54:59 | DEBUG    | [20251014] 1 trades, day P&L=$+230, equity=$112,980
2026-04-03 07:54:59 | DEBUG    | [20251016] 1 trades, day P&L=$+230, equity=$113,210
2026-04-03 07:54:59 | DEBUG    | [20251031] 1 trades, day P&L=$+80, equity=$113,290
2026-04-03 07:54:59 | DEBUG    | [20251106] 1 trades, day P&L=$+80, equity=$113,370
2026-04-03 07:54:59 | DEBUG    | [20251107] 1 trades, day P&L=$+30, equity=$113,400
2026-04-03 07:54:59 | DEBUG    | [20251117] 1 trades, day P&L=$+130, equity=$113,530
2026-04-03 07:54:59 | DEBUG    | [20251118] 2 trades, day P&L=$+160, equity=$113,690
2026-04-03 07:54:59 | DEBUG    | [20251121] 1 trades, day P&L=$+230, equity=$113,920
2026-04-03 07:54:59 | DEBUG    | [20251218] 2 trades, day P&L=$+310, equity=$114,230
2026-04-03 07:54:59 | DEBUG    | [20260130] 2 trades, day P&L=$+210, equity=$114,440
2026-04-03 07:54:59 | DEBUG    | [20260205] 1 trades, day P&L=$+230, equity=$114,670
2026-04-03 07:54:59 | DEBUG    | [20260213] 2 trades, day P&L=$+160, equity=$114,830
2026-04-03 07:55:00 | DEBUG    | [20260227] 2 trades, day P&L=$+160, equity=$114,990
2026-04-03 07:55:00 | DEBUG    | [20260302] 1 trades, day P&L=$+80, equity=$115,070
2026-04-03 07:55:00 | DEBUG    | [20260303] 1 trades, day P&L=$+80, equity=$115,150
2026-04-03 07:55:00 | DEBUG    | [20260305] 1 trades, day P&L=$+130, equity=$115,280
2026-04-03 07:55:00 | DEBUG    | [20260306] 1 trades, day P&L=$+30, equity=$115,310
2026-04-03 07:55:00 | DEBUG    | [20260310] 1 trades, day P&L=$+80, equity=$115,390
2026-04-03 07:55:00 | DEBUG    | [20260323] 1 trades, day P&L=$+30, equity=$115,420
2026-04-03 07:55:00 | DEBUG    | [20260324] 1 trades, day P&L=$+30, equity=$115,450
2026-04-03 07:55:00 | INFO     | ============================================================
2026-04-03 07:55:00 | INFO     | SKIP REASONS:
2026-04-03 07:55:00 | INFO     |   dow_filter          : 217
2026-04-03 07:55:00 | INFO     |   early_close         : 6
2026-04-03 07:55:00 | INFO     |   morning_mom         : 150
2026-04-03 07:55:00 | INFO     |   no_quotes           : 32
2026-04-03 07:55:00 | INFO     |   TOTAL TRADES        : 179
2026-04-03 07:55:00 | INFO     | ============================================================
2026-04-03 07:55:00 | INFO     | [ITER 66] filter_skip_wed+morning1pct → SWEEP | P&L=$15,450, Sharpe=3.65, DD=$-4,450
2026-04-03 07:55:00 | DEBUG    | [20220110] 2 trades, day P&L=$+60, equity=$100,060
2026-04-03 07:55:00 | DEBUG    | [20220214] 2 trades, day P&L=$+660, equity=$100,720
2026-04-03 07:55:00 | DEBUG    | [20220228] 2 trades, day P&L=$+560, equity=$101,280
2026-04-03 07:55:00 | DEBUG    | [20220304] 2 trades, day P&L=$+260, equity=$101,540
2026-04-03 07:55:00 | DEBUG    | [20220401] 1 trades, day P&L=$+80, equity=$101,620
2026-04-03 07:55:00 | DEBUG    | [20220408] 2 trades, day P&L=$+60, equity=$101,680
2026-04-03 07:55:00 | DEBUG    | [20220418] 1 trades, day P&L=$+30, equity=$101,710
2026-04-03 07:55:00 | DEBUG    | [20220506] 2 trades, day P&L=$+860, equity=$102,570
2026-04-03 07:55:00 | DEBUG    | [20220519] 1 trades, day P&L=$+30, equity=$102,600
2026-04-03 07:55:00 | DEBUG    | [20220524] 2 trades, day P&L=$+60, equity=$102,660
2026-04-03 07:55:00 | DEBUG    | [20220531] 2 trades, day P&L=$+310, equity=$102,970
2026-04-03 07:55:00 | DEBUG    | [20220617] 1 trades, day P&L=$+80, equity=$103,050
2026-04-03 07:55:00 | DEBUG    | [20220623] 1 trades, day P&L=$+30, equity=$103,080
2026-04-03 07:55:00 | DEBUG    | [20220630] 2 trades, day P&L=$-620, equity=$102,460
2026-04-03 07:55:00 | DEBUG    | [20220916] 2 trades, day P&L=$+210, equity=$102,670
2026-04-03 07:55:00 | DEBUG    | [20220926] 2 trades, day P&L=$-4220, equity=$98,450
2026-04-03 07:55:00 | DEBUG    | [20221011] 1 trades, day P&L=$+30, equity=$98,480
2026-04-03 07:55:00 | DEBUG    | [20221020] 1 trades, day P&L=$+30, equity=$98,510
2026-04-03 07:55:00 | DEBUG    | [20221118] 1 trades, day P&L=$+30, equity=$98,540
2026-04-03 07:55:00 | DEBUG    | [20221209] 1 trades, day P&L=$+30, equity=$98,570
2026-04-03 07:55:00 | DEBUG    | [20221230] 1 trades, day P&L=$+180, equity=$98,750
2026-04-03 07:55:01 | DEBUG    | [20230202] 1 trades, day P&L=$+30, equity=$98,780
2026-04-03 07:55:01 | DEBUG    | [20230203] 2 trades, day P&L=$+60, equity=$98,840
2026-04-03 07:55:01 | DEBUG    | [20230323] 1 trades, day P&L=$+30, equity=$98,870
2026-04-03 07:55:01 | DEBUG    | [20230707] 1 trades, day P&L=$+80, equity=$98,950
2026-04-03 07:55:01 | DEBUG    | [20230825] 1 trades, day P&L=$+30, equity=$98,980
2026-04-03 07:55:02 | DEBUG    | [20240416] 2 trades, day P&L=$+110, equity=$99,090
2026-04-03 07:55:02 | DEBUG    | [20240418] 1 trades, day P&L=$+30, equity=$99,120
2026-04-03 07:55:02 | DEBUG    | [20240422] 1 trades, day P&L=$+30, equity=$99,150
2026-04-03 07:55:02 | DEBUG    | [20240531] 1 trades, day P&L=$+80, equity=$99,230
2026-04-03 07:55:02 | DEBUG    | [20240607] 1 trades, day P&L=$+30, equity=$99,260
2026-04-03 07:55:02 | DEBUG    | [20240627] 1 trades, day P&L=$+30, equity=$99,290
2026-04-03 07:55:02 | DEBUG    | [20240628] 1 trades, day P&L=$+230, equity=$99,520
2026-04-03 07:55:02 | DEBUG    | [20240715] 1 trades, day P&L=$+30, equity=$99,550
2026-04-03 07:55:02 | DEBUG    | [20240725] 1 trades, day P&L=$+180, equity=$99,730
2026-04-03 07:55:02 | DEBUG    | [20240726] 2 trades, day P&L=$+660, equity=$100,390
2026-04-03 07:55:02 | DEBUG    | [20240729] 1 trades, day P&L=$+30, equity=$100,420
2026-04-03 07:55:02 | DEBUG    | [20240805] 1 trades, day P&L=$-700, equity=$99,720
2026-04-03 07:55:02 | DEBUG    | [20240809] 1 trades, day P&L=$+130, equity=$99,850
2026-04-03 07:55:02 | DEBUG    | [20240812] 2 trades, day P&L=$+310, equity=$100,160
2026-04-03 07:55:02 | DEBUG    | [20240820] 1 trades, day P&L=$+30, equity=$100,190
2026-04-03 07:55:02 | DEBUG    | [20240829] 1 trades, day P&L=$+230, equity=$100,420
2026-04-03 07:55:02 | DEBUG    | [20240905] 1 trades, day P&L=$+30, equity=$100,450
2026-04-03 07:55:02 | DEBUG    | [20240913] 1 trades, day P&L=$+30, equity=$100,480
2026-04-03 07:55:02 | DEBUG    | [20240919] 1 trades, day P&L=$+30, equity=$100,510
2026-04-03 07:55:02 | DEBUG    | [20240920] 1 trades, day P&L=$+30, equity=$100,540
2026-04-03 07:55:02 | DEBUG    | [20241010] 1 trades, day P&L=$+30, equity=$100,570
2026-04-03 07:55:02 | DEBUG    | [20241025] 1 trades, day P&L=$+30, equity=$100,600
2026-04-03 07:55:02 | DEBUG    | [20241101] 2 trades, day P&L=$+110, equity=$100,710
2026-04-03 07:55:02 | DEBUG    | [20241104] 1 trades, day P&L=$+30, equity=$100,740
2026-04-03 07:55:02 | DEBUG    | [20241230] 2 trades, day P&L=$+210, equity=$100,950
2026-04-03 07:55:03 | DEBUG    | [20250311] 2 trades, day P&L=$-1670, equity=$99,280
2026-04-03 07:55:03 | DEBUG    | [20250321] 1 trades, day P&L=$+30, equity=$99,310
2026-04-03 07:55:03 | DEBUG    | [20250327] 2 trades, day P&L=$+60, equity=$99,370
2026-04-03 07:55:03 | DEBUG    | [20250414] 1 trades, day P&L=$+280, equity=$99,650
2026-04-03 07:55:03 | DEBUG    | [20250415] 2 trades, day P&L=$+110, equity=$99,760
2026-04-03 07:55:03 | DEBUG    | [20250417] 1 trades, day P&L=$+530, equity=$100,290
2026-04-03 07:55:03 | DEBUG    | [20250428] 2 trades, day P&L=$+210, equity=$100,500
2026-04-03 07:55:03 | DEBUG    | [20250501] 2 trades, day P&L=$-740, equity=$99,760
2026-04-03 07:55:03 | DEBUG    | [20250505] 1 trades, day P&L=$+80, equity=$99,840
2026-04-03 07:55:03 | DEBUG    | [20250506] 1 trades, day P&L=$+130, equity=$99,970
2026-04-03 07:55:03 | DEBUG    | [20250508] 2 trades, day P&L=$+610, equity=$100,580
2026-04-03 07:55:03 | DEBUG    | [20250509] 1 trades, day P&L=$+30, equity=$100,610
2026-04-03 07:55:03 | DEBUG    | [20250522] 1 trades, day P&L=$+30, equity=$100,640
2026-04-03 07:55:03 | DEBUG    | [20250523] 1 trades, day P&L=$+230, equity=$100,870
2026-04-03 07:55:03 | DEBUG    | [20250530] 2 trades, day P&L=$+1110, equity=$101,980
2026-04-03 07:55:03 | DEBUG    | [20250630] 1 trades, day P&L=$+30, equity=$102,010
2026-04-03 07:55:03 | DEBUG    | [20250811] 1 trades, day P&L=$+30, equity=$102,040
2026-04-03 07:55:03 | DEBUG    | [20250930] 1 trades, day P&L=$+30, equity=$102,070
2026-04-03 07:55:03 | DEBUG    | [20251031] 1 trades, day P&L=$+80, equity=$102,150
2026-04-03 07:55:03 | DEBUG    | [20251107] 1 trades, day P&L=$+30, equity=$102,180
2026-04-03 07:55:03 | DEBUG    | [20251118] 2 trades, day P&L=$+160, equity=$102,340
2026-04-03 07:55:03 | DEBUG    | [20251218] 2 trades, day P&L=$+310, equity=$102,650
2026-04-03 07:55:03 | DEBUG    | [20260130] 2 trades, day P&L=$+210, equity=$102,860
2026-04-03 07:55:03 | DEBUG    | [20260213] 2 trades, day P&L=$+160, equity=$103,020
2026-04-03 07:55:03 | DEBUG    | [20260227] 2 trades, day P&L=$+160, equity=$103,180
2026-04-03 07:55:03 | DEBUG    | [20260303] 1 trades, day P&L=$+80, equity=$103,260
2026-04-03 07:55:03 | DEBUG    | [20260305] 1 trades, day P&L=$+130, equity=$103,390
2026-04-03 07:55:03 | DEBUG    | [20260306] 1 trades, day P&L=$+30, equity=$103,420
2026-04-03 07:55:03 | DEBUG    | [20260310] 1 trades, day P&L=$+80, equity=$103,500
2026-04-03 07:55:04 | DEBUG    | [20260323] 1 trades, day P&L=$+30, equity=$103,530
2026-04-03 07:55:04 | DEBUG    | [20260324] 1 trades, day P&L=$+30, equity=$103,560
2026-04-03 07:55:04 | INFO     | ============================================================
2026-04-03 07:55:04 | INFO     | SKIP REASONS:
2026-04-03 07:55:04 | INFO     |   dow_filter          : 217
2026-04-03 07:55:04 | INFO     |   early_close         : 6
2026-04-03 07:55:04 | INFO     |   morning_mom         : 384
2026-04-03 07:55:04 | INFO     |   no_quotes           : 32
2026-04-03 07:55:04 | INFO     |   TOTAL TRADES        : 111
2026-04-03 07:55:04 | INFO     | ============================================================
2026-04-03 07:55:04 | INFO     | [ITER 67] filter_skip_wed+morning0.5pct → SWEEP | P&L=$3,560, Sharpe=1.20, DD=$-4,740
