2026-04-04 06:55:46 | INFO     | Log file: /Users/jeerapongwongchote/Documents/thetadata/apex/logs/apex_run_20260404_065545.log
2026-04-04 06:55:46 | INFO     | Building daily indicators...
2026-04-04 06:55:51 | INFO     |   SQZ GEX loaded: 3748 dates
2026-04-04 06:55:51 | INFO     | Built daily indicators: 1066 dates (20220103 → 20260402)
2026-04-04 06:55:51 | DEBUG    | [20220114] 1 trades, day P&L=$+195, equity=$100,195
2026-04-04 06:55:51 | DEBUG    | [20220118] 1 trades, day P&L=$+120, equity=$100,315
2026-04-04 06:55:51 | DEBUG    | [20220318] 1 trades, day P&L=$+45, equity=$100,360
2026-04-04 06:55:51 | DEBUG    | [20221115] 1 trades, day P&L=$+120, equity=$100,480
2026-04-04 06:55:51 | DEBUG    | [20230203] 1 trades, day P&L=$+45, equity=$100,525
2026-04-04 06:55:52 | DEBUG    | [20230707] 1 trades, day P&L=$+120, equity=$100,645
2026-04-04 06:55:52 | DEBUG    | [20231114] 1 trades, day P&L=$+45, equity=$100,690
2026-04-04 06:55:52 | DEBUG    | [20231229] 1 trades, day P&L=$+45, equity=$100,735
2026-04-04 06:55:52 | DEBUG    | [20240216] 1 trades, day P&L=$+45, equity=$100,780
2026-04-04 06:55:52 | DEBUG    | [20240415] 1 trades, day P&L=$+45, equity=$100,825
2026-04-04 06:55:52 | DEBUG    | [20240531] 1 trades, day P&L=$+120, equity=$100,945
2026-04-04 06:55:52 | DEBUG    | [20240607] 1 trades, day P&L=$+45, equity=$100,990
2026-04-04 06:55:52 | DEBUG    | [20240628] 1 trades, day P&L=$+345, equity=$101,335
2026-04-04 06:55:53 | DEBUG    | [20240712] 1 trades, day P&L=$+195, equity=$101,530
2026-04-04 06:55:53 | DEBUG    | [20240715] 1 trades, day P&L=$+45, equity=$101,575
2026-04-04 06:55:53 | DEBUG    | [20240716] 1 trades, day P&L=$+45, equity=$101,620
2026-04-04 06:55:53 | DEBUG    | [20240719] 1 trades, day P&L=$+120, equity=$101,740
2026-04-04 06:55:53 | DEBUG    | [20240722] 1 trades, day P&L=$+45, equity=$101,785
2026-04-04 06:55:53 | DEBUG    | [20240730] 1 trades, day P&L=$+120, equity=$101,905
2026-04-04 06:55:53 | DEBUG    | [20240802] 1 trades, day P&L=$+645, equity=$102,550
2026-04-04 06:55:53 | DEBUG    | [20240820] 1 trades, day P&L=$+45, equity=$102,595
2026-04-04 06:55:53 | DEBUG    | [20240823] 1 trades, day P&L=$+45, equity=$102,640
2026-04-04 06:55:53 | DEBUG    | [20240830] 1 trades, day P&L=$+420, equity=$103,060
2026-04-04 06:55:53 | DEBUG    | [20240903] 1 trades, day P&L=$+645, equity=$103,705
2026-04-04 06:55:53 | DEBUG    | [20240906] 1 trades, day P&L=$+345, equity=$104,050
2026-04-04 06:55:53 | DEBUG    | [20240913] 1 trades, day P&L=$+45, equity=$104,095
2026-04-04 06:55:53 | DEBUG    | [20240930] 1 trades, day P&L=$+270, equity=$104,365
2026-04-04 06:55:53 | DEBUG    | [20241001] 1 trades, day P&L=$+270, equity=$104,635
2026-04-04 06:55:53 | DEBUG    | [20241011] 1 trades, day P&L=$+45, equity=$104,680
2026-04-04 06:55:53 | DEBUG    | [20241025] 1 trades, day P&L=$+45, equity=$104,725
2026-04-04 06:55:53 | DEBUG    | [20241115] 1 trades, day P&L=$+45, equity=$104,770
2026-04-04 06:55:53 | DEBUG    | [20241227] 1 trades, day P&L=$+120, equity=$104,890
2026-04-04 06:55:53 | DEBUG    | [20241230] 1 trades, day P&L=$+120, equity=$105,010
2026-04-04 06:55:53 | DEBUG    | [20241231] 1 trades, day P&L=$+720, equity=$105,730
2026-04-04 06:55:53 | DEBUG    | [20250107] 1 trades, day P&L=$+270, equity=$106,000
2026-04-04 06:55:53 | DEBUG    | [20250110] 1 trades, day P&L=$+45, equity=$106,045
2026-04-04 06:55:53 | DEBUG    | [20250127] 1 trades, day P&L=$+195, equity=$106,240
2026-04-04 06:55:53 | DEBUG    | [20250131] 1 trades, day P&L=$+795, equity=$107,035
2026-04-04 06:55:53 | DEBUG    | [20250203] 1 trades, day P&L=$+120, equity=$107,155
2026-04-04 06:55:53 | DEBUG    | [20250207] 1 trades, day P&L=$+45, equity=$107,200
2026-04-04 06:55:53 | DEBUG    | [20250221] 1 trades, day P&L=$+45, equity=$107,245
2026-04-04 06:55:53 | DEBUG    | [20250428] 1 trades, day P&L=$+45, equity=$107,290
2026-04-04 06:55:53 | DEBUG    | [20250502] 1 trades, day P&L=$+270, equity=$107,560
2026-04-04 06:55:53 | DEBUG    | [20250505] 1 trades, day P&L=$+120, equity=$107,680
2026-04-04 06:55:53 | DEBUG    | [20250506] 1 trades, day P&L=$+195, equity=$107,875
2026-04-04 06:55:53 | DEBUG    | [20250509] 1 trades, day P&L=$+45, equity=$107,920
2026-04-04 06:55:53 | DEBUG    | [20250512] 1 trades, day P&L=$+195, equity=$108,115
2026-04-04 06:55:53 | DEBUG    | [20250516] 1 trades, day P&L=$+45, equity=$108,160
2026-04-04 06:55:53 | DEBUG    | [20250523] 1 trades, day P&L=$+120, equity=$108,280
2026-04-04 06:55:53 | DEBUG    | [20250530] 1 trades, day P&L=$+795, equity=$109,075
2026-04-04 06:55:53 | DEBUG    | [20250613] 1 trades, day P&L=$+195, equity=$109,270
2026-04-04 06:55:53 | DEBUG    | [20250623] 1 trades, day P&L=$+45, equity=$109,315
2026-04-04 06:55:53 | DEBUG    | [20250630] 1 trades, day P&L=$+45, equity=$109,360
2026-04-04 06:55:54 | DEBUG    | [20250801] 1 trades, day P&L=$+45, equity=$109,405
2026-04-04 06:55:54 | DEBUG    | [20250811] 1 trades, day P&L=$+45, equity=$109,450
2026-04-04 06:55:54 | DEBUG    | [20250930] 1 trades, day P&L=$+45, equity=$109,495
2026-04-04 06:55:54 | DEBUG    | [20251010] 1 trades, day P&L=$+1620, equity=$111,115
2026-04-04 06:55:54 | DEBUG    | [20251031] 1 trades, day P&L=$+120, equity=$111,235
2026-04-04 06:55:54 | DEBUG    | [20251107] 1 trades, day P&L=$+45, equity=$111,280
2026-04-04 06:55:54 | DEBUG    | [20251117] 1 trades, day P&L=$+195, equity=$111,475
2026-04-04 06:55:54 | DEBUG    | [20251118] 1 trades, day P&L=$+195, equity=$111,670
2026-04-04 06:55:54 | DEBUG    | [20260120] 1 trades, day P&L=$+45, equity=$111,715
2026-04-04 06:55:54 | DEBUG    | [20260130] 1 trades, day P&L=$+120, equity=$111,835
2026-04-04 06:55:54 | DEBUG    | [20260206] 1 trades, day P&L=$+120, equity=$111,955
2026-04-04 06:55:54 | DEBUG    | [20260227] 1 trades, day P&L=$+45, equity=$112,000
2026-04-04 06:55:54 | DEBUG    | [20260303] 1 trades, day P&L=$+195, equity=$112,195
2026-04-04 06:55:54 | INFO     | ============================================================
2026-04-04 06:55:54 | INFO     | SKIP REASONS:
2026-04-04 06:55:54 | INFO     |   bp_limit            : 31
2026-04-04 06:55:54 | INFO     |   dow_filter          : 233
2026-04-04 06:55:54 | INFO     |   early_close         : 6
2026-04-04 06:55:54 | INFO     |   gex_filter          : 336
2026-04-04 06:55:54 | INFO     |   no_quotes           : 4
2026-04-04 06:55:54 | INFO     |   prior_return        : 147
2026-04-04 06:55:54 | INFO     |   TOTAL TRADES        : 66
2026-04-04 06:55:54 | INFO     | ============================================================
2026-04-04 06:55:54 | INFO     | 
============================================================
2026-04-04 06:55:54 | INFO     |   BACKTEST RESULTS (2022-01-03 → 2026-03-25)
2026-04-04 06:55:54 | INFO     | ============================================================
2026-04-04 06:55:54 | INFO     |   Trades      : 66
2026-04-04 06:55:54 | INFO     |   Win Rate    : 100.0%
2026-04-04 06:55:54 | INFO     |   Total P&L   : $12,195.00
2026-04-04 06:55:54 | INFO     |   Max DD      : $0.00
2026-04-04 06:55:54 | INFO     |   Sharpe      : 11.41
2026-04-04 06:55:54 | INFO     |   Calmar      : 0.00
2026-04-04 06:55:54 | INFO     |   Profit Factor: inf
2026-04-04 06:55:54 | INFO     |   Avg Win     : $184.77
2026-04-04 06:55:54 | INFO     |   Avg Loss    : $0.00
2026-04-04 06:55:54 | INFO     |   Max Single Loss: $45.00
2026-04-04 06:55:54 | INFO     | ============================================================

2026-04-04 06:55:54 | INFO     | 
--- VIX ZONE ANALYSIS ---
2026-04-04 06:55:54 | INFO     |   VIX < 15  :   13 trades, WR 100.0%, P&L $     1,335, DD $       0, Sharpe 17.60
2026-04-04 06:55:54 | INFO     |   VIX 15-20 :   38 trades, WR 100.0%, P&L $     8,910, DD $       0, Sharpe 11.48
2026-04-04 06:55:54 | INFO     |   VIX 20-25 :   14 trades, WR 100.0%, P&L $     1,905, DD $       0, Sharpe 29.54
2026-04-04 06:55:54 | INFO     |   VIX 25-30 :    1 trades, WR 100.0%, P&L $        45, DD $       0, Sharpe  0.00
2026-04-04 06:55:54 | INFO     | 
--- DAY-OF-WEEK ANALYSIS ---
2026-04-04 06:55:54 | INFO     |   Mon:   14 trades, WR 100.0%, P&L $     1,530, Sharpe 22.52
2026-04-04 06:55:54 | INFO     |   Tue:   15 trades, WR 100.0%, P&L $     3,075, Sharpe 15.50
2026-04-04 06:55:54 | INFO     |   Fri:   37 trades, WR 100.0%, P&L $     7,590, Sharpe 10.44
2026-04-04 06:55:54 | INFO     | 
--- TOP 10 WORST DAYS ---
2026-04-04 06:55:54 | INFO     |   20220318: P&L=$        45 | 1 trades | VIX=25.67
2026-04-04 06:55:54 | INFO     |   20230203: P&L=$        45 | 1 trades | VIX=18.73
2026-04-04 06:55:54 | INFO     |   20231114: P&L=$        45 | 1 trades | VIX=14.76
2026-04-04 06:55:54 | INFO     |   20231229: P&L=$        45 | 1 trades | VIX=12.47
2026-04-04 06:55:54 | INFO     |   20240216: P&L=$        45 | 1 trades | VIX=14.01
2026-04-04 06:55:54 | INFO     |   20240415: P&L=$        45 | 1 trades | VIX=17.31
2026-04-04 06:55:54 | INFO     |   20240607: P&L=$        45 | 1 trades | VIX=12.58
2026-04-04 06:55:54 | INFO     |   20240715: P&L=$        45 | 1 trades | VIX=12.46
2026-04-04 06:55:54 | INFO     |   20240716: P&L=$        45 | 1 trades | VIX=13.12
2026-04-04 06:55:54 | INFO     |   20240722: P&L=$        45 | 1 trades | VIX=16.52
