2026-04-03 15:23:21 | INFO     | Log file: /Users/jeerapongwongchote/Documents/thetadata/apex/logs/apex_run_20260403_152321.log
2026-04-03 15:23:26 | INFO     | Built daily indicators: 1065 dates (20220103 → 20260401)
2026-04-03 15:23:26 | DEBUG    | [20220105] 2 trades, day P&L=$+112, equity=$100,112
2026-04-03 15:23:26 | DEBUG    | [20220126] 2 trades, day P&L=$+1127, equity=$101,239
2026-04-03 15:23:26 | DEBUG    | [20220202] 1 trades, day P&L=$+21, equity=$101,260
2026-04-03 15:23:26 | DEBUG    | [20220209] 1 trades, day P&L=$+21, equity=$101,281
2026-04-03 15:23:26 | DEBUG    | [20220223] 2 trades, day P&L=$+147, equity=$101,428
2026-04-03 15:23:26 | DEBUG    | [20220309] 2 trades, day P&L=$+392, equity=$101,820
2026-04-03 15:23:26 | DEBUG    | [20220323] 2 trades, day P&L=$+147, equity=$101,967
2026-04-03 15:23:26 | DEBUG    | [20220330] 1 trades, day P&L=$+91, equity=$102,058
2026-04-03 15:23:26 | DEBUG    | [20220406] 2 trades, day P&L=$+322, equity=$102,380
2026-04-03 15:23:26 | DEBUG    | [20220504] 2 trades, day P&L=$+182, equity=$102,562
2026-04-03 15:23:26 | DEBUG    | [20220511] 2 trades, day P&L=$+217, equity=$102,779
2026-04-03 15:23:26 | DEBUG    | [20220525] 1 trades, day P&L=$+21, equity=$102,800
2026-04-03 15:23:26 | DEBUG    | [20220615] 2 trades, day P&L=$+567, equity=$103,367
2026-04-03 15:23:26 | DEBUG    | [20220706] 1 trades, day P&L=$+21, equity=$103,388
2026-04-03 15:23:26 | DEBUG    | [20220713] 2 trades, day P&L=$+42, equity=$103,430
2026-04-03 15:23:26 | DEBUG    | [20220831] 1 trades, day P&L=$+56, equity=$103,486
2026-04-03 15:23:26 | DEBUG    | [20220921] 2 trades, day P&L=$+91, equity=$103,577
2026-04-03 15:23:26 | DEBUG    | [20221019] 1 trades, day P&L=$+21, equity=$103,598
2026-04-03 15:23:26 | DEBUG    | [20221102] 2 trades, day P&L=$+217, equity=$103,815
2026-04-03 15:23:26 | DEBUG    | [20221214] 1 trades, day P&L=$+21, equity=$103,836
2026-04-03 15:23:26 | DEBUG    | [20230201] 2 trades, day P&L=$+322, equity=$104,158
2026-04-03 15:23:26 | DEBUG    | [20230322] 2 trades, day P&L=$+322, equity=$104,480
2026-04-03 15:23:26 | DEBUG    | [20230816] 1 trades, day P&L=$+21, equity=$104,501
2026-04-03 15:23:26 | DEBUG    | [20230927] 1 trades, day P&L=$+21, equity=$104,522
2026-04-03 15:23:26 | DEBUG    | [20231018] 1 trades, day P&L=$+21, equity=$104,543
2026-04-03 15:23:26 | DEBUG    | [20240410] 2 trades, day P&L=$+77, equity=$104,620
2026-04-03 15:23:26 | DEBUG    | [20240417] 1 trades, day P&L=$+56, equity=$104,676
2026-04-03 15:23:26 | DEBUG    | [20240612] 2 trades, day P&L=$+287, equity=$104,963
2026-04-03 15:23:26 | DEBUG    | [20240724] 1 trades, day P&L=$+56, equity=$105,019
2026-04-03 15:23:26 | DEBUG    | [20240731] 1 trades, day P&L=$+371, equity=$105,390
2026-04-03 15:23:26 | DEBUG    | [20240807] 1 trades, day P&L=$+441, equity=$105,831
2026-04-03 15:23:26 | DEBUG    | [20240828] 1 trades, day P&L=$+21, equity=$105,852
2026-04-03 15:23:26 | DEBUG    | [20240911] 1 trades, day P&L=$+161, equity=$106,013
2026-04-03 15:23:26 | DEBUG    | [20240918] 1 trades, day P&L=$+266, equity=$106,279
2026-04-03 15:23:26 | DEBUG    | [20241106] 1 trades, day P&L=$+21, equity=$106,300
2026-04-03 15:23:26 | DEBUG    | [20241218] 1 trades, day P&L=$-13734, equity=$92,566
2026-04-03 15:23:26 | DEBUG    | [20250108] 1 trades, day P&L=$+56, equity=$92,622
2026-04-03 15:23:26 | DEBUG    | [20250129] 1 trades, day P&L=$+91, equity=$92,713
2026-04-03 15:23:26 | DEBUG    | [20250226] 2 trades, day P&L=$+42, equity=$92,755
2026-04-03 15:23:26 | DEBUG    | [20250305] 1 trades, day P&L=$+616, equity=$93,371
2026-04-03 15:23:26 | DEBUG    | [20250312] 1 trades, day P&L=$+301, equity=$93,672
2026-04-03 15:23:26 | DEBUG    | [20250319] 1 trades, day P&L=$+196, equity=$93,868
2026-04-03 15:23:26 | DEBUG    | [20250326] 1 trades, day P&L=$+21, equity=$93,889
2026-04-03 15:23:26 | DEBUG    | [20250402] 1 trades, day P&L=$+231, equity=$94,120
2026-04-03 15:23:27 | DEBUG    | [20250416] 1 trades, day P&L=$+441, equity=$94,561
2026-04-03 15:23:27 | DEBUG    | [20250430] 1 trades, day P&L=$+826, equity=$95,387
2026-04-03 15:23:27 | DEBUG    | [20250507] 2 trades, day P&L=$+742, equity=$96,129
2026-04-03 15:23:27 | DEBUG    | [20250514] 1 trades, day P&L=$+91, equity=$96,220
2026-04-03 15:23:27 | DEBUG    | [20250521] 1 trades, day P&L=$+231, equity=$96,451
2026-04-03 15:23:27 | DEBUG    | [20250611] 1 trades, day P&L=$+56, equity=$96,507
2026-04-03 15:23:27 | DEBUG    | [20250618] 1 trades, day P&L=$+56, equity=$96,563
2026-04-03 15:23:27 | DEBUG    | [20250917] 2 trades, day P&L=$+182, equity=$96,745
2026-04-03 15:23:27 | DEBUG    | [20251015] 1 trades, day P&L=$+266, equity=$97,011
2026-04-03 15:23:27 | DEBUG    | [20251029] 1 trades, day P&L=$+126, equity=$97,137
2026-04-03 15:23:27 | DEBUG    | [20251119] 1 trades, day P&L=$+56, equity=$97,193
2026-04-03 15:23:27 | DEBUG    | [20251231] 1 trades, day P&L=$+91, equity=$97,284
2026-04-03 15:23:27 | DEBUG    | [20260114] 1 trades, day P&L=$+21, equity=$97,305
2026-04-03 15:23:27 | DEBUG    | [20260204] 1 trades, day P&L=$+21, equity=$97,326
2026-04-03 15:23:27 | DEBUG    | [20260311] 1 trades, day P&L=$+21, equity=$97,347
2026-04-03 15:23:27 | DEBUG    | [20260325] 1 trades, day P&L=$+21, equity=$97,368
2026-04-03 15:23:27 | INFO     | ============================================================
2026-04-03 15:23:27 | INFO     | SKIP REASONS:
2026-04-03 15:23:27 | INFO     |   dow_filter          : 714
2026-04-03 15:23:27 | INFO     |   early_close         : 6
2026-04-03 15:23:27 | INFO     |   prior_return        : 147
2026-04-03 15:23:27 | INFO     |   TOTAL TRADES        : 79
2026-04-03 15:23:27 | INFO     | ============================================================
2026-04-03 15:23:27 | INFO     | [ITER 303] wed_d12 → CREATIVE | P&L=$-2,632, Sharpe=-0.38, DD=$-13,734
2026-04-03 15:23:27 | DEBUG    | [20220126] 2 trades, day P&L=$+882, equity=$100,882
2026-04-03 15:23:27 | DEBUG    | [20220202] 1 trades, day P&L=$+21, equity=$100,903
2026-04-03 15:23:27 | DEBUG    | [20220223] 1 trades, day P&L=$+56, equity=$100,959
2026-04-03 15:23:27 | DEBUG    | [20220309] 2 trades, day P&L=$+252, equity=$101,211
2026-04-03 15:23:27 | DEBUG    | [20220323] 1 trades, day P&L=$+21, equity=$101,232
2026-04-03 15:23:27 | DEBUG    | [20220406] 2 trades, day P&L=$+112, equity=$101,344
2026-04-03 15:23:27 | DEBUG    | [20220504] 1 trades, day P&L=$+56, equity=$101,400
2026-04-03 15:23:27 | DEBUG    | [20220511] 2 trades, day P&L=$+77, equity=$101,477
2026-04-03 15:23:27 | DEBUG    | [20220615] 2 trades, day P&L=$+287, equity=$101,764
2026-04-03 15:23:27 | DEBUG    | [20220921] 2 trades, day P&L=$+77, equity=$101,841
2026-04-03 15:23:27 | DEBUG    | [20230201] 2 trades, day P&L=$+182, equity=$102,023
2026-04-03 15:23:27 | DEBUG    | [20230322] 2 trades, day P&L=$+112, equity=$102,135
2026-04-03 15:23:27 | DEBUG    | [20240410] 2 trades, day P&L=$+42, equity=$102,177
2026-04-03 15:23:27 | DEBUG    | [20240612] 2 trades, day P&L=$+147, equity=$102,324
2026-04-03 15:23:27 | DEBUG    | [20240724] 1 trades, day P&L=$+56, equity=$102,380
2026-04-03 15:23:27 | DEBUG    | [20240731] 1 trades, day P&L=$+161, equity=$102,541
2026-04-03 15:23:27 | DEBUG    | [20240807] 1 trades, day P&L=$+196, equity=$102,737
2026-04-03 15:23:27 | DEBUG    | [20240828] 1 trades, day P&L=$+21, equity=$102,758
2026-04-03 15:23:27 | DEBUG    | [20240918] 2 trades, day P&L=$+112, equity=$102,870
2026-04-03 15:23:28 | DEBUG    | [20241218] 1 trades, day P&L=$-12390, equity=$90,480
2026-04-03 15:23:28 | DEBUG    | [20250226] 1 trades, day P&L=$+21, equity=$90,501
2026-04-03 15:23:28 | DEBUG    | [20250305] 1 trades, day P&L=$+266, equity=$90,767
2026-04-03 15:23:28 | DEBUG    | [20250312] 1 trades, day P&L=$+91, equity=$90,858
2026-04-03 15:23:28 | DEBUG    | [20250319] 1 trades, day P&L=$+21, equity=$90,879
2026-04-03 15:23:28 | DEBUG    | [20250326] 1 trades, day P&L=$+21, equity=$90,900
2026-04-03 15:23:28 | DEBUG    | [20250402] 1 trades, day P&L=$+91, equity=$90,991
2026-04-03 15:23:28 | DEBUG    | [20250416] 1 trades, day P&L=$+161, equity=$91,152
2026-04-03 15:23:28 | DEBUG    | [20250430] 1 trades, day P&L=$+826, equity=$91,978
2026-04-03 15:23:28 | DEBUG    | [20250507] 2 trades, day P&L=$+357, equity=$92,335
2026-04-03 15:23:28 | DEBUG    | [20250521] 1 trades, day P&L=$+56, equity=$92,391
2026-04-03 15:23:28 | DEBUG    | [20251015] 1 trades, day P&L=$+126, equity=$92,517
2026-04-03 15:23:28 | DEBUG    | [20251029] 1 trades, day P&L=$+21, equity=$92,538
2026-04-03 15:23:28 | DEBUG    | [20251231] 1 trades, day P&L=$+21, equity=$92,559
2026-04-03 15:23:28 | DEBUG    | [20260114] 1 trades, day P&L=$+21, equity=$92,580
2026-04-03 15:23:28 | DEBUG    | [20260204] 1 trades, day P&L=$+21, equity=$92,601
2026-04-03 15:23:28 | DEBUG    | [20260311] 1 trades, day P&L=$+21, equity=$92,622
2026-04-03 15:23:28 | INFO     | ============================================================
2026-04-03 15:23:28 | INFO     | SKIP REASONS:
2026-04-03 15:23:28 | INFO     |   dow_filter          : 714
2026-04-03 15:23:28 | INFO     |   early_close         : 6
2026-04-03 15:23:28 | INFO     |   prior_return        : 147
2026-04-03 15:23:28 | INFO     |   TOTAL TRADES        : 48
2026-04-03 15:23:28 | INFO     | ============================================================
2026-04-03 15:23:28 | INFO     | [ITER 304] wed_d15 → CREATIVE | P&L=$-7,378, Sharpe=-1.55, DD=$-12,390
2026-04-03 15:23:28 | DEBUG    | [20220126] 2 trades, day P&L=$+567, equity=$100,567
2026-04-03 15:23:28 | DEBUG    | [20220309] 2 trades, day P&L=$+77, equity=$100,644
2026-04-03 15:23:28 | DEBUG    | [20220406] 1 trades, day P&L=$+21, equity=$100,665
2026-04-03 15:23:28 | DEBUG    | [20220511] 1 trades, day P&L=$+21, equity=$100,686
2026-04-03 15:23:28 | DEBUG    | [20220615] 2 trades, day P&L=$+112, equity=$100,798
2026-04-03 15:23:28 | DEBUG    | [20220921] 1 trades, day P&L=$+21, equity=$100,819
2026-04-03 15:23:28 | DEBUG    | [20230201] 2 trades, day P&L=$+77, equity=$100,896
2026-04-03 15:23:28 | DEBUG    | [20230322] 1 trades, day P&L=$+56, equity=$100,952
2026-04-03 15:23:28 | DEBUG    | [20240410] 1 trades, day P&L=$+21, equity=$100,973
2026-04-03 15:23:28 | DEBUG    | [20240612] 1 trades, day P&L=$+91, equity=$101,064
2026-04-03 15:23:29 | DEBUG    | [20240731] 2 trades, day P&L=$+427, equity=$101,491
2026-04-03 15:23:29 | DEBUG    | [20240807] 1 trades, day P&L=$+196, equity=$101,687
2026-04-03 15:23:29 | DEBUG    | [20241218] 1 trades, day P&L=$-12390, equity=$89,297
2026-04-03 15:23:29 | DEBUG    | [20250305] 1 trades, day P&L=$+56, equity=$89,353
2026-04-03 15:23:29 | DEBUG    | [20250319] 1 trades, day P&L=$+21, equity=$89,374
2026-04-03 15:23:29 | DEBUG    | [20250402] 1 trades, day P&L=$+21, equity=$89,395
2026-04-03 15:23:29 | DEBUG    | [20250416] 1 trades, day P&L=$+161, equity=$89,556
2026-04-03 15:23:29 | DEBUG    | [20250430] 1 trades, day P&L=$+476, equity=$90,032
2026-04-03 15:23:29 | DEBUG    | [20250507] 2 trades, day P&L=$+147, equity=$90,179
2026-04-03 15:23:29 | DEBUG    | [20251015] 1 trades, day P&L=$+21, equity=$90,200
2026-04-03 15:23:29 | INFO     | ============================================================
2026-04-03 15:23:29 | INFO     | SKIP REASONS:
2026-04-03 15:23:29 | INFO     |   dow_filter          : 714
2026-04-03 15:23:29 | INFO     |   early_close         : 6
2026-04-03 15:23:29 | INFO     |   prior_return        : 147
2026-04-03 15:23:29 | INFO     |   TOTAL TRADES        : 26
2026-04-03 15:23:29 | INFO     | ============================================================
2026-04-03 15:23:29 | INFO     | [ITER 305] wed_d18 → CREATIVE | P&L=$-9,800, Sharpe=-2.77, DD=$-12,390
2026-04-03 15:23:29 | DEBUG    | [20220126] 2 trades, day P&L=$+392, equity=$100,392
2026-04-03 15:23:29 | DEBUG    | [20220309] 1 trades, day P&L=$+56, equity=$100,448
2026-04-03 15:23:29 | DEBUG    | [20220615] 2 trades, day P&L=$+112, equity=$100,560
2026-04-03 15:23:29 | DEBUG    | [20230201] 1 trades, day P&L=$+56, equity=$100,616
2026-04-03 15:23:30 | DEBUG    | [20240612] 1 trades, day P&L=$+21, equity=$100,637
2026-04-03 15:23:30 | DEBUG    | [20240731] 2 trades, day P&L=$+287, equity=$100,924
2026-04-03 15:23:30 | DEBUG    | [20240807] 1 trades, day P&L=$+56, equity=$100,980
2026-04-03 15:23:30 | DEBUG    | [20241218] 1 trades, day P&L=$-8960, equity=$92,020
2026-04-03 15:23:30 | DEBUG    | [20250305] 1 trades, day P&L=$+56, equity=$92,076
2026-04-03 15:23:30 | DEBUG    | [20250402] 1 trades, day P&L=$+21, equity=$92,097
2026-04-03 15:23:30 | DEBUG    | [20250416] 1 trades, day P&L=$+21, equity=$92,118
2026-04-03 15:23:30 | DEBUG    | [20250430] 1 trades, day P&L=$+476, equity=$92,594
2026-04-03 15:23:30 | DEBUG    | [20250507] 2 trades, day P&L=$+147, equity=$92,741
2026-04-03 15:23:30 | DEBUG    | [20251015] 1 trades, day P&L=$+21, equity=$92,762
2026-04-03 15:23:30 | INFO     | ============================================================
2026-04-03 15:23:30 | INFO     | SKIP REASONS:
2026-04-03 15:23:30 | INFO     |   dow_filter          : 714
2026-04-03 15:23:30 | INFO     |   early_close         : 6
2026-04-03 15:23:30 | INFO     |   prior_return        : 147
2026-04-03 15:23:30 | INFO     |   TOTAL TRADES        : 18
2026-04-03 15:23:30 | INFO     | ============================================================
2026-04-03 15:23:30 | INFO     | [ITER 306] wed_d20 → CREATIVE | P&L=$-7,238, Sharpe=-3.37, DD=$-8,960
2026-04-03 15:23:30 | DEBUG    | [20220126] 2 trades, day P&L=$+147, equity=$100,147
2026-04-03 15:23:30 | DEBUG    | [20220615] 1 trades, day P&L=$+21, equity=$100,168
2026-04-03 15:23:30 | DEBUG    | [20230201] 1 trades, day P&L=$+21, equity=$100,189
2026-04-03 15:23:31 | DEBUG    | [20240731] 1 trades, day P&L=$+126, equity=$100,315
2026-04-03 15:23:31 | DEBUG    | [20241218] 1 trades, day P&L=$-5460, equity=$94,855
2026-04-03 15:23:31 | DEBUG    | [20250430] 1 trades, day P&L=$+266, equity=$95,121
2026-04-03 15:23:31 | DEBUG    | [20250507] 1 trades, day P&L=$+21, equity=$95,142
2026-04-03 15:23:31 | INFO     | ============================================================
2026-04-03 15:23:31 | INFO     | SKIP REASONS:
2026-04-03 15:23:31 | INFO     |   dow_filter          : 714
2026-04-03 15:23:31 | INFO     |   early_close         : 6
2026-04-03 15:23:31 | INFO     |   prior_return        : 147
2026-04-03 15:23:31 | INFO     |   TOTAL TRADES        : 8
2026-04-03 15:23:31 | INFO     | ============================================================
2026-04-03 15:23:31 | INFO     | [ITER 307] wed_d25 → CREATIVE | P&L=$-4,858, Sharpe=-5.24, DD=$-5,460
2026-04-03 15:23:31 | DEBUG    | [20220331] 2 trades, day P&L=$+497, equity=$100,497
2026-04-03 15:23:31 | DEBUG    | [20220616] 1 trades, day P&L=$+21, equity=$100,518
2026-04-03 15:23:31 | DEBUG    | [20220630] 2 trades, day P&L=$+182, equity=$100,700
2026-04-03 15:23:31 | DEBUG    | [20220915] 2 trades, day P&L=$+42, equity=$100,742
2026-04-03 15:23:31 | DEBUG    | [20221006] 1 trades, day P&L=$+21, equity=$100,763
2026-04-03 15:23:31 | DEBUG    | [20221013] 2 trades, day P&L=$+77, equity=$100,840
2026-04-03 15:23:32 | DEBUG    | [20240718] 1 trades, day P&L=$+21, equity=$100,861
2026-04-03 15:23:32 | DEBUG    | [20240808] 1 trades, day P&L=$+21, equity=$100,882
2026-04-03 15:23:32 | DEBUG    | [20240829] 1 trades, day P&L=$+21, equity=$100,903
2026-04-03 15:23:32 | DEBUG    | [20240905] 1 trades, day P&L=$+21, equity=$100,924
2026-04-03 15:23:32 | DEBUG    | [20240919] 2 trades, day P&L=$+42, equity=$100,966
2026-04-03 15:23:32 | DEBUG    | [20241031] 1 trades, day P&L=$+21, equity=$100,987
2026-04-03 15:23:32 | DEBUG    | [20250102] 1 trades, day P&L=$+21, equity=$101,008
2026-04-03 15:23:32 | DEBUG    | [20250130] 1 trades, day P&L=$+21, equity=$101,029
2026-04-03 15:23:32 | DEBUG    | [20250227] 1 trades, day P&L=$+21, equity=$101,050
2026-04-03 15:23:32 | DEBUG    | [20250306] 1 trades, day P&L=$+406, equity=$101,456
2026-04-03 15:23:32 | DEBUG    | [20250313] 1 trades, day P&L=$+56, equity=$101,512
2026-04-03 15:23:32 | DEBUG    | [20250327] 1 trades, day P&L=$+21, equity=$101,533
2026-04-03 15:23:32 | DEBUG    | [20250403] 1 trades, day P&L=$+441, equity=$101,974
2026-04-03 15:23:32 | DEBUG    | [20250501] 1 trades, day P&L=$+21, equity=$101,995
2026-04-03 15:23:32 | DEBUG    | [20250508] 2 trades, day P&L=$+322, equity=$102,317
2026-04-03 15:23:32 | DEBUG    | [20250529] 1 trades, day P&L=$+91, equity=$102,408
2026-04-03 15:23:32 | DEBUG    | [20250605] 1 trades, day P&L=$+91, equity=$102,499
2026-04-03 15:23:32 | DEBUG    | [20250731] 1 trades, day P&L=$+126, equity=$102,625
2026-04-03 15:23:32 | DEBUG    | [20251016] 1 trades, day P&L=$+161, equity=$102,786
2026-04-03 15:23:32 | DEBUG    | [20251106] 1 trades, day P&L=$+56, equity=$102,842
2026-04-03 15:23:32 | DEBUG    | [20251113] 1 trades, day P&L=$+91, equity=$102,933
2026-04-03 15:23:32 | DEBUG    | [20251120] 1 trades, day P&L=$+91, equity=$103,024
2026-04-03 15:23:32 | DEBUG    | [20251218] 1 trades, day P&L=$+21, equity=$103,045
2026-04-03 15:23:32 | DEBUG    | [20260205] 1 trades, day P&L=$+21, equity=$103,066
2026-04-03 15:23:32 | DEBUG    | [20260212] 1 trades, day P&L=$+21, equity=$103,087
2026-04-03 15:23:32 | INFO     | ============================================================
2026-04-03 15:23:32 | INFO     | SKIP REASONS:
2026-04-03 15:23:32 | INFO     |   dow_filter          : 724
2026-04-03 15:23:32 | INFO     |   early_close         : 6
2026-04-03 15:23:32 | INFO     |   no_quotes           : 10
2026-04-03 15:23:32 | INFO     |   oi_filter           : 58
2026-04-03 15:23:32 | INFO     |   prior_return        : 147
2026-04-03 15:23:32 | INFO     |   TOTAL TRADES        : 37
2026-04-03 15:23:32 | INFO     | ============================================================
2026-04-03 15:23:32 | INFO     | [ITER 308] thu_d15_oi1000 → CREATIVE | P&L=$3,087, Sharpe=11.86, DD=$0
2026-04-03 15:23:32 | DEBUG    | [20220331] 2 trades, day P&L=$+497, equity=$100,497
2026-04-03 15:23:32 | DEBUG    | [20220630] 2 trades, day P&L=$+182, equity=$100,679
2026-04-03 15:23:32 | DEBUG    | [20221013] 1 trades, day P&L=$+21, equity=$100,700
2026-04-03 15:23:33 | DEBUG    | [20240718] 1 trades, day P&L=$+21, equity=$100,721
2026-04-03 15:23:33 | DEBUG    | [20240808] 1 trades, day P&L=$+21, equity=$100,742
2026-04-03 15:23:33 | DEBUG    | [20240905] 1 trades, day P&L=$+21, equity=$100,763
2026-04-03 15:23:33 | DEBUG    | [20240919] 1 trades, day P&L=$+21, equity=$100,784
2026-04-03 15:23:33 | DEBUG    | [20241031] 1 trades, day P&L=$+21, equity=$100,805
2026-04-03 15:23:33 | DEBUG    | [20250102] 1 trades, day P&L=$+21, equity=$100,826
2026-04-03 15:23:33 | DEBUG    | [20250227] 1 trades, day P&L=$+21, equity=$100,847
2026-04-03 15:23:33 | DEBUG    | [20250313] 1 trades, day P&L=$+56, equity=$100,903
2026-04-03 15:23:33 | DEBUG    | [20250327] 1 trades, day P&L=$+21, equity=$100,924
2026-04-03 15:23:33 | DEBUG    | [20250403] 1 trades, day P&L=$+441, equity=$101,365
2026-04-03 15:23:33 | DEBUG    | [20250501] 1 trades, day P&L=$+21, equity=$101,386
2026-04-03 15:23:33 | DEBUG    | [20250508] 1 trades, day P&L=$+126, equity=$101,512
2026-04-03 15:23:33 | DEBUG    | [20250529] 1 trades, day P&L=$+91, equity=$101,603
2026-04-03 15:23:33 | DEBUG    | [20250605] 1 trades, day P&L=$+91, equity=$101,694
2026-04-03 15:23:33 | DEBUG    | [20250731] 1 trades, day P&L=$+126, equity=$101,820
2026-04-03 15:23:33 | DEBUG    | [20251016] 1 trades, day P&L=$+161, equity=$101,981
2026-04-03 15:23:33 | DEBUG    | [20251106] 1 trades, day P&L=$+56, equity=$102,037
2026-04-03 15:23:33 | DEBUG    | [20251113] 1 trades, day P&L=$+91, equity=$102,128
2026-04-03 15:23:33 | DEBUG    | [20251120] 1 trades, day P&L=$+91, equity=$102,219
2026-04-03 15:23:33 | DEBUG    | [20251218] 1 trades, day P&L=$+21, equity=$102,240
2026-04-03 15:23:33 | DEBUG    | [20260205] 1 trades, day P&L=$+21, equity=$102,261
2026-04-03 15:23:33 | DEBUG    | [20260212] 1 trades, day P&L=$+21, equity=$102,282
2026-04-03 15:23:33 | INFO     | ============================================================
2026-04-03 15:23:33 | INFO     | SKIP REASONS:
2026-04-03 15:23:33 | INFO     |   dow_filter          : 724
2026-04-03 15:23:33 | INFO     |   early_close         : 6
2026-04-03 15:23:33 | INFO     |   no_quotes           : 10
2026-04-03 15:23:33 | INFO     |   oi_filter           : 139
2026-04-03 15:23:33 | INFO     |   prior_return        : 147
2026-04-03 15:23:33 | INFO     |   TOTAL TRADES        : 27
2026-04-03 15:23:33 | INFO     | ============================================================
2026-04-03 15:23:33 | INFO     | [ITER 309] thu_d15_oi5000 → CREATIVE | P&L=$2,282, Sharpe=11.68, DD=$0
2026-04-03 15:23:33 | DEBUG    | [20220331] 2 trades, day P&L=$+182, equity=$100,182
2026-04-03 15:23:34 | DEBUG    | [20220630] 1 trades, day P&L=$+21, equity=$100,203
2026-04-03 15:23:34 | DEBUG    | [20250306] 1 trades, day P&L=$+196, equity=$100,399
2026-04-03 15:23:34 | DEBUG    | [20250403] 1 trades, day P&L=$+161, equity=$100,560
2026-04-03 15:23:34 | DEBUG    | [20250508] 2 trades, day P&L=$+77, equity=$100,637
2026-04-03 15:23:34 | DEBUG    | [20250529] 1 trades, day P&L=$+21, equity=$100,658
2026-04-03 15:23:34 | DEBUG    | [20250605] 1 trades, day P&L=$+21, equity=$100,679
2026-04-03 15:23:34 | DEBUG    | [20250731] 1 trades, day P&L=$+21, equity=$100,700
2026-04-03 15:23:34 | DEBUG    | [20251016] 1 trades, day P&L=$+56, equity=$100,756
2026-04-03 15:23:34 | DEBUG    | [20251120] 1 trades, day P&L=$+21, equity=$100,777
2026-04-03 15:23:35 | INFO     | ============================================================
2026-04-03 15:23:35 | INFO     | SKIP REASONS:
2026-04-03 15:23:35 | INFO     |   dow_filter          : 724
2026-04-03 15:23:35 | INFO     |   early_close         : 6
2026-04-03 15:23:35 | INFO     |   no_quotes           : 10
2026-04-03 15:23:35 | INFO     |   oi_filter           : 51
2026-04-03 15:23:35 | INFO     |   prior_return        : 147
2026-04-03 15:23:35 | INFO     |   TOTAL TRADES        : 12
2026-04-03 15:23:35 | INFO     | ============================================================
2026-04-03 15:23:35 | INFO     | [ITER 310] thu_d20_oi1000 → CREATIVE | P&L=$777, Sharpe=16.83, DD=$0
2026-04-03 15:23:35 | DEBUG    | [20220331] 2 trades, day P&L=$+182, equity=$100,182
2026-04-03 15:23:35 | DEBUG    | [20220630] 1 trades, day P&L=$+21, equity=$100,203
2026-04-03 15:23:35 | DEBUG    | [20250306] 1 trades, day P&L=$+196, equity=$100,399
2026-04-03 15:23:35 | DEBUG    | [20250403] 1 trades, day P&L=$+161, equity=$100,560
2026-04-03 15:23:35 | DEBUG    | [20250508] 1 trades, day P&L=$+21, equity=$100,581
2026-04-03 15:23:35 | DEBUG    | [20250605] 1 trades, day P&L=$+21, equity=$100,602
2026-04-03 15:23:36 | DEBUG    | [20250731] 1 trades, day P&L=$+21, equity=$100,623
2026-04-03 15:23:36 | DEBUG    | [20251016] 1 trades, day P&L=$+56, equity=$100,679
2026-04-03 15:23:36 | DEBUG    | [20251120] 1 trades, day P&L=$+21, equity=$100,700
2026-04-03 15:23:36 | INFO     | ============================================================
2026-04-03 15:23:36 | INFO     | SKIP REASONS:
2026-04-03 15:23:36 | INFO     |   dow_filter          : 724
2026-04-03 15:23:36 | INFO     |   early_close         : 6
2026-04-03 15:23:36 | INFO     |   no_quotes           : 10
2026-04-03 15:23:36 | INFO     |   oi_filter           : 126
2026-04-03 15:23:36 | INFO     |   prior_return        : 147
2026-04-03 15:23:36 | INFO     |   TOTAL TRADES        : 10
2026-04-03 15:23:36 | INFO     | ============================================================
2026-04-03 15:23:36 | INFO     | [ITER 311] thu_d20_oi5000 → CREATIVE | P&L=$700, Sharpe=15.88, DD=$0
2026-04-03 15:23:36 | DEBUG    | [20220110] 2 trades, day P&L=$+42, equity=$100,042
2026-04-03 15:23:36 | DEBUG    | [20220118] 2 trades, day P&L=$+147, equity=$100,189
2026-04-03 15:23:36 | DEBUG    | [20220207] 2 trades, day P&L=$+252, equity=$100,441
2026-04-03 15:23:36 | DEBUG    | [20220222] 2 trades, day P&L=$+532, equity=$100,973
2026-04-03 15:23:36 | DEBUG    | [20220307] 2 trades, day P&L=$+287, equity=$101,260
2026-04-03 15:23:36 | DEBUG    | [20220314] 2 trades, day P&L=$+217, equity=$101,477
2026-04-03 15:23:36 | DEBUG    | [20220418] 1 trades, day P&L=$+21, equity=$101,498
2026-04-03 15:23:36 | DEBUG    | [20220426] 2 trades, day P&L=$+322, equity=$101,820
2026-04-03 15:23:36 | DEBUG    | [20220503] 1 trades, day P&L=$+91, equity=$101,911
2026-04-03 15:23:36 | DEBUG    | [20220509] 2 trades, day P&L=$+1092, equity=$103,003
2026-04-03 15:23:36 | DEBUG    | [20220517] 1 trades, day P&L=$+21, equity=$103,024
2026-04-03 15:23:36 | DEBUG    | [20220628] 1 trades, day P&L=$+21, equity=$103,045
2026-04-03 15:23:36 | DEBUG    | [20220705] 2 trades, day P&L=$+42, equity=$103,087
2026-04-03 15:23:36 | DEBUG    | [20220719] 1 trades, day P&L=$+21, equity=$103,108
2026-04-03 15:23:36 | DEBUG    | [20220913] 2 trades, day P&L=$+77, equity=$103,185
2026-04-03 15:23:36 | DEBUG    | [20220927] 2 trades, day P&L=$+182, equity=$103,367
2026-04-03 15:23:36 | DEBUG    | [20221003] 1 trades, day P&L=$+21, equity=$103,388
2026-04-03 15:23:36 | DEBUG    | [20221011] 1 trades, day P&L=$+21, equity=$103,409
2026-04-03 15:23:36 | DEBUG    | [20221115] 1 trades, day P&L=$+56, equity=$103,465
2026-04-03 15:23:36 | DEBUG    | [20221213] 1 trades, day P&L=$+21, equity=$103,486
2026-04-03 15:23:36 | DEBUG    | [20230313] 1 trades, day P&L=$+126, equity=$103,612
2026-04-03 15:23:37 | DEBUG    | [20240415] 1 trades, day P&L=$+21, equity=$103,633
2026-04-03 15:23:37 | DEBUG    | [20240416] 2 trades, day P&L=$+112, equity=$103,745
2026-04-03 15:23:37 | DEBUG    | [20240422] 1 trades, day P&L=$+21, equity=$103,766
2026-04-03 15:23:37 | DEBUG    | [20240715] 1 trades, day P&L=$+21, equity=$103,787
2026-04-03 15:23:37 | DEBUG    | [20240729] 1 trades, day P&L=$+21, equity=$103,808
2026-04-03 15:23:37 | DEBUG    | [20240730] 1 trades, day P&L=$+56, equity=$103,864
2026-04-03 15:23:37 | DEBUG    | [20240812] 2 trades, day P&L=$+217, equity=$104,081
2026-04-03 15:23:37 | DEBUG    | [20240813] 1 trades, day P&L=$+21, equity=$104,102
2026-04-03 15:23:37 | DEBUG    | [20240820] 1 trades, day P&L=$+21, equity=$104,123
2026-04-03 15:23:37 | DEBUG    | [20240903] 1 trades, day P&L=$+301, equity=$104,424
2026-04-03 15:23:37 | DEBUG    | [20240930] 1 trades, day P&L=$+336, equity=$104,760
2026-04-03 15:23:37 | DEBUG    | [20241001] 1 trades, day P&L=$+126, equity=$104,886
2026-04-03 15:23:37 | DEBUG    | [20241104] 1 trades, day P&L=$+21, equity=$104,907
2026-04-03 15:23:37 | DEBUG    | [20241230] 2 trades, day P&L=$+147, equity=$105,054
2026-04-03 15:23:37 | DEBUG    | [20241231] 1 trades, day P&L=$+336, equity=$105,390
2026-04-03 15:23:37 | DEBUG    | [20250107] 1 trades, day P&L=$+126, equity=$105,516
2026-04-03 15:23:37 | DEBUG    | [20250127] 1 trades, day P&L=$+21, equity=$105,537
2026-04-03 15:23:37 | DEBUG    | [20250203] 1 trades, day P&L=$+126, equity=$105,663
2026-04-03 15:23:37 | DEBUG    | [20250225] 1 trades, day P&L=$+126, equity=$105,789
2026-04-03 15:23:37 | DEBUG    | [20250310] 1 trades, day P&L=$+581, equity=$106,370
2026-04-03 15:23:37 | DEBUG    | [20250318] 1 trades, day P&L=$+21, equity=$106,391
2026-04-03 15:23:37 | DEBUG    | [20250401] 1 trades, day P&L=$+21, equity=$106,412
2026-04-03 15:23:37 | DEBUG    | [20250415] 2 trades, day P&L=$+77, equity=$106,489
2026-04-03 15:23:37 | DEBUG    | [20250421] 1 trades, day P&L=$+371, equity=$106,860
2026-04-03 15:23:37 | DEBUG    | [20250428] 2 trades, day P&L=$+147, equity=$107,007
2026-04-03 15:23:37 | DEBUG    | [20250505] 1 trades, day P&L=$+56, equity=$107,063
2026-04-03 15:23:37 | DEBUG    | [20250506] 1 trades, day P&L=$+91, equity=$107,154
2026-04-03 15:23:37 | DEBUG    | [20250512] 1 trades, day P&L=$+91, equity=$107,245
2026-04-03 15:23:37 | DEBUG    | [20250623] 1 trades, day P&L=$+21, equity=$107,266
2026-04-03 15:23:37 | DEBUG    | [20250630] 1 trades, day P&L=$+21, equity=$107,287
2026-04-03 15:23:37 | DEBUG    | [20250811] 1 trades, day P&L=$+21, equity=$107,308
2026-04-03 15:23:38 | DEBUG    | [20250930] 1 trades, day P&L=$+21, equity=$107,329
2026-04-03 15:23:38 | DEBUG    | [20251117] 1 trades, day P&L=$+91, equity=$107,420
2026-04-03 15:23:38 | DEBUG    | [20251118] 2 trades, day P&L=$+112, equity=$107,532
2026-04-03 15:23:38 | DEBUG    | [20260120] 1 trades, day P&L=$+21, equity=$107,553
2026-04-03 15:23:38 | DEBUG    | [20260302] 1 trades, day P&L=$+56, equity=$107,609
2026-04-03 15:23:38 | DEBUG    | [20260303] 1 trades, day P&L=$+91, equity=$107,700
2026-04-03 15:23:38 | DEBUG    | [20260309] 1 trades, day P&L=$+91, equity=$107,791
2026-04-03 15:23:38 | DEBUG    | [20260310] 2 trades, day P&L=$+112, equity=$107,903
2026-04-03 15:23:38 | DEBUG    | [20260324] 1 trades, day P&L=$+21, equity=$107,924
2026-04-03 15:23:38 | INFO     | ============================================================
2026-04-03 15:23:38 | INFO     | SKIP REASONS:
2026-04-03 15:23:38 | INFO     |   dow_filter          : 551
2026-04-03 15:23:38 | INFO     |   early_close         : 6
2026-04-03 15:23:38 | INFO     |   no_quotes           : 11
2026-04-03 15:23:38 | INFO     |   prior_return        : 147
2026-04-03 15:23:38 | INFO     |   TOTAL TRADES        : 79
2026-04-03 15:23:38 | INFO     | ============================================================
2026-04-03 15:23:38 | DEBUG    | [20220331] 2 trades, day P&L=$+182, equity=$100,182
2026-04-03 15:23:38 | DEBUG    | [20220630] 1 trades, day P&L=$+21, equity=$100,203
2026-04-03 15:23:39 | DEBUG    | [20250306] 1 trades, day P&L=$+196, equity=$100,399
2026-04-03 15:23:39 | DEBUG    | [20250403] 1 trades, day P&L=$+161, equity=$100,560
2026-04-03 15:23:39 | DEBUG    | [20250508] 1 trades, day P&L=$+21, equity=$100,581
2026-04-03 15:23:39 | DEBUG    | [20250605] 1 trades, day P&L=$+21, equity=$100,602
2026-04-03 15:23:39 | DEBUG    | [20250731] 1 trades, day P&L=$+21, equity=$100,623
2026-04-03 15:23:39 | DEBUG    | [20251016] 1 trades, day P&L=$+56, equity=$100,679
2026-04-03 15:23:39 | DEBUG    | [20251120] 1 trades, day P&L=$+21, equity=$100,700
2026-04-03 15:23:39 | INFO     | ============================================================
2026-04-03 15:23:39 | INFO     | SKIP REASONS:
2026-04-03 15:23:39 | INFO     |   dow_filter          : 724
2026-04-03 15:23:39 | INFO     |   early_close         : 6
2026-04-03 15:23:39 | INFO     |   no_quotes           : 10
2026-04-03 15:23:39 | INFO     |   oi_filter           : 126
2026-04-03 15:23:39 | INFO     |   prior_return        : 147
2026-04-03 15:23:39 | INFO     |   TOTAL TRADES        : 10
2026-04-03 15:23:39 | INFO     | ============================================================
2026-04-03 15:23:39 | DEBUG    | [20220107] 1 trades, day P&L=$+130, equity=$100,130
2026-04-03 15:23:39 | DEBUG    | [20220114] 2 trades, day P&L=$+260, equity=$100,390
2026-04-03 15:23:39 | DEBUG    | [20220121] 2 trades, day P&L=$+1110, equity=$101,500
2026-04-03 15:23:39 | DEBUG    | [20220128] 2 trades, day P&L=$+810, equity=$102,310
2026-04-03 15:23:39 | DEBUG    | [20220225] 2 trades, day P&L=$+560, equity=$102,870
2026-04-03 15:23:39 | DEBUG    | [20220304] 2 trades, day P&L=$+510, equity=$103,380
2026-04-03 15:23:39 | DEBUG    | [20220311] 2 trades, day P&L=$+410, equity=$103,790
2026-04-03 15:23:39 | DEBUG    | [20220318] 1 trades, day P&L=$+230, equity=$104,020
2026-04-03 15:23:39 | DEBUG    | [20220325] 1 trades, day P&L=$+80, equity=$104,100
2026-04-03 15:23:39 | DEBUG    | [20220408] 2 trades, day P&L=$+310, equity=$104,410
2026-04-03 15:23:39 | DEBUG    | [20220422] 2 trades, day P&L=$+1010, equity=$105,420
2026-04-03 15:23:39 | DEBUG    | [20220513] 2 trades, day P&L=$+660, equity=$106,080
2026-04-03 15:23:39 | DEBUG    | [20220520] 2 trades, day P&L=$+960, equity=$107,040
2026-04-03 15:23:39 | DEBUG    | [20220624] 1 trades, day P&L=$+30, equity=$107,070
2026-04-03 15:23:39 | DEBUG    | [20220715] 1 trades, day P&L=$+80, equity=$107,150
2026-04-03 15:23:39 | DEBUG    | [20220826] 1 trades, day P&L=$+30, equity=$107,180
2026-04-03 15:23:39 | DEBUG    | [20220902] 2 trades, day P&L=$+210, equity=$107,390
2026-04-03 15:23:39 | DEBUG    | [20220916] 2 trades, day P&L=$+210, equity=$107,600
2026-04-03 15:23:39 | DEBUG    | [20220923] 2 trades, day P&L=$+410, equity=$108,010
2026-04-03 15:23:39 | DEBUG    | [20221007] 2 trades, day P&L=$+510, equity=$108,520
2026-04-03 15:23:39 | DEBUG    | [20221104] 1 trades, day P&L=$+30, equity=$108,550
2026-04-03 15:23:39 | DEBUG    | [20221118] 1 trades, day P&L=$+30, equity=$108,580
2026-04-03 15:23:39 | DEBUG    | [20221209] 1 trades, day P&L=$+30, equity=$108,610
2026-04-03 15:23:39 | DEBUG    | [20230203] 2 trades, day P&L=$+60, equity=$108,670
2026-04-03 15:23:39 | DEBUG    | [20230324] 1 trades, day P&L=$+80, equity=$108,750
2026-04-03 15:23:39 | DEBUG    | [20230331] 2 trades, day P&L=$+110, equity=$108,860
2026-04-03 15:23:39 | DEBUG    | [20230707] 1 trades, day P&L=$+80, equity=$108,940
2026-04-03 15:23:39 | DEBUG    | [20230804] 1 trades, day P&L=$+80, equity=$109,020
2026-04-03 15:23:39 | DEBUG    | [20230825] 1 trades, day P&L=$+30, equity=$109,050
2026-04-03 15:23:39 | DEBUG    | [20230929] 1 trades, day P&L=$+80, equity=$109,130
2026-04-03 15:23:39 | DEBUG    | [20231229] 1 trades, day P&L=$+80, equity=$109,210
2026-04-03 15:23:40 | DEBUG    | [20240216] 1 trades, day P&L=$+80, equity=$109,290
2026-04-03 15:23:40 | DEBUG    | [20240308] 1 trades, day P&L=$+130, equity=$109,420
2026-04-03 15:23:40 | DEBUG    | [20240315] 1 trades, day P&L=$+80, equity=$109,500
2026-04-03 15:23:40 | DEBUG    | [20240405] 1 trades, day P&L=$+80, equity=$109,580
2026-04-03 15:23:40 | DEBUG    | [20240412] 1 trades, day P&L=$+30, equity=$109,610
2026-04-03 15:23:40 | DEBUG    | [20240419] 1 trades, day P&L=$+230, equity=$109,840
2026-04-03 15:23:40 | DEBUG    | [20240531] 1 trades, day P&L=$+80, equity=$109,920
2026-04-03 15:23:40 | DEBUG    | [20240607] 1 trades, day P&L=$+30, equity=$109,950
2026-04-03 15:23:40 | DEBUG    | [20240621] 1 trades, day P&L=$+30, equity=$109,980
2026-04-03 15:23:40 | DEBUG    | [20240628] 1 trades, day P&L=$+580, equity=$110,560
2026-04-03 15:23:40 | DEBUG    | [20240712] 1 trades, day P&L=$+80, equity=$110,640
2026-04-03 15:23:40 | DEBUG    | [20240719] 1 trades, day P&L=$+80, equity=$110,720
2026-04-03 15:23:40 | DEBUG    | [20240726] 2 trades, day P&L=$+660, equity=$111,380
2026-04-03 15:23:40 | DEBUG    | [20240802] 1 trades, day P&L=$+830, equity=$112,210
2026-04-03 15:23:40 | DEBUG    | [20240823] 1 trades, day P&L=$+30, equity=$112,240
2026-04-03 15:23:40 | DEBUG    | [20240830] 1 trades, day P&L=$+380, equity=$112,620
2026-04-03 15:23:40 | DEBUG    | [20240906] 1 trades, day P&L=$+580, equity=$113,200
2026-04-03 15:23:40 | DEBUG    | [20240913] 1 trades, day P&L=$+30, equity=$113,230
2026-04-03 15:23:40 | DEBUG    | [20241004] 1 trades, day P&L=$+30, equity=$113,260
2026-04-03 15:23:40 | DEBUG    | [20241025] 1 trades, day P&L=$+30, equity=$113,290
2026-04-03 15:23:40 | DEBUG    | [20241115] 1 trades, day P&L=$+30, equity=$113,320
2026-04-03 15:23:40 | DEBUG    | [20241220] 1 trades, day P&L=$+430, equity=$113,750
2026-04-03 15:23:40 | DEBUG    | [20241227] 1 trades, day P&L=$+80, equity=$113,830
2026-04-03 15:23:40 | DEBUG    | [20250110] 1 trades, day P&L=$+230, equity=$114,060
2026-04-03 15:23:40 | DEBUG    | [20250124] 1 trades, day P&L=$+80, equity=$114,140
2026-04-03 15:23:40 | DEBUG    | [20250131] 1 trades, day P&L=$+480, equity=$114,620
2026-04-03 15:23:40 | DEBUG    | [20250207] 1 trades, day P&L=$+30, equity=$114,650
2026-04-03 15:23:40 | DEBUG    | [20250221] 1 trades, day P&L=$+30, equity=$114,680
2026-04-03 15:23:40 | DEBUG    | [20250314] 1 trades, day P&L=$+180, equity=$114,860
2026-04-03 15:23:40 | DEBUG    | [20250321] 1 trades, day P&L=$+230, equity=$115,090
2026-04-03 15:23:40 | DEBUG    | [20250328] 1 trades, day P&L=$+380, equity=$115,470
2026-04-03 15:23:40 | DEBUG    | [20250502] 1 trades, day P&L=$+180, equity=$115,650
2026-04-03 15:23:40 | DEBUG    | [20250509] 2 trades, day P&L=$+110, equity=$115,760
2026-04-03 15:23:40 | DEBUG    | [20250516] 1 trades, day P&L=$+30, equity=$115,790
2026-04-03 15:23:40 | DEBUG    | [20250523] 1 trades, day P&L=$+230, equity=$116,020
2026-04-03 15:23:40 | DEBUG    | [20250530] 2 trades, day P&L=$+1810, equity=$117,830
2026-04-03 15:23:40 | DEBUG    | [20250613] 1 trades, day P&L=$+80, equity=$117,910
2026-04-03 15:23:40 | DEBUG    | [20250620] 1 trades, day P&L=$+30, equity=$117,940
2026-04-03 15:23:40 | DEBUG    | [20250711] 1 trades, day P&L=$+30, equity=$117,970
2026-04-03 15:23:40 | DEBUG    | [20250801] 1 trades, day P&L=$+330, equity=$118,300
2026-04-03 15:23:40 | DEBUG    | [20250815] 1 trades, day P&L=$+30, equity=$118,330
2026-04-03 15:23:40 | DEBUG    | [20250829] 1 trades, day P&L=$+80, equity=$118,410
2026-04-03 15:23:40 | DEBUG    | [20250905] 1 trades, day P&L=$+80, equity=$118,490
2026-04-03 15:23:40 | DEBUG    | [20251010] 1 trades, day P&L=$+980, equity=$119,470
2026-04-03 15:23:40 | DEBUG    | [20251031] 1 trades, day P&L=$+280, equity=$119,750
2026-04-03 15:23:40 | DEBUG    | [20251107] 1 trades, day P&L=$+30, equity=$119,780
2026-04-03 15:23:40 | DEBUG    | [20260102] 1 trades, day P&L=$+30, equity=$119,810
2026-04-03 15:23:40 | DEBUG    | [20260130] 2 trades, day P&L=$+360, equity=$120,170
2026-04-03 15:23:40 | DEBUG    | [20260206] 1 trades, day P&L=$+130, equity=$120,300
2026-04-03 15:23:40 | DEBUG    | [20260227] 1 trades, day P&L=$+130, equity=$120,430
2026-04-03 15:23:40 | DEBUG    | [20260306] 1 trades, day P&L=$+30, equity=$120,460
2026-04-03 15:23:40 | DEBUG    | [20260320] 1 trades, day P&L=$+130, equity=$120,590
2026-04-03 15:23:40 | INFO     | ============================================================
2026-04-03 15:23:40 | INFO     | SKIP REASONS:
2026-04-03 15:23:40 | INFO     |   dow_filter          : 729
2026-04-03 15:23:40 | INFO     |   early_close         : 6
2026-04-03 15:23:40 | INFO     |   prior_return        : 147
2026-04-03 15:23:40 | INFO     |   TOTAL TRADES        : 103
2026-04-03 15:23:40 | INFO     | ============================================================
2026-04-03 15:23:40 | INFO     | [ITER 312] mega_combined → CREATIVE | P&L=$29,214, Sharpe=11.39, DD=$0
2026-04-03 15:23:40 | DEBUG    | [20220110] 2 trades, day P&L=$+42, equity=$100,042
2026-04-03 15:23:40 | DEBUG    | [20220118] 2 trades, day P&L=$+147, equity=$100,189
2026-04-03 15:23:40 | DEBUG    | [20220207] 2 trades, day P&L=$+252, equity=$100,441
2026-04-03 15:23:40 | DEBUG    | [20220222] 2 trades, day P&L=$+532, equity=$100,973
2026-04-03 15:23:40 | DEBUG    | [20220307] 2 trades, day P&L=$+287, equity=$101,260
2026-04-03 15:23:40 | DEBUG    | [20220314] 2 trades, day P&L=$+217, equity=$101,477
2026-04-03 15:23:40 | DEBUG    | [20220418] 1 trades, day P&L=$+21, equity=$101,498
2026-04-03 15:23:40 | DEBUG    | [20220426] 2 trades, day P&L=$+322, equity=$101,820
2026-04-03 15:23:40 | DEBUG    | [20220503] 1 trades, day P&L=$+91, equity=$101,911
2026-04-03 15:23:40 | DEBUG    | [20220509] 2 trades, day P&L=$+1092, equity=$103,003
2026-04-03 15:23:40 | DEBUG    | [20220517] 1 trades, day P&L=$+21, equity=$103,024
2026-04-03 15:23:40 | DEBUG    | [20220628] 1 trades, day P&L=$+21, equity=$103,045
2026-04-03 15:23:40 | DEBUG    | [20220705] 2 trades, day P&L=$+42, equity=$103,087
2026-04-03 15:23:40 | DEBUG    | [20220719] 1 trades, day P&L=$+21, equity=$103,108
2026-04-03 15:23:40 | DEBUG    | [20220913] 2 trades, day P&L=$+77, equity=$103,185
2026-04-03 15:23:40 | DEBUG    | [20220927] 2 trades, day P&L=$+182, equity=$103,367
2026-04-03 15:23:40 | DEBUG    | [20221003] 1 trades, day P&L=$+21, equity=$103,388
2026-04-03 15:23:40 | DEBUG    | [20221011] 1 trades, day P&L=$+21, equity=$103,409
2026-04-03 15:23:40 | DEBUG    | [20221115] 1 trades, day P&L=$+56, equity=$103,465
2026-04-03 15:23:40 | DEBUG    | [20221213] 1 trades, day P&L=$+21, equity=$103,486
2026-04-03 15:23:41 | DEBUG    | [20230313] 1 trades, day P&L=$+126, equity=$103,612
2026-04-03 15:23:41 | DEBUG    | [20240415] 1 trades, day P&L=$+21, equity=$103,633
2026-04-03 15:23:41 | DEBUG    | [20240416] 2 trades, day P&L=$+112, equity=$103,745
2026-04-03 15:23:41 | DEBUG    | [20240422] 1 trades, day P&L=$+21, equity=$103,766
2026-04-03 15:23:41 | DEBUG    | [20240715] 1 trades, day P&L=$+21, equity=$103,787
2026-04-03 15:23:41 | DEBUG    | [20240729] 1 trades, day P&L=$+21, equity=$103,808
2026-04-03 15:23:41 | DEBUG    | [20240730] 1 trades, day P&L=$+56, equity=$103,864
2026-04-03 15:23:41 | DEBUG    | [20240812] 2 trades, day P&L=$+217, equity=$104,081
2026-04-03 15:23:41 | DEBUG    | [20240813] 1 trades, day P&L=$+21, equity=$104,102
2026-04-03 15:23:41 | DEBUG    | [20240820] 1 trades, day P&L=$+21, equity=$104,123
2026-04-03 15:23:41 | DEBUG    | [20240903] 1 trades, day P&L=$+301, equity=$104,424
2026-04-03 15:23:41 | DEBUG    | [20240930] 1 trades, day P&L=$+336, equity=$104,760
2026-04-03 15:23:41 | DEBUG    | [20241001] 1 trades, day P&L=$+126, equity=$104,886
2026-04-03 15:23:41 | DEBUG    | [20241104] 1 trades, day P&L=$+21, equity=$104,907
2026-04-03 15:23:41 | DEBUG    | [20241230] 2 trades, day P&L=$+147, equity=$105,054
2026-04-03 15:23:41 | DEBUG    | [20241231] 1 trades, day P&L=$+336, equity=$105,390
2026-04-03 15:23:41 | INFO     | ============================================================
2026-04-03 15:23:41 | INFO     | SKIP REASONS:
2026-04-03 15:23:41 | INFO     |   dow_filter          : 386
2026-04-03 15:23:41 | INFO     |   early_close         : 4
2026-04-03 15:23:41 | INFO     |   no_quotes           : 11
2026-04-03 15:23:41 | INFO     |   prior_return        : 109
2026-04-03 15:23:41 | INFO     |   TOTAL TRADES        : 50
2026-04-03 15:23:41 | INFO     | ============================================================
2026-04-03 15:23:41 | DEBUG    | [20220331] 2 trades, day P&L=$+182, equity=$100,182
2026-04-03 15:23:42 | DEBUG    | [20220630] 1 trades, day P&L=$+21, equity=$100,203
2026-04-03 15:23:42 | INFO     | ============================================================
2026-04-03 15:23:42 | INFO     | SKIP REASONS:
2026-04-03 15:23:42 | INFO     |   dow_filter          : 511
2026-04-03 15:23:42 | INFO     |   early_close         : 4
2026-04-03 15:23:42 | INFO     |   no_quotes           : 10
2026-04-03 15:23:42 | INFO     |   oi_filter           : 82
2026-04-03 15:23:42 | INFO     |   prior_return        : 109
2026-04-03 15:23:42 | INFO     |   TOTAL TRADES        : 3
2026-04-03 15:23:42 | INFO     | ============================================================
2026-04-03 15:23:42 | DEBUG    | [20220107] 1 trades, day P&L=$+130, equity=$100,130
2026-04-03 15:23:42 | DEBUG    | [20220114] 2 trades, day P&L=$+260, equity=$100,390
2026-04-03 15:23:42 | DEBUG    | [20220121] 2 trades, day P&L=$+1110, equity=$101,500
2026-04-03 15:23:42 | DEBUG    | [20220128] 2 trades, day P&L=$+810, equity=$102,310
2026-04-03 15:23:42 | DEBUG    | [20220225] 2 trades, day P&L=$+560, equity=$102,870
2026-04-03 15:23:42 | DEBUG    | [20220304] 2 trades, day P&L=$+510, equity=$103,380
2026-04-03 15:23:42 | DEBUG    | [20220311] 2 trades, day P&L=$+410, equity=$103,790
2026-04-03 15:23:42 | DEBUG    | [20220318] 1 trades, day P&L=$+230, equity=$104,020
2026-04-03 15:23:42 | DEBUG    | [20220325] 1 trades, day P&L=$+80, equity=$104,100
2026-04-03 15:23:42 | DEBUG    | [20220408] 2 trades, day P&L=$+310, equity=$104,410
2026-04-03 15:23:42 | DEBUG    | [20220422] 2 trades, day P&L=$+1010, equity=$105,420
2026-04-03 15:23:42 | DEBUG    | [20220513] 2 trades, day P&L=$+660, equity=$106,080
2026-04-03 15:23:42 | DEBUG    | [20220520] 2 trades, day P&L=$+960, equity=$107,040
2026-04-03 15:23:42 | DEBUG    | [20220624] 1 trades, day P&L=$+30, equity=$107,070
2026-04-03 15:23:42 | DEBUG    | [20220715] 1 trades, day P&L=$+80, equity=$107,150
2026-04-03 15:23:42 | DEBUG    | [20220826] 1 trades, day P&L=$+30, equity=$107,180
2026-04-03 15:23:42 | DEBUG    | [20220902] 2 trades, day P&L=$+210, equity=$107,390
2026-04-03 15:23:42 | DEBUG    | [20220916] 2 trades, day P&L=$+210, equity=$107,600
2026-04-03 15:23:42 | DEBUG    | [20220923] 2 trades, day P&L=$+410, equity=$108,010
2026-04-03 15:23:42 | DEBUG    | [20221007] 2 trades, day P&L=$+510, equity=$108,520
2026-04-03 15:23:42 | DEBUG    | [20221104] 1 trades, day P&L=$+30, equity=$108,550
2026-04-03 15:23:42 | DEBUG    | [20221118] 1 trades, day P&L=$+30, equity=$108,580
2026-04-03 15:23:42 | DEBUG    | [20221209] 1 trades, day P&L=$+30, equity=$108,610
2026-04-03 15:23:43 | DEBUG    | [20230203] 2 trades, day P&L=$+60, equity=$108,670
2026-04-03 15:23:43 | DEBUG    | [20230324] 1 trades, day P&L=$+80, equity=$108,750
2026-04-03 15:23:43 | DEBUG    | [20230331] 2 trades, day P&L=$+110, equity=$108,860
2026-04-03 15:23:43 | DEBUG    | [20230707] 1 trades, day P&L=$+80, equity=$108,940
2026-04-03 15:23:43 | DEBUG    | [20230804] 1 trades, day P&L=$+80, equity=$109,020
2026-04-03 15:23:43 | DEBUG    | [20230825] 1 trades, day P&L=$+30, equity=$109,050
2026-04-03 15:23:43 | DEBUG    | [20230929] 1 trades, day P&L=$+80, equity=$109,130
2026-04-03 15:23:43 | DEBUG    | [20231229] 1 trades, day P&L=$+80, equity=$109,210
2026-04-03 15:23:43 | DEBUG    | [20240216] 1 trades, day P&L=$+80, equity=$109,290
2026-04-03 15:23:43 | DEBUG    | [20240308] 1 trades, day P&L=$+130, equity=$109,420
2026-04-03 15:23:43 | DEBUG    | [20240315] 1 trades, day P&L=$+80, equity=$109,500
2026-04-03 15:23:43 | DEBUG    | [20240405] 1 trades, day P&L=$+80, equity=$109,580
2026-04-03 15:23:43 | DEBUG    | [20240412] 1 trades, day P&L=$+30, equity=$109,610
2026-04-03 15:23:43 | DEBUG    | [20240419] 1 trades, day P&L=$+230, equity=$109,840
2026-04-03 15:23:43 | DEBUG    | [20240531] 1 trades, day P&L=$+80, equity=$109,920
2026-04-03 15:23:43 | DEBUG    | [20240607] 1 trades, day P&L=$+30, equity=$109,950
2026-04-03 15:23:43 | DEBUG    | [20240621] 1 trades, day P&L=$+30, equity=$109,980
2026-04-03 15:23:43 | DEBUG    | [20240628] 1 trades, day P&L=$+580, equity=$110,560
2026-04-03 15:23:43 | DEBUG    | [20240712] 1 trades, day P&L=$+80, equity=$110,640
2026-04-03 15:23:43 | DEBUG    | [20240719] 1 trades, day P&L=$+80, equity=$110,720
2026-04-03 15:23:43 | DEBUG    | [20240726] 2 trades, day P&L=$+660, equity=$111,380
2026-04-03 15:23:43 | DEBUG    | [20240802] 1 trades, day P&L=$+830, equity=$112,210
2026-04-03 15:23:43 | DEBUG    | [20240823] 1 trades, day P&L=$+30, equity=$112,240
2026-04-03 15:23:43 | DEBUG    | [20240830] 1 trades, day P&L=$+380, equity=$112,620
2026-04-03 15:23:43 | DEBUG    | [20240906] 1 trades, day P&L=$+580, equity=$113,200
2026-04-03 15:23:43 | DEBUG    | [20240913] 1 trades, day P&L=$+30, equity=$113,230
2026-04-03 15:23:43 | DEBUG    | [20241004] 1 trades, day P&L=$+30, equity=$113,260
2026-04-03 15:23:43 | DEBUG    | [20241025] 1 trades, day P&L=$+30, equity=$113,290
2026-04-03 15:23:43 | DEBUG    | [20241115] 1 trades, day P&L=$+30, equity=$113,320
2026-04-03 15:23:43 | DEBUG    | [20241220] 1 trades, day P&L=$+430, equity=$113,750
2026-04-03 15:23:43 | DEBUG    | [20241227] 1 trades, day P&L=$+80, equity=$113,830
2026-04-03 15:23:43 | INFO     | ============================================================
2026-04-03 15:23:43 | INFO     | SKIP REASONS:
2026-04-03 15:23:43 | INFO     |   dow_filter          : 514
2026-04-03 15:23:43 | INFO     |   early_close         : 4
2026-04-03 15:23:43 | INFO     |   prior_return        : 109
2026-04-03 15:23:43 | INFO     |   TOTAL TRADES        : 71
2026-04-03 15:23:43 | INFO     | ============================================================
2026-04-03 15:23:43 | DEBUG    | [20250107] 1 trades, day P&L=$+126, equity=$100,126
2026-04-03 15:23:43 | DEBUG    | [20250127] 1 trades, day P&L=$+21, equity=$100,147
2026-04-03 15:23:43 | DEBUG    | [20250203] 1 trades, day P&L=$+126, equity=$100,273
2026-04-03 15:23:43 | DEBUG    | [20250225] 1 trades, day P&L=$+126, equity=$100,399
2026-04-03 15:23:43 | DEBUG    | [20250310] 1 trades, day P&L=$+581, equity=$100,980
2026-04-03 15:23:43 | DEBUG    | [20250318] 1 trades, day P&L=$+21, equity=$101,001
2026-04-03 15:23:43 | DEBUG    | [20250401] 1 trades, day P&L=$+21, equity=$101,022
2026-04-03 15:23:43 | DEBUG    | [20250415] 2 trades, day P&L=$+77, equity=$101,099
2026-04-03 15:23:43 | DEBUG    | [20250421] 1 trades, day P&L=$+371, equity=$101,470
2026-04-03 15:23:43 | DEBUG    | [20250428] 2 trades, day P&L=$+147, equity=$101,617
2026-04-03 15:23:43 | DEBUG    | [20250505] 1 trades, day P&L=$+56, equity=$101,673
2026-04-03 15:23:43 | DEBUG    | [20250506] 1 trades, day P&L=$+91, equity=$101,764
2026-04-03 15:23:43 | DEBUG    | [20250512] 1 trades, day P&L=$+91, equity=$101,855
2026-04-03 15:23:43 | DEBUG    | [20250623] 1 trades, day P&L=$+21, equity=$101,876
2026-04-03 15:23:43 | DEBUG    | [20250630] 1 trades, day P&L=$+21, equity=$101,897
2026-04-03 15:23:43 | DEBUG    | [20250811] 1 trades, day P&L=$+21, equity=$101,918
2026-04-03 15:23:43 | DEBUG    | [20250930] 1 trades, day P&L=$+21, equity=$101,939
2026-04-03 15:23:43 | DEBUG    | [20251117] 1 trades, day P&L=$+91, equity=$102,030
2026-04-03 15:23:43 | DEBUG    | [20251118] 2 trades, day P&L=$+112, equity=$102,142
2026-04-03 15:23:43 | DEBUG    | [20260120] 1 trades, day P&L=$+21, equity=$102,163
2026-04-03 15:23:44 | DEBUG    | [20260302] 1 trades, day P&L=$+56, equity=$102,219
2026-04-03 15:23:44 | DEBUG    | [20260303] 1 trades, day P&L=$+91, equity=$102,310
2026-04-03 15:23:44 | DEBUG    | [20260309] 1 trades, day P&L=$+91, equity=$102,401
2026-04-03 15:23:44 | DEBUG    | [20260310] 2 trades, day P&L=$+112, equity=$102,513
2026-04-03 15:23:44 | DEBUG    | [20260324] 1 trades, day P&L=$+21, equity=$102,534
2026-04-03 15:23:44 | INFO     | ============================================================
2026-04-03 15:23:44 | INFO     | SKIP REASONS:
2026-04-03 15:23:44 | INFO     |   dow_filter          : 165
2026-04-03 15:23:44 | INFO     |   early_close         : 2
2026-04-03 15:23:44 | INFO     |   prior_return        : 38
2026-04-03 15:23:44 | INFO     |   TOTAL TRADES        : 29
2026-04-03 15:23:44 | INFO     | ============================================================
2026-04-03 15:23:44 | DEBUG    | [20250306] 1 trades, day P&L=$+196, equity=$100,196
2026-04-03 15:23:44 | DEBUG    | [20250403] 1 trades, day P&L=$+161, equity=$100,357
2026-04-03 15:23:44 | DEBUG    | [20250508] 1 trades, day P&L=$+21, equity=$100,378
2026-04-03 15:23:44 | DEBUG    | [20250605] 1 trades, day P&L=$+21, equity=$100,399
2026-04-03 15:23:44 | DEBUG    | [20250731] 1 trades, day P&L=$+21, equity=$100,420
2026-04-03 15:23:44 | DEBUG    | [20251016] 1 trades, day P&L=$+56, equity=$100,476
2026-04-03 15:23:44 | DEBUG    | [20251120] 1 trades, day P&L=$+21, equity=$100,497
2026-04-03 15:23:44 | INFO     | ============================================================
2026-04-03 15:23:44 | INFO     | SKIP REASONS:
2026-04-03 15:23:44 | INFO     |   dow_filter          : 213
2026-04-03 15:23:44 | INFO     |   early_close         : 2
2026-04-03 15:23:44 | INFO     |   oi_filter           : 44
2026-04-03 15:23:44 | INFO     |   prior_return        : 38
2026-04-03 15:23:44 | INFO     |   TOTAL TRADES        : 7
2026-04-03 15:23:44 | INFO     | ============================================================
2026-04-03 15:23:44 | DEBUG    | [20250110] 1 trades, day P&L=$+230, equity=$100,230
2026-04-03 15:23:44 | DEBUG    | [20250124] 1 trades, day P&L=$+80, equity=$100,310
2026-04-03 15:23:44 | DEBUG    | [20250131] 1 trades, day P&L=$+480, equity=$100,790
2026-04-03 15:23:44 | DEBUG    | [20250207] 1 trades, day P&L=$+30, equity=$100,820
2026-04-03 15:23:44 | DEBUG    | [20250221] 1 trades, day P&L=$+30, equity=$100,850
2026-04-03 15:23:44 | DEBUG    | [20250314] 1 trades, day P&L=$+180, equity=$101,030
2026-04-03 15:23:44 | DEBUG    | [20250321] 1 trades, day P&L=$+230, equity=$101,260
2026-04-03 15:23:44 | DEBUG    | [20250328] 1 trades, day P&L=$+380, equity=$101,640
2026-04-03 15:23:44 | DEBUG    | [20250502] 1 trades, day P&L=$+180, equity=$101,820
2026-04-03 15:23:44 | DEBUG    | [20250509] 2 trades, day P&L=$+110, equity=$101,930
2026-04-03 15:23:44 | DEBUG    | [20250516] 1 trades, day P&L=$+30, equity=$101,960
2026-04-03 15:23:44 | DEBUG    | [20250523] 1 trades, day P&L=$+230, equity=$102,190
2026-04-03 15:23:44 | DEBUG    | [20250530] 2 trades, day P&L=$+1810, equity=$104,000
2026-04-03 15:23:44 | DEBUG    | [20250613] 1 trades, day P&L=$+80, equity=$104,080
2026-04-03 15:23:44 | DEBUG    | [20250620] 1 trades, day P&L=$+30, equity=$104,110
2026-04-03 15:23:44 | DEBUG    | [20250711] 1 trades, day P&L=$+30, equity=$104,140
2026-04-03 15:23:44 | DEBUG    | [20250801] 1 trades, day P&L=$+330, equity=$104,470
2026-04-03 15:23:44 | DEBUG    | [20250815] 1 trades, day P&L=$+30, equity=$104,500
2026-04-03 15:23:44 | DEBUG    | [20250829] 1 trades, day P&L=$+80, equity=$104,580
2026-04-03 15:23:44 | DEBUG    | [20250905] 1 trades, day P&L=$+80, equity=$104,660
2026-04-03 15:23:44 | DEBUG    | [20251010] 1 trades, day P&L=$+980, equity=$105,640
2026-04-03 15:23:44 | DEBUG    | [20251031] 1 trades, day P&L=$+280, equity=$105,920
2026-04-03 15:23:44 | DEBUG    | [20251107] 1 trades, day P&L=$+30, equity=$105,950
2026-04-03 15:23:44 | DEBUG    | [20260102] 1 trades, day P&L=$+30, equity=$105,980
2026-04-03 15:23:44 | DEBUG    | [20260130] 2 trades, day P&L=$+360, equity=$106,340
2026-04-03 15:23:44 | DEBUG    | [20260206] 1 trades, day P&L=$+130, equity=$106,470
2026-04-03 15:23:44 | DEBUG    | [20260227] 1 trades, day P&L=$+130, equity=$106,600
2026-04-03 15:23:44 | DEBUG    | [20260306] 1 trades, day P&L=$+30, equity=$106,630
2026-04-03 15:23:44 | DEBUG    | [20260320] 1 trades, day P&L=$+130, equity=$106,760
2026-04-03 15:23:44 | INFO     | ============================================================
2026-04-03 15:23:44 | INFO     | SKIP REASONS:
2026-04-03 15:23:44 | INFO     |   dow_filter          : 215
2026-04-03 15:23:44 | INFO     |   early_close         : 2
2026-04-03 15:23:44 | INFO     |   prior_return        : 38
2026-04-03 15:23:44 | INFO     |   TOTAL TRADES        : 32
2026-04-03 15:23:44 | INFO     | ============================================================
