2026-04-04 10:04:18 | INFO     | Log file: /Users/jeerapongwongchote/Documents/thetadata/apex/logs/apex_run_20260404_100418.log
2026-04-04 10:04:18 | INFO     | Building daily indicators...
2026-04-04 10:04:23 | INFO     |   SQZ GEX loaded: 3748 dates
2026-04-04 10:04:23 | INFO     | Built daily indicators: 1066 dates (20220103 → 20260402)
2026-04-04 10:04:23 | DEBUG    | [20220114] 1 trades, day P&L=$+195, equity=$100,195
2026-04-04 10:04:23 | DEBUG    | [20220318] 1 trades, day P&L=$+45, equity=$100,240
2026-04-04 10:04:23 | DEBUG    | [20230203] 1 trades, day P&L=$+45, equity=$100,285
2026-04-04 10:04:23 | DEBUG    | [20231114] 1 trades, day P&L=$+45, equity=$100,330
2026-04-04 10:04:24 | DEBUG    | [20240415] 1 trades, day P&L=$+45, equity=$100,375
2026-04-04 10:04:24 | DEBUG    | [20240531] 1 trades, day P&L=$+120, equity=$100,495
2026-04-04 10:04:24 | DEBUG    | [20240607] 1 trades, day P&L=$+45, equity=$100,540
2026-04-04 10:04:24 | DEBUG    | [20240716] 1 trades, day P&L=$+45, equity=$100,585
2026-04-04 10:04:24 | DEBUG    | [20240719] 1 trades, day P&L=$+120, equity=$100,705
2026-04-04 10:04:24 | DEBUG    | [20240722] 1 trades, day P&L=$+45, equity=$100,750
2026-04-04 10:04:24 | DEBUG    | [20240730] 1 trades, day P&L=$+120, equity=$100,870
2026-04-04 10:04:24 | DEBUG    | [20240802] 1 trades, day P&L=$+645, equity=$101,515
2026-04-04 10:04:24 | DEBUG    | [20240820] 1 trades, day P&L=$+45, equity=$101,560
2026-04-04 10:04:24 | DEBUG    | [20240823] 1 trades, day P&L=$+45, equity=$101,605
2026-04-04 10:04:24 | DEBUG    | [20240906] 1 trades, day P&L=$+345, equity=$101,950
2026-04-04 10:04:24 | DEBUG    | [20240913] 1 trades, day P&L=$+45, equity=$101,995
2026-04-04 10:04:24 | DEBUG    | [20240930] 1 trades, day P&L=$+270, equity=$102,265
2026-04-04 10:04:24 | DEBUG    | [20241001] 1 trades, day P&L=$+270, equity=$102,535
2026-04-04 10:04:24 | DEBUG    | [20241115] 1 trades, day P&L=$+45, equity=$102,580
2026-04-04 10:04:24 | DEBUG    | [20250110] 1 trades, day P&L=$+45, equity=$102,625
2026-04-04 10:04:24 | DEBUG    | [20250131] 1 trades, day P&L=$+795, equity=$103,420
2026-04-04 10:04:24 | DEBUG    | [20250203] 1 trades, day P&L=$+120, equity=$103,540
2026-04-04 10:04:24 | DEBUG    | [20250207] 1 trades, day P&L=$+45, equity=$103,585
2026-04-04 10:04:24 | DEBUG    | [20250428] 1 trades, day P&L=$+45, equity=$103,630
2026-04-04 10:04:24 | DEBUG    | [20250502] 1 trades, day P&L=$+270, equity=$103,900
2026-04-04 10:04:24 | DEBUG    | [20250505] 1 trades, day P&L=$+120, equity=$104,020
2026-04-04 10:04:24 | DEBUG    | [20250506] 1 trades, day P&L=$+195, equity=$104,215
2026-04-04 10:04:24 | DEBUG    | [20250509] 1 trades, day P&L=$+45, equity=$104,260
2026-04-04 10:04:24 | DEBUG    | [20250512] 1 trades, day P&L=$+195, equity=$104,455
2026-04-04 10:04:24 | DEBUG    | [20250530] 1 trades, day P&L=$+795, equity=$105,250
2026-04-04 10:04:24 | DEBUG    | [20251107] 1 trades, day P&L=$+120, equity=$105,370
2026-04-04 10:04:24 | DEBUG    | [20251117] 1 trades, day P&L=$+195, equity=$105,565
2026-04-04 10:04:24 | DEBUG    | [20251118] 1 trades, day P&L=$+195, equity=$105,760
2026-04-04 10:04:24 | DEBUG    | [20260206] 1 trades, day P&L=$+120, equity=$105,880
2026-04-04 10:04:24 | DEBUG    | [20260303] 1 trades, day P&L=$+195, equity=$106,075
2026-04-04 10:04:24 | INFO     | ============================================================
2026-04-04 10:04:24 | INFO     | SKIP REASONS:
2026-04-04 10:04:24 | INFO     |   bp_limit            : 19
2026-04-04 10:04:24 | INFO     |   dow_filter          : 131
2026-04-04 10:04:24 | INFO     |   early_close         : 6
2026-04-04 10:04:24 | INFO     |   gex_filter          : 283
2026-04-04 10:04:24 | INFO     |   no_quotes           : 1
2026-04-04 10:04:24 | INFO     |   prior_return        : 132
2026-04-04 10:04:24 | INFO     |   vix_term            : 361
2026-04-04 10:04:24 | INFO     |   TOTAL TRADES        : 35
2026-04-04 10:04:24 | INFO     | ============================================================
2026-04-04 10:04:24 | INFO     | 
============================================================
2026-04-04 10:04:24 | INFO     |   BACKTEST RESULTS (2022-01-03 → 2026-03-25)
2026-04-04 10:04:24 | INFO     | ============================================================
2026-04-04 10:04:24 | INFO     |   Trades      : 35
2026-04-04 10:04:24 | INFO     |   Win Rate    : 100.0%
2026-04-04 10:04:24 | INFO     |   Total P&L   : $6,075.00
2026-04-04 10:04:24 | INFO     |   Max DD      : $0.00
2026-04-04 10:04:24 | INFO     |   Sharpe      : 13.97
2026-04-04 10:04:24 | INFO     |   Calmar      : 0.00
2026-04-04 10:04:24 | INFO     |   Profit Factor: inf
2026-04-04 10:04:24 | INFO     |   Avg Win     : $173.57
2026-04-04 10:04:24 | INFO     |   Avg Loss    : $0.00
2026-04-04 10:04:24 | INFO     |   Max Single Loss: $45.00
2026-04-04 10:04:24 | INFO     | ============================================================

2026-04-04 10:04:24 | INFO     | 
--- VIX ZONE ANALYSIS ---
2026-04-04 10:04:24 | INFO     |   VIX < 15  :    6 trades, WR 100.0%, P&L $       345, DD $       0, Sharpe 29.81
2026-04-04 10:04:24 | INFO     |   VIX 15-20 :   18 trades, WR 100.0%, P&L $     4,110, DD $       0, Sharpe 14.15
2026-04-04 10:04:24 | INFO     |   VIX 20-25 :   10 trades, WR 100.0%, P&L $     1,575, DD $       0, Sharpe 34.30
2026-04-04 10:04:24 | INFO     |   VIX 25-30 :    1 trades, WR 100.0%, P&L $        45, DD $       0, Sharpe  0.00
2026-04-04 10:04:24 | INFO     | 
--- DAY-OF-WEEK ANALYSIS ---
2026-04-04 10:04:24 | INFO     |   Mon:    8 trades, WR 100.0%, P&L $     1,035, Sharpe 24.32
2026-04-04 10:04:24 | INFO     |   Tue:    8 trades, WR 100.0%, P&L $     1,110, Sharpe 25.21
2026-04-04 10:04:24 | INFO     |   Fri:   19 trades, WR 100.0%, P&L $     3,930, Sharpe 12.86
2026-04-04 10:04:24 | INFO     | 
--- TOP 10 WORST DAYS ---
2026-04-04 10:04:24 | INFO     |   20220318: P&L=$        45 | 1 trades | VIX=25.67
2026-04-04 10:04:24 | INFO     |   20230203: P&L=$        45 | 1 trades | VIX=18.73
2026-04-04 10:04:24 | INFO     |   20231114: P&L=$        45 | 1 trades | VIX=14.76
2026-04-04 10:04:24 | INFO     |   20240415: P&L=$        45 | 1 trades | VIX=17.31
2026-04-04 10:04:24 | INFO     |   20240607: P&L=$        45 | 1 trades | VIX=12.58
2026-04-04 10:04:24 | INFO     |   20240716: P&L=$        45 | 1 trades | VIX=13.12
2026-04-04 10:04:24 | INFO     |   20240722: P&L=$        45 | 1 trades | VIX=16.52
2026-04-04 10:04:24 | INFO     |   20240820: P&L=$        45 | 1 trades | VIX=14.65
2026-04-04 10:04:24 | INFO     |   20240823: P&L=$        45 | 1 trades | VIX=17.55
2026-04-04 10:04:24 | INFO     |   20240913: P&L=$        45 | 1 trades | VIX=17.07
