2026-04-03 07:47:00 | INFO     | Log file: /Users/jeerapongwongchote/Documents/thetadata/apex/logs/apex_run_20260403_074700.log
2026-04-03 07:47:00 | INFO     | Building daily indicators...
2026-04-03 07:47:05 | INFO     | Built daily indicators: 1065 dates (20220103 → 20260401)
2026-04-03 07:47:05 | DEBUG    | [20220105] 1 trades, day P&L=$-832, equity=$99,168
2026-04-03 07:47:05 | DEBUG    | [20220107] 1 trades, day P&L=$+218, equity=$99,386
2026-04-03 07:47:05 | DEBUG    | [20220110] 1 trades, day P&L=$+248, equity=$99,634
2026-04-03 07:47:05 | DEBUG    | [20220112] 1 trades, day P&L=$+208, equity=$99,842
2026-04-03 07:47:05 | DEBUG    | [20220114] 1 trades, day P&L=$+248, equity=$100,090
2026-04-03 07:47:05 | DEBUG    | [20220118] 1 trades, day P&L=$+32, equity=$100,122
2026-04-03 07:47:05 | DEBUG    | [20220119] 1 trades, day P&L=$-732, equity=$99,390
2026-04-03 07:47:05 | DEBUG    | [20220121] 1 trades, day P&L=$-702, equity=$98,688
2026-04-03 07:47:05 | DEBUG    | [20220124] 1 trades, day P&L=$+318, equity=$99,006
2026-04-03 07:47:05 | DEBUG    | [20220126] 1 trades, day P&L=$-642, equity=$98,364
2026-04-03 07:47:05 | DEBUG    | [20220128] 1 trades, day P&L=$+298, equity=$98,662
2026-04-03 07:47:05 | DEBUG    | [20220131] 1 trades, day P&L=$+308, equity=$98,970
2026-04-03 07:47:05 | DEBUG    | [20220202] 1 trades, day P&L=$+258, equity=$99,228
2026-04-03 07:47:05 | DEBUG    | [20220204] 1 trades, day P&L=$+328, equity=$99,556
2026-04-03 07:47:05 | DEBUG    | [20220207] 1 trades, day P&L=$-722, equity=$98,834
2026-04-03 07:47:05 | DEBUG    | [20220209] 1 trades, day P&L=$+178, equity=$99,012
2026-04-03 07:47:05 | DEBUG    | [20220211] 1 trades, day P&L=$-722, equity=$98,290
2026-04-03 07:47:05 | DEBUG    | [20220214] 1 trades, day P&L=$+288, equity=$98,578
2026-04-03 07:47:05 | DEBUG    | [20220216] 1 trades, day P&L=$+258, equity=$98,836
2026-04-03 07:47:05 | DEBUG    | [20220218] 1 trades, day P&L=$+185, equity=$99,021
2026-04-03 07:47:05 | DEBUG    | [20220222] 1 trades, day P&L=$-712, equity=$98,309
2026-04-03 07:47:05 | DEBUG    | [20220223] 1 trades, day P&L=$-712, equity=$97,597
2026-04-03 07:47:05 | DEBUG    | [20220225] 1 trades, day P&L=$+238, equity=$97,835
2026-04-03 07:47:05 | DEBUG    | [20220228] 1 trades, day P&L=$+298, equity=$98,133
2026-04-03 07:47:05 | DEBUG    | [20220302] 1 trades, day P&L=$+268, equity=$98,401
2026-04-03 07:47:05 | DEBUG    | [20220304] 1 trades, day P&L=$+308, equity=$98,709
2026-04-03 07:47:05 | DEBUG    | [20220307] 1 trades, day P&L=$-662, equity=$98,047
2026-04-03 07:47:05 | DEBUG    | [20220311] 1 trades, day P&L=$-752, equity=$97,295
2026-04-03 07:47:05 | DEBUG    | [20220318] 1 trades, day P&L=$+238, equity=$97,533
2026-04-03 07:47:05 | DEBUG    | [20220321] 1 trades, day P&L=$+258, equity=$97,791
2026-04-03 07:47:05 | DEBUG    | [20220323] 1 trades, day P&L=$-782, equity=$97,009
2026-04-03 07:47:05 | DEBUG    | [20220325] 1 trades, day P&L=$+178, equity=$97,187
2026-04-03 07:47:05 | DEBUG    | [20220328] 1 trades, day P&L=$+238, equity=$97,425
2026-04-03 07:47:05 | DEBUG    | [20220330] 1 trades, day P&L=$+198, equity=$97,623
2026-04-03 07:47:05 | DEBUG    | [20220331] 1 trades, day P&L=$-782, equity=$96,841
2026-04-03 07:47:05 | DEBUG    | [20220401] 1 trades, day P&L=$+238, equity=$97,079
2026-04-03 07:47:05 | DEBUG    | [20220404] 1 trades, day P&L=$+193, equity=$97,272
2026-04-03 07:47:05 | DEBUG    | [20220406] 1 trades, day P&L=$+278, equity=$97,550
2026-04-03 07:47:05 | DEBUG    | [20220411] 1 trades, day P&L=$-752, equity=$96,798
2026-04-03 07:47:05 | DEBUG    | [20220414] 1 trades, day P&L=$-742, equity=$96,056
2026-04-03 07:47:05 | DEBUG    | [20220418] 1 trades, day P&L=$+228, equity=$96,284
2026-04-03 07:47:05 | DEBUG    | [20220420] 1 trades, day P&L=$-792, equity=$95,492
2026-04-03 07:47:05 | DEBUG    | [20220422] 1 trades, day P&L=$-722, equity=$94,770
2026-04-03 07:47:05 | DEBUG    | [20220425] 1 trades, day P&L=$+288, equity=$95,058
2026-04-03 07:47:05 | DEBUG    | [20220426] 1 trades, day P&L=$-692, equity=$94,366
2026-04-03 07:47:05 | DEBUG    | [20220427] 1 trades, day P&L=$+338, equity=$94,704
2026-04-03 07:47:05 | DEBUG    | [20220429] 1 trades, day P&L=$-672, equity=$94,032
2026-04-03 07:47:05 | DEBUG    | [20220502] 1 trades, day P&L=$+338, equity=$94,370
2026-04-03 07:47:05 | DEBUG    | [20220503] 1 trades, day P&L=$+258, equity=$94,628
2026-04-03 07:47:05 | DEBUG    | [20220504] 1 trades, day P&L=$+378, equity=$95,006
2026-04-03 07:47:05 | DEBUG    | [20220506] 1 trades, day P&L=$+205, equity=$95,211
2026-04-03 07:47:05 | DEBUG    | [20220509] 1 trades, day P&L=$-642, equity=$94,569
2026-04-03 07:47:05 | DEBUG    | [20220510] 1 trades, day P&L=$+308, equity=$94,877
2026-04-03 07:47:05 | DEBUG    | [20220516] 1 trades, day P&L=$+318, equity=$95,195
2026-04-03 07:47:05 | DEBUG    | [20220517] 1 trades, day P&L=$+318, equity=$95,513
2026-04-03 07:47:05 | DEBUG    | [20220518] 1 trades, day P&L=$-682, equity=$94,831
2026-04-03 07:47:06 | DEBUG    | [20220519] 1 trades, day P&L=$+248, equity=$95,079
2026-04-03 07:47:06 | DEBUG    | [20220520] 1 trades, day P&L=$+358, equity=$95,437
2026-04-03 07:47:06 | DEBUG    | [20220524] 1 trades, day P&L=$+328, equity=$95,765
2026-04-03 07:47:06 | DEBUG    | [20220531] 1 trades, day P&L=$+308, equity=$96,073
2026-04-03 07:47:06 | DEBUG    | [20220601] 1 trades, day P&L=$+318, equity=$96,391
2026-04-03 07:47:06 | DEBUG    | [20220602] 1 trades, day P&L=$+288, equity=$96,679
2026-04-03 07:47:06 | DEBUG    | [20220603] 1 trades, day P&L=$+308, equity=$96,987
2026-04-03 07:47:06 | DEBUG    | [20220608] 1 trades, day P&L=$-752, equity=$96,235
2026-04-03 07:47:06 | DEBUG    | [20220609] 1 trades, day P&L=$-702, equity=$95,533
2026-04-03 07:47:06 | DEBUG    | [20220610] 1 trades, day P&L=$+328, equity=$95,861
2026-04-03 07:47:06 | DEBUG    | [20220613] 1 trades, day P&L=$+339, equity=$96,200
2026-04-03 07:47:06 | DEBUG    | [20220614] 1 trades, day P&L=$-74, equity=$96,126
2026-04-03 07:47:06 | DEBUG    | [20220615] 1 trades, day P&L=$+388, equity=$96,514
2026-04-03 07:47:06 | DEBUG    | [20220616] 1 trades, day P&L=$+358, equity=$96,872
2026-04-03 07:47:06 | DEBUG    | [20220617] 1 trades, day P&L=$+358, equity=$97,230
2026-04-03 07:47:06 | DEBUG    | [20220627] 1 trades, day P&L=$-227, equity=$97,003
2026-04-03 07:47:06 | DEBUG    | [20220628] 1 trades, day P&L=$-732, equity=$96,271
2026-04-03 07:47:06 | DEBUG    | [20220629] 1 trades, day P&L=$+268, equity=$96,539
2026-04-03 07:47:06 | DEBUG    | [20220630] 1 trades, day P&L=$+328, equity=$96,867
2026-04-03 07:47:06 | DEBUG    | [20220701] 1 trades, day P&L=$+288, equity=$97,155
2026-04-03 07:47:06 | DEBUG    | [20220705] 1 trades, day P&L=$+278, equity=$97,433
2026-04-03 07:47:06 | DEBUG    | [20220706] 1 trades, day P&L=$+278, equity=$97,711
2026-04-03 07:47:06 | DEBUG    | [20220711] 1 trades, day P&L=$+258, equity=$97,969
2026-04-03 07:47:06 | DEBUG    | [20220712] 1 trades, day P&L=$-772, equity=$97,197
2026-04-03 07:47:06 | DEBUG    | [20220714] 1 trades, day P&L=$+278, equity=$97,475
2026-04-03 07:47:06 | DEBUG    | [20220718] 1 trades, day P&L=$-762, equity=$96,713
2026-04-03 07:47:06 | DEBUG    | [20220721] 1 trades, day P&L=$+278, equity=$96,991
2026-04-03 07:47:06 | DEBUG    | [20220722] 1 trades, day P&L=$-792, equity=$96,199
2026-04-03 07:47:06 | DEBUG    | [20220725] 1 trades, day P&L=$+228, equity=$96,427
2026-04-03 07:47:06 | DEBUG    | [20220726] 1 trades, day P&L=$-197, equity=$96,230
2026-04-03 07:47:06 | DEBUG    | [20220728] 1 trades, day P&L=$+248, equity=$96,478
2026-04-03 07:47:06 | DEBUG    | [20220802] 1 trades, day P&L=$-752, equity=$95,726
2026-04-03 07:47:06 | DEBUG    | [20220804] 1 trades, day P&L=$+258, equity=$95,984
2026-04-03 07:47:06 | DEBUG    | [20220809] 1 trades, day P&L=$+218, equity=$96,202
2026-04-03 07:47:06 | DEBUG    | [20220812] 1 trades, day P&L=$+178, equity=$96,380
2026-04-03 07:47:06 | DEBUG    | [20220815] 1 trades, day P&L=$+218, equity=$96,598
2026-04-03 07:47:06 | DEBUG    | [20220816] 1 trades, day P&L=$+203, equity=$96,801
2026-04-03 07:47:06 | DEBUG    | [20220817] 1 trades, day P&L=$+238, equity=$97,039
2026-04-03 07:47:06 | DEBUG    | [20220818] 1 trades, day P&L=$+203, equity=$97,242
2026-04-03 07:47:06 | DEBUG    | [20220819] 1 trades, day P&L=$+248, equity=$97,490
2026-04-03 07:47:06 | DEBUG    | [20220822] 1 trades, day P&L=$+228, equity=$97,718
2026-04-03 07:47:06 | DEBUG    | [20220823] 1 trades, day P&L=$+238, equity=$97,956
2026-04-03 07:47:06 | DEBUG    | [20220824] 1 trades, day P&L=$+208, equity=$98,164
2026-04-03 07:47:06 | DEBUG    | [20220826] 1 trades, day P&L=$-722, equity=$97,442
2026-04-03 07:47:06 | DEBUG    | [20220829] 1 trades, day P&L=$+268, equity=$97,710
2026-04-03 07:47:06 | DEBUG    | [20220830] 1 trades, day P&L=$+288, equity=$97,998
2026-04-03 07:47:06 | DEBUG    | [20220831] 1 trades, day P&L=$-712, equity=$97,286
2026-04-03 07:47:06 | DEBUG    | [20220901] 1 trades, day P&L=$+298, equity=$97,584
2026-04-03 07:47:06 | DEBUG    | [20220902] 1 trades, day P&L=$-742, equity=$96,842
2026-04-03 07:47:06 | DEBUG    | [20220906] 1 trades, day P&L=$-732, equity=$96,110
2026-04-03 07:47:06 | DEBUG    | [20220913] 1 trades, day P&L=$-692, equity=$95,418
2026-04-03 07:47:06 | DEBUG    | [20220915] 1 trades, day P&L=$+268, equity=$95,686
2026-04-03 07:47:06 | DEBUG    | [20220916] 1 trades, day P&L=$+318, equity=$96,004
2026-04-03 07:47:06 | DEBUG    | [20220920] 1 trades, day P&L=$+268, equity=$96,272
2026-04-03 07:47:06 | DEBUG    | [20220921] 1 trades, day P&L=$-632, equity=$95,640
2026-04-03 07:47:06 | DEBUG    | [20220922] 1 trades, day P&L=$+308, equity=$95,948
2026-04-03 07:47:06 | DEBUG    | [20220923] 1 trades, day P&L=$+298, equity=$96,246
2026-04-03 07:47:06 | DEBUG    | [20220926] 1 trades, day P&L=$-712, equity=$95,534
2026-04-03 07:47:06 | DEBUG    | [20220927] 1 trades, day P&L=$-712, equity=$94,822
2026-04-03 07:47:06 | DEBUG    | [20220929] 1 trades, day P&L=$+288, equity=$95,110
2026-04-03 07:47:06 | DEBUG    | [20221005] 1 trades, day P&L=$+298, equity=$95,408
2026-04-03 07:47:06 | DEBUG    | [20221006] 1 trades, day P&L=$-712, equity=$94,696
2026-04-03 07:47:06 | DEBUG    | [20221007] 1 trades, day P&L=$-682, equity=$94,014
2026-04-03 07:47:06 | DEBUG    | [20221010] 1 trades, day P&L=$+278, equity=$94,292
2026-04-03 07:47:06 | DEBUG    | [20221011] 1 trades, day P&L=$+288, equity=$94,580
2026-04-03 07:47:06 | DEBUG    | [20221012] 1 trades, day P&L=$+278, equity=$94,858
2026-04-03 07:47:06 | DEBUG    | [20221014] 1 trades, day P&L=$-652, equity=$94,206
2026-04-03 07:47:06 | DEBUG    | [20221018] 1 trades, day P&L=$+288, equity=$94,494
2026-04-03 07:47:06 | DEBUG    | [20221019] 1 trades, day P&L=$+288, equity=$94,782
2026-04-03 07:47:06 | DEBUG    | [20221027] 1 trades, day P&L=$-742, equity=$94,040
2026-04-03 07:47:06 | DEBUG    | [20221031] 1 trades, day P&L=$+298, equity=$94,338
2026-04-03 07:47:06 | DEBUG    | [20221101] 1 trades, day P&L=$+223, equity=$94,561
2026-04-03 07:47:06 | DEBUG    | [20221102] 1 trades, day P&L=$-602, equity=$93,959
2026-04-03 07:47:06 | DEBUG    | [20221103] 1 trades, day P&L=$-782, equity=$93,177
2026-04-03 07:47:06 | DEBUG    | [20221104] 1 trades, day P&L=$+258, equity=$93,435
2026-04-03 07:47:06 | DEBUG    | [20221107] 1 trades, day P&L=$+228, equity=$93,663
2026-04-03 07:47:06 | DEBUG    | [20221109] 1 trades, day P&L=$-732, equity=$92,931
2026-04-03 07:47:06 | DEBUG    | [20221111] 1 trades, day P&L=$+258, equity=$93,189
2026-04-03 07:47:06 | DEBUG    | [20221114] 1 trades, day P&L=$-772, equity=$92,417
2026-04-03 07:47:06 | DEBUG    | [20221115] 1 trades, day P&L=$-531, equity=$91,886
2026-04-03 07:47:06 | DEBUG    | [20221116] 1 trades, day P&L=$+278, equity=$92,164
2026-04-03 07:47:06 | DEBUG    | [20221117] 1 trades, day P&L=$+288, equity=$92,452
2026-04-03 07:47:06 | DEBUG    | [20221118] 1 trades, day P&L=$+288, equity=$92,740
2026-04-03 07:47:06 | DEBUG    | [20221121] 1 trades, day P&L=$+208, equity=$92,948
2026-04-03 07:47:06 | DEBUG    | [20221128] 1 trades, day P&L=$-757, equity=$92,191
2026-04-03 07:47:06 | DEBUG    | [20221129] 1 trades, day P&L=$+203, equity=$92,394
2026-04-03 07:47:06 | DEBUG    | [20221130] 1 trades, day P&L=$+368, equity=$92,762
2026-04-03 07:47:06 | DEBUG    | [20221201] 1 trades, day P&L=$+208, equity=$92,970
2026-04-03 07:47:06 | DEBUG    | [20221202] 1 trades, day P&L=$+238, equity=$93,208
2026-04-03 07:47:06 | DEBUG    | [20221205] 1 trades, day P&L=$-762, equity=$92,446
2026-04-03 07:47:06 | DEBUG    | [20221206] 1 trades, day P&L=$-119, equity=$92,327
2026-04-03 07:47:06 | DEBUG    | [20221212] 1 trades, day P&L=$+208, equity=$92,535
2026-04-03 07:47:06 | DEBUG    | [20221213] 1 trades, day P&L=$-682, equity=$91,853
2026-04-03 07:47:06 | DEBUG    | [20221215] 1 trades, day P&L=$+288, equity=$92,141
2026-04-03 07:47:06 | DEBUG    | [20221216] 1 trades, day P&L=$+278, equity=$92,419
2026-04-03 07:47:06 | DEBUG    | [20221219] 1 trades, day P&L=$-55, equity=$92,364
2026-04-03 07:47:06 | DEBUG    | [20221222] 1 trades, day P&L=$+228, equity=$92,592
2026-04-03 07:47:06 | DEBUG    | [20221223] 1 trades, day P&L=$+238, equity=$92,830
2026-04-03 07:47:06 | DEBUG    | [20221227] 1 trades, day P&L=$+238, equity=$93,068
2026-04-03 07:47:06 | DEBUG    | [20221228] 1 trades, day P&L=$-822, equity=$92,246
2026-04-03 07:47:06 | DEBUG    | [20221230] 1 trades, day P&L=$+218, equity=$92,464
2026-04-03 07:47:06 | DEBUG    | [20230103] 1 trades, day P&L=$+172, equity=$92,636
2026-04-03 07:47:06 | DEBUG    | [20230104] 1 trades, day P&L=$+268, equity=$92,904
2026-04-03 07:47:06 | DEBUG    | [20230105] 1 trades, day P&L=$+238, equity=$93,142
2026-04-03 07:47:07 | DEBUG    | [20230110] 1 trades, day P&L=$+238, equity=$93,380
2026-04-03 07:47:07 | DEBUG    | [20230111] 1 trades, day P&L=$+198, equity=$93,578
2026-04-03 07:47:07 | DEBUG    | [20230112] 1 trades, day P&L=$+258, equity=$93,836
2026-04-03 07:47:07 | DEBUG    | [20230117] 1 trades, day P&L=$+238, equity=$94,074
2026-04-03 07:47:07 | DEBUG    | [20230118] 1 trades, day P&L=$-767, equity=$93,307
2026-04-03 07:47:07 | DEBUG    | [20230119] 1 trades, day P&L=$+223, equity=$93,530
2026-04-03 07:47:07 | DEBUG    | [20230120] 1 trades, day P&L=$+183, equity=$93,713
2026-04-03 07:47:07 | DEBUG    | [20230125] 1 trades, day P&L=$+228, equity=$93,941
2026-04-03 07:47:07 | DEBUG    | [20230126] 1 trades, day P&L=$+268, equity=$94,209
2026-04-03 07:47:07 | DEBUG    | [20230127] 1 trades, day P&L=$+228, equity=$94,437
2026-04-03 07:47:07 | DEBUG    | [20230130] 1 trades, day P&L=$-772, equity=$93,665
2026-04-03 07:47:07 | DEBUG    | [20230201] 1 trades, day P&L=$+378, equity=$94,043
2026-04-03 07:47:07 | DEBUG    | [20230206] 1 trades, day P&L=$+208, equity=$94,251
2026-04-03 07:47:07 | DEBUG    | [20230207] 1 trades, day P&L=$+318, equity=$94,569
2026-04-03 07:47:07 | DEBUG    | [20230208] 1 trades, day P&L=$-451, equity=$94,118
2026-04-03 07:47:07 | DEBUG    | [20230209] 1 trades, day P&L=$-742, equity=$93,376
2026-04-03 07:47:07 | DEBUG    | [20230210] 1 trades, day P&L=$+268, equity=$93,644
2026-04-03 07:47:07 | DEBUG    | [20230214] 1 trades, day P&L=$+268, equity=$93,912
2026-04-03 07:47:07 | DEBUG    | [20230215] 1 trades, day P&L=$+198, equity=$94,110
2026-04-03 07:47:07 | DEBUG    | [20230216] 1 trades, day P&L=$-762, equity=$93,348
2026-04-03 07:47:07 | DEBUG    | [20230217] 1 trades, day P&L=$+278, equity=$93,626
2026-04-03 07:47:07 | DEBUG    | [20230221] 1 trades, day P&L=$-722, equity=$92,904
2026-04-03 07:47:07 | DEBUG    | [20230222] 1 trades, day P&L=$+278, equity=$93,182
2026-04-03 07:47:07 | DEBUG    | [20230223] 1 trades, day P&L=$+238, equity=$93,420
2026-04-03 07:47:07 | DEBUG    | [20230224] 1 trades, day P&L=$+268, equity=$93,688
2026-04-03 07:47:07 | DEBUG    | [20230227] 1 trades, day P&L=$-57, equity=$93,631
2026-04-03 07:47:07 | DEBUG    | [20230228] 1 trades, day P&L=$+213, equity=$93,844
2026-04-03 07:47:07 | DEBUG    | [20230301] 1 trades, day P&L=$+208, equity=$94,052
2026-04-03 07:47:07 | DEBUG    | [20230302] 1 trades, day P&L=$+228, equity=$94,280
2026-04-03 07:47:07 | DEBUG    | [20230303] 1 trades, day P&L=$+218, equity=$94,498
2026-04-03 07:47:07 | DEBUG    | [20230307] 1 trades, day P&L=$-588, equity=$93,910
2026-04-03 07:47:07 | DEBUG    | [20230308] 1 trades, day P&L=$+218, equity=$94,128
2026-04-03 07:47:07 | DEBUG    | [20230309] 1 trades, day P&L=$-792, equity=$93,336
2026-04-03 07:47:07 | DEBUG    | [20230310] 1 trades, day P&L=$-702, equity=$92,634
2026-04-03 07:47:07 | DEBUG    | [20230315] 1 trades, day P&L=$+308, equity=$92,942
2026-04-03 07:47:07 | DEBUG    | [20230317] 1 trades, day P&L=$+298, equity=$93,240
2026-04-03 07:47:07 | DEBUG    | [20230321] 1 trades, day P&L=$+208, equity=$93,448
2026-04-03 07:47:07 | DEBUG    | [20230322] 1 trades, day P&L=$-622, equity=$92,826
2026-04-03 07:47:07 | DEBUG    | [20230324] 1 trades, day P&L=$+268, equity=$93,094
2026-04-03 07:47:07 | DEBUG    | [20230327] 1 trades, day P&L=$+238, equity=$93,332
2026-04-03 07:47:07 | DEBUG    | [20230328] 1 trades, day P&L=$+238, equity=$93,570
2026-04-03 07:47:07 | DEBUG    | [20230329] 1 trades, day P&L=$+183, equity=$93,753
2026-04-03 07:47:07 | DEBUG    | [20230330] 1 trades, day P&L=$+173, equity=$93,926
2026-04-03 07:47:07 | DEBUG    | [20230403] 1 trades, day P&L=$+168, equity=$94,094
2026-04-03 07:47:07 | DEBUG    | [20230404] 1 trades, day P&L=$+188, equity=$94,282
2026-04-03 07:47:07 | DEBUG    | [20230405] 1 trades, day P&L=$+188, equity=$94,470
2026-04-03 07:47:07 | DEBUG    | [20230406] 1 trades, day P&L=$+188, equity=$94,658
2026-04-03 07:47:07 | DEBUG    | [20230410] 1 trades, day P&L=$+168, equity=$94,826
2026-04-03 07:47:07 | DEBUG    | [20230411] 1 trades, day P&L=$+183, equity=$95,009
2026-04-03 07:47:07 | DEBUG    | [20230412] 1 trades, day P&L=$+198, equity=$95,207
2026-04-03 07:47:07 | DEBUG    | [20230414] 1 trades, day P&L=$+173, equity=$95,380
2026-04-03 07:47:07 | DEBUG    | [20230417] 1 trades, day P&L=$+173, equity=$95,553
2026-04-03 07:47:07 | DEBUG    | [20230418] 1 trades, day P&L=$+213, equity=$95,766
2026-04-03 07:47:07 | DEBUG    | [20230419] 1 trades, day P&L=$+178, equity=$95,944
2026-04-03 07:47:07 | DEBUG    | [20230420] 1 trades, day P&L=$+133, equity=$96,077
2026-04-03 07:47:07 | DEBUG    | [20230421] 1 trades, day P&L=$+148, equity=$96,225
2026-04-03 07:47:07 | DEBUG    | [20230424] 1 trades, day P&L=$+143, equity=$96,368
2026-04-03 07:47:07 | DEBUG    | [20230425] 1 trades, day P&L=$-877, equity=$95,491
2026-04-03 07:47:07 | DEBUG    | [20230426] 1 trades, day P&L=$-263, equity=$95,228
2026-04-03 07:47:07 | DEBUG    | [20230427] 1 trades, day P&L=$+138, equity=$95,366
2026-04-03 07:47:07 | DEBUG    | [20230428] 1 trades, day P&L=$+188, equity=$95,554
2026-04-03 07:47:07 | DEBUG    | [20230502] 1 trades, day P&L=$+218, equity=$95,772
2026-04-03 07:47:07 | DEBUG    | [20230503] 1 trades, day P&L=$-662, equity=$95,110
2026-04-03 07:47:07 | DEBUG    | [20230504] 1 trades, day P&L=$+218, equity=$95,328
2026-04-03 07:47:07 | DEBUG    | [20230508] 1 trades, day P&L=$+128, equity=$95,456
2026-04-03 07:47:07 | DEBUG    | [20230509] 1 trades, day P&L=$+128, equity=$95,584
2026-04-03 07:47:07 | DEBUG    | [20230510] 1 trades, day P&L=$+188, equity=$95,772
2026-04-03 07:47:07 | DEBUG    | [20230511] 1 trades, day P&L=$+193, equity=$95,965
2026-04-03 07:47:07 | DEBUG    | [20230512] 1 trades, day P&L=$+168, equity=$96,133
2026-04-03 07:47:07 | DEBUG    | [20230515] 1 trades, day P&L=$+138, equity=$96,271
2026-04-03 07:47:07 | DEBUG    | [20230516] 1 trades, day P&L=$+163, equity=$96,434
2026-04-03 07:47:07 | DEBUG    | [20230517] 1 trades, day P&L=$+168, equity=$96,602
2026-04-03 07:47:07 | DEBUG    | [20230519] 1 trades, day P&L=$-136, equity=$96,466
2026-04-03 07:47:07 | DEBUG    | [20230522] 1 trades, day P&L=$+153, equity=$96,619
2026-04-03 07:47:07 | DEBUG    | [20230523] 1 trades, day P&L=$-867, equity=$95,752
2026-04-03 07:47:07 | DEBUG    | [20230524] 1 trades, day P&L=$+198, equity=$95,950
2026-04-03 07:47:07 | DEBUG    | [20230525] 1 trades, day P&L=$+198, equity=$96,148
2026-04-03 07:47:07 | DEBUG    | [20230530] 1 trades, day P&L=$+183, equity=$96,331
2026-04-03 07:47:07 | DEBUG    | [20230531] 1 trades, day P&L=$+178, equity=$96,509
2026-04-03 07:47:07 | DEBUG    | [20230601] 1 trades, day P&L=$+158, equity=$96,667
2026-04-03 07:47:07 | DEBUG    | [20230605] 1 trades, day P&L=$-1, equity=$96,666
2026-04-03 07:47:07 | DEBUG    | [20230606] 1 trades, day P&L=$+138, equity=$96,804
2026-04-03 07:47:07 | DEBUG    | [20230607] 1 trades, day P&L=$+128, equity=$96,932
2026-04-03 07:47:07 | DEBUG    | [20230608] 1 trades, day P&L=$+118, equity=$97,050
2026-04-03 07:47:07 | DEBUG    | [20230609] 1 trades, day P&L=$+28, equity=$97,078
2026-04-03 07:47:07 | DEBUG    | [20230612] 1 trades, day P&L=$+143, equity=$97,221
2026-04-03 07:47:07 | DEBUG    | [20230613] 1 trades, day P&L=$+178, equity=$97,399
2026-04-03 07:47:07 | DEBUG    | [20230616] 1 trades, day P&L=$-822, equity=$96,577
2026-04-03 07:47:07 | DEBUG    | [20230620] 1 trades, day P&L=$+133, equity=$96,710
2026-04-03 07:47:07 | DEBUG    | [20230621] 1 trades, day P&L=$+153, equity=$96,863
2026-04-03 07:47:07 | DEBUG    | [20230622] 1 trades, day P&L=$+168, equity=$97,031
2026-04-03 07:47:07 | DEBUG    | [20230623] 1 trades, day P&L=$+148, equity=$97,179
2026-04-03 07:47:07 | DEBUG    | [20230626] 1 trades, day P&L=$-842, equity=$96,337
2026-04-03 07:47:07 | DEBUG    | [20230627] 1 trades, day P&L=$+103, equity=$96,440
2026-04-03 07:47:07 | DEBUG    | [20230628] 1 trades, day P&L=$+153, equity=$96,593
2026-04-03 07:47:07 | DEBUG    | [20230629] 1 trades, day P&L=$+183, equity=$96,776
2026-04-03 07:47:07 | DEBUG    | [20230703] 1 trades, day P&L=$-977, equity=$95,799
2026-04-03 07:47:07 | DEBUG    | [20230705] 1 trades, day P&L=$+113, equity=$95,912
2026-04-03 07:47:07 | DEBUG    | [20230706] 1 trades, day P&L=$+183, equity=$96,095
2026-04-03 07:47:07 | DEBUG    | [20230707] 1 trades, day P&L=$+37, equity=$96,132
2026-04-03 07:47:07 | DEBUG    | [20230710] 1 trades, day P&L=$+108, equity=$96,240
2026-04-03 07:47:07 | DEBUG    | [20230711] 1 trades, day P&L=$+153, equity=$96,393
2026-04-03 07:47:07 | DEBUG    | [20230712] 1 trades, day P&L=$+123, equity=$96,516
2026-04-03 07:47:07 | DEBUG    | [20230713] 1 trades, day P&L=$+123, equity=$96,639
2026-04-03 07:47:07 | DEBUG    | [20230714] 1 trades, day P&L=$+163, equity=$96,802
2026-04-03 07:47:07 | DEBUG    | [20230717] 1 trades, day P&L=$+108, equity=$96,910
2026-04-03 07:47:07 | DEBUG    | [20230719] 1 trades, day P&L=$+168, equity=$97,078
2026-04-03 07:47:07 | DEBUG    | [20230720] 1 trades, day P&L=$+103, equity=$97,181
2026-04-03 07:47:07 | DEBUG    | [20230721] 1 trades, day P&L=$+143, equity=$97,324
2026-04-03 07:47:07 | DEBUG    | [20230724] 1 trades, day P&L=$+148, equity=$97,472
2026-04-03 07:47:07 | DEBUG    | [20230725] 1 trades, day P&L=$+73, equity=$97,545
2026-04-03 07:47:07 | DEBUG    | [20230726] 1 trades, day P&L=$+258, equity=$97,803
2026-04-03 07:47:07 | DEBUG    | [20230727] 1 trades, day P&L=$-862, equity=$96,941
2026-04-03 07:47:07 | DEBUG    | [20230731] 1 trades, day P&L=$+143, equity=$97,084
2026-04-03 07:47:07 | DEBUG    | [20230801] 1 trades, day P&L=$+163, equity=$97,247
2026-04-03 07:47:07 | DEBUG    | [20230802] 1 trades, day P&L=$+188, equity=$97,435
2026-04-03 07:47:07 | DEBUG    | [20230803] 1 trades, day P&L=$+188, equity=$97,623
2026-04-03 07:47:07 | DEBUG    | [20230804] 1 trades, day P&L=$-867, equity=$96,756
2026-04-03 07:47:07 | DEBUG    | [20230807] 1 trades, day P&L=$+153, equity=$96,909
2026-04-03 07:47:07 | DEBUG    | [20230808] 1 trades, day P&L=$+208, equity=$97,117
2026-04-03 07:47:07 | DEBUG    | [20230809] 1 trades, day P&L=$-73, equity=$97,044
2026-04-03 07:47:07 | DEBUG    | [20230811] 1 trades, day P&L=$+218, equity=$97,262
2026-04-03 07:47:07 | DEBUG    | [20230815] 1 trades, day P&L=$+198, equity=$97,460
2026-04-03 07:47:07 | DEBUG    | [20230816] 1 trades, day P&L=$-812, equity=$96,648
2026-04-03 07:47:07 | DEBUG    | [20230817] 1 trades, day P&L=$-797, equity=$95,851
2026-04-03 07:47:07 | DEBUG    | [20230818] 1 trades, day P&L=$+228, equity=$96,079
2026-04-03 07:47:07 | DEBUG    | [20230821] 1 trades, day P&L=$+198, equity=$96,277
2026-04-03 07:47:07 | DEBUG    | [20230822] 1 trades, day P&L=$-57, equity=$96,220
2026-04-03 07:47:07 | DEBUG    | [20230824] 1 trades, day P&L=$-782, equity=$95,438
2026-04-03 07:47:07 | DEBUG    | [20230825] 1 trades, day P&L=$+268, equity=$95,706
2026-04-03 07:47:07 | DEBUG    | [20230828] 1 trades, day P&L=$+183, equity=$95,889
2026-04-03 07:47:07 | DEBUG    | [20230830] 1 trades, day P&L=$+203, equity=$96,092
2026-04-03 07:47:07 | DEBUG    | [20230831] 1 trades, day P&L=$-598, equity=$95,494
2026-04-03 07:47:07 | DEBUG    | [20230901] 1 trades, day P&L=$+143, equity=$95,637
2026-04-03 07:47:07 | DEBUG    | [20230905] 1 trades, day P&L=$+158, equity=$95,795
2026-04-03 07:47:07 | DEBUG    | [20230906] 1 trades, day P&L=$+173, equity=$95,968
2026-04-03 07:47:07 | DEBUG    | [20230907] 1 trades, day P&L=$+153, equity=$96,121
2026-04-03 07:47:07 | DEBUG    | [20230908] 1 trades, day P&L=$+163, equity=$96,284
2026-04-03 07:47:07 | DEBUG    | [20230911] 1 trades, day P&L=$+123, equity=$96,407
2026-04-03 07:47:07 | DEBUG    | [20230912] 1 trades, day P&L=$+158, equity=$96,565
2026-04-03 07:47:07 | DEBUG    | [20230913] 1 trades, day P&L=$+138, equity=$96,703
2026-04-03 07:47:07 | DEBUG    | [20230914] 1 trades, day P&L=$+143, equity=$96,846
2026-04-03 07:47:07 | DEBUG    | [20230915] 1 trades, day P&L=$+188, equity=$97,034
2026-04-03 07:47:07 | DEBUG    | [20230918] 1 trades, day P&L=$+113, equity=$97,147
2026-04-03 07:47:07 | DEBUG    | [20230919] 1 trades, day P&L=$+138, equity=$97,285
2026-04-03 07:47:07 | DEBUG    | [20230920] 1 trades, day P&L=$-722, equity=$96,563
2026-04-03 07:47:08 | DEBUG    | [20230921] 1 trades, day P&L=$-812, equity=$95,751
2026-04-03 07:47:08 | DEBUG    | [20230922] 1 trades, day P&L=$-837, equity=$94,914
2026-04-03 07:47:08 | DEBUG    | [20230925] 1 trades, day P&L=$+228, equity=$95,142
2026-04-03 07:47:08 | DEBUG    | [20230926] 1 trades, day P&L=$-752, equity=$94,390
2026-04-03 07:47:08 | DEBUG    | [20230927] 1 trades, day P&L=$+238, equity=$94,628
2026-04-03 07:47:08 | DEBUG    | [20230929] 1 trades, day P&L=$-752, equity=$93,876
2026-04-03 07:47:08 | DEBUG    | [20231002] 1 trades, day P&L=$+213, equity=$94,089
2026-04-03 07:47:08 | DEBUG    | [20231003] 1 trades, day P&L=$+268, equity=$94,357
2026-04-03 07:47:08 | DEBUG    | [20231004] 1 trades, day P&L=$+198, equity=$94,555
2026-04-03 07:47:08 | DEBUG    | [20231005] 1 trades, day P&L=$+223, equity=$94,778
2026-04-03 07:47:08 | DEBUG    | [20231009] 1 trades, day P&L=$+228, equity=$95,006
2026-04-03 07:47:08 | DEBUG    | [20231011] 1 trades, day P&L=$+213, equity=$95,219
2026-04-03 07:47:08 | DEBUG    | [20231012] 1 trades, day P&L=$-812, equity=$94,407
2026-04-03 07:47:08 | DEBUG    | [20231013] 1 trades, day P&L=$+29, equity=$94,436
2026-04-03 07:47:08 | DEBUG    | [20231018] 1 trades, day P&L=$-762, equity=$93,674
2026-04-03 07:47:08 | DEBUG    | [20231019] 1 trades, day P&L=$-702, equity=$92,972
2026-04-03 07:47:08 | DEBUG    | [20231020] 1 trades, day P&L=$+227, equity=$93,199
2026-04-03 07:47:08 | DEBUG    | [20231025] 1 trades, day P&L=$-752, equity=$92,447
2026-04-03 07:47:08 | DEBUG    | [20231026] 1 trades, day P&L=$-772, equity=$91,675
2026-04-03 07:47:08 | DEBUG    | [20231027] 1 trades, day P&L=$-742, equity=$90,933
2026-04-03 07:47:08 | DEBUG    | [20231030] 1 trades, day P&L=$+258, equity=$91,191
2026-04-03 07:47:08 | DEBUG    | [20231031] 1 trades, day P&L=$+193, equity=$91,384
2026-04-03 07:47:08 | DEBUG    | [20231106] 1 trades, day P&L=$+128, equity=$91,512
2026-04-03 07:47:08 | DEBUG    | [20231108] 1 trades, day P&L=$+163, equity=$91,675
2026-04-03 07:47:08 | DEBUG    | [20231109] 1 trades, day P&L=$-842, equity=$90,833
2026-04-03 07:47:08 | DEBUG    | [20231110] 1 trades, day P&L=$+168, equity=$91,001
2026-04-03 07:47:08 | DEBUG    | [20231113] 1 trades, day P&L=$+173, equity=$91,174
2026-04-03 07:47:08 | DEBUG    | [20231115] 1 trades, day P&L=$-49, equity=$91,125
2026-04-03 07:47:08 | DEBUG    | [20231116] 1 trades, day P&L=$+183, equity=$91,308
2026-04-03 07:47:08 | DEBUG    | [20231117] 1 trades, day P&L=$+148, equity=$91,456
2026-04-03 07:47:08 | DEBUG    | [20231121] 1 trades, day P&L=$+123, equity=$91,579
2026-04-03 07:47:08 | DEBUG    | [20231122] 1 trades, day P&L=$+143, equity=$91,722
2026-04-03 07:47:08 | DEBUG    | [20231127] 1 trades, day P&L=$+63, equity=$91,785
2026-04-03 07:47:08 | DEBUG    | [20231128] 1 trades, day P&L=$+103, equity=$91,888
2026-04-03 07:47:08 | DEBUG    | [20231129] 1 trades, day P&L=$-803, equity=$91,085
2026-04-03 07:47:08 | DEBUG    | [20231130] 1 trades, day P&L=$+143, equity=$91,228
2026-04-03 07:47:08 | DEBUG    | [20231201] 1 trades, day P&L=$+223, equity=$91,451
2026-04-03 07:47:08 | DEBUG    | [20231204] 1 trades, day P&L=$+113, equity=$91,564
2026-04-03 07:47:08 | DEBUG    | [20231206] 1 trades, day P&L=$-832, equity=$90,732
2026-04-03 07:47:08 | DEBUG    | [20231207] 1 trades, day P&L=$+138, equity=$90,870
2026-04-03 07:47:08 | DEBUG    | [20231212] 1 trades, day P&L=$+93, equity=$90,963
2026-04-03 07:47:08 | DEBUG    | [20231213] 1 trades, day P&L=$+248, equity=$91,211
2026-04-03 07:47:08 | DEBUG    | [20231214] 1 trades, day P&L=$+183, equity=$91,394
2026-04-03 07:47:08 | DEBUG    | [20231215] 1 trades, day P&L=$+118, equity=$91,512
2026-04-03 07:47:08 | DEBUG    | [20231218] 1 trades, day P&L=$+103, equity=$91,615
2026-04-03 07:47:08 | DEBUG    | [20231220] 1 trades, day P&L=$-907, equity=$90,708
2026-04-03 07:47:08 | DEBUG    | [20231221] 1 trades, day P&L=$+228, equity=$90,936
2026-04-03 07:47:08 | DEBUG    | [20231222] 1 trades, day P&L=$+183, equity=$91,119
2026-04-03 07:47:08 | DEBUG    | [20231226] 1 trades, day P&L=$+98, equity=$91,217
2026-04-03 07:47:08 | DEBUG    | [20231227] 1 trades, day P&L=$+123, equity=$91,340
2026-04-03 07:47:08 | DEBUG    | [20231228] 1 trades, day P&L=$+83, equity=$91,423
2026-04-03 07:47:08 | DEBUG    | [20231229] 1 trades, day P&L=$+178, equity=$91,601
2026-04-03 07:47:08 | DEBUG    | [20240102] 1 trades, day P&L=$+93, equity=$91,694
2026-04-03 07:47:08 | DEBUG    | [20240103] 1 trades, day P&L=$+183, equity=$91,877
2026-04-03 07:47:08 | DEBUG    | [20240109] 1 trades, day P&L=$+133, equity=$92,010
2026-04-03 07:47:08 | DEBUG    | [20240110] 1 trades, day P&L=$+128, equity=$92,138
2026-04-03 07:47:08 | DEBUG    | [20240111] 1 trades, day P&L=$+238, equity=$92,376
2026-04-03 07:47:08 | DEBUG    | [20240112] 1 trades, day P&L=$+193, equity=$92,569
2026-04-03 07:47:08 | DEBUG    | [20240116] 1 trades, day P&L=$+168, equity=$92,737
2026-04-03 07:47:08 | DEBUG    | [20240117] 1 trades, day P&L=$+218, equity=$92,955
2026-04-03 07:47:08 | DEBUG    | [20240118] 1 trades, day P&L=$+153, equity=$93,108
2026-04-03 07:47:08 | DEBUG    | [20240119] 1 trades, day P&L=$+158, equity=$93,266
2026-04-03 07:47:08 | DEBUG    | [20240122] 1 trades, day P&L=$+163, equity=$93,429
2026-04-03 07:47:08 | DEBUG    | [20240123] 1 trades, day P&L=$+128, equity=$93,557
2026-04-03 07:47:08 | DEBUG    | [20240124] 1 trades, day P&L=$-832, equity=$92,725
2026-04-03 07:47:08 | DEBUG    | [20240125] 1 trades, day P&L=$+168, equity=$92,893
2026-04-03 07:47:08 | DEBUG    | [20240129] 1 trades, day P&L=$+143, equity=$93,036
2026-04-03 07:47:08 | DEBUG    | [20240130] 1 trades, day P&L=$+153, equity=$93,189
2026-04-03 07:47:08 | DEBUG    | [20240131] 1 trades, day P&L=$-682, equity=$92,507
2026-04-03 07:47:08 | DEBUG    | [20240201] 1 trades, day P&L=$+238, equity=$92,745
2026-04-03 07:47:08 | DEBUG    | [20240205] 1 trades, day P&L=$+188, equity=$92,933
2026-04-03 07:47:08 | DEBUG    | [20240206] 1 trades, day P&L=$+183, equity=$93,116
2026-04-03 07:47:08 | DEBUG    | [20240207] 1 trades, day P&L=$+188, equity=$93,304
2026-04-03 07:47:08 | DEBUG    | [20240208] 1 trades, day P&L=$+188, equity=$93,492
2026-04-03 07:47:08 | DEBUG    | [20240209] 1 trades, day P&L=$+128, equity=$93,620
2026-04-03 07:47:08 | DEBUG    | [20240212] 1 trades, day P&L=$+98, equity=$93,718
2026-04-03 07:47:08 | DEBUG    | [20240213] 1 trades, day P&L=$+188, equity=$93,906
2026-04-03 07:47:08 | DEBUG    | [20240214] 1 trades, day P&L=$+203, equity=$94,109
2026-04-03 07:47:08 | DEBUG    | [20240215] 1 trades, day P&L=$+173, equity=$94,282
2026-04-03 07:47:08 | DEBUG    | [20240216] 1 trades, day P&L=$-207, equity=$94,075
2026-04-03 07:47:08 | DEBUG    | [20240220] 1 trades, day P&L=$+183, equity=$94,258
2026-04-03 07:47:08 | DEBUG    | [20240221] 1 trades, day P&L=$+193, equity=$94,451
2026-04-03 07:47:08 | DEBUG    | [20240223] 1 trades, day P&L=$+183, equity=$94,634
2026-04-03 07:47:08 | DEBUG    | [20240226] 1 trades, day P&L=$+76, equity=$94,710
2026-04-03 07:47:08 | DEBUG    | [20240227] 1 trades, day P&L=$+168, equity=$94,878
2026-04-03 07:47:08 | DEBUG    | [20240228] 1 trades, day P&L=$+123, equity=$95,001
2026-04-03 07:47:08 | DEBUG    | [20240229] 1 trades, day P&L=$+183, equity=$95,184
2026-04-03 07:47:08 | DEBUG    | [20240301] 1 trades, day P&L=$+148, equity=$95,332
2026-04-03 07:47:08 | DEBUG    | [20240304] 1 trades, day P&L=$+83, equity=$95,415
2026-04-03 07:47:08 | DEBUG    | [20240305] 1 trades, day P&L=$+153, equity=$95,568
2026-04-03 07:47:08 | DEBUG    | [20240306] 1 trades, day P&L=$+208, equity=$95,776
2026-04-03 07:47:08 | DEBUG    | [20240311] 1 trades, day P&L=$+218, equity=$95,994
2026-04-03 07:47:08 | DEBUG    | [20240313] 1 trades, day P&L=$+153, equity=$96,147
2026-04-03 07:47:08 | DEBUG    | [20240314] 1 trades, day P&L=$+218, equity=$96,365
2026-04-03 07:47:08 | DEBUG    | [20240315] 1 trades, day P&L=$-64, equity=$96,301
2026-04-03 07:47:08 | DEBUG    | [20240319] 1 trades, day P&L=$+168, equity=$96,469
2026-04-03 07:47:08 | DEBUG    | [20240320] 1 trades, day P&L=$+328, equity=$96,797
2026-04-03 07:47:08 | DEBUG    | [20240321] 1 trades, day P&L=$-180, equity=$96,617
2026-04-03 07:47:08 | DEBUG    | [20240322] 1 trades, day P&L=$+183, equity=$96,800
2026-04-03 07:47:08 | DEBUG    | [20240325] 1 trades, day P&L=$+123, equity=$96,923
2026-04-03 07:47:08 | DEBUG    | [20240326] 1 trades, day P&L=$-917, equity=$96,006
2026-04-03 07:47:08 | DEBUG    | [20240327] 1 trades, day P&L=$+148, equity=$96,154
2026-04-03 07:47:08 | DEBUG    | [20240328] 1 trades, day P&L=$+133, equity=$96,287
2026-04-03 07:47:08 | DEBUG    | [20240401] 1 trades, day P&L=$+143, equity=$96,430
2026-04-03 07:47:08 | DEBUG    | [20240402] 1 trades, day P&L=$+153, equity=$96,583
2026-04-03 07:47:08 | DEBUG    | [20240404] 1 trades, day P&L=$-872, equity=$95,711
2026-04-03 07:47:08 | DEBUG    | [20240408] 1 trades, day P&L=$-105, equity=$95,606
2026-04-03 07:47:08 | DEBUG    | [20240409] 1 trades, day P&L=$+268, equity=$95,874
2026-04-03 07:47:08 | DEBUG    | [20240410] 1 trades, day P&L=$+278, equity=$96,152
2026-04-03 07:47:08 | DEBUG    | [20240411] 1 trades, day P&L=$+238, equity=$96,390
2026-04-03 07:47:08 | DEBUG    | [20240412] 1 trades, day P&L=$+108, equity=$96,498
2026-04-03 07:47:08 | DEBUG    | [20240415] 1 trades, day P&L=$-732, equity=$95,766
2026-04-03 07:47:08 | DEBUG    | [20240416] 1 trades, day P&L=$+308, equity=$96,074
2026-04-03 07:47:08 | DEBUG    | [20240417] 1 trades, day P&L=$-702, equity=$95,372
2026-04-03 07:47:08 | DEBUG    | [20240419] 1 trades, day P&L=$-712, equity=$94,660
2026-04-03 07:47:08 | DEBUG    | [20240422] 1 trades, day P&L=$+248, equity=$94,908
2026-04-03 07:47:08 | DEBUG    | [20240424] 1 trades, day P&L=$+208, equity=$95,116
2026-04-03 07:47:08 | DEBUG    | [20240425] 1 trades, day P&L=$+228, equity=$95,344
2026-04-03 07:47:08 | DEBUG    | [20240429] 1 trades, day P&L=$+143, equity=$95,487
2026-04-03 07:47:08 | DEBUG    | [20240430] 1 trades, day P&L=$-827, equity=$94,660
2026-04-03 07:47:08 | DEBUG    | [20240501] 1 trades, day P&L=$+348, equity=$95,008
2026-04-03 07:47:08 | DEBUG    | [20240502] 1 trades, day P&L=$+258, equity=$95,266
2026-04-03 07:47:08 | DEBUG    | [20240503] 1 trades, day P&L=$+238, equity=$95,504
2026-04-03 07:47:08 | DEBUG    | [20240507] 1 trades, day P&L=$+163, equity=$95,667
2026-04-03 07:47:08 | DEBUG    | [20240509] 1 trades, day P&L=$+118, equity=$95,785
2026-04-03 07:47:08 | DEBUG    | [20240510] 1 trades, day P&L=$+153, equity=$95,938
2026-04-03 07:47:08 | DEBUG    | [20240513] 1 trades, day P&L=$+148, equity=$96,086
2026-04-03 07:47:08 | DEBUG    | [20240514] 1 trades, day P&L=$+138, equity=$96,224
2026-04-03 07:47:08 | DEBUG    | [20240516] 1 trades, day P&L=$-902, equity=$95,322
2026-04-03 07:47:08 | DEBUG    | [20240517] 1 trades, day P&L=$+128, equity=$95,450
2026-04-03 07:47:08 | DEBUG    | [20240521] 1 trades, day P&L=$+83, equity=$95,533
2026-04-03 07:47:08 | DEBUG    | [20240522] 1 trades, day P&L=$-209, equity=$95,324
2026-04-03 07:47:08 | DEBUG    | [20240523] 1 trades, day P&L=$-822, equity=$94,502
2026-04-03 07:47:08 | DEBUG    | [20240528] 1 trades, day P&L=$+108, equity=$94,610
2026-04-03 07:47:08 | DEBUG    | [20240529] 1 trades, day P&L=$+153, equity=$94,763
2026-04-03 07:47:08 | DEBUG    | [20240531] 1 trades, day P&L=$+228, equity=$94,991
2026-04-03 07:47:08 | DEBUG    | [20240603] 1 trades, day P&L=$+218, equity=$95,209
2026-04-03 07:47:08 | DEBUG    | [20240604] 1 trades, day P&L=$+218, equity=$95,427
2026-04-03 07:47:08 | DEBUG    | [20240605] 1 trades, day P&L=$+178, equity=$95,605
2026-04-03 07:47:08 | DEBUG    | [20240606] 1 trades, day P&L=$+153, equity=$95,758
2026-04-03 07:47:08 | DEBUG    | [20240610] 1 trades, day P&L=$+123, equity=$95,881
2026-04-03 07:47:09 | DEBUG    | [20240611] 1 trades, day P&L=$+153, equity=$96,034
2026-04-03 07:47:09 | DEBUG    | [20240613] 1 trades, day P&L=$+208, equity=$96,242
2026-04-03 07:47:09 | DEBUG    | [20240614] 1 trades, day P&L=$+183, equity=$96,425
2026-04-03 07:47:09 | DEBUG    | [20240617] 1 trades, day P&L=$+128, equity=$96,553
2026-04-03 07:47:09 | DEBUG    | [20240618] 1 trades, day P&L=$+198, equity=$96,751
2026-04-03 07:47:09 | DEBUG    | [20240620] 1 trades, day P&L=$-832, equity=$95,919
2026-04-03 07:47:09 | DEBUG    | [20240621] 1 trades, day P&L=$+213, equity=$96,132
2026-04-03 07:47:09 | DEBUG    | [20240625] 1 trades, day P&L=$+148, equity=$96,280
2026-04-03 07:47:09 | DEBUG    | [20240626] 1 trades, day P&L=$+148, equity=$96,428
2026-04-03 07:47:09 | DEBUG    | [20240627] 1 trades, day P&L=$+178, equity=$96,606
2026-04-03 07:47:09 | DEBUG    | [20240701] 1 trades, day P&L=$+218, equity=$96,824
2026-04-03 07:47:09 | DEBUG    | [20240703] 1 trades, day P&L=$-942, equity=$95,882
2026-04-03 07:47:09 | DEBUG    | [20240705] 1 trades, day P&L=$+128, equity=$96,010
2026-04-03 07:47:09 | DEBUG    | [20240708] 1 trades, day P&L=$+128, equity=$96,138
2026-04-03 07:47:09 | DEBUG    | [20240709] 1 trades, day P&L=$+128, equity=$96,266
2026-04-03 07:47:09 | DEBUG    | [20240710] 1 trades, day P&L=$+98, equity=$96,364
2026-04-03 07:47:09 | DEBUG    | [20240711] 1 trades, day P&L=$-356, equity=$96,008
2026-04-03 07:47:09 | DEBUG    | [20240716] 1 trades, day P&L=$+188, equity=$96,196
2026-04-03 07:47:09 | DEBUG    | [20240717] 1 trades, day P&L=$+76, equity=$96,272
2026-04-03 07:47:09 | DEBUG    | [20240718] 1 trades, day P&L=$-752, equity=$95,520
2026-04-03 07:47:09 | DEBUG    | [20240719] 1 trades, day P&L=$-753, equity=$94,767
2026-04-03 07:47:09 | DEBUG    | [20240722] 1 trades, day P&L=$+248, equity=$95,015
2026-04-03 07:47:09 | DEBUG    | [20240723] 1 trades, day P&L=$+198, equity=$95,213
2026-04-03 07:47:09 | DEBUG    | [20240724] 1 trades, day P&L=$-772, equity=$94,441
2026-04-03 07:47:09 | DEBUG    | [20240729] 1 trades, day P&L=$+288, equity=$94,729
2026-04-03 07:47:09 | DEBUG    | [20240730] 1 trades, day P&L=$-579, equity=$94,150
2026-04-03 07:47:09 | DEBUG    | [20240801] 1 trades, day P&L=$-682, equity=$93,468
2026-04-03 07:47:09 | DEBUG    | [20240802] 1 trades, day P&L=$+318, equity=$93,786
2026-04-03 07:47:09 | DEBUG    | [20240809] 1 trades, day P&L=$+278, equity=$94,064
2026-04-03 07:47:09 | DEBUG    | [20240814] 1 trades, day P&L=$+248, equity=$94,312
2026-04-03 07:47:09 | DEBUG    | [20240816] 1 trades, day P&L=$+208, equity=$94,520
2026-04-03 07:47:09 | DEBUG    | [20240820] 1 trades, day P&L=$+218, equity=$94,738
2026-04-03 07:47:09 | DEBUG    | [20240821] 1 trades, day P&L=$+228, equity=$94,966
2026-04-03 07:47:09 | DEBUG    | [20240822] 1 trades, day P&L=$-762, equity=$94,204
2026-04-03 07:47:09 | DEBUG    | [20240826] 1 trades, day P&L=$+218, equity=$94,422
2026-04-03 07:47:09 | DEBUG    | [20240828] 1 trades, day P&L=$-106, equity=$94,316
2026-04-03 07:47:09 | DEBUG    | [20240830] 1 trades, day P&L=$+228, equity=$94,544
2026-04-03 07:47:09 | DEBUG    | [20240903] 1 trades, day P&L=$-732, equity=$93,812
2026-04-03 07:47:09 | DEBUG    | [20240905] 1 trades, day P&L=$+268, equity=$94,080
2026-04-03 07:47:09 | DEBUG    | [20240906] 1 trades, day P&L=$-340, equity=$93,740
2026-04-03 07:47:09 | DEBUG    | [20240909] 1 trades, day P&L=$+228, equity=$93,968
2026-04-03 07:47:09 | DEBUG    | [20240910] 1 trades, day P&L=$+248, equity=$94,216
2026-04-03 07:47:09 | DEBUG    | [20240911] 1 trades, day P&L=$+308, equity=$94,524
2026-04-03 07:47:09 | DEBUG    | [20240912] 1 trades, day P&L=$+268, equity=$94,792
2026-04-03 07:47:09 | DEBUG    | [20240916] 1 trades, day P&L=$+218, equity=$95,010
2026-04-03 07:47:09 | DEBUG    | [20240917] 1 trades, day P&L=$-792, equity=$94,218
2026-04-03 07:47:09 | DEBUG    | [20240918] 1 trades, day P&L=$+177, equity=$94,395
2026-04-03 07:47:09 | DEBUG    | [20240919] 1 trades, day P&L=$+228, equity=$94,623
2026-04-03 07:47:09 | DEBUG    | [20240920] 1 trades, day P&L=$+248, equity=$94,871
2026-04-03 07:47:09 | DEBUG    | [20240923] 1 trades, day P&L=$+178, equity=$95,049
2026-04-03 07:47:09 | DEBUG    | [20240924] 1 trades, day P&L=$+163, equity=$95,212
2026-04-03 07:47:09 | DEBUG    | [20240925] 1 trades, day P&L=$+128, equity=$95,340
2026-04-03 07:47:09 | DEBUG    | [20240926] 1 trades, day P&L=$+168, equity=$95,508
2026-04-03 07:47:09 | DEBUG    | [20240927] 1 trades, day P&L=$-560, equity=$94,948
2026-04-03 07:47:09 | DEBUG    | [20240930] 1 trades, day P&L=$+168, equity=$95,116
2026-04-03 07:47:09 | DEBUG    | [20241001] 1 trades, day P&L=$+288, equity=$95,404
2026-04-03 07:47:09 | DEBUG    | [20241002] 1 trades, day P&L=$+218, equity=$95,622
2026-04-03 07:47:09 | DEBUG    | [20241003] 1 trades, day P&L=$+258, equity=$95,880
2026-04-03 07:47:09 | DEBUG    | [20241004] 1 trades, day P&L=$+268, equity=$96,148
2026-04-03 07:47:09 | DEBUG    | [20241007] 1 trades, day P&L=$-822, equity=$95,326
2026-04-03 07:47:09 | DEBUG    | [20241010] 1 trades, day P&L=$+198, equity=$95,524
2026-04-03 07:47:09 | DEBUG    | [20241015] 1 trades, day P&L=$-796, equity=$94,728
2026-04-03 07:47:09 | DEBUG    | [20241016] 1 trades, day P&L=$+153, equity=$94,881
2026-04-03 07:47:09 | DEBUG    | [20241017] 1 trades, day P&L=$+178, equity=$95,059
2026-04-03 07:47:09 | DEBUG    | [20241018] 1 trades, day P&L=$+138, equity=$95,197
2026-04-03 07:47:09 | DEBUG    | [20241021] 1 trades, day P&L=$+148, equity=$95,345
2026-04-03 07:47:09 | DEBUG    | [20241022] 1 trades, day P&L=$+153, equity=$95,498
2026-04-03 07:47:09 | DEBUG    | [20241023] 1 trades, day P&L=$-827, equity=$94,671
2026-04-03 07:47:09 | DEBUG    | [20241024] 1 trades, day P&L=$+208, equity=$94,879
2026-04-03 07:47:09 | DEBUG    | [20241028] 1 trades, day P&L=$+23, equity=$94,902
2026-04-03 07:47:09 | DEBUG    | [20241029] 1 trades, day P&L=$+143, equity=$95,045
2026-04-03 07:47:09 | DEBUG    | [20241030] 1 trades, day P&L=$-847, equity=$94,198
2026-04-03 07:47:09 | DEBUG    | [20241031] 1 trades, day P&L=$-715, equity=$93,483
2026-04-03 07:47:09 | DEBUG    | [20241104] 1 trades, day P&L=$-549, equity=$92,934
2026-04-03 07:47:09 | DEBUG    | [20241111] 1 trades, day P&L=$+123, equity=$93,057
2026-04-03 07:47:09 | DEBUG    | [20241112] 1 trades, day P&L=$+143, equity=$93,200
2026-04-03 07:47:09 | DEBUG    | [20241113] 1 trades, day P&L=$+158, equity=$93,358
2026-04-03 07:47:09 | DEBUG    | [20241114] 1 trades, day P&L=$-812, equity=$92,546
2026-04-03 07:47:09 | DEBUG    | [20241115] 1 trades, day P&L=$+218, equity=$92,764
2026-04-03 07:47:09 | DEBUG    | [20241120] 1 trades, day P&L=$+238, equity=$93,002
2026-04-03 07:47:09 | DEBUG    | [20241121] 1 trades, day P&L=$+248, equity=$93,250
2026-04-03 07:47:09 | DEBUG    | [20241125] 1 trades, day P&L=$+158, equity=$93,408
2026-04-03 07:47:09 | DEBUG    | [20241126] 1 trades, day P&L=$+148, equity=$93,556
2026-04-03 07:47:09 | DEBUG    | [20241127] 1 trades, day P&L=$+128, equity=$93,684
2026-04-03 07:47:09 | DEBUG    | [20241202] 1 trades, day P&L=$+113, equity=$93,797
2026-04-03 07:47:09 | DEBUG    | [20241203] 1 trades, day P&L=$+98, equity=$93,895
2026-04-03 07:47:09 | DEBUG    | [20241204] 1 trades, day P&L=$+128, equity=$94,023
2026-04-03 07:47:09 | DEBUG    | [20241205] 1 trades, day P&L=$+103, equity=$94,126
2026-04-03 07:47:09 | DEBUG    | [20241209] 1 trades, day P&L=$+118, equity=$94,244
2026-04-03 07:47:09 | DEBUG    | [20241210] 1 trades, day P&L=$-907, equity=$93,337
2026-04-03 07:47:09 | DEBUG    | [20241212] 1 trades, day P&L=$-892, equity=$92,445
2026-04-03 07:47:09 | DEBUG    | [20241213] 1 trades, day P&L=$+138, equity=$92,583
2026-04-03 07:47:09 | DEBUG    | [20241216] 1 trades, day P&L=$+88, equity=$92,671
2026-04-03 07:47:09 | DEBUG    | [20241217] 1 trades, day P&L=$+138, equity=$92,809
2026-04-03 07:47:09 | DEBUG    | [20241219] 1 trades, day P&L=$-742, equity=$92,067
2026-04-03 07:47:09 | DEBUG    | [20241223] 1 trades, day P&L=$+268, equity=$92,335
2026-04-03 07:47:09 | DEBUG    | [20241226] 1 trades, day P&L=$+163, equity=$92,498
2026-04-03 07:47:09 | DEBUG    | [20241227] 1 trades, day P&L=$+238, equity=$92,736
2026-04-03 07:47:09 | DEBUG    | [20241230] 1 trades, day P&L=$+268, equity=$93,004
2026-04-03 07:47:09 | DEBUG    | [20241231] 1 trades, day P&L=$-682, equity=$92,322
2026-04-03 07:47:09 | DEBUG    | [20250102] 1 trades, day P&L=$-692, equity=$91,630
2026-04-03 07:47:09 | DEBUG    | [20250107] 1 trades, day P&L=$-752, equity=$90,878
2026-04-03 07:47:09 | DEBUG    | [20250108] 1 trades, day P&L=$+278, equity=$91,156
2026-04-03 07:47:09 | DEBUG    | [20250110] 1 trades, day P&L=$+298, equity=$91,454
2026-04-03 07:47:09 | DEBUG    | [20250114] 1 trades, day P&L=$+268, equity=$91,722
2026-04-03 07:47:09 | DEBUG    | [20250116] 1 trades, day P&L=$-510, equity=$91,212
2026-04-03 07:47:09 | DEBUG    | [20250117] 1 trades, day P&L=$+208, equity=$91,420
2026-04-03 07:47:09 | DEBUG    | [20250121] 1 trades, day P&L=$+218, equity=$91,638
2026-04-03 07:47:09 | DEBUG    | [20250122] 1 trades, day P&L=$+178, equity=$91,816
2026-04-03 07:47:09 | DEBUG    | [20250124] 1 trades, day P&L=$+158, equity=$91,974
2026-04-03 07:47:09 | DEBUG    | [20250129] 1 trades, day P&L=$+288, equity=$92,262
2026-04-03 07:47:09 | DEBUG    | [20250130] 1 trades, day P&L=$+278, equity=$92,540
2026-04-03 07:47:09 | DEBUG    | [20250205] 1 trades, day P&L=$+238, equity=$92,778
2026-04-03 07:47:09 | DEBUG    | [20250206] 1 trades, day P&L=$+218, equity=$92,996
2026-04-03 07:47:09 | DEBUG    | [20250207] 1 trades, day P&L=$-732, equity=$92,264
2026-04-03 07:47:09 | DEBUG    | [20250214] 1 trades, day P&L=$+188, equity=$92,452
2026-04-03 07:47:10 | DEBUG    | [20250218] 1 trades, day P&L=$+168, equity=$92,620
2026-04-03 07:47:10 | DEBUG    | [20250219] 1 trades, day P&L=$+153, equity=$92,773
2026-04-03 07:47:10 | DEBUG    | [20250220] 1 trades, day P&L=$+218, equity=$92,991
2026-04-03 07:47:10 | DEBUG    | [20250221] 1 trades, day P&L=$-772, equity=$92,219
2026-04-03 07:47:10 | DEBUG    | [20250224] 1 trades, day P&L=$+258, equity=$92,477
2026-04-03 07:47:10 | DEBUG    | [20250225] 1 trades, day P&L=$+288, equity=$92,765
2026-04-03 07:47:10 | DEBUG    | [20250227] 1 trades, day P&L=$-712, equity=$92,053
2026-04-03 07:47:10 | DEBUG    | [20250303] 1 trades, day P&L=$-692, equity=$91,361
2026-04-03 07:47:10 | DEBUG    | [20250304] 1 trades, day P&L=$+338, equity=$91,699
2026-04-03 07:47:10 | DEBUG    | [20250305] 1 trades, day P&L=$+368, equity=$92,067
2026-04-03 07:47:10 | DEBUG    | [20250306] 1 trades, day P&L=$-652, equity=$91,415
2026-04-03 07:47:10 | DEBUG    | [20250307] 1 trades, day P&L=$+358, equity=$91,773
2026-04-03 07:47:10 | DEBUG    | [20250310] 1 trades, day P&L=$-622, equity=$91,151
2026-04-03 07:47:10 | DEBUG    | [20250311] 1 trades, day P&L=$+368, equity=$91,519
2026-04-03 07:47:10 | DEBUG    | [20250312] 1 trades, day P&L=$+328, equity=$91,847
2026-04-03 07:47:10 | DEBUG    | [20250313] 1 trades, day P&L=$-652, equity=$91,195
2026-04-03 07:47:10 | DEBUG    | [20250317] 1 trades, day P&L=$+288, equity=$91,483
2026-04-03 07:47:10 | DEBUG    | [20250318] 1 trades, day P&L=$+298, equity=$91,781
2026-04-03 07:47:10 | DEBUG    | [20250319] 1 trades, day P&L=$+338, equity=$92,119
2026-04-03 07:47:10 | DEBUG    | [20250321] 1 trades, day P&L=$+318, equity=$92,437
2026-04-03 07:47:10 | DEBUG    | [20250325] 1 trades, day P&L=$+188, equity=$92,625
2026-04-03 07:47:10 | DEBUG    | [20250326] 1 trades, day P&L=$-802, equity=$91,823
2026-04-03 07:47:10 | DEBUG    | [20250328] 1 trades, day P&L=$-712, equity=$91,111
2026-04-03 07:47:10 | DEBUG    | [20250331] 1 trades, day P&L=$+328, equity=$91,439
2026-04-03 07:47:10 | DEBUG    | [20250403] 1 trades, day P&L=$-622, equity=$90,817
2026-04-03 07:47:10 | DEBUG    | [20250404] 1 trades, day P&L=$-642, equity=$90,175
2026-04-03 07:47:10 | DEBUG    | [20250408] 1 trades, day P&L=$-662, equity=$89,513
2026-04-03 07:47:10 | DEBUG    | [20250409] 1 trades, day P&L=$+368, equity=$89,881
2026-04-03 07:47:10 | DEBUG    | [20250410] 1 trades, day P&L=$+161, equity=$90,042
2026-04-03 07:47:10 | DEBUG    | [20250411] 1 trades, day P&L=$+358, equity=$90,400
2026-04-03 07:47:10 | DEBUG    | [20250414] 1 trades, day P&L=$-682, equity=$89,718
2026-04-03 07:47:10 | DEBUG    | [20250415] 1 trades, day P&L=$-712, equity=$89,006
2026-04-03 07:47:10 | DEBUG    | [20250416] 1 trades, day P&L=$-652, equity=$88,354
2026-04-03 07:47:10 | DEBUG    | [20250417] 1 trades, day P&L=$+318, equity=$88,672
2026-04-03 07:47:10 | DEBUG    | [20250421] 1 trades, day P&L=$+348, equity=$89,020
2026-04-03 07:47:10 | DEBUG    | [20250425] 1 trades, day P&L=$+298, equity=$89,318
2026-04-03 07:47:10 | DEBUG    | [20250428] 1 trades, day P&L=$+278, equity=$89,596
2026-04-03 07:47:10 | DEBUG    | [20250430] 1 trades, day P&L=$+348, equity=$89,944
2026-04-03 07:47:10 | DEBUG    | [20250505] 1 trades, day P&L=$-193, equity=$89,751
2026-04-03 07:47:10 | DEBUG    | [20250507] 1 trades, day P&L=$+338, equity=$90,089
2026-04-03 07:47:10 | DEBUG    | [20250508] 1 trades, day P&L=$+308, equity=$90,397
2026-04-03 07:47:10 | DEBUG    | [20250509] 1 trades, day P&L=$+288, equity=$90,685
2026-04-03 07:47:10 | DEBUG    | [20250512] 1 trades, day P&L=$+288, equity=$90,973
2026-04-03 07:47:10 | DEBUG    | [20250514] 1 trades, day P&L=$+248, equity=$91,221
2026-04-03 07:47:10 | DEBUG    | [20250515] 1 trades, day P&L=$+228, equity=$91,449
2026-04-03 07:47:10 | DEBUG    | [20250516] 1 trades, day P&L=$+218, equity=$91,667
2026-04-03 07:47:10 | DEBUG    | [20250520] 1 trades, day P&L=$+238, equity=$91,905
2026-04-03 07:47:10 | DEBUG    | [20250521] 1 trades, day P&L=$-792, equity=$91,113
2026-04-03 07:47:10 | DEBUG    | [20250522] 1 trades, day P&L=$+298, equity=$91,411
2026-04-03 07:47:10 | DEBUG    | [20250523] 1 trades, day P&L=$+308, equity=$91,719
2026-04-03 07:47:10 | DEBUG    | [20250528] 1 trades, day P&L=$-396, equity=$91,323
2026-04-03 07:47:10 | DEBUG    | [20250529] 1 trades, day P&L=$+288, equity=$91,611
2026-04-03 07:47:10 | DEBUG    | [20250530] 1 trades, day P&L=$+268, equity=$91,879
2026-04-03 07:47:10 | DEBUG    | [20250602] 1 trades, day P&L=$+208, equity=$92,087
2026-04-03 07:47:10 | DEBUG    | [20250603] 1 trades, day P&L=$+178, equity=$92,265
2026-04-03 07:47:10 | DEBUG    | [20250604] 1 trades, day P&L=$-211, equity=$92,054
2026-04-03 07:47:10 | DEBUG    | [20250605] 1 trades, day P&L=$-762, equity=$91,292
2026-04-03 07:47:10 | DEBUG    | [20250609] 1 trades, day P&L=$+183, equity=$91,475
2026-04-03 07:47:10 | DEBUG    | [20250610] 1 trades, day P&L=$+183, equity=$91,658
2026-04-03 07:47:10 | DEBUG    | [20250611] 1 trades, day P&L=$-792, equity=$90,866
2026-04-03 07:47:10 | DEBUG    | [20250613] 1 trades, day P&L=$-566, equity=$90,300
2026-04-03 07:47:10 | DEBUG    | [20250617] 1 trades, day P&L=$-782, equity=$89,518
2026-04-03 07:47:10 | DEBUG    | [20250620] 1 trades, day P&L=$+278, equity=$89,796
2026-04-03 07:47:10 | DEBUG    | [20250624] 1 trades, day P&L=$+168, equity=$89,964
2026-04-03 07:47:10 | DEBUG    | [20250625] 1 trades, day P&L=$+168, equity=$90,132
2026-04-03 07:47:10 | DEBUG    | [20250630] 1 trades, day P&L=$+208, equity=$90,340
2026-04-03 07:47:10 | DEBUG    | [20250701] 1 trades, day P&L=$+163, equity=$90,503
2026-04-03 07:47:10 | DEBUG    | [20250707] 1 trades, day P&L=$+166, equity=$90,669
2026-04-03 07:47:10 | DEBUG    | [20250708] 1 trades, day P&L=$+208, equity=$90,877
2026-04-03 07:47:10 | DEBUG    | [20250709] 1 trades, day P&L=$+208, equity=$91,085
2026-04-03 07:47:10 | DEBUG    | [20250710] 1 trades, day P&L=$+138, equity=$91,223
2026-04-03 07:47:10 | DEBUG    | [20250711] 1 trades, day P&L=$+218, equity=$91,441
2026-04-03 07:47:10 | DEBUG    | [20250714] 1 trades, day P&L=$+168, equity=$91,609
2026-04-03 07:47:10 | DEBUG    | [20250715] 1 trades, day P&L=$+56, equity=$91,665
2026-04-03 07:47:10 | DEBUG    | [20250716] 1 trades, day P&L=$+188, equity=$91,853
2026-04-03 07:47:10 | DEBUG    | [20250717] 1 trades, day P&L=$+153, equity=$92,006
2026-04-03 07:47:10 | DEBUG    | [20250718] 1 trades, day P&L=$+188, equity=$92,194
2026-04-03 07:47:10 | DEBUG    | [20250722] 1 trades, day P&L=$+138, equity=$92,332
2026-04-03 07:47:10 | DEBUG    | [20250723] 1 trades, day P&L=$+138, equity=$92,470
2026-04-03 07:47:10 | DEBUG    | [20250724] 1 trades, day P&L=$+7, equity=$92,477
2026-04-03 07:47:10 | DEBUG    | [20250725] 1 trades, day P&L=$+103, equity=$92,580
2026-04-03 07:47:10 | DEBUG    | [20250728] 1 trades, day P&L=$+118, equity=$92,698
2026-04-03 07:47:10 | DEBUG    | [20250729] 1 trades, day P&L=$-278, equity=$92,420
2026-04-03 07:47:10 | DEBUG    | [20250730] 1 trades, day P&L=$-467, equity=$91,953
2026-04-03 07:47:10 | DEBUG    | [20250731] 1 trades, day P&L=$-742, equity=$91,211
2026-04-03 07:47:10 | DEBUG    | [20250801] 1 trades, day P&L=$+298, equity=$91,509
2026-04-03 07:47:10 | DEBUG    | [20250805] 1 trades, day P&L=$+208, equity=$91,717
2026-04-03 07:47:10 | DEBUG    | [20250807] 1 trades, day P&L=$+238, equity=$91,955
2026-04-03 07:47:10 | DEBUG    | [20250811] 1 trades, day P&L=$+35, equity=$91,990
2026-04-03 07:47:10 | DEBUG    | [20250813] 1 trades, day P&L=$+178, equity=$92,168
2026-04-03 07:47:10 | DEBUG    | [20250814] 1 trades, day P&L=$+188, equity=$92,356
2026-04-03 07:47:10 | DEBUG    | [20250815] 1 trades, day P&L=$+183, equity=$92,539
2026-04-03 07:47:10 | DEBUG    | [20250818] 1 trades, day P&L=$+133, equity=$92,672
2026-04-03 07:47:10 | DEBUG    | [20250819] 1 trades, day P&L=$-156, equity=$92,516
2026-04-03 07:47:10 | DEBUG    | [20250820] 1 trades, day P&L=$+228, equity=$92,744
2026-04-03 07:47:10 | DEBUG    | [20250821] 1 trades, day P&L=$-247, equity=$92,497
2026-04-03 07:47:10 | DEBUG    | [20250825] 1 trades, day P&L=$-450, equity=$92,047
2026-04-03 07:47:10 | DEBUG    | [20250826] 1 trades, day P&L=$+148, equity=$92,195
2026-04-03 07:47:10 | DEBUG    | [20250828] 1 trades, day P&L=$+188, equity=$92,383
2026-04-03 07:47:10 | DEBUG    | [20250829] 1 trades, day P&L=$+238, equity=$92,621
2026-04-03 07:47:10 | DEBUG    | [20250902] 1 trades, day P&L=$+248, equity=$92,869
2026-04-03 07:47:10 | DEBUG    | [20250903] 1 trades, day P&L=$+158, equity=$93,027
2026-04-03 07:47:10 | DEBUG    | [20250904] 1 trades, day P&L=$+143, equity=$93,170
2026-04-03 07:47:10 | DEBUG    | [20250905] 1 trades, day P&L=$+268, equity=$93,438
2026-04-03 07:47:10 | DEBUG    | [20250908] 1 trades, day P&L=$+113, equity=$93,551
2026-04-03 07:47:10 | DEBUG    | [20250909] 1 trades, day P&L=$+148, equity=$93,699
2026-04-03 07:47:10 | DEBUG    | [20250910] 1 trades, day P&L=$+133, equity=$93,832
2026-04-03 07:47:10 | DEBUG    | [20250912] 1 trades, day P&L=$+98, equity=$93,930
2026-04-03 07:47:10 | DEBUG    | [20250915] 1 trades, day P&L=$+98, equity=$94,028
2026-04-03 07:47:10 | DEBUG    | [20250916] 1 trades, day P&L=$+148, equity=$94,176
2026-04-03 07:47:10 | DEBUG    | [20250917] 1 trades, day P&L=$+328, equity=$94,504
2026-04-03 07:47:10 | DEBUG    | [20250918] 1 trades, day P&L=$+208, equity=$94,712
2026-04-03 07:47:10 | DEBUG    | [20250919] 1 trades, day P&L=$+153, equity=$94,865
2026-04-03 07:47:10 | DEBUG    | [20250923] 1 trades, day P&L=$-882, equity=$93,983
2026-04-03 07:47:10 | DEBUG    | [20250924] 1 trades, day P&L=$-505, equity=$93,478
2026-04-03 07:47:10 | DEBUG    | [20250925] 1 trades, day P&L=$+198, equity=$93,676
2026-04-03 07:47:10 | DEBUG    | [20250926] 1 trades, day P&L=$+268, equity=$93,944
2026-04-03 07:47:10 | DEBUG    | [20250929] 1 trades, day P&L=$+153, equity=$94,097
2026-04-03 07:47:10 | DEBUG    | [20250930] 1 trades, day P&L=$+198, equity=$94,295
2026-04-03 07:47:10 | DEBUG    | [20251002] 1 trades, day P&L=$+208, equity=$94,503
2026-04-03 07:47:11 | DEBUG    | [20251006] 1 trades, day P&L=$+153, equity=$94,656
2026-04-03 07:47:11 | DEBUG    | [20251007] 1 trades, day P&L=$-383, equity=$94,273
2026-04-03 07:47:11 | DEBUG    | [20251009] 1 trades, day P&L=$+173, equity=$94,446
2026-04-03 07:47:11 | DEBUG    | [20251010] 1 trades, day P&L=$-812, equity=$93,634
2026-04-03 07:47:11 | DEBUG    | [20251013] 1 trades, day P&L=$+268, equity=$93,902
2026-04-03 07:47:11 | DEBUG    | [20251016] 1 trades, day P&L=$-762, equity=$93,140
2026-04-03 07:47:11 | DEBUG    | [20251017] 1 trades, day P&L=$+308, equity=$93,448
2026-04-03 07:47:11 | DEBUG    | [20251021] 1 trades, day P&L=$+158, equity=$93,606
2026-04-03 07:47:11 | DEBUG    | [20251022] 1 trades, day P&L=$-802, equity=$92,804
2026-04-03 07:47:11 | DEBUG    | [20251027] 1 trades, day P&L=$+113, equity=$92,917
2026-04-03 07:47:11 | DEBUG    | [20251028] 1 trades, day P&L=$+113, equity=$93,030
2026-04-03 07:47:11 | DEBUG    | [20251029] 1 trades, day P&L=$-139, equity=$92,891
2026-04-03 07:47:11 | DEBUG    | [20251030] 1 trades, day P&L=$-732, equity=$92,159
2026-04-03 07:47:11 | DEBUG    | [20251031] 1 trades, day P&L=$-772, equity=$91,387
2026-04-03 07:47:11 | DEBUG    | [20251103] 1 trades, day P&L=$+248, equity=$91,635
2026-04-03 07:47:11 | DEBUG    | [20251104] 1 trades, day P&L=$-772, equity=$90,863
2026-04-03 07:47:11 | DEBUG    | [20251106] 1 trades, day P&L=$+278, equity=$91,141
2026-04-03 07:47:11 | DEBUG    | [20251107] 1 trades, day P&L=$+318, equity=$91,459
2026-04-03 07:47:11 | DEBUG    | [20251110] 1 trades, day P&L=$+228, equity=$91,687
2026-04-03 07:47:11 | DEBUG    | [20251111] 1 trades, day P&L=$+218, equity=$91,905
2026-04-03 07:47:11 | DEBUG    | [20251112] 1 trades, day P&L=$+228, equity=$92,133
2026-04-03 07:47:11 | DEBUG    | [20251113] 1 trades, day P&L=$-722, equity=$91,411
2026-04-03 07:47:11 | DEBUG    | [20251117] 1 trades, day P&L=$-722, equity=$90,689
2026-04-03 07:47:11 | DEBUG    | [20251118] 1 trades, day P&L=$+368, equity=$91,057
2026-04-03 07:47:11 | DEBUG    | [20251120] 1 trades, day P&L=$-742, equity=$90,315
2026-04-03 07:47:11 | DEBUG    | [20251121] 1 trades, day P&L=$+358, equity=$90,673
2026-04-03 07:47:11 | DEBUG    | [20251126] 1 trades, day P&L=$+168, equity=$90,841
2026-04-03 07:47:11 | DEBUG    | [20251204] 1 trades, day P&L=$+258, equity=$91,099
2026-04-03 07:47:11 | DEBUG    | [20251205] 1 trades, day P&L=$+188, equity=$91,287
2026-04-03 07:47:11 | DEBUG    | [20251208] 1 trades, day P&L=$+208, equity=$91,495
2026-04-03 07:47:11 | DEBUG    | [20251210] 1 trades, day P&L=$+318, equity=$91,813
2026-04-03 07:47:11 | DEBUG    | [20251211] 1 trades, day P&L=$+218, equity=$92,031
2026-04-03 07:47:11 | DEBUG    | [20251212] 1 trades, day P&L=$+298, equity=$92,329
2026-04-03 07:47:11 | DEBUG    | [20251215] 1 trades, day P&L=$+258, equity=$92,587
2026-04-03 07:47:11 | DEBUG    | [20251216] 1 trades, day P&L=$+238, equity=$92,825
2026-04-03 07:47:11 | DEBUG    | [20251217] 1 trades, day P&L=$-722, equity=$92,103
2026-04-03 07:47:11 | DEBUG    | [20251222] 1 trades, day P&L=$+108, equity=$92,211
2026-04-03 07:47:11 | DEBUG    | [20251226] 1 trades, day P&L=$+128, equity=$92,339
2026-04-03 07:47:11 | DEBUG    | [20251229] 1 trades, day P&L=$+158, equity=$92,497
2026-04-03 07:47:11 | DEBUG    | [20251230] 1 trades, day P&L=$+113, equity=$92,610
2026-04-03 07:47:11 | DEBUG    | [20251231] 1 trades, day P&L=$-772, equity=$91,838
2026-04-03 07:47:11 | DEBUG    | [20260102] 1 trades, day P&L=$+258, equity=$92,096
2026-04-03 07:47:11 | DEBUG    | [20260106] 1 trades, day P&L=$+143, equity=$92,239
2026-04-03 07:47:11 | DEBUG    | [20260107] 1 trades, day P&L=$-837, equity=$91,402
2026-04-03 07:47:11 | DEBUG    | [20260108] 1 trades, day P&L=$+173, equity=$91,575
2026-04-03 07:47:11 | DEBUG    | [20260113] 1 trades, day P&L=$+188, equity=$91,763
2026-04-03 07:47:11 | DEBUG    | [20260114] 1 trades, day P&L=$+268, equity=$92,031
2026-04-03 07:47:11 | DEBUG    | [20260115] 1 trades, day P&L=$-842, equity=$91,189
2026-04-03 07:47:11 | DEBUG    | [20260116] 1 trades, day P&L=$+198, equity=$91,387
2026-04-03 07:47:11 | DEBUG    | [20260120] 1 trades, day P&L=$-722, equity=$90,665
2026-04-03 07:47:11 | DEBUG    | [20260122] 1 trades, day P&L=$+248, equity=$90,913
2026-04-03 07:47:11 | DEBUG    | [20260128] 1 trades, day P&L=$+258, equity=$91,171
2026-04-03 07:47:11 | DEBUG    | [20260129] 1 trades, day P&L=$+318, equity=$91,489
2026-04-03 07:47:11 | DEBUG    | [20260130] 1 trades, day P&L=$+258, equity=$91,747
2026-04-03 07:47:11 | DEBUG    | [20260203] 1 trades, day P&L=$-782, equity=$90,965
2026-04-03 07:47:11 | DEBUG    | [20260204] 1 trades, day P&L=$-712, equity=$90,253
2026-04-03 07:47:11 | DEBUG    | [20260205] 1 trades, day P&L=$+348, equity=$90,601
2026-04-03 07:47:11 | DEBUG    | [20260210] 1 trades, day P&L=$-782, equity=$89,819
2026-04-03 07:47:11 | DEBUG    | [20260211] 1 trades, day P&L=$+228, equity=$90,047
2026-04-03 07:47:11 | DEBUG    | [20260212] 1 trades, day P&L=$-712, equity=$89,335
2026-04-03 07:47:11 | DEBUG    | [20260213] 1 trades, day P&L=$+308, equity=$89,643
2026-04-03 07:47:11 | DEBUG    | [20260217] 1 trades, day P&L=$+288, equity=$89,931
2026-04-03 07:47:11 | DEBUG    | [20260219] 1 trades, day P&L=$+238, equity=$90,169
2026-04-03 07:47:11 | DEBUG    | [20260223] 1 trades, day P&L=$+148, equity=$90,317
2026-04-03 07:47:11 | DEBUG    | [20260225] 1 trades, day P&L=$+143, equity=$90,460
2026-04-03 07:47:11 | DEBUG    | [20260226] 1 trades, day P&L=$+258, equity=$90,718
2026-04-03 07:47:11 | DEBUG    | [20260227] 1 trades, day P&L=$+268, equity=$90,986
2026-04-03 07:47:11 | DEBUG    | [20260303] 1 trades, day P&L=$+278, equity=$91,264
2026-04-03 07:47:11 | DEBUG    | [20260305] 1 trades, day P&L=$+308, equity=$91,572
2026-04-03 07:47:11 | DEBUG    | [20260306] 1 trades, day P&L=$-652, equity=$90,920
2026-04-03 07:47:11 | DEBUG    | [20260309] 1 trades, day P&L=$+308, equity=$91,228
2026-04-03 07:47:11 | DEBUG    | [20260311] 1 trades, day P&L=$-124, equity=$91,104
2026-04-03 07:47:11 | DEBUG    | [20260312] 1 trades, day P&L=$-662, equity=$90,442
2026-04-03 07:47:11 | DEBUG    | [20260313] 1 trades, day P&L=$-672, equity=$89,770
2026-04-03 07:47:11 | DEBUG    | [20260318] 1 trades, day P&L=$-692, equity=$89,078
2026-04-03 07:47:11 | DEBUG    | [20260319] 1 trades, day P&L=$+318, equity=$89,396
2026-04-03 07:47:11 | DEBUG    | [20260320] 1 trades, day P&L=$-672, equity=$88,724
2026-04-03 07:47:11 | DEBUG    | [20260325] 1 trades, day P&L=$-536, equity=$88,188
2026-04-03 07:47:11 | INFO     | ============================================================
2026-04-03 07:47:11 | INFO     | SKIP REASONS:
2026-04-03 07:47:11 | INFO     |   early_close         : 6
2026-04-03 07:47:11 | INFO     |   no_quotes           : 32
2026-04-03 07:47:11 | INFO     |   TOTAL TRADES        : 761
2026-04-03 07:47:11 | INFO     | ============================================================
2026-04-03 07:47:11 | INFO     | 
============================================================
2026-04-03 07:47:11 | INFO     |   BACKTEST RESULTS (2022-01-03 → 2026-03-25)
2026-04-03 07:47:11 | INFO     | ============================================================
2026-04-03 07:47:11 | INFO     |   Trades      : 761
2026-04-03 07:47:11 | INFO     |   Win Rate    : 74.0%
2026-04-03 07:47:11 | INFO     |   Total P&L   : $-11,812.00
2026-04-03 07:47:11 | INFO     |   Max DD      : $-11,934.00
2026-04-03 07:47:11 | INFO     |   Sharpe      : -0.62
2026-04-03 07:47:11 | INFO     |   Calmar      : -0.99
2026-04-03 07:47:11 | INFO     |   Profit Factor: 0.91
2026-04-03 07:47:11 | INFO     |   Avg Win     : $208.96
2026-04-03 07:47:11 | INFO     |   Avg Loss    : $-653.83
2026-04-03 07:47:11 | INFO     |   Max Single Loss: $-977.00
2026-04-03 07:47:11 | INFO     | ============================================================

2026-04-03 07:47:11 | INFO     | 
--- VIX ZONE ANALYSIS ---
2026-04-03 07:47:11 | INFO     |   VIX < 15  :  215 trades, WR  83.7%, P&L $     4,720, DD $  -2,888, Sharpe  1.06
2026-04-03 07:47:11 | INFO     |   VIX 15-20 :  309 trades, WR  72.5%, P&L $   -10,086, DD $ -12,291, Sharpe -1.28
2026-04-03 07:47:11 | INFO     |   VIX 20-25 :  134 trades, WR  68.7%, P&L $    -2,672, DD $  -7,324, Sharpe -0.73
2026-04-03 07:47:11 | INFO     |   VIX 25-30 :   68 trades, WR  66.2%, P&L $    -2,072, DD $  -5,689, Sharpe -1.02
2026-04-03 07:47:11 | INFO     |   VIX 30+   :   35 trades, WR  62.9%, P&L $    -1,702, DD $  -2,801, Sharpe -1.66
2026-04-03 07:47:11 | INFO     | 
--- DAY-OF-WEEK ANALYSIS ---
2026-04-03 07:47:11 | INFO     |   Mon:  138 trades, WR  81.2%, P&L $     6,492, Sharpe  2.25
2026-04-03 07:47:11 | INFO     |   Tue:  156 trades, WR  75.0%, P&L $    -2,447, Sharpe -0.64
2026-04-03 07:47:11 | INFO     |   Wed:  166 trades, WR  68.1%, P&L $    -8,839, Sharpe -1.98
2026-04-03 07:47:11 | INFO     |   Thu:  152 trades, WR  69.1%, P&L $   -11,286, Sharpe -2.66
2026-04-03 07:47:11 | INFO     |   Fri:  149 trades, WR  77.9%, P&L $     4,268, Sharpe  1.19
2026-04-03 07:47:11 | INFO     | 
--- TOP 10 WORST DAYS ---
2026-04-03 07:47:11 | INFO     |   20230703: P&L=$      -977 | 1 trades | VIX=13.59
2026-04-03 07:47:11 | INFO     |   20240703: P&L=$      -942 | 1 trades | VIX=12.03
2026-04-03 07:47:11 | INFO     |   20240326: P&L=$      -917 | 1 trades | VIX=13.19
2026-04-03 07:47:11 | INFO     |   20231220: P&L=$      -907 | 1 trades | VIX=12.53
2026-04-03 07:47:11 | INFO     |   20241210: P&L=$      -907 | 1 trades | VIX=14.19
2026-04-03 07:47:11 | INFO     |   20240516: P&L=$      -902 | 1 trades | VIX=12.45
2026-04-03 07:47:11 | INFO     |   20241212: P&L=$      -892 | 1 trades | VIX=13.58
2026-04-03 07:47:11 | INFO     |   20250923: P&L=$      -882 | 1 trades | VIX=16.1
2026-04-03 07:47:11 | INFO     |   20230425: P&L=$      -877 | 1 trades | VIX=16.89
2026-04-03 07:47:11 | INFO     |   20240404: P&L=$      -872 | 1 trades | VIX=14.33
