2026-04-03 14:22:02 | INFO     | Log file: /Users/jeerapongwongchote/Documents/thetadata/apex/logs/apex_run_20260403_142202.log
2026-04-03 14:22:06 | INFO     | Built daily indicators: 1065 dates (20220103 → 20260401)
2026-04-03 14:22:06 | DEBUG    | [20220118] 1 trades, day P&L=$+30, equity=$100,030
2026-04-03 14:22:06 | DEBUG    | [20220128] 1 trades, day P&L=$+80, equity=$100,110
2026-04-03 14:22:06 | DEBUG    | [20220207] 1 trades, day P&L=$+80, equity=$100,190
2026-04-03 14:22:06 | DEBUG    | [20220222] 1 trades, day P&L=$+130, equity=$100,320
2026-04-03 14:22:06 | DEBUG    | [20220225] 1 trades, day P&L=$+130, equity=$100,450
2026-04-03 14:22:06 | DEBUG    | [20220304] 1 trades, day P&L=$+30, equity=$100,480
2026-04-03 14:22:06 | DEBUG    | [20220307] 1 trades, day P&L=$+230, equity=$100,710
2026-04-03 14:22:06 | DEBUG    | [20220311] 1 trades, day P&L=$+30, equity=$100,740
2026-04-03 14:22:06 | DEBUG    | [20220314] 1 trades, day P&L=$+80, equity=$100,820
2026-04-03 14:22:06 | DEBUG    | [20220331] 1 trades, day P&L=$+280, equity=$101,100
2026-04-03 14:22:06 | DEBUG    | [20220422] 1 trades, day P&L=$+230, equity=$101,330
2026-04-03 14:22:07 | DEBUG    | [20220509] 1 trades, day P&L=$+480, equity=$101,810
2026-04-03 14:22:07 | DEBUG    | [20220513] 1 trades, day P&L=$+130, equity=$101,940
2026-04-03 14:22:07 | DEBUG    | [20220520] 1 trades, day P&L=$+80, equity=$102,020
2026-04-03 14:22:07 | DEBUG    | [20220609] 1 trades, day P&L=$+30, equity=$102,050
2026-04-03 14:22:07 | DEBUG    | [20220616] 1 trades, day P&L=$+30, equity=$102,080
2026-04-03 14:22:07 | DEBUG    | [20220628] 1 trades, day P&L=$+30, equity=$102,110
2026-04-03 14:22:07 | DEBUG    | [20220630] 1 trades, day P&L=$-950, equity=$101,160
2026-04-03 14:22:07 | DEBUG    | [20220705] 1 trades, day P&L=$+30, equity=$101,190
2026-04-03 14:22:07 | DEBUG    | [20220916] 1 trades, day P&L=$+80, equity=$101,270
2026-04-03 14:22:07 | DEBUG    | [20220923] 1 trades, day P&L=$+80, equity=$101,350
2026-04-03 14:22:07 | DEBUG    | [20220927] 1 trades, day P&L=$+80, equity=$101,430
2026-04-03 14:22:07 | DEBUG    | [20221003] 1 trades, day P&L=$+30, equity=$101,460
2026-04-03 14:22:07 | DEBUG    | [20221007] 1 trades, day P&L=$+130, equity=$101,590
2026-04-03 14:22:07 | DEBUG    | [20221013] 1 trades, day P&L=$+30, equity=$101,620
2026-04-03 14:22:08 | DEBUG    | [20230203] 1 trades, day P&L=$+30, equity=$101,650
2026-04-03 14:22:08 | DEBUG    | [20230316] 1 trades, day P&L=$+80, equity=$101,730
2026-04-03 14:22:08 | DEBUG    | [20230331] 1 trades, day P&L=$+30, equity=$101,760
2026-04-03 14:22:09 | DEBUG    | [20240715] 1 trades, day P&L=$+30, equity=$101,790
2026-04-03 14:22:09 | DEBUG    | [20240726] 1 trades, day P&L=$+180, equity=$101,970
2026-04-03 14:22:09 | DEBUG    | [20240812] 1 trades, day P&L=$+80, equity=$102,050
2026-04-03 14:22:09 | DEBUG    | [20240813] 1 trades, day P&L=$+30, equity=$102,080
2026-04-03 14:22:09 | DEBUG    | [20240820] 1 trades, day P&L=$+30, equity=$102,110
2026-04-03 14:22:09 | DEBUG    | [20240823] 1 trades, day P&L=$+30, equity=$102,140
2026-04-03 14:22:09 | DEBUG    | [20240913] 1 trades, day P&L=$+30, equity=$102,170
2026-04-03 14:22:09 | DEBUG    | [20240930] 1 trades, day P&L=$+280, equity=$102,450
2026-04-03 14:22:10 | DEBUG    | [20241220] 1 trades, day P&L=$+180, equity=$102,630
2026-04-03 14:22:10 | DEBUG    | [20241230] 1 trades, day P&L=$+80, equity=$102,710
2026-04-03 14:22:10 | DEBUG    | [20250127] 1 trades, day P&L=$+30, equity=$102,740
2026-04-03 14:22:10 | DEBUG    | [20250203] 1 trades, day P&L=$+80, equity=$102,820
2026-04-03 14:22:10 | DEBUG    | [20250314] 1 trades, day P&L=$+130, equity=$102,950
2026-04-03 14:22:10 | DEBUG    | [20250428] 1 trades, day P&L=$+80, equity=$103,030
2026-04-03 14:22:10 | DEBUG    | [20250508] 1 trades, day P&L=$+180, equity=$103,210
2026-04-03 14:22:10 | DEBUG    | [20250523] 1 trades, day P&L=$+130, equity=$103,340
2026-04-03 14:22:10 | DEBUG    | [20250530] 1 trades, day P&L=$+230, equity=$103,570
2026-04-03 14:22:10 | DEBUG    | [20250630] 1 trades, day P&L=$+30, equity=$103,600
2026-04-03 14:22:11 | DEBUG    | [20251218] 1 trades, day P&L=$+130, equity=$103,730
2026-04-03 14:22:11 | DEBUG    | [20260130] 1 trades, day P&L=$+30, equity=$103,760
2026-04-03 14:22:11 | DEBUG    | [20260206] 1 trades, day P&L=$+30, equity=$103,790
2026-04-03 14:22:11 | DEBUG    | [20260227] 1 trades, day P&L=$+30, equity=$103,820
2026-04-03 14:22:11 | INFO     | ============================================================
2026-04-03 14:22:11 | INFO     | SKIP REASONS:
2026-04-03 14:22:11 | INFO     |   dow_filter          : 192
2026-04-03 14:22:11 | INFO     |   early_close         : 6
2026-04-03 14:22:11 | INFO     |   no_quotes           : 21
2026-04-03 14:22:11 | INFO     |   prior_return        : 147
2026-04-03 14:22:11 | INFO     |   TOTAL TRADES        : 50
2026-04-03 14:22:11 | INFO     | ============================================================
2026-04-03 14:22:11 | DEBUG    | [20220110] 1 trades, day P&L=$+30, equity=$100,030
2026-04-03 14:22:11 | DEBUG    | [20220118] 1 trades, day P&L=$+80, equity=$100,110
2026-04-03 14:22:11 | DEBUG    | [20220121] 1 trades, day P&L=$+130, equity=$100,240
2026-04-03 14:22:11 | DEBUG    | [20220128] 1 trades, day P&L=$+230, equity=$100,470
2026-04-03 14:22:11 | DEBUG    | [20220207] 1 trades, day P&L=$+80, equity=$100,550
2026-04-03 14:22:11 | DEBUG    | [20220222] 1 trades, day P&L=$+330, equity=$100,880
2026-04-03 14:22:11 | DEBUG    | [20220225] 1 trades, day P&L=$+230, equity=$101,110
2026-04-03 14:22:11 | DEBUG    | [20220304] 1 trades, day P&L=$+130, equity=$101,240
2026-04-03 14:22:11 | DEBUG    | [20220307] 1 trades, day P&L=$+280, equity=$101,520
2026-04-03 14:22:11 | DEBUG    | [20220311] 1 trades, day P&L=$+130, equity=$101,650
2026-04-03 14:22:11 | DEBUG    | [20220314] 1 trades, day P&L=$+180, equity=$101,830
2026-04-03 14:22:11 | DEBUG    | [20220331] 1 trades, day P&L=$+480, equity=$102,310
2026-04-03 14:22:11 | DEBUG    | [20220408] 1 trades, day P&L=$+30, equity=$102,340
2026-04-03 14:22:11 | DEBUG    | [20220414] 1 trades, day P&L=$+30, equity=$102,370
2026-04-03 14:22:11 | DEBUG    | [20220422] 1 trades, day P&L=$+380, equity=$102,750
2026-04-03 14:22:11 | DEBUG    | [20220426] 1 trades, day P&L=$+180, equity=$102,930
2026-04-03 14:22:11 | DEBUG    | [20220509] 1 trades, day P&L=$+730, equity=$103,660
2026-04-03 14:22:11 | DEBUG    | [20220513] 1 trades, day P&L=$+230, equity=$103,890
2026-04-03 14:22:11 | DEBUG    | [20220520] 1 trades, day P&L=$+180, equity=$104,070
2026-04-03 14:22:11 | DEBUG    | [20220526] 1 trades, day P&L=$+80, equity=$104,150
2026-04-03 14:22:11 | DEBUG    | [20220609] 1 trades, day P&L=$+30, equity=$104,180
2026-04-03 14:22:11 | DEBUG    | [20220623] 1 trades, day P&L=$+30, equity=$104,210
2026-04-03 14:22:11 | DEBUG    | [20220624] 1 trades, day P&L=$+30, equity=$104,240
2026-04-03 14:22:11 | DEBUG    | [20220628] 1 trades, day P&L=$+30, equity=$104,270
2026-04-03 14:22:11 | DEBUG    | [20220630] 1 trades, day P&L=$-750, equity=$103,520
2026-04-03 14:22:11 | DEBUG    | [20220705] 1 trades, day P&L=$+30, equity=$103,550
2026-04-03 14:22:11 | DEBUG    | [20220902] 1 trades, day P&L=$+80, equity=$103,630
2026-04-03 14:22:11 | DEBUG    | [20220913] 1 trades, day P&L=$+30, equity=$103,660
2026-04-03 14:22:11 | DEBUG    | [20220916] 1 trades, day P&L=$+130, equity=$103,790
2026-04-03 14:22:12 | DEBUG    | [20220923] 1 trades, day P&L=$+130, equity=$103,920
2026-04-03 14:22:12 | DEBUG    | [20220927] 1 trades, day P&L=$+80, equity=$104,000
2026-04-03 14:22:12 | DEBUG    | [20221003] 1 trades, day P&L=$+30, equity=$104,030
2026-04-03 14:22:12 | DEBUG    | [20221007] 1 trades, day P&L=$+230, equity=$104,260
2026-04-03 14:22:12 | DEBUG    | [20221013] 1 trades, day P&L=$+80, equity=$104,340
2026-04-03 14:22:12 | DEBUG    | [20221020] 1 trades, day P&L=$+30, equity=$104,370
2026-04-03 14:22:12 | DEBUG    | [20221118] 1 trades, day P&L=$+30, equity=$104,400
2026-04-03 14:22:12 | DEBUG    | [20230203] 1 trades, day P&L=$+30, equity=$104,430
2026-04-03 14:22:12 | DEBUG    | [20230309] 1 trades, day P&L=$+30, equity=$104,460
2026-04-03 14:22:12 | DEBUG    | [20230316] 1 trades, day P&L=$+130, equity=$104,590
2026-04-03 14:22:12 | DEBUG    | [20230331] 1 trades, day P&L=$+30, equity=$104,620
2026-04-03 14:22:13 | DEBUG    | [20240416] 1 trades, day P&L=$+30, equity=$104,650
2026-04-03 14:22:13 | DEBUG    | [20240422] 1 trades, day P&L=$+30, equity=$104,680
2026-04-03 14:22:14 | DEBUG    | [20240531] 1 trades, day P&L=$+80, equity=$104,760
2026-04-03 14:22:14 | DEBUG    | [20240712] 1 trades, day P&L=$+80, equity=$104,840
2026-04-03 14:22:14 | DEBUG    | [20240715] 1 trades, day P&L=$+30, equity=$104,870
2026-04-03 14:22:14 | DEBUG    | [20240726] 1 trades, day P&L=$+230, equity=$105,100
2026-04-03 14:22:14 | DEBUG    | [20240808] 1 trades, day P&L=$+30, equity=$105,130
2026-04-03 14:22:14 | DEBUG    | [20240812] 1 trades, day P&L=$+80, equity=$105,210
2026-04-03 14:22:14 | DEBUG    | [20240813] 1 trades, day P&L=$+30, equity=$105,240
2026-04-03 14:22:14 | DEBUG    | [20240820] 1 trades, day P&L=$+30, equity=$105,270
2026-04-03 14:22:14 | DEBUG    | [20240823] 1 trades, day P&L=$+30, equity=$105,300
2026-04-03 14:22:14 | DEBUG    | [20240830] 1 trades, day P&L=$+80, equity=$105,380
2026-04-03 14:22:14 | DEBUG    | [20240913] 1 trades, day P&L=$+30, equity=$105,410
2026-04-03 14:22:14 | DEBUG    | [20240919] 1 trades, day P&L=$+30, equity=$105,440
2026-04-03 14:22:14 | DEBUG    | [20240930] 1 trades, day P&L=$+430, equity=$105,870
2026-04-03 14:22:14 | DEBUG    | [20241220] 1 trades, day P&L=$+330, equity=$106,200
2026-04-03 14:22:14 | DEBUG    | [20241230] 1 trades, day P&L=$+130, equity=$106,330
2026-04-03 14:22:14 | DEBUG    | [20250127] 1 trades, day P&L=$+30, equity=$106,360
2026-04-03 14:22:14 | DEBUG    | [20250203] 1 trades, day P&L=$+130, equity=$106,490
2026-04-03 14:22:14 | DEBUG    | [20250314] 1 trades, day P&L=$+180, equity=$106,670
2026-04-03 14:22:14 | DEBUG    | [20250321] 1 trades, day P&L=$+30, equity=$106,700
2026-04-03 14:22:14 | DEBUG    | [20250327] 1 trades, day P&L=$+30, equity=$106,730
2026-04-03 14:22:14 | DEBUG    | [20250401] 1 trades, day P&L=$+30, equity=$106,760
2026-04-03 14:22:14 | DEBUG    | [20250415] 1 trades, day P&L=$+80, equity=$106,840
2026-04-03 14:22:14 | DEBUG    | [20250428] 1 trades, day P&L=$+130, equity=$106,970
2026-04-03 14:22:14 | DEBUG    | [20250508] 1 trades, day P&L=$+330, equity=$107,300
2026-04-03 14:22:14 | DEBUG    | [20250509] 1 trades, day P&L=$+30, equity=$107,330
2026-04-03 14:22:14 | DEBUG    | [20250512] 1 trades, day P&L=$+130, equity=$107,460
2026-04-03 14:22:14 | DEBUG    | [20250523] 1 trades, day P&L=$+180, equity=$107,640
2026-04-03 14:22:14 | DEBUG    | [20250530] 1 trades, day P&L=$+480, equity=$108,120
2026-04-03 14:22:15 | DEBUG    | [20250630] 1 trades, day P&L=$+30, equity=$108,150
2026-04-03 14:22:15 | DEBUG    | [20250930] 1 trades, day P&L=$+30, equity=$108,180
2026-04-03 14:22:15 | DEBUG    | [20251107] 1 trades, day P&L=$+30, equity=$108,210
2026-04-03 14:22:15 | DEBUG    | [20251118] 1 trades, day P&L=$+30, equity=$108,240
2026-04-03 14:22:15 | DEBUG    | [20251218] 1 trades, day P&L=$+180, equity=$108,420
2026-04-03 14:22:15 | DEBUG    | [20260130] 1 trades, day P&L=$+80, equity=$108,500
2026-04-03 14:22:15 | DEBUG    | [20260206] 1 trades, day P&L=$+80, equity=$108,580
2026-04-03 14:22:15 | DEBUG    | [20260227] 1 trades, day P&L=$+80, equity=$108,660
2026-04-03 14:22:15 | DEBUG    | [20260302] 1 trades, day P&L=$+80, equity=$108,740
2026-04-03 14:22:15 | DEBUG    | [20260309] 1 trades, day P&L=$+80, equity=$108,820
2026-04-03 14:22:15 | DEBUG    | [20260310] 1 trades, day P&L=$+80, equity=$108,900
2026-04-03 14:22:15 | INFO     | ============================================================
2026-04-03 14:22:15 | INFO     | SKIP REASONS:
2026-04-03 14:22:15 | INFO     |   dow_filter          : 192
2026-04-03 14:22:15 | INFO     |   early_close         : 6
2026-04-03 14:22:15 | INFO     |   no_quotes           : 21
2026-04-03 14:22:15 | INFO     |   prior_return        : 147
2026-04-03 14:22:15 | INFO     |   TOTAL TRADES        : 81
2026-04-03 14:22:15 | INFO     | ============================================================
2026-04-03 14:22:15 | DEBUG    | [20220110] 1 trades, day P&L=$+30, equity=$100,030
2026-04-03 14:22:15 | DEBUG    | [20220118] 1 trades, day P&L=$+130, equity=$100,160
2026-04-03 14:22:15 | DEBUG    | [20220121] 1 trades, day P&L=$+180, equity=$100,340
2026-04-03 14:22:15 | DEBUG    | [20220128] 1 trades, day P&L=$+280, equity=$100,620
2026-04-03 14:22:15 | DEBUG    | [20220207] 1 trades, day P&L=$+130, equity=$100,750
2026-04-03 14:22:15 | DEBUG    | [20220222] 1 trades, day P&L=$+430, equity=$101,180
2026-04-03 14:22:15 | DEBUG    | [20220225] 1 trades, day P&L=$+230, equity=$101,410
2026-04-03 14:22:15 | DEBUG    | [20220304] 1 trades, day P&L=$+130, equity=$101,540
2026-04-03 14:22:15 | DEBUG    | [20220307] 1 trades, day P&L=$+280, equity=$101,820
2026-04-03 14:22:15 | DEBUG    | [20220311] 1 trades, day P&L=$+130, equity=$101,950
2026-04-03 14:22:15 | DEBUG    | [20220314] 1 trades, day P&L=$+180, equity=$102,130
2026-04-03 14:22:15 | DEBUG    | [20220331] 1 trades, day P&L=$+580, equity=$102,710
2026-04-03 14:22:16 | DEBUG    | [20220408] 1 trades, day P&L=$+30, equity=$102,740
2026-04-03 14:22:16 | DEBUG    | [20220414] 1 trades, day P&L=$+30, equity=$102,770
2026-04-03 14:22:16 | DEBUG    | [20220422] 1 trades, day P&L=$+430, equity=$103,200
2026-04-03 14:22:16 | DEBUG    | [20220509] 1 trades, day P&L=$+880, equity=$104,080
2026-04-03 14:22:16 | DEBUG    | [20220513] 1 trades, day P&L=$+180, equity=$104,260
2026-04-03 14:22:16 | DEBUG    | [20220520] 1 trades, day P&L=$+230, equity=$104,490
2026-04-03 14:22:16 | DEBUG    | [20220526] 1 trades, day P&L=$+80, equity=$104,570
2026-04-03 14:22:16 | DEBUG    | [20220609] 1 trades, day P&L=$+30, equity=$104,600
2026-04-03 14:22:16 | DEBUG    | [20220616] 1 trades, day P&L=$+30, equity=$104,630
2026-04-03 14:22:16 | DEBUG    | [20220623] 1 trades, day P&L=$+30, equity=$104,660
2026-04-03 14:22:16 | DEBUG    | [20220624] 1 trades, day P&L=$+30, equity=$104,690
2026-04-03 14:22:16 | DEBUG    | [20220628] 1 trades, day P&L=$+30, equity=$104,720
2026-04-03 14:22:16 | DEBUG    | [20220630] 1 trades, day P&L=$-700, equity=$104,020
2026-04-03 14:22:16 | DEBUG    | [20220705] 1 trades, day P&L=$+30, equity=$104,050
2026-04-03 14:22:16 | DEBUG    | [20220902] 1 trades, day P&L=$+80, equity=$104,130
2026-04-03 14:22:16 | DEBUG    | [20220913] 1 trades, day P&L=$+30, equity=$104,160
2026-04-03 14:22:16 | DEBUG    | [20220916] 1 trades, day P&L=$+130, equity=$104,290
2026-04-03 14:22:16 | DEBUG    | [20220923] 1 trades, day P&L=$+130, equity=$104,420
2026-04-03 14:22:16 | DEBUG    | [20220927] 1 trades, day P&L=$+80, equity=$104,500
2026-04-03 14:22:16 | DEBUG    | [20221003] 1 trades, day P&L=$+30, equity=$104,530
2026-04-03 14:22:16 | DEBUG    | [20221007] 1 trades, day P&L=$+230, equity=$104,760
2026-04-03 14:22:16 | DEBUG    | [20221013] 1 trades, day P&L=$+130, equity=$104,890
2026-04-03 14:22:16 | DEBUG    | [20221020] 1 trades, day P&L=$+30, equity=$104,920
2026-04-03 14:22:16 | DEBUG    | [20221118] 1 trades, day P&L=$+30, equity=$104,950
2026-04-03 14:22:16 | DEBUG    | [20230203] 1 trades, day P&L=$+30, equity=$104,980
2026-04-03 14:22:16 | DEBUG    | [20230309] 1 trades, day P&L=$+30, equity=$105,010
2026-04-03 14:22:16 | DEBUG    | [20230316] 1 trades, day P&L=$+130, equity=$105,140
2026-04-03 14:22:17 | DEBUG    | [20230331] 1 trades, day P&L=$+30, equity=$105,170
2026-04-03 14:22:18 | DEBUG    | [20240416] 1 trades, day P&L=$+30, equity=$105,200
2026-04-03 14:22:18 | DEBUG    | [20240422] 1 trades, day P&L=$+30, equity=$105,230
2026-04-03 14:22:18 | DEBUG    | [20240531] 1 trades, day P&L=$+80, equity=$105,310
2026-04-03 14:22:18 | DEBUG    | [20240712] 1 trades, day P&L=$+80, equity=$105,390
2026-04-03 14:22:18 | DEBUG    | [20240715] 1 trades, day P&L=$+30, equity=$105,420
2026-04-03 14:22:18 | DEBUG    | [20240726] 1 trades, day P&L=$+280, equity=$105,700
2026-04-03 14:22:18 | DEBUG    | [20240808] 1 trades, day P&L=$+30, equity=$105,730
2026-04-03 14:22:18 | DEBUG    | [20240812] 1 trades, day P&L=$+80, equity=$105,810
2026-04-03 14:22:18 | DEBUG    | [20240813] 1 trades, day P&L=$+30, equity=$105,840
2026-04-03 14:22:18 | DEBUG    | [20240820] 1 trades, day P&L=$+30, equity=$105,870
2026-04-03 14:22:18 | DEBUG    | [20240823] 1 trades, day P&L=$+30, equity=$105,900
2026-04-03 14:22:18 | DEBUG    | [20240830] 1 trades, day P&L=$+80, equity=$105,980
2026-04-03 14:22:18 | DEBUG    | [20240913] 1 trades, day P&L=$+30, equity=$106,010
2026-04-03 14:22:18 | DEBUG    | [20240919] 1 trades, day P&L=$+30, equity=$106,040
2026-04-03 14:22:18 | DEBUG    | [20240930] 1 trades, day P&L=$+480, equity=$106,520
2026-04-03 14:22:18 | DEBUG    | [20241220] 1 trades, day P&L=$+430, equity=$106,950
2026-04-03 14:22:19 | DEBUG    | [20241230] 1 trades, day P&L=$+130, equity=$107,080
2026-04-03 14:22:19 | DEBUG    | [20250127] 1 trades, day P&L=$+30, equity=$107,110
2026-04-03 14:22:19 | DEBUG    | [20250203] 1 trades, day P&L=$+180, equity=$107,290
2026-04-03 14:22:19 | DEBUG    | [20250314] 1 trades, day P&L=$+180, equity=$107,470
2026-04-03 14:22:19 | DEBUG    | [20250321] 1 trades, day P&L=$+30, equity=$107,500
2026-04-03 14:22:19 | DEBUG    | [20250327] 1 trades, day P&L=$+30, equity=$107,530
2026-04-03 14:22:19 | DEBUG    | [20250401] 1 trades, day P&L=$+30, equity=$107,560
2026-04-03 14:22:19 | DEBUG    | [20250415] 1 trades, day P&L=$+80, equity=$107,640
2026-04-03 14:22:19 | DEBUG    | [20250428] 1 trades, day P&L=$+180, equity=$107,820
2026-04-03 14:22:19 | DEBUG    | [20250501] 1 trades, day P&L=$+80, equity=$107,900
2026-04-03 14:22:19 | DEBUG    | [20250502] 1 trades, day P&L=$+30, equity=$107,930
2026-04-03 14:22:19 | DEBUG    | [20250508] 1 trades, day P&L=$+380, equity=$108,310
2026-04-03 14:22:19 | DEBUG    | [20250509] 1 trades, day P&L=$+30, equity=$108,340
2026-04-03 14:22:19 | DEBUG    | [20250523] 1 trades, day P&L=$+230, equity=$108,570
2026-04-03 14:22:19 | DEBUG    | [20250530] 1 trades, day P&L=$+630, equity=$109,200
2026-04-03 14:22:19 | DEBUG    | [20250623] 1 trades, day P&L=$+30, equity=$109,230
2026-04-03 14:22:19 | DEBUG    | [20250630] 1 trades, day P&L=$+30, equity=$109,260
2026-04-03 14:22:19 | DEBUG    | [20250930] 1 trades, day P&L=$+30, equity=$109,290
2026-04-03 14:22:19 | DEBUG    | [20251107] 1 trades, day P&L=$+30, equity=$109,320
2026-04-03 14:22:19 | DEBUG    | [20251118] 1 trades, day P&L=$+30, equity=$109,350
2026-04-03 14:22:19 | DEBUG    | [20251218] 1 trades, day P&L=$+230, equity=$109,580
2026-04-03 14:22:20 | DEBUG    | [20260130] 1 trades, day P&L=$+130, equity=$109,710
2026-04-03 14:22:20 | DEBUG    | [20260206] 1 trades, day P&L=$+130, equity=$109,840
2026-04-03 14:22:20 | DEBUG    | [20260227] 1 trades, day P&L=$+130, equity=$109,970
2026-04-03 14:22:20 | DEBUG    | [20260302] 1 trades, day P&L=$+80, equity=$110,050
2026-04-03 14:22:20 | DEBUG    | [20260309] 1 trades, day P&L=$+130, equity=$110,180
2026-04-03 14:22:20 | DEBUG    | [20260310] 1 trades, day P&L=$+80, equity=$110,260
2026-04-03 14:22:20 | INFO     | ============================================================
2026-04-03 14:22:20 | INFO     | SKIP REASONS:
2026-04-03 14:22:20 | INFO     |   dow_filter          : 192
2026-04-03 14:22:20 | INFO     |   early_close         : 6
2026-04-03 14:22:20 | INFO     |   no_quotes           : 21
2026-04-03 14:22:20 | INFO     |   prior_return        : 147
2026-04-03 14:22:20 | INFO     |   TOTAL TRADES        : 83
2026-04-03 14:22:20 | INFO     | ============================================================
2026-04-03 14:22:20 | DEBUG    | [20220110] 1 trades, day P&L=$+30, equity=$100,030
2026-04-03 14:22:20 | DEBUG    | [20220118] 1 trades, day P&L=$+130, equity=$100,160
2026-04-03 14:22:20 | DEBUG    | [20220121] 1 trades, day P&L=$+230, equity=$100,390
2026-04-03 14:22:20 | DEBUG    | [20220128] 1 trades, day P&L=$+330, equity=$100,720
2026-04-03 14:22:20 | DEBUG    | [20220207] 1 trades, day P&L=$+130, equity=$100,850
2026-04-03 14:22:20 | DEBUG    | [20220222] 1 trades, day P&L=$+430, equity=$101,280
2026-04-03 14:22:20 | DEBUG    | [20220225] 1 trades, day P&L=$+230, equity=$101,510
2026-04-03 14:22:20 | DEBUG    | [20220304] 1 trades, day P&L=$+130, equity=$101,640
2026-04-03 14:22:20 | DEBUG    | [20220307] 1 trades, day P&L=$+280, equity=$101,920
2026-04-03 14:22:20 | DEBUG    | [20220311] 1 trades, day P&L=$+130, equity=$102,050
2026-04-03 14:22:20 | DEBUG    | [20220314] 1 trades, day P&L=$+180, equity=$102,230
2026-04-03 14:22:20 | DEBUG    | [20220331] 1 trades, day P&L=$+630, equity=$102,860
2026-04-03 14:22:20 | DEBUG    | [20220408] 1 trades, day P&L=$+30, equity=$102,890
2026-04-03 14:22:20 | DEBUG    | [20220414] 1 trades, day P&L=$+30, equity=$102,920
2026-04-03 14:22:20 | DEBUG    | [20220422] 1 trades, day P&L=$+530, equity=$103,450
2026-04-03 14:22:20 | DEBUG    | [20220426] 1 trades, day P&L=$+180, equity=$103,630
2026-04-03 14:22:20 | DEBUG    | [20220509] 1 trades, day P&L=$+930, equity=$104,560
2026-04-03 14:22:20 | DEBUG    | [20220513] 1 trades, day P&L=$+230, equity=$104,790
2026-04-03 14:22:20 | DEBUG    | [20220520] 1 trades, day P&L=$+280, equity=$105,070
2026-04-03 14:22:20 | DEBUG    | [20220526] 1 trades, day P&L=$+80, equity=$105,150
2026-04-03 14:22:20 | DEBUG    | [20220609] 1 trades, day P&L=$+30, equity=$105,180
2026-04-03 14:22:20 | DEBUG    | [20220616] 1 trades, day P&L=$+30, equity=$105,210
2026-04-03 14:22:20 | DEBUG    | [20220623] 1 trades, day P&L=$+30, equity=$105,240
2026-04-03 14:22:20 | DEBUG    | [20220624] 1 trades, day P&L=$+30, equity=$105,270
2026-04-03 14:22:20 | DEBUG    | [20220628] 1 trades, day P&L=$+30, equity=$105,300
2026-04-03 14:22:20 | DEBUG    | [20220630] 1 trades, day P&L=$-650, equity=$104,650
2026-04-03 14:22:20 | DEBUG    | [20220705] 1 trades, day P&L=$+30, equity=$104,680
2026-04-03 14:22:20 | DEBUG    | [20220902] 1 trades, day P&L=$+80, equity=$104,760
2026-04-03 14:22:20 | DEBUG    | [20220913] 1 trades, day P&L=$+30, equity=$104,790
2026-04-03 14:22:20 | DEBUG    | [20220915] 1 trades, day P&L=$+80, equity=$104,870
2026-04-03 14:22:20 | DEBUG    | [20220916] 1 trades, day P&L=$+130, equity=$105,000
2026-04-03 14:22:20 | DEBUG    | [20220923] 1 trades, day P&L=$+130, equity=$105,130
2026-04-03 14:22:20 | DEBUG    | [20220927] 1 trades, day P&L=$+80, equity=$105,210
2026-04-03 14:22:20 | DEBUG    | [20221003] 1 trades, day P&L=$+30, equity=$105,240
2026-04-03 14:22:20 | DEBUG    | [20221007] 1 trades, day P&L=$+230, equity=$105,470
2026-04-03 14:22:20 | DEBUG    | [20221013] 1 trades, day P&L=$+130, equity=$105,600
2026-04-03 14:22:20 | DEBUG    | [20221020] 1 trades, day P&L=$+30, equity=$105,630
2026-04-03 14:22:20 | DEBUG    | [20221118] 1 trades, day P&L=$+30, equity=$105,660
2026-04-03 14:22:21 | DEBUG    | [20230203] 1 trades, day P&L=$+30, equity=$105,690
2026-04-03 14:22:21 | DEBUG    | [20230309] 1 trades, day P&L=$+30, equity=$105,720
2026-04-03 14:22:21 | DEBUG    | [20230316] 1 trades, day P&L=$+130, equity=$105,850
2026-04-03 14:22:21 | DEBUG    | [20230331] 1 trades, day P&L=$+30, equity=$105,880
2026-04-03 14:22:22 | DEBUG    | [20240416] 1 trades, day P&L=$+30, equity=$105,910
2026-04-03 14:22:22 | DEBUG    | [20240422] 1 trades, day P&L=$+30, equity=$105,940
2026-04-03 14:22:22 | DEBUG    | [20240531] 1 trades, day P&L=$+80, equity=$106,020
2026-04-03 14:22:22 | DEBUG    | [20240712] 1 trades, day P&L=$+80, equity=$106,100
2026-04-03 14:22:22 | DEBUG    | [20240715] 1 trades, day P&L=$+30, equity=$106,130
2026-04-03 14:22:22 | DEBUG    | [20240726] 1 trades, day P&L=$+280, equity=$106,410
2026-04-03 14:22:22 | DEBUG    | [20240808] 1 trades, day P&L=$+30, equity=$106,440
2026-04-03 14:22:22 | DEBUG    | [20240812] 1 trades, day P&L=$+80, equity=$106,520
2026-04-03 14:22:22 | DEBUG    | [20240813] 1 trades, day P&L=$+30, equity=$106,550
2026-04-03 14:22:22 | DEBUG    | [20240820] 1 trades, day P&L=$+30, equity=$106,580
2026-04-03 14:22:22 | DEBUG    | [20240823] 1 trades, day P&L=$+30, equity=$106,610
2026-04-03 14:22:22 | DEBUG    | [20240830] 1 trades, day P&L=$+80, equity=$106,690
2026-04-03 14:22:22 | DEBUG    | [20240913] 1 trades, day P&L=$+30, equity=$106,720
2026-04-03 14:22:22 | DEBUG    | [20240919] 1 trades, day P&L=$+30, equity=$106,750
2026-04-03 14:22:23 | DEBUG    | [20240930] 1 trades, day P&L=$+480, equity=$107,230
2026-04-03 14:22:23 | DEBUG    | [20241220] 1 trades, day P&L=$+480, equity=$107,710
2026-04-03 14:22:23 | DEBUG    | [20241230] 1 trades, day P&L=$+130, equity=$107,840
2026-04-03 14:22:23 | DEBUG    | [20250127] 1 trades, day P&L=$+30, equity=$107,870
2026-04-03 14:22:23 | DEBUG    | [20250203] 1 trades, day P&L=$+180, equity=$108,050
2026-04-03 14:22:23 | DEBUG    | [20250314] 1 trades, day P&L=$+180, equity=$108,230
2026-04-03 14:22:23 | DEBUG    | [20250321] 1 trades, day P&L=$+30, equity=$108,260
2026-04-03 14:22:23 | DEBUG    | [20250327] 1 trades, day P&L=$+30, equity=$108,290
2026-04-03 14:22:23 | DEBUG    | [20250401] 1 trades, day P&L=$+30, equity=$108,320
2026-04-03 14:22:23 | DEBUG    | [20250415] 1 trades, day P&L=$+80, equity=$108,400
2026-04-03 14:22:23 | DEBUG    | [20250428] 1 trades, day P&L=$+180, equity=$108,580
2026-04-03 14:22:23 | DEBUG    | [20250501] 1 trades, day P&L=$+80, equity=$108,660
2026-04-03 14:22:23 | DEBUG    | [20250502] 1 trades, day P&L=$+30, equity=$108,690
2026-04-03 14:22:23 | DEBUG    | [20250508] 1 trades, day P&L=$+380, equity=$109,070
2026-04-03 14:22:23 | DEBUG    | [20250509] 1 trades, day P&L=$+30, equity=$109,100
2026-04-03 14:22:23 | DEBUG    | [20250512] 1 trades, day P&L=$+130, equity=$109,230
2026-04-03 14:22:23 | DEBUG    | [20250523] 1 trades, day P&L=$+230, equity=$109,460
2026-04-03 14:22:23 | DEBUG    | [20250530] 1 trades, day P&L=$+680, equity=$110,140
2026-04-03 14:22:23 | DEBUG    | [20250623] 1 trades, day P&L=$+30, equity=$110,170
2026-04-03 14:22:23 | DEBUG    | [20250630] 1 trades, day P&L=$+30, equity=$110,200
2026-04-03 14:22:23 | DEBUG    | [20250930] 1 trades, day P&L=$+30, equity=$110,230
2026-04-03 14:22:24 | DEBUG    | [20251107] 1 trades, day P&L=$+30, equity=$110,260
2026-04-03 14:22:24 | DEBUG    | [20251118] 1 trades, day P&L=$+30, equity=$110,290
2026-04-03 14:22:24 | DEBUG    | [20251218] 1 trades, day P&L=$+230, equity=$110,520
2026-04-03 14:22:24 | DEBUG    | [20260130] 1 trades, day P&L=$+130, equity=$110,650
2026-04-03 14:22:24 | DEBUG    | [20260206] 1 trades, day P&L=$+130, equity=$110,780
2026-04-03 14:22:24 | DEBUG    | [20260227] 1 trades, day P&L=$+130, equity=$110,910
2026-04-03 14:22:24 | DEBUG    | [20260302] 1 trades, day P&L=$+80, equity=$110,990
2026-04-03 14:22:24 | DEBUG    | [20260309] 1 trades, day P&L=$+130, equity=$111,120
2026-04-03 14:22:24 | DEBUG    | [20260310] 1 trades, day P&L=$+80, equity=$111,200
2026-04-03 14:22:24 | INFO     | ============================================================
2026-04-03 14:22:24 | INFO     | SKIP REASONS:
2026-04-03 14:22:24 | INFO     |   dow_filter          : 192
2026-04-03 14:22:24 | INFO     |   early_close         : 6
2026-04-03 14:22:24 | INFO     |   no_quotes           : 21
2026-04-03 14:22:24 | INFO     |   prior_return        : 147
2026-04-03 14:22:24 | INFO     |   TOTAL TRADES        : 86
2026-04-03 14:22:24 | INFO     | ============================================================
2026-04-03 14:22:24 | DEBUG    | [20220110] 2 trades, day P&L=$+60, equity=$100,060
2026-04-03 14:22:24 | DEBUG    | [20220114] 1 trades, day P&L=$+130, equity=$100,190
2026-04-03 14:22:24 | DEBUG    | [20220118] 2 trades, day P&L=$+210, equity=$100,400
2026-04-03 14:22:24 | DEBUG    | [20220121] 2 trades, day P&L=$+510, equity=$100,910
2026-04-03 14:22:24 | DEBUG    | [20220128] 2 trades, day P&L=$+510, equity=$101,420
2026-04-03 14:22:24 | DEBUG    | [20220207] 2 trades, day P&L=$+360, equity=$101,780
2026-04-03 14:22:24 | DEBUG    | [20220222] 2 trades, day P&L=$+760, equity=$102,540
2026-04-03 14:22:24 | DEBUG    | [20220225] 2 trades, day P&L=$+260, equity=$102,800
2026-04-03 14:22:24 | DEBUG    | [20220304] 2 trades, day P&L=$+260, equity=$103,060
2026-04-03 14:22:24 | DEBUG    | [20220307] 2 trades, day P&L=$+410, equity=$103,470
2026-04-03 14:22:24 | DEBUG    | [20220311] 2 trades, day P&L=$+410, equity=$103,880
2026-04-03 14:22:24 | DEBUG    | [20220314] 2 trades, day P&L=$+310, equity=$104,190
2026-04-03 14:22:24 | DEBUG    | [20220318] 1 trades, day P&L=$+30, equity=$104,220
2026-04-03 14:22:24 | DEBUG    | [20220331] 2 trades, day P&L=$+1060, equity=$105,280
2026-04-03 14:22:24 | DEBUG    | [20220408] 2 trades, day P&L=$+60, equity=$105,340
2026-04-03 14:22:24 | DEBUG    | [20220414] 1 trades, day P&L=$+30, equity=$105,370
2026-04-03 14:22:24 | DEBUG    | [20220418] 1 trades, day P&L=$+30, equity=$105,400
2026-04-03 14:22:24 | DEBUG    | [20220422] 2 trades, day P&L=$+1010, equity=$106,410
2026-04-03 14:22:24 | DEBUG    | [20220509] 2 trades, day P&L=$+1460, equity=$107,870
2026-04-03 14:22:24 | DEBUG    | [20220513] 2 trades, day P&L=$+660, equity=$108,530
2026-04-03 14:22:24 | DEBUG    | [20220517] 1 trades, day P&L=$+30, equity=$108,560
2026-04-03 14:22:24 | DEBUG    | [20220520] 2 trades, day P&L=$+410, equity=$108,970
2026-04-03 14:22:24 | DEBUG    | [20220526] 1 trades, day P&L=$+80, equity=$109,050
2026-04-03 14:22:24 | DEBUG    | [20220609] 1 trades, day P&L=$+30, equity=$109,080
2026-04-03 14:22:24 | DEBUG    | [20220616] 2 trades, day P&L=$+60, equity=$109,140
2026-04-03 14:22:24 | DEBUG    | [20220623] 1 trades, day P&L=$+30, equity=$109,170
2026-04-03 14:22:24 | DEBUG    | [20220624] 1 trades, day P&L=$+30, equity=$109,200
2026-04-03 14:22:24 | DEBUG    | [20220628] 1 trades, day P&L=$+30, equity=$109,230
2026-04-03 14:22:24 | DEBUG    | [20220630] 2 trades, day P&L=$-620, equity=$108,610
2026-04-03 14:22:24 | DEBUG    | [20220705] 2 trades, day P&L=$+60, equity=$108,670
2026-04-03 14:22:24 | DEBUG    | [20220707] 1 trades, day P&L=$+30, equity=$108,700
2026-04-03 14:22:24 | DEBUG    | [20220719] 1 trades, day P&L=$+30, equity=$108,730
2026-04-03 14:22:24 | DEBUG    | [20220902] 2 trades, day P&L=$+210, equity=$108,940
2026-04-03 14:22:25 | DEBUG    | [20220913] 2 trades, day P&L=$+110, equity=$109,050
2026-04-03 14:22:25 | DEBUG    | [20220915] 1 trades, day P&L=$+130, equity=$109,180
2026-04-03 14:22:25 | DEBUG    | [20220916] 2 trades, day P&L=$+210, equity=$109,390
2026-04-03 14:22:25 | DEBUG    | [20220923] 2 trades, day P&L=$+260, equity=$109,650
2026-04-03 14:22:25 | DEBUG    | [20220927] 2 trades, day P&L=$+260, equity=$109,910
2026-04-03 14:22:25 | DEBUG    | [20221003] 1 trades, day P&L=$+30, equity=$109,940
2026-04-03 14:22:25 | DEBUG    | [20221006] 1 trades, day P&L=$+130, equity=$110,070
2026-04-03 14:22:25 | DEBUG    | [20221007] 2 trades, day P&L=$+510, equity=$110,580
2026-04-03 14:22:25 | DEBUG    | [20221011] 1 trades, day P&L=$+30, equity=$110,610
2026-04-03 14:22:25 | DEBUG    | [20221013] 2 trades, day P&L=$+360, equity=$110,970
2026-04-03 14:22:25 | DEBUG    | [20221020] 2 trades, day P&L=$+60, equity=$111,030
2026-04-03 14:22:25 | DEBUG    | [20221115] 1 trades, day P&L=$+80, equity=$111,110
2026-04-03 14:22:25 | DEBUG    | [20221118] 1 trades, day P&L=$+30, equity=$111,140
2026-04-03 14:22:25 | DEBUG    | [20221209] 1 trades, day P&L=$+30, equity=$111,170
2026-04-03 14:22:25 | DEBUG    | [20221213] 1 trades, day P&L=$+30, equity=$111,200
2026-04-03 14:22:25 | DEBUG    | [20221215] 1 trades, day P&L=$+30, equity=$111,230
2026-04-03 14:22:25 | DEBUG    | [20230202] 1 trades, day P&L=$+30, equity=$111,260
2026-04-03 14:22:25 | DEBUG    | [20230203] 2 trades, day P&L=$+60, equity=$111,320
2026-04-03 14:22:25 | DEBUG    | [20230309] 2 trades, day P&L=$+160, equity=$111,480
2026-04-03 14:22:25 | DEBUG    | [20230313] 1 trades, day P&L=$+180, equity=$111,660
2026-04-03 14:22:25 | DEBUG    | [20230316] 2 trades, day P&L=$+160, equity=$111,820
2026-04-03 14:22:25 | DEBUG    | [20230331] 2 trades, day P&L=$+110, equity=$111,930
2026-04-03 14:22:25 | DEBUG    | [20230707] 1 trades, day P&L=$+80, equity=$112,010
2026-04-03 14:22:26 | DEBUG    | [20230825] 1 trades, day P&L=$+30, equity=$112,040
2026-04-03 14:22:26 | DEBUG    | [20230929] 1 trades, day P&L=$+80, equity=$112,120
2026-04-03 14:22:26 | DEBUG    | [20231019] 1 trades, day P&L=$+30, equity=$112,150
2026-04-03 14:22:26 | DEBUG    | [20240216] 1 trades, day P&L=$+30, equity=$112,180
2026-04-03 14:22:26 | DEBUG    | [20240404] 1 trades, day P&L=$+80, equity=$112,260
2026-04-03 14:22:26 | DEBUG    | [20240412] 1 trades, day P&L=$+30, equity=$112,290
2026-04-03 14:22:26 | DEBUG    | [20240415] 1 trades, day P&L=$+30, equity=$112,320
2026-04-03 14:22:26 | DEBUG    | [20240416] 2 trades, day P&L=$+110, equity=$112,430
2026-04-03 14:22:26 | DEBUG    | [20240418] 1 trades, day P&L=$+30, equity=$112,460
2026-04-03 14:22:26 | DEBUG    | [20240419] 1 trades, day P&L=$+30, equity=$112,490
2026-04-03 14:22:26 | DEBUG    | [20240422] 1 trades, day P&L=$+30, equity=$112,520
2026-04-03 14:22:26 | DEBUG    | [20240531] 1 trades, day P&L=$+80, equity=$112,600
2026-04-03 14:22:26 | DEBUG    | [20240607] 1 trades, day P&L=$+30, equity=$112,630
2026-04-03 14:22:26 | DEBUG    | [20240627] 1 trades, day P&L=$+30, equity=$112,660
2026-04-03 14:22:26 | DEBUG    | [20240628] 1 trades, day P&L=$+230, equity=$112,890
2026-04-03 14:22:26 | DEBUG    | [20240712] 1 trades, day P&L=$+80, equity=$112,970
2026-04-03 14:22:26 | DEBUG    | [20240715] 1 trades, day P&L=$+30, equity=$113,000
2026-04-03 14:22:26 | DEBUG    | [20240718] 1 trades, day P&L=$+180, equity=$113,180
2026-04-03 14:22:26 | DEBUG    | [20240719] 1 trades, day P&L=$+80, equity=$113,260
2026-04-03 14:22:26 | DEBUG    | [20240726] 2 trades, day P&L=$+660, equity=$113,920
2026-04-03 14:22:26 | DEBUG    | [20240729] 1 trades, day P&L=$+30, equity=$113,950
2026-04-03 14:22:26 | DEBUG    | [20240730] 1 trades, day P&L=$+80, equity=$114,030
2026-04-03 14:22:26 | DEBUG    | [20240802] 1 trades, day P&L=$+380, equity=$114,410
2026-04-03 14:22:26 | DEBUG    | [20240808] 1 trades, day P&L=$+30, equity=$114,440
2026-04-03 14:22:26 | DEBUG    | [20240812] 2 trades, day P&L=$+310, equity=$114,750
2026-04-03 14:22:26 | DEBUG    | [20240813] 1 trades, day P&L=$+30, equity=$114,780
2026-04-03 14:22:27 | DEBUG    | [20240820] 1 trades, day P&L=$+30, equity=$114,810
2026-04-03 14:22:27 | DEBUG    | [20240823] 1 trades, day P&L=$+30, equity=$114,840
2026-04-03 14:22:27 | DEBUG    | [20240829] 1 trades, day P&L=$+230, equity=$115,070
2026-04-03 14:22:27 | DEBUG    | [20240830] 1 trades, day P&L=$+80, equity=$115,150
2026-04-03 14:22:27 | DEBUG    | [20240903] 1 trades, day P&L=$+380, equity=$115,530
2026-04-03 14:22:27 | DEBUG    | [20240905] 1 trades, day P&L=$+30, equity=$115,560
2026-04-03 14:22:27 | DEBUG    | [20240906] 1 trades, day P&L=$+230, equity=$115,790
2026-04-03 14:22:27 | DEBUG    | [20240913] 1 trades, day P&L=$+30, equity=$115,820
2026-04-03 14:22:27 | DEBUG    | [20240919] 1 trades, day P&L=$+30, equity=$115,850
2026-04-03 14:22:27 | DEBUG    | [20240930] 1 trades, day P&L=$+480, equity=$116,330
2026-04-03 14:22:27 | DEBUG    | [20241001] 1 trades, day P&L=$+180, equity=$116,510
2026-04-03 14:22:27 | DEBUG    | [20241010] 1 trades, day P&L=$+30, equity=$116,540
2026-04-03 14:22:27 | DEBUG    | [20241025] 1 trades, day P&L=$+30, equity=$116,570
2026-04-03 14:22:27 | DEBUG    | [20241031] 1 trades, day P&L=$+30, equity=$116,600
2026-04-03 14:22:27 | DEBUG    | [20241104] 1 trades, day P&L=$+30, equity=$116,630
2026-04-03 14:22:27 | DEBUG    | [20241115] 1 trades, day P&L=$+30, equity=$116,660
2026-04-03 14:22:27 | DEBUG    | [20241220] 1 trades, day P&L=$+430, equity=$117,090
2026-04-03 14:22:27 | DEBUG    | [20241227] 1 trades, day P&L=$+80, equity=$117,170
2026-04-03 14:22:27 | DEBUG    | [20241230] 2 trades, day P&L=$+210, equity=$117,380
2026-04-03 14:22:27 | DEBUG    | [20241231] 1 trades, day P&L=$+430, equity=$117,810
2026-04-03 14:22:27 | DEBUG    | [20250102] 1 trades, day P&L=$+230, equity=$118,040
2026-04-03 14:22:27 | DEBUG    | [20250107] 1 trades, day P&L=$+180, equity=$118,220
2026-04-03 14:22:27 | DEBUG    | [20250110] 1 trades, day P&L=$+30, equity=$118,250
2026-04-03 14:22:27 | DEBUG    | [20250127] 1 trades, day P&L=$+30, equity=$118,280
2026-04-03 14:22:27 | DEBUG    | [20250131] 1 trades, day P&L=$+480, equity=$118,760
2026-04-03 14:22:27 | DEBUG    | [20250203] 1 trades, day P&L=$+180, equity=$118,940
2026-04-03 14:22:27 | DEBUG    | [20250207] 1 trades, day P&L=$+30, equity=$118,970
2026-04-03 14:22:27 | DEBUG    | [20250221] 1 trades, day P&L=$+30, equity=$119,000
2026-04-03 14:22:27 | DEBUG    | [20250225] 1 trades, day P&L=$+180, equity=$119,180
2026-04-03 14:22:27 | DEBUG    | [20250227] 1 trades, day P&L=$+180, equity=$119,360
2026-04-03 14:22:27 | DEBUG    | [20250306] 1 trades, day P&L=$+1030, equity=$120,390
2026-04-03 14:22:27 | DEBUG    | [20250310] 1 trades, day P&L=$+730, equity=$121,120
2026-04-03 14:22:27 | DEBUG    | [20250313] 1 trades, day P&L=$+80, equity=$121,200
2026-04-03 14:22:27 | DEBUG    | [20250314] 1 trades, day P&L=$+180, equity=$121,380
2026-04-03 14:22:27 | DEBUG    | [20250318] 1 trades, day P&L=$+30, equity=$121,410
2026-04-03 14:22:27 | DEBUG    | [20250321] 1 trades, day P&L=$+30, equity=$121,440
2026-04-03 14:22:27 | DEBUG    | [20250327] 2 trades, day P&L=$+60, equity=$121,500
2026-04-03 14:22:27 | DEBUG    | [20250328] 1 trades, day P&L=$+30, equity=$121,530
2026-04-03 14:22:27 | DEBUG    | [20250401] 1 trades, day P&L=$+30, equity=$121,560
2026-04-03 14:22:27 | DEBUG    | [20250403] 1 trades, day P&L=$+580, equity=$122,140
2026-04-03 14:22:27 | DEBUG    | [20250408] 1 trades, day P&L=$+1830, equity=$123,970
2026-04-03 14:22:27 | DEBUG    | [20250415] 2 trades, day P&L=$+110, equity=$124,080
2026-04-03 14:22:27 | DEBUG    | [20250421] 1 trades, day P&L=$+530, equity=$124,610
2026-04-03 14:22:27 | DEBUG    | [20250428] 2 trades, day P&L=$+210, equity=$124,820
2026-04-03 14:22:27 | DEBUG    | [20250501] 2 trades, day P&L=$-740, equity=$124,080
2026-04-03 14:22:27 | DEBUG    | [20250502] 1 trades, day P&L=$+30, equity=$124,110
2026-04-03 14:22:27 | DEBUG    | [20250505] 1 trades, day P&L=$+80, equity=$124,190
2026-04-03 14:22:27 | DEBUG    | [20250506] 1 trades, day P&L=$+130, equity=$124,320
2026-04-03 14:22:27 | DEBUG    | [20250508] 2 trades, day P&L=$+610, equity=$124,930
2026-04-03 14:22:27 | DEBUG    | [20250509] 1 trades, day P&L=$+30, equity=$124,960
2026-04-03 14:22:27 | DEBUG    | [20250523] 1 trades, day P&L=$+230, equity=$125,190
2026-04-03 14:22:27 | DEBUG    | [20250529] 1 trades, day P&L=$+130, equity=$125,320
2026-04-03 14:22:27 | DEBUG    | [20250530] 2 trades, day P&L=$+1110, equity=$126,430
2026-04-03 14:22:27 | DEBUG    | [20250605] 1 trades, day P&L=$+80, equity=$126,510
2026-04-03 14:22:27 | DEBUG    | [20250613] 1 trades, day P&L=$+80, equity=$126,590
2026-04-03 14:22:27 | DEBUG    | [20250623] 1 trades, day P&L=$+30, equity=$126,620
2026-04-03 14:22:27 | DEBUG    | [20250630] 1 trades, day P&L=$+30, equity=$126,650
2026-04-03 14:22:27 | DEBUG    | [20250731] 1 trades, day P&L=$+180, equity=$126,830
2026-04-03 14:22:27 | DEBUG    | [20250801] 1 trades, day P&L=$+30, equity=$126,860
2026-04-03 14:22:27 | DEBUG    | [20250811] 1 trades, day P&L=$+30, equity=$126,890
2026-04-03 14:22:27 | DEBUG    | [20250930] 1 trades, day P&L=$+30, equity=$126,920
2026-04-03 14:22:28 | DEBUG    | [20251010] 1 trades, day P&L=$+980, equity=$127,900
2026-04-03 14:22:28 | DEBUG    | [20251016] 1 trades, day P&L=$+230, equity=$128,130
2026-04-03 14:22:28 | DEBUG    | [20251031] 1 trades, day P&L=$+80, equity=$128,210
2026-04-03 14:22:28 | DEBUG    | [20251106] 1 trades, day P&L=$+80, equity=$128,290
2026-04-03 14:22:28 | DEBUG    | [20251107] 1 trades, day P&L=$+30, equity=$128,320
2026-04-03 14:22:28 | DEBUG    | [20251113] 1 trades, day P&L=$+130, equity=$128,450
2026-04-03 14:22:28 | DEBUG    | [20251117] 1 trades, day P&L=$+130, equity=$128,580
2026-04-03 14:22:28 | DEBUG    | [20251118] 2 trades, day P&L=$+160, equity=$128,740
2026-04-03 14:22:28 | DEBUG    | [20251120] 1 trades, day P&L=$+430, equity=$129,170
2026-04-03 14:22:28 | DEBUG    | [20251218] 2 trades, day P&L=$+310, equity=$129,480
2026-04-03 14:22:28 | DEBUG    | [20260120] 1 trades, day P&L=$+30, equity=$129,510
2026-04-03 14:22:28 | DEBUG    | [20260130] 2 trades, day P&L=$+210, equity=$129,720
2026-04-03 14:22:28 | DEBUG    | [20260205] 1 trades, day P&L=$+230, equity=$129,950
2026-04-03 14:22:28 | DEBUG    | [20260206] 1 trades, day P&L=$+130, equity=$130,080
2026-04-03 14:22:28 | DEBUG    | [20260212] 1 trades, day P&L=$+180, equity=$130,260
2026-04-03 14:22:28 | DEBUG    | [20260227] 2 trades, day P&L=$+160, equity=$130,420
2026-04-03 14:22:28 | DEBUG    | [20260302] 1 trades, day P&L=$+80, equity=$130,500
2026-04-03 14:22:28 | DEBUG    | [20260303] 1 trades, day P&L=$+80, equity=$130,580
2026-04-03 14:22:28 | DEBUG    | [20260305] 1 trades, day P&L=$+130, equity=$130,710
2026-04-03 14:22:28 | DEBUG    | [20260306] 1 trades, day P&L=$+30, equity=$130,740
2026-04-03 14:22:28 | DEBUG    | [20260309] 1 trades, day P&L=$+130, equity=$130,870
2026-04-03 14:22:28 | DEBUG    | [20260310] 1 trades, day P&L=$+80, equity=$130,950
2026-04-03 14:22:28 | DEBUG    | [20260320] 1 trades, day P&L=$+130, equity=$131,080
2026-04-03 14:22:28 | DEBUG    | [20260324] 1 trades, day P&L=$+30, equity=$131,110
2026-04-03 14:22:28 | INFO     | ============================================================
2026-04-03 14:22:28 | INFO     | SKIP REASONS:
2026-04-03 14:22:28 | INFO     |   dow_filter          : 192
2026-04-03 14:22:28 | INFO     |   early_close         : 6
2026-04-03 14:22:28 | INFO     |   no_quotes           : 21
2026-04-03 14:22:28 | INFO     |   prior_return        : 147
2026-04-03 14:22:28 | INFO     |   TOTAL TRADES        : 213
2026-04-03 14:22:28 | INFO     | ============================================================
2026-04-03 14:22:28 | DEBUG    | [20220110] 2 trades, day P&L=$+45, equity=$100,045
2026-04-03 14:22:28 | DEBUG    | [20220114] 1 trades, day P&L=$+130, equity=$100,175
2026-04-03 14:22:28 | DEBUG    | [20220118] 2 trades, day P&L=$+145, equity=$100,320
2026-04-03 14:22:28 | DEBUG    | [20220121] 2 trades, day P&L=$+495, equity=$100,815
2026-04-03 14:22:28 | DEBUG    | [20220128] 2 trades, day P&L=$+395, equity=$101,210
2026-04-03 14:22:28 | DEBUG    | [20220207] 2 trades, day P&L=$+295, equity=$101,505
2026-04-03 14:22:28 | DEBUG    | [20220222] 2 trades, day P&L=$+545, equity=$102,050
2026-04-03 14:22:28 | DEBUG    | [20220225] 2 trades, day P&L=$+145, equity=$102,195
2026-04-03 14:22:28 | DEBUG    | [20220304] 2 trades, day P&L=$+195, equity=$102,390
2026-04-03 14:22:28 | DEBUG    | [20220307] 2 trades, day P&L=$+270, equity=$102,660
2026-04-03 14:22:28 | DEBUG    | [20220311] 2 trades, day P&L=$+395, equity=$103,055
2026-04-03 14:22:28 | DEBUG    | [20220314] 2 trades, day P&L=$+220, equity=$103,275
2026-04-03 14:22:28 | DEBUG    | [20220318] 1 trades, day P&L=$+30, equity=$103,305
2026-04-03 14:22:28 | DEBUG    | [20220331] 2 trades, day P&L=$+845, equity=$104,150
2026-04-03 14:22:28 | DEBUG    | [20220408] 2 trades, day P&L=$+45, equity=$104,195
2026-04-03 14:22:28 | DEBUG    | [20220414] 1 trades, day P&L=$+30, equity=$104,225
2026-04-03 14:22:28 | DEBUG    | [20220418] 1 trades, day P&L=$+30, equity=$104,255
2026-04-03 14:22:28 | DEBUG    | [20220422] 2 trades, day P&L=$+895, equity=$105,150
2026-04-03 14:22:28 | DEBUG    | [20220426] 2 trades, day P&L=$+370, equity=$105,520
2026-04-03 14:22:28 | DEBUG    | [20220503] 1 trades, day P&L=$+130, equity=$105,650
2026-04-03 14:22:28 | DEBUG    | [20220509] 2 trades, day P&L=$+1095, equity=$106,745
2026-04-03 14:22:28 | DEBUG    | [20220513] 2 trades, day P&L=$+645, equity=$107,390
2026-04-03 14:22:28 | DEBUG    | [20220517] 1 trades, day P&L=$+30, equity=$107,420
2026-04-03 14:22:28 | DEBUG    | [20220520] 2 trades, day P&L=$+370, equity=$107,790
2026-04-03 14:22:28 | DEBUG    | [20220526] 1 trades, day P&L=$+80, equity=$107,870
2026-04-03 14:22:28 | DEBUG    | [20220602] 1 trades, day P&L=$+30, equity=$107,900
2026-04-03 14:22:28 | DEBUG    | [20220609] 1 trades, day P&L=$+30, equity=$107,930
2026-04-03 14:22:28 | DEBUG    | [20220616] 2 trades, day P&L=$+45, equity=$107,975
2026-04-03 14:22:28 | DEBUG    | [20220623] 1 trades, day P&L=$+30, equity=$108,005
2026-04-03 14:22:28 | DEBUG    | [20220624] 1 trades, day P&L=$+30, equity=$108,035
2026-04-03 14:22:28 | DEBUG    | [20220628] 1 trades, day P&L=$+30, equity=$108,065
2026-04-03 14:22:28 | DEBUG    | [20220630] 2 trades, day P&L=$-245, equity=$107,820
2026-04-03 14:22:28 | DEBUG    | [20220705] 2 trades, day P&L=$+45, equity=$107,865
2026-04-03 14:22:28 | DEBUG    | [20220707] 1 trades, day P&L=$+30, equity=$107,895
2026-04-03 14:22:28 | DEBUG    | [20220719] 1 trades, day P&L=$+30, equity=$107,925
2026-04-03 14:22:28 | DEBUG    | [20220902] 2 trades, day P&L=$+170, equity=$108,095
2026-04-03 14:22:28 | DEBUG    | [20220913] 2 trades, day P&L=$+95, equity=$108,190
2026-04-03 14:22:29 | DEBUG    | [20220915] 2 trades, day P&L=$+220, equity=$108,410
2026-04-03 14:22:29 | DEBUG    | [20220916] 2 trades, day P&L=$+145, equity=$108,555
2026-04-03 14:22:29 | DEBUG    | [20220923] 2 trades, day P&L=$+195, equity=$108,750
2026-04-03 14:22:29 | DEBUG    | [20220927] 2 trades, day P&L=$+220, equity=$108,970
2026-04-03 14:22:29 | DEBUG    | [20221003] 1 trades, day P&L=$+30, equity=$109,000
2026-04-03 14:22:29 | DEBUG    | [20221006] 1 trades, day P&L=$+130, equity=$109,130
2026-04-03 14:22:29 | DEBUG    | [20221007] 2 trades, day P&L=$+395, equity=$109,525
2026-04-03 14:22:29 | DEBUG    | [20221011] 1 trades, day P&L=$+30, equity=$109,555
2026-04-03 14:22:29 | DEBUG    | [20221013] 2 trades, day P&L=$+295, equity=$109,850
2026-04-03 14:22:29 | DEBUG    | [20221020] 2 trades, day P&L=$+45, equity=$109,895
2026-04-03 14:22:29 | DEBUG    | [20221021] 1 trades, day P&L=$+30, equity=$109,925
2026-04-03 14:22:29 | DEBUG    | [20221115] 1 trades, day P&L=$+80, equity=$110,005
2026-04-03 14:22:29 | DEBUG    | [20221118] 1 trades, day P&L=$+30, equity=$110,035
2026-04-03 14:22:29 | DEBUG    | [20221209] 1 trades, day P&L=$+30, equity=$110,065
2026-04-03 14:22:29 | DEBUG    | [20221213] 1 trades, day P&L=$+30, equity=$110,095
2026-04-03 14:22:29 | DEBUG    | [20221215] 1 trades, day P&L=$+30, equity=$110,125
2026-04-03 14:22:29 | DEBUG    | [20230202] 1 trades, day P&L=$+30, equity=$110,155
2026-04-03 14:22:29 | DEBUG    | [20230203] 2 trades, day P&L=$+45, equity=$110,200
2026-04-03 14:22:29 | DEBUG    | [20230309] 2 trades, day P&L=$+145, equity=$110,345
2026-04-03 14:22:29 | DEBUG    | [20230313] 1 trades, day P&L=$+180, equity=$110,525
2026-04-03 14:22:29 | DEBUG    | [20230316] 2 trades, day P&L=$+95, equity=$110,620
2026-04-03 14:22:29 | DEBUG    | [20230331] 2 trades, day P&L=$+95, equity=$110,715
2026-04-03 14:22:29 | DEBUG    | [20230707] 1 trades, day P&L=$+80, equity=$110,795
2026-04-03 14:22:30 | DEBUG    | [20230825] 1 trades, day P&L=$+30, equity=$110,825
2026-04-03 14:22:30 | DEBUG    | [20230929] 1 trades, day P&L=$+80, equity=$110,905
2026-04-03 14:22:30 | DEBUG    | [20231019] 1 trades, day P&L=$+30, equity=$110,935
2026-04-03 14:22:30 | DEBUG    | [20240216] 1 trades, day P&L=$+30, equity=$110,965
2026-04-03 14:22:30 | DEBUG    | [20240328] 1 trades, day P&L=$+80, equity=$111,045
2026-04-03 14:22:30 | DEBUG    | [20240404] 1 trades, day P&L=$+80, equity=$111,125
2026-04-03 14:22:30 | DEBUG    | [20240412] 1 trades, day P&L=$+30, equity=$111,155
2026-04-03 14:22:30 | DEBUG    | [20240415] 1 trades, day P&L=$+30, equity=$111,185
2026-04-03 14:22:30 | DEBUG    | [20240416] 2 trades, day P&L=$+145, equity=$111,330
2026-04-03 14:22:30 | DEBUG    | [20240418] 1 trades, day P&L=$+30, equity=$111,360
2026-04-03 14:22:30 | DEBUG    | [20240419] 1 trades, day P&L=$+30, equity=$111,390
2026-04-03 14:22:30 | DEBUG    | [20240422] 1 trades, day P&L=$+30, equity=$111,420
2026-04-03 14:22:30 | DEBUG    | [20240531] 1 trades, day P&L=$+80, equity=$111,500
2026-04-03 14:22:30 | DEBUG    | [20240607] 1 trades, day P&L=$+30, equity=$111,530
2026-04-03 14:22:30 | DEBUG    | [20240627] 1 trades, day P&L=$+30, equity=$111,560
2026-04-03 14:22:30 | DEBUG    | [20240628] 1 trades, day P&L=$+230, equity=$111,790
2026-04-03 14:22:30 | DEBUG    | [20240712] 1 trades, day P&L=$+80, equity=$111,870
2026-04-03 14:22:30 | DEBUG    | [20240715] 1 trades, day P&L=$+30, equity=$111,900
2026-04-03 14:22:30 | DEBUG    | [20240718] 1 trades, day P&L=$+230, equity=$112,130
2026-04-03 14:22:30 | DEBUG    | [20240719] 1 trades, day P&L=$+80, equity=$112,210
2026-04-03 14:22:30 | DEBUG    | [20240726] 2 trades, day P&L=$+570, equity=$112,780
2026-04-03 14:22:30 | DEBUG    | [20240729] 1 trades, day P&L=$+30, equity=$112,810
2026-04-03 14:22:30 | DEBUG    | [20240730] 1 trades, day P&L=$+80, equity=$112,890
2026-04-03 14:22:30 | DEBUG    | [20240802] 1 trades, day P&L=$+430, equity=$113,320
2026-04-03 14:22:30 | DEBUG    | [20240808] 1 trades, day P&L=$+30, equity=$113,350
2026-04-03 14:22:30 | DEBUG    | [20240812] 2 trades, day P&L=$+270, equity=$113,620
2026-04-03 14:22:30 | DEBUG    | [20240813] 1 trades, day P&L=$+30, equity=$113,650
2026-04-03 14:22:30 | DEBUG    | [20240820] 1 trades, day P&L=$+30, equity=$113,680
2026-04-03 14:22:31 | DEBUG    | [20240823] 1 trades, day P&L=$+30, equity=$113,710
2026-04-03 14:22:31 | DEBUG    | [20240829] 1 trades, day P&L=$+230, equity=$113,940
2026-04-03 14:22:31 | DEBUG    | [20240830] 1 trades, day P&L=$+80, equity=$114,020
2026-04-03 14:22:31 | DEBUG    | [20240903] 1 trades, day P&L=$+430, equity=$114,450
2026-04-03 14:22:31 | DEBUG    | [20240905] 1 trades, day P&L=$+30, equity=$114,480
2026-04-03 14:22:31 | DEBUG    | [20240906] 1 trades, day P&L=$+230, equity=$114,710
2026-04-03 14:22:31 | DEBUG    | [20240913] 1 trades, day P&L=$+30, equity=$114,740
2026-04-03 14:22:31 | DEBUG    | [20240919] 2 trades, day P&L=$+95, equity=$114,835
2026-04-03 14:22:31 | DEBUG    | [20240930] 1 trades, day P&L=$+480, equity=$115,315
2026-04-03 14:22:31 | DEBUG    | [20241001] 1 trades, day P&L=$+180, equity=$115,495
2026-04-03 14:22:31 | DEBUG    | [20241010] 1 trades, day P&L=$+30, equity=$115,525
2026-04-03 14:22:31 | DEBUG    | [20241025] 1 trades, day P&L=$+30, equity=$115,555
2026-04-03 14:22:31 | DEBUG    | [20241031] 1 trades, day P&L=$+30, equity=$115,585
2026-04-03 14:22:31 | DEBUG    | [20241104] 1 trades, day P&L=$+30, equity=$115,615
2026-04-03 14:22:31 | DEBUG    | [20241115] 1 trades, day P&L=$+30, equity=$115,645
2026-04-03 14:22:31 | DEBUG    | [20241220] 1 trades, day P&L=$+480, equity=$116,125
2026-04-03 14:22:31 | DEBUG    | [20241227] 1 trades, day P&L=$+80, equity=$116,205
2026-04-03 14:22:31 | DEBUG    | [20241230] 2 trades, day P&L=$+145, equity=$116,350
2026-04-03 14:22:31 | DEBUG    | [20241231] 1 trades, day P&L=$+480, equity=$116,830
2026-04-03 14:22:31 | DEBUG    | [20250102] 1 trades, day P&L=$+230, equity=$117,060
2026-04-03 14:22:31 | DEBUG    | [20250107] 1 trades, day P&L=$+180, equity=$117,240
2026-04-03 14:22:31 | DEBUG    | [20250110] 1 trades, day P&L=$+30, equity=$117,270
2026-04-03 14:22:31 | DEBUG    | [20250127] 1 trades, day P&L=$+30, equity=$117,300
2026-04-03 14:22:31 | DEBUG    | [20250131] 1 trades, day P&L=$+530, equity=$117,830
2026-04-03 14:22:31 | DEBUG    | [20250203] 1 trades, day P&L=$+180, equity=$118,010
2026-04-03 14:22:31 | DEBUG    | [20250207] 1 trades, day P&L=$+30, equity=$118,040
2026-04-03 14:22:31 | DEBUG    | [20250221] 1 trades, day P&L=$+30, equity=$118,070
2026-04-03 14:22:31 | DEBUG    | [20250225] 1 trades, day P&L=$+180, equity=$118,250
2026-04-03 14:22:31 | DEBUG    | [20250227] 1 trades, day P&L=$+180, equity=$118,430
2026-04-03 14:22:31 | DEBUG    | [20250306] 1 trades, day P&L=$+1130, equity=$119,560
2026-04-03 14:22:31 | DEBUG    | [20250310] 1 trades, day P&L=$+830, equity=$120,390
2026-04-03 14:22:31 | DEBUG    | [20250313] 1 trades, day P&L=$+80, equity=$120,470
2026-04-03 14:22:31 | DEBUG    | [20250314] 1 trades, day P&L=$+180, equity=$120,650
2026-04-03 14:22:31 | DEBUG    | [20250318] 1 trades, day P&L=$+30, equity=$120,680
2026-04-03 14:22:31 | DEBUG    | [20250321] 1 trades, day P&L=$+30, equity=$120,710
2026-04-03 14:22:31 | DEBUG    | [20250327] 2 trades, day P&L=$+45, equity=$120,755
2026-04-03 14:22:31 | DEBUG    | [20250328] 1 trades, day P&L=$+30, equity=$120,785
2026-04-03 14:22:31 | DEBUG    | [20250401] 1 trades, day P&L=$+30, equity=$120,815
2026-04-03 14:22:31 | DEBUG    | [20250403] 1 trades, day P&L=$+630, equity=$121,445
2026-04-03 14:22:31 | DEBUG    | [20250415] 2 trades, day P&L=$+70, equity=$121,515
2026-04-03 14:22:31 | DEBUG    | [20250421] 1 trades, day P&L=$+530, equity=$122,045
2026-04-03 14:22:31 | DEBUG    | [20250428] 2 trades, day P&L=$+120, equity=$122,165
2026-04-03 14:22:31 | DEBUG    | [20250501] 2 trades, day P&L=$-780, equity=$121,385
2026-04-03 14:22:31 | DEBUG    | [20250502] 1 trades, day P&L=$+30, equity=$121,415
2026-04-03 14:22:31 | DEBUG    | [20250505] 1 trades, day P&L=$+80, equity=$121,495
2026-04-03 14:22:31 | DEBUG    | [20250506] 1 trades, day P&L=$+130, equity=$121,625
2026-04-03 14:22:31 | DEBUG    | [20250508] 2 trades, day P&L=$+470, equity=$122,095
2026-04-03 14:22:31 | DEBUG    | [20250509] 1 trades, day P&L=$+30, equity=$122,125
2026-04-03 14:22:31 | DEBUG    | [20250512] 1 trades, day P&L=$+130, equity=$122,255
2026-04-03 14:22:31 | DEBUG    | [20250523] 1 trades, day P&L=$+230, equity=$122,485
2026-04-03 14:22:31 | DEBUG    | [20250529] 1 trades, day P&L=$+130, equity=$122,615
2026-04-03 14:22:31 | DEBUG    | [20250530] 2 trades, day P&L=$+870, equity=$123,485
2026-04-03 14:22:31 | DEBUG    | [20250605] 1 trades, day P&L=$+130, equity=$123,615
2026-04-03 14:22:31 | DEBUG    | [20250613] 1 trades, day P&L=$+130, equity=$123,745
2026-04-03 14:22:31 | DEBUG    | [20250623] 1 trades, day P&L=$+30, equity=$123,775
2026-04-03 14:22:31 | DEBUG    | [20250630] 1 trades, day P&L=$+30, equity=$123,805
2026-04-03 14:22:31 | DEBUG    | [20250731] 1 trades, day P&L=$+180, equity=$123,985
2026-04-03 14:22:31 | DEBUG    | [20250801] 1 trades, day P&L=$+30, equity=$124,015
2026-04-03 14:22:31 | DEBUG    | [20250811] 1 trades, day P&L=$+30, equity=$124,045
2026-04-03 14:22:32 | DEBUG    | [20250930] 1 trades, day P&L=$+30, equity=$124,075
2026-04-03 14:22:32 | DEBUG    | [20251010] 1 trades, day P&L=$+1080, equity=$125,155
2026-04-03 14:22:32 | DEBUG    | [20251016] 1 trades, day P&L=$+230, equity=$125,385
2026-04-03 14:22:32 | DEBUG    | [20251031] 1 trades, day P&L=$+80, equity=$125,465
2026-04-03 14:22:32 | DEBUG    | [20251106] 1 trades, day P&L=$+80, equity=$125,545
2026-04-03 14:22:32 | DEBUG    | [20251107] 1 trades, day P&L=$+30, equity=$125,575
2026-04-03 14:22:32 | DEBUG    | [20251113] 1 trades, day P&L=$+130, equity=$125,705
2026-04-03 14:22:32 | DEBUG    | [20251117] 1 trades, day P&L=$+130, equity=$125,835
2026-04-03 14:22:32 | DEBUG    | [20251118] 2 trades, day P&L=$+145, equity=$125,980
2026-04-03 14:22:32 | DEBUG    | [20251120] 1 trades, day P&L=$+430, equity=$126,410
2026-04-03 14:22:32 | DEBUG    | [20251218] 2 trades, day P&L=$+195, equity=$126,605
2026-04-03 14:22:32 | DEBUG    | [20260120] 1 trades, day P&L=$+30, equity=$126,635
2026-04-03 14:22:32 | DEBUG    | [20260130] 2 trades, day P&L=$+145, equity=$126,780
2026-04-03 14:22:32 | DEBUG    | [20260205] 1 trades, day P&L=$+230, equity=$127,010
2026-04-03 14:22:32 | DEBUG    | [20260206] 1 trades, day P&L=$+130, equity=$127,140
2026-04-03 14:22:32 | DEBUG    | [20260212] 1 trades, day P&L=$+180, equity=$127,320
2026-04-03 14:22:32 | DEBUG    | [20260227] 2 trades, day P&L=$+95, equity=$127,415
2026-04-03 14:22:32 | DEBUG    | [20260302] 1 trades, day P&L=$+80, equity=$127,495
2026-04-03 14:22:32 | DEBUG    | [20260303] 1 trades, day P&L=$+130, equity=$127,625
2026-04-03 14:22:32 | DEBUG    | [20260305] 1 trades, day P&L=$+130, equity=$127,755
2026-04-03 14:22:32 | DEBUG    | [20260306] 1 trades, day P&L=$+230, equity=$127,985
2026-04-03 14:22:32 | DEBUG    | [20260309] 1 trades, day P&L=$+130, equity=$128,115
2026-04-03 14:22:32 | DEBUG    | [20260310] 2 trades, day P&L=$+120, equity=$128,235
2026-04-03 14:22:32 | DEBUG    | [20260320] 1 trades, day P&L=$+130, equity=$128,365
2026-04-03 14:22:32 | DEBUG    | [20260324] 1 trades, day P&L=$+30, equity=$128,395
2026-04-03 14:22:32 | INFO     | ============================================================
2026-04-03 14:22:32 | INFO     | SKIP REASONS:
2026-04-03 14:22:32 | INFO     |   dow_filter          : 192
2026-04-03 14:22:32 | INFO     |   early_close         : 6
2026-04-03 14:22:32 | INFO     |   no_quotes           : 21
2026-04-03 14:22:32 | INFO     |   prior_return        : 147
2026-04-03 14:22:32 | INFO     |   TOTAL TRADES        : 222
2026-04-03 14:22:32 | INFO     | ============================================================
