2026-04-03 08:00:47 | INFO     | Log file: /Users/jeerapongwongchote/Documents/thetadata/apex/logs/apex_run_20260403_080047.log
2026-04-03 08:00:53 | INFO     | Built daily indicators: 1065 dates (20220103 → 20260401)
2026-04-03 08:00:53 | DEBUG    | [20220110] 2 trades, day P&L=$+60, equity=$100,060
2026-04-03 08:00:53 | DEBUG    | [20220114] 1 trades, day P&L=$+130, equity=$100,190
2026-04-03 08:00:53 | DEBUG    | [20220118] 2 trades, day P&L=$+210, equity=$100,400
2026-04-03 08:00:53 | DEBUG    | [20220121] 2 trades, day P&L=$+510, equity=$100,910
2026-04-03 08:00:53 | DEBUG    | [20220128] 2 trades, day P&L=$+510, equity=$101,420
2026-04-03 08:00:53 | DEBUG    | [20220207] 2 trades, day P&L=$+360, equity=$101,780
2026-04-03 08:00:53 | DEBUG    | [20220222] 2 trades, day P&L=$+760, equity=$102,540
2026-04-03 08:00:53 | DEBUG    | [20220225] 2 trades, day P&L=$+260, equity=$102,800
2026-04-03 08:00:53 | DEBUG    | [20220304] 2 trades, day P&L=$+260, equity=$103,060
2026-04-03 08:00:53 | DEBUG    | [20220307] 2 trades, day P&L=$+410, equity=$103,470
2026-04-03 08:00:53 | DEBUG    | [20220311] 2 trades, day P&L=$+410, equity=$103,880
2026-04-03 08:00:53 | DEBUG    | [20220314] 2 trades, day P&L=$+310, equity=$104,190
2026-04-03 08:00:53 | DEBUG    | [20220318] 1 trades, day P&L=$+30, equity=$104,220
2026-04-03 08:00:53 | DEBUG    | [20220331] 1 trades, day P&L=$+480, equity=$104,700
2026-04-03 08:00:53 | DEBUG    | [20220408] 2 trades, day P&L=$+60, equity=$104,760
2026-04-03 08:00:53 | DEBUG    | [20220418] 1 trades, day P&L=$+30, equity=$104,790
2026-04-03 08:00:53 | DEBUG    | [20220422] 1 trades, day P&L=$+580, equity=$105,370
2026-04-03 08:00:53 | DEBUG    | [20220509] 1 trades, day P&L=$+580, equity=$105,950
2026-04-03 08:00:53 | DEBUG    | [20220513] 1 trades, day P&L=$+180, equity=$106,130
2026-04-03 08:00:53 | DEBUG    | [20220520] 1 trades, day P&L=$+180, equity=$106,310
2026-04-03 08:00:53 | DEBUG    | [20220526] 1 trades, day P&L=$+80, equity=$106,390
2026-04-03 08:00:53 | DEBUG    | [20220616] 1 trades, day P&L=$+30, equity=$106,420
2026-04-03 08:00:53 | DEBUG    | [20220623] 1 trades, day P&L=$+30, equity=$106,450
2026-04-03 08:00:53 | DEBUG    | [20220624] 1 trades, day P&L=$+30, equity=$106,480
2026-04-03 08:00:53 | DEBUG    | [20220630] 2 trades, day P&L=$-620, equity=$105,860
2026-04-03 08:00:53 | DEBUG    | [20220705] 1 trades, day P&L=$+30, equity=$105,890
2026-04-03 08:00:53 | DEBUG    | [20220902] 1 trades, day P&L=$+130, equity=$106,020
2026-04-03 08:00:53 | DEBUG    | [20220913] 1 trades, day P&L=$+80, equity=$106,100
2026-04-03 08:00:53 | DEBUG    | [20220915] 1 trades, day P&L=$+130, equity=$106,230
2026-04-03 08:00:53 | DEBUG    | [20220916] 2 trades, day P&L=$+210, equity=$106,440
2026-04-03 08:00:53 | DEBUG    | [20220923] 1 trades, day P&L=$+130, equity=$106,570
2026-04-03 08:00:53 | DEBUG    | [20220927] 1 trades, day P&L=$+180, equity=$106,750
2026-04-03 08:00:53 | DEBUG    | [20221003] 1 trades, day P&L=$+30, equity=$106,780
2026-04-03 08:00:53 | DEBUG    | [20221006] 1 trades, day P&L=$+130, equity=$106,910
2026-04-03 08:00:53 | DEBUG    | [20221007] 1 trades, day P&L=$+280, equity=$107,190
2026-04-03 08:00:53 | DEBUG    | [20221011] 1 trades, day P&L=$+30, equity=$107,220
2026-04-03 08:00:53 | DEBUG    | [20221013] 1 trades, day P&L=$+130, equity=$107,350
2026-04-03 08:00:53 | DEBUG    | [20221020] 1 trades, day P&L=$+30, equity=$107,380
2026-04-03 08:00:53 | DEBUG    | [20221115] 1 trades, day P&L=$+80, equity=$107,460
2026-04-03 08:00:53 | DEBUG    | [20221118] 1 trades, day P&L=$+30, equity=$107,490
2026-04-03 08:00:54 | DEBUG    | [20221209] 1 trades, day P&L=$+30, equity=$107,520
2026-04-03 08:00:54 | DEBUG    | [20221213] 1 trades, day P&L=$+30, equity=$107,550
2026-04-03 08:00:54 | DEBUG    | [20221215] 1 trades, day P&L=$+30, equity=$107,580
2026-04-03 08:00:54 | DEBUG    | [20230202] 1 trades, day P&L=$+30, equity=$107,610
2026-04-03 08:00:54 | DEBUG    | [20230203] 2 trades, day P&L=$+60, equity=$107,670
2026-04-03 08:00:54 | DEBUG    | [20230309] 1 trades, day P&L=$+130, equity=$107,800
2026-04-03 08:00:54 | DEBUG    | [20230316] 1 trades, day P&L=$+130, equity=$107,930
2026-04-03 08:00:54 | DEBUG    | [20230707] 1 trades, day P&L=$+80, equity=$108,010
2026-04-03 08:00:55 | DEBUG    | [20230825] 1 trades, day P&L=$+30, equity=$108,040
2026-04-03 08:00:55 | DEBUG    | [20230929] 1 trades, day P&L=$+80, equity=$108,120
2026-04-03 08:00:55 | DEBUG    | [20231019] 1 trades, day P&L=$+30, equity=$108,150
2026-04-03 08:00:55 | DEBUG    | [20240216] 1 trades, day P&L=$+30, equity=$108,180
2026-04-03 08:00:56 | DEBUG    | [20240404] 1 trades, day P&L=$+80, equity=$108,260
2026-04-03 08:00:56 | DEBUG    | [20240412] 1 trades, day P&L=$+30, equity=$108,290
2026-04-03 08:00:56 | DEBUG    | [20240415] 1 trades, day P&L=$+30, equity=$108,320
2026-04-03 08:00:56 | DEBUG    | [20240416] 2 trades, day P&L=$+110, equity=$108,430
2026-04-03 08:00:56 | DEBUG    | [20240418] 1 trades, day P&L=$+30, equity=$108,460
2026-04-03 08:00:56 | DEBUG    | [20240419] 1 trades, day P&L=$+30, equity=$108,490
2026-04-03 08:00:56 | DEBUG    | [20240422] 1 trades, day P&L=$+30, equity=$108,520
2026-04-03 08:00:56 | DEBUG    | [20240531] 1 trades, day P&L=$+80, equity=$108,600
2026-04-03 08:00:56 | DEBUG    | [20240607] 1 trades, day P&L=$+30, equity=$108,630
2026-04-03 08:00:56 | DEBUG    | [20240627] 1 trades, day P&L=$+30, equity=$108,660
2026-04-03 08:00:56 | DEBUG    | [20240628] 1 trades, day P&L=$+230, equity=$108,890
2026-04-03 08:00:56 | DEBUG    | [20240712] 1 trades, day P&L=$+80, equity=$108,970
2026-04-03 08:00:56 | DEBUG    | [20240715] 1 trades, day P&L=$+30, equity=$109,000
2026-04-03 08:00:56 | DEBUG    | [20240718] 1 trades, day P&L=$+180, equity=$109,180
2026-04-03 08:00:56 | DEBUG    | [20240719] 1 trades, day P&L=$+80, equity=$109,260
2026-04-03 08:00:56 | DEBUG    | [20240726] 2 trades, day P&L=$+660, equity=$109,920
2026-04-03 08:00:56 | DEBUG    | [20240729] 1 trades, day P&L=$+30, equity=$109,950
2026-04-03 08:00:56 | DEBUG    | [20240730] 1 trades, day P&L=$+80, equity=$110,030
2026-04-03 08:00:56 | DEBUG    | [20240802] 1 trades, day P&L=$+380, equity=$110,410
2026-04-03 08:00:56 | DEBUG    | [20240808] 1 trades, day P&L=$+30, equity=$110,440
2026-04-03 08:00:56 | DEBUG    | [20240812] 2 trades, day P&L=$+310, equity=$110,750
2026-04-03 08:00:56 | DEBUG    | [20240813] 1 trades, day P&L=$+30, equity=$110,780
2026-04-03 08:00:56 | DEBUG    | [20240820] 1 trades, day P&L=$+30, equity=$110,810
2026-04-03 08:00:56 | DEBUG    | [20240823] 1 trades, day P&L=$+30, equity=$110,840
2026-04-03 08:00:56 | DEBUG    | [20240829] 1 trades, day P&L=$+230, equity=$111,070
2026-04-03 08:00:56 | DEBUG    | [20240830] 1 trades, day P&L=$+80, equity=$111,150
2026-04-03 08:00:56 | DEBUG    | [20240903] 1 trades, day P&L=$+380, equity=$111,530
2026-04-03 08:00:56 | DEBUG    | [20240905] 1 trades, day P&L=$+30, equity=$111,560
2026-04-03 08:00:56 | DEBUG    | [20240906] 1 trades, day P&L=$+230, equity=$111,790
2026-04-03 08:00:56 | DEBUG    | [20240913] 1 trades, day P&L=$+30, equity=$111,820
2026-04-03 08:00:56 | DEBUG    | [20240919] 1 trades, day P&L=$+30, equity=$111,850
2026-04-03 08:00:56 | DEBUG    | [20240930] 1 trades, day P&L=$+480, equity=$112,330
2026-04-03 08:00:56 | DEBUG    | [20241001] 1 trades, day P&L=$+180, equity=$112,510
2026-04-03 08:00:56 | DEBUG    | [20241010] 1 trades, day P&L=$+30, equity=$112,540
2026-04-03 08:00:57 | DEBUG    | [20241025] 1 trades, day P&L=$+30, equity=$112,570
2026-04-03 08:00:57 | DEBUG    | [20241031] 1 trades, day P&L=$+30, equity=$112,600
2026-04-03 08:00:57 | DEBUG    | [20241104] 1 trades, day P&L=$+30, equity=$112,630
2026-04-03 08:00:57 | DEBUG    | [20241115] 1 trades, day P&L=$+30, equity=$112,660
2026-04-03 08:00:57 | DEBUG    | [20241220] 1 trades, day P&L=$+430, equity=$113,090
2026-04-03 08:00:57 | DEBUG    | [20241227] 1 trades, day P&L=$+80, equity=$113,170
2026-04-03 08:00:57 | DEBUG    | [20241230] 2 trades, day P&L=$+210, equity=$113,380
2026-04-03 08:00:57 | DEBUG    | [20241231] 1 trades, day P&L=$+430, equity=$113,810
2026-04-03 08:00:57 | DEBUG    | [20250102] 1 trades, day P&L=$+230, equity=$114,040
2026-04-03 08:00:57 | DEBUG    | [20250107] 1 trades, day P&L=$+180, equity=$114,220
2026-04-03 08:00:57 | DEBUG    | [20250110] 1 trades, day P&L=$+30, equity=$114,250
2026-04-03 08:00:57 | DEBUG    | [20250127] 1 trades, day P&L=$+30, equity=$114,280
2026-04-03 08:00:57 | DEBUG    | [20250131] 1 trades, day P&L=$+480, equity=$114,760
2026-04-03 08:00:57 | DEBUG    | [20250203] 1 trades, day P&L=$+180, equity=$114,940
2026-04-03 08:00:57 | DEBUG    | [20250207] 1 trades, day P&L=$+30, equity=$114,970
2026-04-03 08:00:57 | DEBUG    | [20250221] 1 trades, day P&L=$+30, equity=$115,000
2026-04-03 08:00:57 | DEBUG    | [20250225] 1 trades, day P&L=$+180, equity=$115,180
2026-04-03 08:00:57 | DEBUG    | [20250227] 1 trades, day P&L=$+180, equity=$115,360
2026-04-03 08:00:57 | DEBUG    | [20250306] 1 trades, day P&L=$+1030, equity=$116,390
2026-04-03 08:00:57 | DEBUG    | [20250310] 1 trades, day P&L=$+730, equity=$117,120
2026-04-03 08:00:57 | DEBUG    | [20250313] 1 trades, day P&L=$+80, equity=$117,200
2026-04-03 08:00:57 | DEBUG    | [20250314] 1 trades, day P&L=$+180, equity=$117,380
2026-04-03 08:00:57 | DEBUG    | [20250318] 1 trades, day P&L=$+30, equity=$117,410
2026-04-03 08:00:57 | DEBUG    | [20250321] 1 trades, day P&L=$+30, equity=$117,440
2026-04-03 08:00:57 | DEBUG    | [20250327] 2 trades, day P&L=$+60, equity=$117,500
2026-04-03 08:00:57 | DEBUG    | [20250328] 1 trades, day P&L=$+30, equity=$117,530
2026-04-03 08:00:57 | DEBUG    | [20250401] 1 trades, day P&L=$+30, equity=$117,560
2026-04-03 08:00:57 | DEBUG    | [20250403] 1 trades, day P&L=$+580, equity=$118,140
2026-04-03 08:00:57 | DEBUG    | [20250408] 1 trades, day P&L=$+1830, equity=$119,970
2026-04-03 08:00:57 | DEBUG    | [20250415] 2 trades, day P&L=$+110, equity=$120,080
2026-04-03 08:00:57 | DEBUG    | [20250421] 1 trades, day P&L=$+530, equity=$120,610
2026-04-03 08:00:57 | DEBUG    | [20250428] 2 trades, day P&L=$+210, equity=$120,820
2026-04-03 08:00:57 | DEBUG    | [20250501] 2 trades, day P&L=$-740, equity=$120,080
2026-04-03 08:00:57 | DEBUG    | [20250502] 1 trades, day P&L=$+30, equity=$120,110
2026-04-03 08:00:57 | DEBUG    | [20250505] 1 trades, day P&L=$+80, equity=$120,190
2026-04-03 08:00:57 | DEBUG    | [20250506] 1 trades, day P&L=$+130, equity=$120,320
2026-04-03 08:00:57 | DEBUG    | [20250508] 2 trades, day P&L=$+610, equity=$120,930
2026-04-03 08:00:57 | DEBUG    | [20250509] 1 trades, day P&L=$+30, equity=$120,960
2026-04-03 08:00:57 | DEBUG    | [20250523] 1 trades, day P&L=$+230, equity=$121,190
2026-04-03 08:00:57 | DEBUG    | [20250529] 1 trades, day P&L=$+130, equity=$121,320
2026-04-03 08:00:57 | DEBUG    | [20250530] 2 trades, day P&L=$+1110, equity=$122,430
2026-04-03 08:00:57 | DEBUG    | [20250605] 1 trades, day P&L=$+80, equity=$122,510
2026-04-03 08:00:58 | DEBUG    | [20250613] 1 trades, day P&L=$+80, equity=$122,590
2026-04-03 08:00:58 | DEBUG    | [20250623] 1 trades, day P&L=$+30, equity=$122,620
2026-04-03 08:00:58 | DEBUG    | [20250630] 1 trades, day P&L=$+30, equity=$122,650
2026-04-03 08:00:58 | DEBUG    | [20250731] 1 trades, day P&L=$+180, equity=$122,830
2026-04-03 08:00:58 | DEBUG    | [20250801] 1 trades, day P&L=$+30, equity=$122,860
2026-04-03 08:00:58 | DEBUG    | [20250811] 1 trades, day P&L=$+30, equity=$122,890
2026-04-03 08:00:58 | DEBUG    | [20250930] 1 trades, day P&L=$+30, equity=$122,920
2026-04-03 08:00:58 | DEBUG    | [20251010] 1 trades, day P&L=$+980, equity=$123,900
2026-04-03 08:00:58 | DEBUG    | [20251016] 1 trades, day P&L=$+230, equity=$124,130
2026-04-03 08:00:58 | DEBUG    | [20251031] 1 trades, day P&L=$+80, equity=$124,210
2026-04-03 08:00:58 | DEBUG    | [20251106] 1 trades, day P&L=$+80, equity=$124,290
2026-04-03 08:00:58 | DEBUG    | [20251107] 1 trades, day P&L=$+30, equity=$124,320
2026-04-03 08:00:58 | DEBUG    | [20251113] 1 trades, day P&L=$+130, equity=$124,450
2026-04-03 08:00:58 | DEBUG    | [20251117] 1 trades, day P&L=$+130, equity=$124,580
2026-04-03 08:00:58 | DEBUG    | [20251118] 2 trades, day P&L=$+160, equity=$124,740
2026-04-03 08:00:58 | DEBUG    | [20251120] 1 trades, day P&L=$+430, equity=$125,170
2026-04-03 08:00:59 | DEBUG    | [20251218] 2 trades, day P&L=$+310, equity=$125,480
2026-04-03 08:00:59 | DEBUG    | [20260120] 1 trades, day P&L=$+30, equity=$125,510
2026-04-03 08:00:59 | DEBUG    | [20260130] 2 trades, day P&L=$+210, equity=$125,720
2026-04-03 08:00:59 | DEBUG    | [20260205] 1 trades, day P&L=$+230, equity=$125,950
2026-04-03 08:00:59 | DEBUG    | [20260206] 1 trades, day P&L=$+130, equity=$126,080
2026-04-03 08:00:59 | DEBUG    | [20260212] 1 trades, day P&L=$+180, equity=$126,260
2026-04-03 08:00:59 | DEBUG    | [20260227] 2 trades, day P&L=$+160, equity=$126,420
2026-04-03 08:00:59 | DEBUG    | [20260302] 1 trades, day P&L=$+80, equity=$126,500
2026-04-03 08:00:59 | DEBUG    | [20260303] 1 trades, day P&L=$+80, equity=$126,580
2026-04-03 08:00:59 | DEBUG    | [20260305] 1 trades, day P&L=$+130, equity=$126,710
2026-04-03 08:00:59 | DEBUG    | [20260306] 1 trades, day P&L=$+30, equity=$126,740
2026-04-03 08:00:59 | DEBUG    | [20260309] 1 trades, day P&L=$+130, equity=$126,870
2026-04-03 08:00:59 | DEBUG    | [20260310] 1 trades, day P&L=$+80, equity=$126,950
2026-04-03 08:00:59 | DEBUG    | [20260320] 1 trades, day P&L=$+130, equity=$127,080
2026-04-03 08:00:59 | DEBUG    | [20260324] 1 trades, day P&L=$+30, equity=$127,110
2026-04-03 08:00:59 | INFO     | ============================================================
2026-04-03 08:00:59 | INFO     | SKIP REASONS:
2026-04-03 08:00:59 | INFO     |   dow_filter          : 192
2026-04-03 08:00:59 | INFO     |   early_close         : 6
2026-04-03 08:00:59 | INFO     |   no_quotes           : 22
2026-04-03 08:00:59 | INFO     |   prior_return        : 147
2026-04-03 08:00:59 | INFO     |   TOTAL TRADES        : 188
2026-04-03 08:00:59 | INFO     | ============================================================
2026-04-03 08:00:59 | DEBUG    | [20220110] 2 trades, day P&L=$+60, equity=$100,060
2026-04-03 08:00:59 | DEBUG    | [20220114] 1 trades, day P&L=$+130, equity=$100,190
2026-04-03 08:00:59 | DEBUG    | [20220118] 2 trades, day P&L=$+210, equity=$100,400
2026-04-03 08:00:59 | DEBUG    | [20220121] 2 trades, day P&L=$+510, equity=$100,910
2026-04-03 08:00:59 | DEBUG    | [20220128] 2 trades, day P&L=$+510, equity=$101,420
2026-04-03 08:00:59 | DEBUG    | [20220207] 2 trades, day P&L=$+360, equity=$101,780
2026-04-03 08:00:59 | DEBUG    | [20220222] 2 trades, day P&L=$+760, equity=$102,540
2026-04-03 08:00:59 | DEBUG    | [20220225] 2 trades, day P&L=$+260, equity=$102,800
2026-04-03 08:00:59 | DEBUG    | [20220304] 2 trades, day P&L=$+260, equity=$103,060
2026-04-03 08:00:59 | DEBUG    | [20220307] 2 trades, day P&L=$+410, equity=$103,470
2026-04-03 08:00:59 | DEBUG    | [20220311] 2 trades, day P&L=$+410, equity=$103,880
2026-04-03 08:00:59 | DEBUG    | [20220314] 2 trades, day P&L=$+310, equity=$104,190
2026-04-03 08:00:59 | DEBUG    | [20220318] 1 trades, day P&L=$+30, equity=$104,220
2026-04-03 08:00:59 | DEBUG    | [20220331] 1 trades, day P&L=$+480, equity=$104,700
2026-04-03 08:00:59 | DEBUG    | [20220408] 2 trades, day P&L=$+60, equity=$104,760
2026-04-03 08:00:59 | DEBUG    | [20220418] 1 trades, day P&L=$+30, equity=$104,790
2026-04-03 08:00:59 | DEBUG    | [20220422] 1 trades, day P&L=$+580, equity=$105,370
2026-04-03 08:00:59 | DEBUG    | [20220509] 1 trades, day P&L=$+580, equity=$105,950
2026-04-03 08:00:59 | DEBUG    | [20220513] 1 trades, day P&L=$+180, equity=$106,130
2026-04-03 08:00:59 | DEBUG    | [20220520] 1 trades, day P&L=$+180, equity=$106,310
2026-04-03 08:00:59 | DEBUG    | [20220526] 1 trades, day P&L=$+80, equity=$106,390
2026-04-03 08:00:59 | DEBUG    | [20220616] 1 trades, day P&L=$+30, equity=$106,420
2026-04-03 08:00:59 | DEBUG    | [20220623] 1 trades, day P&L=$+30, equity=$106,450
2026-04-03 08:00:59 | DEBUG    | [20220624] 1 trades, day P&L=$+30, equity=$106,480
2026-04-03 08:00:59 | DEBUG    | [20220630] 2 trades, day P&L=$-620, equity=$105,860
2026-04-03 08:00:59 | DEBUG    | [20220705] 1 trades, day P&L=$+30, equity=$105,890
2026-04-03 08:01:00 | DEBUG    | [20220902] 1 trades, day P&L=$+130, equity=$106,020
2026-04-03 08:01:00 | DEBUG    | [20220913] 1 trades, day P&L=$+80, equity=$106,100
2026-04-03 08:01:00 | DEBUG    | [20220915] 1 trades, day P&L=$+130, equity=$106,230
2026-04-03 08:01:00 | DEBUG    | [20220916] 2 trades, day P&L=$+210, equity=$106,440
2026-04-03 08:01:00 | DEBUG    | [20220923] 1 trades, day P&L=$+130, equity=$106,570
2026-04-03 08:01:00 | DEBUG    | [20220927] 1 trades, day P&L=$+180, equity=$106,750
2026-04-03 08:01:00 | DEBUG    | [20221003] 1 trades, day P&L=$+30, equity=$106,780
2026-04-03 08:01:00 | DEBUG    | [20221006] 1 trades, day P&L=$+130, equity=$106,910
2026-04-03 08:01:00 | DEBUG    | [20221007] 1 trades, day P&L=$+280, equity=$107,190
2026-04-03 08:01:00 | DEBUG    | [20221011] 1 trades, day P&L=$+30, equity=$107,220
2026-04-03 08:01:00 | DEBUG    | [20221013] 1 trades, day P&L=$+130, equity=$107,350
2026-04-03 08:01:00 | DEBUG    | [20221020] 1 trades, day P&L=$+30, equity=$107,380
2026-04-03 08:01:00 | DEBUG    | [20221115] 1 trades, day P&L=$+80, equity=$107,460
2026-04-03 08:01:00 | DEBUG    | [20221118] 1 trades, day P&L=$+30, equity=$107,490
2026-04-03 08:01:00 | DEBUG    | [20221209] 1 trades, day P&L=$+30, equity=$107,520
2026-04-03 08:01:00 | DEBUG    | [20221213] 1 trades, day P&L=$+30, equity=$107,550
2026-04-03 08:01:00 | DEBUG    | [20221215] 1 trades, day P&L=$+30, equity=$107,580
2026-04-03 08:01:00 | DEBUG    | [20230202] 1 trades, day P&L=$+30, equity=$107,610
2026-04-03 08:01:00 | DEBUG    | [20230203] 2 trades, day P&L=$+60, equity=$107,670
2026-04-03 08:01:00 | DEBUG    | [20230309] 1 trades, day P&L=$+130, equity=$107,800
2026-04-03 08:01:00 | DEBUG    | [20230316] 1 trades, day P&L=$+130, equity=$107,930
2026-04-03 08:01:00 | DEBUG    | [20230707] 1 trades, day P&L=$+80, equity=$108,010
2026-04-03 08:01:01 | DEBUG    | [20230825] 1 trades, day P&L=$+30, equity=$108,040
2026-04-03 08:01:01 | DEBUG    | [20230929] 1 trades, day P&L=$+80, equity=$108,120
2026-04-03 08:01:01 | DEBUG    | [20231019] 1 trades, day P&L=$+30, equity=$108,150
2026-04-03 08:01:01 | DEBUG    | [20240216] 1 trades, day P&L=$+30, equity=$108,180
2026-04-03 08:01:01 | DEBUG    | [20240404] 1 trades, day P&L=$+80, equity=$108,260
2026-04-03 08:01:01 | DEBUG    | [20240412] 1 trades, day P&L=$+30, equity=$108,290
2026-04-03 08:01:01 | DEBUG    | [20240415] 1 trades, day P&L=$+30, equity=$108,320
2026-04-03 08:01:01 | DEBUG    | [20240416] 2 trades, day P&L=$+110, equity=$108,430
2026-04-03 08:01:01 | DEBUG    | [20240418] 1 trades, day P&L=$+30, equity=$108,460
2026-04-03 08:01:01 | DEBUG    | [20240419] 1 trades, day P&L=$+30, equity=$108,490
2026-04-03 08:01:01 | DEBUG    | [20240422] 1 trades, day P&L=$+30, equity=$108,520
2026-04-03 08:01:01 | DEBUG    | [20240531] 1 trades, day P&L=$+80, equity=$108,600
2026-04-03 08:01:01 | DEBUG    | [20240607] 1 trades, day P&L=$+30, equity=$108,630
2026-04-03 08:01:02 | DEBUG    | [20240627] 1 trades, day P&L=$+30, equity=$108,660
2026-04-03 08:01:02 | DEBUG    | [20240628] 1 trades, day P&L=$+230, equity=$108,890
2026-04-03 08:01:02 | DEBUG    | [20240712] 1 trades, day P&L=$+80, equity=$108,970
2026-04-03 08:01:02 | DEBUG    | [20240715] 1 trades, day P&L=$+30, equity=$109,000
2026-04-03 08:01:02 | DEBUG    | [20240718] 1 trades, day P&L=$+180, equity=$109,180
2026-04-03 08:01:02 | DEBUG    | [20240719] 1 trades, day P&L=$+80, equity=$109,260
2026-04-03 08:01:02 | DEBUG    | [20240726] 2 trades, day P&L=$+660, equity=$109,920
2026-04-03 08:01:02 | DEBUG    | [20240729] 1 trades, day P&L=$+30, equity=$109,950
2026-04-03 08:01:02 | DEBUG    | [20240730] 1 trades, day P&L=$+80, equity=$110,030
2026-04-03 08:01:02 | DEBUG    | [20240802] 1 trades, day P&L=$+380, equity=$110,410
2026-04-03 08:01:02 | DEBUG    | [20240808] 1 trades, day P&L=$+30, equity=$110,440
2026-04-03 08:01:02 | DEBUG    | [20240812] 2 trades, day P&L=$+310, equity=$110,750
2026-04-03 08:01:02 | DEBUG    | [20240813] 1 trades, day P&L=$+30, equity=$110,780
2026-04-03 08:01:02 | DEBUG    | [20240820] 1 trades, day P&L=$+30, equity=$110,810
2026-04-03 08:01:02 | DEBUG    | [20240823] 1 trades, day P&L=$+30, equity=$110,840
2026-04-03 08:01:02 | DEBUG    | [20240829] 1 trades, day P&L=$+230, equity=$111,070
2026-04-03 08:01:02 | DEBUG    | [20240830] 1 trades, day P&L=$+80, equity=$111,150
2026-04-03 08:01:02 | DEBUG    | [20240903] 1 trades, day P&L=$+380, equity=$111,530
2026-04-03 08:01:02 | DEBUG    | [20240905] 1 trades, day P&L=$+30, equity=$111,560
2026-04-03 08:01:02 | DEBUG    | [20240906] 1 trades, day P&L=$+230, equity=$111,790
2026-04-03 08:01:02 | DEBUG    | [20240913] 1 trades, day P&L=$+30, equity=$111,820
2026-04-03 08:01:02 | DEBUG    | [20240919] 1 trades, day P&L=$+30, equity=$111,850
2026-04-03 08:01:02 | DEBUG    | [20240930] 1 trades, day P&L=$+480, equity=$112,330
2026-04-03 08:01:02 | DEBUG    | [20241001] 1 trades, day P&L=$+180, equity=$112,510
2026-04-03 08:01:02 | DEBUG    | [20241010] 1 trades, day P&L=$+30, equity=$112,540
2026-04-03 08:01:02 | DEBUG    | [20241025] 1 trades, day P&L=$+30, equity=$112,570
2026-04-03 08:01:02 | DEBUG    | [20241031] 1 trades, day P&L=$+30, equity=$112,600
2026-04-03 08:01:02 | DEBUG    | [20241104] 1 trades, day P&L=$+30, equity=$112,630
2026-04-03 08:01:02 | DEBUG    | [20241115] 1 trades, day P&L=$+30, equity=$112,660
2026-04-03 08:01:02 | DEBUG    | [20241220] 1 trades, day P&L=$+430, equity=$113,090
2026-04-03 08:01:02 | DEBUG    | [20241227] 1 trades, day P&L=$+80, equity=$113,170
2026-04-03 08:01:02 | DEBUG    | [20241230] 2 trades, day P&L=$+210, equity=$113,380
2026-04-03 08:01:02 | DEBUG    | [20241231] 1 trades, day P&L=$+430, equity=$113,810
2026-04-03 08:01:02 | INFO     | ============================================================
2026-04-03 08:01:02 | INFO     | SKIP REASONS:
2026-04-03 08:01:02 | INFO     |   dow_filter          : 133
2026-04-03 08:01:02 | INFO     |   early_close         : 4
2026-04-03 08:01:02 | INFO     |   no_quotes           : 22
2026-04-03 08:01:02 | INFO     |   prior_return        : 109
2026-04-03 08:01:02 | INFO     |   TOTAL TRADES        : 113
2026-04-03 08:01:02 | INFO     | ============================================================
2026-04-03 08:01:02 | DEBUG    | [20250102] 1 trades, day P&L=$+230, equity=$100,230
2026-04-03 08:01:02 | DEBUG    | [20250107] 1 trades, day P&L=$+180, equity=$100,410
2026-04-03 08:01:02 | DEBUG    | [20250110] 1 trades, day P&L=$+30, equity=$100,440
2026-04-03 08:01:02 | DEBUG    | [20250127] 1 trades, day P&L=$+30, equity=$100,470
2026-04-03 08:01:02 | DEBUG    | [20250131] 1 trades, day P&L=$+480, equity=$100,950
2026-04-03 08:01:02 | DEBUG    | [20250203] 1 trades, day P&L=$+180, equity=$101,130
2026-04-03 08:01:02 | DEBUG    | [20250207] 1 trades, day P&L=$+30, equity=$101,160
2026-04-03 08:01:02 | DEBUG    | [20250221] 1 trades, day P&L=$+30, equity=$101,190
2026-04-03 08:01:02 | DEBUG    | [20250225] 1 trades, day P&L=$+180, equity=$101,370
2026-04-03 08:01:02 | DEBUG    | [20250227] 1 trades, day P&L=$+180, equity=$101,550
2026-04-03 08:01:02 | DEBUG    | [20250306] 1 trades, day P&L=$+1030, equity=$102,580
2026-04-03 08:01:02 | DEBUG    | [20250310] 1 trades, day P&L=$+730, equity=$103,310
2026-04-03 08:01:02 | DEBUG    | [20250313] 1 trades, day P&L=$+80, equity=$103,390
2026-04-03 08:01:02 | DEBUG    | [20250314] 1 trades, day P&L=$+180, equity=$103,570
2026-04-03 08:01:02 | DEBUG    | [20250318] 1 trades, day P&L=$+30, equity=$103,600
2026-04-03 08:01:02 | DEBUG    | [20250321] 1 trades, day P&L=$+30, equity=$103,630
2026-04-03 08:01:02 | DEBUG    | [20250327] 2 trades, day P&L=$+60, equity=$103,690
2026-04-03 08:01:02 | DEBUG    | [20250328] 1 trades, day P&L=$+30, equity=$103,720
2026-04-03 08:01:02 | DEBUG    | [20250401] 1 trades, day P&L=$+30, equity=$103,750
2026-04-03 08:01:02 | DEBUG    | [20250403] 1 trades, day P&L=$+580, equity=$104,330
2026-04-03 08:01:02 | DEBUG    | [20250408] 1 trades, day P&L=$+1830, equity=$106,160
2026-04-03 08:01:02 | DEBUG    | [20250415] 2 trades, day P&L=$+110, equity=$106,270
2026-04-03 08:01:02 | DEBUG    | [20250421] 1 trades, day P&L=$+530, equity=$106,800
2026-04-03 08:01:02 | DEBUG    | [20250428] 2 trades, day P&L=$+210, equity=$107,010
2026-04-03 08:01:02 | DEBUG    | [20250501] 2 trades, day P&L=$-740, equity=$106,270
2026-04-03 08:01:02 | DEBUG    | [20250502] 1 trades, day P&L=$+30, equity=$106,300
2026-04-03 08:01:02 | DEBUG    | [20250505] 1 trades, day P&L=$+80, equity=$106,380
2026-04-03 08:01:02 | DEBUG    | [20250506] 1 trades, day P&L=$+130, equity=$106,510
2026-04-03 08:01:02 | DEBUG    | [20250508] 2 trades, day P&L=$+610, equity=$107,120
2026-04-03 08:01:02 | DEBUG    | [20250509] 1 trades, day P&L=$+30, equity=$107,150
2026-04-03 08:01:02 | DEBUG    | [20250523] 1 trades, day P&L=$+230, equity=$107,380
2026-04-03 08:01:02 | DEBUG    | [20250529] 1 trades, day P&L=$+130, equity=$107,510
2026-04-03 08:01:02 | DEBUG    | [20250530] 2 trades, day P&L=$+1110, equity=$108,620
2026-04-03 08:01:02 | DEBUG    | [20250605] 1 trades, day P&L=$+80, equity=$108,700
2026-04-03 08:01:02 | DEBUG    | [20250613] 1 trades, day P&L=$+80, equity=$108,780
2026-04-03 08:01:02 | DEBUG    | [20250623] 1 trades, day P&L=$+30, equity=$108,810
2026-04-03 08:01:02 | DEBUG    | [20250630] 1 trades, day P&L=$+30, equity=$108,840
2026-04-03 08:01:03 | DEBUG    | [20250731] 1 trades, day P&L=$+180, equity=$109,020
2026-04-03 08:01:03 | DEBUG    | [20250801] 1 trades, day P&L=$+30, equity=$109,050
2026-04-03 08:01:03 | DEBUG    | [20250811] 1 trades, day P&L=$+30, equity=$109,080
2026-04-03 08:01:03 | DEBUG    | [20250930] 1 trades, day P&L=$+30, equity=$109,110
2026-04-03 08:01:03 | DEBUG    | [20251010] 1 trades, day P&L=$+980, equity=$110,090
2026-04-03 08:01:03 | DEBUG    | [20251016] 1 trades, day P&L=$+230, equity=$110,320
2026-04-03 08:01:03 | DEBUG    | [20251031] 1 trades, day P&L=$+80, equity=$110,400
2026-04-03 08:01:03 | DEBUG    | [20251106] 1 trades, day P&L=$+80, equity=$110,480
2026-04-03 08:01:03 | DEBUG    | [20251107] 1 trades, day P&L=$+30, equity=$110,510
2026-04-03 08:01:03 | DEBUG    | [20251113] 1 trades, day P&L=$+130, equity=$110,640
2026-04-03 08:01:03 | DEBUG    | [20251117] 1 trades, day P&L=$+130, equity=$110,770
2026-04-03 08:01:03 | DEBUG    | [20251118] 2 trades, day P&L=$+160, equity=$110,930
2026-04-03 08:01:03 | DEBUG    | [20251120] 1 trades, day P&L=$+430, equity=$111,360
2026-04-03 08:01:03 | DEBUG    | [20251218] 2 trades, day P&L=$+310, equity=$111,670
2026-04-03 08:01:03 | DEBUG    | [20260120] 1 trades, day P&L=$+30, equity=$111,700
2026-04-03 08:01:03 | DEBUG    | [20260130] 2 trades, day P&L=$+210, equity=$111,910
2026-04-03 08:01:03 | DEBUG    | [20260205] 1 trades, day P&L=$+230, equity=$112,140
2026-04-03 08:01:03 | DEBUG    | [20260206] 1 trades, day P&L=$+130, equity=$112,270
2026-04-03 08:01:03 | DEBUG    | [20260212] 1 trades, day P&L=$+180, equity=$112,450
2026-04-03 08:01:03 | DEBUG    | [20260227] 2 trades, day P&L=$+160, equity=$112,610
2026-04-03 08:01:03 | DEBUG    | [20260302] 1 trades, day P&L=$+80, equity=$112,690
2026-04-03 08:01:03 | DEBUG    | [20260303] 1 trades, day P&L=$+80, equity=$112,770
2026-04-03 08:01:03 | DEBUG    | [20260305] 1 trades, day P&L=$+130, equity=$112,900
2026-04-03 08:01:03 | DEBUG    | [20260306] 1 trades, day P&L=$+30, equity=$112,930
2026-04-03 08:01:03 | DEBUG    | [20260309] 1 trades, day P&L=$+130, equity=$113,060
2026-04-03 08:01:03 | DEBUG    | [20260310] 1 trades, day P&L=$+80, equity=$113,140
2026-04-03 08:01:03 | DEBUG    | [20260320] 1 trades, day P&L=$+130, equity=$113,270
2026-04-03 08:01:03 | DEBUG    | [20260324] 1 trades, day P&L=$+30, equity=$113,300
2026-04-03 08:01:03 | INFO     | ============================================================
2026-04-03 08:01:03 | INFO     | SKIP REASONS:
2026-04-03 08:01:03 | INFO     |   dow_filter          : 59
2026-04-03 08:01:03 | INFO     |   early_close         : 2
2026-04-03 08:01:03 | INFO     |   prior_return        : 38
2026-04-03 08:01:03 | INFO     |   TOTAL TRADES        : 75
2026-04-03 08:01:03 | INFO     | ============================================================
2026-04-03 08:01:03 | DEBUG    | [20220107] 1 trades, day P&L=$+130, equity=$100,130
2026-04-03 08:01:03 | DEBUG    | [20220114] 2 trades, day P&L=$+260, equity=$100,390
2026-04-03 08:01:03 | DEBUG    | [20220121] 2 trades, day P&L=$+1110, equity=$101,500
2026-04-03 08:01:03 | DEBUG    | [20220128] 2 trades, day P&L=$+810, equity=$102,310
2026-04-03 08:01:03 | DEBUG    | [20220225] 2 trades, day P&L=$+560, equity=$102,870
2026-04-03 08:01:03 | DEBUG    | [20220304] 2 trades, day P&L=$+510, equity=$103,380
2026-04-03 08:01:03 | DEBUG    | [20220311] 2 trades, day P&L=$+410, equity=$103,790
2026-04-03 08:01:03 | DEBUG    | [20220318] 1 trades, day P&L=$+230, equity=$104,020
2026-04-03 08:01:03 | DEBUG    | [20220325] 1 trades, day P&L=$+80, equity=$104,100
2026-04-03 08:01:03 | DEBUG    | [20220408] 2 trades, day P&L=$+310, equity=$104,410
2026-04-03 08:01:03 | DEBUG    | [20220422] 1 trades, day P&L=$+580, equity=$104,990
2026-04-03 08:01:03 | DEBUG    | [20220513] 1 trades, day P&L=$+180, equity=$105,170
2026-04-03 08:01:03 | DEBUG    | [20220520] 1 trades, day P&L=$+730, equity=$105,900
2026-04-03 08:01:03 | DEBUG    | [20220624] 1 trades, day P&L=$+30, equity=$105,930
2026-04-03 08:01:03 | DEBUG    | [20220902] 1 trades, day P&L=$+130, equity=$106,060
2026-04-03 08:01:03 | DEBUG    | [20220916] 2 trades, day P&L=$+210, equity=$106,270
2026-04-03 08:01:03 | DEBUG    | [20220923] 1 trades, day P&L=$+280, equity=$106,550
2026-04-03 08:01:03 | DEBUG    | [20221007] 1 trades, day P&L=$+280, equity=$106,830
2026-04-03 08:01:03 | DEBUG    | [20221104] 1 trades, day P&L=$+30, equity=$106,860
2026-04-03 08:01:03 | DEBUG    | [20221118] 1 trades, day P&L=$+30, equity=$106,890
2026-04-03 08:01:03 | DEBUG    | [20221209] 1 trades, day P&L=$+30, equity=$106,920
2026-04-03 08:01:04 | DEBUG    | [20230203] 2 trades, day P&L=$+60, equity=$106,980
2026-04-03 08:01:04 | DEBUG    | [20230707] 1 trades, day P&L=$+80, equity=$107,060
2026-04-03 08:01:04 | DEBUG    | [20230804] 1 trades, day P&L=$+80, equity=$107,140
2026-04-03 08:01:04 | DEBUG    | [20230825] 1 trades, day P&L=$+30, equity=$107,170
2026-04-03 08:01:04 | DEBUG    | [20230929] 1 trades, day P&L=$+80, equity=$107,250
2026-04-03 08:01:04 | DEBUG    | [20231229] 1 trades, day P&L=$+80, equity=$107,330
2026-04-03 08:01:04 | DEBUG    | [20240216] 1 trades, day P&L=$+80, equity=$107,410
2026-04-03 08:01:04 | DEBUG    | [20240308] 1 trades, day P&L=$+130, equity=$107,540
2026-04-03 08:01:04 | DEBUG    | [20240315] 1 trades, day P&L=$+80, equity=$107,620
2026-04-03 08:01:04 | DEBUG    | [20240405] 1 trades, day P&L=$+80, equity=$107,700
2026-04-03 08:01:04 | DEBUG    | [20240412] 1 trades, day P&L=$+30, equity=$107,730
2026-04-03 08:01:04 | DEBUG    | [20240419] 1 trades, day P&L=$+230, equity=$107,960
2026-04-03 08:01:04 | DEBUG    | [20240531] 1 trades, day P&L=$+80, equity=$108,040
2026-04-03 08:01:04 | DEBUG    | [20240607] 1 trades, day P&L=$+30, equity=$108,070
2026-04-03 08:01:04 | DEBUG    | [20240621] 1 trades, day P&L=$+30, equity=$108,100
2026-04-03 08:01:04 | DEBUG    | [20240628] 1 trades, day P&L=$+580, equity=$108,680
2026-04-03 08:01:04 | DEBUG    | [20240712] 1 trades, day P&L=$+80, equity=$108,760
2026-04-03 08:01:04 | DEBUG    | [20240719] 1 trades, day P&L=$+80, equity=$108,840
2026-04-03 08:01:04 | DEBUG    | [20240726] 2 trades, day P&L=$+660, equity=$109,500
2026-04-03 08:01:04 | DEBUG    | [20240802] 1 trades, day P&L=$+830, equity=$110,330
2026-04-03 08:01:04 | DEBUG    | [20240823] 1 trades, day P&L=$+30, equity=$110,360
2026-04-03 08:01:04 | DEBUG    | [20240830] 1 trades, day P&L=$+380, equity=$110,740
2026-04-03 08:01:04 | DEBUG    | [20240906] 1 trades, day P&L=$+580, equity=$111,320
2026-04-03 08:01:04 | DEBUG    | [20240913] 1 trades, day P&L=$+30, equity=$111,350
2026-04-03 08:01:04 | DEBUG    | [20241004] 1 trades, day P&L=$+30, equity=$111,380
2026-04-03 08:01:04 | DEBUG    | [20241025] 1 trades, day P&L=$+30, equity=$111,410
2026-04-03 08:01:04 | DEBUG    | [20241115] 1 trades, day P&L=$+30, equity=$111,440
2026-04-03 08:01:04 | DEBUG    | [20241220] 1 trades, day P&L=$+430, equity=$111,870
2026-04-03 08:01:04 | DEBUG    | [20241227] 1 trades, day P&L=$+80, equity=$111,950
2026-04-03 08:01:04 | DEBUG    | [20250110] 1 trades, day P&L=$+230, equity=$112,180
2026-04-03 08:01:04 | DEBUG    | [20250124] 1 trades, day P&L=$+80, equity=$112,260
2026-04-03 08:01:04 | DEBUG    | [20250131] 1 trades, day P&L=$+480, equity=$112,740
2026-04-03 08:01:04 | DEBUG    | [20250207] 1 trades, day P&L=$+30, equity=$112,770
2026-04-03 08:01:04 | DEBUG    | [20250221] 1 trades, day P&L=$+30, equity=$112,800
2026-04-03 08:01:04 | DEBUG    | [20250314] 1 trades, day P&L=$+180, equity=$112,980
2026-04-03 08:01:04 | DEBUG    | [20250321] 1 trades, day P&L=$+230, equity=$113,210
2026-04-03 08:01:04 | DEBUG    | [20250328] 1 trades, day P&L=$+380, equity=$113,590
2026-04-03 08:01:04 | DEBUG    | [20250502] 1 trades, day P&L=$+180, equity=$113,770
2026-04-03 08:01:04 | DEBUG    | [20250509] 2 trades, day P&L=$+110, equity=$113,880
2026-04-03 08:01:04 | DEBUG    | [20250516] 1 trades, day P&L=$+30, equity=$113,910
2026-04-03 08:01:04 | DEBUG    | [20250523] 1 trades, day P&L=$+230, equity=$114,140
2026-04-03 08:01:04 | DEBUG    | [20250530] 2 trades, day P&L=$+1810, equity=$115,950
2026-04-03 08:01:04 | DEBUG    | [20250613] 1 trades, day P&L=$+80, equity=$116,030
2026-04-03 08:01:04 | DEBUG    | [20250620] 1 trades, day P&L=$+30, equity=$116,060
2026-04-03 08:01:04 | DEBUG    | [20250711] 1 trades, day P&L=$+30, equity=$116,090
2026-04-03 08:01:04 | DEBUG    | [20250801] 1 trades, day P&L=$+330, equity=$116,420
2026-04-03 08:01:04 | DEBUG    | [20250815] 1 trades, day P&L=$+30, equity=$116,450
2026-04-03 08:01:04 | DEBUG    | [20250829] 1 trades, day P&L=$+80, equity=$116,530
2026-04-03 08:01:04 | DEBUG    | [20250905] 1 trades, day P&L=$+80, equity=$116,610
2026-04-03 08:01:04 | DEBUG    | [20251010] 1 trades, day P&L=$+980, equity=$117,590
2026-04-03 08:01:04 | DEBUG    | [20251031] 1 trades, day P&L=$+280, equity=$117,870
2026-04-03 08:01:04 | DEBUG    | [20251107] 1 trades, day P&L=$+30, equity=$117,900
2026-04-03 08:01:04 | DEBUG    | [20260102] 1 trades, day P&L=$+30, equity=$117,930
2026-04-03 08:01:04 | DEBUG    | [20260130] 2 trades, day P&L=$+360, equity=$118,290
2026-04-03 08:01:04 | DEBUG    | [20260206] 1 trades, day P&L=$+130, equity=$118,420
2026-04-03 08:01:04 | DEBUG    | [20260227] 1 trades, day P&L=$+130, equity=$118,550
2026-04-03 08:01:04 | DEBUG    | [20260306] 1 trades, day P&L=$+30, equity=$118,580
2026-04-03 08:01:04 | DEBUG    | [20260320] 1 trades, day P&L=$+130, equity=$118,710
2026-04-03 08:01:04 | INFO     | ============================================================
2026-04-03 08:01:04 | INFO     | SKIP REASONS:
2026-04-03 08:01:04 | INFO     |   dow_filter          : 729
2026-04-03 08:01:04 | INFO     |   early_close         : 6
2026-04-03 08:01:04 | INFO     |   no_quotes           : 1
2026-04-03 08:01:04 | INFO     |   prior_return        : 147
2026-04-03 08:01:04 | INFO     |   TOTAL TRADES        : 92
2026-04-03 08:01:04 | INFO     | ============================================================
2026-04-03 08:01:04 | DEBUG    | [20220107] 1 trades, day P&L=$+130, equity=$100,130
2026-04-03 08:01:04 | DEBUG    | [20220114] 2 trades, day P&L=$+260, equity=$100,390
2026-04-03 08:01:04 | DEBUG    | [20220121] 2 trades, day P&L=$+1110, equity=$101,500
2026-04-03 08:01:04 | DEBUG    | [20220128] 2 trades, day P&L=$+810, equity=$102,310
2026-04-03 08:01:04 | DEBUG    | [20220225] 2 trades, day P&L=$+560, equity=$102,870
2026-04-03 08:01:04 | DEBUG    | [20220304] 2 trades, day P&L=$+510, equity=$103,380
2026-04-03 08:01:04 | DEBUG    | [20220311] 2 trades, day P&L=$+410, equity=$103,790
2026-04-03 08:01:04 | DEBUG    | [20220318] 1 trades, day P&L=$+230, equity=$104,020
2026-04-03 08:01:04 | DEBUG    | [20220325] 1 trades, day P&L=$+80, equity=$104,100
2026-04-03 08:01:04 | DEBUG    | [20220408] 2 trades, day P&L=$+310, equity=$104,410
2026-04-03 08:01:04 | DEBUG    | [20220422] 1 trades, day P&L=$+580, equity=$104,990
2026-04-03 08:01:04 | DEBUG    | [20220513] 1 trades, day P&L=$+180, equity=$105,170
2026-04-03 08:01:04 | DEBUG    | [20220520] 1 trades, day P&L=$+730, equity=$105,900
2026-04-03 08:01:04 | DEBUG    | [20220624] 1 trades, day P&L=$+30, equity=$105,930
2026-04-03 08:01:05 | DEBUG    | [20220902] 1 trades, day P&L=$+130, equity=$106,060
2026-04-03 08:01:05 | DEBUG    | [20220916] 2 trades, day P&L=$+210, equity=$106,270
2026-04-03 08:01:05 | DEBUG    | [20220923] 1 trades, day P&L=$+280, equity=$106,550
2026-04-03 08:01:05 | DEBUG    | [20221007] 1 trades, day P&L=$+280, equity=$106,830
2026-04-03 08:01:05 | DEBUG    | [20221104] 1 trades, day P&L=$+30, equity=$106,860
2026-04-03 08:01:05 | DEBUG    | [20221118] 1 trades, day P&L=$+30, equity=$106,890
2026-04-03 08:01:05 | DEBUG    | [20221209] 1 trades, day P&L=$+30, equity=$106,920
2026-04-03 08:01:05 | DEBUG    | [20230203] 2 trades, day P&L=$+60, equity=$106,980
2026-04-03 08:01:05 | DEBUG    | [20230707] 1 trades, day P&L=$+80, equity=$107,060
2026-04-03 08:01:05 | DEBUG    | [20230804] 1 trades, day P&L=$+80, equity=$107,140
2026-04-03 08:01:05 | DEBUG    | [20230825] 1 trades, day P&L=$+30, equity=$107,170
2026-04-03 08:01:05 | DEBUG    | [20230929] 1 trades, day P&L=$+80, equity=$107,250
2026-04-03 08:01:05 | DEBUG    | [20231229] 1 trades, day P&L=$+80, equity=$107,330
2026-04-03 08:01:05 | DEBUG    | [20240216] 1 trades, day P&L=$+80, equity=$107,410
2026-04-03 08:01:05 | DEBUG    | [20240308] 1 trades, day P&L=$+130, equity=$107,540
2026-04-03 08:01:05 | DEBUG    | [20240315] 1 trades, day P&L=$+80, equity=$107,620
2026-04-03 08:01:05 | DEBUG    | [20240405] 1 trades, day P&L=$+80, equity=$107,700
2026-04-03 08:01:05 | DEBUG    | [20240412] 1 trades, day P&L=$+30, equity=$107,730
2026-04-03 08:01:05 | DEBUG    | [20240419] 1 trades, day P&L=$+230, equity=$107,960
2026-04-03 08:01:05 | DEBUG    | [20240531] 1 trades, day P&L=$+80, equity=$108,040
2026-04-03 08:01:05 | DEBUG    | [20240607] 1 trades, day P&L=$+30, equity=$108,070
2026-04-03 08:01:05 | DEBUG    | [20240621] 1 trades, day P&L=$+30, equity=$108,100
2026-04-03 08:01:05 | DEBUG    | [20240628] 1 trades, day P&L=$+580, equity=$108,680
2026-04-03 08:01:05 | DEBUG    | [20240712] 1 trades, day P&L=$+80, equity=$108,760
2026-04-03 08:01:05 | DEBUG    | [20240719] 1 trades, day P&L=$+80, equity=$108,840
2026-04-03 08:01:05 | DEBUG    | [20240726] 2 trades, day P&L=$+660, equity=$109,500
2026-04-03 08:01:05 | DEBUG    | [20240802] 1 trades, day P&L=$+830, equity=$110,330
2026-04-03 08:01:05 | DEBUG    | [20240823] 1 trades, day P&L=$+30, equity=$110,360
2026-04-03 08:01:05 | DEBUG    | [20240830] 1 trades, day P&L=$+380, equity=$110,740
2026-04-03 08:01:05 | DEBUG    | [20240906] 1 trades, day P&L=$+580, equity=$111,320
2026-04-03 08:01:05 | DEBUG    | [20240913] 1 trades, day P&L=$+30, equity=$111,350
2026-04-03 08:01:05 | DEBUG    | [20241004] 1 trades, day P&L=$+30, equity=$111,380
2026-04-03 08:01:05 | DEBUG    | [20241025] 1 trades, day P&L=$+30, equity=$111,410
2026-04-03 08:01:05 | DEBUG    | [20241115] 1 trades, day P&L=$+30, equity=$111,440
2026-04-03 08:01:05 | DEBUG    | [20241220] 1 trades, day P&L=$+430, equity=$111,870
2026-04-03 08:01:05 | DEBUG    | [20241227] 1 trades, day P&L=$+80, equity=$111,950
2026-04-03 08:01:05 | INFO     | ============================================================
2026-04-03 08:01:05 | INFO     | SKIP REASONS:
2026-04-03 08:01:05 | INFO     |   dow_filter          : 514
2026-04-03 08:01:05 | INFO     |   early_close         : 4
2026-04-03 08:01:05 | INFO     |   no_quotes           : 1
2026-04-03 08:01:05 | INFO     |   prior_return        : 109
2026-04-03 08:01:05 | INFO     |   TOTAL TRADES        : 60
2026-04-03 08:01:05 | INFO     | ============================================================
2026-04-03 08:01:05 | DEBUG    | [20250110] 1 trades, day P&L=$+230, equity=$100,230
2026-04-03 08:01:05 | DEBUG    | [20250124] 1 trades, day P&L=$+80, equity=$100,310
2026-04-03 08:01:05 | DEBUG    | [20250131] 1 trades, day P&L=$+480, equity=$100,790
2026-04-03 08:01:05 | DEBUG    | [20250207] 1 trades, day P&L=$+30, equity=$100,820
2026-04-03 08:01:05 | DEBUG    | [20250221] 1 trades, day P&L=$+30, equity=$100,850
2026-04-03 08:01:05 | DEBUG    | [20250314] 1 trades, day P&L=$+180, equity=$101,030
2026-04-03 08:01:05 | DEBUG    | [20250321] 1 trades, day P&L=$+230, equity=$101,260
2026-04-03 08:01:05 | DEBUG    | [20250328] 1 trades, day P&L=$+380, equity=$101,640
2026-04-03 08:01:05 | DEBUG    | [20250502] 1 trades, day P&L=$+180, equity=$101,820
2026-04-03 08:01:05 | DEBUG    | [20250509] 2 trades, day P&L=$+110, equity=$101,930
2026-04-03 08:01:05 | DEBUG    | [20250516] 1 trades, day P&L=$+30, equity=$101,960
2026-04-03 08:01:05 | DEBUG    | [20250523] 1 trades, day P&L=$+230, equity=$102,190
2026-04-03 08:01:05 | DEBUG    | [20250530] 2 trades, day P&L=$+1810, equity=$104,000
2026-04-03 08:01:05 | DEBUG    | [20250613] 1 trades, day P&L=$+80, equity=$104,080
2026-04-03 08:01:05 | DEBUG    | [20250620] 1 trades, day P&L=$+30, equity=$104,110
2026-04-03 08:01:05 | DEBUG    | [20250711] 1 trades, day P&L=$+30, equity=$104,140
2026-04-03 08:01:05 | DEBUG    | [20250801] 1 trades, day P&L=$+330, equity=$104,470
2026-04-03 08:01:05 | DEBUG    | [20250815] 1 trades, day P&L=$+30, equity=$104,500
2026-04-03 08:01:05 | DEBUG    | [20250829] 1 trades, day P&L=$+80, equity=$104,580
2026-04-03 08:01:05 | DEBUG    | [20250905] 1 trades, day P&L=$+80, equity=$104,660
2026-04-03 08:01:05 | DEBUG    | [20251010] 1 trades, day P&L=$+980, equity=$105,640
2026-04-03 08:01:05 | DEBUG    | [20251031] 1 trades, day P&L=$+280, equity=$105,920
2026-04-03 08:01:05 | DEBUG    | [20251107] 1 trades, day P&L=$+30, equity=$105,950
2026-04-03 08:01:05 | DEBUG    | [20260102] 1 trades, day P&L=$+30, equity=$105,980
2026-04-03 08:01:05 | DEBUG    | [20260130] 2 trades, day P&L=$+360, equity=$106,340
2026-04-03 08:01:05 | DEBUG    | [20260206] 1 trades, day P&L=$+130, equity=$106,470
2026-04-03 08:01:05 | DEBUG    | [20260227] 1 trades, day P&L=$+130, equity=$106,600
2026-04-03 08:01:05 | DEBUG    | [20260306] 1 trades, day P&L=$+30, equity=$106,630
2026-04-03 08:01:05 | DEBUG    | [20260320] 1 trades, day P&L=$+130, equity=$106,760
2026-04-03 08:01:05 | INFO     | ============================================================
2026-04-03 08:01:05 | INFO     | SKIP REASONS:
2026-04-03 08:01:05 | INFO     |   dow_filter          : 215
2026-04-03 08:01:05 | INFO     |   early_close         : 2
2026-04-03 08:01:05 | INFO     |   prior_return        : 38
2026-04-03 08:01:05 | INFO     |   TOTAL TRADES        : 32
2026-04-03 08:01:05 | INFO     | ============================================================
2026-04-03 08:01:05 | DEBUG    | [20220110] 2 trades, day P&L=$+60, equity=$100,060
2026-04-03 08:01:05 | DEBUG    | [20220114] 1 trades, day P&L=$+130, equity=$100,190
2026-04-03 08:01:05 | DEBUG    | [20220121] 2 trades, day P&L=$+510, equity=$100,700
2026-04-03 08:01:06 | DEBUG    | [20220128] 2 trades, day P&L=$+510, equity=$101,210
2026-04-03 08:01:06 | DEBUG    | [20220207] 2 trades, day P&L=$+360, equity=$101,570
2026-04-03 08:01:06 | DEBUG    | [20220225] 2 trades, day P&L=$+260, equity=$101,830
2026-04-03 08:01:06 | DEBUG    | [20220304] 2 trades, day P&L=$+260, equity=$102,090
2026-04-03 08:01:06 | DEBUG    | [20220307] 2 trades, day P&L=$+410, equity=$102,500
2026-04-03 08:01:06 | DEBUG    | [20220311] 2 trades, day P&L=$+410, equity=$102,910
2026-04-03 08:01:06 | DEBUG    | [20220314] 2 trades, day P&L=$+310, equity=$103,220
2026-04-03 08:01:06 | DEBUG    | [20220318] 1 trades, day P&L=$+30, equity=$103,250
2026-04-03 08:01:06 | DEBUG    | [20220331] 1 trades, day P&L=$+480, equity=$103,730
2026-04-03 08:01:06 | DEBUG    | [20220408] 2 trades, day P&L=$+60, equity=$103,790
2026-04-03 08:01:06 | DEBUG    | [20220418] 1 trades, day P&L=$+30, equity=$103,820
2026-04-03 08:01:06 | DEBUG    | [20220422] 1 trades, day P&L=$+580, equity=$104,400
2026-04-03 08:01:06 | DEBUG    | [20220509] 1 trades, day P&L=$+580, equity=$104,980
2026-04-03 08:01:06 | DEBUG    | [20220513] 1 trades, day P&L=$+180, equity=$105,160
2026-04-03 08:01:06 | DEBUG    | [20220520] 1 trades, day P&L=$+180, equity=$105,340
2026-04-03 08:01:06 | DEBUG    | [20220526] 1 trades, day P&L=$+80, equity=$105,420
2026-04-03 08:01:06 | DEBUG    | [20220616] 1 trades, day P&L=$+30, equity=$105,450
2026-04-03 08:01:06 | DEBUG    | [20220623] 1 trades, day P&L=$+30, equity=$105,480
2026-04-03 08:01:06 | DEBUG    | [20220624] 1 trades, day P&L=$+30, equity=$105,510
2026-04-03 08:01:06 | DEBUG    | [20220630] 2 trades, day P&L=$-620, equity=$104,890
2026-04-03 08:01:06 | DEBUG    | [20220902] 1 trades, day P&L=$+130, equity=$105,020
2026-04-03 08:01:06 | DEBUG    | [20220915] 1 trades, day P&L=$+130, equity=$105,150
2026-04-03 08:01:06 | DEBUG    | [20220916] 2 trades, day P&L=$+210, equity=$105,360
2026-04-03 08:01:06 | DEBUG    | [20220923] 1 trades, day P&L=$+130, equity=$105,490
2026-04-03 08:01:06 | DEBUG    | [20221003] 1 trades, day P&L=$+30, equity=$105,520
2026-04-03 08:01:06 | DEBUG    | [20221006] 1 trades, day P&L=$+130, equity=$105,650
2026-04-03 08:01:06 | DEBUG    | [20221007] 1 trades, day P&L=$+280, equity=$105,930
2026-04-03 08:01:06 | DEBUG    | [20221013] 1 trades, day P&L=$+130, equity=$106,060
2026-04-03 08:01:06 | DEBUG    | [20221020] 1 trades, day P&L=$+30, equity=$106,090
2026-04-03 08:01:06 | DEBUG    | [20221118] 1 trades, day P&L=$+30, equity=$106,120
2026-04-03 08:01:06 | DEBUG    | [20221209] 1 trades, day P&L=$+30, equity=$106,150
2026-04-03 08:01:06 | DEBUG    | [20221215] 1 trades, day P&L=$+30, equity=$106,180
2026-04-03 08:01:06 | DEBUG    | [20230202] 1 trades, day P&L=$+30, equity=$106,210
2026-04-03 08:01:06 | DEBUG    | [20230203] 2 trades, day P&L=$+60, equity=$106,270
2026-04-03 08:01:06 | DEBUG    | [20230309] 1 trades, day P&L=$+130, equity=$106,400
2026-04-03 08:01:06 | DEBUG    | [20230316] 1 trades, day P&L=$+130, equity=$106,530
2026-04-03 08:01:06 | DEBUG    | [20230707] 1 trades, day P&L=$+80, equity=$106,610
2026-04-03 08:01:06 | DEBUG    | [20230825] 1 trades, day P&L=$+30, equity=$106,640
2026-04-03 08:01:07 | DEBUG    | [20230929] 1 trades, day P&L=$+80, equity=$106,720
2026-04-03 08:01:07 | DEBUG    | [20231019] 1 trades, day P&L=$+30, equity=$106,750
2026-04-03 08:01:07 | DEBUG    | [20240216] 1 trades, day P&L=$+30, equity=$106,780
2026-04-03 08:01:07 | DEBUG    | [20240404] 1 trades, day P&L=$+80, equity=$106,860
2026-04-03 08:01:07 | DEBUG    | [20240412] 1 trades, day P&L=$+30, equity=$106,890
2026-04-03 08:01:07 | DEBUG    | [20240415] 1 trades, day P&L=$+30, equity=$106,920
2026-04-03 08:01:07 | DEBUG    | [20240418] 1 trades, day P&L=$+30, equity=$106,950
2026-04-03 08:01:07 | DEBUG    | [20240419] 1 trades, day P&L=$+30, equity=$106,980
2026-04-03 08:01:07 | DEBUG    | [20240422] 1 trades, day P&L=$+30, equity=$107,010
2026-04-03 08:01:07 | DEBUG    | [20240531] 1 trades, day P&L=$+80, equity=$107,090
2026-04-03 08:01:07 | DEBUG    | [20240607] 1 trades, day P&L=$+30, equity=$107,120
2026-04-03 08:01:07 | DEBUG    | [20240627] 1 trades, day P&L=$+30, equity=$107,150
2026-04-03 08:01:07 | DEBUG    | [20240628] 1 trades, day P&L=$+230, equity=$107,380
2026-04-03 08:01:07 | DEBUG    | [20240712] 1 trades, day P&L=$+80, equity=$107,460
2026-04-03 08:01:07 | DEBUG    | [20240715] 1 trades, day P&L=$+30, equity=$107,490
2026-04-03 08:01:07 | DEBUG    | [20240718] 1 trades, day P&L=$+180, equity=$107,670
2026-04-03 08:01:07 | DEBUG    | [20240719] 1 trades, day P&L=$+80, equity=$107,750
2026-04-03 08:01:07 | DEBUG    | [20240726] 2 trades, day P&L=$+660, equity=$108,410
2026-04-03 08:01:07 | DEBUG    | [20240729] 1 trades, day P&L=$+30, equity=$108,440
2026-04-03 08:01:07 | DEBUG    | [20240802] 1 trades, day P&L=$+380, equity=$108,820
2026-04-03 08:01:07 | DEBUG    | [20240808] 1 trades, day P&L=$+30, equity=$108,850
2026-04-03 08:01:07 | DEBUG    | [20240812] 2 trades, day P&L=$+310, equity=$109,160
2026-04-03 08:01:07 | DEBUG    | [20240823] 1 trades, day P&L=$+30, equity=$109,190
2026-04-03 08:01:07 | DEBUG    | [20240829] 1 trades, day P&L=$+230, equity=$109,420
2026-04-03 08:01:07 | DEBUG    | [20240830] 1 trades, day P&L=$+80, equity=$109,500
2026-04-03 08:01:07 | DEBUG    | [20240905] 1 trades, day P&L=$+30, equity=$109,530
2026-04-03 08:01:07 | DEBUG    | [20240906] 1 trades, day P&L=$+230, equity=$109,760
2026-04-03 08:01:07 | DEBUG    | [20240913] 1 trades, day P&L=$+30, equity=$109,790
2026-04-03 08:01:07 | DEBUG    | [20240919] 1 trades, day P&L=$+30, equity=$109,820
2026-04-03 08:01:07 | DEBUG    | [20240930] 1 trades, day P&L=$+480, equity=$110,300
2026-04-03 08:01:07 | DEBUG    | [20241010] 1 trades, day P&L=$+30, equity=$110,330
2026-04-03 08:01:08 | DEBUG    | [20241025] 1 trades, day P&L=$+30, equity=$110,360
2026-04-03 08:01:08 | DEBUG    | [20241031] 1 trades, day P&L=$+30, equity=$110,390
2026-04-03 08:01:08 | DEBUG    | [20241104] 1 trades, day P&L=$+30, equity=$110,420
2026-04-03 08:01:08 | DEBUG    | [20241115] 1 trades, day P&L=$+30, equity=$110,450
2026-04-03 08:01:08 | DEBUG    | [20241220] 1 trades, day P&L=$+430, equity=$110,880
2026-04-03 08:01:08 | DEBUG    | [20241227] 1 trades, day P&L=$+80, equity=$110,960
2026-04-03 08:01:08 | DEBUG    | [20241230] 2 trades, day P&L=$+210, equity=$111,170
2026-04-03 08:01:08 | DEBUG    | [20250102] 1 trades, day P&L=$+230, equity=$111,400
2026-04-03 08:01:08 | DEBUG    | [20250110] 1 trades, day P&L=$+30, equity=$111,430
2026-04-03 08:01:08 | DEBUG    | [20250127] 1 trades, day P&L=$+30, equity=$111,460
2026-04-03 08:01:08 | DEBUG    | [20250131] 1 trades, day P&L=$+480, equity=$111,940
2026-04-03 08:01:08 | DEBUG    | [20250203] 1 trades, day P&L=$+180, equity=$112,120
2026-04-03 08:01:08 | DEBUG    | [20250207] 1 trades, day P&L=$+30, equity=$112,150
2026-04-03 08:01:08 | DEBUG    | [20250221] 1 trades, day P&L=$+30, equity=$112,180
2026-04-03 08:01:08 | DEBUG    | [20250227] 1 trades, day P&L=$+180, equity=$112,360
2026-04-03 08:01:08 | DEBUG    | [20250306] 1 trades, day P&L=$+1030, equity=$113,390
2026-04-03 08:01:08 | DEBUG    | [20250310] 1 trades, day P&L=$+730, equity=$114,120
2026-04-03 08:01:08 | DEBUG    | [20250313] 1 trades, day P&L=$+80, equity=$114,200
2026-04-03 08:01:08 | DEBUG    | [20250314] 1 trades, day P&L=$+180, equity=$114,380
2026-04-03 08:01:08 | DEBUG    | [20250321] 1 trades, day P&L=$+30, equity=$114,410
2026-04-03 08:01:08 | DEBUG    | [20250327] 2 trades, day P&L=$+60, equity=$114,470
2026-04-03 08:01:08 | DEBUG    | [20250328] 1 trades, day P&L=$+30, equity=$114,500
2026-04-03 08:01:08 | DEBUG    | [20250403] 1 trades, day P&L=$+580, equity=$115,080
2026-04-03 08:01:08 | DEBUG    | [20250421] 1 trades, day P&L=$+530, equity=$115,610
2026-04-03 08:01:08 | DEBUG    | [20250428] 2 trades, day P&L=$+210, equity=$115,820
2026-04-03 08:01:08 | DEBUG    | [20250501] 2 trades, day P&L=$-740, equity=$115,080
2026-04-03 08:01:08 | DEBUG    | [20250502] 1 trades, day P&L=$+30, equity=$115,110
2026-04-03 08:01:08 | DEBUG    | [20250505] 1 trades, day P&L=$+80, equity=$115,190
2026-04-03 08:01:08 | DEBUG    | [20250508] 2 trades, day P&L=$+610, equity=$115,800
2026-04-03 08:01:08 | DEBUG    | [20250509] 1 trades, day P&L=$+30, equity=$115,830
2026-04-03 08:01:08 | DEBUG    | [20250523] 1 trades, day P&L=$+230, equity=$116,060
2026-04-03 08:01:08 | DEBUG    | [20250529] 1 trades, day P&L=$+130, equity=$116,190
2026-04-03 08:01:08 | DEBUG    | [20250530] 2 trades, day P&L=$+1110, equity=$117,300
2026-04-03 08:01:08 | DEBUG    | [20250605] 1 trades, day P&L=$+80, equity=$117,380
2026-04-03 08:01:08 | DEBUG    | [20250613] 1 trades, day P&L=$+80, equity=$117,460
2026-04-03 08:01:08 | DEBUG    | [20250623] 1 trades, day P&L=$+30, equity=$117,490
2026-04-03 08:01:08 | DEBUG    | [20250630] 1 trades, day P&L=$+30, equity=$117,520
2026-04-03 08:01:08 | DEBUG    | [20250731] 1 trades, day P&L=$+180, equity=$117,700
2026-04-03 08:01:08 | DEBUG    | [20250801] 1 trades, day P&L=$+30, equity=$117,730
2026-04-03 08:01:08 | DEBUG    | [20250811] 1 trades, day P&L=$+30, equity=$117,760
2026-04-03 08:01:08 | DEBUG    | [20251010] 1 trades, day P&L=$+980, equity=$118,740
2026-04-03 08:01:08 | DEBUG    | [20251016] 1 trades, day P&L=$+230, equity=$118,970
2026-04-03 08:01:08 | DEBUG    | [20251031] 1 trades, day P&L=$+80, equity=$119,050
2026-04-03 08:01:08 | DEBUG    | [20251106] 1 trades, day P&L=$+80, equity=$119,130
2026-04-03 08:01:08 | DEBUG    | [20251107] 1 trades, day P&L=$+30, equity=$119,160
2026-04-03 08:01:08 | DEBUG    | [20251113] 1 trades, day P&L=$+130, equity=$119,290
2026-04-03 08:01:08 | DEBUG    | [20251117] 1 trades, day P&L=$+130, equity=$119,420
2026-04-03 08:01:08 | DEBUG    | [20251120] 1 trades, day P&L=$+430, equity=$119,850
2026-04-03 08:01:08 | DEBUG    | [20251218] 2 trades, day P&L=$+310, equity=$120,160
2026-04-03 08:01:09 | DEBUG    | [20260130] 2 trades, day P&L=$+210, equity=$120,370
2026-04-03 08:01:09 | DEBUG    | [20260205] 1 trades, day P&L=$+230, equity=$120,600
2026-04-03 08:01:09 | DEBUG    | [20260206] 1 trades, day P&L=$+130, equity=$120,730
2026-04-03 08:01:09 | DEBUG    | [20260212] 1 trades, day P&L=$+180, equity=$120,910
2026-04-03 08:01:09 | DEBUG    | [20260227] 2 trades, day P&L=$+160, equity=$121,070
2026-04-03 08:01:09 | DEBUG    | [20260302] 1 trades, day P&L=$+80, equity=$121,150
2026-04-03 08:01:09 | DEBUG    | [20260305] 1 trades, day P&L=$+130, equity=$121,280
2026-04-03 08:01:09 | DEBUG    | [20260306] 1 trades, day P&L=$+30, equity=$121,310
2026-04-03 08:01:09 | DEBUG    | [20260309] 1 trades, day P&L=$+130, equity=$121,440
2026-04-03 08:01:09 | DEBUG    | [20260320] 1 trades, day P&L=$+130, equity=$121,570
2026-04-03 08:01:09 | INFO     | ============================================================
2026-04-03 08:01:09 | INFO     | SKIP REASONS:
2026-04-03 08:01:09 | INFO     |   dow_filter          : 390
2026-04-03 08:01:09 | INFO     |   early_close         : 6
2026-04-03 08:01:09 | INFO     |   no_quotes           : 11
2026-04-03 08:01:09 | INFO     |   prior_return        : 147
2026-04-03 08:01:09 | INFO     |   TOTAL TRADES        : 155
2026-04-03 08:01:09 | INFO     | ============================================================
2026-04-03 08:01:09 | DEBUG    | [20220110] 2 trades, day P&L=$+60, equity=$100,060
2026-04-03 08:01:09 | DEBUG    | [20220114] 1 trades, day P&L=$+130, equity=$100,190
2026-04-03 08:01:09 | DEBUG    | [20220121] 2 trades, day P&L=$+510, equity=$100,700
2026-04-03 08:01:09 | DEBUG    | [20220128] 2 trades, day P&L=$+510, equity=$101,210
2026-04-03 08:01:09 | DEBUG    | [20220207] 2 trades, day P&L=$+360, equity=$101,570
2026-04-03 08:01:09 | DEBUG    | [20220225] 2 trades, day P&L=$+260, equity=$101,830
2026-04-03 08:01:09 | DEBUG    | [20220304] 2 trades, day P&L=$+260, equity=$102,090
2026-04-03 08:01:09 | DEBUG    | [20220307] 2 trades, day P&L=$+410, equity=$102,500
2026-04-03 08:01:09 | DEBUG    | [20220311] 2 trades, day P&L=$+410, equity=$102,910
2026-04-03 08:01:09 | DEBUG    | [20220314] 2 trades, day P&L=$+310, equity=$103,220
2026-04-03 08:01:09 | DEBUG    | [20220318] 1 trades, day P&L=$+30, equity=$103,250
2026-04-03 08:01:09 | DEBUG    | [20220331] 1 trades, day P&L=$+480, equity=$103,730
2026-04-03 08:01:09 | DEBUG    | [20220408] 2 trades, day P&L=$+60, equity=$103,790
2026-04-03 08:01:09 | DEBUG    | [20220418] 1 trades, day P&L=$+30, equity=$103,820
2026-04-03 08:01:09 | DEBUG    | [20220422] 1 trades, day P&L=$+580, equity=$104,400
2026-04-03 08:01:09 | DEBUG    | [20220509] 1 trades, day P&L=$+580, equity=$104,980
2026-04-03 08:01:09 | DEBUG    | [20220513] 1 trades, day P&L=$+180, equity=$105,160
2026-04-03 08:01:09 | DEBUG    | [20220520] 1 trades, day P&L=$+180, equity=$105,340
2026-04-03 08:01:09 | DEBUG    | [20220526] 1 trades, day P&L=$+80, equity=$105,420
2026-04-03 08:01:09 | DEBUG    | [20220616] 1 trades, day P&L=$+30, equity=$105,450
2026-04-03 08:01:09 | DEBUG    | [20220623] 1 trades, day P&L=$+30, equity=$105,480
2026-04-03 08:01:09 | DEBUG    | [20220624] 1 trades, day P&L=$+30, equity=$105,510
2026-04-03 08:01:09 | DEBUG    | [20220630] 2 trades, day P&L=$-620, equity=$104,890
2026-04-03 08:01:09 | DEBUG    | [20220902] 1 trades, day P&L=$+130, equity=$105,020
2026-04-03 08:01:09 | DEBUG    | [20220915] 1 trades, day P&L=$+130, equity=$105,150
2026-04-03 08:01:09 | DEBUG    | [20220916] 2 trades, day P&L=$+210, equity=$105,360
2026-04-03 08:01:09 | DEBUG    | [20220923] 1 trades, day P&L=$+130, equity=$105,490
2026-04-03 08:01:09 | DEBUG    | [20221003] 1 trades, day P&L=$+30, equity=$105,520
2026-04-03 08:01:09 | DEBUG    | [20221006] 1 trades, day P&L=$+130, equity=$105,650
2026-04-03 08:01:09 | DEBUG    | [20221007] 1 trades, day P&L=$+280, equity=$105,930
2026-04-03 08:01:09 | DEBUG    | [20221013] 1 trades, day P&L=$+130, equity=$106,060
2026-04-03 08:01:09 | DEBUG    | [20221020] 1 trades, day P&L=$+30, equity=$106,090
2026-04-03 08:01:09 | DEBUG    | [20221118] 1 trades, day P&L=$+30, equity=$106,120
2026-04-03 08:01:09 | DEBUG    | [20221209] 1 trades, day P&L=$+30, equity=$106,150
2026-04-03 08:01:09 | DEBUG    | [20221215] 1 trades, day P&L=$+30, equity=$106,180
2026-04-03 08:01:09 | DEBUG    | [20230202] 1 trades, day P&L=$+30, equity=$106,210
2026-04-03 08:01:09 | DEBUG    | [20230203] 2 trades, day P&L=$+60, equity=$106,270
2026-04-03 08:01:09 | DEBUG    | [20230309] 1 trades, day P&L=$+130, equity=$106,400
2026-04-03 08:01:09 | DEBUG    | [20230316] 1 trades, day P&L=$+130, equity=$106,530
2026-04-03 08:01:09 | DEBUG    | [20230707] 1 trades, day P&L=$+80, equity=$106,610
2026-04-03 08:01:10 | DEBUG    | [20230825] 1 trades, day P&L=$+30, equity=$106,640
2026-04-03 08:01:10 | DEBUG    | [20230929] 1 trades, day P&L=$+80, equity=$106,720
2026-04-03 08:01:10 | DEBUG    | [20231019] 1 trades, day P&L=$+30, equity=$106,750
2026-04-03 08:01:10 | DEBUG    | [20240216] 1 trades, day P&L=$+30, equity=$106,780
2026-04-03 08:01:10 | DEBUG    | [20240404] 1 trades, day P&L=$+80, equity=$106,860
2026-04-03 08:01:10 | DEBUG    | [20240412] 1 trades, day P&L=$+30, equity=$106,890
2026-04-03 08:01:10 | DEBUG    | [20240415] 1 trades, day P&L=$+30, equity=$106,920
2026-04-03 08:01:10 | DEBUG    | [20240418] 1 trades, day P&L=$+30, equity=$106,950
2026-04-03 08:01:10 | DEBUG    | [20240419] 1 trades, day P&L=$+30, equity=$106,980
2026-04-03 08:01:10 | DEBUG    | [20240422] 1 trades, day P&L=$+30, equity=$107,010
2026-04-03 08:01:10 | DEBUG    | [20240531] 1 trades, day P&L=$+80, equity=$107,090
2026-04-03 08:01:10 | DEBUG    | [20240607] 1 trades, day P&L=$+30, equity=$107,120
2026-04-03 08:01:10 | DEBUG    | [20240627] 1 trades, day P&L=$+30, equity=$107,150
2026-04-03 08:01:10 | DEBUG    | [20240628] 1 trades, day P&L=$+230, equity=$107,380
2026-04-03 08:01:10 | DEBUG    | [20240712] 1 trades, day P&L=$+80, equity=$107,460
2026-04-03 08:01:10 | DEBUG    | [20240715] 1 trades, day P&L=$+30, equity=$107,490
2026-04-03 08:01:10 | DEBUG    | [20240718] 1 trades, day P&L=$+180, equity=$107,670
2026-04-03 08:01:10 | DEBUG    | [20240719] 1 trades, day P&L=$+80, equity=$107,750
2026-04-03 08:01:10 | DEBUG    | [20240726] 2 trades, day P&L=$+660, equity=$108,410
2026-04-03 08:01:10 | DEBUG    | [20240729] 1 trades, day P&L=$+30, equity=$108,440
2026-04-03 08:01:10 | DEBUG    | [20240802] 1 trades, day P&L=$+380, equity=$108,820
2026-04-03 08:01:10 | DEBUG    | [20240808] 1 trades, day P&L=$+30, equity=$108,850
2026-04-03 08:01:10 | DEBUG    | [20240812] 2 trades, day P&L=$+310, equity=$109,160
2026-04-03 08:01:10 | DEBUG    | [20240823] 1 trades, day P&L=$+30, equity=$109,190
2026-04-03 08:01:10 | DEBUG    | [20240829] 1 trades, day P&L=$+230, equity=$109,420
2026-04-03 08:01:10 | DEBUG    | [20240830] 1 trades, day P&L=$+80, equity=$109,500
2026-04-03 08:01:10 | DEBUG    | [20240905] 1 trades, day P&L=$+30, equity=$109,530
2026-04-03 08:01:10 | DEBUG    | [20240906] 1 trades, day P&L=$+230, equity=$109,760
2026-04-03 08:01:10 | DEBUG    | [20240913] 1 trades, day P&L=$+30, equity=$109,790
2026-04-03 08:01:10 | DEBUG    | [20240919] 1 trades, day P&L=$+30, equity=$109,820
2026-04-03 08:01:10 | DEBUG    | [20240930] 1 trades, day P&L=$+480, equity=$110,300
2026-04-03 08:01:10 | DEBUG    | [20241010] 1 trades, day P&L=$+30, equity=$110,330
2026-04-03 08:01:11 | DEBUG    | [20241025] 1 trades, day P&L=$+30, equity=$110,360
2026-04-03 08:01:11 | DEBUG    | [20241031] 1 trades, day P&L=$+30, equity=$110,390
2026-04-03 08:01:11 | DEBUG    | [20241104] 1 trades, day P&L=$+30, equity=$110,420
2026-04-03 08:01:11 | DEBUG    | [20241115] 1 trades, day P&L=$+30, equity=$110,450
2026-04-03 08:01:11 | DEBUG    | [20241220] 1 trades, day P&L=$+430, equity=$110,880
2026-04-03 08:01:11 | DEBUG    | [20241227] 1 trades, day P&L=$+80, equity=$110,960
2026-04-03 08:01:11 | DEBUG    | [20241230] 2 trades, day P&L=$+210, equity=$111,170
2026-04-03 08:01:11 | INFO     | ============================================================
2026-04-03 08:01:11 | INFO     | SKIP REASONS:
2026-04-03 08:01:11 | INFO     |   dow_filter          : 275
2026-04-03 08:01:11 | INFO     |   early_close         : 4
2026-04-03 08:01:11 | INFO     |   no_quotes           : 11
2026-04-03 08:01:11 | INFO     |   prior_return        : 109
2026-04-03 08:01:11 | INFO     |   TOTAL TRADES        : 95
2026-04-03 08:01:11 | INFO     | ============================================================
2026-04-03 08:01:11 | DEBUG    | [20250102] 1 trades, day P&L=$+230, equity=$100,230
2026-04-03 08:01:11 | DEBUG    | [20250110] 1 trades, day P&L=$+30, equity=$100,260
2026-04-03 08:01:11 | DEBUG    | [20250127] 1 trades, day P&L=$+30, equity=$100,290
2026-04-03 08:01:11 | DEBUG    | [20250131] 1 trades, day P&L=$+480, equity=$100,770
2026-04-03 08:01:11 | DEBUG    | [20250203] 1 trades, day P&L=$+180, equity=$100,950
2026-04-03 08:01:11 | DEBUG    | [20250207] 1 trades, day P&L=$+30, equity=$100,980
2026-04-03 08:01:11 | DEBUG    | [20250221] 1 trades, day P&L=$+30, equity=$101,010
2026-04-03 08:01:11 | DEBUG    | [20250227] 1 trades, day P&L=$+180, equity=$101,190
2026-04-03 08:01:11 | DEBUG    | [20250306] 1 trades, day P&L=$+1030, equity=$102,220
2026-04-03 08:01:11 | DEBUG    | [20250310] 1 trades, day P&L=$+730, equity=$102,950
2026-04-03 08:01:11 | DEBUG    | [20250313] 1 trades, day P&L=$+80, equity=$103,030
2026-04-03 08:01:11 | DEBUG    | [20250314] 1 trades, day P&L=$+180, equity=$103,210
2026-04-03 08:01:11 | DEBUG    | [20250321] 1 trades, day P&L=$+30, equity=$103,240
2026-04-03 08:01:11 | DEBUG    | [20250327] 2 trades, day P&L=$+60, equity=$103,300
2026-04-03 08:01:11 | DEBUG    | [20250328] 1 trades, day P&L=$+30, equity=$103,330
2026-04-03 08:01:11 | DEBUG    | [20250403] 1 trades, day P&L=$+580, equity=$103,910
2026-04-03 08:01:11 | DEBUG    | [20250421] 1 trades, day P&L=$+530, equity=$104,440
2026-04-03 08:01:11 | DEBUG    | [20250428] 2 trades, day P&L=$+210, equity=$104,650
2026-04-03 08:01:11 | DEBUG    | [20250501] 2 trades, day P&L=$-740, equity=$103,910
2026-04-03 08:01:11 | DEBUG    | [20250502] 1 trades, day P&L=$+30, equity=$103,940
2026-04-03 08:01:11 | DEBUG    | [20250505] 1 trades, day P&L=$+80, equity=$104,020
2026-04-03 08:01:11 | DEBUG    | [20250508] 2 trades, day P&L=$+610, equity=$104,630
2026-04-03 08:01:11 | DEBUG    | [20250509] 1 trades, day P&L=$+30, equity=$104,660
2026-04-03 08:01:11 | DEBUG    | [20250523] 1 trades, day P&L=$+230, equity=$104,890
2026-04-03 08:01:11 | DEBUG    | [20250529] 1 trades, day P&L=$+130, equity=$105,020
2026-04-03 08:01:11 | DEBUG    | [20250530] 2 trades, day P&L=$+1110, equity=$106,130
2026-04-03 08:01:11 | DEBUG    | [20250605] 1 trades, day P&L=$+80, equity=$106,210
2026-04-03 08:01:11 | DEBUG    | [20250613] 1 trades, day P&L=$+80, equity=$106,290
2026-04-03 08:01:11 | DEBUG    | [20250623] 1 trades, day P&L=$+30, equity=$106,320
2026-04-03 08:01:11 | DEBUG    | [20250630] 1 trades, day P&L=$+30, equity=$106,350
2026-04-03 08:01:11 | DEBUG    | [20250731] 1 trades, day P&L=$+180, equity=$106,530
2026-04-03 08:01:11 | DEBUG    | [20250801] 1 trades, day P&L=$+30, equity=$106,560
2026-04-03 08:01:11 | DEBUG    | [20250811] 1 trades, day P&L=$+30, equity=$106,590
2026-04-03 08:01:11 | DEBUG    | [20251010] 1 trades, day P&L=$+980, equity=$107,570
2026-04-03 08:01:11 | DEBUG    | [20251016] 1 trades, day P&L=$+230, equity=$107,800
2026-04-03 08:01:11 | DEBUG    | [20251031] 1 trades, day P&L=$+80, equity=$107,880
2026-04-03 08:01:11 | DEBUG    | [20251106] 1 trades, day P&L=$+80, equity=$107,960
2026-04-03 08:01:11 | DEBUG    | [20251107] 1 trades, day P&L=$+30, equity=$107,990
2026-04-03 08:01:11 | DEBUG    | [20251113] 1 trades, day P&L=$+130, equity=$108,120
2026-04-03 08:01:11 | DEBUG    | [20251117] 1 trades, day P&L=$+130, equity=$108,250
2026-04-03 08:01:11 | DEBUG    | [20251120] 1 trades, day P&L=$+430, equity=$108,680
2026-04-03 08:01:11 | DEBUG    | [20251218] 2 trades, day P&L=$+310, equity=$108,990
2026-04-03 08:01:12 | DEBUG    | [20260130] 2 trades, day P&L=$+210, equity=$109,200
2026-04-03 08:01:12 | DEBUG    | [20260205] 1 trades, day P&L=$+230, equity=$109,430
2026-04-03 08:01:12 | DEBUG    | [20260206] 1 trades, day P&L=$+130, equity=$109,560
2026-04-03 08:01:12 | DEBUG    | [20260212] 1 trades, day P&L=$+180, equity=$109,740
2026-04-03 08:01:12 | DEBUG    | [20260227] 2 trades, day P&L=$+160, equity=$109,900
2026-04-03 08:01:12 | DEBUG    | [20260302] 1 trades, day P&L=$+80, equity=$109,980
2026-04-03 08:01:12 | DEBUG    | [20260305] 1 trades, day P&L=$+130, equity=$110,110
2026-04-03 08:01:12 | DEBUG    | [20260306] 1 trades, day P&L=$+30, equity=$110,140
2026-04-03 08:01:12 | DEBUG    | [20260309] 1 trades, day P&L=$+130, equity=$110,270
2026-04-03 08:01:12 | DEBUG    | [20260320] 1 trades, day P&L=$+130, equity=$110,400
2026-04-03 08:01:12 | INFO     | ============================================================
2026-04-03 08:01:12 | INFO     | SKIP REASONS:
2026-04-03 08:01:12 | INFO     |   dow_filter          : 115
2026-04-03 08:01:12 | INFO     |   early_close         : 2
2026-04-03 08:01:12 | INFO     |   prior_return        : 38
2026-04-03 08:01:12 | INFO     |   TOTAL TRADES        : 60
2026-04-03 08:01:12 | INFO     | ============================================================
