2026-04-04 13:10:37 | INFO     | Log file: /Users/jeerapongwongchote/Documents/thetadata/apex/logs/apex_run_20260404_131037.log
2026-04-04 13:10:37 | INFO     | Building daily indicators...
2026-04-04 13:10:42 | INFO     |   SQZ GEX loaded: 3748 dates
2026-04-04 13:10:42 | INFO     | Built daily indicators: 1066 dates (20220103 → 20260402)
2026-04-04 13:10:42 | DEBUG    | [20220114] 1 trades, day P&L=$+120, equity=$100,120
2026-04-04 13:10:42 | DEBUG    | [20220118] 2 trades, day P&L=$+240, equity=$100,360
2026-04-04 13:10:42 | DEBUG    | [20221115] 1 trades, day P&L=$+120, equity=$100,480
2026-04-04 13:10:42 | DEBUG    | [20230203] 2 trades, day P&L=$+90, equity=$100,570
2026-04-04 13:10:43 | DEBUG    | [20231229] 1 trades, day P&L=$+45, equity=$100,615
2026-04-04 13:10:43 | DEBUG    | [20240216] 1 trades, day P&L=$+45, equity=$100,660
2026-04-04 13:10:43 | DEBUG    | [20240415] 1 trades, day P&L=$+45, equity=$100,705
2026-04-04 13:10:43 | DEBUG    | [20240531] 1 trades, day P&L=$+120, equity=$100,825
2026-04-04 13:10:43 | DEBUG    | [20240607] 1 trades, day P&L=$+45, equity=$100,870
2026-04-04 13:10:43 | DEBUG    | [20240628] 2 trades, day P&L=$+465, equity=$101,335
2026-04-04 13:10:43 | DEBUG    | [20240712] 2 trades, day P&L=$+240, equity=$101,575
2026-04-04 13:10:43 | DEBUG    | [20240715] 1 trades, day P&L=$+45, equity=$101,620
2026-04-04 13:10:43 | DEBUG    | [20240716] 1 trades, day P&L=$+45, equity=$101,665
2026-04-04 13:10:43 | DEBUG    | [20240719] 1 trades, day P&L=$+195, equity=$101,860
2026-04-04 13:10:43 | DEBUG    | [20240722] 1 trades, day P&L=$+45, equity=$101,905
2026-04-04 13:10:44 | DEBUG    | [20240730] 2 trades, day P&L=$+165, equity=$102,070
2026-04-04 13:10:44 | DEBUG    | [20240802] 2 trades, day P&L=$+1215, equity=$103,285
2026-04-04 13:10:44 | DEBUG    | [20240820] 1 trades, day P&L=$+45, equity=$103,330
2026-04-04 13:10:44 | DEBUG    | [20240823] 1 trades, day P&L=$+45, equity=$103,375
2026-04-04 13:10:44 | DEBUG    | [20240830] 2 trades, day P&L=$+465, equity=$103,840
2026-04-04 13:10:44 | DEBUG    | [20240903] 1 trades, day P&L=$+420, equity=$104,260
2026-04-04 13:10:44 | DEBUG    | [20240906] 2 trades, day P&L=$+615, equity=$104,875
2026-04-04 13:10:44 | DEBUG    | [20240913] 2 trades, day P&L=$+90, equity=$104,965
2026-04-04 13:10:44 | DEBUG    | [20240930] 2 trades, day P&L=$+840, equity=$105,805
2026-04-04 13:10:44 | DEBUG    | [20241001] 2 trades, day P&L=$+465, equity=$106,270
2026-04-04 13:10:44 | DEBUG    | [20241011] 1 trades, day P&L=$+45, equity=$106,315
2026-04-04 13:10:44 | DEBUG    | [20241025] 1 trades, day P&L=$+45, equity=$106,360
2026-04-04 13:10:44 | DEBUG    | [20241115] 1 trades, day P&L=$+45, equity=$106,405
2026-04-04 13:10:44 | DEBUG    | [20241230] 2 trades, day P&L=$+315, equity=$106,720
2026-04-04 13:10:44 | DEBUG    | [20241231] 2 trades, day P&L=$+990, equity=$107,710
2026-04-04 13:10:44 | DEBUG    | [20250107] 2 trades, day P&L=$+315, equity=$108,025
2026-04-04 13:10:44 | DEBUG    | [20250110] 2 trades, day P&L=$+90, equity=$108,115
2026-04-04 13:10:44 | DEBUG    | [20250127] 2 trades, day P&L=$+165, equity=$108,280
2026-04-04 13:10:44 | DEBUG    | [20250131] 2 trades, day P&L=$+990, equity=$109,270
2026-04-04 13:10:44 | DEBUG    | [20250203] 2 trades, day P&L=$+315, equity=$109,585
2026-04-04 13:10:44 | DEBUG    | [20250207] 1 trades, day P&L=$+45, equity=$109,630
2026-04-04 13:10:44 | DEBUG    | [20250221] 2 trades, day P&L=$+90, equity=$109,720
2026-04-04 13:10:44 | DEBUG    | [20250428] 2 trades, day P&L=$+240, equity=$109,960
2026-04-04 13:10:44 | DEBUG    | [20250502] 1 trades, day P&L=$+195, equity=$110,155
2026-04-04 13:10:44 | DEBUG    | [20250506] 1 trades, day P&L=$+195, equity=$110,350
2026-04-04 13:10:44 | DEBUG    | [20250509] 1 trades, day P&L=$+45, equity=$110,395
2026-04-04 13:10:44 | DEBUG    | [20250512] 1 trades, day P&L=$+195, equity=$110,590
2026-04-04 13:10:44 | DEBUG    | [20250516] 1 trades, day P&L=$+45, equity=$110,635
2026-04-04 13:10:44 | DEBUG    | [20250523] 2 trades, day P&L=$+390, equity=$111,025
2026-04-04 13:10:44 | DEBUG    | [20250530] 2 trades, day P&L=$+1365, equity=$112,390
2026-04-04 13:10:44 | DEBUG    | [20250613] 2 trades, day P&L=$+240, equity=$112,630
2026-04-04 13:10:44 | DEBUG    | [20250630] 2 trades, day P&L=$+90, equity=$112,720
2026-04-04 13:10:44 | DEBUG    | [20250801] 2 trades, day P&L=$+315, equity=$113,035
2026-04-04 13:10:44 | DEBUG    | [20250811] 2 trades, day P&L=$+90, equity=$113,125
2026-04-04 13:10:44 | DEBUG    | [20250826] 1 trades, day P&L=$+120, equity=$113,245
2026-04-04 13:10:45 | DEBUG    | [20250930] 2 trades, day P&L=$+165, equity=$113,410
2026-04-04 13:10:45 | DEBUG    | [20251010] 1 trades, day P&L=$+1020, equity=$114,430
2026-04-04 13:10:45 | DEBUG    | [20251031] 1 trades, day P&L=$+120, equity=$114,550
2026-04-04 13:10:45 | DEBUG    | [20251107] 2 trades, day P&L=$+165, equity=$114,715
2026-04-04 13:10:45 | DEBUG    | [20251117] 1 trades, day P&L=$+195, equity=$114,910
2026-04-04 13:10:45 | DEBUG    | [20251118] 2 trades, day P&L=$+240, equity=$115,150
2026-04-04 13:10:45 | DEBUG    | [20260120] 2 trades, day P&L=$+90, equity=$115,240
2026-04-04 13:10:45 | DEBUG    | [20260130] 1 trades, day P&L=$+120, equity=$115,360
2026-04-04 13:10:45 | DEBUG    | [20260206] 1 trades, day P&L=$+120, equity=$115,480
2026-04-04 13:10:45 | DEBUG    | [20260227] 2 trades, day P&L=$+165, equity=$115,645
2026-04-04 13:10:45 | DEBUG    | [20260303] 1 trades, day P&L=$+120, equity=$115,765
2026-04-04 13:10:45 | INFO     | ============================================================
2026-04-04 13:10:45 | INFO     | SKIP REASONS:
2026-04-04 13:10:45 | INFO     |   dow_filter          : 233
2026-04-04 13:10:45 | INFO     |   early_close         : 6
2026-04-04 13:10:45 | INFO     |   gex_filter          : 336
2026-04-04 13:10:45 | INFO     |   no_quotes           : 4
2026-04-04 13:10:45 | INFO     |   prior_return        : 147
2026-04-04 13:10:45 | INFO     |   TOTAL TRADES        : 92
2026-04-04 13:10:45 | INFO     | ============================================================
2026-04-04 13:10:45 | INFO     | 
============================================================
2026-04-04 13:10:45 | INFO     |   BACKTEST RESULTS (2022-01-03 → 2026-03-25)
2026-04-04 13:10:45 | INFO     | ============================================================
2026-04-04 13:10:45 | INFO     |   Trades      : 92
2026-04-04 13:10:45 | INFO     |   Win Rate    : 100.0%
2026-04-04 13:10:45 | INFO     |   Total P&L   : $15,765.00
2026-04-04 13:10:45 | INFO     |   Max DD      : $0.00
2026-04-04 13:10:45 | INFO     |   Sharpe      : 13.50
2026-04-04 13:10:45 | INFO     |   Calmar      : 0.00
2026-04-04 13:10:45 | INFO     |   Profit Factor: inf
2026-04-04 13:10:45 | INFO     |   Avg Win     : $171.36
2026-04-04 13:10:45 | INFO     |   Avg Loss    : $0.00
2026-04-04 13:10:45 | INFO     |   Max Single Loss: $45.00
2026-04-04 13:10:45 | INFO     | ============================================================

2026-04-04 13:10:45 | INFO     | 
--- VIX ZONE ANALYSIS ---
2026-04-04 13:10:45 | INFO     |   VIX < 15  :   15 trades, WR 100.0%, P&L $     1,425, DD $       0, Sharpe 14.95
2026-04-04 13:10:45 | INFO     |   VIX 15-20 :   62 trades, WR 100.0%, P&L $    12,315, DD $       0, Sharpe 14.58
2026-04-04 13:10:45 | INFO     |   VIX 20-25 :   15 trades, WR 100.0%, P&L $     2,025, DD $       0, Sharpe 27.91
2026-04-04 13:10:45 | INFO     | 
--- DAY-OF-WEEK ANALYSIS ---
2026-04-04 13:10:45 | INFO     |   Mon:   19 trades, WR 100.0%, P&L $     2,580, Sharpe 15.51
2026-04-04 13:10:45 | INFO     |   Tue:   23 trades, WR 100.0%, P&L $     3,735, Sharpe 16.48
2026-04-04 13:10:45 | INFO     |   Fri:   50 trades, WR 100.0%, P&L $     9,450, Sharpe 12.42
2026-04-04 13:10:45 | INFO     | 
--- TOP 10 WORST DAYS ---
2026-04-04 13:10:45 | INFO     |   20231229: P&L=$        45 | 1 trades | VIX=12.47
2026-04-04 13:10:45 | INFO     |   20240216: P&L=$        45 | 1 trades | VIX=14.01
2026-04-04 13:10:45 | INFO     |   20240415: P&L=$        45 | 1 trades | VIX=17.31
2026-04-04 13:10:45 | INFO     |   20240607: P&L=$        45 | 1 trades | VIX=12.58
2026-04-04 13:10:45 | INFO     |   20240715: P&L=$        45 | 1 trades | VIX=12.46
2026-04-04 13:10:45 | INFO     |   20240716: P&L=$        45 | 1 trades | VIX=13.12
2026-04-04 13:10:45 | INFO     |   20240722: P&L=$        45 | 1 trades | VIX=16.52
2026-04-04 13:10:45 | INFO     |   20240820: P&L=$        45 | 1 trades | VIX=14.65
2026-04-04 13:10:45 | INFO     |   20240823: P&L=$        45 | 1 trades | VIX=17.55
2026-04-04 13:10:45 | INFO     |   20241011: P&L=$        45 | 1 trades | VIX=20.93
