2026-04-03 14:27:52 | INFO     | Log file: /Users/jeerapongwongchote/Documents/thetadata/apex/logs/apex_run_20260403_142752.log
2026-04-03 14:27:57 | INFO     | Built daily indicators: 1065 dates (20220103 → 20260401)
2026-04-03 14:27:57 | DEBUG    | [20231229] 1 trades, day P&L=$+56, equity=$100,056
2026-04-03 14:27:57 | DEBUG    | [20240216] 1 trades, day P&L=$+56, equity=$100,112
2026-04-03 14:27:57 | DEBUG    | [20240308] 1 trades, day P&L=$+91, equity=$100,203
2026-04-03 14:27:57 | DEBUG    | [20240315] 1 trades, day P&L=$+56, equity=$100,259
2026-04-03 14:27:57 | DEBUG    | [20240412] 1 trades, day P&L=$+21, equity=$100,280
2026-04-03 14:27:57 | DEBUG    | [20240531] 1 trades, day P&L=$+56, equity=$100,336
2026-04-03 14:27:57 | DEBUG    | [20240604] 1 trades, day P&L=$+91, equity=$100,427
2026-04-03 14:27:57 | DEBUG    | [20240607] 1 trades, day P&L=$+21, equity=$100,448
2026-04-03 14:27:57 | DEBUG    | [20240621] 1 trades, day P&L=$+21, equity=$100,469
2026-04-03 14:27:58 | DEBUG    | [20240628] 1 trades, day P&L=$+406, equity=$100,875
2026-04-03 14:27:58 | DEBUG    | [20240701] 1 trades, day P&L=$+21, equity=$100,896
2026-04-03 14:27:58 | DEBUG    | [20240712] 1 trades, day P&L=$+56, equity=$100,952
2026-04-03 14:27:58 | DEBUG    | [20240715] 2 trades, day P&L=$+42, equity=$100,994
2026-04-03 14:27:58 | DEBUG    | [20240723] 1 trades, day P&L=$+21, equity=$101,015
2026-04-03 14:27:58 | DEBUG    | [20240820] 1 trades, day P&L=$+21, equity=$101,036
2026-04-03 14:27:58 | DEBUG    | [20240903] 1 trades, day P&L=$+266, equity=$101,302
2026-04-03 14:27:58 | DEBUG    | [20241115] 1 trades, day P&L=$+21, equity=$101,323
2026-04-03 14:27:58 | DEBUG    | [20241227] 1 trades, day P&L=$+56, equity=$101,379
2026-04-03 14:27:58 | DEBUG    | [20250127] 1 trades, day P&L=$-1456, equity=$99,923
2026-04-03 14:27:58 | DEBUG    | [20250815] 1 trades, day P&L=$+21, equity=$99,944
2026-04-03 14:27:58 | DEBUG    | [20250829] 1 trades, day P&L=$+56, equity=$100,000
2026-04-03 14:27:58 | DEBUG    | [20260102] 1 trades, day P&L=$+21, equity=$100,021
2026-04-03 14:27:58 | INFO     | ============================================================
2026-04-03 14:27:58 | INFO     | SKIP REASONS:
2026-04-03 14:27:58 | INFO     |   dow_filter          : 98
2026-04-03 14:27:58 | INFO     |   early_close         : 6
2026-04-03 14:27:58 | INFO     |   prior_return        : 5
2026-04-03 14:27:58 | INFO     |   vix_filter          : 794
2026-04-03 14:27:58 | INFO     |   TOTAL TRADES        : 23
2026-04-03 14:27:58 | INFO     | ============================================================
2026-04-03 14:27:58 | DEBUG    | [20220110] 2 trades, day P&L=$+42, equity=$100,042
2026-04-03 14:27:58 | DEBUG    | [20220114] 1 trades, day P&L=$+91, equity=$100,133
2026-04-03 14:27:58 | DEBUG    | [20220118] 2 trades, day P&L=$+147, equity=$100,280
2026-04-03 14:27:58 | DEBUG    | [20220207] 2 trades, day P&L=$+252, equity=$100,532
2026-04-03 14:27:58 | DEBUG    | [20220408] 2 trades, day P&L=$+42, equity=$100,574
2026-04-03 14:27:58 | DEBUG    | [20220418] 1 trades, day P&L=$+21, equity=$100,595
2026-04-03 14:27:58 | DEBUG    | [20220422] 2 trades, day P&L=$+812, equity=$101,407
2026-04-03 14:27:58 | DEBUG    | [20220913] 2 trades, day P&L=$+77, equity=$101,484
2026-04-03 14:27:58 | DEBUG    | [20221115] 1 trades, day P&L=$+56, equity=$101,540
2026-04-03 14:27:58 | DEBUG    | [20221118] 1 trades, day P&L=$+21, equity=$101,561
2026-04-03 14:27:58 | DEBUG    | [20221209] 1 trades, day P&L=$+21, equity=$101,582
2026-04-03 14:27:58 | DEBUG    | [20221213] 1 trades, day P&L=$+21, equity=$101,603
2026-04-03 14:27:58 | DEBUG    | [20230203] 2 trades, day P&L=$+42, equity=$101,645
2026-04-03 14:27:58 | DEBUG    | [20230313] 1 trades, day P&L=$+126, equity=$101,771
2026-04-03 14:27:58 | DEBUG    | [20230331] 2 trades, day P&L=$+77, equity=$101,848
2026-04-03 14:27:58 | DEBUG    | [20230707] 1 trades, day P&L=$+56, equity=$101,904
2026-04-03 14:27:59 | DEBUG    | [20230825] 1 trades, day P&L=$+21, equity=$101,925
2026-04-03 14:27:59 | DEBUG    | [20230929] 1 trades, day P&L=$+56, equity=$101,981
2026-04-03 14:27:59 | DEBUG    | [20240415] 1 trades, day P&L=$+21, equity=$102,002
2026-04-03 14:27:59 | DEBUG    | [20240416] 2 trades, day P&L=$+112, equity=$102,114
2026-04-03 14:27:59 | DEBUG    | [20240419] 1 trades, day P&L=$+21, equity=$102,135
2026-04-03 14:27:59 | DEBUG    | [20240422] 1 trades, day P&L=$+21, equity=$102,156
2026-04-03 14:27:59 | DEBUG    | [20240719] 1 trades, day P&L=$+56, equity=$102,212
2026-04-03 14:27:59 | DEBUG    | [20240726] 2 trades, day P&L=$+497, equity=$102,709
2026-04-03 14:27:59 | DEBUG    | [20240729] 1 trades, day P&L=$+21, equity=$102,730
2026-04-03 14:27:59 | DEBUG    | [20240730] 1 trades, day P&L=$+56, equity=$102,786
2026-04-03 14:27:59 | DEBUG    | [20240802] 1 trades, day P&L=$+301, equity=$103,087
2026-04-03 14:27:59 | DEBUG    | [20240812] 2 trades, day P&L=$+217, equity=$103,304
2026-04-03 14:27:59 | DEBUG    | [20240813] 1 trades, day P&L=$+21, equity=$103,325
2026-04-03 14:27:59 | DEBUG    | [20240823] 1 trades, day P&L=$+21, equity=$103,346
2026-04-03 14:27:59 | DEBUG    | [20240830] 1 trades, day P&L=$+56, equity=$103,402
2026-04-03 14:27:59 | DEBUG    | [20240903] 1 trades, day P&L=$+301, equity=$103,703
2026-04-03 14:27:59 | DEBUG    | [20240906] 1 trades, day P&L=$+161, equity=$103,864
2026-04-03 14:27:59 | DEBUG    | [20240913] 1 trades, day P&L=$+21, equity=$103,885
2026-04-03 14:27:59 | DEBUG    | [20240930] 1 trades, day P&L=$+336, equity=$104,221
2026-04-03 14:27:59 | DEBUG    | [20241001] 1 trades, day P&L=$+126, equity=$104,347
2026-04-03 14:27:59 | DEBUG    | [20241025] 1 trades, day P&L=$+21, equity=$104,368
2026-04-03 14:27:59 | DEBUG    | [20241104] 1 trades, day P&L=$+21, equity=$104,389
2026-04-03 14:27:59 | DEBUG    | [20241220] 1 trades, day P&L=$+336, equity=$104,725
2026-04-03 14:27:59 | DEBUG    | [20241230] 2 trades, day P&L=$+147, equity=$104,872
2026-04-03 14:27:59 | DEBUG    | [20241231] 1 trades, day P&L=$+336, equity=$105,208
2026-04-03 14:27:59 | DEBUG    | [20250107] 1 trades, day P&L=$+126, equity=$105,334
2026-04-03 14:27:59 | DEBUG    | [20250110] 1 trades, day P&L=$+21, equity=$105,355
2026-04-03 14:27:59 | DEBUG    | [20250131] 1 trades, day P&L=$+371, equity=$105,726
2026-04-03 14:27:59 | DEBUG    | [20250203] 1 trades, day P&L=$+126, equity=$105,852
2026-04-03 14:27:59 | DEBUG    | [20250207] 1 trades, day P&L=$+21, equity=$105,873
2026-04-03 14:27:59 | DEBUG    | [20250221] 1 trades, day P&L=$+21, equity=$105,894
2026-04-03 14:27:59 | DEBUG    | [20250225] 1 trades, day P&L=$+126, equity=$106,020
2026-04-03 14:27:59 | DEBUG    | [20250310] 1 trades, day P&L=$+581, equity=$106,601
2026-04-03 14:27:59 | DEBUG    | [20250314] 1 trades, day P&L=$+126, equity=$106,727
2026-04-03 14:27:59 | DEBUG    | [20250318] 1 trades, day P&L=$+21, equity=$106,748
2026-04-03 14:27:59 | DEBUG    | [20250321] 1 trades, day P&L=$+21, equity=$106,769
2026-04-03 14:27:59 | DEBUG    | [20250328] 1 trades, day P&L=$+21, equity=$106,790
2026-04-03 14:27:59 | DEBUG    | [20250401] 1 trades, day P&L=$+21, equity=$106,811
2026-04-03 14:27:59 | DEBUG    | [20250428] 2 trades, day P&L=$+147, equity=$106,958
2026-04-03 14:27:59 | DEBUG    | [20250502] 1 trades, day P&L=$+21, equity=$106,979
2026-04-03 14:27:59 | DEBUG    | [20250505] 1 trades, day P&L=$+56, equity=$107,035
2026-04-03 14:27:59 | DEBUG    | [20250506] 1 trades, day P&L=$+91, equity=$107,126
2026-04-03 14:27:59 | DEBUG    | [20250509] 1 trades, day P&L=$+21, equity=$107,147
2026-04-03 14:27:59 | DEBUG    | [20250512] 1 trades, day P&L=$+91, equity=$107,238
2026-04-03 14:27:59 | DEBUG    | [20250523] 1 trades, day P&L=$+161, equity=$107,399
2026-04-03 14:27:59 | DEBUG    | [20250530] 2 trades, day P&L=$+847, equity=$108,246
2026-04-03 14:27:59 | DEBUG    | [20250613] 1 trades, day P&L=$+91, equity=$108,337
2026-04-03 14:27:59 | DEBUG    | [20250623] 1 trades, day P&L=$+21, equity=$108,358
2026-04-03 14:27:59 | DEBUG    | [20250630] 1 trades, day P&L=$+21, equity=$108,379
2026-04-03 14:27:59 | DEBUG    | [20250801] 1 trades, day P&L=$+21, equity=$108,400
2026-04-03 14:27:59 | DEBUG    | [20250811] 1 trades, day P&L=$+21, equity=$108,421
2026-04-03 14:27:59 | DEBUG    | [20250930] 1 trades, day P&L=$+21, equity=$108,442
2026-04-03 14:27:59 | DEBUG    | [20251010] 1 trades, day P&L=$+756, equity=$109,198
2026-04-03 14:27:59 | DEBUG    | [20251031] 1 trades, day P&L=$+56, equity=$109,254
2026-04-03 14:28:00 | DEBUG    | [20251107] 1 trades, day P&L=$+21, equity=$109,275
2026-04-03 14:28:00 | DEBUG    | [20251117] 1 trades, day P&L=$+91, equity=$109,366
2026-04-03 14:28:00 | DEBUG    | [20251118] 2 trades, day P&L=$+112, equity=$109,478
2026-04-03 14:28:00 | DEBUG    | [20260120] 1 trades, day P&L=$+21, equity=$109,499
2026-04-03 14:28:00 | DEBUG    | [20260130] 2 trades, day P&L=$+147, equity=$109,646
2026-04-03 14:28:00 | DEBUG    | [20260206] 1 trades, day P&L=$+91, equity=$109,737
2026-04-03 14:28:00 | DEBUG    | [20260227] 2 trades, day P&L=$+112, equity=$109,849
2026-04-03 14:28:00 | DEBUG    | [20260302] 1 trades, day P&L=$+56, equity=$109,905
2026-04-03 14:28:00 | DEBUG    | [20260303] 1 trades, day P&L=$+91, equity=$109,996
2026-04-03 14:28:00 | DEBUG    | [20260306] 1 trades, day P&L=$+161, equity=$110,157
2026-04-03 14:28:00 | DEBUG    | [20260320] 1 trades, day P&L=$+91, equity=$110,248
2026-04-03 14:28:00 | INFO     | ============================================================
2026-04-03 14:28:00 | INFO     | SKIP REASONS:
2026-04-03 14:28:00 | INFO     |   dow_filter          : 236
2026-04-03 14:28:00 | INFO     |   early_close         : 6
2026-04-03 14:28:00 | INFO     |   no_quotes           : 7
2026-04-03 14:28:00 | INFO     |   prior_return        : 74
2026-04-03 14:28:00 | INFO     |   vix_filter          : 423
2026-04-03 14:28:00 | INFO     |   TOTAL TRADES        : 98
2026-04-03 14:28:00 | INFO     | ============================================================
2026-04-03 14:28:00 | DEBUG    | [20220121] 1 trades, day P&L=$+140, equity=$100,140
2026-04-03 14:28:00 | DEBUG    | [20220128] 2 trades, day P&L=$+155, equity=$100,295
2026-04-03 14:28:00 | DEBUG    | [20220222] 2 trades, day P&L=$+105, equity=$100,400
2026-04-03 14:28:00 | DEBUG    | [20220225] 2 trades, day P&L=$+30, equity=$100,430
2026-04-03 14:28:00 | DEBUG    | [20220304] 1 trades, day P&L=$+90, equity=$100,520
2026-04-03 14:28:00 | DEBUG    | [20220307] 1 trades, day P&L=$+65, equity=$100,585
2026-04-03 14:28:00 | DEBUG    | [20220311] 1 trades, day P&L=$+40, equity=$100,625
2026-04-03 14:28:00 | DEBUG    | [20220318] 1 trades, day P&L=$+15, equity=$100,640
2026-04-03 14:28:00 | DEBUG    | [20220426] 1 trades, day P&L=$+90, equity=$100,730
2026-04-03 14:28:00 | DEBUG    | [20220509] 2 trades, day P&L=$+255, equity=$100,985
2026-04-03 14:28:00 | DEBUG    | [20220513] 1 trades, day P&L=$+40, equity=$101,025
2026-04-03 14:28:00 | DEBUG    | [20220520] 2 trades, day P&L=$+155, equity=$101,180
2026-04-03 14:28:00 | DEBUG    | [20220624] 1 trades, day P&L=$+15, equity=$101,195
2026-04-03 14:28:00 | DEBUG    | [20220902] 1 trades, day P&L=$+15, equity=$101,210
2026-04-03 14:28:00 | DEBUG    | [20220923] 1 trades, day P&L=$+65, equity=$101,275
2026-04-03 14:28:00 | DEBUG    | [20220927] 1 trades, day P&L=$+90, equity=$101,365
2026-04-03 14:28:00 | DEBUG    | [20221007] 1 trades, day P&L=$+15, equity=$101,380
2026-04-03 14:28:00 | DEBUG    | [20250415] 1 trades, day P&L=$+15, equity=$101,395
2026-04-03 14:28:00 | DEBUG    | [20250421] 1 trades, day P&L=$+40, equity=$101,435
2026-04-03 14:28:00 | DEBUG    | [20260309] 1 trades, day P&L=$+90, equity=$101,525
2026-04-03 14:28:00 | DEBUG    | [20260310] 2 trades, day P&L=$+55, equity=$101,580
2026-04-03 14:28:00 | INFO     | ============================================================
2026-04-03 14:28:00 | INFO     | SKIP REASONS:
2026-04-03 14:28:00 | INFO     |   dow_filter          : 40
2026-04-03 14:28:00 | INFO     |   early_close         : 6
2026-04-03 14:28:00 | INFO     |   no_quotes           : 4
2026-04-03 14:28:00 | INFO     |   prior_return        : 68
2026-04-03 14:28:00 | INFO     |   vix_filter          : 887
2026-04-03 14:28:00 | INFO     |   TOTAL TRADES        : 27
2026-04-03 14:28:00 | INFO     | ============================================================
2026-04-03 14:28:00 | INFO     | [ITER 229] vix_regime_switch → CREATIVE | P&L=$11,849, Sharpe=7.31, DD=$-1,456
2026-04-03 14:28:00 | DEBUG    | [20231229] 1 trades, day P&L=$+56, equity=$100,056
2026-04-03 14:28:01 | DEBUG    | [20240216] 1 trades, day P&L=$+56, equity=$100,112
2026-04-03 14:28:01 | DEBUG    | [20240308] 1 trades, day P&L=$+91, equity=$100,203
2026-04-03 14:28:01 | DEBUG    | [20240315] 1 trades, day P&L=$+56, equity=$100,259
2026-04-03 14:28:01 | DEBUG    | [20240412] 1 trades, day P&L=$+21, equity=$100,280
2026-04-03 14:28:01 | DEBUG    | [20240531] 1 trades, day P&L=$+56, equity=$100,336
2026-04-03 14:28:01 | DEBUG    | [20240604] 1 trades, day P&L=$+91, equity=$100,427
2026-04-03 14:28:01 | DEBUG    | [20240607] 1 trades, day P&L=$+21, equity=$100,448
2026-04-03 14:28:01 | DEBUG    | [20240621] 1 trades, day P&L=$+21, equity=$100,469
2026-04-03 14:28:01 | DEBUG    | [20240628] 1 trades, day P&L=$+406, equity=$100,875
2026-04-03 14:28:01 | DEBUG    | [20240701] 1 trades, day P&L=$+21, equity=$100,896
2026-04-03 14:28:01 | DEBUG    | [20240712] 1 trades, day P&L=$+56, equity=$100,952
2026-04-03 14:28:01 | DEBUG    | [20240715] 2 trades, day P&L=$+42, equity=$100,994
2026-04-03 14:28:01 | DEBUG    | [20240723] 1 trades, day P&L=$+21, equity=$101,015
2026-04-03 14:28:01 | DEBUG    | [20240820] 1 trades, day P&L=$+21, equity=$101,036
2026-04-03 14:28:01 | DEBUG    | [20240903] 1 trades, day P&L=$+266, equity=$101,302
2026-04-03 14:28:01 | DEBUG    | [20241115] 1 trades, day P&L=$+21, equity=$101,323
2026-04-03 14:28:01 | DEBUG    | [20241227] 1 trades, day P&L=$+56, equity=$101,379
2026-04-03 14:28:01 | INFO     | ============================================================
2026-04-03 14:28:01 | INFO     | SKIP REASONS:
2026-04-03 14:28:01 | INFO     |   dow_filter          : 92
2026-04-03 14:28:01 | INFO     |   early_close         : 4
2026-04-03 14:28:01 | INFO     |   prior_return        : 4
2026-04-03 14:28:01 | INFO     |   vix_filter          : 515
2026-04-03 14:28:01 | INFO     |   TOTAL TRADES        : 19
2026-04-03 14:28:01 | INFO     | ============================================================
2026-04-03 14:28:01 | DEBUG    | [20220110] 2 trades, day P&L=$+42, equity=$100,042
2026-04-03 14:28:01 | DEBUG    | [20220114] 1 trades, day P&L=$+91, equity=$100,133
2026-04-03 14:28:01 | DEBUG    | [20220118] 2 trades, day P&L=$+147, equity=$100,280
2026-04-03 14:28:01 | DEBUG    | [20220207] 2 trades, day P&L=$+252, equity=$100,532
2026-04-03 14:28:01 | DEBUG    | [20220408] 2 trades, day P&L=$+42, equity=$100,574
2026-04-03 14:28:01 | DEBUG    | [20220418] 1 trades, day P&L=$+21, equity=$100,595
2026-04-03 14:28:01 | DEBUG    | [20220422] 2 trades, day P&L=$+812, equity=$101,407
2026-04-03 14:28:01 | DEBUG    | [20220913] 2 trades, day P&L=$+77, equity=$101,484
2026-04-03 14:28:01 | DEBUG    | [20221115] 1 trades, day P&L=$+56, equity=$101,540
2026-04-03 14:28:01 | DEBUG    | [20221118] 1 trades, day P&L=$+21, equity=$101,561
2026-04-03 14:28:01 | DEBUG    | [20221209] 1 trades, day P&L=$+21, equity=$101,582
2026-04-03 14:28:01 | DEBUG    | [20221213] 1 trades, day P&L=$+21, equity=$101,603
2026-04-03 14:28:01 | DEBUG    | [20230203] 2 trades, day P&L=$+42, equity=$101,645
2026-04-03 14:28:01 | DEBUG    | [20230313] 1 trades, day P&L=$+126, equity=$101,771
2026-04-03 14:28:01 | DEBUG    | [20230331] 2 trades, day P&L=$+77, equity=$101,848
2026-04-03 14:28:02 | DEBUG    | [20230707] 1 trades, day P&L=$+56, equity=$101,904
2026-04-03 14:28:02 | DEBUG    | [20230825] 1 trades, day P&L=$+21, equity=$101,925
2026-04-03 14:28:02 | DEBUG    | [20230929] 1 trades, day P&L=$+56, equity=$101,981
2026-04-03 14:28:02 | DEBUG    | [20240415] 1 trades, day P&L=$+21, equity=$102,002
2026-04-03 14:28:02 | DEBUG    | [20240416] 2 trades, day P&L=$+112, equity=$102,114
2026-04-03 14:28:02 | DEBUG    | [20240419] 1 trades, day P&L=$+21, equity=$102,135
2026-04-03 14:28:02 | DEBUG    | [20240422] 1 trades, day P&L=$+21, equity=$102,156
2026-04-03 14:28:02 | DEBUG    | [20240719] 1 trades, day P&L=$+56, equity=$102,212
2026-04-03 14:28:02 | DEBUG    | [20240726] 2 trades, day P&L=$+497, equity=$102,709
2026-04-03 14:28:02 | DEBUG    | [20240729] 1 trades, day P&L=$+21, equity=$102,730
2026-04-03 14:28:02 | DEBUG    | [20240730] 1 trades, day P&L=$+56, equity=$102,786
2026-04-03 14:28:02 | DEBUG    | [20240802] 1 trades, day P&L=$+301, equity=$103,087
2026-04-03 14:28:02 | DEBUG    | [20240812] 2 trades, day P&L=$+217, equity=$103,304
2026-04-03 14:28:02 | DEBUG    | [20240813] 1 trades, day P&L=$+21, equity=$103,325
2026-04-03 14:28:02 | DEBUG    | [20240823] 1 trades, day P&L=$+21, equity=$103,346
2026-04-03 14:28:02 | DEBUG    | [20240830] 1 trades, day P&L=$+56, equity=$103,402
2026-04-03 14:28:02 | DEBUG    | [20240903] 1 trades, day P&L=$+301, equity=$103,703
2026-04-03 14:28:02 | DEBUG    | [20240906] 1 trades, day P&L=$+161, equity=$103,864
2026-04-03 14:28:02 | DEBUG    | [20240913] 1 trades, day P&L=$+21, equity=$103,885
2026-04-03 14:28:02 | DEBUG    | [20240930] 1 trades, day P&L=$+336, equity=$104,221
2026-04-03 14:28:02 | DEBUG    | [20241001] 1 trades, day P&L=$+126, equity=$104,347
2026-04-03 14:28:02 | DEBUG    | [20241025] 1 trades, day P&L=$+21, equity=$104,368
2026-04-03 14:28:02 | DEBUG    | [20241104] 1 trades, day P&L=$+21, equity=$104,389
2026-04-03 14:28:02 | DEBUG    | [20241220] 1 trades, day P&L=$+336, equity=$104,725
2026-04-03 14:28:02 | DEBUG    | [20241230] 2 trades, day P&L=$+147, equity=$104,872
2026-04-03 14:28:02 | DEBUG    | [20241231] 1 trades, day P&L=$+336, equity=$105,208
2026-04-03 14:28:02 | INFO     | ============================================================
2026-04-03 14:28:02 | INFO     | SKIP REASONS:
2026-04-03 14:28:02 | INFO     |   dow_filter          : 133
2026-04-03 14:28:02 | INFO     |   early_close         : 4
2026-04-03 14:28:02 | INFO     |   no_quotes           : 7
2026-04-03 14:28:02 | INFO     |   prior_return        : 52
2026-04-03 14:28:02 | INFO     |   vix_filter          : 369
2026-04-03 14:28:02 | INFO     |   TOTAL TRADES        : 53
2026-04-03 14:28:02 | INFO     | ============================================================
2026-04-03 14:28:02 | DEBUG    | [20220121] 1 trades, day P&L=$+140, equity=$100,140
2026-04-03 14:28:02 | DEBUG    | [20220128] 2 trades, day P&L=$+155, equity=$100,295
2026-04-03 14:28:02 | DEBUG    | [20220222] 2 trades, day P&L=$+105, equity=$100,400
2026-04-03 14:28:02 | DEBUG    | [20220225] 2 trades, day P&L=$+30, equity=$100,430
2026-04-03 14:28:02 | DEBUG    | [20220304] 1 trades, day P&L=$+90, equity=$100,520
2026-04-03 14:28:02 | DEBUG    | [20220307] 1 trades, day P&L=$+65, equity=$100,585
2026-04-03 14:28:02 | DEBUG    | [20220311] 1 trades, day P&L=$+40, equity=$100,625
2026-04-03 14:28:02 | DEBUG    | [20220318] 1 trades, day P&L=$+15, equity=$100,640
2026-04-03 14:28:02 | DEBUG    | [20220426] 1 trades, day P&L=$+90, equity=$100,730
2026-04-03 14:28:02 | DEBUG    | [20220509] 2 trades, day P&L=$+255, equity=$100,985
2026-04-03 14:28:02 | DEBUG    | [20220513] 1 trades, day P&L=$+40, equity=$101,025
2026-04-03 14:28:02 | DEBUG    | [20220520] 2 trades, day P&L=$+155, equity=$101,180
2026-04-03 14:28:02 | DEBUG    | [20220624] 1 trades, day P&L=$+15, equity=$101,195
2026-04-03 14:28:02 | DEBUG    | [20220902] 1 trades, day P&L=$+15, equity=$101,210
2026-04-03 14:28:02 | DEBUG    | [20220923] 1 trades, day P&L=$+65, equity=$101,275
2026-04-03 14:28:02 | DEBUG    | [20220927] 1 trades, day P&L=$+90, equity=$101,365
2026-04-03 14:28:02 | DEBUG    | [20221007] 1 trades, day P&L=$+15, equity=$101,380
2026-04-03 14:28:02 | INFO     | ============================================================
2026-04-03 14:28:02 | INFO     | SKIP REASONS:
2026-04-03 14:28:02 | INFO     |   dow_filter          : 36
2026-04-03 14:28:02 | INFO     |   early_close         : 4
2026-04-03 14:28:02 | INFO     |   no_quotes           : 4
2026-04-03 14:28:02 | INFO     |   prior_return        : 53
2026-04-03 14:28:02 | INFO     |   vix_filter          : 610
2026-04-03 14:28:02 | INFO     |   TOTAL TRADES        : 22
2026-04-03 14:28:02 | INFO     | ============================================================
2026-04-03 14:28:02 | DEBUG    | [20250127] 1 trades, day P&L=$-1456, equity=$98,544
2026-04-03 14:28:02 | DEBUG    | [20250815] 1 trades, day P&L=$+21, equity=$98,565
2026-04-03 14:28:02 | DEBUG    | [20250829] 1 trades, day P&L=$+56, equity=$98,621
2026-04-03 14:28:02 | DEBUG    | [20260102] 1 trades, day P&L=$+21, equity=$98,642
2026-04-03 14:28:02 | INFO     | ============================================================
2026-04-03 14:28:02 | INFO     | SKIP REASONS:
2026-04-03 14:28:02 | INFO     |   dow_filter          : 6
2026-04-03 14:28:02 | INFO     |   early_close         : 2
2026-04-03 14:28:02 | INFO     |   prior_return        : 1
2026-04-03 14:28:02 | INFO     |   vix_filter          : 279
2026-04-03 14:28:02 | INFO     |   TOTAL TRADES        : 4
2026-04-03 14:28:02 | INFO     | ============================================================
2026-04-03 14:28:02 | DEBUG    | [20250107] 1 trades, day P&L=$+126, equity=$100,126
2026-04-03 14:28:02 | DEBUG    | [20250110] 1 trades, day P&L=$+21, equity=$100,147
2026-04-03 14:28:03 | DEBUG    | [20250131] 1 trades, day P&L=$+371, equity=$100,518
2026-04-03 14:28:03 | DEBUG    | [20250203] 1 trades, day P&L=$+126, equity=$100,644
2026-04-03 14:28:03 | DEBUG    | [20250207] 1 trades, day P&L=$+21, equity=$100,665
2026-04-03 14:28:03 | DEBUG    | [20250221] 1 trades, day P&L=$+21, equity=$100,686
2026-04-03 14:28:03 | DEBUG    | [20250225] 1 trades, day P&L=$+126, equity=$100,812
2026-04-03 14:28:03 | DEBUG    | [20250310] 1 trades, day P&L=$+581, equity=$101,393
2026-04-03 14:28:03 | DEBUG    | [20250314] 1 trades, day P&L=$+126, equity=$101,519
2026-04-03 14:28:03 | DEBUG    | [20250318] 1 trades, day P&L=$+21, equity=$101,540
2026-04-03 14:28:03 | DEBUG    | [20250321] 1 trades, day P&L=$+21, equity=$101,561
2026-04-03 14:28:03 | DEBUG    | [20250328] 1 trades, day P&L=$+21, equity=$101,582
2026-04-03 14:28:03 | DEBUG    | [20250401] 1 trades, day P&L=$+21, equity=$101,603
2026-04-03 14:28:03 | DEBUG    | [20250428] 2 trades, day P&L=$+147, equity=$101,750
2026-04-03 14:28:03 | DEBUG    | [20250502] 1 trades, day P&L=$+21, equity=$101,771
2026-04-03 14:28:03 | DEBUG    | [20250505] 1 trades, day P&L=$+56, equity=$101,827
2026-04-03 14:28:03 | DEBUG    | [20250506] 1 trades, day P&L=$+91, equity=$101,918
2026-04-03 14:28:03 | DEBUG    | [20250509] 1 trades, day P&L=$+21, equity=$101,939
2026-04-03 14:28:03 | DEBUG    | [20250512] 1 trades, day P&L=$+91, equity=$102,030
2026-04-03 14:28:03 | DEBUG    | [20250523] 1 trades, day P&L=$+161, equity=$102,191
2026-04-03 14:28:03 | DEBUG    | [20250530] 2 trades, day P&L=$+847, equity=$103,038
2026-04-03 14:28:03 | DEBUG    | [20250613] 1 trades, day P&L=$+91, equity=$103,129
2026-04-03 14:28:03 | DEBUG    | [20250623] 1 trades, day P&L=$+21, equity=$103,150
2026-04-03 14:28:03 | DEBUG    | [20250630] 1 trades, day P&L=$+21, equity=$103,171
2026-04-03 14:28:03 | DEBUG    | [20250801] 1 trades, day P&L=$+21, equity=$103,192
2026-04-03 14:28:03 | DEBUG    | [20250811] 1 trades, day P&L=$+21, equity=$103,213
2026-04-03 14:28:03 | DEBUG    | [20250930] 1 trades, day P&L=$+21, equity=$103,234
2026-04-03 14:28:03 | DEBUG    | [20251010] 1 trades, day P&L=$+756, equity=$103,990
2026-04-03 14:28:03 | DEBUG    | [20251031] 1 trades, day P&L=$+56, equity=$104,046
2026-04-03 14:28:03 | DEBUG    | [20251107] 1 trades, day P&L=$+21, equity=$104,067
2026-04-03 14:28:03 | DEBUG    | [20251117] 1 trades, day P&L=$+91, equity=$104,158
2026-04-03 14:28:03 | DEBUG    | [20251118] 2 trades, day P&L=$+112, equity=$104,270
2026-04-03 14:28:03 | DEBUG    | [20260120] 1 trades, day P&L=$+21, equity=$104,291
2026-04-03 14:28:03 | DEBUG    | [20260130] 2 trades, day P&L=$+147, equity=$104,438
2026-04-03 14:28:03 | DEBUG    | [20260206] 1 trades, day P&L=$+91, equity=$104,529
2026-04-03 14:28:03 | DEBUG    | [20260227] 2 trades, day P&L=$+112, equity=$104,641
2026-04-03 14:28:03 | DEBUG    | [20260302] 1 trades, day P&L=$+56, equity=$104,697
2026-04-03 14:28:03 | DEBUG    | [20260303] 1 trades, day P&L=$+91, equity=$104,788
2026-04-03 14:28:03 | DEBUG    | [20260306] 1 trades, day P&L=$+161, equity=$104,949
2026-04-03 14:28:03 | DEBUG    | [20260320] 1 trades, day P&L=$+91, equity=$105,040
2026-04-03 14:28:03 | INFO     | ============================================================
2026-04-03 14:28:03 | INFO     | SKIP REASONS:
2026-04-03 14:28:03 | INFO     |   dow_filter          : 103
2026-04-03 14:28:03 | INFO     |   early_close         : 2
2026-04-03 14:28:03 | INFO     |   prior_return        : 22
2026-04-03 14:28:03 | INFO     |   vix_filter          : 54
2026-04-03 14:28:03 | INFO     |   TOTAL TRADES        : 45
2026-04-03 14:28:03 | INFO     | ============================================================
2026-04-03 14:28:03 | DEBUG    | [20250415] 1 trades, day P&L=$+15, equity=$100,015
2026-04-03 14:28:03 | DEBUG    | [20250421] 1 trades, day P&L=$+40, equity=$100,055
2026-04-03 14:28:03 | DEBUG    | [20260309] 1 trades, day P&L=$+90, equity=$100,145
2026-04-03 14:28:03 | DEBUG    | [20260310] 2 trades, day P&L=$+55, equity=$100,200
2026-04-03 14:28:03 | INFO     | ============================================================
2026-04-03 14:28:03 | INFO     | SKIP REASONS:
2026-04-03 14:28:03 | INFO     |   dow_filter          : 4
2026-04-03 14:28:03 | INFO     |   early_close         : 2
2026-04-03 14:28:03 | INFO     |   prior_return        : 15
2026-04-03 14:28:03 | INFO     |   vix_filter          : 277
2026-04-03 14:28:03 | INFO     |   TOTAL TRADES        : 5
2026-04-03 14:28:03 | INFO     | ============================================================
