2026-04-03 14:12:39 | INFO     | Log file: /Users/jeerapongwongchote/Documents/thetadata/apex/logs/apex_run_20260403_141238.log
2026-04-03 14:12:44 | INFO     | Built daily indicators: 1065 dates (20220103 → 20260401)
2026-04-03 14:12:44 | DEBUG    | [20220110] 2 trades, day P&L=$+45, equity=$100,045
2026-04-03 14:12:44 | DEBUG    | [20220114] 1 trades, day P&L=$+130, equity=$100,175
2026-04-03 14:12:44 | DEBUG    | [20220118] 2 trades, day P&L=$+145, equity=$100,320
2026-04-03 14:12:44 | DEBUG    | [20220121] 2 trades, day P&L=$+495, equity=$100,815
2026-04-03 14:12:44 | DEBUG    | [20220128] 2 trades, day P&L=$+395, equity=$101,210
2026-04-03 14:12:44 | DEBUG    | [20220207] 2 trades, day P&L=$+295, equity=$101,505
2026-04-03 14:12:44 | DEBUG    | [20220222] 2 trades, day P&L=$+545, equity=$102,050
2026-04-03 14:12:44 | DEBUG    | [20220225] 2 trades, day P&L=$+145, equity=$102,195
2026-04-03 14:12:44 | DEBUG    | [20220304] 2 trades, day P&L=$+195, equity=$102,390
2026-04-03 14:12:44 | DEBUG    | [20220307] 2 trades, day P&L=$+270, equity=$102,660
2026-04-03 14:12:44 | DEBUG    | [20220311] 2 trades, day P&L=$+395, equity=$103,055
2026-04-03 14:12:44 | DEBUG    | [20220314] 2 trades, day P&L=$+220, equity=$103,275
2026-04-03 14:12:44 | DEBUG    | [20220318] 1 trades, day P&L=$+30, equity=$103,305
2026-04-03 14:12:44 | DEBUG    | [20220331] 2 trades, day P&L=$+845, equity=$104,150
2026-04-03 14:12:44 | DEBUG    | [20220408] 2 trades, day P&L=$+45, equity=$104,195
2026-04-03 14:12:44 | DEBUG    | [20220414] 1 trades, day P&L=$+30, equity=$104,225
2026-04-03 14:12:44 | DEBUG    | [20220418] 1 trades, day P&L=$+30, equity=$104,255
2026-04-03 14:12:44 | DEBUG    | [20220422] 2 trades, day P&L=$+895, equity=$105,150
2026-04-03 14:12:44 | DEBUG    | [20220426] 2 trades, day P&L=$+370, equity=$105,520
2026-04-03 14:12:44 | DEBUG    | [20220503] 1 trades, day P&L=$+130, equity=$105,650
2026-04-03 14:12:44 | DEBUG    | [20220520] 2 trades, day P&L=$+370, equity=$106,020
2026-04-03 14:12:44 | DEBUG    | [20220526] 1 trades, day P&L=$+80, equity=$106,100
2026-04-03 14:12:44 | DEBUG    | [20220602] 1 trades, day P&L=$+30, equity=$106,130
2026-04-03 14:12:44 | DEBUG    | [20220609] 1 trades, day P&L=$+30, equity=$106,160
2026-04-03 14:12:44 | DEBUG    | [20220623] 1 trades, day P&L=$+30, equity=$106,190
2026-04-03 14:12:44 | DEBUG    | [20220624] 1 trades, day P&L=$+30, equity=$106,220
2026-04-03 14:12:44 | DEBUG    | [20220628] 1 trades, day P&L=$+30, equity=$106,250
2026-04-03 14:12:44 | DEBUG    | [20220707] 1 trades, day P&L=$+30, equity=$106,280
2026-04-03 14:12:44 | DEBUG    | [20220915] 2 trades, day P&L=$+220, equity=$106,500
2026-04-03 14:12:44 | DEBUG    | [20220916] 2 trades, day P&L=$+145, equity=$106,645
2026-04-03 14:12:44 | DEBUG    | [20221003] 1 trades, day P&L=$+30, equity=$106,675
2026-04-03 14:12:44 | DEBUG    | [20221006] 1 trades, day P&L=$+130, equity=$106,805
2026-04-03 14:12:44 | DEBUG    | [20221011] 1 trades, day P&L=$+30, equity=$106,835
2026-04-03 14:12:44 | DEBUG    | [20221020] 2 trades, day P&L=$+45, equity=$106,880
2026-04-03 14:12:44 | DEBUG    | [20221021] 1 trades, day P&L=$+30, equity=$106,910
2026-04-03 14:12:44 | DEBUG    | [20221118] 1 trades, day P&L=$+30, equity=$106,940
2026-04-03 14:12:44 | DEBUG    | [20221209] 1 trades, day P&L=$+30, equity=$106,970
2026-04-03 14:12:45 | DEBUG    | [20230309] 2 trades, day P&L=$+145, equity=$107,115
2026-04-03 14:12:45 | DEBUG    | [20230313] 1 trades, day P&L=$+180, equity=$107,295
2026-04-03 14:12:45 | DEBUG    | [20230316] 2 trades, day P&L=$+95, equity=$107,390
2026-04-03 14:12:45 | DEBUG    | [20230331] 2 trades, day P&L=$+95, equity=$107,485
2026-04-03 14:12:45 | DEBUG    | [20230707] 1 trades, day P&L=$+80, equity=$107,565
2026-04-03 14:12:45 | DEBUG    | [20230825] 1 trades, day P&L=$+30, equity=$107,595
2026-04-03 14:12:45 | DEBUG    | [20230929] 1 trades, day P&L=$+80, equity=$107,675
2026-04-03 14:12:45 | DEBUG    | [20231019] 1 trades, day P&L=$+30, equity=$107,705
2026-04-03 14:12:46 | DEBUG    | [20240216] 1 trades, day P&L=$+30, equity=$107,735
2026-04-03 14:12:46 | DEBUG    | [20240328] 1 trades, day P&L=$+80, equity=$107,815
2026-04-03 14:12:46 | DEBUG    | [20240404] 1 trades, day P&L=$+80, equity=$107,895
2026-04-03 14:12:46 | DEBUG    | [20240412] 1 trades, day P&L=$+30, equity=$107,925
2026-04-03 14:12:46 | DEBUG    | [20240415] 1 trades, day P&L=$+30, equity=$107,955
2026-04-03 14:12:46 | DEBUG    | [20240416] 2 trades, day P&L=$+145, equity=$108,100
2026-04-03 14:12:46 | DEBUG    | [20240418] 1 trades, day P&L=$+30, equity=$108,130
2026-04-03 14:12:46 | DEBUG    | [20240419] 1 trades, day P&L=$+30, equity=$108,160
2026-04-03 14:12:46 | DEBUG    | [20240422] 1 trades, day P&L=$+30, equity=$108,190
2026-04-03 14:12:46 | DEBUG    | [20240531] 1 trades, day P&L=$+80, equity=$108,270
2026-04-03 14:12:46 | DEBUG    | [20240607] 1 trades, day P&L=$+30, equity=$108,300
2026-04-03 14:12:46 | DEBUG    | [20240627] 1 trades, day P&L=$+30, equity=$108,330
2026-04-03 14:12:46 | DEBUG    | [20240628] 1 trades, day P&L=$+230, equity=$108,560
2026-04-03 14:12:46 | DEBUG    | [20240712] 1 trades, day P&L=$+80, equity=$108,640
2026-04-03 14:12:46 | DEBUG    | [20240715] 1 trades, day P&L=$+30, equity=$108,670
2026-04-03 14:12:46 | DEBUG    | [20240718] 1 trades, day P&L=$+230, equity=$108,900
2026-04-03 14:12:46 | DEBUG    | [20240719] 1 trades, day P&L=$+80, equity=$108,980
2026-04-03 14:12:46 | DEBUG    | [20240726] 2 trades, day P&L=$+570, equity=$109,550
2026-04-03 14:12:46 | DEBUG    | [20240729] 1 trades, day P&L=$+30, equity=$109,580
2026-04-03 14:12:46 | DEBUG    | [20240730] 1 trades, day P&L=$+80, equity=$109,660
2026-04-03 14:12:46 | DEBUG    | [20240812] 2 trades, day P&L=$+270, equity=$109,930
2026-04-03 14:12:46 | DEBUG    | [20240813] 1 trades, day P&L=$+30, equity=$109,960
2026-04-03 14:12:46 | DEBUG    | [20240820] 1 trades, day P&L=$+30, equity=$109,990
2026-04-03 14:12:46 | DEBUG    | [20240823] 1 trades, day P&L=$+30, equity=$110,020
2026-04-03 14:12:46 | DEBUG    | [20240829] 1 trades, day P&L=$+230, equity=$110,250
2026-04-03 14:12:46 | DEBUG    | [20240830] 1 trades, day P&L=$+80, equity=$110,330
2026-04-03 14:12:46 | DEBUG    | [20240903] 1 trades, day P&L=$+430, equity=$110,760
2026-04-03 14:12:46 | DEBUG    | [20240905] 1 trades, day P&L=$+30, equity=$110,790
2026-04-03 14:12:47 | DEBUG    | [20240906] 1 trades, day P&L=$+230, equity=$111,020
2026-04-03 14:12:47 | DEBUG    | [20240913] 1 trades, day P&L=$+30, equity=$111,050
2026-04-03 14:12:47 | DEBUG    | [20240930] 1 trades, day P&L=$+480, equity=$111,530
2026-04-03 14:12:47 | DEBUG    | [20241001] 1 trades, day P&L=$+180, equity=$111,710
2026-04-03 14:12:47 | DEBUG    | [20241010] 1 trades, day P&L=$+30, equity=$111,740
2026-04-03 14:12:47 | DEBUG    | [20241025] 1 trades, day P&L=$+30, equity=$111,770
2026-04-03 14:12:47 | DEBUG    | [20241031] 1 trades, day P&L=$+30, equity=$111,800
2026-04-03 14:12:47 | DEBUG    | [20241104] 1 trades, day P&L=$+30, equity=$111,830
2026-04-03 14:12:47 | DEBUG    | [20241115] 1 trades, day P&L=$+30, equity=$111,860
2026-04-03 14:12:47 | DEBUG    | [20241220] 1 trades, day P&L=$+480, equity=$112,340
2026-04-03 14:12:47 | DEBUG    | [20241227] 1 trades, day P&L=$+80, equity=$112,420
2026-04-03 14:12:47 | DEBUG    | [20241231] 1 trades, day P&L=$+480, equity=$112,900
2026-04-03 14:12:47 | DEBUG    | [20250102] 1 trades, day P&L=$+230, equity=$113,130
2026-04-03 14:12:47 | DEBUG    | [20250107] 1 trades, day P&L=$+180, equity=$113,310
2026-04-03 14:12:47 | DEBUG    | [20250110] 1 trades, day P&L=$+30, equity=$113,340
2026-04-03 14:12:47 | DEBUG    | [20250131] 1 trades, day P&L=$+530, equity=$113,870
2026-04-03 14:12:47 | DEBUG    | [20250207] 1 trades, day P&L=$+30, equity=$113,900
2026-04-03 14:12:47 | DEBUG    | [20250221] 1 trades, day P&L=$+30, equity=$113,930
2026-04-03 14:12:47 | DEBUG    | [20250225] 1 trades, day P&L=$+180, equity=$114,110
2026-04-03 14:12:47 | DEBUG    | [20250227] 1 trades, day P&L=$+180, equity=$114,290
2026-04-03 14:12:47 | DEBUG    | [20250313] 1 trades, day P&L=$+80, equity=$114,370
2026-04-03 14:12:47 | DEBUG    | [20250318] 1 trades, day P&L=$+30, equity=$114,400
2026-04-03 14:12:47 | DEBUG    | [20250321] 1 trades, day P&L=$+30, equity=$114,430
2026-04-03 14:12:47 | DEBUG    | [20250327] 2 trades, day P&L=$+45, equity=$114,475
2026-04-03 14:12:47 | DEBUG    | [20250328] 1 trades, day P&L=$+30, equity=$114,505
2026-04-03 14:12:47 | DEBUG    | [20250401] 1 trades, day P&L=$+30, equity=$114,535
2026-04-03 14:12:47 | DEBUG    | [20250415] 2 trades, day P&L=$+70, equity=$114,605
2026-04-03 14:12:47 | DEBUG    | [20250428] 2 trades, day P&L=$+120, equity=$114,725
2026-04-03 14:12:47 | DEBUG    | [20250505] 1 trades, day P&L=$+80, equity=$114,805
2026-04-03 14:12:47 | DEBUG    | [20250508] 2 trades, day P&L=$+470, equity=$115,275
2026-04-03 14:12:47 | DEBUG    | [20250509] 1 trades, day P&L=$+30, equity=$115,305
2026-04-03 14:12:47 | DEBUG    | [20250530] 2 trades, day P&L=$+870, equity=$116,175
2026-04-03 14:12:47 | DEBUG    | [20250605] 1 trades, day P&L=$+130, equity=$116,305
2026-04-03 14:12:47 | DEBUG    | [20250623] 1 trades, day P&L=$+30, equity=$116,335
2026-04-03 14:12:47 | DEBUG    | [20250630] 1 trades, day P&L=$+30, equity=$116,365
2026-04-03 14:12:47 | DEBUG    | [20250811] 1 trades, day P&L=$+30, equity=$116,395
2026-04-03 14:12:47 | DEBUG    | [20250930] 1 trades, day P&L=$+30, equity=$116,425
2026-04-03 14:12:47 | DEBUG    | [20251010] 1 trades, day P&L=$+1080, equity=$117,505
2026-04-03 14:12:47 | DEBUG    | [20251016] 1 trades, day P&L=$+230, equity=$117,735
2026-04-03 14:12:48 | DEBUG    | [20251106] 1 trades, day P&L=$+80, equity=$117,815
2026-04-03 14:12:48 | DEBUG    | [20251107] 1 trades, day P&L=$+30, equity=$117,845
2026-04-03 14:12:48 | DEBUG    | [20251113] 1 trades, day P&L=$+130, equity=$117,975
2026-04-03 14:12:48 | DEBUG    | [20251117] 1 trades, day P&L=$+130, equity=$118,105
2026-04-03 14:12:48 | DEBUG    | [20251118] 2 trades, day P&L=$+145, equity=$118,250
2026-04-03 14:12:48 | DEBUG    | [20260130] 2 trades, day P&L=$+145, equity=$118,395
2026-04-03 14:12:48 | DEBUG    | [20260205] 1 trades, day P&L=$+230, equity=$118,625
2026-04-03 14:12:48 | DEBUG    | [20260206] 1 trades, day P&L=$+130, equity=$118,755
2026-04-03 14:12:48 | DEBUG    | [20260212] 1 trades, day P&L=$+180, equity=$118,935
2026-04-03 14:12:48 | DEBUG    | [20260305] 1 trades, day P&L=$+130, equity=$119,065
2026-04-03 14:12:48 | DEBUG    | [20260309] 1 trades, day P&L=$+130, equity=$119,195
2026-04-03 14:12:48 | DEBUG    | [20260310] 2 trades, day P&L=$+120, equity=$119,315
2026-04-03 14:12:48 | DEBUG    | [20260320] 1 trades, day P&L=$+130, equity=$119,445
2026-04-03 14:12:48 | DEBUG    | [20260324] 1 trades, day P&L=$+30, equity=$119,475
2026-04-03 14:12:48 | INFO     | ============================================================
2026-04-03 14:12:48 | INFO     | SKIP REASONS:
2026-04-03 14:12:48 | INFO     |   dow_filter          : 172
2026-04-03 14:12:48 | INFO     |   early_close         : 6
2026-04-03 14:12:48 | INFO     |   gap_filter          : 105
2026-04-03 14:12:48 | INFO     |   no_quotes           : 16
2026-04-03 14:12:48 | INFO     |   prior_return        : 147
2026-04-03 14:12:48 | INFO     |   TOTAL TRADES        : 159
2026-04-03 14:12:48 | INFO     | ============================================================
2026-04-03 14:12:48 | DEBUG    | [20220110] 2 trades, day P&L=$+45, equity=$100,045
2026-04-03 14:12:48 | DEBUG    | [20220114] 1 trades, day P&L=$+130, equity=$100,175
2026-04-03 14:12:48 | DEBUG    | [20220118] 2 trades, day P&L=$+145, equity=$100,320
2026-04-03 14:12:48 | DEBUG    | [20220121] 2 trades, day P&L=$+495, equity=$100,815
2026-04-03 14:12:48 | DEBUG    | [20220128] 2 trades, day P&L=$+395, equity=$101,210
2026-04-03 14:12:48 | DEBUG    | [20220207] 2 trades, day P&L=$+295, equity=$101,505
2026-04-03 14:12:48 | DEBUG    | [20220222] 2 trades, day P&L=$+545, equity=$102,050
2026-04-03 14:12:48 | DEBUG    | [20220225] 2 trades, day P&L=$+145, equity=$102,195
2026-04-03 14:12:48 | DEBUG    | [20220304] 2 trades, day P&L=$+195, equity=$102,390
2026-04-03 14:12:48 | DEBUG    | [20220307] 2 trades, day P&L=$+270, equity=$102,660
2026-04-03 14:12:48 | DEBUG    | [20220311] 2 trades, day P&L=$+395, equity=$103,055
2026-04-03 14:12:48 | DEBUG    | [20220314] 2 trades, day P&L=$+220, equity=$103,275
2026-04-03 14:12:48 | DEBUG    | [20220318] 1 trades, day P&L=$+30, equity=$103,305
2026-04-03 14:12:48 | DEBUG    | [20220331] 2 trades, day P&L=$+845, equity=$104,150
2026-04-03 14:12:48 | DEBUG    | [20220408] 2 trades, day P&L=$+45, equity=$104,195
2026-04-03 14:12:48 | DEBUG    | [20220414] 1 trades, day P&L=$+30, equity=$104,225
2026-04-03 14:12:48 | DEBUG    | [20220418] 1 trades, day P&L=$+30, equity=$104,255
2026-04-03 14:12:48 | DEBUG    | [20220422] 2 trades, day P&L=$+895, equity=$105,150
2026-04-03 14:12:48 | DEBUG    | [20220426] 2 trades, day P&L=$+370, equity=$105,520
2026-04-03 14:12:48 | DEBUG    | [20220503] 1 trades, day P&L=$+130, equity=$105,650
2026-04-03 14:12:48 | DEBUG    | [20220520] 2 trades, day P&L=$+370, equity=$106,020
2026-04-03 14:12:48 | DEBUG    | [20220526] 1 trades, day P&L=$+80, equity=$106,100
2026-04-03 14:12:48 | DEBUG    | [20220602] 1 trades, day P&L=$+30, equity=$106,130
2026-04-03 14:12:48 | DEBUG    | [20220609] 1 trades, day P&L=$+30, equity=$106,160
2026-04-03 14:12:48 | DEBUG    | [20220623] 1 trades, day P&L=$+30, equity=$106,190
2026-04-03 14:12:48 | DEBUG    | [20220624] 1 trades, day P&L=$+30, equity=$106,220
2026-04-03 14:12:48 | DEBUG    | [20220628] 1 trades, day P&L=$+30, equity=$106,250
2026-04-03 14:12:48 | DEBUG    | [20220707] 1 trades, day P&L=$+30, equity=$106,280
2026-04-03 14:12:48 | DEBUG    | [20220915] 2 trades, day P&L=$+220, equity=$106,500
2026-04-03 14:12:48 | DEBUG    | [20220916] 2 trades, day P&L=$+145, equity=$106,645
2026-04-03 14:12:48 | DEBUG    | [20221003] 1 trades, day P&L=$+30, equity=$106,675
2026-04-03 14:12:48 | DEBUG    | [20221006] 1 trades, day P&L=$+130, equity=$106,805
2026-04-03 14:12:48 | DEBUG    | [20221011] 1 trades, day P&L=$+30, equity=$106,835
2026-04-03 14:12:48 | DEBUG    | [20221020] 2 trades, day P&L=$+45, equity=$106,880
2026-04-03 14:12:48 | DEBUG    | [20221021] 1 trades, day P&L=$+30, equity=$106,910
2026-04-03 14:12:48 | DEBUG    | [20221118] 1 trades, day P&L=$+30, equity=$106,940
2026-04-03 14:12:48 | DEBUG    | [20221209] 1 trades, day P&L=$+30, equity=$106,970
2026-04-03 14:12:49 | DEBUG    | [20230309] 2 trades, day P&L=$+145, equity=$107,115
2026-04-03 14:12:49 | DEBUG    | [20230313] 1 trades, day P&L=$+180, equity=$107,295
2026-04-03 14:12:49 | DEBUG    | [20230316] 2 trades, day P&L=$+95, equity=$107,390
2026-04-03 14:12:49 | DEBUG    | [20230331] 2 trades, day P&L=$+95, equity=$107,485
2026-04-03 14:12:49 | DEBUG    | [20230707] 1 trades, day P&L=$+80, equity=$107,565
2026-04-03 14:12:49 | DEBUG    | [20230825] 1 trades, day P&L=$+30, equity=$107,595
2026-04-03 14:12:49 | DEBUG    | [20230929] 1 trades, day P&L=$+80, equity=$107,675
2026-04-03 14:12:50 | DEBUG    | [20231019] 1 trades, day P&L=$+30, equity=$107,705
2026-04-03 14:12:50 | DEBUG    | [20240216] 1 trades, day P&L=$+30, equity=$107,735
2026-04-03 14:12:50 | DEBUG    | [20240328] 1 trades, day P&L=$+80, equity=$107,815
2026-04-03 14:12:50 | DEBUG    | [20240404] 1 trades, day P&L=$+80, equity=$107,895
2026-04-03 14:12:50 | DEBUG    | [20240412] 1 trades, day P&L=$+30, equity=$107,925
2026-04-03 14:12:50 | DEBUG    | [20240415] 1 trades, day P&L=$+30, equity=$107,955
2026-04-03 14:12:50 | DEBUG    | [20240416] 2 trades, day P&L=$+145, equity=$108,100
2026-04-03 14:12:50 | DEBUG    | [20240418] 1 trades, day P&L=$+30, equity=$108,130
2026-04-03 14:12:50 | DEBUG    | [20240419] 1 trades, day P&L=$+30, equity=$108,160
2026-04-03 14:12:50 | DEBUG    | [20240422] 1 trades, day P&L=$+30, equity=$108,190
2026-04-03 14:12:50 | DEBUG    | [20240531] 1 trades, day P&L=$+80, equity=$108,270
2026-04-03 14:12:50 | DEBUG    | [20240607] 1 trades, day P&L=$+30, equity=$108,300
2026-04-03 14:12:50 | DEBUG    | [20240627] 1 trades, day P&L=$+30, equity=$108,330
2026-04-03 14:12:50 | DEBUG    | [20240628] 1 trades, day P&L=$+230, equity=$108,560
2026-04-03 14:12:50 | DEBUG    | [20240712] 1 trades, day P&L=$+80, equity=$108,640
2026-04-03 14:12:50 | DEBUG    | [20240715] 1 trades, day P&L=$+30, equity=$108,670
2026-04-03 14:12:50 | DEBUG    | [20240718] 1 trades, day P&L=$+230, equity=$108,900
2026-04-03 14:12:50 | DEBUG    | [20240719] 1 trades, day P&L=$+80, equity=$108,980
2026-04-03 14:12:50 | DEBUG    | [20240726] 2 trades, day P&L=$+570, equity=$109,550
2026-04-03 14:12:50 | DEBUG    | [20240729] 1 trades, day P&L=$+30, equity=$109,580
2026-04-03 14:12:50 | DEBUG    | [20240730] 1 trades, day P&L=$+80, equity=$109,660
2026-04-03 14:12:50 | DEBUG    | [20240812] 2 trades, day P&L=$+270, equity=$109,930
2026-04-03 14:12:50 | DEBUG    | [20240813] 1 trades, day P&L=$+30, equity=$109,960
2026-04-03 14:12:50 | DEBUG    | [20240820] 1 trades, day P&L=$+30, equity=$109,990
2026-04-03 14:12:50 | DEBUG    | [20240823] 1 trades, day P&L=$+30, equity=$110,020
2026-04-03 14:12:50 | DEBUG    | [20240829] 1 trades, day P&L=$+230, equity=$110,250
2026-04-03 14:12:50 | DEBUG    | [20240830] 1 trades, day P&L=$+80, equity=$110,330
2026-04-03 14:12:50 | DEBUG    | [20240903] 1 trades, day P&L=$+430, equity=$110,760
2026-04-03 14:12:50 | DEBUG    | [20240905] 1 trades, day P&L=$+30, equity=$110,790
2026-04-03 14:12:50 | DEBUG    | [20240906] 1 trades, day P&L=$+230, equity=$111,020
2026-04-03 14:12:50 | DEBUG    | [20240913] 1 trades, day P&L=$+30, equity=$111,050
2026-04-03 14:12:50 | DEBUG    | [20240930] 1 trades, day P&L=$+480, equity=$111,530
2026-04-03 14:12:50 | DEBUG    | [20241001] 1 trades, day P&L=$+180, equity=$111,710
2026-04-03 14:12:50 | DEBUG    | [20241010] 1 trades, day P&L=$+30, equity=$111,740
2026-04-03 14:12:51 | DEBUG    | [20241025] 1 trades, day P&L=$+30, equity=$111,770
2026-04-03 14:12:51 | DEBUG    | [20241031] 1 trades, day P&L=$+30, equity=$111,800
2026-04-03 14:12:51 | DEBUG    | [20241104] 1 trades, day P&L=$+30, equity=$111,830
2026-04-03 14:12:51 | DEBUG    | [20241115] 1 trades, day P&L=$+30, equity=$111,860
2026-04-03 14:12:51 | DEBUG    | [20241220] 1 trades, day P&L=$+480, equity=$112,340
2026-04-03 14:12:51 | DEBUG    | [20241227] 1 trades, day P&L=$+80, equity=$112,420
2026-04-03 14:12:51 | DEBUG    | [20241231] 1 trades, day P&L=$+480, equity=$112,900
2026-04-03 14:12:51 | INFO     | ============================================================
2026-04-03 14:12:51 | INFO     | SKIP REASONS:
2026-04-03 14:12:51 | INFO     |   dow_filter          : 119
2026-04-03 14:12:51 | INFO     |   early_close         : 4
2026-04-03 14:12:51 | INFO     |   gap_filter          : 65
2026-04-03 14:12:51 | INFO     |   no_quotes           : 16
2026-04-03 14:12:51 | INFO     |   prior_return        : 109
2026-04-03 14:12:51 | INFO     |   TOTAL TRADES        : 110
2026-04-03 14:12:51 | INFO     | ============================================================
2026-04-03 14:12:51 | DEBUG    | [20250102] 1 trades, day P&L=$+230, equity=$100,230
2026-04-03 14:12:51 | DEBUG    | [20250107] 1 trades, day P&L=$+180, equity=$100,410
2026-04-03 14:12:51 | DEBUG    | [20250110] 1 trades, day P&L=$+30, equity=$100,440
2026-04-03 14:12:51 | DEBUG    | [20250131] 1 trades, day P&L=$+530, equity=$100,970
2026-04-03 14:12:51 | DEBUG    | [20250207] 1 trades, day P&L=$+30, equity=$101,000
2026-04-03 14:12:51 | DEBUG    | [20250221] 1 trades, day P&L=$+30, equity=$101,030
2026-04-03 14:12:51 | DEBUG    | [20250225] 1 trades, day P&L=$+180, equity=$101,210
2026-04-03 14:12:51 | DEBUG    | [20250227] 1 trades, day P&L=$+180, equity=$101,390
2026-04-03 14:12:51 | DEBUG    | [20250313] 1 trades, day P&L=$+80, equity=$101,470
2026-04-03 14:12:51 | DEBUG    | [20250318] 1 trades, day P&L=$+30, equity=$101,500
2026-04-03 14:12:51 | DEBUG    | [20250321] 1 trades, day P&L=$+30, equity=$101,530
2026-04-03 14:12:51 | DEBUG    | [20250327] 2 trades, day P&L=$+45, equity=$101,575
2026-04-03 14:12:51 | DEBUG    | [20250328] 1 trades, day P&L=$+30, equity=$101,605
2026-04-03 14:12:51 | DEBUG    | [20250401] 1 trades, day P&L=$+30, equity=$101,635
2026-04-03 14:12:51 | DEBUG    | [20250415] 2 trades, day P&L=$+70, equity=$101,705
2026-04-03 14:12:51 | DEBUG    | [20250428] 2 trades, day P&L=$+120, equity=$101,825
2026-04-03 14:12:51 | DEBUG    | [20250505] 1 trades, day P&L=$+80, equity=$101,905
2026-04-03 14:12:51 | DEBUG    | [20250508] 2 trades, day P&L=$+470, equity=$102,375
2026-04-03 14:12:51 | DEBUG    | [20250509] 1 trades, day P&L=$+30, equity=$102,405
2026-04-03 14:12:51 | DEBUG    | [20250530] 2 trades, day P&L=$+870, equity=$103,275
2026-04-03 14:12:51 | DEBUG    | [20250605] 1 trades, day P&L=$+130, equity=$103,405
2026-04-03 14:12:51 | DEBUG    | [20250623] 1 trades, day P&L=$+30, equity=$103,435
2026-04-03 14:12:51 | DEBUG    | [20250630] 1 trades, day P&L=$+30, equity=$103,465
2026-04-03 14:12:51 | DEBUG    | [20250811] 1 trades, day P&L=$+30, equity=$103,495
2026-04-03 14:12:51 | DEBUG    | [20250930] 1 trades, day P&L=$+30, equity=$103,525
2026-04-03 14:12:51 | DEBUG    | [20251010] 1 trades, day P&L=$+1080, equity=$104,605
2026-04-03 14:12:51 | DEBUG    | [20251016] 1 trades, day P&L=$+230, equity=$104,835
2026-04-03 14:12:51 | DEBUG    | [20251106] 1 trades, day P&L=$+80, equity=$104,915
2026-04-03 14:12:51 | DEBUG    | [20251107] 1 trades, day P&L=$+30, equity=$104,945
2026-04-03 14:12:51 | DEBUG    | [20251113] 1 trades, day P&L=$+130, equity=$105,075
2026-04-03 14:12:51 | DEBUG    | [20251117] 1 trades, day P&L=$+130, equity=$105,205
2026-04-03 14:12:51 | DEBUG    | [20251118] 2 trades, day P&L=$+145, equity=$105,350
2026-04-03 14:12:52 | DEBUG    | [20260130] 2 trades, day P&L=$+145, equity=$105,495
2026-04-03 14:12:52 | DEBUG    | [20260205] 1 trades, day P&L=$+230, equity=$105,725
2026-04-03 14:12:52 | DEBUG    | [20260206] 1 trades, day P&L=$+130, equity=$105,855
2026-04-03 14:12:52 | DEBUG    | [20260212] 1 trades, day P&L=$+180, equity=$106,035
2026-04-03 14:12:52 | DEBUG    | [20260305] 1 trades, day P&L=$+130, equity=$106,165
2026-04-03 14:12:52 | DEBUG    | [20260309] 1 trades, day P&L=$+130, equity=$106,295
2026-04-03 14:12:52 | DEBUG    | [20260310] 2 trades, day P&L=$+120, equity=$106,415
2026-04-03 14:12:52 | DEBUG    | [20260320] 1 trades, day P&L=$+130, equity=$106,545
2026-04-03 14:12:52 | DEBUG    | [20260324] 1 trades, day P&L=$+30, equity=$106,575
2026-04-03 14:12:52 | INFO     | ============================================================
2026-04-03 14:12:52 | INFO     | SKIP REASONS:
2026-04-03 14:12:52 | INFO     |   dow_filter          : 53
2026-04-03 14:12:52 | INFO     |   early_close         : 2
2026-04-03 14:12:52 | INFO     |   gap_filter          : 40
2026-04-03 14:12:52 | INFO     |   prior_return        : 38
2026-04-03 14:12:52 | INFO     |   TOTAL TRADES        : 49
2026-04-03 14:12:52 | INFO     | ============================================================
2026-04-03 14:12:52 | DEBUG    | [20220110] 2 trades, day P&L=$+45, equity=$100,045
2026-04-03 14:12:52 | DEBUG    | [20220114] 1 trades, day P&L=$+130, equity=$100,175
2026-04-03 14:12:52 | DEBUG    | [20220118] 2 trades, day P&L=$+145, equity=$100,320
2026-04-03 14:12:52 | DEBUG    | [20220207] 2 trades, day P&L=$+295, equity=$100,615
2026-04-03 14:12:52 | DEBUG    | [20220222] 2 trades, day P&L=$+545, equity=$101,160
2026-04-03 14:12:52 | DEBUG    | [20220304] 2 trades, day P&L=$+195, equity=$101,355
2026-04-03 14:12:52 | DEBUG    | [20220307] 2 trades, day P&L=$+270, equity=$101,625
2026-04-03 14:12:52 | DEBUG    | [20220311] 2 trades, day P&L=$+395, equity=$102,020
2026-04-03 14:12:52 | DEBUG    | [20220314] 2 trades, day P&L=$+220, equity=$102,240
2026-04-03 14:12:52 | DEBUG    | [20220318] 1 trades, day P&L=$+30, equity=$102,270
2026-04-03 14:12:52 | DEBUG    | [20220331] 2 trades, day P&L=$+845, equity=$103,115
2026-04-03 14:12:52 | DEBUG    | [20220408] 2 trades, day P&L=$+45, equity=$103,160
2026-04-03 14:12:52 | DEBUG    | [20220414] 1 trades, day P&L=$+30, equity=$103,190
2026-04-03 14:12:52 | DEBUG    | [20220418] 1 trades, day P&L=$+30, equity=$103,220
2026-04-03 14:12:52 | DEBUG    | [20220426] 2 trades, day P&L=$+370, equity=$103,590
2026-04-03 14:12:52 | DEBUG    | [20220509] 2 trades, day P&L=$+1095, equity=$104,685
2026-04-03 14:12:52 | DEBUG    | [20220517] 1 trades, day P&L=$+30, equity=$104,715
2026-04-03 14:12:52 | DEBUG    | [20220520] 2 trades, day P&L=$+370, equity=$105,085
2026-04-03 14:12:52 | DEBUG    | [20220526] 1 trades, day P&L=$+80, equity=$105,165
2026-04-03 14:12:52 | DEBUG    | [20220602] 1 trades, day P&L=$+30, equity=$105,195
2026-04-03 14:12:52 | DEBUG    | [20220609] 1 trades, day P&L=$+30, equity=$105,225
2026-04-03 14:12:52 | DEBUG    | [20220623] 1 trades, day P&L=$+30, equity=$105,255
2026-04-03 14:12:52 | DEBUG    | [20220624] 1 trades, day P&L=$+30, equity=$105,285
2026-04-03 14:12:52 | DEBUG    | [20220628] 1 trades, day P&L=$+30, equity=$105,315
2026-04-03 14:12:52 | DEBUG    | [20220630] 2 trades, day P&L=$-245, equity=$105,070
2026-04-03 14:12:52 | DEBUG    | [20220705] 2 trades, day P&L=$+45, equity=$105,115
2026-04-03 14:12:52 | DEBUG    | [20220707] 1 trades, day P&L=$+30, equity=$105,145
2026-04-03 14:12:52 | DEBUG    | [20220719] 1 trades, day P&L=$+30, equity=$105,175
2026-04-03 14:12:52 | DEBUG    | [20220902] 2 trades, day P&L=$+170, equity=$105,345
2026-04-03 14:12:52 | DEBUG    | [20220913] 2 trades, day P&L=$+95, equity=$105,440
2026-04-03 14:12:52 | DEBUG    | [20220915] 2 trades, day P&L=$+220, equity=$105,660
2026-04-03 14:12:52 | DEBUG    | [20220916] 2 trades, day P&L=$+145, equity=$105,805
2026-04-03 14:12:52 | DEBUG    | [20220923] 2 trades, day P&L=$+195, equity=$106,000
2026-04-03 14:12:52 | DEBUG    | [20220927] 2 trades, day P&L=$+220, equity=$106,220
2026-04-03 14:12:52 | DEBUG    | [20221003] 1 trades, day P&L=$+30, equity=$106,250
2026-04-03 14:12:52 | DEBUG    | [20221006] 1 trades, day P&L=$+130, equity=$106,380
2026-04-03 14:12:52 | DEBUG    | [20221007] 2 trades, day P&L=$+395, equity=$106,775
2026-04-03 14:12:52 | DEBUG    | [20221011] 1 trades, day P&L=$+30, equity=$106,805
2026-04-03 14:12:52 | DEBUG    | [20221013] 2 trades, day P&L=$+295, equity=$107,100
2026-04-03 14:12:52 | DEBUG    | [20221020] 2 trades, day P&L=$+45, equity=$107,145
2026-04-03 14:12:52 | DEBUG    | [20221021] 1 trades, day P&L=$+30, equity=$107,175
2026-04-03 14:12:53 | DEBUG    | [20221115] 1 trades, day P&L=$+80, equity=$107,255
2026-04-03 14:12:53 | DEBUG    | [20221118] 1 trades, day P&L=$+30, equity=$107,285
2026-04-03 14:12:53 | DEBUG    | [20221209] 1 trades, day P&L=$+30, equity=$107,315
2026-04-03 14:12:53 | DEBUG    | [20221213] 1 trades, day P&L=$+30, equity=$107,345
2026-04-03 14:12:53 | DEBUG    | [20221215] 1 trades, day P&L=$+30, equity=$107,375
2026-04-03 14:12:53 | DEBUG    | [20230203] 2 trades, day P&L=$+45, equity=$107,420
2026-04-03 14:12:53 | DEBUG    | [20230309] 2 trades, day P&L=$+145, equity=$107,565
2026-04-03 14:12:53 | DEBUG    | [20230313] 1 trades, day P&L=$+180, equity=$107,745
2026-04-03 14:12:53 | DEBUG    | [20230316] 2 trades, day P&L=$+95, equity=$107,840
2026-04-03 14:12:53 | DEBUG    | [20230331] 2 trades, day P&L=$+95, equity=$107,935
2026-04-03 14:12:53 | DEBUG    | [20230707] 1 trades, day P&L=$+80, equity=$108,015
2026-04-03 14:12:54 | DEBUG    | [20230825] 1 trades, day P&L=$+30, equity=$108,045
2026-04-03 14:12:54 | DEBUG    | [20230929] 1 trades, day P&L=$+80, equity=$108,125
2026-04-03 14:12:54 | DEBUG    | [20231019] 1 trades, day P&L=$+30, equity=$108,155
2026-04-03 14:12:54 | DEBUG    | [20240216] 1 trades, day P&L=$+30, equity=$108,185
2026-04-03 14:12:54 | DEBUG    | [20240328] 1 trades, day P&L=$+80, equity=$108,265
2026-04-03 14:12:54 | DEBUG    | [20240404] 1 trades, day P&L=$+80, equity=$108,345
2026-04-03 14:12:54 | DEBUG    | [20240412] 1 trades, day P&L=$+30, equity=$108,375
2026-04-03 14:12:54 | DEBUG    | [20240415] 1 trades, day P&L=$+30, equity=$108,405
2026-04-03 14:12:54 | DEBUG    | [20240416] 2 trades, day P&L=$+145, equity=$108,550
2026-04-03 14:12:54 | DEBUG    | [20240418] 1 trades, day P&L=$+30, equity=$108,580
2026-04-03 14:12:54 | DEBUG    | [20240419] 1 trades, day P&L=$+30, equity=$108,610
2026-04-03 14:12:54 | DEBUG    | [20240422] 1 trades, day P&L=$+30, equity=$108,640
2026-04-03 14:12:55 | DEBUG    | [20240531] 1 trades, day P&L=$+80, equity=$108,720
2026-04-03 14:12:55 | DEBUG    | [20240607] 1 trades, day P&L=$+30, equity=$108,750
2026-04-03 14:12:55 | DEBUG    | [20240627] 1 trades, day P&L=$+30, equity=$108,780
2026-04-03 14:12:55 | DEBUG    | [20240628] 1 trades, day P&L=$+230, equity=$109,010
2026-04-03 14:12:55 | DEBUG    | [20240712] 1 trades, day P&L=$+80, equity=$109,090
2026-04-03 14:12:55 | DEBUG    | [20240715] 1 trades, day P&L=$+30, equity=$109,120
2026-04-03 14:12:55 | DEBUG    | [20240718] 1 trades, day P&L=$+230, equity=$109,350
2026-04-03 14:12:55 | DEBUG    | [20240719] 1 trades, day P&L=$+80, equity=$109,430
2026-04-03 14:12:55 | DEBUG    | [20240726] 2 trades, day P&L=$+570, equity=$110,000
2026-04-03 14:12:55 | DEBUG    | [20240729] 1 trades, day P&L=$+30, equity=$110,030
2026-04-03 14:12:55 | DEBUG    | [20240730] 1 trades, day P&L=$+80, equity=$110,110
2026-04-03 14:12:55 | DEBUG    | [20240812] 2 trades, day P&L=$+270, equity=$110,380
2026-04-03 14:12:55 | DEBUG    | [20240813] 1 trades, day P&L=$+30, equity=$110,410
2026-04-03 14:12:55 | DEBUG    | [20240820] 1 trades, day P&L=$+30, equity=$110,440
2026-04-03 14:12:55 | DEBUG    | [20240823] 1 trades, day P&L=$+30, equity=$110,470
2026-04-03 14:12:55 | DEBUG    | [20240829] 1 trades, day P&L=$+230, equity=$110,700
2026-04-03 14:12:55 | DEBUG    | [20240830] 1 trades, day P&L=$+80, equity=$110,780
2026-04-03 14:12:55 | DEBUG    | [20240903] 1 trades, day P&L=$+430, equity=$111,210
2026-04-03 14:12:55 | DEBUG    | [20240905] 1 trades, day P&L=$+30, equity=$111,240
2026-04-03 14:12:55 | DEBUG    | [20240906] 1 trades, day P&L=$+230, equity=$111,470
2026-04-03 14:12:55 | DEBUG    | [20240913] 1 trades, day P&L=$+30, equity=$111,500
2026-04-03 14:12:55 | DEBUG    | [20240919] 2 trades, day P&L=$+95, equity=$111,595
2026-04-03 14:12:55 | DEBUG    | [20240930] 1 trades, day P&L=$+480, equity=$112,075
2026-04-03 14:12:55 | DEBUG    | [20241001] 1 trades, day P&L=$+180, equity=$112,255
2026-04-03 14:12:55 | DEBUG    | [20241010] 1 trades, day P&L=$+30, equity=$112,285
2026-04-03 14:12:55 | DEBUG    | [20241025] 1 trades, day P&L=$+30, equity=$112,315
2026-04-03 14:12:55 | DEBUG    | [20241031] 1 trades, day P&L=$+30, equity=$112,345
2026-04-03 14:12:55 | DEBUG    | [20241104] 1 trades, day P&L=$+30, equity=$112,375
2026-04-03 14:12:55 | DEBUG    | [20241115] 1 trades, day P&L=$+30, equity=$112,405
2026-04-03 14:12:55 | DEBUG    | [20241220] 1 trades, day P&L=$+480, equity=$112,885
2026-04-03 14:12:55 | DEBUG    | [20241227] 1 trades, day P&L=$+80, equity=$112,965
2026-04-03 14:12:55 | DEBUG    | [20241230] 2 trades, day P&L=$+145, equity=$113,110
2026-04-03 14:12:55 | DEBUG    | [20241231] 1 trades, day P&L=$+480, equity=$113,590
2026-04-03 14:12:55 | DEBUG    | [20250102] 1 trades, day P&L=$+230, equity=$113,820
2026-04-03 14:12:55 | DEBUG    | [20250107] 1 trades, day P&L=$+180, equity=$114,000
2026-04-03 14:12:55 | DEBUG    | [20250110] 1 trades, day P&L=$+30, equity=$114,030
2026-04-03 14:12:55 | DEBUG    | [20250127] 1 trades, day P&L=$+30, equity=$114,060
2026-04-03 14:12:55 | DEBUG    | [20250131] 1 trades, day P&L=$+530, equity=$114,590
2026-04-03 14:12:55 | DEBUG    | [20250203] 1 trades, day P&L=$+180, equity=$114,770
2026-04-03 14:12:55 | DEBUG    | [20250207] 1 trades, day P&L=$+30, equity=$114,800
2026-04-03 14:12:55 | DEBUG    | [20250221] 1 trades, day P&L=$+30, equity=$114,830
2026-04-03 14:12:55 | DEBUG    | [20250225] 1 trades, day P&L=$+180, equity=$115,010
2026-04-03 14:12:55 | DEBUG    | [20250227] 1 trades, day P&L=$+180, equity=$115,190
2026-04-03 14:12:55 | DEBUG    | [20250306] 1 trades, day P&L=$+1130, equity=$116,320
2026-04-03 14:12:55 | DEBUG    | [20250310] 1 trades, day P&L=$+830, equity=$117,150
2026-04-03 14:12:55 | DEBUG    | [20250313] 1 trades, day P&L=$+80, equity=$117,230
2026-04-03 14:12:55 | DEBUG    | [20250314] 1 trades, day P&L=$+180, equity=$117,410
2026-04-03 14:12:55 | DEBUG    | [20250318] 1 trades, day P&L=$+30, equity=$117,440
2026-04-03 14:12:55 | DEBUG    | [20250321] 1 trades, day P&L=$+30, equity=$117,470
2026-04-03 14:12:55 | DEBUG    | [20250327] 2 trades, day P&L=$+45, equity=$117,515
2026-04-03 14:12:55 | DEBUG    | [20250328] 1 trades, day P&L=$+30, equity=$117,545
2026-04-03 14:12:55 | DEBUG    | [20250401] 1 trades, day P&L=$+30, equity=$117,575
2026-04-03 14:12:55 | DEBUG    | [20250403] 1 trades, day P&L=$+630, equity=$118,205
2026-04-03 14:12:55 | DEBUG    | [20250415] 2 trades, day P&L=$+70, equity=$118,275
2026-04-03 14:12:55 | DEBUG    | [20250421] 1 trades, day P&L=$+530, equity=$118,805
2026-04-03 14:12:55 | DEBUG    | [20250428] 2 trades, day P&L=$+120, equity=$118,925
2026-04-03 14:12:55 | DEBUG    | [20250502] 1 trades, day P&L=$+30, equity=$118,955
2026-04-03 14:12:55 | DEBUG    | [20250505] 1 trades, day P&L=$+80, equity=$119,035
2026-04-03 14:12:55 | DEBUG    | [20250506] 1 trades, day P&L=$+130, equity=$119,165
2026-04-03 14:12:55 | DEBUG    | [20250508] 2 trades, day P&L=$+470, equity=$119,635
2026-04-03 14:12:55 | DEBUG    | [20250509] 1 trades, day P&L=$+30, equity=$119,665
2026-04-03 14:12:55 | DEBUG    | [20250512] 1 trades, day P&L=$+130, equity=$119,795
2026-04-03 14:12:55 | DEBUG    | [20250523] 1 trades, day P&L=$+230, equity=$120,025
2026-04-03 14:12:55 | DEBUG    | [20250529] 1 trades, day P&L=$+130, equity=$120,155
2026-04-03 14:12:55 | DEBUG    | [20250530] 2 trades, day P&L=$+870, equity=$121,025
2026-04-03 14:12:55 | DEBUG    | [20250605] 1 trades, day P&L=$+130, equity=$121,155
2026-04-03 14:12:55 | DEBUG    | [20250613] 1 trades, day P&L=$+130, equity=$121,285
2026-04-03 14:12:55 | DEBUG    | [20250623] 1 trades, day P&L=$+30, equity=$121,315
2026-04-03 14:12:56 | DEBUG    | [20250630] 1 trades, day P&L=$+30, equity=$121,345
2026-04-03 14:12:56 | DEBUG    | [20250731] 1 trades, day P&L=$+180, equity=$121,525
2026-04-03 14:12:56 | DEBUG    | [20250801] 1 trades, day P&L=$+30, equity=$121,555
2026-04-03 14:12:56 | DEBUG    | [20250811] 1 trades, day P&L=$+30, equity=$121,585
2026-04-03 14:12:56 | DEBUG    | [20250930] 1 trades, day P&L=$+30, equity=$121,615
2026-04-03 14:12:56 | DEBUG    | [20251010] 1 trades, day P&L=$+1080, equity=$122,695
2026-04-03 14:12:56 | DEBUG    | [20251016] 1 trades, day P&L=$+230, equity=$122,925
2026-04-03 14:12:56 | DEBUG    | [20251031] 1 trades, day P&L=$+80, equity=$123,005
2026-04-03 14:12:56 | DEBUG    | [20251106] 1 trades, day P&L=$+80, equity=$123,085
2026-04-03 14:12:56 | DEBUG    | [20251107] 1 trades, day P&L=$+30, equity=$123,115
2026-04-03 14:12:56 | DEBUG    | [20251113] 1 trades, day P&L=$+130, equity=$123,245
2026-04-03 14:12:56 | DEBUG    | [20251117] 1 trades, day P&L=$+130, equity=$123,375
2026-04-03 14:12:56 | DEBUG    | [20251118] 2 trades, day P&L=$+145, equity=$123,520
2026-04-03 14:12:56 | DEBUG    | [20251120] 1 trades, day P&L=$+430, equity=$123,950
2026-04-03 14:12:56 | DEBUG    | [20251218] 2 trades, day P&L=$+195, equity=$124,145
2026-04-03 14:12:56 | DEBUG    | [20260120] 1 trades, day P&L=$+30, equity=$124,175
2026-04-03 14:12:56 | DEBUG    | [20260130] 2 trades, day P&L=$+145, equity=$124,320
2026-04-03 14:12:56 | DEBUG    | [20260205] 1 trades, day P&L=$+230, equity=$124,550
2026-04-03 14:12:56 | DEBUG    | [20260206] 1 trades, day P&L=$+130, equity=$124,680
2026-04-03 14:12:56 | DEBUG    | [20260212] 1 trades, day P&L=$+180, equity=$124,860
2026-04-03 14:12:56 | DEBUG    | [20260227] 2 trades, day P&L=$+95, equity=$124,955
2026-04-03 14:12:56 | DEBUG    | [20260302] 1 trades, day P&L=$+80, equity=$125,035
2026-04-03 14:12:56 | DEBUG    | [20260303] 1 trades, day P&L=$+130, equity=$125,165
2026-04-03 14:12:56 | DEBUG    | [20260305] 1 trades, day P&L=$+130, equity=$125,295
2026-04-03 14:12:56 | DEBUG    | [20260306] 1 trades, day P&L=$+230, equity=$125,525
2026-04-03 14:12:56 | DEBUG    | [20260309] 1 trades, day P&L=$+130, equity=$125,655
2026-04-03 14:12:56 | DEBUG    | [20260320] 1 trades, day P&L=$+130, equity=$125,785
2026-04-03 14:12:56 | DEBUG    | [20260324] 1 trades, day P&L=$+30, equity=$125,815
2026-04-03 14:12:56 | INFO     | ============================================================
2026-04-03 14:12:56 | INFO     | SKIP REASONS:
2026-04-03 14:12:56 | INFO     |   dow_filter          : 187
2026-04-03 14:12:56 | INFO     |   early_close         : 6
2026-04-03 14:12:56 | INFO     |   no_quotes           : 19
2026-04-03 14:12:56 | INFO     |   prior_range         : 24
2026-04-03 14:12:56 | INFO     |   prior_return        : 147
2026-04-03 14:12:56 | INFO     |   TOTAL TRADES        : 202
2026-04-03 14:12:56 | INFO     | ============================================================
2026-04-03 14:12:56 | DEBUG    | [20220110] 2 trades, day P&L=$+45, equity=$100,045
2026-04-03 14:12:56 | DEBUG    | [20220114] 1 trades, day P&L=$+130, equity=$100,175
2026-04-03 14:12:56 | DEBUG    | [20220118] 2 trades, day P&L=$+145, equity=$100,320
2026-04-03 14:12:56 | DEBUG    | [20220207] 2 trades, day P&L=$+295, equity=$100,615
2026-04-03 14:12:56 | DEBUG    | [20220222] 2 trades, day P&L=$+545, equity=$101,160
2026-04-03 14:12:56 | DEBUG    | [20220304] 2 trades, day P&L=$+195, equity=$101,355
2026-04-03 14:12:56 | DEBUG    | [20220307] 2 trades, day P&L=$+270, equity=$101,625
2026-04-03 14:12:56 | DEBUG    | [20220311] 2 trades, day P&L=$+395, equity=$102,020
2026-04-03 14:12:56 | DEBUG    | [20220314] 2 trades, day P&L=$+220, equity=$102,240
2026-04-03 14:12:56 | DEBUG    | [20220318] 1 trades, day P&L=$+30, equity=$102,270
2026-04-03 14:12:56 | DEBUG    | [20220331] 2 trades, day P&L=$+845, equity=$103,115
2026-04-03 14:12:56 | DEBUG    | [20220408] 2 trades, day P&L=$+45, equity=$103,160
2026-04-03 14:12:56 | DEBUG    | [20220414] 1 trades, day P&L=$+30, equity=$103,190
2026-04-03 14:12:56 | DEBUG    | [20220418] 1 trades, day P&L=$+30, equity=$103,220
2026-04-03 14:12:57 | DEBUG    | [20220426] 2 trades, day P&L=$+370, equity=$103,590
2026-04-03 14:12:57 | DEBUG    | [20220509] 2 trades, day P&L=$+1095, equity=$104,685
2026-04-03 14:12:57 | DEBUG    | [20220517] 1 trades, day P&L=$+30, equity=$104,715
2026-04-03 14:12:57 | DEBUG    | [20220520] 2 trades, day P&L=$+370, equity=$105,085
2026-04-03 14:12:57 | DEBUG    | [20220526] 1 trades, day P&L=$+80, equity=$105,165
2026-04-03 14:12:57 | DEBUG    | [20220602] 1 trades, day P&L=$+30, equity=$105,195
2026-04-03 14:12:57 | DEBUG    | [20220609] 1 trades, day P&L=$+30, equity=$105,225
2026-04-03 14:12:57 | DEBUG    | [20220623] 1 trades, day P&L=$+30, equity=$105,255
2026-04-03 14:12:57 | DEBUG    | [20220624] 1 trades, day P&L=$+30, equity=$105,285
2026-04-03 14:12:57 | DEBUG    | [20220628] 1 trades, day P&L=$+30, equity=$105,315
2026-04-03 14:12:57 | DEBUG    | [20220630] 2 trades, day P&L=$-245, equity=$105,070
2026-04-03 14:12:57 | DEBUG    | [20220705] 2 trades, day P&L=$+45, equity=$105,115
2026-04-03 14:12:57 | DEBUG    | [20220707] 1 trades, day P&L=$+30, equity=$105,145
2026-04-03 14:12:57 | DEBUG    | [20220719] 1 trades, day P&L=$+30, equity=$105,175
2026-04-03 14:12:57 | DEBUG    | [20220902] 2 trades, day P&L=$+170, equity=$105,345
2026-04-03 14:12:57 | DEBUG    | [20220913] 2 trades, day P&L=$+95, equity=$105,440
2026-04-03 14:12:57 | DEBUG    | [20220915] 2 trades, day P&L=$+220, equity=$105,660
2026-04-03 14:12:57 | DEBUG    | [20220916] 2 trades, day P&L=$+145, equity=$105,805
2026-04-03 14:12:57 | DEBUG    | [20220923] 2 trades, day P&L=$+195, equity=$106,000
2026-04-03 14:12:57 | DEBUG    | [20220927] 2 trades, day P&L=$+220, equity=$106,220
2026-04-03 14:12:57 | DEBUG    | [20221003] 1 trades, day P&L=$+30, equity=$106,250
2026-04-03 14:12:57 | DEBUG    | [20221006] 1 trades, day P&L=$+130, equity=$106,380
2026-04-03 14:12:57 | DEBUG    | [20221007] 2 trades, day P&L=$+395, equity=$106,775
2026-04-03 14:12:57 | DEBUG    | [20221011] 1 trades, day P&L=$+30, equity=$106,805
2026-04-03 14:12:57 | DEBUG    | [20221013] 2 trades, day P&L=$+295, equity=$107,100
2026-04-03 14:12:57 | DEBUG    | [20221020] 2 trades, day P&L=$+45, equity=$107,145
2026-04-03 14:12:57 | DEBUG    | [20221021] 1 trades, day P&L=$+30, equity=$107,175
2026-04-03 14:12:57 | DEBUG    | [20221115] 1 trades, day P&L=$+80, equity=$107,255
2026-04-03 14:12:57 | DEBUG    | [20221118] 1 trades, day P&L=$+30, equity=$107,285
2026-04-03 14:12:57 | DEBUG    | [20221209] 1 trades, day P&L=$+30, equity=$107,315
2026-04-03 14:12:57 | DEBUG    | [20221213] 1 trades, day P&L=$+30, equity=$107,345
2026-04-03 14:12:57 | DEBUG    | [20221215] 1 trades, day P&L=$+30, equity=$107,375
2026-04-03 14:12:57 | DEBUG    | [20230203] 2 trades, day P&L=$+45, equity=$107,420
2026-04-03 14:12:57 | DEBUG    | [20230309] 2 trades, day P&L=$+145, equity=$107,565
2026-04-03 14:12:57 | DEBUG    | [20230313] 1 trades, day P&L=$+180, equity=$107,745
2026-04-03 14:12:57 | DEBUG    | [20230316] 2 trades, day P&L=$+95, equity=$107,840
2026-04-03 14:12:57 | DEBUG    | [20230331] 2 trades, day P&L=$+95, equity=$107,935
2026-04-03 14:12:58 | DEBUG    | [20230707] 1 trades, day P&L=$+80, equity=$108,015
2026-04-03 14:12:58 | DEBUG    | [20230825] 1 trades, day P&L=$+30, equity=$108,045
2026-04-03 14:12:58 | DEBUG    | [20230929] 1 trades, day P&L=$+80, equity=$108,125
2026-04-03 14:12:58 | DEBUG    | [20231019] 1 trades, day P&L=$+30, equity=$108,155
2026-04-03 14:12:58 | DEBUG    | [20240216] 1 trades, day P&L=$+30, equity=$108,185
2026-04-03 14:12:59 | DEBUG    | [20240328] 1 trades, day P&L=$+80, equity=$108,265
2026-04-03 14:12:59 | DEBUG    | [20240404] 1 trades, day P&L=$+80, equity=$108,345
2026-04-03 14:12:59 | DEBUG    | [20240412] 1 trades, day P&L=$+30, equity=$108,375
2026-04-03 14:12:59 | DEBUG    | [20240415] 1 trades, day P&L=$+30, equity=$108,405
2026-04-03 14:12:59 | DEBUG    | [20240416] 2 trades, day P&L=$+145, equity=$108,550
2026-04-03 14:12:59 | DEBUG    | [20240418] 1 trades, day P&L=$+30, equity=$108,580
2026-04-03 14:12:59 | DEBUG    | [20240419] 1 trades, day P&L=$+30, equity=$108,610
2026-04-03 14:12:59 | DEBUG    | [20240422] 1 trades, day P&L=$+30, equity=$108,640
2026-04-03 14:12:59 | DEBUG    | [20240531] 1 trades, day P&L=$+80, equity=$108,720
2026-04-03 14:12:59 | DEBUG    | [20240607] 1 trades, day P&L=$+30, equity=$108,750
2026-04-03 14:12:59 | DEBUG    | [20240627] 1 trades, day P&L=$+30, equity=$108,780
2026-04-03 14:12:59 | DEBUG    | [20240628] 1 trades, day P&L=$+230, equity=$109,010
2026-04-03 14:12:59 | DEBUG    | [20240712] 1 trades, day P&L=$+80, equity=$109,090
2026-04-03 14:12:59 | DEBUG    | [20240715] 1 trades, day P&L=$+30, equity=$109,120
2026-04-03 14:12:59 | DEBUG    | [20240718] 1 trades, day P&L=$+230, equity=$109,350
2026-04-03 14:12:59 | DEBUG    | [20240719] 1 trades, day P&L=$+80, equity=$109,430
2026-04-03 14:12:59 | DEBUG    | [20240726] 2 trades, day P&L=$+570, equity=$110,000
2026-04-03 14:12:59 | DEBUG    | [20240729] 1 trades, day P&L=$+30, equity=$110,030
2026-04-03 14:12:59 | DEBUG    | [20240730] 1 trades, day P&L=$+80, equity=$110,110
2026-04-03 14:12:59 | DEBUG    | [20240812] 2 trades, day P&L=$+270, equity=$110,380
2026-04-03 14:12:59 | DEBUG    | [20240813] 1 trades, day P&L=$+30, equity=$110,410
2026-04-03 14:12:59 | DEBUG    | [20240820] 1 trades, day P&L=$+30, equity=$110,440
2026-04-03 14:12:59 | DEBUG    | [20240823] 1 trades, day P&L=$+30, equity=$110,470
2026-04-03 14:12:59 | DEBUG    | [20240829] 1 trades, day P&L=$+230, equity=$110,700
2026-04-03 14:12:59 | DEBUG    | [20240830] 1 trades, day P&L=$+80, equity=$110,780
2026-04-03 14:12:59 | DEBUG    | [20240903] 1 trades, day P&L=$+430, equity=$111,210
2026-04-03 14:12:59 | DEBUG    | [20240905] 1 trades, day P&L=$+30, equity=$111,240
2026-04-03 14:12:59 | DEBUG    | [20240906] 1 trades, day P&L=$+230, equity=$111,470
2026-04-03 14:12:59 | DEBUG    | [20240913] 1 trades, day P&L=$+30, equity=$111,500
2026-04-03 14:12:59 | DEBUG    | [20240919] 2 trades, day P&L=$+95, equity=$111,595
2026-04-03 14:12:59 | DEBUG    | [20240930] 1 trades, day P&L=$+480, equity=$112,075
2026-04-03 14:12:59 | DEBUG    | [20241001] 1 trades, day P&L=$+180, equity=$112,255
2026-04-03 14:12:59 | DEBUG    | [20241010] 1 trades, day P&L=$+30, equity=$112,285
2026-04-03 14:12:59 | DEBUG    | [20241025] 1 trades, day P&L=$+30, equity=$112,315
2026-04-03 14:12:59 | DEBUG    | [20241031] 1 trades, day P&L=$+30, equity=$112,345
2026-04-03 14:12:59 | DEBUG    | [20241104] 1 trades, day P&L=$+30, equity=$112,375
2026-04-03 14:12:59 | DEBUG    | [20241115] 1 trades, day P&L=$+30, equity=$112,405
2026-04-03 14:12:59 | DEBUG    | [20241220] 1 trades, day P&L=$+480, equity=$112,885
2026-04-03 14:12:59 | DEBUG    | [20241227] 1 trades, day P&L=$+80, equity=$112,965
2026-04-03 14:12:59 | DEBUG    | [20241230] 2 trades, day P&L=$+145, equity=$113,110
2026-04-03 14:12:59 | DEBUG    | [20241231] 1 trades, day P&L=$+480, equity=$113,590
2026-04-03 14:12:59 | INFO     | ============================================================
2026-04-03 14:12:59 | INFO     | SKIP REASONS:
2026-04-03 14:12:59 | INFO     |   dow_filter          : 128
2026-04-03 14:12:59 | INFO     |   early_close         : 4
2026-04-03 14:12:59 | INFO     |   no_quotes           : 19
2026-04-03 14:12:59 | INFO     |   prior_range         : 21
2026-04-03 14:12:59 | INFO     |   prior_return        : 109
2026-04-03 14:12:59 | INFO     |   TOTAL TRADES        : 130
2026-04-03 14:12:59 | INFO     | ============================================================
2026-04-03 14:12:59 | DEBUG    | [20250102] 1 trades, day P&L=$+230, equity=$100,230
2026-04-03 14:12:59 | DEBUG    | [20250107] 1 trades, day P&L=$+180, equity=$100,410
2026-04-03 14:12:59 | DEBUG    | [20250110] 1 trades, day P&L=$+30, equity=$100,440
2026-04-03 14:12:59 | DEBUG    | [20250127] 1 trades, day P&L=$+30, equity=$100,470
2026-04-03 14:12:59 | DEBUG    | [20250131] 1 trades, day P&L=$+530, equity=$101,000
2026-04-03 14:12:59 | DEBUG    | [20250203] 1 trades, day P&L=$+180, equity=$101,180
2026-04-03 14:12:59 | DEBUG    | [20250207] 1 trades, day P&L=$+30, equity=$101,210
2026-04-03 14:12:59 | DEBUG    | [20250221] 1 trades, day P&L=$+30, equity=$101,240
2026-04-03 14:12:59 | DEBUG    | [20250225] 1 trades, day P&L=$+180, equity=$101,420
2026-04-03 14:13:00 | DEBUG    | [20250227] 1 trades, day P&L=$+180, equity=$101,600
2026-04-03 14:13:00 | DEBUG    | [20250306] 1 trades, day P&L=$+1130, equity=$102,730
2026-04-03 14:13:00 | DEBUG    | [20250310] 1 trades, day P&L=$+830, equity=$103,560
2026-04-03 14:13:00 | DEBUG    | [20250313] 1 trades, day P&L=$+80, equity=$103,640
2026-04-03 14:13:00 | DEBUG    | [20250314] 1 trades, day P&L=$+180, equity=$103,820
2026-04-03 14:13:00 | DEBUG    | [20250318] 1 trades, day P&L=$+30, equity=$103,850
2026-04-03 14:13:00 | DEBUG    | [20250321] 1 trades, day P&L=$+30, equity=$103,880
2026-04-03 14:13:00 | DEBUG    | [20250327] 2 trades, day P&L=$+45, equity=$103,925
2026-04-03 14:13:00 | DEBUG    | [20250328] 1 trades, day P&L=$+30, equity=$103,955
2026-04-03 14:13:00 | DEBUG    | [20250401] 1 trades, day P&L=$+30, equity=$103,985
2026-04-03 14:13:00 | DEBUG    | [20250403] 1 trades, day P&L=$+630, equity=$104,615
2026-04-03 14:13:00 | DEBUG    | [20250415] 2 trades, day P&L=$+70, equity=$104,685
2026-04-03 14:13:00 | DEBUG    | [20250421] 1 trades, day P&L=$+530, equity=$105,215
2026-04-03 14:13:00 | DEBUG    | [20250428] 2 trades, day P&L=$+120, equity=$105,335
2026-04-03 14:13:00 | DEBUG    | [20250502] 1 trades, day P&L=$+30, equity=$105,365
2026-04-03 14:13:00 | DEBUG    | [20250505] 1 trades, day P&L=$+80, equity=$105,445
2026-04-03 14:13:00 | DEBUG    | [20250506] 1 trades, day P&L=$+130, equity=$105,575
2026-04-03 14:13:00 | DEBUG    | [20250508] 2 trades, day P&L=$+470, equity=$106,045
2026-04-03 14:13:00 | DEBUG    | [20250509] 1 trades, day P&L=$+30, equity=$106,075
2026-04-03 14:13:00 | DEBUG    | [20250512] 1 trades, day P&L=$+130, equity=$106,205
2026-04-03 14:13:00 | DEBUG    | [20250523] 1 trades, day P&L=$+230, equity=$106,435
2026-04-03 14:13:00 | DEBUG    | [20250529] 1 trades, day P&L=$+130, equity=$106,565
2026-04-03 14:13:00 | DEBUG    | [20250530] 2 trades, day P&L=$+870, equity=$107,435
2026-04-03 14:13:00 | DEBUG    | [20250605] 1 trades, day P&L=$+130, equity=$107,565
2026-04-03 14:13:00 | DEBUG    | [20250613] 1 trades, day P&L=$+130, equity=$107,695
2026-04-03 14:13:00 | DEBUG    | [20250623] 1 trades, day P&L=$+30, equity=$107,725
2026-04-03 14:13:00 | DEBUG    | [20250630] 1 trades, day P&L=$+30, equity=$107,755
2026-04-03 14:13:00 | DEBUG    | [20250731] 1 trades, day P&L=$+180, equity=$107,935
2026-04-03 14:13:00 | DEBUG    | [20250801] 1 trades, day P&L=$+30, equity=$107,965
2026-04-03 14:13:00 | DEBUG    | [20250811] 1 trades, day P&L=$+30, equity=$107,995
2026-04-03 14:13:00 | DEBUG    | [20250930] 1 trades, day P&L=$+30, equity=$108,025
2026-04-03 14:13:00 | DEBUG    | [20251010] 1 trades, day P&L=$+1080, equity=$109,105
2026-04-03 14:13:00 | DEBUG    | [20251016] 1 trades, day P&L=$+230, equity=$109,335
2026-04-03 14:13:00 | DEBUG    | [20251031] 1 trades, day P&L=$+80, equity=$109,415
2026-04-03 14:13:00 | DEBUG    | [20251106] 1 trades, day P&L=$+80, equity=$109,495
2026-04-03 14:13:00 | DEBUG    | [20251107] 1 trades, day P&L=$+30, equity=$109,525
2026-04-03 14:13:00 | DEBUG    | [20251113] 1 trades, day P&L=$+130, equity=$109,655
2026-04-03 14:13:00 | DEBUG    | [20251117] 1 trades, day P&L=$+130, equity=$109,785
2026-04-03 14:13:00 | DEBUG    | [20251118] 2 trades, day P&L=$+145, equity=$109,930
2026-04-03 14:13:00 | DEBUG    | [20251120] 1 trades, day P&L=$+430, equity=$110,360
2026-04-03 14:13:00 | DEBUG    | [20251218] 2 trades, day P&L=$+195, equity=$110,555
2026-04-03 14:13:00 | DEBUG    | [20260120] 1 trades, day P&L=$+30, equity=$110,585
2026-04-03 14:13:00 | DEBUG    | [20260130] 2 trades, day P&L=$+145, equity=$110,730
2026-04-03 14:13:00 | DEBUG    | [20260205] 1 trades, day P&L=$+230, equity=$110,960
2026-04-03 14:13:00 | DEBUG    | [20260206] 1 trades, day P&L=$+130, equity=$111,090
2026-04-03 14:13:00 | DEBUG    | [20260212] 1 trades, day P&L=$+180, equity=$111,270
2026-04-03 14:13:00 | DEBUG    | [20260227] 2 trades, day P&L=$+95, equity=$111,365
2026-04-03 14:13:00 | DEBUG    | [20260302] 1 trades, day P&L=$+80, equity=$111,445
2026-04-03 14:13:00 | DEBUG    | [20260303] 1 trades, day P&L=$+130, equity=$111,575
2026-04-03 14:13:00 | DEBUG    | [20260305] 1 trades, day P&L=$+130, equity=$111,705
2026-04-03 14:13:00 | DEBUG    | [20260306] 1 trades, day P&L=$+230, equity=$111,935
2026-04-03 14:13:01 | DEBUG    | [20260309] 1 trades, day P&L=$+130, equity=$112,065
2026-04-03 14:13:01 | DEBUG    | [20260320] 1 trades, day P&L=$+130, equity=$112,195
2026-04-03 14:13:01 | DEBUG    | [20260324] 1 trades, day P&L=$+30, equity=$112,225
2026-04-03 14:13:01 | INFO     | ============================================================
2026-04-03 14:13:01 | INFO     | SKIP REASONS:
2026-04-03 14:13:01 | INFO     |   dow_filter          : 59
2026-04-03 14:13:01 | INFO     |   early_close         : 2
2026-04-03 14:13:01 | INFO     |   prior_range         : 3
2026-04-03 14:13:01 | INFO     |   prior_return        : 38
2026-04-03 14:13:01 | INFO     |   TOTAL TRADES        : 72
2026-04-03 14:13:01 | INFO     | ============================================================
2026-04-03 14:13:01 | DEBUG    | [20220110] 2 trades, day P&L=$+45, equity=$100,045
2026-04-03 14:13:01 | DEBUG    | [20220114] 1 trades, day P&L=$+130, equity=$100,175
2026-04-03 14:13:01 | DEBUG    | [20220118] 2 trades, day P&L=$+145, equity=$100,320
2026-04-03 14:13:01 | DEBUG    | [20220121] 2 trades, day P&L=$+495, equity=$100,815
2026-04-03 14:13:01 | DEBUG    | [20220128] 2 trades, day P&L=$+395, equity=$101,210
2026-04-03 14:13:01 | DEBUG    | [20220207] 2 trades, day P&L=$+295, equity=$101,505
2026-04-03 14:13:01 | DEBUG    | [20220222] 2 trades, day P&L=$+545, equity=$102,050
2026-04-03 14:13:01 | DEBUG    | [20220225] 2 trades, day P&L=$+145, equity=$102,195
2026-04-03 14:13:01 | DEBUG    | [20220304] 2 trades, day P&L=$+195, equity=$102,390
2026-04-03 14:13:01 | DEBUG    | [20220307] 2 trades, day P&L=$+270, equity=$102,660
2026-04-03 14:13:01 | DEBUG    | [20220311] 2 trades, day P&L=$+395, equity=$103,055
2026-04-03 14:13:01 | DEBUG    | [20220314] 2 trades, day P&L=$+220, equity=$103,275
2026-04-03 14:13:01 | DEBUG    | [20220318] 1 trades, day P&L=$+30, equity=$103,305
2026-04-03 14:13:01 | DEBUG    | [20220408] 2 trades, day P&L=$+45, equity=$103,350
2026-04-03 14:13:01 | DEBUG    | [20220418] 1 trades, day P&L=$+30, equity=$103,380
2026-04-03 14:13:01 | DEBUG    | [20220422] 2 trades, day P&L=$+895, equity=$104,275
2026-04-03 14:13:01 | DEBUG    | [20220426] 2 trades, day P&L=$+370, equity=$104,645
2026-04-03 14:13:01 | DEBUG    | [20220503] 1 trades, day P&L=$+130, equity=$104,775
2026-04-03 14:13:01 | DEBUG    | [20220509] 2 trades, day P&L=$+1095, equity=$105,870
2026-04-03 14:13:01 | DEBUG    | [20220513] 2 trades, day P&L=$+645, equity=$106,515
2026-04-03 14:13:01 | DEBUG    | [20220517] 1 trades, day P&L=$+30, equity=$106,545
2026-04-03 14:13:01 | DEBUG    | [20220520] 2 trades, day P&L=$+370, equity=$106,915
2026-04-03 14:13:01 | DEBUG    | [20220624] 1 trades, day P&L=$+30, equity=$106,945
2026-04-03 14:13:01 | DEBUG    | [20220628] 1 trades, day P&L=$+30, equity=$106,975
2026-04-03 14:13:01 | DEBUG    | [20220705] 2 trades, day P&L=$+45, equity=$107,020
2026-04-03 14:13:01 | DEBUG    | [20220719] 1 trades, day P&L=$+30, equity=$107,050
2026-04-03 14:13:01 | DEBUG    | [20220902] 2 trades, day P&L=$+170, equity=$107,220
2026-04-03 14:13:01 | DEBUG    | [20220913] 2 trades, day P&L=$+95, equity=$107,315
2026-04-03 14:13:01 | DEBUG    | [20220916] 2 trades, day P&L=$+145, equity=$107,460
2026-04-03 14:13:01 | DEBUG    | [20220923] 2 trades, day P&L=$+195, equity=$107,655
2026-04-03 14:13:01 | DEBUG    | [20220927] 2 trades, day P&L=$+220, equity=$107,875
2026-04-03 14:13:01 | DEBUG    | [20221003] 1 trades, day P&L=$+30, equity=$107,905
2026-04-03 14:13:01 | DEBUG    | [20221007] 2 trades, day P&L=$+395, equity=$108,300
2026-04-03 14:13:01 | DEBUG    | [20221011] 1 trades, day P&L=$+30, equity=$108,330
2026-04-03 14:13:01 | DEBUG    | [20221021] 1 trades, day P&L=$+30, equity=$108,360
2026-04-03 14:13:01 | DEBUG    | [20221115] 1 trades, day P&L=$+80, equity=$108,440
2026-04-03 14:13:01 | DEBUG    | [20221118] 1 trades, day P&L=$+30, equity=$108,470
2026-04-03 14:13:01 | DEBUG    | [20221209] 1 trades, day P&L=$+30, equity=$108,500
2026-04-03 14:13:01 | DEBUG    | [20221213] 1 trades, day P&L=$+30, equity=$108,530
2026-04-03 14:13:01 | DEBUG    | [20230203] 2 trades, day P&L=$+45, equity=$108,575
2026-04-03 14:13:01 | DEBUG    | [20230313] 1 trades, day P&L=$+180, equity=$108,755
2026-04-03 14:13:01 | DEBUG    | [20230331] 2 trades, day P&L=$+95, equity=$108,850
2026-04-03 14:13:02 | DEBUG    | [20230707] 1 trades, day P&L=$+80, equity=$108,930
2026-04-03 14:13:02 | DEBUG    | [20230825] 1 trades, day P&L=$+30, equity=$108,960
2026-04-03 14:13:02 | DEBUG    | [20230929] 1 trades, day P&L=$+80, equity=$109,040
2026-04-03 14:13:02 | DEBUG    | [20240216] 1 trades, day P&L=$+30, equity=$109,070
2026-04-03 14:13:02 | DEBUG    | [20240412] 1 trades, day P&L=$+30, equity=$109,100
2026-04-03 14:13:02 | DEBUG    | [20240415] 1 trades, day P&L=$+30, equity=$109,130
2026-04-03 14:13:02 | DEBUG    | [20240416] 2 trades, day P&L=$+145, equity=$109,275
2026-04-03 14:13:02 | DEBUG    | [20240419] 1 trades, day P&L=$+30, equity=$109,305
2026-04-03 14:13:02 | DEBUG    | [20240422] 1 trades, day P&L=$+30, equity=$109,335
2026-04-03 14:13:02 | DEBUG    | [20240531] 1 trades, day P&L=$+80, equity=$109,415
2026-04-03 14:13:02 | DEBUG    | [20240607] 1 trades, day P&L=$+30, equity=$109,445
2026-04-03 14:13:02 | DEBUG    | [20240628] 1 trades, day P&L=$+230, equity=$109,675
2026-04-03 14:13:02 | DEBUG    | [20240712] 1 trades, day P&L=$+80, equity=$109,755
2026-04-03 14:13:02 | DEBUG    | [20240715] 1 trades, day P&L=$+30, equity=$109,785
2026-04-03 14:13:03 | DEBUG    | [20240719] 1 trades, day P&L=$+80, equity=$109,865
2026-04-03 14:13:03 | DEBUG    | [20240726] 2 trades, day P&L=$+570, equity=$110,435
2026-04-03 14:13:03 | DEBUG    | [20240729] 1 trades, day P&L=$+30, equity=$110,465
2026-04-03 14:13:03 | DEBUG    | [20240730] 1 trades, day P&L=$+80, equity=$110,545
2026-04-03 14:13:03 | DEBUG    | [20240802] 1 trades, day P&L=$+430, equity=$110,975
2026-04-03 14:13:03 | DEBUG    | [20240812] 2 trades, day P&L=$+270, equity=$111,245
2026-04-03 14:13:03 | DEBUG    | [20240813] 1 trades, day P&L=$+30, equity=$111,275
2026-04-03 14:13:03 | DEBUG    | [20240820] 1 trades, day P&L=$+30, equity=$111,305
2026-04-03 14:13:03 | DEBUG    | [20240823] 1 trades, day P&L=$+30, equity=$111,335
2026-04-03 14:13:03 | DEBUG    | [20240830] 1 trades, day P&L=$+80, equity=$111,415
2026-04-03 14:13:03 | DEBUG    | [20240903] 1 trades, day P&L=$+430, equity=$111,845
2026-04-03 14:13:03 | DEBUG    | [20240906] 1 trades, day P&L=$+230, equity=$112,075
2026-04-03 14:13:03 | DEBUG    | [20240913] 1 trades, day P&L=$+30, equity=$112,105
2026-04-03 14:13:03 | DEBUG    | [20240930] 1 trades, day P&L=$+480, equity=$112,585
2026-04-03 14:13:03 | DEBUG    | [20241001] 1 trades, day P&L=$+180, equity=$112,765
2026-04-03 14:13:03 | DEBUG    | [20241025] 1 trades, day P&L=$+30, equity=$112,795
2026-04-03 14:13:03 | DEBUG    | [20241104] 1 trades, day P&L=$+30, equity=$112,825
2026-04-03 14:13:03 | DEBUG    | [20241115] 1 trades, day P&L=$+30, equity=$112,855
2026-04-03 14:13:03 | DEBUG    | [20241220] 1 trades, day P&L=$+480, equity=$113,335
2026-04-03 14:13:03 | DEBUG    | [20241227] 1 trades, day P&L=$+80, equity=$113,415
2026-04-03 14:13:03 | DEBUG    | [20241230] 2 trades, day P&L=$+145, equity=$113,560
2026-04-03 14:13:03 | DEBUG    | [20241231] 1 trades, day P&L=$+480, equity=$114,040
2026-04-03 14:13:03 | DEBUG    | [20250107] 1 trades, day P&L=$+180, equity=$114,220
2026-04-03 14:13:03 | DEBUG    | [20250110] 1 trades, day P&L=$+30, equity=$114,250
2026-04-03 14:13:03 | DEBUG    | [20250127] 1 trades, day P&L=$+30, equity=$114,280
2026-04-03 14:13:03 | DEBUG    | [20250131] 1 trades, day P&L=$+530, equity=$114,810
2026-04-03 14:13:03 | DEBUG    | [20250203] 1 trades, day P&L=$+180, equity=$114,990
2026-04-03 14:13:03 | DEBUG    | [20250207] 1 trades, day P&L=$+30, equity=$115,020
2026-04-03 14:13:03 | DEBUG    | [20250221] 1 trades, day P&L=$+30, equity=$115,050
2026-04-03 14:13:03 | DEBUG    | [20250225] 1 trades, day P&L=$+180, equity=$115,230
2026-04-03 14:13:03 | DEBUG    | [20250310] 1 trades, day P&L=$+830, equity=$116,060
2026-04-03 14:13:03 | DEBUG    | [20250314] 1 trades, day P&L=$+180, equity=$116,240
2026-04-03 14:13:03 | DEBUG    | [20250318] 1 trades, day P&L=$+30, equity=$116,270
2026-04-03 14:13:03 | DEBUG    | [20250321] 1 trades, day P&L=$+30, equity=$116,300
2026-04-03 14:13:03 | DEBUG    | [20250328] 1 trades, day P&L=$+30, equity=$116,330
2026-04-03 14:13:03 | DEBUG    | [20250401] 1 trades, day P&L=$+30, equity=$116,360
2026-04-03 14:13:03 | DEBUG    | [20250415] 2 trades, day P&L=$+70, equity=$116,430
2026-04-03 14:13:03 | DEBUG    | [20250421] 1 trades, day P&L=$+530, equity=$116,960
2026-04-03 14:13:03 | DEBUG    | [20250428] 2 trades, day P&L=$+120, equity=$117,080
2026-04-03 14:13:03 | DEBUG    | [20250502] 1 trades, day P&L=$+30, equity=$117,110
2026-04-03 14:13:03 | DEBUG    | [20250505] 1 trades, day P&L=$+80, equity=$117,190
2026-04-03 14:13:03 | DEBUG    | [20250506] 1 trades, day P&L=$+130, equity=$117,320
2026-04-03 14:13:03 | DEBUG    | [20250509] 1 trades, day P&L=$+30, equity=$117,350
2026-04-03 14:13:03 | DEBUG    | [20250512] 1 trades, day P&L=$+130, equity=$117,480
2026-04-03 14:13:03 | DEBUG    | [20250523] 1 trades, day P&L=$+230, equity=$117,710
2026-04-03 14:13:03 | DEBUG    | [20250530] 2 trades, day P&L=$+870, equity=$118,580
2026-04-03 14:13:03 | DEBUG    | [20250613] 1 trades, day P&L=$+130, equity=$118,710
2026-04-03 14:13:03 | DEBUG    | [20250623] 1 trades, day P&L=$+30, equity=$118,740
2026-04-03 14:13:03 | DEBUG    | [20250630] 1 trades, day P&L=$+30, equity=$118,770
2026-04-03 14:13:03 | DEBUG    | [20250801] 1 trades, day P&L=$+30, equity=$118,800
2026-04-03 14:13:03 | DEBUG    | [20250811] 1 trades, day P&L=$+30, equity=$118,830
2026-04-03 14:13:03 | DEBUG    | [20250930] 1 trades, day P&L=$+30, equity=$118,860
2026-04-03 14:13:03 | DEBUG    | [20251010] 1 trades, day P&L=$+1080, equity=$119,940
2026-04-03 14:13:03 | DEBUG    | [20251031] 1 trades, day P&L=$+80, equity=$120,020
2026-04-03 14:13:03 | DEBUG    | [20251107] 1 trades, day P&L=$+30, equity=$120,050
2026-04-03 14:13:03 | DEBUG    | [20251117] 1 trades, day P&L=$+130, equity=$120,180
2026-04-03 14:13:03 | DEBUG    | [20251118] 2 trades, day P&L=$+145, equity=$120,325
2026-04-03 14:13:04 | DEBUG    | [20260120] 1 trades, day P&L=$+30, equity=$120,355
2026-04-03 14:13:04 | DEBUG    | [20260130] 2 trades, day P&L=$+145, equity=$120,500
2026-04-03 14:13:04 | DEBUG    | [20260206] 1 trades, day P&L=$+130, equity=$120,630
2026-04-03 14:13:04 | DEBUG    | [20260227] 2 trades, day P&L=$+95, equity=$120,725
2026-04-03 14:13:04 | DEBUG    | [20260302] 1 trades, day P&L=$+80, equity=$120,805
2026-04-03 14:13:04 | DEBUG    | [20260303] 1 trades, day P&L=$+130, equity=$120,935
2026-04-03 14:13:04 | DEBUG    | [20260306] 1 trades, day P&L=$+230, equity=$121,165
2026-04-03 14:13:04 | DEBUG    | [20260309] 1 trades, day P&L=$+130, equity=$121,295
2026-04-03 14:13:04 | DEBUG    | [20260310] 2 trades, day P&L=$+120, equity=$121,415
2026-04-03 14:13:04 | DEBUG    | [20260320] 1 trades, day P&L=$+130, equity=$121,545
2026-04-03 14:13:04 | DEBUG    | [20260324] 1 trades, day P&L=$+30, equity=$121,575
2026-04-03 14:13:04 | INFO     | ============================================================
2026-04-03 14:13:04 | INFO     | SKIP REASONS:
2026-04-03 14:13:04 | INFO     |   dow_filter          : 374
2026-04-03 14:13:04 | INFO     |   early_close         : 6
2026-04-03 14:13:04 | INFO     |   no_quotes           : 11
2026-04-03 14:13:04 | INFO     |   prior_return        : 147
2026-04-03 14:13:04 | INFO     |   TOTAL TRADES        : 161
2026-04-03 14:13:04 | INFO     | ============================================================
2026-04-03 14:13:04 | DEBUG    | [20220110] 2 trades, day P&L=$+45, equity=$100,045
2026-04-03 14:13:04 | DEBUG    | [20220114] 1 trades, day P&L=$+130, equity=$100,175
2026-04-03 14:13:04 | DEBUG    | [20220118] 2 trades, day P&L=$+145, equity=$100,320
2026-04-03 14:13:04 | DEBUG    | [20220121] 2 trades, day P&L=$+495, equity=$100,815
2026-04-03 14:13:04 | DEBUG    | [20220128] 2 trades, day P&L=$+395, equity=$101,210
2026-04-03 14:13:04 | DEBUG    | [20220207] 2 trades, day P&L=$+295, equity=$101,505
2026-04-03 14:13:04 | DEBUG    | [20220222] 2 trades, day P&L=$+545, equity=$102,050
2026-04-03 14:13:04 | DEBUG    | [20220225] 2 trades, day P&L=$+145, equity=$102,195
2026-04-03 14:13:04 | DEBUG    | [20220304] 2 trades, day P&L=$+195, equity=$102,390
2026-04-03 14:13:04 | DEBUG    | [20220307] 2 trades, day P&L=$+270, equity=$102,660
2026-04-03 14:13:04 | DEBUG    | [20220311] 2 trades, day P&L=$+395, equity=$103,055
2026-04-03 14:13:04 | DEBUG    | [20220314] 2 trades, day P&L=$+220, equity=$103,275
2026-04-03 14:13:04 | DEBUG    | [20220318] 1 trades, day P&L=$+30, equity=$103,305
2026-04-03 14:13:04 | DEBUG    | [20220408] 2 trades, day P&L=$+45, equity=$103,350
2026-04-03 14:13:04 | DEBUG    | [20220418] 1 trades, day P&L=$+30, equity=$103,380
2026-04-03 14:13:04 | DEBUG    | [20220422] 2 trades, day P&L=$+895, equity=$104,275
2026-04-03 14:13:04 | DEBUG    | [20220426] 2 trades, day P&L=$+370, equity=$104,645
2026-04-03 14:13:04 | DEBUG    | [20220503] 1 trades, day P&L=$+130, equity=$104,775
2026-04-03 14:13:04 | DEBUG    | [20220509] 2 trades, day P&L=$+1095, equity=$105,870
2026-04-03 14:13:04 | DEBUG    | [20220513] 2 trades, day P&L=$+645, equity=$106,515
2026-04-03 14:13:04 | DEBUG    | [20220517] 1 trades, day P&L=$+30, equity=$106,545
2026-04-03 14:13:04 | DEBUG    | [20220520] 2 trades, day P&L=$+370, equity=$106,915
2026-04-03 14:13:04 | DEBUG    | [20220624] 1 trades, day P&L=$+30, equity=$106,945
2026-04-03 14:13:04 | DEBUG    | [20220628] 1 trades, day P&L=$+30, equity=$106,975
2026-04-03 14:13:04 | DEBUG    | [20220705] 2 trades, day P&L=$+45, equity=$107,020
2026-04-03 14:13:04 | DEBUG    | [20220719] 1 trades, day P&L=$+30, equity=$107,050
2026-04-03 14:13:04 | DEBUG    | [20220902] 2 trades, day P&L=$+170, equity=$107,220
2026-04-03 14:13:04 | DEBUG    | [20220913] 2 trades, day P&L=$+95, equity=$107,315
2026-04-03 14:13:04 | DEBUG    | [20220916] 2 trades, day P&L=$+145, equity=$107,460
2026-04-03 14:13:04 | DEBUG    | [20220923] 2 trades, day P&L=$+195, equity=$107,655
2026-04-03 14:13:04 | DEBUG    | [20220927] 2 trades, day P&L=$+220, equity=$107,875
2026-04-03 14:13:04 | DEBUG    | [20221003] 1 trades, day P&L=$+30, equity=$107,905
2026-04-03 14:13:04 | DEBUG    | [20221007] 2 trades, day P&L=$+395, equity=$108,300
2026-04-03 14:13:04 | DEBUG    | [20221011] 1 trades, day P&L=$+30, equity=$108,330
2026-04-03 14:13:04 | DEBUG    | [20221021] 1 trades, day P&L=$+30, equity=$108,360
2026-04-03 14:13:04 | DEBUG    | [20221115] 1 trades, day P&L=$+80, equity=$108,440
2026-04-03 14:13:04 | DEBUG    | [20221118] 1 trades, day P&L=$+30, equity=$108,470
2026-04-03 14:13:04 | DEBUG    | [20221209] 1 trades, day P&L=$+30, equity=$108,500
2026-04-03 14:13:04 | DEBUG    | [20221213] 1 trades, day P&L=$+30, equity=$108,530
2026-04-03 14:13:04 | DEBUG    | [20230203] 2 trades, day P&L=$+45, equity=$108,575
2026-04-03 14:13:05 | DEBUG    | [20230313] 1 trades, day P&L=$+180, equity=$108,755
2026-04-03 14:13:05 | DEBUG    | [20230331] 2 trades, day P&L=$+95, equity=$108,850
2026-04-03 14:13:05 | DEBUG    | [20230707] 1 trades, day P&L=$+80, equity=$108,930
2026-04-03 14:13:05 | DEBUG    | [20230825] 1 trades, day P&L=$+30, equity=$108,960
2026-04-03 14:13:05 | DEBUG    | [20230929] 1 trades, day P&L=$+80, equity=$109,040
2026-04-03 14:13:05 | DEBUG    | [20240216] 1 trades, day P&L=$+30, equity=$109,070
2026-04-03 14:13:05 | DEBUG    | [20240412] 1 trades, day P&L=$+30, equity=$109,100
2026-04-03 14:13:05 | DEBUG    | [20240415] 1 trades, day P&L=$+30, equity=$109,130
2026-04-03 14:13:05 | DEBUG    | [20240416] 2 trades, day P&L=$+145, equity=$109,275
2026-04-03 14:13:05 | DEBUG    | [20240419] 1 trades, day P&L=$+30, equity=$109,305
2026-04-03 14:13:05 | DEBUG    | [20240422] 1 trades, day P&L=$+30, equity=$109,335
2026-04-03 14:13:06 | DEBUG    | [20240531] 1 trades, day P&L=$+80, equity=$109,415
2026-04-03 14:13:06 | DEBUG    | [20240607] 1 trades, day P&L=$+30, equity=$109,445
2026-04-03 14:13:06 | DEBUG    | [20240628] 1 trades, day P&L=$+230, equity=$109,675
2026-04-03 14:13:06 | DEBUG    | [20240712] 1 trades, day P&L=$+80, equity=$109,755
2026-04-03 14:13:06 | DEBUG    | [20240715] 1 trades, day P&L=$+30, equity=$109,785
2026-04-03 14:13:06 | DEBUG    | [20240719] 1 trades, day P&L=$+80, equity=$109,865
2026-04-03 14:13:06 | DEBUG    | [20240726] 2 trades, day P&L=$+570, equity=$110,435
2026-04-03 14:13:06 | DEBUG    | [20240729] 1 trades, day P&L=$+30, equity=$110,465
2026-04-03 14:13:06 | DEBUG    | [20240730] 1 trades, day P&L=$+80, equity=$110,545
2026-04-03 14:13:06 | DEBUG    | [20240802] 1 trades, day P&L=$+430, equity=$110,975
2026-04-03 14:13:06 | DEBUG    | [20240812] 2 trades, day P&L=$+270, equity=$111,245
2026-04-03 14:13:06 | DEBUG    | [20240813] 1 trades, day P&L=$+30, equity=$111,275
2026-04-03 14:13:06 | DEBUG    | [20240820] 1 trades, day P&L=$+30, equity=$111,305
2026-04-03 14:13:06 | DEBUG    | [20240823] 1 trades, day P&L=$+30, equity=$111,335
2026-04-03 14:13:06 | DEBUG    | [20240830] 1 trades, day P&L=$+80, equity=$111,415
2026-04-03 14:13:06 | DEBUG    | [20240903] 1 trades, day P&L=$+430, equity=$111,845
2026-04-03 14:13:06 | DEBUG    | [20240906] 1 trades, day P&L=$+230, equity=$112,075
2026-04-03 14:13:06 | DEBUG    | [20240913] 1 trades, day P&L=$+30, equity=$112,105
2026-04-03 14:13:06 | DEBUG    | [20240930] 1 trades, day P&L=$+480, equity=$112,585
2026-04-03 14:13:06 | DEBUG    | [20241001] 1 trades, day P&L=$+180, equity=$112,765
2026-04-03 14:13:06 | DEBUG    | [20241025] 1 trades, day P&L=$+30, equity=$112,795
2026-04-03 14:13:06 | DEBUG    | [20241104] 1 trades, day P&L=$+30, equity=$112,825
2026-04-03 14:13:06 | DEBUG    | [20241115] 1 trades, day P&L=$+30, equity=$112,855
2026-04-03 14:13:06 | DEBUG    | [20241220] 1 trades, day P&L=$+480, equity=$113,335
2026-04-03 14:13:06 | DEBUG    | [20241227] 1 trades, day P&L=$+80, equity=$113,415
2026-04-03 14:13:06 | DEBUG    | [20241230] 2 trades, day P&L=$+145, equity=$113,560
2026-04-03 14:13:06 | DEBUG    | [20241231] 1 trades, day P&L=$+480, equity=$114,040
2026-04-03 14:13:06 | INFO     | ============================================================
2026-04-03 14:13:06 | INFO     | SKIP REASONS:
2026-04-03 14:13:06 | INFO     |   dow_filter          : 261
2026-04-03 14:13:06 | INFO     |   early_close         : 4
2026-04-03 14:13:06 | INFO     |   no_quotes           : 11
2026-04-03 14:13:06 | INFO     |   prior_return        : 109
2026-04-03 14:13:06 | INFO     |   TOTAL TRADES        : 108
2026-04-03 14:13:06 | INFO     | ============================================================
2026-04-03 14:13:06 | DEBUG    | [20250107] 1 trades, day P&L=$+180, equity=$100,180
2026-04-03 14:13:06 | DEBUG    | [20250110] 1 trades, day P&L=$+30, equity=$100,210
2026-04-03 14:13:06 | DEBUG    | [20250127] 1 trades, day P&L=$+30, equity=$100,240
2026-04-03 14:13:06 | DEBUG    | [20250131] 1 trades, day P&L=$+530, equity=$100,770
2026-04-03 14:13:06 | DEBUG    | [20250203] 1 trades, day P&L=$+180, equity=$100,950
2026-04-03 14:13:06 | DEBUG    | [20250207] 1 trades, day P&L=$+30, equity=$100,980
2026-04-03 14:13:06 | DEBUG    | [20250221] 1 trades, day P&L=$+30, equity=$101,010
2026-04-03 14:13:06 | DEBUG    | [20250225] 1 trades, day P&L=$+180, equity=$101,190
2026-04-03 14:13:06 | DEBUG    | [20250310] 1 trades, day P&L=$+830, equity=$102,020
2026-04-03 14:13:06 | DEBUG    | [20250314] 1 trades, day P&L=$+180, equity=$102,200
2026-04-03 14:13:06 | DEBUG    | [20250318] 1 trades, day P&L=$+30, equity=$102,230
2026-04-03 14:13:06 | DEBUG    | [20250321] 1 trades, day P&L=$+30, equity=$102,260
2026-04-03 14:13:06 | DEBUG    | [20250328] 1 trades, day P&L=$+30, equity=$102,290
2026-04-03 14:13:06 | DEBUG    | [20250401] 1 trades, day P&L=$+30, equity=$102,320
2026-04-03 14:13:06 | DEBUG    | [20250415] 2 trades, day P&L=$+70, equity=$102,390
2026-04-03 14:13:06 | DEBUG    | [20250421] 1 trades, day P&L=$+530, equity=$102,920
2026-04-03 14:13:06 | DEBUG    | [20250428] 2 trades, day P&L=$+120, equity=$103,040
2026-04-03 14:13:06 | DEBUG    | [20250502] 1 trades, day P&L=$+30, equity=$103,070
2026-04-03 14:13:06 | DEBUG    | [20250505] 1 trades, day P&L=$+80, equity=$103,150
2026-04-03 14:13:06 | DEBUG    | [20250506] 1 trades, day P&L=$+130, equity=$103,280
2026-04-03 14:13:06 | DEBUG    | [20250509] 1 trades, day P&L=$+30, equity=$103,310
2026-04-03 14:13:06 | DEBUG    | [20250512] 1 trades, day P&L=$+130, equity=$103,440
2026-04-03 14:13:06 | DEBUG    | [20250523] 1 trades, day P&L=$+230, equity=$103,670
2026-04-03 14:13:06 | DEBUG    | [20250530] 2 trades, day P&L=$+870, equity=$104,540
2026-04-03 14:13:06 | DEBUG    | [20250613] 1 trades, day P&L=$+130, equity=$104,670
2026-04-03 14:13:06 | DEBUG    | [20250623] 1 trades, day P&L=$+30, equity=$104,700
2026-04-03 14:13:06 | DEBUG    | [20250630] 1 trades, day P&L=$+30, equity=$104,730
2026-04-03 14:13:06 | DEBUG    | [20250801] 1 trades, day P&L=$+30, equity=$104,760
2026-04-03 14:13:06 | DEBUG    | [20250811] 1 trades, day P&L=$+30, equity=$104,790
2026-04-03 14:13:07 | DEBUG    | [20250930] 1 trades, day P&L=$+30, equity=$104,820
2026-04-03 14:13:07 | DEBUG    | [20251010] 1 trades, day P&L=$+1080, equity=$105,900
2026-04-03 14:13:07 | DEBUG    | [20251031] 1 trades, day P&L=$+80, equity=$105,980
2026-04-03 14:13:07 | DEBUG    | [20251107] 1 trades, day P&L=$+30, equity=$106,010
2026-04-03 14:13:07 | DEBUG    | [20251117] 1 trades, day P&L=$+130, equity=$106,140
2026-04-03 14:13:07 | DEBUG    | [20251118] 2 trades, day P&L=$+145, equity=$106,285
2026-04-03 14:13:07 | DEBUG    | [20260120] 1 trades, day P&L=$+30, equity=$106,315
2026-04-03 14:13:07 | DEBUG    | [20260130] 2 trades, day P&L=$+145, equity=$106,460
2026-04-03 14:13:07 | DEBUG    | [20260206] 1 trades, day P&L=$+130, equity=$106,590
2026-04-03 14:13:07 | DEBUG    | [20260227] 2 trades, day P&L=$+95, equity=$106,685
2026-04-03 14:13:07 | DEBUG    | [20260302] 1 trades, day P&L=$+80, equity=$106,765
2026-04-03 14:13:07 | DEBUG    | [20260303] 1 trades, day P&L=$+130, equity=$106,895
2026-04-03 14:13:07 | DEBUG    | [20260306] 1 trades, day P&L=$+230, equity=$107,125
2026-04-03 14:13:07 | DEBUG    | [20260309] 1 trades, day P&L=$+130, equity=$107,255
2026-04-03 14:13:07 | DEBUG    | [20260310] 2 trades, day P&L=$+120, equity=$107,375
2026-04-03 14:13:07 | DEBUG    | [20260320] 1 trades, day P&L=$+130, equity=$107,505
2026-04-03 14:13:07 | DEBUG    | [20260324] 1 trades, day P&L=$+30, equity=$107,535
2026-04-03 14:13:07 | INFO     | ============================================================
2026-04-03 14:13:07 | INFO     | SKIP REASONS:
2026-04-03 14:13:07 | INFO     |   dow_filter          : 113
2026-04-03 14:13:07 | INFO     |   early_close         : 2
2026-04-03 14:13:07 | INFO     |   prior_return        : 38
2026-04-03 14:13:07 | INFO     |   TOTAL TRADES        : 53
2026-04-03 14:13:07 | INFO     | ============================================================
