2026-04-03 14:02:46 | INFO     | Log file: /Users/jeerapongwongchote/Documents/thetadata/apex/logs/apex_run_20260403_140246.log
2026-04-03 14:02:51 | INFO     | Built daily indicators: 1065 dates (20220103 → 20260401)
2026-04-03 14:02:51 | DEBUG    | [20220110] 2 trades, day P&L=$+60, equity=$100,060
2026-04-03 14:02:51 | DEBUG    | [20220114] 1 trades, day P&L=$+130, equity=$100,190
2026-04-03 14:02:51 | DEBUG    | [20220118] 2 trades, day P&L=$+210, equity=$100,400
2026-04-03 14:02:51 | DEBUG    | [20220121] 2 trades, day P&L=$+510, equity=$100,910
2026-04-03 14:02:51 | DEBUG    | [20220128] 2 trades, day P&L=$+510, equity=$101,420
2026-04-03 14:02:51 | DEBUG    | [20220207] 2 trades, day P&L=$+360, equity=$101,780
2026-04-03 14:02:51 | DEBUG    | [20220222] 2 trades, day P&L=$+760, equity=$102,540
2026-04-03 14:02:51 | DEBUG    | [20220225] 2 trades, day P&L=$+260, equity=$102,800
2026-04-03 14:02:51 | DEBUG    | [20220304] 2 trades, day P&L=$+260, equity=$103,060
2026-04-03 14:02:51 | DEBUG    | [20220307] 2 trades, day P&L=$+410, equity=$103,470
2026-04-03 14:02:51 | DEBUG    | [20220311] 2 trades, day P&L=$+410, equity=$103,880
2026-04-03 14:02:51 | DEBUG    | [20220314] 2 trades, day P&L=$+310, equity=$104,190
2026-04-03 14:02:51 | DEBUG    | [20220318] 1 trades, day P&L=$+30, equity=$104,220
2026-04-03 14:02:51 | DEBUG    | [20220331] 2 trades, day P&L=$+1060, equity=$105,280
2026-04-03 14:02:51 | DEBUG    | [20220408] 2 trades, day P&L=$+60, equity=$105,340
2026-04-03 14:02:51 | DEBUG    | [20220414] 1 trades, day P&L=$+30, equity=$105,370
2026-04-03 14:02:51 | DEBUG    | [20220418] 1 trades, day P&L=$+30, equity=$105,400
2026-04-03 14:02:51 | DEBUG    | [20220422] 2 trades, day P&L=$+1010, equity=$106,410
2026-04-03 14:02:51 | DEBUG    | [20220509] 2 trades, day P&L=$+1460, equity=$107,870
2026-04-03 14:02:51 | DEBUG    | [20220513] 2 trades, day P&L=$+660, equity=$108,530
2026-04-03 14:02:51 | DEBUG    | [20220517] 1 trades, day P&L=$+30, equity=$108,560
2026-04-03 14:02:51 | DEBUG    | [20220520] 2 trades, day P&L=$+410, equity=$108,970
2026-04-03 14:02:51 | DEBUG    | [20220526] 1 trades, day P&L=$+80, equity=$109,050
2026-04-03 14:02:51 | DEBUG    | [20220609] 1 trades, day P&L=$+30, equity=$109,080
2026-04-03 14:02:51 | DEBUG    | [20220616] 2 trades, day P&L=$+60, equity=$109,140
2026-04-03 14:02:51 | DEBUG    | [20220623] 1 trades, day P&L=$+30, equity=$109,170
2026-04-03 14:02:51 | DEBUG    | [20220624] 1 trades, day P&L=$+30, equity=$109,200
2026-04-03 14:02:51 | DEBUG    | [20220628] 1 trades, day P&L=$+30, equity=$109,230
2026-04-03 14:02:51 | DEBUG    | [20220630] 2 trades, day P&L=$-620, equity=$108,610
2026-04-03 14:02:51 | DEBUG    | [20220705] 2 trades, day P&L=$+60, equity=$108,670
2026-04-03 14:02:51 | DEBUG    | [20220707] 1 trades, day P&L=$+30, equity=$108,700
2026-04-03 14:02:51 | DEBUG    | [20220719] 1 trades, day P&L=$+30, equity=$108,730
2026-04-03 14:02:52 | DEBUG    | [20220902] 2 trades, day P&L=$+210, equity=$108,940
2026-04-03 14:02:52 | DEBUG    | [20220913] 2 trades, day P&L=$+110, equity=$109,050
2026-04-03 14:02:52 | DEBUG    | [20220915] 1 trades, day P&L=$+130, equity=$109,180
2026-04-03 14:02:52 | DEBUG    | [20220916] 2 trades, day P&L=$+210, equity=$109,390
2026-04-03 14:02:52 | DEBUG    | [20220923] 2 trades, day P&L=$+260, equity=$109,650
2026-04-03 14:02:52 | DEBUG    | [20220927] 2 trades, day P&L=$+260, equity=$109,910
2026-04-03 14:02:52 | DEBUG    | [20221003] 1 trades, day P&L=$+30, equity=$109,940
2026-04-03 14:02:52 | DEBUG    | [20221006] 1 trades, day P&L=$+130, equity=$110,070
2026-04-03 14:02:52 | DEBUG    | [20221007] 2 trades, day P&L=$+510, equity=$110,580
2026-04-03 14:02:52 | DEBUG    | [20221011] 1 trades, day P&L=$+30, equity=$110,610
2026-04-03 14:02:52 | DEBUG    | [20221013] 2 trades, day P&L=$+360, equity=$110,970
2026-04-03 14:02:52 | DEBUG    | [20221020] 2 trades, day P&L=$+60, equity=$111,030
2026-04-03 14:02:52 | DEBUG    | [20221115] 1 trades, day P&L=$+80, equity=$111,110
2026-04-03 14:02:52 | DEBUG    | [20221118] 1 trades, day P&L=$+30, equity=$111,140
2026-04-03 14:02:52 | DEBUG    | [20221209] 1 trades, day P&L=$+30, equity=$111,170
2026-04-03 14:02:52 | DEBUG    | [20221213] 1 trades, day P&L=$+30, equity=$111,200
2026-04-03 14:02:52 | DEBUG    | [20221215] 1 trades, day P&L=$+30, equity=$111,230
2026-04-03 14:02:52 | DEBUG    | [20230202] 1 trades, day P&L=$+30, equity=$111,260
2026-04-03 14:02:52 | DEBUG    | [20230203] 2 trades, day P&L=$+60, equity=$111,320
2026-04-03 14:02:52 | DEBUG    | [20230309] 2 trades, day P&L=$+160, equity=$111,480
2026-04-03 14:02:52 | DEBUG    | [20230313] 1 trades, day P&L=$+180, equity=$111,660
2026-04-03 14:02:52 | DEBUG    | [20230316] 2 trades, day P&L=$+160, equity=$111,820
2026-04-03 14:02:52 | DEBUG    | [20230331] 2 trades, day P&L=$+110, equity=$111,930
2026-04-03 14:02:53 | DEBUG    | [20230707] 1 trades, day P&L=$+80, equity=$112,010
2026-04-03 14:02:53 | DEBUG    | [20230825] 1 trades, day P&L=$+30, equity=$112,040
2026-04-03 14:02:53 | DEBUG    | [20230929] 1 trades, day P&L=$+80, equity=$112,120
2026-04-03 14:02:53 | DEBUG    | [20231019] 1 trades, day P&L=$+30, equity=$112,150
2026-04-03 14:02:53 | DEBUG    | [20240216] 1 trades, day P&L=$+30, equity=$112,180
2026-04-03 14:02:53 | DEBUG    | [20240404] 1 trades, day P&L=$+80, equity=$112,260
2026-04-03 14:02:54 | DEBUG    | [20240412] 1 trades, day P&L=$+30, equity=$112,290
2026-04-03 14:02:54 | DEBUG    | [20240415] 1 trades, day P&L=$+30, equity=$112,320
2026-04-03 14:02:54 | DEBUG    | [20240416] 2 trades, day P&L=$+110, equity=$112,430
2026-04-03 14:02:54 | DEBUG    | [20240418] 1 trades, day P&L=$+30, equity=$112,460
2026-04-03 14:02:54 | DEBUG    | [20240419] 1 trades, day P&L=$+30, equity=$112,490
2026-04-03 14:02:54 | DEBUG    | [20240422] 1 trades, day P&L=$+30, equity=$112,520
2026-04-03 14:02:54 | DEBUG    | [20240531] 1 trades, day P&L=$+80, equity=$112,600
2026-04-03 14:02:54 | DEBUG    | [20240607] 1 trades, day P&L=$+30, equity=$112,630
2026-04-03 14:02:54 | DEBUG    | [20240627] 1 trades, day P&L=$+30, equity=$112,660
2026-04-03 14:02:54 | DEBUG    | [20240628] 1 trades, day P&L=$+230, equity=$112,890
2026-04-03 14:02:54 | DEBUG    | [20240712] 1 trades, day P&L=$+80, equity=$112,970
2026-04-03 14:02:54 | DEBUG    | [20240715] 1 trades, day P&L=$+30, equity=$113,000
2026-04-03 14:02:54 | DEBUG    | [20240718] 1 trades, day P&L=$+180, equity=$113,180
2026-04-03 14:02:54 | DEBUG    | [20240719] 1 trades, day P&L=$+80, equity=$113,260
2026-04-03 14:02:54 | DEBUG    | [20240726] 2 trades, day P&L=$+660, equity=$113,920
2026-04-03 14:02:54 | DEBUG    | [20240729] 1 trades, day P&L=$+30, equity=$113,950
2026-04-03 14:02:54 | DEBUG    | [20240730] 1 trades, day P&L=$+80, equity=$114,030
2026-04-03 14:02:54 | DEBUG    | [20240802] 1 trades, day P&L=$+380, equity=$114,410
2026-04-03 14:02:54 | DEBUG    | [20240808] 1 trades, day P&L=$+30, equity=$114,440
2026-04-03 14:02:54 | DEBUG    | [20240812] 2 trades, day P&L=$+310, equity=$114,750
2026-04-03 14:02:54 | DEBUG    | [20240813] 1 trades, day P&L=$+30, equity=$114,780
2026-04-03 14:02:54 | DEBUG    | [20240820] 1 trades, day P&L=$+30, equity=$114,810
2026-04-03 14:02:54 | DEBUG    | [20240823] 1 trades, day P&L=$+30, equity=$114,840
2026-04-03 14:02:54 | DEBUG    | [20240829] 1 trades, day P&L=$+230, equity=$115,070
2026-04-03 14:02:54 | DEBUG    | [20240830] 1 trades, day P&L=$+80, equity=$115,150
2026-04-03 14:02:54 | DEBUG    | [20240903] 1 trades, day P&L=$+380, equity=$115,530
2026-04-03 14:02:54 | DEBUG    | [20240905] 1 trades, day P&L=$+30, equity=$115,560
2026-04-03 14:02:54 | DEBUG    | [20240906] 1 trades, day P&L=$+230, equity=$115,790
2026-04-03 14:02:54 | DEBUG    | [20240913] 1 trades, day P&L=$+30, equity=$115,820
2026-04-03 14:02:54 | DEBUG    | [20240919] 1 trades, day P&L=$+30, equity=$115,850
2026-04-03 14:02:54 | DEBUG    | [20240930] 1 trades, day P&L=$+480, equity=$116,330
2026-04-03 14:02:54 | DEBUG    | [20241001] 1 trades, day P&L=$+180, equity=$116,510
2026-04-03 14:02:54 | DEBUG    | [20241010] 1 trades, day P&L=$+30, equity=$116,540
2026-04-03 14:02:54 | DEBUG    | [20241025] 1 trades, day P&L=$+30, equity=$116,570
2026-04-03 14:02:54 | DEBUG    | [20241031] 1 trades, day P&L=$+30, equity=$116,600
2026-04-03 14:02:54 | DEBUG    | [20241104] 1 trades, day P&L=$+30, equity=$116,630
2026-04-03 14:02:54 | DEBUG    | [20241115] 1 trades, day P&L=$+30, equity=$116,660
2026-04-03 14:02:54 | DEBUG    | [20241220] 1 trades, day P&L=$+430, equity=$117,090
2026-04-03 14:02:54 | DEBUG    | [20241227] 1 trades, day P&L=$+80, equity=$117,170
2026-04-03 14:02:54 | DEBUG    | [20241230] 2 trades, day P&L=$+210, equity=$117,380
2026-04-03 14:02:54 | DEBUG    | [20241231] 1 trades, day P&L=$+430, equity=$117,810
2026-04-03 14:02:54 | DEBUG    | [20250102] 1 trades, day P&L=$+230, equity=$118,040
2026-04-03 14:02:54 | DEBUG    | [20250107] 1 trades, day P&L=$+180, equity=$118,220
2026-04-03 14:02:54 | DEBUG    | [20250110] 1 trades, day P&L=$+30, equity=$118,250
2026-04-03 14:02:54 | DEBUG    | [20250127] 1 trades, day P&L=$+30, equity=$118,280
2026-04-03 14:02:54 | DEBUG    | [20250131] 1 trades, day P&L=$+480, equity=$118,760
2026-04-03 14:02:54 | DEBUG    | [20250203] 1 trades, day P&L=$+180, equity=$118,940
2026-04-03 14:02:55 | DEBUG    | [20250207] 1 trades, day P&L=$+30, equity=$118,970
2026-04-03 14:02:55 | DEBUG    | [20250221] 1 trades, day P&L=$+30, equity=$119,000
2026-04-03 14:02:55 | DEBUG    | [20250225] 1 trades, day P&L=$+180, equity=$119,180
2026-04-03 14:02:55 | DEBUG    | [20250227] 1 trades, day P&L=$+180, equity=$119,360
2026-04-03 14:02:55 | DEBUG    | [20250306] 1 trades, day P&L=$+1030, equity=$120,390
2026-04-03 14:02:55 | DEBUG    | [20250310] 1 trades, day P&L=$+730, equity=$121,120
2026-04-03 14:02:55 | DEBUG    | [20250313] 1 trades, day P&L=$+80, equity=$121,200
2026-04-03 14:02:55 | DEBUG    | [20250314] 1 trades, day P&L=$+180, equity=$121,380
2026-04-03 14:02:55 | DEBUG    | [20250318] 1 trades, day P&L=$+30, equity=$121,410
2026-04-03 14:02:55 | DEBUG    | [20250321] 1 trades, day P&L=$+30, equity=$121,440
2026-04-03 14:02:55 | DEBUG    | [20250327] 2 trades, day P&L=$+60, equity=$121,500
2026-04-03 14:02:55 | DEBUG    | [20250328] 1 trades, day P&L=$+30, equity=$121,530
2026-04-03 14:02:55 | DEBUG    | [20250401] 1 trades, day P&L=$+30, equity=$121,560
2026-04-03 14:02:55 | DEBUG    | [20250403] 1 trades, day P&L=$+580, equity=$122,140
2026-04-03 14:02:55 | DEBUG    | [20250408] 1 trades, day P&L=$+1830, equity=$123,970
2026-04-03 14:02:55 | DEBUG    | [20250415] 2 trades, day P&L=$+110, equity=$124,080
2026-04-03 14:02:55 | DEBUG    | [20250421] 1 trades, day P&L=$+530, equity=$124,610
2026-04-03 14:02:55 | DEBUG    | [20250428] 2 trades, day P&L=$+210, equity=$124,820
2026-04-03 14:02:55 | DEBUG    | [20250501] 2 trades, day P&L=$-740, equity=$124,080
2026-04-03 14:02:55 | DEBUG    | [20250502] 1 trades, day P&L=$+30, equity=$124,110
2026-04-03 14:02:55 | DEBUG    | [20250505] 1 trades, day P&L=$+80, equity=$124,190
2026-04-03 14:02:55 | DEBUG    | [20250506] 1 trades, day P&L=$+130, equity=$124,320
2026-04-03 14:02:55 | DEBUG    | [20250508] 2 trades, day P&L=$+610, equity=$124,930
2026-04-03 14:02:55 | DEBUG    | [20250509] 1 trades, day P&L=$+30, equity=$124,960
2026-04-03 14:02:55 | DEBUG    | [20250523] 1 trades, day P&L=$+230, equity=$125,190
2026-04-03 14:02:55 | DEBUG    | [20250529] 1 trades, day P&L=$+130, equity=$125,320
2026-04-03 14:02:55 | DEBUG    | [20250530] 2 trades, day P&L=$+1110, equity=$126,430
2026-04-03 14:02:55 | DEBUG    | [20250605] 1 trades, day P&L=$+80, equity=$126,510
2026-04-03 14:02:55 | DEBUG    | [20250613] 1 trades, day P&L=$+80, equity=$126,590
2026-04-03 14:02:55 | DEBUG    | [20250623] 1 trades, day P&L=$+30, equity=$126,620
2026-04-03 14:02:55 | DEBUG    | [20250630] 1 trades, day P&L=$+30, equity=$126,650
2026-04-03 14:02:55 | DEBUG    | [20250731] 1 trades, day P&L=$+180, equity=$126,830
2026-04-03 14:02:55 | DEBUG    | [20250801] 1 trades, day P&L=$+30, equity=$126,860
2026-04-03 14:02:55 | DEBUG    | [20250811] 1 trades, day P&L=$+30, equity=$126,890
2026-04-03 14:02:55 | DEBUG    | [20250930] 1 trades, day P&L=$+30, equity=$126,920
2026-04-03 14:02:55 | DEBUG    | [20251010] 1 trades, day P&L=$+980, equity=$127,900
2026-04-03 14:02:55 | DEBUG    | [20251016] 1 trades, day P&L=$+230, equity=$128,130
2026-04-03 14:02:55 | DEBUG    | [20251031] 1 trades, day P&L=$+80, equity=$128,210
2026-04-03 14:02:56 | DEBUG    | [20251106] 1 trades, day P&L=$+80, equity=$128,290
2026-04-03 14:02:56 | DEBUG    | [20251107] 1 trades, day P&L=$+30, equity=$128,320
2026-04-03 14:02:56 | DEBUG    | [20251113] 1 trades, day P&L=$+130, equity=$128,450
2026-04-03 14:02:56 | DEBUG    | [20251117] 1 trades, day P&L=$+130, equity=$128,580
2026-04-03 14:02:56 | DEBUG    | [20251118] 2 trades, day P&L=$+160, equity=$128,740
2026-04-03 14:02:56 | DEBUG    | [20251120] 1 trades, day P&L=$+430, equity=$129,170
2026-04-03 14:02:56 | DEBUG    | [20251218] 2 trades, day P&L=$+310, equity=$129,480
2026-04-03 14:02:56 | DEBUG    | [20260120] 1 trades, day P&L=$+30, equity=$129,510
2026-04-03 14:02:56 | DEBUG    | [20260130] 2 trades, day P&L=$+210, equity=$129,720
2026-04-03 14:02:56 | DEBUG    | [20260205] 1 trades, day P&L=$+230, equity=$129,950
2026-04-03 14:02:56 | DEBUG    | [20260206] 1 trades, day P&L=$+130, equity=$130,080
2026-04-03 14:02:56 | DEBUG    | [20260212] 1 trades, day P&L=$+180, equity=$130,260
2026-04-03 14:02:56 | DEBUG    | [20260227] 2 trades, day P&L=$+160, equity=$130,420
2026-04-03 14:02:56 | DEBUG    | [20260302] 1 trades, day P&L=$+80, equity=$130,500
2026-04-03 14:02:56 | DEBUG    | [20260303] 1 trades, day P&L=$+80, equity=$130,580
2026-04-03 14:02:56 | DEBUG    | [20260305] 1 trades, day P&L=$+130, equity=$130,710
2026-04-03 14:02:56 | DEBUG    | [20260306] 1 trades, day P&L=$+30, equity=$130,740
2026-04-03 14:02:56 | DEBUG    | [20260309] 1 trades, day P&L=$+130, equity=$130,870
2026-04-03 14:02:56 | DEBUG    | [20260310] 1 trades, day P&L=$+80, equity=$130,950
2026-04-03 14:02:56 | DEBUG    | [20260320] 1 trades, day P&L=$+130, equity=$131,080
2026-04-03 14:02:56 | DEBUG    | [20260324] 1 trades, day P&L=$+30, equity=$131,110
2026-04-03 14:02:56 | INFO     | ============================================================
2026-04-03 14:02:56 | INFO     | SKIP REASONS:
2026-04-03 14:02:56 | INFO     |   dow_filter          : 192
2026-04-03 14:02:56 | INFO     |   early_close         : 6
2026-04-03 14:02:56 | INFO     |   no_quotes           : 21
2026-04-03 14:02:56 | INFO     |   prior_return        : 147
2026-04-03 14:02:56 | INFO     |   TOTAL TRADES        : 213
2026-04-03 14:02:56 | INFO     | ============================================================
2026-04-03 14:02:56 | INFO     | [ITER 138] rsi_30_70 → SWEEP | P&L=$23,580, Sharpe=10.28, DD=$-820
2026-04-03 14:02:56 | INFO     | [ITER 139] rsi_25_75 → SWEEP | P&L=$26,600, Sharpe=10.38, DD=$-820
2026-04-03 14:02:56 | INFO     | [ITER 140] rsi_20_80 → SWEEP | P&L=$29,910, Sharpe=10.02, DD=$-820
2026-04-03 14:02:56 | INFO     | [ITER 141] rsi_35_65 → SWEEP | P&L=$19,070, Sharpe=10.79, DD=$-820
2026-04-03 14:02:56 | INFO     | [ITER 142] rsi_40_60 → SWEEP | P&L=$6,870, Sharpe=9.99, DD=$-820
2026-04-03 14:02:56 | INFO     | [ITER 143] sma200_above_sma200 → SWEEP | P&L=$26,510, Sharpe=11.52, DD=$-700
2026-04-03 14:02:56 | INFO     | [ITER 144] sma200_below_sma200 → SWEEP | P&L=$15,570, Sharpe=9.45, DD=$-820
2026-04-03 14:02:56 | INFO     | [ITER 145] prior_day_green → SWEEP | P&L=$10,540, Sharpe=9.61, DD=$-820
2026-04-03 14:02:56 | INFO     | [ITER 146] prior_day_red → SWEEP | P&L=$20,570, Sharpe=10.75, DD=$-700
2026-04-03 14:02:56 | DEBUG    | [20220110] 2 trades, day P&L=$+60, equity=$100,060
2026-04-03 14:02:56 | DEBUG    | [20220114] 1 trades, day P&L=$+80, equity=$100,140
2026-04-03 14:02:56 | DEBUG    | [20220118] 2 trades, day P&L=$+160, equity=$100,300
2026-04-03 14:02:56 | DEBUG    | [20220121] 2 trades, day P&L=$+410, equity=$100,710
2026-04-03 14:02:56 | DEBUG    | [20220128] 2 trades, day P&L=$+410, equity=$101,120
2026-04-03 14:02:56 | DEBUG    | [20220207] 2 trades, day P&L=$+260, equity=$101,380
2026-04-03 14:02:56 | DEBUG    | [20220222] 2 trades, day P&L=$+610, equity=$101,990
2026-04-03 14:02:56 | DEBUG    | [20220225] 2 trades, day P&L=$+260, equity=$102,250
2026-04-03 14:02:56 | DEBUG    | [20220304] 2 trades, day P&L=$+260, equity=$102,510
2026-04-03 14:02:56 | DEBUG    | [20220307] 2 trades, day P&L=$+360, equity=$102,870
2026-04-03 14:02:56 | DEBUG    | [20220311] 2 trades, day P&L=$+360, equity=$103,230
2026-04-03 14:02:56 | DEBUG    | [20220314] 2 trades, day P&L=$+260, equity=$103,490
2026-04-03 14:02:56 | DEBUG    | [20220331] 2 trades, day P&L=$+960, equity=$104,450
2026-04-03 14:02:56 | DEBUG    | [20220408] 2 trades, day P&L=$+60, equity=$104,510
2026-04-03 14:02:56 | DEBUG    | [20220414] 1 trades, day P&L=$+30, equity=$104,540
2026-04-03 14:02:56 | DEBUG    | [20220418] 1 trades, day P&L=$+30, equity=$104,570
2026-04-03 14:02:56 | DEBUG    | [20220422] 2 trades, day P&L=$+860, equity=$105,430
2026-04-03 14:02:56 | DEBUG    | [20220426] 2 trades, day P&L=$+410, equity=$105,840
2026-04-03 14:02:56 | DEBUG    | [20220503] 1 trades, day P&L=$+130, equity=$105,970
2026-04-03 14:02:56 | DEBUG    | [20220509] 2 trades, day P&L=$+1260, equity=$107,230
2026-04-03 14:02:56 | DEBUG    | [20220513] 2 trades, day P&L=$+660, equity=$107,890
2026-04-03 14:02:56 | DEBUG    | [20220517] 1 trades, day P&L=$+30, equity=$107,920
2026-04-03 14:02:56 | DEBUG    | [20220520] 2 trades, day P&L=$+360, equity=$108,280
2026-04-03 14:02:56 | DEBUG    | [20220526] 1 trades, day P&L=$+80, equity=$108,360
2026-04-03 14:02:56 | DEBUG    | [20220602] 1 trades, day P&L=$+30, equity=$108,390
2026-04-03 14:02:56 | DEBUG    | [20220609] 1 trades, day P&L=$+30, equity=$108,420
2026-04-03 14:02:57 | DEBUG    | [20220623] 1 trades, day P&L=$+30, equity=$108,450
2026-04-03 14:02:57 | DEBUG    | [20220624] 1 trades, day P&L=$+30, equity=$108,480
2026-04-03 14:02:57 | DEBUG    | [20220628] 1 trades, day P&L=$+30, equity=$108,510
2026-04-03 14:02:57 | DEBUG    | [20220630] 1 trades, day P&L=$-750, equity=$107,760
2026-04-03 14:02:57 | DEBUG    | [20220705] 1 trades, day P&L=$+30, equity=$107,790
2026-04-03 14:02:57 | DEBUG    | [20220707] 1 trades, day P&L=$+30, equity=$107,820
2026-04-03 14:02:57 | DEBUG    | [20220902] 2 trades, day P&L=$+160, equity=$107,980
2026-04-03 14:02:57 | DEBUG    | [20220913] 1 trades, day P&L=$+30, equity=$108,010
2026-04-03 14:02:57 | DEBUG    | [20220915] 1 trades, day P&L=$+130, equity=$108,140
2026-04-03 14:02:57 | DEBUG    | [20220916] 2 trades, day P&L=$+210, equity=$108,350
2026-04-03 14:02:57 | DEBUG    | [20220923] 2 trades, day P&L=$+210, equity=$108,560
2026-04-03 14:02:57 | DEBUG    | [20220927] 2 trades, day P&L=$+210, equity=$108,770
2026-04-03 14:02:57 | DEBUG    | [20221003] 1 trades, day P&L=$+30, equity=$108,800
2026-04-03 14:02:57 | DEBUG    | [20221006] 1 trades, day P&L=$+130, equity=$108,930
2026-04-03 14:02:57 | DEBUG    | [20221007] 2 trades, day P&L=$+460, equity=$109,390
2026-04-03 14:02:57 | DEBUG    | [20221011] 1 trades, day P&L=$+30, equity=$109,420
2026-04-03 14:02:57 | DEBUG    | [20221013] 2 trades, day P&L=$+210, equity=$109,630
2026-04-03 14:02:57 | DEBUG    | [20221020] 2 trades, day P&L=$+60, equity=$109,690
2026-04-03 14:02:57 | DEBUG    | [20221115] 1 trades, day P&L=$+80, equity=$109,770
2026-04-03 14:02:57 | DEBUG    | [20221118] 1 trades, day P&L=$+30, equity=$109,800
2026-04-03 14:02:57 | DEBUG    | [20221209] 1 trades, day P&L=$+30, equity=$109,830
2026-04-03 14:02:57 | DEBUG    | [20221213] 1 trades, day P&L=$+30, equity=$109,860
2026-04-03 14:02:57 | DEBUG    | [20221215] 1 trades, day P&L=$+30, equity=$109,890
2026-04-03 14:02:57 | DEBUG    | [20230202] 1 trades, day P&L=$+30, equity=$109,920
2026-04-03 14:02:57 | DEBUG    | [20230203] 2 trades, day P&L=$+60, equity=$109,980
2026-04-03 14:02:58 | DEBUG    | [20230309] 2 trades, day P&L=$+110, equity=$110,090
2026-04-03 14:02:58 | DEBUG    | [20230313] 1 trades, day P&L=$+130, equity=$110,220
2026-04-03 14:02:58 | DEBUG    | [20230316] 2 trades, day P&L=$+160, equity=$110,380
2026-04-03 14:02:58 | DEBUG    | [20230331] 1 trades, day P&L=$+30, equity=$110,410
2026-04-03 14:02:58 | DEBUG    | [20231019] 1 trades, day P&L=$+30, equity=$110,440
2026-04-03 14:02:59 | DEBUG    | [20240216] 1 trades, day P&L=$+30, equity=$110,470
2026-04-03 14:02:59 | DEBUG    | [20240415] 1 trades, day P&L=$+30, equity=$110,500
2026-04-03 14:02:59 | DEBUG    | [20240416] 2 trades, day P&L=$+110, equity=$110,610
2026-04-03 14:02:59 | DEBUG    | [20240418] 1 trades, day P&L=$+30, equity=$110,640
2026-04-03 14:02:59 | DEBUG    | [20240419] 1 trades, day P&L=$+30, equity=$110,670
2026-04-03 14:02:59 | DEBUG    | [20240422] 1 trades, day P&L=$+30, equity=$110,700
2026-04-03 14:02:59 | DEBUG    | [20240531] 1 trades, day P&L=$+80, equity=$110,780
2026-04-03 14:02:59 | DEBUG    | [20240607] 1 trades, day P&L=$+30, equity=$110,810
2026-04-03 14:02:59 | DEBUG    | [20240627] 1 trades, day P&L=$+30, equity=$110,840
2026-04-03 14:02:59 | DEBUG    | [20240628] 1 trades, day P&L=$+180, equity=$111,020
2026-04-03 14:02:59 | DEBUG    | [20240712] 1 trades, day P&L=$+80, equity=$111,100
2026-04-03 14:02:59 | DEBUG    | [20240715] 1 trades, day P&L=$+30, equity=$111,130
2026-04-03 14:02:59 | DEBUG    | [20240718] 1 trades, day P&L=$+180, equity=$111,310
2026-04-03 14:02:59 | DEBUG    | [20240726] 2 trades, day P&L=$+560, equity=$111,870
2026-04-03 14:02:59 | DEBUG    | [20240729] 1 trades, day P&L=$+30, equity=$111,900
2026-04-03 14:03:00 | DEBUG    | [20240730] 1 trades, day P&L=$+80, equity=$111,980
2026-04-03 14:03:00 | DEBUG    | [20240802] 1 trades, day P&L=$+330, equity=$112,310
2026-04-03 14:03:00 | DEBUG    | [20240808] 1 trades, day P&L=$+30, equity=$112,340
2026-04-03 14:03:00 | DEBUG    | [20240812] 2 trades, day P&L=$+260, equity=$112,600
2026-04-03 14:03:00 | DEBUG    | [20240813] 1 trades, day P&L=$+30, equity=$112,630
2026-04-03 14:03:00 | DEBUG    | [20240820] 1 trades, day P&L=$+30, equity=$112,660
2026-04-03 14:03:00 | DEBUG    | [20240823] 1 trades, day P&L=$+30, equity=$112,690
2026-04-03 14:03:00 | DEBUG    | [20240829] 1 trades, day P&L=$+230, equity=$112,920
2026-04-03 14:03:00 | DEBUG    | [20240830] 1 trades, day P&L=$+80, equity=$113,000
2026-04-03 14:03:00 | DEBUG    | [20240903] 1 trades, day P&L=$+280, equity=$113,280
2026-04-03 14:03:00 | DEBUG    | [20240905] 1 trades, day P&L=$+30, equity=$113,310
2026-04-03 14:03:00 | DEBUG    | [20240906] 1 trades, day P&L=$+180, equity=$113,490
2026-04-03 14:03:00 | DEBUG    | [20240913] 1 trades, day P&L=$+30, equity=$113,520
2026-04-03 14:03:00 | DEBUG    | [20240919] 1 trades, day P&L=$+30, equity=$113,550
2026-04-03 14:03:00 | DEBUG    | [20240930] 1 trades, day P&L=$+430, equity=$113,980
2026-04-03 14:03:00 | DEBUG    | [20241001] 1 trades, day P&L=$+130, equity=$114,110
2026-04-03 14:03:00 | DEBUG    | [20241010] 1 trades, day P&L=$+30, equity=$114,140
2026-04-03 14:03:00 | DEBUG    | [20241025] 1 trades, day P&L=$+30, equity=$114,170
2026-04-03 14:03:00 | DEBUG    | [20241031] 1 trades, day P&L=$+30, equity=$114,200
2026-04-03 14:03:00 | DEBUG    | [20241104] 1 trades, day P&L=$+30, equity=$114,230
2026-04-03 14:03:00 | DEBUG    | [20241115] 1 trades, day P&L=$+30, equity=$114,260
2026-04-03 14:03:00 | DEBUG    | [20241220] 1 trades, day P&L=$+330, equity=$114,590
2026-04-03 14:03:00 | DEBUG    | [20241230] 2 trades, day P&L=$+210, equity=$114,800
2026-04-03 14:03:00 | DEBUG    | [20241231] 1 trades, day P&L=$+380, equity=$115,180
2026-04-03 14:03:00 | DEBUG    | [20250102] 1 trades, day P&L=$+180, equity=$115,360
2026-04-03 14:03:00 | DEBUG    | [20250107] 1 trades, day P&L=$+180, equity=$115,540
2026-04-03 14:03:00 | DEBUG    | [20250110] 1 trades, day P&L=$+30, equity=$115,570
2026-04-03 14:03:00 | DEBUG    | [20250127] 1 trades, day P&L=$+30, equity=$115,600
2026-04-03 14:03:00 | DEBUG    | [20250131] 1 trades, day P&L=$+380, equity=$115,980
2026-04-03 14:03:00 | DEBUG    | [20250203] 1 trades, day P&L=$+130, equity=$116,110
2026-04-03 14:03:00 | DEBUG    | [20250207] 1 trades, day P&L=$+30, equity=$116,140
2026-04-03 14:03:00 | DEBUG    | [20250221] 1 trades, day P&L=$+30, equity=$116,170
2026-04-03 14:03:00 | DEBUG    | [20250225] 1 trades, day P&L=$+130, equity=$116,300
2026-04-03 14:03:00 | DEBUG    | [20250227] 1 trades, day P&L=$+130, equity=$116,430
2026-04-03 14:03:00 | DEBUG    | [20250306] 1 trades, day P&L=$+830, equity=$117,260
2026-04-03 14:03:00 | DEBUG    | [20250310] 1 trades, day P&L=$+580, equity=$117,840
2026-04-03 14:03:00 | DEBUG    | [20250313] 1 trades, day P&L=$+80, equity=$117,920
2026-04-03 14:03:00 | DEBUG    | [20250314] 1 trades, day P&L=$+180, equity=$118,100
2026-04-03 14:03:00 | DEBUG    | [20250318] 1 trades, day P&L=$+30, equity=$118,130
2026-04-03 14:03:00 | DEBUG    | [20250321] 1 trades, day P&L=$+30, equity=$118,160
2026-04-03 14:03:00 | DEBUG    | [20250327] 2 trades, day P&L=$+60, equity=$118,220
2026-04-03 14:03:00 | DEBUG    | [20250328] 1 trades, day P&L=$+30, equity=$118,250
2026-04-03 14:03:00 | DEBUG    | [20250401] 1 trades, day P&L=$+30, equity=$118,280
2026-04-03 14:03:00 | DEBUG    | [20250403] 1 trades, day P&L=$+530, equity=$118,810
2026-04-03 14:03:00 | DEBUG    | [20250408] 1 trades, day P&L=$+1080, equity=$119,890
2026-04-03 14:03:00 | DEBUG    | [20250415] 2 trades, day P&L=$+110, equity=$120,000
2026-04-03 14:03:00 | DEBUG    | [20250421] 1 trades, day P&L=$+480, equity=$120,480
2026-04-03 14:03:00 | DEBUG    | [20250428] 2 trades, day P&L=$+160, equity=$120,640
2026-04-03 14:03:00 | DEBUG    | [20250501] 1 trades, day P&L=$-820, equity=$119,820
2026-04-03 14:03:00 | DEBUG    | [20250506] 1 trades, day P&L=$+130, equity=$119,950
2026-04-03 14:03:00 | DEBUG    | [20250508] 2 trades, day P&L=$+510, equity=$120,460
2026-04-03 14:03:00 | DEBUG    | [20250509] 1 trades, day P&L=$+30, equity=$120,490
2026-04-03 14:03:00 | DEBUG    | [20250512] 1 trades, day P&L=$+130, equity=$120,620
2026-04-03 14:03:01 | DEBUG    | [20250523] 1 trades, day P&L=$+180, equity=$120,800
2026-04-03 14:03:01 | DEBUG    | [20250529] 1 trades, day P&L=$+80, equity=$120,880
2026-04-03 14:03:01 | DEBUG    | [20250530] 2 trades, day P&L=$+910, equity=$121,790
2026-04-03 14:03:01 | DEBUG    | [20250605] 1 trades, day P&L=$+80, equity=$121,870
2026-04-03 14:03:01 | DEBUG    | [20250613] 1 trades, day P&L=$+80, equity=$121,950
2026-04-03 14:03:01 | DEBUG    | [20250630] 1 trades, day P&L=$+30, equity=$121,980
2026-04-03 14:03:01 | DEBUG    | [20250731] 1 trades, day P&L=$+130, equity=$122,110
2026-04-03 14:03:01 | DEBUG    | [20250801] 1 trades, day P&L=$+30, equity=$122,140
2026-04-03 14:03:01 | DEBUG    | [20250811] 1 trades, day P&L=$+30, equity=$122,170
2026-04-03 14:03:01 | DEBUG    | [20250930] 1 trades, day P&L=$+30, equity=$122,200
2026-04-03 14:03:01 | DEBUG    | [20251010] 1 trades, day P&L=$+680, equity=$122,880
2026-04-03 14:03:01 | DEBUG    | [20251016] 1 trades, day P&L=$+180, equity=$123,060
2026-04-03 14:03:01 | DEBUG    | [20251107] 1 trades, day P&L=$+30, equity=$123,090
2026-04-03 14:03:01 | DEBUG    | [20251113] 1 trades, day P&L=$+130, equity=$123,220
2026-04-03 14:03:01 | DEBUG    | [20251117] 1 trades, day P&L=$+130, equity=$123,350
2026-04-03 14:03:01 | DEBUG    | [20251118] 2 trades, day P&L=$+160, equity=$123,510
2026-04-03 14:03:01 | DEBUG    | [20251120] 1 trades, day P&L=$+380, equity=$123,890
2026-04-03 14:03:01 | DEBUG    | [20251218] 1 trades, day P&L=$+180, equity=$124,070
2026-04-03 14:03:01 | DEBUG    | [20260120] 1 trades, day P&L=$+30, equity=$124,100
2026-04-03 14:03:01 | DEBUG    | [20260130] 1 trades, day P&L=$+80, equity=$124,180
2026-04-03 14:03:01 | DEBUG    | [20260205] 1 trades, day P&L=$+180, equity=$124,360
2026-04-03 14:03:01 | DEBUG    | [20260206] 1 trades, day P&L=$+80, equity=$124,440
2026-04-03 14:03:01 | DEBUG    | [20260212] 1 trades, day P&L=$+130, equity=$124,570
2026-04-03 14:03:01 | DEBUG    | [20260227] 2 trades, day P&L=$+110, equity=$124,680
2026-04-03 14:03:01 | DEBUG    | [20260302] 1 trades, day P&L=$+80, equity=$124,760
2026-04-03 14:03:01 | DEBUG    | [20260303] 1 trades, day P&L=$+80, equity=$124,840
2026-04-03 14:03:01 | DEBUG    | [20260305] 1 trades, day P&L=$+80, equity=$124,920
2026-04-03 14:03:01 | DEBUG    | [20260309] 1 trades, day P&L=$+80, equity=$125,000
2026-04-03 14:03:01 | DEBUG    | [20260310] 1 trades, day P&L=$+80, equity=$125,080
2026-04-03 14:03:02 | DEBUG    | [20260320] 1 trades, day P&L=$+130, equity=$125,210
2026-04-03 14:03:02 | DEBUG    | [20260324] 1 trades, day P&L=$+30, equity=$125,240
2026-04-03 14:03:02 | INFO     | ============================================================
2026-04-03 14:03:02 | INFO     | SKIP REASONS:
2026-04-03 14:03:02 | INFO     |   dow_filter          : 192
2026-04-03 14:03:02 | INFO     |   early_close         : 6
2026-04-03 14:03:02 | INFO     |   no_quotes           : 21
2026-04-03 14:03:02 | INFO     |   prior_return        : 147
2026-04-03 14:03:02 | INFO     |   TOTAL TRADES        : 194
2026-04-03 14:03:02 | INFO     | ============================================================
2026-04-03 14:03:02 | INFO     | [ITER 147] width_10_final → SWEEP | P&L=$25,240, Sharpe=10.51, DD=$-820
2026-04-03 14:03:02 | DEBUG    | [20220110] 2 trades, day P&L=$+60, equity=$100,060
2026-04-03 14:03:02 | DEBUG    | [20220114] 1 trades, day P&L=$+130, equity=$100,190
2026-04-03 14:03:02 | DEBUG    | [20220118] 2 trades, day P&L=$+210, equity=$100,400
2026-04-03 14:03:02 | DEBUG    | [20220121] 2 trades, day P&L=$+510, equity=$100,910
2026-04-03 14:03:02 | DEBUG    | [20220128] 2 trades, day P&L=$+510, equity=$101,420
2026-04-03 14:03:02 | DEBUG    | [20220207] 2 trades, day P&L=$+360, equity=$101,780
2026-04-03 14:03:02 | DEBUG    | [20220222] 2 trades, day P&L=$+760, equity=$102,540
2026-04-03 14:03:02 | DEBUG    | [20220225] 2 trades, day P&L=$+260, equity=$102,800
2026-04-03 14:03:02 | DEBUG    | [20220304] 2 trades, day P&L=$+260, equity=$103,060
2026-04-03 14:03:02 | DEBUG    | [20220307] 2 trades, day P&L=$+410, equity=$103,470
2026-04-03 14:03:02 | DEBUG    | [20220311] 2 trades, day P&L=$+410, equity=$103,880
2026-04-03 14:03:02 | DEBUG    | [20220314] 2 trades, day P&L=$+310, equity=$104,190
2026-04-03 14:03:02 | DEBUG    | [20220318] 1 trades, day P&L=$+30, equity=$104,220
2026-04-03 14:03:02 | DEBUG    | [20220331] 2 trades, day P&L=$+1060, equity=$105,280
2026-04-03 14:03:02 | DEBUG    | [20220408] 2 trades, day P&L=$+60, equity=$105,340
2026-04-03 14:03:02 | DEBUG    | [20220414] 1 trades, day P&L=$+30, equity=$105,370
2026-04-03 14:03:02 | DEBUG    | [20220418] 1 trades, day P&L=$+30, equity=$105,400
2026-04-03 14:03:02 | DEBUG    | [20220422] 2 trades, day P&L=$+1010, equity=$106,410
2026-04-03 14:03:02 | DEBUG    | [20220509] 2 trades, day P&L=$+1460, equity=$107,870
2026-04-03 14:03:02 | DEBUG    | [20220513] 2 trades, day P&L=$+660, equity=$108,530
2026-04-03 14:03:02 | DEBUG    | [20220517] 1 trades, day P&L=$+30, equity=$108,560
2026-04-03 14:03:02 | DEBUG    | [20220520] 2 trades, day P&L=$+410, equity=$108,970
2026-04-03 14:03:02 | DEBUG    | [20220526] 1 trades, day P&L=$+80, equity=$109,050
2026-04-03 14:03:02 | DEBUG    | [20220609] 1 trades, day P&L=$+30, equity=$109,080
2026-04-03 14:03:02 | DEBUG    | [20220616] 2 trades, day P&L=$+60, equity=$109,140
2026-04-03 14:03:02 | DEBUG    | [20220623] 1 trades, day P&L=$+30, equity=$109,170
2026-04-03 14:03:02 | DEBUG    | [20220624] 1 trades, day P&L=$+30, equity=$109,200
2026-04-03 14:03:02 | DEBUG    | [20220628] 1 trades, day P&L=$+30, equity=$109,230
2026-04-03 14:03:02 | DEBUG    | [20220630] 2 trades, day P&L=$-620, equity=$108,610
2026-04-03 14:03:02 | DEBUG    | [20220705] 2 trades, day P&L=$+60, equity=$108,670
2026-04-03 14:03:02 | DEBUG    | [20220707] 1 trades, day P&L=$+30, equity=$108,700
2026-04-03 14:03:02 | DEBUG    | [20220719] 1 trades, day P&L=$+30, equity=$108,730
2026-04-03 14:03:02 | DEBUG    | [20220902] 2 trades, day P&L=$+210, equity=$108,940
2026-04-03 14:03:02 | DEBUG    | [20220913] 2 trades, day P&L=$+110, equity=$109,050
2026-04-03 14:03:02 | DEBUG    | [20220915] 1 trades, day P&L=$+130, equity=$109,180
2026-04-03 14:03:02 | DEBUG    | [20220916] 2 trades, day P&L=$+210, equity=$109,390
2026-04-03 14:03:02 | DEBUG    | [20220923] 2 trades, day P&L=$+260, equity=$109,650
2026-04-03 14:03:02 | DEBUG    | [20220927] 2 trades, day P&L=$+260, equity=$109,910
2026-04-03 14:03:02 | DEBUG    | [20221003] 1 trades, day P&L=$+30, equity=$109,940
2026-04-03 14:03:02 | DEBUG    | [20221006] 1 trades, day P&L=$+130, equity=$110,070
2026-04-03 14:03:02 | DEBUG    | [20221007] 2 trades, day P&L=$+510, equity=$110,580
2026-04-03 14:03:02 | DEBUG    | [20221011] 1 trades, day P&L=$+30, equity=$110,610
2026-04-03 14:03:02 | DEBUG    | [20221013] 2 trades, day P&L=$+360, equity=$110,970
2026-04-03 14:03:02 | DEBUG    | [20221020] 2 trades, day P&L=$+60, equity=$111,030
2026-04-03 14:03:02 | DEBUG    | [20221115] 1 trades, day P&L=$+80, equity=$111,110
2026-04-03 14:03:02 | DEBUG    | [20221118] 1 trades, day P&L=$+30, equity=$111,140
2026-04-03 14:03:02 | DEBUG    | [20221209] 1 trades, day P&L=$+30, equity=$111,170
2026-04-03 14:03:02 | DEBUG    | [20221213] 1 trades, day P&L=$+30, equity=$111,200
2026-04-03 14:03:03 | DEBUG    | [20221215] 1 trades, day P&L=$+30, equity=$111,230
2026-04-03 14:03:03 | DEBUG    | [20230202] 1 trades, day P&L=$+30, equity=$111,260
2026-04-03 14:03:03 | DEBUG    | [20230203] 2 trades, day P&L=$+60, equity=$111,320
2026-04-03 14:03:03 | DEBUG    | [20230309] 2 trades, day P&L=$+160, equity=$111,480
2026-04-03 14:03:03 | DEBUG    | [20230313] 1 trades, day P&L=$+180, equity=$111,660
2026-04-03 14:03:03 | DEBUG    | [20230316] 2 trades, day P&L=$+160, equity=$111,820
2026-04-03 14:03:03 | DEBUG    | [20230331] 2 trades, day P&L=$+110, equity=$111,930
2026-04-03 14:03:03 | DEBUG    | [20230707] 1 trades, day P&L=$+80, equity=$112,010
2026-04-03 14:03:03 | DEBUG    | [20230825] 1 trades, day P&L=$+30, equity=$112,040
2026-04-03 14:03:03 | DEBUG    | [20230929] 1 trades, day P&L=$+80, equity=$112,120
2026-04-03 14:03:04 | DEBUG    | [20231019] 1 trades, day P&L=$+30, equity=$112,150
2026-04-03 14:03:04 | DEBUG    | [20240216] 1 trades, day P&L=$+30, equity=$112,180
2026-04-03 14:03:04 | DEBUG    | [20240404] 1 trades, day P&L=$+80, equity=$112,260
2026-04-03 14:03:04 | DEBUG    | [20240412] 1 trades, day P&L=$+30, equity=$112,290
2026-04-03 14:03:04 | DEBUG    | [20240415] 1 trades, day P&L=$+30, equity=$112,320
2026-04-03 14:03:04 | DEBUG    | [20240416] 2 trades, day P&L=$+110, equity=$112,430
2026-04-03 14:03:04 | DEBUG    | [20240418] 1 trades, day P&L=$+30, equity=$112,460
2026-04-03 14:03:04 | DEBUG    | [20240419] 1 trades, day P&L=$+30, equity=$112,490
2026-04-03 14:03:04 | DEBUG    | [20240422] 1 trades, day P&L=$+30, equity=$112,520
2026-04-03 14:03:04 | DEBUG    | [20240531] 1 trades, day P&L=$+80, equity=$112,600
2026-04-03 14:03:04 | DEBUG    | [20240607] 1 trades, day P&L=$+30, equity=$112,630
2026-04-03 14:03:04 | DEBUG    | [20240627] 1 trades, day P&L=$+30, equity=$112,660
2026-04-03 14:03:04 | DEBUG    | [20240628] 1 trades, day P&L=$+230, equity=$112,890
2026-04-03 14:03:04 | DEBUG    | [20240712] 1 trades, day P&L=$+80, equity=$112,970
2026-04-03 14:03:04 | DEBUG    | [20240715] 1 trades, day P&L=$+30, equity=$113,000
2026-04-03 14:03:04 | DEBUG    | [20240718] 1 trades, day P&L=$+180, equity=$113,180
2026-04-03 14:03:04 | DEBUG    | [20240719] 1 trades, day P&L=$+80, equity=$113,260
2026-04-03 14:03:04 | DEBUG    | [20240726] 2 trades, day P&L=$+660, equity=$113,920
2026-04-03 14:03:04 | DEBUG    | [20240729] 1 trades, day P&L=$+30, equity=$113,950
2026-04-03 14:03:04 | DEBUG    | [20240730] 1 trades, day P&L=$+80, equity=$114,030
2026-04-03 14:03:04 | DEBUG    | [20240802] 1 trades, day P&L=$+380, equity=$114,410
2026-04-03 14:03:04 | DEBUG    | [20240808] 1 trades, day P&L=$+30, equity=$114,440
2026-04-03 14:03:04 | DEBUG    | [20240812] 2 trades, day P&L=$+310, equity=$114,750
2026-04-03 14:03:04 | DEBUG    | [20240813] 1 trades, day P&L=$+30, equity=$114,780
2026-04-03 14:03:04 | DEBUG    | [20240820] 1 trades, day P&L=$+30, equity=$114,810
2026-04-03 14:03:04 | DEBUG    | [20240823] 1 trades, day P&L=$+30, equity=$114,840
2026-04-03 14:03:04 | DEBUG    | [20240829] 1 trades, day P&L=$+230, equity=$115,070
2026-04-03 14:03:04 | DEBUG    | [20240830] 1 trades, day P&L=$+80, equity=$115,150
2026-04-03 14:03:04 | DEBUG    | [20240903] 1 trades, day P&L=$+380, equity=$115,530
2026-04-03 14:03:04 | DEBUG    | [20240905] 1 trades, day P&L=$+30, equity=$115,560
2026-04-03 14:03:04 | DEBUG    | [20240906] 1 trades, day P&L=$+230, equity=$115,790
2026-04-03 14:03:05 | DEBUG    | [20240913] 1 trades, day P&L=$+30, equity=$115,820
2026-04-03 14:03:05 | DEBUG    | [20240919] 1 trades, day P&L=$+30, equity=$115,850
2026-04-03 14:03:05 | DEBUG    | [20240930] 1 trades, day P&L=$+480, equity=$116,330
2026-04-03 14:03:05 | DEBUG    | [20241001] 1 trades, day P&L=$+180, equity=$116,510
2026-04-03 14:03:05 | DEBUG    | [20241010] 1 trades, day P&L=$+30, equity=$116,540
2026-04-03 14:03:05 | DEBUG    | [20241025] 1 trades, day P&L=$+30, equity=$116,570
2026-04-03 14:03:05 | DEBUG    | [20241031] 1 trades, day P&L=$+30, equity=$116,600
2026-04-03 14:03:05 | DEBUG    | [20241104] 1 trades, day P&L=$+30, equity=$116,630
2026-04-03 14:03:05 | DEBUG    | [20241115] 1 trades, day P&L=$+30, equity=$116,660
2026-04-03 14:03:05 | DEBUG    | [20241220] 1 trades, day P&L=$+430, equity=$117,090
2026-04-03 14:03:05 | DEBUG    | [20241227] 1 trades, day P&L=$+80, equity=$117,170
2026-04-03 14:03:05 | DEBUG    | [20241230] 2 trades, day P&L=$+210, equity=$117,380
2026-04-03 14:03:05 | DEBUG    | [20241231] 1 trades, day P&L=$+430, equity=$117,810
2026-04-03 14:03:05 | DEBUG    | [20250102] 1 trades, day P&L=$+230, equity=$118,040
2026-04-03 14:03:05 | DEBUG    | [20250107] 1 trades, day P&L=$+180, equity=$118,220
2026-04-03 14:03:05 | DEBUG    | [20250110] 1 trades, day P&L=$+30, equity=$118,250
2026-04-03 14:03:05 | DEBUG    | [20250127] 1 trades, day P&L=$+30, equity=$118,280
2026-04-03 14:03:05 | DEBUG    | [20250131] 1 trades, day P&L=$+480, equity=$118,760
2026-04-03 14:03:05 | DEBUG    | [20250203] 1 trades, day P&L=$+180, equity=$118,940
2026-04-03 14:03:05 | DEBUG    | [20250207] 1 trades, day P&L=$+30, equity=$118,970
2026-04-03 14:03:05 | DEBUG    | [20250221] 1 trades, day P&L=$+30, equity=$119,000
2026-04-03 14:03:05 | DEBUG    | [20250225] 1 trades, day P&L=$+180, equity=$119,180
2026-04-03 14:03:05 | DEBUG    | [20250227] 1 trades, day P&L=$+180, equity=$119,360
2026-04-03 14:03:05 | DEBUG    | [20250306] 1 trades, day P&L=$+1030, equity=$120,390
2026-04-03 14:03:05 | DEBUG    | [20250310] 1 trades, day P&L=$+730, equity=$121,120
2026-04-03 14:03:05 | DEBUG    | [20250313] 1 trades, day P&L=$+80, equity=$121,200
2026-04-03 14:03:05 | DEBUG    | [20250314] 1 trades, day P&L=$+180, equity=$121,380
2026-04-03 14:03:05 | DEBUG    | [20250318] 1 trades, day P&L=$+30, equity=$121,410
2026-04-03 14:03:05 | DEBUG    | [20250321] 1 trades, day P&L=$+30, equity=$121,440
2026-04-03 14:03:05 | DEBUG    | [20250327] 2 trades, day P&L=$+60, equity=$121,500
2026-04-03 14:03:05 | DEBUG    | [20250328] 1 trades, day P&L=$+30, equity=$121,530
2026-04-03 14:03:05 | DEBUG    | [20250401] 1 trades, day P&L=$+30, equity=$121,560
2026-04-03 14:03:05 | DEBUG    | [20250403] 1 trades, day P&L=$+580, equity=$122,140
2026-04-03 14:03:05 | DEBUG    | [20250408] 1 trades, day P&L=$+1830, equity=$123,970
2026-04-03 14:03:05 | DEBUG    | [20250415] 2 trades, day P&L=$+110, equity=$124,080
2026-04-03 14:03:05 | DEBUG    | [20250421] 1 trades, day P&L=$+530, equity=$124,610
2026-04-03 14:03:05 | DEBUG    | [20250428] 2 trades, day P&L=$+210, equity=$124,820
2026-04-03 14:03:05 | DEBUG    | [20250501] 2 trades, day P&L=$-740, equity=$124,080
2026-04-03 14:03:05 | DEBUG    | [20250502] 1 trades, day P&L=$+30, equity=$124,110
2026-04-03 14:03:05 | DEBUG    | [20250505] 1 trades, day P&L=$+80, equity=$124,190
2026-04-03 14:03:05 | DEBUG    | [20250506] 1 trades, day P&L=$+130, equity=$124,320
2026-04-03 14:03:05 | DEBUG    | [20250508] 2 trades, day P&L=$+610, equity=$124,930
2026-04-03 14:03:05 | DEBUG    | [20250509] 1 trades, day P&L=$+30, equity=$124,960
2026-04-03 14:03:05 | DEBUG    | [20250523] 1 trades, day P&L=$+230, equity=$125,190
2026-04-03 14:03:05 | DEBUG    | [20250529] 1 trades, day P&L=$+130, equity=$125,320
2026-04-03 14:03:05 | DEBUG    | [20250530] 2 trades, day P&L=$+1110, equity=$126,430
2026-04-03 14:03:05 | DEBUG    | [20250605] 1 trades, day P&L=$+80, equity=$126,510
2026-04-03 14:03:06 | DEBUG    | [20250613] 1 trades, day P&L=$+80, equity=$126,590
2026-04-03 14:03:06 | DEBUG    | [20250623] 1 trades, day P&L=$+30, equity=$126,620
2026-04-03 14:03:06 | DEBUG    | [20250630] 1 trades, day P&L=$+30, equity=$126,650
2026-04-03 14:03:06 | DEBUG    | [20250731] 1 trades, day P&L=$+180, equity=$126,830
2026-04-03 14:03:06 | DEBUG    | [20250801] 1 trades, day P&L=$+30, equity=$126,860
2026-04-03 14:03:06 | DEBUG    | [20250811] 1 trades, day P&L=$+30, equity=$126,890
2026-04-03 14:03:06 | DEBUG    | [20250930] 1 trades, day P&L=$+30, equity=$126,920
2026-04-03 14:03:06 | DEBUG    | [20251010] 1 trades, day P&L=$+980, equity=$127,900
2026-04-03 14:03:06 | DEBUG    | [20251016] 1 trades, day P&L=$+230, equity=$128,130
2026-04-03 14:03:06 | DEBUG    | [20251031] 1 trades, day P&L=$+80, equity=$128,210
2026-04-03 14:03:06 | DEBUG    | [20251106] 1 trades, day P&L=$+80, equity=$128,290
2026-04-03 14:03:06 | DEBUG    | [20251107] 1 trades, day P&L=$+30, equity=$128,320
2026-04-03 14:03:06 | DEBUG    | [20251113] 1 trades, day P&L=$+130, equity=$128,450
2026-04-03 14:03:06 | DEBUG    | [20251117] 1 trades, day P&L=$+130, equity=$128,580
2026-04-03 14:03:06 | DEBUG    | [20251118] 2 trades, day P&L=$+160, equity=$128,740
2026-04-03 14:03:06 | DEBUG    | [20251120] 1 trades, day P&L=$+430, equity=$129,170
2026-04-03 14:03:06 | DEBUG    | [20251218] 2 trades, day P&L=$+310, equity=$129,480
2026-04-03 14:03:06 | DEBUG    | [20260120] 1 trades, day P&L=$+30, equity=$129,510
2026-04-03 14:03:06 | DEBUG    | [20260130] 2 trades, day P&L=$+210, equity=$129,720
2026-04-03 14:03:06 | DEBUG    | [20260205] 1 trades, day P&L=$+230, equity=$129,950
2026-04-03 14:03:06 | DEBUG    | [20260206] 1 trades, day P&L=$+130, equity=$130,080
2026-04-03 14:03:06 | DEBUG    | [20260212] 1 trades, day P&L=$+180, equity=$130,260
2026-04-03 14:03:06 | DEBUG    | [20260227] 2 trades, day P&L=$+160, equity=$130,420
2026-04-03 14:03:06 | DEBUG    | [20260302] 1 trades, day P&L=$+80, equity=$130,500
2026-04-03 14:03:06 | DEBUG    | [20260303] 1 trades, day P&L=$+80, equity=$130,580
2026-04-03 14:03:06 | DEBUG    | [20260305] 1 trades, day P&L=$+130, equity=$130,710
2026-04-03 14:03:06 | DEBUG    | [20260306] 1 trades, day P&L=$+30, equity=$130,740
2026-04-03 14:03:06 | DEBUG    | [20260309] 1 trades, day P&L=$+130, equity=$130,870
2026-04-03 14:03:06 | DEBUG    | [20260310] 1 trades, day P&L=$+80, equity=$130,950
2026-04-03 14:03:06 | DEBUG    | [20260320] 1 trades, day P&L=$+130, equity=$131,080
2026-04-03 14:03:06 | DEBUG    | [20260324] 1 trades, day P&L=$+30, equity=$131,110
2026-04-03 14:03:06 | INFO     | ============================================================
2026-04-03 14:03:06 | INFO     | SKIP REASONS:
2026-04-03 14:03:06 | INFO     |   dow_filter          : 192
2026-04-03 14:03:06 | INFO     |   early_close         : 6
2026-04-03 14:03:06 | INFO     |   no_quotes           : 21
2026-04-03 14:03:06 | INFO     |   prior_return        : 147
2026-04-03 14:03:06 | INFO     |   TOTAL TRADES        : 213
2026-04-03 14:03:06 | INFO     | ============================================================
2026-04-03 14:03:06 | INFO     | [ITER 148] width_15_final → SWEEP | P&L=$31,110, Sharpe=10.22, DD=$-820
2026-04-03 14:03:06 | DEBUG    | [20220110] 2 trades, day P&L=$+45, equity=$100,045
2026-04-03 14:03:06 | DEBUG    | [20220114] 1 trades, day P&L=$+130, equity=$100,175
2026-04-03 14:03:06 | DEBUG    | [20220118] 2 trades, day P&L=$+145, equity=$100,320
2026-04-03 14:03:06 | DEBUG    | [20220121] 2 trades, day P&L=$+495, equity=$100,815
2026-04-03 14:03:06 | DEBUG    | [20220128] 2 trades, day P&L=$+395, equity=$101,210
2026-04-03 14:03:06 | DEBUG    | [20220207] 2 trades, day P&L=$+295, equity=$101,505
2026-04-03 14:03:06 | DEBUG    | [20220222] 2 trades, day P&L=$+545, equity=$102,050
2026-04-03 14:03:07 | DEBUG    | [20220225] 2 trades, day P&L=$+145, equity=$102,195
2026-04-03 14:03:07 | DEBUG    | [20220304] 2 trades, day P&L=$+195, equity=$102,390
2026-04-03 14:03:07 | DEBUG    | [20220307] 2 trades, day P&L=$+270, equity=$102,660
2026-04-03 14:03:07 | DEBUG    | [20220311] 2 trades, day P&L=$+395, equity=$103,055
2026-04-03 14:03:07 | DEBUG    | [20220314] 2 trades, day P&L=$+220, equity=$103,275
2026-04-03 14:03:07 | DEBUG    | [20220318] 1 trades, day P&L=$+30, equity=$103,305
2026-04-03 14:03:07 | DEBUG    | [20220331] 2 trades, day P&L=$+845, equity=$104,150
2026-04-03 14:03:07 | DEBUG    | [20220408] 2 trades, day P&L=$+45, equity=$104,195
2026-04-03 14:03:07 | DEBUG    | [20220414] 1 trades, day P&L=$+30, equity=$104,225
2026-04-03 14:03:07 | DEBUG    | [20220418] 1 trades, day P&L=$+30, equity=$104,255
2026-04-03 14:03:07 | DEBUG    | [20220422] 2 trades, day P&L=$+895, equity=$105,150
2026-04-03 14:03:07 | DEBUG    | [20220426] 2 trades, day P&L=$+370, equity=$105,520
2026-04-03 14:03:07 | DEBUG    | [20220503] 1 trades, day P&L=$+130, equity=$105,650
2026-04-03 14:03:07 | DEBUG    | [20220509] 2 trades, day P&L=$+1095, equity=$106,745
2026-04-03 14:03:07 | DEBUG    | [20220513] 2 trades, day P&L=$+645, equity=$107,390
2026-04-03 14:03:07 | DEBUG    | [20220517] 1 trades, day P&L=$+30, equity=$107,420
2026-04-03 14:03:07 | DEBUG    | [20220520] 2 trades, day P&L=$+370, equity=$107,790
2026-04-03 14:03:07 | DEBUG    | [20220526] 1 trades, day P&L=$+80, equity=$107,870
2026-04-03 14:03:07 | DEBUG    | [20220602] 1 trades, day P&L=$+30, equity=$107,900
2026-04-03 14:03:07 | DEBUG    | [20220609] 1 trades, day P&L=$+30, equity=$107,930
2026-04-03 14:03:07 | DEBUG    | [20220616] 2 trades, day P&L=$+45, equity=$107,975
2026-04-03 14:03:07 | DEBUG    | [20220623] 1 trades, day P&L=$+30, equity=$108,005
2026-04-03 14:03:07 | DEBUG    | [20220624] 1 trades, day P&L=$+30, equity=$108,035
2026-04-03 14:03:07 | DEBUG    | [20220628] 1 trades, day P&L=$+30, equity=$108,065
2026-04-03 14:03:07 | DEBUG    | [20220630] 2 trades, day P&L=$-245, equity=$107,820
2026-04-03 14:03:07 | DEBUG    | [20220705] 2 trades, day P&L=$+45, equity=$107,865
2026-04-03 14:03:07 | DEBUG    | [20220707] 1 trades, day P&L=$+30, equity=$107,895
2026-04-03 14:03:07 | DEBUG    | [20220719] 1 trades, day P&L=$+30, equity=$107,925
2026-04-03 14:03:07 | DEBUG    | [20220902] 2 trades, day P&L=$+170, equity=$108,095
2026-04-03 14:03:07 | DEBUG    | [20220913] 2 trades, day P&L=$+95, equity=$108,190
2026-04-03 14:03:07 | DEBUG    | [20220915] 2 trades, day P&L=$+220, equity=$108,410
2026-04-03 14:03:07 | DEBUG    | [20220916] 2 trades, day P&L=$+145, equity=$108,555
2026-04-03 14:03:07 | DEBUG    | [20220923] 2 trades, day P&L=$+195, equity=$108,750
2026-04-03 14:03:07 | DEBUG    | [20220927] 2 trades, day P&L=$+220, equity=$108,970
2026-04-03 14:03:07 | DEBUG    | [20221003] 1 trades, day P&L=$+30, equity=$109,000
2026-04-03 14:03:07 | DEBUG    | [20221006] 1 trades, day P&L=$+130, equity=$109,130
2026-04-03 14:03:07 | DEBUG    | [20221007] 2 trades, day P&L=$+395, equity=$109,525
2026-04-03 14:03:07 | DEBUG    | [20221011] 1 trades, day P&L=$+30, equity=$109,555
2026-04-03 14:03:07 | DEBUG    | [20221013] 2 trades, day P&L=$+295, equity=$109,850
2026-04-03 14:03:07 | DEBUG    | [20221020] 2 trades, day P&L=$+45, equity=$109,895
2026-04-03 14:03:07 | DEBUG    | [20221021] 1 trades, day P&L=$+30, equity=$109,925
2026-04-03 14:03:07 | DEBUG    | [20221115] 1 trades, day P&L=$+80, equity=$110,005
2026-04-03 14:03:07 | DEBUG    | [20221118] 1 trades, day P&L=$+30, equity=$110,035
2026-04-03 14:03:07 | DEBUG    | [20221209] 1 trades, day P&L=$+30, equity=$110,065
2026-04-03 14:03:07 | DEBUG    | [20221213] 1 trades, day P&L=$+30, equity=$110,095
2026-04-03 14:03:07 | DEBUG    | [20221215] 1 trades, day P&L=$+30, equity=$110,125
2026-04-03 14:03:08 | DEBUG    | [20230202] 1 trades, day P&L=$+30, equity=$110,155
2026-04-03 14:03:08 | DEBUG    | [20230203] 2 trades, day P&L=$+45, equity=$110,200
2026-04-03 14:03:08 | DEBUG    | [20230309] 2 trades, day P&L=$+145, equity=$110,345
2026-04-03 14:03:08 | DEBUG    | [20230313] 1 trades, day P&L=$+180, equity=$110,525
2026-04-03 14:03:08 | DEBUG    | [20230316] 2 trades, day P&L=$+95, equity=$110,620
2026-04-03 14:03:08 | DEBUG    | [20230331] 2 trades, day P&L=$+95, equity=$110,715
2026-04-03 14:03:08 | DEBUG    | [20230707] 1 trades, day P&L=$+80, equity=$110,795
2026-04-03 14:03:08 | DEBUG    | [20230825] 1 trades, day P&L=$+30, equity=$110,825
2026-04-03 14:03:08 | DEBUG    | [20230929] 1 trades, day P&L=$+80, equity=$110,905
2026-04-03 14:03:08 | DEBUG    | [20231019] 1 trades, day P&L=$+30, equity=$110,935
2026-04-03 14:03:09 | DEBUG    | [20240216] 1 trades, day P&L=$+30, equity=$110,965
2026-04-03 14:03:09 | DEBUG    | [20240328] 1 trades, day P&L=$+80, equity=$111,045
2026-04-03 14:03:09 | DEBUG    | [20240404] 1 trades, day P&L=$+80, equity=$111,125
2026-04-03 14:03:09 | DEBUG    | [20240412] 1 trades, day P&L=$+30, equity=$111,155
2026-04-03 14:03:09 | DEBUG    | [20240415] 1 trades, day P&L=$+30, equity=$111,185
2026-04-03 14:03:09 | DEBUG    | [20240416] 2 trades, day P&L=$+145, equity=$111,330
2026-04-03 14:03:09 | DEBUG    | [20240418] 1 trades, day P&L=$+30, equity=$111,360
2026-04-03 14:03:09 | DEBUG    | [20240419] 1 trades, day P&L=$+30, equity=$111,390
2026-04-03 14:03:09 | DEBUG    | [20240422] 1 trades, day P&L=$+30, equity=$111,420
2026-04-03 14:03:09 | DEBUG    | [20240531] 1 trades, day P&L=$+80, equity=$111,500
2026-04-03 14:03:09 | DEBUG    | [20240607] 1 trades, day P&L=$+30, equity=$111,530
2026-04-03 14:03:09 | DEBUG    | [20240627] 1 trades, day P&L=$+30, equity=$111,560
2026-04-03 14:03:09 | DEBUG    | [20240628] 1 trades, day P&L=$+230, equity=$111,790
2026-04-03 14:03:09 | DEBUG    | [20240712] 1 trades, day P&L=$+80, equity=$111,870
2026-04-03 14:03:09 | DEBUG    | [20240715] 1 trades, day P&L=$+30, equity=$111,900
2026-04-03 14:03:09 | DEBUG    | [20240718] 1 trades, day P&L=$+230, equity=$112,130
2026-04-03 14:03:09 | DEBUG    | [20240719] 1 trades, day P&L=$+80, equity=$112,210
2026-04-03 14:03:09 | DEBUG    | [20240726] 2 trades, day P&L=$+570, equity=$112,780
2026-04-03 14:03:09 | DEBUG    | [20240729] 1 trades, day P&L=$+30, equity=$112,810
2026-04-03 14:03:09 | DEBUG    | [20240730] 1 trades, day P&L=$+80, equity=$112,890
2026-04-03 14:03:09 | DEBUG    | [20240802] 1 trades, day P&L=$+430, equity=$113,320
2026-04-03 14:03:09 | DEBUG    | [20240808] 1 trades, day P&L=$+30, equity=$113,350
2026-04-03 14:03:09 | DEBUG    | [20240812] 2 trades, day P&L=$+270, equity=$113,620
2026-04-03 14:03:09 | DEBUG    | [20240813] 1 trades, day P&L=$+30, equity=$113,650
2026-04-03 14:03:09 | DEBUG    | [20240820] 1 trades, day P&L=$+30, equity=$113,680
2026-04-03 14:03:09 | DEBUG    | [20240823] 1 trades, day P&L=$+30, equity=$113,710
2026-04-03 14:03:09 | DEBUG    | [20240829] 1 trades, day P&L=$+230, equity=$113,940
2026-04-03 14:03:09 | DEBUG    | [20240830] 1 trades, day P&L=$+80, equity=$114,020
2026-04-03 14:03:09 | DEBUG    | [20240903] 1 trades, day P&L=$+430, equity=$114,450
2026-04-03 14:03:09 | DEBUG    | [20240905] 1 trades, day P&L=$+30, equity=$114,480
2026-04-03 14:03:09 | DEBUG    | [20240906] 1 trades, day P&L=$+230, equity=$114,710
2026-04-03 14:03:09 | DEBUG    | [20240913] 1 trades, day P&L=$+30, equity=$114,740
2026-04-03 14:03:09 | DEBUG    | [20240919] 2 trades, day P&L=$+95, equity=$114,835
2026-04-03 14:03:09 | DEBUG    | [20240930] 1 trades, day P&L=$+480, equity=$115,315
2026-04-03 14:03:09 | DEBUG    | [20241001] 1 trades, day P&L=$+180, equity=$115,495
2026-04-03 14:03:09 | DEBUG    | [20241010] 1 trades, day P&L=$+30, equity=$115,525
2026-04-03 14:03:09 | DEBUG    | [20241025] 1 trades, day P&L=$+30, equity=$115,555
2026-04-03 14:03:09 | DEBUG    | [20241031] 1 trades, day P&L=$+30, equity=$115,585
2026-04-03 14:03:09 | DEBUG    | [20241104] 1 trades, day P&L=$+30, equity=$115,615
2026-04-03 14:03:10 | DEBUG    | [20241115] 1 trades, day P&L=$+30, equity=$115,645
2026-04-03 14:03:10 | DEBUG    | [20241220] 1 trades, day P&L=$+480, equity=$116,125
2026-04-03 14:03:10 | DEBUG    | [20241227] 1 trades, day P&L=$+80, equity=$116,205
2026-04-03 14:03:10 | DEBUG    | [20241230] 2 trades, day P&L=$+145, equity=$116,350
2026-04-03 14:03:10 | DEBUG    | [20241231] 1 trades, day P&L=$+480, equity=$116,830
2026-04-03 14:03:10 | DEBUG    | [20250102] 1 trades, day P&L=$+230, equity=$117,060
2026-04-03 14:03:10 | DEBUG    | [20250107] 1 trades, day P&L=$+180, equity=$117,240
2026-04-03 14:03:10 | DEBUG    | [20250110] 1 trades, day P&L=$+30, equity=$117,270
2026-04-03 14:03:10 | DEBUG    | [20250127] 1 trades, day P&L=$+30, equity=$117,300
2026-04-03 14:03:10 | DEBUG    | [20250131] 1 trades, day P&L=$+530, equity=$117,830
2026-04-03 14:03:10 | DEBUG    | [20250203] 1 trades, day P&L=$+180, equity=$118,010
2026-04-03 14:03:10 | DEBUG    | [20250207] 1 trades, day P&L=$+30, equity=$118,040
2026-04-03 14:03:10 | DEBUG    | [20250221] 1 trades, day P&L=$+30, equity=$118,070
2026-04-03 14:03:10 | DEBUG    | [20250225] 1 trades, day P&L=$+180, equity=$118,250
2026-04-03 14:03:10 | DEBUG    | [20250227] 1 trades, day P&L=$+180, equity=$118,430
2026-04-03 14:03:10 | DEBUG    | [20250306] 1 trades, day P&L=$+1130, equity=$119,560
2026-04-03 14:03:10 | DEBUG    | [20250310] 1 trades, day P&L=$+830, equity=$120,390
2026-04-03 14:03:10 | DEBUG    | [20250313] 1 trades, day P&L=$+80, equity=$120,470
2026-04-03 14:03:10 | DEBUG    | [20250314] 1 trades, day P&L=$+180, equity=$120,650
2026-04-03 14:03:10 | DEBUG    | [20250318] 1 trades, day P&L=$+30, equity=$120,680
2026-04-03 14:03:10 | DEBUG    | [20250321] 1 trades, day P&L=$+30, equity=$120,710
2026-04-03 14:03:10 | DEBUG    | [20250327] 2 trades, day P&L=$+45, equity=$120,755
2026-04-03 14:03:10 | DEBUG    | [20250328] 1 trades, day P&L=$+30, equity=$120,785
2026-04-03 14:03:10 | DEBUG    | [20250401] 1 trades, day P&L=$+30, equity=$120,815
2026-04-03 14:03:10 | DEBUG    | [20250403] 1 trades, day P&L=$+630, equity=$121,445
2026-04-03 14:03:10 | DEBUG    | [20250415] 2 trades, day P&L=$+70, equity=$121,515
2026-04-03 14:03:10 | DEBUG    | [20250421] 1 trades, day P&L=$+530, equity=$122,045
2026-04-03 14:03:10 | DEBUG    | [20250428] 2 trades, day P&L=$+120, equity=$122,165
2026-04-03 14:03:10 | DEBUG    | [20250501] 2 trades, day P&L=$-780, equity=$121,385
2026-04-03 14:03:10 | DEBUG    | [20250502] 1 trades, day P&L=$+30, equity=$121,415
2026-04-03 14:03:10 | DEBUG    | [20250505] 1 trades, day P&L=$+80, equity=$121,495
2026-04-03 14:03:10 | DEBUG    | [20250506] 1 trades, day P&L=$+130, equity=$121,625
2026-04-03 14:03:10 | DEBUG    | [20250508] 2 trades, day P&L=$+470, equity=$122,095
2026-04-03 14:03:10 | DEBUG    | [20250509] 1 trades, day P&L=$+30, equity=$122,125
2026-04-03 14:03:10 | DEBUG    | [20250512] 1 trades, day P&L=$+130, equity=$122,255
2026-04-03 14:03:10 | DEBUG    | [20250523] 1 trades, day P&L=$+230, equity=$122,485
2026-04-03 14:03:10 | DEBUG    | [20250529] 1 trades, day P&L=$+130, equity=$122,615
2026-04-03 14:03:10 | DEBUG    | [20250530] 2 trades, day P&L=$+870, equity=$123,485
2026-04-03 14:03:10 | DEBUG    | [20250605] 1 trades, day P&L=$+130, equity=$123,615
2026-04-03 14:03:10 | DEBUG    | [20250613] 1 trades, day P&L=$+130, equity=$123,745
2026-04-03 14:03:10 | DEBUG    | [20250623] 1 trades, day P&L=$+30, equity=$123,775
2026-04-03 14:03:10 | DEBUG    | [20250630] 1 trades, day P&L=$+30, equity=$123,805
2026-04-03 14:03:10 | DEBUG    | [20250731] 1 trades, day P&L=$+180, equity=$123,985
2026-04-03 14:03:10 | DEBUG    | [20250801] 1 trades, day P&L=$+30, equity=$124,015
2026-04-03 14:03:10 | DEBUG    | [20250811] 1 trades, day P&L=$+30, equity=$124,045
2026-04-03 14:03:11 | DEBUG    | [20250930] 1 trades, day P&L=$+30, equity=$124,075
2026-04-03 14:03:11 | DEBUG    | [20251010] 1 trades, day P&L=$+1080, equity=$125,155
2026-04-03 14:03:11 | DEBUG    | [20251016] 1 trades, day P&L=$+230, equity=$125,385
2026-04-03 14:03:11 | DEBUG    | [20251031] 1 trades, day P&L=$+80, equity=$125,465
2026-04-03 14:03:11 | DEBUG    | [20251106] 1 trades, day P&L=$+80, equity=$125,545
2026-04-03 14:03:11 | DEBUG    | [20251107] 1 trades, day P&L=$+30, equity=$125,575
2026-04-03 14:03:11 | DEBUG    | [20251113] 1 trades, day P&L=$+130, equity=$125,705
2026-04-03 14:03:11 | DEBUG    | [20251117] 1 trades, day P&L=$+130, equity=$125,835
2026-04-03 14:03:11 | DEBUG    | [20251118] 2 trades, day P&L=$+145, equity=$125,980
2026-04-03 14:03:11 | DEBUG    | [20251120] 1 trades, day P&L=$+430, equity=$126,410
2026-04-03 14:03:11 | DEBUG    | [20251218] 2 trades, day P&L=$+195, equity=$126,605
2026-04-03 14:03:11 | DEBUG    | [20260120] 1 trades, day P&L=$+30, equity=$126,635
2026-04-03 14:03:11 | DEBUG    | [20260130] 2 trades, day P&L=$+145, equity=$126,780
2026-04-03 14:03:11 | DEBUG    | [20260205] 1 trades, day P&L=$+230, equity=$127,010
2026-04-03 14:03:11 | DEBUG    | [20260206] 1 trades, day P&L=$+130, equity=$127,140
2026-04-03 14:03:11 | DEBUG    | [20260212] 1 trades, day P&L=$+180, equity=$127,320
2026-04-03 14:03:11 | DEBUG    | [20260227] 2 trades, day P&L=$+95, equity=$127,415
2026-04-03 14:03:11 | DEBUG    | [20260302] 1 trades, day P&L=$+80, equity=$127,495
2026-04-03 14:03:11 | DEBUG    | [20260303] 1 trades, day P&L=$+130, equity=$127,625
2026-04-03 14:03:11 | DEBUG    | [20260305] 1 trades, day P&L=$+130, equity=$127,755
2026-04-03 14:03:11 | DEBUG    | [20260306] 1 trades, day P&L=$+230, equity=$127,985
2026-04-03 14:03:11 | DEBUG    | [20260309] 1 trades, day P&L=$+130, equity=$128,115
2026-04-03 14:03:11 | DEBUG    | [20260310] 2 trades, day P&L=$+120, equity=$128,235
2026-04-03 14:03:11 | DEBUG    | [20260320] 1 trades, day P&L=$+130, equity=$128,365
2026-04-03 14:03:11 | DEBUG    | [20260324] 1 trades, day P&L=$+30, equity=$128,395
2026-04-03 14:03:11 | INFO     | ============================================================
2026-04-03 14:03:11 | INFO     | SKIP REASONS:
2026-04-03 14:03:11 | INFO     |   dow_filter          : 192
2026-04-03 14:03:11 | INFO     |   early_close         : 6
2026-04-03 14:03:11 | INFO     |   no_quotes           : 21
2026-04-03 14:03:11 | INFO     |   prior_return        : 147
2026-04-03 14:03:11 | INFO     |   TOTAL TRADES        : 222
2026-04-03 14:03:11 | INFO     | ============================================================
2026-04-03 14:03:11 | INFO     | [ITER 149] width_20_final → SWEEP | P&L=$28,395, Sharpe=11.37, DD=$-820
2026-04-03 14:03:11 | DEBUG    | [20220110] 2 trades, day P&L=$+36, equity=$100,036
2026-04-03 14:03:11 | DEBUG    | [20220114] 1 trades, day P&L=$+130, equity=$100,166
2026-04-03 14:03:11 | DEBUG    | [20220118] 2 trades, day P&L=$+106, equity=$100,272
2026-04-03 14:03:11 | DEBUG    | [20220121] 2 trades, day P&L=$+436, equity=$100,708
2026-04-03 14:03:11 | DEBUG    | [20220128] 2 trades, day P&L=$+296, equity=$101,004
2026-04-03 14:03:11 | DEBUG    | [20220207] 2 trades, day P&L=$+256, equity=$101,260
2026-04-03 14:03:11 | DEBUG    | [20220222] 2 trades, day P&L=$+416, equity=$101,676
2026-04-03 14:03:11 | DEBUG    | [20220225] 2 trades, day P&L=$+76, equity=$101,752
2026-04-03 14:03:11 | DEBUG    | [20220304] 2 trades, day P&L=$+206, equity=$101,958
2026-04-03 14:03:11 | DEBUG    | [20220307] 2 trades, day P&L=$+186, equity=$102,144
2026-04-03 14:03:11 | DEBUG    | [20220311] 2 trades, day P&L=$+356, equity=$102,500
2026-04-03 14:03:11 | DEBUG    | [20220314] 2 trades, day P&L=$+166, equity=$102,666
2026-04-03 14:03:11 | DEBUG    | [20220318] 1 trades, day P&L=$+30, equity=$102,696
2026-04-03 14:03:11 | DEBUG    | [20220331] 2 trades, day P&L=$+706, equity=$103,402
2026-04-03 14:03:11 | DEBUG    | [20220408] 2 trades, day P&L=$+36, equity=$103,438
2026-04-03 14:03:11 | DEBUG    | [20220414] 1 trades, day P&L=$+30, equity=$103,468
2026-04-03 14:03:11 | DEBUG    | [20220418] 1 trades, day P&L=$+30, equity=$103,498
2026-04-03 14:03:11 | DEBUG    | [20220422] 2 trades, day P&L=$+746, equity=$104,244
2026-04-03 14:03:11 | DEBUG    | [20220426] 1 trades, day P&L=$+180, equity=$104,424
2026-04-03 14:03:11 | DEBUG    | [20220509] 2 trades, day P&L=$+826, equity=$105,250
2026-04-03 14:03:11 | DEBUG    | [20220513] 2 trades, day P&L=$+576, equity=$105,826
2026-04-03 14:03:11 | DEBUG    | [20220517] 1 trades, day P&L=$+30, equity=$105,856
2026-04-03 14:03:11 | DEBUG    | [20220520] 2 trades, day P&L=$+286, equity=$106,142
2026-04-03 14:03:11 | DEBUG    | [20220526] 1 trades, day P&L=$+80, equity=$106,222
2026-04-03 14:03:11 | DEBUG    | [20220602] 1 trades, day P&L=$+30, equity=$106,252
2026-04-03 14:03:11 | DEBUG    | [20220609] 1 trades, day P&L=$+30, equity=$106,282
2026-04-03 14:03:11 | DEBUG    | [20220616] 1 trades, day P&L=$+30, equity=$106,312
2026-04-03 14:03:11 | DEBUG    | [20220623] 1 trades, day P&L=$+30, equity=$106,342
2026-04-03 14:03:11 | DEBUG    | [20220624] 2 trades, day P&L=$+36, equity=$106,378
2026-04-03 14:03:11 | DEBUG    | [20220628] 1 trades, day P&L=$+30, equity=$106,408
2026-04-03 14:03:11 | DEBUG    | [20220630] 2 trades, day P&L=$-40, equity=$106,368
2026-04-03 14:03:11 | DEBUG    | [20220705] 2 trades, day P&L=$+36, equity=$106,404
2026-04-03 14:03:12 | DEBUG    | [20220707] 1 trades, day P&L=$+30, equity=$106,434
2026-04-03 14:03:12 | DEBUG    | [20220719] 1 trades, day P&L=$+30, equity=$106,464
2026-04-03 14:03:12 | DEBUG    | [20220902] 2 trades, day P&L=$+146, equity=$106,610
2026-04-03 14:03:12 | DEBUG    | [20220913] 2 trades, day P&L=$+86, equity=$106,696
2026-04-03 14:03:12 | DEBUG    | [20220915] 2 trades, day P&L=$+196, equity=$106,892
2026-04-03 14:03:12 | DEBUG    | [20220916] 2 trades, day P&L=$+106, equity=$106,998
2026-04-03 14:03:12 | DEBUG    | [20220923] 2 trades, day P&L=$+156, equity=$107,154
2026-04-03 14:03:12 | DEBUG    | [20220927] 2 trades, day P&L=$+196, equity=$107,350
2026-04-03 14:03:12 | DEBUG    | [20221003] 1 trades, day P&L=$+30, equity=$107,380
2026-04-03 14:03:12 | DEBUG    | [20221006] 1 trades, day P&L=$+130, equity=$107,510
2026-04-03 14:03:12 | DEBUG    | [20221007] 2 trades, day P&L=$+326, equity=$107,836
2026-04-03 14:03:12 | DEBUG    | [20221011] 1 trades, day P&L=$+30, equity=$107,866
2026-04-03 14:03:12 | DEBUG    | [20221013] 2 trades, day P&L=$+256, equity=$108,122
2026-04-03 14:03:12 | DEBUG    | [20221020] 2 trades, day P&L=$+36, equity=$108,158
2026-04-03 14:03:12 | DEBUG    | [20221021] 1 trades, day P&L=$+30, equity=$108,188
2026-04-03 14:03:12 | DEBUG    | [20221115] 1 trades, day P&L=$+80, equity=$108,268
2026-04-03 14:03:12 | DEBUG    | [20221118] 1 trades, day P&L=$+30, equity=$108,298
2026-04-03 14:03:12 | DEBUG    | [20221209] 1 trades, day P&L=$+30, equity=$108,328
2026-04-03 14:03:12 | DEBUG    | [20221213] 1 trades, day P&L=$+30, equity=$108,358
2026-04-03 14:03:12 | DEBUG    | [20221215] 1 trades, day P&L=$+30, equity=$108,388
2026-04-03 14:03:12 | DEBUG    | [20230202] 1 trades, day P&L=$+30, equity=$108,418
2026-04-03 14:03:12 | DEBUG    | [20230203] 2 trades, day P&L=$+36, equity=$108,454
2026-04-03 14:03:12 | DEBUG    | [20230309] 2 trades, day P&L=$+136, equity=$108,590
2026-04-03 14:03:12 | DEBUG    | [20230313] 1 trades, day P&L=$+180, equity=$108,770
2026-04-03 14:03:12 | DEBUG    | [20230316] 2 trades, day P&L=$+56, equity=$108,826
2026-04-03 14:03:12 | DEBUG    | [20230331] 2 trades, day P&L=$+86, equity=$108,912
2026-04-03 14:03:13 | DEBUG    | [20230707] 1 trades, day P&L=$+80, equity=$108,992
2026-04-03 14:03:13 | DEBUG    | [20230825] 1 trades, day P&L=$+30, equity=$109,022
2026-04-03 14:03:13 | DEBUG    | [20230929] 1 trades, day P&L=$+80, equity=$109,102
2026-04-03 14:03:13 | DEBUG    | [20231019] 1 trades, day P&L=$+30, equity=$109,132
2026-04-03 14:03:13 | DEBUG    | [20240216] 1 trades, day P&L=$+30, equity=$109,162
2026-04-03 14:03:14 | DEBUG    | [20240328] 1 trades, day P&L=$+80, equity=$109,242
2026-04-03 14:03:14 | DEBUG    | [20240404] 1 trades, day P&L=$+80, equity=$109,322
2026-04-03 14:03:14 | DEBUG    | [20240412] 1 trades, day P&L=$+30, equity=$109,352
2026-04-03 14:03:14 | DEBUG    | [20240415] 1 trades, day P&L=$+30, equity=$109,382
2026-04-03 14:03:14 | DEBUG    | [20240416] 2 trades, day P&L=$+136, equity=$109,518
2026-04-03 14:03:14 | DEBUG    | [20240418] 1 trades, day P&L=$+30, equity=$109,548
2026-04-03 14:03:14 | DEBUG    | [20240419] 1 trades, day P&L=$+30, equity=$109,578
2026-04-03 14:03:14 | DEBUG    | [20240422] 1 trades, day P&L=$+30, equity=$109,608
2026-04-03 14:03:14 | DEBUG    | [20240531] 1 trades, day P&L=$+80, equity=$109,688
2026-04-03 14:03:14 | DEBUG    | [20240607] 1 trades, day P&L=$+30, equity=$109,718
2026-04-03 14:03:14 | DEBUG    | [20240627] 1 trades, day P&L=$+30, equity=$109,748
2026-04-03 14:03:14 | DEBUG    | [20240628] 1 trades, day P&L=$+230, equity=$109,978
2026-04-03 14:03:14 | DEBUG    | [20240712] 1 trades, day P&L=$+80, equity=$110,058
2026-04-03 14:03:14 | DEBUG    | [20240715] 1 trades, day P&L=$+30, equity=$110,088
2026-04-03 14:03:14 | DEBUG    | [20240718] 1 trades, day P&L=$+230, equity=$110,318
2026-04-03 14:03:14 | DEBUG    | [20240719] 1 trades, day P&L=$+80, equity=$110,398
2026-04-03 14:03:14 | DEBUG    | [20240726] 2 trades, day P&L=$+486, equity=$110,884
2026-04-03 14:03:14 | DEBUG    | [20240729] 1 trades, day P&L=$+30, equity=$110,914
2026-04-03 14:03:14 | DEBUG    | [20240730] 1 trades, day P&L=$+80, equity=$110,994
2026-04-03 14:03:14 | DEBUG    | [20240802] 1 trades, day P&L=$+430, equity=$111,424
2026-04-03 14:03:14 | DEBUG    | [20240808] 1 trades, day P&L=$+30, equity=$111,454
2026-04-03 14:03:14 | DEBUG    | [20240812] 2 trades, day P&L=$+246, equity=$111,700
2026-04-03 14:03:14 | DEBUG    | [20240813] 1 trades, day P&L=$+30, equity=$111,730
2026-04-03 14:03:14 | DEBUG    | [20240820] 1 trades, day P&L=$+30, equity=$111,760
2026-04-03 14:03:14 | DEBUG    | [20240823] 1 trades, day P&L=$+30, equity=$111,790
2026-04-03 14:03:14 | DEBUG    | [20240829] 1 trades, day P&L=$+230, equity=$112,020
2026-04-03 14:03:14 | DEBUG    | [20240830] 1 trades, day P&L=$+80, equity=$112,100
2026-04-03 14:03:14 | DEBUG    | [20240903] 1 trades, day P&L=$+480, equity=$112,580
2026-04-03 14:03:14 | DEBUG    | [20240905] 1 trades, day P&L=$+30, equity=$112,610
2026-04-03 14:03:14 | DEBUG    | [20240906] 1 trades, day P&L=$+230, equity=$112,840
2026-04-03 14:03:14 | DEBUG    | [20240913] 1 trades, day P&L=$+30, equity=$112,870
2026-04-03 14:03:14 | DEBUG    | [20240919] 2 trades, day P&L=$+86, equity=$112,956
2026-04-03 14:03:14 | DEBUG    | [20240930] 1 trades, day P&L=$+530, equity=$113,486
2026-04-03 14:03:14 | DEBUG    | [20241001] 1 trades, day P&L=$+180, equity=$113,666
2026-04-03 14:03:14 | DEBUG    | [20241010] 1 trades, day P&L=$+30, equity=$113,696
2026-04-03 14:03:14 | DEBUG    | [20241025] 1 trades, day P&L=$+30, equity=$113,726
2026-04-03 14:03:14 | DEBUG    | [20241031] 1 trades, day P&L=$+30, equity=$113,756
2026-04-03 14:03:14 | DEBUG    | [20241104] 1 trades, day P&L=$+30, equity=$113,786
2026-04-03 14:03:14 | DEBUG    | [20241115] 1 trades, day P&L=$+30, equity=$113,816
2026-04-03 14:03:14 | DEBUG    | [20241220] 1 trades, day P&L=$+480, equity=$114,296
2026-04-03 14:03:14 | DEBUG    | [20241227] 1 trades, day P&L=$+80, equity=$114,376
2026-04-03 14:03:14 | DEBUG    | [20241230] 2 trades, day P&L=$+106, equity=$114,482
2026-04-03 14:03:14 | DEBUG    | [20241231] 1 trades, day P&L=$+480, equity=$114,962
2026-04-03 14:03:14 | DEBUG    | [20250102] 1 trades, day P&L=$+230, equity=$115,192
2026-04-03 14:03:14 | DEBUG    | [20250107] 1 trades, day P&L=$+180, equity=$115,372
2026-04-03 14:03:14 | DEBUG    | [20250110] 1 trades, day P&L=$+30, equity=$115,402
2026-04-03 14:03:14 | DEBUG    | [20250127] 1 trades, day P&L=$+30, equity=$115,432
2026-04-03 14:03:14 | DEBUG    | [20250131] 1 trades, day P&L=$+530, equity=$115,962
2026-04-03 14:03:14 | DEBUG    | [20250203] 1 trades, day P&L=$+180, equity=$116,142
2026-04-03 14:03:14 | DEBUG    | [20250207] 1 trades, day P&L=$+30, equity=$116,172
2026-04-03 14:03:14 | DEBUG    | [20250221] 1 trades, day P&L=$+30, equity=$116,202
2026-04-03 14:03:15 | DEBUG    | [20250225] 1 trades, day P&L=$+180, equity=$116,382
2026-04-03 14:03:15 | DEBUG    | [20250227] 1 trades, day P&L=$+180, equity=$116,562
2026-04-03 14:03:15 | DEBUG    | [20250306] 1 trades, day P&L=$+1180, equity=$117,742
2026-04-03 14:03:15 | DEBUG    | [20250310] 1 trades, day P&L=$+880, equity=$118,622
2026-04-03 14:03:15 | DEBUG    | [20250313] 1 trades, day P&L=$+80, equity=$118,702
2026-04-03 14:03:15 | DEBUG    | [20250314] 1 trades, day P&L=$+180, equity=$118,882
2026-04-03 14:03:15 | DEBUG    | [20250318] 1 trades, day P&L=$+30, equity=$118,912
2026-04-03 14:03:15 | DEBUG    | [20250321] 1 trades, day P&L=$+30, equity=$118,942
2026-04-03 14:03:15 | DEBUG    | [20250327] 2 trades, day P&L=$+36, equity=$118,978
2026-04-03 14:03:15 | DEBUG    | [20250328] 1 trades, day P&L=$+30, equity=$119,008
2026-04-03 14:03:15 | DEBUG    | [20250401] 1 trades, day P&L=$+30, equity=$119,038
2026-04-03 14:03:15 | DEBUG    | [20250403] 1 trades, day P&L=$+630, equity=$119,668
2026-04-03 14:03:15 | DEBUG    | [20250415] 2 trades, day P&L=$+46, equity=$119,714
2026-04-03 14:03:15 | DEBUG    | [20250421] 1 trades, day P&L=$+530, equity=$120,244
2026-04-03 14:03:15 | DEBUG    | [20250428] 2 trades, day P&L=$+66, equity=$120,310
2026-04-03 14:03:15 | DEBUG    | [20250501] 2 trades, day P&L=$-804, equity=$119,506
2026-04-03 14:03:15 | DEBUG    | [20250502] 1 trades, day P&L=$+30, equity=$119,536
2026-04-03 14:03:15 | DEBUG    | [20250505] 1 trades, day P&L=$+80, equity=$119,616
2026-04-03 14:03:15 | DEBUG    | [20250506] 1 trades, day P&L=$+130, equity=$119,746
2026-04-03 14:03:15 | DEBUG    | [20250508] 2 trades, day P&L=$+366, equity=$120,112
2026-04-03 14:03:15 | DEBUG    | [20250509] 1 trades, day P&L=$+30, equity=$120,142
2026-04-03 14:03:15 | DEBUG    | [20250512] 1 trades, day P&L=$+130, equity=$120,272
2026-04-03 14:03:15 | DEBUG    | [20250523] 1 trades, day P&L=$+230, equity=$120,502
2026-04-03 14:03:15 | DEBUG    | [20250529] 1 trades, day P&L=$+130, equity=$120,632
2026-04-03 14:03:15 | DEBUG    | [20250530] 2 trades, day P&L=$+726, equity=$121,358
2026-04-03 14:03:15 | DEBUG    | [20250605] 1 trades, day P&L=$+130, equity=$121,488
2026-04-03 14:03:15 | DEBUG    | [20250613] 1 trades, day P&L=$+130, equity=$121,618
2026-04-03 14:03:15 | DEBUG    | [20250623] 1 trades, day P&L=$+30, equity=$121,648
2026-04-03 14:03:15 | DEBUG    | [20250630] 1 trades, day P&L=$+30, equity=$121,678
2026-04-03 14:03:15 | DEBUG    | [20250731] 1 trades, day P&L=$+180, equity=$121,858
2026-04-03 14:03:15 | DEBUG    | [20250801] 1 trades, day P&L=$+30, equity=$121,888
2026-04-03 14:03:15 | DEBUG    | [20250811] 1 trades, day P&L=$+30, equity=$121,918
2026-04-03 14:03:15 | DEBUG    | [20250930] 1 trades, day P&L=$+30, equity=$121,948
2026-04-03 14:03:15 | DEBUG    | [20251010] 1 trades, day P&L=$+1130, equity=$123,078
2026-04-03 14:03:15 | DEBUG    | [20251016] 1 trades, day P&L=$+280, equity=$123,358
2026-04-03 14:03:15 | DEBUG    | [20251031] 1 trades, day P&L=$+80, equity=$123,438
2026-04-03 14:03:15 | DEBUG    | [20251106] 1 trades, day P&L=$+80, equity=$123,518
2026-04-03 14:03:15 | DEBUG    | [20251107] 1 trades, day P&L=$+30, equity=$123,548
2026-04-03 14:03:15 | DEBUG    | [20251113] 1 trades, day P&L=$+130, equity=$123,678
2026-04-03 14:03:15 | DEBUG    | [20251117] 1 trades, day P&L=$+130, equity=$123,808
2026-04-03 14:03:15 | DEBUG    | [20251118] 2 trades, day P&L=$+136, equity=$123,944
2026-04-03 14:03:15 | DEBUG    | [20251120] 1 trades, day P&L=$+430, equity=$124,374
2026-04-03 14:03:15 | DEBUG    | [20251218] 2 trades, day P&L=$+126, equity=$124,500
2026-04-03 14:03:15 | DEBUG    | [20260120] 1 trades, day P&L=$+30, equity=$124,530
2026-04-03 14:03:15 | DEBUG    | [20260130] 2 trades, day P&L=$+106, equity=$124,636
2026-04-03 14:03:15 | DEBUG    | [20260205] 1 trades, day P&L=$+230, equity=$124,866
2026-04-03 14:03:15 | DEBUG    | [20260206] 1 trades, day P&L=$+130, equity=$124,996
2026-04-03 14:03:15 | DEBUG    | [20260212] 1 trades, day P&L=$+180, equity=$125,176
2026-04-03 14:03:15 | DEBUG    | [20260227] 2 trades, day P&L=$+56, equity=$125,232
2026-04-03 14:03:15 | DEBUG    | [20260302] 1 trades, day P&L=$+80, equity=$125,312
2026-04-03 14:03:15 | DEBUG    | [20260303] 1 trades, day P&L=$+130, equity=$125,442
2026-04-03 14:03:16 | DEBUG    | [20260306] 1 trades, day P&L=$+30, equity=$125,472
2026-04-03 14:03:16 | DEBUG    | [20260309] 1 trades, day P&L=$+180, equity=$125,652
2026-04-03 14:03:16 | DEBUG    | [20260310] 2 trades, day P&L=$+96, equity=$125,748
2026-04-03 14:03:16 | DEBUG    | [20260320] 1 trades, day P&L=$+180, equity=$125,928
2026-04-03 14:03:16 | DEBUG    | [20260324] 1 trades, day P&L=$+30, equity=$125,958
2026-04-03 14:03:16 | INFO     | ============================================================
2026-04-03 14:03:16 | INFO     | SKIP REASONS:
2026-04-03 14:03:16 | INFO     |   dow_filter          : 192
2026-04-03 14:03:16 | INFO     |   early_close         : 6
2026-04-03 14:03:16 | INFO     |   no_quotes           : 21
2026-04-03 14:03:16 | INFO     |   prior_return        : 147
2026-04-03 14:03:16 | INFO     |   TOTAL TRADES        : 219
2026-04-03 14:03:16 | INFO     | ============================================================
2026-04-03 14:03:16 | INFO     | [ITER 150] width_25_final → SWEEP | P&L=$25,958, Sharpe=11.18, DD=$-820
