2026-04-04 16:12:44 | INFO     | Log file: /Users/jeerapongwongchote/Documents/thetadata/apex/logs/apex_run_20260404_161244.log
2026-04-04 16:12:44 | INFO     | Building daily indicators...
2026-04-04 16:12:52 | INFO     |   SQZ GEX loaded: 3748 dates
2026-04-04 16:12:52 | INFO     | Built daily indicators: 1066 dates (20220103 → 20260402)
2026-04-04 16:12:52 | DEBUG    | [20230203] 1 trades, day P&L=$+45, equity=$100,045
2026-04-04 16:12:52 | DEBUG    | [20230707] 1 trades, day P&L=$+120, equity=$100,165
2026-04-04 16:12:52 | DEBUG    | [20231114] 1 trades, day P&L=$+45, equity=$100,210
2026-04-04 16:12:53 | DEBUG    | [20231229] 1 trades, day P&L=$+45, equity=$100,255
2026-04-04 16:12:53 | DEBUG    | [20240216] 1 trades, day P&L=$+45, equity=$100,300
2026-04-04 16:12:53 | DEBUG    | [20240531] 1 trades, day P&L=$+120, equity=$100,420
2026-04-04 16:12:53 | DEBUG    | [20240607] 1 trades, day P&L=$+45, equity=$100,465
2026-04-04 16:12:53 | DEBUG    | [20240628] 1 trades, day P&L=$+345, equity=$100,810
2026-04-04 16:12:53 | DEBUG    | [20240712] 1 trades, day P&L=$+195, equity=$101,005
2026-04-04 16:12:53 | DEBUG    | [20240715] 1 trades, day P&L=$+45, equity=$101,050
2026-04-04 16:12:53 | DEBUG    | [20240716] 1 trades, day P&L=$+45, equity=$101,095
2026-04-04 16:12:53 | DEBUG    | [20240722] 1 trades, day P&L=$+45, equity=$101,140
2026-04-04 16:12:54 | DEBUG    | [20240830] 1 trades, day P&L=$+420, equity=$101,560
2026-04-04 16:12:55 | INFO     | ============================================================
2026-04-04 16:12:55 | INFO     | SKIP REASONS:
2026-04-04 16:12:55 | INFO     |   bp_limit            : 5
2026-04-04 16:12:55 | INFO     |   dow_filter          : 233
2026-04-04 16:12:55 | INFO     |   early_close         : 6
2026-04-04 16:12:55 | INFO     |   gex_filter          : 336
2026-04-04 16:12:55 | INFO     |   no_quotes           : 4
2026-04-04 16:12:55 | INFO     |   prior_return        : 147
2026-04-04 16:12:55 | INFO     |   safety_ratio        : 190
2026-04-04 16:12:55 | INFO     |   TOTAL TRADES        : 13
2026-04-04 16:12:55 | INFO     | ============================================================
2026-04-04 16:12:55 | INFO     | 
============================================================
2026-04-04 16:12:55 | INFO     |   BACKTEST RESULTS (2022-01-03 → 2026-03-25)
2026-04-04 16:12:55 | INFO     | ============================================================
2026-04-04 16:12:55 | INFO     |   Trades      : 13
2026-04-04 16:12:55 | INFO     |   Win Rate    : 100.0%
2026-04-04 16:12:55 | INFO     |   Total P&L   : $1,560.00
2026-04-04 16:12:55 | INFO     |   Max DD      : $0.00
2026-04-04 16:12:55 | INFO     |   Sharpe      : 15.09
2026-04-04 16:12:55 | INFO     |   Calmar      : 0.00
2026-04-04 16:12:55 | INFO     |   Profit Factor: inf
2026-04-04 16:12:55 | INFO     |   Avg Win     : $120.00
2026-04-04 16:12:55 | INFO     |   Avg Loss    : $0.00
2026-04-04 16:12:55 | INFO     |   Max Single Loss: $45.00
2026-04-04 16:12:55 | INFO     | ============================================================

2026-04-04 16:12:55 | INFO     | 
--- VIX ZONE ANALYSIS ---
2026-04-04 16:12:55 | INFO     |   VIX < 15  :    9 trades, WR 100.0%, P&L $       930, DD $       0, Sharpe 15.68
2026-04-04 16:12:55 | INFO     |   VIX 15-20 :    4 trades, WR 100.0%, P&L $       630, DD $       0, Sharpe 14.00
2026-04-04 16:12:55 | INFO     | 
--- DAY-OF-WEEK ANALYSIS ---
2026-04-04 16:12:55 | INFO     |   Mon:    2 trades, WR 100.0%, P&L $        90, Sharpe  0.00
2026-04-04 16:12:55 | INFO     |   Tue:    2 trades, WR 100.0%, P&L $        90, Sharpe  0.00
2026-04-04 16:12:55 | INFO     |   Fri:    9 trades, WR 100.0%, P&L $     1,380, Sharpe 17.28
2026-04-04 16:12:55 | INFO     | 
--- TOP 10 WORST DAYS ---
2026-04-04 16:12:55 | INFO     |   20230203: P&L=$        45 | 1 trades | VIX=18.73
2026-04-04 16:12:55 | INFO     |   20231114: P&L=$        45 | 1 trades | VIX=14.76
2026-04-04 16:12:55 | INFO     |   20231229: P&L=$        45 | 1 trades | VIX=12.47
2026-04-04 16:12:55 | INFO     |   20240216: P&L=$        45 | 1 trades | VIX=14.01
2026-04-04 16:12:55 | INFO     |   20240607: P&L=$        45 | 1 trades | VIX=12.58
2026-04-04 16:12:55 | INFO     |   20240715: P&L=$        45 | 1 trades | VIX=12.46
2026-04-04 16:12:55 | INFO     |   20240716: P&L=$        45 | 1 trades | VIX=13.12
2026-04-04 16:12:55 | INFO     |   20240722: P&L=$        45 | 1 trades | VIX=16.52
2026-04-04 16:12:55 | INFO     |   20230707: P&L=$       120 | 1 trades | VIX=15.44
2026-04-04 16:12:55 | INFO     |   20240531: P&L=$       120 | 1 trades | VIX=14.47
