2026-04-03 13:46:08 | INFO     | Log file: /Users/jeerapongwongchote/Documents/thetadata/apex/logs/apex_run_20260403_134607.log
2026-04-03 13:46:13 | INFO     | Built daily indicators: 1065 dates (20220103 → 20260401)
2026-04-03 13:46:14 | DEBUG    | [20220110] 2 trades, day P&L=$+60, equity=$100,060
2026-04-03 13:46:14 | DEBUG    | [20220114] 1 trades, day P&L=$+130, equity=$100,190
2026-04-03 13:46:14 | DEBUG    | [20220118] 2 trades, day P&L=$+210, equity=$100,400
2026-04-03 13:46:14 | DEBUG    | [20220121] 2 trades, day P&L=$+510, equity=$100,910
2026-04-03 13:46:14 | DEBUG    | [20220128] 2 trades, day P&L=$+510, equity=$101,420
2026-04-03 13:46:14 | DEBUG    | [20220207] 2 trades, day P&L=$+360, equity=$101,780
2026-04-03 13:46:14 | DEBUG    | [20220222] 2 trades, day P&L=$+760, equity=$102,540
2026-04-03 13:46:14 | DEBUG    | [20220225] 2 trades, day P&L=$+260, equity=$102,800
2026-04-03 13:46:14 | DEBUG    | [20220304] 2 trades, day P&L=$+260, equity=$103,060
2026-04-03 13:46:14 | DEBUG    | [20220307] 2 trades, day P&L=$+410, equity=$103,470
2026-04-03 13:46:14 | DEBUG    | [20220311] 2 trades, day P&L=$+410, equity=$103,880
2026-04-03 13:46:14 | DEBUG    | [20220314] 2 trades, day P&L=$+310, equity=$104,190
2026-04-03 13:46:14 | DEBUG    | [20220318] 1 trades, day P&L=$+30, equity=$104,220
2026-04-03 13:46:14 | DEBUG    | [20220331] 2 trades, day P&L=$+1060, equity=$105,280
2026-04-03 13:46:14 | DEBUG    | [20220408] 2 trades, day P&L=$+60, equity=$105,340
2026-04-03 13:46:14 | DEBUG    | [20220414] 1 trades, day P&L=$+30, equity=$105,370
2026-04-03 13:46:14 | DEBUG    | [20220418] 1 trades, day P&L=$+30, equity=$105,400
2026-04-03 13:46:14 | DEBUG    | [20220422] 2 trades, day P&L=$+1010, equity=$106,410
2026-04-03 13:46:14 | DEBUG    | [20220509] 2 trades, day P&L=$+1460, equity=$107,870
2026-04-03 13:46:14 | DEBUG    | [20220513] 2 trades, day P&L=$+660, equity=$108,530
2026-04-03 13:46:14 | DEBUG    | [20220517] 1 trades, day P&L=$+30, equity=$108,560
2026-04-03 13:46:14 | DEBUG    | [20220520] 2 trades, day P&L=$+410, equity=$108,970
2026-04-03 13:46:14 | DEBUG    | [20220526] 1 trades, day P&L=$+80, equity=$109,050
2026-04-03 13:46:14 | DEBUG    | [20220609] 1 trades, day P&L=$+30, equity=$109,080
2026-04-03 13:46:14 | DEBUG    | [20220616] 2 trades, day P&L=$+60, equity=$109,140
2026-04-03 13:46:14 | DEBUG    | [20220623] 1 trades, day P&L=$+30, equity=$109,170
2026-04-03 13:46:14 | DEBUG    | [20220624] 1 trades, day P&L=$+30, equity=$109,200
2026-04-03 13:46:14 | DEBUG    | [20220628] 1 trades, day P&L=$+30, equity=$109,230
2026-04-03 13:46:14 | DEBUG    | [20220630] 2 trades, day P&L=$-620, equity=$108,610
2026-04-03 13:46:14 | DEBUG    | [20220705] 2 trades, day P&L=$+60, equity=$108,670
2026-04-03 13:46:14 | DEBUG    | [20220707] 1 trades, day P&L=$+30, equity=$108,700
2026-04-03 13:46:14 | DEBUG    | [20220719] 1 trades, day P&L=$+30, equity=$108,730
2026-04-03 13:46:14 | DEBUG    | [20220902] 2 trades, day P&L=$+210, equity=$108,940
2026-04-03 13:46:14 | DEBUG    | [20220913] 2 trades, day P&L=$+110, equity=$109,050
2026-04-03 13:46:14 | DEBUG    | [20220915] 1 trades, day P&L=$+130, equity=$109,180
2026-04-03 13:46:14 | DEBUG    | [20220916] 2 trades, day P&L=$+210, equity=$109,390
2026-04-03 13:46:14 | DEBUG    | [20220923] 2 trades, day P&L=$+260, equity=$109,650
2026-04-03 13:46:14 | DEBUG    | [20220927] 2 trades, day P&L=$+260, equity=$109,910
2026-04-03 13:46:14 | DEBUG    | [20221003] 1 trades, day P&L=$+30, equity=$109,940
2026-04-03 13:46:14 | DEBUG    | [20221006] 1 trades, day P&L=$+130, equity=$110,070
2026-04-03 13:46:14 | DEBUG    | [20221007] 2 trades, day P&L=$+510, equity=$110,580
2026-04-03 13:46:14 | DEBUG    | [20221011] 1 trades, day P&L=$+30, equity=$110,610
2026-04-03 13:46:14 | DEBUG    | [20221013] 2 trades, day P&L=$+360, equity=$110,970
2026-04-03 13:46:14 | DEBUG    | [20221020] 2 trades, day P&L=$+60, equity=$111,030
2026-04-03 13:46:14 | DEBUG    | [20221115] 1 trades, day P&L=$+80, equity=$111,110
2026-04-03 13:46:14 | DEBUG    | [20221118] 1 trades, day P&L=$+30, equity=$111,140
2026-04-03 13:46:14 | DEBUG    | [20221209] 1 trades, day P&L=$+30, equity=$111,170
2026-04-03 13:46:14 | DEBUG    | [20221213] 1 trades, day P&L=$+30, equity=$111,200
2026-04-03 13:46:14 | DEBUG    | [20221215] 1 trades, day P&L=$+30, equity=$111,230
2026-04-03 13:46:15 | DEBUG    | [20230202] 1 trades, day P&L=$+30, equity=$111,260
2026-04-03 13:46:15 | DEBUG    | [20230203] 2 trades, day P&L=$+60, equity=$111,320
2026-04-03 13:46:15 | DEBUG    | [20230309] 2 trades, day P&L=$+160, equity=$111,480
2026-04-03 13:46:15 | DEBUG    | [20230313] 1 trades, day P&L=$+180, equity=$111,660
2026-04-03 13:46:15 | DEBUG    | [20230316] 2 trades, day P&L=$+160, equity=$111,820
2026-04-03 13:46:15 | DEBUG    | [20230707] 1 trades, day P&L=$+80, equity=$111,900
2026-04-03 13:46:15 | DEBUG    | [20230825] 1 trades, day P&L=$+30, equity=$111,930
2026-04-03 13:46:15 | DEBUG    | [20230929] 1 trades, day P&L=$+80, equity=$112,010
2026-04-03 13:46:16 | DEBUG    | [20231019] 1 trades, day P&L=$+30, equity=$112,040
2026-04-03 13:46:16 | DEBUG    | [20240216] 1 trades, day P&L=$+30, equity=$112,070
2026-04-03 13:46:16 | DEBUG    | [20240404] 1 trades, day P&L=$+80, equity=$112,150
2026-04-03 13:46:16 | DEBUG    | [20240412] 1 trades, day P&L=$+30, equity=$112,180
2026-04-03 13:46:16 | DEBUG    | [20240415] 1 trades, day P&L=$+30, equity=$112,210
2026-04-03 13:46:16 | DEBUG    | [20240416] 2 trades, day P&L=$+110, equity=$112,320
2026-04-03 13:46:16 | DEBUG    | [20240418] 1 trades, day P&L=$+30, equity=$112,350
2026-04-03 13:46:16 | DEBUG    | [20240419] 1 trades, day P&L=$+30, equity=$112,380
2026-04-03 13:46:16 | DEBUG    | [20240422] 1 trades, day P&L=$+30, equity=$112,410
2026-04-03 13:46:16 | DEBUG    | [20240531] 1 trades, day P&L=$+80, equity=$112,490
2026-04-03 13:46:16 | DEBUG    | [20240607] 1 trades, day P&L=$+30, equity=$112,520
2026-04-03 13:46:16 | DEBUG    | [20240627] 1 trades, day P&L=$+30, equity=$112,550
2026-04-03 13:46:16 | DEBUG    | [20240628] 1 trades, day P&L=$+230, equity=$112,780
2026-04-03 13:46:17 | DEBUG    | [20240712] 1 trades, day P&L=$+80, equity=$112,860
2026-04-03 13:46:17 | DEBUG    | [20240715] 1 trades, day P&L=$+30, equity=$112,890
2026-04-03 13:46:17 | DEBUG    | [20240718] 1 trades, day P&L=$+180, equity=$113,070
2026-04-03 13:46:17 | DEBUG    | [20240719] 1 trades, day P&L=$+80, equity=$113,150
2026-04-03 13:46:17 | DEBUG    | [20240726] 2 trades, day P&L=$+660, equity=$113,810
2026-04-03 13:46:17 | DEBUG    | [20240729] 1 trades, day P&L=$+30, equity=$113,840
2026-04-03 13:46:17 | DEBUG    | [20240730] 1 trades, day P&L=$+80, equity=$113,920
2026-04-03 13:46:17 | DEBUG    | [20240802] 1 trades, day P&L=$+380, equity=$114,300
2026-04-03 13:46:17 | DEBUG    | [20240808] 1 trades, day P&L=$+30, equity=$114,330
2026-04-03 13:46:17 | DEBUG    | [20240812] 2 trades, day P&L=$+310, equity=$114,640
2026-04-03 13:46:17 | DEBUG    | [20240813] 1 trades, day P&L=$+30, equity=$114,670
2026-04-03 13:46:17 | DEBUG    | [20240820] 1 trades, day P&L=$+30, equity=$114,700
2026-04-03 13:46:17 | DEBUG    | [20240823] 1 trades, day P&L=$+30, equity=$114,730
2026-04-03 13:46:17 | DEBUG    | [20240829] 1 trades, day P&L=$+230, equity=$114,960
2026-04-03 13:46:17 | DEBUG    | [20240830] 1 trades, day P&L=$+80, equity=$115,040
2026-04-03 13:46:17 | DEBUG    | [20240903] 1 trades, day P&L=$+380, equity=$115,420
2026-04-03 13:46:17 | DEBUG    | [20240905] 1 trades, day P&L=$+30, equity=$115,450
2026-04-03 13:46:17 | DEBUG    | [20240906] 1 trades, day P&L=$+230, equity=$115,680
2026-04-03 13:46:17 | DEBUG    | [20240913] 1 trades, day P&L=$+30, equity=$115,710
2026-04-03 13:46:17 | DEBUG    | [20240919] 1 trades, day P&L=$+30, equity=$115,740
2026-04-03 13:46:17 | DEBUG    | [20240930] 1 trades, day P&L=$+480, equity=$116,220
2026-04-03 13:46:17 | DEBUG    | [20241001] 1 trades, day P&L=$+180, equity=$116,400
2026-04-03 13:46:17 | DEBUG    | [20241010] 1 trades, day P&L=$+30, equity=$116,430
2026-04-03 13:46:17 | DEBUG    | [20241025] 1 trades, day P&L=$+30, equity=$116,460
2026-04-03 13:46:17 | DEBUG    | [20241031] 1 trades, day P&L=$+30, equity=$116,490
2026-04-03 13:46:17 | DEBUG    | [20241104] 1 trades, day P&L=$+30, equity=$116,520
2026-04-03 13:46:17 | DEBUG    | [20241115] 1 trades, day P&L=$+30, equity=$116,550
2026-04-03 13:46:17 | DEBUG    | [20241220] 1 trades, day P&L=$+430, equity=$116,980
2026-04-03 13:46:17 | DEBUG    | [20241227] 1 trades, day P&L=$+80, equity=$117,060
2026-04-03 13:46:17 | DEBUG    | [20241230] 2 trades, day P&L=$+210, equity=$117,270
2026-04-03 13:46:17 | DEBUG    | [20241231] 1 trades, day P&L=$+430, equity=$117,700
2026-04-03 13:46:17 | DEBUG    | [20250102] 1 trades, day P&L=$+230, equity=$117,930
2026-04-03 13:46:17 | DEBUG    | [20250107] 1 trades, day P&L=$+180, equity=$118,110
2026-04-03 13:46:17 | DEBUG    | [20250110] 1 trades, day P&L=$+30, equity=$118,140
2026-04-03 13:46:17 | DEBUG    | [20250127] 1 trades, day P&L=$+30, equity=$118,170
2026-04-03 13:46:17 | DEBUG    | [20250131] 1 trades, day P&L=$+480, equity=$118,650
2026-04-03 13:46:17 | DEBUG    | [20250203] 1 trades, day P&L=$+180, equity=$118,830
2026-04-03 13:46:17 | DEBUG    | [20250207] 1 trades, day P&L=$+30, equity=$118,860
2026-04-03 13:46:17 | DEBUG    | [20250221] 1 trades, day P&L=$+30, equity=$118,890
2026-04-03 13:46:17 | DEBUG    | [20250225] 1 trades, day P&L=$+180, equity=$119,070
2026-04-03 13:46:17 | DEBUG    | [20250227] 1 trades, day P&L=$+180, equity=$119,250
2026-04-03 13:46:17 | DEBUG    | [20250306] 1 trades, day P&L=$+1030, equity=$120,280
2026-04-03 13:46:17 | DEBUG    | [20250310] 1 trades, day P&L=$+730, equity=$121,010
2026-04-03 13:46:17 | DEBUG    | [20250313] 1 trades, day P&L=$+80, equity=$121,090
2026-04-03 13:46:17 | DEBUG    | [20250314] 1 trades, day P&L=$+180, equity=$121,270
2026-04-03 13:46:17 | DEBUG    | [20250318] 1 trades, day P&L=$+30, equity=$121,300
2026-04-03 13:46:17 | DEBUG    | [20250321] 1 trades, day P&L=$+30, equity=$121,330
2026-04-03 13:46:17 | DEBUG    | [20250327] 2 trades, day P&L=$+60, equity=$121,390
2026-04-03 13:46:17 | DEBUG    | [20250328] 1 trades, day P&L=$+30, equity=$121,420
2026-04-03 13:46:17 | DEBUG    | [20250401] 1 trades, day P&L=$+30, equity=$121,450
2026-04-03 13:46:17 | DEBUG    | [20250403] 1 trades, day P&L=$+580, equity=$122,030
2026-04-03 13:46:17 | DEBUG    | [20250408] 1 trades, day P&L=$+1830, equity=$123,860
2026-04-03 13:46:17 | DEBUG    | [20250415] 2 trades, day P&L=$+110, equity=$123,970
2026-04-03 13:46:17 | DEBUG    | [20250421] 1 trades, day P&L=$+530, equity=$124,500
2026-04-03 13:46:17 | DEBUG    | [20250428] 2 trades, day P&L=$+210, equity=$124,710
2026-04-03 13:46:17 | DEBUG    | [20250501] 2 trades, day P&L=$-740, equity=$123,970
2026-04-03 13:46:17 | DEBUG    | [20250502] 1 trades, day P&L=$+30, equity=$124,000
2026-04-03 13:46:17 | DEBUG    | [20250505] 1 trades, day P&L=$+80, equity=$124,080
2026-04-03 13:46:17 | DEBUG    | [20250506] 1 trades, day P&L=$+130, equity=$124,210
2026-04-03 13:46:17 | DEBUG    | [20250508] 2 trades, day P&L=$+610, equity=$124,820
2026-04-03 13:46:17 | DEBUG    | [20250509] 1 trades, day P&L=$+30, equity=$124,850
2026-04-03 13:46:17 | DEBUG    | [20250523] 1 trades, day P&L=$+230, equity=$125,080
2026-04-03 13:46:17 | DEBUG    | [20250529] 1 trades, day P&L=$+130, equity=$125,210
2026-04-03 13:46:17 | DEBUG    | [20250530] 2 trades, day P&L=$+1110, equity=$126,320
2026-04-03 13:46:18 | DEBUG    | [20250605] 1 trades, day P&L=$+80, equity=$126,400
2026-04-03 13:46:18 | DEBUG    | [20250613] 1 trades, day P&L=$+80, equity=$126,480
2026-04-03 13:46:18 | DEBUG    | [20250623] 1 trades, day P&L=$+30, equity=$126,510
2026-04-03 13:46:18 | DEBUG    | [20250630] 1 trades, day P&L=$+30, equity=$126,540
2026-04-03 13:46:18 | DEBUG    | [20250731] 1 trades, day P&L=$+180, equity=$126,720
2026-04-03 13:46:18 | DEBUG    | [20250801] 1 trades, day P&L=$+30, equity=$126,750
2026-04-03 13:46:18 | DEBUG    | [20250811] 1 trades, day P&L=$+30, equity=$126,780
2026-04-03 13:46:18 | DEBUG    | [20250930] 1 trades, day P&L=$+30, equity=$126,810
2026-04-03 13:46:18 | DEBUG    | [20251010] 1 trades, day P&L=$+980, equity=$127,790
2026-04-03 13:46:18 | DEBUG    | [20251016] 1 trades, day P&L=$+230, equity=$128,020
2026-04-03 13:46:18 | DEBUG    | [20251031] 1 trades, day P&L=$+80, equity=$128,100
2026-04-03 13:46:18 | DEBUG    | [20251106] 1 trades, day P&L=$+80, equity=$128,180
2026-04-03 13:46:18 | DEBUG    | [20251107] 1 trades, day P&L=$+30, equity=$128,210
2026-04-03 13:46:18 | DEBUG    | [20251113] 1 trades, day P&L=$+130, equity=$128,340
2026-04-03 13:46:18 | DEBUG    | [20251117] 1 trades, day P&L=$+130, equity=$128,470
2026-04-03 13:46:18 | DEBUG    | [20251118] 2 trades, day P&L=$+160, equity=$128,630
2026-04-03 13:46:18 | DEBUG    | [20251120] 1 trades, day P&L=$+430, equity=$129,060
2026-04-03 13:46:18 | DEBUG    | [20251218] 2 trades, day P&L=$+310, equity=$129,370
2026-04-03 13:46:18 | DEBUG    | [20260120] 1 trades, day P&L=$+30, equity=$129,400
2026-04-03 13:46:18 | DEBUG    | [20260130] 2 trades, day P&L=$+210, equity=$129,610
2026-04-03 13:46:18 | DEBUG    | [20260205] 1 trades, day P&L=$+230, equity=$129,840
2026-04-03 13:46:18 | DEBUG    | [20260206] 1 trades, day P&L=$+130, equity=$129,970
2026-04-03 13:46:18 | DEBUG    | [20260212] 1 trades, day P&L=$+180, equity=$130,150
2026-04-03 13:46:18 | DEBUG    | [20260227] 2 trades, day P&L=$+160, equity=$130,310
2026-04-03 13:46:18 | DEBUG    | [20260302] 1 trades, day P&L=$+80, equity=$130,390
2026-04-03 13:46:18 | DEBUG    | [20260303] 1 trades, day P&L=$+80, equity=$130,470
2026-04-03 13:46:18 | DEBUG    | [20260305] 1 trades, day P&L=$+130, equity=$130,600
2026-04-03 13:46:18 | DEBUG    | [20260306] 1 trades, day P&L=$+30, equity=$130,630
2026-04-03 13:46:18 | DEBUG    | [20260309] 1 trades, day P&L=$+130, equity=$130,760
2026-04-03 13:46:18 | DEBUG    | [20260310] 1 trades, day P&L=$+80, equity=$130,840
2026-04-03 13:46:18 | DEBUG    | [20260320] 1 trades, day P&L=$+130, equity=$130,970
2026-04-03 13:46:18 | DEBUG    | [20260324] 1 trades, day P&L=$+30, equity=$131,000
2026-04-03 13:46:18 | INFO     | ============================================================
2026-04-03 13:46:18 | INFO     | SKIP REASONS:
2026-04-03 13:46:18 | INFO     |   dow_filter          : 192
2026-04-03 13:46:18 | INFO     |   early_close         : 6
2026-04-03 13:46:18 | INFO     |   no_quotes           : 22
2026-04-03 13:46:18 | INFO     |   prior_return        : 147
2026-04-03 13:46:18 | INFO     |   TOTAL TRADES        : 211
2026-04-03 13:46:18 | INFO     | ============================================================
