2026-04-04 00:51:55 | INFO     | Log file: /Users/jeerapongwongchote/Documents/thetadata/apex/logs/apex_run_20260404_005155.log
2026-04-04 00:51:59 | INFO     | Built daily indicators: 1066 dates (20220103 → 20260402)
2026-04-04 00:51:59 | DEBUG    | [20220110] 2 trades, day P&L=$+540, equity=$100,540
2026-04-04 00:51:59 | DEBUG    | [20220118] 2 trades, day P&L=$+840, equity=$101,380
2026-04-04 00:51:59 | DEBUG    | [20220207] 2 trades, day P&L=$+1440, equity=$102,820
2026-04-04 00:51:59 | DEBUG    | [20220222] 2 trades, day P&L=$+2115, equity=$104,935
2026-04-04 00:51:59 | DEBUG    | [20220307] 2 trades, day P&L=$+1815, equity=$106,750
2026-04-04 00:51:59 | DEBUG    | [20220314] 2 trades, day P&L=$+1515, equity=$108,265
2026-04-04 00:51:59 | DEBUG    | [20220321] 2 trades, day P&L=$-1305, equity=$106,960
2026-04-04 00:51:59 | DEBUG    | [20220328] 2 trades, day P&L=$-570, equity=$106,390
2026-04-04 00:51:59 | DEBUG    | [20220404] 1 trades, day P&L=$+45, equity=$106,435
2026-04-04 00:51:59 | DEBUG    | [20220411] 1 trades, day P&L=$+45, equity=$106,480
2026-04-04 00:51:59 | DEBUG    | [20220418] 1 trades, day P&L=$+45, equity=$106,525
2026-04-04 00:51:59 | DEBUG    | [20220426] 2 trades, day P&L=$-5460, equity=$101,065
2026-04-04 00:51:59 | DEBUG    | [20220503] 2 trades, day P&L=$+1515, equity=$102,580
2026-04-04 00:51:59 | DEBUG    | [20220509] 2 trades, day P&L=$+3540, equity=$106,120
2026-04-04 00:51:59 | DEBUG    | [20220517] 2 trades, day P&L=$+465, equity=$106,585
2026-04-04 00:51:59 | DEBUG    | [20220523] 2 trades, day P&L=$+315, equity=$106,900
2026-04-04 00:51:59 | DEBUG    | [20220607] 1 trades, day P&L=$+195, equity=$107,095
2026-04-04 00:51:59 | DEBUG    | [20220621] 1 trades, day P&L=$+195, equity=$107,290
2026-04-04 00:51:59 | DEBUG    | [20220628] 2 trades, day P&L=$+465, equity=$107,755
2026-04-04 00:51:59 | DEBUG    | [20220705] 1 trades, day P&L=$+195, equity=$107,950
2026-04-04 00:51:59 | DEBUG    | [20220712] 2 trades, day P&L=$+315, equity=$108,265
2026-04-04 00:52:00 | DEBUG    | [20220802] 1 trades, day P&L=$+45, equity=$108,310
2026-04-04 00:52:00 | DEBUG    | [20220830] 2 trades, day P&L=$+240, equity=$108,550
2026-04-04 00:52:00 | DEBUG    | [20220906] 2 trades, day P&L=$+315, equity=$108,865
2026-04-04 00:52:00 | DEBUG    | [20220913] 2 trades, day P&L=$+615, equity=$109,480
2026-04-04 00:52:00 | DEBUG    | [20220919] 1 trades, day P&L=$+45, equity=$109,525
2026-04-04 00:52:00 | DEBUG    | [20220920] 2 trades, day P&L=$+390, equity=$109,915
2026-04-04 00:52:00 | DEBUG    | [20220927] 2 trades, day P&L=$+1665, equity=$111,580
2026-04-04 00:52:00 | DEBUG    | [20221003] 2 trades, day P&L=$+615, equity=$112,195
2026-04-04 00:52:00 | DEBUG    | [20221011] 2 trades, day P&L=$+540, equity=$112,735
2026-04-04 00:52:00 | DEBUG    | [20221108] 1 trades, day P&L=$+45, equity=$112,780
2026-04-04 00:52:00 | DEBUG    | [20221115] 2 trades, day P&L=$+990, equity=$113,770
2026-04-04 00:52:00 | DEBUG    | [20221205] 1 trades, day P&L=$+45, equity=$113,815
2026-04-04 00:52:00 | DEBUG    | [20221213] 2 trades, day P&L=$+315, equity=$114,130
2026-04-04 00:52:00 | DEBUG    | [20221219] 1 trades, day P&L=$+45, equity=$114,175
2026-04-04 00:52:00 | INFO     | ============================================================
2026-04-04 00:52:00 | INFO     | SKIP REASONS:
2026-04-04 00:52:00 | INFO     |   dow_filter          : 108
2026-04-04 00:52:00 | INFO     |   early_close         : 1
2026-04-04 00:52:00 | INFO     |   no_quotes           : 11
2026-04-04 00:52:00 | INFO     |   prior_return        : 76
2026-04-04 00:52:00 | INFO     |   TOTAL TRADES        : 59
2026-04-04 00:52:00 | INFO     | ============================================================
2026-04-04 00:52:00 | DEBUG    | [20220110] 2 trades, day P&L=$+90, equity=$100,090
2026-04-04 00:52:00 | DEBUG    | [20220118] 2 trades, day P&L=$+240, equity=$100,330
2026-04-04 00:52:00 | DEBUG    | [20220207] 2 trades, day P&L=$+390, equity=$100,720
2026-04-04 00:52:00 | DEBUG    | [20220222] 2 trades, day P&L=$+915, equity=$101,635
2026-04-04 00:52:00 | DEBUG    | [20220307] 2 trades, day P&L=$+540, equity=$102,175
2026-04-04 00:52:00 | DEBUG    | [20220314] 2 trades, day P&L=$+390, equity=$102,565
2026-04-04 00:52:00 | DEBUG    | [20220418] 1 trades, day P&L=$+45, equity=$102,610
2026-04-04 00:52:00 | DEBUG    | [20220426] 2 trades, day P&L=$+615, equity=$103,225
2026-04-04 00:52:00 | DEBUG    | [20220503] 1 trades, day P&L=$+195, equity=$103,420
2026-04-04 00:52:00 | DEBUG    | [20220509] 2 trades, day P&L=$+1890, equity=$105,310
2026-04-04 00:52:00 | DEBUG    | [20220517] 1 trades, day P&L=$+45, equity=$105,355
2026-04-04 00:52:00 | DEBUG    | [20220628] 1 trades, day P&L=$+45, equity=$105,400
2026-04-04 00:52:00 | DEBUG    | [20220705] 1 trades, day P&L=$+45, equity=$105,445
2026-04-04 00:52:00 | DEBUG    | [20220913] 1 trades, day P&L=$+45, equity=$105,490
2026-04-04 00:52:00 | DEBUG    | [20220927] 2 trades, day P&L=$+315, equity=$105,805
2026-04-04 00:52:00 | DEBUG    | [20221003] 1 trades, day P&L=$+45, equity=$105,850
2026-04-04 00:52:00 | DEBUG    | [20221011] 1 trades, day P&L=$+45, equity=$105,895
2026-04-04 00:52:00 | DEBUG    | [20221115] 1 trades, day P&L=$+120, equity=$106,015
2026-04-04 00:52:00 | DEBUG    | [20221213] 1 trades, day P&L=$+45, equity=$106,060
2026-04-04 00:52:00 | INFO     | ============================================================
2026-04-04 00:52:00 | INFO     | SKIP REASONS:
2026-04-04 00:52:00 | INFO     |   dow_filter          : 108
2026-04-04 00:52:00 | INFO     |   early_close         : 1
2026-04-04 00:52:00 | INFO     |   no_quotes           : 11
2026-04-04 00:52:00 | INFO     |   prior_return        : 76
2026-04-04 00:52:00 | INFO     |   TOTAL TRADES        : 28
2026-04-04 00:52:00 | INFO     | ============================================================
2026-04-04 00:52:00 | DEBUG    | [20220105] 1 trades, day P&L=$+45, equity=$100,045
2026-04-04 00:52:00 | DEBUG    | [20220126] 1 trades, day P&L=$+795, equity=$100,840
2026-04-04 00:52:00 | DEBUG    | [20220309] 1 trades, day P&L=$+270, equity=$101,110
2026-04-04 00:52:00 | DEBUG    | [20220323] 1 trades, day P&L=$+45, equity=$101,155
2026-04-04 00:52:00 | DEBUG    | [20220406] 1 trades, day P&L=$+495, equity=$101,650
2026-04-04 00:52:00 | DEBUG    | [20220504] 1 trades, day P&L=$+195, equity=$101,845
2026-04-04 00:52:00 | DEBUG    | [20220511] 1 trades, day P&L=$+120, equity=$101,965
2026-04-04 00:52:00 | DEBUG    | [20220615] 1 trades, day P&L=$+495, equity=$102,460
2026-04-04 00:52:00 | DEBUG    | [20220706] 1 trades, day P&L=$+45, equity=$102,505
2026-04-04 00:52:00 | DEBUG    | [20220713] 1 trades, day P&L=$+45, equity=$102,550
2026-04-04 00:52:00 | DEBUG    | [20221102] 1 trades, day P&L=$+195, equity=$102,745
2026-04-04 00:52:00 | INFO     | ============================================================
2026-04-04 00:52:00 | INFO     | SKIP REASONS:
2026-04-04 00:52:00 | INFO     |   dow_filter          : 134
2026-04-04 00:52:00 | INFO     |   early_close         : 1
2026-04-04 00:52:00 | INFO     |   prior_return        : 76
2026-04-04 00:52:00 | INFO     |   TOTAL TRADES        : 11
2026-04-04 00:52:00 | INFO     | ============================================================
2026-04-04 00:52:00 | DEBUG    | [20220331] 2 trades, day P&L=$+915, equity=$100,915
2026-04-04 00:52:00 | DEBUG    | [20220630] 1 trades, day P&L=$+120, equity=$101,035
2026-04-04 00:52:01 | DEBUG    | [20221006] 1 trades, day P&L=$+45, equity=$101,080
2026-04-04 00:52:01 | DEBUG    | [20221013] 2 trades, day P&L=$+165, equity=$101,245
2026-04-04 00:52:01 | INFO     | ============================================================
2026-04-04 00:52:01 | INFO     | SKIP REASONS:
2026-04-04 00:52:01 | INFO     |   dow_filter          : 139
2026-04-04 00:52:01 | INFO     |   early_close         : 1
2026-04-04 00:52:01 | INFO     |   no_quotes           : 10
2026-04-04 00:52:01 | INFO     |   oi_filter           : 4
2026-04-04 00:52:01 | INFO     |   prior_return        : 76
2026-04-04 00:52:01 | INFO     |   TOTAL TRADES        : 6
2026-04-04 00:52:01 | INFO     | ============================================================
2026-04-04 00:52:01 | DEBUG    | [20220107] 1 trades, day P&L=$+195, equity=$100,195
2026-04-04 00:52:01 | DEBUG    | [20220114] 2 trades, day P&L=$+315, equity=$100,510
2026-04-04 00:52:01 | DEBUG    | [20220121] 2 trades, day P&L=$+1365, equity=$101,875
2026-04-04 00:52:01 | DEBUG    | [20220128] 2 trades, day P&L=$+915, equity=$102,790
2026-04-04 00:52:01 | DEBUG    | [20220225] 2 trades, day P&L=$+765, equity=$103,555
2026-04-04 00:52:01 | DEBUG    | [20220304] 2 trades, day P&L=$+540, equity=$104,095
2026-04-04 00:52:01 | DEBUG    | [20220311] 2 trades, day P&L=$+540, equity=$104,635
2026-04-04 00:52:01 | DEBUG    | [20220318] 1 trades, day P&L=$+345, equity=$104,980
2026-04-04 00:52:01 | DEBUG    | [20220325] 1 trades, day P&L=$+120, equity=$105,100
2026-04-04 00:52:01 | DEBUG    | [20220408] 2 trades, day P&L=$+390, equity=$105,490
2026-04-04 00:52:01 | DEBUG    | [20220422] 2 trades, day P&L=$+1290, equity=$106,780
2026-04-04 00:52:01 | DEBUG    | [20220513] 2 trades, day P&L=$+990, equity=$107,770
2026-04-04 00:52:01 | DEBUG    | [20220520] 2 trades, day P&L=$+1140, equity=$108,910
2026-04-04 00:52:01 | DEBUG    | [20220624] 1 trades, day P&L=$+45, equity=$108,955
2026-04-04 00:52:01 | DEBUG    | [20220701] 1 trades, day P&L=$+45, equity=$109,000
2026-04-04 00:52:01 | DEBUG    | [20220715] 1 trades, day P&L=$+120, equity=$109,120
2026-04-04 00:52:01 | DEBUG    | [20220826] 1 trades, day P&L=$+45, equity=$109,165
2026-04-04 00:52:01 | DEBUG    | [20220902] 2 trades, day P&L=$+240, equity=$109,405
2026-04-04 00:52:01 | DEBUG    | [20220916] 2 trades, day P&L=$+315, equity=$109,720
2026-04-04 00:52:01 | DEBUG    | [20220923] 2 trades, day P&L=$+540, equity=$110,260
2026-04-04 00:52:01 | DEBUG    | [20221007] 2 trades, day P&L=$+690, equity=$110,950
2026-04-04 00:52:01 | DEBUG    | [20221104] 1 trades, day P&L=$+45, equity=$110,995
2026-04-04 00:52:01 | DEBUG    | [20221118] 1 trades, day P&L=$+45, equity=$111,040
2026-04-04 00:52:01 | DEBUG    | [20221209] 1 trades, day P&L=$+45, equity=$111,085
2026-04-04 00:52:01 | INFO     | ============================================================
2026-04-04 00:52:01 | INFO     | SKIP REASONS:
2026-04-04 00:52:01 | INFO     |   dow_filter          : 138
2026-04-04 00:52:01 | INFO     |   early_close         : 1
2026-04-04 00:52:01 | INFO     |   prior_return        : 76
2026-04-04 00:52:01 | INFO     |   TOTAL TRADES        : 38
2026-04-04 00:52:01 | INFO     | ============================================================
2026-04-04 00:52:01 | DEBUG    | [20220110] 2 trades, day P&L=$+315, equity=$100,315
2026-04-04 00:52:01 | DEBUG    | [20220114] 2 trades, day P&L=$+240, equity=$100,555
2026-04-04 00:52:01 | DEBUG    | [20220118] 2 trades, day P&L=$+765, equity=$101,320
2026-04-04 00:52:01 | DEBUG    | [20220121] 2 trades, day P&L=$+315, equity=$101,635
2026-04-04 00:52:01 | DEBUG    | [20220128] 2 trades, day P&L=$+765, equity=$102,400
2026-04-04 00:52:01 | DEBUG    | [20220207] 2 trades, day P&L=$+690, equity=$103,090
2026-04-04 00:52:01 | DEBUG    | [20220222] 2 trades, day P&L=$+1215, equity=$104,305
2026-04-04 00:52:01 | DEBUG    | [20220225] 2 trades, day P&L=$+90, equity=$104,395
2026-04-04 00:52:01 | DEBUG    | [20220304] 2 trades, day P&L=$+315, equity=$104,710
2026-04-04 00:52:01 | DEBUG    | [20220307] 2 trades, day P&L=$+1065, equity=$105,775
2026-04-04 00:52:01 | DEBUG    | [20220311] 2 trades, day P&L=$+465, equity=$106,240
2026-04-04 00:52:01 | DEBUG    | [20220314] 2 trades, day P&L=$+315, equity=$106,555
2026-04-04 00:52:01 | DEBUG    | [20220318] 1 trades, day P&L=$+120, equity=$106,675
2026-04-04 00:52:01 | DEBUG    | [20220331] 2 trades, day P&L=$+990, equity=$107,665
2026-04-04 00:52:01 | DEBUG    | [20220408] 2 trades, day P&L=$+240, equity=$107,905
2026-04-04 00:52:01 | DEBUG    | [20220411] 2 trades, day P&L=$+90, equity=$107,995
2026-04-04 00:52:01 | DEBUG    | [20220414] 2 trades, day P&L=$+165, equity=$108,160
2026-04-04 00:52:01 | DEBUG    | [20220418] 2 trades, day P&L=$+165, equity=$108,325
2026-04-04 00:52:01 | DEBUG    | [20220422] 2 trades, day P&L=$+540, equity=$108,865
2026-04-04 00:52:01 | DEBUG    | [20220426] 2 trades, day P&L=$+615, equity=$109,480
2026-04-04 00:52:01 | DEBUG    | [20220503] 1 trades, day P&L=$+45, equity=$109,525
2026-04-04 00:52:01 | DEBUG    | [20220509] 2 trades, day P&L=$+1665, equity=$111,190
2026-04-04 00:52:01 | DEBUG    | [20220513] 2 trades, day P&L=$+540, equity=$111,730
2026-04-04 00:52:01 | DEBUG    | [20220517] 2 trades, day P&L=$+90, equity=$111,820
2026-04-04 00:52:01 | DEBUG    | [20220520] 2 trades, day P&L=$+990, equity=$112,810
2026-04-04 00:52:01 | DEBUG    | [20220523] 1 trades, day P&L=$+45, equity=$112,855
2026-04-04 00:52:01 | DEBUG    | [20220526] 2 trades, day P&L=$+165, equity=$113,020
2026-04-04 00:52:01 | DEBUG    | [20220609] 1 trades, day P&L=$+120, equity=$113,140
2026-04-04 00:52:01 | DEBUG    | [20220616] 2 trades, day P&L=$+315, equity=$113,455
2026-04-04 00:52:01 | DEBUG    | [20220628] 1 trades, day P&L=$+45, equity=$113,500
2026-04-04 00:52:01 | DEBUG    | [20220630] 2 trades, day P&L=$+390, equity=$113,890
2026-04-04 00:52:01 | DEBUG    | [20220701] 1 trades, day P&L=$+45, equity=$113,935
2026-04-04 00:52:01 | DEBUG    | [20220705] 1 trades, day P&L=$+45, equity=$113,980
2026-04-04 00:52:01 | DEBUG    | [20220712] 1 trades, day P&L=$+195, equity=$114,175
2026-04-04 00:52:01 | DEBUG    | [20220822] 1 trades, day P&L=$+45, equity=$114,220
2026-04-04 00:52:01 | DEBUG    | [20220830] 1 trades, day P&L=$+45, equity=$114,265
2026-04-04 00:52:01 | DEBUG    | [20220902] 2 trades, day P&L=$+165, equity=$114,430
2026-04-04 00:52:01 | DEBUG    | [20220906] 2 trades, day P&L=$+165, equity=$114,595
2026-04-04 00:52:01 | DEBUG    | [20220913] 2 trades, day P&L=$+840, equity=$115,435
2026-04-04 00:52:01 | DEBUG    | [20220915] 1 trades, day P&L=$+270, equity=$115,705
2026-04-04 00:52:01 | DEBUG    | [20220916] 2 trades, day P&L=$+315, equity=$116,020
2026-04-04 00:52:01 | DEBUG    | [20220919] 1 trades, day P&L=$+45, equity=$116,065
2026-04-04 00:52:01 | DEBUG    | [20220923] 2 trades, day P&L=$+390, equity=$116,455
2026-04-04 00:52:01 | DEBUG    | [20220927] 2 trades, day P&L=$+165, equity=$116,620
2026-04-04 00:52:01 | DEBUG    | [20221003] 1 trades, day P&L=$+45, equity=$116,665
2026-04-04 00:52:01 | DEBUG    | [20221006] 2 trades, day P&L=$+390, equity=$117,055
2026-04-04 00:52:01 | DEBUG    | [20221007] 1 trades, day P&L=$+45, equity=$117,100
2026-04-04 00:52:01 | DEBUG    | [20221011] 2 trades, day P&L=$+165, equity=$117,265
2026-04-04 00:52:01 | DEBUG    | [20221013] 1 trades, day P&L=$+270, equity=$117,535
2026-04-04 00:52:01 | DEBUG    | [20221020] 1 trades, day P&L=$+45, equity=$117,580
2026-04-04 00:52:01 | DEBUG    | [20221104] 1 trades, day P&L=$+45, equity=$117,625
2026-04-04 00:52:02 | DEBUG    | [20221202] 1 trades, day P&L=$+45, equity=$117,670
2026-04-04 00:52:02 | DEBUG    | [20221213] 2 trades, day P&L=$+240, equity=$117,910
2026-04-04 00:52:02 | DEBUG    | [20221215] 1 trades, day P&L=$+120, equity=$118,030
2026-04-04 00:52:02 | DEBUG    | [20221219] 1 trades, day P&L=$+45, equity=$118,075
2026-04-04 00:52:02 | INFO     | ============================================================
2026-04-04 00:52:02 | INFO     | SKIP REASONS:
2026-04-04 00:52:02 | INFO     |   dow_filter          : 39
2026-04-04 00:52:02 | INFO     |   early_close         : 1
2026-04-04 00:52:02 | INFO     |   no_quotes           : 21
2026-04-04 00:52:02 | INFO     |   prior_return        : 76
2026-04-04 00:52:02 | INFO     |   TOTAL TRADES        : 90
2026-04-04 00:52:02 | INFO     | ============================================================
2026-04-04 00:52:02 | DEBUG    | [20230103] 1 trades, day P&L=$+45, equity=$100,045
2026-04-04 00:52:02 | DEBUG    | [20230214] 1 trades, day P&L=$+45, equity=$100,090
2026-04-04 00:52:02 | DEBUG    | [20230228] 1 trades, day P&L=$+45, equity=$100,135
2026-04-04 00:52:02 | DEBUG    | [20230307] 1 trades, day P&L=$+45, equity=$100,180
2026-04-04 00:52:02 | DEBUG    | [20230313] 2 trades, day P&L=$+1140, equity=$101,320
2026-04-04 00:52:02 | DEBUG    | [20230516] 1 trades, day P&L=$+120, equity=$101,440
2026-04-04 00:52:02 | DEBUG    | [20230711] 1 trades, day P&L=$+45, equity=$101,485
2026-04-04 00:52:02 | DEBUG    | [20230828] 1 trades, day P&L=$+45, equity=$101,530
2026-04-04 00:52:02 | DEBUG    | [20231003] 1 trades, day P&L=$+120, equity=$101,650
2026-04-04 00:52:02 | DEBUG    | [20231009] 1 trades, day P&L=$+45, equity=$101,695
2026-04-04 00:52:02 | INFO     | ============================================================
2026-04-04 00:52:02 | INFO     | SKIP REASONS:
2026-04-04 00:52:02 | INFO     |   dow_filter          : 141
2026-04-04 00:52:02 | INFO     |   early_close         : 1
2026-04-04 00:52:02 | INFO     |   prior_return        : 17
2026-04-04 00:52:02 | INFO     |   TOTAL TRADES        : 11
2026-04-04 00:52:02 | INFO     | ============================================================
2026-04-04 00:52:02 | DEBUG    | [20230313] 1 trades, day P&L=$+195, equity=$100,195
2026-04-04 00:52:03 | INFO     | ============================================================
2026-04-04 00:52:03 | INFO     | SKIP REASONS:
2026-04-04 00:52:03 | INFO     |   dow_filter          : 141
2026-04-04 00:52:03 | INFO     |   early_close         : 1
2026-04-04 00:52:03 | INFO     |   prior_return        : 17
2026-04-04 00:52:03 | INFO     |   TOTAL TRADES        : 1
2026-04-04 00:52:03 | INFO     | ============================================================
2026-04-04 00:52:03 | DEBUG    | [20230201] 1 trades, day P&L=$+270, equity=$100,270
2026-04-04 00:52:03 | DEBUG    | [20230322] 1 trades, day P&L=$+495, equity=$100,765
2026-04-04 00:52:03 | INFO     | ============================================================
2026-04-04 00:52:03 | INFO     | SKIP REASONS:
2026-04-04 00:52:03 | INFO     |   dow_filter          : 185
2026-04-04 00:52:03 | INFO     |   early_close         : 1
2026-04-04 00:52:03 | INFO     |   prior_return        : 17
2026-04-04 00:52:03 | INFO     |   TOTAL TRADES        : 2
2026-04-04 00:52:03 | INFO     | ============================================================
2026-04-04 00:52:04 | INFO     | ============================================================
2026-04-04 00:52:04 | INFO     | SKIP REASONS:
2026-04-04 00:52:04 | INFO     |   dow_filter          : 183
2026-04-04 00:52:04 | INFO     |   early_close         : 1
2026-04-04 00:52:04 | INFO     |   oi_filter           : 4
2026-04-04 00:52:04 | INFO     |   prior_return        : 17
2026-04-04 00:52:04 | INFO     |   TOTAL TRADES        : 0
2026-04-04 00:52:04 | INFO     | ============================================================
2026-04-04 00:52:04 | DEBUG    | [20230203] 2 trades, day P&L=$+90, equity=$100,090
2026-04-04 00:52:04 | DEBUG    | [20230324] 1 trades, day P&L=$+120, equity=$100,210
2026-04-04 00:52:04 | DEBUG    | [20230331] 1 trades, day P&L=$+45, equity=$100,255
2026-04-04 00:52:04 | DEBUG    | [20230804] 1 trades, day P&L=$+120, equity=$100,375
2026-04-04 00:52:04 | DEBUG    | [20230929] 1 trades, day P&L=$+270, equity=$100,645
2026-04-04 00:52:04 | DEBUG    | [20231006] 1 trades, day P&L=$+45, equity=$100,690
2026-04-04 00:52:04 | DEBUG    | [20231229] 2 trades, day P&L=$+165, equity=$100,855
2026-04-04 00:52:04 | INFO     | ============================================================
2026-04-04 00:52:04 | INFO     | SKIP REASONS:
2026-04-04 00:52:04 | INFO     |   dow_filter          : 187
2026-04-04 00:52:04 | INFO     |   early_close         : 1
2026-04-04 00:52:04 | INFO     |   prior_return        : 17
2026-04-04 00:52:04 | INFO     |   TOTAL TRADES        : 9
2026-04-04 00:52:04 | INFO     | ============================================================
2026-04-04 00:52:04 | DEBUG    | [20230106] 1 trades, day P&L=$+45, equity=$100,045
2026-04-04 00:52:04 | DEBUG    | [20230202] 1 trades, day P&L=$+45, equity=$100,090
2026-04-04 00:52:04 | DEBUG    | [20230203] 1 trades, day P&L=$+45, equity=$100,135
2026-04-04 00:52:04 | DEBUG    | [20230216] 1 trades, day P&L=$+45, equity=$100,180
2026-04-04 00:52:04 | DEBUG    | [20230309] 1 trades, day P&L=$+195, equity=$100,375
2026-04-04 00:52:04 | DEBUG    | [20230313] 2 trades, day P&L=$+390, equity=$100,765
2026-04-04 00:52:04 | DEBUG    | [20230630] 1 trades, day P&L=$+120, equity=$100,885
2026-04-04 00:52:04 | DEBUG    | [20230707] 1 trades, day P&L=$+120, equity=$101,005
2026-04-04 00:52:05 | DEBUG    | [20230929] 2 trades, day P&L=$+615, equity=$101,620
2026-04-04 00:52:05 | DEBUG    | [20231005] 1 trades, day P&L=$+45, equity=$101,665
2026-04-04 00:52:05 | DEBUG    | [20231019] 1 trades, day P&L=$+45, equity=$101,710
2026-04-04 00:52:05 | DEBUG    | [20231228] 1 trades, day P&L=$+45, equity=$101,755
2026-04-04 00:52:05 | DEBUG    | [20231229] 2 trades, day P&L=$+90, equity=$101,845
2026-04-04 00:52:05 | INFO     | ============================================================
2026-04-04 00:52:05 | INFO     | SKIP REASONS:
2026-04-04 00:52:05 | INFO     |   dow_filter          : 47
2026-04-04 00:52:05 | INFO     |   early_close         : 1
2026-04-04 00:52:05 | INFO     |   prior_return        : 17
2026-04-04 00:52:05 | INFO     |   TOTAL TRADES        : 16
2026-04-04 00:52:05 | INFO     | ============================================================
2026-04-04 00:52:05 | DEBUG    | [20240318] 1 trades, day P&L=$+45, equity=$100,045
2026-04-04 00:52:05 | DEBUG    | [20240415] 1 trades, day P&L=$+420, equity=$100,465
2026-04-04 00:52:05 | DEBUG    | [20240416] 1 trades, day P&L=$+195, equity=$100,660
2026-04-04 00:52:05 | DEBUG    | [20240422] 1 trades, day P&L=$+120, equity=$100,780
2026-04-04 00:52:05 | DEBUG    | [20240430] 2 trades, day P&L=$-13950, equity=$86,830
2026-04-04 00:52:05 | DEBUG    | [20240507] 1 trades, day P&L=$+45, equity=$86,875
2026-04-04 00:52:05 | DEBUG    | [20240603] 1 trades, day P&L=$+45, equity=$86,920
2026-04-04 00:52:05 | DEBUG    | [20240604] 2 trades, day P&L=$+390, equity=$87,310
2026-04-04 00:52:05 | DEBUG    | [20240617] 1 trades, day P&L=$+195, equity=$87,505
2026-04-04 00:52:05 | DEBUG    | [20240701] 1 trades, day P&L=$+45, equity=$87,550
2026-04-04 00:52:05 | DEBUG    | [20240715] 2 trades, day P&L=$+465, equity=$88,015
2026-04-04 00:52:05 | DEBUG    | [20240722] 1 trades, day P&L=$+120, equity=$88,135
2026-04-04 00:52:05 | DEBUG    | [20240723] 1 trades, day P&L=$+195, equity=$88,330
2026-04-04 00:52:05 | DEBUG    | [20240729] 1 trades, day P&L=$+120, equity=$88,450
2026-04-04 00:52:05 | DEBUG    | [20240730] 2 trades, day P&L=$+690, equity=$89,140
2026-04-04 00:52:05 | DEBUG    | [20240812] 2 trades, day P&L=$+840, equity=$89,980
2026-04-04 00:52:05 | DEBUG    | [20240813] 2 trades, day P&L=$+465, equity=$90,445
2026-04-04 00:52:06 | DEBUG    | [20240820] 1 trades, day P&L=$+45, equity=$90,490
2026-04-04 00:52:06 | DEBUG    | [20240826] 1 trades, day P&L=$+45, equity=$90,535
2026-04-04 00:52:06 | DEBUG    | [20240903] 2 trades, day P&L=$+1590, equity=$92,125
2026-04-04 00:52:06 | DEBUG    | [20240910] 1 trades, day P&L=$+120, equity=$92,245
2026-04-04 00:52:06 | DEBUG    | [20240916] 2 trades, day P&L=$+90, equity=$92,335
2026-04-04 00:52:06 | DEBUG    | [20240917] 1 trades, day P&L=$+120, equity=$92,455
2026-04-04 00:52:06 | DEBUG    | [20240930] 2 trades, day P&L=$+2865, equity=$95,320
2026-04-04 00:52:06 | DEBUG    | [20241001] 2 trades, day P&L=$+990, equity=$96,310
2026-04-04 00:52:06 | DEBUG    | [20241007] 1 trades, day P&L=$+195, equity=$96,505
2026-04-04 00:52:06 | DEBUG    | [20241015] 1 trades, day P&L=$+45, equity=$96,550
2026-04-04 00:52:06 | DEBUG    | [20241104] 1 trades, day P&L=$+45, equity=$96,595
2026-04-04 00:52:06 | DEBUG    | [20241105] 1 trades, day P&L=$+120, equity=$96,715
2026-04-04 00:52:06 | DEBUG    | [20241112] 1 trades, day P&L=$+45, equity=$96,760
2026-04-04 00:52:06 | DEBUG    | [20241126] 1 trades, day P&L=$+45, equity=$96,805
2026-04-04 00:52:06 | DEBUG    | [20241230] 2 trades, day P&L=$-3840, equity=$92,965
2026-04-04 00:52:06 | DEBUG    | [20241231] 2 trades, day P&L=$+3015, equity=$95,980
2026-04-04 00:52:06 | INFO     | ============================================================
2026-04-04 00:52:06 | INFO     | SKIP REASONS:
2026-04-04 00:52:06 | INFO     |   dow_filter          : 137
2026-04-04 00:52:06 | INFO     |   early_close         : 2
2026-04-04 00:52:06 | INFO     |   prior_return        : 16
2026-04-04 00:52:06 | INFO     |   TOTAL TRADES        : 45
2026-04-04 00:52:06 | INFO     | ============================================================
2026-04-04 00:52:06 | DEBUG    | [20240415] 1 trades, day P&L=$+45, equity=$100,045
2026-04-04 00:52:06 | DEBUG    | [20240416] 2 trades, day P&L=$+165, equity=$100,210
2026-04-04 00:52:06 | DEBUG    | [20240422] 2 trades, day P&L=$+90, equity=$100,300
2026-04-04 00:52:06 | DEBUG    | [20240715] 1 trades, day P&L=$+45, equity=$100,345
2026-04-04 00:52:06 | DEBUG    | [20240716] 1 trades, day P&L=$+45, equity=$100,390
2026-04-04 00:52:06 | DEBUG    | [20240722] 1 trades, day P&L=$+45, equity=$100,435
2026-04-04 00:52:06 | DEBUG    | [20240729] 1 trades, day P&L=$+45, equity=$100,480
2026-04-04 00:52:06 | DEBUG    | [20240730] 2 trades, day P&L=$+165, equity=$100,645
2026-04-04 00:52:06 | DEBUG    | [20240812] 2 trades, day P&L=$+390, equity=$101,035
2026-04-04 00:52:06 | DEBUG    | [20240813] 1 trades, day P&L=$+45, equity=$101,080
2026-04-04 00:52:06 | DEBUG    | [20240820] 1 trades, day P&L=$+45, equity=$101,125
2026-04-04 00:52:06 | DEBUG    | [20240903] 1 trades, day P&L=$+420, equity=$101,545
2026-04-04 00:52:06 | DEBUG    | [20240930] 2 trades, day P&L=$+840, equity=$102,385
2026-04-04 00:52:06 | DEBUG    | [20241001] 2 trades, day P&L=$+465, equity=$102,850
2026-04-04 00:52:06 | DEBUG    | [20241104] 1 trades, day P&L=$+45, equity=$102,895
2026-04-04 00:52:07 | DEBUG    | [20241230] 2 trades, day P&L=$+315, equity=$103,210
2026-04-04 00:52:07 | DEBUG    | [20241231] 2 trades, day P&L=$+990, equity=$104,200
2026-04-04 00:52:07 | INFO     | ============================================================
2026-04-04 00:52:07 | INFO     | SKIP REASONS:
2026-04-04 00:52:07 | INFO     |   dow_filter          : 137
2026-04-04 00:52:07 | INFO     |   early_close         : 2
2026-04-04 00:52:07 | INFO     |   prior_return        : 16
2026-04-04 00:52:07 | INFO     |   TOTAL TRADES        : 25
2026-04-04 00:52:07 | INFO     | ============================================================
2026-04-04 00:52:07 | DEBUG    | [20240417] 1 trades, day P&L=$+45, equity=$100,045
2026-04-04 00:52:07 | DEBUG    | [20240612] 1 trades, day P&L=$+120, equity=$100,165
2026-04-04 00:52:07 | DEBUG    | [20240724] 1 trades, day P&L=$+195, equity=$100,360
2026-04-04 00:52:07 | DEBUG    | [20240731] 1 trades, day P&L=$+645, equity=$101,005
2026-04-04 00:52:07 | DEBUG    | [20240807] 1 trades, day P&L=$+420, equity=$101,425
2026-04-04 00:52:07 | DEBUG    | [20240828] 1 trades, day P&L=$+45, equity=$101,470
2026-04-04 00:52:07 | DEBUG    | [20240911] 1 trades, day P&L=$+345, equity=$101,815
2026-04-04 00:52:07 | DEBUG    | [20240918] 1 trades, day P&L=$+420, equity=$102,235
2026-04-04 00:52:07 | DEBUG    | [20241106] 1 trades, day P&L=$+45, equity=$102,280
2026-04-04 00:52:07 | DEBUG    | [20241218] 1 trades, day P&L=$+495, equity=$102,775
2026-04-04 00:52:07 | INFO     | ============================================================
2026-04-04 00:52:07 | INFO     | SKIP REASONS:
2026-04-04 00:52:07 | INFO     |   dow_filter          : 187
2026-04-04 00:52:07 | INFO     |   early_close         : 2
2026-04-04 00:52:07 | INFO     |   prior_return        : 16
2026-04-04 00:52:07 | INFO     |   TOTAL TRADES        : 10
2026-04-04 00:52:07 | INFO     | ============================================================
2026-04-04 00:52:07 | DEBUG    | [20240718] 1 trades, day P&L=$+45, equity=$100,045
2026-04-04 00:52:07 | DEBUG    | [20240808] 2 trades, day P&L=$+165, equity=$100,210
2026-04-04 00:52:07 | DEBUG    | [20240829] 1 trades, day P&L=$+45, equity=$100,255
2026-04-04 00:52:07 | DEBUG    | [20240905] 1 trades, day P&L=$+45, equity=$100,300
2026-04-04 00:52:07 | DEBUG    | [20240919] 1 trades, day P&L=$+45, equity=$100,345
2026-04-04 00:52:07 | DEBUG    | [20241031] 1 trades, day P&L=$+45, equity=$100,390
2026-04-04 00:52:07 | INFO     | ============================================================
2026-04-04 00:52:07 | INFO     | SKIP REASONS:
2026-04-04 00:52:07 | INFO     |   dow_filter          : 189
2026-04-04 00:52:07 | INFO     |   early_close         : 2
2026-04-04 00:52:07 | INFO     |   oi_filter           : 7
2026-04-04 00:52:07 | INFO     |   prior_return        : 16
2026-04-04 00:52:07 | INFO     |   TOTAL TRADES        : 7
2026-04-04 00:52:07 | INFO     | ============================================================
2026-04-04 00:52:07 | DEBUG    | [20240308] 1 trades, day P&L=$+120, equity=$100,120
2026-04-04 00:52:07 | DEBUG    | [20240315] 1 trades, day P&L=$+120, equity=$100,240
2026-04-04 00:52:07 | DEBUG    | [20240405] 1 trades, day P&L=$+120, equity=$100,360
2026-04-04 00:52:07 | DEBUG    | [20240419] 2 trades, day P&L=$+390, equity=$100,750
2026-04-04 00:52:07 | DEBUG    | [20240531] 2 trades, day P&L=$+465, equity=$101,215
2026-04-04 00:52:07 | DEBUG    | [20240607] 1 trades, day P&L=$+45, equity=$101,260
2026-04-04 00:52:07 | DEBUG    | [20240621] 1 trades, day P&L=$+45, equity=$101,305
2026-04-04 00:52:07 | DEBUG    | [20240628] 2 trades, day P&L=$+915, equity=$102,220
2026-04-04 00:52:07 | DEBUG    | [20240712] 2 trades, day P&L=$+240, equity=$102,460
2026-04-04 00:52:07 | DEBUG    | [20240719] 1 trades, day P&L=$+195, equity=$102,655
2026-04-04 00:52:07 | DEBUG    | [20240726] 2 trades, day P&L=$+840, equity=$103,495
2026-04-04 00:52:07 | DEBUG    | [20240802] 2 trades, day P&L=$+1740, equity=$105,235
2026-04-04 00:52:07 | DEBUG    | [20240823] 1 trades, day P&L=$+45, equity=$105,280
2026-04-04 00:52:07 | DEBUG    | [20240830] 2 trades, day P&L=$+840, equity=$106,120
2026-04-04 00:52:07 | DEBUG    | [20240906] 2 trades, day P&L=$+1140, equity=$107,260
2026-04-04 00:52:07 | DEBUG    | [20240913] 2 trades, day P&L=$+90, equity=$107,350
2026-04-04 00:52:07 | DEBUG    | [20241004] 1 trades, day P&L=$+45, equity=$107,395
2026-04-04 00:52:07 | DEBUG    | [20241011] 1 trades, day P&L=$+45, equity=$107,440
2026-04-04 00:52:07 | DEBUG    | [20241025] 2 trades, day P&L=$+90, equity=$107,530
2026-04-04 00:52:08 | DEBUG    | [20241115] 2 trades, day P&L=$+90, equity=$107,620
2026-04-04 00:52:08 | DEBUG    | [20241220] 2 trades, day P&L=$+1665, equity=$109,285
2026-04-04 00:52:08 | DEBUG    | [20241227] 1 trades, day P&L=$+420, equity=$109,705
2026-04-04 00:52:08 | INFO     | ============================================================
2026-04-04 00:52:08 | INFO     | SKIP REASONS:
2026-04-04 00:52:08 | INFO     |   dow_filter          : 189
2026-04-04 00:52:08 | INFO     |   early_close         : 2
2026-04-04 00:52:08 | INFO     |   prior_return        : 16
2026-04-04 00:52:08 | INFO     |   TOTAL TRADES        : 34
2026-04-04 00:52:08 | INFO     | ============================================================
2026-04-04 00:52:08 | DEBUG    | [20240213] 1 trades, day P&L=$+45, equity=$100,045
2026-04-04 00:52:08 | DEBUG    | [20240308] 1 trades, day P&L=$+45, equity=$100,090
2026-04-04 00:52:08 | DEBUG    | [20240404] 1 trades, day P&L=$+120, equity=$100,210
2026-04-04 00:52:08 | DEBUG    | [20240405] 1 trades, day P&L=$+45, equity=$100,255
2026-04-04 00:52:08 | DEBUG    | [20240412] 1 trades, day P&L=$+45, equity=$100,300
2026-04-04 00:52:08 | DEBUG    | [20240418] 1 trades, day P&L=$+120, equity=$100,420
2026-04-04 00:52:08 | DEBUG    | [20240419] 2 trades, day P&L=$+90, equity=$100,510
2026-04-04 00:52:08 | DEBUG    | [20240530] 1 trades, day P&L=$+120, equity=$100,630
2026-04-04 00:52:08 | DEBUG    | [20240531] 2 trades, day P&L=$+465, equity=$101,095
2026-04-04 00:52:08 | DEBUG    | [20240604] 2 trades, day P&L=$+90, equity=$101,185
2026-04-04 00:52:08 | DEBUG    | [20240621] 1 trades, day P&L=$+120, equity=$101,305
2026-04-04 00:52:08 | DEBUG    | [20240628] 2 trades, day P&L=$+390, equity=$101,695
2026-04-04 00:52:08 | DEBUG    | [20240701] 1 trades, day P&L=$+45, equity=$101,740
2026-04-04 00:52:08 | DEBUG    | [20240711] 1 trades, day P&L=$+45, equity=$101,785
2026-04-04 00:52:08 | DEBUG    | [20240712] 2 trades, day P&L=$+240, equity=$102,025
2026-04-04 00:52:08 | DEBUG    | [20240715] 2 trades, day P&L=$+165, equity=$102,190
2026-04-04 00:52:08 | DEBUG    | [20240719] 2 trades, day P&L=$+465, equity=$102,655
2026-04-04 00:52:08 | DEBUG    | [20240722] 1 trades, day P&L=$+120, equity=$102,775
2026-04-04 00:52:08 | DEBUG    | [20240723] 1 trades, day P&L=$+45, equity=$102,820
2026-04-04 00:52:08 | DEBUG    | [20240726] 2 trades, day P&L=$+540, equity=$103,360
2026-04-04 00:52:08 | DEBUG    | [20240729] 1 trades, day P&L=$+45, equity=$103,405
2026-04-04 00:52:08 | DEBUG    | [20240730] 1 trades, day P&L=$+195, equity=$103,600
2026-04-04 00:52:08 | DEBUG    | [20240802] 2 trades, day P&L=$+2340, equity=$105,940
2026-04-04 00:52:08 | DEBUG    | [20240808] 2 trades, day P&L=$+915, equity=$106,855
2026-04-04 00:52:08 | DEBUG    | [20240813] 1 trades, day P&L=$+45, equity=$106,900
2026-04-04 00:52:08 | DEBUG    | [20240822] 1 trades, day P&L=$+120, equity=$107,020
2026-04-04 00:52:08 | DEBUG    | [20240823] 2 trades, day P&L=$+90, equity=$107,110
2026-04-04 00:52:08 | DEBUG    | [20240829] 2 trades, day P&L=$+315, equity=$107,425
2026-04-04 00:52:08 | DEBUG    | [20240830] 2 trades, day P&L=$+240, equity=$107,665
2026-04-04 00:52:08 | DEBUG    | [20240903] 2 trades, day P&L=$+315, equity=$107,980
2026-04-04 00:52:08 | DEBUG    | [20240905] 1 trades, day P&L=$+270, equity=$108,250
2026-04-04 00:52:08 | DEBUG    | [20240906] 2 trades, day P&L=$+690, equity=$108,940
2026-04-04 00:52:08 | DEBUG    | [20240910] 1 trades, day P&L=$+45, equity=$108,985
2026-04-04 00:52:08 | DEBUG    | [20240912] 1 trades, day P&L=$+45, equity=$109,030
2026-04-04 00:52:08 | DEBUG    | [20240919] 1 trades, day P&L=$+45, equity=$109,075
2026-04-04 00:52:08 | DEBUG    | [20240930] 2 trades, day P&L=$+390, equity=$109,465
2026-04-04 00:52:09 | DEBUG    | [20241001] 1 trades, day P&L=$+45, equity=$109,510
2026-04-04 00:52:09 | DEBUG    | [20241007] 1 trades, day P&L=$+120, equity=$109,630
2026-04-04 00:52:09 | DEBUG    | [20241025] 2 trades, day P&L=$+90, equity=$109,720
2026-04-04 00:52:09 | DEBUG    | [20241031] 2 trades, day P&L=$+240, equity=$109,960
2026-04-04 00:52:09 | DEBUG    | [20241104] 1 trades, day P&L=$+45, equity=$110,005
2026-04-04 00:52:09 | DEBUG    | [20241115] 1 trades, day P&L=$+45, equity=$110,050
2026-04-04 00:52:09 | DEBUG    | [20241220] 2 trades, day P&L=$+465, equity=$110,515
2026-04-04 00:52:09 | DEBUG    | [20241227] 1 trades, day P&L=$+120, equity=$110,635
2026-04-04 00:52:09 | DEBUG    | [20241230] 2 trades, day P&L=$+390, equity=$111,025
2026-04-04 00:52:09 | DEBUG    | [20241231] 2 trades, day P&L=$+1365, equity=$112,390
2026-04-04 00:52:09 | INFO     | ============================================================
2026-04-04 00:52:09 | INFO     | SKIP REASONS:
2026-04-04 00:52:09 | INFO     |   dow_filter          : 47
2026-04-04 00:52:09 | INFO     |   early_close         : 2
2026-04-04 00:52:09 | INFO     |   prior_return        : 16
2026-04-04 00:52:09 | INFO     |   TOTAL TRADES        : 67
2026-04-04 00:52:09 | INFO     | ============================================================
2026-04-04 00:52:09 | DEBUG    | [20250106] 1 trades, day P&L=$+45, equity=$100,045
2026-04-04 00:52:09 | DEBUG    | [20250107] 1 trades, day P&L=$+570, equity=$100,615
2026-04-04 00:52:09 | DEBUG    | [20250114] 1 trades, day P&L=$+120, equity=$100,735
2026-04-04 00:52:09 | DEBUG    | [20250127] 1 trades, day P&L=$+495, equity=$101,230
2026-04-04 00:52:09 | DEBUG    | [20250128] 1 trades, day P&L=$+120, equity=$101,350
2026-04-04 00:52:09 | DEBUG    | [20250203] 1 trades, day P&L=$+420, equity=$101,770
2026-04-04 00:52:09 | DEBUG    | [20250225] 1 trades, day P&L=$+420, equity=$102,190
2026-04-04 00:52:09 | DEBUG    | [20250310] 1 trades, day P&L=$+1545, equity=$103,735
2026-04-04 00:52:09 | DEBUG    | [20250318] 1 trades, day P&L=$+420, equity=$104,155
2026-04-04 00:52:09 | DEBUG    | [20250324] 1 trades, day P&L=$+45, equity=$104,200
2026-04-04 00:52:09 | DEBUG    | [20250401] 1 trades, day P&L=$+195, equity=$104,395
2026-04-04 00:52:09 | DEBUG    | [20250415] 2 trades, day P&L=$+615, equity=$105,010
2026-04-04 00:52:09 | DEBUG    | [20250421] 1 trades, day P&L=$+570, equity=$105,580
2026-04-04 00:52:09 | DEBUG    | [20250428] 2 trades, day P&L=$+615, equity=$106,195
2026-04-04 00:52:09 | DEBUG    | [20250429] 1 trades, day P&L=$+270, equity=$106,465
2026-04-04 00:52:09 | DEBUG    | [20250505] 2 trades, day P&L=$+390, equity=$106,855
2026-04-04 00:52:09 | DEBUG    | [20250506] 2 trades, day P&L=$+465, equity=$107,320
2026-04-04 00:52:09 | DEBUG    | [20250512] 1 trades, day P&L=$+195, equity=$107,515
2026-04-04 00:52:09 | DEBUG    | [20250520] 2 trades, day P&L=$+1065, equity=$108,580
2026-04-04 00:52:09 | DEBUG    | [20250602] 1 trades, day P&L=$+120, equity=$108,700
2026-04-04 00:52:09 | DEBUG    | [20250603] 1 trades, day P&L=$+195, equity=$108,895
2026-04-04 00:52:09 | DEBUG    | [20250610] 1 trades, day P&L=$+120, equity=$109,015
2026-04-04 00:52:09 | DEBUG    | [20250616] 1 trades, day P&L=$+120, equity=$109,135
2026-04-04 00:52:09 | DEBUG    | [20250617] 1 trades, day P&L=$+195, equity=$109,330
2026-04-04 00:52:09 | DEBUG    | [20250623] 1 trades, day P&L=$+45, equity=$109,375
2026-04-04 00:52:09 | DEBUG    | [20250630] 2 trades, day P&L=$+840, equity=$110,215
2026-04-04 00:52:09 | DEBUG    | [20250805] 1 trades, day P&L=$+45, equity=$110,260
2026-04-04 00:52:09 | DEBUG    | [20250811] 1 trades, day P&L=$+120, equity=$110,380
2026-04-04 00:52:09 | DEBUG    | [20250826] 1 trades, day P&L=$+45, equity=$110,425
2026-04-04 00:52:09 | DEBUG    | [20250902] 1 trades, day P&L=$+45, equity=$110,470
2026-04-04 00:52:09 | DEBUG    | [20250930] 1 trades, day P&L=$+270, equity=$110,740
2026-04-04 00:52:09 | DEBUG    | [20251028] 1 trades, day P&L=$+120, equity=$110,860
2026-04-04 00:52:09 | DEBUG    | [20251104] 1 trades, day P&L=$+345, equity=$111,205
2026-04-04 00:52:09 | DEBUG    | [20251110] 1 trades, day P&L=$+45, equity=$111,250
2026-04-04 00:52:09 | DEBUG    | [20251117] 1 trades, day P&L=$+345, equity=$111,595
2026-04-04 00:52:09 | DEBUG    | [20251118] 2 trades, day P&L=$-2955, equity=$108,640
2026-04-04 00:52:09 | DEBUG    | [20251201] 1 trades, day P&L=$+45, equity=$108,685
2026-04-04 00:52:09 | DEBUG    | [20251208] 1 trades, day P&L=$+120, equity=$108,805
2026-04-04 00:52:09 | DEBUG    | [20251216] 1 trades, day P&L=$+45, equity=$108,850
2026-04-04 00:52:09 | INFO     | ============================================================
2026-04-04 00:52:09 | INFO     | SKIP REASONS:
2026-04-04 00:52:09 | INFO     |   dow_filter          : 133
2026-04-04 00:52:09 | INFO     |   early_close         : 2
2026-04-04 00:52:09 | INFO     |   prior_return        : 33
2026-04-04 00:52:09 | INFO     |   TOTAL TRADES        : 46
2026-04-04 00:52:09 | INFO     | ============================================================
2026-04-04 00:52:09 | DEBUG    | [20250107] 1 trades, day P&L=$+270, equity=$100,270
2026-04-04 00:52:09 | DEBUG    | [20250127] 1 trades, day P&L=$+45, equity=$100,315
2026-04-04 00:52:09 | DEBUG    | [20250203] 1 trades, day P&L=$+195, equity=$100,510
2026-04-04 00:52:09 | DEBUG    | [20250225] 1 trades, day P&L=$+195, equity=$100,705
2026-04-04 00:52:09 | DEBUG    | [20250310] 1 trades, day P&L=$+870, equity=$101,575
2026-04-04 00:52:09 | DEBUG    | [20250318] 1 trades, day P&L=$+45, equity=$101,620
2026-04-04 00:52:09 | DEBUG    | [20250401] 1 trades, day P&L=$+45, equity=$101,665
2026-04-04 00:52:09 | DEBUG    | [20250408] 1 trades, day P&L=$+1620, equity=$103,285
2026-04-04 00:52:09 | DEBUG    | [20250415] 2 trades, day P&L=$+165, equity=$103,450
2026-04-04 00:52:09 | DEBUG    | [20250421] 1 trades, day P&L=$+720, equity=$104,170
2026-04-04 00:52:09 | DEBUG    | [20250428] 2 trades, day P&L=$+240, equity=$104,410
2026-04-04 00:52:09 | DEBUG    | [20250506] 1 trades, day P&L=$+195, equity=$104,605
2026-04-04 00:52:09 | DEBUG    | [20250512] 1 trades, day P&L=$+195, equity=$104,800
2026-04-04 00:52:09 | DEBUG    | [20250630] 1 trades, day P&L=$+45, equity=$104,845
2026-04-04 00:52:10 | DEBUG    | [20250811] 1 trades, day P&L=$+45, equity=$104,890
2026-04-04 00:52:10 | DEBUG    | [20250930] 1 trades, day P&L=$+45, equity=$104,935
2026-04-04 00:52:10 | DEBUG    | [20251117] 1 trades, day P&L=$+195, equity=$105,130
2026-04-04 00:52:10 | DEBUG    | [20251118] 2 trades, day P&L=$+240, equity=$105,370
2026-04-04 00:52:10 | INFO     | ============================================================
2026-04-04 00:52:10 | INFO     | SKIP REASONS:
2026-04-04 00:52:10 | INFO     |   dow_filter          : 133
2026-04-04 00:52:10 | INFO     |   early_close         : 2
2026-04-04 00:52:10 | INFO     |   prior_return        : 33
2026-04-04 00:52:10 | INFO     |   TOTAL TRADES        : 21
2026-04-04 00:52:10 | INFO     | ============================================================
2026-04-04 00:52:10 | DEBUG    | [20250226] 1 trades, day P&L=$+45, equity=$100,045
2026-04-04 00:52:10 | DEBUG    | [20250305] 1 trades, day P&L=$+1020, equity=$101,065
2026-04-04 00:52:10 | DEBUG    | [20250319] 1 trades, day P&L=$+420, equity=$101,485
2026-04-04 00:52:10 | DEBUG    | [20250402] 1 trades, day P&L=$+420, equity=$101,905
2026-04-04 00:52:10 | DEBUG    | [20250430] 1 trades, day P&L=$+1245, equity=$103,150
2026-04-04 00:52:10 | DEBUG    | [20250507] 1 trades, day P&L=$+420, equity=$103,570
2026-04-04 00:52:10 | DEBUG    | [20250618] 1 trades, day P&L=$+120, equity=$103,690
2026-04-04 00:52:10 | DEBUG    | [20250917] 1 trades, day P&L=$+195, equity=$103,885
2026-04-04 00:52:10 | DEBUG    | [20251119] 1 trades, day P&L=$+120, equity=$104,005
2026-04-04 00:52:10 | INFO     | ============================================================
2026-04-04 00:52:10 | INFO     | SKIP REASONS:
2026-04-04 00:52:10 | INFO     |   dow_filter          : 167
2026-04-04 00:52:10 | INFO     |   early_close         : 2
2026-04-04 00:52:10 | INFO     |   prior_return        : 33
2026-04-04 00:52:10 | INFO     |   TOTAL TRADES        : 9
2026-04-04 00:52:10 | INFO     | ============================================================
2026-04-04 00:52:10 | DEBUG    | [20250102] 1 trades, day P&L=$+45, equity=$100,045
2026-04-04 00:52:10 | DEBUG    | [20250130] 1 trades, day P&L=$+45, equity=$100,090
2026-04-04 00:52:10 | DEBUG    | [20250227] 1 trades, day P&L=$+45, equity=$100,135
2026-04-04 00:52:10 | DEBUG    | [20250306] 1 trades, day P&L=$+645, equity=$100,780
2026-04-04 00:52:10 | DEBUG    | [20250313] 1 trades, day P&L=$+120, equity=$100,900
2026-04-04 00:52:10 | DEBUG    | [20250327] 1 trades, day P&L=$+45, equity=$100,945
2026-04-04 00:52:10 | DEBUG    | [20250403] 1 trades, day P&L=$+795, equity=$101,740
2026-04-04 00:52:10 | DEBUG    | [20250501] 1 trades, day P&L=$+45, equity=$101,785
2026-04-04 00:52:10 | DEBUG    | [20250508] 2 trades, day P&L=$+465, equity=$102,250
2026-04-04 00:52:10 | DEBUG    | [20250529] 1 trades, day P&L=$+120, equity=$102,370
2026-04-04 00:52:10 | DEBUG    | [20250605] 1 trades, day P&L=$+120, equity=$102,490
2026-04-04 00:52:10 | DEBUG    | [20250731] 1 trades, day P&L=$+195, equity=$102,685
2026-04-04 00:52:10 | DEBUG    | [20251016] 1 trades, day P&L=$+270, equity=$102,955
2026-04-04 00:52:10 | DEBUG    | [20251113] 1 trades, day P&L=$+195, equity=$103,150
2026-04-04 00:52:10 | DEBUG    | [20251120] 1 trades, day P&L=$+195, equity=$103,345
2026-04-04 00:52:10 | DEBUG    | [20251218] 1 trades, day P&L=$+45, equity=$103,390
2026-04-04 00:52:10 | INFO     | ============================================================
2026-04-04 00:52:10 | INFO     | SKIP REASONS:
2026-04-04 00:52:10 | INFO     |   dow_filter          : 172
2026-04-04 00:52:10 | INFO     |   early_close         : 2
2026-04-04 00:52:10 | INFO     |   oi_filter           : 25
2026-04-04 00:52:10 | INFO     |   prior_return        : 33
2026-04-04 00:52:10 | INFO     |   TOTAL TRADES        : 17
2026-04-04 00:52:10 | INFO     | ============================================================
2026-04-04 00:52:10 | DEBUG    | [20250110] 1 trades, day P&L=$+270, equity=$100,270
2026-04-04 00:52:10 | DEBUG    | [20250124] 1 trades, day P&L=$+120, equity=$100,390
2026-04-04 00:52:10 | DEBUG    | [20250131] 1 trades, day P&L=$+570, equity=$100,960
2026-04-04 00:52:10 | DEBUG    | [20250207] 1 trades, day P&L=$+45, equity=$101,005
2026-04-04 00:52:10 | DEBUG    | [20250221] 1 trades, day P&L=$+45, equity=$101,050
2026-04-04 00:52:10 | DEBUG    | [20250314] 1 trades, day P&L=$+270, equity=$101,320
2026-04-04 00:52:10 | DEBUG    | [20250321] 1 trades, day P&L=$+270, equity=$101,590
2026-04-04 00:52:10 | DEBUG    | [20250328] 1 trades, day P&L=$+495, equity=$102,085
2026-04-04 00:52:10 | DEBUG    | [20250502] 1 trades, day P&L=$+195, equity=$102,280
2026-04-04 00:52:10 | DEBUG    | [20250509] 2 trades, day P&L=$+165, equity=$102,445
2026-04-04 00:52:10 | DEBUG    | [20250523] 1 trades, day P&L=$+270, equity=$102,715
2026-04-04 00:52:10 | DEBUG    | [20250530] 2 trades, day P&L=$+2190, equity=$104,905
2026-04-04 00:52:10 | DEBUG    | [20250613] 1 trades, day P&L=$+120, equity=$105,025
2026-04-04 00:52:10 | DEBUG    | [20250620] 1 trades, day P&L=$+45, equity=$105,070
2026-04-04 00:52:10 | DEBUG    | [20250711] 1 trades, day P&L=$+45, equity=$105,115
2026-04-04 00:52:10 | DEBUG    | [20250801] 1 trades, day P&L=$+420, equity=$105,535
2026-04-04 00:52:10 | DEBUG    | [20250815] 1 trades, day P&L=$+45, equity=$105,580
2026-04-04 00:52:10 | DEBUG    | [20250829] 1 trades, day P&L=$+120, equity=$105,700
2026-04-04 00:52:10 | DEBUG    | [20250905] 1 trades, day P&L=$+120, equity=$105,820
2026-04-04 00:52:10 | DEBUG    | [20251010] 1 trades, day P&L=$+1020, equity=$106,840
2026-04-04 00:52:10 | DEBUG    | [20251031] 1 trades, day P&L=$+345, equity=$107,185
2026-04-04 00:52:10 | DEBUG    | [20251107] 1 trades, day P&L=$+45, equity=$107,230
2026-04-04 00:52:10 | INFO     | ============================================================
2026-04-04 00:52:10 | INFO     | SKIP REASONS:
2026-04-04 00:52:10 | INFO     |   dow_filter          : 173
2026-04-04 00:52:10 | INFO     |   early_close         : 2
2026-04-04 00:52:10 | INFO     |   prior_return        : 33
2026-04-04 00:52:10 | INFO     |   TOTAL TRADES        : 24
2026-04-04 00:52:10 | INFO     | ============================================================
2026-04-04 00:52:10 | DEBUG    | [20250102] 1 trades, day P&L=$+45, equity=$100,045
2026-04-04 00:52:10 | DEBUG    | [20250107] 1 trades, day P&L=$+195, equity=$100,240
2026-04-04 00:52:10 | DEBUG    | [20250110] 1 trades, day P&L=$+45, equity=$100,285
2026-04-04 00:52:10 | DEBUG    | [20250130] 1 trades, day P&L=$+45, equity=$100,330
2026-04-04 00:52:10 | DEBUG    | [20250131] 1 trades, day P&L=$+420, equity=$100,750
2026-04-04 00:52:10 | DEBUG    | [20250203] 1 trades, day P&L=$+195, equity=$100,945
2026-04-04 00:52:11 | DEBUG    | [20250227] 1 trades, day P&L=$+420, equity=$101,365
2026-04-04 00:52:11 | DEBUG    | [20250306] 1 trades, day P&L=$+720, equity=$102,085
2026-04-04 00:52:11 | DEBUG    | [20250310] 1 trades, day P&L=$+420, equity=$102,505
2026-04-04 00:52:11 | DEBUG    | [20250313] 1 trades, day P&L=$+120, equity=$102,625
2026-04-04 00:52:11 | DEBUG    | [20250314] 1 trades, day P&L=$+120, equity=$102,745
2026-04-04 00:52:11 | DEBUG    | [20250318] 1 trades, day P&L=$+120, equity=$102,865
2026-04-04 00:52:11 | DEBUG    | [20250321] 1 trades, day P&L=$+120, equity=$102,985
2026-04-04 00:52:11 | DEBUG    | [20250327] 1 trades, day P&L=$+45, equity=$103,030
2026-04-04 00:52:11 | DEBUG    | [20250403] 1 trades, day P&L=$+195, equity=$103,225
2026-04-04 00:52:11 | DEBUG    | [20250408] 1 trades, day P&L=$+1995, equity=$105,220
2026-04-04 00:52:11 | DEBUG    | [20250502] 1 trades, day P&L=$+45, equity=$105,265
2026-04-04 00:52:11 | DEBUG    | [20250508] 1 trades, day P&L=$+120, equity=$105,385
2026-04-04 00:52:11 | DEBUG    | [20250509] 1 trades, day P&L=$+45, equity=$105,430
2026-04-04 00:52:11 | DEBUG    | [20250523] 1 trades, day P&L=$+45, equity=$105,475
2026-04-04 00:52:11 | DEBUG    | [20250530] 1 trades, day P&L=$+795, equity=$106,270
2026-04-04 00:52:11 | DEBUG    | [20250605] 1 trades, day P&L=$+45, equity=$106,315
2026-04-04 00:52:11 | DEBUG    | [20250613] 1 trades, day P&L=$+45, equity=$106,360
2026-04-04 00:52:11 | DEBUG    | [20250617] 1 trades, day P&L=$+45, equity=$106,405
2026-04-04 00:52:11 | DEBUG    | [20250620] 1 trades, day P&L=$+45, equity=$106,450
2026-04-04 00:52:11 | DEBUG    | [20250623] 1 trades, day P&L=$+45, equity=$106,495
2026-04-04 00:52:11 | DEBUG    | [20250630] 1 trades, day P&L=$+45, equity=$106,540
2026-04-04 00:52:11 | DEBUG    | [20250731] 1 trades, day P&L=$+195, equity=$106,735
2026-04-04 00:52:11 | DEBUG    | [20250801] 1 trades, day P&L=$+270, equity=$107,005
2026-04-04 00:52:11 | DEBUG    | [20250919] 1 trades, day P&L=$+45, equity=$107,050
2026-04-04 00:52:11 | DEBUG    | [20251010] 1 trades, day P&L=$+870, equity=$107,920
2026-04-04 00:52:11 | DEBUG    | [20251016] 1 trades, day P&L=$+120, equity=$108,040
2026-04-04 00:52:11 | DEBUG    | [20251030] 1 trades, day P&L=$+120, equity=$108,160
2026-04-04 00:52:11 | DEBUG    | [20251031] 1 trades, day P&L=$+195, equity=$108,355
2026-04-04 00:52:11 | DEBUG    | [20251106] 1 trades, day P&L=$+120, equity=$108,475
2026-04-04 00:52:11 | DEBUG    | [20251113] 1 trades, day P&L=$+420, equity=$108,895
2026-04-04 00:52:11 | DEBUG    | [20251118] 1 trades, day P&L=$+120, equity=$109,015
2026-04-04 00:52:11 | DEBUG    | [20251120] 1 trades, day P&L=$+495, equity=$109,510
2026-04-04 00:52:11 | DEBUG    | [20251201] 1 trades, day P&L=$+45, equity=$109,555
2026-04-04 00:52:11 | DEBUG    | [20251209] 1 trades, day P&L=$+45, equity=$109,600
2026-04-04 00:52:11 | DEBUG    | [20251212] 1 trades, day P&L=$+120, equity=$109,720
2026-04-04 00:52:11 | DEBUG    | [20251218] 2 trades, day P&L=$+165, equity=$109,885
2026-04-04 00:52:11 | INFO     | ============================================================
2026-04-04 00:52:11 | INFO     | SKIP REASONS:
2026-04-04 00:52:11 | INFO     |   dow_filter          : 48
2026-04-04 00:52:11 | INFO     |   early_close         : 2
2026-04-04 00:52:11 | INFO     |   prior_return        : 33
2026-04-04 00:52:11 | INFO     |   TOTAL TRADES        : 43
2026-04-04 00:52:11 | INFO     | ============================================================
2026-04-04 00:52:11 | DEBUG    | [20260120] 2 trades, day P&L=$+390, equity=$100,390
2026-04-04 00:52:11 | DEBUG    | [20260202] 1 trades, day P&L=$+45, equity=$100,435
2026-04-04 00:52:11 | DEBUG    | [20260203] 2 trades, day P&L=$+465, equity=$100,900
2026-04-04 00:52:11 | DEBUG    | [20260210] 2 trades, day P&L=$+240, equity=$101,140
2026-04-04 00:52:11 | DEBUG    | [20260217] 1 trades, day P&L=$+195, equity=$101,335
2026-04-04 00:52:11 | DEBUG    | [20260223] 1 trades, day P&L=$+120, equity=$101,455
2026-04-04 00:52:11 | DEBUG    | [20260224] 2 trades, day P&L=$+165, equity=$101,620
2026-04-04 00:52:11 | DEBUG    | [20260302] 1 trades, day P&L=$+345, equity=$101,965
2026-04-04 00:52:11 | DEBUG    | [20260303] 2 trades, day P&L=$+840, equity=$102,805
2026-04-04 00:52:11 | DEBUG    | [20260309] 2 trades, day P&L=$+1515, equity=$104,320
2026-04-04 00:52:11 | DEBUG    | [20260310] 2 trades, day P&L=$+1065, equity=$105,385
2026-04-04 00:52:11 | DEBUG    | [20260316] 2 trades, day P&L=$+90, equity=$105,475
2026-04-04 00:52:11 | DEBUG    | [20260324] 2 trades, day P&L=$+465, equity=$105,940
2026-04-04 00:52:11 | INFO     | ============================================================
2026-04-04 00:52:11 | INFO     | SKIP REASONS:
2026-04-04 00:52:11 | INFO     |   dow_filter          : 32
2026-04-04 00:52:11 | INFO     |   prior_return        : 5
2026-04-04 00:52:11 | INFO     |   TOTAL TRADES        : 22
2026-04-04 00:52:11 | INFO     | ============================================================
2026-04-04 00:52:11 | DEBUG    | [20260120] 2 trades, day P&L=$+90, equity=$100,090
2026-04-04 00:52:12 | DEBUG    | [20260302] 1 trades, day P&L=$+120, equity=$100,210
2026-04-04 00:52:12 | DEBUG    | [20260303] 1 trades, day P&L=$+120, equity=$100,330
2026-04-04 00:52:12 | DEBUG    | [20260309] 2 trades, day P&L=$+615, equity=$100,945
2026-04-04 00:52:12 | DEBUG    | [20260310] 1 trades, day P&L=$+120, equity=$101,065
2026-04-04 00:52:12 | DEBUG    | [20260324] 1 trades, day P&L=$+45, equity=$101,110
2026-04-04 00:52:12 | INFO     | ============================================================
2026-04-04 00:52:12 | INFO     | SKIP REASONS:
2026-04-04 00:52:12 | INFO     |   dow_filter          : 32
2026-04-04 00:52:12 | INFO     |   prior_return        : 5
2026-04-04 00:52:12 | INFO     |   TOTAL TRADES        : 8
2026-04-04 00:52:12 | INFO     | ============================================================
2026-04-04 00:52:12 | DEBUG    | [20260204] 1 trades, day P&L=$+195, equity=$100,195
2026-04-04 00:52:12 | INFO     | ============================================================
2026-04-04 00:52:12 | INFO     | SKIP REASONS:
2026-04-04 00:52:12 | INFO     |   dow_filter          : 41
2026-04-04 00:52:12 | INFO     |   prior_return        : 5
2026-04-04 00:52:12 | INFO     |   TOTAL TRADES        : 1
2026-04-04 00:52:12 | INFO     | ============================================================
2026-04-04 00:52:12 | DEBUG    | [20260205] 1 trades, day P&L=$+45, equity=$100,045
2026-04-04 00:52:12 | DEBUG    | [20260212] 1 trades, day P&L=$+45, equity=$100,090
2026-04-04 00:52:12 | DEBUG    | [20260305] 1 trades, day P&L=$+45, equity=$100,135
2026-04-04 00:52:12 | INFO     | ============================================================
2026-04-04 00:52:12 | INFO     | SKIP REASONS:
2026-04-04 00:52:12 | INFO     |   dow_filter          : 41
2026-04-04 00:52:12 | INFO     |   oi_filter           : 3
2026-04-04 00:52:12 | INFO     |   prior_return        : 5
2026-04-04 00:52:12 | INFO     |   TOTAL TRADES        : 3
2026-04-04 00:52:12 | INFO     | ============================================================
2026-04-04 00:52:12 | DEBUG    | [20260102] 1 trades, day P&L=$+45, equity=$100,045
2026-04-04 00:52:12 | DEBUG    | [20260130] 2 trades, day P&L=$+465, equity=$100,510
2026-04-04 00:52:12 | DEBUG    | [20260206] 2 trades, day P&L=$+315, equity=$100,825
2026-04-04 00:52:12 | DEBUG    | [20260227] 2 trades, day P&L=$+315, equity=$101,140
2026-04-04 00:52:12 | DEBUG    | [20260320] 2 trades, day P&L=$+765, equity=$101,905
2026-04-04 00:52:12 | INFO     | ============================================================
2026-04-04 00:52:12 | INFO     | SKIP REASONS:
2026-04-04 00:52:12 | INFO     |   dow_filter          : 42
2026-04-04 00:52:12 | INFO     |   prior_return        : 5
2026-04-04 00:52:12 | INFO     |   TOTAL TRADES        : 9
2026-04-04 00:52:12 | INFO     | ============================================================
2026-04-04 00:52:12 | DEBUG    | [20260115] 1 trades, day P&L=$+45, equity=$100,045
2026-04-04 00:52:12 | DEBUG    | [20260120] 1 trades, day P&L=$+120, equity=$100,165
2026-04-04 00:52:12 | DEBUG    | [20260129] 1 trades, day P&L=$+45, equity=$100,210
2026-04-04 00:52:12 | DEBUG    | [20260130] 2 trades, day P&L=$+390, equity=$100,600
2026-04-04 00:52:12 | DEBUG    | [20260203] 1 trades, day P&L=$+45, equity=$100,645
2026-04-04 00:52:12 | DEBUG    | [20260205] 1 trades, day P&L=$+45, equity=$100,690
2026-04-04 00:52:12 | DEBUG    | [20260206] 1 trades, day P&L=$+120, equity=$100,810
2026-04-04 00:52:12 | DEBUG    | [20260212] 2 trades, day P&L=$+390, equity=$101,200
2026-04-04 00:52:12 | DEBUG    | [20260220] 1 trades, day P&L=$+45, equity=$101,245
2026-04-04 00:52:12 | DEBUG    | [20260302] 1 trades, day P&L=$+45, equity=$101,290
2026-04-04 00:52:12 | DEBUG    | [20260309] 2 trades, day P&L=$+690, equity=$101,980
2026-04-04 00:52:12 | DEBUG    | [20260310] 1 trades, day P&L=$+195, equity=$102,175
2026-04-04 00:52:12 | DEBUG    | [20260312] 1 trades, day P&L=$+45, equity=$102,220
2026-04-04 00:52:12 | DEBUG    | [20260320] 1 trades, day P&L=$+195, equity=$102,415
2026-04-04 00:52:12 | DEBUG    | [20260324] 1 trades, day P&L=$+45, equity=$102,460
2026-04-04 00:52:12 | INFO     | ============================================================
2026-04-04 00:52:12 | INFO     | SKIP REASONS:
2026-04-04 00:52:12 | INFO     |   dow_filter          : 11
2026-04-04 00:52:12 | INFO     |   prior_return        : 5
2026-04-04 00:52:12 | INFO     |   TOTAL TRADES        : 18
2026-04-04 00:52:12 | INFO     | ============================================================
