2026-04-03 15:21:45 | INFO     | Log file: /Users/jeerapongwongchote/Documents/thetadata/apex/logs/apex_run_20260403_152145.log
2026-04-03 15:21:49 | INFO     | Built daily indicators: 1065 dates (20220103 → 20260401)
2026-04-03 15:21:49 | DEBUG    | [20220110] 2 trades, day P&L=$+42, equity=$100,042
2026-04-03 15:21:49 | DEBUG    | [20220114] 1 trades, day P&L=$+91, equity=$100,133
2026-04-03 15:21:49 | DEBUG    | [20220118] 2 trades, day P&L=$+147, equity=$100,280
2026-04-03 15:21:49 | DEBUG    | [20220121] 2 trades, day P&L=$+427, equity=$100,707
2026-04-03 15:21:49 | DEBUG    | [20220128] 2 trades, day P&L=$+392, equity=$101,099
2026-04-03 15:21:49 | DEBUG    | [20220207] 2 trades, day P&L=$+252, equity=$101,351
2026-04-03 15:21:49 | DEBUG    | [20220222] 2 trades, day P&L=$+532, equity=$101,883
2026-04-03 15:21:49 | DEBUG    | [20220225] 2 trades, day P&L=$+182, equity=$102,065
2026-04-03 15:21:49 | DEBUG    | [20220304] 2 trades, day P&L=$+182, equity=$102,247
2026-04-03 15:21:49 | DEBUG    | [20220307] 2 trades, day P&L=$+287, equity=$102,534
2026-04-03 15:21:49 | DEBUG    | [20220311] 2 trades, day P&L=$+322, equity=$102,856
2026-04-03 15:21:49 | DEBUG    | [20220314] 2 trades, day P&L=$+217, equity=$103,073
2026-04-03 15:21:49 | DEBUG    | [20220318] 1 trades, day P&L=$+21, equity=$103,094
2026-04-03 15:21:50 | DEBUG    | [20220331] 2 trades, day P&L=$+812, equity=$103,906
2026-04-03 15:21:50 | DEBUG    | [20220408] 2 trades, day P&L=$+42, equity=$103,948
2026-04-03 15:21:50 | DEBUG    | [20220414] 1 trades, day P&L=$+21, equity=$103,969
2026-04-03 15:21:50 | DEBUG    | [20220418] 1 trades, day P&L=$+21, equity=$103,990
2026-04-03 15:21:50 | DEBUG    | [20220422] 2 trades, day P&L=$+812, equity=$104,802
2026-04-03 15:21:50 | DEBUG    | [20220426] 2 trades, day P&L=$+322, equity=$105,124
2026-04-03 15:21:50 | DEBUG    | [20220503] 1 trades, day P&L=$+91, equity=$105,215
2026-04-03 15:21:50 | DEBUG    | [20220509] 2 trades, day P&L=$+1092, equity=$106,307
2026-04-03 15:21:50 | DEBUG    | [20220513] 2 trades, day P&L=$+532, equity=$106,839
2026-04-03 15:21:50 | DEBUG    | [20220517] 1 trades, day P&L=$+21, equity=$106,860
2026-04-03 15:21:50 | DEBUG    | [20220520] 2 trades, day P&L=$+357, equity=$107,217
2026-04-03 15:21:50 | DEBUG    | [20220526] 1 trades, day P&L=$+56, equity=$107,273
2026-04-03 15:21:50 | DEBUG    | [20220602] 1 trades, day P&L=$+21, equity=$107,294
2026-04-03 15:21:50 | DEBUG    | [20220609] 1 trades, day P&L=$+21, equity=$107,315
2026-04-03 15:21:50 | DEBUG    | [20220616] 2 trades, day P&L=$+42, equity=$107,357
2026-04-03 15:21:50 | DEBUG    | [20220623] 1 trades, day P&L=$+21, equity=$107,378
2026-04-03 15:21:50 | DEBUG    | [20220624] 1 trades, day P&L=$+21, equity=$107,399
2026-04-03 15:21:50 | DEBUG    | [20220628] 1 trades, day P&L=$+21, equity=$107,420
2026-04-03 15:21:50 | DEBUG    | [20220630] 2 trades, day P&L=$-399, equity=$107,021
2026-04-03 15:21:50 | DEBUG    | [20220705] 2 trades, day P&L=$+42, equity=$107,063
2026-04-03 15:21:50 | DEBUG    | [20220707] 1 trades, day P&L=$+21, equity=$107,084
2026-04-03 15:21:50 | DEBUG    | [20220719] 1 trades, day P&L=$+21, equity=$107,105
2026-04-03 15:21:50 | DEBUG    | [20220902] 2 trades, day P&L=$+147, equity=$107,252
2026-04-03 15:21:50 | DEBUG    | [20220913] 2 trades, day P&L=$+77, equity=$107,329
2026-04-03 15:21:50 | DEBUG    | [20220915] 2 trades, day P&L=$+182, equity=$107,511
2026-04-03 15:21:50 | DEBUG    | [20220916] 2 trades, day P&L=$+147, equity=$107,658
2026-04-03 15:21:50 | DEBUG    | [20220923] 2 trades, day P&L=$+182, equity=$107,840
2026-04-03 15:21:50 | DEBUG    | [20220927] 2 trades, day P&L=$+182, equity=$108,022
2026-04-03 15:21:50 | DEBUG    | [20221003] 1 trades, day P&L=$+21, equity=$108,043
2026-04-03 15:21:50 | DEBUG    | [20221006] 1 trades, day P&L=$+91, equity=$108,134
2026-04-03 15:21:50 | DEBUG    | [20221007] 2 trades, day P&L=$+357, equity=$108,491
2026-04-03 15:21:50 | DEBUG    | [20221011] 1 trades, day P&L=$+21, equity=$108,512
2026-04-03 15:21:50 | DEBUG    | [20221013] 2 trades, day P&L=$+252, equity=$108,764
2026-04-03 15:21:50 | DEBUG    | [20221020] 2 trades, day P&L=$+42, equity=$108,806
2026-04-03 15:21:50 | DEBUG    | [20221021] 1 trades, day P&L=$+21, equity=$108,827
2026-04-03 15:21:50 | DEBUG    | [20221115] 1 trades, day P&L=$+56, equity=$108,883
2026-04-03 15:21:50 | DEBUG    | [20221118] 1 trades, day P&L=$+21, equity=$108,904
2026-04-03 15:21:50 | DEBUG    | [20221209] 1 trades, day P&L=$+21, equity=$108,925
2026-04-03 15:21:50 | DEBUG    | [20221213] 1 trades, day P&L=$+21, equity=$108,946
2026-04-03 15:21:50 | DEBUG    | [20221215] 1 trades, day P&L=$+21, equity=$108,967
2026-04-03 15:21:50 | DEBUG    | [20230202] 1 trades, day P&L=$+21, equity=$108,988
2026-04-03 15:21:50 | DEBUG    | [20230203] 2 trades, day P&L=$+42, equity=$109,030
2026-04-03 15:21:50 | DEBUG    | [20230309] 2 trades, day P&L=$+112, equity=$109,142
2026-04-03 15:21:51 | DEBUG    | [20230313] 1 trades, day P&L=$+126, equity=$109,268
2026-04-03 15:21:51 | DEBUG    | [20230316] 2 trades, day P&L=$+112, equity=$109,380
2026-04-03 15:21:51 | DEBUG    | [20230331] 2 trades, day P&L=$+77, equity=$109,457
2026-04-03 15:21:51 | DEBUG    | [20230707] 1 trades, day P&L=$+56, equity=$109,513
2026-04-03 15:21:51 | DEBUG    | [20230825] 1 trades, day P&L=$+21, equity=$109,534
2026-04-03 15:21:51 | DEBUG    | [20230929] 1 trades, day P&L=$+56, equity=$109,590
2026-04-03 15:21:51 | DEBUG    | [20231019] 1 trades, day P&L=$+21, equity=$109,611
2026-04-03 15:21:52 | DEBUG    | [20240216] 1 trades, day P&L=$+21, equity=$109,632
2026-04-03 15:21:52 | DEBUG    | [20240328] 1 trades, day P&L=$+56, equity=$109,688
2026-04-03 15:21:52 | DEBUG    | [20240404] 1 trades, day P&L=$+56, equity=$109,744
2026-04-03 15:21:52 | DEBUG    | [20240412] 1 trades, day P&L=$+21, equity=$109,765
2026-04-03 15:21:52 | DEBUG    | [20240415] 1 trades, day P&L=$+21, equity=$109,786
2026-04-03 15:21:52 | DEBUG    | [20240416] 2 trades, day P&L=$+112, equity=$109,898
2026-04-03 15:21:52 | DEBUG    | [20240418] 1 trades, day P&L=$+21, equity=$109,919
2026-04-03 15:21:52 | DEBUG    | [20240419] 1 trades, day P&L=$+21, equity=$109,940
2026-04-03 15:21:52 | DEBUG    | [20240422] 1 trades, day P&L=$+21, equity=$109,961
2026-04-03 15:21:52 | DEBUG    | [20240531] 1 trades, day P&L=$+56, equity=$110,017
2026-04-03 15:21:52 | DEBUG    | [20240607] 1 trades, day P&L=$+21, equity=$110,038
2026-04-03 15:21:52 | DEBUG    | [20240627] 1 trades, day P&L=$+21, equity=$110,059
2026-04-03 15:21:52 | DEBUG    | [20240628] 1 trades, day P&L=$+161, equity=$110,220
2026-04-03 15:21:52 | DEBUG    | [20240712] 1 trades, day P&L=$+56, equity=$110,276
2026-04-03 15:21:52 | DEBUG    | [20240715] 1 trades, day P&L=$+21, equity=$110,297
2026-04-03 15:21:52 | DEBUG    | [20240718] 1 trades, day P&L=$+161, equity=$110,458
2026-04-03 15:21:52 | DEBUG    | [20240719] 1 trades, day P&L=$+56, equity=$110,514
2026-04-03 15:21:52 | DEBUG    | [20240726] 2 trades, day P&L=$+497, equity=$111,011
2026-04-03 15:21:52 | DEBUG    | [20240729] 1 trades, day P&L=$+21, equity=$111,032
2026-04-03 15:21:52 | DEBUG    | [20240730] 1 trades, day P&L=$+56, equity=$111,088
2026-04-03 15:21:52 | DEBUG    | [20240802] 1 trades, day P&L=$+301, equity=$111,389
2026-04-03 15:21:52 | DEBUG    | [20240808] 1 trades, day P&L=$+21, equity=$111,410
2026-04-03 15:21:52 | DEBUG    | [20240812] 2 trades, day P&L=$+217, equity=$111,627
2026-04-03 15:21:52 | DEBUG    | [20240813] 1 trades, day P&L=$+21, equity=$111,648
2026-04-03 15:21:52 | DEBUG    | [20240820] 1 trades, day P&L=$+21, equity=$111,669
2026-04-03 15:21:52 | DEBUG    | [20240823] 1 trades, day P&L=$+21, equity=$111,690
2026-04-03 15:21:52 | DEBUG    | [20240829] 1 trades, day P&L=$+161, equity=$111,851
2026-04-03 15:21:52 | DEBUG    | [20240830] 1 trades, day P&L=$+56, equity=$111,907
2026-04-03 15:21:52 | DEBUG    | [20240903] 1 trades, day P&L=$+301, equity=$112,208
2026-04-03 15:21:52 | DEBUG    | [20240905] 1 trades, day P&L=$+21, equity=$112,229
2026-04-03 15:21:52 | DEBUG    | [20240906] 1 trades, day P&L=$+161, equity=$112,390
2026-04-03 15:21:52 | DEBUG    | [20240913] 1 trades, day P&L=$+21, equity=$112,411
2026-04-03 15:21:52 | DEBUG    | [20240919] 2 trades, day P&L=$+77, equity=$112,488
2026-04-03 15:21:52 | DEBUG    | [20240930] 1 trades, day P&L=$+336, equity=$112,824
2026-04-03 15:21:52 | DEBUG    | [20241001] 1 trades, day P&L=$+126, equity=$112,950
2026-04-03 15:21:52 | DEBUG    | [20241010] 1 trades, day P&L=$+21, equity=$112,971
2026-04-03 15:21:52 | DEBUG    | [20241025] 1 trades, day P&L=$+21, equity=$112,992
2026-04-03 15:21:52 | DEBUG    | [20241031] 1 trades, day P&L=$+21, equity=$113,013
2026-04-03 15:21:52 | DEBUG    | [20241104] 1 trades, day P&L=$+21, equity=$113,034
2026-04-03 15:21:52 | DEBUG    | [20241115] 1 trades, day P&L=$+21, equity=$113,055
2026-04-03 15:21:52 | DEBUG    | [20241220] 1 trades, day P&L=$+336, equity=$113,391
2026-04-03 15:21:52 | DEBUG    | [20241227] 1 trades, day P&L=$+56, equity=$113,447
2026-04-03 15:21:52 | DEBUG    | [20241230] 2 trades, day P&L=$+147, equity=$113,594
2026-04-03 15:21:52 | DEBUG    | [20241231] 1 trades, day P&L=$+336, equity=$113,930
2026-04-03 15:21:52 | DEBUG    | [20250102] 1 trades, day P&L=$+161, equity=$114,091
2026-04-03 15:21:52 | DEBUG    | [20250107] 1 trades, day P&L=$+126, equity=$114,217
2026-04-03 15:21:52 | DEBUG    | [20250110] 1 trades, day P&L=$+21, equity=$114,238
2026-04-03 15:21:52 | DEBUG    | [20250127] 1 trades, day P&L=$+21, equity=$114,259
2026-04-03 15:21:53 | DEBUG    | [20250131] 1 trades, day P&L=$+371, equity=$114,630
2026-04-03 15:21:53 | DEBUG    | [20250203] 1 trades, day P&L=$+126, equity=$114,756
2026-04-03 15:21:53 | DEBUG    | [20250207] 1 trades, day P&L=$+21, equity=$114,777
2026-04-03 15:21:53 | DEBUG    | [20250221] 1 trades, day P&L=$+21, equity=$114,798
2026-04-03 15:21:53 | DEBUG    | [20250225] 1 trades, day P&L=$+126, equity=$114,924
2026-04-03 15:21:53 | DEBUG    | [20250227] 1 trades, day P&L=$+126, equity=$115,050
2026-04-03 15:21:53 | DEBUG    | [20250306] 1 trades, day P&L=$+791, equity=$115,841
2026-04-03 15:21:53 | DEBUG    | [20250310] 1 trades, day P&L=$+581, equity=$116,422
2026-04-03 15:21:53 | DEBUG    | [20250313] 1 trades, day P&L=$+56, equity=$116,478
2026-04-03 15:21:53 | DEBUG    | [20250314] 1 trades, day P&L=$+126, equity=$116,604
2026-04-03 15:21:53 | DEBUG    | [20250318] 1 trades, day P&L=$+21, equity=$116,625
2026-04-03 15:21:53 | DEBUG    | [20250321] 1 trades, day P&L=$+21, equity=$116,646
2026-04-03 15:21:53 | DEBUG    | [20250327] 2 trades, day P&L=$+42, equity=$116,688
2026-04-03 15:21:53 | DEBUG    | [20250328] 1 trades, day P&L=$+21, equity=$116,709
2026-04-03 15:21:53 | DEBUG    | [20250401] 1 trades, day P&L=$+21, equity=$116,730
2026-04-03 15:21:53 | DEBUG    | [20250403] 1 trades, day P&L=$+441, equity=$117,171
2026-04-03 15:21:53 | DEBUG    | [20250415] 2 trades, day P&L=$+77, equity=$117,248
2026-04-03 15:21:53 | DEBUG    | [20250421] 1 trades, day P&L=$+371, equity=$117,619
2026-04-03 15:21:53 | DEBUG    | [20250428] 2 trades, day P&L=$+147, equity=$117,766
2026-04-03 15:21:53 | DEBUG    | [20250501] 2 trades, day P&L=$-518, equity=$117,248
2026-04-03 15:21:53 | DEBUG    | [20250502] 1 trades, day P&L=$+21, equity=$117,269
2026-04-03 15:21:53 | DEBUG    | [20250505] 1 trades, day P&L=$+56, equity=$117,325
2026-04-03 15:21:53 | DEBUG    | [20250506] 1 trades, day P&L=$+91, equity=$117,416
2026-04-03 15:21:53 | DEBUG    | [20250508] 2 trades, day P&L=$+462, equity=$117,878
2026-04-03 15:21:53 | DEBUG    | [20250509] 1 trades, day P&L=$+21, equity=$117,899
2026-04-03 15:21:53 | DEBUG    | [20250512] 1 trades, day P&L=$+91, equity=$117,990
2026-04-03 15:21:53 | DEBUG    | [20250523] 1 trades, day P&L=$+161, equity=$118,151
2026-04-03 15:21:53 | DEBUG    | [20250529] 1 trades, day P&L=$+91, equity=$118,242
2026-04-03 15:21:53 | DEBUG    | [20250530] 2 trades, day P&L=$+847, equity=$119,089
2026-04-03 15:21:53 | DEBUG    | [20250605] 1 trades, day P&L=$+91, equity=$119,180
2026-04-03 15:21:53 | DEBUG    | [20250613] 1 trades, day P&L=$+91, equity=$119,271
2026-04-03 15:21:53 | DEBUG    | [20250623] 1 trades, day P&L=$+21, equity=$119,292
2026-04-03 15:21:53 | DEBUG    | [20250630] 1 trades, day P&L=$+21, equity=$119,313
2026-04-03 15:21:53 | DEBUG    | [20250731] 1 trades, day P&L=$+126, equity=$119,439
2026-04-03 15:21:53 | DEBUG    | [20250801] 1 trades, day P&L=$+21, equity=$119,460
2026-04-03 15:21:53 | DEBUG    | [20250811] 1 trades, day P&L=$+21, equity=$119,481
2026-04-03 15:21:53 | DEBUG    | [20250930] 1 trades, day P&L=$+21, equity=$119,502
2026-04-03 15:21:53 | DEBUG    | [20251010] 1 trades, day P&L=$+756, equity=$120,258
2026-04-03 15:21:53 | DEBUG    | [20251016] 1 trades, day P&L=$+161, equity=$120,419
2026-04-03 15:21:53 | DEBUG    | [20251031] 1 trades, day P&L=$+56, equity=$120,475
2026-04-03 15:21:53 | DEBUG    | [20251106] 1 trades, day P&L=$+56, equity=$120,531
2026-04-03 15:21:53 | DEBUG    | [20251107] 1 trades, day P&L=$+21, equity=$120,552
2026-04-03 15:21:53 | DEBUG    | [20251113] 1 trades, day P&L=$+91, equity=$120,643
2026-04-03 15:21:53 | DEBUG    | [20251117] 1 trades, day P&L=$+91, equity=$120,734
2026-04-03 15:21:53 | DEBUG    | [20251118] 2 trades, day P&L=$+112, equity=$120,846
2026-04-03 15:21:53 | DEBUG    | [20251120] 1 trades, day P&L=$+301, equity=$121,147
2026-04-03 15:21:53 | DEBUG    | [20251218] 2 trades, day P&L=$+217, equity=$121,364
2026-04-03 15:21:53 | DEBUG    | [20260120] 1 trades, day P&L=$+21, equity=$121,385
2026-04-03 15:21:53 | DEBUG    | [20260130] 2 trades, day P&L=$+147, equity=$121,532
2026-04-03 15:21:53 | DEBUG    | [20260205] 1 trades, day P&L=$+161, equity=$121,693
2026-04-03 15:21:53 | DEBUG    | [20260206] 1 trades, day P&L=$+91, equity=$121,784
2026-04-03 15:21:53 | DEBUG    | [20260212] 1 trades, day P&L=$+126, equity=$121,910
2026-04-03 15:21:54 | DEBUG    | [20260227] 2 trades, day P&L=$+112, equity=$122,022
2026-04-03 15:21:54 | DEBUG    | [20260302] 1 trades, day P&L=$+56, equity=$122,078
2026-04-03 15:21:54 | DEBUG    | [20260303] 1 trades, day P&L=$+91, equity=$122,169
2026-04-03 15:21:54 | DEBUG    | [20260305] 1 trades, day P&L=$+91, equity=$122,260
2026-04-03 15:21:54 | DEBUG    | [20260306] 1 trades, day P&L=$+161, equity=$122,421
2026-04-03 15:21:54 | DEBUG    | [20260309] 1 trades, day P&L=$+91, equity=$122,512
2026-04-03 15:21:54 | DEBUG    | [20260310] 2 trades, day P&L=$+112, equity=$122,624
2026-04-03 15:21:54 | DEBUG    | [20260320] 1 trades, day P&L=$+91, equity=$122,715
2026-04-03 15:21:54 | DEBUG    | [20260324] 1 trades, day P&L=$+21, equity=$122,736
2026-04-03 15:21:54 | INFO     | ============================================================
2026-04-03 15:21:54 | INFO     | SKIP REASONS:
2026-04-03 15:21:54 | INFO     |   dow_filter          : 192
2026-04-03 15:21:54 | INFO     |   early_close         : 6
2026-04-03 15:21:54 | INFO     |   no_quotes           : 21
2026-04-03 15:21:54 | INFO     |   prior_return        : 147
2026-04-03 15:21:54 | INFO     |   TOTAL TRADES        : 222
2026-04-03 15:21:54 | INFO     | ============================================================
2026-04-03 15:21:54 | DEBUG    | [20220110] 2 trades, day P&L=$+42, equity=$100,042
2026-04-03 15:21:54 | DEBUG    | [20220114] 1 trades, day P&L=$+91, equity=$100,133
2026-04-03 15:21:54 | DEBUG    | [20220118] 2 trades, day P&L=$+147, equity=$100,280
2026-04-03 15:21:54 | DEBUG    | [20220121] 2 trades, day P&L=$+427, equity=$100,707
2026-04-03 15:21:54 | DEBUG    | [20220128] 2 trades, day P&L=$+392, equity=$101,099
2026-04-03 15:21:54 | DEBUG    | [20220207] 2 trades, day P&L=$+252, equity=$101,351
2026-04-03 15:21:54 | DEBUG    | [20220222] 2 trades, day P&L=$+532, equity=$101,883
2026-04-03 15:21:54 | DEBUG    | [20220225] 2 trades, day P&L=$+182, equity=$102,065
2026-04-03 15:21:54 | DEBUG    | [20220304] 2 trades, day P&L=$+182, equity=$102,247
2026-04-03 15:21:54 | DEBUG    | [20220307] 2 trades, day P&L=$+287, equity=$102,534
2026-04-03 15:21:54 | DEBUG    | [20220311] 2 trades, day P&L=$+322, equity=$102,856
2026-04-03 15:21:54 | DEBUG    | [20220314] 2 trades, day P&L=$+217, equity=$103,073
2026-04-03 15:21:54 | DEBUG    | [20220318] 1 trades, day P&L=$+21, equity=$103,094
2026-04-03 15:21:54 | DEBUG    | [20220408] 2 trades, day P&L=$+42, equity=$103,136
2026-04-03 15:21:54 | DEBUG    | [20220418] 1 trades, day P&L=$+21, equity=$103,157
2026-04-03 15:21:54 | DEBUG    | [20220422] 2 trades, day P&L=$+812, equity=$103,969
2026-04-03 15:21:54 | DEBUG    | [20220426] 2 trades, day P&L=$+322, equity=$104,291
2026-04-03 15:21:54 | DEBUG    | [20220503] 1 trades, day P&L=$+91, equity=$104,382
2026-04-03 15:21:54 | DEBUG    | [20220509] 2 trades, day P&L=$+1092, equity=$105,474
2026-04-03 15:21:54 | DEBUG    | [20220513] 2 trades, day P&L=$+532, equity=$106,006
2026-04-03 15:21:54 | DEBUG    | [20220517] 1 trades, day P&L=$+21, equity=$106,027
2026-04-03 15:21:54 | DEBUG    | [20220520] 2 trades, day P&L=$+357, equity=$106,384
2026-04-03 15:21:54 | DEBUG    | [20220624] 1 trades, day P&L=$+21, equity=$106,405
2026-04-03 15:21:54 | DEBUG    | [20220628] 1 trades, day P&L=$+21, equity=$106,426
2026-04-03 15:21:54 | DEBUG    | [20220705] 2 trades, day P&L=$+42, equity=$106,468
2026-04-03 15:21:54 | DEBUG    | [20220719] 1 trades, day P&L=$+21, equity=$106,489
2026-04-03 15:21:54 | DEBUG    | [20220902] 2 trades, day P&L=$+147, equity=$106,636
2026-04-03 15:21:54 | DEBUG    | [20220913] 2 trades, day P&L=$+77, equity=$106,713
2026-04-03 15:21:54 | DEBUG    | [20220916] 2 trades, day P&L=$+147, equity=$106,860
2026-04-03 15:21:54 | DEBUG    | [20220923] 2 trades, day P&L=$+182, equity=$107,042
2026-04-03 15:21:54 | DEBUG    | [20220927] 2 trades, day P&L=$+182, equity=$107,224
2026-04-03 15:21:54 | DEBUG    | [20221003] 1 trades, day P&L=$+21, equity=$107,245
2026-04-03 15:21:54 | DEBUG    | [20221007] 2 trades, day P&L=$+357, equity=$107,602
2026-04-03 15:21:54 | DEBUG    | [20221011] 1 trades, day P&L=$+21, equity=$107,623
2026-04-03 15:21:54 | DEBUG    | [20221021] 1 trades, day P&L=$+21, equity=$107,644
2026-04-03 15:21:54 | DEBUG    | [20221115] 1 trades, day P&L=$+56, equity=$107,700
2026-04-03 15:21:54 | DEBUG    | [20221118] 1 trades, day P&L=$+21, equity=$107,721
2026-04-03 15:21:54 | DEBUG    | [20221209] 1 trades, day P&L=$+21, equity=$107,742
2026-04-03 15:21:54 | DEBUG    | [20221213] 1 trades, day P&L=$+21, equity=$107,763
2026-04-03 15:21:54 | DEBUG    | [20230203] 2 trades, day P&L=$+42, equity=$107,805
2026-04-03 15:21:54 | DEBUG    | [20230313] 1 trades, day P&L=$+126, equity=$107,931
2026-04-03 15:21:54 | DEBUG    | [20230331] 2 trades, day P&L=$+77, equity=$108,008
2026-04-03 15:21:55 | DEBUG    | [20230707] 1 trades, day P&L=$+56, equity=$108,064
2026-04-03 15:21:55 | DEBUG    | [20230825] 1 trades, day P&L=$+21, equity=$108,085
2026-04-03 15:21:55 | DEBUG    | [20230929] 1 trades, day P&L=$+56, equity=$108,141
2026-04-03 15:21:55 | DEBUG    | [20240216] 1 trades, day P&L=$+21, equity=$108,162
2026-04-03 15:21:55 | DEBUG    | [20240412] 1 trades, day P&L=$+21, equity=$108,183
2026-04-03 15:21:55 | DEBUG    | [20240415] 1 trades, day P&L=$+21, equity=$108,204
2026-04-03 15:21:55 | DEBUG    | [20240416] 2 trades, day P&L=$+112, equity=$108,316
2026-04-03 15:21:55 | DEBUG    | [20240419] 1 trades, day P&L=$+21, equity=$108,337
2026-04-03 15:21:55 | DEBUG    | [20240422] 1 trades, day P&L=$+21, equity=$108,358
2026-04-03 15:21:55 | DEBUG    | [20240531] 1 trades, day P&L=$+56, equity=$108,414
2026-04-03 15:21:55 | DEBUG    | [20240607] 1 trades, day P&L=$+21, equity=$108,435
2026-04-03 15:21:55 | DEBUG    | [20240628] 1 trades, day P&L=$+161, equity=$108,596
2026-04-03 15:21:55 | DEBUG    | [20240712] 1 trades, day P&L=$+56, equity=$108,652
2026-04-03 15:21:55 | DEBUG    | [20240715] 1 trades, day P&L=$+21, equity=$108,673
2026-04-03 15:21:55 | DEBUG    | [20240719] 1 trades, day P&L=$+56, equity=$108,729
2026-04-03 15:21:55 | DEBUG    | [20240726] 2 trades, day P&L=$+497, equity=$109,226
2026-04-03 15:21:55 | DEBUG    | [20240729] 1 trades, day P&L=$+21, equity=$109,247
2026-04-03 15:21:55 | DEBUG    | [20240730] 1 trades, day P&L=$+56, equity=$109,303
2026-04-03 15:21:55 | DEBUG    | [20240802] 1 trades, day P&L=$+301, equity=$109,604
2026-04-03 15:21:55 | DEBUG    | [20240812] 2 trades, day P&L=$+217, equity=$109,821
2026-04-03 15:21:55 | DEBUG    | [20240813] 1 trades, day P&L=$+21, equity=$109,842
2026-04-03 15:21:56 | DEBUG    | [20240820] 1 trades, day P&L=$+21, equity=$109,863
2026-04-03 15:21:56 | DEBUG    | [20240823] 1 trades, day P&L=$+21, equity=$109,884
2026-04-03 15:21:56 | DEBUG    | [20240830] 1 trades, day P&L=$+56, equity=$109,940
2026-04-03 15:21:56 | DEBUG    | [20240903] 1 trades, day P&L=$+301, equity=$110,241
2026-04-03 15:21:56 | DEBUG    | [20240906] 1 trades, day P&L=$+161, equity=$110,402
2026-04-03 15:21:56 | DEBUG    | [20240913] 1 trades, day P&L=$+21, equity=$110,423
2026-04-03 15:21:56 | DEBUG    | [20240930] 1 trades, day P&L=$+336, equity=$110,759
2026-04-03 15:21:56 | DEBUG    | [20241001] 1 trades, day P&L=$+126, equity=$110,885
2026-04-03 15:21:56 | DEBUG    | [20241025] 1 trades, day P&L=$+21, equity=$110,906
2026-04-03 15:21:56 | DEBUG    | [20241104] 1 trades, day P&L=$+21, equity=$110,927
2026-04-03 15:21:56 | DEBUG    | [20241115] 1 trades, day P&L=$+21, equity=$110,948
2026-04-03 15:21:56 | DEBUG    | [20241220] 1 trades, day P&L=$+336, equity=$111,284
2026-04-03 15:21:56 | DEBUG    | [20241227] 1 trades, day P&L=$+56, equity=$111,340
2026-04-03 15:21:56 | DEBUG    | [20241230] 2 trades, day P&L=$+147, equity=$111,487
2026-04-03 15:21:56 | DEBUG    | [20241231] 1 trades, day P&L=$+336, equity=$111,823
2026-04-03 15:21:56 | DEBUG    | [20250107] 1 trades, day P&L=$+126, equity=$111,949
2026-04-03 15:21:56 | DEBUG    | [20250110] 1 trades, day P&L=$+21, equity=$111,970
2026-04-03 15:21:56 | DEBUG    | [20250127] 1 trades, day P&L=$+21, equity=$111,991
2026-04-03 15:21:56 | DEBUG    | [20250131] 1 trades, day P&L=$+371, equity=$112,362
2026-04-03 15:21:56 | DEBUG    | [20250203] 1 trades, day P&L=$+126, equity=$112,488
2026-04-03 15:21:56 | DEBUG    | [20250207] 1 trades, day P&L=$+21, equity=$112,509
2026-04-03 15:21:56 | DEBUG    | [20250221] 1 trades, day P&L=$+21, equity=$112,530
2026-04-03 15:21:56 | DEBUG    | [20250225] 1 trades, day P&L=$+126, equity=$112,656
2026-04-03 15:21:56 | DEBUG    | [20250310] 1 trades, day P&L=$+581, equity=$113,237
2026-04-03 15:21:56 | DEBUG    | [20250314] 1 trades, day P&L=$+126, equity=$113,363
2026-04-03 15:21:56 | DEBUG    | [20250318] 1 trades, day P&L=$+21, equity=$113,384
2026-04-03 15:21:56 | DEBUG    | [20250321] 1 trades, day P&L=$+21, equity=$113,405
2026-04-03 15:21:56 | DEBUG    | [20250328] 1 trades, day P&L=$+21, equity=$113,426
2026-04-03 15:21:56 | DEBUG    | [20250401] 1 trades, day P&L=$+21, equity=$113,447
2026-04-03 15:21:56 | DEBUG    | [20250415] 2 trades, day P&L=$+77, equity=$113,524
2026-04-03 15:21:56 | DEBUG    | [20250421] 1 trades, day P&L=$+371, equity=$113,895
2026-04-03 15:21:56 | DEBUG    | [20250428] 2 trades, day P&L=$+147, equity=$114,042
2026-04-03 15:21:56 | DEBUG    | [20250502] 1 trades, day P&L=$+21, equity=$114,063
2026-04-03 15:21:56 | DEBUG    | [20250505] 1 trades, day P&L=$+56, equity=$114,119
2026-04-03 15:21:56 | DEBUG    | [20250506] 1 trades, day P&L=$+91, equity=$114,210
2026-04-03 15:21:56 | DEBUG    | [20250509] 1 trades, day P&L=$+21, equity=$114,231
2026-04-03 15:21:56 | DEBUG    | [20250512] 1 trades, day P&L=$+91, equity=$114,322
2026-04-03 15:21:56 | DEBUG    | [20250523] 1 trades, day P&L=$+161, equity=$114,483
2026-04-03 15:21:56 | DEBUG    | [20250530] 2 trades, day P&L=$+847, equity=$115,330
2026-04-03 15:21:56 | DEBUG    | [20250613] 1 trades, day P&L=$+91, equity=$115,421
2026-04-03 15:21:56 | DEBUG    | [20250623] 1 trades, day P&L=$+21, equity=$115,442
2026-04-03 15:21:56 | DEBUG    | [20250630] 1 trades, day P&L=$+21, equity=$115,463
2026-04-03 15:21:56 | DEBUG    | [20250801] 1 trades, day P&L=$+21, equity=$115,484
2026-04-03 15:21:56 | DEBUG    | [20250811] 1 trades, day P&L=$+21, equity=$115,505
2026-04-03 15:21:56 | DEBUG    | [20250930] 1 trades, day P&L=$+21, equity=$115,526
2026-04-03 15:21:56 | DEBUG    | [20251010] 1 trades, day P&L=$+756, equity=$116,282
2026-04-03 15:21:56 | DEBUG    | [20251031] 1 trades, day P&L=$+56, equity=$116,338
2026-04-03 15:21:56 | DEBUG    | [20251107] 1 trades, day P&L=$+21, equity=$116,359
2026-04-03 15:21:56 | DEBUG    | [20251117] 1 trades, day P&L=$+91, equity=$116,450
2026-04-03 15:21:56 | DEBUG    | [20251118] 2 trades, day P&L=$+112, equity=$116,562
2026-04-03 15:21:56 | DEBUG    | [20260120] 1 trades, day P&L=$+21, equity=$116,583
2026-04-03 15:21:56 | DEBUG    | [20260130] 2 trades, day P&L=$+147, equity=$116,730
2026-04-03 15:21:57 | DEBUG    | [20260206] 1 trades, day P&L=$+91, equity=$116,821
2026-04-03 15:21:57 | DEBUG    | [20260227] 2 trades, day P&L=$+112, equity=$116,933
2026-04-03 15:21:57 | DEBUG    | [20260302] 1 trades, day P&L=$+56, equity=$116,989
2026-04-03 15:21:57 | DEBUG    | [20260303] 1 trades, day P&L=$+91, equity=$117,080
2026-04-03 15:21:57 | DEBUG    | [20260306] 1 trades, day P&L=$+161, equity=$117,241
2026-04-03 15:21:57 | DEBUG    | [20260309] 1 trades, day P&L=$+91, equity=$117,332
2026-04-03 15:21:57 | DEBUG    | [20260310] 2 trades, day P&L=$+112, equity=$117,444
2026-04-03 15:21:57 | DEBUG    | [20260320] 1 trades, day P&L=$+91, equity=$117,535
2026-04-03 15:21:57 | DEBUG    | [20260324] 1 trades, day P&L=$+21, equity=$117,556
2026-04-03 15:21:57 | INFO     | ============================================================
2026-04-03 15:21:57 | INFO     | SKIP REASONS:
2026-04-03 15:21:57 | INFO     |   dow_filter          : 374
2026-04-03 15:21:57 | INFO     |   early_close         : 6
2026-04-03 15:21:57 | INFO     |   no_quotes           : 11
2026-04-03 15:21:57 | INFO     |   prior_return        : 147
2026-04-03 15:21:57 | INFO     |   TOTAL TRADES        : 161
2026-04-03 15:21:57 | INFO     | ============================================================
2026-04-03 15:21:57 | DEBUG    | [20220110] 2 trades, day P&L=$+42, equity=$100,042
2026-04-03 15:21:57 | DEBUG    | [20220114] 1 trades, day P&L=$+91, equity=$100,133
2026-04-03 15:21:57 | DEBUG    | [20220118] 1 trades, day P&L=$+56, equity=$100,189
2026-04-03 15:21:57 | DEBUG    | [20220121] 1 trades, day P&L=$+266, equity=$100,455
2026-04-03 15:21:57 | DEBUG    | [20220128] 2 trades, day P&L=$+392, equity=$100,847
2026-04-03 15:21:57 | DEBUG    | [20220207] 2 trades, day P&L=$+252, equity=$101,099
2026-04-03 15:21:57 | DEBUG    | [20220222] 1 trades, day P&L=$+231, equity=$101,330
2026-04-03 15:21:57 | DEBUG    | [20220225] 2 trades, day P&L=$+182, equity=$101,512
2026-04-03 15:21:57 | DEBUG    | [20220304] 2 trades, day P&L=$+182, equity=$101,694
2026-04-03 15:21:57 | DEBUG    | [20220307] 1 trades, day P&L=$+91, equity=$101,785
2026-04-03 15:21:57 | DEBUG    | [20220311] 2 trades, day P&L=$+322, equity=$102,107
2026-04-03 15:21:57 | DEBUG    | [20220314] 1 trades, day P&L=$+91, equity=$102,198
2026-04-03 15:21:57 | DEBUG    | [20220318] 1 trades, day P&L=$+21, equity=$102,219
2026-04-03 15:21:57 | DEBUG    | [20220331] 2 trades, day P&L=$+812, equity=$103,031
2026-04-03 15:21:57 | DEBUG    | [20220408] 2 trades, day P&L=$+42, equity=$103,073
2026-04-03 15:21:57 | DEBUG    | [20220414] 1 trades, day P&L=$+21, equity=$103,094
2026-04-03 15:21:57 | DEBUG    | [20220418] 1 trades, day P&L=$+21, equity=$103,115
2026-04-03 15:21:57 | DEBUG    | [20220422] 1 trades, day P&L=$+441, equity=$103,556
2026-04-03 15:21:57 | DEBUG    | [20220426] 1 trades, day P&L=$+196, equity=$103,752
2026-04-03 15:21:57 | DEBUG    | [20220503] 1 trades, day P&L=$+91, equity=$103,843
2026-04-03 15:21:57 | DEBUG    | [20220509] 1 trades, day P&L=$+441, equity=$104,284
2026-04-03 15:21:57 | DEBUG    | [20220513] 2 trades, day P&L=$+532, equity=$104,816
2026-04-03 15:21:57 | DEBUG    | [20220520] 2 trades, day P&L=$+357, equity=$105,173
2026-04-03 15:21:57 | DEBUG    | [20220526] 1 trades, day P&L=$+56, equity=$105,229
2026-04-03 15:21:57 | DEBUG    | [20220602] 1 trades, day P&L=$+21, equity=$105,250
2026-04-03 15:21:57 | DEBUG    | [20220609] 1 trades, day P&L=$+21, equity=$105,271
2026-04-03 15:21:57 | DEBUG    | [20220616] 1 trades, day P&L=$+21, equity=$105,292
2026-04-03 15:21:57 | DEBUG    | [20220623] 1 trades, day P&L=$+21, equity=$105,313
2026-04-03 15:21:57 | DEBUG    | [20220624] 1 trades, day P&L=$+21, equity=$105,334
2026-04-03 15:21:57 | DEBUG    | [20220630] 2 trades, day P&L=$-399, equity=$104,935
2026-04-03 15:21:57 | DEBUG    | [20220705] 2 trades, day P&L=$+42, equity=$104,977
2026-04-03 15:21:57 | DEBUG    | [20220719] 1 trades, day P&L=$+21, equity=$104,998
2026-04-03 15:21:57 | DEBUG    | [20220902] 2 trades, day P&L=$+147, equity=$105,145
2026-04-03 15:21:57 | DEBUG    | [20220913] 1 trades, day P&L=$+56, equity=$105,201
2026-04-03 15:21:57 | DEBUG    | [20220915] 2 trades, day P&L=$+182, equity=$105,383
2026-04-03 15:21:57 | DEBUG    | [20220916] 2 trades, day P&L=$+147, equity=$105,530
2026-04-03 15:21:57 | DEBUG    | [20220923] 1 trades, day P&L=$+91, equity=$105,621
2026-04-03 15:21:57 | DEBUG    | [20220927] 2 trades, day P&L=$+182, equity=$105,803
2026-04-03 15:21:57 | DEBUG    | [20221003] 1 trades, day P&L=$+21, equity=$105,824
2026-04-03 15:21:57 | DEBUG    | [20221006] 1 trades, day P&L=$+91, equity=$105,915
2026-04-03 15:21:57 | DEBUG    | [20221007] 2 trades, day P&L=$+357, equity=$106,272
2026-04-03 15:21:57 | DEBUG    | [20221011] 1 trades, day P&L=$+21, equity=$106,293
2026-04-03 15:21:57 | DEBUG    | [20221013] 1 trades, day P&L=$+91, equity=$106,384
2026-04-03 15:21:57 | DEBUG    | [20221020] 2 trades, day P&L=$+42, equity=$106,426
2026-04-03 15:21:57 | DEBUG    | [20221021] 1 trades, day P&L=$+21, equity=$106,447
2026-04-03 15:21:57 | DEBUG    | [20221115] 1 trades, day P&L=$+56, equity=$106,503
2026-04-03 15:21:57 | DEBUG    | [20221118] 1 trades, day P&L=$+21, equity=$106,524
2026-04-03 15:21:57 | DEBUG    | [20221209] 1 trades, day P&L=$+21, equity=$106,545
2026-04-03 15:21:57 | DEBUG    | [20221213] 1 trades, day P&L=$+21, equity=$106,566
2026-04-03 15:21:57 | DEBUG    | [20221215] 1 trades, day P&L=$+21, equity=$106,587
2026-04-03 15:21:58 | DEBUG    | [20230203] 2 trades, day P&L=$+42, equity=$106,629
2026-04-03 15:21:58 | DEBUG    | [20230309] 2 trades, day P&L=$+112, equity=$106,741
2026-04-03 15:21:58 | DEBUG    | [20230313] 1 trades, day P&L=$+126, equity=$106,867
2026-04-03 15:21:58 | DEBUG    | [20230316] 2 trades, day P&L=$+112, equity=$106,979
2026-04-03 15:21:58 | DEBUG    | [20230331] 2 trades, day P&L=$+77, equity=$107,056
2026-04-03 15:21:58 | DEBUG    | [20230707] 1 trades, day P&L=$+56, equity=$107,112
2026-04-03 15:21:58 | DEBUG    | [20230825] 1 trades, day P&L=$+21, equity=$107,133
2026-04-03 15:21:59 | DEBUG    | [20230929] 1 trades, day P&L=$+56, equity=$107,189
2026-04-03 15:21:59 | DEBUG    | [20231019] 1 trades, day P&L=$+21, equity=$107,210
2026-04-03 15:21:59 | DEBUG    | [20240216] 1 trades, day P&L=$+21, equity=$107,231
2026-04-03 15:21:59 | DEBUG    | [20240328] 1 trades, day P&L=$+56, equity=$107,287
2026-04-03 15:21:59 | DEBUG    | [20240404] 1 trades, day P&L=$+56, equity=$107,343
2026-04-03 15:21:59 | DEBUG    | [20240412] 1 trades, day P&L=$+21, equity=$107,364
2026-04-03 15:21:59 | DEBUG    | [20240415] 1 trades, day P&L=$+21, equity=$107,385
2026-04-03 15:21:59 | DEBUG    | [20240416] 2 trades, day P&L=$+112, equity=$107,497
2026-04-03 15:21:59 | DEBUG    | [20240418] 1 trades, day P&L=$+21, equity=$107,518
2026-04-03 15:21:59 | DEBUG    | [20240419] 1 trades, day P&L=$+21, equity=$107,539
2026-04-03 15:21:59 | DEBUG    | [20240422] 1 trades, day P&L=$+21, equity=$107,560
2026-04-03 15:21:59 | DEBUG    | [20240531] 1 trades, day P&L=$+56, equity=$107,616
2026-04-03 15:21:59 | DEBUG    | [20240607] 1 trades, day P&L=$+21, equity=$107,637
2026-04-03 15:21:59 | DEBUG    | [20240627] 1 trades, day P&L=$+21, equity=$107,658
2026-04-03 15:21:59 | DEBUG    | [20240628] 1 trades, day P&L=$+161, equity=$107,819
2026-04-03 15:21:59 | DEBUG    | [20240712] 1 trades, day P&L=$+56, equity=$107,875
2026-04-03 15:21:59 | DEBUG    | [20240715] 1 trades, day P&L=$+21, equity=$107,896
2026-04-03 15:21:59 | DEBUG    | [20240718] 1 trades, day P&L=$+161, equity=$108,057
2026-04-03 15:21:59 | DEBUG    | [20240719] 1 trades, day P&L=$+56, equity=$108,113
2026-04-03 15:21:59 | DEBUG    | [20240726] 2 trades, day P&L=$+497, equity=$108,610
2026-04-03 15:21:59 | DEBUG    | [20240729] 1 trades, day P&L=$+21, equity=$108,631
2026-04-03 15:21:59 | DEBUG    | [20240730] 1 trades, day P&L=$+56, equity=$108,687
2026-04-03 15:21:59 | DEBUG    | [20240802] 1 trades, day P&L=$+301, equity=$108,988
2026-04-03 15:22:00 | DEBUG    | [20240808] 1 trades, day P&L=$+21, equity=$109,009
2026-04-03 15:22:00 | DEBUG    | [20240812] 2 trades, day P&L=$+217, equity=$109,226
2026-04-03 15:22:00 | DEBUG    | [20240813] 1 trades, day P&L=$+21, equity=$109,247
2026-04-03 15:22:00 | DEBUG    | [20240820] 1 trades, day P&L=$+21, equity=$109,268
2026-04-03 15:22:00 | DEBUG    | [20240823] 1 trades, day P&L=$+21, equity=$109,289
2026-04-03 15:22:00 | DEBUG    | [20240829] 1 trades, day P&L=$+161, equity=$109,450
2026-04-03 15:22:00 | DEBUG    | [20240830] 1 trades, day P&L=$+56, equity=$109,506
2026-04-03 15:22:00 | DEBUG    | [20240903] 1 trades, day P&L=$+301, equity=$109,807
2026-04-03 15:22:00 | DEBUG    | [20240905] 1 trades, day P&L=$+21, equity=$109,828
2026-04-03 15:22:00 | DEBUG    | [20240906] 1 trades, day P&L=$+161, equity=$109,989
2026-04-03 15:22:00 | DEBUG    | [20240913] 1 trades, day P&L=$+21, equity=$110,010
2026-04-03 15:22:00 | DEBUG    | [20240919] 2 trades, day P&L=$+77, equity=$110,087
2026-04-03 15:22:00 | DEBUG    | [20240930] 1 trades, day P&L=$+336, equity=$110,423
2026-04-03 15:22:00 | DEBUG    | [20241001] 1 trades, day P&L=$+126, equity=$110,549
2026-04-03 15:22:00 | DEBUG    | [20241010] 1 trades, day P&L=$+21, equity=$110,570
2026-04-03 15:22:00 | DEBUG    | [20241025] 1 trades, day P&L=$+21, equity=$110,591
2026-04-03 15:22:00 | DEBUG    | [20241031] 1 trades, day P&L=$+21, equity=$110,612
2026-04-03 15:22:00 | DEBUG    | [20241104] 1 trades, day P&L=$+21, equity=$110,633
2026-04-03 15:22:00 | DEBUG    | [20241115] 1 trades, day P&L=$+21, equity=$110,654
2026-04-03 15:22:00 | DEBUG    | [20241220] 1 trades, day P&L=$+336, equity=$110,990
2026-04-03 15:22:00 | DEBUG    | [20241227] 1 trades, day P&L=$+56, equity=$111,046
2026-04-03 15:22:00 | DEBUG    | [20241230] 2 trades, day P&L=$+147, equity=$111,193
2026-04-03 15:22:00 | DEBUG    | [20241231] 1 trades, day P&L=$+336, equity=$111,529
2026-04-03 15:22:00 | DEBUG    | [20250102] 1 trades, day P&L=$+161, equity=$111,690
2026-04-03 15:22:00 | DEBUG    | [20250107] 1 trades, day P&L=$+126, equity=$111,816
2026-04-03 15:22:00 | DEBUG    | [20250110] 1 trades, day P&L=$+21, equity=$111,837
2026-04-03 15:22:00 | DEBUG    | [20250127] 1 trades, day P&L=$+21, equity=$111,858
2026-04-03 15:22:00 | DEBUG    | [20250131] 1 trades, day P&L=$+371, equity=$112,229
2026-04-03 15:22:00 | DEBUG    | [20250203] 1 trades, day P&L=$+126, equity=$112,355
2026-04-03 15:22:00 | DEBUG    | [20250207] 1 trades, day P&L=$+21, equity=$112,376
2026-04-03 15:22:00 | DEBUG    | [20250221] 1 trades, day P&L=$+21, equity=$112,397
2026-04-03 15:22:00 | DEBUG    | [20250225] 1 trades, day P&L=$+126, equity=$112,523
2026-04-03 15:22:00 | DEBUG    | [20250227] 1 trades, day P&L=$+126, equity=$112,649
2026-04-03 15:22:00 | DEBUG    | [20250306] 1 trades, day P&L=$+791, equity=$113,440
2026-04-03 15:22:00 | DEBUG    | [20250310] 1 trades, day P&L=$+581, equity=$114,021
2026-04-03 15:22:00 | DEBUG    | [20250313] 1 trades, day P&L=$+56, equity=$114,077
2026-04-03 15:22:00 | DEBUG    | [20250314] 1 trades, day P&L=$+126, equity=$114,203
2026-04-03 15:22:00 | DEBUG    | [20250318] 1 trades, day P&L=$+21, equity=$114,224
2026-04-03 15:22:00 | DEBUG    | [20250321] 1 trades, day P&L=$+21, equity=$114,245
2026-04-03 15:22:00 | DEBUG    | [20250327] 2 trades, day P&L=$+42, equity=$114,287
2026-04-03 15:22:00 | DEBUG    | [20250328] 1 trades, day P&L=$+21, equity=$114,308
2026-04-03 15:22:00 | DEBUG    | [20250401] 1 trades, day P&L=$+21, equity=$114,329
2026-04-03 15:22:00 | DEBUG    | [20250403] 1 trades, day P&L=$+441, equity=$114,770
2026-04-03 15:22:00 | DEBUG    | [20250415] 2 trades, day P&L=$+77, equity=$114,847
2026-04-03 15:22:00 | DEBUG    | [20250421] 1 trades, day P&L=$+371, equity=$115,218
2026-04-03 15:22:00 | DEBUG    | [20250428] 1 trades, day P&L=$+126, equity=$115,344
2026-04-03 15:22:00 | DEBUG    | [20250501] 1 trades, day P&L=$+56, equity=$115,400
2026-04-03 15:22:00 | DEBUG    | [20250502] 1 trades, day P&L=$+21, equity=$115,421
2026-04-03 15:22:00 | DEBUG    | [20250505] 1 trades, day P&L=$+56, equity=$115,477
2026-04-03 15:22:00 | DEBUG    | [20250506] 1 trades, day P&L=$+91, equity=$115,568
2026-04-03 15:22:00 | DEBUG    | [20250508] 2 trades, day P&L=$+462, equity=$116,030
2026-04-03 15:22:00 | DEBUG    | [20250509] 1 trades, day P&L=$+21, equity=$116,051
2026-04-03 15:22:00 | DEBUG    | [20250512] 1 trades, day P&L=$+91, equity=$116,142
2026-04-03 15:22:00 | DEBUG    | [20250523] 1 trades, day P&L=$+161, equity=$116,303
2026-04-03 15:22:00 | DEBUG    | [20250529] 1 trades, day P&L=$+91, equity=$116,394
2026-04-03 15:22:00 | DEBUG    | [20250530] 2 trades, day P&L=$+847, equity=$117,241
2026-04-03 15:22:00 | DEBUG    | [20250605] 1 trades, day P&L=$+91, equity=$117,332
2026-04-03 15:22:00 | DEBUG    | [20250613] 1 trades, day P&L=$+91, equity=$117,423
2026-04-03 15:22:00 | DEBUG    | [20250623] 1 trades, day P&L=$+21, equity=$117,444
2026-04-03 15:22:00 | DEBUG    | [20250630] 1 trades, day P&L=$+21, equity=$117,465
2026-04-03 15:22:01 | DEBUG    | [20250731] 1 trades, day P&L=$+126, equity=$117,591
2026-04-03 15:22:01 | DEBUG    | [20250801] 1 trades, day P&L=$+21, equity=$117,612
2026-04-03 15:22:01 | DEBUG    | [20250811] 1 trades, day P&L=$+21, equity=$117,633
2026-04-03 15:22:01 | DEBUG    | [20250930] 1 trades, day P&L=$+21, equity=$117,654
2026-04-03 15:22:01 | DEBUG    | [20251010] 1 trades, day P&L=$+756, equity=$118,410
2026-04-03 15:22:01 | DEBUG    | [20251016] 1 trades, day P&L=$+161, equity=$118,571
2026-04-03 15:22:01 | DEBUG    | [20251031] 1 trades, day P&L=$+56, equity=$118,627
2026-04-03 15:22:01 | DEBUG    | [20251106] 1 trades, day P&L=$+56, equity=$118,683
2026-04-03 15:22:01 | DEBUG    | [20251107] 1 trades, day P&L=$+21, equity=$118,704
2026-04-03 15:22:01 | DEBUG    | [20251113] 1 trades, day P&L=$+91, equity=$118,795
2026-04-03 15:22:01 | DEBUG    | [20251117] 1 trades, day P&L=$+91, equity=$118,886
2026-04-03 15:22:01 | DEBUG    | [20251118] 2 trades, day P&L=$+112, equity=$118,998
2026-04-03 15:22:01 | DEBUG    | [20251120] 1 trades, day P&L=$+301, equity=$119,299
2026-04-03 15:22:01 | DEBUG    | [20251218] 2 trades, day P&L=$+217, equity=$119,516
2026-04-03 15:22:01 | DEBUG    | [20260120] 1 trades, day P&L=$+21, equity=$119,537
2026-04-03 15:22:01 | DEBUG    | [20260130] 2 trades, day P&L=$+147, equity=$119,684
2026-04-03 15:22:01 | DEBUG    | [20260205] 1 trades, day P&L=$+161, equity=$119,845
2026-04-03 15:22:01 | DEBUG    | [20260206] 1 trades, day P&L=$+91, equity=$119,936
2026-04-03 15:22:01 | DEBUG    | [20260212] 1 trades, day P&L=$+126, equity=$120,062
2026-04-03 15:22:01 | DEBUG    | [20260227] 2 trades, day P&L=$+112, equity=$120,174
2026-04-03 15:22:01 | DEBUG    | [20260302] 1 trades, day P&L=$+56, equity=$120,230
2026-04-03 15:22:01 | DEBUG    | [20260303] 1 trades, day P&L=$+91, equity=$120,321
2026-04-03 15:22:01 | DEBUG    | [20260305] 1 trades, day P&L=$+91, equity=$120,412
2026-04-03 15:22:01 | DEBUG    | [20260306] 1 trades, day P&L=$+161, equity=$120,573
2026-04-03 15:22:01 | DEBUG    | [20260309] 1 trades, day P&L=$+91, equity=$120,664
2026-04-03 15:22:01 | DEBUG    | [20260310] 2 trades, day P&L=$+112, equity=$120,776
2026-04-03 15:22:01 | DEBUG    | [20260320] 1 trades, day P&L=$+91, equity=$120,867
2026-04-03 15:22:01 | DEBUG    | [20260324] 1 trades, day P&L=$+21, equity=$120,888
2026-04-03 15:22:01 | INFO     | ============================================================
2026-04-03 15:22:01 | INFO     | SKIP REASONS:
2026-04-03 15:22:01 | INFO     |   dow_filter          : 192
2026-04-03 15:22:01 | INFO     |   early_close         : 6
2026-04-03 15:22:01 | INFO     |   no_quotes           : 21
2026-04-03 15:22:01 | INFO     |   oi_filter           : 255
2026-04-03 15:22:01 | INFO     |   prior_return        : 147
2026-04-03 15:22:01 | INFO     |   TOTAL TRADES        : 204
2026-04-03 15:22:01 | INFO     | ============================================================
2026-04-03 15:22:01 | DEBUG    | [20220110] 2 trades, day P&L=$+42, equity=$100,042
2026-04-03 15:22:01 | DEBUG    | [20220114] 1 trades, day P&L=$+91, equity=$100,133
2026-04-03 15:22:01 | DEBUG    | [20220118] 2 trades, day P&L=$+147, equity=$100,280
2026-04-03 15:22:01 | DEBUG    | [20220121] 2 trades, day P&L=$+427, equity=$100,707
2026-04-03 15:22:01 | DEBUG    | [20220128] 2 trades, day P&L=$+392, equity=$101,099
2026-04-03 15:22:01 | DEBUG    | [20220207] 2 trades, day P&L=$+252, equity=$101,351
2026-04-03 15:22:01 | DEBUG    | [20220222] 2 trades, day P&L=$+532, equity=$101,883
2026-04-03 15:22:01 | DEBUG    | [20220225] 2 trades, day P&L=$+182, equity=$102,065
2026-04-03 15:22:01 | DEBUG    | [20220304] 2 trades, day P&L=$+182, equity=$102,247
2026-04-03 15:22:01 | DEBUG    | [20220307] 2 trades, day P&L=$+287, equity=$102,534
2026-04-03 15:22:01 | DEBUG    | [20220311] 2 trades, day P&L=$+322, equity=$102,856
2026-04-03 15:22:01 | DEBUG    | [20220314] 2 trades, day P&L=$+217, equity=$103,073
2026-04-03 15:22:01 | DEBUG    | [20220318] 1 trades, day P&L=$+21, equity=$103,094
2026-04-03 15:22:01 | DEBUG    | [20220331] 2 trades, day P&L=$+812, equity=$103,906
2026-04-03 15:22:01 | DEBUG    | [20220408] 2 trades, day P&L=$+42, equity=$103,948
2026-04-03 15:22:01 | DEBUG    | [20220414] 1 trades, day P&L=$+21, equity=$103,969
2026-04-03 15:22:01 | DEBUG    | [20220418] 1 trades, day P&L=$+21, equity=$103,990
2026-04-03 15:22:01 | DEBUG    | [20220422] 2 trades, day P&L=$+812, equity=$104,802
2026-04-03 15:22:01 | DEBUG    | [20220426] 2 trades, day P&L=$+322, equity=$105,124
2026-04-03 15:22:01 | DEBUG    | [20220503] 1 trades, day P&L=$+91, equity=$105,215
2026-04-03 15:22:01 | DEBUG    | [20220520] 2 trades, day P&L=$+357, equity=$105,572
2026-04-03 15:22:01 | DEBUG    | [20220526] 1 trades, day P&L=$+56, equity=$105,628
2026-04-03 15:22:01 | DEBUG    | [20220602] 1 trades, day P&L=$+21, equity=$105,649
2026-04-03 15:22:01 | DEBUG    | [20220609] 1 trades, day P&L=$+21, equity=$105,670
2026-04-03 15:22:01 | DEBUG    | [20220623] 1 trades, day P&L=$+21, equity=$105,691
2026-04-03 15:22:01 | DEBUG    | [20220624] 1 trades, day P&L=$+21, equity=$105,712
2026-04-03 15:22:01 | DEBUG    | [20220628] 1 trades, day P&L=$+21, equity=$105,733
2026-04-03 15:22:02 | DEBUG    | [20220707] 1 trades, day P&L=$+21, equity=$105,754
2026-04-03 15:22:02 | DEBUG    | [20220915] 2 trades, day P&L=$+182, equity=$105,936
2026-04-03 15:22:02 | DEBUG    | [20220916] 2 trades, day P&L=$+147, equity=$106,083
2026-04-03 15:22:02 | DEBUG    | [20221003] 1 trades, day P&L=$+21, equity=$106,104
2026-04-03 15:22:02 | DEBUG    | [20221006] 1 trades, day P&L=$+91, equity=$106,195
2026-04-03 15:22:02 | DEBUG    | [20221011] 1 trades, day P&L=$+21, equity=$106,216
2026-04-03 15:22:02 | DEBUG    | [20221020] 2 trades, day P&L=$+42, equity=$106,258
2026-04-03 15:22:02 | DEBUG    | [20221021] 1 trades, day P&L=$+21, equity=$106,279
2026-04-03 15:22:02 | DEBUG    | [20221118] 1 trades, day P&L=$+21, equity=$106,300
2026-04-03 15:22:02 | DEBUG    | [20221209] 1 trades, day P&L=$+21, equity=$106,321
2026-04-03 15:22:02 | DEBUG    | [20230309] 2 trades, day P&L=$+112, equity=$106,433
2026-04-03 15:22:02 | DEBUG    | [20230313] 1 trades, day P&L=$+126, equity=$106,559
2026-04-03 15:22:02 | DEBUG    | [20230316] 2 trades, day P&L=$+112, equity=$106,671
2026-04-03 15:22:02 | DEBUG    | [20230331] 2 trades, day P&L=$+77, equity=$106,748
2026-04-03 15:22:02 | DEBUG    | [20230707] 1 trades, day P&L=$+56, equity=$106,804
2026-04-03 15:22:03 | DEBUG    | [20230825] 1 trades, day P&L=$+21, equity=$106,825
2026-04-03 15:22:03 | DEBUG    | [20230929] 1 trades, day P&L=$+56, equity=$106,881
2026-04-03 15:22:03 | DEBUG    | [20231019] 1 trades, day P&L=$+21, equity=$106,902
2026-04-03 15:22:03 | DEBUG    | [20240216] 1 trades, day P&L=$+21, equity=$106,923
2026-04-03 15:22:03 | DEBUG    | [20240328] 1 trades, day P&L=$+56, equity=$106,979
2026-04-03 15:22:03 | DEBUG    | [20240404] 1 trades, day P&L=$+56, equity=$107,035
2026-04-03 15:22:03 | DEBUG    | [20240412] 1 trades, day P&L=$+21, equity=$107,056
2026-04-03 15:22:03 | DEBUG    | [20240415] 1 trades, day P&L=$+21, equity=$107,077
2026-04-03 15:22:03 | DEBUG    | [20240416] 2 trades, day P&L=$+112, equity=$107,189
2026-04-03 15:22:03 | DEBUG    | [20240418] 1 trades, day P&L=$+21, equity=$107,210
2026-04-03 15:22:03 | DEBUG    | [20240419] 1 trades, day P&L=$+21, equity=$107,231
2026-04-03 15:22:03 | DEBUG    | [20240422] 1 trades, day P&L=$+21, equity=$107,252
2026-04-03 15:22:03 | DEBUG    | [20240531] 1 trades, day P&L=$+56, equity=$107,308
2026-04-03 15:22:03 | DEBUG    | [20240607] 1 trades, day P&L=$+21, equity=$107,329
2026-04-03 15:22:03 | DEBUG    | [20240627] 1 trades, day P&L=$+21, equity=$107,350
2026-04-03 15:22:03 | DEBUG    | [20240628] 1 trades, day P&L=$+161, equity=$107,511
2026-04-03 15:22:03 | DEBUG    | [20240712] 1 trades, day P&L=$+56, equity=$107,567
2026-04-03 15:22:03 | DEBUG    | [20240715] 1 trades, day P&L=$+21, equity=$107,588
2026-04-03 15:22:03 | DEBUG    | [20240718] 1 trades, day P&L=$+161, equity=$107,749
2026-04-03 15:22:03 | DEBUG    | [20240719] 1 trades, day P&L=$+56, equity=$107,805
2026-04-03 15:22:03 | DEBUG    | [20240726] 2 trades, day P&L=$+497, equity=$108,302
2026-04-03 15:22:03 | DEBUG    | [20240729] 1 trades, day P&L=$+21, equity=$108,323
2026-04-03 15:22:03 | DEBUG    | [20240730] 1 trades, day P&L=$+56, equity=$108,379
2026-04-03 15:22:03 | DEBUG    | [20240812] 2 trades, day P&L=$+217, equity=$108,596
2026-04-03 15:22:03 | DEBUG    | [20240813] 1 trades, day P&L=$+21, equity=$108,617
2026-04-03 15:22:04 | DEBUG    | [20240820] 1 trades, day P&L=$+21, equity=$108,638
2026-04-03 15:22:04 | DEBUG    | [20240823] 1 trades, day P&L=$+21, equity=$108,659
2026-04-03 15:22:04 | DEBUG    | [20240829] 1 trades, day P&L=$+161, equity=$108,820
2026-04-03 15:22:04 | DEBUG    | [20240830] 1 trades, day P&L=$+56, equity=$108,876
2026-04-03 15:22:04 | DEBUG    | [20240903] 1 trades, day P&L=$+301, equity=$109,177
2026-04-03 15:22:04 | DEBUG    | [20240905] 1 trades, day P&L=$+21, equity=$109,198
2026-04-03 15:22:04 | DEBUG    | [20240906] 1 trades, day P&L=$+161, equity=$109,359
2026-04-03 15:22:04 | DEBUG    | [20240913] 1 trades, day P&L=$+21, equity=$109,380
2026-04-03 15:22:04 | DEBUG    | [20240930] 1 trades, day P&L=$+336, equity=$109,716
2026-04-03 15:22:04 | DEBUG    | [20241001] 1 trades, day P&L=$+126, equity=$109,842
2026-04-03 15:22:04 | DEBUG    | [20241010] 1 trades, day P&L=$+21, equity=$109,863
2026-04-03 15:22:04 | DEBUG    | [20241025] 1 trades, day P&L=$+21, equity=$109,884
2026-04-03 15:22:04 | DEBUG    | [20241031] 1 trades, day P&L=$+21, equity=$109,905
2026-04-03 15:22:04 | DEBUG    | [20241104] 1 trades, day P&L=$+21, equity=$109,926
2026-04-03 15:22:04 | DEBUG    | [20241115] 1 trades, day P&L=$+21, equity=$109,947
2026-04-03 15:22:04 | DEBUG    | [20241220] 1 trades, day P&L=$+336, equity=$110,283
2026-04-03 15:22:04 | DEBUG    | [20241227] 1 trades, day P&L=$+56, equity=$110,339
2026-04-03 15:22:04 | DEBUG    | [20241231] 1 trades, day P&L=$+336, equity=$110,675
2026-04-03 15:22:04 | DEBUG    | [20250102] 1 trades, day P&L=$+161, equity=$110,836
2026-04-03 15:22:04 | DEBUG    | [20250107] 1 trades, day P&L=$+126, equity=$110,962
2026-04-03 15:22:04 | DEBUG    | [20250110] 1 trades, day P&L=$+21, equity=$110,983
2026-04-03 15:22:04 | DEBUG    | [20250131] 1 trades, day P&L=$+371, equity=$111,354
2026-04-03 15:22:04 | DEBUG    | [20250207] 1 trades, day P&L=$+21, equity=$111,375
2026-04-03 15:22:04 | DEBUG    | [20250221] 1 trades, day P&L=$+21, equity=$111,396
2026-04-03 15:22:04 | DEBUG    | [20250225] 1 trades, day P&L=$+126, equity=$111,522
2026-04-03 15:22:04 | DEBUG    | [20250227] 1 trades, day P&L=$+126, equity=$111,648
2026-04-03 15:22:04 | DEBUG    | [20250313] 1 trades, day P&L=$+56, equity=$111,704
2026-04-03 15:22:04 | DEBUG    | [20250318] 1 trades, day P&L=$+21, equity=$111,725
2026-04-03 15:22:04 | DEBUG    | [20250321] 1 trades, day P&L=$+21, equity=$111,746
2026-04-03 15:22:04 | DEBUG    | [20250327] 2 trades, day P&L=$+42, equity=$111,788
2026-04-03 15:22:04 | DEBUG    | [20250328] 1 trades, day P&L=$+21, equity=$111,809
2026-04-03 15:22:04 | DEBUG    | [20250401] 1 trades, day P&L=$+21, equity=$111,830
2026-04-03 15:22:04 | DEBUG    | [20250415] 2 trades, day P&L=$+77, equity=$111,907
2026-04-03 15:22:04 | DEBUG    | [20250428] 2 trades, day P&L=$+147, equity=$112,054
2026-04-03 15:22:04 | DEBUG    | [20250505] 1 trades, day P&L=$+56, equity=$112,110
2026-04-03 15:22:04 | DEBUG    | [20250508] 2 trades, day P&L=$+462, equity=$112,572
2026-04-03 15:22:04 | DEBUG    | [20250509] 1 trades, day P&L=$+21, equity=$112,593
2026-04-03 15:22:04 | DEBUG    | [20250530] 2 trades, day P&L=$+847, equity=$113,440
2026-04-03 15:22:04 | DEBUG    | [20250605] 1 trades, day P&L=$+91, equity=$113,531
2026-04-03 15:22:04 | DEBUG    | [20250623] 1 trades, day P&L=$+21, equity=$113,552
2026-04-03 15:22:04 | DEBUG    | [20250630] 1 trades, day P&L=$+21, equity=$113,573
2026-04-03 15:22:04 | DEBUG    | [20250811] 1 trades, day P&L=$+21, equity=$113,594
2026-04-03 15:22:04 | DEBUG    | [20250930] 1 trades, day P&L=$+21, equity=$113,615
2026-04-03 15:22:04 | DEBUG    | [20251010] 1 trades, day P&L=$+756, equity=$114,371
2026-04-03 15:22:04 | DEBUG    | [20251016] 1 trades, day P&L=$+161, equity=$114,532
2026-04-03 15:22:04 | DEBUG    | [20251106] 1 trades, day P&L=$+56, equity=$114,588
2026-04-03 15:22:04 | DEBUG    | [20251107] 1 trades, day P&L=$+21, equity=$114,609
2026-04-03 15:22:04 | DEBUG    | [20251113] 1 trades, day P&L=$+91, equity=$114,700
2026-04-03 15:22:04 | DEBUG    | [20251117] 1 trades, day P&L=$+91, equity=$114,791
2026-04-03 15:22:04 | DEBUG    | [20251118] 2 trades, day P&L=$+112, equity=$114,903
2026-04-03 15:22:05 | DEBUG    | [20260130] 2 trades, day P&L=$+147, equity=$115,050
2026-04-03 15:22:05 | DEBUG    | [20260205] 1 trades, day P&L=$+161, equity=$115,211
2026-04-03 15:22:05 | DEBUG    | [20260206] 1 trades, day P&L=$+91, equity=$115,302
2026-04-03 15:22:05 | DEBUG    | [20260212] 1 trades, day P&L=$+126, equity=$115,428
2026-04-03 15:22:05 | DEBUG    | [20260305] 1 trades, day P&L=$+91, equity=$115,519
2026-04-03 15:22:05 | DEBUG    | [20260309] 1 trades, day P&L=$+91, equity=$115,610
2026-04-03 15:22:05 | DEBUG    | [20260310] 2 trades, day P&L=$+112, equity=$115,722
2026-04-03 15:22:05 | DEBUG    | [20260320] 1 trades, day P&L=$+91, equity=$115,813
2026-04-03 15:22:05 | DEBUG    | [20260324] 1 trades, day P&L=$+21, equity=$115,834
2026-04-03 15:22:05 | INFO     | ============================================================
2026-04-03 15:22:05 | INFO     | SKIP REASONS:
2026-04-03 15:22:05 | INFO     |   dow_filter          : 172
2026-04-03 15:22:05 | INFO     |   early_close         : 6
2026-04-03 15:22:05 | INFO     |   gap_filter          : 105
2026-04-03 15:22:05 | INFO     |   no_quotes           : 16
2026-04-03 15:22:05 | INFO     |   prior_return        : 147
2026-04-03 15:22:05 | INFO     |   TOTAL TRADES        : 159
2026-04-03 15:22:05 | INFO     | ============================================================
