2026-04-03 17:02:33 | INFO     | Log file: /Users/jeerapongwongchote/Documents/thetadata/apex/logs/apex_run_20260403_170233.log
2026-04-03 17:02:38 | INFO     | Built daily indicators: 1065 dates (20220103 → 20260401)
2026-04-03 17:02:38 | DEBUG    | [20220110] 2 trades, day P&L=$+90, equity=$100,090
2026-04-03 17:02:38 | DEBUG    | [20220118] 2 trades, day P&L=$+240, equity=$100,330
2026-04-03 17:02:38 | DEBUG    | [20220207] 2 trades, day P&L=$+390, equity=$100,720
2026-04-03 17:02:38 | DEBUG    | [20220222] 2 trades, day P&L=$+915, equity=$101,635
2026-04-03 17:02:38 | DEBUG    | [20220307] 2 trades, day P&L=$+540, equity=$102,175
2026-04-03 17:02:38 | DEBUG    | [20220314] 2 trades, day P&L=$+390, equity=$102,565
2026-04-03 17:02:38 | DEBUG    | [20220418] 1 trades, day P&L=$+45, equity=$102,610
2026-04-03 17:02:38 | DEBUG    | [20220426] 2 trades, day P&L=$+615, equity=$103,225
2026-04-03 17:02:38 | DEBUG    | [20220503] 1 trades, day P&L=$+195, equity=$103,420
2026-04-03 17:02:38 | DEBUG    | [20220509] 2 trades, day P&L=$+1890, equity=$105,310
2026-04-03 17:02:38 | DEBUG    | [20220517] 1 trades, day P&L=$+45, equity=$105,355
2026-04-03 17:02:38 | DEBUG    | [20220628] 1 trades, day P&L=$+45, equity=$105,400
2026-04-03 17:02:38 | DEBUG    | [20220705] 1 trades, day P&L=$+45, equity=$105,445
2026-04-03 17:02:38 | DEBUG    | [20220913] 1 trades, day P&L=$+45, equity=$105,490
2026-04-03 17:02:38 | DEBUG    | [20220927] 2 trades, day P&L=$+315, equity=$105,805
2026-04-03 17:02:38 | DEBUG    | [20221003] 1 trades, day P&L=$+45, equity=$105,850
2026-04-03 17:02:38 | DEBUG    | [20221011] 1 trades, day P&L=$+45, equity=$105,895
2026-04-03 17:02:38 | DEBUG    | [20221115] 1 trades, day P&L=$+120, equity=$106,015
2026-04-03 17:02:38 | DEBUG    | [20221213] 1 trades, day P&L=$+45, equity=$106,060
2026-04-03 17:02:38 | DEBUG    | [20230313] 1 trades, day P&L=$+195, equity=$106,255
2026-04-03 17:02:39 | DEBUG    | [20240415] 1 trades, day P&L=$+45, equity=$106,300
2026-04-03 17:02:39 | DEBUG    | [20240416] 2 trades, day P&L=$+165, equity=$106,465
2026-04-03 17:02:39 | DEBUG    | [20240422] 1 trades, day P&L=$+45, equity=$106,510
2026-04-03 17:02:39 | DEBUG    | [20240715] 1 trades, day P&L=$+45, equity=$106,555
2026-04-03 17:02:39 | DEBUG    | [20240729] 1 trades, day P&L=$+45, equity=$106,600
2026-04-03 17:02:39 | DEBUG    | [20240730] 1 trades, day P&L=$+120, equity=$106,720
2026-04-03 17:02:39 | DEBUG    | [20240812] 2 trades, day P&L=$+390, equity=$107,110
2026-04-03 17:02:39 | DEBUG    | [20240813] 1 trades, day P&L=$+45, equity=$107,155
2026-04-03 17:02:39 | DEBUG    | [20240820] 1 trades, day P&L=$+45, equity=$107,200
2026-04-03 17:02:39 | DEBUG    | [20240903] 1 trades, day P&L=$+420, equity=$107,620
2026-04-03 17:02:39 | DEBUG    | [20240930] 1 trades, day P&L=$+645, equity=$108,265
2026-04-03 17:02:39 | DEBUG    | [20241001] 1 trades, day P&L=$+195, equity=$108,460
2026-04-03 17:02:39 | DEBUG    | [20241104] 1 trades, day P&L=$+45, equity=$108,505
2026-04-03 17:02:40 | DEBUG    | [20241230] 2 trades, day P&L=$+315, equity=$108,820
2026-04-03 17:02:40 | DEBUG    | [20241231] 1 trades, day P&L=$+570, equity=$109,390
2026-04-03 17:02:40 | DEBUG    | [20250107] 1 trades, day P&L=$+270, equity=$109,660
2026-04-03 17:02:40 | DEBUG    | [20250127] 1 trades, day P&L=$+45, equity=$109,705
2026-04-03 17:02:40 | DEBUG    | [20250203] 1 trades, day P&L=$+195, equity=$109,900
2026-04-03 17:02:40 | DEBUG    | [20250225] 1 trades, day P&L=$+195, equity=$110,095
2026-04-03 17:02:40 | DEBUG    | [20250310] 1 trades, day P&L=$+870, equity=$110,965
2026-04-03 17:02:40 | DEBUG    | [20250318] 1 trades, day P&L=$+45, equity=$111,010
2026-04-03 17:02:40 | DEBUG    | [20250401] 1 trades, day P&L=$+45, equity=$111,055
2026-04-03 17:02:40 | DEBUG    | [20250408] 1 trades, day P&L=$+1620, equity=$112,675
2026-04-03 17:02:40 | DEBUG    | [20250415] 2 trades, day P&L=$+165, equity=$112,840
2026-04-03 17:02:40 | DEBUG    | [20250421] 1 trades, day P&L=$+720, equity=$113,560
2026-04-03 17:02:40 | DEBUG    | [20250428] 2 trades, day P&L=$+240, equity=$113,800
2026-04-03 17:02:40 | DEBUG    | [20250506] 1 trades, day P&L=$+195, equity=$113,995
2026-04-03 17:02:40 | DEBUG    | [20250512] 1 trades, day P&L=$+195, equity=$114,190
2026-04-03 17:02:40 | DEBUG    | [20250630] 1 trades, day P&L=$+45, equity=$114,235
2026-04-03 17:02:40 | DEBUG    | [20250811] 1 trades, day P&L=$+45, equity=$114,280
2026-04-03 17:02:40 | DEBUG    | [20250930] 1 trades, day P&L=$+45, equity=$114,325
2026-04-03 17:02:40 | DEBUG    | [20251117] 1 trades, day P&L=$+195, equity=$114,520
2026-04-03 17:02:40 | DEBUG    | [20251118] 2 trades, day P&L=$+240, equity=$114,760
2026-04-03 17:02:40 | DEBUG    | [20260120] 1 trades, day P&L=$+45, equity=$114,805
2026-04-03 17:02:40 | DEBUG    | [20260302] 1 trades, day P&L=$+120, equity=$114,925
2026-04-03 17:02:40 | DEBUG    | [20260303] 1 trades, day P&L=$+120, equity=$115,045
2026-04-03 17:02:40 | DEBUG    | [20260309] 1 trades, day P&L=$+120, equity=$115,165
2026-04-03 17:02:40 | DEBUG    | [20260310] 1 trades, day P&L=$+120, equity=$115,285
2026-04-03 17:02:40 | DEBUG    | [20260324] 1 trades, day P&L=$+45, equity=$115,330
2026-04-03 17:02:40 | INFO     | ============================================================
2026-04-03 17:02:40 | INFO     | SKIP REASONS:
2026-04-03 17:02:40 | INFO     |   dow_filter          : 551
2026-04-03 17:02:40 | INFO     |   early_close         : 6
2026-04-03 17:02:40 | INFO     |   no_quotes           : 11
2026-04-03 17:02:40 | INFO     |   prior_return        : 147
2026-04-03 17:02:40 | INFO     |   TOTAL TRADES        : 74
2026-04-03 17:02:40 | INFO     | ============================================================
2026-04-03 17:02:40 | DEBUG    | [20220331] 2 trades, day P&L=$+915, equity=$100,915
2026-04-03 17:02:40 | DEBUG    | [20220630] 1 trades, day P&L=$+120, equity=$101,035
2026-04-03 17:02:40 | DEBUG    | [20221006] 1 trades, day P&L=$+45, equity=$101,080
2026-04-03 17:02:40 | DEBUG    | [20221013] 2 trades, day P&L=$+165, equity=$101,245
2026-04-03 17:02:41 | DEBUG    | [20240808] 1 trades, day P&L=$+45, equity=$101,290
2026-04-03 17:02:41 | DEBUG    | [20240829] 1 trades, day P&L=$+45, equity=$101,335
2026-04-03 17:02:41 | DEBUG    | [20240905] 1 trades, day P&L=$+45, equity=$101,380
2026-04-03 17:02:41 | DEBUG    | [20240919] 1 trades, day P&L=$+45, equity=$101,425
2026-04-03 17:02:41 | DEBUG    | [20241031] 1 trades, day P&L=$+45, equity=$101,470
2026-04-03 17:02:41 | DEBUG    | [20250102] 1 trades, day P&L=$+45, equity=$101,515
2026-04-03 17:02:41 | DEBUG    | [20250130] 1 trades, day P&L=$+45, equity=$101,560
2026-04-03 17:02:41 | DEBUG    | [20250227] 1 trades, day P&L=$+45, equity=$101,605
2026-04-03 17:02:41 | DEBUG    | [20250306] 1 trades, day P&L=$+645, equity=$102,250
2026-04-03 17:02:41 | DEBUG    | [20250313] 1 trades, day P&L=$+120, equity=$102,370
2026-04-03 17:02:41 | DEBUG    | [20250327] 1 trades, day P&L=$+45, equity=$102,415
2026-04-03 17:02:41 | DEBUG    | [20250403] 1 trades, day P&L=$+795, equity=$103,210
2026-04-03 17:02:41 | DEBUG    | [20250501] 1 trades, day P&L=$+45, equity=$103,255
2026-04-03 17:02:41 | DEBUG    | [20250508] 2 trades, day P&L=$+465, equity=$103,720
2026-04-03 17:02:41 | DEBUG    | [20250529] 1 trades, day P&L=$+120, equity=$103,840
2026-04-03 17:02:41 | DEBUG    | [20250605] 1 trades, day P&L=$+120, equity=$103,960
2026-04-03 17:02:41 | DEBUG    | [20250731] 1 trades, day P&L=$+195, equity=$104,155
2026-04-03 17:02:42 | DEBUG    | [20251016] 1 trades, day P&L=$+270, equity=$104,425
2026-04-03 17:02:42 | DEBUG    | [20251113] 1 trades, day P&L=$+195, equity=$104,620
2026-04-03 17:02:42 | DEBUG    | [20251120] 1 trades, day P&L=$+195, equity=$104,815
2026-04-03 17:02:42 | DEBUG    | [20251218] 1 trades, day P&L=$+45, equity=$104,860
2026-04-03 17:02:42 | DEBUG    | [20260205] 1 trades, day P&L=$+45, equity=$104,905
2026-04-03 17:02:42 | DEBUG    | [20260212] 1 trades, day P&L=$+45, equity=$104,950
2026-04-03 17:02:42 | INFO     | ============================================================
2026-04-03 17:02:42 | INFO     | SKIP REASONS:
2026-04-03 17:02:42 | INFO     |   dow_filter          : 724
2026-04-03 17:02:42 | INFO     |   early_close         : 6
2026-04-03 17:02:42 | INFO     |   no_quotes           : 10
2026-04-03 17:02:42 | INFO     |   oi_filter           : 56
2026-04-03 17:02:42 | INFO     |   prior_return        : 147
2026-04-03 17:02:42 | INFO     |   TOTAL TRADES        : 30
2026-04-03 17:02:42 | INFO     | ============================================================
2026-04-03 17:02:42 | DEBUG    | [20220107] 1 trades, day P&L=$+195, equity=$100,195
2026-04-03 17:02:42 | DEBUG    | [20220114] 2 trades, day P&L=$+315, equity=$100,510
2026-04-03 17:02:42 | DEBUG    | [20220121] 2 trades, day P&L=$+1365, equity=$101,875
2026-04-03 17:02:42 | DEBUG    | [20220128] 2 trades, day P&L=$+915, equity=$102,790
2026-04-03 17:02:42 | DEBUG    | [20220225] 2 trades, day P&L=$+765, equity=$103,555
2026-04-03 17:02:42 | DEBUG    | [20220304] 2 trades, day P&L=$+540, equity=$104,095
2026-04-03 17:02:42 | DEBUG    | [20220311] 2 trades, day P&L=$+540, equity=$104,635
2026-04-03 17:02:42 | DEBUG    | [20220318] 1 trades, day P&L=$+345, equity=$104,980
2026-04-03 17:02:42 | DEBUG    | [20220325] 1 trades, day P&L=$+120, equity=$105,100
2026-04-03 17:02:42 | DEBUG    | [20220408] 2 trades, day P&L=$+390, equity=$105,490
2026-04-03 17:02:42 | DEBUG    | [20220422] 2 trades, day P&L=$+1290, equity=$106,780
2026-04-03 17:02:42 | DEBUG    | [20220513] 2 trades, day P&L=$+990, equity=$107,770
2026-04-03 17:02:42 | DEBUG    | [20220520] 2 trades, day P&L=$+1140, equity=$108,910
2026-04-03 17:02:42 | DEBUG    | [20220624] 1 trades, day P&L=$+45, equity=$108,955
2026-04-03 17:02:42 | DEBUG    | [20220701] 1 trades, day P&L=$+45, equity=$109,000
2026-04-03 17:02:42 | DEBUG    | [20220715] 1 trades, day P&L=$+120, equity=$109,120
2026-04-03 17:02:42 | DEBUG    | [20220826] 1 trades, day P&L=$+45, equity=$109,165
2026-04-03 17:02:42 | DEBUG    | [20220902] 2 trades, day P&L=$+240, equity=$109,405
2026-04-03 17:02:42 | DEBUG    | [20220916] 2 trades, day P&L=$+315, equity=$109,720
2026-04-03 17:02:42 | DEBUG    | [20220923] 2 trades, day P&L=$+540, equity=$110,260
2026-04-03 17:02:42 | DEBUG    | [20221007] 2 trades, day P&L=$+690, equity=$110,950
2026-04-03 17:02:42 | DEBUG    | [20221104] 1 trades, day P&L=$+45, equity=$110,995
2026-04-03 17:02:42 | DEBUG    | [20221118] 1 trades, day P&L=$+45, equity=$111,040
2026-04-03 17:02:42 | DEBUG    | [20221209] 1 trades, day P&L=$+45, equity=$111,085
2026-04-03 17:02:42 | DEBUG    | [20230203] 2 trades, day P&L=$+90, equity=$111,175
2026-04-03 17:02:42 | DEBUG    | [20230324] 1 trades, day P&L=$+120, equity=$111,295
2026-04-03 17:02:42 | DEBUG    | [20230331] 1 trades, day P&L=$+45, equity=$111,340
2026-04-03 17:02:42 | DEBUG    | [20230804] 1 trades, day P&L=$+120, equity=$111,460
2026-04-03 17:02:42 | DEBUG    | [20231229] 1 trades, day P&L=$+120, equity=$111,580
2026-04-03 17:02:42 | DEBUG    | [20240308] 1 trades, day P&L=$+120, equity=$111,700
2026-04-03 17:02:42 | DEBUG    | [20240315] 1 trades, day P&L=$+120, equity=$111,820
2026-04-03 17:02:42 | DEBUG    | [20240405] 1 trades, day P&L=$+120, equity=$111,940
2026-04-03 17:02:43 | DEBUG    | [20240419] 1 trades, day P&L=$+270, equity=$112,210
2026-04-03 17:02:43 | DEBUG    | [20240531] 1 trades, day P&L=$+120, equity=$112,330
2026-04-03 17:02:43 | DEBUG    | [20240607] 1 trades, day P&L=$+45, equity=$112,375
2026-04-03 17:02:43 | DEBUG    | [20240621] 1 trades, day P&L=$+45, equity=$112,420
2026-04-03 17:02:43 | DEBUG    | [20240628] 1 trades, day P&L=$+720, equity=$113,140
2026-04-03 17:02:43 | DEBUG    | [20240712] 1 trades, day P&L=$+120, equity=$113,260
2026-04-03 17:02:43 | DEBUG    | [20240726] 2 trades, day P&L=$+840, equity=$114,100
2026-04-03 17:02:43 | DEBUG    | [20240802] 1 trades, day P&L=$+1020, equity=$115,120
2026-04-03 17:02:43 | DEBUG    | [20240823] 1 trades, day P&L=$+45, equity=$115,165
2026-04-03 17:02:43 | DEBUG    | [20240830] 1 trades, day P&L=$+495, equity=$115,660
2026-04-03 17:02:43 | DEBUG    | [20240906] 1 trades, day P&L=$+795, equity=$116,455
2026-04-03 17:02:43 | DEBUG    | [20240913] 1 trades, day P&L=$+45, equity=$116,500
2026-04-03 17:02:43 | DEBUG    | [20241004] 1 trades, day P&L=$+45, equity=$116,545
2026-04-03 17:02:43 | DEBUG    | [20241025] 1 trades, day P&L=$+45, equity=$116,590
2026-04-03 17:02:43 | DEBUG    | [20241115] 1 trades, day P&L=$+45, equity=$116,635
2026-04-03 17:02:43 | DEBUG    | [20241220] 1 trades, day P&L=$+495, equity=$117,130
2026-04-03 17:02:43 | DEBUG    | [20250110] 1 trades, day P&L=$+270, equity=$117,400
2026-04-03 17:02:43 | DEBUG    | [20250124] 1 trades, day P&L=$+120, equity=$117,520
2026-04-03 17:02:43 | DEBUG    | [20250131] 1 trades, day P&L=$+570, equity=$118,090
2026-04-03 17:02:43 | DEBUG    | [20250207] 1 trades, day P&L=$+45, equity=$118,135
2026-04-03 17:02:43 | DEBUG    | [20250221] 1 trades, day P&L=$+45, equity=$118,180
2026-04-03 17:02:43 | DEBUG    | [20250314] 1 trades, day P&L=$+270, equity=$118,450
2026-04-03 17:02:43 | DEBUG    | [20250321] 1 trades, day P&L=$+270, equity=$118,720
2026-04-03 17:02:43 | DEBUG    | [20250328] 1 trades, day P&L=$+495, equity=$119,215
2026-04-03 17:02:43 | DEBUG    | [20250502] 1 trades, day P&L=$+195, equity=$119,410
2026-04-03 17:02:43 | DEBUG    | [20250509] 2 trades, day P&L=$+165, equity=$119,575
2026-04-03 17:02:43 | DEBUG    | [20250523] 1 trades, day P&L=$+270, equity=$119,845
2026-04-03 17:02:43 | DEBUG    | [20250530] 2 trades, day P&L=$+2190, equity=$122,035
2026-04-03 17:02:43 | DEBUG    | [20250613] 1 trades, day P&L=$+120, equity=$122,155
2026-04-03 17:02:43 | DEBUG    | [20250620] 1 trades, day P&L=$+45, equity=$122,200
2026-04-03 17:02:43 | DEBUG    | [20250711] 1 trades, day P&L=$+45, equity=$122,245
2026-04-03 17:02:43 | DEBUG    | [20250801] 1 trades, day P&L=$+420, equity=$122,665
2026-04-03 17:02:43 | DEBUG    | [20250815] 1 trades, day P&L=$+45, equity=$122,710
2026-04-03 17:02:43 | DEBUG    | [20250829] 1 trades, day P&L=$+120, equity=$122,830
2026-04-03 17:02:43 | DEBUG    | [20250905] 1 trades, day P&L=$+120, equity=$122,950
2026-04-03 17:02:43 | DEBUG    | [20251010] 1 trades, day P&L=$+1020, equity=$123,970
2026-04-03 17:02:43 | DEBUG    | [20251031] 1 trades, day P&L=$+345, equity=$124,315
2026-04-03 17:02:43 | DEBUG    | [20251107] 1 trades, day P&L=$+45, equity=$124,360
2026-04-03 17:02:43 | DEBUG    | [20260102] 1 trades, day P&L=$+45, equity=$124,405
2026-04-03 17:02:43 | DEBUG    | [20260130] 2 trades, day P&L=$+465, equity=$124,870
2026-04-03 17:02:43 | DEBUG    | [20260206] 1 trades, day P&L=$+120, equity=$124,990
2026-04-03 17:02:43 | DEBUG    | [20260227] 1 trades, day P&L=$+120, equity=$125,110
2026-04-03 17:02:43 | DEBUG    | [20260320] 1 trades, day P&L=$+195, equity=$125,305
2026-04-03 17:02:43 | INFO     | ============================================================
2026-04-03 17:02:43 | INFO     | SKIP REASONS:
2026-04-03 17:02:43 | INFO     |   dow_filter          : 729
2026-04-03 17:02:43 | INFO     |   early_close         : 6
2026-04-03 17:02:43 | INFO     |   prior_return        : 147
2026-04-03 17:02:43 | INFO     |   TOTAL TRADES        : 94
2026-04-03 17:02:43 | INFO     | ============================================================
2026-04-03 17:02:43 | DEBUG    | [20220110] 2 trades, day P&L=$+90, equity=$100,090
2026-04-03 17:02:43 | DEBUG    | [20220118] 2 trades, day P&L=$+240, equity=$100,330
2026-04-03 17:02:43 | DEBUG    | [20220207] 2 trades, day P&L=$+390, equity=$100,720
2026-04-03 17:02:43 | DEBUG    | [20220222] 2 trades, day P&L=$+915, equity=$101,635
2026-04-03 17:02:43 | DEBUG    | [20220307] 2 trades, day P&L=$+540, equity=$102,175
2026-04-03 17:02:43 | DEBUG    | [20220314] 2 trades, day P&L=$+390, equity=$102,565
2026-04-03 17:02:43 | DEBUG    | [20220418] 1 trades, day P&L=$+45, equity=$102,610
2026-04-03 17:02:43 | DEBUG    | [20220426] 2 trades, day P&L=$+615, equity=$103,225
2026-04-03 17:02:43 | DEBUG    | [20220503] 1 trades, day P&L=$+195, equity=$103,420
2026-04-03 17:02:43 | DEBUG    | [20220509] 2 trades, day P&L=$+1890, equity=$105,310
2026-04-03 17:02:43 | DEBUG    | [20220517] 1 trades, day P&L=$+45, equity=$105,355
2026-04-03 17:02:43 | DEBUG    | [20220628] 1 trades, day P&L=$+45, equity=$105,400
2026-04-03 17:02:43 | DEBUG    | [20220705] 1 trades, day P&L=$+45, equity=$105,445
2026-04-03 17:02:43 | DEBUG    | [20220913] 1 trades, day P&L=$+45, equity=$105,490
2026-04-03 17:02:43 | DEBUG    | [20220927] 2 trades, day P&L=$+315, equity=$105,805
2026-04-03 17:02:43 | DEBUG    | [20221003] 1 trades, day P&L=$+45, equity=$105,850
2026-04-03 17:02:43 | DEBUG    | [20221011] 1 trades, day P&L=$+45, equity=$105,895
2026-04-03 17:02:43 | DEBUG    | [20221115] 1 trades, day P&L=$+120, equity=$106,015
2026-04-03 17:02:43 | DEBUG    | [20221213] 1 trades, day P&L=$+45, equity=$106,060
2026-04-03 17:02:44 | DEBUG    | [20230313] 1 trades, day P&L=$+195, equity=$106,255
2026-04-03 17:02:44 | DEBUG    | [20240415] 1 trades, day P&L=$+45, equity=$106,300
2026-04-03 17:02:44 | DEBUG    | [20240416] 2 trades, day P&L=$+165, equity=$106,465
2026-04-03 17:02:44 | DEBUG    | [20240422] 1 trades, day P&L=$+45, equity=$106,510
2026-04-03 17:02:45 | DEBUG    | [20240715] 1 trades, day P&L=$+45, equity=$106,555
2026-04-03 17:02:45 | DEBUG    | [20240729] 1 trades, day P&L=$+45, equity=$106,600
2026-04-03 17:02:45 | DEBUG    | [20240730] 1 trades, day P&L=$+120, equity=$106,720
2026-04-03 17:02:45 | DEBUG    | [20240812] 2 trades, day P&L=$+390, equity=$107,110
2026-04-03 17:02:45 | DEBUG    | [20240813] 1 trades, day P&L=$+45, equity=$107,155
2026-04-03 17:02:45 | DEBUG    | [20240820] 1 trades, day P&L=$+45, equity=$107,200
2026-04-03 17:02:45 | DEBUG    | [20240903] 1 trades, day P&L=$+420, equity=$107,620
2026-04-03 17:02:45 | DEBUG    | [20240930] 1 trades, day P&L=$+645, equity=$108,265
2026-04-03 17:02:45 | DEBUG    | [20241001] 1 trades, day P&L=$+195, equity=$108,460
2026-04-03 17:02:45 | DEBUG    | [20241104] 1 trades, day P&L=$+45, equity=$108,505
2026-04-03 17:02:45 | DEBUG    | [20241230] 2 trades, day P&L=$+315, equity=$108,820
2026-04-03 17:02:45 | DEBUG    | [20241231] 1 trades, day P&L=$+570, equity=$109,390
2026-04-03 17:02:45 | INFO     | ============================================================
2026-04-03 17:02:45 | INFO     | SKIP REASONS:
2026-04-03 17:02:45 | INFO     |   dow_filter          : 386
2026-04-03 17:02:45 | INFO     |   early_close         : 4
2026-04-03 17:02:45 | INFO     |   no_quotes           : 11
2026-04-03 17:02:45 | INFO     |   prior_return        : 109
2026-04-03 17:02:45 | INFO     |   TOTAL TRADES        : 47
2026-04-03 17:02:45 | INFO     | ============================================================
2026-04-03 17:02:45 | DEBUG    | [20220331] 2 trades, day P&L=$+915, equity=$100,915
2026-04-03 17:02:45 | DEBUG    | [20220630] 1 trades, day P&L=$+120, equity=$101,035
2026-04-03 17:02:45 | DEBUG    | [20221006] 1 trades, day P&L=$+45, equity=$101,080
2026-04-03 17:02:45 | DEBUG    | [20221013] 2 trades, day P&L=$+165, equity=$101,245
2026-04-03 17:02:46 | DEBUG    | [20240808] 1 trades, day P&L=$+45, equity=$101,290
2026-04-03 17:02:46 | DEBUG    | [20240829] 1 trades, day P&L=$+45, equity=$101,335
2026-04-03 17:02:46 | DEBUG    | [20240905] 1 trades, day P&L=$+45, equity=$101,380
2026-04-03 17:02:46 | DEBUG    | [20240919] 1 trades, day P&L=$+45, equity=$101,425
2026-04-03 17:02:46 | DEBUG    | [20241031] 1 trades, day P&L=$+45, equity=$101,470
2026-04-03 17:02:46 | INFO     | ============================================================
2026-04-03 17:02:46 | INFO     | SKIP REASONS:
2026-04-03 17:02:46 | INFO     |   dow_filter          : 511
2026-04-03 17:02:46 | INFO     |   early_close         : 4
2026-04-03 17:02:46 | INFO     |   no_quotes           : 10
2026-04-03 17:02:46 | INFO     |   oi_filter           : 26
2026-04-03 17:02:46 | INFO     |   prior_return        : 109
2026-04-03 17:02:46 | INFO     |   TOTAL TRADES        : 11
2026-04-03 17:02:46 | INFO     | ============================================================
2026-04-03 17:02:46 | DEBUG    | [20220107] 1 trades, day P&L=$+195, equity=$100,195
2026-04-03 17:02:46 | DEBUG    | [20220114] 2 trades, day P&L=$+315, equity=$100,510
2026-04-03 17:02:46 | DEBUG    | [20220121] 2 trades, day P&L=$+1365, equity=$101,875
2026-04-03 17:02:46 | DEBUG    | [20220128] 2 trades, day P&L=$+915, equity=$102,790
2026-04-03 17:02:46 | DEBUG    | [20220225] 2 trades, day P&L=$+765, equity=$103,555
2026-04-03 17:02:46 | DEBUG    | [20220304] 2 trades, day P&L=$+540, equity=$104,095
2026-04-03 17:02:46 | DEBUG    | [20220311] 2 trades, day P&L=$+540, equity=$104,635
2026-04-03 17:02:46 | DEBUG    | [20220318] 1 trades, day P&L=$+345, equity=$104,980
2026-04-03 17:02:46 | DEBUG    | [20220325] 1 trades, day P&L=$+120, equity=$105,100
2026-04-03 17:02:46 | DEBUG    | [20220408] 2 trades, day P&L=$+390, equity=$105,490
2026-04-03 17:02:46 | DEBUG    | [20220422] 2 trades, day P&L=$+1290, equity=$106,780
2026-04-03 17:02:46 | DEBUG    | [20220513] 2 trades, day P&L=$+990, equity=$107,770
2026-04-03 17:02:46 | DEBUG    | [20220520] 2 trades, day P&L=$+1140, equity=$108,910
2026-04-03 17:02:46 | DEBUG    | [20220624] 1 trades, day P&L=$+45, equity=$108,955
2026-04-03 17:02:46 | DEBUG    | [20220701] 1 trades, day P&L=$+45, equity=$109,000
2026-04-03 17:02:46 | DEBUG    | [20220715] 1 trades, day P&L=$+120, equity=$109,120
2026-04-03 17:02:46 | DEBUG    | [20220826] 1 trades, day P&L=$+45, equity=$109,165
2026-04-03 17:02:46 | DEBUG    | [20220902] 2 trades, day P&L=$+240, equity=$109,405
2026-04-03 17:02:46 | DEBUG    | [20220916] 2 trades, day P&L=$+315, equity=$109,720
2026-04-03 17:02:46 | DEBUG    | [20220923] 2 trades, day P&L=$+540, equity=$110,260
2026-04-03 17:02:46 | DEBUG    | [20221007] 2 trades, day P&L=$+690, equity=$110,950
2026-04-03 17:02:46 | DEBUG    | [20221104] 1 trades, day P&L=$+45, equity=$110,995
2026-04-03 17:02:46 | DEBUG    | [20221118] 1 trades, day P&L=$+45, equity=$111,040
2026-04-03 17:02:46 | DEBUG    | [20221209] 1 trades, day P&L=$+45, equity=$111,085
2026-04-03 17:02:46 | DEBUG    | [20230203] 2 trades, day P&L=$+90, equity=$111,175
2026-04-03 17:02:46 | DEBUG    | [20230324] 1 trades, day P&L=$+120, equity=$111,295
2026-04-03 17:02:46 | DEBUG    | [20230331] 1 trades, day P&L=$+45, equity=$111,340
2026-04-03 17:02:46 | DEBUG    | [20230804] 1 trades, day P&L=$+120, equity=$111,460
2026-04-03 17:02:47 | DEBUG    | [20231229] 1 trades, day P&L=$+120, equity=$111,580
2026-04-03 17:02:47 | DEBUG    | [20240308] 1 trades, day P&L=$+120, equity=$111,700
2026-04-03 17:02:47 | DEBUG    | [20240315] 1 trades, day P&L=$+120, equity=$111,820
2026-04-03 17:02:47 | DEBUG    | [20240405] 1 trades, day P&L=$+120, equity=$111,940
2026-04-03 17:02:47 | DEBUG    | [20240419] 1 trades, day P&L=$+270, equity=$112,210
2026-04-03 17:02:47 | DEBUG    | [20240531] 1 trades, day P&L=$+120, equity=$112,330
2026-04-03 17:02:47 | DEBUG    | [20240607] 1 trades, day P&L=$+45, equity=$112,375
2026-04-03 17:02:47 | DEBUG    | [20240621] 1 trades, day P&L=$+45, equity=$112,420
2026-04-03 17:02:47 | DEBUG    | [20240628] 1 trades, day P&L=$+720, equity=$113,140
2026-04-03 17:02:47 | DEBUG    | [20240712] 1 trades, day P&L=$+120, equity=$113,260
2026-04-03 17:02:47 | DEBUG    | [20240726] 2 trades, day P&L=$+840, equity=$114,100
2026-04-03 17:02:47 | DEBUG    | [20240802] 1 trades, day P&L=$+1020, equity=$115,120
2026-04-03 17:02:47 | DEBUG    | [20240823] 1 trades, day P&L=$+45, equity=$115,165
2026-04-03 17:02:47 | DEBUG    | [20240830] 1 trades, day P&L=$+495, equity=$115,660
2026-04-03 17:02:47 | DEBUG    | [20240906] 1 trades, day P&L=$+795, equity=$116,455
2026-04-03 17:02:47 | DEBUG    | [20240913] 1 trades, day P&L=$+45, equity=$116,500
2026-04-03 17:02:47 | DEBUG    | [20241004] 1 trades, day P&L=$+45, equity=$116,545
2026-04-03 17:02:47 | DEBUG    | [20241025] 1 trades, day P&L=$+45, equity=$116,590
2026-04-03 17:02:47 | DEBUG    | [20241115] 1 trades, day P&L=$+45, equity=$116,635
2026-04-03 17:02:47 | DEBUG    | [20241220] 1 trades, day P&L=$+495, equity=$117,130
2026-04-03 17:02:47 | INFO     | ============================================================
2026-04-03 17:02:47 | INFO     | SKIP REASONS:
2026-04-03 17:02:47 | INFO     |   dow_filter          : 514
2026-04-03 17:02:47 | INFO     |   early_close         : 4
2026-04-03 17:02:47 | INFO     |   prior_return        : 109
2026-04-03 17:02:47 | INFO     |   TOTAL TRADES        : 64
2026-04-03 17:02:47 | INFO     | ============================================================
2026-04-03 17:02:47 | DEBUG    | [20250107] 1 trades, day P&L=$+270, equity=$100,270
2026-04-03 17:02:47 | DEBUG    | [20250127] 1 trades, day P&L=$+45, equity=$100,315
2026-04-03 17:02:47 | DEBUG    | [20250203] 1 trades, day P&L=$+195, equity=$100,510
2026-04-03 17:02:47 | DEBUG    | [20250225] 1 trades, day P&L=$+195, equity=$100,705
2026-04-03 17:02:47 | DEBUG    | [20250310] 1 trades, day P&L=$+870, equity=$101,575
2026-04-03 17:02:47 | DEBUG    | [20250318] 1 trades, day P&L=$+45, equity=$101,620
2026-04-03 17:02:47 | DEBUG    | [20250401] 1 trades, day P&L=$+45, equity=$101,665
2026-04-03 17:02:47 | DEBUG    | [20250408] 1 trades, day P&L=$+1620, equity=$103,285
2026-04-03 17:02:47 | DEBUG    | [20250415] 2 trades, day P&L=$+165, equity=$103,450
2026-04-03 17:02:47 | DEBUG    | [20250421] 1 trades, day P&L=$+720, equity=$104,170
2026-04-03 17:02:47 | DEBUG    | [20250428] 2 trades, day P&L=$+240, equity=$104,410
2026-04-03 17:02:47 | DEBUG    | [20250506] 1 trades, day P&L=$+195, equity=$104,605
2026-04-03 17:02:47 | DEBUG    | [20250512] 1 trades, day P&L=$+195, equity=$104,800
2026-04-03 17:02:47 | DEBUG    | [20250630] 1 trades, day P&L=$+45, equity=$104,845
2026-04-03 17:02:47 | DEBUG    | [20250811] 1 trades, day P&L=$+45, equity=$104,890
2026-04-03 17:02:47 | DEBUG    | [20250930] 1 trades, day P&L=$+45, equity=$104,935
2026-04-03 17:02:47 | DEBUG    | [20251117] 1 trades, day P&L=$+195, equity=$105,130
2026-04-03 17:02:47 | DEBUG    | [20251118] 2 trades, day P&L=$+240, equity=$105,370
2026-04-03 17:02:47 | DEBUG    | [20260120] 1 trades, day P&L=$+45, equity=$105,415
2026-04-03 17:02:47 | DEBUG    | [20260302] 1 trades, day P&L=$+120, equity=$105,535
2026-04-03 17:02:47 | DEBUG    | [20260303] 1 trades, day P&L=$+120, equity=$105,655
2026-04-03 17:02:47 | DEBUG    | [20260309] 1 trades, day P&L=$+120, equity=$105,775
2026-04-03 17:02:47 | DEBUG    | [20260310] 1 trades, day P&L=$+120, equity=$105,895
2026-04-03 17:02:47 | DEBUG    | [20260324] 1 trades, day P&L=$+45, equity=$105,940
2026-04-03 17:02:47 | INFO     | ============================================================
2026-04-03 17:02:47 | INFO     | SKIP REASONS:
2026-04-03 17:02:47 | INFO     |   dow_filter          : 165
2026-04-03 17:02:47 | INFO     |   early_close         : 2
2026-04-03 17:02:47 | INFO     |   prior_return        : 38
2026-04-03 17:02:47 | INFO     |   TOTAL TRADES        : 27
2026-04-03 17:02:47 | INFO     | ============================================================
2026-04-03 17:02:47 | DEBUG    | [20250102] 1 trades, day P&L=$+45, equity=$100,045
2026-04-03 17:02:47 | DEBUG    | [20250130] 1 trades, day P&L=$+45, equity=$100,090
2026-04-03 17:02:48 | DEBUG    | [20250227] 1 trades, day P&L=$+45, equity=$100,135
2026-04-03 17:02:48 | DEBUG    | [20250306] 1 trades, day P&L=$+645, equity=$100,780
2026-04-03 17:02:48 | DEBUG    | [20250313] 1 trades, day P&L=$+120, equity=$100,900
2026-04-03 17:02:48 | DEBUG    | [20250327] 1 trades, day P&L=$+45, equity=$100,945
2026-04-03 17:02:48 | DEBUG    | [20250403] 1 trades, day P&L=$+795, equity=$101,740
2026-04-03 17:02:48 | DEBUG    | [20250501] 1 trades, day P&L=$+45, equity=$101,785
2026-04-03 17:02:48 | DEBUG    | [20250508] 2 trades, day P&L=$+465, equity=$102,250
2026-04-03 17:02:48 | DEBUG    | [20250529] 1 trades, day P&L=$+120, equity=$102,370
2026-04-03 17:02:48 | DEBUG    | [20250605] 1 trades, day P&L=$+120, equity=$102,490
2026-04-03 17:02:48 | DEBUG    | [20250731] 1 trades, day P&L=$+195, equity=$102,685
2026-04-03 17:02:48 | DEBUG    | [20251016] 1 trades, day P&L=$+270, equity=$102,955
2026-04-03 17:02:48 | DEBUG    | [20251113] 1 trades, day P&L=$+195, equity=$103,150
2026-04-03 17:02:48 | DEBUG    | [20251120] 1 trades, day P&L=$+195, equity=$103,345
2026-04-03 17:02:48 | DEBUG    | [20251218] 1 trades, day P&L=$+45, equity=$103,390
2026-04-03 17:02:48 | DEBUG    | [20260205] 1 trades, day P&L=$+45, equity=$103,435
2026-04-03 17:02:48 | DEBUG    | [20260212] 1 trades, day P&L=$+45, equity=$103,480
2026-04-03 17:02:48 | INFO     | ============================================================
2026-04-03 17:02:48 | INFO     | SKIP REASONS:
2026-04-03 17:02:48 | INFO     |   dow_filter          : 213
2026-04-03 17:02:48 | INFO     |   early_close         : 2
2026-04-03 17:02:48 | INFO     |   oi_filter           : 30
2026-04-03 17:02:48 | INFO     |   prior_return        : 38
2026-04-03 17:02:48 | INFO     |   TOTAL TRADES        : 19
2026-04-03 17:02:48 | INFO     | ============================================================
2026-04-03 17:02:48 | DEBUG    | [20250110] 1 trades, day P&L=$+270, equity=$100,270
2026-04-03 17:02:48 | DEBUG    | [20250124] 1 trades, day P&L=$+120, equity=$100,390
2026-04-03 17:02:48 | DEBUG    | [20250131] 1 trades, day P&L=$+570, equity=$100,960
2026-04-03 17:02:48 | DEBUG    | [20250207] 1 trades, day P&L=$+45, equity=$101,005
2026-04-03 17:02:48 | DEBUG    | [20250221] 1 trades, day P&L=$+45, equity=$101,050
2026-04-03 17:02:48 | DEBUG    | [20250314] 1 trades, day P&L=$+270, equity=$101,320
2026-04-03 17:02:48 | DEBUG    | [20250321] 1 trades, day P&L=$+270, equity=$101,590
2026-04-03 17:02:48 | DEBUG    | [20250328] 1 trades, day P&L=$+495, equity=$102,085
2026-04-03 17:02:48 | DEBUG    | [20250502] 1 trades, day P&L=$+195, equity=$102,280
2026-04-03 17:02:48 | DEBUG    | [20250509] 2 trades, day P&L=$+165, equity=$102,445
2026-04-03 17:02:48 | DEBUG    | [20250523] 1 trades, day P&L=$+270, equity=$102,715
2026-04-03 17:02:48 | DEBUG    | [20250530] 2 trades, day P&L=$+2190, equity=$104,905
2026-04-03 17:02:48 | DEBUG    | [20250613] 1 trades, day P&L=$+120, equity=$105,025
2026-04-03 17:02:48 | DEBUG    | [20250620] 1 trades, day P&L=$+45, equity=$105,070
2026-04-03 17:02:48 | DEBUG    | [20250711] 1 trades, day P&L=$+45, equity=$105,115
2026-04-03 17:02:48 | DEBUG    | [20250801] 1 trades, day P&L=$+420, equity=$105,535
2026-04-03 17:02:48 | DEBUG    | [20250815] 1 trades, day P&L=$+45, equity=$105,580
2026-04-03 17:02:48 | DEBUG    | [20250829] 1 trades, day P&L=$+120, equity=$105,700
2026-04-03 17:02:48 | DEBUG    | [20250905] 1 trades, day P&L=$+120, equity=$105,820
2026-04-03 17:02:48 | DEBUG    | [20251010] 1 trades, day P&L=$+1020, equity=$106,840
2026-04-03 17:02:48 | DEBUG    | [20251031] 1 trades, day P&L=$+345, equity=$107,185
2026-04-03 17:02:48 | DEBUG    | [20251107] 1 trades, day P&L=$+45, equity=$107,230
2026-04-03 17:02:48 | DEBUG    | [20260102] 1 trades, day P&L=$+45, equity=$107,275
2026-04-03 17:02:48 | DEBUG    | [20260130] 2 trades, day P&L=$+465, equity=$107,740
2026-04-03 17:02:48 | DEBUG    | [20260206] 1 trades, day P&L=$+120, equity=$107,860
2026-04-03 17:02:48 | DEBUG    | [20260227] 1 trades, day P&L=$+120, equity=$107,980
2026-04-03 17:02:48 | DEBUG    | [20260320] 1 trades, day P&L=$+195, equity=$108,175
2026-04-03 17:02:48 | INFO     | ============================================================
2026-04-03 17:02:48 | INFO     | SKIP REASONS:
2026-04-03 17:02:48 | INFO     |   dow_filter          : 215
2026-04-03 17:02:48 | INFO     |   early_close         : 2
2026-04-03 17:02:48 | INFO     |   prior_return        : 38
2026-04-03 17:02:48 | INFO     |   TOTAL TRADES        : 30
2026-04-03 17:02:48 | INFO     | ============================================================
2026-04-03 17:02:48 | DEBUG    | [20220110] 2 trades, day P&L=$+90, equity=$100,090
2026-04-03 17:02:48 | DEBUG    | [20220118] 2 trades, day P&L=$+240, equity=$100,330
2026-04-03 17:02:48 | DEBUG    | [20220207] 2 trades, day P&L=$+390, equity=$100,720
2026-04-03 17:02:48 | DEBUG    | [20220222] 2 trades, day P&L=$+915, equity=$101,635
2026-04-03 17:02:48 | DEBUG    | [20220307] 2 trades, day P&L=$+540, equity=$102,175
2026-04-03 17:02:48 | DEBUG    | [20220314] 2 trades, day P&L=$+390, equity=$102,565
2026-04-03 17:02:48 | DEBUG    | [20220418] 1 trades, day P&L=$+45, equity=$102,610
2026-04-03 17:02:48 | DEBUG    | [20220426] 2 trades, day P&L=$+615, equity=$103,225
2026-04-03 17:02:48 | DEBUG    | [20220503] 1 trades, day P&L=$+195, equity=$103,420
2026-04-03 17:02:48 | DEBUG    | [20220509] 2 trades, day P&L=$+1890, equity=$105,310
2026-04-03 17:02:48 | DEBUG    | [20220517] 1 trades, day P&L=$+45, equity=$105,355
2026-04-03 17:02:48 | DEBUG    | [20220628] 1 trades, day P&L=$+45, equity=$105,400
2026-04-03 17:02:48 | DEBUG    | [20220705] 1 trades, day P&L=$+45, equity=$105,445
2026-04-03 17:02:49 | DEBUG    | [20220913] 1 trades, day P&L=$+45, equity=$105,490
2026-04-03 17:02:49 | DEBUG    | [20220927] 2 trades, day P&L=$+315, equity=$105,805
2026-04-03 17:02:49 | DEBUG    | [20221003] 1 trades, day P&L=$+45, equity=$105,850
2026-04-03 17:02:49 | DEBUG    | [20221011] 1 trades, day P&L=$+45, equity=$105,895
2026-04-03 17:02:49 | DEBUG    | [20221115] 1 trades, day P&L=$+120, equity=$106,015
2026-04-03 17:02:49 | DEBUG    | [20221213] 1 trades, day P&L=$+45, equity=$106,060
2026-04-03 17:02:49 | INFO     | ============================================================
2026-04-03 17:02:49 | INFO     | SKIP REASONS:
2026-04-03 17:02:49 | INFO     |   dow_filter          : 108
2026-04-03 17:02:49 | INFO     |   early_close         : 1
2026-04-03 17:02:49 | INFO     |   no_quotes           : 11
2026-04-03 17:02:49 | INFO     |   prior_return        : 76
2026-04-03 17:02:49 | INFO     |   TOTAL TRADES        : 28
2026-04-03 17:02:49 | INFO     | ============================================================
2026-04-03 17:02:49 | DEBUG    | [20220331] 2 trades, day P&L=$+915, equity=$100,915
2026-04-03 17:02:49 | DEBUG    | [20220630] 1 trades, day P&L=$+120, equity=$101,035
2026-04-03 17:02:49 | DEBUG    | [20221006] 1 trades, day P&L=$+45, equity=$101,080
2026-04-03 17:02:49 | DEBUG    | [20221013] 2 trades, day P&L=$+165, equity=$101,245
2026-04-03 17:02:49 | INFO     | ============================================================
2026-04-03 17:02:49 | INFO     | SKIP REASONS:
2026-04-03 17:02:49 | INFO     |   dow_filter          : 139
2026-04-03 17:02:49 | INFO     |   early_close         : 1
2026-04-03 17:02:49 | INFO     |   no_quotes           : 10
2026-04-03 17:02:49 | INFO     |   oi_filter           : 4
2026-04-03 17:02:49 | INFO     |   prior_return        : 76
2026-04-03 17:02:49 | INFO     |   TOTAL TRADES        : 6
2026-04-03 17:02:49 | INFO     | ============================================================
2026-04-03 17:02:49 | DEBUG    | [20220107] 1 trades, day P&L=$+195, equity=$100,195
2026-04-03 17:02:49 | DEBUG    | [20220114] 2 trades, day P&L=$+315, equity=$100,510
2026-04-03 17:02:49 | DEBUG    | [20220121] 2 trades, day P&L=$+1365, equity=$101,875
2026-04-03 17:02:49 | DEBUG    | [20220128] 2 trades, day P&L=$+915, equity=$102,790
2026-04-03 17:02:49 | DEBUG    | [20220225] 2 trades, day P&L=$+765, equity=$103,555
2026-04-03 17:02:49 | DEBUG    | [20220304] 2 trades, day P&L=$+540, equity=$104,095
2026-04-03 17:02:49 | DEBUG    | [20220311] 2 trades, day P&L=$+540, equity=$104,635
2026-04-03 17:02:49 | DEBUG    | [20220318] 1 trades, day P&L=$+345, equity=$104,980
2026-04-03 17:02:49 | DEBUG    | [20220325] 1 trades, day P&L=$+120, equity=$105,100
2026-04-03 17:02:49 | DEBUG    | [20220408] 2 trades, day P&L=$+390, equity=$105,490
2026-04-03 17:02:49 | DEBUG    | [20220422] 2 trades, day P&L=$+1290, equity=$106,780
2026-04-03 17:02:49 | DEBUG    | [20220513] 2 trades, day P&L=$+990, equity=$107,770
2026-04-03 17:02:49 | DEBUG    | [20220520] 2 trades, day P&L=$+1140, equity=$108,910
2026-04-03 17:02:49 | DEBUG    | [20220624] 1 trades, day P&L=$+45, equity=$108,955
2026-04-03 17:02:49 | DEBUG    | [20220701] 1 trades, day P&L=$+45, equity=$109,000
2026-04-03 17:02:49 | DEBUG    | [20220715] 1 trades, day P&L=$+120, equity=$109,120
2026-04-03 17:02:49 | DEBUG    | [20220826] 1 trades, day P&L=$+45, equity=$109,165
2026-04-03 17:02:49 | DEBUG    | [20220902] 2 trades, day P&L=$+240, equity=$109,405
2026-04-03 17:02:49 | DEBUG    | [20220916] 2 trades, day P&L=$+315, equity=$109,720
2026-04-03 17:02:49 | DEBUG    | [20220923] 2 trades, day P&L=$+540, equity=$110,260
2026-04-03 17:02:49 | DEBUG    | [20221007] 2 trades, day P&L=$+690, equity=$110,950
2026-04-03 17:02:49 | DEBUG    | [20221104] 1 trades, day P&L=$+45, equity=$110,995
2026-04-03 17:02:49 | DEBUG    | [20221118] 1 trades, day P&L=$+45, equity=$111,040
2026-04-03 17:02:49 | DEBUG    | [20221209] 1 trades, day P&L=$+45, equity=$111,085
2026-04-03 17:02:49 | INFO     | ============================================================
2026-04-03 17:02:49 | INFO     | SKIP REASONS:
2026-04-03 17:02:49 | INFO     |   dow_filter          : 138
2026-04-03 17:02:49 | INFO     |   early_close         : 1
2026-04-03 17:02:49 | INFO     |   prior_return        : 76
2026-04-03 17:02:49 | INFO     |   TOTAL TRADES        : 38
2026-04-03 17:02:49 | INFO     | ============================================================
2026-04-03 17:02:49 | DEBUG    | [20230313] 1 trades, day P&L=$+195, equity=$100,195
2026-04-03 17:02:50 | INFO     | ============================================================
2026-04-03 17:02:50 | INFO     | SKIP REASONS:
2026-04-03 17:02:50 | INFO     |   dow_filter          : 141
2026-04-03 17:02:50 | INFO     |   early_close         : 1
2026-04-03 17:02:50 | INFO     |   prior_return        : 17
2026-04-03 17:02:50 | INFO     |   TOTAL TRADES        : 1
2026-04-03 17:02:50 | INFO     | ============================================================
2026-04-03 17:02:51 | INFO     | ============================================================
2026-04-03 17:02:51 | INFO     | SKIP REASONS:
2026-04-03 17:02:51 | INFO     |   dow_filter          : 183
2026-04-03 17:02:51 | INFO     |   early_close         : 1
2026-04-03 17:02:51 | INFO     |   oi_filter           : 7
2026-04-03 17:02:51 | INFO     |   prior_return        : 17
2026-04-03 17:02:51 | INFO     |   TOTAL TRADES        : 0
2026-04-03 17:02:51 | INFO     | ============================================================
2026-04-03 17:02:51 | DEBUG    | [20230203] 2 trades, day P&L=$+90, equity=$100,090
2026-04-03 17:02:51 | DEBUG    | [20230324] 1 trades, day P&L=$+120, equity=$100,210
2026-04-03 17:02:51 | DEBUG    | [20230331] 1 trades, day P&L=$+45, equity=$100,255
2026-04-03 17:02:51 | DEBUG    | [20230804] 1 trades, day P&L=$+120, equity=$100,375
2026-04-03 17:02:51 | DEBUG    | [20231229] 1 trades, day P&L=$+120, equity=$100,495
2026-04-03 17:02:51 | INFO     | ============================================================
2026-04-03 17:02:51 | INFO     | SKIP REASONS:
2026-04-03 17:02:51 | INFO     |   dow_filter          : 187
2026-04-03 17:02:51 | INFO     |   early_close         : 1
2026-04-03 17:02:51 | INFO     |   prior_return        : 17
2026-04-03 17:02:51 | INFO     |   TOTAL TRADES        : 6
2026-04-03 17:02:51 | INFO     | ============================================================
2026-04-03 17:02:51 | DEBUG    | [20240415] 1 trades, day P&L=$+45, equity=$100,045
2026-04-03 17:02:51 | DEBUG    | [20240416] 2 trades, day P&L=$+165, equity=$100,210
2026-04-03 17:02:51 | DEBUG    | [20240422] 1 trades, day P&L=$+45, equity=$100,255
2026-04-03 17:02:51 | DEBUG    | [20240715] 1 trades, day P&L=$+45, equity=$100,300
2026-04-03 17:02:51 | DEBUG    | [20240729] 1 trades, day P&L=$+45, equity=$100,345
2026-04-03 17:02:51 | DEBUG    | [20240730] 1 trades, day P&L=$+120, equity=$100,465
2026-04-03 17:02:51 | DEBUG    | [20240812] 2 trades, day P&L=$+390, equity=$100,855
2026-04-03 17:02:51 | DEBUG    | [20240813] 1 trades, day P&L=$+45, equity=$100,900
2026-04-03 17:02:51 | DEBUG    | [20240820] 1 trades, day P&L=$+45, equity=$100,945
2026-04-03 17:02:51 | DEBUG    | [20240903] 1 trades, day P&L=$+420, equity=$101,365
2026-04-03 17:02:51 | DEBUG    | [20240930] 1 trades, day P&L=$+645, equity=$102,010
2026-04-03 17:02:51 | DEBUG    | [20241001] 1 trades, day P&L=$+195, equity=$102,205
2026-04-03 17:02:52 | DEBUG    | [20241104] 1 trades, day P&L=$+45, equity=$102,250
2026-04-03 17:02:52 | DEBUG    | [20241230] 2 trades, day P&L=$+315, equity=$102,565
2026-04-03 17:02:52 | DEBUG    | [20241231] 1 trades, day P&L=$+570, equity=$103,135
2026-04-03 17:02:52 | INFO     | ============================================================
2026-04-03 17:02:52 | INFO     | SKIP REASONS:
2026-04-03 17:02:52 | INFO     |   dow_filter          : 137
2026-04-03 17:02:52 | INFO     |   early_close         : 2
2026-04-03 17:02:52 | INFO     |   prior_return        : 16
2026-04-03 17:02:52 | INFO     |   TOTAL TRADES        : 18
2026-04-03 17:02:52 | INFO     | ============================================================
2026-04-03 17:02:52 | DEBUG    | [20240808] 1 trades, day P&L=$+45, equity=$100,045
2026-04-03 17:02:52 | DEBUG    | [20240829] 1 trades, day P&L=$+45, equity=$100,090
2026-04-03 17:02:52 | DEBUG    | [20240905] 1 trades, day P&L=$+45, equity=$100,135
2026-04-03 17:02:52 | DEBUG    | [20240919] 1 trades, day P&L=$+45, equity=$100,180
2026-04-03 17:02:52 | DEBUG    | [20241031] 1 trades, day P&L=$+45, equity=$100,225
2026-04-03 17:02:52 | INFO     | ============================================================
2026-04-03 17:02:52 | INFO     | SKIP REASONS:
2026-04-03 17:02:52 | INFO     |   dow_filter          : 189
2026-04-03 17:02:52 | INFO     |   early_close         : 2
2026-04-03 17:02:52 | INFO     |   oi_filter           : 15
2026-04-03 17:02:52 | INFO     |   prior_return        : 16
2026-04-03 17:02:52 | INFO     |   TOTAL TRADES        : 5
2026-04-03 17:02:52 | INFO     | ============================================================
2026-04-03 17:02:52 | DEBUG    | [20240308] 1 trades, day P&L=$+120, equity=$100,120
2026-04-03 17:02:52 | DEBUG    | [20240315] 1 trades, day P&L=$+120, equity=$100,240
2026-04-03 17:02:52 | DEBUG    | [20240405] 1 trades, day P&L=$+120, equity=$100,360
2026-04-03 17:02:52 | DEBUG    | [20240419] 1 trades, day P&L=$+270, equity=$100,630
2026-04-03 17:02:52 | DEBUG    | [20240531] 1 trades, day P&L=$+120, equity=$100,750
2026-04-03 17:02:52 | DEBUG    | [20240607] 1 trades, day P&L=$+45, equity=$100,795
2026-04-03 17:02:52 | DEBUG    | [20240621] 1 trades, day P&L=$+45, equity=$100,840
2026-04-03 17:02:52 | DEBUG    | [20240628] 1 trades, day P&L=$+720, equity=$101,560
2026-04-03 17:02:52 | DEBUG    | [20240712] 1 trades, day P&L=$+120, equity=$101,680
2026-04-03 17:02:52 | DEBUG    | [20240726] 2 trades, day P&L=$+840, equity=$102,520
2026-04-03 17:02:52 | DEBUG    | [20240802] 1 trades, day P&L=$+1020, equity=$103,540
2026-04-03 17:02:52 | DEBUG    | [20240823] 1 trades, day P&L=$+45, equity=$103,585
2026-04-03 17:02:52 | DEBUG    | [20240830] 1 trades, day P&L=$+495, equity=$104,080
2026-04-03 17:02:52 | DEBUG    | [20240906] 1 trades, day P&L=$+795, equity=$104,875
2026-04-03 17:02:52 | DEBUG    | [20240913] 1 trades, day P&L=$+45, equity=$104,920
2026-04-03 17:02:52 | DEBUG    | [20241004] 1 trades, day P&L=$+45, equity=$104,965
2026-04-03 17:02:52 | DEBUG    | [20241025] 1 trades, day P&L=$+45, equity=$105,010
2026-04-03 17:02:52 | DEBUG    | [20241115] 1 trades, day P&L=$+45, equity=$105,055
2026-04-03 17:02:52 | DEBUG    | [20241220] 1 trades, day P&L=$+495, equity=$105,550
2026-04-03 17:02:52 | INFO     | ============================================================
2026-04-03 17:02:52 | INFO     | SKIP REASONS:
2026-04-03 17:02:52 | INFO     |   dow_filter          : 189
2026-04-03 17:02:52 | INFO     |   early_close         : 2
2026-04-03 17:02:52 | INFO     |   prior_return        : 16
2026-04-03 17:02:52 | INFO     |   TOTAL TRADES        : 20
2026-04-03 17:02:52 | INFO     | ============================================================
2026-04-03 17:02:52 | DEBUG    | [20250107] 1 trades, day P&L=$+270, equity=$100,270
2026-04-03 17:02:52 | DEBUG    | [20250127] 1 trades, day P&L=$+45, equity=$100,315
2026-04-03 17:02:52 | DEBUG    | [20250203] 1 trades, day P&L=$+195, equity=$100,510
2026-04-03 17:02:52 | DEBUG    | [20250225] 1 trades, day P&L=$+195, equity=$100,705
2026-04-03 17:02:52 | DEBUG    | [20250310] 1 trades, day P&L=$+870, equity=$101,575
2026-04-03 17:02:52 | DEBUG    | [20250318] 1 trades, day P&L=$+45, equity=$101,620
2026-04-03 17:02:52 | DEBUG    | [20250401] 1 trades, day P&L=$+45, equity=$101,665
2026-04-03 17:02:52 | DEBUG    | [20250408] 1 trades, day P&L=$+1620, equity=$103,285
2026-04-03 17:02:52 | DEBUG    | [20250415] 2 trades, day P&L=$+165, equity=$103,450
2026-04-03 17:02:52 | DEBUG    | [20250421] 1 trades, day P&L=$+720, equity=$104,170
2026-04-03 17:02:52 | DEBUG    | [20250428] 2 trades, day P&L=$+240, equity=$104,410
2026-04-03 17:02:52 | DEBUG    | [20250506] 1 trades, day P&L=$+195, equity=$104,605
2026-04-03 17:02:53 | DEBUG    | [20250512] 1 trades, day P&L=$+195, equity=$104,800
2026-04-03 17:02:53 | DEBUG    | [20250630] 1 trades, day P&L=$+45, equity=$104,845
2026-04-03 17:02:53 | DEBUG    | [20250811] 1 trades, day P&L=$+45, equity=$104,890
2026-04-03 17:02:53 | DEBUG    | [20250930] 1 trades, day P&L=$+45, equity=$104,935
2026-04-03 17:02:53 | DEBUG    | [20251117] 1 trades, day P&L=$+195, equity=$105,130
2026-04-03 17:02:53 | DEBUG    | [20251118] 2 trades, day P&L=$+240, equity=$105,370
2026-04-03 17:02:53 | INFO     | ============================================================
2026-04-03 17:02:53 | INFO     | SKIP REASONS:
2026-04-03 17:02:53 | INFO     |   dow_filter          : 133
2026-04-03 17:02:53 | INFO     |   early_close         : 2
2026-04-03 17:02:53 | INFO     |   prior_return        : 33
2026-04-03 17:02:53 | INFO     |   TOTAL TRADES        : 21
2026-04-03 17:02:53 | INFO     | ============================================================
2026-04-03 17:02:53 | DEBUG    | [20250102] 1 trades, day P&L=$+45, equity=$100,045
2026-04-03 17:02:53 | DEBUG    | [20250130] 1 trades, day P&L=$+45, equity=$100,090
2026-04-03 17:02:53 | DEBUG    | [20250227] 1 trades, day P&L=$+45, equity=$100,135
2026-04-03 17:02:53 | DEBUG    | [20250306] 1 trades, day P&L=$+645, equity=$100,780
2026-04-03 17:02:53 | DEBUG    | [20250313] 1 trades, day P&L=$+120, equity=$100,900
2026-04-03 17:02:53 | DEBUG    | [20250327] 1 trades, day P&L=$+45, equity=$100,945
2026-04-03 17:02:53 | DEBUG    | [20250403] 1 trades, day P&L=$+795, equity=$101,740
2026-04-03 17:02:53 | DEBUG    | [20250501] 1 trades, day P&L=$+45, equity=$101,785
2026-04-03 17:02:53 | DEBUG    | [20250508] 2 trades, day P&L=$+465, equity=$102,250
2026-04-03 17:02:53 | DEBUG    | [20250529] 1 trades, day P&L=$+120, equity=$102,370
2026-04-03 17:02:53 | DEBUG    | [20250605] 1 trades, day P&L=$+120, equity=$102,490
2026-04-03 17:02:53 | DEBUG    | [20250731] 1 trades, day P&L=$+195, equity=$102,685
2026-04-03 17:02:53 | DEBUG    | [20251016] 1 trades, day P&L=$+270, equity=$102,955
2026-04-03 17:02:53 | DEBUG    | [20251113] 1 trades, day P&L=$+195, equity=$103,150
2026-04-03 17:02:53 | DEBUG    | [20251120] 1 trades, day P&L=$+195, equity=$103,345
2026-04-03 17:02:53 | DEBUG    | [20251218] 1 trades, day P&L=$+45, equity=$103,390
2026-04-03 17:02:53 | INFO     | ============================================================
2026-04-03 17:02:53 | INFO     | SKIP REASONS:
2026-04-03 17:02:53 | INFO     |   dow_filter          : 172
2026-04-03 17:02:53 | INFO     |   early_close         : 2
2026-04-03 17:02:53 | INFO     |   oi_filter           : 25
2026-04-03 17:02:53 | INFO     |   prior_return        : 33
2026-04-03 17:02:53 | INFO     |   TOTAL TRADES        : 17
2026-04-03 17:02:53 | INFO     | ============================================================
2026-04-03 17:02:53 | DEBUG    | [20250110] 1 trades, day P&L=$+270, equity=$100,270
2026-04-03 17:02:53 | DEBUG    | [20250124] 1 trades, day P&L=$+120, equity=$100,390
2026-04-03 17:02:53 | DEBUG    | [20250131] 1 trades, day P&L=$+570, equity=$100,960
2026-04-03 17:02:53 | DEBUG    | [20250207] 1 trades, day P&L=$+45, equity=$101,005
2026-04-03 17:02:53 | DEBUG    | [20250221] 1 trades, day P&L=$+45, equity=$101,050
2026-04-03 17:02:53 | DEBUG    | [20250314] 1 trades, day P&L=$+270, equity=$101,320
2026-04-03 17:02:53 | DEBUG    | [20250321] 1 trades, day P&L=$+270, equity=$101,590
2026-04-03 17:02:53 | DEBUG    | [20250328] 1 trades, day P&L=$+495, equity=$102,085
2026-04-03 17:02:53 | DEBUG    | [20250502] 1 trades, day P&L=$+195, equity=$102,280
2026-04-03 17:02:53 | DEBUG    | [20250509] 2 trades, day P&L=$+165, equity=$102,445
2026-04-03 17:02:53 | DEBUG    | [20250523] 1 trades, day P&L=$+270, equity=$102,715
2026-04-03 17:02:53 | DEBUG    | [20250530] 2 trades, day P&L=$+2190, equity=$104,905
2026-04-03 17:02:53 | DEBUG    | [20250613] 1 trades, day P&L=$+120, equity=$105,025
2026-04-03 17:02:53 | DEBUG    | [20250620] 1 trades, day P&L=$+45, equity=$105,070
2026-04-03 17:02:53 | DEBUG    | [20250711] 1 trades, day P&L=$+45, equity=$105,115
2026-04-03 17:02:53 | DEBUG    | [20250801] 1 trades, day P&L=$+420, equity=$105,535
2026-04-03 17:02:53 | DEBUG    | [20250815] 1 trades, day P&L=$+45, equity=$105,580
2026-04-03 17:02:54 | DEBUG    | [20250829] 1 trades, day P&L=$+120, equity=$105,700
2026-04-03 17:02:54 | DEBUG    | [20250905] 1 trades, day P&L=$+120, equity=$105,820
2026-04-03 17:02:54 | DEBUG    | [20251010] 1 trades, day P&L=$+1020, equity=$106,840
2026-04-03 17:02:54 | DEBUG    | [20251031] 1 trades, day P&L=$+345, equity=$107,185
2026-04-03 17:02:54 | DEBUG    | [20251107] 1 trades, day P&L=$+45, equity=$107,230
2026-04-03 17:02:54 | INFO     | ============================================================
2026-04-03 17:02:54 | INFO     | SKIP REASONS:
2026-04-03 17:02:54 | INFO     |   dow_filter          : 173
2026-04-03 17:02:54 | INFO     |   early_close         : 2
2026-04-03 17:02:54 | INFO     |   prior_return        : 33
2026-04-03 17:02:54 | INFO     |   TOTAL TRADES        : 24
2026-04-03 17:02:54 | INFO     | ============================================================
2026-04-03 17:02:54 | DEBUG    | [20260120] 1 trades, day P&L=$+45, equity=$100,045
2026-04-03 17:02:54 | DEBUG    | [20260302] 1 trades, day P&L=$+120, equity=$100,165
2026-04-03 17:02:54 | DEBUG    | [20260303] 1 trades, day P&L=$+120, equity=$100,285
2026-04-03 17:02:54 | DEBUG    | [20260309] 1 trades, day P&L=$+120, equity=$100,405
2026-04-03 17:02:54 | DEBUG    | [20260310] 1 trades, day P&L=$+120, equity=$100,525
2026-04-03 17:02:54 | DEBUG    | [20260324] 1 trades, day P&L=$+45, equity=$100,570
2026-04-03 17:02:54 | INFO     | ============================================================
2026-04-03 17:02:54 | INFO     | SKIP REASONS:
2026-04-03 17:02:54 | INFO     |   dow_filter          : 32
2026-04-03 17:02:54 | INFO     |   prior_return        : 5
2026-04-03 17:02:54 | INFO     |   TOTAL TRADES        : 6
2026-04-03 17:02:54 | INFO     | ============================================================
2026-04-03 17:02:54 | DEBUG    | [20260205] 1 trades, day P&L=$+45, equity=$100,045
2026-04-03 17:02:54 | DEBUG    | [20260212] 1 trades, day P&L=$+45, equity=$100,090
2026-04-03 17:02:54 | INFO     | ============================================================
2026-04-03 17:02:54 | INFO     | SKIP REASONS:
2026-04-03 17:02:54 | INFO     |   dow_filter          : 41
2026-04-03 17:02:54 | INFO     |   oi_filter           : 5
2026-04-03 17:02:54 | INFO     |   prior_return        : 5
2026-04-03 17:02:54 | INFO     |   TOTAL TRADES        : 2
2026-04-03 17:02:54 | INFO     | ============================================================
2026-04-03 17:02:54 | DEBUG    | [20260102] 1 trades, day P&L=$+45, equity=$100,045
2026-04-03 17:02:54 | DEBUG    | [20260130] 2 trades, day P&L=$+465, equity=$100,510
2026-04-03 17:02:54 | DEBUG    | [20260206] 1 trades, day P&L=$+120, equity=$100,630
2026-04-03 17:02:54 | DEBUG    | [20260227] 1 trades, day P&L=$+120, equity=$100,750
2026-04-03 17:02:54 | DEBUG    | [20260320] 1 trades, day P&L=$+195, equity=$100,945
2026-04-03 17:02:54 | INFO     | ============================================================
2026-04-03 17:02:54 | INFO     | SKIP REASONS:
2026-04-03 17:02:54 | INFO     |   dow_filter          : 42
2026-04-03 17:02:54 | INFO     |   prior_return        : 5
2026-04-03 17:02:54 | INFO     |   TOTAL TRADES        : 6
2026-04-03 17:02:54 | INFO     | ============================================================
