2026-04-03 15:24:14 | INFO     | Log file: /Users/jeerapongwongchote/Documents/thetadata/apex/logs/apex_run_20260403_152414.log
2026-04-03 15:24:19 | INFO     | Built daily indicators: 1065 dates (20220103 → 20260401)
2026-04-03 15:24:19 | DEBUG    | [20220110] 2 trades, day P&L=$+42, equity=$100,042
2026-04-03 15:24:19 | DEBUG    | [20220118] 2 trades, day P&L=$+147, equity=$100,189
2026-04-03 15:24:19 | DEBUG    | [20220207] 2 trades, day P&L=$+252, equity=$100,441
2026-04-03 15:24:19 | DEBUG    | [20220222] 2 trades, day P&L=$+532, equity=$100,973
2026-04-03 15:24:19 | DEBUG    | [20220307] 2 trades, day P&L=$+287, equity=$101,260
2026-04-03 15:24:19 | DEBUG    | [20220314] 2 trades, day P&L=$+217, equity=$101,477
2026-04-03 15:24:19 | DEBUG    | [20220418] 1 trades, day P&L=$+21, equity=$101,498
2026-04-03 15:24:19 | DEBUG    | [20220426] 2 trades, day P&L=$+322, equity=$101,820
2026-04-03 15:24:19 | DEBUG    | [20220503] 1 trades, day P&L=$+91, equity=$101,911
2026-04-03 15:24:19 | DEBUG    | [20220509] 2 trades, day P&L=$+1092, equity=$103,003
2026-04-03 15:24:19 | DEBUG    | [20220517] 1 trades, day P&L=$+21, equity=$103,024
2026-04-03 15:24:19 | DEBUG    | [20220628] 1 trades, day P&L=$+21, equity=$103,045
2026-04-03 15:24:19 | DEBUG    | [20220705] 2 trades, day P&L=$+42, equity=$103,087
2026-04-03 15:24:19 | DEBUG    | [20220719] 1 trades, day P&L=$+21, equity=$103,108
2026-04-03 15:24:19 | DEBUG    | [20220913] 2 trades, day P&L=$+77, equity=$103,185
2026-04-03 15:24:19 | DEBUG    | [20220927] 2 trades, day P&L=$+182, equity=$103,367
2026-04-03 15:24:19 | DEBUG    | [20221003] 1 trades, day P&L=$+21, equity=$103,388
2026-04-03 15:24:19 | DEBUG    | [20221011] 1 trades, day P&L=$+21, equity=$103,409
2026-04-03 15:24:19 | DEBUG    | [20221115] 1 trades, day P&L=$+56, equity=$103,465
2026-04-03 15:24:19 | DEBUG    | [20221213] 1 trades, day P&L=$+21, equity=$103,486
2026-04-03 15:24:19 | DEBUG    | [20230313] 1 trades, day P&L=$+126, equity=$103,612
2026-04-03 15:24:20 | DEBUG    | [20240415] 1 trades, day P&L=$+21, equity=$103,633
2026-04-03 15:24:20 | DEBUG    | [20240416] 2 trades, day P&L=$+112, equity=$103,745
2026-04-03 15:24:20 | DEBUG    | [20240422] 1 trades, day P&L=$+21, equity=$103,766
2026-04-03 15:24:20 | DEBUG    | [20240715] 1 trades, day P&L=$+21, equity=$103,787
2026-04-03 15:24:20 | DEBUG    | [20240729] 1 trades, day P&L=$+21, equity=$103,808
2026-04-03 15:24:20 | DEBUG    | [20240730] 1 trades, day P&L=$+56, equity=$103,864
2026-04-03 15:24:20 | DEBUG    | [20240812] 2 trades, day P&L=$+217, equity=$104,081
2026-04-03 15:24:20 | DEBUG    | [20240813] 1 trades, day P&L=$+21, equity=$104,102
2026-04-03 15:24:20 | DEBUG    | [20240820] 1 trades, day P&L=$+21, equity=$104,123
2026-04-03 15:24:20 | DEBUG    | [20240903] 1 trades, day P&L=$+301, equity=$104,424
2026-04-03 15:24:20 | DEBUG    | [20240930] 1 trades, day P&L=$+336, equity=$104,760
2026-04-03 15:24:20 | DEBUG    | [20241001] 1 trades, day P&L=$+126, equity=$104,886
2026-04-03 15:24:20 | DEBUG    | [20241104] 1 trades, day P&L=$+21, equity=$104,907
2026-04-03 15:24:20 | DEBUG    | [20241230] 2 trades, day P&L=$+147, equity=$105,054
2026-04-03 15:24:20 | DEBUG    | [20241231] 1 trades, day P&L=$+336, equity=$105,390
2026-04-03 15:24:20 | DEBUG    | [20250107] 1 trades, day P&L=$+126, equity=$105,516
2026-04-03 15:24:20 | DEBUG    | [20250127] 1 trades, day P&L=$+21, equity=$105,537
2026-04-03 15:24:20 | DEBUG    | [20250203] 1 trades, day P&L=$+126, equity=$105,663
2026-04-03 15:24:20 | DEBUG    | [20250225] 1 trades, day P&L=$+126, equity=$105,789
2026-04-03 15:24:20 | DEBUG    | [20250310] 1 trades, day P&L=$+581, equity=$106,370
2026-04-03 15:24:20 | DEBUG    | [20250318] 1 trades, day P&L=$+21, equity=$106,391
2026-04-03 15:24:20 | DEBUG    | [20250401] 1 trades, day P&L=$+21, equity=$106,412
2026-04-03 15:24:20 | DEBUG    | [20250415] 2 trades, day P&L=$+77, equity=$106,489
2026-04-03 15:24:20 | DEBUG    | [20250421] 1 trades, day P&L=$+371, equity=$106,860
2026-04-03 15:24:20 | DEBUG    | [20250428] 2 trades, day P&L=$+147, equity=$107,007
2026-04-03 15:24:20 | DEBUG    | [20250505] 1 trades, day P&L=$+56, equity=$107,063
2026-04-03 15:24:20 | DEBUG    | [20250506] 1 trades, day P&L=$+91, equity=$107,154
2026-04-03 15:24:20 | DEBUG    | [20250512] 1 trades, day P&L=$+91, equity=$107,245
2026-04-03 15:24:20 | DEBUG    | [20250623] 1 trades, day P&L=$+21, equity=$107,266
2026-04-03 15:24:20 | DEBUG    | [20250630] 1 trades, day P&L=$+21, equity=$107,287
2026-04-03 15:24:20 | DEBUG    | [20250811] 1 trades, day P&L=$+21, equity=$107,308
2026-04-03 15:24:21 | DEBUG    | [20250930] 1 trades, day P&L=$+21, equity=$107,329
2026-04-03 15:24:21 | DEBUG    | [20251117] 1 trades, day P&L=$+91, equity=$107,420
2026-04-03 15:24:21 | DEBUG    | [20251118] 2 trades, day P&L=$+112, equity=$107,532
2026-04-03 15:24:21 | DEBUG    | [20260120] 1 trades, day P&L=$+21, equity=$107,553
2026-04-03 15:24:21 | DEBUG    | [20260302] 1 trades, day P&L=$+56, equity=$107,609
2026-04-03 15:24:21 | DEBUG    | [20260303] 1 trades, day P&L=$+91, equity=$107,700
2026-04-03 15:24:21 | DEBUG    | [20260309] 1 trades, day P&L=$+91, equity=$107,791
2026-04-03 15:24:21 | DEBUG    | [20260310] 2 trades, day P&L=$+112, equity=$107,903
2026-04-03 15:24:21 | DEBUG    | [20260324] 1 trades, day P&L=$+21, equity=$107,924
2026-04-03 15:24:21 | INFO     | ============================================================
2026-04-03 15:24:21 | INFO     | SKIP REASONS:
2026-04-03 15:24:21 | INFO     |   dow_filter          : 551
2026-04-03 15:24:21 | INFO     |   early_close         : 6
2026-04-03 15:24:21 | INFO     |   no_quotes           : 11
2026-04-03 15:24:21 | INFO     |   prior_return        : 147
2026-04-03 15:24:21 | INFO     |   TOTAL TRADES        : 79
2026-04-03 15:24:21 | INFO     | ============================================================
2026-04-03 15:24:21 | DEBUG    | [20220331] 2 trades, day P&L=$+497, equity=$100,497
2026-04-03 15:24:21 | DEBUG    | [20220616] 1 trades, day P&L=$+21, equity=$100,518
2026-04-03 15:24:21 | DEBUG    | [20220630] 2 trades, day P&L=$+182, equity=$100,700
2026-04-03 15:24:21 | DEBUG    | [20220915] 2 trades, day P&L=$+42, equity=$100,742
2026-04-03 15:24:21 | DEBUG    | [20221006] 1 trades, day P&L=$+21, equity=$100,763
2026-04-03 15:24:21 | DEBUG    | [20221013] 2 trades, day P&L=$+77, equity=$100,840
2026-04-03 15:24:22 | DEBUG    | [20240718] 1 trades, day P&L=$+21, equity=$100,861
2026-04-03 15:24:22 | DEBUG    | [20240808] 1 trades, day P&L=$+21, equity=$100,882
2026-04-03 15:24:22 | DEBUG    | [20240829] 1 trades, day P&L=$+21, equity=$100,903
2026-04-03 15:24:22 | DEBUG    | [20240905] 1 trades, day P&L=$+21, equity=$100,924
2026-04-03 15:24:22 | DEBUG    | [20240919] 2 trades, day P&L=$+42, equity=$100,966
2026-04-03 15:24:22 | DEBUG    | [20241031] 1 trades, day P&L=$+21, equity=$100,987
2026-04-03 15:24:22 | DEBUG    | [20250102] 1 trades, day P&L=$+21, equity=$101,008
2026-04-03 15:24:22 | DEBUG    | [20250130] 1 trades, day P&L=$+21, equity=$101,029
2026-04-03 15:24:22 | DEBUG    | [20250227] 1 trades, day P&L=$+21, equity=$101,050
2026-04-03 15:24:22 | DEBUG    | [20250306] 1 trades, day P&L=$+406, equity=$101,456
2026-04-03 15:24:22 | DEBUG    | [20250313] 1 trades, day P&L=$+56, equity=$101,512
2026-04-03 15:24:22 | DEBUG    | [20250327] 1 trades, day P&L=$+21, equity=$101,533
2026-04-03 15:24:22 | DEBUG    | [20250403] 1 trades, day P&L=$+441, equity=$101,974
2026-04-03 15:24:22 | DEBUG    | [20250501] 1 trades, day P&L=$+21, equity=$101,995
2026-04-03 15:24:22 | DEBUG    | [20250508] 2 trades, day P&L=$+322, equity=$102,317
2026-04-03 15:24:22 | DEBUG    | [20250529] 1 trades, day P&L=$+91, equity=$102,408
2026-04-03 15:24:22 | DEBUG    | [20250605] 1 trades, day P&L=$+91, equity=$102,499
2026-04-03 15:24:22 | DEBUG    | [20250731] 1 trades, day P&L=$+126, equity=$102,625
2026-04-03 15:24:22 | DEBUG    | [20251016] 1 trades, day P&L=$+161, equity=$102,786
2026-04-03 15:24:22 | DEBUG    | [20251106] 1 trades, day P&L=$+56, equity=$102,842
2026-04-03 15:24:22 | DEBUG    | [20251113] 1 trades, day P&L=$+91, equity=$102,933
2026-04-03 15:24:22 | DEBUG    | [20251120] 1 trades, day P&L=$+91, equity=$103,024
2026-04-03 15:24:22 | DEBUG    | [20251218] 1 trades, day P&L=$+21, equity=$103,045
2026-04-03 15:24:22 | DEBUG    | [20260205] 1 trades, day P&L=$+21, equity=$103,066
2026-04-03 15:24:22 | DEBUG    | [20260212] 1 trades, day P&L=$+21, equity=$103,087
2026-04-03 15:24:22 | INFO     | ============================================================
2026-04-03 15:24:22 | INFO     | SKIP REASONS:
2026-04-03 15:24:22 | INFO     |   dow_filter          : 724
2026-04-03 15:24:22 | INFO     |   early_close         : 6
2026-04-03 15:24:22 | INFO     |   no_quotes           : 10
2026-04-03 15:24:22 | INFO     |   oi_filter           : 58
2026-04-03 15:24:22 | INFO     |   prior_return        : 147
2026-04-03 15:24:22 | INFO     |   TOTAL TRADES        : 37
2026-04-03 15:24:22 | INFO     | ============================================================
2026-04-03 15:24:22 | DEBUG    | [20220107] 1 trades, day P&L=$+130, equity=$100,130
2026-04-03 15:24:22 | DEBUG    | [20220114] 2 trades, day P&L=$+260, equity=$100,390
2026-04-03 15:24:22 | DEBUG    | [20220121] 2 trades, day P&L=$+1110, equity=$101,500
2026-04-03 15:24:22 | DEBUG    | [20220128] 2 trades, day P&L=$+810, equity=$102,310
2026-04-03 15:24:22 | DEBUG    | [20220225] 2 trades, day P&L=$+560, equity=$102,870
2026-04-03 15:24:22 | DEBUG    | [20220304] 2 trades, day P&L=$+510, equity=$103,380
2026-04-03 15:24:22 | DEBUG    | [20220311] 2 trades, day P&L=$+410, equity=$103,790
2026-04-03 15:24:22 | DEBUG    | [20220318] 1 trades, day P&L=$+230, equity=$104,020
2026-04-03 15:24:22 | DEBUG    | [20220325] 1 trades, day P&L=$+80, equity=$104,100
2026-04-03 15:24:22 | DEBUG    | [20220408] 2 trades, day P&L=$+310, equity=$104,410
2026-04-03 15:24:22 | DEBUG    | [20220422] 2 trades, day P&L=$+1010, equity=$105,420
2026-04-03 15:24:22 | DEBUG    | [20220513] 2 trades, day P&L=$+660, equity=$106,080
2026-04-03 15:24:22 | DEBUG    | [20220520] 2 trades, day P&L=$+960, equity=$107,040
2026-04-03 15:24:22 | DEBUG    | [20220624] 1 trades, day P&L=$+30, equity=$107,070
2026-04-03 15:24:22 | DEBUG    | [20220715] 1 trades, day P&L=$+80, equity=$107,150
2026-04-03 15:24:22 | DEBUG    | [20220826] 1 trades, day P&L=$+30, equity=$107,180
2026-04-03 15:24:22 | DEBUG    | [20220902] 2 trades, day P&L=$+210, equity=$107,390
2026-04-03 15:24:22 | DEBUG    | [20220916] 2 trades, day P&L=$+210, equity=$107,600
2026-04-03 15:24:22 | DEBUG    | [20220923] 2 trades, day P&L=$+410, equity=$108,010
2026-04-03 15:24:22 | DEBUG    | [20221007] 2 trades, day P&L=$+510, equity=$108,520
2026-04-03 15:24:22 | DEBUG    | [20221104] 1 trades, day P&L=$+30, equity=$108,550
2026-04-03 15:24:22 | DEBUG    | [20221118] 1 trades, day P&L=$+30, equity=$108,580
2026-04-03 15:24:22 | DEBUG    | [20221209] 1 trades, day P&L=$+30, equity=$108,610
2026-04-03 15:24:22 | DEBUG    | [20230203] 2 trades, day P&L=$+60, equity=$108,670
2026-04-03 15:24:22 | DEBUG    | [20230324] 1 trades, day P&L=$+80, equity=$108,750
2026-04-03 15:24:22 | DEBUG    | [20230331] 2 trades, day P&L=$+110, equity=$108,860
2026-04-03 15:24:23 | DEBUG    | [20230707] 1 trades, day P&L=$+80, equity=$108,940
2026-04-03 15:24:23 | DEBUG    | [20230804] 1 trades, day P&L=$+80, equity=$109,020
2026-04-03 15:24:23 | DEBUG    | [20230825] 1 trades, day P&L=$+30, equity=$109,050
2026-04-03 15:24:23 | DEBUG    | [20230929] 1 trades, day P&L=$+80, equity=$109,130
2026-04-03 15:24:23 | DEBUG    | [20231229] 1 trades, day P&L=$+80, equity=$109,210
2026-04-03 15:24:23 | DEBUG    | [20240216] 1 trades, day P&L=$+80, equity=$109,290
2026-04-03 15:24:23 | DEBUG    | [20240308] 1 trades, day P&L=$+130, equity=$109,420
2026-04-03 15:24:23 | DEBUG    | [20240315] 1 trades, day P&L=$+80, equity=$109,500
2026-04-03 15:24:23 | DEBUG    | [20240405] 1 trades, day P&L=$+80, equity=$109,580
2026-04-03 15:24:23 | DEBUG    | [20240412] 1 trades, day P&L=$+30, equity=$109,610
2026-04-03 15:24:23 | DEBUG    | [20240419] 1 trades, day P&L=$+230, equity=$109,840
2026-04-03 15:24:23 | DEBUG    | [20240531] 1 trades, day P&L=$+80, equity=$109,920
2026-04-03 15:24:23 | DEBUG    | [20240607] 1 trades, day P&L=$+30, equity=$109,950
2026-04-03 15:24:23 | DEBUG    | [20240621] 1 trades, day P&L=$+30, equity=$109,980
2026-04-03 15:24:23 | DEBUG    | [20240628] 1 trades, day P&L=$+580, equity=$110,560
2026-04-03 15:24:23 | DEBUG    | [20240712] 1 trades, day P&L=$+80, equity=$110,640
2026-04-03 15:24:23 | DEBUG    | [20240719] 1 trades, day P&L=$+80, equity=$110,720
2026-04-03 15:24:23 | DEBUG    | [20240726] 2 trades, day P&L=$+660, equity=$111,380
2026-04-03 15:24:23 | DEBUG    | [20240802] 1 trades, day P&L=$+830, equity=$112,210
2026-04-03 15:24:23 | DEBUG    | [20240823] 1 trades, day P&L=$+30, equity=$112,240
2026-04-03 15:24:23 | DEBUG    | [20240830] 1 trades, day P&L=$+380, equity=$112,620
2026-04-03 15:24:23 | DEBUG    | [20240906] 1 trades, day P&L=$+580, equity=$113,200
2026-04-03 15:24:23 | DEBUG    | [20240913] 1 trades, day P&L=$+30, equity=$113,230
2026-04-03 15:24:23 | DEBUG    | [20241004] 1 trades, day P&L=$+30, equity=$113,260
2026-04-03 15:24:23 | DEBUG    | [20241025] 1 trades, day P&L=$+30, equity=$113,290
2026-04-03 15:24:23 | DEBUG    | [20241115] 1 trades, day P&L=$+30, equity=$113,320
2026-04-03 15:24:23 | DEBUG    | [20241220] 1 trades, day P&L=$+430, equity=$113,750
2026-04-03 15:24:23 | DEBUG    | [20241227] 1 trades, day P&L=$+80, equity=$113,830
2026-04-03 15:24:23 | DEBUG    | [20250110] 1 trades, day P&L=$+230, equity=$114,060
2026-04-03 15:24:23 | DEBUG    | [20250124] 1 trades, day P&L=$+80, equity=$114,140
2026-04-03 15:24:23 | DEBUG    | [20250131] 1 trades, day P&L=$+480, equity=$114,620
2026-04-03 15:24:23 | DEBUG    | [20250207] 1 trades, day P&L=$+30, equity=$114,650
2026-04-03 15:24:23 | DEBUG    | [20250221] 1 trades, day P&L=$+30, equity=$114,680
2026-04-03 15:24:23 | DEBUG    | [20250314] 1 trades, day P&L=$+180, equity=$114,860
2026-04-03 15:24:23 | DEBUG    | [20250321] 1 trades, day P&L=$+230, equity=$115,090
2026-04-03 15:24:23 | DEBUG    | [20250328] 1 trades, day P&L=$+380, equity=$115,470
2026-04-03 15:24:23 | DEBUG    | [20250502] 1 trades, day P&L=$+180, equity=$115,650
2026-04-03 15:24:23 | DEBUG    | [20250509] 2 trades, day P&L=$+110, equity=$115,760
2026-04-03 15:24:23 | DEBUG    | [20250516] 1 trades, day P&L=$+30, equity=$115,790
2026-04-03 15:24:23 | DEBUG    | [20250523] 1 trades, day P&L=$+230, equity=$116,020
2026-04-03 15:24:23 | DEBUG    | [20250530] 2 trades, day P&L=$+1810, equity=$117,830
2026-04-03 15:24:23 | DEBUG    | [20250613] 1 trades, day P&L=$+80, equity=$117,910
2026-04-03 15:24:23 | DEBUG    | [20250620] 1 trades, day P&L=$+30, equity=$117,940
2026-04-03 15:24:23 | DEBUG    | [20250711] 1 trades, day P&L=$+30, equity=$117,970
2026-04-03 15:24:23 | DEBUG    | [20250801] 1 trades, day P&L=$+330, equity=$118,300
2026-04-03 15:24:23 | DEBUG    | [20250815] 1 trades, day P&L=$+30, equity=$118,330
2026-04-03 15:24:23 | DEBUG    | [20250829] 1 trades, day P&L=$+80, equity=$118,410
2026-04-03 15:24:23 | DEBUG    | [20250905] 1 trades, day P&L=$+80, equity=$118,490
2026-04-03 15:24:23 | DEBUG    | [20251010] 1 trades, day P&L=$+980, equity=$119,470
2026-04-03 15:24:23 | DEBUG    | [20251031] 1 trades, day P&L=$+280, equity=$119,750
2026-04-03 15:24:23 | DEBUG    | [20251107] 1 trades, day P&L=$+30, equity=$119,780
2026-04-03 15:24:23 | DEBUG    | [20260102] 1 trades, day P&L=$+30, equity=$119,810
2026-04-03 15:24:23 | DEBUG    | [20260130] 2 trades, day P&L=$+360, equity=$120,170
2026-04-03 15:24:23 | DEBUG    | [20260206] 1 trades, day P&L=$+130, equity=$120,300
2026-04-03 15:24:23 | DEBUG    | [20260227] 1 trades, day P&L=$+130, equity=$120,430
2026-04-03 15:24:23 | DEBUG    | [20260306] 1 trades, day P&L=$+30, equity=$120,460
2026-04-03 15:24:23 | DEBUG    | [20260320] 1 trades, day P&L=$+130, equity=$120,590
2026-04-03 15:24:23 | INFO     | ============================================================
2026-04-03 15:24:23 | INFO     | SKIP REASONS:
2026-04-03 15:24:23 | INFO     |   dow_filter          : 729
2026-04-03 15:24:23 | INFO     |   early_close         : 6
2026-04-03 15:24:23 | INFO     |   prior_return        : 147
2026-04-03 15:24:23 | INFO     |   TOTAL TRADES        : 103
2026-04-03 15:24:23 | INFO     | ============================================================
2026-04-03 15:24:23 | INFO     | [ITER 313] optimized_mega → FINAL | P&L=$31,601, Sharpe=11.22, DD=$0
2026-04-03 15:24:23 | DEBUG    | [20220110] 2 trades, day P&L=$+42, equity=$100,042
2026-04-03 15:24:23 | DEBUG    | [20220118] 2 trades, day P&L=$+147, equity=$100,189
2026-04-03 15:24:23 | DEBUG    | [20220207] 2 trades, day P&L=$+252, equity=$100,441
2026-04-03 15:24:23 | DEBUG    | [20220222] 2 trades, day P&L=$+532, equity=$100,973
2026-04-03 15:24:23 | DEBUG    | [20220307] 2 trades, day P&L=$+287, equity=$101,260
2026-04-03 15:24:23 | DEBUG    | [20220314] 2 trades, day P&L=$+217, equity=$101,477
2026-04-03 15:24:23 | DEBUG    | [20220418] 1 trades, day P&L=$+21, equity=$101,498
2026-04-03 15:24:23 | DEBUG    | [20220426] 2 trades, day P&L=$+322, equity=$101,820
2026-04-03 15:24:23 | DEBUG    | [20220503] 1 trades, day P&L=$+91, equity=$101,911
2026-04-03 15:24:23 | DEBUG    | [20220509] 2 trades, day P&L=$+1092, equity=$103,003
2026-04-03 15:24:23 | DEBUG    | [20220517] 1 trades, day P&L=$+21, equity=$103,024
2026-04-03 15:24:23 | DEBUG    | [20220628] 1 trades, day P&L=$+21, equity=$103,045
2026-04-03 15:24:23 | DEBUG    | [20220705] 2 trades, day P&L=$+42, equity=$103,087
2026-04-03 15:24:23 | DEBUG    | [20220719] 1 trades, day P&L=$+21, equity=$103,108
2026-04-03 15:24:24 | DEBUG    | [20220913] 2 trades, day P&L=$+77, equity=$103,185
2026-04-03 15:24:24 | DEBUG    | [20220927] 2 trades, day P&L=$+182, equity=$103,367
2026-04-03 15:24:24 | DEBUG    | [20221003] 1 trades, day P&L=$+21, equity=$103,388
2026-04-03 15:24:24 | DEBUG    | [20221011] 1 trades, day P&L=$+21, equity=$103,409
2026-04-03 15:24:24 | DEBUG    | [20221115] 1 trades, day P&L=$+56, equity=$103,465
2026-04-03 15:24:24 | DEBUG    | [20221213] 1 trades, day P&L=$+21, equity=$103,486
2026-04-03 15:24:24 | DEBUG    | [20230313] 1 trades, day P&L=$+126, equity=$103,612
2026-04-03 15:24:24 | DEBUG    | [20240415] 1 trades, day P&L=$+21, equity=$103,633
2026-04-03 15:24:24 | DEBUG    | [20240416] 2 trades, day P&L=$+112, equity=$103,745
2026-04-03 15:24:24 | DEBUG    | [20240422] 1 trades, day P&L=$+21, equity=$103,766
2026-04-03 15:24:25 | DEBUG    | [20240715] 1 trades, day P&L=$+21, equity=$103,787
2026-04-03 15:24:25 | DEBUG    | [20240729] 1 trades, day P&L=$+21, equity=$103,808
2026-04-03 15:24:25 | DEBUG    | [20240730] 1 trades, day P&L=$+56, equity=$103,864
2026-04-03 15:24:25 | DEBUG    | [20240812] 2 trades, day P&L=$+217, equity=$104,081
2026-04-03 15:24:25 | DEBUG    | [20240813] 1 trades, day P&L=$+21, equity=$104,102
2026-04-03 15:24:25 | DEBUG    | [20240820] 1 trades, day P&L=$+21, equity=$104,123
2026-04-03 15:24:25 | DEBUG    | [20240903] 1 trades, day P&L=$+301, equity=$104,424
2026-04-03 15:24:25 | DEBUG    | [20240930] 1 trades, day P&L=$+336, equity=$104,760
2026-04-03 15:24:25 | DEBUG    | [20241001] 1 trades, day P&L=$+126, equity=$104,886
2026-04-03 15:24:25 | DEBUG    | [20241104] 1 trades, day P&L=$+21, equity=$104,907
2026-04-03 15:24:25 | DEBUG    | [20241230] 2 trades, day P&L=$+147, equity=$105,054
2026-04-03 15:24:25 | DEBUG    | [20241231] 1 trades, day P&L=$+336, equity=$105,390
2026-04-03 15:24:25 | INFO     | ============================================================
2026-04-03 15:24:25 | INFO     | SKIP REASONS:
2026-04-03 15:24:25 | INFO     |   dow_filter          : 386
2026-04-03 15:24:25 | INFO     |   early_close         : 4
2026-04-03 15:24:25 | INFO     |   no_quotes           : 11
2026-04-03 15:24:25 | INFO     |   prior_return        : 109
2026-04-03 15:24:25 | INFO     |   TOTAL TRADES        : 50
2026-04-03 15:24:25 | INFO     | ============================================================
2026-04-03 15:24:25 | DEBUG    | [20220331] 2 trades, day P&L=$+497, equity=$100,497
2026-04-03 15:24:25 | DEBUG    | [20220616] 1 trades, day P&L=$+21, equity=$100,518
2026-04-03 15:24:25 | DEBUG    | [20220630] 2 trades, day P&L=$+182, equity=$100,700
2026-04-03 15:24:25 | DEBUG    | [20220915] 2 trades, day P&L=$+42, equity=$100,742
2026-04-03 15:24:25 | DEBUG    | [20221006] 1 trades, day P&L=$+21, equity=$100,763
2026-04-03 15:24:25 | DEBUG    | [20221013] 2 trades, day P&L=$+77, equity=$100,840
2026-04-03 15:24:25 | DEBUG    | [20240718] 1 trades, day P&L=$+21, equity=$100,861
2026-04-03 15:24:25 | DEBUG    | [20240808] 1 trades, day P&L=$+21, equity=$100,882
2026-04-03 15:24:25 | DEBUG    | [20240829] 1 trades, day P&L=$+21, equity=$100,903
2026-04-03 15:24:25 | DEBUG    | [20240905] 1 trades, day P&L=$+21, equity=$100,924
2026-04-03 15:24:25 | DEBUG    | [20240919] 2 trades, day P&L=$+42, equity=$100,966
2026-04-03 15:24:26 | DEBUG    | [20241031] 1 trades, day P&L=$+21, equity=$100,987
2026-04-03 15:24:26 | INFO     | ============================================================
2026-04-03 15:24:26 | INFO     | SKIP REASONS:
2026-04-03 15:24:26 | INFO     |   dow_filter          : 511
2026-04-03 15:24:26 | INFO     |   early_close         : 4
2026-04-03 15:24:26 | INFO     |   no_quotes           : 10
2026-04-03 15:24:26 | INFO     |   oi_filter           : 29
2026-04-03 15:24:26 | INFO     |   prior_return        : 109
2026-04-03 15:24:26 | INFO     |   TOTAL TRADES        : 17
2026-04-03 15:24:26 | INFO     | ============================================================
2026-04-03 15:24:26 | DEBUG    | [20220107] 1 trades, day P&L=$+130, equity=$100,130
2026-04-03 15:24:26 | DEBUG    | [20220114] 2 trades, day P&L=$+260, equity=$100,390
2026-04-03 15:24:26 | DEBUG    | [20220121] 2 trades, day P&L=$+1110, equity=$101,500
2026-04-03 15:24:26 | DEBUG    | [20220128] 2 trades, day P&L=$+810, equity=$102,310
2026-04-03 15:24:26 | DEBUG    | [20220225] 2 trades, day P&L=$+560, equity=$102,870
2026-04-03 15:24:26 | DEBUG    | [20220304] 2 trades, day P&L=$+510, equity=$103,380
2026-04-03 15:24:26 | DEBUG    | [20220311] 2 trades, day P&L=$+410, equity=$103,790
2026-04-03 15:24:26 | DEBUG    | [20220318] 1 trades, day P&L=$+230, equity=$104,020
2026-04-03 15:24:26 | DEBUG    | [20220325] 1 trades, day P&L=$+80, equity=$104,100
2026-04-03 15:24:26 | DEBUG    | [20220408] 2 trades, day P&L=$+310, equity=$104,410
2026-04-03 15:24:26 | DEBUG    | [20220422] 2 trades, day P&L=$+1010, equity=$105,420
2026-04-03 15:24:26 | DEBUG    | [20220513] 2 trades, day P&L=$+660, equity=$106,080
2026-04-03 15:24:26 | DEBUG    | [20220520] 2 trades, day P&L=$+960, equity=$107,040
2026-04-03 15:24:26 | DEBUG    | [20220624] 1 trades, day P&L=$+30, equity=$107,070
2026-04-03 15:24:26 | DEBUG    | [20220715] 1 trades, day P&L=$+80, equity=$107,150
2026-04-03 15:24:26 | DEBUG    | [20220826] 1 trades, day P&L=$+30, equity=$107,180
2026-04-03 15:24:26 | DEBUG    | [20220902] 2 trades, day P&L=$+210, equity=$107,390
2026-04-03 15:24:26 | DEBUG    | [20220916] 2 trades, day P&L=$+210, equity=$107,600
2026-04-03 15:24:26 | DEBUG    | [20220923] 2 trades, day P&L=$+410, equity=$108,010
2026-04-03 15:24:26 | DEBUG    | [20221007] 2 trades, day P&L=$+510, equity=$108,520
2026-04-03 15:24:26 | DEBUG    | [20221104] 1 trades, day P&L=$+30, equity=$108,550
2026-04-03 15:24:26 | DEBUG    | [20221118] 1 trades, day P&L=$+30, equity=$108,580
2026-04-03 15:24:26 | DEBUG    | [20221209] 1 trades, day P&L=$+30, equity=$108,610
2026-04-03 15:24:26 | DEBUG    | [20230203] 2 trades, day P&L=$+60, equity=$108,670
2026-04-03 15:24:26 | DEBUG    | [20230324] 1 trades, day P&L=$+80, equity=$108,750
2026-04-03 15:24:26 | DEBUG    | [20230331] 2 trades, day P&L=$+110, equity=$108,860
2026-04-03 15:24:26 | DEBUG    | [20230707] 1 trades, day P&L=$+80, equity=$108,940
2026-04-03 15:24:26 | DEBUG    | [20230804] 1 trades, day P&L=$+80, equity=$109,020
2026-04-03 15:24:26 | DEBUG    | [20230825] 1 trades, day P&L=$+30, equity=$109,050
2026-04-03 15:24:26 | DEBUG    | [20230929] 1 trades, day P&L=$+80, equity=$109,130
2026-04-03 15:24:26 | DEBUG    | [20231229] 1 trades, day P&L=$+80, equity=$109,210
2026-04-03 15:24:26 | DEBUG    | [20240216] 1 trades, day P&L=$+80, equity=$109,290
2026-04-03 15:24:26 | DEBUG    | [20240308] 1 trades, day P&L=$+130, equity=$109,420
2026-04-03 15:24:26 | DEBUG    | [20240315] 1 trades, day P&L=$+80, equity=$109,500
2026-04-03 15:24:26 | DEBUG    | [20240405] 1 trades, day P&L=$+80, equity=$109,580
2026-04-03 15:24:26 | DEBUG    | [20240412] 1 trades, day P&L=$+30, equity=$109,610
2026-04-03 15:24:26 | DEBUG    | [20240419] 1 trades, day P&L=$+230, equity=$109,840
2026-04-03 15:24:26 | DEBUG    | [20240531] 1 trades, day P&L=$+80, equity=$109,920
2026-04-03 15:24:26 | DEBUG    | [20240607] 1 trades, day P&L=$+30, equity=$109,950
2026-04-03 15:24:26 | DEBUG    | [20240621] 1 trades, day P&L=$+30, equity=$109,980
2026-04-03 15:24:26 | DEBUG    | [20240628] 1 trades, day P&L=$+580, equity=$110,560
2026-04-03 15:24:26 | DEBUG    | [20240712] 1 trades, day P&L=$+80, equity=$110,640
2026-04-03 15:24:26 | DEBUG    | [20240719] 1 trades, day P&L=$+80, equity=$110,720
2026-04-03 15:24:26 | DEBUG    | [20240726] 2 trades, day P&L=$+660, equity=$111,380
2026-04-03 15:24:26 | DEBUG    | [20240802] 1 trades, day P&L=$+830, equity=$112,210
2026-04-03 15:24:26 | DEBUG    | [20240823] 1 trades, day P&L=$+30, equity=$112,240
2026-04-03 15:24:26 | DEBUG    | [20240830] 1 trades, day P&L=$+380, equity=$112,620
2026-04-03 15:24:26 | DEBUG    | [20240906] 1 trades, day P&L=$+580, equity=$113,200
2026-04-03 15:24:26 | DEBUG    | [20240913] 1 trades, day P&L=$+30, equity=$113,230
2026-04-03 15:24:26 | DEBUG    | [20241004] 1 trades, day P&L=$+30, equity=$113,260
2026-04-03 15:24:26 | DEBUG    | [20241025] 1 trades, day P&L=$+30, equity=$113,290
2026-04-03 15:24:26 | DEBUG    | [20241115] 1 trades, day P&L=$+30, equity=$113,320
2026-04-03 15:24:26 | DEBUG    | [20241220] 1 trades, day P&L=$+430, equity=$113,750
2026-04-03 15:24:26 | DEBUG    | [20241227] 1 trades, day P&L=$+80, equity=$113,830
2026-04-03 15:24:26 | INFO     | ============================================================
2026-04-03 15:24:26 | INFO     | SKIP REASONS:
2026-04-03 15:24:26 | INFO     |   dow_filter          : 514
2026-04-03 15:24:26 | INFO     |   early_close         : 4
2026-04-03 15:24:26 | INFO     |   prior_return        : 109
2026-04-03 15:24:26 | INFO     |   TOTAL TRADES        : 71
2026-04-03 15:24:26 | INFO     | ============================================================
2026-04-03 15:24:26 | DEBUG    | [20250107] 1 trades, day P&L=$+126, equity=$100,126
2026-04-03 15:24:26 | DEBUG    | [20250127] 1 trades, day P&L=$+21, equity=$100,147
2026-04-03 15:24:26 | DEBUG    | [20250203] 1 trades, day P&L=$+126, equity=$100,273
2026-04-03 15:24:26 | DEBUG    | [20250225] 1 trades, day P&L=$+126, equity=$100,399
2026-04-03 15:24:26 | DEBUG    | [20250310] 1 trades, day P&L=$+581, equity=$100,980
2026-04-03 15:24:26 | DEBUG    | [20250318] 1 trades, day P&L=$+21, equity=$101,001
2026-04-03 15:24:26 | DEBUG    | [20250401] 1 trades, day P&L=$+21, equity=$101,022
2026-04-03 15:24:26 | DEBUG    | [20250415] 2 trades, day P&L=$+77, equity=$101,099
2026-04-03 15:24:26 | DEBUG    | [20250421] 1 trades, day P&L=$+371, equity=$101,470
2026-04-03 15:24:26 | DEBUG    | [20250428] 2 trades, day P&L=$+147, equity=$101,617
2026-04-03 15:24:26 | DEBUG    | [20250505] 1 trades, day P&L=$+56, equity=$101,673
2026-04-03 15:24:26 | DEBUG    | [20250506] 1 trades, day P&L=$+91, equity=$101,764
2026-04-03 15:24:26 | DEBUG    | [20250512] 1 trades, day P&L=$+91, equity=$101,855
2026-04-03 15:24:27 | DEBUG    | [20250623] 1 trades, day P&L=$+21, equity=$101,876
2026-04-03 15:24:27 | DEBUG    | [20250630] 1 trades, day P&L=$+21, equity=$101,897
2026-04-03 15:24:27 | DEBUG    | [20250811] 1 trades, day P&L=$+21, equity=$101,918
2026-04-03 15:24:27 | DEBUG    | [20250930] 1 trades, day P&L=$+21, equity=$101,939
2026-04-03 15:24:27 | DEBUG    | [20251117] 1 trades, day P&L=$+91, equity=$102,030
2026-04-03 15:24:27 | DEBUG    | [20251118] 2 trades, day P&L=$+112, equity=$102,142
2026-04-03 15:24:27 | DEBUG    | [20260120] 1 trades, day P&L=$+21, equity=$102,163
2026-04-03 15:24:27 | DEBUG    | [20260302] 1 trades, day P&L=$+56, equity=$102,219
2026-04-03 15:24:27 | DEBUG    | [20260303] 1 trades, day P&L=$+91, equity=$102,310
2026-04-03 15:24:27 | DEBUG    | [20260309] 1 trades, day P&L=$+91, equity=$102,401
2026-04-03 15:24:27 | DEBUG    | [20260310] 2 trades, day P&L=$+112, equity=$102,513
2026-04-03 15:24:27 | DEBUG    | [20260324] 1 trades, day P&L=$+21, equity=$102,534
2026-04-03 15:24:27 | INFO     | ============================================================
2026-04-03 15:24:27 | INFO     | SKIP REASONS:
2026-04-03 15:24:27 | INFO     |   dow_filter          : 165
2026-04-03 15:24:27 | INFO     |   early_close         : 2
2026-04-03 15:24:27 | INFO     |   prior_return        : 38
2026-04-03 15:24:27 | INFO     |   TOTAL TRADES        : 29
2026-04-03 15:24:27 | INFO     | ============================================================
2026-04-03 15:24:27 | DEBUG    | [20250102] 1 trades, day P&L=$+21, equity=$100,021
2026-04-03 15:24:27 | DEBUG    | [20250130] 1 trades, day P&L=$+21, equity=$100,042
2026-04-03 15:24:27 | DEBUG    | [20250227] 1 trades, day P&L=$+21, equity=$100,063
2026-04-03 15:24:27 | DEBUG    | [20250306] 1 trades, day P&L=$+406, equity=$100,469
2026-04-03 15:24:27 | DEBUG    | [20250313] 1 trades, day P&L=$+56, equity=$100,525
2026-04-03 15:24:27 | DEBUG    | [20250327] 1 trades, day P&L=$+21, equity=$100,546
2026-04-03 15:24:27 | DEBUG    | [20250403] 1 trades, day P&L=$+441, equity=$100,987
2026-04-03 15:24:27 | DEBUG    | [20250501] 1 trades, day P&L=$+21, equity=$101,008
2026-04-03 15:24:27 | DEBUG    | [20250508] 2 trades, day P&L=$+322, equity=$101,330
2026-04-03 15:24:27 | DEBUG    | [20250529] 1 trades, day P&L=$+91, equity=$101,421
2026-04-03 15:24:27 | DEBUG    | [20250605] 1 trades, day P&L=$+91, equity=$101,512
2026-04-03 15:24:27 | DEBUG    | [20250731] 1 trades, day P&L=$+126, equity=$101,638
2026-04-03 15:24:27 | DEBUG    | [20251016] 1 trades, day P&L=$+161, equity=$101,799
2026-04-03 15:24:27 | DEBUG    | [20251106] 1 trades, day P&L=$+56, equity=$101,855
2026-04-03 15:24:27 | DEBUG    | [20251113] 1 trades, day P&L=$+91, equity=$101,946
2026-04-03 15:24:27 | DEBUG    | [20251120] 1 trades, day P&L=$+91, equity=$102,037
2026-04-03 15:24:27 | DEBUG    | [20251218] 1 trades, day P&L=$+21, equity=$102,058
2026-04-03 15:24:27 | DEBUG    | [20260205] 1 trades, day P&L=$+21, equity=$102,079
2026-04-03 15:24:27 | DEBUG    | [20260212] 1 trades, day P&L=$+21, equity=$102,100
2026-04-03 15:24:27 | INFO     | ============================================================
2026-04-03 15:24:27 | INFO     | SKIP REASONS:
2026-04-03 15:24:27 | INFO     |   dow_filter          : 213
2026-04-03 15:24:27 | INFO     |   early_close         : 2
2026-04-03 15:24:27 | INFO     |   oi_filter           : 29
2026-04-03 15:24:27 | INFO     |   prior_return        : 38
2026-04-03 15:24:27 | INFO     |   TOTAL TRADES        : 20
2026-04-03 15:24:27 | INFO     | ============================================================
2026-04-03 15:24:27 | DEBUG    | [20250110] 1 trades, day P&L=$+230, equity=$100,230
2026-04-03 15:24:27 | DEBUG    | [20250124] 1 trades, day P&L=$+80, equity=$100,310
2026-04-03 15:24:27 | DEBUG    | [20250131] 1 trades, day P&L=$+480, equity=$100,790
2026-04-03 15:24:27 | DEBUG    | [20250207] 1 trades, day P&L=$+30, equity=$100,820
2026-04-03 15:24:27 | DEBUG    | [20250221] 1 trades, day P&L=$+30, equity=$100,850
2026-04-03 15:24:27 | DEBUG    | [20250314] 1 trades, day P&L=$+180, equity=$101,030
2026-04-03 15:24:27 | DEBUG    | [20250321] 1 trades, day P&L=$+230, equity=$101,260
2026-04-03 15:24:27 | DEBUG    | [20250328] 1 trades, day P&L=$+380, equity=$101,640
2026-04-03 15:24:27 | DEBUG    | [20250502] 1 trades, day P&L=$+180, equity=$101,820
2026-04-03 15:24:27 | DEBUG    | [20250509] 2 trades, day P&L=$+110, equity=$101,930
2026-04-03 15:24:27 | DEBUG    | [20250516] 1 trades, day P&L=$+30, equity=$101,960
2026-04-03 15:24:27 | DEBUG    | [20250523] 1 trades, day P&L=$+230, equity=$102,190
2026-04-03 15:24:27 | DEBUG    | [20250530] 2 trades, day P&L=$+1810, equity=$104,000
2026-04-03 15:24:27 | DEBUG    | [20250613] 1 trades, day P&L=$+80, equity=$104,080
2026-04-03 15:24:27 | DEBUG    | [20250620] 1 trades, day P&L=$+30, equity=$104,110
2026-04-03 15:24:27 | DEBUG    | [20250711] 1 trades, day P&L=$+30, equity=$104,140
2026-04-03 15:24:27 | DEBUG    | [20250801] 1 trades, day P&L=$+330, equity=$104,470
2026-04-03 15:24:27 | DEBUG    | [20250815] 1 trades, day P&L=$+30, equity=$104,500
2026-04-03 15:24:27 | DEBUG    | [20250829] 1 trades, day P&L=$+80, equity=$104,580
2026-04-03 15:24:27 | DEBUG    | [20250905] 1 trades, day P&L=$+80, equity=$104,660
2026-04-03 15:24:27 | DEBUG    | [20251010] 1 trades, day P&L=$+980, equity=$105,640
2026-04-03 15:24:27 | DEBUG    | [20251031] 1 trades, day P&L=$+280, equity=$105,920
2026-04-03 15:24:27 | DEBUG    | [20251107] 1 trades, day P&L=$+30, equity=$105,950
2026-04-03 15:24:27 | DEBUG    | [20260102] 1 trades, day P&L=$+30, equity=$105,980
2026-04-03 15:24:27 | DEBUG    | [20260130] 2 trades, day P&L=$+360, equity=$106,340
2026-04-03 15:24:27 | DEBUG    | [20260206] 1 trades, day P&L=$+130, equity=$106,470
2026-04-03 15:24:27 | DEBUG    | [20260227] 1 trades, day P&L=$+130, equity=$106,600
2026-04-03 15:24:27 | DEBUG    | [20260306] 1 trades, day P&L=$+30, equity=$106,630
2026-04-03 15:24:28 | DEBUG    | [20260320] 1 trades, day P&L=$+130, equity=$106,760
2026-04-03 15:24:28 | INFO     | ============================================================
2026-04-03 15:24:28 | INFO     | SKIP REASONS:
2026-04-03 15:24:28 | INFO     |   dow_filter          : 215
2026-04-03 15:24:28 | INFO     |   early_close         : 2
2026-04-03 15:24:28 | INFO     |   prior_return        : 38
2026-04-03 15:24:28 | INFO     |   TOTAL TRADES        : 32
2026-04-03 15:24:28 | INFO     | ============================================================
