2026-04-04 13:10:29 | INFO     | Log file: /Users/jeerapongwongchote/Documents/thetadata/apex/logs/apex_run_20260404_131029.log
2026-04-04 13:10:29 | INFO     | Building daily indicators...
2026-04-04 13:10:34 | INFO     |   SQZ GEX loaded: 3748 dates
2026-04-04 13:10:34 | INFO     | Built daily indicators: 1066 dates (20220103 → 20260402)
2026-04-04 13:10:34 | DEBUG    | [20220114] 1 trades, day P&L=$+120, equity=$100,120
2026-04-04 13:10:34 | DEBUG    | [20220118] 2 trades, day P&L=$+240, equity=$100,360
2026-04-04 13:10:34 | DEBUG    | [20221115] 1 trades, day P&L=$+120, equity=$100,480
2026-04-04 13:10:34 | DEBUG    | [20230203] 2 trades, day P&L=$+90, equity=$100,570
2026-04-04 13:10:35 | DEBUG    | [20231229] 1 trades, day P&L=$+45, equity=$100,615
2026-04-04 13:10:35 | DEBUG    | [20240216] 1 trades, day P&L=$+45, equity=$100,660
2026-04-04 13:10:35 | DEBUG    | [20240415] 1 trades, day P&L=$+45, equity=$100,705
2026-04-04 13:10:35 | DEBUG    | [20240531] 1 trades, day P&L=$+120, equity=$100,825
2026-04-04 13:10:35 | DEBUG    | [20240607] 1 trades, day P&L=$+45, equity=$100,870
2026-04-04 13:10:35 | DEBUG    | [20240628] 2 trades, day P&L=$+465, equity=$101,335
2026-04-04 13:10:35 | DEBUG    | [20240712] 2 trades, day P&L=$+240, equity=$101,575
2026-04-04 13:10:35 | DEBUG    | [20240715] 1 trades, day P&L=$+45, equity=$101,620
2026-04-04 13:10:35 | DEBUG    | [20240716] 1 trades, day P&L=$+45, equity=$101,665
2026-04-04 13:10:35 | DEBUG    | [20240719] 1 trades, day P&L=$+195, equity=$101,860
2026-04-04 13:10:35 | DEBUG    | [20240722] 1 trades, day P&L=$+45, equity=$101,905
2026-04-04 13:10:35 | DEBUG    | [20240730] 2 trades, day P&L=$+165, equity=$102,070
2026-04-04 13:10:35 | DEBUG    | [20240820] 1 trades, day P&L=$+45, equity=$102,115
2026-04-04 13:10:35 | DEBUG    | [20240823] 1 trades, day P&L=$+45, equity=$102,160
2026-04-04 13:10:35 | DEBUG    | [20240830] 2 trades, day P&L=$+465, equity=$102,625
2026-04-04 13:10:36 | DEBUG    | [20240913] 2 trades, day P&L=$+90, equity=$102,715
2026-04-04 13:10:36 | DEBUG    | [20240930] 2 trades, day P&L=$+840, equity=$103,555
2026-04-04 13:10:36 | DEBUG    | [20241001] 2 trades, day P&L=$+465, equity=$104,020
2026-04-04 13:10:36 | DEBUG    | [20241115] 1 trades, day P&L=$+45, equity=$104,065
2026-04-04 13:10:36 | DEBUG    | [20241230] 2 trades, day P&L=$+315, equity=$104,380
2026-04-04 13:10:36 | DEBUG    | [20241231] 2 trades, day P&L=$+990, equity=$105,370
2026-04-04 13:10:36 | DEBUG    | [20250107] 2 trades, day P&L=$+315, equity=$105,685
2026-04-04 13:10:36 | DEBUG    | [20250127] 2 trades, day P&L=$+165, equity=$105,850
2026-04-04 13:10:36 | DEBUG    | [20250131] 2 trades, day P&L=$+990, equity=$106,840
2026-04-04 13:10:36 | DEBUG    | [20250203] 2 trades, day P&L=$+315, equity=$107,155
2026-04-04 13:10:36 | DEBUG    | [20250207] 1 trades, day P&L=$+45, equity=$107,200
2026-04-04 13:10:36 | DEBUG    | [20250221] 2 trades, day P&L=$+90, equity=$107,290
2026-04-04 13:10:36 | DEBUG    | [20250512] 1 trades, day P&L=$+195, equity=$107,485
2026-04-04 13:10:36 | DEBUG    | [20250516] 1 trades, day P&L=$+45, equity=$107,530
2026-04-04 13:10:36 | DEBUG    | [20250530] 2 trades, day P&L=$+1365, equity=$108,895
2026-04-04 13:10:36 | DEBUG    | [20250630] 2 trades, day P&L=$+90, equity=$108,985
2026-04-04 13:10:36 | DEBUG    | [20250811] 2 trades, day P&L=$+90, equity=$109,075
2026-04-04 13:10:36 | DEBUG    | [20250826] 1 trades, day P&L=$+120, equity=$109,195
2026-04-04 13:10:37 | DEBUG    | [20250930] 2 trades, day P&L=$+165, equity=$109,360
2026-04-04 13:10:37 | INFO     | ============================================================
2026-04-04 13:10:37 | INFO     | SKIP REASONS:
2026-04-04 13:10:37 | INFO     |   dow_filter          : 233
2026-04-04 13:10:37 | INFO     |   early_close         : 6
2026-04-04 13:10:37 | INFO     |   gex_filter          : 336
2026-04-04 13:10:37 | INFO     |   no_quotes           : 4
2026-04-04 13:10:37 | INFO     |   prior_return        : 147
2026-04-04 13:10:37 | INFO     |   safety_ratio        : 53
2026-04-04 13:10:37 | INFO     |   TOTAL TRADES        : 58
2026-04-04 13:10:37 | INFO     | ============================================================
2026-04-04 13:10:37 | INFO     | 
============================================================
2026-04-04 13:10:37 | INFO     |   BACKTEST RESULTS (2022-01-03 → 2026-03-25)
2026-04-04 13:10:37 | INFO     | ============================================================
2026-04-04 13:10:37 | INFO     |   Trades      : 58
2026-04-04 13:10:37 | INFO     |   Win Rate    : 100.0%
2026-04-04 13:10:37 | INFO     |   Total P&L   : $9,360.00
2026-04-04 13:10:37 | INFO     |   Max DD      : $0.00
2026-04-04 13:10:37 | INFO     |   Sharpe      : 12.60
2026-04-04 13:10:37 | INFO     |   Calmar      : 0.00
2026-04-04 13:10:37 | INFO     |   Profit Factor: inf
2026-04-04 13:10:37 | INFO     |   Avg Win     : $161.38
2026-04-04 13:10:37 | INFO     |   Avg Loss    : $0.00
2026-04-04 13:10:37 | INFO     |   Max Single Loss: $45.00
2026-04-04 13:10:37 | INFO     | ============================================================

2026-04-04 13:10:37 | INFO     | 
--- VIX ZONE ANALYSIS ---
2026-04-04 13:10:37 | INFO     |   VIX < 15  :   15 trades, WR 100.0%, P&L $     1,425, DD $       0, Sharpe 14.95
2026-04-04 13:10:37 | INFO     |   VIX 15-20 :   40 trades, WR 100.0%, P&L $     7,500, DD $       0, Sharpe 13.98
2026-04-04 13:10:37 | INFO     |   VIX 20-25 :    3 trades, WR 100.0%, P&L $       435, DD $       0, Sharpe 53.16
2026-04-04 13:10:37 | INFO     | 
--- DAY-OF-WEEK ANALYSIS ---
2026-04-04 13:10:37 | INFO     |   Mon:   16 trades, WR 100.0%, P&L $     2,145, Sharpe 14.01
2026-04-04 13:10:37 | INFO     |   Tue:   16 trades, WR 100.0%, P&L $     2,670, Sharpe 14.91
2026-04-04 13:10:37 | INFO     |   Fri:   26 trades, WR 100.0%, P&L $     4,545, Sharpe 10.92
2026-04-04 13:10:37 | INFO     | 
--- TOP 10 WORST DAYS ---
2026-04-04 13:10:37 | INFO     |   20231229: P&L=$        45 | 1 trades | VIX=12.47
2026-04-04 13:10:37 | INFO     |   20240216: P&L=$        45 | 1 trades | VIX=14.01
2026-04-04 13:10:37 | INFO     |   20240415: P&L=$        45 | 1 trades | VIX=17.31
2026-04-04 13:10:37 | INFO     |   20240607: P&L=$        45 | 1 trades | VIX=12.58
2026-04-04 13:10:37 | INFO     |   20240715: P&L=$        45 | 1 trades | VIX=12.46
2026-04-04 13:10:37 | INFO     |   20240716: P&L=$        45 | 1 trades | VIX=13.12
2026-04-04 13:10:37 | INFO     |   20240722: P&L=$        45 | 1 trades | VIX=16.52
2026-04-04 13:10:37 | INFO     |   20240820: P&L=$        45 | 1 trades | VIX=14.65
2026-04-04 13:10:37 | INFO     |   20240823: P&L=$        45 | 1 trades | VIX=17.55
2026-04-04 13:10:37 | INFO     |   20241115: P&L=$        45 | 1 trades | VIX=14.31
