2026-04-03 13:56:46 | INFO     | Log file: /Users/jeerapongwongchote/Documents/thetadata/apex/logs/apex_run_20260403_135646.log
2026-04-03 13:56:51 | INFO     | Built daily indicators: 1065 dates (20220103 → 20260401)
2026-04-03 13:56:51 | DEBUG    | [20220107] 1 trades, day P&L=$+130, equity=$100,130
2026-04-03 13:56:51 | DEBUG    | [20220110] 2 trades, day P&L=$+360, equity=$100,490
2026-04-03 13:56:51 | DEBUG    | [20220114] 2 trades, day P&L=$+260, equity=$100,750
2026-04-03 13:56:51 | DEBUG    | [20220118] 2 trades, day P&L=$+560, equity=$101,310
2026-04-03 13:56:51 | DEBUG    | [20220121] 2 trades, day P&L=$+1110, equity=$102,420
2026-04-03 13:56:51 | DEBUG    | [20220128] 2 trades, day P&L=$+810, equity=$103,230
2026-04-03 13:56:51 | DEBUG    | [20220207] 2 trades, day P&L=$+710, equity=$103,940
2026-04-03 13:56:51 | DEBUG    | [20220222] 2 trades, day P&L=$+760, equity=$104,700
2026-04-03 13:56:51 | DEBUG    | [20220225] 2 trades, day P&L=$+560, equity=$105,260
2026-04-03 13:56:51 | DEBUG    | [20220304] 2 trades, day P&L=$+510, equity=$105,770
2026-04-03 13:56:51 | DEBUG    | [20220307] 2 trades, day P&L=$+810, equity=$106,580
2026-04-03 13:56:51 | DEBUG    | [20220311] 2 trades, day P&L=$+410, equity=$106,990
2026-04-03 13:56:51 | DEBUG    | [20220314] 2 trades, day P&L=$+310, equity=$107,300
2026-04-03 13:56:51 | DEBUG    | [20220318] 1 trades, day P&L=$+230, equity=$107,530
2026-04-03 13:56:51 | DEBUG    | [20220325] 1 trades, day P&L=$+80, equity=$107,610
2026-04-03 13:56:51 | DEBUG    | [20220331] 2 trades, day P&L=$-2790, equity=$104,820
2026-04-03 13:56:51 | DEBUG    | [20220408] 2 trades, day P&L=$+310, equity=$105,130
2026-04-03 13:56:51 | DEBUG    | [20220411] 1 trades, day P&L=$+130, equity=$105,260
2026-04-03 13:56:51 | DEBUG    | [20220414] 2 trades, day P&L=$+110, equity=$105,370
2026-04-03 13:56:51 | DEBUG    | [20220418] 2 trades, day P&L=$-1750, equity=$103,620
2026-04-03 13:56:51 | DEBUG    | [20220422] 2 trades, day P&L=$+1010, equity=$104,630
2026-04-03 13:56:51 | DEBUG    | [20220509] 2 trades, day P&L=$+1460, equity=$106,090
2026-04-03 13:56:51 | DEBUG    | [20220513] 2 trades, day P&L=$+660, equity=$106,750
2026-04-03 13:56:51 | DEBUG    | [20220517] 2 trades, day P&L=$+60, equity=$106,810
2026-04-03 13:56:51 | DEBUG    | [20220520] 2 trades, day P&L=$+960, equity=$107,770
2026-04-03 13:56:51 | DEBUG    | [20220523] 1 trades, day P&L=$+80, equity=$107,850
2026-04-03 13:56:51 | DEBUG    | [20220526] 2 trades, day P&L=$+160, equity=$108,010
2026-04-03 13:56:51 | DEBUG    | [20220609] 2 trades, day P&L=$-2150, equity=$105,860
2026-04-03 13:56:51 | DEBUG    | [20220616] 2 trades, day P&L=$+410, equity=$106,270
2026-04-03 13:56:51 | DEBUG    | [20220623] 1 trades, day P&L=$+30, equity=$106,300
2026-04-03 13:56:51 | DEBUG    | [20220624] 1 trades, day P&L=$+30, equity=$106,330
2026-04-03 13:56:51 | DEBUG    | [20220628] 1 trades, day P&L=$+30, equity=$106,360
2026-04-03 13:56:51 | DEBUG    | [20220630] 2 trades, day P&L=$-220, equity=$106,140
2026-04-03 13:56:51 | DEBUG    | [20220705] 2 trades, day P&L=$+60, equity=$106,200
2026-04-03 13:56:51 | DEBUG    | [20220707] 1 trades, day P&L=$+30, equity=$106,230
2026-04-03 13:56:51 | DEBUG    | [20220712] 1 trades, day P&L=$+130, equity=$106,360
2026-04-03 13:56:51 | DEBUG    | [20220715] 1 trades, day P&L=$+80, equity=$106,440
2026-04-03 13:56:51 | DEBUG    | [20220719] 1 trades, day P&L=$+30, equity=$106,470
2026-04-03 13:56:51 | DEBUG    | [20220802] 1 trades, day P&L=$+30, equity=$106,500
2026-04-03 13:56:51 | DEBUG    | [20220826] 1 trades, day P&L=$+30, equity=$106,530
2026-04-03 13:56:51 | DEBUG    | [20220901] 1 trades, day P&L=$+30, equity=$106,560
2026-04-03 13:56:51 | DEBUG    | [20220902] 2 trades, day P&L=$+210, equity=$106,770
2026-04-03 13:56:51 | DEBUG    | [20220906] 1 trades, day P&L=$+180, equity=$106,950
2026-04-03 13:56:51 | DEBUG    | [20220913] 2 trades, day P&L=$+360, equity=$107,310
2026-04-03 13:56:51 | DEBUG    | [20220915] 1 trades, day P&L=$+130, equity=$107,440
2026-04-03 13:56:51 | DEBUG    | [20220916] 2 trades, day P&L=$+210, equity=$107,650
2026-04-03 13:56:51 | DEBUG    | [20220919] 1 trades, day P&L=$+30, equity=$107,680
2026-04-03 13:56:51 | DEBUG    | [20220920] 1 trades, day P&L=$+30, equity=$107,710
2026-04-03 13:56:51 | DEBUG    | [20220923] 2 trades, day P&L=$+410, equity=$108,120
2026-04-03 13:56:51 | DEBUG    | [20220927] 2 trades, day P&L=$+560, equity=$108,680
2026-04-03 13:56:51 | DEBUG    | [20221003] 2 trades, day P&L=$+110, equity=$108,790
2026-04-03 13:56:51 | DEBUG    | [20221006] 2 trades, day P&L=$+210, equity=$109,000
2026-04-03 13:56:51 | DEBUG    | [20221007] 2 trades, day P&L=$+510, equity=$109,510
2026-04-03 13:56:51 | DEBUG    | [20221011] 2 trades, day P&L=$+110, equity=$109,620
2026-04-03 13:56:51 | DEBUG    | [20221013] 2 trades, day P&L=$+360, equity=$109,980
2026-04-03 13:56:51 | DEBUG    | [20221020] 2 trades, day P&L=$+60, equity=$110,040
2026-04-03 13:56:51 | DEBUG    | [20221104] 1 trades, day P&L=$+30, equity=$110,070
2026-04-03 13:56:51 | DEBUG    | [20221108] 1 trades, day P&L=$+30, equity=$110,100
2026-04-03 13:56:51 | DEBUG    | [20221115] 1 trades, day P&L=$+380, equity=$110,480
2026-04-03 13:56:51 | DEBUG    | [20221118] 1 trades, day P&L=$+30, equity=$110,510
2026-04-03 13:56:52 | DEBUG    | [20221209] 1 trades, day P&L=$+30, equity=$110,540
2026-04-03 13:56:52 | DEBUG    | [20221213] 2 trades, day P&L=$+110, equity=$110,650
2026-04-03 13:56:52 | DEBUG    | [20221215] 2 trades, day P&L=$+110, equity=$110,760
2026-04-03 13:56:52 | DEBUG    | [20230202] 1 trades, day P&L=$+30, equity=$110,790
2026-04-03 13:56:52 | DEBUG    | [20230203] 2 trades, day P&L=$+60, equity=$110,850
2026-04-03 13:56:52 | DEBUG    | [20230216] 1 trades, day P&L=$+30, equity=$110,880
2026-04-03 13:56:52 | DEBUG    | [20230309] 2 trades, day P&L=$+160, equity=$111,040
2026-04-03 13:56:52 | DEBUG    | [20230313] 1 trades, day P&L=$+530, equity=$111,570
2026-04-03 13:56:52 | DEBUG    | [20230314] 1 trades, day P&L=$+30, equity=$111,600
2026-04-03 13:56:52 | DEBUG    | [20230316] 2 trades, day P&L=$+160, equity=$111,760
2026-04-03 13:56:52 | DEBUG    | [20230324] 1 trades, day P&L=$+80, equity=$111,840
2026-04-03 13:56:52 | DEBUG    | [20230331] 2 trades, day P&L=$+110, equity=$111,950
2026-04-03 13:56:52 | DEBUG    | [20230504] 1 trades, day P&L=$+30, equity=$111,980
2026-04-03 13:56:52 | DEBUG    | [20230707] 1 trades, day P&L=$+80, equity=$112,060
2026-04-03 13:56:52 | DEBUG    | [20230727] 1 trades, day P&L=$+30, equity=$112,090
2026-04-03 13:56:52 | DEBUG    | [20230804] 1 trades, day P&L=$+80, equity=$112,170
2026-04-03 13:56:52 | DEBUG    | [20230824] 1 trades, day P&L=$+30, equity=$112,200
2026-04-03 13:56:52 | DEBUG    | [20230825] 1 trades, day P&L=$+30, equity=$112,230
2026-04-03 13:56:52 | DEBUG    | [20230929] 1 trades, day P&L=$+80, equity=$112,310
2026-04-03 13:56:52 | DEBUG    | [20231003] 1 trades, day P&L=$+80, equity=$112,390
2026-04-03 13:56:53 | DEBUG    | [20231019] 1 trades, day P&L=$+30, equity=$112,420
2026-04-03 13:56:53 | DEBUG    | [20231229] 1 trades, day P&L=$+80, equity=$112,500
2026-04-03 13:56:53 | DEBUG    | [20240216] 1 trades, day P&L=$+80, equity=$112,580
2026-04-03 13:56:53 | DEBUG    | [20240308] 1 trades, day P&L=$+130, equity=$112,710
2026-04-03 13:56:53 | DEBUG    | [20240315] 1 trades, day P&L=$+80, equity=$112,790
2026-04-03 13:56:53 | DEBUG    | [20240328] 1 trades, day P&L=$+30, equity=$112,820
2026-04-03 13:56:53 | DEBUG    | [20240404] 1 trades, day P&L=$+80, equity=$112,900
2026-04-03 13:56:53 | DEBUG    | [20240405] 1 trades, day P&L=$+80, equity=$112,980
2026-04-03 13:56:53 | DEBUG    | [20240412] 1 trades, day P&L=$+30, equity=$113,010
2026-04-03 13:56:53 | DEBUG    | [20240415] 1 trades, day P&L=$+130, equity=$113,140
2026-04-03 13:56:53 | DEBUG    | [20240416] 2 trades, day P&L=$+110, equity=$113,250
2026-04-03 13:56:53 | DEBUG    | [20240418] 1 trades, day P&L=$+30, equity=$113,280
2026-04-03 13:56:53 | DEBUG    | [20240419] 1 trades, day P&L=$+230, equity=$113,510
2026-04-03 13:56:53 | DEBUG    | [20240422] 1 trades, day P&L=$+30, equity=$113,540
2026-04-03 13:56:53 | DEBUG    | [20240502] 1 trades, day P&L=$+30, equity=$113,570
2026-04-03 13:56:53 | DEBUG    | [20240531] 1 trades, day P&L=$+80, equity=$113,650
2026-04-03 13:56:53 | DEBUG    | [20240604] 1 trades, day P&L=$+130, equity=$113,780
2026-04-03 13:56:53 | DEBUG    | [20240607] 1 trades, day P&L=$+30, equity=$113,810
2026-04-03 13:56:53 | DEBUG    | [20240620] 1 trades, day P&L=$+30, equity=$113,840
2026-04-03 13:56:53 | DEBUG    | [20240621] 1 trades, day P&L=$+30, equity=$113,870
2026-04-03 13:56:53 | DEBUG    | [20240627] 2 trades, day P&L=$+60, equity=$113,930
2026-04-03 13:56:53 | DEBUG    | [20240628] 1 trades, day P&L=$+580, equity=$114,510
2026-04-03 13:56:53 | DEBUG    | [20240701] 1 trades, day P&L=$+30, equity=$114,540
2026-04-03 13:56:53 | DEBUG    | [20240711] 1 trades, day P&L=$+30, equity=$114,570
2026-04-03 13:56:53 | DEBUG    | [20240712] 1 trades, day P&L=$+80, equity=$114,650
2026-04-03 13:56:53 | DEBUG    | [20240715] 2 trades, day P&L=$+60, equity=$114,710
2026-04-03 13:56:53 | DEBUG    | [20240718] 1 trades, day P&L=$+180, equity=$114,890
2026-04-03 13:56:53 | DEBUG    | [20240719] 1 trades, day P&L=$+80, equity=$114,970
2026-04-03 13:56:53 | DEBUG    | [20240723] 1 trades, day P&L=$+30, equity=$115,000
2026-04-03 13:56:53 | DEBUG    | [20240726] 2 trades, day P&L=$+660, equity=$115,660
2026-04-03 13:56:53 | DEBUG    | [20240729] 1 trades, day P&L=$+30, equity=$115,690
2026-04-03 13:56:53 | DEBUG    | [20240730] 1 trades, day P&L=$+80, equity=$115,770
2026-04-03 13:56:53 | DEBUG    | [20240802] 1 trades, day P&L=$+830, equity=$116,600
2026-04-03 13:56:53 | DEBUG    | [20240808] 1 trades, day P&L=$+380, equity=$116,980
2026-04-03 13:56:53 | DEBUG    | [20240812] 2 trades, day P&L=$+310, equity=$117,290
2026-04-03 13:56:53 | DEBUG    | [20240813] 1 trades, day P&L=$+30, equity=$117,320
2026-04-03 13:56:53 | DEBUG    | [20240820] 1 trades, day P&L=$+30, equity=$117,350
2026-04-03 13:56:53 | DEBUG    | [20240822] 1 trades, day P&L=$+80, equity=$117,430
2026-04-03 13:56:53 | DEBUG    | [20240823] 1 trades, day P&L=$+30, equity=$117,460
2026-04-03 13:56:53 | DEBUG    | [20240829] 1 trades, day P&L=$+230, equity=$117,690
2026-04-03 13:56:53 | DEBUG    | [20240830] 1 trades, day P&L=$+380, equity=$118,070
2026-04-03 13:56:53 | DEBUG    | [20240903] 1 trades, day P&L=$+380, equity=$118,450
2026-04-03 13:56:53 | DEBUG    | [20240905] 1 trades, day P&L=$+280, equity=$118,730
2026-04-03 13:56:53 | DEBUG    | [20240906] 1 trades, day P&L=$+580, equity=$119,310
2026-04-03 13:56:53 | DEBUG    | [20240910] 1 trades, day P&L=$+80, equity=$119,390
2026-04-03 13:56:53 | DEBUG    | [20240913] 1 trades, day P&L=$+30, equity=$119,420
2026-04-03 13:56:53 | DEBUG    | [20240917] 1 trades, day P&L=$+30, equity=$119,450
2026-04-03 13:56:53 | DEBUG    | [20240919] 1 trades, day P&L=$+180, equity=$119,630
2026-04-03 13:56:53 | DEBUG    | [20240930] 1 trades, day P&L=$+480, equity=$120,110
2026-04-03 13:56:53 | DEBUG    | [20241001] 1 trades, day P&L=$+180, equity=$120,290
2026-04-03 13:56:53 | DEBUG    | [20241004] 1 trades, day P&L=$+30, equity=$120,320
2026-04-03 13:56:53 | DEBUG    | [20241007] 1 trades, day P&L=$+30, equity=$120,350
2026-04-03 13:56:54 | DEBUG    | [20241010] 1 trades, day P&L=$+30, equity=$120,380
2026-04-03 13:56:54 | DEBUG    | [20241025] 1 trades, day P&L=$+30, equity=$120,410
2026-04-03 13:56:54 | DEBUG    | [20241031] 1 trades, day P&L=$+280, equity=$120,690
2026-04-03 13:56:54 | DEBUG    | [20241104] 1 trades, day P&L=$+30, equity=$120,720
2026-04-03 13:56:54 | DEBUG    | [20241115] 1 trades, day P&L=$+30, equity=$120,750
2026-04-03 13:56:54 | DEBUG    | [20241220] 1 trades, day P&L=$+430, equity=$121,180
2026-04-03 13:56:54 | DEBUG    | [20241227] 1 trades, day P&L=$+80, equity=$121,260
2026-04-03 13:56:54 | DEBUG    | [20241230] 2 trades, day P&L=$-2610, equity=$118,650
2026-04-03 13:56:54 | DEBUG    | [20241231] 1 trades, day P&L=$+430, equity=$119,080
2026-04-03 13:56:54 | DEBUG    | [20250102] 1 trades, day P&L=$+230, equity=$119,310
2026-04-03 13:56:54 | DEBUG    | [20250106] 1 trades, day P&L=$+30, equity=$119,340
2026-04-03 13:56:54 | DEBUG    | [20250107] 1 trades, day P&L=$+180, equity=$119,520
2026-04-03 13:56:54 | DEBUG    | [20250110] 1 trades, day P&L=$+230, equity=$119,750
2026-04-03 13:56:54 | DEBUG    | [20250114] 1 trades, day P&L=$+80, equity=$119,830
2026-04-03 13:56:54 | DEBUG    | [20250124] 1 trades, day P&L=$+80, equity=$119,910
2026-04-03 13:56:54 | DEBUG    | [20250127] 1 trades, day P&L=$-2080, equity=$117,830
2026-04-03 13:56:54 | DEBUG    | [20250130] 1 trades, day P&L=$+180, equity=$118,010
2026-04-03 13:56:54 | DEBUG    | [20250131] 1 trades, day P&L=$+480, equity=$118,490
2026-04-03 13:56:54 | DEBUG    | [20250203] 1 trades, day P&L=$+180, equity=$118,670
2026-04-03 13:56:54 | DEBUG    | [20250207] 1 trades, day P&L=$+30, equity=$118,700
2026-04-03 13:56:54 | DEBUG    | [20250221] 1 trades, day P&L=$+30, equity=$118,730
2026-04-03 13:56:54 | DEBUG    | [20250225] 1 trades, day P&L=$+480, equity=$119,210
2026-04-03 13:56:54 | DEBUG    | [20250227] 1 trades, day P&L=$+180, equity=$119,390
2026-04-03 13:56:54 | DEBUG    | [20250306] 1 trades, day P&L=$+1030, equity=$120,420
2026-04-03 13:56:54 | DEBUG    | [20250310] 1 trades, day P&L=$+1330, equity=$121,750
2026-04-03 13:56:54 | DEBUG    | [20250313] 1 trades, day P&L=$+380, equity=$122,130
2026-04-03 13:56:54 | DEBUG    | [20250314] 1 trades, day P&L=$+180, equity=$122,310
2026-04-03 13:56:54 | DEBUG    | [20250318] 1 trades, day P&L=$+230, equity=$122,540
2026-04-03 13:56:54 | DEBUG    | [20250320] 1 trades, day P&L=$+130, equity=$122,670
2026-04-03 13:56:54 | DEBUG    | [20250321] 1 trades, day P&L=$+230, equity=$122,900
2026-04-03 13:56:54 | DEBUG    | [20250327] 2 trades, day P&L=$+360, equity=$123,260
2026-04-03 13:56:54 | DEBUG    | [20250328] 1 trades, day P&L=$+380, equity=$123,640
2026-04-03 13:56:54 | DEBUG    | [20250401] 1 trades, day P&L=$+30, equity=$123,670
2026-04-03 13:56:54 | DEBUG    | [20250403] 1 trades, day P&L=$+1280, equity=$124,950
2026-04-03 13:56:54 | DEBUG    | [20250408] 1 trades, day P&L=$+2280, equity=$127,230
2026-04-03 13:56:54 | DEBUG    | [20250415] 2 trades, day P&L=$+360, equity=$127,590
2026-04-03 13:56:54 | DEBUG    | [20250421] 1 trades, day P&L=$+530, equity=$128,120
2026-04-03 13:56:54 | DEBUG    | [20250428] 2 trades, day P&L=$+210, equity=$128,330
2026-04-03 13:56:54 | DEBUG    | [20250501] 2 trades, day P&L=$-5490, equity=$122,840
2026-04-03 13:56:54 | DEBUG    | [20250502] 1 trades, day P&L=$+180, equity=$123,020
2026-04-03 13:56:54 | DEBUG    | [20250505] 1 trades, day P&L=$+80, equity=$123,100
2026-04-03 13:56:54 | DEBUG    | [20250506] 1 trades, day P&L=$+130, equity=$123,230
2026-04-03 13:56:54 | DEBUG    | [20250508] 2 trades, day P&L=$+960, equity=$124,190
2026-04-03 13:56:54 | DEBUG    | [20250509] 2 trades, day P&L=$+110, equity=$124,300
2026-04-03 13:56:54 | DEBUG    | [20250515] 1 trades, day P&L=$+130, equity=$124,430
2026-04-03 13:56:54 | DEBUG    | [20250516] 1 trades, day P&L=$+30, equity=$124,460
2026-04-03 13:56:54 | DEBUG    | [20250519] 1 trades, day P&L=$+30, equity=$124,490
2026-04-03 13:56:54 | DEBUG    | [20250520] 1 trades, day P&L=$+30, equity=$124,520
2026-04-03 13:56:54 | DEBUG    | [20250523] 1 trades, day P&L=$+230, equity=$124,750
2026-04-03 13:56:54 | DEBUG    | [20250529] 1 trades, day P&L=$+380, equity=$125,130
2026-04-03 13:56:54 | DEBUG    | [20250530] 2 trades, day P&L=$+1810, equity=$126,940
2026-04-03 13:56:54 | DEBUG    | [20250603] 1 trades, day P&L=$+30, equity=$126,970
2026-04-03 13:56:54 | DEBUG    | [20250605] 1 trades, day P&L=$+280, equity=$127,250
2026-04-03 13:56:54 | DEBUG    | [20250613] 1 trades, day P&L=$+80, equity=$127,330
2026-04-03 13:56:54 | DEBUG    | [20250620] 1 trades, day P&L=$+30, equity=$127,360
2026-04-03 13:56:54 | DEBUG    | [20250623] 1 trades, day P&L=$+30, equity=$127,390
2026-04-03 13:56:54 | DEBUG    | [20250630] 1 trades, day P&L=$+180, equity=$127,570
2026-04-03 13:56:54 | DEBUG    | [20250711] 1 trades, day P&L=$+30, equity=$127,600
2026-04-03 13:56:54 | DEBUG    | [20250731] 1 trades, day P&L=$+580, equity=$128,180
2026-04-03 13:56:54 | DEBUG    | [20250801] 1 trades, day P&L=$+330, equity=$128,510
2026-04-03 13:56:54 | DEBUG    | [20250811] 1 trades, day P&L=$+30, equity=$128,540
2026-04-03 13:56:54 | DEBUG    | [20250815] 1 trades, day P&L=$+30, equity=$128,570
2026-04-03 13:56:54 | DEBUG    | [20250829] 1 trades, day P&L=$+80, equity=$128,650
2026-04-03 13:56:54 | DEBUG    | [20250905] 1 trades, day P&L=$+80, equity=$128,730
2026-04-03 13:56:54 | DEBUG    | [20250923] 1 trades, day P&L=$+30, equity=$128,760
2026-04-03 13:56:54 | DEBUG    | [20250930] 1 trades, day P&L=$+130, equity=$128,890
2026-04-03 13:56:55 | DEBUG    | [20251010] 1 trades, day P&L=$+980, equity=$129,870
2026-04-03 13:56:55 | DEBUG    | [20251016] 1 trades, day P&L=$+530, equity=$130,400
2026-04-03 13:56:55 | DEBUG    | [20251028] 1 trades, day P&L=$+30, equity=$130,430
2026-04-03 13:56:55 | DEBUG    | [20251030] 1 trades, day P&L=$+180, equity=$130,610
2026-04-03 13:56:55 | DEBUG    | [20251031] 1 trades, day P&L=$+280, equity=$130,890
2026-04-03 13:56:55 | DEBUG    | [20251104] 1 trades, day P&L=$+130, equity=$131,020
2026-04-03 13:56:55 | DEBUG    | [20251106] 1 trades, day P&L=$+330, equity=$131,350
2026-04-03 13:56:55 | DEBUG    | [20251107] 1 trades, day P&L=$+30, equity=$131,380
2026-04-03 13:56:55 | DEBUG    | [20251110] 1 trades, day P&L=$+30, equity=$131,410
2026-04-03 13:56:55 | DEBUG    | [20251113] 1 trades, day P&L=$+380, equity=$131,790
2026-04-03 13:56:55 | DEBUG    | [20251117] 1 trades, day P&L=$+130, equity=$131,920
2026-04-03 13:56:55 | DEBUG    | [20251118] 2 trades, day P&L=$+360, equity=$132,280
2026-04-03 13:56:55 | DEBUG    | [20251120] 1 trades, day P&L=$+430, equity=$132,710
2026-04-03 13:56:55 | DEBUG    | [20251124] 1 trades, day P&L=$+80, equity=$132,790
2026-04-03 13:56:55 | DEBUG    | [20251209] 1 trades, day P&L=$+80, equity=$132,870
2026-04-03 13:56:55 | DEBUG    | [20251218] 2 trades, day P&L=$+310, equity=$133,180
2026-04-03 13:56:55 | DEBUG    | [20260102] 1 trades, day P&L=$+30, equity=$133,210
2026-04-03 13:56:55 | DEBUG    | [20260120] 1 trades, day P&L=$+230, equity=$133,440
2026-04-03 13:56:55 | DEBUG    | [20260129] 1 trades, day P&L=$+80, equity=$133,520
2026-04-03 13:56:55 | DEBUG    | [20260130] 2 trades, day P&L=$+360, equity=$133,880
2026-04-03 13:56:55 | DEBUG    | [20260203] 1 trades, day P&L=$+130, equity=$134,010
2026-04-03 13:56:55 | DEBUG    | [20260205] 1 trades, day P&L=$+230, equity=$134,240
2026-04-03 13:56:55 | DEBUG    | [20260206] 1 trades, day P&L=$+130, equity=$134,370
2026-04-03 13:56:55 | DEBUG    | [20260212] 1 trades, day P&L=$+180, equity=$134,550
2026-04-03 13:56:55 | DEBUG    | [20260219] 1 trades, day P&L=$+30, equity=$134,580
2026-04-03 13:56:55 | DEBUG    | [20260224] 1 trades, day P&L=$+30, equity=$134,610
2026-04-03 13:56:55 | DEBUG    | [20260227] 1 trades, day P&L=$+130, equity=$134,740
2026-04-03 13:56:55 | DEBUG    | [20260302] 1 trades, day P&L=$+80, equity=$134,820
2026-04-03 13:56:55 | DEBUG    | [20260305] 1 trades, day P&L=$+130, equity=$134,950
2026-04-03 13:56:55 | DEBUG    | [20260306] 1 trades, day P&L=$+30, equity=$134,980
2026-04-03 13:56:55 | DEBUG    | [20260309] 1 trades, day P&L=$-420, equity=$134,560
2026-04-03 13:56:55 | DEBUG    | [20260320] 1 trades, day P&L=$+130, equity=$134,690
2026-04-03 13:56:55 | DEBUG    | [20260324] 2 trades, day P&L=$+60, equity=$134,750
2026-04-03 13:56:55 | INFO     | ============================================================
2026-04-03 13:56:55 | INFO     | SKIP REASONS:
2026-04-03 13:56:55 | INFO     |   dow_filter          : 192
2026-04-03 13:56:55 | INFO     |   early_close         : 6
2026-04-03 13:56:55 | INFO     |   no_quotes           : 21
2026-04-03 13:56:55 | INFO     |   prior_return        : 147
2026-04-03 13:56:55 | INFO     |   TOTAL TRADES        : 291
2026-04-03 13:56:55 | INFO     | ============================================================
2026-04-03 13:56:55 | INFO     | [ITER 127] d10_all → SWEEP | P&L=$34,750, Sharpe=3.91, DD=$-5,570
2026-04-03 13:56:55 | DEBUG    | [20220107] 1 trades, day P&L=$+130, equity=$100,130
2026-04-03 13:56:55 | DEBUG    | [20220114] 2 trades, day P&L=$+260, equity=$100,390
2026-04-03 13:56:55 | DEBUG    | [20220118] 2 trades, day P&L=$+560, equity=$100,950
2026-04-03 13:56:55 | DEBUG    | [20220207] 2 trades, day P&L=$+710, equity=$101,660
2026-04-03 13:56:55 | DEBUG    | [20220304] 2 trades, day P&L=$+510, equity=$102,170
2026-04-03 13:56:55 | DEBUG    | [20220311] 2 trades, day P&L=$+410, equity=$102,580
2026-04-03 13:56:55 | DEBUG    | [20220318] 1 trades, day P&L=$+230, equity=$102,810
2026-04-03 13:56:55 | DEBUG    | [20220325] 1 trades, day P&L=$+80, equity=$102,890
2026-04-03 13:56:55 | DEBUG    | [20220331] 2 trades, day P&L=$-2790, equity=$100,100
2026-04-03 13:56:55 | DEBUG    | [20220408] 2 trades, day P&L=$+310, equity=$100,410
2026-04-03 13:56:55 | DEBUG    | [20220411] 1 trades, day P&L=$+130, equity=$100,540
2026-04-03 13:56:55 | DEBUG    | [20220414] 2 trades, day P&L=$+110, equity=$100,650
2026-04-03 13:56:55 | DEBUG    | [20220418] 2 trades, day P&L=$-1750, equity=$98,900
2026-04-03 13:56:55 | DEBUG    | [20220517] 2 trades, day P&L=$+60, equity=$98,960
2026-04-03 13:56:55 | DEBUG    | [20220609] 2 trades, day P&L=$-2150, equity=$96,810
2026-04-03 13:56:55 | DEBUG    | [20220623] 1 trades, day P&L=$+30, equity=$96,840
2026-04-03 13:56:55 | DEBUG    | [20220707] 1 trades, day P&L=$+30, equity=$96,870
2026-04-03 13:56:55 | DEBUG    | [20220712] 1 trades, day P&L=$+130, equity=$97,000
2026-04-03 13:56:55 | DEBUG    | [20220715] 1 trades, day P&L=$+80, equity=$97,080
2026-04-03 13:56:56 | DEBUG    | [20220802] 1 trades, day P&L=$+30, equity=$97,110
2026-04-03 13:56:56 | DEBUG    | [20220901] 1 trades, day P&L=$+30, equity=$97,140
2026-04-03 13:56:56 | DEBUG    | [20220906] 1 trades, day P&L=$+180, equity=$97,320
2026-04-03 13:56:56 | DEBUG    | [20220915] 1 trades, day P&L=$+130, equity=$97,450
2026-04-03 13:56:56 | DEBUG    | [20220916] 2 trades, day P&L=$+210, equity=$97,660
2026-04-03 13:56:56 | DEBUG    | [20220919] 1 trades, day P&L=$+30, equity=$97,690
2026-04-03 13:56:56 | DEBUG    | [20220920] 1 trades, day P&L=$+30, equity=$97,720
2026-04-03 13:56:56 | DEBUG    | [20221118] 1 trades, day P&L=$+30, equity=$97,750
2026-04-03 13:56:56 | DEBUG    | [20221209] 1 trades, day P&L=$+30, equity=$97,780
2026-04-03 13:56:56 | DEBUG    | [20230202] 1 trades, day P&L=$+30, equity=$97,810
2026-04-03 13:56:56 | DEBUG    | [20230203] 2 trades, day P&L=$+60, equity=$97,870
2026-04-03 13:56:56 | DEBUG    | [20230216] 1 trades, day P&L=$+30, equity=$97,900
2026-04-03 13:56:56 | DEBUG    | [20230314] 1 trades, day P&L=$+30, equity=$97,930
2026-04-03 13:56:56 | DEBUG    | [20230324] 1 trades, day P&L=$+80, equity=$98,010
2026-04-03 13:56:56 | DEBUG    | [20230331] 2 trades, day P&L=$+110, equity=$98,120
2026-04-03 13:56:56 | DEBUG    | [20230504] 1 trades, day P&L=$+30, equity=$98,150
2026-04-03 13:56:57 | DEBUG    | [20230707] 1 trades, day P&L=$+80, equity=$98,230
2026-04-03 13:56:57 | DEBUG    | [20230727] 1 trades, day P&L=$+30, equity=$98,260
2026-04-03 13:56:57 | DEBUG    | [20230804] 1 trades, day P&L=$+80, equity=$98,340
2026-04-03 13:56:57 | DEBUG    | [20230824] 1 trades, day P&L=$+30, equity=$98,370
2026-04-03 13:56:57 | DEBUG    | [20230825] 1 trades, day P&L=$+30, equity=$98,400
2026-04-03 13:56:57 | DEBUG    | [20230929] 1 trades, day P&L=$+80, equity=$98,480
2026-04-03 13:56:57 | DEBUG    | [20231019] 1 trades, day P&L=$+30, equity=$98,510
2026-04-03 13:56:57 | DEBUG    | [20231229] 1 trades, day P&L=$+80, equity=$98,590
2026-04-03 13:56:57 | DEBUG    | [20240216] 1 trades, day P&L=$+80, equity=$98,670
2026-04-03 13:56:57 | DEBUG    | [20240308] 1 trades, day P&L=$+130, equity=$98,800
2026-04-03 13:56:57 | DEBUG    | [20240315] 1 trades, day P&L=$+80, equity=$98,880
2026-04-03 13:56:57 | DEBUG    | [20240328] 1 trades, day P&L=$+30, equity=$98,910
2026-04-03 13:56:57 | DEBUG    | [20240405] 1 trades, day P&L=$+80, equity=$98,990
2026-04-03 13:56:57 | DEBUG    | [20240412] 1 trades, day P&L=$+30, equity=$99,020
2026-04-03 13:56:57 | DEBUG    | [20240416] 2 trades, day P&L=$+110, equity=$99,130
2026-04-03 13:56:57 | DEBUG    | [20240418] 1 trades, day P&L=$+30, equity=$99,160
2026-04-03 13:56:57 | DEBUG    | [20240419] 1 trades, day P&L=$+230, equity=$99,390
2026-04-03 13:56:57 | DEBUG    | [20240422] 1 trades, day P&L=$+30, equity=$99,420
2026-04-03 13:56:57 | DEBUG    | [20240502] 1 trades, day P&L=$+30, equity=$99,450
2026-04-03 13:56:58 | DEBUG    | [20240531] 1 trades, day P&L=$+80, equity=$99,530
2026-04-03 13:56:58 | DEBUG    | [20240604] 1 trades, day P&L=$+130, equity=$99,660
2026-04-03 13:56:58 | DEBUG    | [20240607] 1 trades, day P&L=$+30, equity=$99,690
2026-04-03 13:56:58 | DEBUG    | [20240620] 1 trades, day P&L=$+30, equity=$99,720
2026-04-03 13:56:58 | DEBUG    | [20240621] 1 trades, day P&L=$+30, equity=$99,750
2026-04-03 13:56:58 | DEBUG    | [20240627] 2 trades, day P&L=$+60, equity=$99,810
2026-04-03 13:56:58 | DEBUG    | [20240628] 1 trades, day P&L=$+580, equity=$100,390
2026-04-03 13:56:58 | DEBUG    | [20240701] 1 trades, day P&L=$+30, equity=$100,420
2026-04-03 13:56:58 | DEBUG    | [20240711] 1 trades, day P&L=$+30, equity=$100,450
2026-04-03 13:56:58 | DEBUG    | [20240712] 1 trades, day P&L=$+80, equity=$100,530
2026-04-03 13:56:58 | DEBUG    | [20240715] 2 trades, day P&L=$+60, equity=$100,590
2026-04-03 13:56:58 | DEBUG    | [20240718] 1 trades, day P&L=$+180, equity=$100,770
2026-04-03 13:56:58 | DEBUG    | [20240719] 1 trades, day P&L=$+80, equity=$100,850
2026-04-03 13:56:58 | DEBUG    | [20240723] 1 trades, day P&L=$+30, equity=$100,880
2026-04-03 13:56:58 | DEBUG    | [20240726] 2 trades, day P&L=$+660, equity=$101,540
2026-04-03 13:56:58 | DEBUG    | [20240729] 1 trades, day P&L=$+30, equity=$101,570
2026-04-03 13:56:58 | DEBUG    | [20240812] 2 trades, day P&L=$+310, equity=$101,880
2026-04-03 13:56:58 | DEBUG    | [20240813] 1 trades, day P&L=$+30, equity=$101,910
2026-04-03 13:56:58 | DEBUG    | [20240820] 1 trades, day P&L=$+30, equity=$101,940
2026-04-03 13:56:58 | DEBUG    | [20240822] 1 trades, day P&L=$+80, equity=$102,020
2026-04-03 13:56:58 | DEBUG    | [20240823] 1 trades, day P&L=$+30, equity=$102,050
2026-04-03 13:56:58 | DEBUG    | [20240829] 1 trades, day P&L=$+230, equity=$102,280
2026-04-03 13:56:58 | DEBUG    | [20240830] 1 trades, day P&L=$+380, equity=$102,660
2026-04-03 13:56:58 | DEBUG    | [20240905] 1 trades, day P&L=$+280, equity=$102,940
2026-04-03 13:56:58 | DEBUG    | [20240910] 1 trades, day P&L=$+80, equity=$103,020
2026-04-03 13:56:58 | DEBUG    | [20240913] 1 trades, day P&L=$+30, equity=$103,050
2026-04-03 13:56:58 | DEBUG    | [20240917] 1 trades, day P&L=$+30, equity=$103,080
2026-04-03 13:56:58 | DEBUG    | [20240919] 1 trades, day P&L=$+180, equity=$103,260
2026-04-03 13:56:58 | DEBUG    | [20240930] 1 trades, day P&L=$+480, equity=$103,740
2026-04-03 13:56:58 | DEBUG    | [20241001] 1 trades, day P&L=$+180, equity=$103,920
2026-04-03 13:56:58 | DEBUG    | [20241004] 1 trades, day P&L=$+30, equity=$103,950
2026-04-03 13:56:58 | DEBUG    | [20241007] 1 trades, day P&L=$+30, equity=$103,980
2026-04-03 13:56:58 | DEBUG    | [20241010] 1 trades, day P&L=$+30, equity=$104,010
2026-04-03 13:56:58 | DEBUG    | [20241025] 1 trades, day P&L=$+30, equity=$104,040
2026-04-03 13:56:58 | DEBUG    | [20241031] 1 trades, day P&L=$+280, equity=$104,320
2026-04-03 13:56:58 | DEBUG    | [20241104] 1 trades, day P&L=$+30, equity=$104,350
2026-04-03 13:56:58 | DEBUG    | [20241115] 1 trades, day P&L=$+30, equity=$104,380
2026-04-03 13:56:58 | DEBUG    | [20241227] 1 trades, day P&L=$+80, equity=$104,460
2026-04-03 13:56:58 | DEBUG    | [20241230] 2 trades, day P&L=$-2610, equity=$101,850
2026-04-03 13:56:58 | DEBUG    | [20241231] 1 trades, day P&L=$+430, equity=$102,280
2026-04-03 13:56:58 | DEBUG    | [20250106] 1 trades, day P&L=$+30, equity=$102,310
2026-04-03 13:56:58 | DEBUG    | [20250107] 1 trades, day P&L=$+180, equity=$102,490
2026-04-03 13:56:58 | DEBUG    | [20250110] 1 trades, day P&L=$+230, equity=$102,720
2026-04-03 13:56:58 | DEBUG    | [20250114] 1 trades, day P&L=$+80, equity=$102,800
2026-04-03 13:56:58 | DEBUG    | [20250124] 1 trades, day P&L=$+80, equity=$102,880
2026-04-03 13:56:58 | DEBUG    | [20250127] 1 trades, day P&L=$-2080, equity=$100,800
2026-04-03 13:56:58 | DEBUG    | [20250130] 1 trades, day P&L=$+180, equity=$100,980
2026-04-03 13:56:58 | DEBUG    | [20250131] 1 trades, day P&L=$+480, equity=$101,460
2026-04-03 13:56:58 | DEBUG    | [20250207] 1 trades, day P&L=$+30, equity=$101,490
2026-04-03 13:56:58 | DEBUG    | [20250225] 1 trades, day P&L=$+480, equity=$101,970
2026-04-03 13:56:58 | DEBUG    | [20250314] 1 trades, day P&L=$+180, equity=$102,150
2026-04-03 13:56:58 | DEBUG    | [20250318] 1 trades, day P&L=$+230, equity=$102,380
2026-04-03 13:56:58 | DEBUG    | [20250320] 1 trades, day P&L=$+130, equity=$102,510
2026-04-03 13:56:58 | DEBUG    | [20250321] 1 trades, day P&L=$+230, equity=$102,740
2026-04-03 13:56:58 | DEBUG    | [20250327] 2 trades, day P&L=$+360, equity=$103,100
2026-04-03 13:56:58 | DEBUG    | [20250415] 2 trades, day P&L=$+360, equity=$103,460
2026-04-03 13:56:58 | DEBUG    | [20250501] 2 trades, day P&L=$-5490, equity=$97,970
2026-04-03 13:56:58 | DEBUG    | [20250502] 1 trades, day P&L=$+180, equity=$98,150
2026-04-03 13:56:58 | DEBUG    | [20250505] 1 trades, day P&L=$+80, equity=$98,230
2026-04-03 13:56:58 | DEBUG    | [20250506] 1 trades, day P&L=$+130, equity=$98,360
2026-04-03 13:56:58 | DEBUG    | [20250508] 2 trades, day P&L=$+960, equity=$99,320
2026-04-03 13:56:58 | DEBUG    | [20250509] 2 trades, day P&L=$+110, equity=$99,430
2026-04-03 13:56:58 | DEBUG    | [20250515] 1 trades, day P&L=$+130, equity=$99,560
2026-04-03 13:56:58 | DEBUG    | [20250516] 1 trades, day P&L=$+30, equity=$99,590
2026-04-03 13:56:58 | DEBUG    | [20250519] 1 trades, day P&L=$+30, equity=$99,620
2026-04-03 13:56:58 | DEBUG    | [20250520] 1 trades, day P&L=$+30, equity=$99,650
2026-04-03 13:56:58 | DEBUG    | [20250523] 1 trades, day P&L=$+230, equity=$99,880
2026-04-03 13:56:58 | DEBUG    | [20250529] 1 trades, day P&L=$+380, equity=$100,260
2026-04-03 13:56:59 | DEBUG    | [20250530] 2 trades, day P&L=$+1810, equity=$102,070
2026-04-03 13:56:59 | DEBUG    | [20250603] 1 trades, day P&L=$+30, equity=$102,100
2026-04-03 13:56:59 | DEBUG    | [20250605] 1 trades, day P&L=$+280, equity=$102,380
2026-04-03 13:56:59 | DEBUG    | [20250613] 1 trades, day P&L=$+80, equity=$102,460
2026-04-03 13:56:59 | DEBUG    | [20250620] 1 trades, day P&L=$+30, equity=$102,490
2026-04-03 13:56:59 | DEBUG    | [20250623] 1 trades, day P&L=$+30, equity=$102,520
2026-04-03 13:56:59 | DEBUG    | [20250630] 1 trades, day P&L=$+180, equity=$102,700
2026-04-03 13:56:59 | DEBUG    | [20250711] 1 trades, day P&L=$+30, equity=$102,730
2026-04-03 13:56:59 | DEBUG    | [20250731] 1 trades, day P&L=$+580, equity=$103,310
2026-04-03 13:56:59 | DEBUG    | [20250801] 1 trades, day P&L=$+330, equity=$103,640
2026-04-03 13:56:59 | DEBUG    | [20250811] 1 trades, day P&L=$+30, equity=$103,670
2026-04-03 13:56:59 | DEBUG    | [20250815] 1 trades, day P&L=$+30, equity=$103,700
2026-04-03 13:56:59 | DEBUG    | [20250829] 1 trades, day P&L=$+80, equity=$103,780
2026-04-03 13:56:59 | DEBUG    | [20250905] 1 trades, day P&L=$+80, equity=$103,860
2026-04-03 13:56:59 | DEBUG    | [20250923] 1 trades, day P&L=$+30, equity=$103,890
2026-04-03 13:56:59 | DEBUG    | [20250930] 1 trades, day P&L=$+130, equity=$104,020
2026-04-03 13:56:59 | DEBUG    | [20251028] 1 trades, day P&L=$+30, equity=$104,050
2026-04-03 13:56:59 | DEBUG    | [20251030] 1 trades, day P&L=$+180, equity=$104,230
2026-04-03 13:56:59 | DEBUG    | [20251031] 1 trades, day P&L=$+280, equity=$104,510
2026-04-03 13:56:59 | DEBUG    | [20251104] 1 trades, day P&L=$+130, equity=$104,640
2026-04-03 13:56:59 | DEBUG    | [20251106] 1 trades, day P&L=$+330, equity=$104,970
2026-04-03 13:56:59 | DEBUG    | [20251107] 1 trades, day P&L=$+30, equity=$105,000
2026-04-03 13:56:59 | DEBUG    | [20251110] 1 trades, day P&L=$+30, equity=$105,030
2026-04-03 13:56:59 | DEBUG    | [20251118] 2 trades, day P&L=$+360, equity=$105,390
2026-04-03 13:56:59 | DEBUG    | [20251124] 1 trades, day P&L=$+80, equity=$105,470
2026-04-03 13:56:59 | DEBUG    | [20251209] 1 trades, day P&L=$+80, equity=$105,550
2026-04-03 13:56:59 | DEBUG    | [20251218] 2 trades, day P&L=$+310, equity=$105,860
2026-04-03 13:56:59 | DEBUG    | [20260102] 1 trades, day P&L=$+30, equity=$105,890
2026-04-03 13:56:59 | DEBUG    | [20260120] 1 trades, day P&L=$+230, equity=$106,120
2026-04-03 13:56:59 | DEBUG    | [20260130] 2 trades, day P&L=$+360, equity=$106,480
2026-04-03 13:56:59 | DEBUG    | [20260205] 1 trades, day P&L=$+230, equity=$106,710
2026-04-03 13:56:59 | DEBUG    | [20260219] 1 trades, day P&L=$+30, equity=$106,740
2026-04-03 13:56:59 | DEBUG    | [20260224] 1 trades, day P&L=$+30, equity=$106,770
2026-04-03 13:56:59 | DEBUG    | [20260227] 1 trades, day P&L=$+130, equity=$106,900
2026-04-03 13:56:59 | DEBUG    | [20260305] 1 trades, day P&L=$+130, equity=$107,030
2026-04-03 13:56:59 | DEBUG    | [20260306] 1 trades, day P&L=$+30, equity=$107,060
2026-04-03 13:56:59 | DEBUG    | [20260309] 1 trades, day P&L=$-420, equity=$106,640
2026-04-03 13:56:59 | DEBUG    | [20260320] 1 trades, day P&L=$+130, equity=$106,770
2026-04-03 13:56:59 | DEBUG    | [20260324] 2 trades, day P&L=$+60, equity=$106,830
2026-04-03 13:56:59 | INFO     | ============================================================
2026-04-03 13:56:59 | INFO     | SKIP REASONS:
2026-04-03 13:56:59 | INFO     |   dow_filter          : 192
2026-04-03 13:56:59 | INFO     |   early_close         : 6
2026-04-03 13:56:59 | INFO     |   intraday_range      : 105
2026-04-03 13:56:59 | INFO     |   no_quotes           : 21
2026-04-03 13:56:59 | INFO     |   prior_return        : 147
2026-04-03 13:56:59 | INFO     |   TOTAL TRADES        : 191
2026-04-03 13:56:59 | INFO     | ============================================================
2026-04-03 13:56:59 | INFO     | [ITER 128] d10_calm → CREATIVE | P&L=$6,830, Sharpe=1.04, DD=$-6,570
2026-04-03 13:56:59 | DEBUG    | [20220107] 2 trades, day P&L=$+160, equity=$100,160
2026-04-03 13:56:59 | DEBUG    | [20220207] 2 trades, day P&L=$+1360, equity=$101,520
2026-04-03 13:56:59 | DEBUG    | [20220325] 2 trades, day P&L=$+210, equity=$101,730
2026-04-03 13:56:59 | DEBUG    | [20220331] 2 trades, day P&L=$-1990, equity=$99,740
2026-04-03 13:57:00 | DEBUG    | [20220404] 1 trades, day P&L=$+130, equity=$99,870
2026-04-03 13:57:00 | DEBUG    | [20220411] 2 trades, day P&L=$+510, equity=$100,380
2026-04-03 13:57:00 | DEBUG    | [20220418] 2 trades, day P&L=$-1450, equity=$98,930
2026-04-03 13:57:00 | DEBUG    | [20220711] 1 trades, day P&L=$+30, equity=$98,960
2026-04-03 13:57:00 | DEBUG    | [20221208] 1 trades, day P&L=$+30, equity=$98,990
2026-04-03 13:57:00 | DEBUG    | [20221209] 1 trades, day P&L=$+180, equity=$99,170
2026-04-03 13:57:00 | DEBUG    | [20230105] 1 trades, day P&L=$+30, equity=$99,200
2026-04-03 13:57:00 | DEBUG    | [20230210] 1 trades, day P&L=$+30, equity=$99,230
2026-04-03 13:57:00 | DEBUG    | [20230217] 1 trades, day P&L=$+30, equity=$99,260
2026-04-03 13:57:00 | DEBUG    | [20230224] 1 trades, day P&L=$+80, equity=$99,340
2026-04-03 13:57:00 | DEBUG    | [20230331] 2 trades, day P&L=$+110, equity=$99,450
2026-04-03 13:57:01 | DEBUG    | [20230504] 1 trades, day P&L=$+30, equity=$99,480
2026-04-03 13:57:01 | DEBUG    | [20230707] 2 trades, day P&L=$+110, equity=$99,590
2026-04-03 13:57:01 | DEBUG    | [20230721] 1 trades, day P&L=$+30, equity=$99,620
2026-04-03 13:57:01 | DEBUG    | [20230817] 1 trades, day P&L=$+80, equity=$99,700
2026-04-03 13:57:01 | DEBUG    | [20230831] 1 trades, day P&L=$+30, equity=$99,730
2026-04-03 13:57:01 | DEBUG    | [20231002] 1 trades, day P&L=$+30, equity=$99,760
2026-04-03 13:57:01 | DEBUG    | [20231005] 1 trades, day P&L=$+80, equity=$99,840
2026-04-03 13:57:01 | DEBUG    | [20231130] 1 trades, day P&L=$+30, equity=$99,870
2026-04-03 13:57:01 | DEBUG    | [20231215] 1 trades, day P&L=$+80, equity=$99,950
2026-04-03 13:57:01 | DEBUG    | [20231229] 1 trades, day P&L=$+80, equity=$100,030
2026-04-03 13:57:01 | DEBUG    | [20240104] 1 trades, day P&L=$+30, equity=$100,060
2026-04-03 13:57:01 | DEBUG    | [20240105] 1 trades, day P&L=$+30, equity=$100,090
2026-04-03 13:57:01 | DEBUG    | [20240213] 1 trades, day P&L=$+30, equity=$100,120
2026-04-03 13:57:01 | DEBUG    | [20240216] 1 trades, day P&L=$+80, equity=$100,200
2026-04-03 13:57:01 | DEBUG    | [20240229] 1 trades, day P&L=$+30, equity=$100,230
2026-04-03 13:57:01 | DEBUG    | [20240304] 1 trades, day P&L=$+30, equity=$100,260
2026-04-03 13:57:01 | DEBUG    | [20240314] 1 trades, day P&L=$+80, equity=$100,340
2026-04-03 13:57:01 | DEBUG    | [20240315] 2 trades, day P&L=$+210, equity=$100,550
2026-04-03 13:57:01 | DEBUG    | [20240318] 1 trades, day P&L=$+80, equity=$100,630
2026-04-03 13:57:01 | DEBUG    | [20240328] 2 trades, day P&L=$+360, equity=$100,990
2026-04-03 13:57:01 | DEBUG    | [20240402] 1 trades, day P&L=$+30, equity=$101,020
2026-04-03 13:57:01 | DEBUG    | [20240408] 1 trades, day P&L=$+30, equity=$101,050
2026-04-03 13:57:01 | DEBUG    | [20240416] 2 trades, day P&L=$+110, equity=$101,160
2026-04-03 13:57:02 | DEBUG    | [20240430] 1 trades, day P&L=$-4280, equity=$96,880
2026-04-03 13:57:02 | DEBUG    | [20240507] 1 trades, day P&L=$+80, equity=$96,960
2026-04-03 13:57:02 | DEBUG    | [20240604] 2 trades, day P&L=$+360, equity=$97,320
2026-04-03 13:57:02 | DEBUG    | [20240606] 1 trades, day P&L=$+30, equity=$97,350
2026-04-03 13:57:02 | DEBUG    | [20240607] 1 trades, day P&L=$+30, equity=$97,380
2026-04-03 13:57:02 | DEBUG    | [20240614] 1 trades, day P&L=$+30, equity=$97,410
2026-04-03 13:57:02 | DEBUG    | [20240620] 1 trades, day P&L=$+30, equity=$97,440
2026-04-03 13:57:02 | DEBUG    | [20240621] 2 trades, day P&L=$+110, equity=$97,550
2026-04-03 13:57:02 | DEBUG    | [20240624] 1 trades, day P&L=$+30, equity=$97,580
2026-04-03 13:57:02 | DEBUG    | [20240627] 2 trades, day P&L=$+310, equity=$97,890
2026-04-03 13:57:02 | DEBUG    | [20240628] 1 trades, day P&L=$+580, equity=$98,470
2026-04-03 13:57:02 | DEBUG    | [20240701] 1 trades, day P&L=$+30, equity=$98,500
2026-04-03 13:57:02 | DEBUG    | [20240715] 1 trades, day P&L=$+30, equity=$98,530
2026-04-03 13:57:02 | DEBUG    | [20240723] 1 trades, day P&L=$+30, equity=$98,560
2026-04-03 13:57:02 | DEBUG    | [20240729] 1 trades, day P&L=$+280, equity=$98,840
2026-04-03 13:57:02 | DEBUG    | [20240812] 2 trades, day P&L=$+310, equity=$99,150
2026-04-03 13:57:02 | DEBUG    | [20240813] 1 trades, day P&L=$+380, equity=$99,530
2026-04-03 13:57:02 | DEBUG    | [20240815] 1 trades, day P&L=$+130, equity=$99,660
2026-04-03 13:57:02 | DEBUG    | [20240820] 1 trades, day P&L=$+30, equity=$99,690
2026-04-03 13:57:02 | DEBUG    | [20240826] 1 trades, day P&L=$+30, equity=$99,720
2026-04-03 13:57:02 | DEBUG    | [20240830] 1 trades, day P&L=$+380, equity=$100,100
2026-04-03 13:57:02 | DEBUG    | [20240910] 2 trades, day P&L=$+160, equity=$100,260
2026-04-03 13:57:02 | DEBUG    | [20240913] 1 trades, day P&L=$+30, equity=$100,290
2026-04-03 13:57:02 | DEBUG    | [20240919] 2 trades, day P&L=$+510, equity=$100,800
2026-04-03 13:57:02 | DEBUG    | [20240930] 1 trades, day P&L=$+1030, equity=$101,830
2026-04-03 13:57:02 | DEBUG    | [20241003] 1 trades, day P&L=$+80, equity=$101,910
2026-04-03 13:57:02 | DEBUG    | [20241004] 1 trades, day P&L=$+30, equity=$101,940
2026-04-03 13:57:02 | DEBUG    | [20241007] 1 trades, day P&L=$+30, equity=$101,970
2026-04-03 13:57:02 | DEBUG    | [20241008] 1 trades, day P&L=$+80, equity=$102,050
2026-04-03 13:57:02 | DEBUG    | [20241010] 1 trades, day P&L=$+30, equity=$102,080
2026-04-03 13:57:02 | DEBUG    | [20241015] 1 trades, day P&L=$+80, equity=$102,160
2026-04-03 13:57:02 | DEBUG    | [20241024] 1 trades, day P&L=$+80, equity=$102,240
2026-04-03 13:57:02 | DEBUG    | [20241104] 1 trades, day P&L=$+230, equity=$102,470
2026-04-03 13:57:02 | DEBUG    | [20241108] 1 trades, day P&L=$+30, equity=$102,500
2026-04-03 13:57:02 | DEBUG    | [20241114] 1 trades, day P&L=$+130, equity=$102,630
2026-04-03 13:57:02 | DEBUG    | [20241217] 1 trades, day P&L=$+30, equity=$102,660
2026-04-03 13:57:02 | DEBUG    | [20250106] 1 trades, day P&L=$+30, equity=$102,690
2026-04-03 13:57:02 | DEBUG    | [20250117] 1 trades, day P&L=$+130, equity=$102,820
2026-04-03 13:57:02 | DEBUG    | [20250124] 1 trades, day P&L=$+80, equity=$102,900
2026-04-03 13:57:02 | DEBUG    | [20250127] 1 trades, day P&L=$-2080, equity=$100,820
2026-04-03 13:57:02 | DEBUG    | [20250130] 1 trades, day P&L=$+180, equity=$101,000
2026-04-03 13:57:02 | DEBUG    | [20250213] 1 trades, day P&L=$+30, equity=$101,030
2026-04-03 13:57:02 | DEBUG    | [20250501] 2 trades, day P&L=$-5140, equity=$95,890
2026-04-03 13:57:02 | DEBUG    | [20250505] 1 trades, day P&L=$+80, equity=$95,970
2026-04-03 13:57:02 | DEBUG    | [20250509] 1 trades, day P&L=$+80, equity=$96,050
2026-04-03 13:57:02 | DEBUG    | [20250516] 1 trades, day P&L=$+30, equity=$96,080
2026-04-03 13:57:02 | DEBUG    | [20250520] 2 trades, day P&L=$+160, equity=$96,240
2026-04-03 13:57:03 | DEBUG    | [20250603] 1 trades, day P&L=$+30, equity=$96,270
2026-04-03 13:57:03 | DEBUG    | [20250605] 1 trades, day P&L=$+280, equity=$96,550
2026-04-03 13:57:03 | DEBUG    | [20250606] 1 trades, day P&L=$+30, equity=$96,580
2026-04-03 13:57:03 | DEBUG    | [20250617] 1 trades, day P&L=$+80, equity=$96,660
2026-04-03 13:57:03 | DEBUG    | [20250627] 1 trades, day P&L=$+80, equity=$96,740
2026-04-03 13:57:03 | DEBUG    | [20250630] 1 trades, day P&L=$+180, equity=$96,920
2026-04-03 13:57:03 | DEBUG    | [20250710] 1 trades, day P&L=$+80, equity=$97,000
2026-04-03 13:57:03 | DEBUG    | [20250711] 1 trades, day P&L=$+30, equity=$97,030
2026-04-03 13:57:03 | DEBUG    | [20250721] 1 trades, day P&L=$+30, equity=$97,060
2026-04-03 13:57:03 | DEBUG    | [20250811] 1 trades, day P&L=$+30, equity=$97,090
2026-04-03 13:57:03 | DEBUG    | [20250815] 1 trades, day P&L=$+30, equity=$97,120
2026-04-03 13:57:03 | DEBUG    | [20250819] 1 trades, day P&L=$+30, equity=$97,150
2026-04-03 13:57:03 | DEBUG    | [20250829] 1 trades, day P&L=$+80, equity=$97,230
2026-04-03 13:57:03 | DEBUG    | [20250919] 1 trades, day P&L=$+80, equity=$97,310
2026-04-03 13:57:03 | DEBUG    | [20250923] 1 trades, day P&L=$+30, equity=$97,340
2026-04-03 13:57:03 | DEBUG    | [20250925] 1 trades, day P&L=$+80, equity=$97,420
2026-04-03 13:57:03 | DEBUG    | [20250930] 1 trades, day P&L=$+130, equity=$97,550
2026-04-03 13:57:03 | DEBUG    | [20251003] 1 trades, day P&L=$+30, equity=$97,580
2026-04-03 13:57:03 | DEBUG    | [20251028] 1 trades, day P&L=$+30, equity=$97,610
2026-04-03 13:57:03 | DEBUG    | [20251030] 1 trades, day P&L=$+180, equity=$97,790
2026-04-03 13:57:03 | DEBUG    | [20251031] 1 trades, day P&L=$+280, equity=$98,070
2026-04-03 13:57:03 | DEBUG    | [20251104] 1 trades, day P&L=$+130, equity=$98,200
2026-04-03 13:57:03 | DEBUG    | [20251110] 1 trades, day P&L=$+30, equity=$98,230
2026-04-03 13:57:03 | DEBUG    | [20251202] 1 trades, day P&L=$+30, equity=$98,260
2026-04-03 13:57:03 | DEBUG    | [20251204] 1 trades, day P&L=$+30, equity=$98,290
2026-04-03 13:57:03 | DEBUG    | [20251205] 1 trades, day P&L=$+130, equity=$98,420
2026-04-03 13:57:03 | DEBUG    | [20251209] 2 trades, day P&L=$+110, equity=$98,530
2026-04-03 13:57:03 | DEBUG    | [20251216] 1 trades, day P&L=$+180, equity=$98,710
2026-04-03 13:57:03 | DEBUG    | [20251218] 2 trades, day P&L=$+310, equity=$99,020
2026-04-03 13:57:03 | DEBUG    | [20260105] 1 trades, day P&L=$+30, equity=$99,050
2026-04-03 13:57:03 | DEBUG    | [20260108] 1 trades, day P&L=$+30, equity=$99,080
2026-04-03 13:57:03 | DEBUG    | [20260113] 1 trades, day P&L=$+30, equity=$99,110
2026-04-03 13:57:03 | DEBUG    | [20260115] 1 trades, day P&L=$+180, equity=$99,290
2026-04-03 13:57:03 | DEBUG    | [20260122] 1 trades, day P&L=$+30, equity=$99,320
2026-04-03 13:57:03 | DEBUG    | [20260123] 1 trades, day P&L=$+30, equity=$99,350
2026-04-03 13:57:03 | DEBUG    | [20260210] 1 trades, day P&L=$+30, equity=$99,380
2026-04-03 13:57:03 | DEBUG    | [20260219] 2 trades, day P&L=$+160, equity=$99,540
2026-04-03 13:57:03 | DEBUG    | [20260227] 1 trades, day P&L=$+430, equity=$99,970
2026-04-03 13:57:03 | DEBUG    | [20260306] 1 trades, day P&L=$+30, equity=$100,000
2026-04-03 13:57:03 | DEBUG    | [20260312] 1 trades, day P&L=$+130, equity=$100,130
2026-04-03 13:57:03 | DEBUG    | [20260319] 1 trades, day P&L=$+30, equity=$100,160
2026-04-03 13:57:03 | INFO     | ============================================================
2026-04-03 13:57:03 | INFO     | SKIP REASONS:
2026-04-03 13:57:03 | INFO     |   dow_filter          : 192
2026-04-03 13:57:03 | INFO     |   early_close         : 6
2026-04-03 13:57:03 | INFO     |   intraday_range      : 289
2026-04-03 13:57:03 | INFO     |   no_quotes           : 21
2026-04-03 13:57:03 | INFO     |   prior_return        : 147
2026-04-03 13:57:03 | INFO     |   TOTAL TRADES        : 148
2026-04-03 13:57:03 | INFO     | ============================================================
2026-04-03 13:57:03 | INFO     | [ITER 129] d8_very_calm → CREATIVE | P&L=$160, Sharpe=0.03, DD=$-7,440
2026-04-03 13:57:03 | DEBUG    | [20220110] 2 trades, day P&L=$+60, equity=$100,060
2026-04-03 13:57:03 | DEBUG    | [20220114] 1 trades, day P&L=$+130, equity=$100,190
2026-04-03 13:57:03 | DEBUG    | [20220118] 2 trades, day P&L=$+210, equity=$100,400
2026-04-03 13:57:03 | DEBUG    | [20220121] 2 trades, day P&L=$+510, equity=$100,910
2026-04-03 13:57:03 | DEBUG    | [20220128] 2 trades, day P&L=$+510, equity=$101,420
2026-04-03 13:57:03 | DEBUG    | [20220207] 2 trades, day P&L=$+360, equity=$101,780
2026-04-03 13:57:03 | DEBUG    | [20220222] 2 trades, day P&L=$+760, equity=$102,540
2026-04-03 13:57:03 | DEBUG    | [20220225] 2 trades, day P&L=$+260, equity=$102,800
2026-04-03 13:57:03 | DEBUG    | [20220304] 2 trades, day P&L=$+260, equity=$103,060
2026-04-03 13:57:03 | DEBUG    | [20220307] 2 trades, day P&L=$+410, equity=$103,470
2026-04-03 13:57:03 | DEBUG    | [20220311] 2 trades, day P&L=$+410, equity=$103,880
2026-04-03 13:57:03 | DEBUG    | [20220314] 2 trades, day P&L=$+310, equity=$104,190
2026-04-03 13:57:03 | DEBUG    | [20220318] 1 trades, day P&L=$+30, equity=$104,220
2026-04-03 13:57:03 | DEBUG    | [20220331] 2 trades, day P&L=$+1060, equity=$105,280
2026-04-03 13:57:03 | DEBUG    | [20220408] 2 trades, day P&L=$+60, equity=$105,340
2026-04-03 13:57:03 | DEBUG    | [20220414] 1 trades, day P&L=$+30, equity=$105,370
2026-04-03 13:57:03 | DEBUG    | [20220418] 1 trades, day P&L=$+30, equity=$105,400
2026-04-03 13:57:04 | DEBUG    | [20220422] 2 trades, day P&L=$+1010, equity=$106,410
2026-04-03 13:57:04 | DEBUG    | [20220509] 2 trades, day P&L=$+1460, equity=$107,870
2026-04-03 13:57:04 | DEBUG    | [20220513] 2 trades, day P&L=$+660, equity=$108,530
2026-04-03 13:57:04 | DEBUG    | [20220517] 1 trades, day P&L=$+30, equity=$108,560
2026-04-03 13:57:04 | DEBUG    | [20220520] 2 trades, day P&L=$+410, equity=$108,970
2026-04-03 13:57:04 | DEBUG    | [20220526] 1 trades, day P&L=$+80, equity=$109,050
2026-04-03 13:57:04 | DEBUG    | [20220609] 1 trades, day P&L=$+30, equity=$109,080
2026-04-03 13:57:04 | DEBUG    | [20220616] 2 trades, day P&L=$+60, equity=$109,140
2026-04-03 13:57:04 | DEBUG    | [20220623] 1 trades, day P&L=$+30, equity=$109,170
2026-04-03 13:57:04 | DEBUG    | [20220624] 1 trades, day P&L=$+30, equity=$109,200
2026-04-03 13:57:04 | DEBUG    | [20220628] 1 trades, day P&L=$+30, equity=$109,230
2026-04-03 13:57:04 | DEBUG    | [20220630] 2 trades, day P&L=$-620, equity=$108,610
2026-04-03 13:57:04 | DEBUG    | [20220705] 2 trades, day P&L=$+60, equity=$108,670
2026-04-03 13:57:04 | DEBUG    | [20220707] 1 trades, day P&L=$+30, equity=$108,700
2026-04-03 13:57:04 | DEBUG    | [20220719] 1 trades, day P&L=$+30, equity=$108,730
2026-04-03 13:57:04 | DEBUG    | [20220902] 2 trades, day P&L=$+210, equity=$108,940
2026-04-03 13:57:04 | DEBUG    | [20220913] 2 trades, day P&L=$+110, equity=$109,050
2026-04-03 13:57:04 | DEBUG    | [20220915] 1 trades, day P&L=$+130, equity=$109,180
2026-04-03 13:57:04 | DEBUG    | [20220916] 2 trades, day P&L=$+210, equity=$109,390
2026-04-03 13:57:04 | DEBUG    | [20220923] 2 trades, day P&L=$+260, equity=$109,650
2026-04-03 13:57:04 | DEBUG    | [20220927] 2 trades, day P&L=$+260, equity=$109,910
2026-04-03 13:57:04 | DEBUG    | [20221003] 1 trades, day P&L=$+30, equity=$109,940
2026-04-03 13:57:04 | DEBUG    | [20221006] 1 trades, day P&L=$+130, equity=$110,070
2026-04-03 13:57:04 | DEBUG    | [20221007] 2 trades, day P&L=$+510, equity=$110,580
2026-04-03 13:57:04 | DEBUG    | [20221011] 1 trades, day P&L=$+30, equity=$110,610
2026-04-03 13:57:04 | DEBUG    | [20221013] 2 trades, day P&L=$+360, equity=$110,970
2026-04-03 13:57:04 | DEBUG    | [20221020] 2 trades, day P&L=$+60, equity=$111,030
2026-04-03 13:57:04 | DEBUG    | [20221115] 1 trades, day P&L=$+80, equity=$111,110
2026-04-03 13:57:04 | DEBUG    | [20221118] 1 trades, day P&L=$+30, equity=$111,140
2026-04-03 13:57:04 | DEBUG    | [20221209] 1 trades, day P&L=$+30, equity=$111,170
2026-04-03 13:57:04 | DEBUG    | [20221213] 1 trades, day P&L=$+30, equity=$111,200
2026-04-03 13:57:04 | DEBUG    | [20221215] 1 trades, day P&L=$+30, equity=$111,230
2026-04-03 13:57:04 | DEBUG    | [20230202] 1 trades, day P&L=$+30, equity=$111,260
2026-04-03 13:57:04 | DEBUG    | [20230203] 2 trades, day P&L=$+60, equity=$111,320
2026-04-03 13:57:04 | DEBUG    | [20230309] 2 trades, day P&L=$+160, equity=$111,480
2026-04-03 13:57:04 | DEBUG    | [20230313] 1 trades, day P&L=$+180, equity=$111,660
2026-04-03 13:57:04 | DEBUG    | [20230316] 2 trades, day P&L=$+160, equity=$111,820
2026-04-03 13:57:04 | DEBUG    | [20230331] 2 trades, day P&L=$+110, equity=$111,930
2026-04-03 13:57:05 | DEBUG    | [20230707] 1 trades, day P&L=$+80, equity=$112,010
2026-04-03 13:57:05 | DEBUG    | [20230825] 1 trades, day P&L=$+30, equity=$112,040
2026-04-03 13:57:05 | DEBUG    | [20230929] 1 trades, day P&L=$+80, equity=$112,120
2026-04-03 13:57:05 | DEBUG    | [20231019] 1 trades, day P&L=$+30, equity=$112,150
2026-04-03 13:57:05 | DEBUG    | [20240216] 1 trades, day P&L=$+30, equity=$112,180
2026-04-03 13:57:05 | DEBUG    | [20240404] 1 trades, day P&L=$+80, equity=$112,260
2026-04-03 13:57:05 | DEBUG    | [20240412] 1 trades, day P&L=$+30, equity=$112,290
2026-04-03 13:57:05 | DEBUG    | [20240415] 1 trades, day P&L=$+30, equity=$112,320
2026-04-03 13:57:06 | DEBUG    | [20240416] 2 trades, day P&L=$+110, equity=$112,430
2026-04-03 13:57:06 | DEBUG    | [20240418] 1 trades, day P&L=$+30, equity=$112,460
2026-04-03 13:57:06 | DEBUG    | [20240419] 1 trades, day P&L=$+30, equity=$112,490
2026-04-03 13:57:06 | DEBUG    | [20240422] 1 trades, day P&L=$+30, equity=$112,520
2026-04-03 13:57:06 | DEBUG    | [20240531] 1 trades, day P&L=$+80, equity=$112,600
2026-04-03 13:57:06 | DEBUG    | [20240607] 1 trades, day P&L=$+30, equity=$112,630
2026-04-03 13:57:06 | DEBUG    | [20240627] 1 trades, day P&L=$+30, equity=$112,660
2026-04-03 13:57:06 | DEBUG    | [20240628] 1 trades, day P&L=$+230, equity=$112,890
2026-04-03 13:57:06 | DEBUG    | [20240712] 1 trades, day P&L=$+80, equity=$112,970
2026-04-03 13:57:06 | DEBUG    | [20240715] 1 trades, day P&L=$+30, equity=$113,000
2026-04-03 13:57:06 | DEBUG    | [20240718] 1 trades, day P&L=$+180, equity=$113,180
2026-04-03 13:57:06 | DEBUG    | [20240719] 1 trades, day P&L=$+80, equity=$113,260
2026-04-03 13:57:06 | DEBUG    | [20240726] 2 trades, day P&L=$+660, equity=$113,920
2026-04-03 13:57:06 | DEBUG    | [20240729] 1 trades, day P&L=$+30, equity=$113,950
2026-04-03 13:57:06 | DEBUG    | [20240730] 1 trades, day P&L=$+80, equity=$114,030
2026-04-03 13:57:06 | DEBUG    | [20240802] 1 trades, day P&L=$+380, equity=$114,410
2026-04-03 13:57:06 | DEBUG    | [20240808] 1 trades, day P&L=$+30, equity=$114,440
2026-04-03 13:57:06 | DEBUG    | [20240812] 2 trades, day P&L=$+310, equity=$114,750
2026-04-03 13:57:06 | DEBUG    | [20240813] 1 trades, day P&L=$+30, equity=$114,780
2026-04-03 13:57:06 | DEBUG    | [20240820] 1 trades, day P&L=$+30, equity=$114,810
2026-04-03 13:57:06 | DEBUG    | [20240823] 1 trades, day P&L=$+30, equity=$114,840
2026-04-03 13:57:06 | DEBUG    | [20240829] 1 trades, day P&L=$+230, equity=$115,070
2026-04-03 13:57:06 | DEBUG    | [20240830] 1 trades, day P&L=$+80, equity=$115,150
2026-04-03 13:57:06 | DEBUG    | [20240903] 1 trades, day P&L=$+380, equity=$115,530
2026-04-03 13:57:06 | DEBUG    | [20240905] 1 trades, day P&L=$+30, equity=$115,560
2026-04-03 13:57:06 | DEBUG    | [20240906] 1 trades, day P&L=$+230, equity=$115,790
2026-04-03 13:57:06 | DEBUG    | [20240913] 1 trades, day P&L=$+30, equity=$115,820
2026-04-03 13:57:06 | DEBUG    | [20240919] 1 trades, day P&L=$+30, equity=$115,850
2026-04-03 13:57:06 | DEBUG    | [20240930] 1 trades, day P&L=$+480, equity=$116,330
2026-04-03 13:57:06 | DEBUG    | [20241001] 1 trades, day P&L=$+180, equity=$116,510
2026-04-03 13:57:06 | DEBUG    | [20241010] 1 trades, day P&L=$+30, equity=$116,540
2026-04-03 13:57:06 | DEBUG    | [20241025] 1 trades, day P&L=$+30, equity=$116,570
2026-04-03 13:57:06 | DEBUG    | [20241031] 1 trades, day P&L=$+30, equity=$116,600
2026-04-03 13:57:06 | DEBUG    | [20241104] 1 trades, day P&L=$+30, equity=$116,630
2026-04-03 13:57:06 | DEBUG    | [20241115] 1 trades, day P&L=$+30, equity=$116,660
2026-04-03 13:57:06 | DEBUG    | [20241220] 1 trades, day P&L=$+430, equity=$117,090
2026-04-03 13:57:06 | DEBUG    | [20241227] 1 trades, day P&L=$+80, equity=$117,170
2026-04-03 13:57:06 | DEBUG    | [20241230] 2 trades, day P&L=$+210, equity=$117,380
2026-04-03 13:57:06 | DEBUG    | [20241231] 1 trades, day P&L=$+430, equity=$117,810
2026-04-03 13:57:06 | DEBUG    | [20250102] 1 trades, day P&L=$+230, equity=$118,040
2026-04-03 13:57:06 | DEBUG    | [20250107] 1 trades, day P&L=$+180, equity=$118,220
2026-04-03 13:57:06 | DEBUG    | [20250110] 1 trades, day P&L=$+30, equity=$118,250
2026-04-03 13:57:06 | DEBUG    | [20250127] 1 trades, day P&L=$+30, equity=$118,280
2026-04-03 13:57:06 | DEBUG    | [20250131] 1 trades, day P&L=$+480, equity=$118,760
2026-04-03 13:57:06 | DEBUG    | [20250203] 1 trades, day P&L=$+180, equity=$118,940
2026-04-03 13:57:06 | DEBUG    | [20250207] 1 trades, day P&L=$+30, equity=$118,970
2026-04-03 13:57:06 | DEBUG    | [20250221] 1 trades, day P&L=$+30, equity=$119,000
2026-04-03 13:57:06 | DEBUG    | [20250225] 1 trades, day P&L=$+180, equity=$119,180
2026-04-03 13:57:06 | DEBUG    | [20250227] 1 trades, day P&L=$+180, equity=$119,360
2026-04-03 13:57:06 | DEBUG    | [20250306] 1 trades, day P&L=$+1030, equity=$120,390
2026-04-03 13:57:06 | DEBUG    | [20250310] 1 trades, day P&L=$+730, equity=$121,120
2026-04-03 13:57:06 | DEBUG    | [20250313] 1 trades, day P&L=$+80, equity=$121,200
2026-04-03 13:57:06 | DEBUG    | [20250314] 1 trades, day P&L=$+180, equity=$121,380
2026-04-03 13:57:06 | DEBUG    | [20250318] 1 trades, day P&L=$+30, equity=$121,410
2026-04-03 13:57:06 | DEBUG    | [20250321] 1 trades, day P&L=$+30, equity=$121,440
2026-04-03 13:57:06 | DEBUG    | [20250327] 2 trades, day P&L=$+60, equity=$121,500
2026-04-03 13:57:06 | DEBUG    | [20250328] 1 trades, day P&L=$+30, equity=$121,530
2026-04-03 13:57:06 | DEBUG    | [20250401] 1 trades, day P&L=$+30, equity=$121,560
2026-04-03 13:57:06 | DEBUG    | [20250403] 1 trades, day P&L=$+580, equity=$122,140
2026-04-03 13:57:06 | DEBUG    | [20250408] 1 trades, day P&L=$+1830, equity=$123,970
2026-04-03 13:57:06 | DEBUG    | [20250415] 2 trades, day P&L=$+110, equity=$124,080
2026-04-03 13:57:06 | DEBUG    | [20250421] 1 trades, day P&L=$+530, equity=$124,610
2026-04-03 13:57:06 | DEBUG    | [20250428] 2 trades, day P&L=$+210, equity=$124,820
2026-04-03 13:57:06 | DEBUG    | [20250501] 2 trades, day P&L=$-740, equity=$124,080
2026-04-03 13:57:06 | DEBUG    | [20250502] 1 trades, day P&L=$+30, equity=$124,110
2026-04-03 13:57:07 | DEBUG    | [20250505] 1 trades, day P&L=$+80, equity=$124,190
2026-04-03 13:57:07 | DEBUG    | [20250506] 1 trades, day P&L=$+130, equity=$124,320
2026-04-03 13:57:07 | DEBUG    | [20250508] 2 trades, day P&L=$+610, equity=$124,930
2026-04-03 13:57:07 | DEBUG    | [20250509] 1 trades, day P&L=$+30, equity=$124,960
2026-04-03 13:57:07 | DEBUG    | [20250523] 1 trades, day P&L=$+230, equity=$125,190
2026-04-03 13:57:07 | DEBUG    | [20250529] 1 trades, day P&L=$+130, equity=$125,320
2026-04-03 13:57:07 | DEBUG    | [20250530] 2 trades, day P&L=$+1110, equity=$126,430
2026-04-03 13:57:07 | DEBUG    | [20250605] 1 trades, day P&L=$+80, equity=$126,510
2026-04-03 13:57:07 | DEBUG    | [20250613] 1 trades, day P&L=$+80, equity=$126,590
2026-04-03 13:57:07 | DEBUG    | [20250623] 1 trades, day P&L=$+30, equity=$126,620
2026-04-03 13:57:07 | DEBUG    | [20250630] 1 trades, day P&L=$+30, equity=$126,650
2026-04-03 13:57:07 | DEBUG    | [20250731] 1 trades, day P&L=$+180, equity=$126,830
2026-04-03 13:57:07 | DEBUG    | [20250801] 1 trades, day P&L=$+30, equity=$126,860
2026-04-03 13:57:07 | DEBUG    | [20250811] 1 trades, day P&L=$+30, equity=$126,890
2026-04-03 13:57:07 | DEBUG    | [20250930] 1 trades, day P&L=$+30, equity=$126,920
2026-04-03 13:57:07 | DEBUG    | [20251010] 1 trades, day P&L=$+980, equity=$127,900
2026-04-03 13:57:07 | DEBUG    | [20251016] 1 trades, day P&L=$+230, equity=$128,130
2026-04-03 13:57:07 | DEBUG    | [20251031] 1 trades, day P&L=$+80, equity=$128,210
2026-04-03 13:57:07 | DEBUG    | [20251106] 1 trades, day P&L=$+80, equity=$128,290
2026-04-03 13:57:07 | DEBUG    | [20251107] 1 trades, day P&L=$+30, equity=$128,320
2026-04-03 13:57:07 | DEBUG    | [20251113] 1 trades, day P&L=$+130, equity=$128,450
2026-04-03 13:57:07 | DEBUG    | [20251117] 1 trades, day P&L=$+130, equity=$128,580
2026-04-03 13:57:07 | DEBUG    | [20251118] 2 trades, day P&L=$+160, equity=$128,740
2026-04-03 13:57:07 | DEBUG    | [20251120] 1 trades, day P&L=$+430, equity=$129,170
2026-04-03 13:57:07 | DEBUG    | [20251218] 2 trades, day P&L=$+310, equity=$129,480
2026-04-03 13:57:07 | DEBUG    | [20260120] 1 trades, day P&L=$+30, equity=$129,510
2026-04-03 13:57:07 | DEBUG    | [20260130] 2 trades, day P&L=$+210, equity=$129,720
2026-04-03 13:57:07 | DEBUG    | [20260205] 1 trades, day P&L=$+230, equity=$129,950
2026-04-03 13:57:07 | DEBUG    | [20260206] 1 trades, day P&L=$+130, equity=$130,080
2026-04-03 13:57:07 | DEBUG    | [20260212] 1 trades, day P&L=$+180, equity=$130,260
2026-04-03 13:57:07 | DEBUG    | [20260227] 2 trades, day P&L=$+160, equity=$130,420
2026-04-03 13:57:07 | DEBUG    | [20260302] 1 trades, day P&L=$+80, equity=$130,500
2026-04-03 13:57:07 | DEBUG    | [20260303] 1 trades, day P&L=$+80, equity=$130,580
2026-04-03 13:57:07 | DEBUG    | [20260305] 1 trades, day P&L=$+130, equity=$130,710
2026-04-03 13:57:07 | DEBUG    | [20260306] 1 trades, day P&L=$+30, equity=$130,740
2026-04-03 13:57:07 | DEBUG    | [20260309] 1 trades, day P&L=$+130, equity=$130,870
2026-04-03 13:57:07 | DEBUG    | [20260310] 1 trades, day P&L=$+80, equity=$130,950
2026-04-03 13:57:07 | DEBUG    | [20260320] 1 trades, day P&L=$+130, equity=$131,080
2026-04-03 13:57:07 | DEBUG    | [20260324] 1 trades, day P&L=$+30, equity=$131,110
2026-04-03 13:57:07 | INFO     | ============================================================
2026-04-03 13:57:07 | INFO     | SKIP REASONS:
2026-04-03 13:57:07 | INFO     |   dow_filter          : 192
2026-04-03 13:57:07 | INFO     |   early_close         : 6
2026-04-03 13:57:07 | INFO     |   no_quotes           : 21
2026-04-03 13:57:07 | INFO     |   prior_return        : 147
2026-04-03 13:57:07 | INFO     |   TOTAL TRADES        : 213
2026-04-03 13:57:07 | INFO     | ============================================================
2026-04-03 13:57:07 | INFO     | [ITER 130] gap_filter_0.3 → SWEEP | P&L=$12,170, Sharpe=11.54, DD=$0
2026-04-03 13:57:07 | INFO     | [ITER 131] gap_filter_0.5 → SWEEP | P&L=$17,250, Sharpe=12.02, DD=$0
2026-04-03 13:57:07 | INFO     | [ITER 132] gap_filter_0.7 → SWEEP | P&L=$20,480, Sharpe=12.17, DD=$0
2026-04-03 13:57:07 | INFO     | [ITER 133] gap_filter_1.0 → SWEEP | P&L=$24,410, Sharpe=11.54, DD=$-700
