2026-04-03 16:56:14 | INFO     | Log file: /Users/jeerapongwongchote/Documents/thetadata/apex/logs/apex_run_20260403_165613.log
2026-04-03 16:56:18 | INFO     | Built daily indicators: 1065 dates (20220103 → 20260401)
2026-04-03 16:56:18 | DEBUG    | [20220118] 1 trades, day P&L=$+90, equity=$100,090
2026-04-03 16:56:18 | DEBUG    | [20220207] 2 trades, day P&L=$+480, equity=$100,570
2026-04-03 16:56:18 | DEBUG    | [20220222] 2 trades, day P&L=$+780, equity=$101,350
2026-04-03 16:56:18 | DEBUG    | [20220307] 2 trades, day P&L=$+780, equity=$102,130
2026-04-03 16:56:18 | DEBUG    | [20220314] 2 trades, day P&L=$+330, equity=$102,460
2026-04-03 16:56:18 | DEBUG    | [20220509] 2 trades, day P&L=$+2430, equity=$104,890
2026-04-03 16:56:18 | DEBUG    | [20220517] 1 trades, day P&L=$+90, equity=$104,980
2026-04-03 16:56:18 | DEBUG    | [20220628] 1 trades, day P&L=$+90, equity=$105,070
2026-04-03 16:56:18 | DEBUG    | [20220705] 1 trades, day P&L=$+90, equity=$105,160
2026-04-03 16:56:18 | DEBUG    | [20220927] 2 trades, day P&L=$+480, equity=$105,640
2026-04-03 16:56:18 | DEBUG    | [20221003] 1 trades, day P&L=$+90, equity=$105,730
2026-04-03 16:56:19 | DEBUG    | [20230313] 1 trades, day P&L=$+240, equity=$105,970
2026-04-03 16:56:19 | DEBUG    | [20240416] 1 trades, day P&L=$+90, equity=$106,060
2026-04-03 16:56:20 | DEBUG    | [20240715] 1 trades, day P&L=$+90, equity=$106,150
2026-04-03 16:56:20 | DEBUG    | [20240729] 1 trades, day P&L=$+90, equity=$106,240
2026-04-03 16:56:20 | DEBUG    | [20240812] 2 trades, day P&L=$+630, equity=$106,870
2026-04-03 16:56:20 | DEBUG    | [20240813] 1 trades, day P&L=$+90, equity=$106,960
2026-04-03 16:56:20 | DEBUG    | [20240820] 1 trades, day P&L=$+90, equity=$107,050
2026-04-03 16:56:20 | DEBUG    | [20240903] 1 trades, day P&L=$+390, equity=$107,440
2026-04-03 16:56:20 | DEBUG    | [20240930] 1 trades, day P&L=$+840, equity=$108,280
2026-04-03 16:56:20 | DEBUG    | [20241001] 1 trades, day P&L=$+240, equity=$108,520
2026-04-03 16:56:20 | DEBUG    | [20241230] 2 trades, day P&L=$+480, equity=$109,000
2026-04-03 16:56:20 | DEBUG    | [20241231] 1 trades, day P&L=$+540, equity=$109,540
2026-04-03 16:56:20 | DEBUG    | [20250107] 1 trades, day P&L=$+240, equity=$109,780
2026-04-03 16:56:20 | DEBUG    | [20250127] 1 trades, day P&L=$+90, equity=$109,870
2026-04-03 16:56:20 | DEBUG    | [20250203] 1 trades, day P&L=$+240, equity=$110,110
2026-04-03 16:56:20 | DEBUG    | [20250310] 1 trades, day P&L=$+990, equity=$111,100
2026-04-03 16:56:20 | DEBUG    | [20250318] 1 trades, day P&L=$+90, equity=$111,190
2026-04-03 16:56:20 | DEBUG    | [20250408] 1 trades, day P&L=$+1140, equity=$112,330
2026-04-03 16:56:20 | DEBUG    | [20250421] 1 trades, day P&L=$+840, equity=$113,170
2026-04-03 16:56:20 | DEBUG    | [20250428] 1 trades, day P&L=$+240, equity=$113,410
2026-04-03 16:56:20 | DEBUG    | [20250506] 1 trades, day P&L=$+90, equity=$113,500
2026-04-03 16:56:20 | DEBUG    | [20250630] 1 trades, day P&L=$+90, equity=$113,590
2026-04-03 16:56:20 | DEBUG    | [20251117] 1 trades, day P&L=$+240, equity=$113,830
2026-04-03 16:56:20 | DEBUG    | [20251118] 1 trades, day P&L=$+240, equity=$114,070
2026-04-03 16:56:20 | DEBUG    | [20260303] 1 trades, day P&L=$+90, equity=$114,160
2026-04-03 16:56:20 | INFO     | ============================================================
2026-04-03 16:56:20 | INFO     | SKIP REASONS:
2026-04-03 16:56:20 | INFO     |   dow_filter          : 551
2026-04-03 16:56:20 | INFO     |   early_close         : 6
2026-04-03 16:56:20 | INFO     |   no_quotes           : 11
2026-04-03 16:56:20 | INFO     |   prior_return        : 147
2026-04-03 16:56:20 | INFO     |   TOTAL TRADES        : 44
2026-04-03 16:56:20 | INFO     | ============================================================
2026-04-03 16:56:20 | DEBUG    | [20220331] 1 trades, day P&L=$+690, equity=$100,690
2026-04-03 16:56:21 | DEBUG    | [20221006] 1 trades, day P&L=$+90, equity=$100,780
2026-04-03 16:56:21 | DEBUG    | [20241031] 1 trades, day P&L=$+90, equity=$100,870
2026-04-03 16:56:21 | DEBUG    | [20250306] 1 trades, day P&L=$+690, equity=$101,560
2026-04-03 16:56:21 | DEBUG    | [20250327] 1 trades, day P&L=$+90, equity=$101,650
2026-04-03 16:56:21 | DEBUG    | [20250403] 1 trades, day P&L=$+990, equity=$102,640
2026-04-03 16:56:21 | DEBUG    | [20250508] 2 trades, day P&L=$+480, equity=$103,120
2026-04-03 16:56:21 | DEBUG    | [20250529] 1 trades, day P&L=$+90, equity=$103,210
2026-04-03 16:56:21 | DEBUG    | [20250605] 1 trades, day P&L=$+90, equity=$103,300
2026-04-03 16:56:21 | DEBUG    | [20250731] 1 trades, day P&L=$+240, equity=$103,540
2026-04-03 16:56:22 | DEBUG    | [20251016] 1 trades, day P&L=$+240, equity=$103,780
2026-04-03 16:56:22 | DEBUG    | [20251113] 1 trades, day P&L=$+240, equity=$104,020
2026-04-03 16:56:22 | DEBUG    | [20251120] 1 trades, day P&L=$+240, equity=$104,260
2026-04-03 16:56:22 | INFO     | ============================================================
2026-04-03 16:56:22 | INFO     | SKIP REASONS:
2026-04-03 16:56:22 | INFO     |   dow_filter          : 724
2026-04-03 16:56:22 | INFO     |   early_close         : 6
2026-04-03 16:56:22 | INFO     |   no_quotes           : 10
2026-04-03 16:56:22 | INFO     |   oi_filter           : 55
2026-04-03 16:56:22 | INFO     |   prior_return        : 147
2026-04-03 16:56:22 | INFO     |   TOTAL TRADES        : 14
2026-04-03 16:56:22 | INFO     | ============================================================
2026-04-03 16:56:22 | DEBUG    | [20220107] 1 trades, day P&L=$+240, equity=$100,240
2026-04-03 16:56:22 | DEBUG    | [20220114] 2 trades, day P&L=$+480, equity=$100,720
2026-04-03 16:56:22 | DEBUG    | [20220121] 2 trades, day P&L=$+1380, equity=$102,100
2026-04-03 16:56:22 | DEBUG    | [20220128] 2 trades, day P&L=$+480, equity=$102,580
2026-04-03 16:56:22 | DEBUG    | [20220225] 2 trades, day P&L=$+930, equity=$103,510
2026-04-03 16:56:22 | DEBUG    | [20220304] 2 trades, day P&L=$+180, equity=$103,690
2026-04-03 16:56:22 | DEBUG    | [20220311] 2 trades, day P&L=$+330, equity=$104,020
2026-04-03 16:56:22 | DEBUG    | [20220318] 1 trades, day P&L=$+390, equity=$104,410
2026-04-03 16:56:22 | DEBUG    | [20220408] 1 trades, day P&L=$+540, equity=$104,950
2026-04-03 16:56:22 | DEBUG    | [20220422] 2 trades, day P&L=$+1230, equity=$106,180
2026-04-03 16:56:22 | DEBUG    | [20220513] 2 trades, day P&L=$+1080, equity=$107,260
2026-04-03 16:56:22 | DEBUG    | [20220520] 2 trades, day P&L=$+1380, equity=$108,640
2026-04-03 16:56:22 | DEBUG    | [20220916] 2 trades, day P&L=$+480, equity=$109,120
2026-04-03 16:56:22 | DEBUG    | [20220923] 2 trades, day P&L=$+630, equity=$109,750
2026-04-03 16:56:22 | DEBUG    | [20221007] 2 trades, day P&L=$+630, equity=$110,380
2026-04-03 16:56:22 | DEBUG    | [20230203] 2 trades, day P&L=$+180, equity=$110,560
2026-04-03 16:56:22 | DEBUG    | [20230331] 1 trades, day P&L=$+90, equity=$110,650
2026-04-03 16:56:22 | DEBUG    | [20240308] 1 trades, day P&L=$+240, equity=$110,890
2026-04-03 16:56:22 | DEBUG    | [20240419] 1 trades, day P&L=$+390, equity=$111,280
2026-04-03 16:56:22 | DEBUG    | [20240607] 1 trades, day P&L=$+90, equity=$111,370
2026-04-03 16:56:22 | DEBUG    | [20240621] 1 trades, day P&L=$+90, equity=$111,460
2026-04-03 16:56:22 | DEBUG    | [20240628] 1 trades, day P&L=$+840, equity=$112,300
2026-04-03 16:56:22 | DEBUG    | [20240726] 2 trades, day P&L=$+1230, equity=$113,530
2026-04-03 16:56:22 | DEBUG    | [20240802] 1 trades, day P&L=$+990, equity=$114,520
2026-04-03 16:56:22 | DEBUG    | [20240823] 1 trades, day P&L=$+90, equity=$114,610
2026-04-03 16:56:22 | DEBUG    | [20240830] 1 trades, day P&L=$+690, equity=$115,300
2026-04-03 16:56:22 | DEBUG    | [20240906] 1 trades, day P&L=$+990, equity=$116,290
2026-04-03 16:56:22 | DEBUG    | [20240913] 1 trades, day P&L=$+90, equity=$116,380
2026-04-03 16:56:22 | DEBUG    | [20241004] 1 trades, day P&L=$+90, equity=$116,470
2026-04-03 16:56:23 | DEBUG    | [20241115] 1 trades, day P&L=$+90, equity=$116,560
2026-04-03 16:56:23 | DEBUG    | [20241220] 1 trades, day P&L=$+540, equity=$117,100
2026-04-03 16:56:23 | DEBUG    | [20250110] 1 trades, day P&L=$+240, equity=$117,340
2026-04-03 16:56:23 | DEBUG    | [20250131] 1 trades, day P&L=$+690, equity=$118,030
2026-04-03 16:56:23 | DEBUG    | [20250314] 1 trades, day P&L=$+390, equity=$118,420
2026-04-03 16:56:23 | DEBUG    | [20250321] 1 trades, day P&L=$+390, equity=$118,810
2026-04-03 16:56:23 | DEBUG    | [20250328] 1 trades, day P&L=$+540, equity=$119,350
2026-04-03 16:56:23 | DEBUG    | [20250502] 1 trades, day P&L=$+240, equity=$119,590
2026-04-03 16:56:23 | DEBUG    | [20250523] 1 trades, day P&L=$+390, equity=$119,980
2026-04-03 16:56:23 | DEBUG    | [20250530] 2 trades, day P&L=$+2430, equity=$122,410
2026-04-03 16:56:23 | DEBUG    | [20250613] 1 trades, day P&L=$+90, equity=$122,500
2026-04-03 16:56:23 | DEBUG    | [20250620] 1 trades, day P&L=$+90, equity=$122,590
2026-04-03 16:56:23 | DEBUG    | [20250801] 1 trades, day P&L=$+540, equity=$123,130
2026-04-03 16:56:23 | DEBUG    | [20250815] 1 trades, day P&L=$+90, equity=$123,220
2026-04-03 16:56:23 | DEBUG    | [20251010] 1 trades, day P&L=$+1140, equity=$124,360
2026-04-03 16:56:23 | DEBUG    | [20251031] 1 trades, day P&L=$+390, equity=$124,750
2026-04-03 16:56:23 | DEBUG    | [20260102] 1 trades, day P&L=$+90, equity=$124,840
2026-04-03 16:56:23 | DEBUG    | [20260130] 2 trades, day P&L=$+330, equity=$125,170
2026-04-03 16:56:23 | DEBUG    | [20260206] 1 trades, day P&L=$+90, equity=$125,260
2026-04-03 16:56:23 | DEBUG    | [20260227] 1 trades, day P&L=$+90, equity=$125,350
2026-04-03 16:56:23 | DEBUG    | [20260306] 1 trades, day P&L=$+390, equity=$125,740
2026-04-03 16:56:23 | DEBUG    | [20260320] 1 trades, day P&L=$+240, equity=$125,980
2026-04-03 16:56:23 | INFO     | ============================================================
2026-04-03 16:56:23 | INFO     | SKIP REASONS:
2026-04-03 16:56:23 | INFO     |   dow_filter          : 729
2026-04-03 16:56:23 | INFO     |   early_close         : 6
2026-04-03 16:56:23 | INFO     |   prior_return        : 147
2026-04-03 16:56:23 | INFO     |   TOTAL TRADES        : 67
2026-04-03 16:56:23 | INFO     | ============================================================
2026-04-03 16:56:23 | DEBUG    | [20220110] 2 trades, day P&L=$+90, equity=$100,090
2026-04-03 16:56:23 | DEBUG    | [20220118] 2 trades, day P&L=$+240, equity=$100,330
2026-04-03 16:56:23 | DEBUG    | [20220207] 2 trades, day P&L=$+390, equity=$100,720
2026-04-03 16:56:23 | DEBUG    | [20220222] 2 trades, day P&L=$+915, equity=$101,635
2026-04-03 16:56:23 | DEBUG    | [20220307] 2 trades, day P&L=$+540, equity=$102,175
2026-04-03 16:56:23 | DEBUG    | [20220314] 2 trades, day P&L=$+390, equity=$102,565
2026-04-03 16:56:23 | DEBUG    | [20220418] 1 trades, day P&L=$+45, equity=$102,610
2026-04-03 16:56:23 | DEBUG    | [20220426] 2 trades, day P&L=$+615, equity=$103,225
2026-04-03 16:56:23 | DEBUG    | [20220503] 1 trades, day P&L=$+195, equity=$103,420
2026-04-03 16:56:23 | DEBUG    | [20220509] 2 trades, day P&L=$+1890, equity=$105,310
2026-04-03 16:56:23 | DEBUG    | [20220517] 1 trades, day P&L=$+45, equity=$105,355
2026-04-03 16:56:23 | DEBUG    | [20220628] 1 trades, day P&L=$+45, equity=$105,400
2026-04-03 16:56:23 | DEBUG    | [20220705] 1 trades, day P&L=$+45, equity=$105,445
2026-04-03 16:56:23 | DEBUG    | [20220913] 1 trades, day P&L=$+45, equity=$105,490
2026-04-03 16:56:23 | DEBUG    | [20220927] 2 trades, day P&L=$+315, equity=$105,805
2026-04-03 16:56:23 | DEBUG    | [20221003] 1 trades, day P&L=$+45, equity=$105,850
2026-04-03 16:56:23 | DEBUG    | [20221011] 1 trades, day P&L=$+45, equity=$105,895
2026-04-03 16:56:23 | DEBUG    | [20221115] 1 trades, day P&L=$+120, equity=$106,015
2026-04-03 16:56:23 | DEBUG    | [20221213] 1 trades, day P&L=$+45, equity=$106,060
2026-04-03 16:56:23 | DEBUG    | [20230313] 1 trades, day P&L=$+195, equity=$106,255
2026-04-03 16:56:24 | DEBUG    | [20240415] 1 trades, day P&L=$+45, equity=$106,300
2026-04-03 16:56:24 | DEBUG    | [20240416] 2 trades, day P&L=$+165, equity=$106,465
2026-04-03 16:56:24 | DEBUG    | [20240422] 1 trades, day P&L=$+45, equity=$106,510
2026-04-03 16:56:24 | DEBUG    | [20240715] 1 trades, day P&L=$+45, equity=$106,555
2026-04-03 16:56:24 | DEBUG    | [20240729] 1 trades, day P&L=$+45, equity=$106,600
2026-04-03 16:56:24 | DEBUG    | [20240730] 1 trades, day P&L=$+120, equity=$106,720
2026-04-03 16:56:24 | DEBUG    | [20240812] 2 trades, day P&L=$+390, equity=$107,110
2026-04-03 16:56:24 | DEBUG    | [20240813] 1 trades, day P&L=$+45, equity=$107,155
2026-04-03 16:56:24 | DEBUG    | [20240820] 1 trades, day P&L=$+45, equity=$107,200
2026-04-03 16:56:24 | DEBUG    | [20240903] 1 trades, day P&L=$+420, equity=$107,620
2026-04-03 16:56:24 | DEBUG    | [20240930] 1 trades, day P&L=$+645, equity=$108,265
2026-04-03 16:56:24 | DEBUG    | [20241001] 1 trades, day P&L=$+195, equity=$108,460
2026-04-03 16:56:24 | DEBUG    | [20241104] 1 trades, day P&L=$+45, equity=$108,505
2026-04-03 16:56:24 | DEBUG    | [20241230] 2 trades, day P&L=$+315, equity=$108,820
2026-04-03 16:56:24 | DEBUG    | [20241231] 1 trades, day P&L=$+570, equity=$109,390
2026-04-03 16:56:24 | DEBUG    | [20250107] 1 trades, day P&L=$+270, equity=$109,660
2026-04-03 16:56:24 | DEBUG    | [20250127] 1 trades, day P&L=$+45, equity=$109,705
2026-04-03 16:56:24 | DEBUG    | [20250203] 1 trades, day P&L=$+195, equity=$109,900
2026-04-03 16:56:25 | DEBUG    | [20250225] 1 trades, day P&L=$+195, equity=$110,095
2026-04-03 16:56:25 | DEBUG    | [20250310] 1 trades, day P&L=$+870, equity=$110,965
2026-04-03 16:56:25 | DEBUG    | [20250318] 1 trades, day P&L=$+45, equity=$111,010
2026-04-03 16:56:25 | DEBUG    | [20250401] 1 trades, day P&L=$+45, equity=$111,055
2026-04-03 16:56:25 | DEBUG    | [20250408] 1 trades, day P&L=$+1620, equity=$112,675
2026-04-03 16:56:25 | DEBUG    | [20250415] 2 trades, day P&L=$+165, equity=$112,840
2026-04-03 16:56:25 | DEBUG    | [20250421] 1 trades, day P&L=$+720, equity=$113,560
2026-04-03 16:56:25 | DEBUG    | [20250428] 2 trades, day P&L=$+240, equity=$113,800
2026-04-03 16:56:25 | DEBUG    | [20250506] 1 trades, day P&L=$+195, equity=$113,995
2026-04-03 16:56:25 | DEBUG    | [20250512] 1 trades, day P&L=$+195, equity=$114,190
2026-04-03 16:56:25 | DEBUG    | [20250630] 1 trades, day P&L=$+45, equity=$114,235
2026-04-03 16:56:25 | DEBUG    | [20250811] 1 trades, day P&L=$+45, equity=$114,280
2026-04-03 16:56:25 | DEBUG    | [20250930] 1 trades, day P&L=$+45, equity=$114,325
2026-04-03 16:56:25 | DEBUG    | [20251117] 1 trades, day P&L=$+195, equity=$114,520
2026-04-03 16:56:25 | DEBUG    | [20251118] 2 trades, day P&L=$+240, equity=$114,760
2026-04-03 16:56:25 | DEBUG    | [20260120] 1 trades, day P&L=$+45, equity=$114,805
2026-04-03 16:56:25 | DEBUG    | [20260302] 1 trades, day P&L=$+120, equity=$114,925
2026-04-03 16:56:25 | DEBUG    | [20260303] 1 trades, day P&L=$+120, equity=$115,045
2026-04-03 16:56:25 | DEBUG    | [20260309] 1 trades, day P&L=$+120, equity=$115,165
2026-04-03 16:56:25 | DEBUG    | [20260310] 1 trades, day P&L=$+120, equity=$115,285
2026-04-03 16:56:25 | DEBUG    | [20260324] 1 trades, day P&L=$+45, equity=$115,330
2026-04-03 16:56:25 | INFO     | ============================================================
2026-04-03 16:56:25 | INFO     | SKIP REASONS:
2026-04-03 16:56:25 | INFO     |   dow_filter          : 551
2026-04-03 16:56:25 | INFO     |   early_close         : 6
2026-04-03 16:56:25 | INFO     |   no_quotes           : 11
2026-04-03 16:56:25 | INFO     |   prior_return        : 147
2026-04-03 16:56:25 | INFO     |   TOTAL TRADES        : 74
2026-04-03 16:56:25 | INFO     | ============================================================
2026-04-03 16:56:25 | DEBUG    | [20220331] 2 trades, day P&L=$+915, equity=$100,915
2026-04-03 16:56:25 | DEBUG    | [20220630] 1 trades, day P&L=$+120, equity=$101,035
2026-04-03 16:56:25 | DEBUG    | [20221006] 1 trades, day P&L=$+45, equity=$101,080
2026-04-03 16:56:25 | DEBUG    | [20221013] 2 trades, day P&L=$+165, equity=$101,245
2026-04-03 16:56:26 | DEBUG    | [20240808] 1 trades, day P&L=$+45, equity=$101,290
2026-04-03 16:56:26 | DEBUG    | [20240829] 1 trades, day P&L=$+45, equity=$101,335
2026-04-03 16:56:26 | DEBUG    | [20240905] 1 trades, day P&L=$+45, equity=$101,380
2026-04-03 16:56:26 | DEBUG    | [20240919] 1 trades, day P&L=$+45, equity=$101,425
2026-04-03 16:56:26 | DEBUG    | [20241031] 1 trades, day P&L=$+45, equity=$101,470
2026-04-03 16:56:26 | DEBUG    | [20250102] 1 trades, day P&L=$+45, equity=$101,515
2026-04-03 16:56:26 | DEBUG    | [20250130] 1 trades, day P&L=$+45, equity=$101,560
2026-04-03 16:56:26 | DEBUG    | [20250227] 1 trades, day P&L=$+45, equity=$101,605
2026-04-03 16:56:26 | DEBUG    | [20250306] 1 trades, day P&L=$+645, equity=$102,250
2026-04-03 16:56:26 | DEBUG    | [20250313] 1 trades, day P&L=$+120, equity=$102,370
2026-04-03 16:56:26 | DEBUG    | [20250327] 1 trades, day P&L=$+45, equity=$102,415
2026-04-03 16:56:26 | DEBUG    | [20250403] 1 trades, day P&L=$+795, equity=$103,210
2026-04-03 16:56:26 | DEBUG    | [20250501] 1 trades, day P&L=$+45, equity=$103,255
2026-04-03 16:56:26 | DEBUG    | [20250508] 2 trades, day P&L=$+465, equity=$103,720
2026-04-03 16:56:26 | DEBUG    | [20250529] 1 trades, day P&L=$+120, equity=$103,840
2026-04-03 16:56:26 | DEBUG    | [20250605] 1 trades, day P&L=$+120, equity=$103,960
2026-04-03 16:56:26 | DEBUG    | [20250731] 1 trades, day P&L=$+195, equity=$104,155
2026-04-03 16:56:26 | DEBUG    | [20251016] 1 trades, day P&L=$+270, equity=$104,425
2026-04-03 16:56:26 | DEBUG    | [20251113] 1 trades, day P&L=$+195, equity=$104,620
2026-04-03 16:56:26 | DEBUG    | [20251120] 1 trades, day P&L=$+195, equity=$104,815
2026-04-03 16:56:26 | DEBUG    | [20251218] 1 trades, day P&L=$+45, equity=$104,860
2026-04-03 16:56:26 | DEBUG    | [20260205] 1 trades, day P&L=$+45, equity=$104,905
2026-04-03 16:56:26 | DEBUG    | [20260212] 1 trades, day P&L=$+45, equity=$104,950
2026-04-03 16:56:26 | INFO     | ============================================================
2026-04-03 16:56:26 | INFO     | SKIP REASONS:
2026-04-03 16:56:26 | INFO     |   dow_filter          : 724
2026-04-03 16:56:26 | INFO     |   early_close         : 6
2026-04-03 16:56:26 | INFO     |   no_quotes           : 10
2026-04-03 16:56:26 | INFO     |   oi_filter           : 56
2026-04-03 16:56:26 | INFO     |   prior_return        : 147
2026-04-03 16:56:26 | INFO     |   TOTAL TRADES        : 30
2026-04-03 16:56:26 | INFO     | ============================================================
2026-04-03 16:56:26 | DEBUG    | [20220107] 1 trades, day P&L=$+195, equity=$100,195
2026-04-03 16:56:26 | DEBUG    | [20220114] 2 trades, day P&L=$+315, equity=$100,510
2026-04-03 16:56:26 | DEBUG    | [20220121] 2 trades, day P&L=$+1365, equity=$101,875
2026-04-03 16:56:26 | DEBUG    | [20220128] 2 trades, day P&L=$+915, equity=$102,790
2026-04-03 16:56:26 | DEBUG    | [20220225] 2 trades, day P&L=$+765, equity=$103,555
2026-04-03 16:56:26 | DEBUG    | [20220304] 2 trades, day P&L=$+540, equity=$104,095
2026-04-03 16:56:26 | DEBUG    | [20220311] 2 trades, day P&L=$+540, equity=$104,635
2026-04-03 16:56:26 | DEBUG    | [20220318] 1 trades, day P&L=$+345, equity=$104,980
2026-04-03 16:56:26 | DEBUG    | [20220325] 1 trades, day P&L=$+120, equity=$105,100
2026-04-03 16:56:26 | DEBUG    | [20220408] 2 trades, day P&L=$+390, equity=$105,490
2026-04-03 16:56:26 | DEBUG    | [20220422] 2 trades, day P&L=$+1290, equity=$106,780
2026-04-03 16:56:26 | DEBUG    | [20220513] 2 trades, day P&L=$+990, equity=$107,770
2026-04-03 16:56:26 | DEBUG    | [20220520] 2 trades, day P&L=$+1140, equity=$108,910
2026-04-03 16:56:26 | DEBUG    | [20220624] 1 trades, day P&L=$+45, equity=$108,955
2026-04-03 16:56:26 | DEBUG    | [20220701] 1 trades, day P&L=$+45, equity=$109,000
2026-04-03 16:56:26 | DEBUG    | [20220715] 1 trades, day P&L=$+120, equity=$109,120
2026-04-03 16:56:26 | DEBUG    | [20220826] 1 trades, day P&L=$+45, equity=$109,165
2026-04-03 16:56:26 | DEBUG    | [20220902] 2 trades, day P&L=$+240, equity=$109,405
2026-04-03 16:56:26 | DEBUG    | [20220916] 2 trades, day P&L=$+315, equity=$109,720
2026-04-03 16:56:26 | DEBUG    | [20220923] 2 trades, day P&L=$+540, equity=$110,260
2026-04-03 16:56:26 | DEBUG    | [20221007] 2 trades, day P&L=$+690, equity=$110,950
2026-04-03 16:56:26 | DEBUG    | [20221104] 1 trades, day P&L=$+45, equity=$110,995
2026-04-03 16:56:26 | DEBUG    | [20221118] 1 trades, day P&L=$+45, equity=$111,040
2026-04-03 16:56:26 | DEBUG    | [20221209] 1 trades, day P&L=$+45, equity=$111,085
2026-04-03 16:56:27 | DEBUG    | [20230203] 2 trades, day P&L=$+90, equity=$111,175
2026-04-03 16:56:27 | DEBUG    | [20230324] 1 trades, day P&L=$+120, equity=$111,295
2026-04-03 16:56:27 | DEBUG    | [20230331] 1 trades, day P&L=$+45, equity=$111,340
2026-04-03 16:56:27 | DEBUG    | [20230804] 1 trades, day P&L=$+120, equity=$111,460
2026-04-03 16:56:27 | DEBUG    | [20231229] 1 trades, day P&L=$+120, equity=$111,580
2026-04-03 16:56:27 | DEBUG    | [20240308] 1 trades, day P&L=$+120, equity=$111,700
2026-04-03 16:56:27 | DEBUG    | [20240315] 1 trades, day P&L=$+120, equity=$111,820
2026-04-03 16:56:27 | DEBUG    | [20240405] 1 trades, day P&L=$+120, equity=$111,940
2026-04-03 16:56:27 | DEBUG    | [20240419] 1 trades, day P&L=$+270, equity=$112,210
2026-04-03 16:56:27 | DEBUG    | [20240531] 1 trades, day P&L=$+120, equity=$112,330
2026-04-03 16:56:27 | DEBUG    | [20240607] 1 trades, day P&L=$+45, equity=$112,375
2026-04-03 16:56:27 | DEBUG    | [20240621] 1 trades, day P&L=$+45, equity=$112,420
2026-04-03 16:56:27 | DEBUG    | [20240628] 1 trades, day P&L=$+720, equity=$113,140
2026-04-03 16:56:27 | DEBUG    | [20240712] 1 trades, day P&L=$+120, equity=$113,260
2026-04-03 16:56:27 | DEBUG    | [20240726] 2 trades, day P&L=$+840, equity=$114,100
2026-04-03 16:56:27 | DEBUG    | [20240802] 1 trades, day P&L=$+1020, equity=$115,120
2026-04-03 16:56:27 | DEBUG    | [20240823] 1 trades, day P&L=$+45, equity=$115,165
2026-04-03 16:56:27 | DEBUG    | [20240830] 1 trades, day P&L=$+495, equity=$115,660
2026-04-03 16:56:27 | DEBUG    | [20240906] 1 trades, day P&L=$+795, equity=$116,455
2026-04-03 16:56:27 | DEBUG    | [20240913] 1 trades, day P&L=$+45, equity=$116,500
2026-04-03 16:56:27 | DEBUG    | [20241004] 1 trades, day P&L=$+45, equity=$116,545
2026-04-03 16:56:27 | DEBUG    | [20241025] 1 trades, day P&L=$+45, equity=$116,590
2026-04-03 16:56:27 | DEBUG    | [20241115] 1 trades, day P&L=$+45, equity=$116,635
2026-04-03 16:56:27 | DEBUG    | [20241220] 1 trades, day P&L=$+495, equity=$117,130
2026-04-03 16:56:27 | DEBUG    | [20250110] 1 trades, day P&L=$+270, equity=$117,400
2026-04-03 16:56:27 | DEBUG    | [20250124] 1 trades, day P&L=$+120, equity=$117,520
2026-04-03 16:56:27 | DEBUG    | [20250131] 1 trades, day P&L=$+570, equity=$118,090
2026-04-03 16:56:27 | DEBUG    | [20250207] 1 trades, day P&L=$+45, equity=$118,135
2026-04-03 16:56:27 | DEBUG    | [20250221] 1 trades, day P&L=$+45, equity=$118,180
2026-04-03 16:56:27 | DEBUG    | [20250314] 1 trades, day P&L=$+270, equity=$118,450
2026-04-03 16:56:27 | DEBUG    | [20250321] 1 trades, day P&L=$+270, equity=$118,720
2026-04-03 16:56:27 | DEBUG    | [20250328] 1 trades, day P&L=$+495, equity=$119,215
2026-04-03 16:56:27 | DEBUG    | [20250502] 1 trades, day P&L=$+195, equity=$119,410
2026-04-03 16:56:27 | DEBUG    | [20250509] 2 trades, day P&L=$+165, equity=$119,575
2026-04-03 16:56:27 | DEBUG    | [20250523] 1 trades, day P&L=$+270, equity=$119,845
2026-04-03 16:56:27 | DEBUG    | [20250530] 2 trades, day P&L=$+2190, equity=$122,035
2026-04-03 16:56:27 | DEBUG    | [20250613] 1 trades, day P&L=$+120, equity=$122,155
2026-04-03 16:56:27 | DEBUG    | [20250620] 1 trades, day P&L=$+45, equity=$122,200
2026-04-03 16:56:27 | DEBUG    | [20250711] 1 trades, day P&L=$+45, equity=$122,245
2026-04-03 16:56:27 | DEBUG    | [20250801] 1 trades, day P&L=$+420, equity=$122,665
2026-04-03 16:56:27 | DEBUG    | [20250815] 1 trades, day P&L=$+45, equity=$122,710
2026-04-03 16:56:27 | DEBUG    | [20250829] 1 trades, day P&L=$+120, equity=$122,830
2026-04-03 16:56:27 | DEBUG    | [20250905] 1 trades, day P&L=$+120, equity=$122,950
2026-04-03 16:56:27 | DEBUG    | [20251010] 1 trades, day P&L=$+1020, equity=$123,970
2026-04-03 16:56:27 | DEBUG    | [20251031] 1 trades, day P&L=$+345, equity=$124,315
2026-04-03 16:56:27 | DEBUG    | [20251107] 1 trades, day P&L=$+45, equity=$124,360
2026-04-03 16:56:27 | DEBUG    | [20260102] 1 trades, day P&L=$+45, equity=$124,405
2026-04-03 16:56:27 | DEBUG    | [20260130] 2 trades, day P&L=$+465, equity=$124,870
2026-04-03 16:56:27 | DEBUG    | [20260206] 1 trades, day P&L=$+120, equity=$124,990
2026-04-03 16:56:27 | DEBUG    | [20260227] 1 trades, day P&L=$+120, equity=$125,110
2026-04-03 16:56:27 | DEBUG    | [20260320] 1 trades, day P&L=$+195, equity=$125,305
2026-04-03 16:56:27 | INFO     | ============================================================
2026-04-03 16:56:27 | INFO     | SKIP REASONS:
2026-04-03 16:56:27 | INFO     |   dow_filter          : 729
2026-04-03 16:56:27 | INFO     |   early_close         : 6
2026-04-03 16:56:27 | INFO     |   prior_return        : 147
2026-04-03 16:56:27 | INFO     |   TOTAL TRADES        : 94
2026-04-03 16:56:27 | INFO     | ============================================================
2026-04-03 16:56:27 | DEBUG    | [20220118] 1 trades, day P&L=$+72, equity=$100,072
2026-04-03 16:56:27 | DEBUG    | [20220207] 2 trades, day P&L=$+444, equity=$100,516
2026-04-03 16:56:27 | DEBUG    | [20220222] 2 trades, day P&L=$+744, equity=$101,260
2026-04-03 16:56:27 | DEBUG    | [20220307] 2 trades, day P&L=$+744, equity=$102,004
2026-04-03 16:56:27 | DEBUG    | [20220314] 2 trades, day P&L=$+294, equity=$102,298
2026-04-03 16:56:27 | DEBUG    | [20220509] 2 trades, day P&L=$+2394, equity=$104,692
2026-04-03 16:56:28 | DEBUG    | [20220517] 1 trades, day P&L=$+72, equity=$104,764
2026-04-03 16:56:28 | DEBUG    | [20220628] 1 trades, day P&L=$+72, equity=$104,836
2026-04-03 16:56:28 | DEBUG    | [20220705] 1 trades, day P&L=$+72, equity=$104,908
2026-04-03 16:56:28 | DEBUG    | [20220927] 2 trades, day P&L=$+444, equity=$105,352
2026-04-03 16:56:28 | DEBUG    | [20221003] 1 trades, day P&L=$+72, equity=$105,424
2026-04-03 16:56:28 | DEBUG    | [20230313] 1 trades, day P&L=$+222, equity=$105,646
2026-04-03 16:56:29 | DEBUG    | [20240416] 1 trades, day P&L=$+72, equity=$105,718
2026-04-03 16:56:29 | DEBUG    | [20240715] 1 trades, day P&L=$+72, equity=$105,790
2026-04-03 16:56:29 | DEBUG    | [20240729] 1 trades, day P&L=$+72, equity=$105,862
2026-04-03 16:56:29 | DEBUG    | [20240812] 2 trades, day P&L=$+594, equity=$106,456
2026-04-03 16:56:29 | DEBUG    | [20240813] 1 trades, day P&L=$+72, equity=$106,528
2026-04-03 16:56:29 | DEBUG    | [20240820] 1 trades, day P&L=$+72, equity=$106,600
2026-04-03 16:56:29 | DEBUG    | [20240903] 1 trades, day P&L=$+372, equity=$106,972
2026-04-03 16:56:29 | DEBUG    | [20240930] 1 trades, day P&L=$+822, equity=$107,794
2026-04-03 16:56:29 | DEBUG    | [20241001] 1 trades, day P&L=$+222, equity=$108,016
2026-04-03 16:56:29 | DEBUG    | [20241230] 2 trades, day P&L=$+444, equity=$108,460
2026-04-03 16:56:29 | DEBUG    | [20241231] 1 trades, day P&L=$+522, equity=$108,982
2026-04-03 16:56:29 | DEBUG    | [20250107] 1 trades, day P&L=$+222, equity=$109,204
2026-04-03 16:56:29 | DEBUG    | [20250127] 1 trades, day P&L=$+72, equity=$109,276
2026-04-03 16:56:29 | DEBUG    | [20250203] 1 trades, day P&L=$+222, equity=$109,498
2026-04-03 16:56:29 | DEBUG    | [20250310] 1 trades, day P&L=$+972, equity=$110,470
2026-04-03 16:56:29 | DEBUG    | [20250318] 1 trades, day P&L=$+72, equity=$110,542
2026-04-03 16:56:29 | DEBUG    | [20250408] 1 trades, day P&L=$+1122, equity=$111,664
2026-04-03 16:56:29 | DEBUG    | [20250421] 1 trades, day P&L=$+822, equity=$112,486
2026-04-03 16:56:29 | DEBUG    | [20250428] 1 trades, day P&L=$+222, equity=$112,708
2026-04-03 16:56:29 | DEBUG    | [20250506] 1 trades, day P&L=$+72, equity=$112,780
2026-04-03 16:56:30 | DEBUG    | [20250630] 1 trades, day P&L=$+72, equity=$112,852
2026-04-03 16:56:30 | DEBUG    | [20251117] 1 trades, day P&L=$+222, equity=$113,074
2026-04-03 16:56:30 | DEBUG    | [20251118] 1 trades, day P&L=$+222, equity=$113,296
2026-04-03 16:56:30 | DEBUG    | [20260303] 1 trades, day P&L=$+72, equity=$113,368
2026-04-03 16:56:30 | INFO     | ============================================================
2026-04-03 16:56:30 | INFO     | SKIP REASONS:
2026-04-03 16:56:30 | INFO     |   dow_filter          : 551
2026-04-03 16:56:30 | INFO     |   early_close         : 6
2026-04-03 16:56:30 | INFO     |   no_quotes           : 11
2026-04-03 16:56:30 | INFO     |   prior_return        : 147
2026-04-03 16:56:30 | INFO     |   TOTAL TRADES        : 44
2026-04-03 16:56:30 | INFO     | ============================================================
2026-04-03 16:56:30 | DEBUG    | [20220331] 1 trades, day P&L=$+672, equity=$100,672
2026-04-03 16:56:30 | DEBUG    | [20221006] 1 trades, day P&L=$+72, equity=$100,744
2026-04-03 16:56:31 | DEBUG    | [20241031] 1 trades, day P&L=$+72, equity=$100,816
2026-04-03 16:56:31 | DEBUG    | [20250306] 1 trades, day P&L=$+672, equity=$101,488
2026-04-03 16:56:31 | DEBUG    | [20250327] 1 trades, day P&L=$+72, equity=$101,560
2026-04-03 16:56:31 | DEBUG    | [20250403] 1 trades, day P&L=$+972, equity=$102,532
2026-04-03 16:56:31 | DEBUG    | [20250508] 2 trades, day P&L=$+444, equity=$102,976
2026-04-03 16:56:31 | DEBUG    | [20250529] 1 trades, day P&L=$+72, equity=$103,048
2026-04-03 16:56:31 | DEBUG    | [20250605] 1 trades, day P&L=$+72, equity=$103,120
2026-04-03 16:56:31 | DEBUG    | [20250731] 1 trades, day P&L=$+222, equity=$103,342
2026-04-03 16:56:31 | DEBUG    | [20251016] 1 trades, day P&L=$+222, equity=$103,564
2026-04-03 16:56:31 | DEBUG    | [20251113] 1 trades, day P&L=$+222, equity=$103,786
2026-04-03 16:56:31 | DEBUG    | [20251120] 1 trades, day P&L=$+222, equity=$104,008
2026-04-03 16:56:31 | INFO     | ============================================================
2026-04-03 16:56:31 | INFO     | SKIP REASONS:
2026-04-03 16:56:31 | INFO     |   dow_filter          : 724
2026-04-03 16:56:31 | INFO     |   early_close         : 6
2026-04-03 16:56:31 | INFO     |   no_quotes           : 10
2026-04-03 16:56:31 | INFO     |   oi_filter           : 55
2026-04-03 16:56:31 | INFO     |   prior_return        : 147
2026-04-03 16:56:31 | INFO     |   TOTAL TRADES        : 14
2026-04-03 16:56:31 | INFO     | ============================================================
2026-04-03 16:56:31 | DEBUG    | [20220107] 1 trades, day P&L=$+222, equity=$100,222
2026-04-03 16:56:31 | DEBUG    | [20220114] 2 trades, day P&L=$+444, equity=$100,666
2026-04-03 16:56:31 | DEBUG    | [20220121] 2 trades, day P&L=$+1344, equity=$102,010
2026-04-03 16:56:31 | DEBUG    | [20220128] 2 trades, day P&L=$+444, equity=$102,454
2026-04-03 16:56:31 | DEBUG    | [20220225] 2 trades, day P&L=$+894, equity=$103,348
2026-04-03 16:56:31 | DEBUG    | [20220304] 2 trades, day P&L=$+144, equity=$103,492
2026-04-03 16:56:31 | DEBUG    | [20220311] 2 trades, day P&L=$+294, equity=$103,786
2026-04-03 16:56:31 | DEBUG    | [20220318] 1 trades, day P&L=$+372, equity=$104,158
2026-04-03 16:56:31 | DEBUG    | [20220408] 1 trades, day P&L=$+522, equity=$104,680
2026-04-03 16:56:31 | DEBUG    | [20220422] 2 trades, day P&L=$+1194, equity=$105,874
2026-04-03 16:56:31 | DEBUG    | [20220513] 2 trades, day P&L=$+1044, equity=$106,918
2026-04-03 16:56:31 | DEBUG    | [20220520] 2 trades, day P&L=$+1344, equity=$108,262
2026-04-03 16:56:31 | DEBUG    | [20220916] 2 trades, day P&L=$+444, equity=$108,706
2026-04-03 16:56:31 | DEBUG    | [20220923] 2 trades, day P&L=$+594, equity=$109,300
2026-04-03 16:56:31 | DEBUG    | [20221007] 2 trades, day P&L=$+594, equity=$109,894
2026-04-03 16:56:32 | DEBUG    | [20230203] 2 trades, day P&L=$+144, equity=$110,038
2026-04-03 16:56:32 | DEBUG    | [20230331] 1 trades, day P&L=$+72, equity=$110,110
2026-04-03 16:56:32 | DEBUG    | [20240308] 1 trades, day P&L=$+222, equity=$110,332
2026-04-03 16:56:32 | DEBUG    | [20240419] 1 trades, day P&L=$+372, equity=$110,704
2026-04-03 16:56:32 | DEBUG    | [20240607] 1 trades, day P&L=$+72, equity=$110,776
2026-04-03 16:56:32 | DEBUG    | [20240621] 1 trades, day P&L=$+72, equity=$110,848
2026-04-03 16:56:32 | DEBUG    | [20240628] 1 trades, day P&L=$+822, equity=$111,670
2026-04-03 16:56:32 | DEBUG    | [20240726] 2 trades, day P&L=$+1194, equity=$112,864
2026-04-03 16:56:32 | DEBUG    | [20240802] 1 trades, day P&L=$+972, equity=$113,836
2026-04-03 16:56:32 | DEBUG    | [20240823] 1 trades, day P&L=$+72, equity=$113,908
2026-04-03 16:56:32 | DEBUG    | [20240830] 1 trades, day P&L=$+672, equity=$114,580
2026-04-03 16:56:32 | DEBUG    | [20240906] 1 trades, day P&L=$+972, equity=$115,552
2026-04-03 16:56:32 | DEBUG    | [20240913] 1 trades, day P&L=$+72, equity=$115,624
2026-04-03 16:56:32 | DEBUG    | [20241004] 1 trades, day P&L=$+72, equity=$115,696
2026-04-03 16:56:32 | DEBUG    | [20241115] 1 trades, day P&L=$+72, equity=$115,768
2026-04-03 16:56:32 | DEBUG    | [20241220] 1 trades, day P&L=$+522, equity=$116,290
2026-04-03 16:56:32 | DEBUG    | [20250110] 1 trades, day P&L=$+222, equity=$116,512
2026-04-03 16:56:32 | DEBUG    | [20250131] 1 trades, day P&L=$+672, equity=$117,184
2026-04-03 16:56:32 | DEBUG    | [20250314] 1 trades, day P&L=$+372, equity=$117,556
2026-04-03 16:56:32 | DEBUG    | [20250321] 1 trades, day P&L=$+372, equity=$117,928
2026-04-03 16:56:32 | DEBUG    | [20250328] 1 trades, day P&L=$+522, equity=$118,450
2026-04-03 16:56:32 | DEBUG    | [20250502] 1 trades, day P&L=$+222, equity=$118,672
2026-04-03 16:56:32 | DEBUG    | [20250523] 1 trades, day P&L=$+372, equity=$119,044
2026-04-03 16:56:32 | DEBUG    | [20250530] 2 trades, day P&L=$+2394, equity=$121,438
2026-04-03 16:56:32 | DEBUG    | [20250613] 1 trades, day P&L=$+72, equity=$121,510
2026-04-03 16:56:32 | DEBUG    | [20250620] 1 trades, day P&L=$+72, equity=$121,582
2026-04-03 16:56:32 | DEBUG    | [20250801] 1 trades, day P&L=$+522, equity=$122,104
2026-04-03 16:56:32 | DEBUG    | [20250815] 1 trades, day P&L=$+72, equity=$122,176
2026-04-03 16:56:32 | DEBUG    | [20251010] 1 trades, day P&L=$+1122, equity=$123,298
2026-04-03 16:56:32 | DEBUG    | [20251031] 1 trades, day P&L=$+372, equity=$123,670
2026-04-03 16:56:32 | DEBUG    | [20260102] 1 trades, day P&L=$+72, equity=$123,742
2026-04-03 16:56:32 | DEBUG    | [20260130] 2 trades, day P&L=$+294, equity=$124,036
2026-04-03 16:56:32 | DEBUG    | [20260206] 1 trades, day P&L=$+72, equity=$124,108
2026-04-03 16:56:32 | DEBUG    | [20260227] 1 trades, day P&L=$+72, equity=$124,180
2026-04-03 16:56:32 | DEBUG    | [20260306] 1 trades, day P&L=$+372, equity=$124,552
2026-04-03 16:56:32 | DEBUG    | [20260320] 1 trades, day P&L=$+222, equity=$124,774
2026-04-03 16:56:32 | INFO     | ============================================================
2026-04-03 16:56:32 | INFO     | SKIP REASONS:
2026-04-03 16:56:32 | INFO     |   dow_filter          : 729
2026-04-03 16:56:32 | INFO     |   early_close         : 6
2026-04-03 16:56:32 | INFO     |   prior_return        : 147
2026-04-03 16:56:32 | INFO     |   TOTAL TRADES        : 67
2026-04-03 16:56:32 | INFO     | ============================================================
2026-04-03 16:56:32 | DEBUG    | [20220110] 2 trades, day P&L=$+72, equity=$100,072
2026-04-03 16:56:32 | DEBUG    | [20220118] 2 trades, day P&L=$+222, equity=$100,294
2026-04-03 16:56:33 | DEBUG    | [20220207] 2 trades, day P&L=$+372, equity=$100,666
2026-04-03 16:56:33 | DEBUG    | [20220222] 2 trades, day P&L=$+897, equity=$101,563
2026-04-03 16:56:33 | DEBUG    | [20220307] 2 trades, day P&L=$+522, equity=$102,085
2026-04-03 16:56:33 | DEBUG    | [20220314] 2 trades, day P&L=$+372, equity=$102,457
2026-04-03 16:56:33 | DEBUG    | [20220418] 1 trades, day P&L=$+36, equity=$102,493
2026-04-03 16:56:33 | DEBUG    | [20220426] 2 trades, day P&L=$+597, equity=$103,090
2026-04-03 16:56:33 | DEBUG    | [20220503] 1 trades, day P&L=$+186, equity=$103,276
2026-04-03 16:56:33 | DEBUG    | [20220509] 2 trades, day P&L=$+1872, equity=$105,148
2026-04-03 16:56:33 | DEBUG    | [20220517] 1 trades, day P&L=$+36, equity=$105,184
2026-04-03 16:56:33 | DEBUG    | [20220628] 1 trades, day P&L=$+36, equity=$105,220
2026-04-03 16:56:33 | DEBUG    | [20220705] 1 trades, day P&L=$+36, equity=$105,256
2026-04-03 16:56:33 | DEBUG    | [20220913] 1 trades, day P&L=$+36, equity=$105,292
2026-04-03 16:56:33 | DEBUG    | [20220927] 2 trades, day P&L=$+297, equity=$105,589
2026-04-03 16:56:33 | DEBUG    | [20221003] 1 trades, day P&L=$+36, equity=$105,625
2026-04-03 16:56:33 | DEBUG    | [20221011] 1 trades, day P&L=$+36, equity=$105,661
2026-04-03 16:56:33 | DEBUG    | [20221115] 1 trades, day P&L=$+111, equity=$105,772
2026-04-03 16:56:33 | DEBUG    | [20221213] 1 trades, day P&L=$+36, equity=$105,808
2026-04-03 16:56:33 | DEBUG    | [20230313] 1 trades, day P&L=$+186, equity=$105,994
2026-04-03 16:56:34 | DEBUG    | [20240415] 1 trades, day P&L=$+36, equity=$106,030
2026-04-03 16:56:34 | DEBUG    | [20240416] 2 trades, day P&L=$+147, equity=$106,177
2026-04-03 16:56:34 | DEBUG    | [20240422] 1 trades, day P&L=$+36, equity=$106,213
2026-04-03 16:56:34 | DEBUG    | [20240715] 1 trades, day P&L=$+36, equity=$106,249
2026-04-03 16:56:34 | DEBUG    | [20240729] 1 trades, day P&L=$+36, equity=$106,285
2026-04-03 16:56:34 | DEBUG    | [20240730] 1 trades, day P&L=$+111, equity=$106,396
2026-04-03 16:56:34 | DEBUG    | [20240812] 2 trades, day P&L=$+372, equity=$106,768
2026-04-03 16:56:34 | DEBUG    | [20240813] 1 trades, day P&L=$+36, equity=$106,804
2026-04-03 16:56:34 | DEBUG    | [20240820] 1 trades, day P&L=$+36, equity=$106,840
2026-04-03 16:56:34 | DEBUG    | [20240903] 1 trades, day P&L=$+411, equity=$107,251
2026-04-03 16:56:34 | DEBUG    | [20240930] 1 trades, day P&L=$+636, equity=$107,887
2026-04-03 16:56:34 | DEBUG    | [20241001] 1 trades, day P&L=$+186, equity=$108,073
2026-04-03 16:56:34 | DEBUG    | [20241104] 1 trades, day P&L=$+36, equity=$108,109
2026-04-03 16:56:34 | DEBUG    | [20241230] 2 trades, day P&L=$+297, equity=$108,406
2026-04-03 16:56:34 | DEBUG    | [20241231] 1 trades, day P&L=$+561, equity=$108,967
2026-04-03 16:56:34 | DEBUG    | [20250107] 1 trades, day P&L=$+261, equity=$109,228
2026-04-03 16:56:34 | DEBUG    | [20250127] 1 trades, day P&L=$+36, equity=$109,264
2026-04-03 16:56:34 | DEBUG    | [20250203] 1 trades, day P&L=$+186, equity=$109,450
2026-04-03 16:56:34 | DEBUG    | [20250225] 1 trades, day P&L=$+186, equity=$109,636
2026-04-03 16:56:34 | DEBUG    | [20250310] 1 trades, day P&L=$+861, equity=$110,497
2026-04-03 16:56:34 | DEBUG    | [20250318] 1 trades, day P&L=$+36, equity=$110,533
2026-04-03 16:56:34 | DEBUG    | [20250401] 1 trades, day P&L=$+36, equity=$110,569
2026-04-03 16:56:34 | DEBUG    | [20250408] 1 trades, day P&L=$+1611, equity=$112,180
2026-04-03 16:56:34 | DEBUG    | [20250415] 2 trades, day P&L=$+147, equity=$112,327
2026-04-03 16:56:34 | DEBUG    | [20250421] 1 trades, day P&L=$+711, equity=$113,038
2026-04-03 16:56:34 | DEBUG    | [20250428] 2 trades, day P&L=$+222, equity=$113,260
2026-04-03 16:56:34 | DEBUG    | [20250506] 1 trades, day P&L=$+186, equity=$113,446
2026-04-03 16:56:34 | DEBUG    | [20250512] 1 trades, day P&L=$+186, equity=$113,632
2026-04-03 16:56:34 | DEBUG    | [20250630] 1 trades, day P&L=$+36, equity=$113,668
2026-04-03 16:56:34 | DEBUG    | [20250811] 1 trades, day P&L=$+36, equity=$113,704
2026-04-03 16:56:34 | DEBUG    | [20250930] 1 trades, day P&L=$+36, equity=$113,740
2026-04-03 16:56:35 | DEBUG    | [20251117] 1 trades, day P&L=$+186, equity=$113,926
2026-04-03 16:56:35 | DEBUG    | [20251118] 2 trades, day P&L=$+222, equity=$114,148
2026-04-03 16:56:35 | DEBUG    | [20260120] 1 trades, day P&L=$+36, equity=$114,184
2026-04-03 16:56:35 | DEBUG    | [20260302] 1 trades, day P&L=$+111, equity=$114,295
2026-04-03 16:56:35 | DEBUG    | [20260303] 1 trades, day P&L=$+111, equity=$114,406
2026-04-03 16:56:35 | DEBUG    | [20260309] 1 trades, day P&L=$+111, equity=$114,517
2026-04-03 16:56:35 | DEBUG    | [20260310] 1 trades, day P&L=$+111, equity=$114,628
2026-04-03 16:56:35 | DEBUG    | [20260324] 1 trades, day P&L=$+36, equity=$114,664
2026-04-03 16:56:35 | INFO     | ============================================================
2026-04-03 16:56:35 | INFO     | SKIP REASONS:
2026-04-03 16:56:35 | INFO     |   dow_filter          : 551
2026-04-03 16:56:35 | INFO     |   early_close         : 6
2026-04-03 16:56:35 | INFO     |   no_quotes           : 11
2026-04-03 16:56:35 | INFO     |   prior_return        : 147
2026-04-03 16:56:35 | INFO     |   TOTAL TRADES        : 74
2026-04-03 16:56:35 | INFO     | ============================================================
2026-04-03 16:56:35 | DEBUG    | [20220331] 2 trades, day P&L=$+897, equity=$100,897
2026-04-03 16:56:35 | DEBUG    | [20220630] 1 trades, day P&L=$+111, equity=$101,008
2026-04-03 16:56:35 | DEBUG    | [20221006] 1 trades, day P&L=$+36, equity=$101,044
2026-04-03 16:56:35 | DEBUG    | [20221013] 2 trades, day P&L=$+147, equity=$101,191
2026-04-03 16:56:36 | DEBUG    | [20240808] 1 trades, day P&L=$+36, equity=$101,227
2026-04-03 16:56:36 | DEBUG    | [20240829] 1 trades, day P&L=$+36, equity=$101,263
2026-04-03 16:56:36 | DEBUG    | [20240905] 1 trades, day P&L=$+36, equity=$101,299
2026-04-03 16:56:36 | DEBUG    | [20240919] 1 trades, day P&L=$+36, equity=$101,335
2026-04-03 16:56:36 | DEBUG    | [20241031] 1 trades, day P&L=$+36, equity=$101,371
2026-04-03 16:56:36 | DEBUG    | [20250102] 1 trades, day P&L=$+36, equity=$101,407
2026-04-03 16:56:36 | DEBUG    | [20250130] 1 trades, day P&L=$+36, equity=$101,443
2026-04-03 16:56:36 | DEBUG    | [20250227] 1 trades, day P&L=$+36, equity=$101,479
2026-04-03 16:56:36 | DEBUG    | [20250306] 1 trades, day P&L=$+636, equity=$102,115
2026-04-03 16:56:36 | DEBUG    | [20250313] 1 trades, day P&L=$+111, equity=$102,226
2026-04-03 16:56:36 | DEBUG    | [20250327] 1 trades, day P&L=$+36, equity=$102,262
2026-04-03 16:56:36 | DEBUG    | [20250403] 1 trades, day P&L=$+786, equity=$103,048
2026-04-03 16:56:36 | DEBUG    | [20250501] 1 trades, day P&L=$+36, equity=$103,084
2026-04-03 16:56:36 | DEBUG    | [20250508] 2 trades, day P&L=$+447, equity=$103,531
2026-04-03 16:56:36 | DEBUG    | [20250529] 1 trades, day P&L=$+111, equity=$103,642
2026-04-03 16:56:36 | DEBUG    | [20250605] 1 trades, day P&L=$+111, equity=$103,753
2026-04-03 16:56:36 | DEBUG    | [20250731] 1 trades, day P&L=$+186, equity=$103,939
2026-04-03 16:56:36 | DEBUG    | [20251016] 1 trades, day P&L=$+261, equity=$104,200
2026-04-03 16:56:36 | DEBUG    | [20251113] 1 trades, day P&L=$+186, equity=$104,386
2026-04-03 16:56:36 | DEBUG    | [20251120] 1 trades, day P&L=$+186, equity=$104,572
2026-04-03 16:56:36 | DEBUG    | [20251218] 1 trades, day P&L=$+36, equity=$104,608
2026-04-03 16:56:36 | DEBUG    | [20260205] 1 trades, day P&L=$+36, equity=$104,644
2026-04-03 16:56:36 | DEBUG    | [20260212] 1 trades, day P&L=$+36, equity=$104,680
2026-04-03 16:56:36 | INFO     | ============================================================
2026-04-03 16:56:36 | INFO     | SKIP REASONS:
2026-04-03 16:56:36 | INFO     |   dow_filter          : 724
2026-04-03 16:56:36 | INFO     |   early_close         : 6
2026-04-03 16:56:36 | INFO     |   no_quotes           : 10
2026-04-03 16:56:36 | INFO     |   oi_filter           : 56
2026-04-03 16:56:36 | INFO     |   prior_return        : 147
2026-04-03 16:56:36 | INFO     |   TOTAL TRADES        : 30
2026-04-03 16:56:36 | INFO     | ============================================================
2026-04-03 16:56:36 | DEBUG    | [20220107] 1 trades, day P&L=$+186, equity=$100,186
2026-04-03 16:56:36 | DEBUG    | [20220114] 2 trades, day P&L=$+297, equity=$100,483
2026-04-03 16:56:36 | DEBUG    | [20220121] 2 trades, day P&L=$+1347, equity=$101,830
2026-04-03 16:56:36 | DEBUG    | [20220128] 2 trades, day P&L=$+897, equity=$102,727
2026-04-03 16:56:36 | DEBUG    | [20220225] 2 trades, day P&L=$+747, equity=$103,474
2026-04-03 16:56:36 | DEBUG    | [20220304] 2 trades, day P&L=$+522, equity=$103,996
2026-04-03 16:56:36 | DEBUG    | [20220311] 2 trades, day P&L=$+522, equity=$104,518
2026-04-03 16:56:36 | DEBUG    | [20220318] 1 trades, day P&L=$+336, equity=$104,854
2026-04-03 16:56:36 | DEBUG    | [20220325] 1 trades, day P&L=$+111, equity=$104,965
2026-04-03 16:56:36 | DEBUG    | [20220408] 2 trades, day P&L=$+372, equity=$105,337
2026-04-03 16:56:36 | DEBUG    | [20220422] 2 trades, day P&L=$+1272, equity=$106,609
2026-04-03 16:56:36 | DEBUG    | [20220513] 2 trades, day P&L=$+972, equity=$107,581
2026-04-03 16:56:36 | DEBUG    | [20220520] 2 trades, day P&L=$+1122, equity=$108,703
2026-04-03 16:56:36 | DEBUG    | [20220624] 1 trades, day P&L=$+36, equity=$108,739
2026-04-03 16:56:36 | DEBUG    | [20220701] 1 trades, day P&L=$+36, equity=$108,775
2026-04-03 16:56:36 | DEBUG    | [20220715] 1 trades, day P&L=$+111, equity=$108,886
2026-04-03 16:56:36 | DEBUG    | [20220826] 1 trades, day P&L=$+36, equity=$108,922
2026-04-03 16:56:36 | DEBUG    | [20220902] 2 trades, day P&L=$+222, equity=$109,144
2026-04-03 16:56:36 | DEBUG    | [20220916] 2 trades, day P&L=$+297, equity=$109,441
2026-04-03 16:56:36 | DEBUG    | [20220923] 2 trades, day P&L=$+522, equity=$109,963
2026-04-03 16:56:36 | DEBUG    | [20221007] 2 trades, day P&L=$+672, equity=$110,635
2026-04-03 16:56:36 | DEBUG    | [20221104] 1 trades, day P&L=$+36, equity=$110,671
2026-04-03 16:56:36 | DEBUG    | [20221118] 1 trades, day P&L=$+36, equity=$110,707
2026-04-03 16:56:36 | DEBUG    | [20221209] 1 trades, day P&L=$+36, equity=$110,743
2026-04-03 16:56:36 | DEBUG    | [20230203] 2 trades, day P&L=$+72, equity=$110,815
2026-04-03 16:56:36 | DEBUG    | [20230324] 1 trades, day P&L=$+111, equity=$110,926
2026-04-03 16:56:36 | DEBUG    | [20230331] 1 trades, day P&L=$+36, equity=$110,962
2026-04-03 16:56:36 | DEBUG    | [20230804] 1 trades, day P&L=$+111, equity=$111,073
2026-04-03 16:56:37 | DEBUG    | [20231229] 1 trades, day P&L=$+111, equity=$111,184
2026-04-03 16:56:37 | DEBUG    | [20240308] 1 trades, day P&L=$+111, equity=$111,295
2026-04-03 16:56:37 | DEBUG    | [20240315] 1 trades, day P&L=$+111, equity=$111,406
2026-04-03 16:56:37 | DEBUG    | [20240405] 1 trades, day P&L=$+111, equity=$111,517
2026-04-03 16:56:37 | DEBUG    | [20240419] 1 trades, day P&L=$+261, equity=$111,778
2026-04-03 16:56:37 | DEBUG    | [20240531] 1 trades, day P&L=$+111, equity=$111,889
2026-04-03 16:56:37 | DEBUG    | [20240607] 1 trades, day P&L=$+36, equity=$111,925
2026-04-03 16:56:37 | DEBUG    | [20240621] 1 trades, day P&L=$+36, equity=$111,961
2026-04-03 16:56:37 | DEBUG    | [20240628] 1 trades, day P&L=$+711, equity=$112,672
2026-04-03 16:56:37 | DEBUG    | [20240712] 1 trades, day P&L=$+111, equity=$112,783
2026-04-03 16:56:37 | DEBUG    | [20240726] 2 trades, day P&L=$+822, equity=$113,605
2026-04-03 16:56:37 | DEBUG    | [20240802] 1 trades, day P&L=$+1011, equity=$114,616
2026-04-03 16:56:37 | DEBUG    | [20240823] 1 trades, day P&L=$+36, equity=$114,652
2026-04-03 16:56:37 | DEBUG    | [20240830] 1 trades, day P&L=$+486, equity=$115,138
2026-04-03 16:56:37 | DEBUG    | [20240906] 1 trades, day P&L=$+786, equity=$115,924
2026-04-03 16:56:37 | DEBUG    | [20240913] 1 trades, day P&L=$+36, equity=$115,960
2026-04-03 16:56:37 | DEBUG    | [20241004] 1 trades, day P&L=$+36, equity=$115,996
2026-04-03 16:56:37 | DEBUG    | [20241025] 1 trades, day P&L=$+36, equity=$116,032
2026-04-03 16:56:37 | DEBUG    | [20241115] 1 trades, day P&L=$+36, equity=$116,068
2026-04-03 16:56:37 | DEBUG    | [20241220] 1 trades, day P&L=$+486, equity=$116,554
2026-04-03 16:56:37 | DEBUG    | [20250110] 1 trades, day P&L=$+261, equity=$116,815
2026-04-03 16:56:37 | DEBUG    | [20250124] 1 trades, day P&L=$+111, equity=$116,926
2026-04-03 16:56:37 | DEBUG    | [20250131] 1 trades, day P&L=$+561, equity=$117,487
2026-04-03 16:56:37 | DEBUG    | [20250207] 1 trades, day P&L=$+36, equity=$117,523
2026-04-03 16:56:37 | DEBUG    | [20250221] 1 trades, day P&L=$+36, equity=$117,559
2026-04-03 16:56:37 | DEBUG    | [20250314] 1 trades, day P&L=$+261, equity=$117,820
2026-04-03 16:56:37 | DEBUG    | [20250321] 1 trades, day P&L=$+261, equity=$118,081
2026-04-03 16:56:37 | DEBUG    | [20250328] 1 trades, day P&L=$+486, equity=$118,567
2026-04-03 16:56:37 | DEBUG    | [20250502] 1 trades, day P&L=$+186, equity=$118,753
2026-04-03 16:56:37 | DEBUG    | [20250509] 2 trades, day P&L=$+147, equity=$118,900
2026-04-03 16:56:37 | DEBUG    | [20250523] 1 trades, day P&L=$+261, equity=$119,161
2026-04-03 16:56:37 | DEBUG    | [20250530] 2 trades, day P&L=$+2172, equity=$121,333
2026-04-03 16:56:37 | DEBUG    | [20250613] 1 trades, day P&L=$+111, equity=$121,444
2026-04-03 16:56:37 | DEBUG    | [20250620] 1 trades, day P&L=$+36, equity=$121,480
2026-04-03 16:56:37 | DEBUG    | [20250711] 1 trades, day P&L=$+36, equity=$121,516
2026-04-03 16:56:37 | DEBUG    | [20250801] 1 trades, day P&L=$+411, equity=$121,927
2026-04-03 16:56:37 | DEBUG    | [20250815] 1 trades, day P&L=$+36, equity=$121,963
2026-04-03 16:56:37 | DEBUG    | [20250829] 1 trades, day P&L=$+111, equity=$122,074
2026-04-03 16:56:37 | DEBUG    | [20250905] 1 trades, day P&L=$+111, equity=$122,185
2026-04-03 16:56:37 | DEBUG    | [20251010] 1 trades, day P&L=$+1011, equity=$123,196
2026-04-03 16:56:37 | DEBUG    | [20251031] 1 trades, day P&L=$+336, equity=$123,532
2026-04-03 16:56:37 | DEBUG    | [20251107] 1 trades, day P&L=$+36, equity=$123,568
2026-04-03 16:56:37 | DEBUG    | [20260102] 1 trades, day P&L=$+36, equity=$123,604
2026-04-03 16:56:37 | DEBUG    | [20260130] 2 trades, day P&L=$+447, equity=$124,051
2026-04-03 16:56:37 | DEBUG    | [20260206] 1 trades, day P&L=$+111, equity=$124,162
2026-04-03 16:56:37 | DEBUG    | [20260227] 1 trades, day P&L=$+111, equity=$124,273
2026-04-03 16:56:37 | DEBUG    | [20260320] 1 trades, day P&L=$+186, equity=$124,459
2026-04-03 16:56:37 | INFO     | ============================================================
2026-04-03 16:56:37 | INFO     | SKIP REASONS:
2026-04-03 16:56:37 | INFO     |   dow_filter          : 729
2026-04-03 16:56:37 | INFO     |   early_close         : 6
2026-04-03 16:56:37 | INFO     |   prior_return        : 147
2026-04-03 16:56:37 | INFO     |   TOTAL TRADES        : 94
2026-04-03 16:56:37 | INFO     | ============================================================
2026-04-03 16:56:37 | DEBUG    | [20220118] 1 trades, day P&L=$+30, equity=$100,030
2026-04-03 16:56:37 | DEBUG    | [20220207] 2 trades, day P&L=$+360, equity=$100,390
2026-04-03 16:56:37 | DEBUG    | [20220222] 2 trades, day P&L=$+660, equity=$101,050
2026-04-03 16:56:37 | DEBUG    | [20220307] 2 trades, day P&L=$+660, equity=$101,710
2026-04-03 16:56:37 | DEBUG    | [20220314] 2 trades, day P&L=$+210, equity=$101,920
2026-04-03 16:56:37 | DEBUG    | [20220509] 2 trades, day P&L=$+2310, equity=$104,230
2026-04-03 16:56:37 | DEBUG    | [20220517] 1 trades, day P&L=$+30, equity=$104,260
2026-04-03 16:56:37 | DEBUG    | [20220628] 1 trades, day P&L=$+30, equity=$104,290
2026-04-03 16:56:37 | DEBUG    | [20220705] 1 trades, day P&L=$+30, equity=$104,320
2026-04-03 16:56:37 | DEBUG    | [20220927] 2 trades, day P&L=$+360, equity=$104,680
2026-04-03 16:56:37 | DEBUG    | [20221003] 1 trades, day P&L=$+30, equity=$104,710
2026-04-03 16:56:38 | DEBUG    | [20230313] 1 trades, day P&L=$+180, equity=$104,890
2026-04-03 16:56:38 | DEBUG    | [20240416] 1 trades, day P&L=$+30, equity=$104,920
2026-04-03 16:56:39 | DEBUG    | [20240715] 1 trades, day P&L=$+30, equity=$104,950
2026-04-03 16:56:39 | DEBUG    | [20240729] 1 trades, day P&L=$+30, equity=$104,980
2026-04-03 16:56:39 | DEBUG    | [20240812] 2 trades, day P&L=$+510, equity=$105,490
2026-04-03 16:56:39 | DEBUG    | [20240813] 1 trades, day P&L=$+30, equity=$105,520
2026-04-03 16:56:39 | DEBUG    | [20240820] 1 trades, day P&L=$+30, equity=$105,550
2026-04-03 16:56:39 | DEBUG    | [20240903] 1 trades, day P&L=$+330, equity=$105,880
2026-04-03 16:56:39 | DEBUG    | [20240930] 1 trades, day P&L=$+780, equity=$106,660
2026-04-03 16:56:39 | DEBUG    | [20241001] 1 trades, day P&L=$+180, equity=$106,840
2026-04-03 16:56:39 | DEBUG    | [20241230] 2 trades, day P&L=$+360, equity=$107,200
2026-04-03 16:56:39 | DEBUG    | [20241231] 1 trades, day P&L=$+480, equity=$107,680
2026-04-03 16:56:39 | DEBUG    | [20250107] 1 trades, day P&L=$+180, equity=$107,860
2026-04-03 16:56:39 | DEBUG    | [20250127] 1 trades, day P&L=$+30, equity=$107,890
2026-04-03 16:56:39 | DEBUG    | [20250203] 1 trades, day P&L=$+180, equity=$108,070
2026-04-03 16:56:39 | DEBUG    | [20250310] 1 trades, day P&L=$+930, equity=$109,000
2026-04-03 16:56:39 | DEBUG    | [20250318] 1 trades, day P&L=$+30, equity=$109,030
2026-04-03 16:56:39 | DEBUG    | [20250408] 1 trades, day P&L=$+1080, equity=$110,110
2026-04-03 16:56:39 | DEBUG    | [20250421] 1 trades, day P&L=$+780, equity=$110,890
2026-04-03 16:56:39 | DEBUG    | [20250428] 1 trades, day P&L=$+180, equity=$111,070
2026-04-03 16:56:39 | DEBUG    | [20250506] 1 trades, day P&L=$+30, equity=$111,100
2026-04-03 16:56:39 | DEBUG    | [20250630] 1 trades, day P&L=$+30, equity=$111,130
2026-04-03 16:56:39 | DEBUG    | [20251117] 1 trades, day P&L=$+180, equity=$111,310
2026-04-03 16:56:39 | DEBUG    | [20251118] 1 trades, day P&L=$+180, equity=$111,490
2026-04-03 16:56:39 | DEBUG    | [20260303] 1 trades, day P&L=$+30, equity=$111,520
2026-04-03 16:56:39 | INFO     | ============================================================
2026-04-03 16:56:39 | INFO     | SKIP REASONS:
2026-04-03 16:56:39 | INFO     |   dow_filter          : 551
2026-04-03 16:56:39 | INFO     |   early_close         : 6
2026-04-03 16:56:39 | INFO     |   no_quotes           : 11
2026-04-03 16:56:39 | INFO     |   prior_return        : 147
2026-04-03 16:56:39 | INFO     |   TOTAL TRADES        : 44
2026-04-03 16:56:39 | INFO     | ============================================================
2026-04-03 16:56:39 | DEBUG    | [20220331] 1 trades, day P&L=$+630, equity=$100,630
2026-04-03 16:56:40 | DEBUG    | [20221006] 1 trades, day P&L=$+30, equity=$100,660
2026-04-03 16:56:40 | DEBUG    | [20241031] 1 trades, day P&L=$+30, equity=$100,690
2026-04-03 16:56:40 | DEBUG    | [20250306] 1 trades, day P&L=$+630, equity=$101,320
2026-04-03 16:56:40 | DEBUG    | [20250327] 1 trades, day P&L=$+30, equity=$101,350
2026-04-03 16:56:40 | DEBUG    | [20250403] 1 trades, day P&L=$+930, equity=$102,280
2026-04-03 16:56:40 | DEBUG    | [20250508] 2 trades, day P&L=$+360, equity=$102,640
2026-04-03 16:56:40 | DEBUG    | [20250529] 1 trades, day P&L=$+30, equity=$102,670
2026-04-03 16:56:40 | DEBUG    | [20250605] 1 trades, day P&L=$+30, equity=$102,700
2026-04-03 16:56:40 | DEBUG    | [20250731] 1 trades, day P&L=$+180, equity=$102,880
2026-04-03 16:56:41 | DEBUG    | [20251016] 1 trades, day P&L=$+180, equity=$103,060
2026-04-03 16:56:41 | DEBUG    | [20251113] 1 trades, day P&L=$+180, equity=$103,240
2026-04-03 16:56:41 | DEBUG    | [20251120] 1 trades, day P&L=$+180, equity=$103,420
2026-04-03 16:56:41 | INFO     | ============================================================
2026-04-03 16:56:41 | INFO     | SKIP REASONS:
2026-04-03 16:56:41 | INFO     |   dow_filter          : 724
2026-04-03 16:56:41 | INFO     |   early_close         : 6
2026-04-03 16:56:41 | INFO     |   no_quotes           : 10
2026-04-03 16:56:41 | INFO     |   oi_filter           : 55
2026-04-03 16:56:41 | INFO     |   prior_return        : 147
2026-04-03 16:56:41 | INFO     |   TOTAL TRADES        : 14
2026-04-03 16:56:41 | INFO     | ============================================================
2026-04-03 16:56:41 | DEBUG    | [20220107] 1 trades, day P&L=$+180, equity=$100,180
2026-04-03 16:56:41 | DEBUG    | [20220114] 2 trades, day P&L=$+360, equity=$100,540
2026-04-03 16:56:41 | DEBUG    | [20220121] 2 trades, day P&L=$+1260, equity=$101,800
2026-04-03 16:56:41 | DEBUG    | [20220128] 2 trades, day P&L=$+360, equity=$102,160
2026-04-03 16:56:41 | DEBUG    | [20220225] 2 trades, day P&L=$+810, equity=$102,970
2026-04-03 16:56:41 | DEBUG    | [20220304] 2 trades, day P&L=$+60, equity=$103,030
2026-04-03 16:56:41 | DEBUG    | [20220311] 2 trades, day P&L=$+210, equity=$103,240
2026-04-03 16:56:41 | DEBUG    | [20220318] 1 trades, day P&L=$+330, equity=$103,570
2026-04-03 16:56:41 | DEBUG    | [20220408] 1 trades, day P&L=$+480, equity=$104,050
2026-04-03 16:56:41 | DEBUG    | [20220422] 2 trades, day P&L=$+1110, equity=$105,160
2026-04-03 16:56:41 | DEBUG    | [20220513] 2 trades, day P&L=$+960, equity=$106,120
2026-04-03 16:56:41 | DEBUG    | [20220520] 2 trades, day P&L=$+1260, equity=$107,380
2026-04-03 16:56:41 | DEBUG    | [20220916] 2 trades, day P&L=$+360, equity=$107,740
2026-04-03 16:56:41 | DEBUG    | [20220923] 2 trades, day P&L=$+510, equity=$108,250
2026-04-03 16:56:41 | DEBUG    | [20221007] 2 trades, day P&L=$+510, equity=$108,760
2026-04-03 16:56:41 | DEBUG    | [20230203] 2 trades, day P&L=$+60, equity=$108,820
2026-04-03 16:56:41 | DEBUG    | [20230331] 1 trades, day P&L=$+30, equity=$108,850
2026-04-03 16:56:41 | DEBUG    | [20240308] 1 trades, day P&L=$+180, equity=$109,030
2026-04-03 16:56:41 | DEBUG    | [20240419] 1 trades, day P&L=$+330, equity=$109,360
2026-04-03 16:56:41 | DEBUG    | [20240607] 1 trades, day P&L=$+30, equity=$109,390
2026-04-03 16:56:41 | DEBUG    | [20240621] 1 trades, day P&L=$+30, equity=$109,420
2026-04-03 16:56:41 | DEBUG    | [20240628] 1 trades, day P&L=$+780, equity=$110,200
2026-04-03 16:56:41 | DEBUG    | [20240726] 2 trades, day P&L=$+1110, equity=$111,310
2026-04-03 16:56:41 | DEBUG    | [20240802] 1 trades, day P&L=$+930, equity=$112,240
2026-04-03 16:56:41 | DEBUG    | [20240823] 1 trades, day P&L=$+30, equity=$112,270
2026-04-03 16:56:41 | DEBUG    | [20240830] 1 trades, day P&L=$+630, equity=$112,900
2026-04-03 16:56:41 | DEBUG    | [20240906] 1 trades, day P&L=$+930, equity=$113,830
2026-04-03 16:56:41 | DEBUG    | [20240913] 1 trades, day P&L=$+30, equity=$113,860
2026-04-03 16:56:41 | DEBUG    | [20241004] 1 trades, day P&L=$+30, equity=$113,890
2026-04-03 16:56:42 | DEBUG    | [20241115] 1 trades, day P&L=$+30, equity=$113,920
2026-04-03 16:56:42 | DEBUG    | [20241220] 1 trades, day P&L=$+480, equity=$114,400
2026-04-03 16:56:42 | DEBUG    | [20250110] 1 trades, day P&L=$+180, equity=$114,580
2026-04-03 16:56:42 | DEBUG    | [20250131] 1 trades, day P&L=$+630, equity=$115,210
2026-04-03 16:56:42 | DEBUG    | [20250314] 1 trades, day P&L=$+330, equity=$115,540
2026-04-03 16:56:42 | DEBUG    | [20250321] 1 trades, day P&L=$+330, equity=$115,870
2026-04-03 16:56:42 | DEBUG    | [20250328] 1 trades, day P&L=$+480, equity=$116,350
2026-04-03 16:56:42 | DEBUG    | [20250502] 1 trades, day P&L=$+180, equity=$116,530
2026-04-03 16:56:42 | DEBUG    | [20250523] 1 trades, day P&L=$+330, equity=$116,860
2026-04-03 16:56:42 | DEBUG    | [20250530] 2 trades, day P&L=$+2310, equity=$119,170
2026-04-03 16:56:42 | DEBUG    | [20250613] 1 trades, day P&L=$+30, equity=$119,200
2026-04-03 16:56:42 | DEBUG    | [20250620] 1 trades, day P&L=$+30, equity=$119,230
2026-04-03 16:56:42 | DEBUG    | [20250801] 1 trades, day P&L=$+480, equity=$119,710
2026-04-03 16:56:42 | DEBUG    | [20250815] 1 trades, day P&L=$+30, equity=$119,740
2026-04-03 16:56:42 | DEBUG    | [20251010] 1 trades, day P&L=$+1080, equity=$120,820
2026-04-03 16:56:42 | DEBUG    | [20251031] 1 trades, day P&L=$+330, equity=$121,150
2026-04-03 16:56:42 | DEBUG    | [20260102] 1 trades, day P&L=$+30, equity=$121,180
2026-04-03 16:56:42 | DEBUG    | [20260130] 2 trades, day P&L=$+210, equity=$121,390
2026-04-03 16:56:42 | DEBUG    | [20260206] 1 trades, day P&L=$+30, equity=$121,420
2026-04-03 16:56:42 | DEBUG    | [20260227] 1 trades, day P&L=$+30, equity=$121,450
2026-04-03 16:56:42 | DEBUG    | [20260306] 1 trades, day P&L=$+330, equity=$121,780
2026-04-03 16:56:42 | DEBUG    | [20260320] 1 trades, day P&L=$+180, equity=$121,960
2026-04-03 16:56:42 | INFO     | ============================================================
2026-04-03 16:56:42 | INFO     | SKIP REASONS:
2026-04-03 16:56:42 | INFO     |   dow_filter          : 729
2026-04-03 16:56:42 | INFO     |   early_close         : 6
2026-04-03 16:56:42 | INFO     |   prior_return        : 147
2026-04-03 16:56:42 | INFO     |   TOTAL TRADES        : 67
2026-04-03 16:56:42 | INFO     | ============================================================
2026-04-03 16:56:42 | DEBUG    | [20220110] 2 trades, day P&L=$+30, equity=$100,030
2026-04-03 16:56:42 | DEBUG    | [20220118] 2 trades, day P&L=$+180, equity=$100,210
2026-04-03 16:56:42 | DEBUG    | [20220207] 2 trades, day P&L=$+330, equity=$100,540
2026-04-03 16:56:42 | DEBUG    | [20220222] 2 trades, day P&L=$+855, equity=$101,395
2026-04-03 16:56:42 | DEBUG    | [20220307] 2 trades, day P&L=$+480, equity=$101,875
2026-04-03 16:56:42 | DEBUG    | [20220314] 2 trades, day P&L=$+330, equity=$102,205
2026-04-03 16:56:42 | DEBUG    | [20220418] 1 trades, day P&L=$+15, equity=$102,220
2026-04-03 16:56:42 | DEBUG    | [20220426] 2 trades, day P&L=$+555, equity=$102,775
2026-04-03 16:56:42 | DEBUG    | [20220503] 1 trades, day P&L=$+165, equity=$102,940
2026-04-03 16:56:42 | DEBUG    | [20220509] 2 trades, day P&L=$+1830, equity=$104,770
2026-04-03 16:56:42 | DEBUG    | [20220517] 1 trades, day P&L=$+15, equity=$104,785
2026-04-03 16:56:42 | DEBUG    | [20220628] 1 trades, day P&L=$+15, equity=$104,800
2026-04-03 16:56:42 | DEBUG    | [20220705] 1 trades, day P&L=$+15, equity=$104,815
2026-04-03 16:56:42 | DEBUG    | [20220913] 1 trades, day P&L=$+15, equity=$104,830
2026-04-03 16:56:42 | DEBUG    | [20220927] 2 trades, day P&L=$+255, equity=$105,085
2026-04-03 16:56:42 | DEBUG    | [20221003] 1 trades, day P&L=$+15, equity=$105,100
2026-04-03 16:56:42 | DEBUG    | [20221011] 1 trades, day P&L=$+15, equity=$105,115
2026-04-03 16:56:42 | DEBUG    | [20221115] 1 trades, day P&L=$+90, equity=$105,205
2026-04-03 16:56:42 | DEBUG    | [20221213] 1 trades, day P&L=$+15, equity=$105,220
2026-04-03 16:56:42 | DEBUG    | [20230313] 1 trades, day P&L=$+165, equity=$105,385
2026-04-03 16:56:43 | DEBUG    | [20240415] 1 trades, day P&L=$+15, equity=$105,400
2026-04-03 16:56:43 | DEBUG    | [20240416] 2 trades, day P&L=$+105, equity=$105,505
2026-04-03 16:56:43 | DEBUG    | [20240422] 1 trades, day P&L=$+15, equity=$105,520
2026-04-03 16:56:43 | DEBUG    | [20240715] 1 trades, day P&L=$+15, equity=$105,535
2026-04-03 16:56:43 | DEBUG    | [20240729] 1 trades, day P&L=$+15, equity=$105,550
2026-04-03 16:56:43 | DEBUG    | [20240730] 1 trades, day P&L=$+90, equity=$105,640
2026-04-03 16:56:43 | DEBUG    | [20240812] 2 trades, day P&L=$+330, equity=$105,970
2026-04-03 16:56:43 | DEBUG    | [20240813] 1 trades, day P&L=$+15, equity=$105,985
2026-04-03 16:56:43 | DEBUG    | [20240820] 1 trades, day P&L=$+15, equity=$106,000
2026-04-03 16:56:43 | DEBUG    | [20240903] 1 trades, day P&L=$+390, equity=$106,390
2026-04-03 16:56:43 | DEBUG    | [20240930] 1 trades, day P&L=$+615, equity=$107,005
2026-04-03 16:56:43 | DEBUG    | [20241001] 1 trades, day P&L=$+165, equity=$107,170
2026-04-03 16:56:43 | DEBUG    | [20241104] 1 trades, day P&L=$+15, equity=$107,185
2026-04-03 16:56:43 | DEBUG    | [20241230] 2 trades, day P&L=$+255, equity=$107,440
2026-04-03 16:56:43 | DEBUG    | [20241231] 1 trades, day P&L=$+540, equity=$107,980
2026-04-03 16:56:43 | DEBUG    | [20250107] 1 trades, day P&L=$+240, equity=$108,220
2026-04-03 16:56:43 | DEBUG    | [20250127] 1 trades, day P&L=$+15, equity=$108,235
2026-04-03 16:56:43 | DEBUG    | [20250203] 1 trades, day P&L=$+165, equity=$108,400
2026-04-03 16:56:44 | DEBUG    | [20250225] 1 trades, day P&L=$+165, equity=$108,565
2026-04-03 16:56:44 | DEBUG    | [20250310] 1 trades, day P&L=$+840, equity=$109,405
2026-04-03 16:56:44 | DEBUG    | [20250318] 1 trades, day P&L=$+15, equity=$109,420
2026-04-03 16:56:44 | DEBUG    | [20250401] 1 trades, day P&L=$+15, equity=$109,435
2026-04-03 16:56:44 | DEBUG    | [20250408] 1 trades, day P&L=$+1590, equity=$111,025
2026-04-03 16:56:44 | DEBUG    | [20250415] 2 trades, day P&L=$+105, equity=$111,130
2026-04-03 16:56:44 | DEBUG    | [20250421] 1 trades, day P&L=$+690, equity=$111,820
2026-04-03 16:56:44 | DEBUG    | [20250428] 2 trades, day P&L=$+180, equity=$112,000
2026-04-03 16:56:44 | DEBUG    | [20250506] 1 trades, day P&L=$+165, equity=$112,165
2026-04-03 16:56:44 | DEBUG    | [20250512] 1 trades, day P&L=$+165, equity=$112,330
2026-04-03 16:56:44 | DEBUG    | [20250630] 1 trades, day P&L=$+15, equity=$112,345
2026-04-03 16:56:44 | DEBUG    | [20250811] 1 trades, day P&L=$+15, equity=$112,360
2026-04-03 16:56:44 | DEBUG    | [20250930] 1 trades, day P&L=$+15, equity=$112,375
2026-04-03 16:56:44 | DEBUG    | [20251117] 1 trades, day P&L=$+165, equity=$112,540
2026-04-03 16:56:44 | DEBUG    | [20251118] 2 trades, day P&L=$+180, equity=$112,720
2026-04-03 16:56:44 | DEBUG    | [20260120] 1 trades, day P&L=$+15, equity=$112,735
2026-04-03 16:56:44 | DEBUG    | [20260302] 1 trades, day P&L=$+90, equity=$112,825
2026-04-03 16:56:44 | DEBUG    | [20260303] 1 trades, day P&L=$+90, equity=$112,915
2026-04-03 16:56:44 | DEBUG    | [20260309] 1 trades, day P&L=$+90, equity=$113,005
2026-04-03 16:56:44 | DEBUG    | [20260310] 1 trades, day P&L=$+90, equity=$113,095
2026-04-03 16:56:44 | DEBUG    | [20260324] 1 trades, day P&L=$+15, equity=$113,110
2026-04-03 16:56:44 | INFO     | ============================================================
2026-04-03 16:56:44 | INFO     | SKIP REASONS:
2026-04-03 16:56:44 | INFO     |   dow_filter          : 551
2026-04-03 16:56:44 | INFO     |   early_close         : 6
2026-04-03 16:56:44 | INFO     |   no_quotes           : 11
2026-04-03 16:56:44 | INFO     |   prior_return        : 147
2026-04-03 16:56:44 | INFO     |   TOTAL TRADES        : 74
2026-04-03 16:56:44 | INFO     | ============================================================
2026-04-03 16:56:44 | DEBUG    | [20220331] 2 trades, day P&L=$+855, equity=$100,855
2026-04-03 16:56:44 | DEBUG    | [20220630] 1 trades, day P&L=$+90, equity=$100,945
2026-04-03 16:56:44 | DEBUG    | [20221006] 1 trades, day P&L=$+15, equity=$100,960
2026-04-03 16:56:44 | DEBUG    | [20221013] 2 trades, day P&L=$+105, equity=$101,065
2026-04-03 16:56:45 | DEBUG    | [20240808] 1 trades, day P&L=$+15, equity=$101,080
2026-04-03 16:56:45 | DEBUG    | [20240829] 1 trades, day P&L=$+15, equity=$101,095
2026-04-03 16:56:45 | DEBUG    | [20240905] 1 trades, day P&L=$+15, equity=$101,110
2026-04-03 16:56:45 | DEBUG    | [20240919] 1 trades, day P&L=$+15, equity=$101,125
2026-04-03 16:56:45 | DEBUG    | [20241031] 1 trades, day P&L=$+15, equity=$101,140
2026-04-03 16:56:45 | DEBUG    | [20250102] 1 trades, day P&L=$+15, equity=$101,155
2026-04-03 16:56:45 | DEBUG    | [20250130] 1 trades, day P&L=$+15, equity=$101,170
2026-04-03 16:56:45 | DEBUG    | [20250227] 1 trades, day P&L=$+15, equity=$101,185
2026-04-03 16:56:45 | DEBUG    | [20250306] 1 trades, day P&L=$+615, equity=$101,800
2026-04-03 16:56:45 | DEBUG    | [20250313] 1 trades, day P&L=$+90, equity=$101,890
2026-04-03 16:56:45 | DEBUG    | [20250327] 1 trades, day P&L=$+15, equity=$101,905
2026-04-03 16:56:45 | DEBUG    | [20250403] 1 trades, day P&L=$+765, equity=$102,670
2026-04-03 16:56:45 | DEBUG    | [20250501] 1 trades, day P&L=$+15, equity=$102,685
2026-04-03 16:56:45 | DEBUG    | [20250508] 2 trades, day P&L=$+405, equity=$103,090
2026-04-03 16:56:45 | DEBUG    | [20250529] 1 trades, day P&L=$+90, equity=$103,180
2026-04-03 16:56:45 | DEBUG    | [20250605] 1 trades, day P&L=$+90, equity=$103,270
2026-04-03 16:56:45 | DEBUG    | [20250731] 1 trades, day P&L=$+165, equity=$103,435
2026-04-03 16:56:45 | DEBUG    | [20251016] 1 trades, day P&L=$+240, equity=$103,675
2026-04-03 16:56:45 | DEBUG    | [20251113] 1 trades, day P&L=$+165, equity=$103,840
2026-04-03 16:56:45 | DEBUG    | [20251120] 1 trades, day P&L=$+165, equity=$104,005
2026-04-03 16:56:45 | DEBUG    | [20251218] 1 trades, day P&L=$+15, equity=$104,020
2026-04-03 16:56:45 | DEBUG    | [20260205] 1 trades, day P&L=$+15, equity=$104,035
2026-04-03 16:56:45 | DEBUG    | [20260212] 1 trades, day P&L=$+15, equity=$104,050
2026-04-03 16:56:45 | INFO     | ============================================================
2026-04-03 16:56:45 | INFO     | SKIP REASONS:
2026-04-03 16:56:45 | INFO     |   dow_filter          : 724
2026-04-03 16:56:45 | INFO     |   early_close         : 6
2026-04-03 16:56:45 | INFO     |   no_quotes           : 10
2026-04-03 16:56:45 | INFO     |   oi_filter           : 56
2026-04-03 16:56:45 | INFO     |   prior_return        : 147
2026-04-03 16:56:45 | INFO     |   TOTAL TRADES        : 30
2026-04-03 16:56:45 | INFO     | ============================================================
2026-04-03 16:56:45 | DEBUG    | [20220107] 1 trades, day P&L=$+165, equity=$100,165
2026-04-03 16:56:45 | DEBUG    | [20220114] 2 trades, day P&L=$+255, equity=$100,420
2026-04-03 16:56:45 | DEBUG    | [20220121] 2 trades, day P&L=$+1305, equity=$101,725
2026-04-03 16:56:45 | DEBUG    | [20220128] 2 trades, day P&L=$+855, equity=$102,580
2026-04-03 16:56:45 | DEBUG    | [20220225] 2 trades, day P&L=$+705, equity=$103,285
2026-04-03 16:56:45 | DEBUG    | [20220304] 2 trades, day P&L=$+480, equity=$103,765
2026-04-03 16:56:45 | DEBUG    | [20220311] 2 trades, day P&L=$+480, equity=$104,245
2026-04-03 16:56:45 | DEBUG    | [20220318] 1 trades, day P&L=$+315, equity=$104,560
2026-04-03 16:56:45 | DEBUG    | [20220325] 1 trades, day P&L=$+90, equity=$104,650
2026-04-03 16:56:45 | DEBUG    | [20220408] 2 trades, day P&L=$+330, equity=$104,980
2026-04-03 16:56:45 | DEBUG    | [20220422] 2 trades, day P&L=$+1230, equity=$106,210
2026-04-03 16:56:45 | DEBUG    | [20220513] 2 trades, day P&L=$+930, equity=$107,140
2026-04-03 16:56:45 | DEBUG    | [20220520] 2 trades, day P&L=$+1080, equity=$108,220
2026-04-03 16:56:45 | DEBUG    | [20220624] 1 trades, day P&L=$+15, equity=$108,235
2026-04-03 16:56:45 | DEBUG    | [20220701] 1 trades, day P&L=$+15, equity=$108,250
2026-04-03 16:56:45 | DEBUG    | [20220715] 1 trades, day P&L=$+90, equity=$108,340
2026-04-03 16:56:45 | DEBUG    | [20220826] 1 trades, day P&L=$+15, equity=$108,355
2026-04-03 16:56:45 | DEBUG    | [20220902] 2 trades, day P&L=$+180, equity=$108,535
2026-04-03 16:56:45 | DEBUG    | [20220916] 2 trades, day P&L=$+255, equity=$108,790
2026-04-03 16:56:45 | DEBUG    | [20220923] 2 trades, day P&L=$+480, equity=$109,270
2026-04-03 16:56:45 | DEBUG    | [20221007] 2 trades, day P&L=$+630, equity=$109,900
2026-04-03 16:56:46 | DEBUG    | [20221104] 1 trades, day P&L=$+15, equity=$109,915
2026-04-03 16:56:46 | DEBUG    | [20221118] 1 trades, day P&L=$+15, equity=$109,930
2026-04-03 16:56:46 | DEBUG    | [20221209] 1 trades, day P&L=$+15, equity=$109,945
2026-04-03 16:56:46 | DEBUG    | [20230203] 2 trades, day P&L=$+30, equity=$109,975
2026-04-03 16:56:46 | DEBUG    | [20230324] 1 trades, day P&L=$+90, equity=$110,065
2026-04-03 16:56:46 | DEBUG    | [20230331] 1 trades, day P&L=$+15, equity=$110,080
2026-04-03 16:56:46 | DEBUG    | [20230804] 1 trades, day P&L=$+90, equity=$110,170
2026-04-03 16:56:46 | DEBUG    | [20231229] 1 trades, day P&L=$+90, equity=$110,260
2026-04-03 16:56:46 | DEBUG    | [20240308] 1 trades, day P&L=$+90, equity=$110,350
2026-04-03 16:56:46 | DEBUG    | [20240315] 1 trades, day P&L=$+90, equity=$110,440
2026-04-03 16:56:46 | DEBUG    | [20240405] 1 trades, day P&L=$+90, equity=$110,530
2026-04-03 16:56:46 | DEBUG    | [20240419] 1 trades, day P&L=$+240, equity=$110,770
2026-04-03 16:56:46 | DEBUG    | [20240531] 1 trades, day P&L=$+90, equity=$110,860
2026-04-03 16:56:46 | DEBUG    | [20240607] 1 trades, day P&L=$+15, equity=$110,875
2026-04-03 16:56:46 | DEBUG    | [20240621] 1 trades, day P&L=$+15, equity=$110,890
2026-04-03 16:56:46 | DEBUG    | [20240628] 1 trades, day P&L=$+690, equity=$111,580
2026-04-03 16:56:46 | DEBUG    | [20240712] 1 trades, day P&L=$+90, equity=$111,670
2026-04-03 16:56:46 | DEBUG    | [20240726] 2 trades, day P&L=$+780, equity=$112,450
2026-04-03 16:56:46 | DEBUG    | [20240802] 1 trades, day P&L=$+990, equity=$113,440
2026-04-03 16:56:46 | DEBUG    | [20240823] 1 trades, day P&L=$+15, equity=$113,455
2026-04-03 16:56:46 | DEBUG    | [20240830] 1 trades, day P&L=$+465, equity=$113,920
2026-04-03 16:56:46 | DEBUG    | [20240906] 1 trades, day P&L=$+765, equity=$114,685
2026-04-03 16:56:46 | DEBUG    | [20240913] 1 trades, day P&L=$+15, equity=$114,700
2026-04-03 16:56:46 | DEBUG    | [20241004] 1 trades, day P&L=$+15, equity=$114,715
2026-04-03 16:56:46 | DEBUG    | [20241025] 1 trades, day P&L=$+15, equity=$114,730
2026-04-03 16:56:46 | DEBUG    | [20241115] 1 trades, day P&L=$+15, equity=$114,745
2026-04-03 16:56:46 | DEBUG    | [20241220] 1 trades, day P&L=$+465, equity=$115,210
2026-04-03 16:56:46 | DEBUG    | [20250110] 1 trades, day P&L=$+240, equity=$115,450
2026-04-03 16:56:46 | DEBUG    | [20250124] 1 trades, day P&L=$+90, equity=$115,540
2026-04-03 16:56:46 | DEBUG    | [20250131] 1 trades, day P&L=$+540, equity=$116,080
2026-04-03 16:56:46 | DEBUG    | [20250207] 1 trades, day P&L=$+15, equity=$116,095
2026-04-03 16:56:46 | DEBUG    | [20250221] 1 trades, day P&L=$+15, equity=$116,110
2026-04-03 16:56:46 | DEBUG    | [20250314] 1 trades, day P&L=$+240, equity=$116,350
2026-04-03 16:56:46 | DEBUG    | [20250321] 1 trades, day P&L=$+240, equity=$116,590
2026-04-03 16:56:46 | DEBUG    | [20250328] 1 trades, day P&L=$+465, equity=$117,055
2026-04-03 16:56:46 | DEBUG    | [20250502] 1 trades, day P&L=$+165, equity=$117,220
2026-04-03 16:56:46 | DEBUG    | [20250509] 2 trades, day P&L=$+105, equity=$117,325
2026-04-03 16:56:46 | DEBUG    | [20250523] 1 trades, day P&L=$+240, equity=$117,565
2026-04-03 16:56:46 | DEBUG    | [20250530] 2 trades, day P&L=$+2130, equity=$119,695
2026-04-03 16:56:46 | DEBUG    | [20250613] 1 trades, day P&L=$+90, equity=$119,785
2026-04-03 16:56:46 | DEBUG    | [20250620] 1 trades, day P&L=$+15, equity=$119,800
2026-04-03 16:56:46 | DEBUG    | [20250711] 1 trades, day P&L=$+15, equity=$119,815
2026-04-03 16:56:46 | DEBUG    | [20250801] 1 trades, day P&L=$+390, equity=$120,205
2026-04-03 16:56:46 | DEBUG    | [20250815] 1 trades, day P&L=$+15, equity=$120,220
2026-04-03 16:56:46 | DEBUG    | [20250829] 1 trades, day P&L=$+90, equity=$120,310
2026-04-03 16:56:46 | DEBUG    | [20250905] 1 trades, day P&L=$+90, equity=$120,400
2026-04-03 16:56:46 | DEBUG    | [20251010] 1 trades, day P&L=$+990, equity=$121,390
2026-04-03 16:56:46 | DEBUG    | [20251031] 1 trades, day P&L=$+315, equity=$121,705
2026-04-03 16:56:46 | DEBUG    | [20251107] 1 trades, day P&L=$+15, equity=$121,720
2026-04-03 16:56:46 | DEBUG    | [20260102] 1 trades, day P&L=$+15, equity=$121,735
2026-04-03 16:56:46 | DEBUG    | [20260130] 2 trades, day P&L=$+405, equity=$122,140
2026-04-03 16:56:46 | DEBUG    | [20260206] 1 trades, day P&L=$+90, equity=$122,230
2026-04-03 16:56:46 | DEBUG    | [20260227] 1 trades, day P&L=$+90, equity=$122,320
2026-04-03 16:56:46 | DEBUG    | [20260320] 1 trades, day P&L=$+165, equity=$122,485
2026-04-03 16:56:46 | INFO     | ============================================================
2026-04-03 16:56:46 | INFO     | SKIP REASONS:
2026-04-03 16:56:46 | INFO     |   dow_filter          : 729
2026-04-03 16:56:46 | INFO     |   early_close         : 6
2026-04-03 16:56:46 | INFO     |   prior_return        : 147
2026-04-03 16:56:46 | INFO     |   TOTAL TRADES        : 94
2026-04-03 16:56:46 | INFO     | ============================================================
