2026-04-03 22:28:29 | INFO     | Log file: /Users/jeerapongwongchote/Documents/thetadata/apex/logs/apex_run_20260403_222829.log
2026-04-03 22:28:34 | INFO     | Built daily indicators: 1066 dates (20220103 → 20260402)
2026-04-03 22:28:34 | DEBUG    | [20220110] 2 trades, day P&L=$+90, equity=$100,090
2026-04-03 22:28:34 | DEBUG    | [20220114] 1 trades, day P&L=$+120, equity=$100,210
2026-04-03 22:28:34 | DEBUG    | [20220118] 2 trades, day P&L=$+240, equity=$100,450
2026-04-03 22:28:34 | DEBUG    | [20220121] 2 trades, day P&L=$+615, equity=$101,065
2026-04-03 22:28:34 | DEBUG    | [20220128] 2 trades, day P&L=$+615, equity=$101,680
2026-04-03 22:28:34 | DEBUG    | [20220207] 2 trades, day P&L=$+390, equity=$102,070
2026-04-03 22:28:34 | DEBUG    | [20220222] 2 trades, day P&L=$+915, equity=$102,985
2026-04-03 22:28:34 | DEBUG    | [20220225] 2 trades, day P&L=$+390, equity=$103,375
2026-04-03 22:28:34 | DEBUG    | [20220304] 2 trades, day P&L=$+390, equity=$103,765
2026-04-03 22:28:34 | DEBUG    | [20220307] 2 trades, day P&L=$+540, equity=$104,305
2026-04-03 22:28:34 | DEBUG    | [20220311] 2 trades, day P&L=$+540, equity=$104,845
2026-04-03 22:28:34 | DEBUG    | [20220314] 2 trades, day P&L=$+390, equity=$105,235
2026-04-03 22:28:34 | DEBUG    | [20220408] 2 trades, day P&L=$+90, equity=$105,325
2026-04-03 22:28:34 | DEBUG    | [20220418] 1 trades, day P&L=$+45, equity=$105,370
2026-04-03 22:28:34 | DEBUG    | [20220422] 2 trades, day P&L=$+1290, equity=$106,660
2026-04-03 22:28:34 | DEBUG    | [20220426] 2 trades, day P&L=$+615, equity=$107,275
2026-04-03 22:28:34 | DEBUG    | [20220503] 1 trades, day P&L=$+195, equity=$107,470
2026-04-03 22:28:34 | DEBUG    | [20220509] 2 trades, day P&L=$+1890, equity=$109,360
2026-04-03 22:28:34 | DEBUG    | [20220513] 2 trades, day P&L=$+990, equity=$110,350
2026-04-03 22:28:34 | DEBUG    | [20220517] 1 trades, day P&L=$+45, equity=$110,395
2026-04-03 22:28:34 | DEBUG    | [20220520] 2 trades, day P&L=$+540, equity=$110,935
2026-04-03 22:28:34 | DEBUG    | [20220624] 1 trades, day P&L=$+45, equity=$110,980
2026-04-03 22:28:34 | DEBUG    | [20220628] 1 trades, day P&L=$+45, equity=$111,025
2026-04-03 22:28:34 | DEBUG    | [20220705] 1 trades, day P&L=$+45, equity=$111,070
2026-04-03 22:28:35 | DEBUG    | [20220902] 2 trades, day P&L=$+240, equity=$111,310
2026-04-03 22:28:35 | DEBUG    | [20220913] 1 trades, day P&L=$+45, equity=$111,355
2026-04-03 22:28:35 | DEBUG    | [20220916] 2 trades, day P&L=$+315, equity=$111,670
2026-04-03 22:28:35 | DEBUG    | [20220923] 2 trades, day P&L=$+315, equity=$111,985
2026-04-03 22:28:35 | DEBUG    | [20220927] 2 trades, day P&L=$+315, equity=$112,300
2026-04-03 22:28:35 | DEBUG    | [20221003] 1 trades, day P&L=$+45, equity=$112,345
2026-04-03 22:28:35 | DEBUG    | [20221007] 2 trades, day P&L=$+690, equity=$113,035
2026-04-03 22:28:35 | DEBUG    | [20221011] 1 trades, day P&L=$+45, equity=$113,080
2026-04-03 22:28:35 | DEBUG    | [20221115] 1 trades, day P&L=$+120, equity=$113,200
2026-04-03 22:28:35 | DEBUG    | [20221118] 1 trades, day P&L=$+45, equity=$113,245
2026-04-03 22:28:35 | DEBUG    | [20221209] 1 trades, day P&L=$+45, equity=$113,290
2026-04-03 22:28:35 | DEBUG    | [20221213] 1 trades, day P&L=$+45, equity=$113,335
2026-04-03 22:28:35 | DEBUG    | [20230203] 2 trades, day P&L=$+90, equity=$113,425
2026-04-03 22:28:35 | DEBUG    | [20230313] 1 trades, day P&L=$+195, equity=$113,620
2026-04-03 22:28:35 | DEBUG    | [20230331] 1 trades, day P&L=$+45, equity=$113,665
2026-04-03 22:28:36 | DEBUG    | [20230929] 1 trades, day P&L=$+45, equity=$113,710
2026-04-03 22:28:36 | DEBUG    | [20231006] 1 trades, day P&L=$+45, equity=$113,755
2026-04-03 22:28:36 | DEBUG    | [20231229] 1 trades, day P&L=$+45, equity=$113,800
2026-04-03 22:28:36 | DEBUG    | [20240216] 1 trades, day P&L=$+45, equity=$113,845
2026-04-03 22:28:36 | DEBUG    | [20240415] 1 trades, day P&L=$+45, equity=$113,890
2026-04-03 22:28:36 | DEBUG    | [20240416] 2 trades, day P&L=$+165, equity=$114,055
2026-04-03 22:28:36 | DEBUG    | [20240419] 2 trades, day P&L=$+165, equity=$114,220
2026-04-03 22:28:36 | DEBUG    | [20240422] 2 trades, day P&L=$+90, equity=$114,310
2026-04-03 22:28:36 | DEBUG    | [20240531] 1 trades, day P&L=$+120, equity=$114,430
2026-04-03 22:28:36 | DEBUG    | [20240607] 1 trades, day P&L=$+45, equity=$114,475
2026-04-03 22:28:36 | DEBUG    | [20240628] 1 trades, day P&L=$+270, equity=$114,745
2026-04-03 22:28:36 | DEBUG    | [20240712] 1 trades, day P&L=$+120, equity=$114,865
2026-04-03 22:28:36 | DEBUG    | [20240715] 1 trades, day P&L=$+45, equity=$114,910
2026-04-03 22:28:36 | DEBUG    | [20240726] 2 trades, day P&L=$+840, equity=$115,750
2026-04-03 22:28:37 | DEBUG    | [20240729] 1 trades, day P&L=$+45, equity=$115,795
2026-04-03 22:28:37 | DEBUG    | [20240730] 1 trades, day P&L=$+120, equity=$115,915
2026-04-03 22:28:37 | DEBUG    | [20240802] 1 trades, day P&L=$+495, equity=$116,410
2026-04-03 22:28:37 | DEBUG    | [20240812] 2 trades, day P&L=$+390, equity=$116,800
2026-04-03 22:28:37 | DEBUG    | [20240813] 1 trades, day P&L=$+45, equity=$116,845
2026-04-03 22:28:37 | DEBUG    | [20240820] 1 trades, day P&L=$+45, equity=$116,890
2026-04-03 22:28:37 | DEBUG    | [20240823] 1 trades, day P&L=$+45, equity=$116,935
2026-04-03 22:28:37 | DEBUG    | [20240830] 1 trades, day P&L=$+120, equity=$117,055
2026-04-03 22:28:37 | DEBUG    | [20240903] 1 trades, day P&L=$+420, equity=$117,475
2026-04-03 22:28:37 | DEBUG    | [20240906] 1 trades, day P&L=$+270, equity=$117,745
2026-04-03 22:28:37 | DEBUG    | [20240913] 1 trades, day P&L=$+45, equity=$117,790
2026-04-03 22:28:37 | DEBUG    | [20240930] 1 trades, day P&L=$+645, equity=$118,435
2026-04-03 22:28:37 | DEBUG    | [20241001] 1 trades, day P&L=$+195, equity=$118,630
2026-04-03 22:28:37 | DEBUG    | [20241025] 1 trades, day P&L=$+45, equity=$118,675
2026-04-03 22:28:37 | DEBUG    | [20241104] 1 trades, day P&L=$+45, equity=$118,720
2026-04-03 22:28:37 | DEBUG    | [20241115] 1 trades, day P&L=$+45, equity=$118,765
2026-04-03 22:28:37 | DEBUG    | [20241220] 1 trades, day P&L=$+495, equity=$119,260
2026-04-03 22:28:37 | DEBUG    | [20241230] 2 trades, day P&L=$+315, equity=$119,575
2026-04-03 22:28:37 | DEBUG    | [20241231] 1 trades, day P&L=$+570, equity=$120,145
2026-04-03 22:28:37 | DEBUG    | [20250107] 1 trades, day P&L=$+270, equity=$120,415
2026-04-03 22:28:37 | DEBUG    | [20250110] 1 trades, day P&L=$+45, equity=$120,460
2026-04-03 22:28:37 | DEBUG    | [20250127] 1 trades, day P&L=$+45, equity=$120,505
2026-04-03 22:28:37 | DEBUG    | [20250131] 1 trades, day P&L=$+570, equity=$121,075
2026-04-03 22:28:37 | DEBUG    | [20250203] 1 trades, day P&L=$+195, equity=$121,270
2026-04-03 22:28:37 | DEBUG    | [20250207] 1 trades, day P&L=$+45, equity=$121,315
2026-04-03 22:28:37 | DEBUG    | [20250221] 1 trades, day P&L=$+45, equity=$121,360
2026-04-03 22:28:37 | DEBUG    | [20250225] 1 trades, day P&L=$+195, equity=$121,555
2026-04-03 22:28:37 | DEBUG    | [20250310] 1 trades, day P&L=$+870, equity=$122,425
2026-04-03 22:28:37 | DEBUG    | [20250314] 1 trades, day P&L=$+270, equity=$122,695
2026-04-03 22:28:37 | DEBUG    | [20250318] 1 trades, day P&L=$+45, equity=$122,740
2026-04-03 22:28:37 | DEBUG    | [20250321] 1 trades, day P&L=$+45, equity=$122,785
2026-04-03 22:28:37 | DEBUG    | [20250328] 1 trades, day P&L=$+45, equity=$122,830
2026-04-03 22:28:37 | DEBUG    | [20250401] 1 trades, day P&L=$+45, equity=$122,875
2026-04-03 22:28:37 | DEBUG    | [20250408] 1 trades, day P&L=$+1620, equity=$124,495
2026-04-03 22:28:37 | DEBUG    | [20250415] 2 trades, day P&L=$+165, equity=$124,660
2026-04-03 22:28:37 | DEBUG    | [20250421] 1 trades, day P&L=$+720, equity=$125,380
2026-04-03 22:28:37 | DEBUG    | [20250428] 2 trades, day P&L=$+240, equity=$125,620
2026-04-03 22:28:37 | DEBUG    | [20250506] 1 trades, day P&L=$+195, equity=$125,815
2026-04-03 22:28:37 | DEBUG    | [20250509] 1 trades, day P&L=$+45, equity=$125,860
2026-04-03 22:28:37 | DEBUG    | [20250512] 1 trades, day P&L=$+195, equity=$126,055
2026-04-03 22:28:37 | DEBUG    | [20250523] 1 trades, day P&L=$+270, equity=$126,325
2026-04-03 22:28:37 | DEBUG    | [20250530] 2 trades, day P&L=$+1365, equity=$127,690
2026-04-03 22:28:37 | DEBUG    | [20250613] 1 trades, day P&L=$+120, equity=$127,810
2026-04-03 22:28:37 | DEBUG    | [20250630] 1 trades, day P&L=$+45, equity=$127,855
2026-04-03 22:28:37 | DEBUG    | [20250801] 1 trades, day P&L=$+45, equity=$127,900
2026-04-03 22:28:37 | DEBUG    | [20250811] 1 trades, day P&L=$+45, equity=$127,945
2026-04-03 22:28:37 | DEBUG    | [20250930] 1 trades, day P&L=$+45, equity=$127,990
2026-04-03 22:28:37 | DEBUG    | [20251010] 1 trades, day P&L=$+1020, equity=$129,010
2026-04-03 22:28:37 | DEBUG    | [20251107] 1 trades, day P&L=$+45, equity=$129,055
2026-04-03 22:28:37 | DEBUG    | [20251117] 1 trades, day P&L=$+195, equity=$129,250
2026-04-03 22:28:37 | DEBUG    | [20251118] 2 trades, day P&L=$+240, equity=$129,490
2026-04-03 22:28:37 | DEBUG    | [20260120] 2 trades, day P&L=$+90, equity=$129,580
2026-04-03 22:28:38 | DEBUG    | [20260130] 1 trades, day P&L=$+120, equity=$129,700
2026-04-03 22:28:38 | DEBUG    | [20260206] 1 trades, day P&L=$+120, equity=$129,820
2026-04-03 22:28:38 | DEBUG    | [20260227] 2 trades, day P&L=$+165, equity=$129,985
2026-04-03 22:28:38 | DEBUG    | [20260302] 1 trades, day P&L=$+120, equity=$130,105
2026-04-03 22:28:38 | DEBUG    | [20260303] 1 trades, day P&L=$+120, equity=$130,225
2026-04-03 22:28:38 | DEBUG    | [20260309] 2 trades, day P&L=$+615, equity=$130,840
2026-04-03 22:28:38 | DEBUG    | [20260310] 1 trades, day P&L=$+120, equity=$130,960
2026-04-03 22:28:38 | DEBUG    | [20260320] 2 trades, day P&L=$+465, equity=$131,425
2026-04-03 22:28:38 | DEBUG    | [20260324] 1 trades, day P&L=$+45, equity=$131,470
2026-04-03 22:28:38 | INFO     | ============================================================
2026-04-03 22:28:38 | INFO     | SKIP REASONS:
2026-04-03 22:28:38 | INFO     |   dow_filter          : 374
2026-04-03 22:28:38 | INFO     |   early_close         : 6
2026-04-03 22:28:38 | INFO     |   no_quotes           : 11
2026-04-03 22:28:38 | INFO     |   prior_return        : 147
2026-04-03 22:28:38 | INFO     |   TOTAL TRADES        : 151
2026-04-03 22:28:38 | INFO     | ============================================================
