2026-04-04 13:10:05 | INFO     | Log file: /Users/jeerapongwongchote/Documents/thetadata/apex/logs/apex_run_20260404_131005.log
2026-04-04 13:10:05 | INFO     | Building daily indicators...
2026-04-04 13:10:10 | INFO     |   SQZ GEX loaded: 3748 dates
2026-04-04 13:10:10 | INFO     | Built daily indicators: 1066 dates (20220103 → 20260402)
2026-04-04 13:10:10 | DEBUG    | [20220114] 1 trades, day P&L=$+120, equity=$100,120
2026-04-04 13:10:10 | DEBUG    | [20220118] 2 trades, day P&L=$+240, equity=$100,360
2026-04-04 13:10:10 | DEBUG    | [20221115] 1 trades, day P&L=$+120, equity=$100,480
2026-04-04 13:10:10 | DEBUG    | [20230203] 2 trades, day P&L=$+90, equity=$100,570
2026-04-04 13:10:11 | DEBUG    | [20231229] 1 trades, day P&L=$+45, equity=$100,615
2026-04-04 13:10:11 | DEBUG    | [20240216] 1 trades, day P&L=$+45, equity=$100,660
2026-04-04 13:10:11 | DEBUG    | [20240531] 1 trades, day P&L=$+120, equity=$100,780
2026-04-04 13:10:11 | DEBUG    | [20240607] 1 trades, day P&L=$+45, equity=$100,825
2026-04-04 13:10:11 | DEBUG    | [20240628] 2 trades, day P&L=$+465, equity=$101,290
2026-04-04 13:10:11 | DEBUG    | [20240712] 2 trades, day P&L=$+240, equity=$101,530
2026-04-04 13:10:11 | DEBUG    | [20240715] 1 trades, day P&L=$+45, equity=$101,575
2026-04-04 13:10:11 | DEBUG    | [20240716] 1 trades, day P&L=$+45, equity=$101,620
2026-04-04 13:10:11 | DEBUG    | [20240719] 1 trades, day P&L=$+195, equity=$101,815
2026-04-04 13:10:12 | DEBUG    | [20240722] 1 trades, day P&L=$+45, equity=$101,860
2026-04-04 13:10:12 | DEBUG    | [20240802] 2 trades, day P&L=$+1215, equity=$103,075
2026-04-04 13:10:12 | DEBUG    | [20240820] 1 trades, day P&L=$+45, equity=$103,120
2026-04-04 13:10:12 | DEBUG    | [20240823] 1 trades, day P&L=$+45, equity=$103,165
2026-04-04 13:10:12 | DEBUG    | [20240830] 2 trades, day P&L=$+465, equity=$103,630
2026-04-04 13:10:12 | DEBUG    | [20240913] 2 trades, day P&L=$+90, equity=$103,720
2026-04-04 13:10:12 | DEBUG    | [20240930] 2 trades, day P&L=$+840, equity=$104,560
2026-04-04 13:10:12 | DEBUG    | [20241001] 2 trades, day P&L=$+465, equity=$105,025
2026-04-04 13:10:12 | DEBUG    | [20241011] 1 trades, day P&L=$+45, equity=$105,070
2026-04-04 13:10:12 | DEBUG    | [20241025] 1 trades, day P&L=$+45, equity=$105,115
2026-04-04 13:10:12 | DEBUG    | [20241115] 1 trades, day P&L=$+45, equity=$105,160
2026-04-04 13:10:12 | DEBUG    | [20241230] 2 trades, day P&L=$+315, equity=$105,475
2026-04-04 13:10:12 | DEBUG    | [20241231] 2 trades, day P&L=$+990, equity=$106,465
2026-04-04 13:10:12 | DEBUG    | [20250107] 2 trades, day P&L=$+315, equity=$106,780
2026-04-04 13:10:12 | DEBUG    | [20250110] 2 trades, day P&L=$+90, equity=$106,870
2026-04-04 13:10:12 | DEBUG    | [20250127] 2 trades, day P&L=$+165, equity=$107,035
2026-04-04 13:10:12 | DEBUG    | [20250131] 2 trades, day P&L=$+990, equity=$108,025
2026-04-04 13:10:12 | DEBUG    | [20250207] 1 trades, day P&L=$+45, equity=$108,070
2026-04-04 13:10:12 | DEBUG    | [20250428] 2 trades, day P&L=$+240, equity=$108,310
2026-04-04 13:10:12 | DEBUG    | [20250502] 1 trades, day P&L=$+195, equity=$108,505
2026-04-04 13:10:12 | DEBUG    | [20250506] 1 trades, day P&L=$+195, equity=$108,700
2026-04-04 13:10:12 | DEBUG    | [20250509] 1 trades, day P&L=$+45, equity=$108,745
2026-04-04 13:10:12 | DEBUG    | [20250512] 1 trades, day P&L=$+195, equity=$108,940
2026-04-04 13:10:12 | DEBUG    | [20250516] 1 trades, day P&L=$+45, equity=$108,985
2026-04-04 13:10:12 | DEBUG    | [20250523] 2 trades, day P&L=$+390, equity=$109,375
2026-04-04 13:10:12 | DEBUG    | [20250530] 2 trades, day P&L=$+1365, equity=$110,740
2026-04-04 13:10:12 | DEBUG    | [20250613] 2 trades, day P&L=$+240, equity=$110,980
2026-04-04 13:10:12 | DEBUG    | [20250630] 2 trades, day P&L=$+90, equity=$111,070
2026-04-04 13:10:12 | DEBUG    | [20250801] 2 trades, day P&L=$+315, equity=$111,385
2026-04-04 13:10:13 | DEBUG    | [20250811] 2 trades, day P&L=$+90, equity=$111,475
2026-04-04 13:10:13 | DEBUG    | [20250826] 1 trades, day P&L=$+120, equity=$111,595
2026-04-04 13:10:13 | DEBUG    | [20250930] 2 trades, day P&L=$+165, equity=$111,760
2026-04-04 13:10:13 | DEBUG    | [20251031] 1 trades, day P&L=$+120, equity=$111,880
2026-04-04 13:10:13 | DEBUG    | [20251107] 2 trades, day P&L=$+165, equity=$112,045
2026-04-04 13:10:13 | DEBUG    | [20251117] 1 trades, day P&L=$+195, equity=$112,240
2026-04-04 13:10:13 | DEBUG    | [20251118] 2 trades, day P&L=$+240, equity=$112,480
2026-04-04 13:10:13 | DEBUG    | [20260120] 2 trades, day P&L=$+90, equity=$112,570
2026-04-04 13:10:13 | DEBUG    | [20260130] 1 trades, day P&L=$+120, equity=$112,690
2026-04-04 13:10:13 | DEBUG    | [20260206] 1 trades, day P&L=$+120, equity=$112,810
2026-04-04 13:10:13 | DEBUG    | [20260227] 2 trades, day P&L=$+165, equity=$112,975
2026-04-04 13:10:13 | DEBUG    | [20260303] 1 trades, day P&L=$+120, equity=$113,095
2026-04-04 13:10:13 | INFO     | ============================================================
2026-04-04 13:10:13 | INFO     | SKIP REASONS:
2026-04-04 13:10:13 | INFO     |   dow_filter          : 233
2026-04-04 13:10:13 | INFO     |   early_close         : 6
2026-04-04 13:10:13 | INFO     |   gex_filter          : 336
2026-04-04 13:10:13 | INFO     |   no_quotes           : 4
2026-04-04 13:10:13 | INFO     |   prior_return        : 147
2026-04-04 13:10:13 | INFO     |   vol_consumed        : 12
2026-04-04 13:10:13 | INFO     |   TOTAL TRADES        : 81
2026-04-04 13:10:13 | INFO     | ============================================================
2026-04-04 13:10:13 | INFO     | 
============================================================
2026-04-04 13:10:13 | INFO     |   BACKTEST RESULTS (2022-01-03 → 2026-03-25)
2026-04-04 13:10:13 | INFO     | ============================================================
2026-04-04 13:10:13 | INFO     |   Trades      : 81
2026-04-04 13:10:13 | INFO     |   Win Rate    : 100.0%
2026-04-04 13:10:13 | INFO     |   Total P&L   : $13,095.00
2026-04-04 13:10:13 | INFO     |   Max DD      : $0.00
2026-04-04 13:10:13 | INFO     |   Sharpe      : 12.92
2026-04-04 13:10:13 | INFO     |   Calmar      : 0.00
2026-04-04 13:10:13 | INFO     |   Profit Factor: inf
2026-04-04 13:10:13 | INFO     |   Avg Win     : $161.67
2026-04-04 13:10:13 | INFO     |   Avg Loss    : $0.00
2026-04-04 13:10:13 | INFO     |   Max Single Loss: $45.00
2026-04-04 13:10:13 | INFO     | ============================================================

2026-04-04 13:10:13 | INFO     | 
--- VIX ZONE ANALYSIS ---
2026-04-04 13:10:13 | INFO     |   VIX < 15  :   15 trades, WR 100.0%, P&L $     1,425, DD $       0, Sharpe 14.95
2026-04-04 13:10:13 | INFO     |   VIX 15-20 :   51 trades, WR 100.0%, P&L $     9,645, DD $       0, Sharpe 13.75
2026-04-04 13:10:13 | INFO     |   VIX 20-25 :   15 trades, WR 100.0%, P&L $     2,025, DD $       0, Sharpe 27.91
2026-04-04 13:10:13 | INFO     | 
--- DAY-OF-WEEK ANALYSIS ---
2026-04-04 13:10:13 | INFO     |   Mon:   16 trades, WR 100.0%, P&L $     2,220, Sharpe 15.06
2026-04-04 13:10:13 | INFO     |   Tue:   20 trades, WR 100.0%, P&L $     3,150, Sharpe 15.20
2026-04-04 13:10:13 | INFO     |   Fri:   45 trades, WR 100.0%, P&L $     7,725, Sharpe 11.68
2026-04-04 13:10:13 | INFO     | 
--- TOP 10 WORST DAYS ---
2026-04-04 13:10:13 | INFO     |   20231229: P&L=$        45 | 1 trades | VIX=12.47
2026-04-04 13:10:13 | INFO     |   20240216: P&L=$        45 | 1 trades | VIX=14.01
2026-04-04 13:10:13 | INFO     |   20240607: P&L=$        45 | 1 trades | VIX=12.58
2026-04-04 13:10:13 | INFO     |   20240715: P&L=$        45 | 1 trades | VIX=12.46
2026-04-04 13:10:13 | INFO     |   20240716: P&L=$        45 | 1 trades | VIX=13.12
2026-04-04 13:10:13 | INFO     |   20240722: P&L=$        45 | 1 trades | VIX=16.52
2026-04-04 13:10:13 | INFO     |   20240820: P&L=$        45 | 1 trades | VIX=14.65
2026-04-04 13:10:13 | INFO     |   20240823: P&L=$        45 | 1 trades | VIX=17.55
2026-04-04 13:10:13 | INFO     |   20241011: P&L=$        45 | 1 trades | VIX=20.93
2026-04-04 13:10:13 | INFO     |   20241025: P&L=$        45 | 1 trades | VIX=19.08
