2026-04-04 16:12:33 | INFO     | Log file: /Users/jeerapongwongchote/Documents/thetadata/apex/logs/apex_run_20260404_161233.log
2026-04-04 16:12:33 | INFO     | Building daily indicators...
2026-04-04 16:12:40 | INFO     |   SQZ GEX loaded: 3748 dates
2026-04-04 16:12:40 | INFO     | Built daily indicators: 1066 dates (20220103 → 20260402)
2026-04-04 16:12:40 | DEBUG    | [20220114] 1 trades, day P&L=$+195, equity=$100,195
2026-04-04 16:12:40 | DEBUG    | [20220118] 1 trades, day P&L=$+120, equity=$100,315
2026-04-04 16:12:40 | DEBUG    | [20220318] 1 trades, day P&L=$+45, equity=$100,360
2026-04-04 16:12:40 | DEBUG    | [20221115] 1 trades, day P&L=$+120, equity=$100,480
2026-04-04 16:12:40 | DEBUG    | [20230203] 1 trades, day P&L=$+45, equity=$100,525
2026-04-04 16:12:41 | DEBUG    | [20230707] 1 trades, day P&L=$+120, equity=$100,645
2026-04-04 16:12:41 | DEBUG    | [20231114] 1 trades, day P&L=$+45, equity=$100,690
2026-04-04 16:12:41 | DEBUG    | [20231229] 1 trades, day P&L=$+45, equity=$100,735
2026-04-04 16:12:41 | DEBUG    | [20240216] 1 trades, day P&L=$+45, equity=$100,780
2026-04-04 16:12:42 | DEBUG    | [20240415] 1 trades, day P&L=$+45, equity=$100,825
2026-04-04 16:12:42 | DEBUG    | [20240531] 1 trades, day P&L=$+120, equity=$100,945
2026-04-04 16:12:42 | DEBUG    | [20240607] 1 trades, day P&L=$+45, equity=$100,990
2026-04-04 16:12:42 | DEBUG    | [20240628] 1 trades, day P&L=$+345, equity=$101,335
2026-04-04 16:12:42 | DEBUG    | [20240712] 1 trades, day P&L=$+195, equity=$101,530
2026-04-04 16:12:42 | DEBUG    | [20240715] 1 trades, day P&L=$+45, equity=$101,575
2026-04-04 16:12:42 | DEBUG    | [20240716] 1 trades, day P&L=$+45, equity=$101,620
2026-04-04 16:12:42 | DEBUG    | [20240719] 1 trades, day P&L=$+120, equity=$101,740
2026-04-04 16:12:42 | DEBUG    | [20240722] 1 trades, day P&L=$+45, equity=$101,785
2026-04-04 16:12:42 | DEBUG    | [20240730] 1 trades, day P&L=$+120, equity=$101,905
2026-04-04 16:12:42 | DEBUG    | [20240820] 1 trades, day P&L=$+45, equity=$101,950
2026-04-04 16:12:42 | DEBUG    | [20240823] 1 trades, day P&L=$+45, equity=$101,995
2026-04-04 16:12:42 | DEBUG    | [20240830] 1 trades, day P&L=$+420, equity=$102,415
2026-04-04 16:12:42 | DEBUG    | [20240913] 1 trades, day P&L=$+45, equity=$102,460
2026-04-04 16:12:42 | DEBUG    | [20240930] 1 trades, day P&L=$+270, equity=$102,730
2026-04-04 16:12:42 | DEBUG    | [20241001] 1 trades, day P&L=$+270, equity=$103,000
2026-04-04 16:12:42 | DEBUG    | [20241115] 1 trades, day P&L=$+45, equity=$103,045
2026-04-04 16:12:42 | DEBUG    | [20241227] 1 trades, day P&L=$+120, equity=$103,165
2026-04-04 16:12:42 | DEBUG    | [20241230] 1 trades, day P&L=$+120, equity=$103,285
2026-04-04 16:12:42 | DEBUG    | [20241231] 1 trades, day P&L=$+720, equity=$104,005
2026-04-04 16:12:42 | DEBUG    | [20250107] 1 trades, day P&L=$+270, equity=$104,275
2026-04-04 16:12:43 | DEBUG    | [20250127] 1 trades, day P&L=$+195, equity=$104,470
2026-04-04 16:12:43 | DEBUG    | [20250131] 1 trades, day P&L=$+795, equity=$105,265
2026-04-04 16:12:43 | DEBUG    | [20250203] 1 trades, day P&L=$+120, equity=$105,385
2026-04-04 16:12:43 | DEBUG    | [20250207] 1 trades, day P&L=$+45, equity=$105,430
2026-04-04 16:12:43 | DEBUG    | [20250221] 1 trades, day P&L=$+45, equity=$105,475
2026-04-04 16:12:43 | DEBUG    | [20250512] 1 trades, day P&L=$+195, equity=$105,670
2026-04-04 16:12:43 | DEBUG    | [20250516] 1 trades, day P&L=$+45, equity=$105,715
2026-04-04 16:12:43 | DEBUG    | [20250530] 1 trades, day P&L=$+795, equity=$106,510
2026-04-04 16:12:43 | DEBUG    | [20250630] 1 trades, day P&L=$+45, equity=$106,555
2026-04-04 16:12:43 | DEBUG    | [20250811] 1 trades, day P&L=$+45, equity=$106,600
2026-04-04 16:12:43 | DEBUG    | [20250826] 1 trades, day P&L=$+120, equity=$106,720
2026-04-04 16:12:43 | DEBUG    | [20250930] 1 trades, day P&L=$+120, equity=$106,840
2026-04-04 16:12:44 | INFO     | ============================================================
2026-04-04 16:12:44 | INFO     | SKIP REASONS:
2026-04-04 16:12:44 | INFO     |   bp_limit            : 23
2026-04-04 16:12:44 | INFO     |   dow_filter          : 233
2026-04-04 16:12:44 | INFO     |   early_close         : 6
2026-04-04 16:12:44 | INFO     |   gex_filter          : 336
2026-04-04 16:12:44 | INFO     |   no_quotes           : 4
2026-04-04 16:12:44 | INFO     |   prior_return        : 147
2026-04-04 16:12:44 | INFO     |   safety_ratio        : 53
2026-04-04 16:12:44 | INFO     |   TOTAL TRADES        : 42
2026-04-04 16:12:44 | INFO     | ============================================================
2026-04-04 16:12:44 | INFO     | 
============================================================
2026-04-04 16:12:44 | INFO     |   BACKTEST RESULTS (2022-01-03 → 2026-03-25)
2026-04-04 16:12:44 | INFO     | ============================================================
2026-04-04 16:12:44 | INFO     |   Trades      : 42
2026-04-04 16:12:44 | INFO     |   Win Rate    : 100.0%
2026-04-04 16:12:44 | INFO     |   Total P&L   : $6,840.00
2026-04-04 16:12:44 | INFO     |   Max DD      : $0.00
2026-04-04 16:12:44 | INFO     |   Sharpe      : 13.38
2026-04-04 16:12:44 | INFO     |   Calmar      : 0.00
2026-04-04 16:12:44 | INFO     |   Profit Factor: inf
2026-04-04 16:12:44 | INFO     |   Avg Win     : $162.86
2026-04-04 16:12:44 | INFO     |   Avg Loss    : $0.00
2026-04-04 16:12:44 | INFO     |   Max Single Loss: $45.00
2026-04-04 16:12:44 | INFO     | ============================================================

2026-04-04 16:12:44 | INFO     | 
--- VIX ZONE ANALYSIS ---
2026-04-04 16:12:44 | INFO     |   VIX < 15  :   14 trades, WR 100.0%, P&L $     1,455, DD $       0, Sharpe 18.51
2026-04-04 16:12:44 | INFO     |   VIX 15-20 :   24 trades, WR 100.0%, P&L $     4,830, DD $       0, Sharpe 13.30
2026-04-04 16:12:44 | INFO     |   VIX 20-25 :    3 trades, WR 100.0%, P&L $       510, DD $       0, Sharpe 62.32
2026-04-04 16:12:44 | INFO     |   VIX 25-30 :    1 trades, WR 100.0%, P&L $        45, DD $       0, Sharpe  0.00
2026-04-04 16:12:44 | INFO     | 
--- DAY-OF-WEEK ANALYSIS ---
2026-04-04 16:12:44 | INFO     |   Mon:   10 trades, WR 100.0%, P&L $     1,125, Sharpe 21.64
2026-04-04 16:12:44 | INFO     |   Tue:   11 trades, WR 100.0%, P&L $     1,995, Sharpe 14.76
2026-04-04 16:12:44 | INFO     |   Fri:   21 trades, WR 100.0%, P&L $     3,720, Sharpe 12.24
2026-04-04 16:12:44 | INFO     | 
--- TOP 10 WORST DAYS ---
2026-04-04 16:12:44 | INFO     |   20220318: P&L=$        45 | 1 trades | VIX=25.67
2026-04-04 16:12:44 | INFO     |   20230203: P&L=$        45 | 1 trades | VIX=18.73
2026-04-04 16:12:44 | INFO     |   20231114: P&L=$        45 | 1 trades | VIX=14.76
2026-04-04 16:12:44 | INFO     |   20231229: P&L=$        45 | 1 trades | VIX=12.47
2026-04-04 16:12:44 | INFO     |   20240216: P&L=$        45 | 1 trades | VIX=14.01
2026-04-04 16:12:44 | INFO     |   20240415: P&L=$        45 | 1 trades | VIX=17.31
2026-04-04 16:12:44 | INFO     |   20240607: P&L=$        45 | 1 trades | VIX=12.58
2026-04-04 16:12:44 | INFO     |   20240715: P&L=$        45 | 1 trades | VIX=12.46
2026-04-04 16:12:44 | INFO     |   20240716: P&L=$        45 | 1 trades | VIX=13.12
2026-04-04 16:12:44 | INFO     |   20240722: P&L=$        45 | 1 trades | VIX=16.52
