2026-04-03 14:29:17 | INFO     | Log file: /Users/jeerapongwongchote/Documents/thetadata/apex/logs/apex_run_20260403_142917.log
2026-04-03 14:29:22 | INFO     | Built daily indicators: 1065 dates (20220103 → 20260401)
2026-04-03 14:29:22 | DEBUG    | [20220110] 2 trades, day P&L=$+42, equity=$100,042
2026-04-03 14:29:22 | DEBUG    | [20220114] 1 trades, day P&L=$+91, equity=$100,133
2026-04-03 14:29:22 | DEBUG    | [20220118] 2 trades, day P&L=$+147, equity=$100,280
2026-04-03 14:29:22 | DEBUG    | [20220121] 2 trades, day P&L=$+427, equity=$100,707
2026-04-03 14:29:22 | DEBUG    | [20220128] 2 trades, day P&L=$+392, equity=$101,099
2026-04-03 14:29:22 | DEBUG    | [20220207] 2 trades, day P&L=$+252, equity=$101,351
2026-04-03 14:29:22 | DEBUG    | [20220222] 2 trades, day P&L=$+532, equity=$101,883
2026-04-03 14:29:22 | DEBUG    | [20220225] 2 trades, day P&L=$+182, equity=$102,065
2026-04-03 14:29:22 | DEBUG    | [20220304] 2 trades, day P&L=$+182, equity=$102,247
2026-04-03 14:29:22 | DEBUG    | [20220307] 2 trades, day P&L=$+287, equity=$102,534
2026-04-03 14:29:22 | DEBUG    | [20220311] 2 trades, day P&L=$+322, equity=$102,856
2026-04-03 14:29:22 | DEBUG    | [20220314] 2 trades, day P&L=$+217, equity=$103,073
2026-04-03 14:29:22 | DEBUG    | [20220318] 1 trades, day P&L=$+21, equity=$103,094
2026-04-03 14:29:22 | DEBUG    | [20220408] 2 trades, day P&L=$+42, equity=$103,136
2026-04-03 14:29:22 | DEBUG    | [20220418] 1 trades, day P&L=$+21, equity=$103,157
2026-04-03 14:29:22 | DEBUG    | [20220422] 2 trades, day P&L=$+812, equity=$103,969
2026-04-03 14:29:22 | DEBUG    | [20220426] 2 trades, day P&L=$+322, equity=$104,291
2026-04-03 14:29:22 | DEBUG    | [20220503] 1 trades, day P&L=$+91, equity=$104,382
2026-04-03 14:29:22 | DEBUG    | [20220509] 2 trades, day P&L=$+1092, equity=$105,474
2026-04-03 14:29:22 | DEBUG    | [20220513] 2 trades, day P&L=$+532, equity=$106,006
2026-04-03 14:29:22 | DEBUG    | [20220517] 1 trades, day P&L=$+21, equity=$106,027
2026-04-03 14:29:22 | DEBUG    | [20220520] 2 trades, day P&L=$+357, equity=$106,384
2026-04-03 14:29:22 | DEBUG    | [20220624] 1 trades, day P&L=$+21, equity=$106,405
2026-04-03 14:29:22 | DEBUG    | [20220628] 1 trades, day P&L=$+21, equity=$106,426
2026-04-03 14:29:22 | DEBUG    | [20220705] 2 trades, day P&L=$+42, equity=$106,468
2026-04-03 14:29:22 | DEBUG    | [20220719] 1 trades, day P&L=$+21, equity=$106,489
2026-04-03 14:29:22 | DEBUG    | [20220902] 2 trades, day P&L=$+147, equity=$106,636
2026-04-03 14:29:22 | DEBUG    | [20220913] 2 trades, day P&L=$+77, equity=$106,713
2026-04-03 14:29:22 | DEBUG    | [20220916] 2 trades, day P&L=$+147, equity=$106,860
2026-04-03 14:29:22 | DEBUG    | [20220923] 2 trades, day P&L=$+182, equity=$107,042
2026-04-03 14:29:22 | DEBUG    | [20220927] 2 trades, day P&L=$+182, equity=$107,224
2026-04-03 14:29:22 | DEBUG    | [20221003] 1 trades, day P&L=$+21, equity=$107,245
2026-04-03 14:29:22 | DEBUG    | [20221007] 2 trades, day P&L=$+357, equity=$107,602
2026-04-03 14:29:22 | DEBUG    | [20221011] 1 trades, day P&L=$+21, equity=$107,623
2026-04-03 14:29:22 | DEBUG    | [20221021] 1 trades, day P&L=$+21, equity=$107,644
2026-04-03 14:29:22 | DEBUG    | [20221115] 1 trades, day P&L=$+56, equity=$107,700
2026-04-03 14:29:22 | DEBUG    | [20221118] 1 trades, day P&L=$+21, equity=$107,721
2026-04-03 14:29:23 | DEBUG    | [20221209] 1 trades, day P&L=$+21, equity=$107,742
2026-04-03 14:29:23 | DEBUG    | [20221213] 1 trades, day P&L=$+21, equity=$107,763
2026-04-03 14:29:23 | DEBUG    | [20230203] 2 trades, day P&L=$+42, equity=$107,805
2026-04-03 14:29:23 | DEBUG    | [20230313] 1 trades, day P&L=$+126, equity=$107,931
2026-04-03 14:29:23 | DEBUG    | [20230331] 2 trades, day P&L=$+77, equity=$108,008
2026-04-03 14:29:23 | DEBUG    | [20230707] 1 trades, day P&L=$+56, equity=$108,064
2026-04-03 14:29:23 | DEBUG    | [20230825] 1 trades, day P&L=$+21, equity=$108,085
2026-04-03 14:29:23 | DEBUG    | [20230929] 1 trades, day P&L=$+56, equity=$108,141
2026-04-03 14:29:24 | DEBUG    | [20240216] 1 trades, day P&L=$+21, equity=$108,162
2026-04-03 14:29:24 | DEBUG    | [20240412] 1 trades, day P&L=$+21, equity=$108,183
2026-04-03 14:29:24 | DEBUG    | [20240415] 1 trades, day P&L=$+21, equity=$108,204
2026-04-03 14:29:24 | DEBUG    | [20240416] 2 trades, day P&L=$+112, equity=$108,316
2026-04-03 14:29:24 | DEBUG    | [20240419] 1 trades, day P&L=$+21, equity=$108,337
2026-04-03 14:29:24 | DEBUG    | [20240422] 1 trades, day P&L=$+21, equity=$108,358
2026-04-03 14:29:24 | DEBUG    | [20240531] 1 trades, day P&L=$+56, equity=$108,414
2026-04-03 14:29:24 | DEBUG    | [20240607] 1 trades, day P&L=$+21, equity=$108,435
2026-04-03 14:29:24 | DEBUG    | [20240628] 1 trades, day P&L=$+161, equity=$108,596
2026-04-03 14:29:24 | DEBUG    | [20240712] 1 trades, day P&L=$+56, equity=$108,652
2026-04-03 14:29:24 | DEBUG    | [20240715] 1 trades, day P&L=$+21, equity=$108,673
2026-04-03 14:29:24 | DEBUG    | [20240719] 1 trades, day P&L=$+56, equity=$108,729
2026-04-03 14:29:24 | DEBUG    | [20240726] 2 trades, day P&L=$+497, equity=$109,226
2026-04-03 14:29:24 | DEBUG    | [20240729] 1 trades, day P&L=$+21, equity=$109,247
2026-04-03 14:29:24 | DEBUG    | [20240730] 1 trades, day P&L=$+56, equity=$109,303
2026-04-03 14:29:24 | DEBUG    | [20240802] 1 trades, day P&L=$+301, equity=$109,604
2026-04-03 14:29:24 | DEBUG    | [20240812] 2 trades, day P&L=$+217, equity=$109,821
2026-04-03 14:29:24 | DEBUG    | [20240813] 1 trades, day P&L=$+21, equity=$109,842
2026-04-03 14:29:24 | DEBUG    | [20240820] 1 trades, day P&L=$+21, equity=$109,863
2026-04-03 14:29:24 | DEBUG    | [20240823] 1 trades, day P&L=$+21, equity=$109,884
2026-04-03 14:29:24 | DEBUG    | [20240830] 1 trades, day P&L=$+56, equity=$109,940
2026-04-03 14:29:24 | DEBUG    | [20240903] 1 trades, day P&L=$+301, equity=$110,241
2026-04-03 14:29:24 | DEBUG    | [20240906] 1 trades, day P&L=$+161, equity=$110,402
2026-04-03 14:29:24 | DEBUG    | [20240913] 1 trades, day P&L=$+21, equity=$110,423
2026-04-03 14:29:24 | DEBUG    | [20240930] 1 trades, day P&L=$+336, equity=$110,759
2026-04-03 14:29:24 | DEBUG    | [20241001] 1 trades, day P&L=$+126, equity=$110,885
2026-04-03 14:29:24 | DEBUG    | [20241025] 1 trades, day P&L=$+21, equity=$110,906
2026-04-03 14:29:24 | DEBUG    | [20241104] 1 trades, day P&L=$+21, equity=$110,927
2026-04-03 14:29:24 | DEBUG    | [20241115] 1 trades, day P&L=$+21, equity=$110,948
2026-04-03 14:29:24 | DEBUG    | [20241220] 1 trades, day P&L=$+336, equity=$111,284
2026-04-03 14:29:24 | DEBUG    | [20241227] 1 trades, day P&L=$+56, equity=$111,340
2026-04-03 14:29:24 | DEBUG    | [20241230] 2 trades, day P&L=$+147, equity=$111,487
2026-04-03 14:29:24 | DEBUG    | [20241231] 1 trades, day P&L=$+336, equity=$111,823
2026-04-03 14:29:24 | DEBUG    | [20250107] 1 trades, day P&L=$+126, equity=$111,949
2026-04-03 14:29:24 | DEBUG    | [20250110] 1 trades, day P&L=$+21, equity=$111,970
2026-04-03 14:29:24 | DEBUG    | [20250127] 1 trades, day P&L=$+21, equity=$111,991
2026-04-03 14:29:24 | DEBUG    | [20250131] 1 trades, day P&L=$+371, equity=$112,362
2026-04-03 14:29:24 | DEBUG    | [20250203] 1 trades, day P&L=$+126, equity=$112,488
2026-04-03 14:29:24 | DEBUG    | [20250207] 1 trades, day P&L=$+21, equity=$112,509
2026-04-03 14:29:24 | DEBUG    | [20250221] 1 trades, day P&L=$+21, equity=$112,530
2026-04-03 14:29:24 | DEBUG    | [20250225] 1 trades, day P&L=$+126, equity=$112,656
2026-04-03 14:29:24 | DEBUG    | [20250310] 1 trades, day P&L=$+581, equity=$113,237
2026-04-03 14:29:24 | DEBUG    | [20250314] 1 trades, day P&L=$+126, equity=$113,363
2026-04-03 14:29:24 | DEBUG    | [20250318] 1 trades, day P&L=$+21, equity=$113,384
2026-04-03 14:29:24 | DEBUG    | [20250321] 1 trades, day P&L=$+21, equity=$113,405
2026-04-03 14:29:25 | DEBUG    | [20250328] 1 trades, day P&L=$+21, equity=$113,426
2026-04-03 14:29:25 | DEBUG    | [20250401] 1 trades, day P&L=$+21, equity=$113,447
2026-04-03 14:29:25 | DEBUG    | [20250415] 2 trades, day P&L=$+77, equity=$113,524
2026-04-03 14:29:25 | DEBUG    | [20250421] 1 trades, day P&L=$+371, equity=$113,895
2026-04-03 14:29:25 | DEBUG    | [20250428] 2 trades, day P&L=$+147, equity=$114,042
2026-04-03 14:29:25 | DEBUG    | [20250502] 1 trades, day P&L=$+21, equity=$114,063
2026-04-03 14:29:25 | DEBUG    | [20250505] 1 trades, day P&L=$+56, equity=$114,119
2026-04-03 14:29:25 | DEBUG    | [20250506] 1 trades, day P&L=$+91, equity=$114,210
2026-04-03 14:29:25 | DEBUG    | [20250509] 1 trades, day P&L=$+21, equity=$114,231
2026-04-03 14:29:25 | DEBUG    | [20250512] 1 trades, day P&L=$+91, equity=$114,322
2026-04-03 14:29:25 | DEBUG    | [20250523] 1 trades, day P&L=$+161, equity=$114,483
2026-04-03 14:29:25 | DEBUG    | [20250530] 2 trades, day P&L=$+847, equity=$115,330
2026-04-03 14:29:25 | DEBUG    | [20250613] 1 trades, day P&L=$+91, equity=$115,421
2026-04-03 14:29:25 | DEBUG    | [20250623] 1 trades, day P&L=$+21, equity=$115,442
2026-04-03 14:29:25 | DEBUG    | [20250630] 1 trades, day P&L=$+21, equity=$115,463
2026-04-03 14:29:25 | DEBUG    | [20250801] 1 trades, day P&L=$+21, equity=$115,484
2026-04-03 14:29:25 | DEBUG    | [20250811] 1 trades, day P&L=$+21, equity=$115,505
2026-04-03 14:29:25 | DEBUG    | [20250930] 1 trades, day P&L=$+21, equity=$115,526
2026-04-03 14:29:25 | DEBUG    | [20251010] 1 trades, day P&L=$+756, equity=$116,282
2026-04-03 14:29:25 | DEBUG    | [20251031] 1 trades, day P&L=$+56, equity=$116,338
2026-04-03 14:29:25 | DEBUG    | [20251107] 1 trades, day P&L=$+21, equity=$116,359
2026-04-03 14:29:25 | DEBUG    | [20251117] 1 trades, day P&L=$+91, equity=$116,450
2026-04-03 14:29:25 | DEBUG    | [20251118] 2 trades, day P&L=$+112, equity=$116,562
2026-04-03 14:29:25 | DEBUG    | [20260120] 1 trades, day P&L=$+21, equity=$116,583
2026-04-03 14:29:25 | DEBUG    | [20260130] 2 trades, day P&L=$+147, equity=$116,730
2026-04-03 14:29:25 | DEBUG    | [20260206] 1 trades, day P&L=$+91, equity=$116,821
2026-04-03 14:29:25 | DEBUG    | [20260227] 2 trades, day P&L=$+112, equity=$116,933
2026-04-03 14:29:25 | DEBUG    | [20260302] 1 trades, day P&L=$+56, equity=$116,989
2026-04-03 14:29:25 | DEBUG    | [20260303] 1 trades, day P&L=$+91, equity=$117,080
2026-04-03 14:29:25 | DEBUG    | [20260306] 1 trades, day P&L=$+161, equity=$117,241
2026-04-03 14:29:25 | DEBUG    | [20260309] 1 trades, day P&L=$+91, equity=$117,332
2026-04-03 14:29:25 | DEBUG    | [20260310] 2 trades, day P&L=$+112, equity=$117,444
2026-04-03 14:29:25 | DEBUG    | [20260320] 1 trades, day P&L=$+91, equity=$117,535
2026-04-03 14:29:25 | DEBUG    | [20260324] 1 trades, day P&L=$+21, equity=$117,556
2026-04-03 14:29:25 | INFO     | ============================================================
2026-04-03 14:29:25 | INFO     | SKIP REASONS:
2026-04-03 14:29:25 | INFO     |   dow_filter          : 374
2026-04-03 14:29:25 | INFO     |   early_close         : 6
2026-04-03 14:29:25 | INFO     |   no_quotes           : 11
2026-04-03 14:29:25 | INFO     |   prior_return        : 147
2026-04-03 14:29:25 | INFO     |   TOTAL TRADES        : 161
2026-04-03 14:29:25 | INFO     | ============================================================
2026-04-03 14:29:25 | DEBUG    | [20220331] 2 trades, day P&L=$+497, equity=$100,497
2026-04-03 14:29:25 | DEBUG    | [20220616] 1 trades, day P&L=$+21, equity=$100,518
2026-04-03 14:29:25 | DEBUG    | [20220630] 2 trades, day P&L=$+182, equity=$100,700
2026-04-03 14:29:25 | DEBUG    | [20220915] 2 trades, day P&L=$+42, equity=$100,742
2026-04-03 14:29:25 | DEBUG    | [20221006] 1 trades, day P&L=$+21, equity=$100,763
2026-04-03 14:29:25 | DEBUG    | [20221013] 2 trades, day P&L=$+77, equity=$100,840
2026-04-03 14:29:26 | DEBUG    | [20240718] 1 trades, day P&L=$+21, equity=$100,861
2026-04-03 14:29:26 | DEBUG    | [20240808] 1 trades, day P&L=$+21, equity=$100,882
2026-04-03 14:29:26 | DEBUG    | [20240829] 1 trades, day P&L=$+21, equity=$100,903
2026-04-03 14:29:26 | DEBUG    | [20240905] 1 trades, day P&L=$+21, equity=$100,924
2026-04-03 14:29:26 | DEBUG    | [20240919] 2 trades, day P&L=$+42, equity=$100,966
2026-04-03 14:29:26 | DEBUG    | [20241031] 1 trades, day P&L=$+21, equity=$100,987
2026-04-03 14:29:26 | DEBUG    | [20250102] 1 trades, day P&L=$+21, equity=$101,008
2026-04-03 14:29:26 | DEBUG    | [20250130] 1 trades, day P&L=$+21, equity=$101,029
2026-04-03 14:29:26 | DEBUG    | [20250227] 1 trades, day P&L=$+21, equity=$101,050
2026-04-03 14:29:26 | DEBUG    | [20250306] 1 trades, day P&L=$+406, equity=$101,456
2026-04-03 14:29:26 | DEBUG    | [20250313] 1 trades, day P&L=$+56, equity=$101,512
2026-04-03 14:29:26 | DEBUG    | [20250327] 1 trades, day P&L=$+21, equity=$101,533
2026-04-03 14:29:26 | DEBUG    | [20250403] 1 trades, day P&L=$+441, equity=$101,974
2026-04-03 14:29:26 | DEBUG    | [20250501] 2 trades, day P&L=$-553, equity=$101,421
2026-04-03 14:29:26 | DEBUG    | [20250508] 2 trades, day P&L=$+322, equity=$101,743
2026-04-03 14:29:26 | DEBUG    | [20250529] 1 trades, day P&L=$+91, equity=$101,834
2026-04-03 14:29:26 | DEBUG    | [20250605] 1 trades, day P&L=$+91, equity=$101,925
2026-04-03 14:29:26 | DEBUG    | [20250731] 1 trades, day P&L=$+126, equity=$102,051
2026-04-03 14:29:26 | DEBUG    | [20251016] 1 trades, day P&L=$+161, equity=$102,212
2026-04-03 14:29:26 | DEBUG    | [20251106] 1 trades, day P&L=$+56, equity=$102,268
2026-04-03 14:29:26 | DEBUG    | [20251113] 1 trades, day P&L=$+91, equity=$102,359
2026-04-03 14:29:26 | DEBUG    | [20251120] 1 trades, day P&L=$+91, equity=$102,450
2026-04-03 14:29:26 | DEBUG    | [20251218] 1 trades, day P&L=$+21, equity=$102,471
2026-04-03 14:29:27 | DEBUG    | [20260205] 1 trades, day P&L=$+21, equity=$102,492
2026-04-03 14:29:27 | DEBUG    | [20260212] 1 trades, day P&L=$+21, equity=$102,513
2026-04-03 14:29:27 | INFO     | ============================================================
2026-04-03 14:29:27 | INFO     | SKIP REASONS:
2026-04-03 14:29:27 | INFO     |   dow_filter          : 724
2026-04-03 14:29:27 | INFO     |   early_close         : 6
2026-04-03 14:29:27 | INFO     |   no_quotes           : 10
2026-04-03 14:29:27 | INFO     |   prior_return        : 147
2026-04-03 14:29:27 | INFO     |   TOTAL TRADES        : 38
2026-04-03 14:29:27 | INFO     | ============================================================
2026-04-03 14:29:27 | INFO     | [ITER 239] optimal_perday → CREATIVE | P&L=$20,069, Sharpe=11.03, DD=$-574
2026-04-03 14:29:27 | DEBUG    | [20220110] 2 trades, day P&L=$+42, equity=$100,042
2026-04-03 14:29:27 | DEBUG    | [20220114] 1 trades, day P&L=$+91, equity=$100,133
2026-04-03 14:29:27 | DEBUG    | [20220118] 2 trades, day P&L=$+147, equity=$100,280
2026-04-03 14:29:27 | DEBUG    | [20220121] 2 trades, day P&L=$+427, equity=$100,707
2026-04-03 14:29:27 | DEBUG    | [20220128] 2 trades, day P&L=$+392, equity=$101,099
2026-04-03 14:29:27 | DEBUG    | [20220207] 2 trades, day P&L=$+252, equity=$101,351
2026-04-03 14:29:27 | DEBUG    | [20220222] 2 trades, day P&L=$+532, equity=$101,883
2026-04-03 14:29:27 | DEBUG    | [20220225] 2 trades, day P&L=$+182, equity=$102,065
2026-04-03 14:29:27 | DEBUG    | [20220304] 2 trades, day P&L=$+182, equity=$102,247
2026-04-03 14:29:27 | DEBUG    | [20220307] 2 trades, day P&L=$+287, equity=$102,534
2026-04-03 14:29:27 | DEBUG    | [20220311] 2 trades, day P&L=$+322, equity=$102,856
2026-04-03 14:29:27 | DEBUG    | [20220314] 2 trades, day P&L=$+217, equity=$103,073
2026-04-03 14:29:27 | DEBUG    | [20220318] 1 trades, day P&L=$+21, equity=$103,094
2026-04-03 14:29:27 | DEBUG    | [20220408] 2 trades, day P&L=$+42, equity=$103,136
2026-04-03 14:29:27 | DEBUG    | [20220418] 1 trades, day P&L=$+21, equity=$103,157
2026-04-03 14:29:27 | DEBUG    | [20220422] 2 trades, day P&L=$+812, equity=$103,969
2026-04-03 14:29:27 | DEBUG    | [20220426] 2 trades, day P&L=$+322, equity=$104,291
2026-04-03 14:29:27 | DEBUG    | [20220503] 1 trades, day P&L=$+91, equity=$104,382
2026-04-03 14:29:27 | DEBUG    | [20220509] 2 trades, day P&L=$+1092, equity=$105,474
2026-04-03 14:29:27 | DEBUG    | [20220513] 2 trades, day P&L=$+532, equity=$106,006
2026-04-03 14:29:27 | DEBUG    | [20220517] 1 trades, day P&L=$+21, equity=$106,027
2026-04-03 14:29:27 | DEBUG    | [20220520] 2 trades, day P&L=$+357, equity=$106,384
2026-04-03 14:29:27 | DEBUG    | [20220624] 1 trades, day P&L=$+21, equity=$106,405
2026-04-03 14:29:27 | DEBUG    | [20220628] 1 trades, day P&L=$+21, equity=$106,426
2026-04-03 14:29:27 | DEBUG    | [20220705] 2 trades, day P&L=$+42, equity=$106,468
2026-04-03 14:29:27 | DEBUG    | [20220719] 1 trades, day P&L=$+21, equity=$106,489
2026-04-03 14:29:27 | DEBUG    | [20220902] 2 trades, day P&L=$+147, equity=$106,636
2026-04-03 14:29:27 | DEBUG    | [20220913] 2 trades, day P&L=$+77, equity=$106,713
2026-04-03 14:29:27 | DEBUG    | [20220916] 2 trades, day P&L=$+147, equity=$106,860
2026-04-03 14:29:27 | DEBUG    | [20220923] 2 trades, day P&L=$+182, equity=$107,042
2026-04-03 14:29:27 | DEBUG    | [20220927] 2 trades, day P&L=$+182, equity=$107,224
2026-04-03 14:29:27 | DEBUG    | [20221003] 1 trades, day P&L=$+21, equity=$107,245
2026-04-03 14:29:27 | DEBUG    | [20221007] 2 trades, day P&L=$+357, equity=$107,602
2026-04-03 14:29:27 | DEBUG    | [20221011] 1 trades, day P&L=$+21, equity=$107,623
2026-04-03 14:29:27 | DEBUG    | [20221021] 1 trades, day P&L=$+21, equity=$107,644
2026-04-03 14:29:27 | DEBUG    | [20221115] 1 trades, day P&L=$+56, equity=$107,700
2026-04-03 14:29:27 | DEBUG    | [20221118] 1 trades, day P&L=$+21, equity=$107,721
2026-04-03 14:29:27 | DEBUG    | [20221209] 1 trades, day P&L=$+21, equity=$107,742
2026-04-03 14:29:27 | DEBUG    | [20221213] 1 trades, day P&L=$+21, equity=$107,763
2026-04-03 14:29:27 | DEBUG    | [20230203] 2 trades, day P&L=$+42, equity=$107,805
2026-04-03 14:29:28 | DEBUG    | [20230313] 1 trades, day P&L=$+126, equity=$107,931
2026-04-03 14:29:28 | DEBUG    | [20230331] 2 trades, day P&L=$+77, equity=$108,008
2026-04-03 14:29:28 | DEBUG    | [20230707] 1 trades, day P&L=$+56, equity=$108,064
2026-04-03 14:29:28 | DEBUG    | [20230825] 1 trades, day P&L=$+21, equity=$108,085
2026-04-03 14:29:28 | DEBUG    | [20230929] 1 trades, day P&L=$+56, equity=$108,141
2026-04-03 14:29:28 | DEBUG    | [20240216] 1 trades, day P&L=$+21, equity=$108,162
2026-04-03 14:29:28 | DEBUG    | [20240412] 1 trades, day P&L=$+21, equity=$108,183
2026-04-03 14:29:28 | DEBUG    | [20240415] 1 trades, day P&L=$+21, equity=$108,204
2026-04-03 14:29:29 | DEBUG    | [20240416] 2 trades, day P&L=$+112, equity=$108,316
2026-04-03 14:29:29 | DEBUG    | [20240419] 1 trades, day P&L=$+21, equity=$108,337
2026-04-03 14:29:29 | DEBUG    | [20240422] 1 trades, day P&L=$+21, equity=$108,358
2026-04-03 14:29:29 | DEBUG    | [20240531] 1 trades, day P&L=$+56, equity=$108,414
2026-04-03 14:29:29 | DEBUG    | [20240607] 1 trades, day P&L=$+21, equity=$108,435
2026-04-03 14:29:29 | DEBUG    | [20240628] 1 trades, day P&L=$+161, equity=$108,596
2026-04-03 14:29:29 | DEBUG    | [20240712] 1 trades, day P&L=$+56, equity=$108,652
2026-04-03 14:29:29 | DEBUG    | [20240715] 1 trades, day P&L=$+21, equity=$108,673
2026-04-03 14:29:29 | DEBUG    | [20240719] 1 trades, day P&L=$+56, equity=$108,729
2026-04-03 14:29:29 | DEBUG    | [20240726] 2 trades, day P&L=$+497, equity=$109,226
2026-04-03 14:29:29 | DEBUG    | [20240729] 1 trades, day P&L=$+21, equity=$109,247
2026-04-03 14:29:29 | DEBUG    | [20240730] 1 trades, day P&L=$+56, equity=$109,303
2026-04-03 14:29:29 | DEBUG    | [20240802] 1 trades, day P&L=$+301, equity=$109,604
2026-04-03 14:29:29 | DEBUG    | [20240812] 2 trades, day P&L=$+217, equity=$109,821
2026-04-03 14:29:29 | DEBUG    | [20240813] 1 trades, day P&L=$+21, equity=$109,842
2026-04-03 14:29:29 | DEBUG    | [20240820] 1 trades, day P&L=$+21, equity=$109,863
2026-04-03 14:29:29 | DEBUG    | [20240823] 1 trades, day P&L=$+21, equity=$109,884
2026-04-03 14:29:29 | DEBUG    | [20240830] 1 trades, day P&L=$+56, equity=$109,940
2026-04-03 14:29:29 | DEBUG    | [20240903] 1 trades, day P&L=$+301, equity=$110,241
2026-04-03 14:29:29 | DEBUG    | [20240906] 1 trades, day P&L=$+161, equity=$110,402
2026-04-03 14:29:29 | DEBUG    | [20240913] 1 trades, day P&L=$+21, equity=$110,423
2026-04-03 14:29:29 | DEBUG    | [20240930] 1 trades, day P&L=$+336, equity=$110,759
2026-04-03 14:29:29 | DEBUG    | [20241001] 1 trades, day P&L=$+126, equity=$110,885
2026-04-03 14:29:29 | DEBUG    | [20241025] 1 trades, day P&L=$+21, equity=$110,906
2026-04-03 14:29:29 | DEBUG    | [20241104] 1 trades, day P&L=$+21, equity=$110,927
2026-04-03 14:29:29 | DEBUG    | [20241115] 1 trades, day P&L=$+21, equity=$110,948
2026-04-03 14:29:29 | DEBUG    | [20241220] 1 trades, day P&L=$+336, equity=$111,284
2026-04-03 14:29:29 | DEBUG    | [20241227] 1 trades, day P&L=$+56, equity=$111,340
2026-04-03 14:29:29 | DEBUG    | [20241230] 2 trades, day P&L=$+147, equity=$111,487
2026-04-03 14:29:29 | DEBUG    | [20241231] 1 trades, day P&L=$+336, equity=$111,823
2026-04-03 14:29:29 | INFO     | ============================================================
2026-04-03 14:29:29 | INFO     | SKIP REASONS:
2026-04-03 14:29:29 | INFO     |   dow_filter          : 261
2026-04-03 14:29:29 | INFO     |   early_close         : 4
2026-04-03 14:29:29 | INFO     |   no_quotes           : 11
2026-04-03 14:29:29 | INFO     |   prior_return        : 109
2026-04-03 14:29:29 | INFO     |   TOTAL TRADES        : 108
2026-04-03 14:29:29 | INFO     | ============================================================
2026-04-03 14:29:29 | DEBUG    | [20220331] 2 trades, day P&L=$+497, equity=$100,497
2026-04-03 14:29:29 | DEBUG    | [20220616] 1 trades, day P&L=$+21, equity=$100,518
2026-04-03 14:29:29 | DEBUG    | [20220630] 2 trades, day P&L=$+182, equity=$100,700
2026-04-03 14:29:29 | DEBUG    | [20220915] 2 trades, day P&L=$+42, equity=$100,742
2026-04-03 14:29:29 | DEBUG    | [20221006] 1 trades, day P&L=$+21, equity=$100,763
2026-04-03 14:29:29 | DEBUG    | [20221013] 2 trades, day P&L=$+77, equity=$100,840
2026-04-03 14:29:30 | DEBUG    | [20240718] 1 trades, day P&L=$+21, equity=$100,861
2026-04-03 14:29:30 | DEBUG    | [20240808] 1 trades, day P&L=$+21, equity=$100,882
2026-04-03 14:29:30 | DEBUG    | [20240829] 1 trades, day P&L=$+21, equity=$100,903
2026-04-03 14:29:30 | DEBUG    | [20240905] 1 trades, day P&L=$+21, equity=$100,924
2026-04-03 14:29:30 | DEBUG    | [20240919] 2 trades, day P&L=$+42, equity=$100,966
2026-04-03 14:29:30 | DEBUG    | [20241031] 1 trades, day P&L=$+21, equity=$100,987
2026-04-03 14:29:30 | INFO     | ============================================================
2026-04-03 14:29:30 | INFO     | SKIP REASONS:
2026-04-03 14:29:30 | INFO     |   dow_filter          : 511
2026-04-03 14:29:30 | INFO     |   early_close         : 4
2026-04-03 14:29:30 | INFO     |   no_quotes           : 10
2026-04-03 14:29:30 | INFO     |   prior_return        : 109
2026-04-03 14:29:30 | INFO     |   TOTAL TRADES        : 17
2026-04-03 14:29:30 | INFO     | ============================================================
2026-04-03 14:29:30 | DEBUG    | [20250107] 1 trades, day P&L=$+126, equity=$100,126
2026-04-03 14:29:30 | DEBUG    | [20250110] 1 trades, day P&L=$+21, equity=$100,147
2026-04-03 14:29:30 | DEBUG    | [20250127] 1 trades, day P&L=$+21, equity=$100,168
2026-04-03 14:29:30 | DEBUG    | [20250131] 1 trades, day P&L=$+371, equity=$100,539
2026-04-03 14:29:30 | DEBUG    | [20250203] 1 trades, day P&L=$+126, equity=$100,665
2026-04-03 14:29:30 | DEBUG    | [20250207] 1 trades, day P&L=$+21, equity=$100,686
2026-04-03 14:29:30 | DEBUG    | [20250221] 1 trades, day P&L=$+21, equity=$100,707
2026-04-03 14:29:30 | DEBUG    | [20250225] 1 trades, day P&L=$+126, equity=$100,833
2026-04-03 14:29:30 | DEBUG    | [20250310] 1 trades, day P&L=$+581, equity=$101,414
2026-04-03 14:29:30 | DEBUG    | [20250314] 1 trades, day P&L=$+126, equity=$101,540
2026-04-03 14:29:30 | DEBUG    | [20250318] 1 trades, day P&L=$+21, equity=$101,561
2026-04-03 14:29:30 | DEBUG    | [20250321] 1 trades, day P&L=$+21, equity=$101,582
2026-04-03 14:29:30 | DEBUG    | [20250328] 1 trades, day P&L=$+21, equity=$101,603
2026-04-03 14:29:30 | DEBUG    | [20250401] 1 trades, day P&L=$+21, equity=$101,624
2026-04-03 14:29:30 | DEBUG    | [20250415] 2 trades, day P&L=$+77, equity=$101,701
2026-04-03 14:29:30 | DEBUG    | [20250421] 1 trades, day P&L=$+371, equity=$102,072
2026-04-03 14:29:30 | DEBUG    | [20250428] 2 trades, day P&L=$+147, equity=$102,219
2026-04-03 14:29:30 | DEBUG    | [20250502] 1 trades, day P&L=$+21, equity=$102,240
2026-04-03 14:29:30 | DEBUG    | [20250505] 1 trades, day P&L=$+56, equity=$102,296
2026-04-03 14:29:30 | DEBUG    | [20250506] 1 trades, day P&L=$+91, equity=$102,387
2026-04-03 14:29:30 | DEBUG    | [20250509] 1 trades, day P&L=$+21, equity=$102,408
2026-04-03 14:29:30 | DEBUG    | [20250512] 1 trades, day P&L=$+91, equity=$102,499
2026-04-03 14:29:30 | DEBUG    | [20250523] 1 trades, day P&L=$+161, equity=$102,660
2026-04-03 14:29:31 | DEBUG    | [20250530] 2 trades, day P&L=$+847, equity=$103,507
2026-04-03 14:29:31 | DEBUG    | [20250613] 1 trades, day P&L=$+91, equity=$103,598
2026-04-03 14:29:31 | DEBUG    | [20250623] 1 trades, day P&L=$+21, equity=$103,619
2026-04-03 14:29:31 | DEBUG    | [20250630] 1 trades, day P&L=$+21, equity=$103,640
2026-04-03 14:29:31 | DEBUG    | [20250801] 1 trades, day P&L=$+21, equity=$103,661
2026-04-03 14:29:31 | DEBUG    | [20250811] 1 trades, day P&L=$+21, equity=$103,682
2026-04-03 14:29:31 | DEBUG    | [20250930] 1 trades, day P&L=$+21, equity=$103,703
2026-04-03 14:29:31 | DEBUG    | [20251010] 1 trades, day P&L=$+756, equity=$104,459
2026-04-03 14:29:31 | DEBUG    | [20251031] 1 trades, day P&L=$+56, equity=$104,515
2026-04-03 14:29:31 | DEBUG    | [20251107] 1 trades, day P&L=$+21, equity=$104,536
2026-04-03 14:29:31 | DEBUG    | [20251117] 1 trades, day P&L=$+91, equity=$104,627
2026-04-03 14:29:31 | DEBUG    | [20251118] 2 trades, day P&L=$+112, equity=$104,739
2026-04-03 14:29:32 | DEBUG    | [20260120] 1 trades, day P&L=$+21, equity=$104,760
2026-04-03 14:29:32 | DEBUG    | [20260130] 2 trades, day P&L=$+147, equity=$104,907
2026-04-03 14:29:32 | DEBUG    | [20260206] 1 trades, day P&L=$+91, equity=$104,998
2026-04-03 14:29:32 | DEBUG    | [20260227] 2 trades, day P&L=$+112, equity=$105,110
2026-04-03 14:29:32 | DEBUG    | [20260302] 1 trades, day P&L=$+56, equity=$105,166
2026-04-03 14:29:32 | DEBUG    | [20260303] 1 trades, day P&L=$+91, equity=$105,257
2026-04-03 14:29:32 | DEBUG    | [20260306] 1 trades, day P&L=$+161, equity=$105,418
2026-04-03 14:29:32 | DEBUG    | [20260309] 1 trades, day P&L=$+91, equity=$105,509
2026-04-03 14:29:32 | DEBUG    | [20260310] 2 trades, day P&L=$+112, equity=$105,621
2026-04-03 14:29:32 | DEBUG    | [20260320] 1 trades, day P&L=$+91, equity=$105,712
2026-04-03 14:29:32 | DEBUG    | [20260324] 1 trades, day P&L=$+21, equity=$105,733
2026-04-03 14:29:32 | INFO     | ============================================================
2026-04-03 14:29:32 | INFO     | SKIP REASONS:
2026-04-03 14:29:32 | INFO     |   dow_filter          : 113
2026-04-03 14:29:32 | INFO     |   early_close         : 2
2026-04-03 14:29:32 | INFO     |   prior_return        : 38
2026-04-03 14:29:32 | INFO     |   TOTAL TRADES        : 53
2026-04-03 14:29:32 | INFO     | ============================================================
2026-04-03 14:29:32 | DEBUG    | [20250102] 1 trades, day P&L=$+21, equity=$100,021
2026-04-03 14:29:32 | DEBUG    | [20250130] 1 trades, day P&L=$+21, equity=$100,042
2026-04-03 14:29:32 | DEBUG    | [20250227] 1 trades, day P&L=$+21, equity=$100,063
2026-04-03 14:29:32 | DEBUG    | [20250306] 1 trades, day P&L=$+406, equity=$100,469
2026-04-03 14:29:32 | DEBUG    | [20250313] 1 trades, day P&L=$+56, equity=$100,525
2026-04-03 14:29:32 | DEBUG    | [20250327] 1 trades, day P&L=$+21, equity=$100,546
2026-04-03 14:29:32 | DEBUG    | [20250403] 1 trades, day P&L=$+441, equity=$100,987
2026-04-03 14:29:32 | DEBUG    | [20250501] 2 trades, day P&L=$-553, equity=$100,434
2026-04-03 14:29:32 | DEBUG    | [20250508] 2 trades, day P&L=$+322, equity=$100,756
2026-04-03 14:29:32 | DEBUG    | [20250529] 1 trades, day P&L=$+91, equity=$100,847
2026-04-03 14:29:32 | DEBUG    | [20250605] 1 trades, day P&L=$+91, equity=$100,938
2026-04-03 14:29:32 | DEBUG    | [20250731] 1 trades, day P&L=$+126, equity=$101,064
2026-04-03 14:29:32 | DEBUG    | [20251016] 1 trades, day P&L=$+161, equity=$101,225
2026-04-03 14:29:32 | DEBUG    | [20251106] 1 trades, day P&L=$+56, equity=$101,281
2026-04-03 14:29:32 | DEBUG    | [20251113] 1 trades, day P&L=$+91, equity=$101,372
2026-04-03 14:29:32 | DEBUG    | [20251120] 1 trades, day P&L=$+91, equity=$101,463
2026-04-03 14:29:32 | DEBUG    | [20251218] 1 trades, day P&L=$+21, equity=$101,484
2026-04-03 14:29:32 | DEBUG    | [20260205] 1 trades, day P&L=$+21, equity=$101,505
2026-04-03 14:29:32 | DEBUG    | [20260212] 1 trades, day P&L=$+21, equity=$101,526
2026-04-03 14:29:32 | INFO     | ============================================================
2026-04-03 14:29:32 | INFO     | SKIP REASONS:
2026-04-03 14:29:32 | INFO     |   dow_filter          : 213
2026-04-03 14:29:32 | INFO     |   early_close         : 2
2026-04-03 14:29:32 | INFO     |   prior_return        : 38
2026-04-03 14:29:32 | INFO     |   TOTAL TRADES        : 21
2026-04-03 14:29:32 | INFO     | ============================================================
2026-04-03 14:29:33 | DEBUG    | [20220110] 2 trades, day P&L=$+42, equity=$100,042
2026-04-03 14:29:33 | DEBUG    | [20220114] 1 trades, day P&L=$+91, equity=$100,133
2026-04-03 14:29:33 | DEBUG    | [20220118] 2 trades, day P&L=$+147, equity=$100,280
2026-04-03 14:29:33 | DEBUG    | [20220121] 2 trades, day P&L=$+427, equity=$100,707
2026-04-03 14:29:33 | DEBUG    | [20220128] 2 trades, day P&L=$+392, equity=$101,099
2026-04-03 14:29:33 | DEBUG    | [20220207] 2 trades, day P&L=$+252, equity=$101,351
2026-04-03 14:29:33 | DEBUG    | [20220222] 2 trades, day P&L=$+532, equity=$101,883
2026-04-03 14:29:33 | DEBUG    | [20220225] 2 trades, day P&L=$+182, equity=$102,065
2026-04-03 14:29:33 | DEBUG    | [20220304] 2 trades, day P&L=$+182, equity=$102,247
2026-04-03 14:29:33 | DEBUG    | [20220307] 2 trades, day P&L=$+287, equity=$102,534
2026-04-03 14:29:33 | DEBUG    | [20220311] 2 trades, day P&L=$+322, equity=$102,856
2026-04-03 14:29:33 | DEBUG    | [20220314] 2 trades, day P&L=$+217, equity=$103,073
2026-04-03 14:29:33 | DEBUG    | [20220318] 1 trades, day P&L=$+21, equity=$103,094
2026-04-03 14:29:33 | DEBUG    | [20220408] 2 trades, day P&L=$+42, equity=$103,136
2026-04-03 14:29:33 | DEBUG    | [20220418] 1 trades, day P&L=$+21, equity=$103,157
2026-04-03 14:29:33 | DEBUG    | [20220422] 2 trades, day P&L=$+812, equity=$103,969
2026-04-03 14:29:33 | DEBUG    | [20220426] 2 trades, day P&L=$+322, equity=$104,291
2026-04-03 14:29:33 | DEBUG    | [20220503] 1 trades, day P&L=$+91, equity=$104,382
2026-04-03 14:29:33 | DEBUG    | [20220509] 2 trades, day P&L=$+1092, equity=$105,474
2026-04-03 14:29:33 | DEBUG    | [20220513] 2 trades, day P&L=$+532, equity=$106,006
2026-04-03 14:29:33 | DEBUG    | [20220517] 1 trades, day P&L=$+21, equity=$106,027
2026-04-03 14:29:33 | DEBUG    | [20220520] 2 trades, day P&L=$+357, equity=$106,384
2026-04-03 14:29:33 | DEBUG    | [20220624] 1 trades, day P&L=$+21, equity=$106,405
2026-04-03 14:29:33 | DEBUG    | [20220628] 1 trades, day P&L=$+21, equity=$106,426
2026-04-03 14:29:33 | DEBUG    | [20220705] 2 trades, day P&L=$+42, equity=$106,468
2026-04-03 14:29:33 | DEBUG    | [20220719] 1 trades, day P&L=$+21, equity=$106,489
2026-04-03 14:29:33 | DEBUG    | [20220902] 2 trades, day P&L=$+147, equity=$106,636
2026-04-03 14:29:33 | DEBUG    | [20220913] 2 trades, day P&L=$+77, equity=$106,713
2026-04-03 14:29:33 | DEBUG    | [20220916] 2 trades, day P&L=$+147, equity=$106,860
2026-04-03 14:29:34 | DEBUG    | [20220923] 2 trades, day P&L=$+182, equity=$107,042
2026-04-03 14:29:34 | DEBUG    | [20220927] 2 trades, day P&L=$+182, equity=$107,224
2026-04-03 14:29:34 | DEBUG    | [20221003] 1 trades, day P&L=$+21, equity=$107,245
2026-04-03 14:29:34 | DEBUG    | [20221007] 2 trades, day P&L=$+357, equity=$107,602
2026-04-03 14:29:34 | DEBUG    | [20221011] 1 trades, day P&L=$+21, equity=$107,623
2026-04-03 14:29:34 | DEBUG    | [20221021] 1 trades, day P&L=$+21, equity=$107,644
2026-04-03 14:29:34 | DEBUG    | [20221115] 1 trades, day P&L=$+56, equity=$107,700
2026-04-03 14:29:34 | DEBUG    | [20221118] 1 trades, day P&L=$+21, equity=$107,721
2026-04-03 14:29:34 | DEBUG    | [20221209] 1 trades, day P&L=$+21, equity=$107,742
2026-04-03 14:29:34 | DEBUG    | [20221213] 1 trades, day P&L=$+21, equity=$107,763
2026-04-03 14:29:34 | DEBUG    | [20230203] 2 trades, day P&L=$+42, equity=$107,805
2026-04-03 14:29:34 | DEBUG    | [20230313] 1 trades, day P&L=$+126, equity=$107,931
2026-04-03 14:29:34 | DEBUG    | [20230331] 2 trades, day P&L=$+77, equity=$108,008
2026-04-03 14:29:34 | DEBUG    | [20230707] 1 trades, day P&L=$+56, equity=$108,064
2026-04-03 14:29:35 | DEBUG    | [20230825] 1 trades, day P&L=$+21, equity=$108,085
2026-04-03 14:29:35 | DEBUG    | [20230929] 1 trades, day P&L=$+56, equity=$108,141
2026-04-03 14:29:35 | DEBUG    | [20240216] 1 trades, day P&L=$+21, equity=$108,162
2026-04-03 14:29:35 | DEBUG    | [20240412] 1 trades, day P&L=$+21, equity=$108,183
2026-04-03 14:29:35 | DEBUG    | [20240415] 1 trades, day P&L=$+21, equity=$108,204
2026-04-03 14:29:35 | DEBUG    | [20240416] 2 trades, day P&L=$+112, equity=$108,316
2026-04-03 14:29:35 | DEBUG    | [20240419] 1 trades, day P&L=$+21, equity=$108,337
2026-04-03 14:29:35 | DEBUG    | [20240422] 1 trades, day P&L=$+21, equity=$108,358
2026-04-03 14:29:36 | DEBUG    | [20240531] 1 trades, day P&L=$+56, equity=$108,414
2026-04-03 14:29:36 | DEBUG    | [20240607] 1 trades, day P&L=$+21, equity=$108,435
2026-04-03 14:29:36 | DEBUG    | [20240628] 1 trades, day P&L=$+161, equity=$108,596
2026-04-03 14:29:36 | DEBUG    | [20240712] 1 trades, day P&L=$+56, equity=$108,652
2026-04-03 14:29:36 | DEBUG    | [20240715] 1 trades, day P&L=$+21, equity=$108,673
2026-04-03 14:29:36 | DEBUG    | [20240719] 1 trades, day P&L=$+56, equity=$108,729
2026-04-03 14:29:36 | DEBUG    | [20240726] 2 trades, day P&L=$+497, equity=$109,226
2026-04-03 14:29:36 | DEBUG    | [20240729] 1 trades, day P&L=$+21, equity=$109,247
2026-04-03 14:29:36 | DEBUG    | [20240730] 1 trades, day P&L=$+56, equity=$109,303
2026-04-03 14:29:36 | DEBUG    | [20240802] 1 trades, day P&L=$+301, equity=$109,604
2026-04-03 14:29:36 | DEBUG    | [20240812] 2 trades, day P&L=$+217, equity=$109,821
2026-04-03 14:29:36 | DEBUG    | [20240813] 1 trades, day P&L=$+21, equity=$109,842
2026-04-03 14:29:36 | DEBUG    | [20240820] 1 trades, day P&L=$+21, equity=$109,863
2026-04-03 14:29:36 | DEBUG    | [20240823] 1 trades, day P&L=$+21, equity=$109,884
2026-04-03 14:29:36 | DEBUG    | [20240830] 1 trades, day P&L=$+56, equity=$109,940
2026-04-03 14:29:36 | DEBUG    | [20240903] 1 trades, day P&L=$+301, equity=$110,241
2026-04-03 14:29:36 | DEBUG    | [20240906] 1 trades, day P&L=$+161, equity=$110,402
2026-04-03 14:29:36 | DEBUG    | [20240913] 1 trades, day P&L=$+21, equity=$110,423
2026-04-03 14:29:36 | DEBUG    | [20240930] 1 trades, day P&L=$+336, equity=$110,759
2026-04-03 14:29:36 | DEBUG    | [20241001] 1 trades, day P&L=$+126, equity=$110,885
2026-04-03 14:29:36 | DEBUG    | [20241025] 1 trades, day P&L=$+21, equity=$110,906
2026-04-03 14:29:36 | DEBUG    | [20241104] 1 trades, day P&L=$+21, equity=$110,927
2026-04-03 14:29:36 | DEBUG    | [20241115] 1 trades, day P&L=$+21, equity=$110,948
2026-04-03 14:29:36 | DEBUG    | [20241220] 1 trades, day P&L=$+336, equity=$111,284
2026-04-03 14:29:36 | DEBUG    | [20241227] 1 trades, day P&L=$+56, equity=$111,340
2026-04-03 14:29:36 | DEBUG    | [20241230] 2 trades, day P&L=$+147, equity=$111,487
2026-04-03 14:29:36 | DEBUG    | [20241231] 1 trades, day P&L=$+336, equity=$111,823
2026-04-03 14:29:36 | DEBUG    | [20250107] 1 trades, day P&L=$+126, equity=$111,949
2026-04-03 14:29:36 | DEBUG    | [20250110] 1 trades, day P&L=$+21, equity=$111,970
2026-04-03 14:29:36 | DEBUG    | [20250127] 1 trades, day P&L=$+21, equity=$111,991
2026-04-03 14:29:36 | DEBUG    | [20250131] 1 trades, day P&L=$+371, equity=$112,362
2026-04-03 14:29:36 | DEBUG    | [20250203] 1 trades, day P&L=$+126, equity=$112,488
2026-04-03 14:29:36 | DEBUG    | [20250207] 1 trades, day P&L=$+21, equity=$112,509
2026-04-03 14:29:36 | DEBUG    | [20250221] 1 trades, day P&L=$+21, equity=$112,530
2026-04-03 14:29:36 | DEBUG    | [20250225] 1 trades, day P&L=$+126, equity=$112,656
2026-04-03 14:29:36 | DEBUG    | [20250310] 1 trades, day P&L=$+581, equity=$113,237
2026-04-03 14:29:36 | DEBUG    | [20250314] 1 trades, day P&L=$+126, equity=$113,363
2026-04-03 14:29:36 | DEBUG    | [20250318] 1 trades, day P&L=$+21, equity=$113,384
2026-04-03 14:29:36 | DEBUG    | [20250321] 1 trades, day P&L=$+21, equity=$113,405
2026-04-03 14:29:36 | DEBUG    | [20250328] 1 trades, day P&L=$+21, equity=$113,426
2026-04-03 14:29:36 | DEBUG    | [20250401] 1 trades, day P&L=$+21, equity=$113,447
2026-04-03 14:29:36 | DEBUG    | [20250415] 2 trades, day P&L=$+77, equity=$113,524
2026-04-03 14:29:36 | DEBUG    | [20250421] 1 trades, day P&L=$+371, equity=$113,895
2026-04-03 14:29:36 | DEBUG    | [20250428] 2 trades, day P&L=$+147, equity=$114,042
2026-04-03 14:29:36 | DEBUG    | [20250502] 1 trades, day P&L=$+21, equity=$114,063
2026-04-03 14:29:36 | DEBUG    | [20250505] 1 trades, day P&L=$+56, equity=$114,119
2026-04-03 14:29:36 | DEBUG    | [20250506] 1 trades, day P&L=$+91, equity=$114,210
2026-04-03 14:29:36 | DEBUG    | [20250509] 1 trades, day P&L=$+21, equity=$114,231
2026-04-03 14:29:36 | DEBUG    | [20250512] 1 trades, day P&L=$+91, equity=$114,322
2026-04-03 14:29:36 | DEBUG    | [20250523] 1 trades, day P&L=$+161, equity=$114,483
2026-04-03 14:29:36 | DEBUG    | [20250530] 2 trades, day P&L=$+847, equity=$115,330
2026-04-03 14:29:36 | DEBUG    | [20250613] 1 trades, day P&L=$+91, equity=$115,421
2026-04-03 14:29:36 | DEBUG    | [20250623] 1 trades, day P&L=$+21, equity=$115,442
2026-04-03 14:29:36 | DEBUG    | [20250630] 1 trades, day P&L=$+21, equity=$115,463
2026-04-03 14:29:36 | DEBUG    | [20250801] 1 trades, day P&L=$+21, equity=$115,484
2026-04-03 14:29:36 | DEBUG    | [20250811] 1 trades, day P&L=$+21, equity=$115,505
2026-04-03 14:29:37 | DEBUG    | [20250930] 1 trades, day P&L=$+21, equity=$115,526
2026-04-03 14:29:37 | DEBUG    | [20251010] 1 trades, day P&L=$+756, equity=$116,282
2026-04-03 14:29:37 | DEBUG    | [20251031] 1 trades, day P&L=$+56, equity=$116,338
2026-04-03 14:29:37 | DEBUG    | [20251107] 1 trades, day P&L=$+21, equity=$116,359
2026-04-03 14:29:37 | DEBUG    | [20251117] 1 trades, day P&L=$+91, equity=$116,450
2026-04-03 14:29:37 | DEBUG    | [20251118] 2 trades, day P&L=$+112, equity=$116,562
2026-04-03 14:29:37 | DEBUG    | [20260120] 1 trades, day P&L=$+21, equity=$116,583
2026-04-03 14:29:37 | DEBUG    | [20260130] 2 trades, day P&L=$+147, equity=$116,730
2026-04-03 14:29:37 | DEBUG    | [20260206] 1 trades, day P&L=$+91, equity=$116,821
2026-04-03 14:29:37 | DEBUG    | [20260227] 2 trades, day P&L=$+112, equity=$116,933
2026-04-03 14:29:37 | DEBUG    | [20260302] 1 trades, day P&L=$+56, equity=$116,989
2026-04-03 14:29:37 | DEBUG    | [20260303] 1 trades, day P&L=$+91, equity=$117,080
2026-04-03 14:29:37 | DEBUG    | [20260306] 1 trades, day P&L=$+161, equity=$117,241
2026-04-03 14:29:37 | DEBUG    | [20260309] 1 trades, day P&L=$+91, equity=$117,332
2026-04-03 14:29:37 | DEBUG    | [20260310] 2 trades, day P&L=$+112, equity=$117,444
2026-04-03 14:29:37 | DEBUG    | [20260320] 1 trades, day P&L=$+91, equity=$117,535
2026-04-03 14:29:37 | DEBUG    | [20260324] 1 trades, day P&L=$+21, equity=$117,556
2026-04-03 14:29:37 | INFO     | ============================================================
2026-04-03 14:29:37 | INFO     | SKIP REASONS:
2026-04-03 14:29:37 | INFO     |   dow_filter          : 374
2026-04-03 14:29:37 | INFO     |   early_close         : 6
2026-04-03 14:29:37 | INFO     |   no_quotes           : 11
2026-04-03 14:29:37 | INFO     |   prior_return        : 147
2026-04-03 14:29:37 | INFO     |   TOTAL TRADES        : 161
2026-04-03 14:29:37 | INFO     | ============================================================
2026-04-03 14:29:37 | INFO     | [ITER 240] mtuf_d12_skipwedthu → CREATIVE | P&L=$17,556, Sharpe=12.00, DD=$0
2026-04-03 14:29:37 | DEBUG    | [20220110] 2 trades, day P&L=$+42, equity=$100,042
2026-04-03 14:29:37 | DEBUG    | [20220114] 1 trades, day P&L=$+91, equity=$100,133
2026-04-03 14:29:37 | DEBUG    | [20220118] 2 trades, day P&L=$+147, equity=$100,280
2026-04-03 14:29:37 | DEBUG    | [20220121] 2 trades, day P&L=$+427, equity=$100,707
2026-04-03 14:29:37 | DEBUG    | [20220128] 2 trades, day P&L=$+392, equity=$101,099
2026-04-03 14:29:37 | DEBUG    | [20220207] 2 trades, day P&L=$+252, equity=$101,351
2026-04-03 14:29:37 | DEBUG    | [20220222] 2 trades, day P&L=$+532, equity=$101,883
2026-04-03 14:29:37 | DEBUG    | [20220225] 2 trades, day P&L=$+182, equity=$102,065
2026-04-03 14:29:37 | DEBUG    | [20220304] 2 trades, day P&L=$+182, equity=$102,247
2026-04-03 14:29:37 | DEBUG    | [20220307] 2 trades, day P&L=$+287, equity=$102,534
2026-04-03 14:29:37 | DEBUG    | [20220311] 2 trades, day P&L=$+322, equity=$102,856
2026-04-03 14:29:37 | DEBUG    | [20220314] 2 trades, day P&L=$+217, equity=$103,073
2026-04-03 14:29:37 | DEBUG    | [20220318] 1 trades, day P&L=$+21, equity=$103,094
2026-04-03 14:29:37 | DEBUG    | [20220408] 2 trades, day P&L=$+42, equity=$103,136
2026-04-03 14:29:37 | DEBUG    | [20220418] 1 trades, day P&L=$+21, equity=$103,157
2026-04-03 14:29:37 | DEBUG    | [20220422] 2 trades, day P&L=$+812, equity=$103,969
2026-04-03 14:29:37 | DEBUG    | [20220426] 2 trades, day P&L=$+322, equity=$104,291
2026-04-03 14:29:37 | DEBUG    | [20220503] 1 trades, day P&L=$+91, equity=$104,382
2026-04-03 14:29:37 | DEBUG    | [20220509] 2 trades, day P&L=$+1092, equity=$105,474
2026-04-03 14:29:37 | DEBUG    | [20220513] 2 trades, day P&L=$+532, equity=$106,006
2026-04-03 14:29:37 | DEBUG    | [20220517] 1 trades, day P&L=$+21, equity=$106,027
2026-04-03 14:29:37 | DEBUG    | [20220520] 2 trades, day P&L=$+357, equity=$106,384
2026-04-03 14:29:37 | DEBUG    | [20220624] 1 trades, day P&L=$+21, equity=$106,405
2026-04-03 14:29:37 | DEBUG    | [20220628] 1 trades, day P&L=$+21, equity=$106,426
2026-04-03 14:29:37 | DEBUG    | [20220705] 2 trades, day P&L=$+42, equity=$106,468
2026-04-03 14:29:37 | DEBUG    | [20220719] 1 trades, day P&L=$+21, equity=$106,489
2026-04-03 14:29:37 | DEBUG    | [20220902] 2 trades, day P&L=$+147, equity=$106,636
2026-04-03 14:29:37 | DEBUG    | [20220913] 2 trades, day P&L=$+77, equity=$106,713
2026-04-03 14:29:37 | DEBUG    | [20220916] 2 trades, day P&L=$+147, equity=$106,860
2026-04-03 14:29:37 | DEBUG    | [20220923] 2 trades, day P&L=$+182, equity=$107,042
2026-04-03 14:29:37 | DEBUG    | [20220927] 2 trades, day P&L=$+182, equity=$107,224
2026-04-03 14:29:37 | DEBUG    | [20221003] 1 trades, day P&L=$+21, equity=$107,245
2026-04-03 14:29:37 | DEBUG    | [20221007] 2 trades, day P&L=$+357, equity=$107,602
2026-04-03 14:29:38 | DEBUG    | [20221011] 1 trades, day P&L=$+21, equity=$107,623
2026-04-03 14:29:38 | DEBUG    | [20221021] 1 trades, day P&L=$+21, equity=$107,644
2026-04-03 14:29:38 | DEBUG    | [20221115] 1 trades, day P&L=$+56, equity=$107,700
2026-04-03 14:29:38 | DEBUG    | [20221118] 1 trades, day P&L=$+21, equity=$107,721
2026-04-03 14:29:38 | DEBUG    | [20221209] 1 trades, day P&L=$+21, equity=$107,742
2026-04-03 14:29:38 | DEBUG    | [20221213] 1 trades, day P&L=$+21, equity=$107,763
2026-04-03 14:29:38 | DEBUG    | [20230203] 2 trades, day P&L=$+42, equity=$107,805
2026-04-03 14:29:38 | DEBUG    | [20230313] 1 trades, day P&L=$+126, equity=$107,931
2026-04-03 14:29:38 | DEBUG    | [20230331] 2 trades, day P&L=$+77, equity=$108,008
2026-04-03 14:29:38 | DEBUG    | [20230707] 1 trades, day P&L=$+56, equity=$108,064
2026-04-03 14:29:38 | DEBUG    | [20230825] 1 trades, day P&L=$+21, equity=$108,085
2026-04-03 14:29:38 | DEBUG    | [20230929] 1 trades, day P&L=$+56, equity=$108,141
2026-04-03 14:29:39 | DEBUG    | [20240216] 1 trades, day P&L=$+21, equity=$108,162
2026-04-03 14:29:39 | DEBUG    | [20240412] 1 trades, day P&L=$+21, equity=$108,183
2026-04-03 14:29:39 | DEBUG    | [20240415] 1 trades, day P&L=$+21, equity=$108,204
2026-04-03 14:29:39 | DEBUG    | [20240416] 2 trades, day P&L=$+112, equity=$108,316
2026-04-03 14:29:39 | DEBUG    | [20240419] 1 trades, day P&L=$+21, equity=$108,337
2026-04-03 14:29:39 | DEBUG    | [20240422] 1 trades, day P&L=$+21, equity=$108,358
2026-04-03 14:29:39 | DEBUG    | [20240531] 1 trades, day P&L=$+56, equity=$108,414
2026-04-03 14:29:39 | DEBUG    | [20240607] 1 trades, day P&L=$+21, equity=$108,435
2026-04-03 14:29:39 | DEBUG    | [20240628] 1 trades, day P&L=$+161, equity=$108,596
2026-04-03 14:29:39 | DEBUG    | [20240712] 1 trades, day P&L=$+56, equity=$108,652
2026-04-03 14:29:39 | DEBUG    | [20240715] 1 trades, day P&L=$+21, equity=$108,673
2026-04-03 14:29:39 | DEBUG    | [20240719] 1 trades, day P&L=$+56, equity=$108,729
2026-04-03 14:29:39 | DEBUG    | [20240726] 2 trades, day P&L=$+497, equity=$109,226
2026-04-03 14:29:39 | DEBUG    | [20240729] 1 trades, day P&L=$+21, equity=$109,247
2026-04-03 14:29:39 | DEBUG    | [20240730] 1 trades, day P&L=$+56, equity=$109,303
2026-04-03 14:29:39 | DEBUG    | [20240802] 1 trades, day P&L=$+301, equity=$109,604
2026-04-03 14:29:39 | DEBUG    | [20240812] 2 trades, day P&L=$+217, equity=$109,821
2026-04-03 14:29:39 | DEBUG    | [20240813] 1 trades, day P&L=$+21, equity=$109,842
2026-04-03 14:29:39 | DEBUG    | [20240820] 1 trades, day P&L=$+21, equity=$109,863
2026-04-03 14:29:39 | DEBUG    | [20240823] 1 trades, day P&L=$+21, equity=$109,884
2026-04-03 14:29:39 | DEBUG    | [20240830] 1 trades, day P&L=$+56, equity=$109,940
2026-04-03 14:29:39 | DEBUG    | [20240903] 1 trades, day P&L=$+301, equity=$110,241
2026-04-03 14:29:39 | DEBUG    | [20240906] 1 trades, day P&L=$+161, equity=$110,402
2026-04-03 14:29:39 | DEBUG    | [20240913] 1 trades, day P&L=$+21, equity=$110,423
2026-04-03 14:29:39 | DEBUG    | [20240930] 1 trades, day P&L=$+336, equity=$110,759
2026-04-03 14:29:39 | DEBUG    | [20241001] 1 trades, day P&L=$+126, equity=$110,885
2026-04-03 14:29:39 | DEBUG    | [20241025] 1 trades, day P&L=$+21, equity=$110,906
2026-04-03 14:29:39 | DEBUG    | [20241104] 1 trades, day P&L=$+21, equity=$110,927
2026-04-03 14:29:39 | DEBUG    | [20241115] 1 trades, day P&L=$+21, equity=$110,948
2026-04-03 14:29:39 | DEBUG    | [20241220] 1 trades, day P&L=$+336, equity=$111,284
2026-04-03 14:29:39 | DEBUG    | [20241227] 1 trades, day P&L=$+56, equity=$111,340
2026-04-03 14:29:39 | DEBUG    | [20241230] 2 trades, day P&L=$+147, equity=$111,487
2026-04-03 14:29:39 | DEBUG    | [20241231] 1 trades, day P&L=$+336, equity=$111,823
2026-04-03 14:29:39 | INFO     | ============================================================
2026-04-03 14:29:39 | INFO     | SKIP REASONS:
2026-04-03 14:29:39 | INFO     |   dow_filter          : 261
2026-04-03 14:29:39 | INFO     |   early_close         : 4
2026-04-03 14:29:39 | INFO     |   no_quotes           : 11
2026-04-03 14:29:39 | INFO     |   prior_return        : 109
2026-04-03 14:29:39 | INFO     |   TOTAL TRADES        : 108
2026-04-03 14:29:39 | INFO     | ============================================================
2026-04-03 14:29:39 | DEBUG    | [20250107] 1 trades, day P&L=$+126, equity=$100,126
2026-04-03 14:29:39 | DEBUG    | [20250110] 1 trades, day P&L=$+21, equity=$100,147
2026-04-03 14:29:39 | DEBUG    | [20250127] 1 trades, day P&L=$+21, equity=$100,168
2026-04-03 14:29:39 | DEBUG    | [20250131] 1 trades, day P&L=$+371, equity=$100,539
2026-04-03 14:29:39 | DEBUG    | [20250203] 1 trades, day P&L=$+126, equity=$100,665
2026-04-03 14:29:39 | DEBUG    | [20250207] 1 trades, day P&L=$+21, equity=$100,686
2026-04-03 14:29:39 | DEBUG    | [20250221] 1 trades, day P&L=$+21, equity=$100,707
2026-04-03 14:29:39 | DEBUG    | [20250225] 1 trades, day P&L=$+126, equity=$100,833
2026-04-03 14:29:39 | DEBUG    | [20250310] 1 trades, day P&L=$+581, equity=$101,414
2026-04-03 14:29:39 | DEBUG    | [20250314] 1 trades, day P&L=$+126, equity=$101,540
2026-04-03 14:29:39 | DEBUG    | [20250318] 1 trades, day P&L=$+21, equity=$101,561
2026-04-03 14:29:39 | DEBUG    | [20250321] 1 trades, day P&L=$+21, equity=$101,582
2026-04-03 14:29:39 | DEBUG    | [20250328] 1 trades, day P&L=$+21, equity=$101,603
2026-04-03 14:29:39 | DEBUG    | [20250401] 1 trades, day P&L=$+21, equity=$101,624
2026-04-03 14:29:39 | DEBUG    | [20250415] 2 trades, day P&L=$+77, equity=$101,701
2026-04-03 14:29:39 | DEBUG    | [20250421] 1 trades, day P&L=$+371, equity=$102,072
2026-04-03 14:29:39 | DEBUG    | [20250428] 2 trades, day P&L=$+147, equity=$102,219
2026-04-03 14:29:39 | DEBUG    | [20250502] 1 trades, day P&L=$+21, equity=$102,240
2026-04-03 14:29:39 | DEBUG    | [20250505] 1 trades, day P&L=$+56, equity=$102,296
2026-04-03 14:29:39 | DEBUG    | [20250506] 1 trades, day P&L=$+91, equity=$102,387
2026-04-03 14:29:39 | DEBUG    | [20250509] 1 trades, day P&L=$+21, equity=$102,408
2026-04-03 14:29:39 | DEBUG    | [20250512] 1 trades, day P&L=$+91, equity=$102,499
2026-04-03 14:29:39 | DEBUG    | [20250523] 1 trades, day P&L=$+161, equity=$102,660
2026-04-03 14:29:39 | DEBUG    | [20250530] 2 trades, day P&L=$+847, equity=$103,507
2026-04-03 14:29:40 | DEBUG    | [20250613] 1 trades, day P&L=$+91, equity=$103,598
2026-04-03 14:29:40 | DEBUG    | [20250623] 1 trades, day P&L=$+21, equity=$103,619
2026-04-03 14:29:40 | DEBUG    | [20250630] 1 trades, day P&L=$+21, equity=$103,640
2026-04-03 14:29:40 | DEBUG    | [20250801] 1 trades, day P&L=$+21, equity=$103,661
2026-04-03 14:29:40 | DEBUG    | [20250811] 1 trades, day P&L=$+21, equity=$103,682
2026-04-03 14:29:40 | DEBUG    | [20250930] 1 trades, day P&L=$+21, equity=$103,703
2026-04-03 14:29:40 | DEBUG    | [20251010] 1 trades, day P&L=$+756, equity=$104,459
2026-04-03 14:29:40 | DEBUG    | [20251031] 1 trades, day P&L=$+56, equity=$104,515
2026-04-03 14:29:40 | DEBUG    | [20251107] 1 trades, day P&L=$+21, equity=$104,536
2026-04-03 14:29:40 | DEBUG    | [20251117] 1 trades, day P&L=$+91, equity=$104,627
2026-04-03 14:29:40 | DEBUG    | [20251118] 2 trades, day P&L=$+112, equity=$104,739
2026-04-03 14:29:40 | DEBUG    | [20260120] 1 trades, day P&L=$+21, equity=$104,760
2026-04-03 14:29:40 | DEBUG    | [20260130] 2 trades, day P&L=$+147, equity=$104,907
2026-04-03 14:29:40 | DEBUG    | [20260206] 1 trades, day P&L=$+91, equity=$104,998
2026-04-03 14:29:40 | DEBUG    | [20260227] 2 trades, day P&L=$+112, equity=$105,110
2026-04-03 14:29:40 | DEBUG    | [20260302] 1 trades, day P&L=$+56, equity=$105,166
2026-04-03 14:29:40 | DEBUG    | [20260303] 1 trades, day P&L=$+91, equity=$105,257
2026-04-03 14:29:40 | DEBUG    | [20260306] 1 trades, day P&L=$+161, equity=$105,418
2026-04-03 14:29:40 | DEBUG    | [20260309] 1 trades, day P&L=$+91, equity=$105,509
2026-04-03 14:29:40 | DEBUG    | [20260310] 2 trades, day P&L=$+112, equity=$105,621
2026-04-03 14:29:40 | DEBUG    | [20260320] 1 trades, day P&L=$+91, equity=$105,712
2026-04-03 14:29:40 | DEBUG    | [20260324] 1 trades, day P&L=$+21, equity=$105,733
2026-04-03 14:29:40 | INFO     | ============================================================
2026-04-03 14:29:40 | INFO     | SKIP REASONS:
2026-04-03 14:29:40 | INFO     |   dow_filter          : 113
2026-04-03 14:29:40 | INFO     |   early_close         : 2
2026-04-03 14:29:40 | INFO     |   prior_return        : 38
2026-04-03 14:29:40 | INFO     |   TOTAL TRADES        : 53
2026-04-03 14:29:40 | INFO     | ============================================================
