2026-04-03 14:24:14 | INFO     | Log file: /Users/jeerapongwongchote/Documents/thetadata/apex/logs/apex_run_20260403_142414.log
2026-04-03 14:24:18 | INFO     | Built daily indicators: 1065 dates (20220103 → 20260401)
2026-04-03 14:24:18 | DEBUG    | [20220110] 2 trades, day P&L=$+42, equity=$100,042
2026-04-03 14:24:18 | DEBUG    | [20220207] 2 trades, day P&L=$+252, equity=$100,294
2026-04-03 14:24:18 | DEBUG    | [20220307] 2 trades, day P&L=$+287, equity=$100,581
2026-04-03 14:24:18 | DEBUG    | [20220314] 2 trades, day P&L=$+217, equity=$100,798
2026-04-03 14:24:18 | DEBUG    | [20220331] 2 trades, day P&L=$+812, equity=$101,610
2026-04-03 14:24:18 | DEBUG    | [20220414] 1 trades, day P&L=$+21, equity=$101,631
2026-04-03 14:24:18 | DEBUG    | [20220418] 1 trades, day P&L=$+21, equity=$101,652
2026-04-03 14:24:18 | DEBUG    | [20220509] 2 trades, day P&L=$+1092, equity=$102,744
2026-04-03 14:24:18 | DEBUG    | [20220526] 1 trades, day P&L=$+56, equity=$102,800
2026-04-03 14:24:18 | DEBUG    | [20220602] 1 trades, day P&L=$+21, equity=$102,821
2026-04-03 14:24:18 | DEBUG    | [20220609] 1 trades, day P&L=$+21, equity=$102,842
2026-04-03 14:24:18 | DEBUG    | [20220616] 2 trades, day P&L=$+42, equity=$102,884
2026-04-03 14:24:18 | DEBUG    | [20220623] 1 trades, day P&L=$+21, equity=$102,905
2026-04-03 14:24:18 | DEBUG    | [20220630] 2 trades, day P&L=$-399, equity=$102,506
2026-04-03 14:24:18 | DEBUG    | [20220707] 1 trades, day P&L=$+21, equity=$102,527
2026-04-03 14:24:19 | DEBUG    | [20220915] 2 trades, day P&L=$+182, equity=$102,709
2026-04-03 14:24:19 | DEBUG    | [20221003] 1 trades, day P&L=$+21, equity=$102,730
2026-04-03 14:24:19 | DEBUG    | [20221006] 1 trades, day P&L=$+91, equity=$102,821
2026-04-03 14:24:19 | DEBUG    | [20221013] 2 trades, day P&L=$+252, equity=$103,073
2026-04-03 14:24:19 | DEBUG    | [20221020] 2 trades, day P&L=$+42, equity=$103,115
2026-04-03 14:24:19 | DEBUG    | [20221215] 1 trades, day P&L=$+21, equity=$103,136
2026-04-03 14:24:19 | DEBUG    | [20230202] 1 trades, day P&L=$+21, equity=$103,157
2026-04-03 14:24:19 | DEBUG    | [20230309] 2 trades, day P&L=$+112, equity=$103,269
2026-04-03 14:24:19 | DEBUG    | [20230313] 1 trades, day P&L=$+126, equity=$103,395
2026-04-03 14:24:19 | DEBUG    | [20230316] 2 trades, day P&L=$+112, equity=$103,507
2026-04-03 14:24:19 | DEBUG    | [20231019] 1 trades, day P&L=$+21, equity=$103,528
2026-04-03 14:24:19 | DEBUG    | [20240328] 1 trades, day P&L=$+56, equity=$103,584
2026-04-03 14:24:19 | DEBUG    | [20240404] 1 trades, day P&L=$+56, equity=$103,640
2026-04-03 14:24:19 | DEBUG    | [20240415] 1 trades, day P&L=$+21, equity=$103,661
2026-04-03 14:24:19 | DEBUG    | [20240418] 1 trades, day P&L=$+21, equity=$103,682
2026-04-03 14:24:19 | DEBUG    | [20240422] 1 trades, day P&L=$+21, equity=$103,703
2026-04-03 14:24:19 | DEBUG    | [20240627] 1 trades, day P&L=$+21, equity=$103,724
2026-04-03 14:24:19 | DEBUG    | [20240715] 1 trades, day P&L=$+21, equity=$103,745
2026-04-03 14:24:19 | DEBUG    | [20240718] 1 trades, day P&L=$+161, equity=$103,906
2026-04-03 14:24:19 | DEBUG    | [20240729] 1 trades, day P&L=$+21, equity=$103,927
2026-04-03 14:24:19 | DEBUG    | [20240808] 1 trades, day P&L=$+21, equity=$103,948
2026-04-03 14:24:19 | DEBUG    | [20240812] 2 trades, day P&L=$+217, equity=$104,165
2026-04-03 14:24:19 | DEBUG    | [20240829] 1 trades, day P&L=$+161, equity=$104,326
2026-04-03 14:24:19 | DEBUG    | [20240905] 1 trades, day P&L=$+21, equity=$104,347
2026-04-03 14:24:20 | DEBUG    | [20240919] 2 trades, day P&L=$+77, equity=$104,424
2026-04-03 14:24:20 | DEBUG    | [20240930] 1 trades, day P&L=$+336, equity=$104,760
2026-04-03 14:24:20 | DEBUG    | [20241010] 1 trades, day P&L=$+21, equity=$104,781
2026-04-03 14:24:20 | DEBUG    | [20241031] 1 trades, day P&L=$+21, equity=$104,802
2026-04-03 14:24:20 | DEBUG    | [20241104] 1 trades, day P&L=$+21, equity=$104,823
2026-04-03 14:24:20 | DEBUG    | [20241230] 2 trades, day P&L=$+147, equity=$104,970
2026-04-03 14:24:20 | DEBUG    | [20250102] 1 trades, day P&L=$+161, equity=$105,131
2026-04-03 14:24:20 | DEBUG    | [20250127] 1 trades, day P&L=$+21, equity=$105,152
2026-04-03 14:24:20 | DEBUG    | [20250203] 1 trades, day P&L=$+126, equity=$105,278
2026-04-03 14:24:20 | DEBUG    | [20250227] 1 trades, day P&L=$+126, equity=$105,404
2026-04-03 14:24:20 | DEBUG    | [20250306] 1 trades, day P&L=$+791, equity=$106,195
2026-04-03 14:24:20 | DEBUG    | [20250310] 1 trades, day P&L=$+581, equity=$106,776
2026-04-03 14:24:20 | DEBUG    | [20250313] 1 trades, day P&L=$+56, equity=$106,832
2026-04-03 14:24:20 | DEBUG    | [20250327] 2 trades, day P&L=$+42, equity=$106,874
2026-04-03 14:24:20 | DEBUG    | [20250403] 1 trades, day P&L=$+441, equity=$107,315
2026-04-03 14:24:20 | DEBUG    | [20250421] 1 trades, day P&L=$+371, equity=$107,686
2026-04-03 14:24:20 | DEBUG    | [20250428] 2 trades, day P&L=$+147, equity=$107,833
2026-04-03 14:24:20 | DEBUG    | [20250501] 2 trades, day P&L=$-518, equity=$107,315
2026-04-03 14:24:20 | DEBUG    | [20250505] 1 trades, day P&L=$+56, equity=$107,371
2026-04-03 14:24:20 | DEBUG    | [20250508] 2 trades, day P&L=$+462, equity=$107,833
2026-04-03 14:24:20 | DEBUG    | [20250512] 1 trades, day P&L=$+91, equity=$107,924
2026-04-03 14:24:20 | DEBUG    | [20250529] 1 trades, day P&L=$+91, equity=$108,015
2026-04-03 14:24:20 | DEBUG    | [20250605] 1 trades, day P&L=$+91, equity=$108,106
2026-04-03 14:24:20 | DEBUG    | [20250623] 1 trades, day P&L=$+21, equity=$108,127
2026-04-03 14:24:20 | DEBUG    | [20250630] 1 trades, day P&L=$+21, equity=$108,148
2026-04-03 14:24:20 | DEBUG    | [20250731] 1 trades, day P&L=$+126, equity=$108,274
2026-04-03 14:24:20 | DEBUG    | [20250811] 1 trades, day P&L=$+21, equity=$108,295
2026-04-03 14:24:20 | DEBUG    | [20251016] 1 trades, day P&L=$+161, equity=$108,456
2026-04-03 14:24:20 | DEBUG    | [20251106] 1 trades, day P&L=$+56, equity=$108,512
2026-04-03 14:24:20 | DEBUG    | [20251113] 1 trades, day P&L=$+91, equity=$108,603
2026-04-03 14:24:20 | DEBUG    | [20251117] 1 trades, day P&L=$+91, equity=$108,694
2026-04-03 14:24:20 | DEBUG    | [20251120] 1 trades, day P&L=$+301, equity=$108,995
2026-04-03 14:24:20 | DEBUG    | [20251218] 2 trades, day P&L=$+217, equity=$109,212
2026-04-03 14:24:20 | DEBUG    | [20260205] 1 trades, day P&L=$+161, equity=$109,373
2026-04-03 14:24:20 | DEBUG    | [20260212] 1 trades, day P&L=$+126, equity=$109,499
2026-04-03 14:24:20 | DEBUG    | [20260302] 1 trades, day P&L=$+56, equity=$109,555
2026-04-03 14:24:20 | DEBUG    | [20260305] 1 trades, day P&L=$+91, equity=$109,646
2026-04-03 14:24:20 | DEBUG    | [20260309] 1 trades, day P&L=$+91, equity=$109,737
2026-04-03 14:24:20 | INFO     | ============================================================
2026-04-03 14:24:20 | INFO     | SKIP REASONS:
2026-04-03 14:24:20 | INFO     |   dow_filter          : 567
2026-04-03 14:24:20 | INFO     |   early_close         : 6
2026-04-03 14:24:20 | INFO     |   no_quotes           : 10
2026-04-03 14:24:20 | INFO     |   prior_return        : 147
2026-04-03 14:24:20 | INFO     |   TOTAL TRADES        : 98
2026-04-03 14:24:20 | INFO     | ============================================================
2026-04-03 14:24:20 | DEBUG    | [20220107] 1 trades, day P&L=$+130, equity=$100,130
2026-04-03 14:24:20 | DEBUG    | [20220114] 2 trades, day P&L=$+260, equity=$100,390
2026-04-03 14:24:20 | DEBUG    | [20220121] 2 trades, day P&L=$+1110, equity=$101,500
2026-04-03 14:24:20 | DEBUG    | [20220128] 2 trades, day P&L=$+810, equity=$102,310
2026-04-03 14:24:20 | DEBUG    | [20220225] 2 trades, day P&L=$+560, equity=$102,870
2026-04-03 14:24:20 | DEBUG    | [20220304] 2 trades, day P&L=$+510, equity=$103,380
2026-04-03 14:24:20 | DEBUG    | [20220311] 2 trades, day P&L=$+410, equity=$103,790
2026-04-03 14:24:20 | DEBUG    | [20220318] 1 trades, day P&L=$+230, equity=$104,020
2026-04-03 14:24:20 | DEBUG    | [20220325] 1 trades, day P&L=$+80, equity=$104,100
2026-04-03 14:24:20 | DEBUG    | [20220408] 2 trades, day P&L=$+310, equity=$104,410
2026-04-03 14:24:20 | DEBUG    | [20220422] 2 trades, day P&L=$+1010, equity=$105,420
2026-04-03 14:24:20 | DEBUG    | [20220513] 2 trades, day P&L=$+660, equity=$106,080
2026-04-03 14:24:20 | DEBUG    | [20220520] 2 trades, day P&L=$+960, equity=$107,040
2026-04-03 14:24:20 | DEBUG    | [20220624] 1 trades, day P&L=$+30, equity=$107,070
2026-04-03 14:24:20 | DEBUG    | [20220715] 1 trades, day P&L=$+80, equity=$107,150
2026-04-03 14:24:20 | DEBUG    | [20220826] 1 trades, day P&L=$+30, equity=$107,180
2026-04-03 14:24:20 | DEBUG    | [20220902] 2 trades, day P&L=$+210, equity=$107,390
2026-04-03 14:24:20 | DEBUG    | [20220916] 2 trades, day P&L=$+210, equity=$107,600
2026-04-03 14:24:20 | DEBUG    | [20220923] 2 trades, day P&L=$+410, equity=$108,010
2026-04-03 14:24:20 | DEBUG    | [20221007] 2 trades, day P&L=$+510, equity=$108,520
2026-04-03 14:24:21 | DEBUG    | [20221104] 1 trades, day P&L=$+30, equity=$108,550
2026-04-03 14:24:21 | DEBUG    | [20221118] 1 trades, day P&L=$+30, equity=$108,580
2026-04-03 14:24:21 | DEBUG    | [20221209] 1 trades, day P&L=$+30, equity=$108,610
2026-04-03 14:24:21 | DEBUG    | [20230203] 2 trades, day P&L=$+60, equity=$108,670
2026-04-03 14:24:21 | DEBUG    | [20230324] 1 trades, day P&L=$+80, equity=$108,750
2026-04-03 14:24:21 | DEBUG    | [20230331] 2 trades, day P&L=$+110, equity=$108,860
2026-04-03 14:24:21 | DEBUG    | [20230707] 1 trades, day P&L=$+80, equity=$108,940
2026-04-03 14:24:21 | DEBUG    | [20230804] 1 trades, day P&L=$+80, equity=$109,020
2026-04-03 14:24:21 | DEBUG    | [20230825] 1 trades, day P&L=$+30, equity=$109,050
2026-04-03 14:24:21 | DEBUG    | [20230929] 1 trades, day P&L=$+80, equity=$109,130
2026-04-03 14:24:21 | DEBUG    | [20231229] 1 trades, day P&L=$+80, equity=$109,210
2026-04-03 14:24:21 | DEBUG    | [20240216] 1 trades, day P&L=$+80, equity=$109,290
2026-04-03 14:24:21 | DEBUG    | [20240308] 1 trades, day P&L=$+130, equity=$109,420
2026-04-03 14:24:21 | DEBUG    | [20240315] 1 trades, day P&L=$+80, equity=$109,500
2026-04-03 14:24:21 | DEBUG    | [20240405] 1 trades, day P&L=$+80, equity=$109,580
2026-04-03 14:24:21 | DEBUG    | [20240412] 1 trades, day P&L=$+30, equity=$109,610
2026-04-03 14:24:21 | DEBUG    | [20240419] 1 trades, day P&L=$+230, equity=$109,840
2026-04-03 14:24:21 | DEBUG    | [20240531] 1 trades, day P&L=$+80, equity=$109,920
2026-04-03 14:24:21 | DEBUG    | [20240607] 1 trades, day P&L=$+30, equity=$109,950
2026-04-03 14:24:21 | DEBUG    | [20240621] 1 trades, day P&L=$+30, equity=$109,980
2026-04-03 14:24:21 | DEBUG    | [20240628] 1 trades, day P&L=$+580, equity=$110,560
2026-04-03 14:24:21 | DEBUG    | [20240712] 1 trades, day P&L=$+80, equity=$110,640
2026-04-03 14:24:21 | DEBUG    | [20240719] 1 trades, day P&L=$+80, equity=$110,720
2026-04-03 14:24:21 | DEBUG    | [20240726] 2 trades, day P&L=$+660, equity=$111,380
2026-04-03 14:24:21 | DEBUG    | [20240802] 1 trades, day P&L=$+830, equity=$112,210
2026-04-03 14:24:21 | DEBUG    | [20240823] 1 trades, day P&L=$+30, equity=$112,240
2026-04-03 14:24:21 | DEBUG    | [20240830] 1 trades, day P&L=$+380, equity=$112,620
2026-04-03 14:24:21 | DEBUG    | [20240906] 1 trades, day P&L=$+580, equity=$113,200
2026-04-03 14:24:21 | DEBUG    | [20240913] 1 trades, day P&L=$+30, equity=$113,230
2026-04-03 14:24:21 | DEBUG    | [20241004] 1 trades, day P&L=$+30, equity=$113,260
2026-04-03 14:24:21 | DEBUG    | [20241025] 1 trades, day P&L=$+30, equity=$113,290
2026-04-03 14:24:21 | DEBUG    | [20241115] 1 trades, day P&L=$+30, equity=$113,320
2026-04-03 14:24:21 | DEBUG    | [20241220] 1 trades, day P&L=$+430, equity=$113,750
2026-04-03 14:24:21 | DEBUG    | [20241227] 1 trades, day P&L=$+80, equity=$113,830
2026-04-03 14:24:21 | DEBUG    | [20250110] 1 trades, day P&L=$+230, equity=$114,060
2026-04-03 14:24:21 | DEBUG    | [20250124] 1 trades, day P&L=$+80, equity=$114,140
2026-04-03 14:24:21 | DEBUG    | [20250131] 1 trades, day P&L=$+480, equity=$114,620
2026-04-03 14:24:21 | DEBUG    | [20250207] 1 trades, day P&L=$+30, equity=$114,650
2026-04-03 14:24:21 | DEBUG    | [20250221] 1 trades, day P&L=$+30, equity=$114,680
2026-04-03 14:24:21 | DEBUG    | [20250314] 1 trades, day P&L=$+180, equity=$114,860
2026-04-03 14:24:21 | DEBUG    | [20250321] 1 trades, day P&L=$+230, equity=$115,090
2026-04-03 14:24:21 | DEBUG    | [20250328] 1 trades, day P&L=$+380, equity=$115,470
2026-04-03 14:24:21 | DEBUG    | [20250502] 1 trades, day P&L=$+180, equity=$115,650
2026-04-03 14:24:21 | DEBUG    | [20250509] 2 trades, day P&L=$+110, equity=$115,760
2026-04-03 14:24:21 | DEBUG    | [20250516] 1 trades, day P&L=$+30, equity=$115,790
2026-04-03 14:24:21 | DEBUG    | [20250523] 1 trades, day P&L=$+230, equity=$116,020
2026-04-03 14:24:21 | DEBUG    | [20250530] 2 trades, day P&L=$+1810, equity=$117,830
2026-04-03 14:24:21 | DEBUG    | [20250613] 1 trades, day P&L=$+80, equity=$117,910
2026-04-03 14:24:21 | DEBUG    | [20250620] 1 trades, day P&L=$+30, equity=$117,940
2026-04-03 14:24:21 | DEBUG    | [20250711] 1 trades, day P&L=$+30, equity=$117,970
2026-04-03 14:24:21 | DEBUG    | [20250801] 1 trades, day P&L=$+330, equity=$118,300
2026-04-03 14:24:21 | DEBUG    | [20250815] 1 trades, day P&L=$+30, equity=$118,330
2026-04-03 14:24:21 | DEBUG    | [20250829] 1 trades, day P&L=$+80, equity=$118,410
2026-04-03 14:24:21 | DEBUG    | [20250905] 1 trades, day P&L=$+80, equity=$118,490
2026-04-03 14:24:21 | DEBUG    | [20251010] 1 trades, day P&L=$+980, equity=$119,470
2026-04-03 14:24:21 | DEBUG    | [20251031] 1 trades, day P&L=$+280, equity=$119,750
2026-04-03 14:24:21 | DEBUG    | [20251107] 1 trades, day P&L=$+30, equity=$119,780
2026-04-03 14:24:21 | DEBUG    | [20260102] 1 trades, day P&L=$+30, equity=$119,810
2026-04-03 14:24:21 | DEBUG    | [20260130] 2 trades, day P&L=$+360, equity=$120,170
2026-04-03 14:24:21 | DEBUG    | [20260206] 1 trades, day P&L=$+130, equity=$120,300
2026-04-03 14:24:21 | DEBUG    | [20260227] 1 trades, day P&L=$+130, equity=$120,430
2026-04-03 14:24:21 | DEBUG    | [20260306] 1 trades, day P&L=$+30, equity=$120,460
2026-04-03 14:24:21 | DEBUG    | [20260320] 1 trades, day P&L=$+130, equity=$120,590
2026-04-03 14:24:21 | INFO     | ============================================================
2026-04-03 14:24:21 | INFO     | SKIP REASONS:
2026-04-03 14:24:21 | INFO     |   dow_filter          : 729
2026-04-03 14:24:21 | INFO     |   early_close         : 6
2026-04-03 14:24:21 | INFO     |   prior_return        : 147
2026-04-03 14:24:21 | INFO     |   TOTAL TRADES        : 103
2026-04-03 14:24:21 | INFO     | ============================================================
2026-04-03 14:24:21 | INFO     | [ITER 222] corrected_ultimate → FINAL | P&L=$29,683, Sharpe=11.23, DD=$-455
2026-04-03 14:24:21 | DEBUG    | [20220110] 2 trades, day P&L=$+42, equity=$100,042
2026-04-03 14:24:21 | DEBUG    | [20220207] 2 trades, day P&L=$+252, equity=$100,294
2026-04-03 14:24:21 | DEBUG    | [20220307] 2 trades, day P&L=$+287, equity=$100,581
2026-04-03 14:24:21 | DEBUG    | [20220314] 2 trades, day P&L=$+217, equity=$100,798
2026-04-03 14:24:21 | DEBUG    | [20220331] 2 trades, day P&L=$+812, equity=$101,610
2026-04-03 14:24:21 | DEBUG    | [20220414] 1 trades, day P&L=$+21, equity=$101,631
2026-04-03 14:24:21 | DEBUG    | [20220418] 1 trades, day P&L=$+21, equity=$101,652
2026-04-03 14:24:21 | DEBUG    | [20220509] 2 trades, day P&L=$+1092, equity=$102,744
2026-04-03 14:24:21 | DEBUG    | [20220526] 1 trades, day P&L=$+56, equity=$102,800
2026-04-03 14:24:21 | DEBUG    | [20220602] 1 trades, day P&L=$+21, equity=$102,821
2026-04-03 14:24:21 | DEBUG    | [20220609] 1 trades, day P&L=$+21, equity=$102,842
2026-04-03 14:24:21 | DEBUG    | [20220616] 2 trades, day P&L=$+42, equity=$102,884
2026-04-03 14:24:21 | DEBUG    | [20220623] 1 trades, day P&L=$+21, equity=$102,905
2026-04-03 14:24:21 | DEBUG    | [20220630] 2 trades, day P&L=$-399, equity=$102,506
2026-04-03 14:24:21 | DEBUG    | [20220707] 1 trades, day P&L=$+21, equity=$102,527
2026-04-03 14:24:22 | DEBUG    | [20220915] 2 trades, day P&L=$+182, equity=$102,709
2026-04-03 14:24:22 | DEBUG    | [20221003] 1 trades, day P&L=$+21, equity=$102,730
2026-04-03 14:24:22 | DEBUG    | [20221006] 1 trades, day P&L=$+91, equity=$102,821
2026-04-03 14:24:22 | DEBUG    | [20221013] 2 trades, day P&L=$+252, equity=$103,073
2026-04-03 14:24:22 | DEBUG    | [20221020] 2 trades, day P&L=$+42, equity=$103,115
2026-04-03 14:24:22 | DEBUG    | [20221215] 1 trades, day P&L=$+21, equity=$103,136
2026-04-03 14:24:22 | DEBUG    | [20230202] 1 trades, day P&L=$+21, equity=$103,157
2026-04-03 14:24:22 | DEBUG    | [20230309] 2 trades, day P&L=$+112, equity=$103,269
2026-04-03 14:24:22 | DEBUG    | [20230313] 1 trades, day P&L=$+126, equity=$103,395
2026-04-03 14:24:22 | DEBUG    | [20230316] 2 trades, day P&L=$+112, equity=$103,507
2026-04-03 14:24:22 | DEBUG    | [20231019] 1 trades, day P&L=$+21, equity=$103,528
2026-04-03 14:24:22 | DEBUG    | [20240328] 1 trades, day P&L=$+56, equity=$103,584
2026-04-03 14:24:22 | DEBUG    | [20240404] 1 trades, day P&L=$+56, equity=$103,640
2026-04-03 14:24:22 | DEBUG    | [20240415] 1 trades, day P&L=$+21, equity=$103,661
2026-04-03 14:24:22 | DEBUG    | [20240418] 1 trades, day P&L=$+21, equity=$103,682
2026-04-03 14:24:22 | DEBUG    | [20240422] 1 trades, day P&L=$+21, equity=$103,703
2026-04-03 14:24:22 | DEBUG    | [20240627] 1 trades, day P&L=$+21, equity=$103,724
2026-04-03 14:24:22 | DEBUG    | [20240715] 1 trades, day P&L=$+21, equity=$103,745
2026-04-03 14:24:22 | DEBUG    | [20240718] 1 trades, day P&L=$+161, equity=$103,906
2026-04-03 14:24:22 | DEBUG    | [20240729] 1 trades, day P&L=$+21, equity=$103,927
2026-04-03 14:24:22 | DEBUG    | [20240808] 1 trades, day P&L=$+21, equity=$103,948
2026-04-03 14:24:22 | DEBUG    | [20240812] 2 trades, day P&L=$+217, equity=$104,165
2026-04-03 14:24:22 | DEBUG    | [20240829] 1 trades, day P&L=$+161, equity=$104,326
2026-04-03 14:24:22 | DEBUG    | [20240905] 1 trades, day P&L=$+21, equity=$104,347
2026-04-03 14:24:22 | DEBUG    | [20240919] 2 trades, day P&L=$+77, equity=$104,424
2026-04-03 14:24:23 | DEBUG    | [20240930] 1 trades, day P&L=$+336, equity=$104,760
2026-04-03 14:24:23 | DEBUG    | [20241010] 1 trades, day P&L=$+21, equity=$104,781
2026-04-03 14:24:23 | DEBUG    | [20241031] 1 trades, day P&L=$+21, equity=$104,802
2026-04-03 14:24:23 | DEBUG    | [20241104] 1 trades, day P&L=$+21, equity=$104,823
2026-04-03 14:24:23 | DEBUG    | [20241230] 2 trades, day P&L=$+147, equity=$104,970
2026-04-03 14:24:23 | INFO     | ============================================================
2026-04-03 14:24:23 | INFO     | SKIP REASONS:
2026-04-03 14:24:23 | INFO     |   dow_filter          : 400
2026-04-03 14:24:23 | INFO     |   early_close         : 4
2026-04-03 14:24:23 | INFO     |   no_quotes           : 10
2026-04-03 14:24:23 | INFO     |   prior_return        : 109
2026-04-03 14:24:23 | INFO     |   TOTAL TRADES        : 61
2026-04-03 14:24:23 | INFO     | ============================================================
2026-04-03 14:24:23 | DEBUG    | [20220107] 1 trades, day P&L=$+130, equity=$100,130
2026-04-03 14:24:23 | DEBUG    | [20220114] 2 trades, day P&L=$+260, equity=$100,390
2026-04-03 14:24:23 | DEBUG    | [20220121] 2 trades, day P&L=$+1110, equity=$101,500
2026-04-03 14:24:23 | DEBUG    | [20220128] 2 trades, day P&L=$+810, equity=$102,310
2026-04-03 14:24:23 | DEBUG    | [20220225] 2 trades, day P&L=$+560, equity=$102,870
2026-04-03 14:24:23 | DEBUG    | [20220304] 2 trades, day P&L=$+510, equity=$103,380
2026-04-03 14:24:23 | DEBUG    | [20220311] 2 trades, day P&L=$+410, equity=$103,790
2026-04-03 14:24:23 | DEBUG    | [20220318] 1 trades, day P&L=$+230, equity=$104,020
2026-04-03 14:24:23 | DEBUG    | [20220325] 1 trades, day P&L=$+80, equity=$104,100
2026-04-03 14:24:23 | DEBUG    | [20220408] 2 trades, day P&L=$+310, equity=$104,410
2026-04-03 14:24:23 | DEBUG    | [20220422] 2 trades, day P&L=$+1010, equity=$105,420
2026-04-03 14:24:23 | DEBUG    | [20220513] 2 trades, day P&L=$+660, equity=$106,080
2026-04-03 14:24:23 | DEBUG    | [20220520] 2 trades, day P&L=$+960, equity=$107,040
2026-04-03 14:24:23 | DEBUG    | [20220624] 1 trades, day P&L=$+30, equity=$107,070
2026-04-03 14:24:23 | DEBUG    | [20220715] 1 trades, day P&L=$+80, equity=$107,150
2026-04-03 14:24:23 | DEBUG    | [20220826] 1 trades, day P&L=$+30, equity=$107,180
2026-04-03 14:24:23 | DEBUG    | [20220902] 2 trades, day P&L=$+210, equity=$107,390
2026-04-03 14:24:23 | DEBUG    | [20220916] 2 trades, day P&L=$+210, equity=$107,600
2026-04-03 14:24:23 | DEBUG    | [20220923] 2 trades, day P&L=$+410, equity=$108,010
2026-04-03 14:24:23 | DEBUG    | [20221007] 2 trades, day P&L=$+510, equity=$108,520
2026-04-03 14:24:23 | DEBUG    | [20221104] 1 trades, day P&L=$+30, equity=$108,550
2026-04-03 14:24:23 | DEBUG    | [20221118] 1 trades, day P&L=$+30, equity=$108,580
2026-04-03 14:24:23 | DEBUG    | [20221209] 1 trades, day P&L=$+30, equity=$108,610
2026-04-03 14:24:23 | DEBUG    | [20230203] 2 trades, day P&L=$+60, equity=$108,670
2026-04-03 14:24:23 | DEBUG    | [20230324] 1 trades, day P&L=$+80, equity=$108,750
2026-04-03 14:24:23 | DEBUG    | [20230331] 2 trades, day P&L=$+110, equity=$108,860
2026-04-03 14:24:23 | DEBUG    | [20230707] 1 trades, day P&L=$+80, equity=$108,940
2026-04-03 14:24:23 | DEBUG    | [20230804] 1 trades, day P&L=$+80, equity=$109,020
2026-04-03 14:24:23 | DEBUG    | [20230825] 1 trades, day P&L=$+30, equity=$109,050
2026-04-03 14:24:23 | DEBUG    | [20230929] 1 trades, day P&L=$+80, equity=$109,130
2026-04-03 14:24:23 | DEBUG    | [20231229] 1 trades, day P&L=$+80, equity=$109,210
2026-04-03 14:24:23 | DEBUG    | [20240216] 1 trades, day P&L=$+80, equity=$109,290
2026-04-03 14:24:23 | DEBUG    | [20240308] 1 trades, day P&L=$+130, equity=$109,420
2026-04-03 14:24:23 | DEBUG    | [20240315] 1 trades, day P&L=$+80, equity=$109,500
2026-04-03 14:24:23 | DEBUG    | [20240405] 1 trades, day P&L=$+80, equity=$109,580
2026-04-03 14:24:23 | DEBUG    | [20240412] 1 trades, day P&L=$+30, equity=$109,610
2026-04-03 14:24:23 | DEBUG    | [20240419] 1 trades, day P&L=$+230, equity=$109,840
2026-04-03 14:24:23 | DEBUG    | [20240531] 1 trades, day P&L=$+80, equity=$109,920
2026-04-03 14:24:23 | DEBUG    | [20240607] 1 trades, day P&L=$+30, equity=$109,950
2026-04-03 14:24:23 | DEBUG    | [20240621] 1 trades, day P&L=$+30, equity=$109,980
2026-04-03 14:24:23 | DEBUG    | [20240628] 1 trades, day P&L=$+580, equity=$110,560
2026-04-03 14:24:23 | DEBUG    | [20240712] 1 trades, day P&L=$+80, equity=$110,640
2026-04-03 14:24:23 | DEBUG    | [20240719] 1 trades, day P&L=$+80, equity=$110,720
2026-04-03 14:24:23 | DEBUG    | [20240726] 2 trades, day P&L=$+660, equity=$111,380
2026-04-03 14:24:23 | DEBUG    | [20240802] 1 trades, day P&L=$+830, equity=$112,210
2026-04-03 14:24:23 | DEBUG    | [20240823] 1 trades, day P&L=$+30, equity=$112,240
2026-04-03 14:24:23 | DEBUG    | [20240830] 1 trades, day P&L=$+380, equity=$112,620
2026-04-03 14:24:23 | DEBUG    | [20240906] 1 trades, day P&L=$+580, equity=$113,200
2026-04-03 14:24:23 | DEBUG    | [20240913] 1 trades, day P&L=$+30, equity=$113,230
2026-04-03 14:24:23 | DEBUG    | [20241004] 1 trades, day P&L=$+30, equity=$113,260
2026-04-03 14:24:23 | DEBUG    | [20241025] 1 trades, day P&L=$+30, equity=$113,290
2026-04-03 14:24:23 | DEBUG    | [20241115] 1 trades, day P&L=$+30, equity=$113,320
2026-04-03 14:24:23 | DEBUG    | [20241220] 1 trades, day P&L=$+430, equity=$113,750
2026-04-03 14:24:23 | DEBUG    | [20241227] 1 trades, day P&L=$+80, equity=$113,830
2026-04-03 14:24:23 | INFO     | ============================================================
2026-04-03 14:24:23 | INFO     | SKIP REASONS:
2026-04-03 14:24:23 | INFO     |   dow_filter          : 514
2026-04-03 14:24:23 | INFO     |   early_close         : 4
2026-04-03 14:24:23 | INFO     |   prior_return        : 109
2026-04-03 14:24:23 | INFO     |   TOTAL TRADES        : 71
2026-04-03 14:24:23 | INFO     | ============================================================
2026-04-03 14:24:23 | DEBUG    | [20250102] 1 trades, day P&L=$+161, equity=$100,161
2026-04-03 14:24:23 | DEBUG    | [20250127] 1 trades, day P&L=$+21, equity=$100,182
2026-04-03 14:24:23 | DEBUG    | [20250203] 1 trades, day P&L=$+126, equity=$100,308
2026-04-03 14:24:23 | DEBUG    | [20250227] 1 trades, day P&L=$+126, equity=$100,434
2026-04-03 14:24:23 | DEBUG    | [20250306] 1 trades, day P&L=$+791, equity=$101,225
2026-04-03 14:24:23 | DEBUG    | [20250310] 1 trades, day P&L=$+581, equity=$101,806
2026-04-03 14:24:23 | DEBUG    | [20250313] 1 trades, day P&L=$+56, equity=$101,862
2026-04-03 14:24:23 | DEBUG    | [20250327] 2 trades, day P&L=$+42, equity=$101,904
2026-04-03 14:24:23 | DEBUG    | [20250403] 1 trades, day P&L=$+441, equity=$102,345
2026-04-03 14:24:24 | DEBUG    | [20250421] 1 trades, day P&L=$+371, equity=$102,716
2026-04-03 14:24:24 | DEBUG    | [20250428] 2 trades, day P&L=$+147, equity=$102,863
2026-04-03 14:24:24 | DEBUG    | [20250501] 2 trades, day P&L=$-518, equity=$102,345
2026-04-03 14:24:24 | DEBUG    | [20250505] 1 trades, day P&L=$+56, equity=$102,401
2026-04-03 14:24:24 | DEBUG    | [20250508] 2 trades, day P&L=$+462, equity=$102,863
2026-04-03 14:24:24 | DEBUG    | [20250512] 1 trades, day P&L=$+91, equity=$102,954
2026-04-03 14:24:24 | DEBUG    | [20250529] 1 trades, day P&L=$+91, equity=$103,045
2026-04-03 14:24:24 | DEBUG    | [20250605] 1 trades, day P&L=$+91, equity=$103,136
2026-04-03 14:24:24 | DEBUG    | [20250623] 1 trades, day P&L=$+21, equity=$103,157
2026-04-03 14:24:24 | DEBUG    | [20250630] 1 trades, day P&L=$+21, equity=$103,178
2026-04-03 14:24:24 | DEBUG    | [20250731] 1 trades, day P&L=$+126, equity=$103,304
2026-04-03 14:24:24 | DEBUG    | [20250811] 1 trades, day P&L=$+21, equity=$103,325
2026-04-03 14:24:24 | DEBUG    | [20251016] 1 trades, day P&L=$+161, equity=$103,486
2026-04-03 14:24:24 | DEBUG    | [20251106] 1 trades, day P&L=$+56, equity=$103,542
2026-04-03 14:24:24 | DEBUG    | [20251113] 1 trades, day P&L=$+91, equity=$103,633
2026-04-03 14:24:24 | DEBUG    | [20251117] 1 trades, day P&L=$+91, equity=$103,724
2026-04-03 14:24:24 | DEBUG    | [20251120] 1 trades, day P&L=$+301, equity=$104,025
2026-04-03 14:24:24 | DEBUG    | [20251218] 2 trades, day P&L=$+217, equity=$104,242
2026-04-03 14:24:24 | DEBUG    | [20260205] 1 trades, day P&L=$+161, equity=$104,403
2026-04-03 14:24:24 | DEBUG    | [20260212] 1 trades, day P&L=$+126, equity=$104,529
2026-04-03 14:24:24 | DEBUG    | [20260302] 1 trades, day P&L=$+56, equity=$104,585
2026-04-03 14:24:24 | DEBUG    | [20260305] 1 trades, day P&L=$+91, equity=$104,676
2026-04-03 14:24:24 | DEBUG    | [20260309] 1 trades, day P&L=$+91, equity=$104,767
2026-04-03 14:24:24 | INFO     | ============================================================
2026-04-03 14:24:24 | INFO     | SKIP REASONS:
2026-04-03 14:24:24 | INFO     |   dow_filter          : 167
2026-04-03 14:24:24 | INFO     |   early_close         : 2
2026-04-03 14:24:24 | INFO     |   prior_return        : 38
2026-04-03 14:24:24 | INFO     |   TOTAL TRADES        : 37
2026-04-03 14:24:24 | INFO     | ============================================================
2026-04-03 14:24:24 | DEBUG    | [20250110] 1 trades, day P&L=$+230, equity=$100,230
2026-04-03 14:24:24 | DEBUG    | [20250124] 1 trades, day P&L=$+80, equity=$100,310
2026-04-03 14:24:24 | DEBUG    | [20250131] 1 trades, day P&L=$+480, equity=$100,790
2026-04-03 14:24:24 | DEBUG    | [20250207] 1 trades, day P&L=$+30, equity=$100,820
2026-04-03 14:24:24 | DEBUG    | [20250221] 1 trades, day P&L=$+30, equity=$100,850
2026-04-03 14:24:24 | DEBUG    | [20250314] 1 trades, day P&L=$+180, equity=$101,030
2026-04-03 14:24:24 | DEBUG    | [20250321] 1 trades, day P&L=$+230, equity=$101,260
2026-04-03 14:24:24 | DEBUG    | [20250328] 1 trades, day P&L=$+380, equity=$101,640
2026-04-03 14:24:24 | DEBUG    | [20250502] 1 trades, day P&L=$+180, equity=$101,820
2026-04-03 14:24:24 | DEBUG    | [20250509] 2 trades, day P&L=$+110, equity=$101,930
2026-04-03 14:24:24 | DEBUG    | [20250516] 1 trades, day P&L=$+30, equity=$101,960
2026-04-03 14:24:24 | DEBUG    | [20250523] 1 trades, day P&L=$+230, equity=$102,190
2026-04-03 14:24:24 | DEBUG    | [20250530] 2 trades, day P&L=$+1810, equity=$104,000
2026-04-03 14:24:24 | DEBUG    | [20250613] 1 trades, day P&L=$+80, equity=$104,080
2026-04-03 14:24:24 | DEBUG    | [20250620] 1 trades, day P&L=$+30, equity=$104,110
2026-04-03 14:24:24 | DEBUG    | [20250711] 1 trades, day P&L=$+30, equity=$104,140
2026-04-03 14:24:24 | DEBUG    | [20250801] 1 trades, day P&L=$+330, equity=$104,470
2026-04-03 14:24:24 | DEBUG    | [20250815] 1 trades, day P&L=$+30, equity=$104,500
2026-04-03 14:24:24 | DEBUG    | [20250829] 1 trades, day P&L=$+80, equity=$104,580
2026-04-03 14:24:24 | DEBUG    | [20250905] 1 trades, day P&L=$+80, equity=$104,660
2026-04-03 14:24:24 | DEBUG    | [20251010] 1 trades, day P&L=$+980, equity=$105,640
2026-04-03 14:24:24 | DEBUG    | [20251031] 1 trades, day P&L=$+280, equity=$105,920
2026-04-03 14:24:24 | DEBUG    | [20251107] 1 trades, day P&L=$+30, equity=$105,950
2026-04-03 14:24:24 | DEBUG    | [20260102] 1 trades, day P&L=$+30, equity=$105,980
2026-04-03 14:24:24 | DEBUG    | [20260130] 2 trades, day P&L=$+360, equity=$106,340
2026-04-03 14:24:24 | DEBUG    | [20260206] 1 trades, day P&L=$+130, equity=$106,470
2026-04-03 14:24:24 | DEBUG    | [20260227] 1 trades, day P&L=$+130, equity=$106,600
2026-04-03 14:24:24 | DEBUG    | [20260306] 1 trades, day P&L=$+30, equity=$106,630
2026-04-03 14:24:24 | DEBUG    | [20260320] 1 trades, day P&L=$+130, equity=$106,760
2026-04-03 14:24:24 | INFO     | ============================================================
2026-04-03 14:24:24 | INFO     | SKIP REASONS:
2026-04-03 14:24:24 | INFO     |   dow_filter          : 215
2026-04-03 14:24:24 | INFO     |   early_close         : 2
2026-04-03 14:24:24 | INFO     |   prior_return        : 38
2026-04-03 14:24:24 | INFO     |   TOTAL TRADES        : 32
2026-04-03 14:24:24 | INFO     | ============================================================
2026-04-03 14:24:24 | DEBUG    | [20220110] 2 trades, day P&L=$+42, equity=$100,042
2026-04-03 14:24:24 | DEBUG    | [20220114] 1 trades, day P&L=$+91, equity=$100,133
2026-04-03 14:24:24 | DEBUG    | [20220118] 2 trades, day P&L=$+147, equity=$100,280
2026-04-03 14:24:24 | DEBUG    | [20220121] 2 trades, day P&L=$+427, equity=$100,707
2026-04-03 14:24:24 | DEBUG    | [20220128] 2 trades, day P&L=$+392, equity=$101,099
2026-04-03 14:24:24 | DEBUG    | [20220207] 2 trades, day P&L=$+252, equity=$101,351
2026-04-03 14:24:24 | DEBUG    | [20220222] 2 trades, day P&L=$+532, equity=$101,883
2026-04-03 14:24:24 | DEBUG    | [20220225] 2 trades, day P&L=$+182, equity=$102,065
2026-04-03 14:24:24 | DEBUG    | [20220304] 2 trades, day P&L=$+182, equity=$102,247
2026-04-03 14:24:24 | DEBUG    | [20220307] 2 trades, day P&L=$+287, equity=$102,534
2026-04-03 14:24:24 | DEBUG    | [20220311] 2 trades, day P&L=$+322, equity=$102,856
2026-04-03 14:24:24 | DEBUG    | [20220314] 2 trades, day P&L=$+217, equity=$103,073
2026-04-03 14:24:24 | DEBUG    | [20220318] 1 trades, day P&L=$+21, equity=$103,094
2026-04-03 14:24:24 | DEBUG    | [20220331] 2 trades, day P&L=$+812, equity=$103,906
2026-04-03 14:24:24 | DEBUG    | [20220408] 2 trades, day P&L=$+42, equity=$103,948
2026-04-03 14:24:24 | DEBUG    | [20220414] 1 trades, day P&L=$+21, equity=$103,969
2026-04-03 14:24:24 | DEBUG    | [20220418] 1 trades, day P&L=$+21, equity=$103,990
2026-04-03 14:24:24 | DEBUG    | [20220422] 2 trades, day P&L=$+812, equity=$104,802
2026-04-03 14:24:24 | DEBUG    | [20220426] 2 trades, day P&L=$+322, equity=$105,124
2026-04-03 14:24:24 | DEBUG    | [20220503] 1 trades, day P&L=$+91, equity=$105,215
2026-04-03 14:24:24 | DEBUG    | [20220509] 2 trades, day P&L=$+1092, equity=$106,307
2026-04-03 14:24:24 | DEBUG    | [20220513] 2 trades, day P&L=$+532, equity=$106,839
2026-04-03 14:24:24 | DEBUG    | [20220517] 1 trades, day P&L=$+21, equity=$106,860
2026-04-03 14:24:24 | DEBUG    | [20220520] 2 trades, day P&L=$+357, equity=$107,217
2026-04-03 14:24:24 | DEBUG    | [20220526] 1 trades, day P&L=$+56, equity=$107,273
2026-04-03 14:24:24 | DEBUG    | [20220602] 1 trades, day P&L=$+21, equity=$107,294
2026-04-03 14:24:24 | DEBUG    | [20220609] 1 trades, day P&L=$+21, equity=$107,315
2026-04-03 14:24:24 | DEBUG    | [20220616] 2 trades, day P&L=$+42, equity=$107,357
2026-04-03 14:24:24 | DEBUG    | [20220623] 1 trades, day P&L=$+21, equity=$107,378
2026-04-03 14:24:24 | DEBUG    | [20220624] 1 trades, day P&L=$+21, equity=$107,399
2026-04-03 14:24:25 | DEBUG    | [20220628] 1 trades, day P&L=$+21, equity=$107,420
2026-04-03 14:24:25 | DEBUG    | [20220630] 2 trades, day P&L=$-399, equity=$107,021
2026-04-03 14:24:25 | DEBUG    | [20220705] 2 trades, day P&L=$+42, equity=$107,063
2026-04-03 14:24:25 | DEBUG    | [20220707] 1 trades, day P&L=$+21, equity=$107,084
2026-04-03 14:24:25 | DEBUG    | [20220719] 1 trades, day P&L=$+21, equity=$107,105
2026-04-03 14:24:25 | DEBUG    | [20220902] 2 trades, day P&L=$+147, equity=$107,252
2026-04-03 14:24:25 | DEBUG    | [20220913] 2 trades, day P&L=$+77, equity=$107,329
2026-04-03 14:24:25 | DEBUG    | [20220915] 2 trades, day P&L=$+182, equity=$107,511
2026-04-03 14:24:25 | DEBUG    | [20220916] 2 trades, day P&L=$+147, equity=$107,658
2026-04-03 14:24:25 | DEBUG    | [20220923] 2 trades, day P&L=$+182, equity=$107,840
2026-04-03 14:24:25 | DEBUG    | [20220927] 2 trades, day P&L=$+182, equity=$108,022
2026-04-03 14:24:25 | DEBUG    | [20221003] 1 trades, day P&L=$+21, equity=$108,043
2026-04-03 14:24:25 | DEBUG    | [20221006] 1 trades, day P&L=$+91, equity=$108,134
2026-04-03 14:24:25 | DEBUG    | [20221007] 2 trades, day P&L=$+357, equity=$108,491
2026-04-03 14:24:25 | DEBUG    | [20221011] 1 trades, day P&L=$+21, equity=$108,512
2026-04-03 14:24:25 | DEBUG    | [20221013] 2 trades, day P&L=$+252, equity=$108,764
2026-04-03 14:24:25 | DEBUG    | [20221020] 2 trades, day P&L=$+42, equity=$108,806
2026-04-03 14:24:25 | DEBUG    | [20221021] 1 trades, day P&L=$+21, equity=$108,827
2026-04-03 14:24:25 | DEBUG    | [20221115] 1 trades, day P&L=$+56, equity=$108,883
2026-04-03 14:24:25 | DEBUG    | [20221118] 1 trades, day P&L=$+21, equity=$108,904
2026-04-03 14:24:25 | DEBUG    | [20221209] 1 trades, day P&L=$+21, equity=$108,925
2026-04-03 14:24:25 | DEBUG    | [20221213] 1 trades, day P&L=$+21, equity=$108,946
2026-04-03 14:24:25 | DEBUG    | [20221215] 1 trades, day P&L=$+21, equity=$108,967
2026-04-03 14:24:25 | DEBUG    | [20230202] 1 trades, day P&L=$+21, equity=$108,988
2026-04-03 14:24:25 | DEBUG    | [20230203] 2 trades, day P&L=$+42, equity=$109,030
2026-04-03 14:24:25 | DEBUG    | [20230309] 2 trades, day P&L=$+112, equity=$109,142
2026-04-03 14:24:25 | DEBUG    | [20230313] 1 trades, day P&L=$+126, equity=$109,268
2026-04-03 14:24:25 | DEBUG    | [20230316] 2 trades, day P&L=$+112, equity=$109,380
2026-04-03 14:24:25 | DEBUG    | [20230331] 2 trades, day P&L=$+77, equity=$109,457
2026-04-03 14:24:26 | DEBUG    | [20230707] 1 trades, day P&L=$+56, equity=$109,513
2026-04-03 14:24:26 | DEBUG    | [20230825] 1 trades, day P&L=$+21, equity=$109,534
2026-04-03 14:24:26 | DEBUG    | [20230929] 1 trades, day P&L=$+56, equity=$109,590
2026-04-03 14:24:26 | DEBUG    | [20231019] 1 trades, day P&L=$+21, equity=$109,611
2026-04-03 14:24:26 | DEBUG    | [20240216] 1 trades, day P&L=$+21, equity=$109,632
2026-04-03 14:24:26 | DEBUG    | [20240328] 1 trades, day P&L=$+56, equity=$109,688
2026-04-03 14:24:26 | DEBUG    | [20240404] 1 trades, day P&L=$+56, equity=$109,744
2026-04-03 14:24:26 | DEBUG    | [20240412] 1 trades, day P&L=$+21, equity=$109,765
2026-04-03 14:24:26 | DEBUG    | [20240415] 1 trades, day P&L=$+21, equity=$109,786
2026-04-03 14:24:26 | DEBUG    | [20240416] 2 trades, day P&L=$+112, equity=$109,898
2026-04-03 14:24:26 | DEBUG    | [20240418] 1 trades, day P&L=$+21, equity=$109,919
2026-04-03 14:24:26 | DEBUG    | [20240419] 1 trades, day P&L=$+21, equity=$109,940
2026-04-03 14:24:26 | DEBUG    | [20240422] 1 trades, day P&L=$+21, equity=$109,961
2026-04-03 14:24:26 | DEBUG    | [20240531] 1 trades, day P&L=$+56, equity=$110,017
2026-04-03 14:24:26 | DEBUG    | [20240607] 1 trades, day P&L=$+21, equity=$110,038
2026-04-03 14:24:27 | DEBUG    | [20240627] 1 trades, day P&L=$+21, equity=$110,059
2026-04-03 14:24:27 | DEBUG    | [20240628] 1 trades, day P&L=$+161, equity=$110,220
2026-04-03 14:24:27 | DEBUG    | [20240712] 1 trades, day P&L=$+56, equity=$110,276
2026-04-03 14:24:27 | DEBUG    | [20240715] 1 trades, day P&L=$+21, equity=$110,297
2026-04-03 14:24:27 | DEBUG    | [20240718] 1 trades, day P&L=$+161, equity=$110,458
2026-04-03 14:24:27 | DEBUG    | [20240719] 1 trades, day P&L=$+56, equity=$110,514
2026-04-03 14:24:27 | DEBUG    | [20240726] 2 trades, day P&L=$+497, equity=$111,011
2026-04-03 14:24:27 | DEBUG    | [20240729] 1 trades, day P&L=$+21, equity=$111,032
2026-04-03 14:24:27 | DEBUG    | [20240730] 1 trades, day P&L=$+56, equity=$111,088
2026-04-03 14:24:27 | DEBUG    | [20240802] 1 trades, day P&L=$+301, equity=$111,389
2026-04-03 14:24:27 | DEBUG    | [20240808] 1 trades, day P&L=$+21, equity=$111,410
2026-04-03 14:24:27 | DEBUG    | [20240812] 2 trades, day P&L=$+217, equity=$111,627
2026-04-03 14:24:27 | DEBUG    | [20240813] 1 trades, day P&L=$+21, equity=$111,648
2026-04-03 14:24:27 | DEBUG    | [20240820] 1 trades, day P&L=$+21, equity=$111,669
2026-04-03 14:24:27 | DEBUG    | [20240823] 1 trades, day P&L=$+21, equity=$111,690
2026-04-03 14:24:27 | DEBUG    | [20240829] 1 trades, day P&L=$+161, equity=$111,851
2026-04-03 14:24:27 | DEBUG    | [20240830] 1 trades, day P&L=$+56, equity=$111,907
2026-04-03 14:24:27 | DEBUG    | [20240903] 1 trades, day P&L=$+301, equity=$112,208
2026-04-03 14:24:27 | DEBUG    | [20240905] 1 trades, day P&L=$+21, equity=$112,229
2026-04-03 14:24:27 | DEBUG    | [20240906] 1 trades, day P&L=$+161, equity=$112,390
2026-04-03 14:24:27 | DEBUG    | [20240913] 1 trades, day P&L=$+21, equity=$112,411
2026-04-03 14:24:27 | DEBUG    | [20240919] 2 trades, day P&L=$+77, equity=$112,488
2026-04-03 14:24:27 | DEBUG    | [20240930] 1 trades, day P&L=$+336, equity=$112,824
2026-04-03 14:24:27 | DEBUG    | [20241001] 1 trades, day P&L=$+126, equity=$112,950
2026-04-03 14:24:27 | DEBUG    | [20241010] 1 trades, day P&L=$+21, equity=$112,971
2026-04-03 14:24:27 | DEBUG    | [20241025] 1 trades, day P&L=$+21, equity=$112,992
2026-04-03 14:24:27 | DEBUG    | [20241031] 1 trades, day P&L=$+21, equity=$113,013
2026-04-03 14:24:27 | DEBUG    | [20241104] 1 trades, day P&L=$+21, equity=$113,034
2026-04-03 14:24:27 | DEBUG    | [20241115] 1 trades, day P&L=$+21, equity=$113,055
2026-04-03 14:24:27 | DEBUG    | [20241220] 1 trades, day P&L=$+336, equity=$113,391
2026-04-03 14:24:27 | DEBUG    | [20241227] 1 trades, day P&L=$+56, equity=$113,447
2026-04-03 14:24:27 | DEBUG    | [20241230] 2 trades, day P&L=$+147, equity=$113,594
2026-04-03 14:24:27 | DEBUG    | [20241231] 1 trades, day P&L=$+336, equity=$113,930
2026-04-03 14:24:27 | DEBUG    | [20250102] 1 trades, day P&L=$+161, equity=$114,091
2026-04-03 14:24:27 | DEBUG    | [20250107] 1 trades, day P&L=$+126, equity=$114,217
2026-04-03 14:24:27 | DEBUG    | [20250110] 1 trades, day P&L=$+21, equity=$114,238
2026-04-03 14:24:27 | DEBUG    | [20250127] 1 trades, day P&L=$+21, equity=$114,259
2026-04-03 14:24:27 | DEBUG    | [20250131] 1 trades, day P&L=$+371, equity=$114,630
2026-04-03 14:24:27 | DEBUG    | [20250203] 1 trades, day P&L=$+126, equity=$114,756
2026-04-03 14:24:27 | DEBUG    | [20250207] 1 trades, day P&L=$+21, equity=$114,777
2026-04-03 14:24:27 | DEBUG    | [20250221] 1 trades, day P&L=$+21, equity=$114,798
2026-04-03 14:24:27 | DEBUG    | [20250225] 1 trades, day P&L=$+126, equity=$114,924
2026-04-03 14:24:27 | DEBUG    | [20250227] 1 trades, day P&L=$+126, equity=$115,050
2026-04-03 14:24:27 | DEBUG    | [20250306] 1 trades, day P&L=$+791, equity=$115,841
2026-04-03 14:24:27 | DEBUG    | [20250310] 1 trades, day P&L=$+581, equity=$116,422
2026-04-03 14:24:27 | DEBUG    | [20250313] 1 trades, day P&L=$+56, equity=$116,478
2026-04-03 14:24:27 | DEBUG    | [20250314] 1 trades, day P&L=$+126, equity=$116,604
2026-04-03 14:24:27 | DEBUG    | [20250318] 1 trades, day P&L=$+21, equity=$116,625
2026-04-03 14:24:27 | DEBUG    | [20250321] 1 trades, day P&L=$+21, equity=$116,646
2026-04-03 14:24:27 | DEBUG    | [20250327] 2 trades, day P&L=$+42, equity=$116,688
2026-04-03 14:24:27 | DEBUG    | [20250328] 1 trades, day P&L=$+21, equity=$116,709
2026-04-03 14:24:27 | DEBUG    | [20250401] 1 trades, day P&L=$+21, equity=$116,730
2026-04-03 14:24:27 | DEBUG    | [20250403] 1 trades, day P&L=$+441, equity=$117,171
2026-04-03 14:24:27 | DEBUG    | [20250415] 2 trades, day P&L=$+77, equity=$117,248
2026-04-03 14:24:27 | DEBUG    | [20250421] 1 trades, day P&L=$+371, equity=$117,619
2026-04-03 14:24:27 | DEBUG    | [20250428] 2 trades, day P&L=$+147, equity=$117,766
2026-04-03 14:24:27 | DEBUG    | [20250501] 2 trades, day P&L=$-518, equity=$117,248
2026-04-03 14:24:27 | DEBUG    | [20250502] 1 trades, day P&L=$+21, equity=$117,269
2026-04-03 14:24:27 | DEBUG    | [20250505] 1 trades, day P&L=$+56, equity=$117,325
2026-04-03 14:24:27 | DEBUG    | [20250506] 1 trades, day P&L=$+91, equity=$117,416
2026-04-03 14:24:27 | DEBUG    | [20250508] 2 trades, day P&L=$+462, equity=$117,878
2026-04-03 14:24:27 | DEBUG    | [20250509] 1 trades, day P&L=$+21, equity=$117,899
2026-04-03 14:24:27 | DEBUG    | [20250512] 1 trades, day P&L=$+91, equity=$117,990
2026-04-03 14:24:27 | DEBUG    | [20250523] 1 trades, day P&L=$+161, equity=$118,151
2026-04-03 14:24:27 | DEBUG    | [20250529] 1 trades, day P&L=$+91, equity=$118,242
2026-04-03 14:24:27 | DEBUG    | [20250530] 2 trades, day P&L=$+847, equity=$119,089
2026-04-03 14:24:27 | DEBUG    | [20250605] 1 trades, day P&L=$+91, equity=$119,180
2026-04-03 14:24:27 | DEBUG    | [20250613] 1 trades, day P&L=$+91, equity=$119,271
2026-04-03 14:24:27 | DEBUG    | [20250623] 1 trades, day P&L=$+21, equity=$119,292
2026-04-03 14:24:27 | DEBUG    | [20250630] 1 trades, day P&L=$+21, equity=$119,313
2026-04-03 14:24:27 | DEBUG    | [20250731] 1 trades, day P&L=$+126, equity=$119,439
2026-04-03 14:24:27 | DEBUG    | [20250801] 1 trades, day P&L=$+21, equity=$119,460
2026-04-03 14:24:27 | DEBUG    | [20250811] 1 trades, day P&L=$+21, equity=$119,481
2026-04-03 14:24:28 | DEBUG    | [20250930] 1 trades, day P&L=$+21, equity=$119,502
2026-04-03 14:24:28 | DEBUG    | [20251010] 1 trades, day P&L=$+756, equity=$120,258
2026-04-03 14:24:28 | DEBUG    | [20251016] 1 trades, day P&L=$+161, equity=$120,419
2026-04-03 14:24:28 | DEBUG    | [20251031] 1 trades, day P&L=$+56, equity=$120,475
2026-04-03 14:24:28 | DEBUG    | [20251106] 1 trades, day P&L=$+56, equity=$120,531
2026-04-03 14:24:28 | DEBUG    | [20251107] 1 trades, day P&L=$+21, equity=$120,552
2026-04-03 14:24:28 | DEBUG    | [20251113] 1 trades, day P&L=$+91, equity=$120,643
2026-04-03 14:24:28 | DEBUG    | [20251117] 1 trades, day P&L=$+91, equity=$120,734
2026-04-03 14:24:28 | DEBUG    | [20251118] 2 trades, day P&L=$+112, equity=$120,846
2026-04-03 14:24:28 | DEBUG    | [20251120] 1 trades, day P&L=$+301, equity=$121,147
2026-04-03 14:24:28 | DEBUG    | [20251218] 2 trades, day P&L=$+217, equity=$121,364
2026-04-03 14:24:28 | DEBUG    | [20260120] 1 trades, day P&L=$+21, equity=$121,385
2026-04-03 14:24:28 | DEBUG    | [20260130] 2 trades, day P&L=$+147, equity=$121,532
2026-04-03 14:24:28 | DEBUG    | [20260205] 1 trades, day P&L=$+161, equity=$121,693
2026-04-03 14:24:28 | DEBUG    | [20260206] 1 trades, day P&L=$+91, equity=$121,784
2026-04-03 14:24:28 | DEBUG    | [20260212] 1 trades, day P&L=$+126, equity=$121,910
2026-04-03 14:24:28 | DEBUG    | [20260227] 2 trades, day P&L=$+112, equity=$122,022
2026-04-03 14:24:28 | DEBUG    | [20260302] 1 trades, day P&L=$+56, equity=$122,078
2026-04-03 14:24:28 | DEBUG    | [20260303] 1 trades, day P&L=$+91, equity=$122,169
2026-04-03 14:24:28 | DEBUG    | [20260305] 1 trades, day P&L=$+91, equity=$122,260
2026-04-03 14:24:28 | DEBUG    | [20260306] 1 trades, day P&L=$+161, equity=$122,421
2026-04-03 14:24:28 | DEBUG    | [20260309] 1 trades, day P&L=$+91, equity=$122,512
2026-04-03 14:24:28 | DEBUG    | [20260310] 2 trades, day P&L=$+112, equity=$122,624
2026-04-03 14:24:28 | DEBUG    | [20260320] 1 trades, day P&L=$+91, equity=$122,715
2026-04-03 14:24:28 | DEBUG    | [20260324] 1 trades, day P&L=$+21, equity=$122,736
2026-04-03 14:24:28 | INFO     | ============================================================
2026-04-03 14:24:28 | INFO     | SKIP REASONS:
2026-04-03 14:24:28 | INFO     |   dow_filter          : 192
2026-04-03 14:24:28 | INFO     |   early_close         : 6
2026-04-03 14:24:28 | INFO     |   no_quotes           : 21
2026-04-03 14:24:28 | INFO     |   prior_return        : 147
2026-04-03 14:24:28 | INFO     |   TOTAL TRADES        : 222
2026-04-03 14:24:28 | INFO     | ============================================================
2026-04-03 14:24:28 | INFO     | [ITER 223] simple_q7 → FINAL | P&L=$22,736, Sharpe=10.82, DD=$-574
2026-04-03 14:24:28 | DEBUG    | [20220110] 2 trades, day P&L=$+42, equity=$100,042
2026-04-03 14:24:28 | DEBUG    | [20220114] 1 trades, day P&L=$+91, equity=$100,133
2026-04-03 14:24:28 | DEBUG    | [20220118] 2 trades, day P&L=$+147, equity=$100,280
2026-04-03 14:24:28 | DEBUG    | [20220121] 2 trades, day P&L=$+427, equity=$100,707
2026-04-03 14:24:28 | DEBUG    | [20220128] 2 trades, day P&L=$+392, equity=$101,099
2026-04-03 14:24:28 | DEBUG    | [20220207] 2 trades, day P&L=$+252, equity=$101,351
2026-04-03 14:24:28 | DEBUG    | [20220222] 2 trades, day P&L=$+532, equity=$101,883
2026-04-03 14:24:28 | DEBUG    | [20220225] 2 trades, day P&L=$+182, equity=$102,065
2026-04-03 14:24:28 | DEBUG    | [20220304] 2 trades, day P&L=$+182, equity=$102,247
2026-04-03 14:24:28 | DEBUG    | [20220307] 2 trades, day P&L=$+287, equity=$102,534
2026-04-03 14:24:28 | DEBUG    | [20220311] 2 trades, day P&L=$+322, equity=$102,856
2026-04-03 14:24:28 | DEBUG    | [20220314] 2 trades, day P&L=$+217, equity=$103,073
2026-04-03 14:24:28 | DEBUG    | [20220318] 1 trades, day P&L=$+21, equity=$103,094
2026-04-03 14:24:28 | DEBUG    | [20220331] 2 trades, day P&L=$+812, equity=$103,906
2026-04-03 14:24:28 | DEBUG    | [20220408] 2 trades, day P&L=$+42, equity=$103,948
2026-04-03 14:24:28 | DEBUG    | [20220414] 1 trades, day P&L=$+21, equity=$103,969
2026-04-03 14:24:28 | DEBUG    | [20220418] 1 trades, day P&L=$+21, equity=$103,990
2026-04-03 14:24:28 | DEBUG    | [20220422] 2 trades, day P&L=$+812, equity=$104,802
2026-04-03 14:24:28 | DEBUG    | [20220426] 2 trades, day P&L=$+322, equity=$105,124
2026-04-03 14:24:28 | DEBUG    | [20220503] 1 trades, day P&L=$+91, equity=$105,215
2026-04-03 14:24:28 | DEBUG    | [20220509] 2 trades, day P&L=$+1092, equity=$106,307
2026-04-03 14:24:28 | DEBUG    | [20220513] 2 trades, day P&L=$+532, equity=$106,839
2026-04-03 14:24:28 | DEBUG    | [20220517] 1 trades, day P&L=$+21, equity=$106,860
2026-04-03 14:24:28 | DEBUG    | [20220520] 2 trades, day P&L=$+357, equity=$107,217
2026-04-03 14:24:28 | DEBUG    | [20220526] 1 trades, day P&L=$+56, equity=$107,273
2026-04-03 14:24:28 | DEBUG    | [20220602] 1 trades, day P&L=$+21, equity=$107,294
2026-04-03 14:24:28 | DEBUG    | [20220609] 1 trades, day P&L=$+21, equity=$107,315
2026-04-03 14:24:28 | DEBUG    | [20220616] 2 trades, day P&L=$+42, equity=$107,357
2026-04-03 14:24:28 | DEBUG    | [20220623] 1 trades, day P&L=$+21, equity=$107,378
2026-04-03 14:24:28 | DEBUG    | [20220624] 1 trades, day P&L=$+21, equity=$107,399
2026-04-03 14:24:28 | DEBUG    | [20220628] 1 trades, day P&L=$+21, equity=$107,420
2026-04-03 14:24:28 | DEBUG    | [20220630] 2 trades, day P&L=$-399, equity=$107,021
2026-04-03 14:24:28 | DEBUG    | [20220705] 2 trades, day P&L=$+42, equity=$107,063
2026-04-03 14:24:28 | DEBUG    | [20220707] 1 trades, day P&L=$+21, equity=$107,084
2026-04-03 14:24:28 | DEBUG    | [20220719] 1 trades, day P&L=$+21, equity=$107,105
2026-04-03 14:24:29 | DEBUG    | [20220902] 2 trades, day P&L=$+147, equity=$107,252
2026-04-03 14:24:29 | DEBUG    | [20220913] 2 trades, day P&L=$+77, equity=$107,329
2026-04-03 14:24:29 | DEBUG    | [20220915] 2 trades, day P&L=$+182, equity=$107,511
2026-04-03 14:24:29 | DEBUG    | [20220916] 2 trades, day P&L=$+147, equity=$107,658
2026-04-03 14:24:29 | DEBUG    | [20220923] 2 trades, day P&L=$+182, equity=$107,840
2026-04-03 14:24:29 | DEBUG    | [20220927] 2 trades, day P&L=$+182, equity=$108,022
2026-04-03 14:24:29 | DEBUG    | [20221003] 1 trades, day P&L=$+21, equity=$108,043
2026-04-03 14:24:29 | DEBUG    | [20221006] 1 trades, day P&L=$+91, equity=$108,134
2026-04-03 14:24:29 | DEBUG    | [20221007] 2 trades, day P&L=$+357, equity=$108,491
2026-04-03 14:24:29 | DEBUG    | [20221011] 1 trades, day P&L=$+21, equity=$108,512
2026-04-03 14:24:29 | DEBUG    | [20221013] 2 trades, day P&L=$+252, equity=$108,764
2026-04-03 14:24:29 | DEBUG    | [20221020] 2 trades, day P&L=$+42, equity=$108,806
2026-04-03 14:24:29 | DEBUG    | [20221021] 1 trades, day P&L=$+21, equity=$108,827
2026-04-03 14:24:29 | DEBUG    | [20221115] 1 trades, day P&L=$+56, equity=$108,883
2026-04-03 14:24:29 | DEBUG    | [20221118] 1 trades, day P&L=$+21, equity=$108,904
2026-04-03 14:24:29 | DEBUG    | [20221209] 1 trades, day P&L=$+21, equity=$108,925
2026-04-03 14:24:29 | DEBUG    | [20221213] 1 trades, day P&L=$+21, equity=$108,946
2026-04-03 14:24:29 | DEBUG    | [20221215] 1 trades, day P&L=$+21, equity=$108,967
2026-04-03 14:24:29 | DEBUG    | [20230202] 1 trades, day P&L=$+21, equity=$108,988
2026-04-03 14:24:29 | DEBUG    | [20230203] 2 trades, day P&L=$+42, equity=$109,030
2026-04-03 14:24:29 | DEBUG    | [20230309] 2 trades, day P&L=$+112, equity=$109,142
2026-04-03 14:24:29 | DEBUG    | [20230313] 1 trades, day P&L=$+126, equity=$109,268
2026-04-03 14:24:29 | DEBUG    | [20230316] 2 trades, day P&L=$+112, equity=$109,380
2026-04-03 14:24:29 | DEBUG    | [20230331] 2 trades, day P&L=$+77, equity=$109,457
2026-04-03 14:24:29 | DEBUG    | [20230707] 1 trades, day P&L=$+56, equity=$109,513
2026-04-03 14:24:30 | DEBUG    | [20230825] 1 trades, day P&L=$+21, equity=$109,534
2026-04-03 14:24:30 | DEBUG    | [20230929] 1 trades, day P&L=$+56, equity=$109,590
2026-04-03 14:24:30 | DEBUG    | [20231019] 1 trades, day P&L=$+21, equity=$109,611
2026-04-03 14:24:30 | DEBUG    | [20240216] 1 trades, day P&L=$+21, equity=$109,632
2026-04-03 14:24:30 | DEBUG    | [20240328] 1 trades, day P&L=$+56, equity=$109,688
2026-04-03 14:24:30 | DEBUG    | [20240404] 1 trades, day P&L=$+56, equity=$109,744
2026-04-03 14:24:30 | DEBUG    | [20240412] 1 trades, day P&L=$+21, equity=$109,765
2026-04-03 14:24:30 | DEBUG    | [20240415] 1 trades, day P&L=$+21, equity=$109,786
2026-04-03 14:24:30 | DEBUG    | [20240416] 2 trades, day P&L=$+112, equity=$109,898
2026-04-03 14:24:30 | DEBUG    | [20240418] 1 trades, day P&L=$+21, equity=$109,919
2026-04-03 14:24:30 | DEBUG    | [20240419] 1 trades, day P&L=$+21, equity=$109,940
2026-04-03 14:24:30 | DEBUG    | [20240422] 1 trades, day P&L=$+21, equity=$109,961
2026-04-03 14:24:30 | DEBUG    | [20240531] 1 trades, day P&L=$+56, equity=$110,017
2026-04-03 14:24:30 | DEBUG    | [20240607] 1 trades, day P&L=$+21, equity=$110,038
2026-04-03 14:24:30 | DEBUG    | [20240627] 1 trades, day P&L=$+21, equity=$110,059
2026-04-03 14:24:30 | DEBUG    | [20240628] 1 trades, day P&L=$+161, equity=$110,220
2026-04-03 14:24:30 | DEBUG    | [20240712] 1 trades, day P&L=$+56, equity=$110,276
2026-04-03 14:24:30 | DEBUG    | [20240715] 1 trades, day P&L=$+21, equity=$110,297
2026-04-03 14:24:30 | DEBUG    | [20240718] 1 trades, day P&L=$+161, equity=$110,458
2026-04-03 14:24:30 | DEBUG    | [20240719] 1 trades, day P&L=$+56, equity=$110,514
2026-04-03 14:24:30 | DEBUG    | [20240726] 2 trades, day P&L=$+497, equity=$111,011
2026-04-03 14:24:31 | DEBUG    | [20240729] 1 trades, day P&L=$+21, equity=$111,032
2026-04-03 14:24:31 | DEBUG    | [20240730] 1 trades, day P&L=$+56, equity=$111,088
2026-04-03 14:24:31 | DEBUG    | [20240802] 1 trades, day P&L=$+301, equity=$111,389
2026-04-03 14:24:31 | DEBUG    | [20240808] 1 trades, day P&L=$+21, equity=$111,410
2026-04-03 14:24:31 | DEBUG    | [20240812] 2 trades, day P&L=$+217, equity=$111,627
2026-04-03 14:24:31 | DEBUG    | [20240813] 1 trades, day P&L=$+21, equity=$111,648
2026-04-03 14:24:31 | DEBUG    | [20240820] 1 trades, day P&L=$+21, equity=$111,669
2026-04-03 14:24:31 | DEBUG    | [20240823] 1 trades, day P&L=$+21, equity=$111,690
2026-04-03 14:24:31 | DEBUG    | [20240829] 1 trades, day P&L=$+161, equity=$111,851
2026-04-03 14:24:31 | DEBUG    | [20240830] 1 trades, day P&L=$+56, equity=$111,907
2026-04-03 14:24:31 | DEBUG    | [20240903] 1 trades, day P&L=$+301, equity=$112,208
2026-04-03 14:24:31 | DEBUG    | [20240905] 1 trades, day P&L=$+21, equity=$112,229
2026-04-03 14:24:31 | DEBUG    | [20240906] 1 trades, day P&L=$+161, equity=$112,390
2026-04-03 14:24:31 | DEBUG    | [20240913] 1 trades, day P&L=$+21, equity=$112,411
2026-04-03 14:24:31 | DEBUG    | [20240919] 2 trades, day P&L=$+77, equity=$112,488
2026-04-03 14:24:31 | DEBUG    | [20240930] 1 trades, day P&L=$+336, equity=$112,824
2026-04-03 14:24:31 | DEBUG    | [20241001] 1 trades, day P&L=$+126, equity=$112,950
2026-04-03 14:24:31 | DEBUG    | [20241010] 1 trades, day P&L=$+21, equity=$112,971
2026-04-03 14:24:31 | DEBUG    | [20241025] 1 trades, day P&L=$+21, equity=$112,992
2026-04-03 14:24:31 | DEBUG    | [20241031] 1 trades, day P&L=$+21, equity=$113,013
2026-04-03 14:24:31 | DEBUG    | [20241104] 1 trades, day P&L=$+21, equity=$113,034
2026-04-03 14:24:31 | DEBUG    | [20241115] 1 trades, day P&L=$+21, equity=$113,055
2026-04-03 14:24:31 | DEBUG    | [20241220] 1 trades, day P&L=$+336, equity=$113,391
2026-04-03 14:24:31 | DEBUG    | [20241227] 1 trades, day P&L=$+56, equity=$113,447
2026-04-03 14:24:31 | DEBUG    | [20241230] 2 trades, day P&L=$+147, equity=$113,594
2026-04-03 14:24:31 | DEBUG    | [20241231] 1 trades, day P&L=$+336, equity=$113,930
2026-04-03 14:24:31 | INFO     | ============================================================
2026-04-03 14:24:31 | INFO     | SKIP REASONS:
2026-04-03 14:24:31 | INFO     |   dow_filter          : 133
2026-04-03 14:24:31 | INFO     |   early_close         : 4
2026-04-03 14:24:31 | INFO     |   no_quotes           : 21
2026-04-03 14:24:31 | INFO     |   prior_return        : 109
2026-04-03 14:24:31 | INFO     |   TOTAL TRADES        : 146
2026-04-03 14:24:31 | INFO     | ============================================================
2026-04-03 14:24:31 | DEBUG    | [20250102] 1 trades, day P&L=$+161, equity=$100,161
2026-04-03 14:24:31 | DEBUG    | [20250107] 1 trades, day P&L=$+126, equity=$100,287
2026-04-03 14:24:31 | DEBUG    | [20250110] 1 trades, day P&L=$+21, equity=$100,308
2026-04-03 14:24:31 | DEBUG    | [20250127] 1 trades, day P&L=$+21, equity=$100,329
2026-04-03 14:24:31 | DEBUG    | [20250131] 1 trades, day P&L=$+371, equity=$100,700
2026-04-03 14:24:31 | DEBUG    | [20250203] 1 trades, day P&L=$+126, equity=$100,826
2026-04-03 14:24:31 | DEBUG    | [20250207] 1 trades, day P&L=$+21, equity=$100,847
2026-04-03 14:24:31 | DEBUG    | [20250221] 1 trades, day P&L=$+21, equity=$100,868
2026-04-03 14:24:31 | DEBUG    | [20250225] 1 trades, day P&L=$+126, equity=$100,994
2026-04-03 14:24:31 | DEBUG    | [20250227] 1 trades, day P&L=$+126, equity=$101,120
2026-04-03 14:24:31 | DEBUG    | [20250306] 1 trades, day P&L=$+791, equity=$101,911
2026-04-03 14:24:31 | DEBUG    | [20250310] 1 trades, day P&L=$+581, equity=$102,492
2026-04-03 14:24:31 | DEBUG    | [20250313] 1 trades, day P&L=$+56, equity=$102,548
2026-04-03 14:24:31 | DEBUG    | [20250314] 1 trades, day P&L=$+126, equity=$102,674
2026-04-03 14:24:31 | DEBUG    | [20250318] 1 trades, day P&L=$+21, equity=$102,695
2026-04-03 14:24:31 | DEBUG    | [20250321] 1 trades, day P&L=$+21, equity=$102,716
2026-04-03 14:24:31 | DEBUG    | [20250327] 2 trades, day P&L=$+42, equity=$102,758
2026-04-03 14:24:31 | DEBUG    | [20250328] 1 trades, day P&L=$+21, equity=$102,779
2026-04-03 14:24:31 | DEBUG    | [20250401] 1 trades, day P&L=$+21, equity=$102,800
2026-04-03 14:24:31 | DEBUG    | [20250403] 1 trades, day P&L=$+441, equity=$103,241
2026-04-03 14:24:31 | DEBUG    | [20250415] 2 trades, day P&L=$+77, equity=$103,318
2026-04-03 14:24:31 | DEBUG    | [20250421] 1 trades, day P&L=$+371, equity=$103,689
2026-04-03 14:24:31 | DEBUG    | [20250428] 2 trades, day P&L=$+147, equity=$103,836
2026-04-03 14:24:31 | DEBUG    | [20250501] 2 trades, day P&L=$-518, equity=$103,318
2026-04-03 14:24:31 | DEBUG    | [20250502] 1 trades, day P&L=$+21, equity=$103,339
2026-04-03 14:24:31 | DEBUG    | [20250505] 1 trades, day P&L=$+56, equity=$103,395
2026-04-03 14:24:31 | DEBUG    | [20250506] 1 trades, day P&L=$+91, equity=$103,486
2026-04-03 14:24:31 | DEBUG    | [20250508] 2 trades, day P&L=$+462, equity=$103,948
2026-04-03 14:24:31 | DEBUG    | [20250509] 1 trades, day P&L=$+21, equity=$103,969
2026-04-03 14:24:31 | DEBUG    | [20250512] 1 trades, day P&L=$+91, equity=$104,060
2026-04-03 14:24:31 | DEBUG    | [20250523] 1 trades, day P&L=$+161, equity=$104,221
2026-04-03 14:24:31 | DEBUG    | [20250529] 1 trades, day P&L=$+91, equity=$104,312
2026-04-03 14:24:31 | DEBUG    | [20250530] 2 trades, day P&L=$+847, equity=$105,159
2026-04-03 14:24:31 | DEBUG    | [20250605] 1 trades, day P&L=$+91, equity=$105,250
2026-04-03 14:24:31 | DEBUG    | [20250613] 1 trades, day P&L=$+91, equity=$105,341
2026-04-03 14:24:31 | DEBUG    | [20250623] 1 trades, day P&L=$+21, equity=$105,362
2026-04-03 14:24:31 | DEBUG    | [20250630] 1 trades, day P&L=$+21, equity=$105,383
2026-04-03 14:24:31 | DEBUG    | [20250731] 1 trades, day P&L=$+126, equity=$105,509
2026-04-03 14:24:31 | DEBUG    | [20250801] 1 trades, day P&L=$+21, equity=$105,530
2026-04-03 14:24:31 | DEBUG    | [20250811] 1 trades, day P&L=$+21, equity=$105,551
2026-04-03 14:24:32 | DEBUG    | [20250930] 1 trades, day P&L=$+21, equity=$105,572
2026-04-03 14:24:32 | DEBUG    | [20251010] 1 trades, day P&L=$+756, equity=$106,328
2026-04-03 14:24:32 | DEBUG    | [20251016] 1 trades, day P&L=$+161, equity=$106,489
2026-04-03 14:24:32 | DEBUG    | [20251031] 1 trades, day P&L=$+56, equity=$106,545
2026-04-03 14:24:32 | DEBUG    | [20251106] 1 trades, day P&L=$+56, equity=$106,601
2026-04-03 14:24:32 | DEBUG    | [20251107] 1 trades, day P&L=$+21, equity=$106,622
2026-04-03 14:24:32 | DEBUG    | [20251113] 1 trades, day P&L=$+91, equity=$106,713
2026-04-03 14:24:32 | DEBUG    | [20251117] 1 trades, day P&L=$+91, equity=$106,804
2026-04-03 14:24:32 | DEBUG    | [20251118] 2 trades, day P&L=$+112, equity=$106,916
2026-04-03 14:24:32 | DEBUG    | [20251120] 1 trades, day P&L=$+301, equity=$107,217
2026-04-03 14:24:32 | DEBUG    | [20251218] 2 trades, day P&L=$+217, equity=$107,434
2026-04-03 14:24:32 | DEBUG    | [20260120] 1 trades, day P&L=$+21, equity=$107,455
2026-04-03 14:24:32 | DEBUG    | [20260130] 2 trades, day P&L=$+147, equity=$107,602
2026-04-03 14:24:32 | DEBUG    | [20260205] 1 trades, day P&L=$+161, equity=$107,763
2026-04-03 14:24:32 | DEBUG    | [20260206] 1 trades, day P&L=$+91, equity=$107,854
2026-04-03 14:24:32 | DEBUG    | [20260212] 1 trades, day P&L=$+126, equity=$107,980
2026-04-03 14:24:32 | DEBUG    | [20260227] 2 trades, day P&L=$+112, equity=$108,092
2026-04-03 14:24:32 | DEBUG    | [20260302] 1 trades, day P&L=$+56, equity=$108,148
2026-04-03 14:24:32 | DEBUG    | [20260303] 1 trades, day P&L=$+91, equity=$108,239
2026-04-03 14:24:32 | DEBUG    | [20260305] 1 trades, day P&L=$+91, equity=$108,330
2026-04-03 14:24:32 | DEBUG    | [20260306] 1 trades, day P&L=$+161, equity=$108,491
2026-04-03 14:24:32 | DEBUG    | [20260309] 1 trades, day P&L=$+91, equity=$108,582
2026-04-03 14:24:32 | DEBUG    | [20260310] 2 trades, day P&L=$+112, equity=$108,694
2026-04-03 14:24:32 | DEBUG    | [20260320] 1 trades, day P&L=$+91, equity=$108,785
2026-04-03 14:24:32 | DEBUG    | [20260324] 1 trades, day P&L=$+21, equity=$108,806
2026-04-03 14:24:32 | INFO     | ============================================================
2026-04-03 14:24:32 | INFO     | SKIP REASONS:
2026-04-03 14:24:32 | INFO     |   dow_filter          : 59
2026-04-03 14:24:32 | INFO     |   early_close         : 2
2026-04-03 14:24:32 | INFO     |   prior_return        : 38
2026-04-03 14:24:32 | INFO     |   TOTAL TRADES        : 76
2026-04-03 14:24:32 | INFO     | ============================================================
2026-04-03 14:24:32 | DEBUG    | [20220110] 2 trades, day P&L=$+42, equity=$100,042
2026-04-03 14:24:32 | DEBUG    | [20220114] 1 trades, day P&L=$+91, equity=$100,133
2026-04-03 14:24:32 | DEBUG    | [20220118] 2 trades, day P&L=$+147, equity=$100,280
2026-04-03 14:24:32 | DEBUG    | [20220121] 2 trades, day P&L=$+427, equity=$100,707
2026-04-03 14:24:32 | DEBUG    | [20220128] 2 trades, day P&L=$+392, equity=$101,099
2026-04-03 14:24:32 | DEBUG    | [20220207] 2 trades, day P&L=$+252, equity=$101,351
2026-04-03 14:24:32 | DEBUG    | [20220222] 2 trades, day P&L=$+532, equity=$101,883
2026-04-03 14:24:32 | DEBUG    | [20220225] 2 trades, day P&L=$+182, equity=$102,065
2026-04-03 14:24:32 | DEBUG    | [20220304] 2 trades, day P&L=$+182, equity=$102,247
2026-04-03 14:24:32 | DEBUG    | [20220307] 2 trades, day P&L=$+287, equity=$102,534
2026-04-03 14:24:32 | DEBUG    | [20220311] 2 trades, day P&L=$+322, equity=$102,856
2026-04-03 14:24:32 | DEBUG    | [20220314] 2 trades, day P&L=$+217, equity=$103,073
2026-04-03 14:24:32 | DEBUG    | [20220318] 1 trades, day P&L=$+21, equity=$103,094
2026-04-03 14:24:32 | DEBUG    | [20220408] 2 trades, day P&L=$+42, equity=$103,136
2026-04-03 14:24:32 | DEBUG    | [20220418] 1 trades, day P&L=$+21, equity=$103,157
2026-04-03 14:24:32 | DEBUG    | [20220422] 2 trades, day P&L=$+812, equity=$103,969
2026-04-03 14:24:32 | DEBUG    | [20220426] 2 trades, day P&L=$+322, equity=$104,291
2026-04-03 14:24:32 | DEBUG    | [20220503] 1 trades, day P&L=$+91, equity=$104,382
2026-04-03 14:24:32 | DEBUG    | [20220509] 2 trades, day P&L=$+1092, equity=$105,474
2026-04-03 14:24:32 | DEBUG    | [20220513] 2 trades, day P&L=$+532, equity=$106,006
2026-04-03 14:24:32 | DEBUG    | [20220517] 1 trades, day P&L=$+21, equity=$106,027
2026-04-03 14:24:32 | DEBUG    | [20220520] 2 trades, day P&L=$+357, equity=$106,384
2026-04-03 14:24:32 | DEBUG    | [20220624] 1 trades, day P&L=$+21, equity=$106,405
2026-04-03 14:24:32 | DEBUG    | [20220628] 1 trades, day P&L=$+21, equity=$106,426
2026-04-03 14:24:32 | DEBUG    | [20220705] 2 trades, day P&L=$+42, equity=$106,468
2026-04-03 14:24:32 | DEBUG    | [20220719] 1 trades, day P&L=$+21, equity=$106,489
2026-04-03 14:24:32 | DEBUG    | [20220902] 2 trades, day P&L=$+147, equity=$106,636
2026-04-03 14:24:32 | DEBUG    | [20220913] 2 trades, day P&L=$+77, equity=$106,713
2026-04-03 14:24:32 | DEBUG    | [20220916] 2 trades, day P&L=$+147, equity=$106,860
2026-04-03 14:24:32 | DEBUG    | [20220923] 2 trades, day P&L=$+182, equity=$107,042
2026-04-03 14:24:32 | DEBUG    | [20220927] 2 trades, day P&L=$+182, equity=$107,224
2026-04-03 14:24:32 | DEBUG    | [20221003] 1 trades, day P&L=$+21, equity=$107,245
2026-04-03 14:24:32 | DEBUG    | [20221007] 2 trades, day P&L=$+357, equity=$107,602
2026-04-03 14:24:32 | DEBUG    | [20221011] 1 trades, day P&L=$+21, equity=$107,623
2026-04-03 14:24:33 | DEBUG    | [20221021] 1 trades, day P&L=$+21, equity=$107,644
2026-04-03 14:24:33 | DEBUG    | [20221115] 1 trades, day P&L=$+56, equity=$107,700
2026-04-03 14:24:33 | DEBUG    | [20221118] 1 trades, day P&L=$+21, equity=$107,721
2026-04-03 14:24:33 | DEBUG    | [20221209] 1 trades, day P&L=$+21, equity=$107,742
2026-04-03 14:24:33 | DEBUG    | [20221213] 1 trades, day P&L=$+21, equity=$107,763
2026-04-03 14:24:33 | DEBUG    | [20230203] 2 trades, day P&L=$+42, equity=$107,805
2026-04-03 14:24:33 | DEBUG    | [20230313] 1 trades, day P&L=$+126, equity=$107,931
2026-04-03 14:24:33 | DEBUG    | [20230331] 2 trades, day P&L=$+77, equity=$108,008
2026-04-03 14:24:33 | DEBUG    | [20230707] 1 trades, day P&L=$+56, equity=$108,064
2026-04-03 14:24:33 | DEBUG    | [20230825] 1 trades, day P&L=$+21, equity=$108,085
2026-04-03 14:24:33 | DEBUG    | [20230929] 1 trades, day P&L=$+56, equity=$108,141
2026-04-03 14:24:34 | DEBUG    | [20240216] 1 trades, day P&L=$+21, equity=$108,162
2026-04-03 14:24:34 | DEBUG    | [20240412] 1 trades, day P&L=$+21, equity=$108,183
2026-04-03 14:24:34 | DEBUG    | [20240415] 1 trades, day P&L=$+21, equity=$108,204
2026-04-03 14:24:34 | DEBUG    | [20240416] 2 trades, day P&L=$+112, equity=$108,316
2026-04-03 14:24:34 | DEBUG    | [20240419] 1 trades, day P&L=$+21, equity=$108,337
2026-04-03 14:24:34 | DEBUG    | [20240422] 1 trades, day P&L=$+21, equity=$108,358
2026-04-03 14:24:34 | DEBUG    | [20240531] 1 trades, day P&L=$+56, equity=$108,414
2026-04-03 14:24:34 | DEBUG    | [20240607] 1 trades, day P&L=$+21, equity=$108,435
2026-04-03 14:24:34 | DEBUG    | [20240628] 1 trades, day P&L=$+161, equity=$108,596
2026-04-03 14:24:34 | DEBUG    | [20240712] 1 trades, day P&L=$+56, equity=$108,652
2026-04-03 14:24:34 | DEBUG    | [20240715] 1 trades, day P&L=$+21, equity=$108,673
2026-04-03 14:24:34 | DEBUG    | [20240719] 1 trades, day P&L=$+56, equity=$108,729
2026-04-03 14:24:34 | DEBUG    | [20240726] 2 trades, day P&L=$+497, equity=$109,226
2026-04-03 14:24:34 | DEBUG    | [20240729] 1 trades, day P&L=$+21, equity=$109,247
2026-04-03 14:24:34 | DEBUG    | [20240730] 1 trades, day P&L=$+56, equity=$109,303
2026-04-03 14:24:34 | DEBUG    | [20240802] 1 trades, day P&L=$+301, equity=$109,604
2026-04-03 14:24:34 | DEBUG    | [20240812] 2 trades, day P&L=$+217, equity=$109,821
2026-04-03 14:24:34 | DEBUG    | [20240813] 1 trades, day P&L=$+21, equity=$109,842
2026-04-03 14:24:34 | DEBUG    | [20240820] 1 trades, day P&L=$+21, equity=$109,863
2026-04-03 14:24:34 | DEBUG    | [20240823] 1 trades, day P&L=$+21, equity=$109,884
2026-04-03 14:24:34 | DEBUG    | [20240830] 1 trades, day P&L=$+56, equity=$109,940
2026-04-03 14:24:34 | DEBUG    | [20240903] 1 trades, day P&L=$+301, equity=$110,241
2026-04-03 14:24:34 | DEBUG    | [20240906] 1 trades, day P&L=$+161, equity=$110,402
2026-04-03 14:24:34 | DEBUG    | [20240913] 1 trades, day P&L=$+21, equity=$110,423
2026-04-03 14:24:34 | DEBUG    | [20240930] 1 trades, day P&L=$+336, equity=$110,759
2026-04-03 14:24:34 | DEBUG    | [20241001] 1 trades, day P&L=$+126, equity=$110,885
2026-04-03 14:24:34 | DEBUG    | [20241025] 1 trades, day P&L=$+21, equity=$110,906
2026-04-03 14:24:34 | DEBUG    | [20241104] 1 trades, day P&L=$+21, equity=$110,927
2026-04-03 14:24:34 | DEBUG    | [20241115] 1 trades, day P&L=$+21, equity=$110,948
2026-04-03 14:24:34 | DEBUG    | [20241220] 1 trades, day P&L=$+336, equity=$111,284
2026-04-03 14:24:34 | DEBUG    | [20241227] 1 trades, day P&L=$+56, equity=$111,340
2026-04-03 14:24:34 | DEBUG    | [20241230] 2 trades, day P&L=$+147, equity=$111,487
2026-04-03 14:24:34 | DEBUG    | [20241231] 1 trades, day P&L=$+336, equity=$111,823
2026-04-03 14:24:34 | DEBUG    | [20250107] 1 trades, day P&L=$+126, equity=$111,949
2026-04-03 14:24:34 | DEBUG    | [20250110] 1 trades, day P&L=$+21, equity=$111,970
2026-04-03 14:24:34 | DEBUG    | [20250127] 1 trades, day P&L=$+21, equity=$111,991
2026-04-03 14:24:34 | DEBUG    | [20250131] 1 trades, day P&L=$+371, equity=$112,362
2026-04-03 14:24:34 | DEBUG    | [20250203] 1 trades, day P&L=$+126, equity=$112,488
2026-04-03 14:24:34 | DEBUG    | [20250207] 1 trades, day P&L=$+21, equity=$112,509
2026-04-03 14:24:34 | DEBUG    | [20250221] 1 trades, day P&L=$+21, equity=$112,530
2026-04-03 14:24:34 | DEBUG    | [20250225] 1 trades, day P&L=$+126, equity=$112,656
2026-04-03 14:24:34 | DEBUG    | [20250310] 1 trades, day P&L=$+581, equity=$113,237
2026-04-03 14:24:34 | DEBUG    | [20250314] 1 trades, day P&L=$+126, equity=$113,363
2026-04-03 14:24:34 | DEBUG    | [20250318] 1 trades, day P&L=$+21, equity=$113,384
2026-04-03 14:24:34 | DEBUG    | [20250321] 1 trades, day P&L=$+21, equity=$113,405
2026-04-03 14:24:34 | DEBUG    | [20250328] 1 trades, day P&L=$+21, equity=$113,426
2026-04-03 14:24:34 | DEBUG    | [20250401] 1 trades, day P&L=$+21, equity=$113,447
2026-04-03 14:24:34 | DEBUG    | [20250415] 2 trades, day P&L=$+77, equity=$113,524
2026-04-03 14:24:34 | DEBUG    | [20250421] 1 trades, day P&L=$+371, equity=$113,895
2026-04-03 14:24:34 | DEBUG    | [20250428] 2 trades, day P&L=$+147, equity=$114,042
2026-04-03 14:24:34 | DEBUG    | [20250502] 1 trades, day P&L=$+21, equity=$114,063
2026-04-03 14:24:34 | DEBUG    | [20250505] 1 trades, day P&L=$+56, equity=$114,119
2026-04-03 14:24:34 | DEBUG    | [20250506] 1 trades, day P&L=$+91, equity=$114,210
2026-04-03 14:24:34 | DEBUG    | [20250509] 1 trades, day P&L=$+21, equity=$114,231
2026-04-03 14:24:34 | DEBUG    | [20250512] 1 trades, day P&L=$+91, equity=$114,322
2026-04-03 14:24:34 | DEBUG    | [20250523] 1 trades, day P&L=$+161, equity=$114,483
2026-04-03 14:24:34 | DEBUG    | [20250530] 2 trades, day P&L=$+847, equity=$115,330
2026-04-03 14:24:34 | DEBUG    | [20250613] 1 trades, day P&L=$+91, equity=$115,421
2026-04-03 14:24:34 | DEBUG    | [20250623] 1 trades, day P&L=$+21, equity=$115,442
2026-04-03 14:24:34 | DEBUG    | [20250630] 1 trades, day P&L=$+21, equity=$115,463
2026-04-03 14:24:35 | DEBUG    | [20250801] 1 trades, day P&L=$+21, equity=$115,484
2026-04-03 14:24:35 | DEBUG    | [20250811] 1 trades, day P&L=$+21, equity=$115,505
2026-04-03 14:24:35 | DEBUG    | [20250930] 1 trades, day P&L=$+21, equity=$115,526
2026-04-03 14:24:35 | DEBUG    | [20251010] 1 trades, day P&L=$+756, equity=$116,282
2026-04-03 14:24:35 | DEBUG    | [20251031] 1 trades, day P&L=$+56, equity=$116,338
2026-04-03 14:24:35 | DEBUG    | [20251107] 1 trades, day P&L=$+21, equity=$116,359
2026-04-03 14:24:35 | DEBUG    | [20251117] 1 trades, day P&L=$+91, equity=$116,450
2026-04-03 14:24:35 | DEBUG    | [20251118] 2 trades, day P&L=$+112, equity=$116,562
2026-04-03 14:24:35 | DEBUG    | [20260120] 1 trades, day P&L=$+21, equity=$116,583
2026-04-03 14:24:35 | DEBUG    | [20260130] 2 trades, day P&L=$+147, equity=$116,730
2026-04-03 14:24:35 | DEBUG    | [20260206] 1 trades, day P&L=$+91, equity=$116,821
2026-04-03 14:24:35 | DEBUG    | [20260227] 2 trades, day P&L=$+112, equity=$116,933
2026-04-03 14:24:35 | DEBUG    | [20260302] 1 trades, day P&L=$+56, equity=$116,989
2026-04-03 14:24:35 | DEBUG    | [20260303] 1 trades, day P&L=$+91, equity=$117,080
2026-04-03 14:24:35 | DEBUG    | [20260306] 1 trades, day P&L=$+161, equity=$117,241
2026-04-03 14:24:35 | DEBUG    | [20260309] 1 trades, day P&L=$+91, equity=$117,332
2026-04-03 14:24:35 | DEBUG    | [20260310] 2 trades, day P&L=$+112, equity=$117,444
2026-04-03 14:24:35 | DEBUG    | [20260320] 1 trades, day P&L=$+91, equity=$117,535
2026-04-03 14:24:35 | DEBUG    | [20260324] 1 trades, day P&L=$+21, equity=$117,556
2026-04-03 14:24:35 | INFO     | ============================================================
2026-04-03 14:24:35 | INFO     | SKIP REASONS:
2026-04-03 14:24:35 | INFO     |   dow_filter          : 374
2026-04-03 14:24:35 | INFO     |   early_close         : 6
2026-04-03 14:24:35 | INFO     |   no_quotes           : 11
2026-04-03 14:24:35 | INFO     |   prior_return        : 147
2026-04-03 14:24:35 | INFO     |   TOTAL TRADES        : 161
2026-04-03 14:24:35 | INFO     | ============================================================
2026-04-03 14:24:35 | INFO     | [ITER 224] zero_dd_q7 → FINAL | P&L=$17,556, Sharpe=12.00, DD=$0
2026-04-03 14:24:35 | DEBUG    | [20220110] 2 trades, day P&L=$+42, equity=$100,042
2026-04-03 14:24:35 | DEBUG    | [20220114] 1 trades, day P&L=$+91, equity=$100,133
2026-04-03 14:24:35 | DEBUG    | [20220118] 2 trades, day P&L=$+147, equity=$100,280
2026-04-03 14:24:35 | DEBUG    | [20220121] 2 trades, day P&L=$+427, equity=$100,707
2026-04-03 14:24:35 | DEBUG    | [20220128] 2 trades, day P&L=$+392, equity=$101,099
2026-04-03 14:24:35 | DEBUG    | [20220207] 2 trades, day P&L=$+252, equity=$101,351
2026-04-03 14:24:35 | DEBUG    | [20220222] 2 trades, day P&L=$+532, equity=$101,883
2026-04-03 14:24:35 | DEBUG    | [20220225] 2 trades, day P&L=$+182, equity=$102,065
2026-04-03 14:24:35 | DEBUG    | [20220304] 2 trades, day P&L=$+182, equity=$102,247
2026-04-03 14:24:35 | DEBUG    | [20220307] 2 trades, day P&L=$+287, equity=$102,534
2026-04-03 14:24:35 | DEBUG    | [20220311] 2 trades, day P&L=$+322, equity=$102,856
2026-04-03 14:24:35 | DEBUG    | [20220314] 2 trades, day P&L=$+217, equity=$103,073
2026-04-03 14:24:35 | DEBUG    | [20220318] 1 trades, day P&L=$+21, equity=$103,094
2026-04-03 14:24:35 | DEBUG    | [20220408] 2 trades, day P&L=$+42, equity=$103,136
2026-04-03 14:24:35 | DEBUG    | [20220418] 1 trades, day P&L=$+21, equity=$103,157
2026-04-03 14:24:35 | DEBUG    | [20220422] 2 trades, day P&L=$+812, equity=$103,969
2026-04-03 14:24:35 | DEBUG    | [20220426] 2 trades, day P&L=$+322, equity=$104,291
2026-04-03 14:24:35 | DEBUG    | [20220503] 1 trades, day P&L=$+91, equity=$104,382
2026-04-03 14:24:35 | DEBUG    | [20220509] 2 trades, day P&L=$+1092, equity=$105,474
2026-04-03 14:24:35 | DEBUG    | [20220513] 2 trades, day P&L=$+532, equity=$106,006
2026-04-03 14:24:35 | DEBUG    | [20220517] 1 trades, day P&L=$+21, equity=$106,027
2026-04-03 14:24:35 | DEBUG    | [20220520] 2 trades, day P&L=$+357, equity=$106,384
2026-04-03 14:24:35 | DEBUG    | [20220624] 1 trades, day P&L=$+21, equity=$106,405
2026-04-03 14:24:35 | DEBUG    | [20220628] 1 trades, day P&L=$+21, equity=$106,426
2026-04-03 14:24:35 | DEBUG    | [20220705] 2 trades, day P&L=$+42, equity=$106,468
2026-04-03 14:24:35 | DEBUG    | [20220719] 1 trades, day P&L=$+21, equity=$106,489
2026-04-03 14:24:35 | DEBUG    | [20220902] 2 trades, day P&L=$+147, equity=$106,636
2026-04-03 14:24:35 | DEBUG    | [20220913] 2 trades, day P&L=$+77, equity=$106,713
2026-04-03 14:24:35 | DEBUG    | [20220916] 2 trades, day P&L=$+147, equity=$106,860
2026-04-03 14:24:35 | DEBUG    | [20220923] 2 trades, day P&L=$+182, equity=$107,042
2026-04-03 14:24:35 | DEBUG    | [20220927] 2 trades, day P&L=$+182, equity=$107,224
2026-04-03 14:24:35 | DEBUG    | [20221003] 1 trades, day P&L=$+21, equity=$107,245
2026-04-03 14:24:35 | DEBUG    | [20221007] 2 trades, day P&L=$+357, equity=$107,602
2026-04-03 14:24:35 | DEBUG    | [20221011] 1 trades, day P&L=$+21, equity=$107,623
2026-04-03 14:24:35 | DEBUG    | [20221021] 1 trades, day P&L=$+21, equity=$107,644
2026-04-03 14:24:36 | DEBUG    | [20221115] 1 trades, day P&L=$+56, equity=$107,700
2026-04-03 14:24:36 | DEBUG    | [20221118] 1 trades, day P&L=$+21, equity=$107,721
2026-04-03 14:24:36 | DEBUG    | [20221209] 1 trades, day P&L=$+21, equity=$107,742
2026-04-03 14:24:36 | DEBUG    | [20221213] 1 trades, day P&L=$+21, equity=$107,763
2026-04-03 14:24:36 | DEBUG    | [20230203] 2 trades, day P&L=$+42, equity=$107,805
2026-04-03 14:24:36 | DEBUG    | [20230313] 1 trades, day P&L=$+126, equity=$107,931
2026-04-03 14:24:36 | DEBUG    | [20230331] 2 trades, day P&L=$+77, equity=$108,008
2026-04-03 14:24:36 | DEBUG    | [20230707] 1 trades, day P&L=$+56, equity=$108,064
2026-04-03 14:24:36 | DEBUG    | [20230825] 1 trades, day P&L=$+21, equity=$108,085
2026-04-03 14:24:36 | DEBUG    | [20230929] 1 trades, day P&L=$+56, equity=$108,141
2026-04-03 14:24:36 | DEBUG    | [20240216] 1 trades, day P&L=$+21, equity=$108,162
2026-04-03 14:24:37 | DEBUG    | [20240412] 1 trades, day P&L=$+21, equity=$108,183
2026-04-03 14:24:37 | DEBUG    | [20240415] 1 trades, day P&L=$+21, equity=$108,204
2026-04-03 14:24:37 | DEBUG    | [20240416] 2 trades, day P&L=$+112, equity=$108,316
2026-04-03 14:24:37 | DEBUG    | [20240419] 1 trades, day P&L=$+21, equity=$108,337
2026-04-03 14:24:37 | DEBUG    | [20240422] 1 trades, day P&L=$+21, equity=$108,358
2026-04-03 14:24:37 | DEBUG    | [20240531] 1 trades, day P&L=$+56, equity=$108,414
2026-04-03 14:24:37 | DEBUG    | [20240607] 1 trades, day P&L=$+21, equity=$108,435
2026-04-03 14:24:37 | DEBUG    | [20240628] 1 trades, day P&L=$+161, equity=$108,596
2026-04-03 14:24:37 | DEBUG    | [20240712] 1 trades, day P&L=$+56, equity=$108,652
2026-04-03 14:24:37 | DEBUG    | [20240715] 1 trades, day P&L=$+21, equity=$108,673
2026-04-03 14:24:37 | DEBUG    | [20240719] 1 trades, day P&L=$+56, equity=$108,729
2026-04-03 14:24:37 | DEBUG    | [20240726] 2 trades, day P&L=$+497, equity=$109,226
2026-04-03 14:24:37 | DEBUG    | [20240729] 1 trades, day P&L=$+21, equity=$109,247
2026-04-03 14:24:37 | DEBUG    | [20240730] 1 trades, day P&L=$+56, equity=$109,303
2026-04-03 14:24:37 | DEBUG    | [20240802] 1 trades, day P&L=$+301, equity=$109,604
2026-04-03 14:24:37 | DEBUG    | [20240812] 2 trades, day P&L=$+217, equity=$109,821
2026-04-03 14:24:37 | DEBUG    | [20240813] 1 trades, day P&L=$+21, equity=$109,842
2026-04-03 14:24:37 | DEBUG    | [20240820] 1 trades, day P&L=$+21, equity=$109,863
2026-04-03 14:24:37 | DEBUG    | [20240823] 1 trades, day P&L=$+21, equity=$109,884
2026-04-03 14:24:37 | DEBUG    | [20240830] 1 trades, day P&L=$+56, equity=$109,940
2026-04-03 14:24:37 | DEBUG    | [20240903] 1 trades, day P&L=$+301, equity=$110,241
2026-04-03 14:24:37 | DEBUG    | [20240906] 1 trades, day P&L=$+161, equity=$110,402
2026-04-03 14:24:37 | DEBUG    | [20240913] 1 trades, day P&L=$+21, equity=$110,423
2026-04-03 14:24:37 | DEBUG    | [20240930] 1 trades, day P&L=$+336, equity=$110,759
2026-04-03 14:24:37 | DEBUG    | [20241001] 1 trades, day P&L=$+126, equity=$110,885
2026-04-03 14:24:37 | DEBUG    | [20241025] 1 trades, day P&L=$+21, equity=$110,906
2026-04-03 14:24:37 | DEBUG    | [20241104] 1 trades, day P&L=$+21, equity=$110,927
2026-04-03 14:24:37 | DEBUG    | [20241115] 1 trades, day P&L=$+21, equity=$110,948
2026-04-03 14:24:37 | DEBUG    | [20241220] 1 trades, day P&L=$+336, equity=$111,284
2026-04-03 14:24:37 | DEBUG    | [20241227] 1 trades, day P&L=$+56, equity=$111,340
2026-04-03 14:24:37 | DEBUG    | [20241230] 2 trades, day P&L=$+147, equity=$111,487
2026-04-03 14:24:37 | DEBUG    | [20241231] 1 trades, day P&L=$+336, equity=$111,823
2026-04-03 14:24:37 | INFO     | ============================================================
2026-04-03 14:24:37 | INFO     | SKIP REASONS:
2026-04-03 14:24:37 | INFO     |   dow_filter          : 261
2026-04-03 14:24:37 | INFO     |   early_close         : 4
2026-04-03 14:24:37 | INFO     |   no_quotes           : 11
2026-04-03 14:24:37 | INFO     |   prior_return        : 109
2026-04-03 14:24:37 | INFO     |   TOTAL TRADES        : 108
2026-04-03 14:24:37 | INFO     | ============================================================
2026-04-03 14:24:37 | DEBUG    | [20250107] 1 trades, day P&L=$+126, equity=$100,126
2026-04-03 14:24:37 | DEBUG    | [20250110] 1 trades, day P&L=$+21, equity=$100,147
2026-04-03 14:24:37 | DEBUG    | [20250127] 1 trades, day P&L=$+21, equity=$100,168
2026-04-03 14:24:37 | DEBUG    | [20250131] 1 trades, day P&L=$+371, equity=$100,539
2026-04-03 14:24:37 | DEBUG    | [20250203] 1 trades, day P&L=$+126, equity=$100,665
2026-04-03 14:24:37 | DEBUG    | [20250207] 1 trades, day P&L=$+21, equity=$100,686
2026-04-03 14:24:37 | DEBUG    | [20250221] 1 trades, day P&L=$+21, equity=$100,707
2026-04-03 14:24:37 | DEBUG    | [20250225] 1 trades, day P&L=$+126, equity=$100,833
2026-04-03 14:24:37 | DEBUG    | [20250310] 1 trades, day P&L=$+581, equity=$101,414
2026-04-03 14:24:37 | DEBUG    | [20250314] 1 trades, day P&L=$+126, equity=$101,540
2026-04-03 14:24:37 | DEBUG    | [20250318] 1 trades, day P&L=$+21, equity=$101,561
2026-04-03 14:24:37 | DEBUG    | [20250321] 1 trades, day P&L=$+21, equity=$101,582
2026-04-03 14:24:37 | DEBUG    | [20250328] 1 trades, day P&L=$+21, equity=$101,603
2026-04-03 14:24:37 | DEBUG    | [20250401] 1 trades, day P&L=$+21, equity=$101,624
2026-04-03 14:24:37 | DEBUG    | [20250415] 2 trades, day P&L=$+77, equity=$101,701
2026-04-03 14:24:37 | DEBUG    | [20250421] 1 trades, day P&L=$+371, equity=$102,072
2026-04-03 14:24:37 | DEBUG    | [20250428] 2 trades, day P&L=$+147, equity=$102,219
2026-04-03 14:24:37 | DEBUG    | [20250502] 1 trades, day P&L=$+21, equity=$102,240
2026-04-03 14:24:37 | DEBUG    | [20250505] 1 trades, day P&L=$+56, equity=$102,296
2026-04-03 14:24:37 | DEBUG    | [20250506] 1 trades, day P&L=$+91, equity=$102,387
2026-04-03 14:24:37 | DEBUG    | [20250509] 1 trades, day P&L=$+21, equity=$102,408
2026-04-03 14:24:37 | DEBUG    | [20250512] 1 trades, day P&L=$+91, equity=$102,499
2026-04-03 14:24:37 | DEBUG    | [20250523] 1 trades, day P&L=$+161, equity=$102,660
2026-04-03 14:24:37 | DEBUG    | [20250530] 2 trades, day P&L=$+847, equity=$103,507
2026-04-03 14:24:37 | DEBUG    | [20250613] 1 trades, day P&L=$+91, equity=$103,598
2026-04-03 14:24:37 | DEBUG    | [20250623] 1 trades, day P&L=$+21, equity=$103,619
2026-04-03 14:24:37 | DEBUG    | [20250630] 1 trades, day P&L=$+21, equity=$103,640
2026-04-03 14:24:37 | DEBUG    | [20250801] 1 trades, day P&L=$+21, equity=$103,661
2026-04-03 14:24:37 | DEBUG    | [20250811] 1 trades, day P&L=$+21, equity=$103,682
2026-04-03 14:24:38 | DEBUG    | [20250930] 1 trades, day P&L=$+21, equity=$103,703
2026-04-03 14:24:38 | DEBUG    | [20251010] 1 trades, day P&L=$+756, equity=$104,459
2026-04-03 14:24:38 | DEBUG    | [20251031] 1 trades, day P&L=$+56, equity=$104,515
2026-04-03 14:24:38 | DEBUG    | [20251107] 1 trades, day P&L=$+21, equity=$104,536
2026-04-03 14:24:38 | DEBUG    | [20251117] 1 trades, day P&L=$+91, equity=$104,627
2026-04-03 14:24:38 | DEBUG    | [20251118] 2 trades, day P&L=$+112, equity=$104,739
2026-04-03 14:24:38 | DEBUG    | [20260120] 1 trades, day P&L=$+21, equity=$104,760
2026-04-03 14:24:38 | DEBUG    | [20260130] 2 trades, day P&L=$+147, equity=$104,907
2026-04-03 14:24:38 | DEBUG    | [20260206] 1 trades, day P&L=$+91, equity=$104,998
2026-04-03 14:24:38 | DEBUG    | [20260227] 2 trades, day P&L=$+112, equity=$105,110
2026-04-03 14:24:38 | DEBUG    | [20260302] 1 trades, day P&L=$+56, equity=$105,166
2026-04-03 14:24:38 | DEBUG    | [20260303] 1 trades, day P&L=$+91, equity=$105,257
2026-04-03 14:24:38 | DEBUG    | [20260306] 1 trades, day P&L=$+161, equity=$105,418
2026-04-03 14:24:38 | DEBUG    | [20260309] 1 trades, day P&L=$+91, equity=$105,509
2026-04-03 14:24:38 | DEBUG    | [20260310] 2 trades, day P&L=$+112, equity=$105,621
2026-04-03 14:24:38 | DEBUG    | [20260320] 1 trades, day P&L=$+91, equity=$105,712
2026-04-03 14:24:38 | DEBUG    | [20260324] 1 trades, day P&L=$+21, equity=$105,733
2026-04-03 14:24:38 | INFO     | ============================================================
2026-04-03 14:24:38 | INFO     | SKIP REASONS:
2026-04-03 14:24:38 | INFO     |   dow_filter          : 113
2026-04-03 14:24:38 | INFO     |   early_close         : 2
2026-04-03 14:24:38 | INFO     |   prior_return        : 38
2026-04-03 14:24:38 | INFO     |   TOTAL TRADES        : 53
2026-04-03 14:24:38 | INFO     | ============================================================
