2026-04-03 20:22:34 | INFO     | Log file: /Users/jeerapongwongchote/Documents/thetadata/apex/logs/apex_run_20260403_202234.log
2026-04-03 20:22:38 | INFO     | Built daily indicators: 1066 dates (20220103 → 20260402)
2026-04-03 20:22:39 | DEBUG    | [20220426] 2 trades, day P&L=$+615, equity=$100,615
2026-04-03 20:22:39 | DEBUG    | [20220503] 1 trades, day P&L=$+195, equity=$100,810
2026-04-03 20:22:40 | DEBUG    | [20240216] 1 trades, day P&L=$+45, equity=$100,855
2026-04-03 20:22:40 | DEBUG    | [20240415] 1 trades, day P&L=$+45, equity=$100,900
2026-04-03 20:22:40 | DEBUG    | [20240419] 1 trades, day P&L=$+45, equity=$100,945
2026-04-03 20:22:40 | DEBUG    | [20240422] 1 trades, day P&L=$+45, equity=$100,990
2026-04-03 20:22:40 | DEBUG    | [20240531] 1 trades, day P&L=$+120, equity=$101,110
2026-04-03 20:22:40 | DEBUG    | [20240628] 1 trades, day P&L=$+270, equity=$101,380
2026-04-03 20:22:40 | DEBUG    | [20240712] 1 trades, day P&L=$+120, equity=$101,500
2026-04-03 20:22:40 | DEBUG    | [20240715] 1 trades, day P&L=$+45, equity=$101,545
2026-04-03 20:22:40 | DEBUG    | [20240726] 2 trades, day P&L=$+840, equity=$102,385
2026-04-03 20:22:40 | DEBUG    | [20240730] 1 trades, day P&L=$+120, equity=$102,505
2026-04-03 20:22:40 | DEBUG    | [20240802] 1 trades, day P&L=$+495, equity=$103,000
2026-04-03 20:22:40 | DEBUG    | [20240812] 2 trades, day P&L=$+390, equity=$103,390
2026-04-03 20:22:40 | DEBUG    | [20240813] 1 trades, day P&L=$+45, equity=$103,435
2026-04-03 20:22:40 | DEBUG    | [20240820] 1 trades, day P&L=$+45, equity=$103,480
2026-04-03 20:22:40 | DEBUG    | [20240823] 1 trades, day P&L=$+45, equity=$103,525
2026-04-03 20:22:40 | DEBUG    | [20240830] 1 trades, day P&L=$+120, equity=$103,645
2026-04-03 20:22:40 | DEBUG    | [20240903] 1 trades, day P&L=$+420, equity=$104,065
2026-04-03 20:22:40 | DEBUG    | [20240906] 1 trades, day P&L=$+270, equity=$104,335
2026-04-03 20:22:40 | DEBUG    | [20240913] 1 trades, day P&L=$+45, equity=$104,380
2026-04-03 20:22:40 | DEBUG    | [20240930] 1 trades, day P&L=$+645, equity=$105,025
2026-04-03 20:22:40 | DEBUG    | [20241001] 1 trades, day P&L=$+195, equity=$105,220
2026-04-03 20:22:41 | DEBUG    | [20241025] 1 trades, day P&L=$+45, equity=$105,265
2026-04-03 20:22:41 | DEBUG    | [20241104] 1 trades, day P&L=$+45, equity=$105,310
2026-04-03 20:22:41 | DEBUG    | [20241115] 1 trades, day P&L=$+45, equity=$105,355
2026-04-03 20:22:41 | DEBUG    | [20241220] 1 trades, day P&L=$+495, equity=$105,850
2026-04-03 20:22:41 | DEBUG    | [20241230] 2 trades, day P&L=$+315, equity=$106,165
2026-04-03 20:22:41 | DEBUG    | [20241231] 1 trades, day P&L=$+570, equity=$106,735
2026-04-03 20:22:41 | DEBUG    | [20250107] 1 trades, day P&L=$+270, equity=$107,005
2026-04-03 20:22:41 | DEBUG    | [20250110] 1 trades, day P&L=$+45, equity=$107,050
2026-04-03 20:22:41 | DEBUG    | [20250127] 1 trades, day P&L=$+45, equity=$107,095
2026-04-03 20:22:41 | DEBUG    | [20250131] 1 trades, day P&L=$+570, equity=$107,665
2026-04-03 20:22:41 | DEBUG    | [20250203] 1 trades, day P&L=$+195, equity=$107,860
2026-04-03 20:22:41 | DEBUG    | [20250207] 1 trades, day P&L=$+45, equity=$107,905
2026-04-03 20:22:41 | DEBUG    | [20250221] 1 trades, day P&L=$+45, equity=$107,950
2026-04-03 20:22:41 | DEBUG    | [20250225] 1 trades, day P&L=$+195, equity=$108,145
2026-04-03 20:22:41 | DEBUG    | [20250310] 1 trades, day P&L=$+870, equity=$109,015
2026-04-03 20:22:41 | DEBUG    | [20250314] 1 trades, day P&L=$+270, equity=$109,285
2026-04-03 20:22:41 | DEBUG    | [20250318] 1 trades, day P&L=$+45, equity=$109,330
2026-04-03 20:22:41 | DEBUG    | [20250321] 1 trades, day P&L=$+45, equity=$109,375
2026-04-03 20:22:41 | DEBUG    | [20250328] 1 trades, day P&L=$+45, equity=$109,420
2026-04-03 20:22:41 | DEBUG    | [20250401] 1 trades, day P&L=$+45, equity=$109,465
2026-04-03 20:22:41 | DEBUG    | [20250408] 1 trades, day P&L=$+1620, equity=$111,085
2026-04-03 20:22:41 | DEBUG    | [20250415] 2 trades, day P&L=$+165, equity=$111,250
2026-04-03 20:22:41 | DEBUG    | [20250421] 1 trades, day P&L=$+720, equity=$111,970
2026-04-03 20:22:41 | DEBUG    | [20250506] 1 trades, day P&L=$+195, equity=$112,165
2026-04-03 20:22:41 | DEBUG    | [20250509] 1 trades, day P&L=$+45, equity=$112,210
2026-04-03 20:22:41 | DEBUG    | [20250512] 1 trades, day P&L=$+195, equity=$112,405
2026-04-03 20:22:41 | DEBUG    | [20250523] 1 trades, day P&L=$+270, equity=$112,675
2026-04-03 20:22:41 | DEBUG    | [20250530] 2 trades, day P&L=$+1365, equity=$114,040
2026-04-03 20:22:41 | DEBUG    | [20250613] 1 trades, day P&L=$+120, equity=$114,160
2026-04-03 20:22:41 | DEBUG    | [20250630] 1 trades, day P&L=$+45, equity=$114,205
2026-04-03 20:22:41 | DEBUG    | [20250801] 1 trades, day P&L=$+45, equity=$114,250
2026-04-03 20:22:41 | DEBUG    | [20250811] 1 trades, day P&L=$+45, equity=$114,295
2026-04-03 20:22:41 | DEBUG    | [20250930] 1 trades, day P&L=$+45, equity=$114,340
2026-04-03 20:22:41 | DEBUG    | [20251010] 1 trades, day P&L=$+1020, equity=$115,360
2026-04-03 20:22:41 | DEBUG    | [20251107] 1 trades, day P&L=$+45, equity=$115,405
2026-04-03 20:22:41 | DEBUG    | [20251117] 1 trades, day P&L=$+195, equity=$115,600
2026-04-03 20:22:41 | DEBUG    | [20251118] 2 trades, day P&L=$+240, equity=$115,840
2026-04-03 20:22:41 | DEBUG    | [20260303] 1 trades, day P&L=$+120, equity=$115,960
2026-04-03 20:22:42 | INFO     | ============================================================
2026-04-03 20:22:42 | INFO     | SKIP REASONS:
2026-04-03 20:22:42 | INFO     |   dow_filter          : 374
2026-04-03 20:22:42 | INFO     |   early_close         : 6
2026-04-03 20:22:42 | INFO     |   no_quotes           : 11
2026-04-03 20:22:42 | INFO     |   prior_return        : 147
2026-04-03 20:22:42 | INFO     |   straddle_filter     : 215
2026-04-03 20:22:42 | INFO     |   TOTAL TRADES        : 68
2026-04-03 20:22:42 | INFO     | ============================================================
2026-04-03 20:22:42 | INFO     | [ITER 400] straddle_on_zerodb_4 → CREATIVE | P&L=$15,960, Sharpe=12.57, DD=$0
2026-04-03 20:22:42 | DEBUG    | [20220426] 2 trades, day P&L=$+615, equity=$100,615
2026-04-03 20:22:42 | DEBUG    | [20220503] 1 trades, day P&L=$+195, equity=$100,810
2026-04-03 20:22:43 | DEBUG    | [20240216] 1 trades, day P&L=$+45, equity=$100,855
2026-04-03 20:22:43 | DEBUG    | [20240415] 1 trades, day P&L=$+45, equity=$100,900
2026-04-03 20:22:43 | DEBUG    | [20240419] 1 trades, day P&L=$+45, equity=$100,945
2026-04-03 20:22:43 | DEBUG    | [20240422] 1 trades, day P&L=$+45, equity=$100,990
2026-04-03 20:22:43 | DEBUG    | [20240531] 1 trades, day P&L=$+120, equity=$101,110
2026-04-03 20:22:43 | DEBUG    | [20240628] 1 trades, day P&L=$+270, equity=$101,380
2026-04-03 20:22:43 | DEBUG    | [20240712] 1 trades, day P&L=$+120, equity=$101,500
2026-04-03 20:22:43 | DEBUG    | [20240715] 1 trades, day P&L=$+45, equity=$101,545
2026-04-03 20:22:43 | DEBUG    | [20240726] 2 trades, day P&L=$+840, equity=$102,385
2026-04-03 20:22:43 | DEBUG    | [20240730] 1 trades, day P&L=$+120, equity=$102,505
2026-04-03 20:22:43 | DEBUG    | [20240802] 1 trades, day P&L=$+495, equity=$103,000
2026-04-03 20:22:43 | DEBUG    | [20240812] 2 trades, day P&L=$+390, equity=$103,390
2026-04-03 20:22:43 | DEBUG    | [20240813] 1 trades, day P&L=$+45, equity=$103,435
2026-04-03 20:22:43 | DEBUG    | [20240820] 1 trades, day P&L=$+45, equity=$103,480
2026-04-03 20:22:43 | DEBUG    | [20240823] 1 trades, day P&L=$+45, equity=$103,525
2026-04-03 20:22:43 | DEBUG    | [20240830] 1 trades, day P&L=$+120, equity=$103,645
2026-04-03 20:22:43 | DEBUG    | [20240903] 1 trades, day P&L=$+420, equity=$104,065
2026-04-03 20:22:43 | DEBUG    | [20240906] 1 trades, day P&L=$+270, equity=$104,335
2026-04-03 20:22:43 | DEBUG    | [20240913] 1 trades, day P&L=$+45, equity=$104,380
2026-04-03 20:22:44 | DEBUG    | [20240930] 1 trades, day P&L=$+645, equity=$105,025
2026-04-03 20:22:44 | DEBUG    | [20241001] 1 trades, day P&L=$+195, equity=$105,220
2026-04-03 20:22:44 | DEBUG    | [20241025] 1 trades, day P&L=$+45, equity=$105,265
2026-04-03 20:22:44 | DEBUG    | [20241104] 1 trades, day P&L=$+45, equity=$105,310
2026-04-03 20:22:44 | DEBUG    | [20241115] 1 trades, day P&L=$+45, equity=$105,355
2026-04-03 20:22:44 | DEBUG    | [20241220] 1 trades, day P&L=$+495, equity=$105,850
2026-04-03 20:22:44 | DEBUG    | [20241230] 2 trades, day P&L=$+315, equity=$106,165
2026-04-03 20:22:44 | DEBUG    | [20241231] 1 trades, day P&L=$+570, equity=$106,735
2026-04-03 20:22:44 | DEBUG    | [20250107] 1 trades, day P&L=$+270, equity=$107,005
2026-04-03 20:22:44 | DEBUG    | [20250110] 1 trades, day P&L=$+45, equity=$107,050
2026-04-03 20:22:44 | DEBUG    | [20250127] 1 trades, day P&L=$+45, equity=$107,095
2026-04-03 20:22:44 | DEBUG    | [20250131] 1 trades, day P&L=$+570, equity=$107,665
2026-04-03 20:22:44 | DEBUG    | [20250203] 1 trades, day P&L=$+195, equity=$107,860
2026-04-03 20:22:44 | DEBUG    | [20250207] 1 trades, day P&L=$+45, equity=$107,905
2026-04-03 20:22:44 | DEBUG    | [20250221] 1 trades, day P&L=$+45, equity=$107,950
2026-04-03 20:22:44 | DEBUG    | [20250225] 1 trades, day P&L=$+195, equity=$108,145
2026-04-03 20:22:44 | DEBUG    | [20250310] 1 trades, day P&L=$+870, equity=$109,015
2026-04-03 20:22:44 | DEBUG    | [20250314] 1 trades, day P&L=$+270, equity=$109,285
2026-04-03 20:22:44 | DEBUG    | [20250318] 1 trades, day P&L=$+45, equity=$109,330
2026-04-03 20:22:44 | DEBUG    | [20250321] 1 trades, day P&L=$+45, equity=$109,375
2026-04-03 20:22:44 | DEBUG    | [20250328] 1 trades, day P&L=$+45, equity=$109,420
2026-04-03 20:22:44 | DEBUG    | [20250401] 1 trades, day P&L=$+45, equity=$109,465
2026-04-03 20:22:44 | DEBUG    | [20250408] 1 trades, day P&L=$+1620, equity=$111,085
2026-04-03 20:22:44 | DEBUG    | [20250415] 2 trades, day P&L=$+165, equity=$111,250
2026-04-03 20:22:44 | DEBUG    | [20250421] 1 trades, day P&L=$+720, equity=$111,970
2026-04-03 20:22:44 | DEBUG    | [20250506] 1 trades, day P&L=$+195, equity=$112,165
2026-04-03 20:22:44 | DEBUG    | [20250509] 1 trades, day P&L=$+45, equity=$112,210
2026-04-03 20:22:44 | DEBUG    | [20250512] 1 trades, day P&L=$+195, equity=$112,405
2026-04-03 20:22:44 | DEBUG    | [20250523] 1 trades, day P&L=$+270, equity=$112,675
2026-04-03 20:22:44 | DEBUG    | [20250530] 2 trades, day P&L=$+1365, equity=$114,040
2026-04-03 20:22:44 | DEBUG    | [20250613] 1 trades, day P&L=$+120, equity=$114,160
2026-04-03 20:22:44 | DEBUG    | [20250630] 1 trades, day P&L=$+45, equity=$114,205
2026-04-03 20:22:44 | DEBUG    | [20250801] 1 trades, day P&L=$+45, equity=$114,250
2026-04-03 20:22:44 | DEBUG    | [20250811] 1 trades, day P&L=$+45, equity=$114,295
2026-04-03 20:22:44 | DEBUG    | [20250930] 1 trades, day P&L=$+45, equity=$114,340
2026-04-03 20:22:44 | DEBUG    | [20251010] 1 trades, day P&L=$+1020, equity=$115,360
2026-04-03 20:22:44 | DEBUG    | [20251107] 1 trades, day P&L=$+45, equity=$115,405
2026-04-03 20:22:44 | DEBUG    | [20251117] 1 trades, day P&L=$+195, equity=$115,600
2026-04-03 20:22:44 | DEBUG    | [20251118] 2 trades, day P&L=$+240, equity=$115,840
2026-04-03 20:22:44 | DEBUG    | [20260303] 1 trades, day P&L=$+120, equity=$115,960
2026-04-03 20:22:45 | INFO     | ============================================================
2026-04-03 20:22:45 | INFO     | SKIP REASONS:
2026-04-03 20:22:45 | INFO     |   dow_filter          : 374
2026-04-03 20:22:45 | INFO     |   early_close         : 6
2026-04-03 20:22:45 | INFO     |   no_quotes           : 11
2026-04-03 20:22:45 | INFO     |   prior_return        : 147
2026-04-03 20:22:45 | INFO     |   straddle_filter     : 157
2026-04-03 20:22:45 | INFO     |   TOTAL TRADES        : 68
2026-04-03 20:22:45 | INFO     | ============================================================
2026-04-03 20:22:45 | INFO     | [ITER 401] straddle_on_zerodb_5 → CREATIVE | P&L=$15,960, Sharpe=12.57, DD=$0
2026-04-03 20:22:45 | DEBUG    | [20220426] 2 trades, day P&L=$+615, equity=$100,615
2026-04-03 20:22:45 | DEBUG    | [20220503] 1 trades, day P&L=$+195, equity=$100,810
2026-04-03 20:22:45 | DEBUG    | [20221118] 1 trades, day P&L=$+45, equity=$100,855
2026-04-03 20:22:45 | DEBUG    | [20221209] 1 trades, day P&L=$+45, equity=$100,900
2026-04-03 20:22:46 | DEBUG    | [20231006] 1 trades, day P&L=$+45, equity=$100,945
2026-04-03 20:22:46 | DEBUG    | [20240216] 1 trades, day P&L=$+45, equity=$100,990
2026-04-03 20:22:46 | DEBUG    | [20240415] 1 trades, day P&L=$+45, equity=$101,035
2026-04-03 20:22:46 | DEBUG    | [20240419] 1 trades, day P&L=$+45, equity=$101,080
2026-04-03 20:22:46 | DEBUG    | [20240422] 1 trades, day P&L=$+45, equity=$101,125
2026-04-03 20:22:46 | DEBUG    | [20240531] 1 trades, day P&L=$+120, equity=$101,245
2026-04-03 20:22:47 | DEBUG    | [20240628] 1 trades, day P&L=$+270, equity=$101,515
2026-04-03 20:22:47 | DEBUG    | [20240712] 1 trades, day P&L=$+120, equity=$101,635
2026-04-03 20:22:47 | DEBUG    | [20240715] 1 trades, day P&L=$+45, equity=$101,680
2026-04-03 20:22:47 | DEBUG    | [20240726] 2 trades, day P&L=$+840, equity=$102,520
2026-04-03 20:22:47 | DEBUG    | [20240730] 1 trades, day P&L=$+120, equity=$102,640
2026-04-03 20:22:47 | DEBUG    | [20240802] 1 trades, day P&L=$+495, equity=$103,135
2026-04-03 20:22:47 | DEBUG    | [20240812] 2 trades, day P&L=$+390, equity=$103,525
2026-04-03 20:22:47 | DEBUG    | [20240813] 1 trades, day P&L=$+45, equity=$103,570
2026-04-03 20:22:47 | DEBUG    | [20240820] 1 trades, day P&L=$+45, equity=$103,615
2026-04-03 20:22:47 | DEBUG    | [20240823] 1 trades, day P&L=$+45, equity=$103,660
2026-04-03 20:22:47 | DEBUG    | [20240830] 1 trades, day P&L=$+120, equity=$103,780
2026-04-03 20:22:47 | DEBUG    | [20240903] 1 trades, day P&L=$+420, equity=$104,200
2026-04-03 20:22:47 | DEBUG    | [20240906] 1 trades, day P&L=$+270, equity=$104,470
2026-04-03 20:22:47 | DEBUG    | [20240913] 1 trades, day P&L=$+45, equity=$104,515
2026-04-03 20:22:47 | DEBUG    | [20240930] 1 trades, day P&L=$+645, equity=$105,160
2026-04-03 20:22:47 | DEBUG    | [20241001] 1 trades, day P&L=$+195, equity=$105,355
2026-04-03 20:22:47 | DEBUG    | [20241025] 1 trades, day P&L=$+45, equity=$105,400
2026-04-03 20:22:47 | DEBUG    | [20241104] 1 trades, day P&L=$+45, equity=$105,445
2026-04-03 20:22:47 | DEBUG    | [20241115] 1 trades, day P&L=$+45, equity=$105,490
2026-04-03 20:22:47 | DEBUG    | [20241220] 1 trades, day P&L=$+495, equity=$105,985
2026-04-03 20:22:47 | DEBUG    | [20241230] 2 trades, day P&L=$+315, equity=$106,300
2026-04-03 20:22:47 | DEBUG    | [20241231] 1 trades, day P&L=$+570, equity=$106,870
2026-04-03 20:22:47 | DEBUG    | [20250107] 1 trades, day P&L=$+270, equity=$107,140
2026-04-03 20:22:47 | DEBUG    | [20250110] 1 trades, day P&L=$+45, equity=$107,185
2026-04-03 20:22:47 | DEBUG    | [20250127] 1 trades, day P&L=$+45, equity=$107,230
2026-04-03 20:22:47 | DEBUG    | [20250131] 1 trades, day P&L=$+570, equity=$107,800
2026-04-03 20:22:47 | DEBUG    | [20250203] 1 trades, day P&L=$+195, equity=$107,995
2026-04-03 20:22:47 | DEBUG    | [20250207] 1 trades, day P&L=$+45, equity=$108,040
2026-04-03 20:22:47 | DEBUG    | [20250221] 1 trades, day P&L=$+45, equity=$108,085
2026-04-03 20:22:47 | DEBUG    | [20250225] 1 trades, day P&L=$+195, equity=$108,280
2026-04-03 20:22:47 | DEBUG    | [20250310] 1 trades, day P&L=$+870, equity=$109,150
2026-04-03 20:22:47 | DEBUG    | [20250314] 1 trades, day P&L=$+270, equity=$109,420
2026-04-03 20:22:47 | DEBUG    | [20250318] 1 trades, day P&L=$+45, equity=$109,465
2026-04-03 20:22:47 | DEBUG    | [20250321] 1 trades, day P&L=$+45, equity=$109,510
2026-04-03 20:22:47 | DEBUG    | [20250328] 1 trades, day P&L=$+45, equity=$109,555
2026-04-03 20:22:47 | DEBUG    | [20250401] 1 trades, day P&L=$+45, equity=$109,600
2026-04-03 20:22:47 | DEBUG    | [20250408] 1 trades, day P&L=$+1620, equity=$111,220
2026-04-03 20:22:47 | DEBUG    | [20250415] 2 trades, day P&L=$+165, equity=$111,385
2026-04-03 20:22:47 | DEBUG    | [20250421] 1 trades, day P&L=$+720, equity=$112,105
2026-04-03 20:22:47 | DEBUG    | [20250506] 1 trades, day P&L=$+195, equity=$112,300
2026-04-03 20:22:47 | DEBUG    | [20250509] 1 trades, day P&L=$+45, equity=$112,345
2026-04-03 20:22:47 | DEBUG    | [20250512] 1 trades, day P&L=$+195, equity=$112,540
2026-04-03 20:22:47 | DEBUG    | [20250523] 1 trades, day P&L=$+270, equity=$112,810
2026-04-03 20:22:47 | DEBUG    | [20250530] 2 trades, day P&L=$+1365, equity=$114,175
2026-04-03 20:22:47 | DEBUG    | [20250613] 1 trades, day P&L=$+120, equity=$114,295
2026-04-03 20:22:47 | DEBUG    | [20250630] 1 trades, day P&L=$+45, equity=$114,340
2026-04-03 20:22:47 | DEBUG    | [20250801] 1 trades, day P&L=$+45, equity=$114,385
2026-04-03 20:22:47 | DEBUG    | [20250811] 1 trades, day P&L=$+45, equity=$114,430
2026-04-03 20:22:47 | DEBUG    | [20250930] 1 trades, day P&L=$+45, equity=$114,475
2026-04-03 20:22:47 | DEBUG    | [20251010] 1 trades, day P&L=$+1020, equity=$115,495
2026-04-03 20:22:47 | DEBUG    | [20251107] 1 trades, day P&L=$+45, equity=$115,540
2026-04-03 20:22:47 | DEBUG    | [20251117] 1 trades, day P&L=$+195, equity=$115,735
2026-04-03 20:22:47 | DEBUG    | [20251118] 2 trades, day P&L=$+240, equity=$115,975
2026-04-03 20:22:48 | DEBUG    | [20260303] 1 trades, day P&L=$+120, equity=$116,095
2026-04-03 20:22:48 | INFO     | ============================================================
2026-04-03 20:22:48 | INFO     | SKIP REASONS:
2026-04-03 20:22:48 | INFO     |   dow_filter          : 374
2026-04-03 20:22:48 | INFO     |   early_close         : 6
2026-04-03 20:22:48 | INFO     |   no_quotes           : 11
2026-04-03 20:22:48 | INFO     |   prior_return        : 147
2026-04-03 20:22:48 | INFO     |   straddle_filter     : 91
2026-04-03 20:22:48 | INFO     |   TOTAL TRADES        : 71
2026-04-03 20:22:48 | INFO     | ============================================================
2026-04-03 20:22:48 | INFO     | [ITER 402] straddle_on_zerodb_6 → CREATIVE | P&L=$16,095, Sharpe=12.26, DD=$0
2026-04-03 20:22:48 | DEBUG    | [20220426] 2 trades, day P&L=$+615, equity=$100,615
2026-04-03 20:22:48 | DEBUG    | [20220503] 1 trades, day P&L=$+195, equity=$100,810
2026-04-03 20:22:48 | DEBUG    | [20220624] 1 trades, day P&L=$+45, equity=$100,855
2026-04-03 20:22:48 | DEBUG    | [20220705] 1 trades, day P&L=$+45, equity=$100,900
2026-04-03 20:22:48 | DEBUG    | [20221118] 1 trades, day P&L=$+45, equity=$100,945
2026-04-03 20:22:48 | DEBUG    | [20221209] 1 trades, day P&L=$+45, equity=$100,990
2026-04-03 20:22:49 | DEBUG    | [20230929] 1 trades, day P&L=$+45, equity=$101,035
2026-04-03 20:22:49 | DEBUG    | [20231006] 1 trades, day P&L=$+45, equity=$101,080
2026-04-03 20:22:49 | DEBUG    | [20240216] 1 trades, day P&L=$+45, equity=$101,125
2026-04-03 20:22:49 | DEBUG    | [20240415] 1 trades, day P&L=$+45, equity=$101,170
2026-04-03 20:22:50 | DEBUG    | [20240419] 1 trades, day P&L=$+45, equity=$101,215
2026-04-03 20:22:50 | DEBUG    | [20240422] 1 trades, day P&L=$+45, equity=$101,260
2026-04-03 20:22:50 | DEBUG    | [20240531] 1 trades, day P&L=$+120, equity=$101,380
2026-04-03 20:22:50 | DEBUG    | [20240607] 1 trades, day P&L=$+45, equity=$101,425
2026-04-03 20:22:50 | DEBUG    | [20240628] 1 trades, day P&L=$+270, equity=$101,695
2026-04-03 20:22:50 | DEBUG    | [20240712] 1 trades, day P&L=$+120, equity=$101,815
2026-04-03 20:22:50 | DEBUG    | [20240715] 1 trades, day P&L=$+45, equity=$101,860
2026-04-03 20:22:50 | DEBUG    | [20240726] 2 trades, day P&L=$+840, equity=$102,700
2026-04-03 20:22:50 | DEBUG    | [20240729] 1 trades, day P&L=$+45, equity=$102,745
2026-04-03 20:22:50 | DEBUG    | [20240730] 1 trades, day P&L=$+120, equity=$102,865
2026-04-03 20:22:50 | DEBUG    | [20240802] 1 trades, day P&L=$+495, equity=$103,360
2026-04-03 20:22:50 | DEBUG    | [20240812] 2 trades, day P&L=$+390, equity=$103,750
2026-04-03 20:22:50 | DEBUG    | [20240813] 1 trades, day P&L=$+45, equity=$103,795
2026-04-03 20:22:50 | DEBUG    | [20240820] 1 trades, day P&L=$+45, equity=$103,840
2026-04-03 20:22:50 | DEBUG    | [20240823] 1 trades, day P&L=$+45, equity=$103,885
2026-04-03 20:22:50 | DEBUG    | [20240830] 1 trades, day P&L=$+120, equity=$104,005
2026-04-03 20:22:50 | DEBUG    | [20240903] 1 trades, day P&L=$+420, equity=$104,425
2026-04-03 20:22:50 | DEBUG    | [20240906] 1 trades, day P&L=$+270, equity=$104,695
2026-04-03 20:22:50 | DEBUG    | [20240913] 1 trades, day P&L=$+45, equity=$104,740
2026-04-03 20:22:50 | DEBUG    | [20240930] 1 trades, day P&L=$+645, equity=$105,385
2026-04-03 20:22:50 | DEBUG    | [20241001] 1 trades, day P&L=$+195, equity=$105,580
2026-04-03 20:22:50 | DEBUG    | [20241025] 1 trades, day P&L=$+45, equity=$105,625
2026-04-03 20:22:50 | DEBUG    | [20241104] 1 trades, day P&L=$+45, equity=$105,670
2026-04-03 20:22:50 | DEBUG    | [20241115] 1 trades, day P&L=$+45, equity=$105,715
2026-04-03 20:22:50 | DEBUG    | [20241220] 1 trades, day P&L=$+495, equity=$106,210
2026-04-03 20:22:50 | DEBUG    | [20241230] 2 trades, day P&L=$+315, equity=$106,525
2026-04-03 20:22:50 | DEBUG    | [20241231] 1 trades, day P&L=$+570, equity=$107,095
2026-04-03 20:22:50 | DEBUG    | [20250107] 1 trades, day P&L=$+270, equity=$107,365
2026-04-03 20:22:50 | DEBUG    | [20250110] 1 trades, day P&L=$+45, equity=$107,410
2026-04-03 20:22:50 | DEBUG    | [20250127] 1 trades, day P&L=$+45, equity=$107,455
2026-04-03 20:22:50 | DEBUG    | [20250131] 1 trades, day P&L=$+570, equity=$108,025
2026-04-03 20:22:50 | DEBUG    | [20250203] 1 trades, day P&L=$+195, equity=$108,220
2026-04-03 20:22:50 | DEBUG    | [20250207] 1 trades, day P&L=$+45, equity=$108,265
2026-04-03 20:22:50 | DEBUG    | [20250221] 1 trades, day P&L=$+45, equity=$108,310
2026-04-03 20:22:50 | DEBUG    | [20250225] 1 trades, day P&L=$+195, equity=$108,505
2026-04-03 20:22:50 | DEBUG    | [20250310] 1 trades, day P&L=$+870, equity=$109,375
2026-04-03 20:22:50 | DEBUG    | [20250314] 1 trades, day P&L=$+270, equity=$109,645
2026-04-03 20:22:50 | DEBUG    | [20250318] 1 trades, day P&L=$+45, equity=$109,690
2026-04-03 20:22:50 | DEBUG    | [20250321] 1 trades, day P&L=$+45, equity=$109,735
2026-04-03 20:22:50 | DEBUG    | [20250328] 1 trades, day P&L=$+45, equity=$109,780
2026-04-03 20:22:50 | DEBUG    | [20250401] 1 trades, day P&L=$+45, equity=$109,825
2026-04-03 20:22:50 | DEBUG    | [20250408] 1 trades, day P&L=$+1620, equity=$111,445
2026-04-03 20:22:50 | DEBUG    | [20250415] 2 trades, day P&L=$+165, equity=$111,610
2026-04-03 20:22:50 | DEBUG    | [20250421] 1 trades, day P&L=$+720, equity=$112,330
2026-04-03 20:22:50 | DEBUG    | [20250506] 1 trades, day P&L=$+195, equity=$112,525
2026-04-03 20:22:50 | DEBUG    | [20250509] 1 trades, day P&L=$+45, equity=$112,570
2026-04-03 20:22:50 | DEBUG    | [20250512] 1 trades, day P&L=$+195, equity=$112,765
2026-04-03 20:22:50 | DEBUG    | [20250523] 1 trades, day P&L=$+270, equity=$113,035
2026-04-03 20:22:50 | DEBUG    | [20250530] 2 trades, day P&L=$+1365, equity=$114,400
2026-04-03 20:22:50 | DEBUG    | [20250613] 1 trades, day P&L=$+120, equity=$114,520
2026-04-03 20:22:50 | DEBUG    | [20250630] 1 trades, day P&L=$+45, equity=$114,565
2026-04-03 20:22:50 | DEBUG    | [20250801] 1 trades, day P&L=$+45, equity=$114,610
2026-04-03 20:22:50 | DEBUG    | [20250811] 1 trades, day P&L=$+45, equity=$114,655
2026-04-03 20:22:50 | DEBUG    | [20250930] 1 trades, day P&L=$+45, equity=$114,700
2026-04-03 20:22:51 | DEBUG    | [20251010] 1 trades, day P&L=$+1020, equity=$115,720
2026-04-03 20:22:51 | DEBUG    | [20251107] 1 trades, day P&L=$+45, equity=$115,765
2026-04-03 20:22:51 | DEBUG    | [20251117] 1 trades, day P&L=$+195, equity=$115,960
2026-04-03 20:22:51 | DEBUG    | [20251118] 2 trades, day P&L=$+240, equity=$116,200
2026-04-03 20:22:51 | DEBUG    | [20260303] 1 trades, day P&L=$+120, equity=$116,320
2026-04-03 20:22:51 | INFO     | ============================================================
2026-04-03 20:22:51 | INFO     | SKIP REASONS:
2026-04-03 20:22:51 | INFO     |   dow_filter          : 374
2026-04-03 20:22:51 | INFO     |   early_close         : 6
2026-04-03 20:22:51 | INFO     |   no_quotes           : 11
2026-04-03 20:22:51 | INFO     |   prior_return        : 147
2026-04-03 20:22:51 | INFO     |   straddle_filter     : 57
2026-04-03 20:22:51 | INFO     |   TOTAL TRADES        : 76
2026-04-03 20:22:51 | INFO     | ============================================================
2026-04-03 20:22:51 | INFO     | [ITER 403] straddle_on_zerodb_7 → CREATIVE | P&L=$16,320, Sharpe=11.80, DD=$0
2026-04-03 20:22:51 | DEBUG    | [20220408] 2 trades, day P&L=$+90, equity=$100,090
2026-04-03 20:22:51 | DEBUG    | [20220426] 2 trades, day P&L=$+615, equity=$100,705
2026-04-03 20:22:51 | DEBUG    | [20220503] 1 trades, day P&L=$+195, equity=$100,900
2026-04-03 20:22:51 | DEBUG    | [20220624] 1 trades, day P&L=$+45, equity=$100,945
2026-04-03 20:22:51 | DEBUG    | [20220628] 1 trades, day P&L=$+45, equity=$100,990
2026-04-03 20:22:51 | DEBUG    | [20220705] 1 trades, day P&L=$+45, equity=$101,035
2026-04-03 20:22:51 | DEBUG    | [20220902] 2 trades, day P&L=$+240, equity=$101,275
2026-04-03 20:22:51 | DEBUG    | [20221003] 1 trades, day P&L=$+45, equity=$101,320
2026-04-03 20:22:51 | DEBUG    | [20221011] 1 trades, day P&L=$+45, equity=$101,365
2026-04-03 20:22:51 | DEBUG    | [20221118] 1 trades, day P&L=$+45, equity=$101,410
2026-04-03 20:22:51 | DEBUG    | [20221209] 1 trades, day P&L=$+45, equity=$101,455
2026-04-03 20:22:51 | DEBUG    | [20221213] 1 trades, day P&L=$+45, equity=$101,500
2026-04-03 20:22:52 | DEBUG    | [20230203] 2 trades, day P&L=$+90, equity=$101,590
2026-04-03 20:22:52 | DEBUG    | [20230331] 1 trades, day P&L=$+45, equity=$101,635
2026-04-03 20:22:52 | DEBUG    | [20230929] 1 trades, day P&L=$+45, equity=$101,680
2026-04-03 20:22:52 | DEBUG    | [20231006] 1 trades, day P&L=$+45, equity=$101,725
2026-04-03 20:22:52 | DEBUG    | [20231229] 1 trades, day P&L=$+45, equity=$101,770
2026-04-03 20:22:53 | DEBUG    | [20240216] 1 trades, day P&L=$+45, equity=$101,815
2026-04-03 20:22:53 | DEBUG    | [20240415] 1 trades, day P&L=$+45, equity=$101,860
2026-04-03 20:22:53 | DEBUG    | [20240416] 2 trades, day P&L=$+165, equity=$102,025
2026-04-03 20:22:53 | DEBUG    | [20240419] 1 trades, day P&L=$+45, equity=$102,070
2026-04-03 20:22:53 | DEBUG    | [20240422] 1 trades, day P&L=$+45, equity=$102,115
2026-04-03 20:22:53 | DEBUG    | [20240531] 1 trades, day P&L=$+120, equity=$102,235
2026-04-03 20:22:53 | DEBUG    | [20240607] 1 trades, day P&L=$+45, equity=$102,280
2026-04-03 20:22:53 | DEBUG    | [20240628] 1 trades, day P&L=$+270, equity=$102,550
2026-04-03 20:22:53 | DEBUG    | [20240712] 1 trades, day P&L=$+120, equity=$102,670
2026-04-03 20:22:53 | DEBUG    | [20240715] 1 trades, day P&L=$+45, equity=$102,715
2026-04-03 20:22:53 | DEBUG    | [20240726] 2 trades, day P&L=$+840, equity=$103,555
2026-04-03 20:22:53 | DEBUG    | [20240729] 1 trades, day P&L=$+45, equity=$103,600
2026-04-03 20:22:53 | DEBUG    | [20240730] 1 trades, day P&L=$+120, equity=$103,720
2026-04-03 20:22:53 | DEBUG    | [20240802] 1 trades, day P&L=$+495, equity=$104,215
2026-04-03 20:22:53 | DEBUG    | [20240812] 2 trades, day P&L=$+390, equity=$104,605
2026-04-03 20:22:53 | DEBUG    | [20240813] 1 trades, day P&L=$+45, equity=$104,650
2026-04-03 20:22:53 | DEBUG    | [20240820] 1 trades, day P&L=$+45, equity=$104,695
2026-04-03 20:22:53 | DEBUG    | [20240823] 1 trades, day P&L=$+45, equity=$104,740
2026-04-03 20:22:53 | DEBUG    | [20240830] 1 trades, day P&L=$+120, equity=$104,860
2026-04-03 20:22:53 | DEBUG    | [20240903] 1 trades, day P&L=$+420, equity=$105,280
2026-04-03 20:22:53 | DEBUG    | [20240906] 1 trades, day P&L=$+270, equity=$105,550
2026-04-03 20:22:53 | DEBUG    | [20240913] 1 trades, day P&L=$+45, equity=$105,595
2026-04-03 20:22:53 | DEBUG    | [20240930] 1 trades, day P&L=$+645, equity=$106,240
2026-04-03 20:22:53 | DEBUG    | [20241001] 1 trades, day P&L=$+195, equity=$106,435
2026-04-03 20:22:53 | DEBUG    | [20241025] 1 trades, day P&L=$+45, equity=$106,480
2026-04-03 20:22:53 | DEBUG    | [20241104] 1 trades, day P&L=$+45, equity=$106,525
2026-04-03 20:22:53 | DEBUG    | [20241115] 1 trades, day P&L=$+45, equity=$106,570
2026-04-03 20:22:53 | DEBUG    | [20241220] 1 trades, day P&L=$+495, equity=$107,065
2026-04-03 20:22:53 | DEBUG    | [20241230] 2 trades, day P&L=$+315, equity=$107,380
2026-04-03 20:22:53 | DEBUG    | [20241231] 1 trades, day P&L=$+570, equity=$107,950
2026-04-03 20:22:53 | DEBUG    | [20250107] 1 trades, day P&L=$+270, equity=$108,220
2026-04-03 20:22:53 | DEBUG    | [20250110] 1 trades, day P&L=$+45, equity=$108,265
2026-04-03 20:22:53 | DEBUG    | [20250127] 1 trades, day P&L=$+45, equity=$108,310
2026-04-03 20:22:53 | DEBUG    | [20250131] 1 trades, day P&L=$+570, equity=$108,880
2026-04-03 20:22:53 | DEBUG    | [20250203] 1 trades, day P&L=$+195, equity=$109,075
2026-04-03 20:22:53 | DEBUG    | [20250207] 1 trades, day P&L=$+45, equity=$109,120
2026-04-03 20:22:53 | DEBUG    | [20250221] 1 trades, day P&L=$+45, equity=$109,165
2026-04-03 20:22:53 | DEBUG    | [20250225] 1 trades, day P&L=$+195, equity=$109,360
2026-04-03 20:22:53 | DEBUG    | [20250310] 1 trades, day P&L=$+870, equity=$110,230
2026-04-03 20:22:53 | DEBUG    | [20250314] 1 trades, day P&L=$+270, equity=$110,500
2026-04-03 20:22:53 | DEBUG    | [20250318] 1 trades, day P&L=$+45, equity=$110,545
2026-04-03 20:22:53 | DEBUG    | [20250321] 1 trades, day P&L=$+45, equity=$110,590
2026-04-03 20:22:53 | DEBUG    | [20250328] 1 trades, day P&L=$+45, equity=$110,635
2026-04-03 20:22:53 | DEBUG    | [20250401] 1 trades, day P&L=$+45, equity=$110,680
2026-04-03 20:22:53 | DEBUG    | [20250408] 1 trades, day P&L=$+1620, equity=$112,300
2026-04-03 20:22:53 | DEBUG    | [20250415] 2 trades, day P&L=$+165, equity=$112,465
2026-04-03 20:22:53 | DEBUG    | [20250421] 1 trades, day P&L=$+720, equity=$113,185
2026-04-03 20:22:53 | DEBUG    | [20250428] 2 trades, day P&L=$+240, equity=$113,425
2026-04-03 20:22:53 | DEBUG    | [20250506] 1 trades, day P&L=$+195, equity=$113,620
2026-04-03 20:22:53 | DEBUG    | [20250509] 1 trades, day P&L=$+45, equity=$113,665
2026-04-03 20:22:53 | DEBUG    | [20250512] 1 trades, day P&L=$+195, equity=$113,860
2026-04-03 20:22:53 | DEBUG    | [20250523] 1 trades, day P&L=$+270, equity=$114,130
2026-04-03 20:22:53 | DEBUG    | [20250530] 2 trades, day P&L=$+1365, equity=$115,495
2026-04-03 20:22:53 | DEBUG    | [20250613] 1 trades, day P&L=$+120, equity=$115,615
2026-04-03 20:22:53 | DEBUG    | [20250630] 1 trades, day P&L=$+45, equity=$115,660
2026-04-03 20:22:54 | DEBUG    | [20250801] 1 trades, day P&L=$+45, equity=$115,705
2026-04-03 20:22:54 | DEBUG    | [20250811] 1 trades, day P&L=$+45, equity=$115,750
2026-04-03 20:22:54 | DEBUG    | [20250930] 1 trades, day P&L=$+45, equity=$115,795
2026-04-03 20:22:54 | DEBUG    | [20251010] 1 trades, day P&L=$+1020, equity=$116,815
2026-04-03 20:22:54 | DEBUG    | [20251107] 1 trades, day P&L=$+45, equity=$116,860
2026-04-03 20:22:54 | DEBUG    | [20251117] 1 trades, day P&L=$+195, equity=$117,055
2026-04-03 20:22:54 | DEBUG    | [20251118] 2 trades, day P&L=$+240, equity=$117,295
2026-04-03 20:22:54 | DEBUG    | [20260120] 2 trades, day P&L=$+90, equity=$117,385
2026-04-03 20:22:54 | DEBUG    | [20260206] 1 trades, day P&L=$+120, equity=$117,505
2026-04-03 20:22:54 | DEBUG    | [20260303] 1 trades, day P&L=$+120, equity=$117,625
2026-04-03 20:22:54 | DEBUG    | [20260324] 1 trades, day P&L=$+45, equity=$117,670
2026-04-03 20:22:54 | INFO     | ============================================================
2026-04-03 20:22:54 | INFO     | SKIP REASONS:
2026-04-03 20:22:54 | INFO     |   dow_filter          : 374
2026-04-03 20:22:54 | INFO     |   early_close         : 6
2026-04-03 20:22:54 | INFO     |   no_quotes           : 11
2026-04-03 20:22:54 | INFO     |   prior_return        : 147
2026-04-03 20:22:54 | INFO     |   straddle_filter     : 36
2026-04-03 20:22:54 | INFO     |   TOTAL TRADES        : 96
2026-04-03 20:22:54 | INFO     | ============================================================
2026-04-03 20:22:54 | INFO     | [ITER 404] straddle_on_zerodb_8 → CREATIVE | P&L=$17,670, Sharpe=11.42, DD=$0
2026-04-03 20:22:54 | DEBUG    | [20220110] 2 trades, day P&L=$+90, equity=$100,090
2026-04-03 20:22:54 | DEBUG    | [20220114] 1 trades, day P&L=$+120, equity=$100,210
2026-04-03 20:22:54 | DEBUG    | [20220118] 2 trades, day P&L=$+240, equity=$100,450
2026-04-03 20:22:54 | DEBUG    | [20220128] 2 trades, day P&L=$+615, equity=$101,065
2026-04-03 20:22:54 | DEBUG    | [20220311] 2 trades, day P&L=$+540, equity=$101,605
2026-04-03 20:22:54 | DEBUG    | [20220408] 2 trades, day P&L=$+90, equity=$101,695
2026-04-03 20:22:54 | DEBUG    | [20220418] 1 trades, day P&L=$+45, equity=$101,740
2026-04-03 20:22:54 | DEBUG    | [20220426] 2 trades, day P&L=$+615, equity=$102,355
2026-04-03 20:22:54 | DEBUG    | [20220503] 1 trades, day P&L=$+195, equity=$102,550
2026-04-03 20:22:54 | DEBUG    | [20220517] 1 trades, day P&L=$+45, equity=$102,595
2026-04-03 20:22:54 | DEBUG    | [20220624] 1 trades, day P&L=$+45, equity=$102,640
2026-04-03 20:22:54 | DEBUG    | [20220628] 1 trades, day P&L=$+45, equity=$102,685
2026-04-03 20:22:54 | DEBUG    | [20220705] 1 trades, day P&L=$+45, equity=$102,730
2026-04-03 20:22:54 | DEBUG    | [20220902] 2 trades, day P&L=$+240, equity=$102,970
2026-04-03 20:22:54 | DEBUG    | [20220913] 1 trades, day P&L=$+45, equity=$103,015
2026-04-03 20:22:54 | DEBUG    | [20220923] 2 trades, day P&L=$+315, equity=$103,330
2026-04-03 20:22:54 | DEBUG    | [20220927] 2 trades, day P&L=$+315, equity=$103,645
2026-04-03 20:22:54 | DEBUG    | [20221003] 1 trades, day P&L=$+45, equity=$103,690
2026-04-03 20:22:54 | DEBUG    | [20221011] 1 trades, day P&L=$+45, equity=$103,735
2026-04-03 20:22:55 | DEBUG    | [20221115] 1 trades, day P&L=$+120, equity=$103,855
2026-04-03 20:22:55 | DEBUG    | [20221118] 1 trades, day P&L=$+45, equity=$103,900
2026-04-03 20:22:55 | DEBUG    | [20221209] 1 trades, day P&L=$+45, equity=$103,945
2026-04-03 20:22:55 | DEBUG    | [20221213] 1 trades, day P&L=$+45, equity=$103,990
2026-04-03 20:22:55 | DEBUG    | [20230203] 2 trades, day P&L=$+90, equity=$104,080
2026-04-03 20:22:55 | DEBUG    | [20230313] 1 trades, day P&L=$+195, equity=$104,275
2026-04-03 20:22:55 | DEBUG    | [20230331] 1 trades, day P&L=$+45, equity=$104,320
2026-04-03 20:22:55 | DEBUG    | [20230929] 1 trades, day P&L=$+45, equity=$104,365
2026-04-03 20:22:55 | DEBUG    | [20231006] 1 trades, day P&L=$+45, equity=$104,410
2026-04-03 20:22:56 | DEBUG    | [20231229] 1 trades, day P&L=$+45, equity=$104,455
2026-04-03 20:22:56 | DEBUG    | [20240216] 1 trades, day P&L=$+45, equity=$104,500
2026-04-03 20:22:56 | DEBUG    | [20240415] 1 trades, day P&L=$+45, equity=$104,545
2026-04-03 20:22:56 | DEBUG    | [20240416] 2 trades, day P&L=$+165, equity=$104,710
2026-04-03 20:22:56 | DEBUG    | [20240419] 1 trades, day P&L=$+45, equity=$104,755
2026-04-03 20:22:56 | DEBUG    | [20240422] 1 trades, day P&L=$+45, equity=$104,800
2026-04-03 20:22:56 | DEBUG    | [20240531] 1 trades, day P&L=$+120, equity=$104,920
2026-04-03 20:22:56 | DEBUG    | [20240607] 1 trades, day P&L=$+45, equity=$104,965
2026-04-03 20:22:56 | DEBUG    | [20240628] 1 trades, day P&L=$+270, equity=$105,235
2026-04-03 20:22:56 | DEBUG    | [20240712] 1 trades, day P&L=$+120, equity=$105,355
2026-04-03 20:22:56 | DEBUG    | [20240715] 1 trades, day P&L=$+45, equity=$105,400
2026-04-03 20:22:56 | DEBUG    | [20240726] 2 trades, day P&L=$+840, equity=$106,240
2026-04-03 20:22:56 | DEBUG    | [20240729] 1 trades, day P&L=$+45, equity=$106,285
2026-04-03 20:22:56 | DEBUG    | [20240730] 1 trades, day P&L=$+120, equity=$106,405
2026-04-03 20:22:56 | DEBUG    | [20240802] 1 trades, day P&L=$+495, equity=$106,900
2026-04-03 20:22:56 | DEBUG    | [20240812] 2 trades, day P&L=$+390, equity=$107,290
2026-04-03 20:22:56 | DEBUG    | [20240813] 1 trades, day P&L=$+45, equity=$107,335
2026-04-03 20:22:56 | DEBUG    | [20240820] 1 trades, day P&L=$+45, equity=$107,380
2026-04-03 20:22:56 | DEBUG    | [20240823] 1 trades, day P&L=$+45, equity=$107,425
2026-04-03 20:22:56 | DEBUG    | [20240830] 1 trades, day P&L=$+120, equity=$107,545
2026-04-03 20:22:56 | DEBUG    | [20240903] 1 trades, day P&L=$+420, equity=$107,965
2026-04-03 20:22:56 | DEBUG    | [20240906] 1 trades, day P&L=$+270, equity=$108,235
2026-04-03 20:22:56 | DEBUG    | [20240913] 1 trades, day P&L=$+45, equity=$108,280
2026-04-03 20:22:56 | DEBUG    | [20240930] 1 trades, day P&L=$+645, equity=$108,925
2026-04-03 20:22:56 | DEBUG    | [20241001] 1 trades, day P&L=$+195, equity=$109,120
2026-04-03 20:22:56 | DEBUG    | [20241025] 1 trades, day P&L=$+45, equity=$109,165
2026-04-03 20:22:56 | DEBUG    | [20241104] 1 trades, day P&L=$+45, equity=$109,210
2026-04-03 20:22:56 | DEBUG    | [20241115] 1 trades, day P&L=$+45, equity=$109,255
2026-04-03 20:22:56 | DEBUG    | [20241220] 1 trades, day P&L=$+495, equity=$109,750
2026-04-03 20:22:56 | DEBUG    | [20241230] 2 trades, day P&L=$+315, equity=$110,065
2026-04-03 20:22:56 | DEBUG    | [20241231] 1 trades, day P&L=$+570, equity=$110,635
2026-04-03 20:22:56 | DEBUG    | [20250107] 1 trades, day P&L=$+270, equity=$110,905
2026-04-03 20:22:56 | DEBUG    | [20250110] 1 trades, day P&L=$+45, equity=$110,950
2026-04-03 20:22:56 | DEBUG    | [20250127] 1 trades, day P&L=$+45, equity=$110,995
2026-04-03 20:22:56 | DEBUG    | [20250131] 1 trades, day P&L=$+570, equity=$111,565
2026-04-03 20:22:56 | DEBUG    | [20250203] 1 trades, day P&L=$+195, equity=$111,760
2026-04-03 20:22:56 | DEBUG    | [20250207] 1 trades, day P&L=$+45, equity=$111,805
2026-04-03 20:22:56 | DEBUG    | [20250221] 1 trades, day P&L=$+45, equity=$111,850
2026-04-03 20:22:56 | DEBUG    | [20250225] 1 trades, day P&L=$+195, equity=$112,045
2026-04-03 20:22:56 | DEBUG    | [20250310] 1 trades, day P&L=$+870, equity=$112,915
2026-04-03 20:22:56 | DEBUG    | [20250314] 1 trades, day P&L=$+270, equity=$113,185
2026-04-03 20:22:56 | DEBUG    | [20250318] 1 trades, day P&L=$+45, equity=$113,230
2026-04-03 20:22:56 | DEBUG    | [20250321] 1 trades, day P&L=$+45, equity=$113,275
2026-04-03 20:22:56 | DEBUG    | [20250328] 1 trades, day P&L=$+45, equity=$113,320
2026-04-03 20:22:56 | DEBUG    | [20250401] 1 trades, day P&L=$+45, equity=$113,365
2026-04-03 20:22:56 | DEBUG    | [20250408] 1 trades, day P&L=$+1620, equity=$114,985
2026-04-03 20:22:56 | DEBUG    | [20250415] 2 trades, day P&L=$+165, equity=$115,150
2026-04-03 20:22:56 | DEBUG    | [20250421] 1 trades, day P&L=$+720, equity=$115,870
2026-04-03 20:22:56 | DEBUG    | [20250428] 2 trades, day P&L=$+240, equity=$116,110
2026-04-03 20:22:57 | DEBUG    | [20250506] 1 trades, day P&L=$+195, equity=$116,305
2026-04-03 20:22:57 | DEBUG    | [20250509] 1 trades, day P&L=$+45, equity=$116,350
2026-04-03 20:22:57 | DEBUG    | [20250512] 1 trades, day P&L=$+195, equity=$116,545
2026-04-03 20:22:57 | DEBUG    | [20250523] 1 trades, day P&L=$+270, equity=$116,815
2026-04-03 20:22:57 | DEBUG    | [20250530] 2 trades, day P&L=$+1365, equity=$118,180
2026-04-03 20:22:57 | DEBUG    | [20250613] 1 trades, day P&L=$+120, equity=$118,300
2026-04-03 20:22:57 | DEBUG    | [20250630] 1 trades, day P&L=$+45, equity=$118,345
2026-04-03 20:22:57 | DEBUG    | [20250801] 1 trades, day P&L=$+45, equity=$118,390
2026-04-03 20:22:57 | DEBUG    | [20250811] 1 trades, day P&L=$+45, equity=$118,435
2026-04-03 20:22:57 | DEBUG    | [20250930] 1 trades, day P&L=$+45, equity=$118,480
2026-04-03 20:22:57 | DEBUG    | [20251010] 1 trades, day P&L=$+1020, equity=$119,500
2026-04-03 20:22:57 | DEBUG    | [20251107] 1 trades, day P&L=$+45, equity=$119,545
2026-04-03 20:22:57 | DEBUG    | [20251117] 1 trades, day P&L=$+195, equity=$119,740
2026-04-03 20:22:57 | DEBUG    | [20251118] 2 trades, day P&L=$+240, equity=$119,980
2026-04-03 20:22:57 | DEBUG    | [20260120] 2 trades, day P&L=$+90, equity=$120,070
2026-04-03 20:22:57 | DEBUG    | [20260206] 1 trades, day P&L=$+120, equity=$120,190
2026-04-03 20:22:57 | DEBUG    | [20260227] 2 trades, day P&L=$+165, equity=$120,355
2026-04-03 20:22:57 | DEBUG    | [20260302] 1 trades, day P&L=$+120, equity=$120,475
2026-04-03 20:22:57 | DEBUG    | [20260303] 1 trades, day P&L=$+120, equity=$120,595
2026-04-03 20:22:57 | DEBUG    | [20260320] 2 trades, day P&L=$+465, equity=$121,060
2026-04-03 20:22:57 | DEBUG    | [20260324] 1 trades, day P&L=$+45, equity=$121,105
2026-04-03 20:22:57 | INFO     | ============================================================
2026-04-03 20:22:57 | INFO     | SKIP REASONS:
2026-04-03 20:22:57 | INFO     |   dow_filter          : 374
2026-04-03 20:22:57 | INFO     |   early_close         : 6
2026-04-03 20:22:57 | INFO     |   no_quotes           : 11
2026-04-03 20:22:57 | INFO     |   prior_return        : 147
2026-04-03 20:22:57 | INFO     |   straddle_filter     : 17
2026-04-03 20:22:57 | INFO     |   TOTAL TRADES        : 119
2026-04-03 20:22:57 | INFO     | ============================================================
2026-04-03 20:22:57 | INFO     | [ITER 405] straddle_on_zerodb_10 → CREATIVE | P&L=$21,105, Sharpe=12.17, DD=$0
2026-04-03 20:22:57 | DEBUG    | [20220110] 2 trades, day P&L=$+90, equity=$100,090
2026-04-03 20:22:57 | DEBUG    | [20220114] 1 trades, day P&L=$+120, equity=$100,210
2026-04-03 20:22:57 | DEBUG    | [20220118] 2 trades, day P&L=$+240, equity=$100,450
2026-04-03 20:22:57 | DEBUG    | [20220121] 2 trades, day P&L=$+615, equity=$101,065
2026-04-03 20:22:57 | DEBUG    | [20220128] 2 trades, day P&L=$+615, equity=$101,680
2026-04-03 20:22:57 | DEBUG    | [20220207] 2 trades, day P&L=$+390, equity=$102,070
2026-04-03 20:22:57 | DEBUG    | [20220222] 2 trades, day P&L=$+915, equity=$102,985
2026-04-03 20:22:57 | DEBUG    | [20220225] 2 trades, day P&L=$+390, equity=$103,375
2026-04-03 20:22:57 | DEBUG    | [20220304] 2 trades, day P&L=$+390, equity=$103,765
2026-04-03 20:22:57 | DEBUG    | [20220307] 2 trades, day P&L=$+540, equity=$104,305
2026-04-03 20:22:57 | DEBUG    | [20220311] 2 trades, day P&L=$+540, equity=$104,845
2026-04-03 20:22:57 | DEBUG    | [20220314] 2 trades, day P&L=$+390, equity=$105,235
2026-04-03 20:22:57 | DEBUG    | [20220408] 2 trades, day P&L=$+90, equity=$105,325
2026-04-03 20:22:57 | DEBUG    | [20220418] 1 trades, day P&L=$+45, equity=$105,370
2026-04-03 20:22:57 | DEBUG    | [20220422] 2 trades, day P&L=$+1290, equity=$106,660
2026-04-03 20:22:57 | DEBUG    | [20220426] 2 trades, day P&L=$+615, equity=$107,275
2026-04-03 20:22:57 | DEBUG    | [20220503] 1 trades, day P&L=$+195, equity=$107,470
2026-04-03 20:22:57 | DEBUG    | [20220509] 2 trades, day P&L=$+1890, equity=$109,360
2026-04-03 20:22:57 | DEBUG    | [20220513] 2 trades, day P&L=$+990, equity=$110,350
2026-04-03 20:22:57 | DEBUG    | [20220517] 1 trades, day P&L=$+45, equity=$110,395
2026-04-03 20:22:57 | DEBUG    | [20220520] 2 trades, day P&L=$+540, equity=$110,935
2026-04-03 20:22:57 | DEBUG    | [20220624] 1 trades, day P&L=$+45, equity=$110,980
2026-04-03 20:22:57 | DEBUG    | [20220628] 1 trades, day P&L=$+45, equity=$111,025
2026-04-03 20:22:57 | DEBUG    | [20220705] 1 trades, day P&L=$+45, equity=$111,070
2026-04-03 20:22:58 | DEBUG    | [20220902] 2 trades, day P&L=$+240, equity=$111,310
2026-04-03 20:22:58 | DEBUG    | [20220913] 1 trades, day P&L=$+45, equity=$111,355
2026-04-03 20:22:58 | DEBUG    | [20220916] 2 trades, day P&L=$+315, equity=$111,670
2026-04-03 20:22:58 | DEBUG    | [20220923] 2 trades, day P&L=$+315, equity=$111,985
2026-04-03 20:22:58 | DEBUG    | [20220927] 2 trades, day P&L=$+315, equity=$112,300
2026-04-03 20:22:58 | DEBUG    | [20221003] 1 trades, day P&L=$+45, equity=$112,345
2026-04-03 20:22:58 | DEBUG    | [20221007] 2 trades, day P&L=$+690, equity=$113,035
2026-04-03 20:22:58 | DEBUG    | [20221011] 1 trades, day P&L=$+45, equity=$113,080
2026-04-03 20:22:58 | DEBUG    | [20221115] 1 trades, day P&L=$+120, equity=$113,200
2026-04-03 20:22:58 | DEBUG    | [20221118] 1 trades, day P&L=$+45, equity=$113,245
2026-04-03 20:22:58 | DEBUG    | [20221209] 1 trades, day P&L=$+45, equity=$113,290
2026-04-03 20:22:58 | DEBUG    | [20221213] 1 trades, day P&L=$+45, equity=$113,335
2026-04-03 20:22:58 | DEBUG    | [20230203] 2 trades, day P&L=$+90, equity=$113,425
2026-04-03 20:22:58 | DEBUG    | [20230313] 1 trades, day P&L=$+195, equity=$113,620
2026-04-03 20:22:58 | DEBUG    | [20230331] 1 trades, day P&L=$+45, equity=$113,665
2026-04-03 20:22:58 | DEBUG    | [20230929] 1 trades, day P&L=$+45, equity=$113,710
2026-04-03 20:22:59 | DEBUG    | [20231006] 1 trades, day P&L=$+45, equity=$113,755
2026-04-03 20:22:59 | DEBUG    | [20231229] 1 trades, day P&L=$+45, equity=$113,800
2026-04-03 20:22:59 | DEBUG    | [20240216] 1 trades, day P&L=$+45, equity=$113,845
2026-04-03 20:22:59 | DEBUG    | [20240415] 1 trades, day P&L=$+45, equity=$113,890
2026-04-03 20:22:59 | DEBUG    | [20240416] 2 trades, day P&L=$+165, equity=$114,055
2026-04-03 20:22:59 | DEBUG    | [20240419] 1 trades, day P&L=$+45, equity=$114,100
2026-04-03 20:22:59 | DEBUG    | [20240422] 1 trades, day P&L=$+45, equity=$114,145
2026-04-03 20:22:59 | DEBUG    | [20240531] 1 trades, day P&L=$+120, equity=$114,265
2026-04-03 20:22:59 | DEBUG    | [20240607] 1 trades, day P&L=$+45, equity=$114,310
2026-04-03 20:22:59 | DEBUG    | [20240628] 1 trades, day P&L=$+270, equity=$114,580
2026-04-03 20:22:59 | DEBUG    | [20240712] 1 trades, day P&L=$+120, equity=$114,700
2026-04-03 20:22:59 | DEBUG    | [20240715] 1 trades, day P&L=$+45, equity=$114,745
2026-04-03 20:22:59 | DEBUG    | [20240726] 2 trades, day P&L=$+840, equity=$115,585
2026-04-03 20:22:59 | DEBUG    | [20240729] 1 trades, day P&L=$+45, equity=$115,630
2026-04-03 20:22:59 | DEBUG    | [20240730] 1 trades, day P&L=$+120, equity=$115,750
2026-04-03 20:22:59 | DEBUG    | [20240802] 1 trades, day P&L=$+495, equity=$116,245
2026-04-03 20:22:59 | DEBUG    | [20240812] 2 trades, day P&L=$+390, equity=$116,635
2026-04-03 20:22:59 | DEBUG    | [20240813] 1 trades, day P&L=$+45, equity=$116,680
2026-04-03 20:22:59 | DEBUG    | [20240820] 1 trades, day P&L=$+45, equity=$116,725
2026-04-03 20:22:59 | DEBUG    | [20240823] 1 trades, day P&L=$+45, equity=$116,770
2026-04-03 20:22:59 | DEBUG    | [20240830] 1 trades, day P&L=$+120, equity=$116,890
2026-04-03 20:22:59 | DEBUG    | [20240903] 1 trades, day P&L=$+420, equity=$117,310
2026-04-03 20:22:59 | DEBUG    | [20240906] 1 trades, day P&L=$+270, equity=$117,580
2026-04-03 20:22:59 | DEBUG    | [20240913] 1 trades, day P&L=$+45, equity=$117,625
2026-04-03 20:22:59 | DEBUG    | [20240930] 1 trades, day P&L=$+645, equity=$118,270
2026-04-03 20:22:59 | DEBUG    | [20241001] 1 trades, day P&L=$+195, equity=$118,465
2026-04-03 20:22:59 | DEBUG    | [20241025] 1 trades, day P&L=$+45, equity=$118,510
2026-04-03 20:22:59 | DEBUG    | [20241104] 1 trades, day P&L=$+45, equity=$118,555
2026-04-03 20:22:59 | DEBUG    | [20241115] 1 trades, day P&L=$+45, equity=$118,600
2026-04-03 20:22:59 | DEBUG    | [20241220] 1 trades, day P&L=$+495, equity=$119,095
2026-04-03 20:22:59 | DEBUG    | [20241230] 2 trades, day P&L=$+315, equity=$119,410
2026-04-03 20:22:59 | DEBUG    | [20241231] 1 trades, day P&L=$+570, equity=$119,980
2026-04-03 20:22:59 | DEBUG    | [20250107] 1 trades, day P&L=$+270, equity=$120,250
2026-04-03 20:22:59 | DEBUG    | [20250110] 1 trades, day P&L=$+45, equity=$120,295
2026-04-03 20:22:59 | DEBUG    | [20250127] 1 trades, day P&L=$+45, equity=$120,340
2026-04-03 20:22:59 | DEBUG    | [20250131] 1 trades, day P&L=$+570, equity=$120,910
2026-04-03 20:22:59 | DEBUG    | [20250203] 1 trades, day P&L=$+195, equity=$121,105
2026-04-03 20:23:00 | DEBUG    | [20250207] 1 trades, day P&L=$+45, equity=$121,150
2026-04-03 20:23:00 | DEBUG    | [20250221] 1 trades, day P&L=$+45, equity=$121,195
2026-04-03 20:23:00 | DEBUG    | [20250225] 1 trades, day P&L=$+195, equity=$121,390
2026-04-03 20:23:00 | DEBUG    | [20250310] 1 trades, day P&L=$+870, equity=$122,260
2026-04-03 20:23:00 | DEBUG    | [20250314] 1 trades, day P&L=$+270, equity=$122,530
2026-04-03 20:23:00 | DEBUG    | [20250318] 1 trades, day P&L=$+45, equity=$122,575
2026-04-03 20:23:00 | DEBUG    | [20250321] 1 trades, day P&L=$+45, equity=$122,620
2026-04-03 20:23:00 | DEBUG    | [20250328] 1 trades, day P&L=$+45, equity=$122,665
2026-04-03 20:23:00 | DEBUG    | [20250401] 1 trades, day P&L=$+45, equity=$122,710
2026-04-03 20:23:00 | DEBUG    | [20250408] 1 trades, day P&L=$+1620, equity=$124,330
2026-04-03 20:23:00 | DEBUG    | [20250415] 2 trades, day P&L=$+165, equity=$124,495
2026-04-03 20:23:00 | DEBUG    | [20250421] 1 trades, day P&L=$+720, equity=$125,215
2026-04-03 20:23:00 | DEBUG    | [20250428] 2 trades, day P&L=$+240, equity=$125,455
2026-04-03 20:23:00 | DEBUG    | [20250506] 1 trades, day P&L=$+195, equity=$125,650
2026-04-03 20:23:00 | DEBUG    | [20250509] 1 trades, day P&L=$+45, equity=$125,695
2026-04-03 20:23:00 | DEBUG    | [20250512] 1 trades, day P&L=$+195, equity=$125,890
2026-04-03 20:23:00 | DEBUG    | [20250523] 1 trades, day P&L=$+270, equity=$126,160
2026-04-03 20:23:00 | DEBUG    | [20250530] 2 trades, day P&L=$+1365, equity=$127,525
2026-04-03 20:23:00 | DEBUG    | [20250613] 1 trades, day P&L=$+120, equity=$127,645
2026-04-03 20:23:00 | DEBUG    | [20250630] 1 trades, day P&L=$+45, equity=$127,690
2026-04-03 20:23:00 | DEBUG    | [20250801] 1 trades, day P&L=$+45, equity=$127,735
2026-04-03 20:23:00 | DEBUG    | [20250811] 1 trades, day P&L=$+45, equity=$127,780
2026-04-03 20:23:00 | DEBUG    | [20250930] 1 trades, day P&L=$+45, equity=$127,825
2026-04-03 20:23:00 | DEBUG    | [20251010] 1 trades, day P&L=$+1020, equity=$128,845
2026-04-03 20:23:00 | DEBUG    | [20251107] 1 trades, day P&L=$+45, equity=$128,890
2026-04-03 20:23:00 | DEBUG    | [20251117] 1 trades, day P&L=$+195, equity=$129,085
2026-04-03 20:23:00 | DEBUG    | [20251118] 2 trades, day P&L=$+240, equity=$129,325
2026-04-03 20:23:00 | DEBUG    | [20260120] 2 trades, day P&L=$+90, equity=$129,415
2026-04-03 20:23:00 | DEBUG    | [20260130] 1 trades, day P&L=$+120, equity=$129,535
2026-04-03 20:23:00 | DEBUG    | [20260206] 1 trades, day P&L=$+120, equity=$129,655
2026-04-03 20:23:00 | DEBUG    | [20260227] 2 trades, day P&L=$+165, equity=$129,820
2026-04-03 20:23:00 | DEBUG    | [20260302] 1 trades, day P&L=$+120, equity=$129,940
2026-04-03 20:23:00 | DEBUG    | [20260303] 1 trades, day P&L=$+120, equity=$130,060
2026-04-03 20:23:00 | DEBUG    | [20260309] 2 trades, day P&L=$+615, equity=$130,675
2026-04-03 20:23:00 | DEBUG    | [20260310] 1 trades, day P&L=$+120, equity=$130,795
2026-04-03 20:23:00 | DEBUG    | [20260320] 2 trades, day P&L=$+465, equity=$131,260
2026-04-03 20:23:00 | DEBUG    | [20260324] 1 trades, day P&L=$+45, equity=$131,305
2026-04-03 20:23:00 | INFO     | ============================================================
2026-04-03 20:23:00 | INFO     | SKIP REASONS:
2026-04-03 20:23:00 | INFO     |   dow_filter          : 374
2026-04-03 20:23:00 | INFO     |   early_close         : 6
2026-04-03 20:23:00 | INFO     |   no_quotes           : 11
2026-04-03 20:23:00 | INFO     |   prior_return        : 147
2026-04-03 20:23:00 | INFO     |   TOTAL TRADES        : 149
2026-04-03 20:23:00 | INFO     | ============================================================
2026-04-03 20:23:00 | INFO     | [ITER 406] straddle_on_zerodb_999 → CREATIVE | P&L=$31,305, Sharpe=12.75, DD=$0
2026-04-03 20:23:00 | DEBUG    | [20220110] 2 trades, day P&L=$+90, equity=$100,090
2026-04-03 20:23:00 | DEBUG    | [20220114] 1 trades, day P&L=$+120, equity=$100,210
2026-04-03 20:23:00 | DEBUG    | [20220118] 2 trades, day P&L=$+240, equity=$100,450
2026-04-03 20:23:00 | DEBUG    | [20220121] 2 trades, day P&L=$+615, equity=$101,065
2026-04-03 20:23:00 | DEBUG    | [20220128] 2 trades, day P&L=$+615, equity=$101,680
2026-04-03 20:23:00 | DEBUG    | [20220207] 2 trades, day P&L=$+390, equity=$102,070
2026-04-03 20:23:00 | DEBUG    | [20220222] 2 trades, day P&L=$+915, equity=$102,985
2026-04-03 20:23:00 | DEBUG    | [20220225] 2 trades, day P&L=$+390, equity=$103,375
2026-04-03 20:23:00 | DEBUG    | [20220304] 2 trades, day P&L=$+390, equity=$103,765
2026-04-03 20:23:00 | DEBUG    | [20220307] 2 trades, day P&L=$+540, equity=$104,305
2026-04-03 20:23:00 | DEBUG    | [20220311] 2 trades, day P&L=$+540, equity=$104,845
2026-04-03 20:23:00 | DEBUG    | [20220314] 2 trades, day P&L=$+390, equity=$105,235
2026-04-03 20:23:00 | DEBUG    | [20220408] 2 trades, day P&L=$+90, equity=$105,325
2026-04-03 20:23:00 | DEBUG    | [20220418] 1 trades, day P&L=$+45, equity=$105,370
2026-04-03 20:23:00 | DEBUG    | [20220422] 2 trades, day P&L=$+1290, equity=$106,660
2026-04-03 20:23:00 | DEBUG    | [20220426] 2 trades, day P&L=$+615, equity=$107,275
2026-04-03 20:23:00 | DEBUG    | [20220503] 1 trades, day P&L=$+195, equity=$107,470
2026-04-03 20:23:00 | DEBUG    | [20220509] 2 trades, day P&L=$+1890, equity=$109,360
2026-04-03 20:23:00 | DEBUG    | [20220513] 2 trades, day P&L=$+990, equity=$110,350
2026-04-03 20:23:00 | DEBUG    | [20220517] 1 trades, day P&L=$+45, equity=$110,395
2026-04-03 20:23:00 | DEBUG    | [20220520] 2 trades, day P&L=$+540, equity=$110,935
2026-04-03 20:23:01 | DEBUG    | [20220624] 1 trades, day P&L=$+45, equity=$110,980
2026-04-03 20:23:01 | DEBUG    | [20220628] 1 trades, day P&L=$+45, equity=$111,025
2026-04-03 20:23:01 | DEBUG    | [20220705] 1 trades, day P&L=$+45, equity=$111,070
2026-04-03 20:23:01 | DEBUG    | [20220902] 2 trades, day P&L=$+240, equity=$111,310
2026-04-03 20:23:01 | DEBUG    | [20220913] 1 trades, day P&L=$+45, equity=$111,355
2026-04-03 20:23:01 | DEBUG    | [20220916] 2 trades, day P&L=$+315, equity=$111,670
2026-04-03 20:23:01 | DEBUG    | [20220923] 2 trades, day P&L=$+315, equity=$111,985
2026-04-03 20:23:01 | DEBUG    | [20220927] 2 trades, day P&L=$+315, equity=$112,300
2026-04-03 20:23:01 | DEBUG    | [20221003] 1 trades, day P&L=$+45, equity=$112,345
2026-04-03 20:23:01 | DEBUG    | [20221007] 2 trades, day P&L=$+690, equity=$113,035
2026-04-03 20:23:01 | DEBUG    | [20221011] 1 trades, day P&L=$+45, equity=$113,080
2026-04-03 20:23:01 | DEBUG    | [20221115] 1 trades, day P&L=$+120, equity=$113,200
2026-04-03 20:23:01 | DEBUG    | [20221118] 1 trades, day P&L=$+45, equity=$113,245
2026-04-03 20:23:01 | DEBUG    | [20221209] 1 trades, day P&L=$+45, equity=$113,290
2026-04-03 20:23:01 | DEBUG    | [20221213] 1 trades, day P&L=$+45, equity=$113,335
2026-04-03 20:23:01 | DEBUG    | [20230203] 2 trades, day P&L=$+90, equity=$113,425
2026-04-03 20:23:01 | DEBUG    | [20230313] 1 trades, day P&L=$+195, equity=$113,620
2026-04-03 20:23:01 | DEBUG    | [20230331] 1 trades, day P&L=$+45, equity=$113,665
2026-04-03 20:23:02 | DEBUG    | [20230929] 1 trades, day P&L=$+45, equity=$113,710
2026-04-03 20:23:02 | DEBUG    | [20231006] 1 trades, day P&L=$+45, equity=$113,755
2026-04-03 20:23:02 | DEBUG    | [20231229] 1 trades, day P&L=$+45, equity=$113,800
2026-04-03 20:23:02 | DEBUG    | [20240216] 1 trades, day P&L=$+45, equity=$113,845
2026-04-03 20:23:02 | DEBUG    | [20240415] 1 trades, day P&L=$+45, equity=$113,890
2026-04-03 20:23:02 | DEBUG    | [20240416] 2 trades, day P&L=$+165, equity=$114,055
2026-04-03 20:23:02 | DEBUG    | [20240419] 1 trades, day P&L=$+45, equity=$114,100
2026-04-03 20:23:02 | DEBUG    | [20240422] 1 trades, day P&L=$+45, equity=$114,145
2026-04-03 20:23:02 | DEBUG    | [20240531] 1 trades, day P&L=$+120, equity=$114,265
2026-04-03 20:23:02 | DEBUG    | [20240607] 1 trades, day P&L=$+45, equity=$114,310
2026-04-03 20:23:02 | DEBUG    | [20240628] 1 trades, day P&L=$+270, equity=$114,580
2026-04-03 20:23:02 | DEBUG    | [20240712] 1 trades, day P&L=$+120, equity=$114,700
2026-04-03 20:23:02 | DEBUG    | [20240715] 1 trades, day P&L=$+45, equity=$114,745
2026-04-03 20:23:02 | DEBUG    | [20240726] 2 trades, day P&L=$+840, equity=$115,585
2026-04-03 20:23:02 | DEBUG    | [20240729] 1 trades, day P&L=$+45, equity=$115,630
2026-04-03 20:23:02 | DEBUG    | [20240730] 1 trades, day P&L=$+120, equity=$115,750
2026-04-03 20:23:02 | DEBUG    | [20240802] 1 trades, day P&L=$+495, equity=$116,245
2026-04-03 20:23:02 | DEBUG    | [20240812] 2 trades, day P&L=$+390, equity=$116,635
2026-04-03 20:23:02 | DEBUG    | [20240813] 1 trades, day P&L=$+45, equity=$116,680
2026-04-03 20:23:02 | DEBUG    | [20240820] 1 trades, day P&L=$+45, equity=$116,725
2026-04-03 20:23:02 | DEBUG    | [20240823] 1 trades, day P&L=$+45, equity=$116,770
2026-04-03 20:23:02 | DEBUG    | [20240830] 1 trades, day P&L=$+120, equity=$116,890
2026-04-03 20:23:02 | DEBUG    | [20240903] 1 trades, day P&L=$+420, equity=$117,310
2026-04-03 20:23:02 | DEBUG    | [20240906] 1 trades, day P&L=$+270, equity=$117,580
2026-04-03 20:23:02 | DEBUG    | [20240913] 1 trades, day P&L=$+45, equity=$117,625
2026-04-03 20:23:02 | DEBUG    | [20240930] 1 trades, day P&L=$+645, equity=$118,270
2026-04-03 20:23:02 | DEBUG    | [20241001] 1 trades, day P&L=$+195, equity=$118,465
2026-04-03 20:23:02 | DEBUG    | [20241025] 1 trades, day P&L=$+45, equity=$118,510
2026-04-03 20:23:02 | DEBUG    | [20241104] 1 trades, day P&L=$+45, equity=$118,555
2026-04-03 20:23:02 | DEBUG    | [20241115] 1 trades, day P&L=$+45, equity=$118,600
2026-04-03 20:23:03 | DEBUG    | [20241220] 1 trades, day P&L=$+495, equity=$119,095
2026-04-03 20:23:03 | DEBUG    | [20241230] 2 trades, day P&L=$+315, equity=$119,410
2026-04-03 20:23:03 | DEBUG    | [20241231] 1 trades, day P&L=$+570, equity=$119,980
2026-04-03 20:23:03 | DEBUG    | [20250107] 1 trades, day P&L=$+270, equity=$120,250
2026-04-03 20:23:03 | DEBUG    | [20250110] 1 trades, day P&L=$+45, equity=$120,295
2026-04-03 20:23:03 | DEBUG    | [20250127] 1 trades, day P&L=$+45, equity=$120,340
2026-04-03 20:23:03 | DEBUG    | [20250131] 1 trades, day P&L=$+570, equity=$120,910
2026-04-03 20:23:03 | DEBUG    | [20250203] 1 trades, day P&L=$+195, equity=$121,105
2026-04-03 20:23:03 | DEBUG    | [20250207] 1 trades, day P&L=$+45, equity=$121,150
2026-04-03 20:23:03 | DEBUG    | [20250221] 1 trades, day P&L=$+45, equity=$121,195
2026-04-03 20:23:03 | DEBUG    | [20250225] 1 trades, day P&L=$+195, equity=$121,390
2026-04-03 20:23:03 | DEBUG    | [20250310] 1 trades, day P&L=$+870, equity=$122,260
2026-04-03 20:23:03 | DEBUG    | [20250314] 1 trades, day P&L=$+270, equity=$122,530
2026-04-03 20:23:03 | DEBUG    | [20250318] 1 trades, day P&L=$+45, equity=$122,575
2026-04-03 20:23:03 | DEBUG    | [20250321] 1 trades, day P&L=$+45, equity=$122,620
2026-04-03 20:23:03 | DEBUG    | [20250328] 1 trades, day P&L=$+45, equity=$122,665
2026-04-03 20:23:03 | DEBUG    | [20250401] 1 trades, day P&L=$+45, equity=$122,710
2026-04-03 20:23:03 | DEBUG    | [20250408] 1 trades, day P&L=$+1620, equity=$124,330
2026-04-03 20:23:03 | DEBUG    | [20250415] 2 trades, day P&L=$+165, equity=$124,495
2026-04-03 20:23:03 | DEBUG    | [20250421] 1 trades, day P&L=$+720, equity=$125,215
2026-04-03 20:23:03 | DEBUG    | [20250428] 2 trades, day P&L=$+240, equity=$125,455
2026-04-03 20:23:03 | DEBUG    | [20250506] 1 trades, day P&L=$+195, equity=$125,650
2026-04-03 20:23:03 | DEBUG    | [20250509] 1 trades, day P&L=$+45, equity=$125,695
2026-04-03 20:23:03 | DEBUG    | [20250512] 1 trades, day P&L=$+195, equity=$125,890
2026-04-03 20:23:03 | DEBUG    | [20250523] 1 trades, day P&L=$+270, equity=$126,160
2026-04-03 20:23:03 | DEBUG    | [20250530] 2 trades, day P&L=$+1365, equity=$127,525
2026-04-03 20:23:03 | DEBUG    | [20250613] 1 trades, day P&L=$+120, equity=$127,645
2026-04-03 20:23:03 | DEBUG    | [20250630] 1 trades, day P&L=$+45, equity=$127,690
2026-04-03 20:23:03 | DEBUG    | [20250801] 1 trades, day P&L=$+45, equity=$127,735
2026-04-03 20:23:03 | DEBUG    | [20250811] 1 trades, day P&L=$+45, equity=$127,780
2026-04-03 20:23:03 | DEBUG    | [20250930] 1 trades, day P&L=$+45, equity=$127,825
2026-04-03 20:23:03 | DEBUG    | [20251010] 1 trades, day P&L=$+1020, equity=$128,845
2026-04-03 20:23:03 | DEBUG    | [20251107] 1 trades, day P&L=$+45, equity=$128,890
2026-04-03 20:23:03 | DEBUG    | [20251117] 1 trades, day P&L=$+195, equity=$129,085
2026-04-03 20:23:03 | DEBUG    | [20251118] 2 trades, day P&L=$+240, equity=$129,325
2026-04-03 20:23:03 | DEBUG    | [20260120] 2 trades, day P&L=$+90, equity=$129,415
2026-04-03 20:23:03 | DEBUG    | [20260130] 1 trades, day P&L=$+120, equity=$129,535
2026-04-03 20:23:03 | DEBUG    | [20260206] 1 trades, day P&L=$+120, equity=$129,655
2026-04-03 20:23:03 | DEBUG    | [20260227] 2 trades, day P&L=$+165, equity=$129,820
2026-04-03 20:23:03 | DEBUG    | [20260302] 1 trades, day P&L=$+120, equity=$129,940
2026-04-03 20:23:03 | DEBUG    | [20260303] 1 trades, day P&L=$+120, equity=$130,060
2026-04-03 20:23:03 | DEBUG    | [20260309] 2 trades, day P&L=$+615, equity=$130,675
2026-04-03 20:23:03 | DEBUG    | [20260310] 1 trades, day P&L=$+120, equity=$130,795
2026-04-03 20:23:03 | DEBUG    | [20260320] 2 trades, day P&L=$+465, equity=$131,260
2026-04-03 20:23:03 | DEBUG    | [20260324] 1 trades, day P&L=$+45, equity=$131,305
2026-04-03 20:23:03 | INFO     | ============================================================
2026-04-03 20:23:03 | INFO     | SKIP REASONS:
2026-04-03 20:23:03 | INFO     |   dow_filter          : 374
2026-04-03 20:23:03 | INFO     |   early_close         : 6
2026-04-03 20:23:03 | INFO     |   no_quotes           : 11
2026-04-03 20:23:03 | INFO     |   prior_return        : 147
2026-04-03 20:23:03 | INFO     |   TOTAL TRADES        : 149
2026-04-03 20:23:03 | INFO     | ============================================================
2026-04-03 20:23:04 | DEBUG    | [20220426] 2 trades, day P&L=$+615, equity=$100,615
2026-04-03 20:23:04 | DEBUG    | [20220503] 1 trades, day P&L=$+195, equity=$100,810
2026-04-03 20:23:05 | DEBUG    | [20240216] 1 trades, day P&L=$+45, equity=$100,855
2026-04-03 20:23:05 | DEBUG    | [20240415] 1 trades, day P&L=$+45, equity=$100,900
2026-04-03 20:23:05 | DEBUG    | [20240419] 1 trades, day P&L=$+45, equity=$100,945
2026-04-03 20:23:05 | DEBUG    | [20240422] 1 trades, day P&L=$+45, equity=$100,990
2026-04-03 20:23:05 | DEBUG    | [20240531] 1 trades, day P&L=$+120, equity=$101,110
2026-04-03 20:23:05 | DEBUG    | [20240628] 1 trades, day P&L=$+270, equity=$101,380
2026-04-03 20:23:05 | DEBUG    | [20240712] 1 trades, day P&L=$+120, equity=$101,500
2026-04-03 20:23:05 | DEBUG    | [20240715] 1 trades, day P&L=$+45, equity=$101,545
2026-04-03 20:23:05 | DEBUG    | [20240726] 2 trades, day P&L=$+840, equity=$102,385
2026-04-03 20:23:05 | DEBUG    | [20240730] 1 trades, day P&L=$+120, equity=$102,505
2026-04-03 20:23:05 | DEBUG    | [20240802] 1 trades, day P&L=$+495, equity=$103,000
2026-04-03 20:23:05 | DEBUG    | [20240812] 2 trades, day P&L=$+390, equity=$103,390
2026-04-03 20:23:05 | DEBUG    | [20240813] 1 trades, day P&L=$+45, equity=$103,435
2026-04-03 20:23:05 | DEBUG    | [20240820] 1 trades, day P&L=$+45, equity=$103,480
2026-04-03 20:23:05 | DEBUG    | [20240823] 1 trades, day P&L=$+45, equity=$103,525
2026-04-03 20:23:05 | DEBUG    | [20240830] 1 trades, day P&L=$+120, equity=$103,645
2026-04-03 20:23:05 | DEBUG    | [20240903] 1 trades, day P&L=$+420, equity=$104,065
2026-04-03 20:23:05 | DEBUG    | [20240906] 1 trades, day P&L=$+270, equity=$104,335
2026-04-03 20:23:05 | DEBUG    | [20240913] 1 trades, day P&L=$+45, equity=$104,380
2026-04-03 20:23:05 | DEBUG    | [20240930] 1 trades, day P&L=$+645, equity=$105,025
2026-04-03 20:23:05 | DEBUG    | [20241001] 1 trades, day P&L=$+195, equity=$105,220
2026-04-03 20:23:05 | DEBUG    | [20241025] 1 trades, day P&L=$+45, equity=$105,265
2026-04-03 20:23:06 | DEBUG    | [20241104] 1 trades, day P&L=$+45, equity=$105,310
2026-04-03 20:23:06 | DEBUG    | [20241115] 1 trades, day P&L=$+45, equity=$105,355
2026-04-03 20:23:06 | DEBUG    | [20241220] 1 trades, day P&L=$+495, equity=$105,850
2026-04-03 20:23:06 | DEBUG    | [20241230] 2 trades, day P&L=$+315, equity=$106,165
2026-04-03 20:23:06 | DEBUG    | [20241231] 1 trades, day P&L=$+570, equity=$106,735
2026-04-03 20:23:06 | DEBUG    | [20250107] 1 trades, day P&L=$+270, equity=$107,005
2026-04-03 20:23:06 | DEBUG    | [20250110] 1 trades, day P&L=$+45, equity=$107,050
2026-04-03 20:23:06 | DEBUG    | [20250127] 1 trades, day P&L=$+45, equity=$107,095
2026-04-03 20:23:06 | DEBUG    | [20250131] 1 trades, day P&L=$+570, equity=$107,665
2026-04-03 20:23:06 | DEBUG    | [20250203] 1 trades, day P&L=$+195, equity=$107,860
2026-04-03 20:23:06 | DEBUG    | [20250207] 1 trades, day P&L=$+45, equity=$107,905
2026-04-03 20:23:06 | DEBUG    | [20250221] 1 trades, day P&L=$+45, equity=$107,950
2026-04-03 20:23:06 | DEBUG    | [20250225] 1 trades, day P&L=$+195, equity=$108,145
2026-04-03 20:23:06 | DEBUG    | [20250310] 1 trades, day P&L=$+870, equity=$109,015
2026-04-03 20:23:06 | DEBUG    | [20250314] 1 trades, day P&L=$+270, equity=$109,285
2026-04-03 20:23:06 | DEBUG    | [20250318] 1 trades, day P&L=$+45, equity=$109,330
2026-04-03 20:23:06 | DEBUG    | [20250321] 1 trades, day P&L=$+45, equity=$109,375
2026-04-03 20:23:06 | DEBUG    | [20250328] 1 trades, day P&L=$+45, equity=$109,420
2026-04-03 20:23:06 | DEBUG    | [20250401] 1 trades, day P&L=$+45, equity=$109,465
2026-04-03 20:23:06 | DEBUG    | [20250408] 1 trades, day P&L=$+1620, equity=$111,085
2026-04-03 20:23:06 | DEBUG    | [20250415] 2 trades, day P&L=$+165, equity=$111,250
2026-04-03 20:23:06 | DEBUG    | [20250421] 1 trades, day P&L=$+720, equity=$111,970
2026-04-03 20:23:06 | DEBUG    | [20250506] 1 trades, day P&L=$+195, equity=$112,165
2026-04-03 20:23:06 | DEBUG    | [20250509] 1 trades, day P&L=$+45, equity=$112,210
2026-04-03 20:23:06 | DEBUG    | [20250512] 1 trades, day P&L=$+195, equity=$112,405
2026-04-03 20:23:06 | DEBUG    | [20250523] 1 trades, day P&L=$+270, equity=$112,675
2026-04-03 20:23:06 | DEBUG    | [20250530] 2 trades, day P&L=$+1365, equity=$114,040
2026-04-03 20:23:06 | DEBUG    | [20250613] 1 trades, day P&L=$+120, equity=$114,160
2026-04-03 20:23:06 | DEBUG    | [20250630] 1 trades, day P&L=$+45, equity=$114,205
2026-04-03 20:23:06 | DEBUG    | [20250801] 1 trades, day P&L=$+45, equity=$114,250
2026-04-03 20:23:06 | DEBUG    | [20250811] 1 trades, day P&L=$+45, equity=$114,295
2026-04-03 20:23:06 | DEBUG    | [20250930] 1 trades, day P&L=$+45, equity=$114,340
2026-04-03 20:23:06 | DEBUG    | [20251010] 1 trades, day P&L=$+1020, equity=$115,360
2026-04-03 20:23:06 | DEBUG    | [20251107] 1 trades, day P&L=$+45, equity=$115,405
2026-04-03 20:23:06 | DEBUG    | [20251117] 1 trades, day P&L=$+195, equity=$115,600
2026-04-03 20:23:06 | DEBUG    | [20251118] 2 trades, day P&L=$+240, equity=$115,840
2026-04-03 20:23:06 | DEBUG    | [20260303] 1 trades, day P&L=$+120, equity=$115,960
2026-04-03 20:23:06 | INFO     | ============================================================
2026-04-03 20:23:06 | INFO     | SKIP REASONS:
2026-04-03 20:23:06 | INFO     |   dow_filter          : 374
2026-04-03 20:23:06 | INFO     |   early_close         : 6
2026-04-03 20:23:06 | INFO     |   no_quotes           : 11
2026-04-03 20:23:06 | INFO     |   prior_return        : 147
2026-04-03 20:23:06 | INFO     |   straddle_filter     : 157
2026-04-03 20:23:06 | INFO     |   TOTAL TRADES        : 68
2026-04-03 20:23:06 | INFO     | ============================================================
2026-04-03 20:23:07 | DEBUG    | [20220426] 2 trades, day P&L=$+615, equity=$100,615
2026-04-03 20:23:07 | DEBUG    | [20220503] 1 trades, day P&L=$+195, equity=$100,810
2026-04-03 20:23:08 | DEBUG    | [20240415] 1 trades, day P&L=$+45, equity=$100,855
2026-04-03 20:23:08 | DEBUG    | [20240422] 1 trades, day P&L=$+45, equity=$100,900
2026-04-03 20:23:08 | DEBUG    | [20240715] 1 trades, day P&L=$+45, equity=$100,945
2026-04-03 20:23:08 | DEBUG    | [20240730] 1 trades, day P&L=$+120, equity=$101,065
2026-04-03 20:23:08 | DEBUG    | [20240812] 2 trades, day P&L=$+390, equity=$101,455
2026-04-03 20:23:08 | DEBUG    | [20240813] 1 trades, day P&L=$+45, equity=$101,500
2026-04-03 20:23:08 | DEBUG    | [20240820] 1 trades, day P&L=$+45, equity=$101,545
2026-04-03 20:23:08 | DEBUG    | [20240903] 1 trades, day P&L=$+420, equity=$101,965
2026-04-03 20:23:08 | DEBUG    | [20240930] 1 trades, day P&L=$+645, equity=$102,610
2026-04-03 20:23:08 | DEBUG    | [20241001] 1 trades, day P&L=$+195, equity=$102,805
2026-04-03 20:23:08 | DEBUG    | [20241104] 1 trades, day P&L=$+45, equity=$102,850
2026-04-03 20:23:08 | DEBUG    | [20241230] 2 trades, day P&L=$+315, equity=$103,165
2026-04-03 20:23:08 | DEBUG    | [20241231] 1 trades, day P&L=$+570, equity=$103,735
2026-04-03 20:23:08 | DEBUG    | [20250107] 1 trades, day P&L=$+270, equity=$104,005
2026-04-03 20:23:08 | DEBUG    | [20250127] 1 trades, day P&L=$+45, equity=$104,050
2026-04-03 20:23:08 | DEBUG    | [20250203] 1 trades, day P&L=$+195, equity=$104,245
2026-04-03 20:23:08 | DEBUG    | [20250225] 1 trades, day P&L=$+195, equity=$104,440
2026-04-03 20:23:08 | DEBUG    | [20250310] 1 trades, day P&L=$+870, equity=$105,310
2026-04-03 20:23:08 | DEBUG    | [20250318] 1 trades, day P&L=$+45, equity=$105,355
2026-04-03 20:23:08 | DEBUG    | [20250401] 1 trades, day P&L=$+45, equity=$105,400
2026-04-03 20:23:08 | DEBUG    | [20250408] 1 trades, day P&L=$+1620, equity=$107,020
2026-04-03 20:23:08 | DEBUG    | [20250415] 2 trades, day P&L=$+165, equity=$107,185
2026-04-03 20:23:08 | DEBUG    | [20250421] 1 trades, day P&L=$+720, equity=$107,905
2026-04-03 20:23:08 | DEBUG    | [20250506] 1 trades, day P&L=$+195, equity=$108,100
2026-04-03 20:23:08 | DEBUG    | [20250512] 1 trades, day P&L=$+195, equity=$108,295
2026-04-03 20:23:08 | DEBUG    | [20250630] 1 trades, day P&L=$+45, equity=$108,340
2026-04-03 20:23:08 | DEBUG    | [20250811] 1 trades, day P&L=$+45, equity=$108,385
2026-04-03 20:23:08 | DEBUG    | [20250930] 1 trades, day P&L=$+45, equity=$108,430
2026-04-03 20:23:08 | DEBUG    | [20251117] 1 trades, day P&L=$+195, equity=$108,625
2026-04-03 20:23:08 | DEBUG    | [20251118] 2 trades, day P&L=$+240, equity=$108,865
2026-04-03 20:23:08 | DEBUG    | [20260303] 1 trades, day P&L=$+120, equity=$108,985
2026-04-03 20:23:08 | INFO     | ============================================================
2026-04-03 20:23:08 | INFO     | SKIP REASONS:
2026-04-03 20:23:08 | INFO     |   dow_filter          : 551
2026-04-03 20:23:08 | INFO     |   early_close         : 6
2026-04-03 20:23:08 | INFO     |   no_quotes           : 11
2026-04-03 20:23:08 | INFO     |   prior_return        : 147
2026-04-03 20:23:08 | INFO     |   straddle_filter     : 85
2026-04-03 20:23:08 | INFO     |   TOTAL TRADES        : 38
2026-04-03 20:23:08 | INFO     | ============================================================
2026-04-03 20:23:09 | DEBUG    | [20221013] 2 trades, day P&L=$+165, equity=$100,165
2026-04-03 20:23:09 | DEBUG    | [20240808] 1 trades, day P&L=$+45, equity=$100,210
2026-04-03 20:23:09 | DEBUG    | [20240829] 1 trades, day P&L=$+45, equity=$100,255
2026-04-03 20:23:09 | DEBUG    | [20240905] 1 trades, day P&L=$+45, equity=$100,300
2026-04-03 20:23:09 | DEBUG    | [20240919] 1 trades, day P&L=$+45, equity=$100,345
2026-04-03 20:23:09 | DEBUG    | [20241031] 1 trades, day P&L=$+45, equity=$100,390
2026-04-03 20:23:09 | DEBUG    | [20250102] 1 trades, day P&L=$+45, equity=$100,435
2026-04-03 20:23:09 | DEBUG    | [20250130] 1 trades, day P&L=$+45, equity=$100,480
2026-04-03 20:23:09 | DEBUG    | [20250227] 1 trades, day P&L=$+45, equity=$100,525
2026-04-03 20:23:09 | DEBUG    | [20250306] 1 trades, day P&L=$+645, equity=$101,170
2026-04-03 20:23:09 | DEBUG    | [20250313] 1 trades, day P&L=$+120, equity=$101,290
2026-04-03 20:23:09 | DEBUG    | [20250327] 1 trades, day P&L=$+45, equity=$101,335
2026-04-03 20:23:09 | DEBUG    | [20250403] 1 trades, day P&L=$+795, equity=$102,130
2026-04-03 20:23:09 | DEBUG    | [20250501] 1 trades, day P&L=$+45, equity=$102,175
2026-04-03 20:23:09 | DEBUG    | [20250508] 2 trades, day P&L=$+465, equity=$102,640
2026-04-03 20:23:09 | DEBUG    | [20250529] 1 trades, day P&L=$+120, equity=$102,760
2026-04-03 20:23:09 | DEBUG    | [20250605] 1 trades, day P&L=$+120, equity=$102,880
2026-04-03 20:23:09 | DEBUG    | [20250731] 1 trades, day P&L=$+195, equity=$103,075
2026-04-03 20:23:10 | DEBUG    | [20251016] 1 trades, day P&L=$+270, equity=$103,345
2026-04-03 20:23:10 | DEBUG    | [20251113] 1 trades, day P&L=$+195, equity=$103,540
2026-04-03 20:23:10 | DEBUG    | [20251120] 1 trades, day P&L=$+195, equity=$103,735
2026-04-03 20:23:10 | DEBUG    | [20251218] 1 trades, day P&L=$+45, equity=$103,780
2026-04-03 20:23:10 | INFO     | ============================================================
2026-04-03 20:23:10 | INFO     | SKIP REASONS:
2026-04-03 20:23:10 | INFO     |   dow_filter          : 724
2026-04-03 20:23:10 | INFO     |   early_close         : 6
2026-04-03 20:23:10 | INFO     |   no_quotes           : 10
2026-04-03 20:23:10 | INFO     |   oi_filter           : 41
2026-04-03 20:23:10 | INFO     |   prior_return        : 147
2026-04-03 20:23:10 | INFO     |   straddle_filter     : 52
2026-04-03 20:23:10 | INFO     |   TOTAL TRADES        : 24
2026-04-03 20:23:10 | INFO     | ============================================================
2026-04-03 20:23:10 | DEBUG    | [20240308] 1 trades, day P&L=$+120, equity=$100,120
2026-04-03 20:23:10 | DEBUG    | [20240315] 1 trades, day P&L=$+120, equity=$100,240
2026-04-03 20:23:10 | DEBUG    | [20240405] 1 trades, day P&L=$+120, equity=$100,360
2026-04-03 20:23:10 | DEBUG    | [20240419] 1 trades, day P&L=$+270, equity=$100,630
2026-04-03 20:23:10 | DEBUG    | [20240531] 1 trades, day P&L=$+120, equity=$100,750
2026-04-03 20:23:10 | DEBUG    | [20240628] 1 trades, day P&L=$+720, equity=$101,470
2026-04-03 20:23:10 | DEBUG    | [20240712] 1 trades, day P&L=$+120, equity=$101,590
2026-04-03 20:23:10 | DEBUG    | [20240726] 2 trades, day P&L=$+840, equity=$102,430
2026-04-03 20:23:10 | DEBUG    | [20240802] 1 trades, day P&L=$+1020, equity=$103,450
2026-04-03 20:23:10 | DEBUG    | [20240823] 1 trades, day P&L=$+45, equity=$103,495
2026-04-03 20:23:10 | DEBUG    | [20240830] 1 trades, day P&L=$+495, equity=$103,990
2026-04-03 20:23:10 | DEBUG    | [20240906] 1 trades, day P&L=$+795, equity=$104,785
2026-04-03 20:23:10 | DEBUG    | [20240913] 1 trades, day P&L=$+45, equity=$104,830
2026-04-03 20:23:10 | DEBUG    | [20241004] 1 trades, day P&L=$+45, equity=$104,875
2026-04-03 20:23:10 | DEBUG    | [20241025] 1 trades, day P&L=$+45, equity=$104,920
2026-04-03 20:23:10 | DEBUG    | [20241115] 1 trades, day P&L=$+45, equity=$104,965
2026-04-03 20:23:10 | DEBUG    | [20241220] 1 trades, day P&L=$+495, equity=$105,460
2026-04-03 20:23:10 | DEBUG    | [20250110] 1 trades, day P&L=$+270, equity=$105,730
2026-04-03 20:23:10 | DEBUG    | [20250124] 1 trades, day P&L=$+120, equity=$105,850
2026-04-03 20:23:10 | DEBUG    | [20250131] 1 trades, day P&L=$+570, equity=$106,420
2026-04-03 20:23:10 | DEBUG    | [20250207] 1 trades, day P&L=$+45, equity=$106,465
2026-04-03 20:23:11 | DEBUG    | [20250221] 1 trades, day P&L=$+45, equity=$106,510
2026-04-03 20:23:11 | DEBUG    | [20250314] 1 trades, day P&L=$+270, equity=$106,780
2026-04-03 20:23:11 | DEBUG    | [20250321] 1 trades, day P&L=$+270, equity=$107,050
2026-04-03 20:23:11 | DEBUG    | [20250328] 1 trades, day P&L=$+495, equity=$107,545
2026-04-03 20:23:11 | DEBUG    | [20250502] 1 trades, day P&L=$+195, equity=$107,740
2026-04-03 20:23:11 | DEBUG    | [20250509] 2 trades, day P&L=$+165, equity=$107,905
2026-04-03 20:23:11 | DEBUG    | [20250523] 1 trades, day P&L=$+270, equity=$108,175
2026-04-03 20:23:11 | DEBUG    | [20250530] 2 trades, day P&L=$+2190, equity=$110,365
2026-04-03 20:23:11 | DEBUG    | [20250613] 1 trades, day P&L=$+120, equity=$110,485
2026-04-03 20:23:11 | DEBUG    | [20250620] 1 trades, day P&L=$+45, equity=$110,530
2026-04-03 20:23:11 | DEBUG    | [20250711] 1 trades, day P&L=$+45, equity=$110,575
2026-04-03 20:23:11 | DEBUG    | [20250801] 1 trades, day P&L=$+420, equity=$110,995
2026-04-03 20:23:11 | DEBUG    | [20250815] 1 trades, day P&L=$+45, equity=$111,040
2026-04-03 20:23:11 | DEBUG    | [20250829] 1 trades, day P&L=$+120, equity=$111,160
2026-04-03 20:23:11 | DEBUG    | [20250905] 1 trades, day P&L=$+120, equity=$111,280
2026-04-03 20:23:11 | DEBUG    | [20251010] 1 trades, day P&L=$+1020, equity=$112,300
2026-04-03 20:23:11 | DEBUG    | [20251031] 1 trades, day P&L=$+345, equity=$112,645
2026-04-03 20:23:11 | DEBUG    | [20251107] 1 trades, day P&L=$+45, equity=$112,690
2026-04-03 20:23:11 | INFO     | ============================================================
2026-04-03 20:23:11 | INFO     | SKIP REASONS:
2026-04-03 20:23:11 | INFO     |   dow_filter          : 729
2026-04-03 20:23:11 | INFO     |   early_close         : 6
2026-04-03 20:23:11 | INFO     |   prior_return        : 147
2026-04-03 20:23:11 | INFO     |   straddle_filter     : 72
2026-04-03 20:23:11 | INFO     |   TOTAL TRADES        : 42
2026-04-03 20:23:11 | INFO     | ============================================================
2026-04-03 20:23:11 | DEBUG    | [20220114] 1 trades, day P&L=$+120, equity=$100,120
2026-04-03 20:23:11 | DEBUG    | [20220121] 2 trades, day P&L=$+615, equity=$100,735
2026-04-03 20:23:11 | DEBUG    | [20220128] 2 trades, day P&L=$+615, equity=$101,350
2026-04-03 20:23:11 | DEBUG    | [20220225] 2 trades, day P&L=$+390, equity=$101,740
2026-04-03 20:23:11 | DEBUG    | [20220304] 2 trades, day P&L=$+390, equity=$102,130
2026-04-03 20:23:11 | DEBUG    | [20220311] 2 trades, day P&L=$+540, equity=$102,670
2026-04-03 20:23:11 | DEBUG    | [20220408] 2 trades, day P&L=$+90, equity=$102,760
2026-04-03 20:23:11 | DEBUG    | [20220422] 2 trades, day P&L=$+1290, equity=$104,050
2026-04-03 20:23:11 | DEBUG    | [20220513] 2 trades, day P&L=$+990, equity=$105,040
2026-04-03 20:23:11 | DEBUG    | [20220520] 2 trades, day P&L=$+540, equity=$105,580
2026-04-03 20:23:11 | DEBUG    | [20220624] 1 trades, day P&L=$+45, equity=$105,625
2026-04-03 20:23:11 | DEBUG    | [20220902] 2 trades, day P&L=$+240, equity=$105,865
2026-04-03 20:23:11 | DEBUG    | [20220916] 2 trades, day P&L=$+315, equity=$106,180
2026-04-03 20:23:11 | DEBUG    | [20220923] 2 trades, day P&L=$+315, equity=$106,495
2026-04-03 20:23:11 | DEBUG    | [20221007] 2 trades, day P&L=$+690, equity=$107,185
2026-04-03 20:23:11 | DEBUG    | [20221118] 1 trades, day P&L=$+45, equity=$107,230
2026-04-03 20:23:11 | DEBUG    | [20221209] 1 trades, day P&L=$+45, equity=$107,275
2026-04-03 20:23:11 | DEBUG    | [20230203] 2 trades, day P&L=$+90, equity=$107,365
2026-04-03 20:23:11 | DEBUG    | [20230331] 1 trades, day P&L=$+45, equity=$107,410
2026-04-03 20:23:11 | DEBUG    | [20230929] 1 trades, day P&L=$+45, equity=$107,455
2026-04-03 20:23:11 | DEBUG    | [20231006] 1 trades, day P&L=$+45, equity=$107,500
2026-04-03 20:23:11 | DEBUG    | [20231229] 1 trades, day P&L=$+45, equity=$107,545
2026-04-03 20:23:11 | DEBUG    | [20240216] 1 trades, day P&L=$+45, equity=$107,590
2026-04-03 20:23:11 | DEBUG    | [20240419] 1 trades, day P&L=$+45, equity=$107,635
2026-04-03 20:23:11 | DEBUG    | [20240531] 1 trades, day P&L=$+120, equity=$107,755
2026-04-03 20:23:11 | DEBUG    | [20240607] 1 trades, day P&L=$+45, equity=$107,800
2026-04-03 20:23:11 | DEBUG    | [20240628] 1 trades, day P&L=$+270, equity=$108,070
2026-04-03 20:23:11 | DEBUG    | [20240712] 1 trades, day P&L=$+120, equity=$108,190
2026-04-03 20:23:11 | DEBUG    | [20240726] 2 trades, day P&L=$+840, equity=$109,030
2026-04-03 20:23:11 | DEBUG    | [20240802] 1 trades, day P&L=$+495, equity=$109,525
2026-04-03 20:23:11 | DEBUG    | [20240823] 1 trades, day P&L=$+45, equity=$109,570
2026-04-03 20:23:11 | DEBUG    | [20240830] 1 trades, day P&L=$+120, equity=$109,690
2026-04-03 20:23:11 | DEBUG    | [20240906] 1 trades, day P&L=$+270, equity=$109,960
2026-04-03 20:23:11 | DEBUG    | [20240913] 1 trades, day P&L=$+45, equity=$110,005
2026-04-03 20:23:12 | DEBUG    | [20241025] 1 trades, day P&L=$+45, equity=$110,050
2026-04-03 20:23:12 | DEBUG    | [20241115] 1 trades, day P&L=$+45, equity=$110,095
2026-04-03 20:23:12 | DEBUG    | [20241220] 1 trades, day P&L=$+495, equity=$110,590
2026-04-03 20:23:12 | DEBUG    | [20250110] 1 trades, day P&L=$+45, equity=$110,635
2026-04-03 20:23:12 | DEBUG    | [20250131] 1 trades, day P&L=$+570, equity=$111,205
2026-04-03 20:23:12 | DEBUG    | [20250207] 1 trades, day P&L=$+45, equity=$111,250
2026-04-03 20:23:12 | DEBUG    | [20250221] 1 trades, day P&L=$+45, equity=$111,295
2026-04-03 20:23:12 | DEBUG    | [20250314] 1 trades, day P&L=$+270, equity=$111,565
2026-04-03 20:23:12 | DEBUG    | [20250321] 1 trades, day P&L=$+45, equity=$111,610
2026-04-03 20:23:12 | DEBUG    | [20250328] 1 trades, day P&L=$+45, equity=$111,655
2026-04-03 20:23:12 | DEBUG    | [20250509] 1 trades, day P&L=$+45, equity=$111,700
2026-04-03 20:23:12 | DEBUG    | [20250523] 1 trades, day P&L=$+270, equity=$111,970
2026-04-03 20:23:12 | DEBUG    | [20250530] 2 trades, day P&L=$+1365, equity=$113,335
2026-04-03 20:23:12 | DEBUG    | [20250613] 1 trades, day P&L=$+120, equity=$113,455
2026-04-03 20:23:12 | DEBUG    | [20250801] 1 trades, day P&L=$+45, equity=$113,500
2026-04-03 20:23:12 | DEBUG    | [20251010] 1 trades, day P&L=$+1020, equity=$114,520
2026-04-03 20:23:12 | DEBUG    | [20251107] 1 trades, day P&L=$+45, equity=$114,565
2026-04-03 20:23:12 | DEBUG    | [20260130] 1 trades, day P&L=$+120, equity=$114,685
2026-04-03 20:23:12 | DEBUG    | [20260206] 1 trades, day P&L=$+120, equity=$114,805
2026-04-03 20:23:12 | DEBUG    | [20260227] 2 trades, day P&L=$+165, equity=$114,970
2026-04-03 20:23:12 | DEBUG    | [20260320] 2 trades, day P&L=$+465, equity=$115,435
2026-04-03 20:23:12 | INFO     | ============================================================
2026-04-03 20:23:12 | INFO     | SKIP REASONS:
2026-04-03 20:23:12 | INFO     |   dow_filter          : 729
2026-04-03 20:23:12 | INFO     |   early_close         : 6
2026-04-03 20:23:12 | INFO     |   prior_return        : 147
2026-04-03 20:23:12 | INFO     |   TOTAL TRADES        : 73
2026-04-03 20:23:12 | INFO     | ============================================================
2026-04-03 20:23:12 | DEBUG    | [20220331] 2 trades, day P&L=$+915, equity=$100,915
2026-04-03 20:23:12 | DEBUG    | [20220630] 1 trades, day P&L=$+120, equity=$101,035
2026-04-03 20:23:12 | DEBUG    | [20221006] 1 trades, day P&L=$+45, equity=$101,080
2026-04-03 20:23:12 | DEBUG    | [20221013] 2 trades, day P&L=$+165, equity=$101,245
2026-04-03 20:23:13 | DEBUG    | [20240808] 1 trades, day P&L=$+45, equity=$101,290
2026-04-03 20:23:13 | DEBUG    | [20240829] 1 trades, day P&L=$+45, equity=$101,335
2026-04-03 20:23:13 | DEBUG    | [20240905] 1 trades, day P&L=$+45, equity=$101,380
2026-04-03 20:23:13 | DEBUG    | [20240919] 1 trades, day P&L=$+45, equity=$101,425
2026-04-03 20:23:13 | DEBUG    | [20241031] 1 trades, day P&L=$+45, equity=$101,470
2026-04-03 20:23:13 | DEBUG    | [20250102] 1 trades, day P&L=$+45, equity=$101,515
2026-04-03 20:23:13 | DEBUG    | [20250130] 1 trades, day P&L=$+45, equity=$101,560
2026-04-03 20:23:13 | DEBUG    | [20250227] 1 trades, day P&L=$+45, equity=$101,605
2026-04-03 20:23:13 | DEBUG    | [20250306] 1 trades, day P&L=$+645, equity=$102,250
2026-04-03 20:23:13 | DEBUG    | [20250313] 1 trades, day P&L=$+120, equity=$102,370
2026-04-03 20:23:13 | DEBUG    | [20250327] 1 trades, day P&L=$+45, equity=$102,415
2026-04-03 20:23:13 | DEBUG    | [20250403] 1 trades, day P&L=$+795, equity=$103,210
2026-04-03 20:23:13 | DEBUG    | [20250501] 1 trades, day P&L=$+45, equity=$103,255
2026-04-03 20:23:13 | DEBUG    | [20250508] 2 trades, day P&L=$+465, equity=$103,720
2026-04-03 20:23:13 | DEBUG    | [20250529] 1 trades, day P&L=$+120, equity=$103,840
2026-04-03 20:23:13 | DEBUG    | [20250605] 1 trades, day P&L=$+120, equity=$103,960
2026-04-03 20:23:13 | DEBUG    | [20250731] 1 trades, day P&L=$+195, equity=$104,155
2026-04-03 20:23:13 | DEBUG    | [20251016] 1 trades, day P&L=$+270, equity=$104,425
2026-04-03 20:23:13 | DEBUG    | [20251113] 1 trades, day P&L=$+195, equity=$104,620
2026-04-03 20:23:13 | DEBUG    | [20251120] 1 trades, day P&L=$+195, equity=$104,815
2026-04-03 20:23:13 | DEBUG    | [20251218] 1 trades, day P&L=$+45, equity=$104,860
2026-04-03 20:23:13 | DEBUG    | [20260205] 1 trades, day P&L=$+45, equity=$104,905
2026-04-03 20:23:13 | DEBUG    | [20260212] 1 trades, day P&L=$+45, equity=$104,950
2026-04-03 20:23:13 | DEBUG    | [20260305] 1 trades, day P&L=$+45, equity=$104,995
2026-04-03 20:23:13 | INFO     | ============================================================
2026-04-03 20:23:13 | INFO     | SKIP REASONS:
2026-04-03 20:23:13 | INFO     |   dow_filter          : 724
2026-04-03 20:23:13 | INFO     |   early_close         : 6
2026-04-03 20:23:13 | INFO     |   no_quotes           : 10
2026-04-03 20:23:13 | INFO     |   oi_filter           : 51
2026-04-03 20:23:13 | INFO     |   prior_return        : 147
2026-04-03 20:23:13 | INFO     |   TOTAL TRADES        : 31
2026-04-03 20:23:13 | INFO     | ============================================================
2026-04-03 20:23:13 | DEBUG    | [20220107] 1 trades, day P&L=$+195, equity=$100,195
2026-04-03 20:23:13 | DEBUG    | [20220114] 2 trades, day P&L=$+315, equity=$100,510
2026-04-03 20:23:13 | DEBUG    | [20220121] 2 trades, day P&L=$+1365, equity=$101,875
2026-04-03 20:23:13 | DEBUG    | [20220128] 2 trades, day P&L=$+915, equity=$102,790
2026-04-03 20:23:13 | DEBUG    | [20220225] 2 trades, day P&L=$+765, equity=$103,555
2026-04-03 20:23:13 | DEBUG    | [20220304] 2 trades, day P&L=$+540, equity=$104,095
2026-04-03 20:23:13 | DEBUG    | [20220311] 2 trades, day P&L=$+540, equity=$104,635
2026-04-03 20:23:13 | DEBUG    | [20220318] 1 trades, day P&L=$+345, equity=$104,980
2026-04-03 20:23:13 | DEBUG    | [20220325] 1 trades, day P&L=$+120, equity=$105,100
2026-04-03 20:23:13 | DEBUG    | [20220408] 2 trades, day P&L=$+390, equity=$105,490
2026-04-03 20:23:13 | DEBUG    | [20220422] 2 trades, day P&L=$+1290, equity=$106,780
2026-04-03 20:23:13 | DEBUG    | [20220513] 2 trades, day P&L=$+990, equity=$107,770
2026-04-03 20:23:13 | DEBUG    | [20220520] 2 trades, day P&L=$+1140, equity=$108,910
2026-04-03 20:23:13 | DEBUG    | [20220624] 1 trades, day P&L=$+45, equity=$108,955
2026-04-03 20:23:13 | DEBUG    | [20220701] 1 trades, day P&L=$+45, equity=$109,000
2026-04-03 20:23:13 | DEBUG    | [20220715] 1 trades, day P&L=$+120, equity=$109,120
2026-04-03 20:23:13 | DEBUG    | [20220826] 1 trades, day P&L=$+45, equity=$109,165
2026-04-03 20:23:13 | DEBUG    | [20220902] 2 trades, day P&L=$+240, equity=$109,405
2026-04-03 20:23:13 | DEBUG    | [20220916] 2 trades, day P&L=$+315, equity=$109,720
2026-04-03 20:23:13 | DEBUG    | [20220923] 2 trades, day P&L=$+540, equity=$110,260
2026-04-03 20:23:13 | DEBUG    | [20221007] 2 trades, day P&L=$+690, equity=$110,950
2026-04-03 20:23:13 | DEBUG    | [20221104] 1 trades, day P&L=$+45, equity=$110,995
2026-04-03 20:23:13 | DEBUG    | [20221118] 1 trades, day P&L=$+45, equity=$111,040
2026-04-03 20:23:13 | DEBUG    | [20221209] 1 trades, day P&L=$+45, equity=$111,085
2026-04-03 20:23:13 | DEBUG    | [20230203] 2 trades, day P&L=$+90, equity=$111,175
2026-04-03 20:23:13 | DEBUG    | [20230324] 1 trades, day P&L=$+120, equity=$111,295
2026-04-03 20:23:13 | DEBUG    | [20230331] 1 trades, day P&L=$+45, equity=$111,340
2026-04-03 20:23:13 | DEBUG    | [20230804] 1 trades, day P&L=$+120, equity=$111,460
2026-04-03 20:23:14 | DEBUG    | [20230929] 1 trades, day P&L=$+270, equity=$111,730
2026-04-03 20:23:14 | DEBUG    | [20231006] 1 trades, day P&L=$+45, equity=$111,775
2026-04-03 20:23:14 | DEBUG    | [20231229] 2 trades, day P&L=$+165, equity=$111,940
2026-04-03 20:23:14 | DEBUG    | [20240308] 1 trades, day P&L=$+120, equity=$112,060
2026-04-03 20:23:14 | DEBUG    | [20240315] 1 trades, day P&L=$+120, equity=$112,180
2026-04-03 20:23:14 | DEBUG    | [20240405] 1 trades, day P&L=$+120, equity=$112,300
2026-04-03 20:23:14 | DEBUG    | [20240419] 1 trades, day P&L=$+270, equity=$112,570
2026-04-03 20:23:14 | DEBUG    | [20240531] 1 trades, day P&L=$+120, equity=$112,690
2026-04-03 20:23:14 | DEBUG    | [20240607] 1 trades, day P&L=$+45, equity=$112,735
2026-04-03 20:23:14 | DEBUG    | [20240621] 1 trades, day P&L=$+45, equity=$112,780
2026-04-03 20:23:14 | DEBUG    | [20240628] 1 trades, day P&L=$+720, equity=$113,500
2026-04-03 20:23:14 | DEBUG    | [20240712] 1 trades, day P&L=$+120, equity=$113,620
2026-04-03 20:23:14 | DEBUG    | [20240726] 2 trades, day P&L=$+840, equity=$114,460
2026-04-03 20:23:14 | DEBUG    | [20240802] 1 trades, day P&L=$+1020, equity=$115,480
2026-04-03 20:23:14 | DEBUG    | [20240823] 1 trades, day P&L=$+45, equity=$115,525
2026-04-03 20:23:14 | DEBUG    | [20240830] 1 trades, day P&L=$+495, equity=$116,020
2026-04-03 20:23:14 | DEBUG    | [20240906] 1 trades, day P&L=$+795, equity=$116,815
2026-04-03 20:23:14 | DEBUG    | [20240913] 1 trades, day P&L=$+45, equity=$116,860
2026-04-03 20:23:14 | DEBUG    | [20241004] 1 trades, day P&L=$+45, equity=$116,905
2026-04-03 20:23:14 | DEBUG    | [20241025] 1 trades, day P&L=$+45, equity=$116,950
2026-04-03 20:23:14 | DEBUG    | [20241115] 1 trades, day P&L=$+45, equity=$116,995
2026-04-03 20:23:14 | DEBUG    | [20241220] 1 trades, day P&L=$+495, equity=$117,490
2026-04-03 20:23:14 | DEBUG    | [20250110] 1 trades, day P&L=$+270, equity=$117,760
2026-04-03 20:23:14 | DEBUG    | [20250124] 1 trades, day P&L=$+120, equity=$117,880
2026-04-03 20:23:14 | DEBUG    | [20250131] 1 trades, day P&L=$+570, equity=$118,450
2026-04-03 20:23:14 | DEBUG    | [20250207] 1 trades, day P&L=$+45, equity=$118,495
2026-04-03 20:23:14 | DEBUG    | [20250221] 1 trades, day P&L=$+45, equity=$118,540
2026-04-03 20:23:14 | DEBUG    | [20250314] 1 trades, day P&L=$+270, equity=$118,810
2026-04-03 20:23:14 | DEBUG    | [20250321] 1 trades, day P&L=$+270, equity=$119,080
2026-04-03 20:23:14 | DEBUG    | [20250328] 1 trades, day P&L=$+495, equity=$119,575
2026-04-03 20:23:14 | DEBUG    | [20250502] 1 trades, day P&L=$+195, equity=$119,770
2026-04-03 20:23:14 | DEBUG    | [20250509] 2 trades, day P&L=$+165, equity=$119,935
2026-04-03 20:23:14 | DEBUG    | [20250523] 1 trades, day P&L=$+270, equity=$120,205
2026-04-03 20:23:14 | DEBUG    | [20250530] 2 trades, day P&L=$+2190, equity=$122,395
2026-04-03 20:23:14 | DEBUG    | [20250613] 1 trades, day P&L=$+120, equity=$122,515
2026-04-03 20:23:14 | DEBUG    | [20250620] 1 trades, day P&L=$+45, equity=$122,560
2026-04-03 20:23:14 | DEBUG    | [20250711] 1 trades, day P&L=$+45, equity=$122,605
2026-04-03 20:23:14 | DEBUG    | [20250801] 1 trades, day P&L=$+420, equity=$123,025
2026-04-03 20:23:14 | DEBUG    | [20250815] 1 trades, day P&L=$+45, equity=$123,070
2026-04-03 20:23:14 | DEBUG    | [20250829] 1 trades, day P&L=$+120, equity=$123,190
2026-04-03 20:23:14 | DEBUG    | [20250905] 1 trades, day P&L=$+120, equity=$123,310
2026-04-03 20:23:14 | DEBUG    | [20251010] 1 trades, day P&L=$+1020, equity=$124,330
2026-04-03 20:23:14 | DEBUG    | [20251031] 1 trades, day P&L=$+345, equity=$124,675
2026-04-03 20:23:14 | DEBUG    | [20251107] 1 trades, day P&L=$+45, equity=$124,720
2026-04-03 20:23:14 | DEBUG    | [20260102] 1 trades, day P&L=$+45, equity=$124,765
2026-04-03 20:23:14 | DEBUG    | [20260130] 2 trades, day P&L=$+465, equity=$125,230
2026-04-03 20:23:14 | DEBUG    | [20260206] 2 trades, day P&L=$+315, equity=$125,545
2026-04-03 20:23:14 | DEBUG    | [20260227] 2 trades, day P&L=$+315, equity=$125,860
2026-04-03 20:23:14 | DEBUG    | [20260320] 2 trades, day P&L=$+765, equity=$126,625
2026-04-03 20:23:14 | INFO     | ============================================================
2026-04-03 20:23:14 | INFO     | SKIP REASONS:
2026-04-03 20:23:14 | INFO     |   dow_filter          : 729
2026-04-03 20:23:14 | INFO     |   early_close         : 6
2026-04-03 20:23:14 | INFO     |   prior_return        : 147
2026-04-03 20:23:14 | INFO     |   TOTAL TRADES        : 100
2026-04-03 20:23:14 | INFO     | ============================================================
