2026-04-03 07:48:55 | INFO     | Log file: /Users/jeerapongwongchote/Documents/thetadata/apex/logs/apex_run_20260403_074855.log
2026-04-03 07:48:59 | INFO     | Built daily indicators: 1065 dates (20220103 → 20260401)
2026-04-03 07:48:59 | DEBUG    | [20220105] 1 trades, day P&L=$+13, equity=$100,013
2026-04-03 07:48:59 | DEBUG    | [20220107] 1 trades, day P&L=$+13, equity=$100,026
2026-04-03 07:48:59 | DEBUG    | [20220110] 1 trades, day P&L=$+28, equity=$100,054
2026-04-03 07:48:59 | DEBUG    | [20220114] 1 trades, day P&L=$+8, equity=$100,062
2026-04-03 07:48:59 | DEBUG    | [20220118] 1 trades, day P&L=$+8, equity=$100,070
2026-04-03 07:48:59 | DEBUG    | [20220119] 1 trades, day P&L=$+18, equity=$100,088
2026-04-03 07:48:59 | DEBUG    | [20220121] 1 trades, day P&L=$+28, equity=$100,116
2026-04-03 07:48:59 | DEBUG    | [20220124] 1 trades, day P&L=$+138, equity=$100,254
2026-04-03 07:48:59 | DEBUG    | [20220126] 1 trades, day P&L=$+13, equity=$100,267
2026-04-03 07:48:59 | DEBUG    | [20220128] 1 trades, day P&L=$+38, equity=$100,305
2026-04-03 07:48:59 | DEBUG    | [20220131] 1 trades, day P&L=$+13, equity=$100,318
2026-04-03 07:48:59 | DEBUG    | [20220202] 1 trades, day P&L=$+18, equity=$100,336
2026-04-03 07:48:59 | DEBUG    | [20220204] 1 trades, day P&L=$+23, equity=$100,359
2026-04-03 07:48:59 | DEBUG    | [20220207] 1 trades, day P&L=$+18, equity=$100,377
2026-04-03 07:48:59 | DEBUG    | [20220209] 1 trades, day P&L=$+3, equity=$100,380
2026-04-03 07:48:59 | DEBUG    | [20220211] 1 trades, day P&L=$+108, equity=$100,488
2026-04-03 07:48:59 | DEBUG    | [20220214] 1 trades, day P&L=$+48, equity=$100,536
2026-04-03 07:48:59 | DEBUG    | [20220216] 1 trades, day P&L=$+3, equity=$100,539
2026-04-03 07:48:59 | DEBUG    | [20220218] 1 trades, day P&L=$+28, equity=$100,567
2026-04-03 07:48:59 | DEBUG    | [20220222] 1 trades, day P&L=$+28, equity=$100,595
2026-04-03 07:48:59 | DEBUG    | [20220223] 1 trades, day P&L=$+8, equity=$100,603
2026-04-03 07:48:59 | DEBUG    | [20220225] 1 trades, day P&L=$+28, equity=$100,631
2026-04-03 07:48:59 | DEBUG    | [20220228] 1 trades, day P&L=$+58, equity=$100,689
2026-04-03 07:48:59 | DEBUG    | [20220302] 1 trades, day P&L=$+38, equity=$100,727
2026-04-03 07:48:59 | DEBUG    | [20220304] 1 trades, day P&L=$+23, equity=$100,750
2026-04-03 07:48:59 | DEBUG    | [20220307] 1 trades, day P&L=$+48, equity=$100,798
2026-04-03 07:48:59 | DEBUG    | [20220311] 1 trades, day P&L=$+23, equity=$100,821
2026-04-03 07:48:59 | DEBUG    | [20220314] 1 trades, day P&L=$+8, equity=$100,829
2026-04-03 07:48:59 | DEBUG    | [20220323] 1 trades, day P&L=$+13, equity=$100,842
2026-04-03 07:48:59 | DEBUG    | [20220325] 1 trades, day P&L=$+8, equity=$100,850
2026-04-03 07:48:59 | DEBUG    | [20220330] 1 trades, day P&L=$+13, equity=$100,863
2026-04-03 07:48:59 | DEBUG    | [20220331] 1 trades, day P&L=$-362, equity=$100,501
2026-04-03 07:48:59 | DEBUG    | [20220401] 1 trades, day P&L=$+13, equity=$100,514
2026-04-03 07:48:59 | DEBUG    | [20220406] 1 trades, day P&L=$+33, equity=$100,547
2026-04-03 07:48:59 | DEBUG    | [20220408] 1 trades, day P&L=$+23, equity=$100,570
2026-04-03 07:48:59 | DEBUG    | [20220414] 1 trades, day P&L=$+8, equity=$100,578
2026-04-03 07:48:59 | DEBUG    | [20220418] 1 trades, day P&L=$+3, equity=$100,581
2026-04-03 07:48:59 | DEBUG    | [20220420] 1 trades, day P&L=$+13, equity=$100,594
2026-04-03 07:48:59 | DEBUG    | [20220422] 1 trades, day P&L=$+48, equity=$100,642
2026-04-03 07:48:59 | DEBUG    | [20220426] 1 trades, day P&L=$+23, equity=$100,665
2026-04-03 07:48:59 | DEBUG    | [20220427] 1 trades, day P&L=$+63, equity=$100,728
2026-04-03 07:48:59 | DEBUG    | [20220429] 1 trades, day P&L=$+118, equity=$100,846
2026-04-03 07:48:59 | DEBUG    | [20220503] 1 trades, day P&L=$+13, equity=$100,859
2026-04-03 07:48:59 | DEBUG    | [20220506] 1 trades, day P&L=$+48, equity=$100,907
2026-04-03 07:48:59 | DEBUG    | [20220509] 1 trades, day P&L=$+53, equity=$100,960
2026-04-03 07:48:59 | DEBUG    | [20220510] 1 trades, day P&L=$+8, equity=$100,968
2026-04-03 07:48:59 | DEBUG    | [20220511] 1 trades, day P&L=$+18, equity=$100,986
2026-04-03 07:48:59 | DEBUG    | [20220518] 1 trades, day P&L=$+13, equity=$100,999
2026-04-03 07:48:59 | DEBUG    | [20220520] 1 trades, day P&L=$+58, equity=$101,057
2026-04-03 07:48:59 | DEBUG    | [20220524] 1 trades, day P&L=$+3, equity=$101,060
2026-04-03 07:48:59 | DEBUG    | [20220531] 1 trades, day P&L=$+23, equity=$101,083
2026-04-03 07:48:59 | DEBUG    | [20220603] 1 trades, day P&L=$+13, equity=$101,096
2026-04-03 07:48:59 | DEBUG    | [20220608] 1 trades, day P&L=$+13, equity=$101,109
2026-04-03 07:48:59 | DEBUG    | [20220610] 1 trades, day P&L=$+28, equity=$101,137
2026-04-03 07:48:59 | DEBUG    | [20220613] 1 trades, day P&L=$+18, equity=$101,155
2026-04-03 07:48:59 | DEBUG    | [20220614] 1 trades, day P&L=$+13, equity=$101,168
2026-04-03 07:48:59 | DEBUG    | [20220616] 1 trades, day P&L=$+33, equity=$101,201
2026-04-03 07:48:59 | DEBUG    | [20220627] 1 trades, day P&L=$+3, equity=$101,204
2026-04-03 07:48:59 | DEBUG    | [20220630] 1 trades, day P&L=$+48, equity=$101,252
2026-04-03 07:48:59 | DEBUG    | [20220706] 1 trades, day P&L=$+13, equity=$101,265
2026-04-03 07:48:59 | DEBUG    | [20220712] 1 trades, day P&L=$+13, equity=$101,278
2026-04-03 07:48:59 | DEBUG    | [20220718] 1 trades, day P&L=$+13, equity=$101,291
2026-04-03 07:48:59 | DEBUG    | [20220902] 1 trades, day P&L=$+8, equity=$101,299
2026-04-03 07:48:59 | DEBUG    | [20220906] 1 trades, day P&L=$+18, equity=$101,317
2026-04-03 07:48:59 | DEBUG    | [20220915] 1 trades, day P&L=$+13, equity=$101,330
2026-04-03 07:48:59 | DEBUG    | [20220916] 1 trades, day P&L=$+8, equity=$101,338
2026-04-03 07:48:59 | DEBUG    | [20220920] 1 trades, day P&L=$+3, equity=$101,341
2026-04-03 07:48:59 | DEBUG    | [20220921] 1 trades, day P&L=$-5, equity=$101,336
2026-04-03 07:49:00 | DEBUG    | [20220923] 1 trades, day P&L=$+23, equity=$101,359
2026-04-03 07:49:00 | DEBUG    | [20220926] 1 trades, day P&L=$-895, equity=$100,464
2026-04-03 07:49:00 | DEBUG    | [20220927] 1 trades, day P&L=$+43, equity=$100,507
2026-04-03 07:49:00 | DEBUG    | [20220929] 1 trades, day P&L=$+33, equity=$100,540
2026-04-03 07:49:00 | DEBUG    | [20220930] 1 trades, day P&L=$+73, equity=$100,613
2026-04-03 07:49:00 | DEBUG    | [20221006] 1 trades, day P&L=$+13, equity=$100,626
2026-04-03 07:49:00 | DEBUG    | [20221007] 1 trades, day P&L=$+23, equity=$100,649
2026-04-03 07:49:00 | DEBUG    | [20221011] 1 trades, day P&L=$+3, equity=$100,652
2026-04-03 07:49:00 | DEBUG    | [20221014] 1 trades, day P&L=$+3, equity=$100,655
2026-04-03 07:49:00 | DEBUG    | [20221018] 1 trades, day P&L=$+3, equity=$100,658
2026-04-03 07:49:00 | DEBUG    | [20221019] 1 trades, day P&L=$+3, equity=$100,661
2026-04-03 07:49:00 | DEBUG    | [20221020] 1 trades, day P&L=$+3, equity=$100,664
2026-04-03 07:49:00 | DEBUG    | [20221102] 1 trades, day P&L=$+13, equity=$100,677
2026-04-03 07:49:00 | DEBUG    | [20221104] 1 trades, day P&L=$+3, equity=$100,680
2026-04-03 07:49:00 | DEBUG    | [20221115] 1 trades, day P&L=$+28, equity=$100,708
2026-04-03 07:49:00 | DEBUG    | [20221209] 1 trades, day P&L=$+3, equity=$100,711
2026-04-03 07:49:00 | DEBUG    | [20221213] 1 trades, day P&L=$+3, equity=$100,714
2026-04-03 07:49:00 | DEBUG    | [20221215] 1 trades, day P&L=$+3, equity=$100,717
2026-04-03 07:49:00 | DEBUG    | [20221216] 1 trades, day P&L=$+3, equity=$100,720
2026-04-03 07:49:00 | DEBUG    | [20221230] 1 trades, day P&L=$+13, equity=$100,733
2026-04-03 07:49:00 | DEBUG    | [20230202] 1 trades, day P&L=$+3, equity=$100,736
2026-04-03 07:49:00 | DEBUG    | [20230203] 1 trades, day P&L=$+3, equity=$100,739
2026-04-03 07:49:00 | DEBUG    | [20230216] 1 trades, day P&L=$+3, equity=$100,742
2026-04-03 07:49:00 | DEBUG    | [20230309] 1 trades, day P&L=$+8, equity=$100,750
2026-04-03 07:49:00 | DEBUG    | [20230310] 1 trades, day P&L=$+3, equity=$100,753
2026-04-03 07:49:00 | DEBUG    | [20230314] 1 trades, day P&L=$+3, equity=$100,756
2026-04-03 07:49:00 | DEBUG    | [20230315] 1 trades, day P&L=$+33, equity=$100,789
2026-04-03 07:49:00 | DEBUG    | [20230317] 1 trades, day P&L=$+8, equity=$100,797
2026-04-03 07:49:00 | DEBUG    | [20230322] 1 trades, day P&L=$-290, equity=$100,507
2026-04-03 07:49:00 | DEBUG    | [20230323] 1 trades, day P&L=$+18, equity=$100,525
2026-04-03 07:49:00 | DEBUG    | [20230412] 1 trades, day P&L=$+8, equity=$100,533
2026-04-03 07:49:00 | DEBUG    | [20230504] 1 trades, day P&L=$+3, equity=$100,536
2026-04-03 07:49:00 | DEBUG    | [20230614] 1 trades, day P&L=$+3, equity=$100,539
2026-04-03 07:49:00 | DEBUG    | [20230727] 1 trades, day P&L=$+3, equity=$100,542
2026-04-03 07:49:01 | DEBUG    | [20230804] 1 trades, day P&L=$+8, equity=$100,550
2026-04-03 07:49:01 | DEBUG    | [20230809] 1 trades, day P&L=$+8, equity=$100,558
2026-04-03 07:49:01 | DEBUG    | [20230816] 1 trades, day P&L=$+3, equity=$100,561
2026-04-03 07:49:01 | DEBUG    | [20230824] 1 trades, day P&L=$+3, equity=$100,564
2026-04-03 07:49:01 | DEBUG    | [20230927] 1 trades, day P&L=$+3, equity=$100,567
2026-04-03 07:49:01 | DEBUG    | [20231003] 1 trades, day P&L=$+8, equity=$100,575
2026-04-03 07:49:01 | DEBUG    | [20231018] 1 trades, day P&L=$+3, equity=$100,578
2026-04-03 07:49:01 | DEBUG    | [20231019] 1 trades, day P&L=$+3, equity=$100,581
2026-04-03 07:49:01 | DEBUG    | [20231229] 1 trades, day P&L=$+8, equity=$100,589
2026-04-03 07:49:01 | DEBUG    | [20240308] 1 trades, day P&L=$+8, equity=$100,597
2026-04-03 07:49:01 | DEBUG    | [20240315] 1 trades, day P&L=$+8, equity=$100,605
2026-04-03 07:49:01 | DEBUG    | [20240410] 1 trades, day P&L=$+8, equity=$100,613
2026-04-03 07:49:01 | DEBUG    | [20240415] 1 trades, day P&L=$+8, equity=$100,621
2026-04-03 07:49:01 | DEBUG    | [20240416] 1 trades, day P&L=$+8, equity=$100,629
2026-04-03 07:49:01 | DEBUG    | [20240418] 1 trades, day P&L=$+3, equity=$100,632
2026-04-03 07:49:01 | DEBUG    | [20240419] 1 trades, day P&L=$+18, equity=$100,650
2026-04-03 07:49:01 | DEBUG    | [20240501] 1 trades, day P&L=$+28, equity=$100,678
2026-04-03 07:49:01 | DEBUG    | [20240502] 1 trades, day P&L=$+3, equity=$100,681
2026-04-03 07:49:01 | DEBUG    | [20240604] 1 trades, day P&L=$+13, equity=$100,694
2026-04-03 07:49:01 | DEBUG    | [20240607] 1 trades, day P&L=$+3, equity=$100,697
2026-04-03 07:49:02 | DEBUG    | [20240612] 1 trades, day P&L=$+23, equity=$100,720
2026-04-03 07:49:02 | DEBUG    | [20240620] 1 trades, day P&L=$+3, equity=$100,723
2026-04-03 07:49:02 | DEBUG    | [20240621] 1 trades, day P&L=$+3, equity=$100,726
2026-04-03 07:49:02 | DEBUG    | [20240627] 1 trades, day P&L=$+3, equity=$100,729
2026-04-03 07:49:02 | DEBUG    | [20240628] 1 trades, day P&L=$+48, equity=$100,777
2026-04-03 07:49:02 | DEBUG    | [20240701] 1 trades, day P&L=$+3, equity=$100,780
2026-04-03 07:49:02 | DEBUG    | [20240711] 1 trades, day P&L=$+3, equity=$100,783
2026-04-03 07:49:02 | DEBUG    | [20240715] 1 trades, day P&L=$+3, equity=$100,786
2026-04-03 07:49:02 | DEBUG    | [20240717] 1 trades, day P&L=$+8, equity=$100,794
2026-04-03 07:49:02 | DEBUG    | [20240718] 1 trades, day P&L=$+18, equity=$100,812
2026-04-03 07:49:02 | DEBUG    | [20240723] 1 trades, day P&L=$+3, equity=$100,815
2026-04-03 07:49:02 | DEBUG    | [20240724] 1 trades, day P&L=$+23, equity=$100,838
2026-04-03 07:49:02 | DEBUG    | [20240725] 1 trades, day P&L=$+18, equity=$100,856
2026-04-03 07:49:02 | DEBUG    | [20240726] 1 trades, day P&L=$+33, equity=$100,889
2026-04-03 07:49:02 | DEBUG    | [20240729] 1 trades, day P&L=$+3, equity=$100,892
2026-04-03 07:49:02 | DEBUG    | [20240730] 1 trades, day P&L=$+8, equity=$100,900
2026-04-03 07:49:02 | DEBUG    | [20240801] 1 trades, day P&L=$+28, equity=$100,928
2026-04-03 07:49:02 | DEBUG    | [20240802] 1 trades, day P&L=$+68, equity=$100,996
2026-04-03 07:49:02 | DEBUG    | [20240807] 1 trades, day P&L=$+48, equity=$101,044
2026-04-03 07:49:02 | DEBUG    | [20240812] 1 trades, day P&L=$+18, equity=$101,062
2026-04-03 07:49:02 | DEBUG    | [20240828] 1 trades, day P&L=$+13, equity=$101,075
2026-04-03 07:49:02 | DEBUG    | [20240829] 1 trades, day P&L=$+23, equity=$101,098
2026-04-03 07:49:02 | DEBUG    | [20240903] 1 trades, day P&L=$+28, equity=$101,126
2026-04-03 07:49:02 | DEBUG    | [20240905] 1 trades, day P&L=$+23, equity=$101,149
2026-04-03 07:49:02 | DEBUG    | [20240906] 1 trades, day P&L=$+53, equity=$101,202
2026-04-03 07:49:02 | DEBUG    | [20240910] 1 trades, day P&L=$+8, equity=$101,210
2026-04-03 07:49:02 | DEBUG    | [20240917] 1 trades, day P&L=$+3, equity=$101,213
2026-04-03 07:49:02 | DEBUG    | [20240918] 1 trades, day P&L=$+33, equity=$101,246
2026-04-03 07:49:02 | DEBUG    | [20240920] 1 trades, day P&L=$+13, equity=$101,259
2026-04-03 07:49:02 | DEBUG    | [20241001] 1 trades, day P&L=$+13, equity=$101,272
2026-04-03 07:49:02 | DEBUG    | [20241007] 1 trades, day P&L=$+3, equity=$101,275
2026-04-03 07:49:02 | DEBUG    | [20241010] 1 trades, day P&L=$+3, equity=$101,278
2026-04-03 07:49:02 | DEBUG    | [20241025] 1 trades, day P&L=$+3, equity=$101,281
2026-04-03 07:49:02 | DEBUG    | [20241031] 1 trades, day P&L=$+28, equity=$101,309
2026-04-03 07:49:02 | DEBUG    | [20241101] 1 trades, day P&L=$+33, equity=$101,342
2026-04-03 07:49:02 | DEBUG    | [20241104] 1 trades, day P&L=$+3, equity=$101,345
2026-04-03 07:49:02 | DEBUG    | [20241115] 1 trades, day P&L=$+3, equity=$101,348
2026-04-03 07:49:02 | DEBUG    | [20241218] 1 trades, day P&L=$-977, equity=$100,371
2026-04-03 07:49:02 | DEBUG    | [20241219] 1 trades, day P&L=$+48, equity=$100,419
2026-04-03 07:49:02 | DEBUG    | [20241230] 1 trades, day P&L=$-274, equity=$100,145
2026-04-03 07:49:02 | DEBUG    | [20241231] 1 trades, day P&L=$+38, equity=$100,183
2026-04-03 07:49:02 | DEBUG    | [20250102] 1 trades, day P&L=$+18, equity=$100,201
2026-04-03 07:49:02 | DEBUG    | [20250106] 1 trades, day P&L=$+3, equity=$100,204
2026-04-03 07:49:02 | DEBUG    | [20250107] 1 trades, day P&L=$+18, equity=$100,222
2026-04-03 07:49:02 | DEBUG    | [20250108] 1 trades, day P&L=$+8, equity=$100,230
2026-04-03 07:49:02 | DEBUG    | [20250110] 1 trades, day P&L=$+18, equity=$100,248
2026-04-03 07:49:02 | DEBUG    | [20250114] 1 trades, day P&L=$+8, equity=$100,256
2026-04-03 07:49:02 | DEBUG    | [20250124] 1 trades, day P&L=$+8, equity=$100,264
2026-04-03 07:49:02 | DEBUG    | [20250129] 1 trades, day P&L=$+13, equity=$100,277
2026-04-03 07:49:02 | DEBUG    | [20250131] 1 trades, day P&L=$+38, equity=$100,315
2026-04-03 07:49:02 | DEBUG    | [20250207] 1 trades, day P&L=$+3, equity=$100,318
2026-04-03 07:49:02 | DEBUG    | [20250221] 1 trades, day P&L=$+3, equity=$100,321
2026-04-03 07:49:02 | DEBUG    | [20250224] 1 trades, day P&L=$+13, equity=$100,334
2026-04-03 07:49:02 | DEBUG    | [20250225] 1 trades, day P&L=$+38, equity=$100,372
2026-04-03 07:49:02 | DEBUG    | [20250226] 1 trades, day P&L=$+18, equity=$100,390
2026-04-03 07:49:02 | DEBUG    | [20250227] 1 trades, day P&L=$+13, equity=$100,403
2026-04-03 07:49:02 | DEBUG    | [20250303] 1 trades, day P&L=$+88, equity=$100,491
2026-04-03 07:49:02 | DEBUG    | [20250304] 1 trades, day P&L=$+68, equity=$100,559
2026-04-03 07:49:02 | DEBUG    | [20250306] 1 trades, day P&L=$+83, equity=$100,642
2026-04-03 07:49:02 | DEBUG    | [20250310] 1 trades, day P&L=$+108, equity=$100,750
2026-04-03 07:49:02 | DEBUG    | [20250311] 1 trades, day P&L=$-225, equity=$100,525
2026-04-03 07:49:02 | DEBUG    | [20250312] 1 trades, day P&L=$+38, equity=$100,563
2026-04-03 07:49:02 | DEBUG    | [20250313] 1 trades, day P&L=$+33, equity=$100,596
2026-04-03 07:49:02 | DEBUG    | [20250318] 1 trades, day P&L=$+23, equity=$100,619
2026-04-03 07:49:02 | DEBUG    | [20250325] 1 trades, day P&L=$+8, equity=$100,627
2026-04-03 07:49:02 | DEBUG    | [20250326] 1 trades, day P&L=$+23, equity=$100,650
2026-04-03 07:49:02 | DEBUG    | [20250327] 1 trades, day P&L=$+33, equity=$100,683
2026-04-03 07:49:02 | DEBUG    | [20250328] 1 trades, day P&L=$+33, equity=$100,716
2026-04-03 07:49:02 | DEBUG    | [20250403] 1 trades, day P&L=$+108, equity=$100,824
2026-04-03 07:49:02 | DEBUG    | [20250404] 1 trades, day P&L=$+98, equity=$100,922
2026-04-03 07:49:02 | DEBUG    | [20250408] 1 trades, day P&L=$+158, equity=$101,080
2026-04-03 07:49:02 | DEBUG    | [20250410] 1 trades, day P&L=$+128, equity=$101,208
2026-04-03 07:49:03 | DEBUG    | [20250414] 1 trades, day P&L=$+53, equity=$101,261
2026-04-03 07:49:03 | DEBUG    | [20250415] 1 trades, day P&L=$+23, equity=$101,284
2026-04-03 07:49:03 | DEBUG    | [20250416] 1 trades, day P&L=$+53, equity=$101,337
2026-04-03 07:49:03 | DEBUG    | [20250417] 1 trades, day P&L=$+48, equity=$101,385
2026-04-03 07:49:03 | DEBUG    | [20250421] 1 trades, day P&L=$+48, equity=$101,433
2026-04-03 07:49:03 | DEBUG    | [20250423] 1 trades, day P&L=$+58, equity=$101,491
2026-04-03 07:49:03 | DEBUG    | [20250428] 1 trades, day P&L=$+3, equity=$101,494
2026-04-03 07:49:03 | DEBUG    | [20250501] 1 trades, day P&L=$-562, equity=$100,932
2026-04-03 07:49:03 | DEBUG    | [20250506] 1 trades, day P&L=$+13, equity=$100,945
2026-04-03 07:49:03 | DEBUG    | [20250507] 1 trades, day P&L=$+53, equity=$100,998
2026-04-03 07:49:03 | DEBUG    | [20250508] 1 trades, day P&L=$+48, equity=$101,046
2026-04-03 07:49:03 | DEBUG    | [20250509] 1 trades, day P&L=$+8, equity=$101,054
2026-04-03 07:49:03 | DEBUG    | [20250514] 1 trades, day P&L=$+8, equity=$101,062
2026-04-03 07:49:03 | DEBUG    | [20250521] 1 trades, day P&L=$+28, equity=$101,090
2026-04-03 07:49:03 | DEBUG    | [20250522] 1 trades, day P&L=$+3, equity=$101,093
2026-04-03 07:49:03 | DEBUG    | [20250528] 1 trades, day P&L=$+13, equity=$101,106
2026-04-03 07:49:03 | DEBUG    | [20250529] 1 trades, day P&L=$+33, equity=$101,139
2026-04-03 07:49:03 | DEBUG    | [20250530] 1 trades, day P&L=$+98, equity=$101,237
2026-04-03 07:49:03 | DEBUG    | [20250605] 1 trades, day P&L=$+23, equity=$101,260
2026-04-03 07:49:03 | DEBUG    | [20250611] 1 trades, day P&L=$+8, equity=$101,268
2026-04-03 07:49:03 | DEBUG    | [20250613] 1 trades, day P&L=$+8, equity=$101,276
2026-04-03 07:49:03 | DEBUG    | [20250618] 1 trades, day P&L=$+18, equity=$101,294
2026-04-03 07:49:03 | DEBUG    | [20250620] 1 trades, day P&L=$+3, equity=$101,297
2026-04-03 07:49:03 | DEBUG    | [20250711] 1 trades, day P&L=$+3, equity=$101,300
2026-04-03 07:49:03 | DEBUG    | [20250731] 1 trades, day P&L=$+53, equity=$101,353
2026-04-03 07:49:03 | DEBUG    | [20250801] 1 trades, day P&L=$+28, equity=$101,381
2026-04-03 07:49:03 | DEBUG    | [20250811] 1 trades, day P&L=$+3, equity=$101,384
2026-04-03 07:49:03 | DEBUG    | [20250815] 1 trades, day P&L=$+3, equity=$101,387
2026-04-03 07:49:03 | DEBUG    | [20250829] 1 trades, day P&L=$+8, equity=$101,395
2026-04-03 07:49:03 | DEBUG    | [20250905] 1 trades, day P&L=$+8, equity=$101,403
2026-04-03 07:49:03 | DEBUG    | [20250917] 1 trades, day P&L=$+8, equity=$101,411
2026-04-03 07:49:03 | DEBUG    | [20250923] 1 trades, day P&L=$+3, equity=$101,414
2026-04-03 07:49:03 | DEBUG    | [20251010] 1 trades, day P&L=$+68, equity=$101,482
2026-04-03 07:49:03 | DEBUG    | [20251015] 1 trades, day P&L=$+33, equity=$101,515
2026-04-03 07:49:03 | DEBUG    | [20251016] 1 trades, day P&L=$+43, equity=$101,558
2026-04-03 07:49:03 | DEBUG    | [20251028] 1 trades, day P&L=$+3, equity=$101,561
2026-04-03 07:49:03 | DEBUG    | [20251029] 1 trades, day P&L=$+13, equity=$101,574
2026-04-03 07:49:03 | DEBUG    | [20251030] 1 trades, day P&L=$+18, equity=$101,592
2026-04-03 07:49:03 | DEBUG    | [20251031] 1 trades, day P&L=$+23, equity=$101,615
2026-04-03 07:49:03 | DEBUG    | [20251104] 1 trades, day P&L=$+13, equity=$101,628
2026-04-03 07:49:03 | DEBUG    | [20251106] 1 trades, day P&L=$+28, equity=$101,656
2026-04-03 07:49:03 | DEBUG    | [20251113] 1 trades, day P&L=$+33, equity=$101,689
2026-04-03 07:49:03 | DEBUG    | [20251117] 1 trades, day P&L=$+13, equity=$101,702
2026-04-03 07:49:03 | DEBUG    | [20251118] 1 trades, day P&L=$+13, equity=$101,715
2026-04-03 07:49:03 | DEBUG    | [20251120] 1 trades, day P&L=$+38, equity=$101,753
2026-04-03 07:49:03 | DEBUG    | [20251217] 1 trades, day P&L=$+8, equity=$101,761
2026-04-03 07:49:03 | DEBUG    | [20251231] 1 trades, day P&L=$+8, equity=$101,769
2026-04-03 07:49:03 | DEBUG    | [20260102] 1 trades, day P&L=$+3, equity=$101,772
2026-04-03 07:49:03 | DEBUG    | [20260114] 1 trades, day P&L=$+13, equity=$101,785
2026-04-03 07:49:03 | DEBUG    | [20260120] 1 trades, day P&L=$+18, equity=$101,803
2026-04-03 07:49:03 | DEBUG    | [20260128] 1 trades, day P&L=$+3, equity=$101,806
2026-04-03 07:49:03 | DEBUG    | [20260129] 1 trades, day P&L=$+8, equity=$101,814
2026-04-03 07:49:03 | DEBUG    | [20260130] 1 trades, day P&L=$+23, equity=$101,837
2026-04-03 07:49:03 | DEBUG    | [20260203] 1 trades, day P&L=$+13, equity=$101,850
2026-04-03 07:49:03 | DEBUG    | [20260204] 1 trades, day P&L=$+18, equity=$101,868
2026-04-03 07:49:03 | DEBUG    | [20260205] 1 trades, day P&L=$+18, equity=$101,886
2026-04-03 07:49:03 | DEBUG    | [20260212] 1 trades, day P&L=$+13, equity=$101,899
2026-04-03 07:49:03 | DEBUG    | [20260213] 1 trades, day P&L=$+13, equity=$101,912
2026-04-03 07:49:04 | DEBUG    | [20260219] 1 trades, day P&L=$+3, equity=$101,915
2026-04-03 07:49:04 | DEBUG    | [20260305] 1 trades, day P&L=$+8, equity=$101,923
2026-04-03 07:49:04 | DEBUG    | [20260311] 1 trades, day P&L=$+18, equity=$101,941
2026-04-03 07:49:04 | DEBUG    | [20260313] 1 trades, day P&L=$+13, equity=$101,954
2026-04-03 07:49:04 | DEBUG    | [20260320] 1 trades, day P&L=$+13, equity=$101,967
2026-04-03 07:49:04 | DEBUG    | [20260324] 1 trades, day P&L=$+3, equity=$101,970
2026-04-03 07:49:04 | DEBUG    | [20260325] 1 trades, day P&L=$+3, equity=$101,973
2026-04-03 07:49:04 | INFO     | ============================================================
2026-04-03 07:49:04 | INFO     | SKIP REASONS:
2026-04-03 07:49:04 | INFO     |   early_close         : 6
2026-04-03 07:49:04 | INFO     |   no_quotes           : 32
2026-04-03 07:49:04 | INFO     |   TOTAL TRADES        : 259
2026-04-03 07:49:04 | INFO     | ============================================================
2026-04-03 07:49:04 | INFO     | [ITER 15] dir_sweep_always_put_1555 → SWEEP | P&L=$1,973, Sharpe=1.19, DD=$-1,214
2026-04-03 07:49:04 | DEBUG    | [20220105] 1 trades, day P&L=$+3, equity=$100,003
2026-04-03 07:49:04 | DEBUG    | [20220110] 1 trades, day P&L=$+3, equity=$100,006
2026-04-03 07:49:04 | DEBUG    | [20220112] 1 trades, day P&L=$+3, equity=$100,009
2026-04-03 07:49:04 | DEBUG    | [20220114] 1 trades, day P&L=$+13, equity=$100,022
2026-04-03 07:49:04 | DEBUG    | [20220118] 1 trades, day P&L=$+43, equity=$100,065
2026-04-03 07:49:04 | DEBUG    | [20220119] 1 trades, day P&L=$+8, equity=$100,073
2026-04-03 07:49:04 | DEBUG    | [20220121] 1 trades, day P&L=$+63, equity=$100,136
2026-04-03 07:49:04 | DEBUG    | [20220124] 1 trades, day P&L=$+143, equity=$100,279
2026-04-03 07:49:04 | DEBUG    | [20220126] 1 trades, day P&L=$+88, equity=$100,367
2026-04-03 07:49:04 | DEBUG    | [20220128] 1 trades, day P&L=$+23, equity=$100,390
2026-04-03 07:49:04 | DEBUG    | [20220131] 1 trades, day P&L=$+38, equity=$100,428
2026-04-03 07:49:04 | DEBUG    | [20220204] 1 trades, day P&L=$+18, equity=$100,446
2026-04-03 07:49:04 | DEBUG    | [20220207] 1 trades, day P&L=$+48, equity=$100,494
2026-04-03 07:49:04 | DEBUG    | [20220209] 1 trades, day P&L=$+18, equity=$100,512
2026-04-03 07:49:04 | DEBUG    | [20220211] 1 trades, day P&L=$+93, equity=$100,605
2026-04-03 07:49:04 | DEBUG    | [20220214] 1 trades, day P&L=$+28, equity=$100,633
2026-04-03 07:49:04 | DEBUG    | [20220216] 1 trades, day P&L=$+3, equity=$100,636
2026-04-03 07:49:04 | DEBUG    | [20220218] 1 trades, day P&L=$+43, equity=$100,679
2026-04-03 07:49:04 | DEBUG    | [20220222] 1 trades, day P&L=$+33, equity=$100,712
2026-04-03 07:49:04 | DEBUG    | [20220223] 1 trades, day P&L=$+23, equity=$100,735
2026-04-03 07:49:04 | DEBUG    | [20220225] 1 trades, day P&L=$+23, equity=$100,758
2026-04-03 07:49:04 | DEBUG    | [20220228] 1 trades, day P&L=$+28, equity=$100,786
2026-04-03 07:49:04 | DEBUG    | [20220302] 1 trades, day P&L=$+3, equity=$100,789
2026-04-03 07:49:04 | DEBUG    | [20220304] 1 trades, day P&L=$+13, equity=$100,802
2026-04-03 07:49:04 | DEBUG    | [20220307] 1 trades, day P&L=$+28, equity=$100,830
2026-04-03 07:49:04 | DEBUG    | [20220309] 1 trades, day P&L=$+18, equity=$100,848
2026-04-03 07:49:04 | DEBUG    | [20220316] 1 trades, day P&L=$+3, equity=$100,851
2026-04-03 07:49:04 | DEBUG    | [20220401] 1 trades, day P&L=$+8, equity=$100,859
2026-04-03 07:49:04 | DEBUG    | [20220406] 1 trades, day P&L=$+33, equity=$100,892
2026-04-03 07:49:04 | DEBUG    | [20220408] 1 trades, day P&L=$+3, equity=$100,895
2026-04-03 07:49:04 | DEBUG    | [20220418] 1 trades, day P&L=$-178, equity=$100,717
2026-04-03 07:49:04 | DEBUG    | [20220420] 1 trades, day P&L=$+3, equity=$100,720
2026-04-03 07:49:04 | DEBUG    | [20220425] 1 trades, day P&L=$+33, equity=$100,753
2026-04-03 07:49:04 | DEBUG    | [20220427] 1 trades, day P&L=$+13, equity=$100,766
2026-04-03 07:49:04 | DEBUG    | [20220502] 1 trades, day P&L=$+43, equity=$100,809
2026-04-03 07:49:04 | DEBUG    | [20220503] 1 trades, day P&L=$+38, equity=$100,847
2026-04-03 07:49:04 | DEBUG    | [20220504] 1 trades, day P&L=$+13, equity=$100,860
2026-04-03 07:49:04 | DEBUG    | [20220506] 1 trades, day P&L=$+63, equity=$100,923
2026-04-03 07:49:04 | DEBUG    | [20220513] 1 trades, day P&L=$+23, equity=$100,946
2026-04-03 07:49:04 | DEBUG    | [20220516] 1 trades, day P&L=$+8, equity=$100,954
2026-04-03 07:49:04 | DEBUG    | [20220517] 1 trades, day P&L=$+3, equity=$100,957
2026-04-03 07:49:04 | DEBUG    | [20220519] 1 trades, day P&L=$+3, equity=$100,960
2026-04-03 07:49:04 | DEBUG    | [20220523] 1 trades, day P&L=$+8, equity=$100,968
2026-04-03 07:49:04 | DEBUG    | [20220524] 1 trades, day P&L=$+33, equity=$101,001
2026-04-03 07:49:04 | DEBUG    | [20220526] 1 trades, day P&L=$+8, equity=$101,009
2026-04-03 07:49:04 | DEBUG    | [20220527] 1 trades, day P&L=$+3, equity=$101,012
2026-04-03 07:49:04 | DEBUG    | [20220531] 1 trades, day P&L=$+13, equity=$101,025
2026-04-03 07:49:04 | DEBUG    | [20220606] 1 trades, day P&L=$+3, equity=$101,028
2026-04-03 07:49:04 | DEBUG    | [20220615] 1 trades, day P&L=$+33, equity=$101,061
2026-04-03 07:49:04 | DEBUG    | [20220623] 1 trades, day P&L=$+3, equity=$101,064
2026-04-03 07:49:04 | DEBUG    | [20220624] 1 trades, day P&L=$+3, equity=$101,067
2026-04-03 07:49:04 | DEBUG    | [20220629] 1 trades, day P&L=$+3, equity=$101,070
2026-04-03 07:49:04 | DEBUG    | [20220630] 1 trades, day P&L=$-75, equity=$100,995
2026-04-03 07:49:04 | DEBUG    | [20220705] 1 trades, day P&L=$+3, equity=$100,998
2026-04-03 07:49:04 | DEBUG    | [20220706] 1 trades, day P&L=$+3, equity=$101,001
2026-04-03 07:49:04 | DEBUG    | [20220713] 1 trades, day P&L=$+3, equity=$101,004
2026-04-03 07:49:04 | DEBUG    | [20220727] 1 trades, day P&L=$+3, equity=$101,007
2026-04-03 07:49:04 | DEBUG    | [20220802] 1 trades, day P&L=$+3, equity=$101,010
2026-04-03 07:49:04 | DEBUG    | [20220916] 1 trades, day P&L=$+13, equity=$101,023
2026-04-03 07:49:04 | DEBUG    | [20220919] 1 trades, day P&L=$+3, equity=$101,026
2026-04-03 07:49:04 | DEBUG    | [20220926] 1 trades, day P&L=$+3, equity=$101,029
2026-04-03 07:49:04 | DEBUG    | [20220928] 1 trades, day P&L=$+13, equity=$101,042
2026-04-03 07:49:04 | DEBUG    | [20221003] 1 trades, day P&L=$+3, equity=$101,045
2026-04-03 07:49:04 | DEBUG    | [20221004] 1 trades, day P&L=$+8, equity=$101,053
2026-04-03 07:49:04 | DEBUG    | [20221011] 1 trades, day P&L=$+8, equity=$101,061
2026-04-03 07:49:04 | DEBUG    | [20221012] 1 trades, day P&L=$+3, equity=$101,064
2026-04-03 07:49:04 | DEBUG    | [20221013] 1 trades, day P&L=$+8, equity=$101,072
2026-04-03 07:49:05 | DEBUG    | [20221108] 1 trades, day P&L=$+3, equity=$101,075
2026-04-03 07:49:05 | DEBUG    | [20221118] 1 trades, day P&L=$+3, equity=$101,078
2026-04-03 07:49:05 | DEBUG    | [20221214] 1 trades, day P&L=$+13, equity=$101,091
2026-04-03 07:49:05 | DEBUG    | [20221230] 1 trades, day P&L=$+3, equity=$101,094
2026-04-03 07:49:05 | DEBUG    | [20230201] 1 trades, day P&L=$+18, equity=$101,112
2026-04-03 07:49:05 | DEBUG    | [20230203] 1 trades, day P&L=$+3, equity=$101,115
2026-04-03 07:49:05 | DEBUG    | [20230315] 1 trades, day P&L=$-719, equity=$100,396
2026-04-03 07:49:05 | DEBUG    | [20230316] 1 trades, day P&L=$+13, equity=$100,409
2026-04-03 07:49:05 | DEBUG    | [20230323] 1 trades, day P&L=$+3, equity=$100,412
2026-04-03 07:49:06 | DEBUG    | [20230927] 1 trades, day P&L=$+3, equity=$100,415
2026-04-03 07:49:06 | DEBUG    | [20240328] 1 trades, day P&L=$+3, equity=$100,418
2026-04-03 07:49:06 | DEBUG    | [20240405] 1 trades, day P&L=$+8, equity=$100,426
2026-04-03 07:49:06 | DEBUG    | [20240410] 1 trades, day P&L=$+23, equity=$100,449
2026-04-03 07:49:06 | DEBUG    | [20240416] 1 trades, day P&L=$+3, equity=$100,452
2026-04-03 07:49:06 | DEBUG    | [20240422] 1 trades, day P&L=$+3, equity=$100,455
2026-04-03 07:49:06 | DEBUG    | [20240501] 1 trades, day P&L=$+43, equity=$100,498
2026-04-03 07:49:06 | DEBUG    | [20240531] 1 trades, day P&L=$+8, equity=$100,506
2026-04-03 07:49:06 | DEBUG    | [20240612] 1 trades, day P&L=$+33, equity=$100,539
2026-04-03 07:49:06 | DEBUG    | [20240627] 1 trades, day P&L=$+3, equity=$100,542
2026-04-03 07:49:06 | DEBUG    | [20240712] 1 trades, day P&L=$+8, equity=$100,550
2026-04-03 07:49:06 | DEBUG    | [20240715] 1 trades, day P&L=$+3, equity=$100,553
2026-04-03 07:49:07 | DEBUG    | [20240726] 1 trades, day P&L=$+23, equity=$100,576
2026-04-03 07:49:07 | DEBUG    | [20240731] 1 trades, day P&L=$+43, equity=$100,619
2026-04-03 07:49:07 | DEBUG    | [20240805] 1 trades, day P&L=$-80, equity=$100,539
2026-04-03 07:49:07 | DEBUG    | [20240806] 1 trades, day P&L=$+58, equity=$100,597
2026-04-03 07:49:07 | DEBUG    | [20240808] 1 trades, day P&L=$+33, equity=$100,630
2026-04-03 07:49:07 | DEBUG    | [20240809] 1 trades, day P&L=$+13, equity=$100,643
2026-04-03 07:49:07 | DEBUG    | [20240812] 1 trades, day P&L=$+8, equity=$100,651
2026-04-03 07:49:07 | DEBUG    | [20240813] 1 trades, day P&L=$+3, equity=$100,654
2026-04-03 07:49:07 | DEBUG    | [20240820] 1 trades, day P&L=$+3, equity=$100,657
2026-04-03 07:49:07 | DEBUG    | [20240823] 1 trades, day P&L=$+3, equity=$100,660
2026-04-03 07:49:07 | DEBUG    | [20240830] 1 trades, day P&L=$+33, equity=$100,693
2026-04-03 07:49:07 | DEBUG    | [20240904] 1 trades, day P&L=$+23, equity=$100,716
2026-04-03 07:49:07 | DEBUG    | [20240909] 1 trades, day P&L=$+3, equity=$100,719
2026-04-03 07:49:07 | DEBUG    | [20240911] 1 trades, day P&L=$+23, equity=$100,742
2026-04-03 07:49:07 | DEBUG    | [20240913] 1 trades, day P&L=$+3, equity=$100,745
2026-04-03 07:49:07 | DEBUG    | [20240919] 1 trades, day P&L=$+13, equity=$100,758
2026-04-03 07:49:07 | DEBUG    | [20240930] 1 trades, day P&L=$+43, equity=$100,801
2026-04-03 07:49:07 | DEBUG    | [20241004] 1 trades, day P&L=$+3, equity=$100,804
2026-04-03 07:49:07 | DEBUG    | [20241101] 1 trades, day P&L=$+3, equity=$100,807
2026-04-03 07:49:07 | DEBUG    | [20241106] 1 trades, day P&L=$+3, equity=$100,810
2026-04-03 07:49:07 | DEBUG    | [20241220] 1 trades, day P&L=$+33, equity=$100,843
2026-04-03 07:49:07 | DEBUG    | [20241230] 1 trades, day P&L=$+13, equity=$100,856
2026-04-03 07:49:07 | DEBUG    | [20250127] 1 trades, day P&L=$-208, equity=$100,648
2026-04-03 07:49:07 | DEBUG    | [20250130] 1 trades, day P&L=$+18, equity=$100,666
2026-04-03 07:49:07 | DEBUG    | [20250203] 1 trades, day P&L=$+13, equity=$100,679
2026-04-03 07:49:07 | DEBUG    | [20250226] 1 trades, day P&L=$+3, equity=$100,682
2026-04-03 07:49:07 | DEBUG    | [20250228] 1 trades, day P&L=$-363, equity=$100,319
2026-04-03 07:49:07 | DEBUG    | [20250305] 1 trades, day P&L=$+68, equity=$100,387
2026-04-03 07:49:07 | DEBUG    | [20250307] 1 trades, day P&L=$+93, equity=$100,480
2026-04-03 07:49:07 | DEBUG    | [20250314] 1 trades, day P&L=$+18, equity=$100,498
2026-04-03 07:49:07 | DEBUG    | [20250317] 1 trades, day P&L=$+3, equity=$100,501
2026-04-03 07:49:07 | DEBUG    | [20250319] 1 trades, day P&L=$+28, equity=$100,529
2026-04-03 07:49:07 | DEBUG    | [20250320] 1 trades, day P&L=$+13, equity=$100,542
2026-04-03 07:49:07 | DEBUG    | [20250321] 1 trades, day P&L=$+18, equity=$100,560
2026-04-03 07:49:07 | DEBUG    | [20250327] 1 trades, day P&L=$+3, equity=$100,563
2026-04-03 07:49:07 | DEBUG    | [20250331] 1 trades, day P&L=$+113, equity=$100,676
2026-04-03 07:49:07 | DEBUG    | [20250401] 1 trades, day P&L=$+3, equity=$100,679
2026-04-03 07:49:07 | DEBUG    | [20250402] 1 trades, day P&L=$+28, equity=$100,707
2026-04-03 07:49:07 | DEBUG    | [20250407] 1 trades, day P&L=$+98, equity=$100,805
2026-04-03 07:49:07 | DEBUG    | [20250411] 1 trades, day P&L=$+38, equity=$100,843
2026-04-03 07:49:07 | DEBUG    | [20250415] 1 trades, day P&L=$+8, equity=$100,851
2026-04-03 07:49:07 | DEBUG    | [20250422] 1 trades, day P&L=$+33, equity=$100,884
2026-04-03 07:49:07 | DEBUG    | [20250423] 1 trades, day P&L=$+38, equity=$100,922
2026-04-03 07:49:07 | DEBUG    | [20250424] 1 trades, day P&L=$+23, equity=$100,945
2026-04-03 07:49:07 | DEBUG    | [20250428] 1 trades, day P&L=$+13, equity=$100,958
2026-04-03 07:49:07 | DEBUG    | [20250430] 1 trades, day P&L=$+128, equity=$101,086
2026-04-03 07:49:07 | DEBUG    | [20250502] 1 trades, day P&L=$+13, equity=$101,099
2026-04-03 07:49:07 | DEBUG    | [20250507] 1 trades, day P&L=$+28, equity=$101,127
2026-04-03 07:49:07 | DEBUG    | [20250508] 1 trades, day P&L=$+33, equity=$101,160
2026-04-03 07:49:07 | DEBUG    | [20250509] 1 trades, day P&L=$+3, equity=$101,163
2026-04-03 07:49:07 | DEBUG    | [20250512] 1 trades, day P&L=$+13, equity=$101,176
2026-04-03 07:49:07 | DEBUG    | [20250513] 1 trades, day P&L=$+28, equity=$101,204
2026-04-03 07:49:07 | DEBUG    | [20250514] 1 trades, day P&L=$+13, equity=$101,217
2026-04-03 07:49:07 | DEBUG    | [20250515] 1 trades, day P&L=$+8, equity=$101,225
2026-04-03 07:49:08 | DEBUG    | [20250519] 1 trades, day P&L=$+3, equity=$101,228
2026-04-03 07:49:08 | DEBUG    | [20250522] 1 trades, day P&L=$+8, equity=$101,236
2026-04-03 07:49:08 | DEBUG    | [20250523] 1 trades, day P&L=$+18, equity=$101,254
2026-04-03 07:49:08 | DEBUG    | [20250530] 1 trades, day P&L=$+48, equity=$101,302
2026-04-03 07:49:08 | DEBUG    | [20250603] 1 trades, day P&L=$+3, equity=$101,305
2026-04-03 07:49:08 | DEBUG    | [20250618] 1 trades, day P&L=$+8, equity=$101,313
2026-04-03 07:49:08 | DEBUG    | [20250630] 1 trades, day P&L=$+18, equity=$101,331
2026-04-03 07:49:08 | DEBUG    | [20250917] 1 trades, day P&L=$+13, equity=$101,344
2026-04-03 07:49:08 | DEBUG    | [20250930] 1 trades, day P&L=$+8, equity=$101,352
2026-04-03 07:49:08 | DEBUG    | [20251014] 1 trades, day P&L=$+18, equity=$101,370
2026-04-03 07:49:08 | DEBUG    | [20251107] 1 trades, day P&L=$+3, equity=$101,373
2026-04-03 07:49:08 | DEBUG    | [20251110] 1 trades, day P&L=$+3, equity=$101,376
2026-04-03 07:49:08 | DEBUG    | [20251114] 1 trades, day P&L=$+8, equity=$101,384
2026-04-03 07:49:08 | DEBUG    | [20251118] 1 trades, day P&L=$+18, equity=$101,402
2026-04-03 07:49:08 | DEBUG    | [20251119] 1 trades, day P&L=$+8, equity=$101,410
2026-04-03 07:49:08 | DEBUG    | [20251121] 1 trades, day P&L=$+53, equity=$101,463
2026-04-03 07:49:08 | DEBUG    | [20251124] 1 trades, day P&L=$+8, equity=$101,471
2026-04-03 07:49:08 | DEBUG    | [20251209] 1 trades, day P&L=$+8, equity=$101,479
2026-04-03 07:49:08 | DEBUG    | [20251218] 1 trades, day P&L=$+18, equity=$101,497
2026-04-03 07:49:08 | DEBUG    | [20260130] 1 trades, day P&L=$+8, equity=$101,505
2026-04-03 07:49:08 | DEBUG    | [20260206] 1 trades, day P&L=$+8, equity=$101,513
2026-04-03 07:49:08 | DEBUG    | [20260213] 1 trades, day P&L=$+28, equity=$101,541
2026-04-03 07:49:08 | DEBUG    | [20260218] 1 trades, day P&L=$+3, equity=$101,544
2026-04-03 07:49:08 | DEBUG    | [20260224] 1 trades, day P&L=$+3, equity=$101,547
2026-04-03 07:49:08 | DEBUG    | [20260227] 1 trades, day P&L=$+8, equity=$101,555
2026-04-03 07:49:08 | DEBUG    | [20260302] 1 trades, day P&L=$+8, equity=$101,563
2026-04-03 07:49:08 | DEBUG    | [20260309] 1 trades, day P&L=$-47, equity=$101,516
2026-04-03 07:49:08 | DEBUG    | [20260323] 1 trades, day P&L=$+3, equity=$101,519
2026-04-03 07:49:08 | DEBUG    | [20260324] 1 trades, day P&L=$+3, equity=$101,522
2026-04-03 07:49:09 | INFO     | ============================================================
2026-04-03 07:49:09 | INFO     | SKIP REASONS:
2026-04-03 07:49:09 | INFO     |   early_close         : 6
2026-04-03 07:49:09 | INFO     |   no_quotes           : 32
2026-04-03 07:49:09 | INFO     |   TOTAL TRADES        : 171
2026-04-03 07:49:09 | INFO     | ============================================================
2026-04-03 07:49:09 | INFO     | [ITER 16] dir_sweep_always_call_1555 → SWEEP | P&L=$1,522, Sharpe=1.96, DD=$-796
2026-04-03 07:49:09 | DEBUG    | [20220105] 2 trades, day P&L=$+16, equity=$100,016
2026-04-03 07:49:09 | DEBUG    | [20220107] 1 trades, day P&L=$+13, equity=$100,029
2026-04-03 07:49:09 | DEBUG    | [20220110] 2 trades, day P&L=$+31, equity=$100,060
2026-04-03 07:49:09 | DEBUG    | [20220112] 1 trades, day P&L=$+3, equity=$100,063
2026-04-03 07:49:09 | DEBUG    | [20220114] 2 trades, day P&L=$+21, equity=$100,084
2026-04-03 07:49:09 | DEBUG    | [20220118] 2 trades, day P&L=$+51, equity=$100,135
2026-04-03 07:49:09 | DEBUG    | [20220119] 2 trades, day P&L=$+26, equity=$100,161
2026-04-03 07:49:09 | DEBUG    | [20220121] 2 trades, day P&L=$+91, equity=$100,252
2026-04-03 07:49:09 | DEBUG    | [20220124] 2 trades, day P&L=$+281, equity=$100,533
2026-04-03 07:49:09 | DEBUG    | [20220126] 2 trades, day P&L=$+101, equity=$100,634
2026-04-03 07:49:09 | DEBUG    | [20220128] 2 trades, day P&L=$+61, equity=$100,695
2026-04-03 07:49:09 | DEBUG    | [20220131] 2 trades, day P&L=$+51, equity=$100,746
2026-04-03 07:49:09 | DEBUG    | [20220202] 1 trades, day P&L=$+18, equity=$100,764
2026-04-03 07:49:09 | DEBUG    | [20220204] 2 trades, day P&L=$+41, equity=$100,805
2026-04-03 07:49:09 | DEBUG    | [20220207] 2 trades, day P&L=$+66, equity=$100,871
2026-04-03 07:49:09 | DEBUG    | [20220209] 2 trades, day P&L=$+21, equity=$100,892
2026-04-03 07:49:09 | DEBUG    | [20220211] 2 trades, day P&L=$+201, equity=$101,093
2026-04-03 07:49:09 | DEBUG    | [20220214] 2 trades, day P&L=$+76, equity=$101,169
2026-04-03 07:49:09 | DEBUG    | [20220216] 2 trades, day P&L=$+6, equity=$101,175
2026-04-03 07:49:09 | DEBUG    | [20220218] 2 trades, day P&L=$+71, equity=$101,246
2026-04-03 07:49:09 | DEBUG    | [20220222] 2 trades, day P&L=$+61, equity=$101,307
2026-04-03 07:49:09 | DEBUG    | [20220223] 2 trades, day P&L=$+31, equity=$101,338
2026-04-03 07:49:09 | DEBUG    | [20220225] 2 trades, day P&L=$+51, equity=$101,389
2026-04-03 07:49:09 | DEBUG    | [20220228] 2 trades, day P&L=$+86, equity=$101,475
2026-04-03 07:49:09 | DEBUG    | [20220302] 2 trades, day P&L=$+41, equity=$101,516
2026-04-03 07:49:09 | DEBUG    | [20220304] 2 trades, day P&L=$+36, equity=$101,552
2026-04-03 07:49:09 | DEBUG    | [20220307] 2 trades, day P&L=$+76, equity=$101,628
2026-04-03 07:49:09 | DEBUG    | [20220309] 1 trades, day P&L=$+18, equity=$101,646
2026-04-03 07:49:09 | DEBUG    | [20220311] 1 trades, day P&L=$+23, equity=$101,669
2026-04-03 07:49:09 | DEBUG    | [20220314] 1 trades, day P&L=$+8, equity=$101,677
2026-04-03 07:49:09 | DEBUG    | [20220316] 1 trades, day P&L=$+3, equity=$101,680
2026-04-03 07:49:09 | DEBUG    | [20220323] 1 trades, day P&L=$+13, equity=$101,693
2026-04-03 07:49:09 | DEBUG    | [20220325] 1 trades, day P&L=$+8, equity=$101,701
2026-04-03 07:49:09 | DEBUG    | [20220330] 1 trades, day P&L=$+13, equity=$101,714
2026-04-03 07:49:09 | DEBUG    | [20220331] 1 trades, day P&L=$-362, equity=$101,352
2026-04-03 07:49:09 | DEBUG    | [20220401] 2 trades, day P&L=$+21, equity=$101,373
2026-04-03 07:49:09 | DEBUG    | [20220406] 2 trades, day P&L=$+66, equity=$101,439
2026-04-03 07:49:09 | DEBUG    | [20220408] 2 trades, day P&L=$+26, equity=$101,465
2026-04-03 07:49:09 | DEBUG    | [20220414] 1 trades, day P&L=$+8, equity=$101,473
2026-04-03 07:49:09 | DEBUG    | [20220418] 2 trades, day P&L=$-175, equity=$101,298
2026-04-03 07:49:09 | DEBUG    | [20220420] 2 trades, day P&L=$+16, equity=$101,314
2026-04-03 07:49:09 | DEBUG    | [20220422] 1 trades, day P&L=$+48, equity=$101,362
2026-04-03 07:49:09 | DEBUG    | [20220425] 1 trades, day P&L=$+33, equity=$101,395
2026-04-03 07:49:09 | DEBUG    | [20220426] 1 trades, day P&L=$+23, equity=$101,418
2026-04-03 07:49:09 | DEBUG    | [20220427] 2 trades, day P&L=$+76, equity=$101,494
2026-04-03 07:49:09 | DEBUG    | [20220429] 1 trades, day P&L=$+118, equity=$101,612
2026-04-03 07:49:09 | DEBUG    | [20220502] 1 trades, day P&L=$+43, equity=$101,655
2026-04-03 07:49:09 | DEBUG    | [20220503] 2 trades, day P&L=$+51, equity=$101,706
2026-04-03 07:49:09 | DEBUG    | [20220504] 1 trades, day P&L=$+13, equity=$101,719
2026-04-03 07:49:09 | DEBUG    | [20220506] 2 trades, day P&L=$+111, equity=$101,830
2026-04-03 07:49:09 | DEBUG    | [20220509] 1 trades, day P&L=$+53, equity=$101,883
2026-04-03 07:49:09 | DEBUG    | [20220510] 1 trades, day P&L=$+8, equity=$101,891
2026-04-03 07:49:09 | DEBUG    | [20220511] 1 trades, day P&L=$+18, equity=$101,909
2026-04-03 07:49:09 | DEBUG    | [20220513] 1 trades, day P&L=$+23, equity=$101,932
2026-04-03 07:49:09 | DEBUG    | [20220516] 1 trades, day P&L=$+8, equity=$101,940
2026-04-03 07:49:09 | DEBUG    | [20220517] 1 trades, day P&L=$+3, equity=$101,943
2026-04-03 07:49:09 | DEBUG    | [20220518] 1 trades, day P&L=$+13, equity=$101,956
2026-04-03 07:49:09 | DEBUG    | [20220519] 1 trades, day P&L=$+3, equity=$101,959
2026-04-03 07:49:09 | DEBUG    | [20220520] 1 trades, day P&L=$+58, equity=$102,017
2026-04-03 07:49:09 | DEBUG    | [20220523] 1 trades, day P&L=$+8, equity=$102,025
2026-04-03 07:49:09 | DEBUG    | [20220524] 2 trades, day P&L=$+36, equity=$102,061
2026-04-03 07:49:09 | DEBUG    | [20220526] 1 trades, day P&L=$+8, equity=$102,069
2026-04-03 07:49:09 | DEBUG    | [20220527] 1 trades, day P&L=$+3, equity=$102,072
2026-04-03 07:49:09 | DEBUG    | [20220531] 2 trades, day P&L=$+36, equity=$102,108
2026-04-03 07:49:09 | DEBUG    | [20220603] 1 trades, day P&L=$+13, equity=$102,121
2026-04-03 07:49:09 | DEBUG    | [20220606] 1 trades, day P&L=$+3, equity=$102,124
2026-04-03 07:49:09 | DEBUG    | [20220608] 1 trades, day P&L=$+13, equity=$102,137
2026-04-03 07:49:09 | DEBUG    | [20220610] 1 trades, day P&L=$+28, equity=$102,165
2026-04-03 07:49:09 | DEBUG    | [20220613] 1 trades, day P&L=$+18, equity=$102,183
2026-04-03 07:49:09 | DEBUG    | [20220614] 1 trades, day P&L=$+13, equity=$102,196
2026-04-03 07:49:09 | DEBUG    | [20220615] 1 trades, day P&L=$+33, equity=$102,229
2026-04-03 07:49:09 | DEBUG    | [20220616] 1 trades, day P&L=$+33, equity=$102,262
2026-04-03 07:49:09 | DEBUG    | [20220623] 1 trades, day P&L=$+3, equity=$102,265
2026-04-03 07:49:09 | DEBUG    | [20220624] 1 trades, day P&L=$+3, equity=$102,268
2026-04-03 07:49:09 | DEBUG    | [20220627] 1 trades, day P&L=$+3, equity=$102,271
2026-04-03 07:49:09 | DEBUG    | [20220629] 1 trades, day P&L=$+3, equity=$102,274
2026-04-03 07:49:09 | DEBUG    | [20220630] 2 trades, day P&L=$-27, equity=$102,247
2026-04-03 07:49:09 | DEBUG    | [20220705] 1 trades, day P&L=$+3, equity=$102,250
2026-04-03 07:49:09 | DEBUG    | [20220706] 2 trades, day P&L=$+16, equity=$102,266
2026-04-03 07:49:09 | DEBUG    | [20220712] 1 trades, day P&L=$+13, equity=$102,279
2026-04-03 07:49:09 | DEBUG    | [20220713] 1 trades, day P&L=$+3, equity=$102,282
2026-04-03 07:49:09 | DEBUG    | [20220718] 1 trades, day P&L=$+13, equity=$102,295
2026-04-03 07:49:09 | DEBUG    | [20220727] 1 trades, day P&L=$+3, equity=$102,298
2026-04-03 07:49:09 | DEBUG    | [20220802] 1 trades, day P&L=$+3, equity=$102,301
2026-04-03 07:49:09 | DEBUG    | [20220902] 1 trades, day P&L=$+8, equity=$102,309
2026-04-03 07:49:09 | DEBUG    | [20220906] 1 trades, day P&L=$+18, equity=$102,327
2026-04-03 07:49:09 | DEBUG    | [20220915] 1 trades, day P&L=$+13, equity=$102,340
2026-04-03 07:49:09 | DEBUG    | [20220916] 2 trades, day P&L=$+21, equity=$102,361
2026-04-03 07:49:09 | DEBUG    | [20220919] 1 trades, day P&L=$+3, equity=$102,364
2026-04-03 07:49:09 | DEBUG    | [20220920] 1 trades, day P&L=$+3, equity=$102,367
2026-04-03 07:49:09 | DEBUG    | [20220921] 1 trades, day P&L=$-5, equity=$102,362
2026-04-03 07:49:09 | DEBUG    | [20220923] 1 trades, day P&L=$+23, equity=$102,385
2026-04-03 07:49:09 | DEBUG    | [20220926] 2 trades, day P&L=$-892, equity=$101,493
2026-04-03 07:49:09 | DEBUG    | [20220927] 1 trades, day P&L=$+43, equity=$101,536
2026-04-03 07:49:09 | DEBUG    | [20220928] 1 trades, day P&L=$+13, equity=$101,549
2026-04-03 07:49:09 | DEBUG    | [20220929] 1 trades, day P&L=$+33, equity=$101,582
2026-04-03 07:49:09 | DEBUG    | [20220930] 1 trades, day P&L=$+73, equity=$101,655
2026-04-03 07:49:09 | DEBUG    | [20221003] 1 trades, day P&L=$+3, equity=$101,658
2026-04-03 07:49:09 | DEBUG    | [20221004] 1 trades, day P&L=$+8, equity=$101,666
2026-04-03 07:49:09 | DEBUG    | [20221006] 1 trades, day P&L=$+13, equity=$101,679
2026-04-03 07:49:09 | DEBUG    | [20221007] 1 trades, day P&L=$+23, equity=$101,702
2026-04-03 07:49:09 | DEBUG    | [20221011] 2 trades, day P&L=$+11, equity=$101,713
2026-04-03 07:49:09 | DEBUG    | [20221012] 1 trades, day P&L=$+3, equity=$101,716
2026-04-03 07:49:09 | DEBUG    | [20221013] 1 trades, day P&L=$+8, equity=$101,724
2026-04-03 07:49:09 | DEBUG    | [20221014] 1 trades, day P&L=$+3, equity=$101,727
2026-04-03 07:49:09 | DEBUG    | [20221018] 1 trades, day P&L=$+3, equity=$101,730
2026-04-03 07:49:09 | DEBUG    | [20221019] 1 trades, day P&L=$+3, equity=$101,733
2026-04-03 07:49:09 | DEBUG    | [20221020] 1 trades, day P&L=$+3, equity=$101,736
2026-04-03 07:49:09 | DEBUG    | [20221102] 1 trades, day P&L=$+13, equity=$101,749
2026-04-03 07:49:09 | DEBUG    | [20221104] 1 trades, day P&L=$+3, equity=$101,752
2026-04-03 07:49:09 | DEBUG    | [20221108] 1 trades, day P&L=$+3, equity=$101,755
2026-04-03 07:49:09 | DEBUG    | [20221115] 1 trades, day P&L=$+28, equity=$101,783
2026-04-03 07:49:10 | DEBUG    | [20221118] 1 trades, day P&L=$+3, equity=$101,786
2026-04-03 07:49:10 | DEBUG    | [20221209] 1 trades, day P&L=$+3, equity=$101,789
2026-04-03 07:49:10 | DEBUG    | [20221213] 1 trades, day P&L=$+3, equity=$101,792
2026-04-03 07:49:10 | DEBUG    | [20221214] 1 trades, day P&L=$+13, equity=$101,805
2026-04-03 07:49:10 | DEBUG    | [20221215] 1 trades, day P&L=$+3, equity=$101,808
2026-04-03 07:49:10 | DEBUG    | [20221216] 1 trades, day P&L=$+3, equity=$101,811
2026-04-03 07:49:10 | DEBUG    | [20221230] 2 trades, day P&L=$+16, equity=$101,827
2026-04-03 07:49:10 | DEBUG    | [20230201] 1 trades, day P&L=$+18, equity=$101,845
2026-04-03 07:49:10 | DEBUG    | [20230202] 1 trades, day P&L=$+3, equity=$101,848
2026-04-03 07:49:10 | DEBUG    | [20230203] 2 trades, day P&L=$+6, equity=$101,854
2026-04-03 07:49:10 | DEBUG    | [20230216] 1 trades, day P&L=$+3, equity=$101,857
2026-04-03 07:49:10 | DEBUG    | [20230309] 1 trades, day P&L=$+8, equity=$101,865
2026-04-03 07:49:10 | DEBUG    | [20230310] 1 trades, day P&L=$+3, equity=$101,868
2026-04-03 07:49:10 | DEBUG    | [20230314] 1 trades, day P&L=$+3, equity=$101,871
2026-04-03 07:49:10 | DEBUG    | [20230315] 2 trades, day P&L=$-686, equity=$101,185
2026-04-03 07:49:10 | DEBUG    | [20230316] 1 trades, day P&L=$+13, equity=$101,198
2026-04-03 07:49:10 | DEBUG    | [20230317] 1 trades, day P&L=$+8, equity=$101,206
2026-04-03 07:49:10 | DEBUG    | [20230322] 1 trades, day P&L=$-290, equity=$100,916
2026-04-03 07:49:10 | DEBUG    | [20230323] 2 trades, day P&L=$+21, equity=$100,937
2026-04-03 07:49:10 | DEBUG    | [20230412] 1 trades, day P&L=$+8, equity=$100,945
2026-04-03 07:49:10 | DEBUG    | [20230504] 1 trades, day P&L=$+3, equity=$100,948
2026-04-03 07:49:10 | DEBUG    | [20230614] 1 trades, day P&L=$+3, equity=$100,951
2026-04-03 07:49:10 | DEBUG    | [20230727] 1 trades, day P&L=$+3, equity=$100,954
2026-04-03 07:49:10 | DEBUG    | [20230804] 1 trades, day P&L=$+8, equity=$100,962
2026-04-03 07:49:10 | DEBUG    | [20230809] 1 trades, day P&L=$+8, equity=$100,970
2026-04-03 07:49:10 | DEBUG    | [20230816] 1 trades, day P&L=$+3, equity=$100,973
2026-04-03 07:49:10 | DEBUG    | [20230824] 1 trades, day P&L=$+3, equity=$100,976
2026-04-03 07:49:11 | DEBUG    | [20230927] 2 trades, day P&L=$+6, equity=$100,982
2026-04-03 07:49:11 | DEBUG    | [20231003] 1 trades, day P&L=$+8, equity=$100,990
2026-04-03 07:49:11 | DEBUG    | [20231018] 1 trades, day P&L=$+3, equity=$100,993
2026-04-03 07:49:11 | DEBUG    | [20231019] 1 trades, day P&L=$+3, equity=$100,996
2026-04-03 07:49:11 | DEBUG    | [20231229] 1 trades, day P&L=$+8, equity=$101,004
2026-04-03 07:49:11 | DEBUG    | [20240308] 1 trades, day P&L=$+8, equity=$101,012
2026-04-03 07:49:11 | DEBUG    | [20240315] 1 trades, day P&L=$+8, equity=$101,020
2026-04-03 07:49:11 | DEBUG    | [20240328] 1 trades, day P&L=$+3, equity=$101,023
2026-04-03 07:49:11 | DEBUG    | [20240405] 1 trades, day P&L=$+8, equity=$101,031
2026-04-03 07:49:11 | DEBUG    | [20240410] 2 trades, day P&L=$+31, equity=$101,062
2026-04-03 07:49:11 | DEBUG    | [20240415] 1 trades, day P&L=$+8, equity=$101,070
2026-04-03 07:49:11 | DEBUG    | [20240416] 2 trades, day P&L=$+11, equity=$101,081
2026-04-03 07:49:11 | DEBUG    | [20240418] 1 trades, day P&L=$+3, equity=$101,084
2026-04-03 07:49:11 | DEBUG    | [20240419] 1 trades, day P&L=$+18, equity=$101,102
2026-04-03 07:49:11 | DEBUG    | [20240422] 1 trades, day P&L=$+3, equity=$101,105
2026-04-03 07:49:11 | DEBUG    | [20240501] 2 trades, day P&L=$+71, equity=$101,176
2026-04-03 07:49:11 | DEBUG    | [20240502] 1 trades, day P&L=$+3, equity=$101,179
2026-04-03 07:49:11 | DEBUG    | [20240531] 1 trades, day P&L=$+8, equity=$101,187
2026-04-03 07:49:11 | DEBUG    | [20240604] 1 trades, day P&L=$+13, equity=$101,200
2026-04-03 07:49:11 | DEBUG    | [20240607] 1 trades, day P&L=$+3, equity=$101,203
2026-04-03 07:49:11 | DEBUG    | [20240612] 2 trades, day P&L=$+56, equity=$101,259
2026-04-03 07:49:11 | DEBUG    | [20240620] 1 trades, day P&L=$+3, equity=$101,262
2026-04-03 07:49:11 | DEBUG    | [20240621] 1 trades, day P&L=$+3, equity=$101,265
2026-04-03 07:49:11 | DEBUG    | [20240627] 2 trades, day P&L=$+6, equity=$101,271
2026-04-03 07:49:11 | DEBUG    | [20240628] 1 trades, day P&L=$+48, equity=$101,319
2026-04-03 07:49:11 | DEBUG    | [20240701] 1 trades, day P&L=$+3, equity=$101,322
2026-04-03 07:49:11 | DEBUG    | [20240711] 1 trades, day P&L=$+3, equity=$101,325
2026-04-03 07:49:11 | DEBUG    | [20240712] 1 trades, day P&L=$+8, equity=$101,333
2026-04-03 07:49:11 | DEBUG    | [20240715] 2 trades, day P&L=$+6, equity=$101,339
2026-04-03 07:49:11 | DEBUG    | [20240717] 1 trades, day P&L=$+8, equity=$101,347
2026-04-03 07:49:11 | DEBUG    | [20240718] 1 trades, day P&L=$+18, equity=$101,365
2026-04-03 07:49:11 | DEBUG    | [20240723] 1 trades, day P&L=$+3, equity=$101,368
2026-04-03 07:49:11 | DEBUG    | [20240724] 1 trades, day P&L=$+23, equity=$101,391
2026-04-03 07:49:11 | DEBUG    | [20240725] 1 trades, day P&L=$+18, equity=$101,409
2026-04-03 07:49:11 | DEBUG    | [20240726] 2 trades, day P&L=$+56, equity=$101,465
2026-04-03 07:49:12 | DEBUG    | [20240729] 1 trades, day P&L=$+3, equity=$101,468
2026-04-03 07:49:12 | DEBUG    | [20240730] 1 trades, day P&L=$+8, equity=$101,476
2026-04-03 07:49:12 | DEBUG    | [20240731] 1 trades, day P&L=$+43, equity=$101,519
2026-04-03 07:49:12 | DEBUG    | [20240801] 1 trades, day P&L=$+28, equity=$101,547
2026-04-03 07:49:12 | DEBUG    | [20240802] 1 trades, day P&L=$+68, equity=$101,615
2026-04-03 07:49:12 | DEBUG    | [20240805] 1 trades, day P&L=$-80, equity=$101,535
2026-04-03 07:49:12 | DEBUG    | [20240806] 1 trades, day P&L=$+58, equity=$101,593
2026-04-03 07:49:12 | DEBUG    | [20240807] 1 trades, day P&L=$+48, equity=$101,641
2026-04-03 07:49:12 | DEBUG    | [20240808] 1 trades, day P&L=$+33, equity=$101,674
2026-04-03 07:49:12 | DEBUG    | [20240809] 1 trades, day P&L=$+13, equity=$101,687
2026-04-03 07:49:12 | DEBUG    | [20240812] 2 trades, day P&L=$+26, equity=$101,713
2026-04-03 07:49:12 | DEBUG    | [20240813] 1 trades, day P&L=$+3, equity=$101,716
2026-04-03 07:49:12 | DEBUG    | [20240820] 1 trades, day P&L=$+3, equity=$101,719
2026-04-03 07:49:12 | DEBUG    | [20240823] 1 trades, day P&L=$+3, equity=$101,722
2026-04-03 07:49:12 | DEBUG    | [20240828] 1 trades, day P&L=$+13, equity=$101,735
2026-04-03 07:49:12 | DEBUG    | [20240829] 1 trades, day P&L=$+23, equity=$101,758
2026-04-03 07:49:12 | DEBUG    | [20240830] 1 trades, day P&L=$+33, equity=$101,791
2026-04-03 07:49:12 | DEBUG    | [20240903] 1 trades, day P&L=$+28, equity=$101,819
2026-04-03 07:49:12 | DEBUG    | [20240904] 1 trades, day P&L=$+23, equity=$101,842
2026-04-03 07:49:12 | DEBUG    | [20240905] 1 trades, day P&L=$+23, equity=$101,865
2026-04-03 07:49:12 | DEBUG    | [20240906] 1 trades, day P&L=$+53, equity=$101,918
2026-04-03 07:49:12 | DEBUG    | [20240909] 1 trades, day P&L=$+3, equity=$101,921
2026-04-03 07:49:12 | DEBUG    | [20240910] 1 trades, day P&L=$+8, equity=$101,929
2026-04-03 07:49:12 | DEBUG    | [20240911] 1 trades, day P&L=$+23, equity=$101,952
2026-04-03 07:49:12 | DEBUG    | [20240913] 1 trades, day P&L=$+3, equity=$101,955
2026-04-03 07:49:12 | DEBUG    | [20240917] 1 trades, day P&L=$+3, equity=$101,958
2026-04-03 07:49:12 | DEBUG    | [20240918] 1 trades, day P&L=$+33, equity=$101,991
2026-04-03 07:49:12 | DEBUG    | [20240919] 1 trades, day P&L=$+13, equity=$102,004
2026-04-03 07:49:12 | DEBUG    | [20240920] 1 trades, day P&L=$+13, equity=$102,017
2026-04-03 07:49:12 | DEBUG    | [20240930] 1 trades, day P&L=$+43, equity=$102,060
2026-04-03 07:49:12 | DEBUG    | [20241001] 1 trades, day P&L=$+13, equity=$102,073
2026-04-03 07:49:12 | DEBUG    | [20241004] 1 trades, day P&L=$+3, equity=$102,076
2026-04-03 07:49:12 | DEBUG    | [20241007] 1 trades, day P&L=$+3, equity=$102,079
2026-04-03 07:49:12 | DEBUG    | [20241010] 1 trades, day P&L=$+3, equity=$102,082
2026-04-03 07:49:12 | DEBUG    | [20241025] 1 trades, day P&L=$+3, equity=$102,085
2026-04-03 07:49:12 | DEBUG    | [20241031] 1 trades, day P&L=$+28, equity=$102,113
2026-04-03 07:49:12 | DEBUG    | [20241101] 2 trades, day P&L=$+36, equity=$102,149
2026-04-03 07:49:12 | DEBUG    | [20241104] 1 trades, day P&L=$+3, equity=$102,152
2026-04-03 07:49:12 | DEBUG    | [20241106] 1 trades, day P&L=$+3, equity=$102,155
2026-04-03 07:49:12 | DEBUG    | [20241115] 1 trades, day P&L=$+3, equity=$102,158
2026-04-03 07:49:12 | DEBUG    | [20241218] 1 trades, day P&L=$-977, equity=$101,181
2026-04-03 07:49:12 | DEBUG    | [20241219] 1 trades, day P&L=$+48, equity=$101,229
2026-04-03 07:49:12 | DEBUG    | [20241220] 1 trades, day P&L=$+33, equity=$101,262
2026-04-03 07:49:12 | DEBUG    | [20241230] 2 trades, day P&L=$-261, equity=$101,001
2026-04-03 07:49:12 | DEBUG    | [20241231] 1 trades, day P&L=$+38, equity=$101,039
2026-04-03 07:49:12 | DEBUG    | [20250102] 1 trades, day P&L=$+18, equity=$101,057
2026-04-03 07:49:12 | DEBUG    | [20250106] 1 trades, day P&L=$+3, equity=$101,060
2026-04-03 07:49:12 | DEBUG    | [20250107] 1 trades, day P&L=$+18, equity=$101,078
2026-04-03 07:49:12 | DEBUG    | [20250108] 1 trades, day P&L=$+8, equity=$101,086
2026-04-03 07:49:12 | DEBUG    | [20250110] 1 trades, day P&L=$+18, equity=$101,104
2026-04-03 07:49:12 | DEBUG    | [20250114] 1 trades, day P&L=$+8, equity=$101,112
2026-04-03 07:49:12 | DEBUG    | [20250124] 1 trades, day P&L=$+8, equity=$101,120
2026-04-03 07:49:12 | DEBUG    | [20250127] 1 trades, day P&L=$-208, equity=$100,912
2026-04-03 07:49:12 | DEBUG    | [20250129] 1 trades, day P&L=$+13, equity=$100,925
2026-04-03 07:49:12 | DEBUG    | [20250130] 1 trades, day P&L=$+18, equity=$100,943
2026-04-03 07:49:12 | DEBUG    | [20250131] 1 trades, day P&L=$+38, equity=$100,981
2026-04-03 07:49:12 | DEBUG    | [20250203] 1 trades, day P&L=$+13, equity=$100,994
2026-04-03 07:49:12 | DEBUG    | [20250207] 1 trades, day P&L=$+3, equity=$100,997
2026-04-03 07:49:12 | DEBUG    | [20250221] 1 trades, day P&L=$+3, equity=$101,000
2026-04-03 07:49:12 | DEBUG    | [20250224] 1 trades, day P&L=$+13, equity=$101,013
2026-04-03 07:49:12 | DEBUG    | [20250225] 1 trades, day P&L=$+38, equity=$101,051
2026-04-03 07:49:12 | DEBUG    | [20250226] 2 trades, day P&L=$+21, equity=$101,072
2026-04-03 07:49:12 | DEBUG    | [20250227] 1 trades, day P&L=$+13, equity=$101,085
2026-04-03 07:49:12 | DEBUG    | [20250228] 1 trades, day P&L=$-363, equity=$100,722
2026-04-03 07:49:12 | DEBUG    | [20250303] 1 trades, day P&L=$+88, equity=$100,810
2026-04-03 07:49:12 | DEBUG    | [20250304] 1 trades, day P&L=$+68, equity=$100,878
2026-04-03 07:49:12 | DEBUG    | [20250305] 1 trades, day P&L=$+68, equity=$100,946
2026-04-03 07:49:12 | DEBUG    | [20250306] 1 trades, day P&L=$+83, equity=$101,029
2026-04-03 07:49:12 | DEBUG    | [20250307] 1 trades, day P&L=$+93, equity=$101,122
2026-04-03 07:49:12 | DEBUG    | [20250310] 1 trades, day P&L=$+108, equity=$101,230
2026-04-03 07:49:12 | DEBUG    | [20250311] 1 trades, day P&L=$-225, equity=$101,005
2026-04-03 07:49:12 | DEBUG    | [20250312] 1 trades, day P&L=$+38, equity=$101,043
2026-04-03 07:49:12 | DEBUG    | [20250313] 1 trades, day P&L=$+33, equity=$101,076
2026-04-03 07:49:12 | DEBUG    | [20250314] 1 trades, day P&L=$+18, equity=$101,094
2026-04-03 07:49:12 | DEBUG    | [20250317] 1 trades, day P&L=$+3, equity=$101,097
2026-04-03 07:49:12 | DEBUG    | [20250318] 1 trades, day P&L=$+23, equity=$101,120
2026-04-03 07:49:12 | DEBUG    | [20250319] 1 trades, day P&L=$+28, equity=$101,148
2026-04-03 07:49:12 | DEBUG    | [20250320] 1 trades, day P&L=$+13, equity=$101,161
2026-04-03 07:49:12 | DEBUG    | [20250321] 1 trades, day P&L=$+18, equity=$101,179
2026-04-03 07:49:12 | DEBUG    | [20250325] 1 trades, day P&L=$+8, equity=$101,187
2026-04-03 07:49:12 | DEBUG    | [20250326] 1 trades, day P&L=$+23, equity=$101,210
2026-04-03 07:49:12 | DEBUG    | [20250327] 2 trades, day P&L=$+36, equity=$101,246
2026-04-03 07:49:12 | DEBUG    | [20250328] 1 trades, day P&L=$+33, equity=$101,279
2026-04-03 07:49:12 | DEBUG    | [20250331] 1 trades, day P&L=$+113, equity=$101,392
2026-04-03 07:49:12 | DEBUG    | [20250401] 1 trades, day P&L=$+3, equity=$101,395
2026-04-03 07:49:12 | DEBUG    | [20250402] 1 trades, day P&L=$+28, equity=$101,423
2026-04-03 07:49:12 | DEBUG    | [20250403] 1 trades, day P&L=$+108, equity=$101,531
2026-04-03 07:49:12 | DEBUG    | [20250404] 1 trades, day P&L=$+98, equity=$101,629
2026-04-03 07:49:12 | DEBUG    | [20250407] 1 trades, day P&L=$+98, equity=$101,727
2026-04-03 07:49:12 | DEBUG    | [20250408] 1 trades, day P&L=$+158, equity=$101,885
2026-04-03 07:49:12 | DEBUG    | [20250410] 1 trades, day P&L=$+128, equity=$102,013
2026-04-03 07:49:12 | DEBUG    | [20250411] 1 trades, day P&L=$+38, equity=$102,051
2026-04-03 07:49:12 | DEBUG    | [20250414] 1 trades, day P&L=$+53, equity=$102,104
2026-04-03 07:49:12 | DEBUG    | [20250415] 2 trades, day P&L=$+31, equity=$102,135
2026-04-03 07:49:12 | DEBUG    | [20250416] 1 trades, day P&L=$+53, equity=$102,188
2026-04-03 07:49:12 | DEBUG    | [20250417] 1 trades, day P&L=$+48, equity=$102,236
2026-04-03 07:49:12 | DEBUG    | [20250421] 1 trades, day P&L=$+48, equity=$102,284
2026-04-03 07:49:12 | DEBUG    | [20250422] 1 trades, day P&L=$+33, equity=$102,317
2026-04-03 07:49:12 | DEBUG    | [20250423] 2 trades, day P&L=$+96, equity=$102,413
2026-04-03 07:49:12 | DEBUG    | [20250424] 1 trades, day P&L=$+23, equity=$102,436
2026-04-03 07:49:12 | DEBUG    | [20250428] 2 trades, day P&L=$+16, equity=$102,452
2026-04-03 07:49:12 | DEBUG    | [20250430] 1 trades, day P&L=$+128, equity=$102,580
2026-04-03 07:49:12 | DEBUG    | [20250501] 1 trades, day P&L=$-562, equity=$102,018
2026-04-03 07:49:12 | DEBUG    | [20250502] 1 trades, day P&L=$+13, equity=$102,031
2026-04-03 07:49:12 | DEBUG    | [20250506] 1 trades, day P&L=$+13, equity=$102,044
2026-04-03 07:49:12 | DEBUG    | [20250507] 2 trades, day P&L=$+81, equity=$102,125
2026-04-03 07:49:12 | DEBUG    | [20250508] 2 trades, day P&L=$+81, equity=$102,206
2026-04-03 07:49:12 | DEBUG    | [20250509] 2 trades, day P&L=$+11, equity=$102,217
2026-04-03 07:49:12 | DEBUG    | [20250512] 1 trades, day P&L=$+13, equity=$102,230
2026-04-03 07:49:12 | DEBUG    | [20250513] 1 trades, day P&L=$+28, equity=$102,258
2026-04-03 07:49:12 | DEBUG    | [20250514] 2 trades, day P&L=$+21, equity=$102,279
2026-04-03 07:49:12 | DEBUG    | [20250515] 1 trades, day P&L=$+8, equity=$102,287
2026-04-03 07:49:12 | DEBUG    | [20250519] 1 trades, day P&L=$+3, equity=$102,290
2026-04-03 07:49:12 | DEBUG    | [20250521] 1 trades, day P&L=$+28, equity=$102,318
2026-04-03 07:49:12 | DEBUG    | [20250522] 2 trades, day P&L=$+11, equity=$102,329
2026-04-03 07:49:12 | DEBUG    | [20250523] 1 trades, day P&L=$+18, equity=$102,347
2026-04-03 07:49:13 | DEBUG    | [20250528] 1 trades, day P&L=$+13, equity=$102,360
2026-04-03 07:49:13 | DEBUG    | [20250529] 1 trades, day P&L=$+33, equity=$102,393
2026-04-03 07:49:13 | DEBUG    | [20250530] 2 trades, day P&L=$+146, equity=$102,539
2026-04-03 07:49:13 | DEBUG    | [20250603] 1 trades, day P&L=$+3, equity=$102,542
2026-04-03 07:49:13 | DEBUG    | [20250605] 1 trades, day P&L=$+23, equity=$102,565
2026-04-03 07:49:13 | DEBUG    | [20250611] 1 trades, day P&L=$+8, equity=$102,573
2026-04-03 07:49:13 | DEBUG    | [20250613] 1 trades, day P&L=$+8, equity=$102,581
2026-04-03 07:49:13 | DEBUG    | [20250618] 2 trades, day P&L=$+26, equity=$102,607
2026-04-03 07:49:13 | DEBUG    | [20250620] 1 trades, day P&L=$+3, equity=$102,610
2026-04-03 07:49:13 | DEBUG    | [20250630] 1 trades, day P&L=$+18, equity=$102,628
2026-04-03 07:49:13 | DEBUG    | [20250711] 1 trades, day P&L=$+3, equity=$102,631
2026-04-03 07:49:13 | DEBUG    | [20250731] 1 trades, day P&L=$+53, equity=$102,684
2026-04-03 07:49:13 | DEBUG    | [20250801] 1 trades, day P&L=$+28, equity=$102,712
2026-04-03 07:49:13 | DEBUG    | [20250811] 1 trades, day P&L=$+3, equity=$102,715
2026-04-03 07:49:13 | DEBUG    | [20250815] 1 trades, day P&L=$+3, equity=$102,718
2026-04-03 07:49:13 | DEBUG    | [20250829] 1 trades, day P&L=$+8, equity=$102,726
2026-04-03 07:49:13 | DEBUG    | [20250905] 1 trades, day P&L=$+8, equity=$102,734
2026-04-03 07:49:13 | DEBUG    | [20250917] 2 trades, day P&L=$+21, equity=$102,755
2026-04-03 07:49:13 | DEBUG    | [20250923] 1 trades, day P&L=$+3, equity=$102,758
2026-04-03 07:49:13 | DEBUG    | [20250930] 1 trades, day P&L=$+8, equity=$102,766
2026-04-03 07:49:13 | DEBUG    | [20251010] 1 trades, day P&L=$+68, equity=$102,834
2026-04-03 07:49:13 | DEBUG    | [20251014] 1 trades, day P&L=$+18, equity=$102,852
2026-04-03 07:49:13 | DEBUG    | [20251015] 1 trades, day P&L=$+33, equity=$102,885
2026-04-03 07:49:13 | DEBUG    | [20251016] 1 trades, day P&L=$+43, equity=$102,928
2026-04-03 07:49:13 | DEBUG    | [20251028] 1 trades, day P&L=$+3, equity=$102,931
2026-04-03 07:49:13 | DEBUG    | [20251029] 1 trades, day P&L=$+13, equity=$102,944
2026-04-03 07:49:13 | DEBUG    | [20251030] 1 trades, day P&L=$+18, equity=$102,962
2026-04-03 07:49:13 | DEBUG    | [20251031] 1 trades, day P&L=$+23, equity=$102,985
2026-04-03 07:49:13 | DEBUG    | [20251104] 1 trades, day P&L=$+13, equity=$102,998
2026-04-03 07:49:13 | DEBUG    | [20251106] 1 trades, day P&L=$+28, equity=$103,026
2026-04-03 07:49:13 | DEBUG    | [20251107] 1 trades, day P&L=$+3, equity=$103,029
2026-04-03 07:49:13 | DEBUG    | [20251110] 1 trades, day P&L=$+3, equity=$103,032
2026-04-03 07:49:13 | DEBUG    | [20251113] 1 trades, day P&L=$+33, equity=$103,065
2026-04-03 07:49:13 | DEBUG    | [20251114] 1 trades, day P&L=$+8, equity=$103,073
2026-04-03 07:49:13 | DEBUG    | [20251117] 1 trades, day P&L=$+13, equity=$103,086
2026-04-03 07:49:13 | DEBUG    | [20251118] 2 trades, day P&L=$+31, equity=$103,117
2026-04-03 07:49:13 | DEBUG    | [20251119] 1 trades, day P&L=$+8, equity=$103,125
2026-04-03 07:49:13 | DEBUG    | [20251120] 1 trades, day P&L=$+38, equity=$103,163
2026-04-03 07:49:13 | DEBUG    | [20251121] 1 trades, day P&L=$+53, equity=$103,216
2026-04-03 07:49:13 | DEBUG    | [20251124] 1 trades, day P&L=$+8, equity=$103,224
2026-04-03 07:49:13 | DEBUG    | [20251209] 1 trades, day P&L=$+8, equity=$103,232
2026-04-03 07:49:13 | DEBUG    | [20251217] 1 trades, day P&L=$+8, equity=$103,240
2026-04-03 07:49:13 | DEBUG    | [20251218] 1 trades, day P&L=$+18, equity=$103,258
2026-04-03 07:49:13 | DEBUG    | [20251231] 1 trades, day P&L=$+8, equity=$103,266
2026-04-03 07:49:13 | DEBUG    | [20260102] 1 trades, day P&L=$+3, equity=$103,269
2026-04-03 07:49:13 | DEBUG    | [20260114] 1 trades, day P&L=$+13, equity=$103,282
2026-04-03 07:49:13 | DEBUG    | [20260120] 1 trades, day P&L=$+18, equity=$103,300
2026-04-03 07:49:13 | DEBUG    | [20260128] 1 trades, day P&L=$+3, equity=$103,303
2026-04-03 07:49:13 | DEBUG    | [20260129] 1 trades, day P&L=$+8, equity=$103,311
2026-04-03 07:49:13 | DEBUG    | [20260130] 2 trades, day P&L=$+31, equity=$103,342
2026-04-03 07:49:13 | DEBUG    | [20260203] 1 trades, day P&L=$+13, equity=$103,355
2026-04-03 07:49:13 | DEBUG    | [20260204] 1 trades, day P&L=$+18, equity=$103,373
2026-04-03 07:49:13 | DEBUG    | [20260205] 1 trades, day P&L=$+18, equity=$103,391
2026-04-03 07:49:13 | DEBUG    | [20260206] 1 trades, day P&L=$+8, equity=$103,399
2026-04-03 07:49:13 | DEBUG    | [20260212] 1 trades, day P&L=$+13, equity=$103,412
2026-04-03 07:49:13 | DEBUG    | [20260213] 2 trades, day P&L=$+41, equity=$103,453
2026-04-03 07:49:13 | DEBUG    | [20260218] 1 trades, day P&L=$+3, equity=$103,456
2026-04-03 07:49:13 | DEBUG    | [20260219] 1 trades, day P&L=$+3, equity=$103,459
2026-04-03 07:49:13 | DEBUG    | [20260224] 1 trades, day P&L=$+3, equity=$103,462
2026-04-03 07:49:13 | DEBUG    | [20260227] 1 trades, day P&L=$+8, equity=$103,470
2026-04-03 07:49:13 | DEBUG    | [20260302] 1 trades, day P&L=$+8, equity=$103,478
2026-04-03 07:49:13 | DEBUG    | [20260305] 1 trades, day P&L=$+8, equity=$103,486
2026-04-03 07:49:13 | DEBUG    | [20260309] 1 trades, day P&L=$-47, equity=$103,439
2026-04-03 07:49:13 | DEBUG    | [20260311] 1 trades, day P&L=$+18, equity=$103,457
2026-04-03 07:49:13 | DEBUG    | [20260313] 1 trades, day P&L=$+13, equity=$103,470
2026-04-03 07:49:13 | DEBUG    | [20260320] 1 trades, day P&L=$+13, equity=$103,483
2026-04-03 07:49:13 | DEBUG    | [20260323] 1 trades, day P&L=$+3, equity=$103,486
2026-04-03 07:49:13 | DEBUG    | [20260324] 2 trades, day P&L=$+6, equity=$103,492
2026-04-03 07:49:14 | DEBUG    | [20260325] 1 trades, day P&L=$+3, equity=$103,495
2026-04-03 07:49:14 | INFO     | ============================================================
2026-04-03 07:49:14 | INFO     | SKIP REASONS:
2026-04-03 07:49:14 | INFO     |   early_close         : 6
2026-04-03 07:49:14 | INFO     |   no_quotes           : 32
2026-04-03 07:49:14 | INFO     |   TOTAL TRADES        : 430
2026-04-03 07:49:14 | INFO     | ============================================================
2026-04-03 07:49:14 | INFO     | [ITER 17] dir_sweep_both_sides_1555 → SWEEP | P&L=$3,495, Sharpe=1.54, DD=$-1,663
2026-04-03 07:49:14 | DEBUG    | [20220105] 1 trades, day P&L=$+3, equity=$100,003
2026-04-03 07:49:14 | DEBUG    | [20220110] 1 trades, day P&L=$+3, equity=$100,006
2026-04-03 07:49:14 | DEBUG    | [20220112] 1 trades, day P&L=$+3, equity=$100,009
2026-04-03 07:49:14 | DEBUG    | [20220114] 1 trades, day P&L=$+13, equity=$100,022
2026-04-03 07:49:14 | DEBUG    | [20220118] 1 trades, day P&L=$+43, equity=$100,065
2026-04-03 07:49:14 | DEBUG    | [20220119] 1 trades, day P&L=$+8, equity=$100,073
2026-04-03 07:49:14 | DEBUG    | [20220121] 1 trades, day P&L=$+63, equity=$100,136
2026-04-03 07:49:14 | DEBUG    | [20220124] 1 trades, day P&L=$+143, equity=$100,279
2026-04-03 07:49:14 | DEBUG    | [20220126] 1 trades, day P&L=$+88, equity=$100,367
2026-04-03 07:49:14 | DEBUG    | [20220128] 1 trades, day P&L=$+23, equity=$100,390
2026-04-03 07:49:14 | DEBUG    | [20220131] 1 trades, day P&L=$+38, equity=$100,428
2026-04-03 07:49:14 | DEBUG    | [20220204] 1 trades, day P&L=$+18, equity=$100,446
2026-04-03 07:49:14 | DEBUG    | [20220207] 1 trades, day P&L=$+48, equity=$100,494
2026-04-03 07:49:14 | DEBUG    | [20220209] 1 trades, day P&L=$+18, equity=$100,512
2026-04-03 07:49:14 | DEBUG    | [20220211] 1 trades, day P&L=$+93, equity=$100,605
2026-04-03 07:49:14 | DEBUG    | [20220214] 1 trades, day P&L=$+28, equity=$100,633
2026-04-03 07:49:14 | DEBUG    | [20220216] 1 trades, day P&L=$+3, equity=$100,636
2026-04-03 07:49:14 | DEBUG    | [20220218] 1 trades, day P&L=$+43, equity=$100,679
2026-04-03 07:49:14 | DEBUG    | [20220222] 1 trades, day P&L=$+33, equity=$100,712
2026-04-03 07:49:14 | DEBUG    | [20220223] 1 trades, day P&L=$+23, equity=$100,735
2026-04-03 07:49:14 | DEBUG    | [20220225] 1 trades, day P&L=$+23, equity=$100,758
2026-04-03 07:49:14 | DEBUG    | [20220228] 1 trades, day P&L=$+28, equity=$100,786
2026-04-03 07:49:14 | DEBUG    | [20220302] 1 trades, day P&L=$+3, equity=$100,789
2026-04-03 07:49:14 | DEBUG    | [20220304] 1 trades, day P&L=$+13, equity=$100,802
2026-04-03 07:49:14 | DEBUG    | [20220307] 1 trades, day P&L=$+28, equity=$100,830
2026-04-03 07:49:14 | DEBUG    | [20220309] 1 trades, day P&L=$+18, equity=$100,848
2026-04-03 07:49:14 | DEBUG    | [20220316] 1 trades, day P&L=$+3, equity=$100,851
2026-04-03 07:49:14 | DEBUG    | [20220330] 1 trades, day P&L=$+13, equity=$100,864
2026-04-03 07:49:14 | DEBUG    | [20220331] 1 trades, day P&L=$-362, equity=$100,502
2026-04-03 07:49:14 | DEBUG    | [20220401] 1 trades, day P&L=$+13, equity=$100,515
2026-04-03 07:49:14 | DEBUG    | [20220406] 1 trades, day P&L=$+33, equity=$100,548
2026-04-03 07:49:14 | DEBUG    | [20220408] 1 trades, day P&L=$+23, equity=$100,571
2026-04-03 07:49:14 | DEBUG    | [20220414] 1 trades, day P&L=$+8, equity=$100,579
2026-04-03 07:49:14 | DEBUG    | [20220418] 1 trades, day P&L=$-178, equity=$100,401
2026-04-03 07:49:14 | DEBUG    | [20220420] 1 trades, day P&L=$+3, equity=$100,404
2026-04-03 07:49:14 | DEBUG    | [20220425] 1 trades, day P&L=$+33, equity=$100,437
2026-04-03 07:49:14 | DEBUG    | [20220427] 1 trades, day P&L=$+13, equity=$100,450
2026-04-03 07:49:14 | DEBUG    | [20220502] 1 trades, day P&L=$+43, equity=$100,493
2026-04-03 07:49:14 | DEBUG    | [20220503] 1 trades, day P&L=$+38, equity=$100,531
2026-04-03 07:49:14 | DEBUG    | [20220504] 1 trades, day P&L=$+13, equity=$100,544
2026-04-03 07:49:14 | DEBUG    | [20220506] 1 trades, day P&L=$+63, equity=$100,607
2026-04-03 07:49:14 | DEBUG    | [20220513] 1 trades, day P&L=$+23, equity=$100,630
2026-04-03 07:49:14 | DEBUG    | [20220516] 1 trades, day P&L=$+8, equity=$100,638
2026-04-03 07:49:14 | DEBUG    | [20220517] 1 trades, day P&L=$+3, equity=$100,641
2026-04-03 07:49:14 | DEBUG    | [20220519] 1 trades, day P&L=$+3, equity=$100,644
2026-04-03 07:49:14 | DEBUG    | [20220523] 1 trades, day P&L=$+8, equity=$100,652
2026-04-03 07:49:14 | DEBUG    | [20220524] 1 trades, day P&L=$+33, equity=$100,685
2026-04-03 07:49:14 | DEBUG    | [20220526] 1 trades, day P&L=$+8, equity=$100,693
2026-04-03 07:49:14 | DEBUG    | [20220527] 1 trades, day P&L=$+3, equity=$100,696
2026-04-03 07:49:14 | DEBUG    | [20220531] 1 trades, day P&L=$+13, equity=$100,709
2026-04-03 07:49:14 | DEBUG    | [20220606] 1 trades, day P&L=$+3, equity=$100,712
2026-04-03 07:49:14 | DEBUG    | [20220615] 1 trades, day P&L=$+33, equity=$100,745
2026-04-03 07:49:14 | DEBUG    | [20220623] 1 trades, day P&L=$+3, equity=$100,748
2026-04-03 07:49:14 | DEBUG    | [20220624] 1 trades, day P&L=$+3, equity=$100,751
2026-04-03 07:49:14 | DEBUG    | [20220629] 1 trades, day P&L=$+3, equity=$100,754
2026-04-03 07:49:14 | DEBUG    | [20220630] 1 trades, day P&L=$-75, equity=$100,679
2026-04-03 07:49:14 | DEBUG    | [20220705] 1 trades, day P&L=$+3, equity=$100,682
2026-04-03 07:49:14 | DEBUG    | [20220706] 1 trades, day P&L=$+3, equity=$100,685
2026-04-03 07:49:14 | DEBUG    | [20220713] 1 trades, day P&L=$+3, equity=$100,688
2026-04-03 07:49:14 | DEBUG    | [20220727] 1 trades, day P&L=$+3, equity=$100,691
2026-04-03 07:49:14 | DEBUG    | [20220902] 1 trades, day P&L=$+8, equity=$100,699
2026-04-03 07:49:14 | DEBUG    | [20220916] 1 trades, day P&L=$+13, equity=$100,712
2026-04-03 07:49:14 | DEBUG    | [20220919] 1 trades, day P&L=$+3, equity=$100,715
2026-04-03 07:49:14 | DEBUG    | [20220926] 1 trades, day P&L=$+3, equity=$100,718
2026-04-03 07:49:14 | DEBUG    | [20220928] 1 trades, day P&L=$+13, equity=$100,731
2026-04-03 07:49:14 | DEBUG    | [20221003] 1 trades, day P&L=$+3, equity=$100,734
2026-04-03 07:49:14 | DEBUG    | [20221004] 1 trades, day P&L=$+8, equity=$100,742
2026-04-03 07:49:14 | DEBUG    | [20221011] 1 trades, day P&L=$+8, equity=$100,750
2026-04-03 07:49:14 | DEBUG    | [20221012] 1 trades, day P&L=$+3, equity=$100,753
2026-04-03 07:49:14 | DEBUG    | [20221013] 1 trades, day P&L=$+8, equity=$100,761
2026-04-03 07:49:14 | DEBUG    | [20221108] 1 trades, day P&L=$+3, equity=$100,764
2026-04-03 07:49:14 | DEBUG    | [20221115] 1 trades, day P&L=$+28, equity=$100,792
2026-04-03 07:49:15 | DEBUG    | [20221209] 1 trades, day P&L=$+3, equity=$100,795
2026-04-03 07:49:15 | DEBUG    | [20221213] 1 trades, day P&L=$+3, equity=$100,798
2026-04-03 07:49:15 | DEBUG    | [20221215] 1 trades, day P&L=$+3, equity=$100,801
2026-04-03 07:49:15 | DEBUG    | [20221216] 1 trades, day P&L=$+3, equity=$100,804
2026-04-03 07:49:15 | DEBUG    | [20221230] 1 trades, day P&L=$+3, equity=$100,807
2026-04-03 07:49:15 | DEBUG    | [20230202] 1 trades, day P&L=$+3, equity=$100,810
2026-04-03 07:49:15 | DEBUG    | [20230203] 1 trades, day P&L=$+3, equity=$100,813
2026-04-03 07:49:15 | DEBUG    | [20230216] 1 trades, day P&L=$+3, equity=$100,816
2026-04-03 07:49:15 | DEBUG    | [20230309] 1 trades, day P&L=$+8, equity=$100,824
2026-04-03 07:49:15 | DEBUG    | [20230315] 1 trades, day P&L=$-719, equity=$100,105
2026-04-03 07:49:15 | DEBUG    | [20230316] 1 trades, day P&L=$+13, equity=$100,118
2026-04-03 07:49:15 | DEBUG    | [20230323] 1 trades, day P&L=$+3, equity=$100,121
2026-04-03 07:49:15 | DEBUG    | [20230412] 1 trades, day P&L=$+8, equity=$100,129
2026-04-03 07:49:15 | DEBUG    | [20230504] 1 trades, day P&L=$+3, equity=$100,132
2026-04-03 07:49:15 | DEBUG    | [20230614] 1 trades, day P&L=$+3, equity=$100,135
2026-04-03 07:49:15 | DEBUG    | [20230727] 1 trades, day P&L=$+3, equity=$100,138
2026-04-03 07:49:15 | DEBUG    | [20230804] 1 trades, day P&L=$+8, equity=$100,146
2026-04-03 07:49:15 | DEBUG    | [20230809] 1 trades, day P&L=$+8, equity=$100,154
2026-04-03 07:49:15 | DEBUG    | [20230816] 1 trades, day P&L=$+3, equity=$100,157
2026-04-03 07:49:15 | DEBUG    | [20230824] 1 trades, day P&L=$+3, equity=$100,160
2026-04-03 07:49:15 | DEBUG    | [20230927] 1 trades, day P&L=$+3, equity=$100,163
2026-04-03 07:49:16 | DEBUG    | [20231229] 1 trades, day P&L=$+8, equity=$100,171
2026-04-03 07:49:16 | DEBUG    | [20240308] 1 trades, day P&L=$+8, equity=$100,179
2026-04-03 07:49:16 | DEBUG    | [20240315] 1 trades, day P&L=$+8, equity=$100,187
2026-04-03 07:49:16 | DEBUG    | [20240410] 1 trades, day P&L=$+8, equity=$100,195
2026-04-03 07:49:16 | DEBUG    | [20240415] 1 trades, day P&L=$+8, equity=$100,203
2026-04-03 07:49:16 | DEBUG    | [20240416] 1 trades, day P&L=$+8, equity=$100,211
2026-04-03 07:49:16 | DEBUG    | [20240418] 1 trades, day P&L=$+3, equity=$100,214
2026-04-03 07:49:16 | DEBUG    | [20240419] 1 trades, day P&L=$+18, equity=$100,232
2026-04-03 07:49:16 | DEBUG    | [20240501] 1 trades, day P&L=$+43, equity=$100,275
2026-04-03 07:49:16 | DEBUG    | [20240604] 1 trades, day P&L=$+13, equity=$100,288
2026-04-03 07:49:16 | DEBUG    | [20240607] 1 trades, day P&L=$+3, equity=$100,291
2026-04-03 07:49:16 | DEBUG    | [20240612] 1 trades, day P&L=$+23, equity=$100,314
2026-04-03 07:49:16 | DEBUG    | [20240620] 1 trades, day P&L=$+3, equity=$100,317
2026-04-03 07:49:16 | DEBUG    | [20240621] 1 trades, day P&L=$+3, equity=$100,320
2026-04-03 07:49:16 | DEBUG    | [20240627] 1 trades, day P&L=$+3, equity=$100,323
2026-04-03 07:49:16 | DEBUG    | [20240628] 1 trades, day P&L=$+48, equity=$100,371
2026-04-03 07:49:16 | DEBUG    | [20240701] 1 trades, day P&L=$+3, equity=$100,374
2026-04-03 07:49:16 | DEBUG    | [20240711] 1 trades, day P&L=$+3, equity=$100,377
2026-04-03 07:49:16 | DEBUG    | [20240715] 1 trades, day P&L=$+3, equity=$100,380
2026-04-03 07:49:16 | DEBUG    | [20240717] 1 trades, day P&L=$+8, equity=$100,388
2026-04-03 07:49:16 | DEBUG    | [20240718] 1 trades, day P&L=$+18, equity=$100,406
2026-04-03 07:49:16 | DEBUG    | [20240723] 1 trades, day P&L=$+3, equity=$100,409
2026-04-03 07:49:16 | DEBUG    | [20240724] 1 trades, day P&L=$+23, equity=$100,432
2026-04-03 07:49:16 | DEBUG    | [20240725] 1 trades, day P&L=$+18, equity=$100,450
2026-04-03 07:49:16 | DEBUG    | [20240726] 1 trades, day P&L=$+33, equity=$100,483
2026-04-03 07:49:16 | DEBUG    | [20240729] 1 trades, day P&L=$+3, equity=$100,486
2026-04-03 07:49:16 | DEBUG    | [20240730] 1 trades, day P&L=$+8, equity=$100,494
2026-04-03 07:49:16 | DEBUG    | [20240801] 1 trades, day P&L=$+28, equity=$100,522
2026-04-03 07:49:16 | DEBUG    | [20240802] 1 trades, day P&L=$+68, equity=$100,590
2026-04-03 07:49:16 | DEBUG    | [20240808] 1 trades, day P&L=$+33, equity=$100,623
2026-04-03 07:49:16 | DEBUG    | [20240809] 1 trades, day P&L=$+13, equity=$100,636
2026-04-03 07:49:16 | DEBUG    | [20240812] 1 trades, day P&L=$+8, equity=$100,644
2026-04-03 07:49:16 | DEBUG    | [20240813] 1 trades, day P&L=$+3, equity=$100,647
2026-04-03 07:49:17 | DEBUG    | [20240828] 1 trades, day P&L=$+13, equity=$100,660
2026-04-03 07:49:17 | DEBUG    | [20240829] 1 trades, day P&L=$+23, equity=$100,683
2026-04-03 07:49:17 | DEBUG    | [20240903] 1 trades, day P&L=$+28, equity=$100,711
2026-04-03 07:49:17 | DEBUG    | [20240905] 1 trades, day P&L=$+23, equity=$100,734
2026-04-03 07:49:17 | DEBUG    | [20240906] 1 trades, day P&L=$+53, equity=$100,787
2026-04-03 07:49:17 | DEBUG    | [20240910] 1 trades, day P&L=$+8, equity=$100,795
2026-04-03 07:49:17 | DEBUG    | [20240917] 1 trades, day P&L=$+3, equity=$100,798
2026-04-03 07:49:17 | DEBUG    | [20240918] 1 trades, day P&L=$+33, equity=$100,831
2026-04-03 07:49:17 | DEBUG    | [20240920] 1 trades, day P&L=$+13, equity=$100,844
2026-04-03 07:49:17 | DEBUG    | [20241001] 1 trades, day P&L=$+13, equity=$100,857
2026-04-03 07:49:17 | DEBUG    | [20241007] 1 trades, day P&L=$+3, equity=$100,860
2026-04-03 07:49:17 | DEBUG    | [20241010] 1 trades, day P&L=$+3, equity=$100,863
2026-04-03 07:49:17 | DEBUG    | [20241025] 1 trades, day P&L=$+3, equity=$100,866
2026-04-03 07:49:17 | DEBUG    | [20241031] 1 trades, day P&L=$+28, equity=$100,894
2026-04-03 07:49:17 | DEBUG    | [20241101] 1 trades, day P&L=$+33, equity=$100,927
2026-04-03 07:49:17 | DEBUG    | [20241104] 1 trades, day P&L=$+3, equity=$100,930
2026-04-03 07:49:17 | DEBUG    | [20241115] 1 trades, day P&L=$+3, equity=$100,933
2026-04-03 07:49:17 | DEBUG    | [20241218] 1 trades, day P&L=$-977, equity=$99,956
2026-04-03 07:49:17 | DEBUG    | [20241219] 1 trades, day P&L=$+48, equity=$100,004
2026-04-03 07:49:17 | DEBUG    | [20241230] 1 trades, day P&L=$-274, equity=$99,730
2026-04-03 07:49:17 | DEBUG    | [20241231] 1 trades, day P&L=$+38, equity=$99,768
2026-04-03 07:49:17 | DEBUG    | [20250102] 1 trades, day P&L=$+18, equity=$99,786
2026-04-03 07:49:17 | DEBUG    | [20250106] 1 trades, day P&L=$+3, equity=$99,789
2026-04-03 07:49:17 | DEBUG    | [20250107] 1 trades, day P&L=$+18, equity=$99,807
2026-04-03 07:49:17 | DEBUG    | [20250108] 1 trades, day P&L=$+8, equity=$99,815
2026-04-03 07:49:17 | DEBUG    | [20250110] 1 trades, day P&L=$+18, equity=$99,833
2026-04-03 07:49:17 | DEBUG    | [20250124] 1 trades, day P&L=$+8, equity=$99,841
2026-04-03 07:49:17 | DEBUG    | [20250129] 1 trades, day P&L=$+13, equity=$99,854
2026-04-03 07:49:17 | DEBUG    | [20250131] 1 trades, day P&L=$+38, equity=$99,892
2026-04-03 07:49:17 | DEBUG    | [20250207] 1 trades, day P&L=$+3, equity=$99,895
2026-04-03 07:49:17 | DEBUG    | [20250221] 1 trades, day P&L=$+3, equity=$99,898
2026-04-03 07:49:17 | DEBUG    | [20250224] 1 trades, day P&L=$+13, equity=$99,911
2026-04-03 07:49:17 | DEBUG    | [20250225] 1 trades, day P&L=$+38, equity=$99,949
2026-04-03 07:49:17 | DEBUG    | [20250226] 1 trades, day P&L=$+18, equity=$99,967
2026-04-03 07:49:17 | DEBUG    | [20250227] 1 trades, day P&L=$+13, equity=$99,980
2026-04-03 07:49:17 | DEBUG    | [20250303] 1 trades, day P&L=$+88, equity=$100,068
2026-04-03 07:49:17 | DEBUG    | [20250305] 1 trades, day P&L=$+68, equity=$100,136
2026-04-03 07:49:17 | DEBUG    | [20250307] 1 trades, day P&L=$+93, equity=$100,229
2026-04-03 07:49:17 | DEBUG    | [20250314] 1 trades, day P&L=$+18, equity=$100,247
2026-04-03 07:49:17 | DEBUG    | [20250317] 1 trades, day P&L=$+3, equity=$100,250
2026-04-03 07:49:17 | DEBUG    | [20250319] 1 trades, day P&L=$+28, equity=$100,278
2026-04-03 07:49:17 | DEBUG    | [20250320] 1 trades, day P&L=$+13, equity=$100,291
2026-04-03 07:49:17 | DEBUG    | [20250321] 1 trades, day P&L=$+18, equity=$100,309
2026-04-03 07:49:17 | DEBUG    | [20250327] 1 trades, day P&L=$+3, equity=$100,312
2026-04-03 07:49:17 | DEBUG    | [20250331] 1 trades, day P&L=$+113, equity=$100,425
2026-04-03 07:49:17 | DEBUG    | [20250401] 1 trades, day P&L=$+3, equity=$100,428
2026-04-03 07:49:17 | DEBUG    | [20250402] 1 trades, day P&L=$+28, equity=$100,456
2026-04-03 07:49:17 | DEBUG    | [20250407] 1 trades, day P&L=$+98, equity=$100,554
2026-04-03 07:49:17 | DEBUG    | [20250411] 1 trades, day P&L=$+38, equity=$100,592
2026-04-03 07:49:17 | DEBUG    | [20250415] 1 trades, day P&L=$+8, equity=$100,600
2026-04-03 07:49:17 | DEBUG    | [20250422] 1 trades, day P&L=$+33, equity=$100,633
2026-04-03 07:49:17 | DEBUG    | [20250423] 1 trades, day P&L=$+38, equity=$100,671
2026-04-03 07:49:17 | DEBUG    | [20250424] 1 trades, day P&L=$+23, equity=$100,694
2026-04-03 07:49:17 | DEBUG    | [20250428] 1 trades, day P&L=$+13, equity=$100,707
2026-04-03 07:49:17 | DEBUG    | [20250430] 1 trades, day P&L=$+128, equity=$100,835
2026-04-03 07:49:17 | DEBUG    | [20250502] 1 trades, day P&L=$+13, equity=$100,848
2026-04-03 07:49:17 | DEBUG    | [20250507] 1 trades, day P&L=$+28, equity=$100,876
2026-04-03 07:49:17 | DEBUG    | [20250508] 1 trades, day P&L=$+33, equity=$100,909
2026-04-03 07:49:17 | DEBUG    | [20250509] 1 trades, day P&L=$+3, equity=$100,912
2026-04-03 07:49:17 | DEBUG    | [20250512] 1 trades, day P&L=$+13, equity=$100,925
2026-04-03 07:49:17 | DEBUG    | [20250514] 1 trades, day P&L=$+8, equity=$100,933
2026-04-03 07:49:17 | DEBUG    | [20250521] 1 trades, day P&L=$+28, equity=$100,961
2026-04-03 07:49:17 | DEBUG    | [20250522] 1 trades, day P&L=$+3, equity=$100,964
2026-04-03 07:49:17 | DEBUG    | [20250528] 1 trades, day P&L=$+13, equity=$100,977
2026-04-03 07:49:17 | DEBUG    | [20250529] 1 trades, day P&L=$+33, equity=$101,010
2026-04-03 07:49:17 | DEBUG    | [20250530] 1 trades, day P&L=$+98, equity=$101,108
2026-04-03 07:49:17 | DEBUG    | [20250605] 1 trades, day P&L=$+23, equity=$101,131
2026-04-03 07:49:17 | DEBUG    | [20250611] 1 trades, day P&L=$+8, equity=$101,139
2026-04-03 07:49:17 | DEBUG    | [20250613] 1 trades, day P&L=$+8, equity=$101,147
2026-04-03 07:49:17 | DEBUG    | [20250618] 1 trades, day P&L=$+18, equity=$101,165
2026-04-03 07:49:17 | DEBUG    | [20250620] 1 trades, day P&L=$+3, equity=$101,168
2026-04-03 07:49:18 | DEBUG    | [20250711] 1 trades, day P&L=$+3, equity=$101,171
2026-04-03 07:49:18 | DEBUG    | [20250731] 1 trades, day P&L=$+53, equity=$101,224
2026-04-03 07:49:18 | DEBUG    | [20250801] 1 trades, day P&L=$+28, equity=$101,252
2026-04-03 07:49:18 | DEBUG    | [20250811] 1 trades, day P&L=$+3, equity=$101,255
2026-04-03 07:49:18 | DEBUG    | [20250815] 1 trades, day P&L=$+3, equity=$101,258
2026-04-03 07:49:18 | DEBUG    | [20250829] 1 trades, day P&L=$+8, equity=$101,266
2026-04-03 07:49:18 | DEBUG    | [20250905] 1 trades, day P&L=$+8, equity=$101,274
2026-04-03 07:49:18 | DEBUG    | [20250917] 1 trades, day P&L=$+8, equity=$101,282
2026-04-03 07:49:18 | DEBUG    | [20250923] 1 trades, day P&L=$+3, equity=$101,285
2026-04-03 07:49:18 | DEBUG    | [20251010] 1 trades, day P&L=$+68, equity=$101,353
2026-04-03 07:49:18 | DEBUG    | [20251015] 1 trades, day P&L=$+33, equity=$101,386
2026-04-03 07:49:18 | DEBUG    | [20251016] 1 trades, day P&L=$+43, equity=$101,429
2026-04-03 07:49:18 | DEBUG    | [20251028] 1 trades, day P&L=$+3, equity=$101,432
2026-04-03 07:49:18 | DEBUG    | [20251029] 1 trades, day P&L=$+13, equity=$101,445
2026-04-03 07:49:18 | DEBUG    | [20251030] 1 trades, day P&L=$+18, equity=$101,463
2026-04-03 07:49:18 | DEBUG    | [20251031] 1 trades, day P&L=$+23, equity=$101,486
2026-04-03 07:49:18 | DEBUG    | [20251104] 1 trades, day P&L=$+13, equity=$101,499
2026-04-03 07:49:18 | DEBUG    | [20251106] 1 trades, day P&L=$+28, equity=$101,527
2026-04-03 07:49:18 | DEBUG    | [20251113] 1 trades, day P&L=$+33, equity=$101,560
2026-04-03 07:49:18 | DEBUG    | [20251117] 1 trades, day P&L=$+13, equity=$101,573
2026-04-03 07:49:18 | DEBUG    | [20251118] 1 trades, day P&L=$+13, equity=$101,586
2026-04-03 07:49:18 | DEBUG    | [20251120] 1 trades, day P&L=$+38, equity=$101,624
2026-04-03 07:49:18 | DEBUG    | [20251217] 1 trades, day P&L=$+8, equity=$101,632
2026-04-03 07:49:18 | DEBUG    | [20251231] 1 trades, day P&L=$+8, equity=$101,640
2026-04-03 07:49:18 | DEBUG    | [20260102] 1 trades, day P&L=$+3, equity=$101,643
2026-04-03 07:49:18 | DEBUG    | [20260114] 1 trades, day P&L=$+13, equity=$101,656
2026-04-03 07:49:18 | DEBUG    | [20260120] 1 trades, day P&L=$+18, equity=$101,674
2026-04-03 07:49:18 | DEBUG    | [20260128] 1 trades, day P&L=$+3, equity=$101,677
2026-04-03 07:49:18 | DEBUG    | [20260129] 1 trades, day P&L=$+8, equity=$101,685
2026-04-03 07:49:18 | DEBUG    | [20260130] 1 trades, day P&L=$+23, equity=$101,708
2026-04-03 07:49:18 | DEBUG    | [20260203] 1 trades, day P&L=$+13, equity=$101,721
2026-04-03 07:49:18 | DEBUG    | [20260204] 1 trades, day P&L=$+18, equity=$101,739
2026-04-03 07:49:18 | DEBUG    | [20260205] 1 trades, day P&L=$+18, equity=$101,757
2026-04-03 07:49:18 | DEBUG    | [20260212] 1 trades, day P&L=$+13, equity=$101,770
2026-04-03 07:49:18 | DEBUG    | [20260213] 1 trades, day P&L=$+13, equity=$101,783
2026-04-03 07:49:18 | DEBUG    | [20260219] 1 trades, day P&L=$+3, equity=$101,786
2026-04-03 07:49:18 | DEBUG    | [20260309] 1 trades, day P&L=$-47, equity=$101,739
2026-04-03 07:49:18 | DEBUG    | [20260323] 1 trades, day P&L=$+3, equity=$101,742
2026-04-03 07:49:18 | DEBUG    | [20260324] 1 trades, day P&L=$+3, equity=$101,745
2026-04-03 07:49:18 | INFO     | ============================================================
2026-04-03 07:49:18 | INFO     | SKIP REASONS:
2026-04-03 07:49:18 | INFO     |   early_close         : 6
2026-04-03 07:49:18 | INFO     |   no_quotes           : 32
2026-04-03 07:49:18 | INFO     |   TOTAL TRADES        : 236
2026-04-03 07:49:18 | INFO     | ============================================================
2026-04-03 07:49:18 | INFO     | [ITER 18] dir_sweep_ema_1555 → SWEEP | P&L=$1,745, Sharpe=1.30, DD=$-1,203
