2026-04-04 11:42:16 | INFO     | Log file  : /Users/jeerapongwongchote/Documents/thetadata/lastfive/logs/lastfive_20260404_114216.log
2026-04-04 11:42:16 | INFO     | ============================================================
2026-04-04 11:42:16 | INFO     |   RECENT RUN HISTORY
2026-04-04 11:42:16 | INFO     | ------------------------------------------------------------
2026-04-04 11:42:16 | INFO     |   #29 2026-04-04T10:24 | P&L=$   126,534 | WR=79.8% | 878 trades
2026-04-04 11:42:16 | INFO     |   #30 2026-04-04T10:43 | P&L=$   200,606 | WR=78.0% | 1397 trades
2026-04-04 11:42:16 | INFO     |   #31 2026-04-04T10:43 | P&L=$   200,606 | WR=78.0% | 1397 trades
2026-04-04 11:42:16 | INFO     |   #32 2026-04-04T10:43 | P&L=$   170,150 | WR=78.3% | 1198 trades
2026-04-04 11:42:16 | INFO     |   #33 2026-04-04T10:43 | P&L=$   146,123 | WR=78.3% | 1059 trades
2026-04-04 11:42:16 | INFO     | ============================================================
2026-04-04 11:42:16 | INFO     | ============================================================
2026-04-04 11:42:16 | INFO     | LASTFIVE BACKTEST — Short Call Spread 5 Min Before Close
2026-04-04 11:42:16 | INFO     | Period       : 2022-01-03 -> 2026-03-25
2026-04-04 11:42:16 | INFO     | Sides        : CALL+PUT
2026-04-04 11:42:16 | INFO     | VIX adaptive : ON (ATM<18.0, d3<22.0, d5<26.0)
2026-04-04 11:42:16 | INFO     | Spread width : $5.0
2026-04-04 11:42:16 | INFO     | Tiered sizing: ON ($1500.0/$2500.0/$3500.0)
2026-04-04 11:42:16 | INFO     | Min credit   : $0.1
2026-04-04 11:42:16 | INFO     | Put filter   : aftn<-0.75% + mom30<-0.1% (ON)
2026-04-04 11:42:16 | INFO     | Stop-loss    : buy back if SPX moves $2.0+ at 15:56,15:57 (OFF)
2026-04-04 11:42:16 | INFO     | Afternoon    : < 1.0% (ON)
2026-04-04 11:42:16 | INFO     | VIX(15:50)   : <= 26.0 (ON)
2026-04-04 11:42:16 | INFO     | ============================================================
2026-04-04 11:42:16 | INFO     | Building daily indicators...
2026-04-04 11:42:20 | INFO     |   -> 1066 daily bars loaded
2026-04-04 11:42:20 | INFO     | Trading dates: 1060 (from 20220103 to 20260325)
2026-04-04 11:42:20 | DEBUG    | [20220107] PUT SPX=4680->4677 | P 4670/4665 x3 | cr=$0.10 settle=$0.00 | P&L=$+24 | eq=$50,024 | dist=10
2026-04-04 11:42:20 | DEBUG    | [20220110] SKIP: Afternoon return=1.097% >= 1.0%
2026-04-04 11:42:20 | DEBUG    | [20220114] CALL SPX=4663->4663 | C 4675/4680 x3 | cr=$0.10 settle=$0.00 | P&L=$+24 | eq=$50,048 | dist=10
2026-04-04 11:42:20 | DEBUG    | [20220114] PUT SPX=4663->4663 | P 4650/4645 x3 | cr=$0.10 settle=$0.00 | P&L=$+24 | eq=$50,072 | dist=10
2026-04-04 11:42:20 | DEBUG    | [20220118] CALL SPX=4569->4577 | C 4580/4585 x5 | cr=$0.30 settle=$0.00 | P&L=$+140 | eq=$50,212 | dist=10
2026-04-04 11:42:20 | DEBUG    | [20220121] SKIP: VIX(15:50)=29.8 > 26.0
2026-04-04 11:42:20 | DEBUG    | [20220124] SKIP: VIX(15:50)=30.2 > 26.0
2026-04-04 11:42:20 | DEBUG    | [20220125] SKIP: VIX(15:50)=31.0 > 26.0
2026-04-04 11:42:20 | DEBUG    | [20220126] SKIP: VIX(15:50)=31.8 > 26.0
2026-04-04 11:42:20 | DEBUG    | [20220127] SKIP: VIX(15:50)=31.0 > 26.0
2026-04-04 11:42:20 | DEBUG    | [20220128] SKIP: VIX(15:50)=27.4 > 26.0
2026-04-04 11:42:20 | DEBUG    | [20220131] CALL SPX=4514->4515 | C 4525/4530 x5 | cr=$0.25 settle=$0.00 | P&L=$+115 | eq=$50,327 | dist=10
2026-04-04 11:42:20 | DEBUG    | [20220131] PUT SPX=4514->4515 | P 4500/4495 x3 | cr=$0.10 settle=$0.00 | P&L=$+24 | eq=$50,351 | dist=10
2026-04-04 11:42:20 | DEBUG    | [20220204] CALL SPX=4514->4501 | C 4525/4530 x3 | cr=$0.10 settle=$0.00 | P&L=$+24 | eq=$50,375 | dist=10
2026-04-04 11:42:20 | DEBUG    | [20220204] PUT SPX=4514->4501 | P 4500/4495 x3 | cr=$0.15 settle=$0.00 | P&L=$+39 | eq=$50,414 | dist=10
2026-04-04 11:42:20 | DEBUG    | [20220207] CALL SPX=4474->4484 | C 4485/4490 x3 | cr=$0.20 settle=$0.00 | P&L=$+54 | eq=$50,468 | dist=10
2026-04-04 11:42:20 | DEBUG    | [20220209] CALL SPX=4585->4587 | C 4595/4600 x3 | cr=$0.20 settle=$0.00 | P&L=$+54 | eq=$50,522 | dist=10
2026-04-04 11:42:20 | DEBUG    | [20220211] SKIP: VIX(15:50)=27.9 > 26.0
2026-04-04 11:42:20 | DEBUG    | [20220214] SKIP: VIX(15:50)=29.2 > 26.0
2026-04-04 11:42:20 | DEBUG    | [20220217] SKIP: VIX(15:50)=28.0 > 26.0
2026-04-04 11:42:20 | DEBUG    | [20220218] SKIP: VIX(15:50)=28.0 > 26.0
2026-04-04 11:42:20 | DEBUG    | [20220222] SKIP: VIX(15:50)=29.9 > 26.0
2026-04-04 11:42:20 | DEBUG    | [20220223] SKIP: VIX(15:50)=30.9 > 26.0
2026-04-04 11:42:20 | DEBUG    | [20220224] SKIP: VIX(15:50)=29.8 > 26.0
2026-04-04 11:42:20 | DEBUG    | [20220225] SKIP: VIX(15:50)=27.6 > 26.0
2026-04-04 11:42:20 | DEBUG    | [20220228] SKIP: VIX(15:50)=29.9 > 26.0
2026-04-04 11:42:20 | DEBUG    | [20220301] SKIP: VIX(15:50)=35.2 > 26.0
2026-04-04 11:42:20 | DEBUG    | [20220302] SKIP: VIX(15:50)=30.3 > 26.0
2026-04-04 11:42:20 | DEBUG    | [20220303] SKIP: VIX(15:50)=31.2 > 26.0
2026-04-04 11:42:20 | DEBUG    | [20220304] SKIP: VIX(15:50)=32.3 > 26.0
2026-04-04 11:42:20 | DEBUG    | [20220307] SKIP: VIX(15:50)=35.8 > 26.0
2026-04-04 11:42:20 | DEBUG    | [20220308] SKIP: VIX(15:50)=35.0 > 26.0
2026-04-04 11:42:20 | DEBUG    | [20220309] SKIP: VIX(15:50)=32.1 > 26.0
2026-04-04 11:42:20 | DEBUG    | [20220310] SKIP: VIX(15:50)=30.8 > 26.0
2026-04-04 11:42:20 | DEBUG    | [20220311] SKIP: VIX(15:50)=30.9 > 26.0
2026-04-04 11:42:20 | DEBUG    | [20220314] SKIP: VIX(15:50)=32.5 > 26.0
2026-04-04 11:42:20 | DEBUG    | [20220315] SKIP: VIX(15:50)=29.7 > 26.0
2026-04-04 11:42:20 | DEBUG    | [20220316] SKIP: VIX(15:50)=26.5 > 26.0
2026-04-04 11:42:20 | DEBUG    | [20220318] PUT SPX=4460->4463 | P 4450/4445 x3 | cr=$0.15 settle=$0.00 | P&L=$+39 | eq=$50,561 | dist=10
2026-04-04 11:42:20 | DEBUG    | [20220323] CALL SPX=4460->4456 | C 4470/4475 x5 | cr=$0.30 settle=$0.00 | P&L=$+140 | eq=$50,701 | dist=10
2026-04-04 11:42:20 | DEBUG    | [20220323] PUT SPX=4460->4456 | P 4445/4440 x3 | cr=$0.15 settle=$0.00 | P&L=$+39 | eq=$50,740 | dist=10
2026-04-04 11:42:20 | DEBUG    | [20220330] TOUCH@15:59 CALL SPX=4603 | C 4600/4605 x3 | cr=$0.10 close=$1.10 | P&L=$-306
2026-04-04 11:42:20 | DEBUG    | [20220330] PUT SPX=4588->4602 | P 4575/4570 x3 | cr=$0.10 settle=$0.00 | P&L=$+24 | eq=$50,458 | dist=10
2026-04-04 11:42:20 | DEBUG    | [20220331] CALL SPX=4546->4530 | C 4560/4565 x5 | cr=$0.30 settle=$0.00 | P&L=$+140 | eq=$50,598 | dist=10
2026-04-04 11:42:20 | DEBUG    | [20220401] PUT SPX=4542->4546 | P 4530/4525 x3 | cr=$0.10 settle=$0.00 | P&L=$+24 | eq=$50,622 | dist=10
2026-04-04 11:42:20 | DEBUG    | [20220406] CALL SPX=4481->4481 | C 4495/4500 x5 | cr=$0.20 settle=$0.00 | P&L=$+90 | eq=$50,712 | dist=10
2026-04-04 11:42:20 | DEBUG    | [20220406] PUT SPX=4481->4481 | P 4470/4465 x3 | cr=$0.15 settle=$0.00 | P&L=$+39 | eq=$50,751 | dist=10
2026-04-04 11:42:20 | DEBUG    | [20220407] SKIP: Afternoon return=1.109% >= 1.0%
2026-04-04 11:42:20 | DEBUG    | [20220408] PUT SPX=4487->4489 | P 4475/4470 x3 | cr=$0.20 settle=$0.00 | P&L=$+54 | eq=$50,805 | dist=10
2026-04-04 11:42:20 | DEBUG    | [20220411] CALL SPX=4410->4413 | C 4420/4425 x3 | cr=$0.10 settle=$0.00 | P&L=$+24 | eq=$50,829 | dist=10
2026-04-04 11:42:20 | DEBUG    | [20220420] PUT SPX=4461->4459 | P 4450/4445 x3 | cr=$0.10 settle=$0.00 | P&L=$+24 | eq=$50,853 | dist=10
2026-04-04 11:42:20 | DEBUG    | [20220422] SKIP: VIX(15:50)=27.7 > 26.0
2026-04-04 11:42:20 | DEBUG    | [20220425] SKIP: VIX(15:50)=27.6 > 26.0
2026-04-04 11:42:20 | DEBUG    | [20220426] SKIP: VIX(15:50)=32.1 > 26.0
2026-04-04 11:42:20 | DEBUG    | [20220427] SKIP: VIX(15:50)=32.3 > 26.0
2026-04-04 11:42:20 | DEBUG    | [20220428] SKIP: VIX(15:50)=29.4 > 26.0
2026-04-04 11:42:20 | DEBUG    | [20220429] SKIP: VIX(15:50)=33.9 > 26.0
2026-04-04 11:42:20 | DEBUG    | [20220502] SKIP: VIX(15:50)=32.7 > 26.0
2026-04-04 11:42:20 | DEBUG    | [20220503] SKIP: VIX(15:50)=30.1 > 26.0
2026-04-04 11:42:20 | DEBUG    | [20220504] SKIP: Afternoon return=2.562% >= 1.0%
2026-04-04 11:42:20 | DEBUG    | [20220505] SKIP: VIX(15:50)=33.1 > 26.0
2026-04-04 11:42:20 | DEBUG    | [20220506] SKIP: VIX(15:50)=29.9 > 26.0
2026-04-04 11:42:20 | DEBUG    | [20220509] SKIP: VIX(15:50)=35.3 > 26.0
2026-04-04 11:42:20 | DEBUG    | [20220510] SKIP: VIX(15:50)=33.3 > 26.0
2026-04-04 11:42:20 | DEBUG    | [20220511] SKIP: VIX(15:50)=32.8 > 26.0
2026-04-04 11:42:20 | DEBUG    | [20220512] SKIP: VIX(15:50)=32.3 > 26.0
2026-04-04 11:42:20 | DEBUG    | [20220513] SKIP: VIX(15:50)=29.1 > 26.0
2026-04-04 11:42:20 | DEBUG    | [20220516] SKIP: VIX(15:50)=27.7 > 26.0
2026-04-04 11:42:20 | DEBUG    | [20220517] SKIP: VIX(15:50)=26.1 > 26.0
2026-04-04 11:42:20 | DEBUG    | [20220518] SKIP: VIX(15:50)=31.1 > 26.0
2026-04-04 11:42:20 | DEBUG    | [20220519] SKIP: VIX(15:50)=29.3 > 26.0
2026-04-04 11:42:20 | DEBUG    | [20220520] SKIP: VIX(15:50)=29.4 > 26.0
2026-04-04 11:42:20 | DEBUG    | [20220523] SKIP: VIX(15:50)=28.6 > 26.0
2026-04-04 11:42:20 | DEBUG    | [20220524] SKIP: VIX(15:50)=29.6 > 26.0
2026-04-04 11:42:20 | DEBUG    | [20220525] SKIP: VIX(15:50)=28.7 > 26.0
2026-04-04 11:42:20 | DEBUG    | [20220526] SKIP: VIX(15:50)=27.2 > 26.0
2026-04-04 11:42:21 | DEBUG    | [20220531] SKIP: VIX(15:50)=26.0 > 26.0
2026-04-04 11:42:21 | DEBUG    | [20220608] PUT SPX=4115->4116 | P 4105/4100 x3 | cr=$0.10 settle=$0.00 | P&L=$+24 | eq=$50,877 | dist=10
2026-04-04 11:42:21 | DEBUG    | [20220609] SKIP: VIX(15:50)=26.1 > 26.0
2026-04-04 11:42:21 | DEBUG    | [20220610] SKIP: VIX(15:50)=27.9 > 26.0
2026-04-04 11:42:21 | DEBUG    | [20220613] SKIP: VIX(15:50)=34.9 > 26.0
2026-04-04 11:42:21 | DEBUG    | [20220614] SKIP: VIX(15:50)=32.3 > 26.0
2026-04-04 11:42:21 | DEBUG    | [20220615] SKIP: VIX(15:50)=29.4 > 26.0
2026-04-04 11:42:21 | DEBUG    | [20220616] SKIP: VIX(15:50)=34.8 > 26.0
2026-04-04 11:42:21 | DEBUG    | [20220617] SKIP: VIX(15:50)=31.1 > 26.0
2026-04-04 11:42:21 | DEBUG    | [20220621] SKIP: VIX(15:50)=30.0 > 26.0
2026-04-04 11:42:21 | DEBUG    | [20220622] SKIP: VIX(15:50)=29.2 > 26.0
2026-04-04 11:42:21 | DEBUG    | [20220623] SKIP: VIX(15:50)=29.0 > 26.0
2026-04-04 11:42:21 | DEBUG    | [20220624] SKIP: VIX(15:50)=27.3 > 26.0
2026-04-04 11:42:21 | DEBUG    | [20220627] SKIP: VIX(15:50)=27.4 > 26.0
2026-04-04 11:42:21 | DEBUG    | [20220628] SKIP: VIX(15:50)=28.4 > 26.0
2026-04-04 11:42:21 | DEBUG    | [20220629] SKIP: VIX(15:50)=28.3 > 26.0
2026-04-04 11:42:21 | DEBUG    | [20220630] SKIP: VIX(15:50)=28.6 > 26.0
2026-04-04 11:42:21 | DEBUG    | [20220701] SKIP: VIX(15:50)=26.8 > 26.0
2026-04-04 11:42:21 | DEBUG    | [20220705] SKIP: VIX(15:50)=27.6 > 26.0
2026-04-04 11:42:21 | DEBUG    | [20220706] SKIP: VIX(15:50)=26.8 > 26.0
2026-04-04 11:42:21 | DEBUG    | [20220711] SKIP: VIX(15:50)=26.6 > 26.0
2026-04-04 11:42:21 | DEBUG    | [20220712] SKIP: VIX(15:50)=27.4 > 26.0
2026-04-04 11:42:21 | DEBUG    | [20220713] SKIP: VIX(15:50)=26.8 > 26.0
2026-04-04 11:42:21 | DEBUG    | [20220714] SKIP: VIX(15:50)=26.4 > 26.0
2026-04-04 11:42:21 | DEBUG    | [20220727] SKIP: Afternoon return=1.407% >= 1.0%
2026-04-04 11:42:21 | DEBUG    | [20220830] SKIP: VIX(15:50)=26.6 > 26.0
2026-04-04 11:42:21 | DEBUG    | [20220901] SKIP: Afternoon return=1.232% >= 1.0%
2026-04-04 11:42:21 | DEBUG    | [20220906] SKIP: VIX(15:50)=26.8 > 26.0
2026-04-04 11:42:21 | DEBUG    | [20220913] SKIP: VIX(15:50)=27.7 > 26.0
2026-04-04 11:42:21 | DEBUG    | [20220914] SKIP: VIX(15:50)=26.6 > 26.0
2026-04-04 11:42:21 | DEBUG    | [20220915] SKIP: VIX(15:50)=26.5 > 26.0
2026-04-04 11:42:21 | DEBUG    | [20220916] SKIP: VIX(15:50)=26.5 > 26.0
2026-04-04 11:42:21 | DEBUG    | [20220920] SKIP: VIX(15:50)=27.1 > 26.0
2026-04-04 11:42:21 | DEBUG    | [20220921] SKIP: VIX(15:50)=27.9 > 26.0
2026-04-04 11:42:21 | DEBUG    | [20220922] SKIP: VIX(15:50)=26.9 > 26.0
2026-04-04 11:42:21 | DEBUG    | [20220923] SKIP: VIX(15:50)=30.2 > 26.0
2026-04-04 11:42:21 | DEBUG    | [20220926] SKIP: VIX(15:50)=31.7 > 26.0
2026-04-04 11:42:21 | DEBUG    | [20220927] SKIP: VIX(15:50)=32.9 > 26.0
2026-04-04 11:42:21 | DEBUG    | [20220928] SKIP: VIX(15:50)=30.1 > 26.0
2026-04-04 11:42:21 | DEBUG    | [20220929] SKIP: VIX(15:50)=31.9 > 26.0
2026-04-04 11:42:21 | DEBUG    | [20220930] SKIP: VIX(15:50)=31.7 > 26.0
2026-04-04 11:42:21 | DEBUG    | [20221003] SKIP: VIX(15:50)=30.2 > 26.0
2026-04-04 11:42:21 | DEBUG    | [20221004] SKIP: VIX(15:50)=29.0 > 26.0
2026-04-04 11:42:21 | DEBUG    | [20221005] SKIP: VIX(15:50)=28.9 > 26.0
2026-04-04 11:42:21 | DEBUG    | [20221006] SKIP: VIX(15:50)=30.4 > 26.0
2026-04-04 11:42:21 | DEBUG    | [20221007] SKIP: VIX(15:50)=31.4 > 26.0
2026-04-04 11:42:21 | DEBUG    | [20221010] SKIP: VIX(15:50)=32.4 > 26.0
2026-04-04 11:42:21 | DEBUG    | [20221011] SKIP: VIX(15:50)=33.7 > 26.0
2026-04-04 11:42:21 | DEBUG    | [20221012] SKIP: VIX(15:50)=33.8 > 26.0
2026-04-04 11:42:21 | DEBUG    | [20221013] SKIP: VIX(15:50)=32.3 > 26.0
2026-04-04 11:42:21 | DEBUG    | [20221014] SKIP: VIX(15:50)=32.0 > 26.0
2026-04-04 11:42:21 | DEBUG    | [20221017] SKIP: VIX(15:50)=31.1 > 26.0
2026-04-04 11:42:21 | DEBUG    | [20221018] SKIP: VIX(15:50)=30.8 > 26.0
2026-04-04 11:42:21 | DEBUG    | [20221019] SKIP: VIX(15:50)=31.0 > 26.0
2026-04-04 11:42:21 | DEBUG    | [20221020] SKIP: VIX(15:50)=30.2 > 26.0
2026-04-04 11:42:21 | DEBUG    | [20221021] SKIP: VIX(15:50)=30.0 > 26.0
2026-04-04 11:42:21 | DEBUG    | [20221024] SKIP: VIX(15:50)=30.0 > 26.0
2026-04-04 11:42:21 | DEBUG    | [20221025] SKIP: VIX(15:50)=28.3 > 26.0
2026-04-04 11:42:21 | DEBUG    | [20221026] SKIP: VIX(15:50)=27.6 > 26.0
2026-04-04 11:42:21 | DEBUG    | [20221027] SKIP: VIX(15:50)=27.0 > 26.0
2026-04-04 11:42:21 | DEBUG    | [20221102] CALL SPX=3763->3759 | C 3775/3780 x3 | cr=$0.10 settle=$0.00 | P&L=$+24 | eq=$50,901 | dist=10
2026-04-04 11:42:21 | DEBUG    | [20221104] SKIP: Afternoon return=1.155% >= 1.0%
2026-04-04 11:42:21 | DEBUG    | [20221109] SKIP: VIX(15:50)=26.1 > 26.0
2026-04-04 11:42:21 | DEBUG    | [20221110] SKIP: Afternoon return=1.444% >= 1.0%
2026-04-04 11:42:21 | DEBUG    | [20221115] PUT SPX=3986->3992 | P 3975/3970 x5 | cr=$0.25 settle=$0.00 | P&L=$+115 | eq=$51,016 | dist=10
2026-04-04 11:42:21 | DEBUG    | [20221130] SKIP: Afternoon return=3.175% >= 1.0%
2026-04-04 11:42:21 | DEBUG    | [20221214] CALL SPX=4004->3995 | C 4015/4020 x3 | cr=$0.10 settle=$0.00 | P&L=$+24 | eq=$51,040 | dist=10
2026-04-04 11:42:21 | DEBUG    | [20221222] SKIP: Afternoon return=1.152% >= 1.0%
2026-04-04 11:42:21 | DEBUG    | [20230201] SKIP: Afternoon return=1.542% >= 1.0%
2026-04-04 11:42:22 | DEBUG    | [20230313] SKIP: VIX(15:50)=26.7 > 26.0
2026-04-04 11:42:22 | DEBUG    | [20230315] SKIP: VIX(15:50)=26.7 > 26.0
2026-04-04 11:42:22 | DEBUG    | [20230316] CALL SPX=3957->3960 | C 3970/3975 x3 | cr=$0.10 settle=$0.00 | P&L=$+24 | eq=$51,064 | dist=10
2026-04-04 11:42:22 | DEBUG    | [20230317] PUT SPX=3919->3917 | P 3905/3900 x3 | cr=$0.10 settle=$0.00 | P&L=$+24 | eq=$51,088 | dist=10
2026-04-04 11:42:22 | DEBUG    | [20230322] CALL SPX=3952->3937 | C 3965/3970 x5 | cr=$0.25 settle=$0.00 | P&L=$+115 | eq=$51,203 | dist=10
2026-04-04 11:42:22 | DEBUG    | [20230323] PUT SPX=3955->3948 | P 3945/3940 x3 | cr=$0.15 settle=$0.00 | P&L=$+39 | eq=$51,242 | dist=10
2026-04-04 11:42:22 | DEBUG    | [20230418] PUT SPX=4156->4155 | P 4150/4145 x3 | cr=$0.15 settle=$0.00 | P&L=$+39 | eq=$51,281 | dist=5
2026-04-04 11:42:22 | DEBUG    | [20230428] CALL SPX=4164->4170 | C 4170/4175 x3 | cr=$0.20 settle=$0.00 | P&L=$+54 | eq=$51,335 | dist=5
2026-04-04 11:42:22 | DEBUG    | [20230602] PUT SPX=4285->4282 | P 4280/4275 x3 | cr=$0.20 settle=$0.00 | P&L=$+54 | eq=$51,389 | dist=5
2026-04-04 11:42:22 | DEBUG    | [20230614] PUT SPX=4362->4373 | P 4355/4350 x3 | cr=$0.20 settle=$0.00 | P&L=$+54 | eq=$51,443 | dist=5
2026-04-04 11:42:22 | DEBUG    | [20230615] CALL SPX=4429->4426 | C 4435/4440 x3 | cr=$0.10 settle=$0.00 | P&L=$+24 | eq=$51,467 | dist=5
2026-04-04 11:42:22 | DEBUG    | [20230623] PUT SPX=4351->4348 | P 4345/4340 x3 | cr=$0.15 settle=$0.00 | P&L=$+39 | eq=$51,506 | dist=5
2026-04-04 11:42:22 | DEBUG    | [20230628] PUT SPX=4371->4377 | P 4365/4360 x3 | cr=$0.10 settle=$0.00 | P&L=$+24 | eq=$51,530 | dist=5
2026-04-04 11:42:22 | DEBUG    | [20230630] CALL SPX=4458->4450 | C 4465/4470 x3 | cr=$0.15 settle=$0.00 | P&L=$+39 | eq=$51,569 | dist=5
2026-04-04 11:42:22 | DEBUG    | [20230710] PUT SPX=4405->4410 | P 4400/4395 x3 | cr=$0.10 settle=$0.00 | P&L=$+24 | eq=$51,593 | dist=5
2026-04-04 11:42:22 | DEBUG    | [20230825] CALL SPX=4403->4406 | C 4410/4415 x3 | cr=$0.15 settle=$0.00 | P&L=$+39 | eq=$51,632 | dist=5
2026-04-04 11:42:22 | DEBUG    | [20230825] PUT SPX=4403->4406 | P 4395/4390 x3 | cr=$0.15 settle=$0.00 | P&L=$+39 | eq=$51,671 | dist=5
2026-04-04 11:42:22 | DEBUG    | [20230920] CALL SPX=4409->4402 | C 4415/4420 x3 | cr=$0.15 settle=$0.00 | P&L=$+39 | eq=$51,710 | dist=5
2026-04-04 11:42:23 | DEBUG    | [20230929] CALL SPX=4294->4288 | C 4305/4310 x3 | cr=$0.10 settle=$0.00 | P&L=$+24 | eq=$51,734 | dist=10
2026-04-04 11:42:23 | DEBUG    | [20231109] PUT SPX=4345->4347 | P 4340/4335 x3 | cr=$0.15 settle=$0.00 | P&L=$+39 | eq=$51,773 | dist=5
2026-04-04 11:42:23 | DEBUG    | [20231213] SKIP: Afternoon return=1.134% >= 1.0%
2026-04-04 11:42:23 | DEBUG    | [20231215] CALL SPX=4725->4719 | C 4730/4735 x5 | cr=$0.30 settle=$0.00 | P&L=$+140 | eq=$51,913 | dist=5
2026-04-04 11:42:23 | DEBUG    | [20231220] CALL SPX=4713->4698 | C 4720/4725 x3 | cr=$0.10 settle=$0.00 | P&L=$+24 | eq=$51,937 | dist=5
2026-04-04 11:42:23 | DEBUG    | [20231221] PUT SPX=4746->4747 | P 4740/4735 x3 | cr=$0.10 settle=$0.00 | P&L=$+24 | eq=$51,961 | dist=5
2026-04-04 11:42:23 | DEBUG    | [20231222] PUT SPX=4755->4755 | P 4750/4745 x3 | cr=$0.20 settle=$0.00 | P&L=$+54 | eq=$52,015 | dist=5
2026-04-04 11:42:23 | DEBUG    | [20231228] CALL SPX=4783->4783 | C 4790/4795 x3 | cr=$0.10 settle=$0.00 | P&L=$+24 | eq=$52,039 | dist=5
2026-04-04 11:42:23 | DEBUG    | [20231229] CALL SPX=4766->4770 | C 4775/4780 x3 | cr=$0.20 settle=$0.00 | P&L=$+54 | eq=$52,093 | dist=5
2026-04-04 11:42:23 | DEBUG    | [20231229] PUT SPX=4766->4770 | P 4760/4755 x5 | cr=$0.35 settle=$0.00 | P&L=$+165 | eq=$52,258 | dist=5
2026-04-04 11:42:23 | DEBUG    | [20240104] CALL SPX=4689->4689 | C 4695/4700 x3 | cr=$0.20 settle=$0.00 | P&L=$+54 | eq=$52,312 | dist=5
2026-04-04 11:42:23 | DEBUG    | [20240110] CALL SPX=4779->4783 | C 4785/4790 x3 | cr=$0.10 settle=$0.00 | P&L=$+24 | eq=$52,336 | dist=5
2026-04-04 11:42:23 | DEBUG    | [20240119] CALL SPX=4839->4840 | C 4845/4850 x3 | cr=$0.15 settle=$0.00 | P&L=$+39 | eq=$52,375 | dist=5
2026-04-04 11:42:23 | DEBUG    | [20240202] CALL SPX=4968->4959 | C 4975/4980 x3 | cr=$0.15 settle=$0.00 | P&L=$+39 | eq=$52,414 | dist=5
2026-04-04 11:42:23 | DEBUG    | [20240209] PUT SPX=5025->5027 | P 5020/5015 x3 | cr=$0.20 settle=$0.00 | P&L=$+54 | eq=$52,468 | dist=3
2026-04-04 11:42:23 | DEBUG    | [20240229] PUT SPX=5097->5096 | P 5090/5085 x3 | cr=$0.20 settle=$0.00 | P&L=$+54 | eq=$52,522 | dist=5
2026-04-04 11:42:23 | DEBUG    | [20240308] PUT SPX=5130->5124 | P 5120/5115 x3 | cr=$0.10 settle=$0.00 | P&L=$+24 | eq=$52,546 | dist=10
2026-04-04 11:42:23 | DEBUG    | [20240320] PUT SPX=5216->5225 | P 5210/5205 x5 | cr=$0.25 settle=$0.00 | P&L=$+115 | eq=$52,661 | dist=5
2026-04-04 11:42:23 | DEBUG    | [20240321] PUT SPX=5245->5242 | P 5240/5235 x3 | cr=$0.20 settle=$0.00 | P&L=$+54 | eq=$52,715 | dist=5
2026-04-04 11:42:23 | DEBUG    | [20240326] PUT SPX=5211->5204 | P 5205/5200 x3 | cr=$0.10 settle=$1.29 | P&L=$-363 | eq=$52,352 | dist=5
2026-04-04 11:42:23 | DEBUG    | [20240327] PUT SPX=5247->5249 | P 5240/5235 x3 | cr=$0.15 settle=$0.00 | P&L=$+39 | eq=$52,391 | dist=5
2026-04-04 11:42:23 | DEBUG    | [20240328] CALL SPX=5258->5254 | C 5265/5270 x5 | cr=$0.35 settle=$0.00 | P&L=$+165 | eq=$52,556 | dist=5
2026-04-04 11:42:23 | DEBUG    | [20240328] PUT SPX=5258->5254 | P 5250/5245 x5 | cr=$0.25 settle=$0.00 | P&L=$+115 | eq=$52,671 | dist=5
2026-04-04 11:42:23 | DEBUG    | [20240404] CALL SPX=5159->5147 | C 5170/5175 x3 | cr=$0.15 settle=$0.00 | P&L=$+39 | eq=$52,710 | dist=10
2026-04-04 11:42:23 | DEBUG    | [20240410] CALL SPX=5164->5161 | C 5175/5180 x3 | cr=$0.15 settle=$0.00 | P&L=$+39 | eq=$52,749 | dist=10
2026-04-04 11:42:23 | DEBUG    | [20240418] CALL SPX=5010->5011 | C 5020/5025 x3 | cr=$0.10 settle=$0.00 | P&L=$+24 | eq=$52,773 | dist=10
2026-04-04 11:42:23 | DEBUG    | [20240419] PUT SPX=4966->4967 | P 4955/4950 x3 | cr=$0.15 settle=$0.00 | P&L=$+39 | eq=$52,812 | dist=10
2026-04-04 11:42:24 | DEBUG    | [20240501] CALL SPX=5024->5018 | C 5035/5040 x5 | cr=$0.30 settle=$0.00 | P&L=$+140 | eq=$52,952 | dist=10
2026-04-04 11:42:24 | DEBUG    | [20240501] PUT SPX=5024->5018 | P 5010/5005 x3 | cr=$0.15 settle=$0.00 | P&L=$+39 | eq=$52,991 | dist=10
2026-04-04 11:42:24 | DEBUG    | [20240503] CALL SPX=5129->5128 | C 5135/5140 x3 | cr=$0.10 settle=$0.00 | P&L=$+24 | eq=$53,015 | dist=5
2026-04-04 11:42:24 | DEBUG    | [20240507] PUT SPX=5190->5188 | P 5185/5180 x3 | cr=$0.20 settle=$0.00 | P&L=$+54 | eq=$53,069 | dist=5
2026-04-04 11:42:24 | DEBUG    | [20240522] TOUCH@15:59 CALL SPX=5307 | C 5305/5310 x3 | cr=$0.20 close=$0.35 | P&L=$-51
2026-04-04 11:42:24 | DEBUG    | [20240522] PUT SPX=5298->5307 | P 5290/5285 x3 | cr=$0.15 settle=$0.00 | P&L=$+39 | eq=$53,057 | dist=5
2026-04-04 11:42:24 | DEBUG    | [20240523] CALL SPX=5269->5268 | C 5275/5280 x5 | cr=$0.45 settle=$0.00 | P&L=$+215 | eq=$53,272 | dist=5
2026-04-04 11:42:24 | DEBUG    | [20240523] PUT SPX=5269->5268 | P 5260/5255 x3 | cr=$0.20 settle=$0.00 | P&L=$+54 | eq=$53,326 | dist=5
2026-04-04 11:42:24 | DEBUG    | [20240528] TOUCH@15:59 CALL SPX=5307 | C 5305/5310 x5 | cr=$0.20 close=$0.10 | P&L=$+40
2026-04-04 11:42:24 | DEBUG    | [20240528] PUT SPX=5300->5306 | P 5295/5290 x3 | cr=$0.15 settle=$0.00 | P&L=$+39 | eq=$53,405 | dist=5
2026-04-04 11:42:24 | DEBUG    | [20240530] CALL SPX=5235->5235 | C 5245/5250 x3 | cr=$0.10 settle=$0.00 | P&L=$+24 | eq=$53,429 | dist=10
2026-04-04 11:42:24 | DEBUG    | [20240531] SKIP: Afternoon return=1.170% >= 1.0%
2026-04-04 11:42:24 | DEBUG    | [20240604] CALL SPX=5291->5291 | C 5300/5305 x3 | cr=$0.20 settle=$0.00 | P&L=$+54 | eq=$53,483 | dist=5
2026-04-04 11:42:24 | DEBUG    | [20240604] PUT SPX=5291->5291 | P 5285/5280 x5 | cr=$0.40 settle=$0.00 | P&L=$+190 | eq=$53,673 | dist=5
2026-04-04 11:42:24 | DEBUG    | [20240607] CALL SPX=5348->5347 | C 5355/5360 x3 | cr=$0.15 settle=$0.00 | P&L=$+39 | eq=$53,712 | dist=5
2026-04-04 11:42:24 | DEBUG    | [20240607] PUT SPX=5348->5347 | P 5340/5335 x3 | cr=$0.10 settle=$0.00 | P&L=$+24 | eq=$53,736 | dist=5
2026-04-04 11:42:24 | DEBUG    | [20240610] CALL SPX=5359->5361 | C 5365/5370 x5 | cr=$0.30 settle=$0.00 | P&L=$+140 | eq=$53,876 | dist=5
2026-04-04 11:42:24 | DEBUG    | [20240611] PUT SPX=5371->5375 | P 5365/5360 x3 | cr=$0.15 settle=$0.00 | P&L=$+39 | eq=$53,915 | dist=5
2026-04-04 11:42:24 | DEBUG    | [20240612] CALL SPX=5424->5421 | C 5430/5435 x8 | cr=$0.70 settle=$0.00 | P&L=$+544 | eq=$54,459 | dist=5
2026-04-04 11:42:24 | DEBUG    | [20240612] PUT SPX=5424->5421 | P 5415/5410 x5 | cr=$0.40 settle=$0.00 | P&L=$+190 | eq=$54,649 | dist=5
2026-04-04 11:42:24 | DEBUG    | [20240613] PUT SPX=5435->5434 | P 5430/5425 x5 | cr=$0.30 settle=$0.00 | P&L=$+140 | eq=$54,789 | dist=5
2026-04-04 11:42:24 | DEBUG    | [20240614] TOUCH@15:59 CALL SPX=5432 | C 5430/5435 x5 | cr=$0.25 close=$0.80 | P&L=$-285
2026-04-04 11:42:24 | DEBUG    | [20240617] PUT SPX=5476->5473 | P 5470/5465 x5 | cr=$0.20 settle=$0.00 | P&L=$+90 | eq=$54,594 | dist=5
2026-04-04 11:42:24 | DEBUG    | [20240626] PUT SPX=5477->5478 | P 5470/5465 x3 | cr=$0.15 settle=$0.00 | P&L=$+39 | eq=$54,633 | dist=5
2026-04-04 11:42:24 | DEBUG    | [20240627] TOUCH@15:59 CALL SPX=5482 | C 5480/5485 x5 | cr=$0.35 close=$0.60 | P&L=$-135
2026-04-04 11:42:24 | DEBUG    | [20240627] PUT SPX=5473->5483 | P 5465/5460 x3 | cr=$0.20 settle=$0.00 | P&L=$+54 | eq=$54,552 | dist=5
2026-04-04 11:42:24 | DEBUG    | [20240628] CALL SPX=5465->5461 | C 5475/5480 x5 | cr=$0.30 settle=$0.00 | P&L=$+140 | eq=$54,692 | dist=5
2026-04-04 11:42:24 | DEBUG    | [20240628] PUT SPX=5465->5461 | P 5460/5455 x8 | cr=$0.75 settle=$0.00 | P&L=$+584 | eq=$55,276 | dist=5
2026-04-04 11:42:24 | DEBUG    | [20240701] PUT SPX=5476->5475 | P 5470/5465 x3 | cr=$0.20 settle=$0.00 | P&L=$+54 | eq=$55,330 | dist=5
2026-04-04 11:42:24 | DEBUG    | [20240705] CALL SPX=5570->5567 | C 5575/5580 x3 | cr=$0.10 settle=$0.00 | P&L=$+24 | eq=$55,354 | dist=5
2026-04-04 11:42:24 | DEBUG    | [20240712] PUT SPX=5622->5615 | P 5610/5605 x3 | cr=$0.10 settle=$0.00 | P&L=$+24 | eq=$55,378 | dist=10
2026-04-04 11:42:24 | DEBUG    | [20240718] CALL SPX=5538->5544 | C 5550/5555 x3 | cr=$0.15 settle=$0.00 | P&L=$+39 | eq=$55,417 | dist=10
2026-04-04 11:42:24 | DEBUG    | [20240719] CALL SPX=5503->5505 | C 5515/5520 x3 | cr=$0.10 settle=$0.00 | P&L=$+24 | eq=$55,441 | dist=10
2026-04-04 11:42:24 | DEBUG    | [20240724] CALL SPX=5421->5427 | C 5435/5440 x3 | cr=$0.10 settle=$0.00 | P&L=$+24 | eq=$55,465 | dist=10
2026-04-04 11:42:24 | DEBUG    | [20240724] PUT SPX=5421->5427 | P 5410/5405 x3 | cr=$0.15 settle=$0.00 | P&L=$+39 | eq=$55,504 | dist=10
2026-04-04 11:42:24 | DEBUG    | [20240725] CALL SPX=5408->5399 | C 5420/5425 x5 | cr=$0.30 settle=$0.00 | P&L=$+140 | eq=$55,644 | dist=10
2026-04-04 11:42:24 | DEBUG    | [20240726] CALL SPX=5448->5459 | C 5460/5465 x3 | cr=$0.20 settle=$0.00 | P&L=$+54 | eq=$55,698 | dist=10
2026-04-04 11:42:24 | DEBUG    | [20240726] PUT SPX=5448->5459 | P 5435/5430 x5 | cr=$0.25 settle=$0.00 | P&L=$+115 | eq=$55,813 | dist=10
2026-04-04 11:42:24 | DEBUG    | [20240730] CALL SPX=5445->5436 | C 5455/5460 x3 | cr=$0.15 settle=$0.00 | P&L=$+39 | eq=$55,852 | dist=10
2026-04-04 11:42:24 | DEBUG    | [20240731] CALL SPX=5525->5522 | C 5540/5545 x5 | cr=$0.25 settle=$0.00 | P&L=$+115 | eq=$55,967 | dist=10
2026-04-04 11:42:24 | DEBUG    | [20240731] PUT SPX=5525->5522 | P 5515/5510 x8 | cr=$0.65 settle=$0.00 | P&L=$+504 | eq=$56,471 | dist=10
2026-04-04 11:42:24 | DEBUG    | [20240801] TOUCH@15:59 CALL SPX=5447 | C 5445/5450 x5 | cr=$0.35 close=$0.95 | P&L=$-310
2026-04-04 11:42:24 | DEBUG    | [20240801] PUT SPX=5434->5447 | P 5420/5415 x5 | cr=$0.20 settle=$0.00 | P&L=$+90 | eq=$56,251 | dist=10
2026-04-04 11:42:24 | DEBUG    | [20240802] CALL SPX=5335->5346 | C 5350/5355 x5 | cr=$0.25 settle=$0.00 | P&L=$+115 | eq=$56,366 | dist=10
2026-04-04 11:42:24 | DEBUG    | [20240802] PUT SPX=5335->5346 | P 5325/5320 x5 | cr=$0.35 settle=$0.00 | P&L=$+165 | eq=$56,531 | dist=10
2026-04-04 11:42:24 | DEBUG    | [20240805] SKIP: VIX(15:50)=38.5 > 26.0
2026-04-04 11:42:24 | DEBUG    | [20240806] SKIP: VIX(15:50)=26.2 > 26.0
2026-04-04 11:42:24 | DEBUG    | [20240807] SKIP: VIX(15:50)=27.6 > 26.0
2026-04-04 11:42:24 | DEBUG    | [20240808] CALL SPX=5314->5319 | C 5325/5330 x5 | cr=$0.25 settle=$0.00 | P&L=$+115 | eq=$56,646 | dist=10
2026-04-04 11:42:24 | DEBUG    | [20240808] PUT SPX=5314->5319 | P 5300/5295 x5 | cr=$0.20 settle=$0.00 | P&L=$+90 | eq=$56,736 | dist=10
2026-04-04 11:42:24 | DEBUG    | [20240809] CALL SPX=5338->5344 | C 5350/5355 x3 | cr=$0.10 settle=$0.00 | P&L=$+24 | eq=$56,760 | dist=10
2026-04-04 11:42:24 | DEBUG    | [20240812] PUT SPX=5337->5344 | P 5325/5320 x3 | cr=$0.15 settle=$0.00 | P&L=$+39 | eq=$56,799 | dist=10
2026-04-04 11:42:24 | DEBUG    | [20240828] PUT SPX=5600->5592 | P 5590/5585 x3 | cr=$0.10 settle=$0.00 | P&L=$+24 | eq=$56,823 | dist=10
2026-04-04 11:42:24 | DEBUG    | [20240830] CALL SPX=5644->5648 | C 5655/5660 x5 | cr=$0.25 settle=$0.00 | P&L=$+115 | eq=$56,938 | dist=10
2026-04-04 11:42:24 | DEBUG    | [20240830] PUT SPX=5644->5648 | P 5630/5625 x3 | cr=$0.15 settle=$0.00 | P&L=$+39 | eq=$56,977 | dist=10
2026-04-04 11:42:24 | DEBUG    | [20240903] PUT SPX=5518->5529 | P 5505/5500 x3 | cr=$0.15 settle=$0.00 | P&L=$+39 | eq=$57,016 | dist=10
2026-04-04 11:42:24 | DEBUG    | [20240904] CALL SPX=5520->5520 | C 5535/5540 x3 | cr=$0.15 settle=$0.00 | P&L=$+39 | eq=$57,055 | dist=10
2026-04-04 11:42:24 | DEBUG    | [20240904] PUT SPX=5520->5520 | P 5510/5505 x5 | cr=$0.35 settle=$0.00 | P&L=$+165 | eq=$57,220 | dist=10
2026-04-04 11:42:24 | DEBUG    | [20240905] PUT SPX=5496->5503 | P 5485/5480 x3 | cr=$0.20 settle=$0.00 | P&L=$+54 | eq=$57,274 | dist=10
2026-04-04 11:42:24 | DEBUG    | [20240906] CALL SPX=5410->5409 | C 5425/5430 x3 | cr=$0.15 settle=$0.00 | P&L=$+39 | eq=$57,313 | dist=10
2026-04-04 11:42:24 | DEBUG    | [20240906] PUT SPX=5410->5409 | P 5400/5395 x5 | cr=$0.35 settle=$0.00 | P&L=$+165 | eq=$57,478 | dist=10
2026-04-04 11:42:24 | DEBUG    | [20240911] SKIP: Afternoon return=1.207% >= 1.0%
2026-04-04 11:42:24 | DEBUG    | [20240912] PUT SPX=5590->5596 | P 5580/5575 x5 | cr=$0.20 settle=$0.00 | P&L=$+90 | eq=$57,568 | dist=10
2026-04-04 11:42:24 | DEBUG    | [20240918] CALL SPX=5622->5618 | C 5635/5640 x5 | cr=$0.20 settle=$0.00 | P&L=$+90 | eq=$57,658 | dist=10
2026-04-04 11:42:24 | DEBUG    | [20240918] PUT SPX=5622->5618 | P 5610/5605 x5 | cr=$0.20 settle=$0.00 | P&L=$+90 | eq=$57,748 | dist=10
2026-04-04 11:42:24 | DEBUG    | [20240919] CALL SPX=5715->5714 | C 5725/5730 x3 | cr=$0.10 settle=$0.00 | P&L=$+24 | eq=$57,772 | dist=10
2026-04-04 11:42:24 | DEBUG    | [20240920] PUT SPX=5707->5703 | P 5695/5690 x3 | cr=$0.10 settle=$0.00 | P&L=$+24 | eq=$57,796 | dist=10
2026-04-04 11:42:24 | DEBUG    | [20240930] CALL SPX=5757->5762 | C 5770/5775 x5 | cr=$0.30 settle=$0.00 | P&L=$+140 | eq=$57,936 | dist=10
2026-04-04 11:42:24 | DEBUG    | [20240930] PUT SPX=5757->5762 | P 5745/5740 x3 | cr=$0.20 settle=$0.00 | P&L=$+54 | eq=$57,990 | dist=10
2026-04-04 11:42:24 | DEBUG    | [20241001] CALL SPX=5708->5709 | C 5720/5725 x3 | cr=$0.15 settle=$0.00 | P&L=$+39 | eq=$58,029 | dist=10
2026-04-04 11:42:24 | DEBUG    | [20241001] PUT SPX=5708->5709 | P 5695/5690 x3 | cr=$0.10 settle=$0.00 | P&L=$+24 | eq=$58,053 | dist=10
2026-04-04 11:42:24 | DEBUG    | [20241031] TOUCH@15:59 PUT SPX=5703 | P 5705/5700 x3 | cr=$0.20 close=$0.05 | P&L=$+39
2026-04-04 11:42:24 | DEBUG    | [20241101] PUT SPX=5731->5729 | P 5720/5715 x5 | cr=$0.25 settle=$0.00 | P&L=$+115 | eq=$58,207 | dist=10
2026-04-04 11:42:24 | DEBUG    | [20241112] CALL SPX=5986->5984 | C 5990/5995 x5 | cr=$0.35 settle=$0.00 | P&L=$+165 | eq=$58,372 | dist=3
2026-04-04 11:42:24 | DEBUG    | [20241112] PUT SPX=5986->5984 | P 5980/5975 x3 | cr=$0.10 settle=$0.00 | P&L=$+24 | eq=$58,396 | dist=3
2026-04-04 11:42:25 | DEBUG    | [20241218] CALL SPX=5910->5872 | C 5920/5925 x5 | cr=$0.45 settle=$0.00 | P&L=$+215 | eq=$58,611 | dist=10
2026-04-04 11:42:25 | DEBUG    | [20241219] CALL SPX=5869->5867 | C 5880/5885 x5 | cr=$0.50 settle=$0.00 | P&L=$+240 | eq=$58,851 | dist=10
2026-04-04 11:42:25 | DEBUG    | [20241219] PUT SPX=5869->5867 | P 5855/5850 x5 | cr=$0.30 settle=$0.00 | P&L=$+140 | eq=$58,991 | dist=10
2026-04-04 11:42:25 | DEBUG    | [20241220] CALL SPX=5931->5931 | C 5945/5950 x5 | cr=$0.20 settle=$0.00 | P&L=$+90 | eq=$59,081 | dist=10
2026-04-04 11:42:25 | DEBUG    | [20241220] PUT SPX=5931->5931 | P 5920/5915 x5 | cr=$0.45 settle=$0.00 | P&L=$+215 | eq=$59,296 | dist=10
2026-04-04 11:42:25 | DEBUG    | [20241227] CALL SPX=5970->5971 | C 5980/5985 x3 | cr=$0.20 settle=$0.00 | P&L=$+54 | eq=$59,350 | dist=10
2026-04-04 11:42:25 | DEBUG    | [20241230] TOUCH@15:59 PUT SPX=5907 | P 5910/5905 x5 | cr=$0.20 close=$1.10 | P&L=$-460
2026-04-04 11:42:25 | DEBUG    | [20241230] CALL SPX=5921->5907 | C 5935/5940 x3 | cr=$0.10 settle=$0.00 | P&L=$+24 | eq=$58,914 | dist=10
2026-04-04 11:42:25 | DEBUG    | [20241231] CALL SPX=5879->5882 | C 5890/5895 x5 | cr=$0.40 settle=$0.00 | P&L=$+190 | eq=$59,104 | dist=10
2026-04-04 11:42:25 | DEBUG    | [20241231] PUT SPX=5879->5882 | P 5865/5860 x5 | cr=$0.20 settle=$0.00 | P&L=$+90 | eq=$59,194 | dist=10
2026-04-04 11:42:25 | DEBUG    | [20250102] CALL SPX=5865->5869 | C 5875/5880 x3 | cr=$0.15 settle=$0.00 | P&L=$+39 | eq=$59,233 | dist=10
2026-04-04 11:42:25 | DEBUG    | [20250102] PUT SPX=5865->5869 | P 5850/5845 x3 | cr=$0.15 settle=$0.00 | P&L=$+39 | eq=$59,272 | dist=10
2026-04-04 11:42:25 | DEBUG    | [20250107] PUT SPX=5908->5909 | P 5895/5890 x3 | cr=$0.10 settle=$0.00 | P&L=$+24 | eq=$59,296 | dist=10
2026-04-04 11:42:25 | DEBUG    | [20250127] TOUCH@15:58 CALL SPX=6011 | C 6010/6015 x3 | cr=$0.15 close=$0.75 | P&L=$-186
2026-04-04 11:42:25 | DEBUG    | [20250129] CALL SPX=6039->6039 | C 6050/6055 x3 | cr=$0.15 settle=$0.00 | P&L=$+39 | eq=$59,149 | dist=10
2026-04-04 11:42:25 | DEBUG    | [20250129] PUT SPX=6039->6039 | P 6025/6020 x3 | cr=$0.10 settle=$0.00 | P&L=$+24 | eq=$59,173 | dist=10
2026-04-04 11:42:25 | DEBUG    | [20250130] CALL SPX=6070->6071 | C 6080/6085 x3 | cr=$0.15 settle=$0.00 | P&L=$+39 | eq=$59,212 | dist=10
2026-04-04 11:42:25 | DEBUG    | [20250131] CALL SPX=6039->6040 | C 6050/6055 x5 | cr=$0.45 settle=$0.00 | P&L=$+215 | eq=$59,427 | dist=10
2026-04-04 11:42:25 | DEBUG    | [20250131] PUT SPX=6039->6040 | P 6025/6020 x5 | cr=$0.25 settle=$0.00 | P&L=$+115 | eq=$59,542 | dist=10
2026-04-04 11:42:25 | DEBUG    | [20250203] CALL SPX=6002->5995 | C 6015/6020 x3 | cr=$0.10 settle=$0.00 | P&L=$+24 | eq=$59,566 | dist=10
2026-04-04 11:42:25 | DEBUG    | [20250203] PUT SPX=6002->5995 | P 5990/5985 x5 | cr=$0.20 settle=$0.00 | P&L=$+90 | eq=$59,656 | dist=10
2026-04-04 11:42:25 | DEBUG    | [20250224] CALL SPX=5987->5983 | C 6000/6005 x3 | cr=$0.10 settle=$0.00 | P&L=$+24 | eq=$59,680 | dist=10
2026-04-04 11:42:25 | DEBUG    | [20250224] PUT SPX=5987->5983 | P 5975/5970 x3 | cr=$0.10 settle=$0.00 | P&L=$+24 | eq=$59,704 | dist=10
2026-04-04 11:42:25 | DEBUG    | [20250225] PUT SPX=5950->5955 | P 5940/5935 x5 | cr=$0.25 settle=$0.00 | P&L=$+115 | eq=$59,819 | dist=10
2026-04-04 11:42:25 | DEBUG    | [20250226] PUT SPX=5961->5956 | P 5950/5945 x3 | cr=$0.15 settle=$0.00 | P&L=$+39 | eq=$59,858 | dist=10
2026-04-04 11:42:25 | DEBUG    | [20250227] CALL SPX=5869->5862 | C 5880/5885 x5 | cr=$0.30 settle=$0.00 | P&L=$+140 | eq=$59,998 | dist=10
2026-04-04 11:42:25 | DEBUG    | [20250228] SKIP: Afternoon return=1.428% >= 1.0%
2026-04-04 11:42:25 | DEBUG    | [20250303] TOUCH@15:59 CALL SPX=5851 | C 5850/5855 x5 | cr=$0.25 close=$0.75 | P&L=$-260
2026-04-04 11:42:25 | DEBUG    | [20250303] PUT SPX=5836->5850 | P 5825/5820 x7 | cr=$0.55 settle=$0.00 | P&L=$+371 | eq=$60,109 | dist=10
2026-04-04 11:42:25 | DEBUG    | [20250304] CALL SPX=5777->5778 | C 5790/5795 x8 | cr=$0.65 settle=$0.00 | P&L=$+504 | eq=$60,613 | dist=10
2026-04-04 11:42:25 | DEBUG    | [20250304] PUT SPX=5777->5778 | P 5765/5760 x5 | cr=$0.40 settle=$0.00 | P&L=$+190 | eq=$60,803 | dist=10
2026-04-04 11:42:25 | DEBUG    | [20250305] CALL SPX=5848->5843 | C 5860/5865 x5 | cr=$0.40 settle=$0.00 | P&L=$+190 | eq=$60,993 | dist=10
2026-04-04 11:42:25 | DEBUG    | [20250305] PUT SPX=5848->5843 | P 5835/5830 x5 | cr=$0.45 settle=$0.00 | P&L=$+215 | eq=$61,208 | dist=10
2026-04-04 11:42:25 | DEBUG    | [20250306] CALL SPX=5744->5738 | C 5760/5765 x5 | cr=$0.45 settle=$0.00 | P&L=$+215 | eq=$61,423 | dist=15
2026-04-04 11:42:25 | DEBUG    | [20250306] PUT SPX=5744->5738 | P 5725/5720 x5 | cr=$0.25 settle=$0.00 | P&L=$+115 | eq=$61,538 | dist=15
2026-04-04 11:42:25 | DEBUG    | [20250307] SKIP: Afternoon return=1.053% >= 1.0%
2026-04-04 11:42:25 | DEBUG    | [20250310] SKIP: VIX(15:50)=27.9 > 26.0
2026-04-04 11:42:25 | DEBUG    | [20250311] SKIP: VIX(15:50)=26.9 > 26.0
2026-04-04 11:42:25 | DEBUG    | [20250312] CALL SPX=5603->5599 | C 5615/5620 x3 | cr=$0.20 settle=$0.00 | P&L=$+54 | eq=$61,592 | dist=10
2026-04-04 11:42:25 | DEBUG    | [20250312] PUT SPX=5603->5599 | P 5590/5585 x5 | cr=$0.25 settle=$0.00 | P&L=$+115 | eq=$61,707 | dist=10
2026-04-04 11:42:25 | DEBUG    | [20250313] CALL SPX=5516->5522 | C 5530/5535 x3 | cr=$0.10 settle=$0.00 | P&L=$+24 | eq=$61,731 | dist=10
2026-04-04 11:42:25 | DEBUG    | [20250313] PUT SPX=5516->5522 | P 5505/5500 x5 | cr=$0.20 settle=$0.00 | P&L=$+90 | eq=$61,821 | dist=10
2026-04-04 11:42:25 | DEBUG    | [20250314] CALL SPX=5642->5639 | C 5655/5660 x3 | cr=$0.15 settle=$0.00 | P&L=$+39 | eq=$61,860 | dist=10
2026-04-04 11:42:25 | DEBUG    | [20250314] PUT SPX=5642->5639 | P 5630/5625 x5 | cr=$0.35 settle=$0.00 | P&L=$+165 | eq=$62,025 | dist=10
2026-04-04 11:42:25 | DEBUG    | [20250318] PUT SPX=5616->5615 | P 5605/5600 x3 | cr=$0.15 settle=$0.00 | P&L=$+39 | eq=$62,064 | dist=10
2026-04-04 11:42:25 | DEBUG    | [20250319] CALL SPX=5682->5675 | C 5695/5700 x3 | cr=$0.15 settle=$0.00 | P&L=$+39 | eq=$62,103 | dist=10
2026-04-04 11:42:25 | DEBUG    | [20250319] PUT SPX=5682->5675 | P 5670/5665 x5 | cr=$0.20 settle=$0.00 | P&L=$+90 | eq=$62,193 | dist=10
2026-04-04 11:42:25 | DEBUG    | [20250320] CALL SPX=5664->5663 | C 5675/5680 x3 | cr=$0.10 settle=$0.00 | P&L=$+24 | eq=$62,217 | dist=10
2026-04-04 11:42:25 | DEBUG    | [20250320] PUT SPX=5664->5663 | P 5650/5645 x3 | cr=$0.10 settle=$0.00 | P&L=$+24 | eq=$62,241 | dist=10
2026-04-04 11:42:25 | DEBUG    | [20250321] CALL SPX=5658->5667 | C 5670/5675 x3 | cr=$0.15 settle=$0.00 | P&L=$+39 | eq=$62,280 | dist=10
2026-04-04 11:42:25 | DEBUG    | [20250326] PUT SPX=5717->5712 | P 5705/5700 x3 | cr=$0.20 settle=$0.00 | P&L=$+54 | eq=$62,334 | dist=10
2026-04-04 11:42:25 | DEBUG    | [20250327] PUT SPX=5701->5693 | P 5690/5685 x5 | cr=$0.20 settle=$0.00 | P&L=$+90 | eq=$62,424 | dist=10
2026-04-04 11:42:25 | DEBUG    | [20250328] CALL SPX=5586->5581 | C 5600/5605 x3 | cr=$0.15 settle=$0.00 | P&L=$+39 | eq=$62,463 | dist=10
2026-04-04 11:42:25 | DEBUG    | [20250328] PUT SPX=5586->5581 | P 5575/5570 x5 | cr=$0.20 settle=$0.00 | P&L=$+90 | eq=$62,553 | dist=10
2026-04-04 11:42:25 | DEBUG    | [20250331] SKIP: Afternoon return=1.129% >= 1.0%
2026-04-04 11:42:25 | DEBUG    | [20250401] PUT SPX=5633->5633 | P 5620/5615 x3 | cr=$0.10 settle=$0.00 | P&L=$+24 | eq=$62,577 | dist=10
2026-04-04 11:42:25 | DEBUG    | [20250402] CALL SPX=5673->5671 | C 5685/5690 x3 | cr=$0.15 settle=$0.00 | P&L=$+39 | eq=$62,616 | dist=10
2026-04-04 11:42:25 | DEBUG    | [20250402] PUT SPX=5673->5671 | P 5660/5655 x5 | cr=$0.20 settle=$0.00 | P&L=$+90 | eq=$62,706 | dist=10
2026-04-04 11:42:25 | DEBUG    | [20250403] SKIP: VIX(15:50)=29.5 > 26.0
2026-04-04 11:42:25 | DEBUG    | [20250404] SKIP: VIX(15:50)=42.9 > 26.0
2026-04-04 11:42:25 | DEBUG    | [20250407] SKIP: VIX(15:50)=48.6 > 26.0
2026-04-04 11:42:25 | DEBUG    | [20250408] SKIP: VIX(15:50)=57.1 > 26.0
2026-04-04 11:42:25 | DEBUG    | [20250409] SKIP: VIX(15:50)=32.5 > 26.0
2026-04-04 11:42:25 | DEBUG    | [20250410] SKIP: VIX(15:50)=46.0 > 26.0
2026-04-04 11:42:25 | DEBUG    | [20250411] SKIP: VIX(15:50)=37.0 > 26.0
2026-04-04 11:42:25 | DEBUG    | [20250414] SKIP: VIX(15:50)=30.2 > 26.0
2026-04-04 11:42:25 | DEBUG    | [20250415] SKIP: VIX(15:50)=29.6 > 26.0
2026-04-04 11:42:25 | DEBUG    | [20250416] SKIP: VIX(15:50)=33.2 > 26.0
2026-04-04 11:42:25 | DEBUG    | [20250417] SKIP: VIX(15:50)=30.5 > 26.0
2026-04-04 11:42:25 | DEBUG    | [20250421] SKIP: VIX(15:50)=33.8 > 26.0
2026-04-04 11:42:25 | DEBUG    | [20250422] SKIP: VIX(15:50)=30.6 > 26.0
2026-04-04 11:42:25 | DEBUG    | [20250423] SKIP: VIX(15:50)=28.5 > 26.0
2026-04-04 11:42:25 | DEBUG    | [20250424] SKIP: VIX(15:50)=26.5 > 26.0
2026-04-04 11:42:25 | DEBUG    | [20250428] CALL SPX=5537->5529 | C 5550/5555 x3 | cr=$0.10 settle=$0.00 | P&L=$+24 | eq=$62,730 | dist=10
2026-04-04 11:42:25 | DEBUG    | [20250430] CALL SPX=5569->5569 | C 5580/5585 x8 | cr=$0.65 settle=$0.00 | P&L=$+504 | eq=$63,234 | dist=10
2026-04-04 11:42:25 | DEBUG    | [20250430] PUT SPX=5569->5569 | P 5555/5550 x7 | cr=$0.55 settle=$0.00 | P&L=$+371 | eq=$63,605 | dist=10
2026-04-04 11:42:25 | DEBUG    | [20250501] TOUCH@15:57 PUT SPX=5608 | P 5610/5605 x5 | cr=$0.20 close=$0.90 | P&L=$-360
2026-04-04 11:42:25 | DEBUG    | [20250502] PUT SPX=5689->5687 | P 5675/5670 x3 | cr=$0.10 settle=$0.00 | P&L=$+24 | eq=$63,269 | dist=10
2026-04-04 11:42:25 | DEBUG    | [20250507] PUT SPX=5623->5631 | P 5610/5605 x5 | cr=$0.35 settle=$0.00 | P&L=$+165 | eq=$63,434 | dist=10
2026-04-04 11:42:25 | DEBUG    | [20250508] CALL SPX=5672->5664 | C 5685/5690 x5 | cr=$0.20 settle=$0.00 | P&L=$+90 | eq=$63,524 | dist=10
2026-04-04 11:42:25 | DEBUG    | [20250512] PUT SPX=5837->5844 | P 5825/5820 x3 | cr=$0.10 settle=$0.00 | P&L=$+24 | eq=$63,548 | dist=10
2026-04-04 11:42:25 | DEBUG    | [20250513] CALL SPX=5890->5887 | C 5900/5905 x3 | cr=$0.20 settle=$0.00 | P&L=$+54 | eq=$63,602 | dist=10
2026-04-04 11:42:25 | DEBUG    | [20250514] CALL SPX=5894->5893 | C 5905/5910 x3 | cr=$0.10 settle=$0.00 | P&L=$+24 | eq=$63,626 | dist=10
2026-04-04 11:42:25 | DEBUG    | [20250514] PUT SPX=5894->5893 | P 5880/5875 x3 | cr=$0.10 settle=$0.00 | P&L=$+24 | eq=$63,650 | dist=10
2026-04-04 11:42:25 | DEBUG    | [20250515] CALL SPX=5908->5917 | C 5920/5925 x3 | cr=$0.10 settle=$0.00 | P&L=$+24 | eq=$63,674 | dist=10
2026-04-04 11:42:25 | DEBUG    | [20250521] CALL SPX=5847->5845 | C 5860/5865 x3 | cr=$0.10 settle=$0.00 | P&L=$+24 | eq=$63,698 | dist=10
2026-04-04 11:42:25 | DEBUG    | [20250521] PUT SPX=5847->5845 | P 5835/5830 x5 | cr=$0.20 settle=$0.00 | P&L=$+90 | eq=$63,788 | dist=10
2026-04-04 11:42:25 | DEBUG    | [20250523] CALL SPX=5802->5803 | C 5815/5820 x3 | cr=$0.15 settle=$0.00 | P&L=$+39 | eq=$63,827 | dist=10
2026-04-04 11:42:25 | DEBUG    | [20250523] PUT SPX=5802->5803 | P 5790/5785 x3 | cr=$0.15 settle=$0.00 | P&L=$+39 | eq=$63,866 | dist=10
2026-04-04 11:42:25 | DEBUG    | [20250529] CALL SPX=5905->5912 | C 5920/5925 x3 | cr=$0.10 settle=$0.00 | P&L=$+24 | eq=$63,890 | dist=10
2026-04-04 11:42:25 | DEBUG    | [20250529] PUT SPX=5905->5912 | P 5895/5890 x5 | cr=$0.20 settle=$0.00 | P&L=$+90 | eq=$63,980 | dist=10
2026-04-04 11:42:25 | DEBUG    | [20250530] TOUCH@15:56 CALL SPX=5920 | C 5920/5925 x5 | cr=$0.25 close=$1.40 | P&L=$-585
2026-04-04 11:42:25 | DEBUG    | [20250530] PUT SPX=5907->5912 | P 5895/5890 x7 | cr=$0.60 settle=$0.00 | P&L=$+406 | eq=$63,801 | dist=10
2026-04-04 11:42:25 | DEBUG    | [20250605] CALL SPX=5936->5939 | C 5950/5955 x3 | cr=$0.15 settle=$0.00 | P&L=$+39 | eq=$63,840 | dist=10
2026-04-04 11:42:25 | DEBUG    | [20250605] PUT SPX=5936->5939 | P 5925/5920 x3 | cr=$0.15 settle=$0.00 | P&L=$+39 | eq=$63,879 | dist=10
2026-04-04 11:42:25 | DEBUG    | [20250618] PUT SPX=5982->5981 | P 5970/5965 x3 | cr=$0.10 settle=$0.00 | P&L=$+24 | eq=$63,903 | dist=10
2026-04-04 11:42:25 | DEBUG    | [20250623] SKIP: Afternoon return=1.036% >= 1.0%
2026-04-04 11:42:25 | DEBUG    | [20250630] CALL SPX=6214->6205 | C 6225/6230 x3 | cr=$0.10 settle=$0.00 | P&L=$+24 | eq=$63,927 | dist=10
2026-04-04 11:42:26 | DEBUG    | [20250730] CALL SPX=6354->6363 | C 6365/6370 x3 | cr=$0.10 settle=$0.00 | P&L=$+24 | eq=$63,951 | dist=10
2026-04-04 11:42:26 | DEBUG    | [20250731] CALL SPX=6330->6340 | C 6345/6350 x5 | cr=$0.20 settle=$0.00 | P&L=$+90 | eq=$64,041 | dist=10
2026-04-04 11:42:26 | DEBUG    | [20250801] PUT SPX=6241->6238 | P 6230/6225 x5 | cr=$0.20 settle=$0.00 | P&L=$+90 | eq=$64,131 | dist=10
2026-04-04 11:42:26 | DEBUG    | [20250818] PUT SPX=6454->6449 | P 6450/6445 x3 | cr=$0.20 settle=$0.84 | P&L=$-198 | eq=$63,933 | dist=3
2026-04-04 11:42:26 | DEBUG    | [20250826] PUT SPX=6465->6466 | P 6455/6450 x3 | cr=$0.15 settle=$0.00 | P&L=$+39 | eq=$63,972 | dist=10
2026-04-04 11:42:26 | DEBUG    | [20250917] CALL SPX=6603->6600 | C 6615/6620 x3 | cr=$0.10 settle=$0.00 | P&L=$+24 | eq=$63,996 | dist=10
2026-04-04 11:42:26 | DEBUG    | [20251014] PUT SPX=6643->6644 | P 6630/6625 x3 | cr=$0.15 settle=$0.00 | P&L=$+39 | eq=$64,035 | dist=10
2026-04-04 11:42:26 | DEBUG    | [20251015] PUT SPX=6658->6671 | P 6645/6640 x5 | cr=$0.20 settle=$0.00 | P&L=$+90 | eq=$64,125 | dist=10
2026-04-04 11:42:26 | DEBUG    | [20251029] CALL SPX=6887->6891 | C 6900/6905 x3 | cr=$0.10 settle=$0.00 | P&L=$+24 | eq=$64,149 | dist=10
2026-04-04 11:42:26 | DEBUG    | [20251029] PUT SPX=6887->6891 | P 6875/6870 x3 | cr=$0.10 settle=$0.00 | P&L=$+24 | eq=$64,173 | dist=10
2026-04-04 11:42:26 | DEBUG    | [20251030] PUT SPX=6826->6822 | P 6815/6810 x3 | cr=$0.15 settle=$0.00 | P&L=$+39 | eq=$64,212 | dist=10
2026-04-04 11:42:26 | DEBUG    | [20251031] PUT SPX=6851->6840 | P 6840/6835 x3 | cr=$0.15 settle=$0.00 | P&L=$+39 | eq=$64,251 | dist=10
2026-04-04 11:42:26 | DEBUG    | [20251104] PUT SPX=6770->6772 | P 6760/6755 x3 | cr=$0.10 settle=$0.00 | P&L=$+24 | eq=$64,275 | dist=10
2026-04-04 11:42:26 | DEBUG    | [20251106] PUT SPX=6725->6720 | P 6715/6710 x5 | cr=$0.20 settle=$0.00 | P&L=$+90 | eq=$64,365 | dist=10
2026-04-04 11:42:26 | DEBUG    | [20251113] CALL SPX=6727->6738 | C 6740/6745 x5 | cr=$0.20 settle=$0.00 | P&L=$+90 | eq=$64,455 | dist=10
2026-04-04 11:42:26 | DEBUG    | [20251113] PUT SPX=6727->6738 | P 6715/6710 x5 | cr=$0.20 settle=$0.00 | P&L=$+90 | eq=$64,545 | dist=10
2026-04-04 11:42:26 | DEBUG    | [20251120] SKIP: VIX(15:50)=26.5 > 26.0
2026-04-04 11:42:26 | DEBUG    | [20251212] CALL SPX=6824->6827 | C 6835/6840 x3 | cr=$0.15 settle=$0.00 | P&L=$+39 | eq=$64,584 | dist=10
2026-04-04 11:42:26 | DEBUG    | [20251218] CALL SPX=6783->6775 | C 6795/6800 x3 | cr=$0.15 settle=$0.00 | P&L=$+39 | eq=$64,623 | dist=10
2026-04-04 11:42:26 | DEBUG    | [20251219] CALL SPX=6834->6835 | C 6840/6845 x3 | cr=$0.20 settle=$0.00 | P&L=$+54 | eq=$64,677 | dist=3
2026-04-04 11:42:26 | DEBUG    | [20251219] PUT SPX=6834->6835 | P 6830/6825 x5 | cr=$0.50 settle=$0.00 | P&L=$+240 | eq=$64,917 | dist=3
2026-04-04 11:42:26 | DEBUG    | [20260114] PUT SPX=6921->6927 | P 6910/6905 x3 | cr=$0.10 settle=$0.00 | P&L=$+24 | eq=$64,941 | dist=10
2026-04-04 11:42:26 | DEBUG    | [20260121] PUT SPX=6876->6876 | P 6865/6860 x3 | cr=$0.10 settle=$0.00 | P&L=$+24 | eq=$64,965 | dist=10
2026-04-04 11:42:26 | DEBUG    | [20260203] PUT SPX=6915->6918 | P 6905/6900 x3 | cr=$0.10 settle=$0.00 | P&L=$+24 | eq=$64,989 | dist=10
2026-04-04 11:42:26 | DEBUG    | [20260204] CALL SPX=6887->6883 | C 6900/6905 x3 | cr=$0.10 settle=$0.00 | P&L=$+24 | eq=$65,013 | dist=10
2026-04-04 11:42:26 | DEBUG    | [20260204] PUT SPX=6887->6883 | P 6875/6870 x3 | cr=$0.15 settle=$0.00 | P&L=$+39 | eq=$65,052 | dist=10
2026-04-04 11:42:27 | DEBUG    | [20260227] PUT SPX=6871->6879 | P 6860/6855 x3 | cr=$0.10 settle=$0.00 | P&L=$+24 | eq=$65,076 | dist=10
2026-04-04 11:42:27 | DEBUG    | [20260306] SKIP: VIX(15:50)=29.0 > 26.0
2026-04-04 11:42:27 | DEBUG    | [20260309] PUT SPX=6784->6796 | P 6765/6760 x3 | cr=$0.10 settle=$0.00 | P&L=$+24 | eq=$65,100 | dist=15
2026-04-04 11:42:27 | DEBUG    | [20260312] SKIP: VIX(15:50)=26.8 > 26.0
2026-04-04 11:42:27 | DEBUG    | [20260313] SKIP: VIX(15:50)=27.4 > 26.0
2026-04-04 11:42:27 | DEBUG    | [20260320] SKIP: VIX(15:50)=28.2 > 26.0
2026-04-04 11:42:27 | DEBUG    | [20260324] SKIP: VIX(15:50)=26.8 > 26.0
2026-04-04 11:42:27 | INFO     | ============================================================
2026-04-04 11:42:27 | INFO     | SKIP REASONS:
2026-04-04 11:42:27 | INFO     |   afternoon_filter    : 17
2026-04-04 11:42:27 | INFO     |   early_close         : 6
2026-04-04 11:42:27 | INFO     |   no_quotes           : 720
2026-04-04 11:42:27 | INFO     |   put_momentum        : 25
2026-04-04 11:42:27 | INFO     |   vix_intraday        : 137
2026-04-04 11:42:27 | INFO     |   TOTAL TRADES        : 242
2026-04-04 11:42:27 | INFO     | ============================================================
2026-04-04 11:42:27 | INFO     | Trade log snapshot -> /Users/jeerapongwongchote/Documents/thetadata/lastfive/tradelogs_lastfive.csv
2026-04-04 11:42:27 | INFO     | ============================================================
2026-04-04 11:42:27 | INFO     |   LASTFIVE PERFORMANCE REPORT  (Run #34)
2026-04-04 11:42:27 | INFO     | ============================================================
2026-04-04 11:42:27 | INFO     |   Period          : 2022-01-03 -> 2026-03-25
2026-04-04 11:42:27 | INFO     |   Days traded     : 180
2026-04-04 11:42:27 | INFO     |   Total trades    : 242  (wins: 230  losses: 12)
2026-04-04 11:42:27 | INFO     |   Avg trades/day  : 1.3
2026-04-04 11:42:27 | INFO     | ------------------------------------------------------------
2026-04-04 11:42:27 | INFO     |   Total P&L       : $   15,100.00  (net of commission)
2026-04-04 11:42:27 | INFO     |   Gross premium   : $   21,560.00
2026-04-04 11:42:27 | INFO     |   Prem capture    :        70.0%
2026-04-04 11:42:27 | INFO     |   CAGR            :         6.5%  (acct=$50,000)
2026-04-04 11:42:27 | INFO     |   Avg win/trade   : $       80.87
2026-04-04 11:42:27 | INFO     |   Avg loss/trade  : $     -291.58
2026-04-04 11:42:27 | INFO     |   Expectancy      : $       62.40
2026-04-04 11:42:27 | INFO     |   Profit factor   :         5.32x
2026-04-04 11:42:27 | INFO     | ------------------------------------------------------------
2026-04-04 11:42:27 | INFO     |   Max drawdown    : $     -585.00  (-3.9%)
2026-04-04 11:42:27 | INFO     |   Calmar ratio    :         5.59
2026-04-04 11:42:27 | INFO     |   Recovery factor :        25.81
2026-04-04 11:42:27 | INFO     |   Time underwater :        20.0%  (36 of 180 days)
2026-04-04 11:42:27 | INFO     |   Max consec loss : 1
2026-04-04 11:42:27 | INFO     | ------------------------------------------------------------
2026-04-04 11:42:27 | INFO     |   VIX adaptive    : ON (ATM<18.0, d3<22.0, d5<26.0)
2026-04-04 11:42:27 | INFO     |   Tiered sizing   : ON ($1500/$2500/$3500)
2026-04-04 11:42:27 | INFO     |   Width / MinCr   : $5 / $0.10
2026-04-04 11:42:27 | INFO     |   Afternoon filter: < 1.0%
2026-04-04 11:42:27 | INFO     |   Put filter      : aftn<-0.75% + mom30<-0.1%
2026-04-04 11:42:27 | INFO     |   Commission      : $0.5/leg
2026-04-04 11:42:27 | INFO     | ------------------------------------------------------------
2026-04-04 11:42:27 | INFO     |   Win rate        :        95.0%
2026-04-04 11:42:27 | INFO     |   Sharpe ratio    :         7.47  (rf=5.0%)
2026-04-04 11:42:27 | INFO     |   Sortino ratio   :        10.31
2026-04-04 11:42:27 | INFO     |   Ann. volatility : $    2,495.63
2026-04-04 11:42:27 | INFO     | ------------------------------------------------------------
2026-04-04 11:42:27 | INFO     |   Best day        : $      875.00
2026-04-04 11:42:27 | INFO     |   Worst day       : $     -436.00
2026-04-04 11:42:27 | INFO     |   Best trade      : $      584.00
2026-04-04 11:42:27 | INFO     |   Worst trade     : $     -585.00
2026-04-04 11:42:27 | INFO     | ------------------------------------------------------------
2026-04-04 11:42:27 | INFO     |   Commission total: $    1,846.00
2026-04-04 11:42:27 | INFO     |   Avg BP/trade    : $    1,817.93
2026-04-04 11:42:27 | INFO     |   Avg BP/day      : $    2,444.11
2026-04-04 11:42:27 | INFO     |   Max BP day      : $    6,595.00
2026-04-04 11:42:27 | INFO     | ============================================================
2026-04-04 11:42:27 | INFO     | Results written to /Users/jeerapongwongchote/Documents/thetadata/lastfive/RESULTS.md (latest 3 runs, newest first)
2026-04-04 11:42:27 | INFO     | --------------------------------------------------------------------------------
2026-04-04 11:42:27 | INFO     |   VIX CORRELATION ANALYSIS
2026-04-04 11:42:27 | INFO     | --------------------------------------------------------------------------------
2026-04-04 11:42:27 | INFO     |   VIX Range  |  Trades |  Win Rate |    Avg P&L |    Total P&L |     Max DD
2026-04-04 11:42:27 | INFO     | --------------------------------------------------------------------------------
2026-04-04 11:42:27 | INFO     |   < 15       |      60 |     91.7% | $    64.05 | $   3,843.00 | $  -363.00
2026-04-04 11:42:27 | INFO     |   15-18      |      54 |     96.3% | $    48.85 | $   2,638.00 | $  -460.00
2026-04-04 11:42:27 | INFO     |   18-20      |      50 |     94.0% | $    31.12 | $   1,556.00 | $  -585.00
2026-04-04 11:42:27 | INFO     |   20-22      |      29 |    100.0% | $    78.28 | $   2,270.00 | $     0.00
2026-04-04 11:42:27 | INFO     |   22-26      |      48 |     95.8% | $    95.38 | $   4,578.00 | $  -360.00
2026-04-04 11:42:27 | INFO     |   26-30      |       1 |    100.0% | $   215.00 | $     215.00 | $     0.00
2026-04-04 11:42:27 | INFO     |   30+        |       0 |      0.0% | $     0.00 | $       0.00 | $     0.00
2026-04-04 11:42:27 | INFO     | --------------------------------------------------------------------------------
2026-04-04 11:42:27 | INFO     | -----------------------------------------------------------------------------------------------
2026-04-04 11:42:27 | INFO     |   PUT vs CALL SPLIT
2026-04-04 11:42:27 | INFO     | -----------------------------------------------------------------------------------------------
2026-04-04 11:42:27 | INFO     |   Side   |  Trades |      WR |    Avg P&L |    Total P&L |   Avg Win |  Avg Loss |     PF |     Max DD
2026-04-04 11:42:27 | INFO     | -----------------------------------------------------------------------------------------------
2026-04-04 11:42:27 | INFO     |   CALL   |     113 |   92.9% | $    55.74 | $   6,299.00 | $   80.16 | $ -264.75 |  3.97 | $  -585.00
2026-04-04 11:42:27 | INFO     |   PUT    |     129 |   96.9% | $    68.22 | $   8,801.00 | $   81.46 | $ -345.25 |  7.37 | $  -460.00
2026-04-04 11:42:27 | INFO     | -----------------------------------------------------------------------------------------------
2026-04-04 11:42:27 | INFO     | --------------------------------------------------------------------------------------------------------------------------------------------
2026-04-04 11:42:27 | INFO     |   YEARLY + MONTHLY BREAKDOWN
2026-04-04 11:42:27 | INFO     | --------------------------------------------------------------------------------------------------------------------------------------------
2026-04-04 11:42:27 | INFO     |   Period         |        P&L | Trades |     WR |  Avg RoR |   Avg P&L |  Avg Risk |   Best Day |  Worst Day |   Drawdown
2026-04-04 11:42:27 | INFO     | --------------------------------------------------------------------------------------------------------------------------------------------
2026-04-04 11:42:27 | INFO     |   2022           | $    1,040 |     26 |  96.2% |     2.4% | $      40 | $   1,671 | $      179 | $     -282 | $     -306
2026-04-04 11:42:27 | INFO     |     January      | $      351 |      6 | 100.0% |     3.3% | $      58 | $   1,768 | $      140 | $       24 | $        0
2026-04-04 11:42:27 | INFO     |     February     | $      171 |      4 | 100.0% |     2.9% | $      43 | $   1,451 | $       63 | $       54 | $        0
2026-04-04 11:42:27 | INFO     |     March        | $       76 |      6 |  83.3% |     0.7% | $      13 | $   1,758 | $      179 | $     -282 | $     -306
2026-04-04 11:42:27 | INFO     |     April        | $      255 |      6 | 100.0% |     2.6% | $      42 | $   1,618 | $      129 | $       24 | $        0
2026-04-04 11:42:27 | INFO     |     June         | $       24 |      1 | 100.0% |     1.6% | $      24 | $   1,470 | $       24 | $       24 | $        0
2026-04-04 11:42:27 | INFO     |     November     | $      139 |      2 | 100.0% |     3.6% | $      70 | $   1,922 | $      115 | $       24 | $        0
2026-04-04 11:42:27 | INFO     |     December     | $       24 |      1 | 100.0% |     1.6% | $      24 | $   1,470 | $       24 | $       24 | $        0
2026-04-04 11:42:27 | INFO     | --------------------------------------------------------------------------------------------------------------------------------------------
2026-04-04 11:42:27 | INFO     |   2023           | $    1,218 |     25 | 100.0% |     3.1% | $      49 | $   1,565 | $      219 | $       24 | $        0
2026-04-04 11:42:27 | INFO     |     March        | $      202 |      4 | 100.0% |     3.0% | $      50 | $   1,692 | $      115 | $       24 | $        0
2026-04-04 11:42:27 | INFO     |     April        | $       93 |      2 | 100.0% |     3.2% | $      46 | $   1,448 | $       54 | $       39 | $        0
2026-04-04 11:42:27 | INFO     |     June         | $      234 |      6 | 100.0% |     2.7% | $      39 | $   1,455 | $       54 | $       24 | $        0
2026-04-04 11:42:27 | INFO     |     July         | $       24 |      1 | 100.0% |     1.6% | $      24 | $   1,470 | $       24 | $       24 | $        0
2026-04-04 11:42:27 | INFO     |     August       | $       78 |      2 | 100.0% |     2.7% | $      39 | $   1,455 | $       78 | $       78 | $        0
2026-04-04 11:42:27 | INFO     |     September    | $       63 |      2 | 100.0% |     2.2% | $      32 | $   1,462 | $       39 | $       24 | $        0
2026-04-04 11:42:27 | INFO     |     November     | $       39 |      1 | 100.0% |     2.7% | $      39 | $   1,455 | $       39 | $       39 | $        0
2026-04-04 11:42:27 | INFO     |     December     | $      485 |      7 | 100.0% |     4.1% | $      69 | $   1,709 | $      219 | $       24 | $        0
2026-04-04 11:42:27 | INFO     | --------------------------------------------------------------------------------------------------------------------------------------------
2026-04-04 11:42:27 | INFO     |   2024           | $    6,936 |     97 |  93.8% |     3.8% | $      72 | $   1,887 | $      734 | $     -436 | $     -460
2026-04-04 11:42:27 | INFO     |     January      | $      117 |      3 | 100.0% |     2.7% | $      39 | $   1,455 | $       54 | $       24 | $        0
2026-04-04 11:42:27 | INFO     |     February     | $      147 |      3 | 100.0% |     3.4% | $      49 | $   1,445 | $       54 | $       39 | $        0
2026-04-04 11:42:27 | INFO     |     March        | $      149 |      7 |  85.7% |     1.2% | $      21 | $   1,844 | $      280 | $     -363 | $     -363
2026-04-04 11:42:27 | INFO     |     April        | $      141 |      4 | 100.0% |     2.4% | $      35 | $   1,459 | $       39 | $       24 | $        0
2026-04-04 11:42:27 | INFO     |     May          | $      617 |     11 |  90.9% |     3.3% | $      56 | $   1,695 | $      269 | $      -12 | $      -51
2026-04-04 11:42:27 | INFO     |     June         | $    1,847 |     16 |  87.5% |     5.4% | $     115 | $   2,144 | $      734 | $     -285 | $     -291
2026-04-04 11:42:27 | INFO     |     July         | $    1,195 |     13 | 100.0% |     5.0% | $      92 | $   1,823 | $      619 | $       24 | $        0
2026-04-04 11:42:27 | INFO     |     August       | $      506 |     11 |  90.9% |     2.3% | $      46 | $   2,039 | $      280 | $     -220 | $     -310
2026-04-04 11:42:27 | INFO     |     September    | $    1,013 |     13 | 100.0% |     4.2% | $      78 | $   1,876 | $      204 | $       24 | $        0
2026-04-04 11:42:27 | INFO     |     October      | $      102 |      3 | 100.0% |     2.3% | $      34 | $   1,455 | $       63 | $       39 | $        0
2026-04-04 11:42:27 | INFO     |     November     | $      304 |      3 | 100.0% |     4.9% | $     101 | $   2,057 | $      189 | $      115 | $        0
2026-04-04 11:42:27 | INFO     |     December     | $      798 |     10 |  90.0% |     3.7% | $      80 | $   2,156 | $      380 | $     -436 | $     -460
2026-04-04 11:42:27 | INFO     | --------------------------------------------------------------------------------------------------------------------------------------------
2026-04-04 11:42:27 | INFO     |   2025           | $    5,723 |     87 |  94.3% |     3.5% | $      66 | $   1,886 | $      875 | $     -360 | $     -585
2026-04-04 11:42:27 | INFO     |     January      | $      348 |      9 |  88.9% |     2.3% | $      39 | $   1,652 | $      330 | $     -186 | $     -186
2026-04-04 11:42:27 | INFO     |     February     | $      456 |      7 | 100.0% |     3.5% | $      65 | $   1,856 | $      140 | $       39 | $        0
2026-04-04 11:42:27 | INFO     |     March        | $    2,555 |     24 |  95.8% |     5.2% | $     106 | $   2,057 | $      694 | $       39 | $     -260
2026-04-04 11:42:27 | INFO     |     April        | $    1,052 |      6 | 100.0% |     7.9% | $     175 | $   2,232 | $      875 | $       24 | $        0
2026-04-04 11:42:27 | INFO     |     May          | $      196 |     17 |  88.2% |     0.6% | $      12 | $   1,884 | $      165 | $     -360 | $     -585
2026-04-04 11:42:27 | INFO     |     June         | $      126 |      4 | 100.0% |     2.2% | $      32 | $   1,462 | $       78 | $       24 | $        0
2026-04-04 11:42:27 | INFO     |     July         | $      114 |      2 | 100.0% |     2.9% | $      57 | $   1,935 | $       90 | $       24 | $        0
2026-04-04 11:42:27 | INFO     |     August       | $      -69 |      3 |  66.7% |    -1.3% | $     -23 | $   1,765 | $       90 | $     -198 | $     -198
2026-04-04 11:42:27 | INFO     |     September    | $       24 |      1 | 100.0% |     1.6% | $      24 | $   1,470 | $       24 | $       24 | $        0
2026-04-04 11:42:27 | INFO     |     October      | $      255 |      6 | 100.0% |     2.6% | $      42 | $   1,618 | $       90 | $       39 | $        0
2026-04-04 11:42:27 | INFO     |     November     | $      294 |      4 | 100.0% |     3.4% | $      74 | $   2,168 | $      180 | $       24 | $        0
2026-04-04 11:42:27 | INFO     |     December     | $      372 |      4 | 100.0% |     5.6% | $      93 | $   1,650 | $      294 | $       39 | $        0
2026-04-04 11:42:27 | INFO     | --------------------------------------------------------------------------------------------------------------------------------------------
2026-04-04 11:42:27 | INFO     |   2026           | $      183 |      7 | 100.0% |     1.8% | $      26 | $   1,468 | $       63 | $       24 | $        0
2026-04-04 11:42:27 | INFO     |     January      | $       48 |      2 | 100.0% |     1.6% | $      24 | $   1,470 | $       24 | $       24 | $        0
2026-04-04 11:42:27 | INFO     |     February     | $      111 |      4 | 100.0% |     1.9% | $      28 | $   1,466 | $       63 | $       24 | $        0
2026-04-04 11:42:27 | INFO     |     March        | $       24 |      1 | 100.0% |     1.6% | $      24 | $   1,470 | $       24 | $       24 | $        0
2026-04-04 11:42:27 | INFO     | --------------------------------------------------------------------------------------------------------------------------------------------
2026-04-04 11:42:27 | INFO     |   TOTAL          | $   15,100 |    242 |  95.0% |     3.4% | $      62 | $   1,818 | $      875 | $     -436 | $     -585
2026-04-04 11:42:27 | INFO     | --------------------------------------------------------------------------------------------------------------------------------------------
2026-04-04 11:42:27 | INFO     |   (SPY monthly data not available — skipping strategy vs SPY)
2026-04-04 11:42:27 | INFO     | ------------------------------------------------------------------------------------------
2026-04-04 11:42:27 | INFO     |   WORST 30 DAYS
2026-04-04 11:42:27 | INFO     | ------------------------------------------------------------------------------------------
2026-04-04 11:42:27 | INFO     |   Date         |    Day P&L |    VIX |   Call P&L |    Put P&L | Trades
2026-04-04 11:42:27 | INFO     | ------------------------------------------------------------------------------------------
2026-04-04 11:42:27 | INFO     |   2024-12-30   | $  -436.00 |    N/A | $    24.00 | $  -460.00 |      2
2026-04-04 11:42:27 | INFO     |   2024-03-26   | $  -363.00 |    N/A | $     0.00 | $  -363.00 |      1
2026-04-04 11:42:27 | INFO     |   2025-05-01   | $  -360.00 |    N/A | $     0.00 | $  -360.00 |      1
2026-04-04 11:42:27 | INFO     |   2024-06-14   | $  -285.00 |    N/A | $  -285.00 | $     0.00 |      1
2026-04-04 11:42:27 | INFO     |   2022-03-30   | $  -282.00 |    N/A | $  -306.00 | $    24.00 |      2
2026-04-04 11:42:27 | INFO     |   2024-08-01   | $  -220.00 |    N/A | $  -310.00 | $    90.00 |      2
2026-04-04 11:42:27 | INFO     |   2025-08-18   | $  -198.00 |    N/A | $     0.00 | $  -198.00 |      1
2026-04-04 11:42:27 | INFO     |   2025-01-27   | $  -186.00 |    N/A | $  -186.00 | $     0.00 |      1
2026-04-04 11:42:27 | INFO     |   2025-05-30   | $  -179.00 |    N/A | $  -585.00 | $   406.00 |      2
2026-04-04 11:42:27 | INFO     |   2024-06-27   | $   -81.00 |    N/A | $  -135.00 | $    54.00 |      2
2026-04-04 11:42:27 | INFO     |   2024-05-22   | $   -12.00 |    N/A | $   -51.00 | $    39.00 |      2
2026-04-04 11:42:27 | INFO     |   2022-01-07   | $    24.00 |    N/A | $     0.00 | $    24.00 |      1
2026-04-04 11:42:27 | INFO     |   2022-04-01   | $    24.00 |    N/A | $     0.00 | $    24.00 |      1
2026-04-04 11:42:27 | INFO     |   2022-04-11   | $    24.00 |    N/A | $    24.00 | $     0.00 |      1
2026-04-04 11:42:27 | INFO     |   2022-04-20   | $    24.00 |    N/A | $     0.00 | $    24.00 |      1
2026-04-04 11:42:27 | INFO     |   2022-06-08   | $    24.00 |    N/A | $     0.00 | $    24.00 |      1
2026-04-04 11:42:27 | INFO     |   2022-11-02   | $    24.00 |    N/A | $    24.00 | $     0.00 |      1
2026-04-04 11:42:27 | INFO     |   2022-12-14   | $    24.00 |    N/A | $    24.00 | $     0.00 |      1
2026-04-04 11:42:27 | INFO     |   2023-03-16   | $    24.00 |    N/A | $    24.00 | $     0.00 |      1
2026-04-04 11:42:27 | INFO     |   2023-03-17   | $    24.00 |    N/A | $     0.00 | $    24.00 |      1
2026-04-04 11:42:27 | INFO     |   2023-06-15   | $    24.00 |    N/A | $    24.00 | $     0.00 |      1
2026-04-04 11:42:27 | INFO     |   2023-06-28   | $    24.00 |    N/A | $     0.00 | $    24.00 |      1
2026-04-04 11:42:27 | INFO     |   2023-07-10   | $    24.00 |    N/A | $     0.00 | $    24.00 |      1
2026-04-04 11:42:27 | INFO     |   2023-09-29   | $    24.00 |    N/A | $    24.00 | $     0.00 |      1
2026-04-04 11:42:27 | INFO     |   2023-12-20   | $    24.00 |    N/A | $    24.00 | $     0.00 |      1
2026-04-04 11:42:27 | INFO     |   2023-12-21   | $    24.00 |    N/A | $     0.00 | $    24.00 |      1
2026-04-04 11:42:27 | INFO     |   2023-12-28   | $    24.00 |    N/A | $    24.00 | $     0.00 |      1
2026-04-04 11:42:27 | INFO     |   2024-01-10   | $    24.00 |    N/A | $    24.00 | $     0.00 |      1
2026-04-04 11:42:27 | INFO     |   2024-03-08   | $    24.00 |    N/A | $     0.00 | $    24.00 |      1
2026-04-04 11:42:27 | INFO     |   2024-04-18   | $    24.00 |    N/A | $    24.00 | $     0.00 |      1
2026-04-04 11:42:27 | INFO     | ------------------------------------------------------------------------------------------
2026-04-04 11:42:27 | INFO     | ----------------------------------------------------------------------
2026-04-04 11:42:27 | INFO     |   SEASONALITY — DAY OF WEEK
2026-04-04 11:42:27 | INFO     | ----------------------------------------------------------------------
2026-04-04 11:42:27 | INFO     |   Day   |  Trades |      WR |    Total P&L |    Avg P&L |     Max DD
2026-04-04 11:42:27 | INFO     | ----------------------------------------------------------------------
2026-04-04 11:42:27 | INFO     |   Mon   |      25 |   84.0% | $     307.00 | $    12.28 | $  -720.00
2026-04-04 11:42:27 | INFO     |   Tue   |      29 |   96.6% | $   2,033.00 | $    70.10 | $  -363.00
2026-04-04 11:42:27 | INFO     |   Wed   |      66 |   97.0% | $   5,405.00 | $    81.89 | $  -306.00
2026-04-04 11:42:27 | INFO     |   Thu   |      56 |   94.6% | $   3,145.00 | $    56.16 | $  -360.00
2026-04-04 11:42:27 | INFO     |   Fri   |      66 |   97.0% | $   4,210.00 | $    63.79 | $  -585.00
2026-04-04 11:42:27 | INFO     | ----------------------------------------------------------------------
2026-04-04 11:42:27 | INFO     | ----------------------------------------------------------------------
2026-04-04 11:42:27 | INFO     |   SEASONALITY — MONTH
2026-04-04 11:42:27 | INFO     | ----------------------------------------------------------------------
2026-04-04 11:42:27 | INFO     |   Month |  Trades |      WR |    Total P&L |    Avg P&L |     Max DD
2026-04-04 11:42:27 | INFO     | ----------------------------------------------------------------------
2026-04-04 11:42:27 | INFO     |   Jan   |      20 |   95.0% | $     864.00 | $    43.20 | $  -186.00
2026-04-04 11:42:27 | INFO     |   Feb   |      18 |  100.0% | $     885.00 | $    49.17 | $     0.00
2026-04-04 11:42:27 | INFO     |   Mar   |      42 |   92.9% | $   3,006.00 | $    71.57 | $  -363.00
2026-04-04 11:42:27 | INFO     |   Apr   |      18 |  100.0% | $   1,541.00 | $    85.61 | $     0.00
2026-04-04 11:42:27 | INFO     |   May   |      28 |   89.3% | $     813.00 | $    29.04 | $  -585.00
2026-04-04 11:42:27 | INFO     |   Jun   |      27 |   92.6% | $   2,231.00 | $    82.63 | $  -291.00
2026-04-04 11:42:27 | INFO     |   Jul   |      16 |  100.0% | $   1,333.00 | $    83.31 | $     0.00
2026-04-04 11:42:27 | INFO     |   Aug   |      16 |   87.5% | $     515.00 | $    32.19 | $  -310.00
2026-04-04 11:42:27 | INFO     |   Sep   |      16 |  100.0% | $   1,100.00 | $    68.75 | $     0.00
2026-04-04 11:42:27 | INFO     |   Oct   |       9 |  100.0% | $     357.00 | $    39.67 | $     0.00
2026-04-04 11:42:27 | INFO     |   Nov   |      10 |  100.0% | $     776.00 | $    77.60 | $     0.00
2026-04-04 11:42:27 | INFO     |   Dec   |      22 |   95.5% | $   1,679.00 | $    76.32 | $  -460.00
2026-04-04 11:42:27 | INFO     | ----------------------------------------------------------------------
2026-04-04 11:42:27 | INFO     | --------------------------------------------------------------------------------
2026-04-04 11:42:27 | INFO     |   CALENDAR / ECON EVENT ANALYSIS
2026-04-04 11:42:27 | INFO     | --------------------------------------------------------------------------------
2026-04-04 11:42:27 | INFO     |   Event              |  Trades |      WR |    Total P&L |    Avg P&L |     Max DD
2026-04-04 11:42:27 | INFO     | --------------------------------------------------------------------------------
2026-04-04 11:42:27 | INFO     |   FOMC               |      25 |  100.0% | $   2,775.00 | $   111.00 | $     0.00
2026-04-04 11:42:27 | INFO     |   Triple Witching    |       9 |  100.0% | $     865.00 | $    96.11 | $     0.00
2026-04-04 11:42:27 | INFO     |   End of Month       |      58 |   98.3% | $   5,728.00 | $    98.76 | $  -585.00
2026-04-04 11:42:27 | INFO     |   Monday             |      25 |   84.0% | $     307.00 | $    12.28 | $  -720.00
2026-04-04 11:42:27 | INFO     |   Friday             |      66 |   97.0% | $   4,210.00 | $    63.79 | $  -585.00
2026-04-04 11:42:27 | INFO     |   Normal days        |     102 |   94.1% | $   5,159.00 | $    50.58 | $  -363.00
2026-04-04 11:42:27 | INFO     | --------------------------------------------------------------------------------
