2026-04-04 15:45:33 | INFO     | Log file  : /Users/jeerapongwongchote/Documents/thetadata/lastfive/logs/lastfive_20260404_154533.log
2026-04-04 15:45:33 | INFO     | ============================================================
2026-04-04 15:45:33 | INFO     |   RECENT RUN HISTORY
2026-04-04 15:45:33 | INFO     | ------------------------------------------------------------
2026-04-04 15:45:33 | INFO     |   #74 2026-04-04T15:08 | P&L=$   201,154 | WR=75.3% | 1043 trades
2026-04-04 15:45:33 | INFO     |   #75 2026-04-04T15:08 | P&L=$   131,279 | WR=72.0% | 471 trades
2026-04-04 15:45:33 | INFO     |   #76 2026-04-04T15:18 | P&L=$   369,763 | WR=72.7% | 1675 trades
2026-04-04 15:45:33 | INFO     |   #77 2026-04-04T15:45 | P&L=$   319,474 | WR=74.3% | 1439 trades
2026-04-04 15:45:33 | INFO     |   #78 2026-04-04T15:45 | P&L=$   208,040 | WR=74.2% | 989 trades
2026-04-04 15:45:33 | INFO     | ============================================================
2026-04-04 15:45:33 | INFO     | ============================================================
2026-04-04 15:45:33 | INFO     | LASTFIVE BACKTEST — Short Call Spread 5 Min Before Close
2026-04-04 15:45:33 | INFO     | Period       : 2022-01-03 -> 2026-03-25
2026-04-04 15:45:33 | INFO     | Sides        : CALL+PUT
2026-04-04 15:45:33 | INFO     | VIX adaptive : ON (ATM<18.0, d3<22.0, d5<26.0)
2026-04-04 15:45:33 | INFO     | Spread width : $5.0
2026-04-04 15:45:33 | INFO     | Tiered sizing: ON ($1500.0/$2500.0/$3500.0)
2026-04-04 15:45:33 | INFO     | Min credit   : $0.1
2026-04-04 15:45:33 | INFO     | Put filter   : aftn<-0.75% + mom30<-0.1% (ON)
2026-04-04 15:45:33 | INFO     | Stop-loss    : buy back if SPX moves $2.0+ at 15:56,15:57 (OFF)
2026-04-04 15:45:33 | INFO     | Afternoon    : < 1.0% (ON)
2026-04-04 15:45:33 | INFO     | VIX(15:50)   : <= 26.0 (ON)
2026-04-04 15:45:33 | INFO     | ============================================================
2026-04-04 15:45:33 | INFO     | Building daily indicators...
2026-04-04 15:45:44 | INFO     |   -> 1066 daily bars loaded
2026-04-04 15:45:44 | INFO     | Trading dates: 1060 (from 20220103 to 20260325)
2026-04-04 15:45:44 | DEBUG    | [20220110] SKIP: Afternoon return=1.097% >= 1.0%
2026-04-04 15:45:44 | DEBUG    | [20220121] SKIP: VIX(15:50)=29.8 > 26.0
2026-04-04 15:45:44 | DEBUG    | [20220124] SKIP: VIX(15:50)=30.2 > 26.0
2026-04-04 15:45:44 | DEBUG    | [20220125] SKIP: VIX(15:50)=31.0 > 26.0
2026-04-04 15:45:44 | DEBUG    | [20220126] SKIP: VIX(15:50)=31.8 > 26.0
2026-04-04 15:45:44 | DEBUG    | [20220127] SKIP: VIX(15:50)=31.0 > 26.0
2026-04-04 15:45:44 | DEBUG    | [20220128] SKIP: VIX(15:50)=27.4 > 26.0
2026-04-04 15:45:45 | DEBUG    | [20220211] SKIP: VIX(15:50)=27.9 > 26.0
2026-04-04 15:45:45 | DEBUG    | [20220214] SKIP: VIX(15:50)=29.2 > 26.0
2026-04-04 15:45:45 | DEBUG    | [20220217] SKIP: VIX(15:50)=28.0 > 26.0
2026-04-04 15:45:45 | DEBUG    | [20220218] SKIP: VIX(15:50)=28.0 > 26.0
2026-04-04 15:45:45 | DEBUG    | [20220222] SKIP: VIX(15:50)=29.9 > 26.0
2026-04-04 15:45:45 | DEBUG    | [20220223] SKIP: VIX(15:50)=30.9 > 26.0
2026-04-04 15:45:45 | DEBUG    | [20220224] SKIP: VIX(15:50)=29.8 > 26.0
2026-04-04 15:45:45 | DEBUG    | [20220225] SKIP: VIX(15:50)=27.6 > 26.0
2026-04-04 15:45:45 | DEBUG    | [20220228] SKIP: VIX(15:50)=29.9 > 26.0
2026-04-04 15:45:45 | DEBUG    | [20220301] SKIP: VIX(15:50)=35.2 > 26.0
2026-04-04 15:45:45 | DEBUG    | [20220302] SKIP: VIX(15:50)=30.3 > 26.0
2026-04-04 15:45:45 | DEBUG    | [20220303] SKIP: VIX(15:50)=31.2 > 26.0
2026-04-04 15:45:45 | DEBUG    | [20220304] SKIP: VIX(15:50)=32.3 > 26.0
2026-04-04 15:45:45 | DEBUG    | [20220307] SKIP: VIX(15:50)=35.8 > 26.0
2026-04-04 15:45:45 | DEBUG    | [20220308] SKIP: VIX(15:50)=35.0 > 26.0
2026-04-04 15:45:45 | DEBUG    | [20220309] SKIP: VIX(15:50)=32.1 > 26.0
2026-04-04 15:45:45 | DEBUG    | [20220310] SKIP: VIX(15:50)=30.8 > 26.0
2026-04-04 15:45:45 | DEBUG    | [20220311] SKIP: VIX(15:50)=30.9 > 26.0
2026-04-04 15:45:45 | DEBUG    | [20220314] SKIP: VIX(15:50)=32.5 > 26.0
2026-04-04 15:45:45 | DEBUG    | [20220315] SKIP: VIX(15:50)=29.7 > 26.0
2026-04-04 15:45:45 | DEBUG    | [20220316] SKIP: VIX(15:50)=26.5 > 26.0
2026-04-04 15:45:45 | DEBUG    | [20220407] SKIP: Afternoon return=1.109% >= 1.0%
2026-04-04 15:45:45 | DEBUG    | [20220422] SKIP: VIX(15:50)=27.7 > 26.0
2026-04-04 15:45:45 | DEBUG    | [20220425] SKIP: VIX(15:50)=27.6 > 26.0
2026-04-04 15:45:45 | DEBUG    | [20220426] SKIP: VIX(15:50)=32.1 > 26.0
2026-04-04 15:45:45 | DEBUG    | [20220427] SKIP: VIX(15:50)=32.3 > 26.0
2026-04-04 15:45:45 | DEBUG    | [20220428] SKIP: VIX(15:50)=29.4 > 26.0
2026-04-04 15:45:45 | DEBUG    | [20220429] SKIP: VIX(15:50)=33.9 > 26.0
2026-04-04 15:45:45 | DEBUG    | [20220502] SKIP: VIX(15:50)=32.7 > 26.0
2026-04-04 15:45:45 | DEBUG    | [20220503] SKIP: VIX(15:50)=30.1 > 26.0
2026-04-04 15:45:45 | DEBUG    | [20220504] SKIP: Afternoon return=2.562% >= 1.0%
2026-04-04 15:45:45 | DEBUG    | [20220505] SKIP: VIX(15:50)=33.1 > 26.0
2026-04-04 15:45:45 | DEBUG    | [20220506] SKIP: VIX(15:50)=29.9 > 26.0
2026-04-04 15:45:45 | DEBUG    | [20220509] SKIP: VIX(15:50)=35.3 > 26.0
2026-04-04 15:45:45 | DEBUG    | [20220510] SKIP: VIX(15:50)=33.3 > 26.0
2026-04-04 15:45:45 | DEBUG    | [20220511] SKIP: VIX(15:50)=32.8 > 26.0
2026-04-04 15:45:45 | DEBUG    | [20220512] SKIP: VIX(15:50)=32.3 > 26.0
2026-04-04 15:45:45 | DEBUG    | [20220513] SKIP: VIX(15:50)=29.1 > 26.0
2026-04-04 15:45:45 | DEBUG    | [20220516] SKIP: VIX(15:50)=27.7 > 26.0
2026-04-04 15:45:45 | DEBUG    | [20220517] SKIP: VIX(15:50)=26.1 > 26.0
2026-04-04 15:45:45 | DEBUG    | [20220518] SKIP: VIX(15:50)=31.1 > 26.0
2026-04-04 15:45:45 | DEBUG    | [20220519] SKIP: VIX(15:50)=29.3 > 26.0
2026-04-04 15:45:45 | DEBUG    | [20220520] SKIP: VIX(15:50)=29.4 > 26.0
2026-04-04 15:45:45 | DEBUG    | [20220523] SKIP: VIX(15:50)=28.6 > 26.0
2026-04-04 15:45:45 | DEBUG    | [20220524] SKIP: VIX(15:50)=29.6 > 26.0
2026-04-04 15:45:45 | DEBUG    | [20220525] SKIP: VIX(15:50)=28.7 > 26.0
2026-04-04 15:45:45 | DEBUG    | [20220526] SKIP: VIX(15:50)=27.2 > 26.0
2026-04-04 15:45:45 | DEBUG    | [20220531] SKIP: VIX(15:50)=26.0 > 26.0
2026-04-04 15:45:45 | DEBUG    | [20220609] SKIP: VIX(15:50)=26.1 > 26.0
2026-04-04 15:45:45 | DEBUG    | [20220610] SKIP: VIX(15:50)=27.9 > 26.0
2026-04-04 15:45:45 | DEBUG    | [20220613] SKIP: VIX(15:50)=34.9 > 26.0
2026-04-04 15:45:45 | DEBUG    | [20220614] SKIP: VIX(15:50)=32.3 > 26.0
2026-04-04 15:45:45 | DEBUG    | [20220615] SKIP: VIX(15:50)=29.4 > 26.0
2026-04-04 15:45:45 | DEBUG    | [20220616] SKIP: VIX(15:50)=34.8 > 26.0
2026-04-04 15:45:45 | DEBUG    | [20220617] SKIP: VIX(15:50)=31.1 > 26.0
2026-04-04 15:45:45 | DEBUG    | [20220621] SKIP: VIX(15:50)=30.0 > 26.0
2026-04-04 15:45:45 | DEBUG    | [20220622] SKIP: VIX(15:50)=29.2 > 26.0
2026-04-04 15:45:45 | DEBUG    | [20220623] SKIP: VIX(15:50)=29.0 > 26.0
2026-04-04 15:45:45 | DEBUG    | [20220624] SKIP: VIX(15:50)=27.3 > 26.0
2026-04-04 15:45:45 | DEBUG    | [20220627] SKIP: VIX(15:50)=27.4 > 26.0
2026-04-04 15:45:45 | DEBUG    | [20220628] SKIP: VIX(15:50)=28.4 > 26.0
2026-04-04 15:45:45 | DEBUG    | [20220629] SKIP: VIX(15:50)=28.3 > 26.0
2026-04-04 15:45:45 | DEBUG    | [20220630] SKIP: VIX(15:50)=28.6 > 26.0
2026-04-04 15:45:45 | DEBUG    | [20220701] SKIP: VIX(15:50)=26.8 > 26.0
2026-04-04 15:45:45 | DEBUG    | [20220705] SKIP: VIX(15:50)=27.6 > 26.0
2026-04-04 15:45:45 | DEBUG    | [20220706] SKIP: VIX(15:50)=26.8 > 26.0
2026-04-04 15:45:45 | DEBUG    | [20220711] SKIP: VIX(15:50)=26.6 > 26.0
2026-04-04 15:45:45 | DEBUG    | [20220712] SKIP: VIX(15:50)=27.4 > 26.0
2026-04-04 15:45:45 | DEBUG    | [20220713] SKIP: VIX(15:50)=26.8 > 26.0
2026-04-04 15:45:45 | DEBUG    | [20220714] SKIP: VIX(15:50)=26.4 > 26.0
2026-04-04 15:45:45 | DEBUG    | [20220715] TOUCH@15:55 CALL SPX=3858 | C 3855/3860 x7 | cr=$0.55 close=$1.65 | P&L=$-784
2026-04-04 15:45:45 | DEBUG    | [20220715] PUT SPX=3851->3863 | P 3845/3840 x5 | cr=$0.35 settle=$0.00 | P&L=$+165 | eq=$49,381 | dist=3
2026-04-04 15:45:45 | DEBUG    | [20220721] CALL SPX=3993->3999 | C 4000/4005 x5 | cr=$0.35 settle=$0.00 | P&L=$+165 | eq=$49,546 | dist=5
2026-04-04 15:45:45 | DEBUG    | [20220721] PUT SPX=3993->3999 | P 3985/3980 x3 | cr=$0.10 settle=$0.00 | P&L=$+24 | eq=$49,570 | dist=5
2026-04-04 15:45:45 | DEBUG    | [20220727] SKIP: Afternoon return=1.407% >= 1.0%
2026-04-04 15:45:45 | DEBUG    | [20220804] CALL SPX=4151->4152 | C 4155/4160 x5 | cr=$0.35 settle=$0.00 | P&L=$+165 | eq=$49,735 | dist=1
2026-04-04 15:45:45 | DEBUG    | [20220804] PUT SPX=4151->4152 | P 4145/4140 x3 | cr=$0.20 settle=$0.00 | P&L=$+54 | eq=$49,789 | dist=1
2026-04-04 15:45:46 | DEBUG    | [20220812] CALL SPX=4274->4280 | C 4280/4285 x3 | cr=$0.15 settle=$0.00 | P&L=$+39 | eq=$49,828 | dist=3
2026-04-04 15:45:46 | DEBUG    | [20220812] PUT SPX=4274->4280 | P 4270/4265 x5 | cr=$0.45 settle=$0.00 | P&L=$+215 | eq=$50,043 | dist=3
2026-04-04 15:45:46 | DEBUG    | [20220824] CALL SPX=4146->4141 | C 4150/4155 x3 | cr=$0.15 settle=$0.00 | P&L=$+39 | eq=$50,082 | dist=3
2026-04-04 15:45:46 | DEBUG    | [20220824] PUT SPX=4146->4141 | P 4140/4135 x3 | cr=$0.10 settle=$0.00 | P&L=$+24 | eq=$50,106 | dist=3
2026-04-04 15:45:46 | DEBUG    | [20220826] CALL SPX=4065->4058 | C 4070/4075 x5 | cr=$0.40 settle=$0.00 | P&L=$+190 | eq=$50,296 | dist=5
2026-04-04 15:45:46 | DEBUG    | [20220830] SKIP: VIX(15:50)=26.6 > 26.0
2026-04-04 15:45:46 | DEBUG    | [20220901] SKIP: Afternoon return=1.232% >= 1.0%
2026-04-04 15:45:46 | DEBUG    | [20220906] SKIP: VIX(15:50)=26.8 > 26.0
2026-04-04 15:45:46 | DEBUG    | [20220908] TOUCH@15:54 CALL SPX=4002 | C 4000/4005 x7 | cr=$0.55 close=$1.35 | P&L=$-574
2026-04-04 15:45:46 | DEBUG    | [20220908] PUT SPX=3994->4006 | P 3985/3980 x3 | cr=$0.20 settle=$0.00 | P&L=$+54 | eq=$49,776 | dist=5
2026-04-04 15:45:46 | DEBUG    | [20220913] SKIP: VIX(15:50)=27.7 > 26.0
2026-04-04 15:45:46 | DEBUG    | [20220914] SKIP: VIX(15:50)=26.6 > 26.0
2026-04-04 15:45:46 | DEBUG    | [20220915] SKIP: VIX(15:50)=26.5 > 26.0
2026-04-04 15:45:46 | DEBUG    | [20220916] SKIP: VIX(15:50)=26.5 > 26.0
2026-04-04 15:45:46 | DEBUG    | [20220920] SKIP: VIX(15:50)=27.1 > 26.0
2026-04-04 15:45:46 | DEBUG    | [20220921] SKIP: VIX(15:50)=27.9 > 26.0
2026-04-04 15:45:46 | DEBUG    | [20220922] SKIP: VIX(15:50)=26.9 > 26.0
2026-04-04 15:45:46 | DEBUG    | [20220923] SKIP: VIX(15:50)=30.2 > 26.0
2026-04-04 15:45:46 | DEBUG    | [20220926] SKIP: VIX(15:50)=31.7 > 26.0
2026-04-04 15:45:46 | DEBUG    | [20220927] SKIP: VIX(15:50)=32.9 > 26.0
2026-04-04 15:45:46 | DEBUG    | [20220928] SKIP: VIX(15:50)=30.1 > 26.0
2026-04-04 15:45:46 | DEBUG    | [20220929] SKIP: VIX(15:50)=31.9 > 26.0
2026-04-04 15:45:46 | DEBUG    | [20220930] SKIP: VIX(15:50)=31.7 > 26.0
2026-04-04 15:45:46 | DEBUG    | [20221003] SKIP: VIX(15:50)=30.2 > 26.0
2026-04-04 15:45:46 | DEBUG    | [20221004] SKIP: VIX(15:50)=29.0 > 26.0
2026-04-04 15:45:46 | DEBUG    | [20221005] SKIP: VIX(15:50)=28.9 > 26.0
2026-04-04 15:45:46 | DEBUG    | [20221006] SKIP: VIX(15:50)=30.4 > 26.0
2026-04-04 15:45:46 | DEBUG    | [20221007] SKIP: VIX(15:50)=31.4 > 26.0
2026-04-04 15:45:46 | DEBUG    | [20221010] SKIP: VIX(15:50)=32.4 > 26.0
2026-04-04 15:45:46 | DEBUG    | [20221011] SKIP: VIX(15:50)=33.7 > 26.0
2026-04-04 15:45:46 | DEBUG    | [20221012] SKIP: VIX(15:50)=33.8 > 26.0
2026-04-04 15:45:46 | DEBUG    | [20221013] SKIP: VIX(15:50)=32.3 > 26.0
2026-04-04 15:45:46 | DEBUG    | [20221014] SKIP: VIX(15:50)=32.0 > 26.0
2026-04-04 15:45:46 | DEBUG    | [20221017] SKIP: VIX(15:50)=31.1 > 26.0
2026-04-04 15:45:46 | DEBUG    | [20221018] SKIP: VIX(15:50)=30.8 > 26.0
2026-04-04 15:45:46 | DEBUG    | [20221019] SKIP: VIX(15:50)=31.0 > 26.0
2026-04-04 15:45:46 | DEBUG    | [20221020] SKIP: VIX(15:50)=30.2 > 26.0
2026-04-04 15:45:46 | DEBUG    | [20221021] SKIP: VIX(15:50)=30.0 > 26.0
2026-04-04 15:45:46 | DEBUG    | [20221024] SKIP: VIX(15:50)=30.0 > 26.0
2026-04-04 15:45:46 | DEBUG    | [20221025] SKIP: VIX(15:50)=28.3 > 26.0
2026-04-04 15:45:46 | DEBUG    | [20221026] SKIP: VIX(15:50)=27.6 > 26.0
2026-04-04 15:45:46 | DEBUG    | [20221027] SKIP: VIX(15:50)=27.0 > 26.0
2026-04-04 15:45:46 | DEBUG    | [20221028] CALL SPX=3902->3901 | C 3910/3915 x3 | cr=$0.15 settle=$0.00 | P&L=$+39 | eq=$49,815 | dist=5
2026-04-04 15:45:46 | DEBUG    | [20221028] PUT SPX=3902->3901 | P 3895/3890 x3 | cr=$0.20 settle=$0.00 | P&L=$+54 | eq=$49,869 | dist=5
2026-04-04 15:45:46 | DEBUG    | [20221103] TOUCH@15:57 PUT SPX=3719 | P 3720/3715 x5 | cr=$0.30 close=$1.65 | P&L=$-685
2026-04-04 15:45:46 | DEBUG    | [20221104] SKIP: Afternoon return=1.155% >= 1.0%
2026-04-04 15:45:46 | DEBUG    | [20221109] SKIP: VIX(15:50)=26.1 > 26.0
2026-04-04 15:45:46 | DEBUG    | [20221110] SKIP: Afternoon return=1.444% >= 1.0%
2026-04-04 15:45:46 | DEBUG    | [20221123] CALL SPX=4026->4027 | C 4030/4035 x5 | cr=$0.50 settle=$0.00 | P&L=$+240 | eq=$49,424 | dist=1
2026-04-04 15:45:46 | DEBUG    | [20221123] PUT SPX=4026->4027 | P 4025/4020 x8 | cr=$0.75 settle=$0.00 | P&L=$+584 | eq=$50,008 | dist=1
2026-04-04 15:45:46 | DEBUG    | [20221128] PUT SPX=3961->3964 | P 3955/3950 x3 | cr=$0.10 settle=$0.00 | P&L=$+24 | eq=$50,032 | dist=5
2026-04-04 15:45:46 | DEBUG    | [20221130] SKIP: Afternoon return=3.175% >= 1.0%
2026-04-04 15:45:46 | DEBUG    | [20221202] TOUCH@15:56 CALL SPX=4071 | C 4070/4075 x5 | cr=$0.40 close=$1.40 | P&L=$-510
2026-04-04 15:45:46 | DEBUG    | [20221202] PUT SPX=4064->4072 | P 4060/4055 x8 | cr=$0.65 settle=$0.00 | P&L=$+504 | eq=$50,026 | dist=3
2026-04-04 15:45:46 | DEBUG    | [20221207] TOUCH@15:55 CALL SPX=3936 | C 3935/3940 x5 | cr=$0.50 close=$0.95 | P&L=$-235
2026-04-04 15:45:46 | DEBUG    | [20221207] PUT SPX=3931->3934 | P 3925/3920 x3 | cr=$0.20 settle=$0.00 | P&L=$+54 | eq=$49,845 | dist=3
2026-04-04 15:45:47 | DEBUG    | [20221222] SKIP: Afternoon return=1.152% >= 1.0%
2026-04-04 15:45:47 | DEBUG    | [20221223] CALL SPX=3839->3845 | C 3845/3850 x5 | cr=$0.25 settle=$0.00 | P&L=$+115 | eq=$49,960 | dist=3
2026-04-04 15:45:47 | DEBUG    | [20221223] PUT SPX=3839->3845 | P 3835/3830 x5 | cr=$0.35 settle=$0.00 | P&L=$+165 | eq=$50,125 | dist=3
2026-04-04 15:45:47 | DEBUG    | [20230106] CALL SPX=3895->3895 | C 3900/3905 x7 | cr=$0.55 settle=$0.00 | P&L=$+371 | eq=$50,496 | dist=3
2026-04-04 15:45:47 | DEBUG    | [20230106] PUT SPX=3895->3895 | P 3890/3885 x5 | cr=$0.30 settle=$0.00 | P&L=$+140 | eq=$50,636 | dist=3
2026-04-04 15:45:47 | DEBUG    | [20230110] CALL SPX=3916->3919 | C 3920/3925 x5 | cr=$0.20 settle=$0.00 | P&L=$+90 | eq=$50,726 | dist=1
2026-04-04 15:45:47 | DEBUG    | [20230110] PUT SPX=3916->3919 | P 3910/3905 x3 | cr=$0.10 settle=$0.00 | P&L=$+24 | eq=$50,750 | dist=1
2026-04-04 15:45:47 | DEBUG    | [20230111] TOUCH@15:55 CALL SPX=3967 | C 3965/3970 x5 | cr=$0.35 close=$0.95 | P&L=$-310
2026-04-04 15:45:47 | DEBUG    | [20230111] PUT SPX=3962->3970 | P 3960/3955 x5 | cr=$0.50 settle=$0.00 | P&L=$+240 | eq=$50,680 | dist=1
2026-04-04 15:45:47 | DEBUG    | [20230113] TOUCH@15:55 CALL SPX=4000 | C 4000/4005 x8 | cr=$0.85 close=$0.85 | P&L=$-16
2026-04-04 15:45:47 | DEBUG    | [20230113] PUT SPX=3997->3999 | P 3990/3985 x5 | cr=$0.25 settle=$0.00 | P&L=$+115 | eq=$50,779 | dist=3
2026-04-04 15:45:47 | DEBUG    | [20230117] TOUCH@15:55 CALL SPX=3990 | C 3990/3995 x8 | cr=$0.70 close=$0.40 | P&L=$+224
2026-04-04 15:45:47 | DEBUG    | [20230117] PUT SPX=3988->3991 | P 3985/3980 x5 | cr=$0.40 settle=$0.00 | P&L=$+190 | eq=$51,193 | dist=1
2026-04-04 15:45:47 | DEBUG    | [20230126] PUT SPX=4055->4060 | P 4050/4045 x3 | cr=$0.20 settle=$0.00 | P&L=$+54 | eq=$51,247 | dist=3
2026-04-04 15:45:47 | DEBUG    | [20230201] SKIP: Afternoon return=1.542% >= 1.0%
2026-04-04 15:45:47 | DEBUG    | [20230203] TOUCH@15:54 CALL SPX=4138 | C 4135/4140 x8 | cr=$0.70 close=$1.70 | P&L=$-816
2026-04-04 15:45:47 | DEBUG    | [20230203] PUT SPX=4130->4136 | P 4125/4120 x8 | cr=$0.95 settle=$0.00 | P&L=$+744 | eq=$51,175 | dist=3
2026-04-04 15:45:47 | DEBUG    | [20230207] TOUCH@15:53 CALL SPX=4175 | C 4175/4180 x8 | cr=$0.80 close=$0.75 | P&L=$+24
2026-04-04 15:45:47 | DEBUG    | [20230207] PUT SPX=4171->4164 | P 4165/4160 x5 | cr=$0.35 settle=$0.97 | P&L=$-320 | eq=$50,879 | dist=3
2026-04-04 15:45:47 | DEBUG    | [20230214] CALL SPX=4141->4136 | C 4145/4150 x7 | cr=$0.55 settle=$0.00 | P&L=$+371 | eq=$51,250 | dist=3
2026-04-04 15:45:47 | DEBUG    | [20230214] PUT SPX=4141->4136 | P 4135/4130 x5 | cr=$0.30 settle=$0.00 | P&L=$+140 | eq=$51,390 | dist=3
2026-04-04 15:45:47 | DEBUG    | [20230215] TOUCH@15:59 CALL SPX=4147 | C 4145/4150 x5 | cr=$0.35 close=$0.75 | P&L=$-210
2026-04-04 15:45:47 | DEBUG    | [20230215] PUT SPX=4141->4148 | P 4135/4130 x5 | cr=$0.25 settle=$0.00 | P&L=$+115 | eq=$51,295 | dist=3
2026-04-04 15:45:47 | DEBUG    | [20230307] CALL SPX=3986->3986 | C 3990/3995 x5 | cr=$0.50 settle=$0.00 | P&L=$+240 | eq=$51,535 | dist=3
2026-04-04 15:45:47 | DEBUG    | [20230307] PUT SPX=3986->3986 | P 3980/3975 x5 | cr=$0.40 settle=$0.00 | P&L=$+190 | eq=$51,725 | dist=3
2026-04-04 15:45:47 | DEBUG    | [20230308] CALL SPX=3991->3992 | C 3995/4000 x5 | cr=$0.45 settle=$0.00 | P&L=$+215 | eq=$51,940 | dist=1
2026-04-04 15:45:47 | DEBUG    | [20230308] PUT SPX=3991->3992 | P 3990/3985 x8 | cr=$1.05 settle=$0.00 | P&L=$+824 | eq=$52,764 | dist=1
2026-04-04 15:45:47 | DEBUG    | [20230313] SKIP: VIX(15:50)=26.7 > 26.0
2026-04-04 15:45:47 | DEBUG    | [20230315] SKIP: VIX(15:50)=26.7 > 26.0
2026-04-04 15:45:47 | DEBUG    | [20230324] CALL SPX=3965->3971 | C 3975/3980 x5 | cr=$0.20 settle=$0.00 | P&L=$+90 | eq=$52,854 | dist=5
2026-04-04 15:45:47 | DEBUG    | [20230324] PUT SPX=3965->3971 | P 3960/3955 x8 | cr=$0.90 settle=$0.00 | P&L=$+704 | eq=$53,558 | dist=5
2026-04-04 15:45:48 | DEBUG    | [20230508] CALL SPX=4138->4138 | C 4140/4145 x5 | cr=$0.40 settle=$0.00 | P&L=$+190 | eq=$53,748 | dist=0
2026-04-04 15:45:48 | DEBUG    | [20230508] PUT SPX=4138->4138 | P 4135/4130 x5 | cr=$0.30 settle=$0.00 | P&L=$+140 | eq=$53,888 | dist=0
2026-04-04 15:45:48 | DEBUG    | [20230515] TOUCH@15:59 CALL SPX=4137 | C 4135/4140 x5 | cr=$0.45 close=$0.40 | P&L=$+15
2026-04-04 15:45:48 | DEBUG    | [20230515] PUT SPX=4133->4137 | P 4130/4125 x3 | cr=$0.20 settle=$0.00 | P&L=$+54 | eq=$53,957 | dist=0
2026-04-04 15:45:48 | DEBUG    | [20230519] TOUCH@15:57 CALL SPX=4195 | C 4195/4200 x8 | cr=$0.85 close=$1.00 | P&L=$-136
2026-04-04 15:45:48 | DEBUG    | [20230519] PUT SPX=4193->4192 | P 4190/4185 x5 | cr=$0.40 settle=$0.00 | P&L=$+190 | eq=$54,011 | dist=0
2026-04-04 15:45:48 | DEBUG    | [20230710] TOUCH@15:54 CALL SPX=4405 | C 4405/4410 x8 | cr=$0.70 close=$1.10 | P&L=$-336
2026-04-04 15:45:48 | DEBUG    | [20230710] PUT SPX=4403->4410 | P 4400/4395 x5 | cr=$0.30 settle=$0.00 | P&L=$+140 | eq=$53,815 | dist=0
2026-04-04 15:45:49 | DEBUG    | [20230807] PUT SPX=4515->4519 | P 4515/4510 x8 | cr=$1.00 settle=$0.00 | P&L=$+784 | eq=$54,599 | dist=0
2026-04-04 15:45:49 | DEBUG    | [20230814] TOUCH@15:56 CALL SPX=4486 | C 4485/4490 x5 | cr=$0.30 close=$1.00 | P&L=$-360
2026-04-04 15:45:49 | DEBUG    | [20230814] PUT SPX=4481->4490 | P 4480/4475 x8 | cr=$0.90 settle=$0.00 | P&L=$+704 | eq=$54,943 | dist=0
2026-04-04 15:45:49 | DEBUG    | [20230825] TOUCH@15:55 CALL SPX=4408 | C 4405/4410 x10 | cr=$1.75 close=$1.10 | P&L=$+630
2026-04-04 15:45:49 | DEBUG    | [20230825] PUT SPX=4405->4406 | P 4400/4395 x7 | cr=$0.60 settle=$0.00 | P&L=$+406 | eq=$55,979 | dist=0
2026-04-04 15:45:49 | DEBUG    | [20230901] TOUCH@15:54 CALL SPX=4515 | C 4515/4520 x5 | cr=$0.35 close=$0.80 | P&L=$-235
2026-04-04 15:45:49 | DEBUG    | [20230901] PUT SPX=4512->4516 | P 4510/4505 x7 | cr=$0.60 settle=$0.00 | P&L=$+406 | eq=$56,150 | dist=0
2026-04-04 15:45:49 | DEBUG    | [20230911] TOUCH@15:57 CALL SPX=4486 | C 4485/4490 x9 | cr=$1.20 close=$0.50 | P&L=$+612
2026-04-04 15:45:49 | DEBUG    | [20231006] TOUCH@15:53 PUT SPX=4311 | P 4315/4310 x9 | cr=$1.35 close=$2.10 | P&L=$-693
2026-04-04 15:45:49 | DEBUG    | [20231006] CALL SPX=4315->4308 | C 4320/4325 x5 | cr=$0.35 settle=$0.00 | P&L=$+165 | eq=$56,234 | dist=0
2026-04-04 15:45:49 | DEBUG    | [20231009] TOUCH@15:59 CALL SPX=4336 | C 4335/4340 x5 | cr=$0.30 close=$0.50 | P&L=$-110
2026-04-04 15:45:49 | DEBUG    | [20231009] PUT SPX=4331->4336 | P 4330/4325 x9 | cr=$1.20 settle=$0.00 | P&L=$+1062 | eq=$57,186 | dist=0
2026-04-04 15:45:50 | DEBUG    | [20231024] TOUCH@15:54 PUT SPX=4248 | P 4250/4245 x8 | cr=$0.75 close=$1.50 | P&L=$-616
2026-04-04 15:45:50 | DEBUG    | [20231024] CALL SPX=4251->4248 | C 4255/4260 x5 | cr=$0.40 settle=$0.00 | P&L=$+190 | eq=$56,760 | dist=1
2026-04-04 15:45:50 | DEBUG    | [20231102] CALL SPX=4319->4318 | C 4320/4325 x5 | cr=$0.50 settle=$0.00 | P&L=$+240 | eq=$57,000 | dist=0
2026-04-04 15:45:50 | DEBUG    | [20231102] PUT SPX=4319->4318 | P 4315/4310 x3 | cr=$0.20 settle=$0.00 | P&L=$+54 | eq=$57,054 | dist=0
2026-04-04 15:45:50 | DEBUG    | [20231103] TOUCH@15:56 PUT SPX=4358 | P 4360/4355 x8 | cr=$0.75 close=$1.05 | P&L=$-256
2026-04-04 15:45:50 | DEBUG    | [20231103] CALL SPX=4361->4358 | C 4365/4370 x3 | cr=$0.20 settle=$0.00 | P&L=$+54 | eq=$56,852 | dist=0
2026-04-04 15:45:50 | DEBUG    | [20231113] CALL SPX=4413->4412 | C 4415/4420 x8 | cr=$0.70 settle=$0.00 | P&L=$+544 | eq=$57,396 | dist=0
2026-04-04 15:45:50 | DEBUG    | [20231113] PUT SPX=4413->4412 | P 4410/4405 x3 | cr=$0.15 settle=$0.00 | P&L=$+39 | eq=$57,435 | dist=0
2026-04-04 15:45:50 | DEBUG    | [20231122] CALL SPX=4557->4557 | C 4560/4565 x5 | cr=$0.30 settle=$0.00 | P&L=$+140 | eq=$57,575 | dist=0
2026-04-04 15:45:50 | DEBUG    | [20231122] PUT SPX=4557->4557 | P 4555/4550 x5 | cr=$0.45 settle=$0.00 | P&L=$+215 | eq=$57,790 | dist=0
2026-04-04 15:45:50 | DEBUG    | [20231201] TOUCH@15:57 CALL SPX=4596 | C 4595/4600 x5 | cr=$0.30 close=$0.80 | P&L=$-260
2026-04-04 15:45:50 | DEBUG    | [20231201] PUT SPX=4591->4595 | P 4590/4585 x8 | cr=$0.75 settle=$0.00 | P&L=$+584 | eq=$58,114 | dist=0
2026-04-04 15:45:50 | DEBUG    | [20231205] CALL SPX=4567->4567 | C 4570/4575 x5 | cr=$0.30 settle=$0.00 | P&L=$+140 | eq=$58,254 | dist=0
2026-04-04 15:45:50 | DEBUG    | [20231205] PUT SPX=4567->4567 | P 4565/4560 x5 | cr=$0.35 settle=$0.00 | P&L=$+165 | eq=$58,419 | dist=0
2026-04-04 15:45:50 | DEBUG    | [20231208] TOUCH@15:59 PUT SPX=4603 | P 4605/4600 x7 | cr=$0.60 close=$1.00 | P&L=$-294
2026-04-04 15:45:50 | DEBUG    | [20231208] CALL SPX=4606->4604 | C 4610/4615 x3 | cr=$0.15 settle=$0.00 | P&L=$+39 | eq=$58,164 | dist=0
2026-04-04 15:45:50 | DEBUG    | [20231211] TOUCH@15:54 CALL SPX=4620 | C 4620/4625 x7 | cr=$0.60 close=$1.05 | P&L=$-329
2026-04-04 15:45:50 | DEBUG    | [20231212] PUT SPX=4640->4644 | P 4640/4635 x8 | cr=$0.70 settle=$0.00 | P&L=$+544 | eq=$58,379 | dist=0
2026-04-04 15:45:50 | DEBUG    | [20231213] SKIP: Afternoon return=1.134% >= 1.0%
2026-04-04 15:45:50 | DEBUG    | [20240112] CALL SPX=4781->4784 | C 4785/4790 x5 | cr=$0.45 settle=$0.00 | P&L=$+215 | eq=$58,594 | dist=0
2026-04-04 15:45:50 | DEBUG    | [20240112] PUT SPX=4781->4784 | P 4780/4775 x8 | cr=$0.95 settle=$0.00 | P&L=$+744 | eq=$59,338 | dist=0
2026-04-04 15:45:50 | DEBUG    | [20240116] TOUCH@15:54 CALL SPX=4762 | C 4760/4765 x8 | cr=$1.05 close=$1.30 | P&L=$-216
2026-04-04 15:45:50 | DEBUG    | [20240116] PUT SPX=4760->4766 | P 4755/4750 x5 | cr=$0.35 settle=$0.00 | P&L=$+165 | eq=$59,287 | dist=0
2026-04-04 15:45:51 | DEBUG    | [20240201] TOUCH@15:55 CALL SPX=4902 | C 4900/4905 x8 | cr=$1.05 close=$1.05 | P&L=$-16
2026-04-04 15:45:51 | DEBUG    | [20240201] PUT SPX=4899->4906 | P 4895/4890 x5 | cr=$0.40 settle=$0.00 | P&L=$+190 | eq=$59,461 | dist=0
2026-04-04 15:45:51 | DEBUG    | [20240207] CALL SPX=4993->4995 | C 4995/5000 x8 | cr=$1.00 settle=$0.05 | P&L=$+744 | eq=$60,205 | dist=0
2026-04-04 15:45:51 | DEBUG    | [20240207] PUT SPX=4993->4995 | P 4990/4985 x5 | cr=$0.50 settle=$0.00 | P&L=$+240 | eq=$60,445 | dist=0
2026-04-04 15:45:51 | DEBUG    | [20240301] CALL SPX=5135->5137 | C 5140/5145 x5 | cr=$0.35 settle=$0.00 | P&L=$+165 | eq=$60,610 | dist=0
2026-04-04 15:45:51 | DEBUG    | [20240301] PUT SPX=5135->5137 | P 5135/5130 x9 | cr=$1.15 settle=$0.00 | P&L=$+1017 | eq=$61,627 | dist=0
2026-04-04 15:45:51 | DEBUG    | [20240312] CALL SPX=5176->5175 | C 5180/5185 x5 | cr=$0.50 settle=$0.00 | P&L=$+240 | eq=$61,867 | dist=0
2026-04-04 15:45:51 | DEBUG    | [20240312] PUT SPX=5176->5175 | P 5175/5170 x8 | cr=$0.95 settle=$0.00 | P&L=$+744 | eq=$62,611 | dist=0
2026-04-04 15:45:51 | DEBUG    | [20240423] TOUCH@15:56 PUT SPX=5067 | P 5070/5065 x9 | cr=$1.15 close=$1.50 | P&L=$-333
2026-04-04 15:45:51 | DEBUG    | [20240423] CALL SPX=5071->5071 | C 5075/5080 x5 | cr=$0.50 settle=$0.00 | P&L=$+240 | eq=$62,518 | dist=0
2026-04-04 15:45:51 | DEBUG    | [20240503] TOUCH@15:53 CALL SPX=5130 | C 5130/5135 x8 | cr=$1.10 close=$2.45 | P&L=$-1096
2026-04-04 15:45:51 | DEBUG    | [20240503] PUT SPX=5129->5128 | P 5125/5120 x5 | cr=$0.50 settle=$0.00 | P&L=$+240 | eq=$61,662 | dist=0
2026-04-04 15:45:51 | DEBUG    | [20240508] TOUCH@15:55 PUT SPX=5189 | P 5190/5185 x8 | cr=$0.80 close=$1.25 | P&L=$-376
2026-04-04 15:45:51 | DEBUG    | [20240508] CALL SPX=5191->5188 | C 5195/5200 x5 | cr=$0.25 settle=$0.00 | P&L=$+115 | eq=$61,401 | dist=0
2026-04-04 15:45:52 | DEBUG    | [20240531] SKIP: Afternoon return=1.170% >= 1.0%
2026-04-04 15:45:52 | DEBUG    | [20240613] TOUCH@15:56 CALL SPX=5437 | C 5435/5440 x8 | cr=$1.00 close=$1.40 | P&L=$-336
2026-04-04 15:45:52 | DEBUG    | [20240613] PUT SPX=5434->5434 | P 5430/5425 x7 | cr=$0.55 settle=$0.00 | P&L=$+371 | eq=$61,436 | dist=0
2026-04-04 15:45:52 | DEBUG    | [20240614] TOUCH@15:59 CALL SPX=5432 | C 5430/5435 x5 | cr=$0.40 close=$0.80 | P&L=$-210
2026-04-04 15:45:52 | DEBUG    | [20240614] PUT SPX=5425->5432 | P 5425/5420 x9 | cr=$1.35 settle=$0.00 | P&L=$+1197 | eq=$62,423 | dist=0
2026-04-04 15:45:52 | DEBUG    | [20240705] CALL SPX=5570->5567 | C 5570/5575 x9 | cr=$1.30 settle=$0.00 | P&L=$+1152 | eq=$63,575 | dist=0
2026-04-04 15:45:52 | DEBUG    | [20240705] PUT SPX=5570->5567 | P 5565/5560 x5 | cr=$0.35 settle=$0.00 | P&L=$+165 | eq=$63,740 | dist=0
2026-04-04 15:45:52 | DEBUG    | [20240709] CALL SPX=5579->5577 | C 5580/5585 x9 | cr=$1.25 settle=$0.00 | P&L=$+1107 | eq=$64,847 | dist=0
2026-04-04 15:45:52 | DEBUG    | [20240709] PUT SPX=5579->5577 | P 5575/5570 x5 | cr=$0.30 settle=$0.00 | P&L=$+140 | eq=$64,987 | dist=0
2026-04-04 15:45:52 | DEBUG    | [20240729] TOUCH@15:54 PUT SPX=5468 | P 5470/5465 x8 | cr=$0.75 close=$1.60 | P&L=$-696
2026-04-04 15:45:52 | DEBUG    | [20240729] CALL SPX=5474->5464 | C 5475/5480 x10 | cr=$1.60 settle=$0.00 | P&L=$+1580 | eq=$65,871 | dist=0
2026-04-04 15:45:52 | DEBUG    | [20240805] SKIP: VIX(15:50)=38.5 > 26.0
2026-04-04 15:45:52 | DEBUG    | [20240806] SKIP: VIX(15:50)=26.2 > 26.0
2026-04-04 15:45:52 | DEBUG    | [20240807] SKIP: VIX(15:50)=27.6 > 26.0
2026-04-04 15:45:52 | DEBUG    | [20240823] TOUCH@15:54 CALL SPX=5636 | C 5635/5640 x8 | cr=$0.65 close=$0.85 | P&L=$-176
2026-04-04 15:45:52 | DEBUG    | [20240823] PUT SPX=5630->5635 | P 5630/5625 x10 | cr=$1.50 settle=$0.00 | P&L=$+1480 | eq=$67,175 | dist=0
2026-04-04 15:45:53 | DEBUG    | [20240827] TOUCH@15:59 CALL SPX=5626 | C 5625/5630 x10 | cr=$1.60 close=$1.05 | P&L=$+530
2026-04-04 15:45:53 | DEBUG    | [20240827] PUT SPX=5625->5626 | P 5620/5615 x5 | cr=$0.35 settle=$0.00 | P&L=$+165 | eq=$67,870 | dist=0
2026-04-04 15:45:53 | DEBUG    | [20240910] CALL SPX=5493->5496 | C 5500/5505 x5 | cr=$0.40 settle=$0.00 | P&L=$+190 | eq=$68,060 | dist=3
2026-04-04 15:45:53 | DEBUG    | [20240910] PUT SPX=5493->5496 | P 5490/5485 x8 | cr=$0.80 settle=$0.00 | P&L=$+624 | eq=$68,684 | dist=3
2026-04-04 15:45:53 | DEBUG    | [20240911] SKIP: Afternoon return=1.207% >= 1.0%
2026-04-04 15:45:53 | DEBUG    | [20240913] CALL SPX=5627->5626 | C 5630/5635 x8 | cr=$0.90 settle=$0.00 | P&L=$+704 | eq=$69,388 | dist=0
2026-04-04 15:45:53 | DEBUG    | [20240913] PUT SPX=5627->5626 | P 5625/5620 x9 | cr=$1.15 settle=$0.00 | P&L=$+1017 | eq=$70,405 | dist=0
2026-04-04 15:45:53 | DEBUG    | [20240916] TOUCH@15:55 CALL SPX=5635 | C 5635/5640 x7 | cr=$0.55 close=$1.40 | P&L=$-609
2026-04-04 15:45:53 | DEBUG    | [20240916] PUT SPX=5631->5633 | P 5630/5625 x8 | cr=$0.90 settle=$0.00 | P&L=$+704 | eq=$70,500 | dist=0
2026-04-04 15:45:53 | DEBUG    | [20240923] CALL SPX=5719->5719 | C 5720/5725 x8 | cr=$1.05 settle=$0.00 | P&L=$+824 | eq=$71,324 | dist=0
2026-04-04 15:45:53 | DEBUG    | [20240923] PUT SPX=5719->5719 | P 5715/5710 x5 | cr=$0.35 settle=$0.00 | P&L=$+165 | eq=$71,489 | dist=0
2026-04-04 15:45:53 | DEBUG    | [20240924] TOUCH@15:53 CALL SPX=5730 | C 5730/5735 x9 | cr=$1.45 close=$1.70 | P&L=$-243
2026-04-04 15:45:53 | DEBUG    | [20240924] PUT SPX=5730->5733 | P 5725/5720 x5 | cr=$0.25 settle=$0.00 | P&L=$+115 | eq=$71,361 | dist=0
2026-04-04 15:45:53 | DEBUG    | [20240926] TOUCH@15:56 CALL SPX=5745 | C 5745/5750 x5 | cr=$0.50 close=$1.15 | P&L=$-335
2026-04-04 15:45:53 | DEBUG    | [20240926] PUT SPX=5741->5745 | P 5740/5735 x8 | cr=$0.65 settle=$0.00 | P&L=$+504 | eq=$71,530 | dist=0
2026-04-04 15:45:53 | DEBUG    | [20241001] CALL SPX=5712->5709 | C 5720/5725 x5 | cr=$0.50 settle=$0.00 | P&L=$+240 | eq=$71,770 | dist=3
2026-04-04 15:45:53 | DEBUG    | [20241001] PUT SPX=5712->5709 | P 5705/5700 x5 | cr=$0.50 settle=$0.00 | P&L=$+240 | eq=$72,010 | dist=3
2026-04-04 15:45:53 | DEBUG    | [20241002] CALL SPX=5714->5710 | C 5715/5720 x9 | cr=$1.30 settle=$0.00 | P&L=$+1152 | eq=$73,162 | dist=1
2026-04-04 15:45:53 | DEBUG    | [20241002] PUT SPX=5714->5710 | P 5710/5705 x7 | cr=$0.55 settle=$0.45 | P&L=$+56 | eq=$73,218 | dist=1
2026-04-04 15:45:53 | DEBUG    | [20241003] TOUCH@15:57 CALL SPX=5698 | C 5695/5700 x10 | cr=$1.50 close=$1.25 | P&L=$+230
2026-04-04 15:45:53 | DEBUG    | [20241003] PUT SPX=5694->5700 | P 5690/5685 x8 | cr=$0.70 settle=$0.00 | P&L=$+544 | eq=$73,992 | dist=1
2026-04-04 15:45:53 | DEBUG    | [20241004] TOUCH@15:57 CALL SPX=5752 | C 5750/5755 x8 | cr=$0.65 close=$1.40 | P&L=$-616
2026-04-04 15:45:53 | DEBUG    | [20241004] PUT SPX=5745->5751 | P 5740/5735 x7 | cr=$0.55 settle=$0.00 | P&L=$+371 | eq=$73,747 | dist=1
2026-04-04 15:45:53 | DEBUG    | [20241008] TOUCH@15:53 CALL SPX=5756 | C 5755/5760 x9 | cr=$1.20 close=$1.90 | P&L=$-648
2026-04-04 15:45:53 | DEBUG    | [20241008] PUT SPX=5753->5751 | P 5750/5745 x5 | cr=$0.50 settle=$0.00 | P&L=$+240 | eq=$73,339 | dist=1
2026-04-04 15:45:53 | DEBUG    | [20241010] TOUCH@15:53 CALL SPX=5784 | C 5780/5785 x9 | cr=$1.25 close=$1.65 | P&L=$-378
2026-04-04 15:45:53 | DEBUG    | [20241010] PUT SPX=5779->5780 | P 5775/5770 x5 | cr=$0.45 settle=$0.00 | P&L=$+215 | eq=$73,176 | dist=1
2026-04-04 15:45:53 | DEBUG    | [20241016] CALL SPX=5842->5842 | C 5845/5850 x8 | cr=$0.70 settle=$0.00 | P&L=$+544 | eq=$73,720 | dist=1
2026-04-04 15:45:53 | DEBUG    | [20241016] PUT SPX=5842->5842 | P 5840/5835 x8 | cr=$0.70 settle=$0.00 | P&L=$+544 | eq=$74,264 | dist=1
2026-04-04 15:45:53 | DEBUG    | [20241017] CALL SPX=5841->5841 | C 5845/5850 x7 | cr=$0.60 settle=$0.00 | P&L=$+406 | eq=$74,670 | dist=1
2026-04-04 15:45:53 | DEBUG    | [20241017] PUT SPX=5841->5841 | P 5840/5835 x8 | cr=$0.95 settle=$0.00 | P&L=$+744 | eq=$75,414 | dist=1
2026-04-04 15:45:53 | DEBUG    | [20241018] TOUCH@15:57 CALL SPX=5866 | C 5865/5870 x5 | cr=$0.30 close=$0.80 | P&L=$-260
2026-04-04 15:45:53 | DEBUG    | [20241018] PUT SPX=5861->5865 | P 5855/5850 x3 | cr=$0.15 settle=$0.00 | P&L=$+39 | eq=$75,193 | dist=1
2026-04-04 15:45:53 | DEBUG    | [20241022] CALL SPX=5856->5851 | C 5860/5865 x5 | cr=$0.35 settle=$0.00 | P&L=$+165 | eq=$75,358 | dist=1
2026-04-04 15:45:53 | DEBUG    | [20241022] PUT SPX=5856->5851 | P 5850/5845 x3 | cr=$0.10 settle=$0.00 | P&L=$+24 | eq=$75,382 | dist=1
2026-04-04 15:45:53 | DEBUG    | [20241024] CALL SPX=5813->5810 | C 5815/5820 x8 | cr=$0.80 settle=$0.00 | P&L=$+624 | eq=$76,006 | dist=1
2026-04-04 15:45:53 | DEBUG    | [20241024] PUT SPX=5813->5810 | P 5810/5805 x7 | cr=$0.60 settle=$0.13 | P&L=$+315 | eq=$76,321 | dist=1
2026-04-04 15:45:53 | DEBUG    | [20241025] CALL SPX=5811->5808 | C 5815/5820 x7 | cr=$0.55 settle=$0.00 | P&L=$+371 | eq=$76,692 | dist=3
2026-04-04 15:45:53 | DEBUG    | [20241025] PUT SPX=5811->5808 | P 5805/5800 x5 | cr=$0.40 settle=$0.00 | P&L=$+190 | eq=$76,882 | dist=3
2026-04-04 15:45:53 | DEBUG    | [20241029] TOUCH@15:57 PUT SPX=5833 | P 5835/5830 x5 | cr=$0.50 close=$0.65 | P&L=$-85
2026-04-04 15:45:53 | DEBUG    | [20241029] CALL SPX=5838->5833 | C 5840/5845 x8 | cr=$0.90 settle=$0.00 | P&L=$+704 | eq=$77,501 | dist=1
2026-04-04 15:45:53 | DEBUG    | [20241106] CALL SPX=5927->5929 | C 5930/5935 x9 | cr=$1.15 settle=$0.00 | P&L=$+1017 | eq=$78,518 | dist=0
2026-04-04 15:45:53 | DEBUG    | [20241106] PUT SPX=5927->5929 | P 5925/5920 x9 | cr=$1.20 settle=$0.00 | P&L=$+1062 | eq=$79,580 | dist=0
2026-04-04 15:45:54 | DEBUG    | [20241119] TOUCH@15:54 PUT SPX=5912 | P 5915/5910 x8 | cr=$1.05 close=$1.45 | P&L=$-336
2026-04-04 15:45:54 | DEBUG    | [20241119] CALL SPX=5917->5917 | C 5920/5925 x8 | cr=$0.85 settle=$0.00 | P&L=$+664 | eq=$79,908 | dist=0
2026-04-04 15:45:54 | DEBUG    | [20241121] TOUCH@15:59 PUT SPX=5948 | P 5950/5945 x8 | cr=$0.70 close=$1.15 | P&L=$-376
2026-04-04 15:45:54 | DEBUG    | [20241121] CALL SPX=5953->5949 | C 5955/5960 x9 | cr=$1.25 settle=$0.00 | P&L=$+1107 | eq=$80,639 | dist=0
2026-04-04 15:45:54 | DEBUG    | [20241122] TOUCH@15:57 CALL SPX=5970 | C 5970/5975 x8 | cr=$0.70 close=$1.05 | P&L=$-296
2026-04-04 15:45:54 | DEBUG    | [20241122] PUT SPX=5967->5969 | P 5965/5960 x7 | cr=$0.60 settle=$0.00 | P&L=$+406 | eq=$80,749 | dist=0
2026-04-04 15:45:54 | DEBUG    | [20241125] TOUCH@15:53 CALL SPX=5987 | C 5985/5990 x8 | cr=$0.95 close=$1.55 | P&L=$-496
2026-04-04 15:45:54 | DEBUG    | [20241125] PUT SPX=5984->5987 | P 5980/5975 x5 | cr=$0.25 settle=$0.00 | P&L=$+115 | eq=$80,368 | dist=0
2026-04-04 15:45:54 | DEBUG    | [20241203] CALL SPX=6051->6050 | C 6055/6060 x3 | cr=$0.15 settle=$0.00 | P&L=$+39 | eq=$80,407 | dist=0
2026-04-04 15:45:54 | DEBUG    | [20241203] PUT SPX=6051->6050 | P 6050/6045 x8 | cr=$0.80 settle=$0.12 | P&L=$+528 | eq=$80,935 | dist=0
2026-04-04 15:45:54 | DEBUG    | [20241204] CALL SPX=6088->6086 | C 6090/6095 x5 | cr=$0.45 settle=$0.00 | P&L=$+215 | eq=$81,150 | dist=0
2026-04-04 15:45:54 | DEBUG    | [20241204] PUT SPX=6088->6086 | P 6085/6080 x5 | cr=$0.40 settle=$0.00 | P&L=$+190 | eq=$81,340 | dist=0
2026-04-04 15:45:54 | DEBUG    | [20241206] CALL SPX=6088->6090 | C 6090/6095 x5 | cr=$0.45 settle=$0.27 | P&L=$+80 | eq=$81,420 | dist=0
2026-04-04 15:45:54 | DEBUG    | [20241206] PUT SPX=6088->6090 | P 6085/6080 x7 | cr=$0.55 settle=$0.00 | P&L=$+371 | eq=$81,791 | dist=0
2026-04-04 15:45:54 | DEBUG    | [20241211] TOUCH@15:56 PUT SPX=6084 | P 6085/6080 x5 | cr=$0.35 close=$1.00 | P&L=$-335
2026-04-04 15:45:54 | DEBUG    | [20241211] CALL SPX=6087->6084 | C 6090/6095 x5 | cr=$0.25 settle=$0.00 | P&L=$+115 | eq=$81,571 | dist=0
2026-04-04 15:45:54 | DEBUG    | [20241213] CALL SPX=6051->6051 | C 6055/6060 x5 | cr=$0.25 settle=$0.00 | P&L=$+115 | eq=$81,686 | dist=0
2026-04-04 15:45:54 | DEBUG    | [20241213] PUT SPX=6051->6051 | P 6050/6045 x8 | cr=$0.85 settle=$0.00 | P&L=$+664 | eq=$82,350 | dist=0
2026-04-04 15:45:54 | DEBUG    | [20241226] TOUCH@15:59 PUT SPX=6037 | P 6040/6035 x8 | cr=$0.65 close=$1.35 | P&L=$-576
2026-04-04 15:45:54 | DEBUG    | [20241226] CALL SPX=6043->6038 | C 6045/6050 x8 | cr=$0.80 settle=$0.00 | P&L=$+624 | eq=$82,398 | dist=0
2026-04-04 15:45:54 | DEBUG    | [20250103] TOUCH@15:55 CALL SPX=5941 | C 5940/5945 x8 | cr=$0.65 close=$0.75 | P&L=$-96
2026-04-04 15:45:54 | DEBUG    | [20250103] PUT SPX=5935->5942 | P 5935/5930 x10 | cr=$1.50 settle=$0.00 | P&L=$+1480 | eq=$83,782 | dist=0
2026-04-04 15:45:54 | DEBUG    | [20250108] CALL SPX=5915->5918 | C 5920/5925 x8 | cr=$0.70 settle=$0.00 | P&L=$+544 | eq=$84,326 | dist=0
2026-04-04 15:45:54 | DEBUG    | [20250108] PUT SPX=5915->5918 | P 5915/5910 x10 | cr=$1.65 settle=$0.00 | P&L=$+1630 | eq=$85,956 | dist=0
2026-04-04 15:45:54 | DEBUG    | [20250115] TOUCH@15:59 PUT SPX=5949 | P 5950/5945 x8 | cr=$0.90 close=$0.60 | P&L=$+224
2026-04-04 15:45:54 | DEBUG    | [20250115] CALL SPX=5954->5950 | C 5955/5960 x9 | cr=$1.25 settle=$0.00 | P&L=$+1107 | eq=$87,287 | dist=0
2026-04-04 15:45:54 | DEBUG    | [20250121] TOUCH@15:56 CALL SPX=6050 | C 6050/6055 x7 | cr=$0.60 close=$0.85 | P&L=$-189
2026-04-04 15:45:54 | DEBUG    | [20250121] PUT SPX=6047->6049 | P 6045/6040 x8 | cr=$0.75 settle=$0.00 | P&L=$+584 | eq=$87,682 | dist=0
2026-04-04 15:45:54 | DEBUG    | [20250128] TOUCH@15:54 CALL SPX=6072 | C 6070/6075 x10 | cr=$1.55 close=$1.30 | P&L=$+230
2026-04-04 15:45:54 | DEBUG    | [20250128] PUT SPX=6070->6068 | P 6065/6060 x5 | cr=$0.50 settle=$0.00 | P&L=$+240 | eq=$88,152 | dist=0
2026-04-04 15:45:54 | DEBUG    | [20250203] CALL SPX=6002->5995 | C 6010/6015 x8 | cr=$0.75 settle=$0.00 | P&L=$+584 | eq=$88,736 | dist=3
2026-04-04 15:45:54 | DEBUG    | [20250203] PUT SPX=6002->5995 | P 5995/5990 x8 | cr=$0.70 settle=$0.37 | P&L=$+248 | eq=$88,984 | dist=3
2026-04-04 15:45:54 | DEBUG    | [20250204] TOUCH@15:53 CALL SPX=6037 | C 6035/6040 x10 | cr=$1.60 close=$1.75 | P&L=$-170
2026-04-04 15:45:54 | DEBUG    | [20250204] PUT SPX=6034->6038 | P 6030/6025 x7 | cr=$0.55 settle=$0.00 | P&L=$+371 | eq=$89,185 | dist=0
2026-04-04 15:45:54 | DEBUG    | [20250207] TOUCH@15:53 CALL SPX=6030 | C 6030/6035 x9 | cr=$1.35 close=$1.95 | P&L=$-558
2026-04-04 15:45:54 | DEBUG    | [20250207] PUT SPX=6029->6026 | P 6025/6020 x8 | cr=$0.65 settle=$0.00 | P&L=$+504 | eq=$89,131 | dist=0
2026-04-04 15:45:54 | DEBUG    | [20250212] TOUCH@15:55 CALL SPX=6051 | C 6050/6055 x5 | cr=$0.50 close=$0.80 | P&L=$-160
2026-04-04 15:45:54 | DEBUG    | [20250212] PUT SPX=6046->6052 | P 6045/6040 x8 | cr=$0.95 settle=$0.00 | P&L=$+744 | eq=$89,715 | dist=0
2026-04-04 15:45:54 | DEBUG    | [20250213] TOUCH@15:57 CALL SPX=6116 | C 6115/6120 x7 | cr=$0.60 close=$1.25 | P&L=$-469
2026-04-04 15:45:54 | DEBUG    | [20250213] PUT SPX=6111->6115 | P 6110/6105 x8 | cr=$0.75 settle=$0.00 | P&L=$+584 | eq=$89,830 | dist=0
2026-04-04 15:45:55 | DEBUG    | [20250228] SKIP: Afternoon return=1.428% >= 1.0%
2026-04-04 15:45:55 | DEBUG    | [20250307] SKIP: Afternoon return=1.053% >= 1.0%
2026-04-04 15:45:55 | DEBUG    | [20250310] SKIP: VIX(15:50)=27.9 > 26.0
2026-04-04 15:45:55 | DEBUG    | [20250311] SKIP: VIX(15:50)=26.9 > 26.0
2026-04-04 15:45:55 | DEBUG    | [20250331] SKIP: Afternoon return=1.129% >= 1.0%
2026-04-04 15:45:55 | DEBUG    | [20250403] SKIP: VIX(15:50)=29.5 > 26.0
2026-04-04 15:45:55 | DEBUG    | [20250404] SKIP: VIX(15:50)=42.9 > 26.0
2026-04-04 15:45:55 | DEBUG    | [20250407] SKIP: VIX(15:50)=48.6 > 26.0
2026-04-04 15:45:55 | DEBUG    | [20250408] SKIP: VIX(15:50)=57.1 > 26.0
2026-04-04 15:45:55 | DEBUG    | [20250409] SKIP: VIX(15:50)=32.5 > 26.0
2026-04-04 15:45:55 | DEBUG    | [20250410] SKIP: VIX(15:50)=46.0 > 26.0
2026-04-04 15:45:55 | DEBUG    | [20250411] SKIP: VIX(15:50)=37.0 > 26.0
2026-04-04 15:45:55 | DEBUG    | [20250414] SKIP: VIX(15:50)=30.2 > 26.0
2026-04-04 15:45:55 | DEBUG    | [20250415] SKIP: VIX(15:50)=29.6 > 26.0
2026-04-04 15:45:55 | DEBUG    | [20250416] SKIP: VIX(15:50)=33.2 > 26.0
2026-04-04 15:45:55 | DEBUG    | [20250417] SKIP: VIX(15:50)=30.5 > 26.0
2026-04-04 15:45:55 | DEBUG    | [20250421] SKIP: VIX(15:50)=33.8 > 26.0
2026-04-04 15:45:55 | DEBUG    | [20250422] SKIP: VIX(15:50)=30.6 > 26.0
2026-04-04 15:45:55 | DEBUG    | [20250423] SKIP: VIX(15:50)=28.5 > 26.0
2026-04-04 15:45:55 | DEBUG    | [20250424] SKIP: VIX(15:50)=26.5 > 26.0
2026-04-04 15:45:55 | DEBUG    | [20250602] TOUCH@15:53 PUT SPX=5929 | P 5930/5925 x8 | cr=$0.70 close=$1.35 | P&L=$-536
2026-04-04 15:45:55 | DEBUG    | [20250602] CALL SPX=5933->5936 | C 5940/5945 x5 | cr=$0.30 settle=$0.00 | P&L=$+140 | eq=$89,434 | dist=3
2026-04-04 15:45:55 | DEBUG    | [20250612] TOUCH@15:57 CALL SPX=6041 | C 6040/6045 x8 | cr=$0.65 close=$0.55 | P&L=$+64
2026-04-04 15:45:55 | DEBUG    | [20250612] PUT SPX=6036->6045 | P 6030/6025 x5 | cr=$0.35 settle=$0.00 | P&L=$+165 | eq=$89,663 | dist=1
2026-04-04 15:45:55 | DEBUG    | [20250620] TOUCH@15:55 CALL SPX=5970 | C 5970/5975 x5 | cr=$0.35 close=$0.55 | P&L=$-110
2026-04-04 15:45:55 | DEBUG    | [20250620] PUT SPX=5963->5968 | P 5960/5955 x8 | cr=$0.75 settle=$0.00 | P&L=$+584 | eq=$90,137 | dist=3
2026-04-04 15:45:55 | DEBUG    | [20250623] SKIP: Afternoon return=1.036% >= 1.0%
2026-04-04 15:45:56 | DEBUG    | [20250707] TOUCH@15:55 CALL SPX=6228 | C 6225/6230 x9 | cr=$1.15 close=$1.30 | P&L=$-153
2026-04-04 15:45:56 | DEBUG    | [20250707] PUT SPX=6224->6230 | P 6220/6215 x5 | cr=$0.45 settle=$0.00 | P&L=$+215 | eq=$90,199 | dist=0
2026-04-04 15:45:56 | DEBUG    | [20250709] TOUCH@15:54 CALL SPX=6260 | C 6260/6265 x8 | cr=$1.05 close=$1.45 | P&L=$-336
2026-04-04 15:45:56 | DEBUG    | [20250709] PUT SPX=6258->6263 | P 6255/6250 x7 | cr=$0.55 settle=$0.00 | P&L=$+371 | eq=$90,234 | dist=0
2026-04-04 15:45:56 | DEBUG    | [20250716] TOUCH@15:57 CALL SPX=6265 | C 6265/6270 x8 | cr=$0.75 close=$1.05 | P&L=$-256
2026-04-04 15:45:56 | DEBUG    | [20250716] PUT SPX=6262->6264 | P 6260/6255 x8 | cr=$0.80 settle=$0.00 | P&L=$+624 | eq=$90,602 | dist=0
2026-04-04 15:45:56 | DEBUG    | [20250718] TOUCH@15:53 CALL SPX=6295 | C 6295/6300 x8 | cr=$1.10 close=$1.45 | P&L=$-296
2026-04-04 15:45:56 | DEBUG    | [20250718] PUT SPX=6295->6297 | P 6290/6285 x5 | cr=$0.25 settle=$0.00 | P&L=$+115 | eq=$90,421 | dist=0
2026-04-04 15:45:56 | DEBUG    | [20250722] TOUCH@15:57 CALL SPX=6316 | C 6315/6320 x8 | cr=$0.70 close=$0.35 | P&L=$+264
2026-04-04 15:45:56 | DEBUG    | [20250722] PUT SPX=6313->6310 | P 6310/6305 x7 | cr=$0.55 settle=$0.41 | P&L=$+84 | eq=$90,769 | dist=0
2026-04-04 15:45:56 | DEBUG    | [20250723] TOUCH@15:53 CALL SPX=6357 | C 6355/6360 x10 | cr=$1.55 close=$2.30 | P&L=$-770
2026-04-04 15:45:56 | DEBUG    | [20250723] PUT SPX=6354->6359 | P 6350/6345 x3 | cr=$0.15 settle=$0.00 | P&L=$+39 | eq=$90,038 | dist=0
2026-04-04 15:45:56 | DEBUG    | [20250804] TOUCH@15:53 CALL SPX=6327 | C 6325/6330 x9 | cr=$1.15 close=$1.85 | P&L=$-648
2026-04-04 15:45:56 | DEBUG    | [20250804] PUT SPX=6324->6330 | P 6320/6315 x8 | cr=$0.65 settle=$0.00 | P&L=$+504 | eq=$89,894 | dist=0
2026-04-04 15:45:56 | DEBUG    | [20250805] TOUCH@15:58 PUT SPX=6298 | P 6300/6295 x8 | cr=$0.65 close=$1.15 | P&L=$-416
2026-04-04 15:45:56 | DEBUG    | [20250805] CALL SPX=6303->6299 | C 6305/6310 x8 | cr=$1.10 settle=$0.00 | P&L=$+864 | eq=$90,342 | dist=0
2026-04-04 15:45:56 | DEBUG    | [20250806] TOUCH@15:55 PUT SPX=6344 | P 6345/6340 x8 | cr=$0.85 close=$0.70 | P&L=$+104
2026-04-04 15:45:56 | DEBUG    | [20250806] CALL SPX=6346->6345 | C 6350/6355 x7 | cr=$0.55 settle=$0.00 | P&L=$+371 | eq=$90,817 | dist=0
2026-04-04 15:45:56 | DEBUG    | [20250807] TOUCH@15:58 CALL SPX=6335 | C 6335/6340 x7 | cr=$0.55 close=$1.10 | P&L=$-399
2026-04-04 15:45:56 | DEBUG    | [20250807] PUT SPX=6330->6340 | P 6330/6325 x10 | cr=$1.60 settle=$0.00 | P&L=$+1580 | eq=$91,998 | dist=0
2026-04-04 15:45:56 | DEBUG    | [20250812] TOUCH@15:57 CALL SPX=6445 | C 6445/6450 x10 | cr=$1.50 close=$0.85 | P&L=$+630
2026-04-04 15:45:56 | DEBUG    | [20250812] PUT SPX=6445->6446 | P 6440/6435 x5 | cr=$0.30 settle=$0.00 | P&L=$+140 | eq=$92,768 | dist=0
2026-04-04 15:45:56 | DEBUG    | [20250814] TOUCH@15:59 PUT SPX=6468 | P 6470/6465 x9 | cr=$1.15 close=$0.25 | P&L=$+792
2026-04-04 15:45:56 | DEBUG    | [20250814] CALL SPX=6470->6469 | C 6475/6480 x5 | cr=$0.30 settle=$0.00 | P&L=$+140 | eq=$93,700 | dist=0
2026-04-04 15:45:56 | DEBUG    | [20250815] TOUCH@15:55 PUT SPX=6449 | P 6450/6445 x9 | cr=$1.35 close=$1.30 | P&L=$+27
2026-04-04 15:45:56 | DEBUG    | [20250815] CALL SPX=6451->6450 | C 6455/6460 x8 | cr=$0.85 settle=$0.00 | P&L=$+664 | eq=$94,391 | dist=0
2026-04-04 15:45:56 | DEBUG    | [20250819] TOUCH@15:55 CALL SPX=6406 | C 6405/6410 x9 | cr=$1.35 close=$0.75 | P&L=$+522
2026-04-04 15:45:56 | DEBUG    | [20250819] PUT SPX=6405->6411 | P 6400/6395 x5 | cr=$0.30 settle=$0.00 | P&L=$+140 | eq=$95,053 | dist=0
2026-04-04 15:45:56 | DEBUG    | [20250820] TOUCH@15:53 CALL SPX=6401 | C 6400/6405 x10 | cr=$1.55 close=$1.45 | P&L=$+80
2026-04-04 15:45:56 | DEBUG    | [20250820] PUT SPX=6400->6396 | P 6395/6390 x5 | cr=$0.50 settle=$0.00 | P&L=$+240 | eq=$95,373 | dist=0
2026-04-04 15:45:56 | DEBUG    | [20250821] TOUCH@15:57 PUT SPX=6369 | P 6370/6365 x8 | cr=$1.05 close=$0.75 | P&L=$+224
2026-04-04 15:45:56 | DEBUG    | [20250821] CALL SPX=6371->6370 | C 6375/6380 x8 | cr=$0.70 settle=$0.00 | P&L=$+544 | eq=$96,141 | dist=0
2026-04-04 15:45:56 | DEBUG    | [20250822] TOUCH@15:55 PUT SPX=6464 | P 6465/6460 x8 | cr=$0.75 close=$1.05 | P&L=$-256
2026-04-04 15:45:56 | DEBUG    | [20250822] CALL SPX=6467->6467 | C 6470/6475 x8 | cr=$0.65 settle=$0.00 | P&L=$+504 | eq=$96,389 | dist=0
2026-04-04 15:45:56 | DEBUG    | [20250825] TOUCH@15:57 PUT SPX=6443 | P 6445/6440 x5 | cr=$0.45 close=$0.35 | P&L=$+40
2026-04-04 15:45:56 | DEBUG    | [20250825] CALL SPX=6448->6439 | C 6450/6455 x8 | cr=$0.80 settle=$0.00 | P&L=$+624 | eq=$97,053 | dist=0
2026-04-04 15:45:56 | DEBUG    | [20250827] TOUCH@15:54 PUT SPX=6484 | P 6485/6480 x9 | cr=$1.20 close=$1.25 | P&L=$-63
2026-04-04 15:45:56 | DEBUG    | [20250827] CALL SPX=6485->6481 | C 6490/6495 x5 | cr=$0.35 settle=$0.00 | P&L=$+165 | eq=$97,155 | dist=0
2026-04-04 15:45:56 | DEBUG    | [20250828] TOUCH@15:53 CALL SPX=6506 | C 6505/6510 x9 | cr=$1.20 close=$1.80 | P&L=$-558
2026-04-04 15:45:56 | DEBUG    | [20250828] PUT SPX=6504->6502 | P 6500/6495 x3 | cr=$0.20 settle=$0.00 | P&L=$+54 | eq=$96,651 | dist=0
2026-04-04 15:45:56 | DEBUG    | [20250902] TOUCH@15:56 CALL SPX=6416 | C 6415/6420 x8 | cr=$0.95 close=$1.40 | P&L=$-376
2026-04-04 15:45:56 | DEBUG    | [20250902] PUT SPX=6412->6416 | P 6410/6405 x9 | cr=$1.15 settle=$0.00 | P&L=$+1017 | eq=$97,292 | dist=0
2026-04-04 15:45:56 | DEBUG    | [20250903] TOUCH@15:59 CALL SPX=6448 | C 6445/6450 x5 | cr=$0.40 close=$0.25 | P&L=$+65
2026-04-04 15:45:56 | DEBUG    | [20250903] PUT SPX=6440->6448 | P 6440/6435 x10 | cr=$1.55 settle=$0.00 | P&L=$+1530 | eq=$98,887 | dist=0
2026-04-04 15:45:56 | DEBUG    | [20250904] TOUCH@15:56 CALL SPX=6500 | C 6500/6505 x5 | cr=$0.25 close=$0.55 | P&L=$-160
2026-04-04 15:45:56 | DEBUG    | [20250904] PUT SPX=6495->6502 | P 6495/6490 x9 | cr=$1.15 settle=$0.00 | P&L=$+1017 | eq=$99,744 | dist=0
2026-04-04 15:45:56 | DEBUG    | [20250905] TOUCH@15:54 CALL SPX=6475 | C 6475/6480 x10 | cr=$1.55 close=$1.10 | P&L=$+430
2026-04-04 15:45:56 | DEBUG    | [20250905] PUT SPX=6475->6482 | P 6470/6465 x8 | cr=$0.65 settle=$0.00 | P&L=$+504 | eq=$100,678 | dist=0
2026-04-04 15:45:56 | DEBUG    | [20250909] TOUCH@15:55 CALL SPX=6518 | C 6515/6520 x5 | cr=$0.50 close=$0.95 | P&L=$-235
2026-04-04 15:45:56 | DEBUG    | [20250909] PUT SPX=6512->6513 | P 6510/6505 x8 | cr=$0.75 settle=$0.00 | P&L=$+584 | eq=$101,027 | dist=0
2026-04-04 15:45:57 | DEBUG    | [20250924] CALL SPX=6638->6638 | C 6640/6645 x8 | cr=$0.70 settle=$0.00 | P&L=$+544 | eq=$101,571 | dist=0
2026-04-04 15:45:57 | DEBUG    | [20250924] PUT SPX=6638->6638 | P 6635/6630 x8 | cr=$0.90 settle=$0.00 | P&L=$+704 | eq=$102,275 | dist=0
2026-04-04 15:45:57 | DEBUG    | [20250925] CALL SPX=6601->6605 | C 6605/6610 x7 | cr=$0.60 settle=$0.00 | P&L=$+406 | eq=$102,681 | dist=0
2026-04-04 15:45:57 | DEBUG    | [20250925] PUT SPX=6601->6605 | P 6600/6595 x10 | cr=$1.60 settle=$0.00 | P&L=$+1580 | eq=$104,261 | dist=0
2026-04-04 15:45:57 | DEBUG    | [20250926] TOUCH@15:54 CALL SPX=6643 | C 6640/6645 x9 | cr=$1.20 close=$1.60 | P&L=$-378
2026-04-04 15:45:57 | DEBUG    | [20250926] PUT SPX=6638->6644 | P 6635/6630 x5 | cr=$0.45 settle=$0.00 | P&L=$+215 | eq=$104,098 | dist=0
2026-04-04 15:45:57 | DEBUG    | [20251001] CALL SPX=6714->6711 | C 6715/6720 x9 | cr=$1.40 settle=$0.00 | P&L=$+1242 | eq=$105,340 | dist=0
2026-04-04 15:45:57 | DEBUG    | [20251001] PUT SPX=6714->6711 | P 6710/6705 x5 | cr=$0.35 settle=$0.00 | P&L=$+165 | eq=$105,505 | dist=0
2026-04-04 15:45:57 | DEBUG    | [20251002] TOUCH@15:55 PUT SPX=6713 | P 6715/6710 x8 | cr=$0.80 close=$1.35 | P&L=$-456
2026-04-04 15:45:57 | DEBUG    | [20251002] CALL SPX=6717->6715 | C 6720/6725 x5 | cr=$0.50 settle=$0.00 | P&L=$+240 | eq=$105,289 | dist=0
2026-04-04 15:45:57 | DEBUG    | [20251003] TOUCH@15:54 CALL SPX=6720 | C 6720/6725 x10 | cr=$1.60 close=$1.40 | P&L=$+180
2026-04-04 15:45:57 | DEBUG    | [20251003] PUT SPX=6720->6716 | P 6715/6710 x8 | cr=$0.65 settle=$0.00 | P&L=$+504 | eq=$105,973 | dist=0
2026-04-04 15:45:57 | DEBUG    | [20251006] CALL SPX=6744->6740 | C 6745/6750 x8 | cr=$1.00 settle=$0.00 | P&L=$+784 | eq=$106,757 | dist=0
2026-04-04 15:45:57 | DEBUG    | [20251006] PUT SPX=6744->6740 | P 6740/6735 x5 | cr=$0.20 settle=$0.00 | P&L=$+90 | eq=$106,847 | dist=0
2026-04-04 15:45:57 | DEBUG    | [20251007] TOUCH@15:57 PUT SPX=6712 | P 6715/6710 x8 | cr=$0.95 close=$0.75 | P&L=$+144
2026-04-04 15:45:57 | DEBUG    | [20251007] CALL SPX=6716->6715 | C 6720/6725 x5 | cr=$0.40 settle=$0.00 | P&L=$+190 | eq=$107,181 | dist=0
2026-04-04 15:45:57 | DEBUG    | [20251008] CALL SPX=6755->6754 | C 6755/6760 x8 | cr=$0.95 settle=$0.00 | P&L=$+744 | eq=$107,925 | dist=0
2026-04-04 15:45:57 | DEBUG    | [20251009] TOUCH@15:54 CALL SPX=6736 | C 6735/6740 x9 | cr=$1.30 close=$1.30 | P&L=$-18
2026-04-04 15:45:57 | DEBUG    | [20251009] PUT SPX=6735->6735 | P 6730/6725 x3 | cr=$0.10 settle=$0.00 | P&L=$+24 | eq=$107,931 | dist=0
2026-04-04 15:45:57 | DEBUG    | [20251013] TOUCH@15:57 PUT SPX=6654 | P 6655/6650 x9 | cr=$1.30 close=$0.80 | P&L=$+432
2026-04-04 15:45:57 | DEBUG    | [20251013] CALL SPX=6656->6655 | C 6660/6665 x7 | cr=$0.55 settle=$0.00 | P&L=$+371 | eq=$108,734 | dist=1
2026-04-04 15:45:57 | DEBUG    | [20251017] CALL SPX=6665->6664 | C 6670/6675 x8 | cr=$0.95 settle=$0.00 | P&L=$+744 | eq=$109,478 | dist=3
2026-04-04 15:45:57 | DEBUG    | [20251017] PUT SPX=6665->6664 | P 6660/6655 x7 | cr=$0.60 settle=$0.00 | P&L=$+406 | eq=$109,884 | dist=3
2026-04-04 15:45:57 | DEBUG    | [20251020] TOUCH@15:55 PUT SPX=6738 | P 6740/6735 x8 | cr=$0.75 close=$0.95 | P&L=$-176
2026-04-04 15:45:57 | DEBUG    | [20251020] CALL SPX=6741->6735 | C 6745/6750 x5 | cr=$0.45 settle=$0.00 | P&L=$+215 | eq=$109,923 | dist=1
2026-04-04 15:45:57 | DEBUG    | [20251021] TOUCH@15:55 PUT SPX=6743 | P 6745/6740 x8 | cr=$0.75 close=$0.75 | P&L=$-16
2026-04-04 15:45:57 | DEBUG    | [20251022] CALL SPX=6702->6699 | C 6705/6710 x8 | cr=$0.85 settle=$0.00 | P&L=$+664 | eq=$110,571 | dist=3
2026-04-04 15:45:57 | DEBUG    | [20251022] PUT SPX=6702->6699 | P 6695/6690 x5 | cr=$0.25 settle=$0.00 | P&L=$+115 | eq=$110,686 | dist=3
2026-04-04 15:45:57 | DEBUG    | [20251024] TOUCH@15:56 PUT SPX=6794 | P 6795/6790 x5 | cr=$0.20 close=$0.55 | P&L=$-185
2026-04-04 15:45:57 | DEBUG    | [20251024] CALL SPX=6799->6792 | C 6800/6805 x9 | cr=$1.30 settle=$0.00 | P&L=$+1152 | eq=$111,653 | dist=0
2026-04-04 15:45:57 | DEBUG    | [20251103] TOUCH@15:54 CALL SPX=6850 | C 6850/6855 x8 | cr=$0.75 close=$1.50 | P&L=$-616
2026-04-04 15:45:57 | DEBUG    | [20251103] PUT SPX=6847->6852 | P 6845/6840 x8 | cr=$0.95 settle=$0.00 | P&L=$+744 | eq=$111,781 | dist=0
2026-04-04 15:45:57 | DEBUG    | [20251120] SKIP: VIX(15:50)=26.5 > 26.0
2026-04-04 15:45:57 | DEBUG    | [20251124] TOUCH@15:53 CALL SPX=6711 | C 6710/6715 x5 | cr=$0.30 close=$0.35 | P&L=$-35
2026-04-04 15:45:57 | DEBUG    | [20251124] PUT SPX=6703->6705 | P 6700/6695 x8 | cr=$0.90 settle=$0.00 | P&L=$+704 | eq=$112,450 | dist=3
2026-04-04 15:45:57 | DEBUG    | [20251125] TOUCH@15:57 PUT SPX=6768 | P 6770/6765 x8 | cr=$0.65 close=$0.65 | P&L=$-16
2026-04-04 15:45:57 | DEBUG    | [20251125] CALL SPX=6773->6766 | C 6780/6785 x5 | cr=$0.30 settle=$0.00 | P&L=$+140 | eq=$112,574 | dist=3
2026-04-04 15:45:57 | DEBUG    | [20251201] TOUCH@15:54 PUT SPX=6813 | P 6815/6810 x8 | cr=$1.05 close=$1.70 | P&L=$-536
2026-04-04 15:45:57 | DEBUG    | [20251201] CALL SPX=6817->6813 | C 6820/6825 x8 | cr=$0.90 settle=$0.00 | P&L=$+704 | eq=$112,742 | dist=0
2026-04-04 15:45:58 | DEBUG    | [20251202] TOUCH@15:54 PUT SPX=6829 | P 6830/6825 x7 | cr=$0.60 close=$0.80 | P&L=$-154
2026-04-04 15:45:58 | DEBUG    | [20251202] CALL SPX=6835->6829 | C 6835/6840 x10 | cr=$1.65 settle=$0.00 | P&L=$+1630 | eq=$114,218 | dist=0
2026-04-04 15:45:58 | DEBUG    | [20251203] CALL SPX=6854->6850 | C 6855/6860 x9 | cr=$1.20 settle=$0.00 | P&L=$+1062 | eq=$115,280 | dist=0
2026-04-04 15:45:58 | DEBUG    | [20251203] PUT SPX=6854->6850 | P 6850/6845 x7 | cr=$0.55 settle=$0.00 | P&L=$+371 | eq=$115,651 | dist=0
2026-04-04 15:45:58 | DEBUG    | [20251204] TOUCH@15:54 PUT SPX=6849 | P 6850/6845 x9 | cr=$1.15 close=$1.15 | P&L=$-18
2026-04-04 15:45:58 | DEBUG    | [20251204] TOUCH@15:59 CALL SPX=6858 | C 6855/6860 x5 | cr=$0.40 close=$0.15 | P&L=$+115
2026-04-04 15:45:58 | DEBUG    | [20251208] TOUCH@15:59 CALL SPX=6848 | C 6840/6845 x8 | cr=$1.10 close=$0.70 | P&L=$+304
2026-04-04 15:45:58 | DEBUG    | [20251208] PUT SPX=6839->6847 | P 6835/6830 x8 | cr=$0.70 settle=$0.00 | P&L=$+544 | eq=$116,596 | dist=0
2026-04-04 15:45:58 | DEBUG    | [20251210] TOUCH@15:53 CALL SPX=6891 | C 6890/6895 x12 | cr=$2.10 close=$2.25 | P&L=$-204
2026-04-04 15:45:58 | DEBUG    | [20251210] TOUCH@15:56 PUT SPX=6889 | P 6890/6885 x10 | cr=$1.55 close=$1.45 | P&L=$+80
2026-04-04 15:45:58 | DEBUG    | [20251211] TOUCH@15:54 PUT SPX=6897 | P 6900/6895 x8 | cr=$1.05 close=$1.65 | P&L=$-496
2026-04-04 15:45:58 | DEBUG    | [20251211] CALL SPX=6901->6901 | C 6905/6910 x8 | cr=$0.75 settle=$0.00 | P&L=$+584 | eq=$116,560 | dist=0
2026-04-04 15:45:58 | DEBUG    | [20251216] TOUCH@15:54 PUT SPX=6808 | P 6810/6805 x9 | cr=$1.45 close=$1.15 | P&L=$+252
2026-04-04 15:45:58 | DEBUG    | [20251216] CALL SPX=6810->6800 | C 6815/6820 x7 | cr=$0.60 settle=$0.00 | P&L=$+406 | eq=$117,218 | dist=0
2026-04-04 15:45:58 | DEBUG    | [20251222] CALL SPX=6875->6878 | C 6880/6885 x5 | cr=$0.30 settle=$0.00 | P&L=$+140 | eq=$117,358 | dist=0
2026-04-04 15:45:58 | DEBUG    | [20251222] PUT SPX=6875->6878 | P 6875/6870 x8 | cr=$1.10 settle=$0.00 | P&L=$+864 | eq=$118,222 | dist=0
2026-04-04 15:45:58 | DEBUG    | [20251223] TOUCH@15:58 CALL SPX=6910 | C 6910/6915 x5 | cr=$0.35 close=$0.55 | P&L=$-110
2026-04-04 15:45:58 | DEBUG    | [20251223] PUT SPX=6907->6910 | P 6905/6900 x7 | cr=$0.55 settle=$0.00 | P&L=$+371 | eq=$118,483 | dist=0
2026-04-04 15:45:58 | DEBUG    | [20251226] TOUCH@15:57 CALL SPX=6932 | C 6930/6935 x9 | cr=$1.20 close=$0.85 | P&L=$+297
2026-04-04 15:45:58 | DEBUG    | [20251229] TOUCH@15:56 PUT SPX=6904 | P 6905/6900 x5 | cr=$0.45 close=$0.65 | P&L=$-110
2026-04-04 15:45:58 | DEBUG    | [20251229] CALL SPX=6907->6906 | C 6910/6915 x5 | cr=$0.35 settle=$0.00 | P&L=$+165 | eq=$118,835 | dist=0
2026-04-04 15:45:58 | DEBUG    | [20251230] TOUCH@15:58 PUT SPX=6898 | P 6900/6895 x5 | cr=$0.40 close=$0.75 | P&L=$-185
2026-04-04 15:45:58 | DEBUG    | [20251230] CALL SPX=6902->6896 | C 6905/6910 x8 | cr=$0.65 settle=$0.00 | P&L=$+504 | eq=$119,154 | dist=0
2026-04-04 15:45:58 | DEBUG    | [20260102] TOUCH@15:59 CALL SPX=6859 | C 6855/6860 x8 | cr=$0.80 close=$0.80 | P&L=$-16
2026-04-04 15:45:58 | DEBUG    | [20260102] PUT SPX=6852->6858 | P 6850/6845 x8 | cr=$0.95 settle=$0.00 | P&L=$+744 | eq=$119,882 | dist=0
2026-04-04 15:45:58 | DEBUG    | [20260105] TOUCH@15:54 PUT SPX=6899 | P 6900/6895 x7 | cr=$0.60 close=$1.05 | P&L=$-329
2026-04-04 15:45:58 | DEBUG    | [20260105] CALL SPX=6903->6902 | C 6905/6910 x8 | cr=$0.85 settle=$0.00 | P&L=$+664 | eq=$120,217 | dist=0
2026-04-04 15:45:58 | DEBUG    | [20260106] CALL SPX=6947->6945 | C 6950/6955 x5 | cr=$0.35 settle=$0.00 | P&L=$+165 | eq=$120,382 | dist=0
2026-04-04 15:45:58 | DEBUG    | [20260106] PUT SPX=6947->6945 | P 6945/6940 x7 | cr=$0.55 settle=$0.18 | P&L=$+245 | eq=$120,627 | dist=0
2026-04-04 15:45:58 | DEBUG    | [20260108] CALL SPX=6920->6921 | C 6925/6930 x5 | cr=$0.45 settle=$0.00 | P&L=$+215 | eq=$120,842 | dist=0
2026-04-04 15:45:58 | DEBUG    | [20260108] PUT SPX=6920->6921 | P 6920/6915 x8 | cr=$1.05 settle=$0.00 | P&L=$+824 | eq=$121,666 | dist=0
2026-04-04 15:45:58 | DEBUG    | [20260109] TOUCH@15:55 PUT SPX=6969 | P 6970/6965 x5 | cr=$0.50 close=$0.50 | P&L=$-10
2026-04-04 15:45:58 | DEBUG    | [20260109] CALL SPX=6972->6966 | C 6975/6980 x5 | cr=$0.35 settle=$0.00 | P&L=$+165 | eq=$121,821 | dist=0
2026-04-04 15:45:58 | DEBUG    | [20260112] TOUCH@15:53 CALL SPX=6982 | C 6980/6985 x8 | cr=$0.85 close=$1.50 | P&L=$-536
2026-04-04 15:45:58 | DEBUG    | [20260112] PUT SPX=6979->6977 | P 6975/6970 x5 | cr=$0.25 settle=$0.00 | P&L=$+115 | eq=$121,400 | dist=0
2026-04-04 15:45:58 | DEBUG    | [20260120] CALL SPX=6796->6797 | C 6800/6805 x8 | cr=$0.85 settle=$0.00 | P&L=$+664 | eq=$122,064 | dist=3
2026-04-04 15:45:58 | DEBUG    | [20260120] PUT SPX=6796->6797 | P 6790/6785 x7 | cr=$0.60 settle=$0.00 | P&L=$+406 | eq=$122,470 | dist=3
2026-04-04 15:45:58 | DEBUG    | [20260126] TOUCH@15:54 PUT SPX=6953 | P 6955/6950 x8 | cr=$0.80 close=$1.20 | P&L=$-336
2026-04-04 15:45:58 | DEBUG    | [20260126] CALL SPX=6956->6950 | C 6960/6965 x5 | cr=$0.35 settle=$0.00 | P&L=$+165 | eq=$122,299 | dist=0
2026-04-04 15:45:58 | DEBUG    | [20260129] TOUCH@15:55 CALL SPX=6964 | C 6960/6965 x7 | cr=$0.60 close=$1.90 | P&L=$-924
2026-04-04 15:45:58 | DEBUG    | [20260129] PUT SPX=6957->6969 | P 6955/6950 x9 | cr=$1.15 settle=$0.00 | P&L=$+1017 | eq=$122,392 | dist=0
2026-04-04 15:45:58 | DEBUG    | [20260202] CALL SPX=6975->6976 | C 6980/6985 x7 | cr=$0.55 settle=$0.00 | P&L=$+371 | eq=$122,763 | dist=0
2026-04-04 15:45:58 | DEBUG    | [20260202] PUT SPX=6975->6976 | P 6975/6970 x9 | cr=$1.20 settle=$0.00 | P&L=$+1062 | eq=$123,825 | dist=0
2026-04-04 15:45:58 | DEBUG    | [20260203] CALL SPX=6912->6918 | C 6920/6925 x5 | cr=$0.50 settle=$0.00 | P&L=$+240 | eq=$124,065 | dist=3
2026-04-04 15:45:58 | DEBUG    | [20260203] PUT SPX=6912->6918 | P 6905/6900 x5 | cr=$0.40 settle=$0.00 | P&L=$+190 | eq=$124,255 | dist=3
2026-04-04 15:45:58 | DEBUG    | [20260204] TOUCH@15:54 PUT SPX=6887 | P 6890/6885 x8 | cr=$0.90 close=$1.50 | P&L=$-496
2026-04-04 15:45:58 | DEBUG    | [20260204] CALL SPX=6894->6883 | C 6900/6905 x8 | cr=$0.85 settle=$0.00 | P&L=$+664 | eq=$124,423 | dist=3
2026-04-04 15:45:58 | DEBUG    | [20260205] TOUCH@15:55 CALL SPX=6795 | C 6795/6800 x8 | cr=$0.90 close=$1.45 | P&L=$-456
2026-04-04 15:45:58 | DEBUG    | [20260205] PUT SPX=6788->6798 | P 6785/6780 x9 | cr=$1.15 settle=$0.00 | P&L=$+1017 | eq=$124,984 | dist=3
2026-04-04 15:45:58 | DEBUG    | [20260206] TOUCH@15:55 PUT SPX=6937 | P 6940/6935 x9 | cr=$1.15 close=$1.15 | P&L=$-18
2026-04-04 15:45:58 | DEBUG    | [20260206] CALL SPX=6944->6932 | C 6945/6950 x10 | cr=$1.65 settle=$0.00 | P&L=$+1630 | eq=$126,596 | dist=0
2026-04-04 15:45:58 | DEBUG    | [20260211] TOUCH@15:53 CALL SPX=6949 | C 6945/6950 x9 | cr=$1.45 close=$2.40 | P&L=$-873
2026-04-04 15:45:58 | DEBUG    | [20260211] PUT SPX=6944->6941 | P 6940/6935 x8 | cr=$0.75 settle=$0.00 | P&L=$+584 | eq=$126,307 | dist=0
2026-04-04 15:45:59 | DEBUG    | [20260217] TOUCH@15:59 CALL SPX=6846 | C 6845/6850 x8 | cr=$0.85 close=$0.20 | P&L=$+504
2026-04-04 15:45:59 | DEBUG    | [20260217] PUT SPX=6841->6843 | P 6835/6830 x7 | cr=$0.55 settle=$0.00 | P&L=$+371 | eq=$127,182 | dist=3
2026-04-04 15:45:59 | DEBUG    | [20260219] TOUCH@15:53 CALL SPX=6856 | C 6855/6860 x9 | cr=$1.30 close=$2.10 | P&L=$-738
2026-04-04 15:45:59 | DEBUG    | [20260219] PUT SPX=6853->6862 | P 6850/6845 x8 | cr=$1.10 settle=$0.00 | P&L=$+864 | eq=$127,308 | dist=1
2026-04-04 15:45:59 | DEBUG    | [20260220] TOUCH@15:59 CALL SPX=6910 | C 6910/6915 x7 | cr=$0.55 close=$0.45 | P&L=$+56
2026-04-04 15:45:59 | DEBUG    | [20260225] TOUCH@15:56 PUT SPX=6949 | P 6950/6945 x8 | cr=$0.90 close=$1.10 | P&L=$-176
2026-04-04 15:45:59 | DEBUG    | [20260225] CALL SPX=6951->6946 | C 6955/6960 x5 | cr=$0.50 settle=$0.00 | P&L=$+240 | eq=$127,428 | dist=0
2026-04-04 15:45:59 | DEBUG    | [20260226] CALL SPX=6905->6909 | C 6910/6915 x7 | cr=$0.60 settle=$0.00 | P&L=$+406 | eq=$127,834 | dist=3
2026-04-04 15:45:59 | DEBUG    | [20260226] PUT SPX=6905->6909 | P 6900/6895 x5 | cr=$0.40 settle=$0.00 | P&L=$+190 | eq=$128,024 | dist=3
2026-04-04 15:45:59 | DEBUG    | [20260303] PUT SPX=6809->6817 | P 6800/6795 x5 | cr=$0.50 settle=$0.00 | P&L=$+240 | eq=$128,264 | dist=5
2026-04-04 15:45:59 | DEBUG    | [20260304] TOUCH@15:54 CALL SPX=6875 | C 6875/6880 x7 | cr=$0.60 close=$0.90 | P&L=$-224
2026-04-04 15:45:59 | DEBUG    | [20260304] PUT SPX=6871->6869 | P 6865/6860 x5 | cr=$0.40 settle=$0.00 | P&L=$+190 | eq=$128,230 | dist=3
2026-04-04 15:45:59 | DEBUG    | [20260306] SKIP: VIX(15:50)=29.0 > 26.0
2026-04-04 15:45:59 | DEBUG    | [20260311] CALL SPX=6773->6776 | C 6780/6785 x5 | cr=$0.35 settle=$0.00 | P&L=$+165 | eq=$128,395 | dist=3
2026-04-04 15:45:59 | DEBUG    | [20260311] PUT SPX=6773->6776 | P 6765/6760 x3 | cr=$0.20 settle=$0.00 | P&L=$+54 | eq=$128,449 | dist=3
2026-04-04 15:45:59 | DEBUG    | [20260312] SKIP: VIX(15:50)=26.8 > 26.0
2026-04-04 15:45:59 | DEBUG    | [20260313] SKIP: VIX(15:50)=27.4 > 26.0
2026-04-04 15:45:59 | DEBUG    | [20260317] PUT SPX=6717->6716 | P 6710/6705 x3 | cr=$0.10 settle=$0.00 | P&L=$+24 | eq=$128,473 | dist=3
2026-04-04 15:45:59 | DEBUG    | [20260320] SKIP: VIX(15:50)=28.2 > 26.0
2026-04-04 15:45:59 | DEBUG    | [20260323] TOUCH@15:57 PUT SPX=6584 | P 6585/6580 x3 | cr=$0.15 close=$1.45 | P&L=$-396
2026-04-04 15:45:59 | DEBUG    | [20260323] CALL SPX=6595->6581 | C 6600/6605 x5 | cr=$0.50 settle=$0.00 | P&L=$+240 | eq=$128,317 | dist=5
2026-04-04 15:45:59 | DEBUG    | [20260324] SKIP: VIX(15:50)=26.8 > 26.0
2026-04-04 15:45:59 | DEBUG    | [20260325] CALL SPX=6589->6592 | C 6595/6600 x5 | cr=$0.30 settle=$0.00 | P&L=$+140 | eq=$128,457 | dist=3
2026-04-04 15:45:59 | DEBUG    | [20260325] PUT SPX=6589->6592 | P 6585/6580 x8 | cr=$0.80 settle=$0.00 | P&L=$+624 | eq=$129,081 | dist=3
2026-04-04 15:45:59 | INFO     | ============================================================
2026-04-04 15:45:59 | INFO     | SKIP REASONS:
2026-04-04 15:45:59 | INFO     |   afternoon_filter    : 17
2026-04-04 15:45:59 | INFO     |   early_close         : 6
2026-04-04 15:45:59 | INFO     |   no_quotes           : 5
2026-04-04 15:45:59 | INFO     |   parkinson_ratio     : 705
2026-04-04 15:45:59 | INFO     |   put_momentum        : 1
2026-04-04 15:45:59 | INFO     |   vix_intraday        : 137
2026-04-04 15:45:59 | INFO     |   TOTAL TRADES        : 366
2026-04-04 15:45:59 | INFO     | ============================================================
2026-04-04 15:45:59 | INFO     | Trade log snapshot -> /Users/jeerapongwongchote/Documents/thetadata/lastfive/tradelogs_lastfive.csv
2026-04-04 15:45:59 | INFO     | ============================================================
2026-04-04 15:45:59 | INFO     |   LASTFIVE PERFORMANCE REPORT  (Run #79)
2026-04-04 15:45:59 | INFO     | ============================================================
2026-04-04 15:45:59 | INFO     |   Period          : 2022-01-03 -> 2026-03-25
2026-04-04 15:45:59 | INFO     |   Days traded     : 190
2026-04-04 15:45:59 | INFO     |   Total trades    : 366  (wins: 269  losses: 97)
2026-04-04 15:45:59 | INFO     |   Avg trades/day  : 1.9
2026-04-04 15:45:59 | INFO     | ------------------------------------------------------------
2026-04-04 15:45:59 | INFO     |   Total P&L       : $   79,081.00  (net of commission)
2026-04-04 15:45:59 | INFO     |   Gross premium   : $  198,965.00
2026-04-04 15:45:59 | INFO     |   Prem capture    :        39.7%
2026-04-04 15:45:59 | INFO     |   CAGR            :        29.3%  (acct=$50,000)
2026-04-04 15:45:59 | INFO     |   Avg win/trade   : $      418.80
2026-04-04 15:45:59 | INFO     |   Avg loss/trade  : $     -346.14
2026-04-04 15:45:59 | INFO     |   Expectancy      : $      216.07
2026-04-04 15:45:59 | INFO     |   Profit factor   :         3.36x
2026-04-04 15:45:59 | INFO     | ------------------------------------------------------------
2026-04-04 15:45:59 | INFO     |   Max drawdown    : $   -1,546.00  (-2.0%)
2026-04-04 15:45:59 | INFO     |   Calmar ratio    :         9.47
2026-04-04 15:45:59 | INFO     |   Recovery factor :        51.15
2026-04-04 15:45:59 | INFO     |   Time underwater :        29.5%  (56 of 190 days)
2026-04-04 15:45:59 | INFO     |   Max consec loss : 1
2026-04-04 15:45:59 | INFO     | ------------------------------------------------------------
2026-04-04 15:45:59 | INFO     |   VIX adaptive    : ON (ATM<18.0, d3<22.0, d5<26.0)
2026-04-04 15:45:59 | INFO     |   Tiered sizing   : ON ($1500/$2500/$3500)
2026-04-04 15:45:59 | INFO     |   Width / MinCr   : $5 / $0.10
2026-04-04 15:45:59 | INFO     |   Afternoon filter: < 1.0%
2026-04-04 15:45:59 | INFO     |   Put filter      : aftn<-0.75% + mom30<-0.1%
2026-04-04 15:45:59 | INFO     |   Commission      : $0.5/leg
2026-04-04 15:45:59 | INFO     | ------------------------------------------------------------
2026-04-04 15:45:59 | INFO     |   Win rate        :        73.5%
2026-04-04 15:45:59 | INFO     |   Sharpe ratio    :        11.56  (rf=5.0%)
2026-04-04 15:45:59 | INFO     |   Sortino ratio   :        13.20
2026-04-04 15:45:59 | INFO     |   Ann. volatility : $    8,855.60
2026-04-04 15:45:59 | INFO     | ------------------------------------------------------------
2026-04-04 15:45:59 | INFO     |   Best day        : $    2,174.00
2026-04-04 15:45:59 | INFO     |   Worst day       : $     -856.00
2026-04-04 15:45:59 | INFO     |   Best trade      : $    1,630.00
2026-04-04 15:45:59 | INFO     |   Worst trade     : $   -1,096.00
2026-04-04 15:45:59 | INFO     | ------------------------------------------------------------
2026-04-04 15:45:59 | INFO     |   Commission total: $    4,968.00
2026-04-04 15:45:59 | INFO     |   Avg BP/trade    : $    2,849.82
2026-04-04 15:45:59 | INFO     |   Avg BP/day      : $    5,489.66
2026-04-04 15:45:59 | INFO     |   Max BP day      : $    6,980.00
2026-04-04 15:45:59 | INFO     | ============================================================
2026-04-04 15:45:59 | INFO     | Results written to /Users/jeerapongwongchote/Documents/thetadata/lastfive/RESULTS.md (latest 3 runs, newest first)
2026-04-04 15:45:59 | INFO     | --------------------------------------------------------------------------------
2026-04-04 15:45:59 | INFO     |   VIX CORRELATION ANALYSIS
2026-04-04 15:45:59 | INFO     | --------------------------------------------------------------------------------
2026-04-04 15:45:59 | INFO     |   VIX Range  |  Trades |  Win Rate |    Avg P&L |    Total P&L |     Max DD
2026-04-04 15:45:59 | INFO     | --------------------------------------------------------------------------------
2026-04-04 15:45:59 | INFO     |   < 15       |      88 |     71.6% | $   189.39 | $  16,666.00 | $-1,453.00
2026-04-04 15:45:59 | INFO     |   15-18      |     153 |     69.9% | $   280.10 | $  42,856.00 | $-1,516.00
2026-04-04 15:45:59 | INFO     |   18-20      |      64 |     79.7% | $   181.05 | $  11,587.00 | $  -816.00
2026-04-04 15:45:59 | INFO     |   20-22      |      38 |     78.9% | $   219.13 | $   8,327.00 | $  -786.00
2026-04-04 15:45:59 | INFO     |   22-26      |      21 |     81.0% | $    -9.48 | $    -199.00 | $-1,500.00
2026-04-04 15:45:59 | INFO     |   26-30      |       2 |     50.0% | $   -78.00 | $    -156.00 | $  -396.00
2026-04-04 15:45:59 | INFO     |   30+        |       0 |      0.0% | $     0.00 | $       0.00 | $     0.00
2026-04-04 15:45:59 | INFO     | --------------------------------------------------------------------------------
2026-04-04 15:45:59 | INFO     | -----------------------------------------------------------------------------------------------
2026-04-04 15:45:59 | INFO     |   PUT vs CALL SPLIT
2026-04-04 15:45:59 | INFO     | -----------------------------------------------------------------------------------------------
2026-04-04 15:45:59 | INFO     |   Side   |  Trades |      WR |    Avg P&L |    Total P&L |   Avg Win |  Avg Loss |     PF |     Max DD
2026-04-04 15:45:59 | INFO     | -----------------------------------------------------------------------------------------------
2026-04-04 15:45:59 | INFO     |   CALL   |     182 |   66.5% | $   155.67 | $  28,332.00 | $  417.78 | $ -364.25 |  2.28 | $-3,458.00
2026-04-04 15:45:59 | INFO     |   PUT    |     184 |   80.4% | $   275.81 | $  50,749.00 | $  419.64 | $ -315.47 |  5.47 | $  -818.00
2026-04-04 15:45:59 | INFO     | -----------------------------------------------------------------------------------------------
2026-04-04 15:45:59 | INFO     | --------------------------------------------------------------------------------------------------------------------------------------------
2026-04-04 15:45:59 | INFO     |   YEARLY + MONTHLY BREAKDOWN
2026-04-04 15:45:59 | INFO     | --------------------------------------------------------------------------------------------------------------------------------------------
2026-04-04 15:45:59 | INFO     |   Period         |        P&L | Trades |     WR |  Avg RoR |   Avg P&L |  Avg Risk |   Best Day |  Worst Day |   Drawdown
2026-04-04 15:45:59 | INFO     | --------------------------------------------------------------------------------------------------------------------------------------------
2026-04-04 15:45:59 | INFO     |   2022           | $      125 |     25 |  80.0% |     0.2% | $       5 | $   2,122 | $      824 | $     -685 | $   -1,112
2026-04-04 15:45:59 | INFO     |     July         | $     -430 |      4 |  75.0% |    -4.7% | $    -108 | $   2,309 | $      189 | $     -619 | $     -784
2026-04-04 15:45:59 | INFO     |     August       | $      726 |      7 | 100.0% |     5.7% | $     104 | $   1,817 | $      254 | $       63 | $        0
2026-04-04 15:45:59 | INFO     |     September    | $     -520 |      2 |  50.0% |   -11.4% | $    -260 | $   2,278 | $     -520 | $     -520 | $     -574
2026-04-04 15:45:59 | INFO     |     October      | $       93 |      2 | 100.0% |     3.2% | $      46 | $   1,448 | $       93 | $       93 | $        0
2026-04-04 15:45:59 | INFO     |     November     | $      163 |      4 |  75.0% |     1.7% | $      41 | $   2,368 | $      824 | $     -685 | $     -685
2026-04-04 15:45:59 | INFO     |     December     | $       93 |      6 |  66.7% |     0.7% | $      16 | $   2,362 | $      280 | $     -181 | $     -510
2026-04-04 15:45:59 | INFO     | --------------------------------------------------------------------------------------------------------------------------------------------
2026-04-04 15:45:59 | INFO     |   2023           | $    8,254 |     63 |  74.6% |     5.0% | $     131 | $   2,625 | $    1,039 | $     -528 | $     -816
2026-04-04 15:45:59 | INFO     |     January      | $    1,122 |     11 |  81.8% |     4.2% | $     102 | $   2,435 | $      511 | $      -70 | $     -310
2026-04-04 15:45:59 | INFO     |     February     | $       48 |      8 |  62.5% |     0.2% | $       6 | $   2,816 | $      511 | $     -296 | $     -816
2026-04-04 15:45:59 | INFO     |     March        | $    2,263 |      6 | 100.0% |    14.4% | $     377 | $   2,611 | $    1,039 | $      430 | $        0
2026-04-04 15:45:59 | INFO     |     May          | $      453 |      6 |  83.3% |     3.2% | $      76 | $   2,331 | $      330 | $       54 | $     -136
2026-04-04 15:45:59 | INFO     |     July         | $     -196 |      2 |  50.0% |    -3.4% | $     -98 | $   2,895 | $     -196 | $     -196 | $     -336
2026-04-04 15:45:59 | INFO     |     August       | $    2,164 |      5 |  80.0% |    14.3% | $     433 | $   3,032 | $    1,036 | $      344 | $     -360
2026-04-04 15:45:59 | INFO     |     September    | $      783 |      3 |  66.7% |     8.9% | $     261 | $   2,942 | $      612 | $      171 | $     -235
2026-04-04 15:45:59 | INFO     |     October      | $       -2 |      6 |  50.0% |    -0.0% | $      -0 | $   2,847 | $      952 | $     -528 | $     -693
2026-04-04 15:45:59 | INFO     |     November     | $    1,030 |      8 |  87.5% |     5.7% | $     129 | $   2,256 | $      583 | $     -202 | $     -256
2026-04-04 15:45:59 | INFO     |     December     | $      589 |      8 |  62.5% |     2.7% | $      74 | $   2,685 | $      544 | $     -329 | $     -584
2026-04-04 15:45:59 | INFO     | --------------------------------------------------------------------------------------------------------------------------------------------
2026-04-04 15:45:59 | INFO     |   2024           | $   24,019 |     92 |  75.0% |     9.0% | $     261 | $   2,899 | $    2,079 | $     -856 | $   -1,546
2026-04-04 15:45:59 | INFO     |     January      | $      908 |      4 |  75.0% |     8.3% | $     227 | $   2,750 | $      959 | $      -51 | $     -216
2026-04-04 15:45:59 | INFO     |     February     | $    1,158 |      4 |  75.0% |    10.6% | $     290 | $   2,728 | $      984 | $      174 | $      -16
2026-04-04 15:45:59 | INFO     |     March        | $    2,166 |      4 | 100.0% |    19.2% | $     542 | $   2,820 | $    1,182 | $      984 | $        0
2026-04-04 15:45:59 | INFO     |     April        | $      -93 |      2 |  50.0% |    -1.6% | $     -46 | $   2,858 | $      -93 | $      -93 | $     -333
2026-04-04 15:45:59 | INFO     |     May          | $   -1,117 |      4 |  50.0% |   -10.1% | $    -279 | $   2,776 | $     -261 | $     -856 | $   -1,232
2026-04-04 15:45:59 | INFO     |     June         | $    1,022 |      4 |  50.0% |     8.6% | $     256 | $   2,975 | $      987 | $       35 | $     -336
2026-04-04 15:45:59 | INFO     |     July         | $    3,448 |      6 |  83.3% |    19.0% | $     575 | $   3,030 | $    1,317 | $      884 | $     -696
2026-04-04 15:45:59 | INFO     |     August       | $    1,999 |      4 |  75.0% |    15.7% | $     500 | $   3,176 | $    1,304 | $      695 | $     -176
2026-04-04 15:45:59 | INFO     |     September    | $    3,660 |     12 |  75.0% |    10.3% | $     305 | $   2,965 | $    1,721 | $     -128 | $     -609
2026-04-04 15:45:59 | INFO     |     October      | $    5,971 |     26 |  80.8% |     8.1% | $     230 | $   2,846 | $    1,208 | $     -408 | $   -1,031
2026-04-04 15:45:59 | INFO     |     November     | $    2,867 |     10 |  60.0% |     8.9% | $     287 | $   3,232 | $    2,079 | $     -381 | $     -496
2026-04-04 15:45:59 | INFO     |     December     | $    2,030 |     12 |  83.3% |     6.3% | $     169 | $   2,668 | $      779 | $     -220 | $     -576
2026-04-04 15:45:59 | INFO     | --------------------------------------------------------------------------------------------------------------------------------------------
2026-04-04 15:45:59 | INFO     |   2025           | $   36,756 |    137 |  71.5% |     8.8% | $     268 | $   3,052 | $    2,174 | $     -731 | $   -1,379
2026-04-04 15:45:59 | INFO     |     January      | $    5,754 |     10 |  80.0% |    17.6% | $     575 | $   3,260 | $    2,174 | $      395 | $     -189
2026-04-04 15:45:59 | INFO     |     February     | $    1,678 |     10 |  60.0% |     5.2% | $     168 | $   3,209 | $      832 | $      -54 | $     -558
2026-04-04 15:45:59 | INFO     |     June         | $      307 |      6 |  66.7% |     1.8% | $      51 | $   2,887 | $      474 | $     -396 | $     -536
2026-04-04 15:45:59 | INFO     |     July         | $      -99 |     12 |  58.3% |    -0.3% | $      -8 | $   2,978 | $      368 | $     -731 | $     -770
2026-04-04 15:45:59 | INFO     |     August       | $    6,613 |     28 |  78.6% |     7.7% | $     236 | $   3,065 | $    1,181 | $     -504 | $     -648
2026-04-04 15:45:59 | INFO     |     September    | $    7,447 |     16 |  75.0% |    15.0% | $     465 | $   3,111 | $    1,986 | $     -163 | $     -378
2026-04-04 15:45:59 | INFO     |     October      | $    7,555 |     24 |  79.2% |    10.7% | $     315 | $   2,938 | $    1,407 | $     -216 | $     -456
2026-04-04 15:45:59 | INFO     |     November     | $      921 |      6 |  50.0% |     5.1% | $     154 | $   3,017 | $      669 | $      124 | $     -616
2026-04-04 15:45:59 | INFO     |     December     | $    6,580 |     25 |  68.0% |     8.6% | $     263 | $   3,048 | $    1,476 | $     -124 | $     -620
2026-04-04 15:45:59 | INFO     | --------------------------------------------------------------------------------------------------------------------------------------------
2026-04-04 15:45:59 | INFO     |   2026           | $    9,927 |     49 |  71.4% |     7.1% | $     203 | $   2,853 | $    1,612 | $     -421 | $   -1,095
2026-04-04 15:45:59 | INFO     |     January      | $    3,238 |     18 |  66.7% |     6.1% | $     180 | $   2,932 | $    1,070 | $     -421 | $   -1,095
2026-04-04 15:45:59 | INFO     |     February     | $    5,632 |     21 |  71.4% |     8.7% | $     268 | $   3,083 | $    1,612 | $     -289 | $     -873
2026-04-04 15:45:59 | INFO     |     March        | $    1,057 |     10 |  80.0% |     4.7% | $     106 | $   2,228 | $      764 | $     -156 | $     -396
2026-04-04 15:45:59 | INFO     | --------------------------------------------------------------------------------------------------------------------------------------------
2026-04-04 15:45:59 | INFO     |   TOTAL          | $   79,081 |    366 |  73.5% |     7.6% | $     216 | $   2,850 | $    2,174 | $     -856 | $   -1,546
2026-04-04 15:45:59 | INFO     | --------------------------------------------------------------------------------------------------------------------------------------------
2026-04-04 15:45:59 | INFO     |   (SPY monthly data not available — skipping strategy vs SPY)
2026-04-04 15:45:59 | INFO     | ------------------------------------------------------------------------------------------
2026-04-04 15:45:59 | INFO     |   WORST 30 DAYS
2026-04-04 15:45:59 | INFO     | ------------------------------------------------------------------------------------------
2026-04-04 15:45:59 | INFO     |   Date         |    Day P&L |    VIX |   Call P&L |    Put P&L | Trades
2026-04-04 15:45:59 | INFO     | ------------------------------------------------------------------------------------------
2026-04-04 15:45:59 | INFO     |   2024-05-03   | $  -856.00 |    N/A | $-1,096.00 | $   240.00 |      2
2026-04-04 15:45:59 | INFO     |   2025-07-23   | $  -731.00 |    N/A | $  -770.00 | $    39.00 |      2
2026-04-04 15:45:59 | INFO     |   2022-11-03   | $  -685.00 |    N/A | $     0.00 | $  -685.00 |      1
2026-04-04 15:45:59 | INFO     |   2022-07-15   | $  -619.00 |    N/A | $  -784.00 | $   165.00 |      2
2026-04-04 15:45:59 | INFO     |   2023-10-06   | $  -528.00 |    N/A | $   165.00 | $  -693.00 |      2
2026-04-04 15:45:59 | INFO     |   2022-09-08   | $  -520.00 |    N/A | $  -574.00 | $    54.00 |      2
2026-04-04 15:45:59 | INFO     |   2025-08-28   | $  -504.00 |    N/A | $  -558.00 | $    54.00 |      2
2026-04-04 15:45:59 | INFO     |   2023-10-24   | $  -426.00 |    N/A | $   190.00 | $  -616.00 |      2
2026-04-04 15:45:59 | INFO     |   2026-01-12   | $  -421.00 |    N/A | $  -536.00 | $   115.00 |      2
2026-04-04 15:45:59 | INFO     |   2024-10-08   | $  -408.00 |    N/A | $  -648.00 | $   240.00 |      2
2026-04-04 15:45:59 | INFO     |   2025-06-02   | $  -396.00 |    N/A | $   140.00 | $  -536.00 |      2
2026-04-04 15:45:59 | INFO     |   2024-11-25   | $  -381.00 |    N/A | $  -496.00 | $   115.00 |      2
2026-04-04 15:45:59 | INFO     |   2023-12-11   | $  -329.00 |    N/A | $  -329.00 | $     0.00 |      1
2026-04-04 15:45:59 | INFO     |   2023-02-07   | $  -296.00 |    N/A | $    24.00 | $  -320.00 |      2
2026-04-04 15:45:59 | INFO     |   2026-02-11   | $  -289.00 |    N/A | $  -873.00 | $   584.00 |      2
2026-04-04 15:45:59 | INFO     |   2024-05-08   | $  -261.00 |    N/A | $   115.00 | $  -376.00 |      2
2026-04-04 15:45:59 | INFO     |   2023-12-08   | $  -255.00 |    N/A | $    39.00 | $  -294.00 |      2
2026-04-04 15:45:59 | INFO     |   2024-10-04   | $  -245.00 |    N/A | $  -616.00 | $   371.00 |      2
2026-04-04 15:45:59 | INFO     |   2024-10-18   | $  -221.00 |    N/A | $  -260.00 | $    39.00 |      2
2026-04-04 15:45:59 | INFO     |   2024-12-11   | $  -220.00 |    N/A | $   115.00 | $  -335.00 |      2
2026-04-04 15:45:59 | INFO     |   2025-10-02   | $  -216.00 |    N/A | $   240.00 | $  -456.00 |      2
2026-04-04 15:45:59 | INFO     |   2023-11-03   | $  -202.00 |    N/A | $    54.00 | $  -256.00 |      2
2026-04-04 15:45:59 | INFO     |   2023-07-10   | $  -196.00 |    N/A | $  -336.00 | $   140.00 |      2
2026-04-04 15:45:59 | INFO     |   2022-12-07   | $  -181.00 |    N/A | $  -235.00 | $    54.00 |      2
2026-04-04 15:45:59 | INFO     |   2025-07-18   | $  -181.00 |    N/A | $  -296.00 | $   115.00 |      2
2026-04-04 15:45:59 | INFO     |   2026-01-26   | $  -171.00 |    N/A | $   165.00 | $  -336.00 |      2
2026-04-04 15:45:59 | INFO     |   2024-10-10   | $  -163.00 |    N/A | $  -378.00 | $   215.00 |      2
2026-04-04 15:45:59 | INFO     |   2025-09-26   | $  -163.00 |    N/A | $  -378.00 | $   215.00 |      2
2026-04-04 15:45:59 | INFO     |   2026-03-23   | $  -156.00 |    N/A | $   240.00 | $  -396.00 |      2
2026-04-04 15:45:59 | INFO     |   2025-08-04   | $  -144.00 |    N/A | $  -648.00 | $   504.00 |      2
2026-04-04 15:45:59 | INFO     | ------------------------------------------------------------------------------------------
2026-04-04 15:45:59 | INFO     | ----------------------------------------------------------------------
2026-04-04 15:45:59 | INFO     |   SEASONALITY — DAY OF WEEK
2026-04-04 15:45:59 | INFO     | ----------------------------------------------------------------------
2026-04-04 15:45:59 | INFO     |   Day   |  Trades |      WR |    Total P&L |    Avg P&L |     Max DD
2026-04-04 15:45:59 | INFO     | ----------------------------------------------------------------------
2026-04-04 15:45:59 | INFO     |   Mon   |      62 |   69.4% | $  11,386.00 | $   183.65 | $-1,025.00
2026-04-04 15:45:59 | INFO     |   Tue   |      82 |   78.0% | $  17,328.00 | $   211.32 | $  -648.00
2026-04-04 15:45:59 | INFO     |   Wed   |      71 |   78.9% | $  19,850.00 | $   279.58 | $  -873.00
2026-04-04 15:45:59 | INFO     |   Thu   |      62 |   69.4% | $  11,362.00 | $   183.26 | $-1,205.00
2026-04-04 15:45:59 | INFO     |   Fri   |      89 |   70.8% | $  19,155.00 | $   215.22 | $-1,096.00
2026-04-04 15:45:59 | INFO     | ----------------------------------------------------------------------
2026-04-04 15:45:59 | INFO     | ----------------------------------------------------------------------
2026-04-04 15:45:59 | INFO     |   SEASONALITY — MONTH
2026-04-04 15:45:59 | INFO     | ----------------------------------------------------------------------
2026-04-04 15:45:59 | INFO     |   Month |  Trades |      WR |    Total P&L |    Avg P&L |     Max DD
2026-04-04 15:45:59 | INFO     | ----------------------------------------------------------------------
2026-04-04 15:45:59 | INFO     |   Jan   |      43 |   74.4% | $  11,022.00 | $   256.33 | $-1,095.00
2026-04-04 15:45:59 | INFO     |   Feb   |      43 |   67.4% | $   8,516.00 | $   198.05 | $  -873.00
2026-04-04 15:45:59 | INFO     |   Mar   |      20 |   90.0% | $   5,486.00 | $   274.30 | $  -396.00
2026-04-04 15:45:59 | INFO     |   Apr   |       2 |   50.0% | $     -93.00 | $   -46.50 | $  -333.00
2026-04-04 15:45:59 | INFO     |   May   |      10 |   70.0% | $    -664.00 | $   -66.40 | $-1,232.00
2026-04-04 15:45:59 | INFO     |   Jun   |      10 |   60.0% | $   1,329.00 | $   132.90 | $  -536.00
2026-04-04 15:45:59 | INFO     |   Jul   |      24 |   66.7% | $   2,723.00 | $   113.46 | $  -784.00
2026-04-04 15:45:59 | INFO     |   Aug   |      44 |   81.8% | $  11,502.00 | $   261.41 | $  -648.00
2026-04-04 15:45:59 | INFO     |   Sep   |      33 |   72.7% | $  11,370.00 | $   344.55 | $  -755.00
2026-04-04 15:45:59 | INFO     |   Oct   |      58 |   77.6% | $  13,617.00 | $   234.78 | $-1,031.00
2026-04-04 15:45:59 | INFO     |   Nov   |      28 |   67.9% | $   4,981.00 | $   177.89 | $  -997.00
2026-04-04 15:45:59 | INFO     |   Dec   |      51 |   70.6% | $   9,292.00 | $   182.20 | $  -620.00
2026-04-04 15:45:59 | INFO     | ----------------------------------------------------------------------
2026-04-04 15:45:59 | INFO     | --------------------------------------------------------------------------------
2026-04-04 15:45:59 | INFO     |   CALENDAR / ECON EVENT ANALYSIS
2026-04-04 15:45:59 | INFO     | --------------------------------------------------------------------------------
2026-04-04 15:45:59 | INFO     |   Event              |  Trades |      WR |    Total P&L |    Avg P&L |     Max DD
2026-04-04 15:45:59 | INFO     | --------------------------------------------------------------------------------
2026-04-04 15:45:59 | INFO     |   FOMC               |       2 |   50.0% | $    -124.00 | $   -62.00 | $  -204.00
2026-04-04 15:45:59 | INFO     |   Triple Witching    |       2 |   50.0% | $     474.00 | $   237.00 | $  -110.00
2026-04-04 15:45:59 | INFO     |   End of Month       |      75 |   69.3% | $  10,096.00 | $   134.61 | $-1,613.00
2026-04-04 15:45:59 | INFO     |   Monday             |      62 |   69.4% | $  11,386.00 | $   183.65 | $-1,025.00
2026-04-04 15:45:59 | INFO     |   Friday             |      89 |   70.8% | $  19,155.00 | $   215.22 | $-1,096.00
2026-04-04 15:45:59 | INFO     |   Normal days        |     165 |   78.2% | $  44,223.00 | $   268.02 | $  -873.00
2026-04-04 15:45:59 | INFO     | --------------------------------------------------------------------------------
