2026-03-31 22:28:07 | INFO     | Log file  : /Users/jeerapongwongchote/Documents/thetadata/lastfive/logs/lastfive_20260331_222807.log
2026-03-31 22:28:07 | INFO     | ============================================================
2026-03-31 22:28:07 | INFO     |   RECENT RUN HISTORY
2026-03-31 22:28:07 | INFO     | ------------------------------------------------------------
2026-03-31 22:28:07 | INFO     |   2026-03-31T21:12 | P&L=$     9,848 | WR=98.6% | 147 trades
2026-03-31 22:28:07 | INFO     | ============================================================
2026-03-31 22:28:07 | INFO     | ============================================================
2026-03-31 22:28:07 | INFO     | LASTFIVE BACKTEST — Short Call Spread 5 Min Before Close
2026-03-31 22:28:07 | INFO     | Period       : 2022-01-03 -> 2026-03-25
2026-03-31 22:28:07 | INFO     | Short dist   : >= $3.0 above spot
2026-03-31 22:28:07 | INFO     | Spread width : $5.0
2026-03-31 22:28:07 | INFO     | Risk/trade   : $2,500
2026-03-31 22:28:07 | INFO     | VIX(15:50)   : <= 26.0 (ON)
2026-03-31 22:28:07 | INFO     | Afternoon ret: < 1.0% (ON)
2026-03-31 22:28:07 | INFO     | VIX daily    : max=None, min=None
2026-03-31 22:28:07 | INFO     | ============================================================
2026-03-31 22:28:07 | INFO     | Building daily indicators...
2026-03-31 22:28:08 | INFO     |   -> 1060 daily bars loaded
2026-03-31 22:28:08 | INFO     | Trading dates: 1060 (from 20220103 to 20260325)
2026-03-31 22:28:08 | DEBUG    | [20220103] SPX=4790 -> 4797 | C 4795/4800 x6 | credit=$0.90 settle=$1.59 | P&L=$-426 | eq=$49,574
2026-03-31 22:28:08 | DEBUG    | [20220105] No quotes for C 4715/4720 at 15:55:00
2026-03-31 22:28:08 | DEBUG    | [20220107] No quotes for C 4685/4690 at 15:55:00
2026-03-31 22:28:08 | DEBUG    | [20220110] SKIP: Afternoon return=1.097% >= 1.0%
2026-03-31 22:28:08 | DEBUG    | [20220112] SPX=4729 -> 4726 | C 4735/4740 x5 | credit=$0.50 settle=$0.00 | P&L=$+240 | eq=$49,814
2026-03-31 22:28:08 | DEBUG    | [20220114] SPX=4661 -> 4663 | C 4665/4670 x6 | credit=$1.35 settle=$0.00 | P&L=$+798 | eq=$50,612
2026-03-31 22:28:08 | DEBUG    | [20220118] No quotes for C 4575/4580 at 15:55:00
2026-03-31 22:28:08 | DEBUG    | [20220119] No quotes for C 4545/4550 at 15:55:00
2026-03-31 22:28:08 | DEBUG    | [20220121] SKIP: VIX(15:50)=29.8 > 26.0
2026-03-31 22:28:08 | DEBUG    | [20220124] SKIP: VIX(15:50)=30.2 > 26.0
2026-03-31 22:28:08 | DEBUG    | [20220125] SKIP: VIX(15:50)=31.0 > 26.0
2026-03-31 22:28:08 | DEBUG    | [20220126] SKIP: VIX(15:50)=31.8 > 26.0
2026-03-31 22:28:08 | DEBUG    | [20220127] SKIP: VIX(15:50)=31.0 > 26.0
2026-03-31 22:28:08 | DEBUG    | [20220128] SKIP: VIX(15:50)=27.4 > 26.0
2026-03-31 22:28:08 | DEBUG    | [20220131] SPX=4512 -> 4515 | C 4520/4525 x5 | credit=$0.60 settle=$0.00 | P&L=$+290 | eq=$50,902
2026-03-31 22:28:08 | DEBUG    | [20220202] SPX=4594 -> 4589 | C 4600/4605 x5 | credit=$0.15 settle=$0.00 | P&L=$+65 | eq=$50,967
2026-03-31 22:28:08 | DEBUG    | [20220204] SPX=4509 -> 4501 | C 4515/4520 x6 | credit=$1.15 settle=$0.00 | P&L=$+678 | eq=$51,645
2026-03-31 22:28:08 | DEBUG    | [20220207] No quotes for C 4480/4485 at 15:55:00
2026-03-31 22:28:08 | DEBUG    | [20220209] SPX=4582 -> 4587 | C 4590/4595 x5 | credit=$0.80 settle=$0.00 | P&L=$+390 | eq=$52,035
2026-03-31 22:28:08 | DEBUG    | [20220211] SKIP: VIX(15:50)=27.9 > 26.0
2026-03-31 22:28:08 | DEBUG    | [20220214] SKIP: VIX(15:50)=29.2 > 26.0
2026-03-31 22:28:08 | DEBUG    | [20220216] SPX=4478 -> 4475 | C 4485/4490 x5 | credit=$0.40 settle=$0.00 | P&L=$+190 | eq=$52,225
2026-03-31 22:28:08 | DEBUG    | [20220217] SKIP: VIX(15:50)=28.0 > 26.0
2026-03-31 22:28:08 | DEBUG    | [20220218] SKIP: VIX(15:50)=28.0 > 26.0
2026-03-31 22:28:08 | DEBUG    | [20220222] SKIP: VIX(15:50)=29.9 > 26.0
2026-03-31 22:28:08 | DEBUG    | [20220223] SKIP: VIX(15:50)=30.9 > 26.0
2026-03-31 22:28:08 | DEBUG    | [20220224] SKIP: VIX(15:50)=29.8 > 26.0
2026-03-31 22:28:08 | DEBUG    | [20220225] SKIP: VIX(15:50)=27.6 > 26.0
2026-03-31 22:28:08 | DEBUG    | [20220228] SKIP: VIX(15:50)=29.9 > 26.0
2026-03-31 22:28:08 | DEBUG    | [20220301] SKIP: VIX(15:50)=35.2 > 26.0
2026-03-31 22:28:08 | DEBUG    | [20220302] SKIP: VIX(15:50)=30.3 > 26.0
2026-03-31 22:28:08 | DEBUG    | [20220303] SKIP: VIX(15:50)=31.2 > 26.0
2026-03-31 22:28:08 | DEBUG    | [20220304] SKIP: VIX(15:50)=32.3 > 26.0
2026-03-31 22:28:08 | DEBUG    | [20220307] SKIP: VIX(15:50)=35.8 > 26.0
2026-03-31 22:28:08 | DEBUG    | [20220308] SKIP: VIX(15:50)=35.0 > 26.0
2026-03-31 22:28:08 | DEBUG    | [20220309] SKIP: VIX(15:50)=32.1 > 26.0
2026-03-31 22:28:08 | DEBUG    | [20220310] SKIP: VIX(15:50)=30.8 > 26.0
2026-03-31 22:28:08 | DEBUG    | [20220311] SKIP: VIX(15:50)=30.9 > 26.0
2026-03-31 22:28:08 | DEBUG    | [20220314] SKIP: VIX(15:50)=32.5 > 26.0
2026-03-31 22:28:08 | DEBUG    | [20220315] SKIP: VIX(15:50)=29.7 > 26.0
2026-03-31 22:28:08 | DEBUG    | [20220316] SKIP: VIX(15:50)=26.5 > 26.0
2026-03-31 22:28:08 | DEBUG    | [20220318] SPX=4463 -> 4463 | C 4470/4475 x5 | credit=$0.15 settle=$0.00 | P&L=$+65 | eq=$52,290
2026-03-31 22:28:08 | DEBUG    | [20220321] Credit $0.00 < min $0.10
2026-03-31 22:28:08 | DEBUG    | [20220323] No quotes for C 4470/4475 at 15:55:00
2026-03-31 22:28:08 | DEBUG    | [20220325] SPX=4536 -> 4543 | C 4540/4545 x6 | credit=$0.85 settle=$3.06 | P&L=$-1338 | eq=$50,952
2026-03-31 22:28:08 | DEBUG    | [20220328] SPX=4567 -> 4575 | C 4575/4580 x5 | credit=$0.10 settle=$0.49 | P&L=$-205 | eq=$50,747
2026-03-31 22:28:08 | DEBUG    | [20220330] No quotes for C 4600/4605 at 15:55:00
2026-03-31 22:28:08 | DEBUG    | [20220331] No quotes for C 4550/4555 at 15:55:00
2026-03-31 22:28:08 | DEBUG    | [20220401] SPX=4545 -> 4546 | C 4550/4555 x5 | credit=$0.25 settle=$0.00 | P&L=$+115 | eq=$50,862
2026-03-31 22:28:08 | DEBUG    | [20220404] SPX=4578 -> 4583 | C 4585/4590 x5 | credit=$0.50 settle=$0.00 | P&L=$+240 | eq=$51,102
2026-03-31 22:28:08 | DEBUG    | [20220406] No quotes for C 4485/4490 at 15:55:00
2026-03-31 22:28:08 | DEBUG    | [20220407] SKIP: Afternoon return=1.109% >= 1.0%
2026-03-31 22:28:08 | DEBUG    | [20220411] No quotes for C 4415/4420 at 15:55:00
2026-03-31 22:28:08 | DEBUG    | [20220413] SPX=4446 -> 4447 | C 4450/4455 x5 | credit=$0.65 settle=$0.00 | P&L=$+315 | eq=$51,417
2026-03-31 22:28:08 | DEBUG    | [20220414] No quotes for C 4400/4405 at 15:55:00
2026-03-31 22:28:08 | DEBUG    | [20220418] Credit $0.00 < min $0.10
2026-03-31 22:28:08 | DEBUG    | [20220422] SKIP: VIX(15:50)=27.7 > 26.0
2026-03-31 22:28:08 | DEBUG    | [20220425] SKIP: VIX(15:50)=27.6 > 26.0
2026-03-31 22:28:08 | DEBUG    | [20220426] SKIP: VIX(15:50)=32.1 > 26.0
2026-03-31 22:28:08 | DEBUG    | [20220427] SKIP: VIX(15:50)=32.3 > 26.0
2026-03-31 22:28:08 | DEBUG    | [20220428] SKIP: VIX(15:50)=29.4 > 26.0
2026-03-31 22:28:08 | DEBUG    | [20220429] SKIP: VIX(15:50)=33.9 > 26.0
2026-03-31 22:28:08 | DEBUG    | [20220502] SKIP: VIX(15:50)=32.7 > 26.0
2026-03-31 22:28:08 | DEBUG    | [20220503] SKIP: VIX(15:50)=30.1 > 26.0
2026-03-31 22:28:08 | DEBUG    | [20220504] SKIP: Afternoon return=2.562% >= 1.0%
2026-03-31 22:28:08 | DEBUG    | [20220505] SKIP: VIX(15:50)=33.1 > 26.0
2026-03-31 22:28:08 | DEBUG    | [20220506] SKIP: VIX(15:50)=29.9 > 26.0
2026-03-31 22:28:08 | DEBUG    | [20220509] SKIP: VIX(15:50)=35.3 > 26.0
2026-03-31 22:28:08 | DEBUG    | [20220510] SKIP: VIX(15:50)=33.3 > 26.0
2026-03-31 22:28:08 | DEBUG    | [20220511] SKIP: VIX(15:50)=32.8 > 26.0
2026-03-31 22:28:08 | DEBUG    | [20220512] SKIP: VIX(15:50)=32.3 > 26.0
2026-03-31 22:28:08 | DEBUG    | [20220513] SKIP: VIX(15:50)=29.1 > 26.0
2026-03-31 22:28:08 | DEBUG    | [20220516] SKIP: VIX(15:50)=27.7 > 26.0
2026-03-31 22:28:08 | DEBUG    | [20220517] SKIP: VIX(15:50)=26.1 > 26.0
2026-03-31 22:28:08 | DEBUG    | [20220518] SKIP: VIX(15:50)=31.1 > 26.0
2026-03-31 22:28:08 | DEBUG    | [20220519] SKIP: VIX(15:50)=29.3 > 26.0
2026-03-31 22:28:08 | DEBUG    | [20220520] SKIP: VIX(15:50)=29.4 > 26.0
2026-03-31 22:28:08 | DEBUG    | [20220523] SKIP: VIX(15:50)=28.6 > 26.0
2026-03-31 22:28:08 | DEBUG    | [20220524] SKIP: VIX(15:50)=29.6 > 26.0
2026-03-31 22:28:08 | DEBUG    | [20220525] SKIP: VIX(15:50)=28.7 > 26.0
2026-03-31 22:28:08 | DEBUG    | [20220526] SKIP: VIX(15:50)=27.2 > 26.0
2026-03-31 22:28:08 | DEBUG    | [20220527] SPX=4151 -> 4158 | C 4155/4160 x5 | credit=$0.30 settle=$3.27 | P&L=$-1495 | eq=$49,922
2026-03-31 22:28:08 | DEBUG    | [20220531] SKIP: VIX(15:50)=26.0 > 26.0
2026-03-31 22:28:08 | DEBUG    | [20220601] No quotes for C 4110/4115 at 15:55:00
2026-03-31 22:28:08 | DEBUG    | [20220602] Credit $-0.05 < min $0.10
2026-03-31 22:28:08 | DEBUG    | [20220603] No quotes for C 4115/4120 at 15:55:00
2026-03-31 22:28:08 | DEBUG    | [20220607] Credit $0.05 < min $0.10
2026-03-31 22:28:08 | DEBUG    | [20220608] No quotes for C 4120/4125 at 15:55:00
2026-03-31 22:28:08 | DEBUG    | [20220609] SKIP: VIX(15:50)=26.1 > 26.0
2026-03-31 22:28:08 | DEBUG    | [20220610] SKIP: VIX(15:50)=27.9 > 26.0
2026-03-31 22:28:08 | DEBUG    | [20220613] SKIP: VIX(15:50)=34.9 > 26.0
2026-03-31 22:28:08 | DEBUG    | [20220614] SKIP: VIX(15:50)=32.3 > 26.0
2026-03-31 22:28:08 | DEBUG    | [20220615] SKIP: VIX(15:50)=29.4 > 26.0
2026-03-31 22:28:08 | DEBUG    | [20220616] SKIP: VIX(15:50)=34.8 > 26.0
2026-03-31 22:28:08 | DEBUG    | [20220617] SKIP: VIX(15:50)=31.1 > 26.0
2026-03-31 22:28:08 | DEBUG    | [20220621] SKIP: VIX(15:50)=30.0 > 26.0
2026-03-31 22:28:08 | DEBUG    | [20220622] SKIP: VIX(15:50)=29.2 > 26.0
2026-03-31 22:28:08 | DEBUG    | [20220623] SKIP: VIX(15:50)=29.0 > 26.0
2026-03-31 22:28:08 | DEBUG    | [20220624] SKIP: VIX(15:50)=27.3 > 26.0
2026-03-31 22:28:08 | DEBUG    | [20220627] SKIP: VIX(15:50)=27.4 > 26.0
2026-03-31 22:28:08 | DEBUG    | [20220628] SKIP: VIX(15:50)=28.4 > 26.0
2026-03-31 22:28:08 | DEBUG    | [20220629] SKIP: VIX(15:50)=28.3 > 26.0
2026-03-31 22:28:08 | DEBUG    | [20220630] SKIP: VIX(15:50)=28.6 > 26.0
2026-03-31 22:28:08 | DEBUG    | [20220701] SKIP: VIX(15:50)=26.8 > 26.0
2026-03-31 22:28:08 | DEBUG    | [20220705] SKIP: VIX(15:50)=27.6 > 26.0
2026-03-31 22:28:08 | DEBUG    | [20220706] SKIP: VIX(15:50)=26.8 > 26.0
2026-03-31 22:28:08 | DEBUG    | [20220707] SPX=3901 -> 3902 | C 3905/3910 x5 | credit=$0.65 settle=$0.00 | P&L=$+315 | eq=$50,237
2026-03-31 22:28:08 | DEBUG    | [20220708] SPX=3905 -> 3899 | C 3910/3915 x5 | credit=$0.15 settle=$0.00 | P&L=$+65 | eq=$50,302
2026-03-31 22:28:08 | DEBUG    | [20220711] SKIP: VIX(15:50)=26.6 > 26.0
2026-03-31 22:28:08 | DEBUG    | [20220712] SKIP: VIX(15:50)=27.4 > 26.0
2026-03-31 22:28:08 | DEBUG    | [20220713] SKIP: VIX(15:50)=26.8 > 26.0
2026-03-31 22:28:08 | DEBUG    | [20220714] SKIP: VIX(15:50)=26.4 > 26.0
2026-03-31 22:28:08 | DEBUG    | [20220715] Credit $-0.05 < min $0.10
2026-03-31 22:28:08 | DEBUG    | [20220718] No quotes for C 3835/3840 at 15:55:00
2026-03-31 22:28:08 | DEBUG    | [20220719] SPX=3936 -> 3936 | C 3940/3945 x5 | credit=$0.20 settle=$0.00 | P&L=$+90 | eq=$50,392
2026-03-31 22:28:08 | DEBUG    | [20220720] SPX=3962 -> 3960 | C 3965/3970 x5 | credit=$0.35 settle=$0.00 | P&L=$+165 | eq=$50,557
2026-03-31 22:28:08 | DEBUG    | [20220721] SPX=3996 -> 3999 | C 4000/4005 x5 | credit=$0.35 settle=$0.00 | P&L=$+165 | eq=$50,722
2026-03-31 22:28:08 | DEBUG    | [20220722] No quotes for C 3965/3970 at 15:55:00
2026-03-31 22:28:08 | DEBUG    | [20220725] Credit $0.00 < min $0.10
2026-03-31 22:28:08 | DEBUG    | [20220726] No quotes for C 3930/3935 at 15:55:00
2026-03-31 22:28:08 | DEBUG    | [20220727] SKIP: Afternoon return=1.407% >= 1.0%
2026-03-31 22:28:08 | DEBUG    | [20220728] SPX=4070 -> 4072 | C 4075/4080 x5 | credit=$0.30 settle=$0.00 | P&L=$+140 | eq=$50,862
2026-03-31 22:28:08 | DEBUG    | [20220729] SPX=4132 -> 4130 | C 4135/4140 x6 | credit=$1.00 settle=$0.00 | P&L=$+588 | eq=$51,450
2026-03-31 22:28:08 | DEBUG    | [20220801] SPX=4117 -> 4119 | C 4120/4125 x5 | credit=$0.70 settle=$0.00 | P&L=$+340 | eq=$51,790
2026-03-31 22:28:08 | DEBUG    | [20220803] SPX=4161 -> 4155 | C 4165/4170 x6 | credit=$0.90 settle=$0.00 | P&L=$+528 | eq=$52,318
2026-03-31 22:28:08 | DEBUG    | [20220804] Credit $-0.05 < min $0.10
2026-03-31 22:28:08 | DEBUG    | [20220805] Credit $0.05 < min $0.10
2026-03-31 22:28:08 | DEBUG    | [20220808] No quotes for C 4145/4150 at 15:55:00
2026-03-31 22:28:08 | DEBUG    | [20220809] No quotes for C 4125/4130 at 15:55:00
2026-03-31 22:28:08 | DEBUG    | [20220810] Credit $0.10 < min $0.10
2026-03-31 22:28:08 | DEBUG    | [20220811] No quotes for C 4215/4220 at 15:55:00
2026-03-31 22:28:08 | DEBUG    | [20220812] Credit $0.05 < min $0.10
2026-03-31 22:28:08 | DEBUG    | [20220815] SPX=4296 -> 4297 | C 4300/4305 x5 | credit=$0.20 settle=$0.00 | P&L=$+90 | eq=$52,408
2026-03-31 22:28:08 | DEBUG    | [20220816] SPX=4305 -> 4305 | C 4310/4315 x5 | credit=$0.65 settle=$0.00 | P&L=$+315 | eq=$52,723
2026-03-31 22:28:08 | DEBUG    | [20220817] Credit $-0.05 < min $0.10
2026-03-31 22:28:08 | DEBUG    | [20220818] SPX=4281 -> 4284 | C 4285/4290 x5 | credit=$0.30 settle=$0.00 | P&L=$+140 | eq=$52,863
2026-03-31 22:28:08 | DEBUG    | [20220819] No quotes for C 4235/4240 at 15:55:00
2026-03-31 22:28:08 | DEBUG    | [20220822] No quotes for C 4145/4150 at 15:55:00
2026-03-31 22:28:08 | DEBUG    | [20220823] Credit $-0.05 < min $0.10
2026-03-31 22:28:08 | DEBUG    | [20220824] Credit $0.05 < min $0.10
2026-03-31 22:28:08 | DEBUG    | [20220825] Credit $0.05 < min $0.10
2026-03-31 22:28:08 | DEBUG    | [20220826] No quotes for C 4065/4070 at 15:55:00
2026-03-31 22:28:08 | DEBUG    | [20220829] SPX=4036 -> 4031 | C 4040/4045 x5 | credit=$0.75 settle=$0.00 | P&L=$+365 | eq=$53,228
2026-03-31 22:28:08 | DEBUG    | [20220830] SKIP: VIX(15:50)=26.6 > 26.0
2026-03-31 22:28:08 | DEBUG    | [20220831] No quotes for C 3970/3975 at 15:55:00
2026-03-31 22:28:08 | DEBUG    | [20220901] SKIP: Afternoon return=1.232% >= 1.0%
2026-03-31 22:28:08 | DEBUG    | [20220902] No quotes for C 3925/3930 at 15:55:00
2026-03-31 22:28:08 | DEBUG    | [20220906] SKIP: VIX(15:50)=26.8 > 26.0
2026-03-31 22:28:08 | DEBUG    | [20220907] SPX=3978 -> 3980 | C 3985/3990 x6 | credit=$1.05 settle=$0.00 | P&L=$+618 | eq=$53,846
2026-03-31 22:28:08 | DEBUG    | [20220908] Credit $0.10 < min $0.10
2026-03-31 22:28:09 | DEBUG    | [20220909] SPX=4071 -> 4067 | C 4075/4080 x6 | credit=$0.95 settle=$0.00 | P&L=$+558 | eq=$54,404
2026-03-31 22:28:09 | DEBUG    | [20220912] Credit $0.00 < min $0.10
2026-03-31 22:28:09 | DEBUG    | [20220913] SKIP: VIX(15:50)=27.7 > 26.0
2026-03-31 22:28:09 | DEBUG    | [20220914] SKIP: VIX(15:50)=26.6 > 26.0
2026-03-31 22:28:09 | DEBUG    | [20220915] SKIP: VIX(15:50)=26.5 > 26.0
2026-03-31 22:28:09 | DEBUG    | [20220916] SKIP: VIX(15:50)=26.5 > 26.0
2026-03-31 22:28:09 | DEBUG    | [20220919] SPX=3896 -> 3900 | C 3900/3905 x6 | credit=$1.10 settle=$0.00 | P&L=$+648 | eq=$55,052
2026-03-31 22:28:09 | DEBUG    | [20220920] SKIP: VIX(15:50)=27.1 > 26.0
2026-03-31 22:28:09 | DEBUG    | [20220921] SKIP: VIX(15:50)=27.9 > 26.0
2026-03-31 22:28:09 | DEBUG    | [20220922] SKIP: VIX(15:50)=26.9 > 26.0
2026-03-31 22:28:09 | DEBUG    | [20220923] SKIP: VIX(15:50)=30.2 > 26.0
2026-03-31 22:28:09 | DEBUG    | [20220926] SKIP: VIX(15:50)=31.7 > 26.0
2026-03-31 22:28:09 | DEBUG    | [20220927] SKIP: VIX(15:50)=32.9 > 26.0
2026-03-31 22:28:09 | DEBUG    | [20220928] SKIP: VIX(15:50)=30.1 > 26.0
2026-03-31 22:28:09 | DEBUG    | [20220929] SKIP: VIX(15:50)=31.9 > 26.0
2026-03-31 22:28:09 | DEBUG    | [20220930] SKIP: VIX(15:50)=31.7 > 26.0
2026-03-31 22:28:09 | DEBUG    | [20221003] SKIP: VIX(15:50)=30.2 > 26.0
2026-03-31 22:28:09 | DEBUG    | [20221004] SKIP: VIX(15:50)=29.0 > 26.0
2026-03-31 22:28:09 | DEBUG    | [20221005] SKIP: VIX(15:50)=28.9 > 26.0
2026-03-31 22:28:09 | DEBUG    | [20221006] SKIP: VIX(15:50)=30.4 > 26.0
2026-03-31 22:28:09 | DEBUG    | [20221007] SKIP: VIX(15:50)=31.4 > 26.0
2026-03-31 22:28:09 | DEBUG    | [20221010] SKIP: VIX(15:50)=32.4 > 26.0
2026-03-31 22:28:09 | DEBUG    | [20221011] SKIP: VIX(15:50)=33.7 > 26.0
2026-03-31 22:28:09 | DEBUG    | [20221012] SKIP: VIX(15:50)=33.8 > 26.0
2026-03-31 22:28:09 | DEBUG    | [20221013] SKIP: VIX(15:50)=32.3 > 26.0
2026-03-31 22:28:09 | DEBUG    | [20221014] SKIP: VIX(15:50)=32.0 > 26.0
2026-03-31 22:28:09 | DEBUG    | [20221017] SKIP: VIX(15:50)=31.1 > 26.0
2026-03-31 22:28:09 | DEBUG    | [20221018] SKIP: VIX(15:50)=30.8 > 26.0
2026-03-31 22:28:09 | DEBUG    | [20221019] SKIP: VIX(15:50)=31.0 > 26.0
2026-03-31 22:28:09 | DEBUG    | [20221020] SKIP: VIX(15:50)=30.2 > 26.0
2026-03-31 22:28:09 | DEBUG    | [20221021] SKIP: VIX(15:50)=30.0 > 26.0
2026-03-31 22:28:09 | DEBUG    | [20221024] SKIP: VIX(15:50)=30.0 > 26.0
2026-03-31 22:28:09 | DEBUG    | [20221025] SKIP: VIX(15:50)=28.3 > 26.0
2026-03-31 22:28:09 | DEBUG    | [20221026] SKIP: VIX(15:50)=27.6 > 26.0
2026-03-31 22:28:09 | DEBUG    | [20221027] SKIP: VIX(15:50)=27.0 > 26.0
2026-03-31 22:28:09 | DEBUG    | [20221028] SPX=3901 -> 3901 | C 3905/3910 x6 | credit=$1.00 settle=$0.00 | P&L=$+588 | eq=$55,640
2026-03-31 22:28:09 | DEBUG    | [20221031] Credit $0.00 < min $0.10
2026-03-31 22:28:09 | DEBUG    | [20221101] No quotes for C 3865/3870 at 15:55:00
2026-03-31 22:28:09 | DEBUG    | [20221102] No quotes for C 3770/3775 at 15:55:00
2026-03-31 22:28:09 | DEBUG    | [20221103] No quotes for C 3725/3730 at 15:55:00
2026-03-31 22:28:09 | DEBUG    | [20221104] SKIP: Afternoon return=1.155% >= 1.0%
2026-03-31 22:28:09 | DEBUG    | [20221107] SPX=3805 -> 3807 | C 3810/3815 x5 | credit=$0.55 settle=$0.00 | P&L=$+265 | eq=$55,905
2026-03-31 22:28:09 | DEBUG    | [20221108] SPX=3831 -> 3828 | C 3835/3840 x6 | credit=$1.15 settle=$0.00 | P&L=$+678 | eq=$56,583
2026-03-31 22:28:09 | DEBUG    | [20221109] SKIP: VIX(15:50)=26.1 > 26.0
2026-03-31 22:28:09 | DEBUG    | [20221110] SKIP: Afternoon return=1.444% >= 1.0%
2026-03-31 22:28:09 | DEBUG    | [20221111] SPX=3994 -> 3993 | C 4000/4005 x6 | credit=$0.95 settle=$0.00 | P&L=$+558 | eq=$57,141
2026-03-31 22:28:09 | DEBUG    | [20221114] No quotes for C 3965/3970 at 15:55:00
2026-03-31 22:28:09 | DEBUG    | [20221115] No quotes for C 3995/4000 at 15:55:00
2026-03-31 22:28:09 | DEBUG    | [20221116] No quotes for C 3965/3970 at 15:55:00
2026-03-31 22:28:09 | DEBUG    | [20221117] Credit $0.05 < min $0.10
2026-03-31 22:28:09 | DEBUG    | [20221118] Credit $0.00 < min $0.10
2026-03-31 22:28:09 | DEBUG    | [20221121] Credit $0.05 < min $0.10
2026-03-31 22:28:09 | DEBUG    | [20221122] Credit $0.00 < min $0.10
2026-03-31 22:28:09 | DEBUG    | [20221123] SPX=4024 -> 4027 | C 4030/4035 x5 | credit=$0.15 settle=$0.00 | P&L=$+65 | eq=$57,206
2026-03-31 22:28:09 | DEBUG    | [20221128] No quotes for C 3970/3975 at 15:55:00
2026-03-31 22:28:09 | DEBUG    | [20221130] SKIP: Afternoon return=3.175% >= 1.0%
2026-03-31 22:28:09 | DEBUG    | [20221201] Credit $-0.05 < min $0.10
2026-03-31 22:28:09 | DEBUG    | [20221202] SPX=4069 -> 4072 | C 4075/4080 x5 | credit=$0.15 settle=$0.00 | P&L=$+65 | eq=$57,271
2026-03-31 22:28:09 | DEBUG    | [20221205] No quotes for C 4005/4010 at 15:55:00
2026-03-31 22:28:09 | DEBUG    | [20221206] No quotes for C 3945/3950 at 15:55:00
2026-03-31 22:28:09 | DEBUG    | [20221207] Credit $0.00 < min $0.10
2026-03-31 22:28:09 | DEBUG    | [20221208] Credit $0.05 < min $0.10
2026-03-31 22:28:09 | DEBUG    | [20221209] No quotes for C 3945/3950 at 15:55:00
2026-03-31 22:28:09 | DEBUG    | [20221212] Credit $0.05 < min $0.10
2026-03-31 22:28:09 | DEBUG    | [20221213] No quotes for C 4025/4030 at 15:55:00
2026-03-31 22:28:09 | DEBUG    | [20221214] No quotes for C 4005/4010 at 15:55:00
2026-03-31 22:28:09 | DEBUG    | [20221215] No quotes for C 3895/3900 at 15:55:00
2026-03-31 22:28:09 | DEBUG    | [20221216] No quotes for C 3865/3870 at 15:55:00
2026-03-31 22:28:09 | DEBUG    | [20221219] No quotes for C 3820/3825 at 15:55:00
2026-03-31 22:28:09 | DEBUG    | [20221220] SPX=3825 -> 3822 | C 3830/3835 x5 | credit=$0.20 settle=$0.00 | P&L=$+90 | eq=$57,361
2026-03-31 22:28:09 | DEBUG    | [20221221] Credit $0.05 < min $0.10
2026-03-31 22:28:09 | DEBUG    | [20221222] SKIP: Afternoon return=1.152% >= 1.0%
2026-03-31 22:28:09 | DEBUG    | [20221223] Credit $0.10 < min $0.10
2026-03-31 22:28:09 | DEBUG    | [20221227] No quotes for C 3835/3840 at 15:55:00
2026-03-31 22:28:09 | DEBUG    | [20221228] No quotes for C 3790/3795 at 15:55:00
2026-03-31 22:28:09 | DEBUG    | [20221229] SPX=3852 -> 3849 | C 3855/3860 x5 | credit=$0.50 settle=$0.00 | P&L=$+240 | eq=$57,601
2026-03-31 22:28:09 | DEBUG    | [20221230] SPX=3836 -> 3840 | C 3840/3845 x5 | credit=$0.55 settle=$0.00 | P&L=$+265 | eq=$57,866
2026-03-31 22:28:09 | DEBUG    | [20230103] No quotes for C 3830/3835 at 15:55:00
2026-03-31 22:28:09 | DEBUG    | [20230104] Credit $0.00 < min $0.10
2026-03-31 22:28:09 | DEBUG    | [20230105] No quotes for C 3810/3815 at 15:55:00
2026-03-31 22:28:09 | DEBUG    | [20230106] SPX=3895 -> 3895 | C 3900/3905 x5 | credit=$0.25 settle=$0.00 | P&L=$+115 | eq=$57,981
2026-03-31 22:28:09 | DEBUG    | [20230109] No quotes for C 3895/3900 at 15:55:00
2026-03-31 22:28:09 | DEBUG    | [20230110] Credit $-0.05 < min $0.10
2026-03-31 22:28:09 | DEBUG    | [20230111] Credit $-0.05 < min $0.10
2026-03-31 22:28:09 | DEBUG    | [20230112] SPX=3981 -> 3983 | C 3985/3990 x5 | credit=$0.15 settle=$0.00 | P&L=$+65 | eq=$58,046
2026-03-31 22:28:09 | DEBUG    | [20230113] Credit $0.05 < min $0.10
2026-03-31 22:28:09 | DEBUG    | [20230118] No quotes for C 3935/3940 at 15:55:00
2026-03-31 22:28:09 | DEBUG    | [20230119] Credit $-0.05 < min $0.10
2026-03-31 22:28:09 | DEBUG    | [20230120] SPX=3971 -> 3972 | C 3975/3980 x5 | credit=$0.15 settle=$0.00 | P&L=$+65 | eq=$58,111
2026-03-31 22:28:09 | DEBUG    | [20230123] Credit $0.10 < min $0.10
2026-03-31 22:28:09 | DEBUG    | [20230124] Credit $-0.05 < min $0.10
2026-03-31 22:28:09 | DEBUG    | [20230125] Credit $-0.05 < min $0.10
2026-03-31 22:28:09 | DEBUG    | [20230126] Credit $0.00 < min $0.10
2026-03-31 22:28:09 | DEBUG    | [20230127] SPX=4072 -> 4070 | C 4075/4080 x6 | credit=$0.85 settle=$0.00 | P&L=$+498 | eq=$58,609
2026-03-31 22:28:09 | DEBUG    | [20230130] No quotes for C 4020/4025 at 15:55:00
2026-03-31 22:28:09 | DEBUG    | [20230131] SPX=4069 -> 4077 | C 4075/4080 x5 | credit=$0.50 settle=$1.70 | P&L=$-610 | eq=$57,999
2026-03-31 22:28:09 | DEBUG    | [20230201] SKIP: Afternoon return=1.542% >= 1.0%
2026-03-31 22:28:09 | DEBUG    | [20230202] SPX=4174 -> 4180 | C 4180/4185 x5 | credit=$0.25 settle=$0.00 | P&L=$+115 | eq=$58,114
2026-03-31 22:28:09 | DEBUG    | [20230203] SPX=4138 -> 4136 | C 4145/4150 x5 | credit=$0.30 settle=$0.00 | P&L=$+140 | eq=$58,254
2026-03-31 22:28:09 | DEBUG    | [20230207] SPX=4169 -> 4164 | C 4175/4180 x8 | credit=$1.95 settle=$0.00 | P&L=$+1544 | eq=$59,798
2026-03-31 22:28:09 | DEBUG    | [20230208] No quotes for C 4120/4125 at 15:55:00
2026-03-31 22:28:09 | DEBUG    | [20230209] No quotes for C 4090/4095 at 15:55:00
2026-03-31 22:28:09 | DEBUG    | [20230210] SPX=4092 -> 4090 | C 4095/4100 x5 | credit=$0.65 settle=$0.00 | P&L=$+315 | eq=$60,113
2026-03-31 22:28:09 | DEBUG    | [20230213] Credit $0.00 < min $0.10
2026-03-31 22:28:09 | DEBUG    | [20230214] SPX=4144 -> 4136 | C 4150/4155 x5 | credit=$0.15 settle=$0.00 | P&L=$+65 | eq=$60,178
2026-03-31 22:28:09 | DEBUG    | [20230215] SPX=4141 -> 4148 | C 4145/4150 x5 | credit=$0.15 settle=$2.76 | P&L=$-1315 | eq=$58,863
2026-03-31 22:28:09 | DEBUG    | [20230216] No quotes for C 4100/4105 at 15:55:00
2026-03-31 22:28:09 | DEBUG    | [20230217] Credit $0.05 < min $0.10
2026-03-31 22:28:09 | DEBUG    | [20230221] No quotes for C 4005/4010 at 15:55:00
2026-03-31 22:28:09 | DEBUG    | [20230222] No quotes for C 3990/3995 at 15:55:00
2026-03-31 22:28:09 | DEBUG    | [20230224] Credit $-0.05 < min $0.10
2026-03-31 22:28:09 | DEBUG    | [20230227] Credit $-0.05 < min $0.10
2026-03-31 22:28:09 | DEBUG    | [20230228] SPX=3976 -> 3970 | C 3980/3985 x5 | credit=$0.40 settle=$0.00 | P&L=$+190 | eq=$59,053
2026-03-31 22:28:09 | DEBUG    | [20230301] No quotes for C 3955/3960 at 15:55:00
2026-03-31 22:28:09 | DEBUG    | [20230302] Credit $0.10 < min $0.10
2026-03-31 22:28:09 | DEBUG    | [20230303] Credit $0.10 < min $0.10
2026-03-31 22:28:09 | DEBUG    | [20230306] Credit $-0.05 < min $0.10
2026-03-31 22:28:09 | DEBUG    | [20230307] No quotes for C 3990/3995 at 15:55:00
2026-03-31 22:28:09 | DEBUG    | [20230308] SPX=3992 -> 3992 | C 3995/4000 x5 | credit=$0.35 settle=$0.00 | P&L=$+165 | eq=$59,218
2026-03-31 22:28:09 | DEBUG    | [20230309] No quotes for C 3930/3935 at 15:55:00
2026-03-31 22:28:09 | DEBUG    | [20230310] No quotes for C 3865/3870 at 15:55:00
2026-03-31 22:28:09 | DEBUG    | [20230313] SKIP: VIX(15:50)=26.7 > 26.0
2026-03-31 22:28:09 | DEBUG    | [20230314] Credit $-0.05 < min $0.10
2026-03-31 22:28:09 | DEBUG    | [20230315] SKIP: VIX(15:50)=26.7 > 26.0
2026-03-31 22:28:09 | DEBUG    | [20230316] SPX=3955 -> 3960 | C 3960/3965 x6 | credit=$0.90 settle=$0.33 | P&L=$+330 | eq=$59,548
2026-03-31 22:28:09 | DEBUG    | [20230317] No quotes for C 3925/3930 at 15:55:00
2026-03-31 22:28:09 | DEBUG    | [20230320] SPX=3950 -> 3952 | C 3955/3960 x5 | credit=$0.60 settle=$0.00 | P&L=$+290 | eq=$59,838
2026-03-31 22:28:09 | DEBUG    | [20230321] SPX=4004 -> 4003 | C 4010/4015 x5 | credit=$0.20 settle=$0.00 | P&L=$+90 | eq=$59,928
2026-03-31 22:28:09 | DEBUG    | [20230322] No quotes for C 3955/3960 at 15:55:00
2026-03-31 22:28:09 | DEBUG    | [20230324] SPX=3960 -> 3971 | C 3965/3970 x6 | credit=$0.85 settle=$5.00 | P&L=$-2502 | eq=$57,426
2026-03-31 22:28:09 | DEBUG    | [20230327] Credit $0.05 < min $0.10
2026-03-31 22:28:09 | DEBUG    | [20230328] Credit $-0.05 < min $0.10
2026-03-31 22:28:09 | DEBUG    | [20230329] SPX=4027 -> 4028 | C 4030/4035 x5 | credit=$0.45 settle=$0.00 | P&L=$+215 | eq=$57,641
2026-03-31 22:28:09 | DEBUG    | [20230330] Credit $0.05 < min $0.10
2026-03-31 22:28:09 | DEBUG    | [20230403] Credit $0.00 < min $0.10
2026-03-31 22:28:09 | DEBUG    | [20230404] No quotes for C 4105/4110 at 15:55:00
2026-03-31 22:28:09 | DEBUG    | [20230405] Credit $-0.05 < min $0.10
2026-03-31 22:28:09 | DEBUG    | [20230406] Credit $-0.05 < min $0.10
2026-03-31 22:28:09 | DEBUG    | [20230410] Credit $-0.05 < min $0.10
2026-03-31 22:28:09 | DEBUG    | [20230411] SPX=4108 -> 4109 | C 4115/4120 x5 | credit=$0.30 settle=$0.00 | P&L=$+140 | eq=$57,781
2026-03-31 22:28:09 | DEBUG    | [20230412] No quotes for C 4095/4100 at 15:55:00
2026-03-31 22:28:09 | DEBUG    | [20230413] SPX=4146 -> 4146 | C 4150/4155 x5 | credit=$0.10 settle=$0.00 | P&L=$+40 | eq=$57,821
2026-03-31 22:28:09 | DEBUG    | [20230414] Credit $-0.05 < min $0.10
2026-03-31 22:28:09 | DEBUG    | [20230417] Credit $0.00 < min $0.10
2026-03-31 22:28:09 | DEBUG    | [20230418] Credit $-0.05 < min $0.10
2026-03-31 22:28:09 | DEBUG    | [20230419] Credit $-0.05 < min $0.10
2026-03-31 22:28:09 | DEBUG    | [20230420] Credit $-0.05 < min $0.10
2026-03-31 22:28:09 | DEBUG    | [20230421] Credit $-0.05 < min $0.10
2026-03-31 22:28:09 | DEBUG    | [20230424] Credit $0.00 < min $0.10
2026-03-31 22:28:09 | DEBUG    | [20230425] No quotes for C 4080/4085 at 15:55:00
2026-03-31 22:28:09 | DEBUG    | [20230426] No quotes for C 4065/4070 at 15:55:00
2026-03-31 22:28:09 | DEBUG    | [20230427] SPX=4135 -> 4135 | C 4140/4145 x5 | credit=$0.15 settle=$0.00 | P&L=$+65 | eq=$57,886
2026-03-31 22:28:09 | DEBUG    | [20230428] Credit $0.00 < min $0.10
2026-03-31 22:28:09 | DEBUG    | [20230501] Credit $0.00 < min $0.10
2026-03-31 22:28:09 | DEBUG    | [20230502] No quotes for C 4125/4130 at 15:55:00
2026-03-31 22:28:09 | DEBUG    | [20230503] No quotes for C 4100/4105 at 15:55:00
2026-03-31 22:28:09 | DEBUG    | [20230504] No quotes for C 4070/4075 at 15:55:00
2026-03-31 22:28:09 | DEBUG    | [20230505] SPX=4136 -> 4136 | C 4140/4145 x5 | credit=$0.20 settle=$0.00 | P&L=$+90 | eq=$57,976
2026-03-31 22:28:09 | DEBUG    | [20230508] Credit $-0.05 < min $0.10
2026-03-31 22:28:09 | DEBUG    | [20230509] Credit $-0.05 < min $0.10
2026-03-31 22:28:09 | DEBUG    | [20230511] Credit $0.00 < min $0.10
2026-03-31 22:28:09 | DEBUG    | [20230512] No quotes for C 4130/4135 at 15:55:00
2026-03-31 22:28:09 | DEBUG    | [20230515] Credit $-0.05 < min $0.10
2026-03-31 22:28:09 | DEBUG    | [20230516] No quotes for C 4115/4120 at 15:55:00
2026-03-31 22:28:09 | DEBUG    | [20230517] Credit $0.05 < min $0.10
2026-03-31 22:28:09 | DEBUG    | [20230518] Credit $0.10 < min $0.10
2026-03-31 22:28:09 | DEBUG    | [20230522] Credit $-0.05 < min $0.10
2026-03-31 22:28:09 | DEBUG    | [20230523] No quotes for C 4155/4160 at 15:55:00
2026-03-31 22:28:09 | DEBUG    | [20230524] No quotes for C 4120/4125 at 15:55:00
2026-03-31 22:28:09 | DEBUG    | [20230525] Credit $0.00 < min $0.10
2026-03-31 22:28:09 | DEBUG    | [20230526] Credit $0.00 < min $0.10
2026-03-31 22:28:09 | DEBUG    | [20230530] No quotes for C 4210/4215 at 15:55:00
2026-03-31 22:28:09 | DEBUG    | [20230531] Credit $-0.05 < min $0.10
2026-03-31 22:28:09 | DEBUG    | [20230601] Credit $-0.05 < min $0.10
2026-03-31 22:28:09 | DEBUG    | [20230602] Credit $0.00 < min $0.10
2026-03-31 22:28:09 | DEBUG    | [20230606] Credit $-0.05 < min $0.10
2026-03-31 22:28:09 | DEBUG    | [20230607] No quotes for C 4270/4275 at 15:55:00
2026-03-31 22:28:09 | DEBUG    | [20230608] Credit $0.00 < min $0.10
2026-03-31 22:28:09 | DEBUG    | [20230609] Credit $-0.05 < min $0.10
2026-03-31 22:28:09 | DEBUG    | [20230612] Credit $0.10 < min $0.10
2026-03-31 22:28:09 | DEBUG    | [20230613] Credit $0.00 < min $0.10
2026-03-31 22:28:09 | DEBUG    | [20230614] Credit $0.05 < min $0.10
2026-03-31 22:28:09 | DEBUG    | [20230615] SPX=4425 -> 4426 | C 4430/4435 x6 | credit=$1.00 settle=$0.00 | P&L=$+588 | eq=$58,564
2026-03-31 22:28:09 | DEBUG    | [20230616] No quotes for C 4415/4420 at 15:55:00
2026-03-31 22:28:09 | DEBUG    | [20230620] Credit $-0.05 < min $0.10
2026-03-31 22:28:09 | DEBUG    | [20230622] Credit $0.00 < min $0.10
2026-03-31 22:28:09 | DEBUG    | [20230623] Credit $-0.05 < min $0.10
2026-03-31 22:28:09 | DEBUG    | [20230627] Credit $0.00 < min $0.10
2026-03-31 22:28:09 | DEBUG    | [20230628] SPX=4371 -> 4377 | C 4375/4380 x5 | credit=$0.15 settle=$2.15 | P&L=$-1010 | eq=$57,554
2026-03-31 22:28:09 | DEBUG    | [20230629] Credit $0.00 < min $0.10
2026-03-31 22:28:09 | DEBUG    | [20230630] SPX=4455 -> 4450 | C 4460/4465 x6 | credit=$1.00 settle=$0.00 | P&L=$+588 | eq=$58,142
2026-03-31 22:28:09 | DEBUG    | [20230703] No quotes for C 4200/4205 at 15:55:00
2026-03-31 22:28:09 | DEBUG    | [20230705] Credit $0.00 < min $0.10
2026-03-31 22:28:09 | DEBUG    | [20230707] Credit $0.05 < min $0.10
2026-03-31 22:28:09 | DEBUG    | [20230710] Credit $0.05 < min $0.10
2026-03-31 22:28:09 | DEBUG    | [20230711] Credit $0.10 < min $0.10
2026-03-31 22:28:09 | DEBUG    | [20230712] SPX=4471 -> 4472 | C 4475/4480 x6 | credit=$0.85 settle=$0.00 | P&L=$+498 | eq=$58,640
2026-03-31 22:28:09 | DEBUG    | [20230713] SPX=4511 -> 4510 | C 4515/4520 x5 | credit=$0.65 settle=$0.00 | P&L=$+315 | eq=$58,955
2026-03-31 22:28:09 | DEBUG    | [20230717] SPX=4524 -> 4523 | C 4530/4535 x5 | credit=$0.25 settle=$0.00 | P&L=$+115 | eq=$59,070
2026-03-31 22:28:09 | DEBUG    | [20230718] SPX=4556 -> 4555 | C 4560/4565 x5 | credit=$0.60 settle=$0.00 | P&L=$+290 | eq=$59,360
2026-03-31 22:28:09 | DEBUG    | [20230719] Credit $-0.05 < min $0.10
2026-03-31 22:28:09 | DEBUG    | [20230720] No quotes for C 4540/4545 at 15:55:00
2026-03-31 22:28:09 | DEBUG    | [20230724] Credit $-0.05 < min $0.10
2026-03-31 22:28:09 | DEBUG    | [20230725] Credit $0.05 < min $0.10
2026-03-31 22:28:09 | DEBUG    | [20230726] SPX=4560 -> 4567 | C 4565/4570 x5 | credit=$0.40 settle=$1.96 | P&L=$-790 | eq=$58,570
2026-03-31 22:28:09 | DEBUG    | [20230727] No quotes for C 4540/4545 at 15:55:00
2026-03-31 22:28:09 | DEBUG    | [20230728] SPX=4582 -> 4582 | C 4585/4590 x5 | credit=$0.30 settle=$0.00 | P&L=$+140 | eq=$58,710
2026-03-31 22:28:09 | DEBUG    | [20230731] Credit $-0.05 < min $0.10
2026-03-31 22:28:09 | DEBUG    | [20230801] Credit $0.10 < min $0.10
2026-03-31 22:28:09 | DEBUG    | [20230802] No quotes for C 4520/4525 at 15:55:00
2026-03-31 22:28:09 | DEBUG    | [20230803] Credit $0.10 < min $0.10
2026-03-31 22:28:09 | DEBUG    | [20230804] No quotes for C 4480/4485 at 15:55:00
2026-03-31 22:28:09 | DEBUG    | [20230807] Credit $-0.05 < min $0.10
2026-03-31 22:28:09 | DEBUG    | [20230808] SPX=4501 -> 4499 | C 4505/4510 x5 | credit=$0.10 settle=$0.00 | P&L=$+40 | eq=$58,750
2026-03-31 22:28:09 | DEBUG    | [20230809] No quotes for C 4470/4475 at 15:55:00
2026-03-31 22:28:09 | DEBUG    | [20230810] No quotes for C 4475/4480 at 15:55:00
2026-03-31 22:28:09 | DEBUG    | [20230811] SPX=4461 -> 4464 | C 4465/4470 x6 | credit=$0.85 settle=$0.00 | P&L=$+498 | eq=$59,248
2026-03-31 22:28:09 | DEBUG    | [20230814] Credit $-0.05 < min $0.10
2026-03-31 22:28:09 | DEBUG    | [20230815] No quotes for C 4445/4450 at 15:55:00
2026-03-31 22:28:09 | DEBUG    | [20230816] No quotes for C 4415/4420 at 15:55:00
2026-03-31 22:28:09 | DEBUG    | [20230817] No quotes for C 4385/4390 at 15:55:00
2026-03-31 22:28:09 | DEBUG    | [20230818] SPX=4369 -> 4370 | C 4375/4380 x5 | credit=$0.30 settle=$0.00 | P&L=$+140 | eq=$59,388
2026-03-31 22:28:09 | DEBUG    | [20230821] Credit $0.05 < min $0.10
2026-03-31 22:28:09 | DEBUG    | [20230822] No quotes for C 4395/4400 at 15:55:00
2026-03-31 22:28:09 | DEBUG    | [20230823] SPX=4432 -> 4436 | C 4435/4440 x6 | credit=$0.85 settle=$1.13 | P&L=$-180 | eq=$59,208
2026-03-31 22:28:09 | DEBUG    | [20230824] No quotes for C 4385/4390 at 15:55:00
2026-03-31 22:28:09 | DEBUG    | [20230825] Credit $-0.05 < min $0.10
2026-03-31 22:28:09 | DEBUG    | [20230828] Credit $0.00 < min $0.10
2026-03-31 22:28:09 | DEBUG    | [20230829] Credit $0.10 < min $0.10
2026-03-31 22:28:09 | DEBUG    | [20230830] Credit $-0.05 < min $0.10
2026-03-31 22:28:09 | DEBUG    | [20230831] Credit $0.10 < min $0.10
2026-03-31 22:28:09 | DEBUG    | [20230901] No quotes for C 4520/4525 at 15:55:00
2026-03-31 22:28:09 | DEBUG    | [20230906] No quotes for C 4470/4475 at 15:55:00
2026-03-31 22:28:09 | DEBUG    | [20230907] SPX=4450 -> 4451 | C 4455/4460 x5 | credit=$0.75 settle=$0.00 | P&L=$+365 | eq=$59,573
2026-03-31 22:28:09 | DEBUG    | [20230908] Credit $-0.05 < min $0.10
2026-03-31 22:28:09 | DEBUG    | [20230911] Credit $0.00 < min $0.10
2026-03-31 22:28:09 | DEBUG    | [20230913] Credit $-0.05 < min $0.10
2026-03-31 22:28:10 | DEBUG    | [20230914] Credit $0.00 < min $0.10
2026-03-31 22:28:10 | DEBUG    | [20230915] No quotes for C 4455/4460 at 15:55:00
2026-03-31 22:28:10 | DEBUG    | [20230918] Credit $-0.05 < min $0.10
2026-03-31 22:28:10 | DEBUG    | [20230919] Credit $0.00 < min $0.10
2026-03-31 22:28:10 | DEBUG    | [20230920] No quotes for C 4415/4420 at 15:55:00
2026-03-31 22:28:10 | DEBUG    | [20230921] No quotes for C 4340/4345 at 15:55:00
2026-03-31 22:28:10 | DEBUG    | [20230922] No quotes for C 4325/4330 at 15:55:00
2026-03-31 22:28:10 | DEBUG    | [20230925] Credit $-0.05 < min $0.10
2026-03-31 22:28:10 | DEBUG    | [20230926] No quotes for C 4280/4285 at 15:55:00
2026-03-31 22:28:10 | DEBUG    | [20230928] Credit $0.05 < min $0.10
2026-03-31 22:28:10 | DEBUG    | [20230929] No quotes for C 4290/4295 at 15:55:00
2026-03-31 22:28:10 | DEBUG    | [20231002] Credit $0.10 < min $0.10
2026-03-31 22:28:10 | DEBUG    | [20231003] No quotes for C 4230/4235 at 15:55:00
2026-03-31 22:28:10 | DEBUG    | [20231004] SPX=4267 -> 4263 | C 4270/4275 x5 | credit=$0.55 settle=$0.00 | P&L=$+265 | eq=$59,838
2026-03-31 22:28:10 | DEBUG    | [20231005] SPX=4257 -> 4258 | C 4265/4270 x5 | credit=$0.10 settle=$0.00 | P&L=$+40 | eq=$59,878
2026-03-31 22:28:10 | DEBUG    | [20231006] SPX=4310 -> 4308 | C 4315/4320 x5 | credit=$0.20 settle=$0.00 | P&L=$+90 | eq=$59,968
2026-03-31 22:28:10 | DEBUG    | [20231009] Credit $0.00 < min $0.10
2026-03-31 22:28:10 | DEBUG    | [20231010] Credit $0.05 < min $0.10
2026-03-31 22:28:10 | DEBUG    | [20231011] SPX=4375 -> 4377 | C 4380/4385 x5 | credit=$0.20 settle=$0.00 | P&L=$+90 | eq=$60,058
2026-03-31 22:28:10 | DEBUG    | [20231012] No quotes for C 4355/4360 at 15:55:00
2026-03-31 22:28:10 | DEBUG    | [20231013] No quotes for C 4330/4335 at 15:55:00
2026-03-31 22:28:10 | DEBUG    | [20231016] Credit $0.05 < min $0.10
2026-03-31 22:28:10 | DEBUG    | [20231017] SPX=4370 -> 4373 | C 4375/4380 x5 | credit=$0.15 settle=$0.00 | P&L=$+65 | eq=$60,123
2026-03-31 22:28:10 | DEBUG    | [20231018] No quotes for C 4320/4325 at 15:55:00
2026-03-31 22:28:10 | DEBUG    | [20231019] No quotes for C 4285/4290 at 15:55:00
2026-03-31 22:28:10 | DEBUG    | [20231020] No quotes for C 4235/4240 at 15:55:00
2026-03-31 22:28:10 | DEBUG    | [20231023] SPX=4216 -> 4217 | C 4220/4225 x5 | credit=$0.40 settle=$0.00 | P&L=$+190 | eq=$60,313
2026-03-31 22:28:10 | DEBUG    | [20231024] Credit $0.05 < min $0.10
2026-03-31 22:28:10 | DEBUG    | [20231025] No quotes for C 4190/4195 at 15:55:00
2026-03-31 22:28:10 | DEBUG    | [20231026] No quotes for C 4145/4150 at 15:55:00
2026-03-31 22:28:10 | DEBUG    | [20231027] No quotes for C 4120/4125 at 15:55:00
2026-03-31 22:28:10 | DEBUG    | [20231030] SPX=4170 -> 4167 | C 4175/4180 x5 | credit=$0.15 settle=$0.00 | P&L=$+65 | eq=$60,378
2026-03-31 22:28:10 | DEBUG    | [20231031] Credit $0.00 < min $0.10
2026-03-31 22:28:10 | DEBUG    | [20231101] Credit $0.10 < min $0.10
2026-03-31 22:28:10 | DEBUG    | [20231102] Credit $0.00 < min $0.10
2026-03-31 22:28:10 | DEBUG    | [20231103] Credit $0.10 < min $0.10
2026-03-31 22:28:10 | DEBUG    | [20231106] Credit $-0.05 < min $0.10
2026-03-31 22:28:10 | DEBUG    | [20231107] SPX=4373 -> 4378 | C 4380/4385 x5 | credit=$0.15 settle=$0.00 | P&L=$+65 | eq=$60,443
2026-03-31 22:28:10 | DEBUG    | [20231108] Credit $0.05 < min $0.10
2026-03-31 22:28:10 | DEBUG    | [20231109] No quotes for C 4350/4355 at 15:55:00
2026-03-31 22:28:10 | DEBUG    | [20231110] Credit $0.10 < min $0.10
2026-03-31 22:28:10 | DEBUG    | [20231113] SPX=4411 -> 4412 | C 4415/4420 x5 | credit=$0.25 settle=$0.00 | P&L=$+115 | eq=$60,558
2026-03-31 22:28:10 | DEBUG    | [20231114] Credit $0.05 < min $0.10
2026-03-31 22:28:10 | DEBUG    | [20231115] Credit $-0.05 < min $0.10
2026-03-31 22:28:10 | DEBUG    | [20231116] Credit $0.10 < min $0.10
2026-03-31 22:28:10 | DEBUG    | [20231117] Credit $-0.05 < min $0.10
2026-03-31 22:28:10 | DEBUG    | [20231120] SPX=4545 -> 4547 | C 4550/4555 x5 | credit=$0.20 settle=$0.00 | P&L=$+90 | eq=$60,648
2026-03-31 22:28:10 | DEBUG    | [20231121] Credit $-0.05 < min $0.10
2026-03-31 22:28:10 | DEBUG    | [20231122] Credit $-0.05 < min $0.10
2026-03-31 22:28:10 | DEBUG    | [20231127] Credit $-0.05 < min $0.10
2026-03-31 22:28:10 | DEBUG    | [20231128] Credit $0.00 < min $0.10
2026-03-31 22:28:10 | DEBUG    | [20231129] No quotes for C 4555/4560 at 15:55:00
2026-03-31 22:28:10 | DEBUG    | [20231130] Credit $0.10 < min $0.10
2026-03-31 22:28:10 | DEBUG    | [20231201] Credit $-0.05 < min $0.10
2026-03-31 22:28:10 | DEBUG    | [20231204] Credit $0.10 < min $0.10
2026-03-31 22:28:10 | DEBUG    | [20231205] Credit $0.00 < min $0.10
2026-03-31 22:28:10 | DEBUG    | [20231206] No quotes for C 4555/4560 at 15:55:00
2026-03-31 22:28:10 | DEBUG    | [20231207] Credit $0.00 < min $0.10
2026-03-31 22:28:10 | DEBUG    | [20231208] Credit $0.10 < min $0.10
2026-03-31 22:28:10 | DEBUG    | [20231211] Credit $0.00 < min $0.10
2026-03-31 22:28:10 | DEBUG    | [20231212] Credit $-0.05 < min $0.10
2026-03-31 22:28:10 | DEBUG    | [20231213] SKIP: Afternoon return=1.134% >= 1.0%
2026-03-31 22:28:10 | DEBUG    | [20231214] Credit $-0.05 < min $0.10
2026-03-31 22:28:10 | DEBUG    | [20231215] SPX=4724 -> 4719 | C 4730/4735 x5 | credit=$0.30 settle=$0.00 | P&L=$+140 | eq=$60,788
2026-03-31 22:28:10 | DEBUG    | [20231218] Credit $0.05 < min $0.10
2026-03-31 22:28:10 | DEBUG    | [20231219] Credit $-0.05 < min $0.10
2026-03-31 22:28:10 | DEBUG    | [20231220] No quotes for C 4715/4720 at 15:55:00
2026-03-31 22:28:10 | DEBUG    | [20231221] SPX=4746 -> 4747 | C 4750/4755 x5 | credit=$0.25 settle=$0.00 | P&L=$+115 | eq=$60,903
2026-03-31 22:28:10 | DEBUG    | [20231222] SPX=4754 -> 4755 | C 4760/4765 x5 | credit=$0.30 settle=$0.00 | P&L=$+140 | eq=$61,043
2026-03-31 22:28:10 | DEBUG    | [20231226] Credit $0.10 < min $0.10
2026-03-31 22:28:10 | DEBUG    | [20231227] Credit $0.05 < min $0.10
2026-03-31 22:28:10 | DEBUG    | [20231228] SPX=4782 -> 4783 | C 4790/4795 x5 | credit=$0.10 settle=$0.00 | P&L=$+40 | eq=$61,083
2026-03-31 22:28:10 | DEBUG    | [20231229] No quotes for C 4775/4780 at 15:55:00
2026-03-31 22:28:10 | DEBUG    | [20240102] Credit $-0.05 < min $0.10
2026-03-31 22:28:10 | DEBUG    | [20240103] No quotes for C 4710/4715 at 15:55:00
2026-03-31 22:28:10 | DEBUG    | [20240104] Credit $0.00 < min $0.10
2026-03-31 22:28:10 | DEBUG    | [20240105] Credit $0.05 < min $0.10
2026-03-31 22:28:10 | DEBUG    | [20240108] Credit $0.10 < min $0.10
2026-03-31 22:28:10 | DEBUG    | [20240109] Credit $-0.05 < min $0.10
2026-03-31 22:28:10 | DEBUG    | [20240110] SPX=4779 -> 4783 | C 4785/4790 x5 | credit=$0.10 settle=$0.00 | P&L=$+40 | eq=$61,123
2026-03-31 22:28:10 | DEBUG    | [20240112] Credit $-0.05 < min $0.10
2026-03-31 22:28:10 | DEBUG    | [20240117] SPX=4741 -> 4739 | C 4745/4750 x5 | credit=$0.15 settle=$0.00 | P&L=$+65 | eq=$61,188
2026-03-31 22:28:10 | DEBUG    | [20240118] SPX=4780 -> 4781 | C 4785/4790 x5 | credit=$0.30 settle=$0.00 | P&L=$+140 | eq=$61,328
2026-03-31 22:28:10 | DEBUG    | [20240119] SPX=4839 -> 4840 | C 4845/4850 x5 | credit=$0.15 settle=$0.00 | P&L=$+65 | eq=$61,393
2026-03-31 22:28:10 | DEBUG    | [20240122] Credit $-0.05 < min $0.10
2026-03-31 22:28:10 | DEBUG    | [20240123] Credit $0.10 < min $0.10
2026-03-31 22:28:10 | DEBUG    | [20240124] No quotes for C 4875/4880 at 15:55:00
2026-03-31 22:28:10 | DEBUG    | [20240125] Credit $0.05 < min $0.10
2026-03-31 22:28:10 | DEBUG    | [20240126] Credit $0.10 < min $0.10
2026-03-31 22:28:10 | DEBUG    | [20240129] Credit $0.00 < min $0.10
2026-03-31 22:28:10 | DEBUG    | [20240130] Credit $0.00 < min $0.10
2026-03-31 22:28:10 | DEBUG    | [20240131] No quotes for C 4855/4860 at 15:55:00
2026-03-31 22:28:10 | DEBUG    | [20240201] Credit $-0.05 < min $0.10
2026-03-31 22:28:10 | DEBUG    | [20240202] SPX=4964 -> 4959 | C 4970/4975 x6 | credit=$0.95 settle=$0.00 | P&L=$+558 | eq=$61,951
2026-03-31 22:28:10 | DEBUG    | [20240205] Credit $-0.05 < min $0.10
2026-03-31 22:28:10 | DEBUG    | [20240206] Credit $-0.05 < min $0.10
2026-03-31 22:28:10 | DEBUG    | [20240207] SPX=4992 -> 4995 | C 4995/5000 x5 | credit=$0.30 settle=$0.05 | P&L=$+115 | eq=$62,066
2026-03-31 22:28:10 | DEBUG    | [20240208] Credit $0.05 < min $0.10
2026-03-31 22:28:10 | DEBUG    | [20240209] Credit $0.05 < min $0.10
2026-03-31 22:28:10 | DEBUG    | [20240212] Credit $0.00 < min $0.10
2026-03-31 22:28:10 | DEBUG    | [20240213] No quotes for C 4955/4960 at 15:55:00
2026-03-31 22:28:10 | DEBUG    | [20240214] Credit $0.00 < min $0.10
2026-03-31 22:28:10 | DEBUG    | [20240215] Credit $0.05 < min $0.10
2026-03-31 22:28:10 | DEBUG    | [20240216] No quotes for C 5010/5015 at 15:55:00
2026-03-31 22:28:10 | DEBUG    | [20240220] No quotes for C 4975/4980 at 15:55:00
2026-03-31 22:28:10 | DEBUG    | [20240221] Credit $0.05 < min $0.10
2026-03-31 22:28:10 | DEBUG    | [20240222] SPX=5089 -> 5087 | C 5095/5100 x5 | credit=$0.10 settle=$0.00 | P&L=$+40 | eq=$62,106
2026-03-31 22:28:10 | DEBUG    | [20240223] Credit $-0.05 < min $0.10
2026-03-31 22:28:10 | DEBUG    | [20240226] No quotes for C 5080/5085 at 15:55:00
2026-03-31 22:28:10 | DEBUG    | [20240227] Credit $0.00 < min $0.10
2026-03-31 22:28:10 | DEBUG    | [20240228] Credit $0.05 < min $0.10
2026-03-31 22:28:10 | DEBUG    | [20240229] Credit $-0.05 < min $0.10
2026-03-31 22:28:10 | DEBUG    | [20240301] Credit $0.00 < min $0.10
2026-03-31 22:28:10 | DEBUG    | [20240304] SPX=5131 -> 5131 | C 5135/5140 x5 | credit=$0.40 settle=$0.00 | P&L=$+190 | eq=$62,296
2026-03-31 22:28:10 | DEBUG    | [20240305] No quotes for C 5085/5090 at 15:55:00
2026-03-31 22:28:10 | DEBUG    | [20240306] SPX=5107 -> 5105 | C 5115/5120 x5 | credit=$0.20 settle=$0.00 | P&L=$+90 | eq=$62,386
2026-03-31 22:28:10 | DEBUG    | [20240307] SPX=5161 -> 5157 | C 5165/5170 x5 | credit=$0.25 settle=$0.00 | P&L=$+115 | eq=$62,501
2026-03-31 22:28:10 | DEBUG    | [20240308] No quotes for C 5130/5135 at 15:55:00
2026-03-31 22:28:10 | DEBUG    | [20240311] SPX=5115 -> 5118 | C 5120/5125 x5 | credit=$0.15 settle=$0.00 | P&L=$+65 | eq=$62,566
2026-03-31 22:28:10 | DEBUG    | [20240312] Credit $0.00 < min $0.10
2026-03-31 22:28:10 | DEBUG    | [20240314] No quotes for C 5155/5160 at 15:55:00
2026-03-31 22:28:10 | DEBUG    | [20240315] Credit $0.00 < min $0.10
2026-03-31 22:28:10 | DEBUG    | [20240318] Credit $0.00 < min $0.10
2026-03-31 22:28:10 | DEBUG    | [20240319] Credit $0.05 < min $0.10
2026-03-31 22:28:10 | DEBUG    | [20240320] Credit $0.05 < min $0.10
2026-03-31 22:28:10 | DEBUG    | [20240322] SPX=5238 -> 5234 | C 5245/5250 x5 | credit=$0.30 settle=$0.00 | P&L=$+140 | eq=$62,706
2026-03-31 22:28:10 | DEBUG    | [20240325] Credit $0.05 < min $0.10
2026-03-31 22:28:10 | DEBUG    | [20240326] No quotes for C 5215/5220 at 15:55:00
2026-03-31 22:28:10 | DEBUG    | [20240327] SPX=5245 -> 5249 | C 5250/5255 x5 | credit=$0.55 settle=$0.00 | P&L=$+265 | eq=$62,971
2026-03-31 22:28:10 | DEBUG    | [20240328] SPX=5259 -> 5254 | C 5265/5270 x5 | credit=$0.35 settle=$0.00 | P&L=$+165 | eq=$63,136
2026-03-31 22:28:10 | DEBUG    | [20240401] No quotes for C 5250/5255 at 15:55:00
2026-03-31 22:28:10 | DEBUG    | [20240402] SPX=5206 -> 5206 | C 5210/5215 x5 | credit=$0.45 settle=$0.00 | P&L=$+215 | eq=$63,351
2026-03-31 22:28:10 | DEBUG    | [20240403] SPX=5209 -> 5212 | C 5215/5220 x5 | credit=$0.80 settle=$0.00 | P&L=$+390 | eq=$63,741
2026-03-31 22:28:10 | DEBUG    | [20240404] No quotes for C 5160/5165 at 15:55:00
2026-03-31 22:28:10 | DEBUG    | [20240405] SPX=5209 -> 5204 | C 5215/5220 x5 | credit=$0.50 settle=$0.00 | P&L=$+240 | eq=$63,981
2026-03-31 22:28:10 | DEBUG    | [20240408] Credit $-0.05 < min $0.10
2026-03-31 22:28:10 | DEBUG    | [20240410] SPX=5163 -> 5161 | C 5175/5180 x5 | credit=$0.15 settle=$0.00 | P&L=$+65 | eq=$64,046
2026-03-31 22:28:10 | DEBUG    | [20240411] SPX=5203 -> 5199 | C 5210/5215 x5 | credit=$0.15 settle=$0.00 | P&L=$+65 | eq=$64,111
2026-03-31 22:28:10 | DEBUG    | [20240412] No quotes for C 5125/5130 at 15:55:00
2026-03-31 22:28:10 | DEBUG    | [20240415] No quotes for C 5070/5075 at 15:55:00
2026-03-31 22:28:10 | DEBUG    | [20240416] SPX=5060 -> 5051 | C 5070/5075 x5 | credit=$0.20 settle=$0.00 | P&L=$+90 | eq=$64,201
2026-03-31 22:28:10 | DEBUG    | [20240417] No quotes for C 5035/5040 at 15:55:00
2026-03-31 22:28:10 | DEBUG    | [20240418] No quotes for C 5015/5020 at 15:55:00
2026-03-31 22:28:10 | DEBUG    | [20240419] No quotes for C 4970/4975 at 15:55:00
2026-03-31 22:28:10 | DEBUG    | [20240422] SPX=5009 -> 5011 | C 5015/5020 x5 | credit=$0.10 settle=$0.00 | P&L=$+40 | eq=$64,241
2026-03-31 22:28:10 | DEBUG    | [20240423] SPX=5070 -> 5071 | C 5075/5080 x5 | credit=$0.25 settle=$0.00 | P&L=$+115 | eq=$64,356
2026-03-31 22:28:10 | DEBUG    | [20240425] SPX=5047 -> 5048 | C 5050/5055 x5 | credit=$0.60 settle=$0.00 | P&L=$+290 | eq=$64,646
2026-03-31 22:28:10 | DEBUG    | [20240426] SPX=5101 -> 5100 | C 5105/5110 x5 | credit=$0.60 settle=$0.00 | P&L=$+290 | eq=$64,936
2026-03-31 22:28:10 | DEBUG    | [20240429] Credit $0.00 < min $0.10
2026-03-31 22:28:10 | DEBUG    | [20240430] No quotes for C 5050/5055 at 15:55:00
2026-03-31 22:28:10 | DEBUG    | [20240501] SPX=5024 -> 5018 | C 5035/5040 x5 | credit=$0.30 settle=$0.00 | P&L=$+140 | eq=$65,076
2026-03-31 22:28:10 | DEBUG    | [20240502] SPX=5059 -> 5064 | C 5065/5070 x5 | credit=$0.10 settle=$0.00 | P&L=$+40 | eq=$65,116
2026-03-31 22:28:10 | DEBUG    | [20240503] SPX=5128 -> 5128 | C 5135/5140 x5 | credit=$0.10 settle=$0.00 | P&L=$+40 | eq=$65,156
2026-03-31 22:28:10 | DEBUG    | [20240506] Credit $-0.05 < min $0.10
2026-03-31 22:28:10 | DEBUG    | [20240507] SPX=5189 -> 5188 | C 5195/5200 x5 | credit=$0.55 settle=$0.00 | P&L=$+265 | eq=$65,421
2026-03-31 22:28:10 | DEBUG    | [20240508] Credit $0.10 < min $0.10
2026-03-31 22:28:10 | DEBUG    | [20240509] Credit $0.00 < min $0.10
2026-03-31 22:28:10 | DEBUG    | [20240510] SPX=5226 -> 5223 | C 5230/5235 x5 | credit=$0.15 settle=$0.00 | P&L=$+65 | eq=$65,486
2026-03-31 22:28:10 | DEBUG    | [20240513] No quotes for C 5225/5230 at 15:55:00
2026-03-31 22:28:10 | DEBUG    | [20240514] SPX=5249 -> 5247 | C 5255/5260 x5 | credit=$0.10 settle=$0.00 | P&L=$+40 | eq=$65,526
2026-03-31 22:28:10 | DEBUG    | [20240515] Credit $0.05 < min $0.10
2026-03-31 22:28:10 | DEBUG    | [20240516] Credit $0.05 < min $0.10
2026-03-31 22:28:10 | DEBUG    | [20240517] Credit $0.00 < min $0.10
2026-03-31 22:28:10 | DEBUG    | [20240520] SPX=5306 -> 5308 | C 5310/5315 x5 | credit=$0.60 settle=$0.00 | P&L=$+290 | eq=$65,816
2026-03-31 22:28:10 | DEBUG    | [20240521] Credit $0.00 < min $0.10
2026-03-31 22:28:10 | DEBUG    | [20240522] No quotes for C 5305/5310 at 15:55:00
2026-03-31 22:28:10 | DEBUG    | [20240523] No quotes for C 5270/5275 at 15:55:00
2026-03-31 22:28:10 | DEBUG    | [20240524] SPX=5301 -> 5305 | C 5305/5310 x5 | credit=$0.25 settle=$0.00 | P&L=$+115 | eq=$65,931
2026-03-31 22:28:10 | DEBUG    | [20240528] No quotes for C 5305/5310 at 15:55:00
2026-03-31 22:28:10 | DEBUG    | [20240529] No quotes for C 5270/5275 at 15:55:00
2026-03-31 22:28:10 | DEBUG    | [20240530] No quotes for C 5240/5245 at 15:55:00
2026-03-31 22:28:10 | DEBUG    | [20240531] SKIP: Afternoon return=1.170% >= 1.0%
2026-03-31 22:28:10 | DEBUG    | [20240603] No quotes for C 5280/5285 at 15:55:00
2026-03-31 22:28:10 | DEBUG    | [20240604] SPX=5290 -> 5291 | C 5295/5300 x5 | credit=$0.70 settle=$0.00 | P&L=$+340 | eq=$66,271
2026-03-31 22:28:10 | DEBUG    | [20240605] Credit $0.00 < min $0.10
2026-03-31 22:28:10 | DEBUG    | [20240607] SPX=5349 -> 5347 | C 5355/5360 x5 | credit=$0.15 settle=$0.00 | P&L=$+65 | eq=$66,336
2026-03-31 22:28:10 | DEBUG    | [20240610] SPX=5358 -> 5361 | C 5365/5370 x5 | credit=$0.30 settle=$0.00 | P&L=$+140 | eq=$66,476
2026-03-31 22:28:10 | DEBUG    | [20240611] Credit $-0.05 < min $0.10
2026-03-31 22:28:10 | DEBUG    | [20240612] SPX=5428 -> 5421 | C 5435/5440 x5 | credit=$0.25 settle=$0.00 | P&L=$+115 | eq=$66,591
2026-03-31 22:28:10 | DEBUG    | [20240613] Credit $0.00 < min $0.10
2026-03-31 22:28:10 | DEBUG    | [20240614] SPX=5425 -> 5432 | C 5430/5435 x5 | credit=$0.25 settle=$1.64 | P&L=$-705 | eq=$65,886
2026-03-31 22:28:10 | DEBUG    | [20240617] SPX=5474 -> 5473 | C 5480/5485 x5 | credit=$0.50 settle=$0.00 | P&L=$+240 | eq=$66,126
2026-03-31 22:28:10 | DEBUG    | [20240618] Credit $0.00 < min $0.10
2026-03-31 22:28:10 | DEBUG    | [20240620] No quotes for C 5480/5485 at 15:55:00
2026-03-31 22:28:10 | DEBUG    | [20240621] SPX=5469 -> 5465 | C 5475/5480 x5 | credit=$0.50 settle=$0.00 | P&L=$+240 | eq=$66,366
2026-03-31 22:28:10 | DEBUG    | [20240624] Credit $0.05 < min $0.10
2026-03-31 22:28:10 | DEBUG    | [20240625] Credit $0.05 < min $0.10
2026-03-31 22:28:10 | DEBUG    | [20240626] Credit $0.00 < min $0.10
2026-03-31 22:28:10 | DEBUG    | [20240627] Credit $0.05 < min $0.10
2026-03-31 22:28:10 | DEBUG    | [20240628] No quotes for C 5470/5475 at 15:55:00
2026-03-31 22:28:10 | DEBUG    | [20240701] SPX=5477 -> 5475 | C 5480/5485 x5 | credit=$0.40 settle=$0.00 | P&L=$+190 | eq=$66,556
2026-03-31 22:28:10 | DEBUG    | [20240702] Credit $0.05 < min $0.10
2026-03-31 22:28:10 | DEBUG    | [20240703] No quotes for C 5255/5260 at 15:55:00
2026-03-31 22:28:10 | DEBUG    | [20240705] SPX=5570 -> 5567 | C 5575/5580 x5 | credit=$0.10 settle=$0.00 | P&L=$+40 | eq=$66,596
2026-03-31 22:28:10 | DEBUG    | [20240708] Credit $0.00 < min $0.10
2026-03-31 22:28:10 | DEBUG    | [20240710] Credit $0.05 < min $0.10
2026-03-31 22:28:10 | DEBUG    | [20240711] No quotes for C 5595/5600 at 15:55:00
2026-03-31 22:28:10 | DEBUG    | [20240712] SPX=5619 -> 5615 | C 5625/5630 x6 | credit=$0.95 settle=$0.00 | P&L=$+558 | eq=$67,154
2026-03-31 22:28:10 | DEBUG    | [20240716] SPX=5668 -> 5667 | C 5675/5680 x5 | credit=$0.15 settle=$0.00 | P&L=$+65 | eq=$67,219
2026-03-31 22:28:10 | DEBUG    | [20240717] No quotes for C 5595/5600 at 15:55:00
2026-03-31 22:28:10 | DEBUG    | [20240718] No quotes for C 5555/5560 at 15:55:00
2026-03-31 22:28:10 | DEBUG    | [20240719] No quotes for C 5505/5510 at 15:55:00
2026-03-31 22:28:10 | DEBUG    | [20240722] SPX=5565 -> 5564 | C 5570/5575 x5 | credit=$0.35 settle=$0.00 | P&L=$+165 | eq=$67,384
2026-03-31 22:28:10 | DEBUG    | [20240723] No quotes for C 5555/5560 at 15:55:00
2026-03-31 22:28:10 | DEBUG    | [20240724] No quotes for C 5430/5435 at 15:55:00
2026-03-31 22:28:10 | DEBUG    | [20240725] No quotes for C 5415/5420 at 15:55:00
2026-03-31 22:28:10 | DEBUG    | [20240726] SPX=5447 -> 5459 | C 5455/5460 x5 | credit=$0.60 settle=$4.10 | P&L=$-1760 | eq=$65,624
2026-03-31 22:28:10 | DEBUG    | [20240730] No quotes for C 5455/5460 at 15:55:00
2026-03-31 22:28:10 | DEBUG    | [20240731] SPX=5527 -> 5522 | C 5530/5535 x6 | credit=$0.95 settle=$0.00 | P&L=$+558 | eq=$66,182
2026-03-31 22:28:10 | DEBUG    | [20240801] No quotes for C 5440/5445 at 15:55:00
2026-03-31 22:28:10 | DEBUG    | [20240802] No quotes for C 5350/5355 at 15:55:00
2026-03-31 22:28:10 | DEBUG    | [20240805] SKIP: VIX(15:50)=38.5 > 26.0
2026-03-31 22:28:10 | DEBUG    | [20240806] SKIP: VIX(15:50)=26.2 > 26.0
2026-03-31 22:28:10 | DEBUG    | [20240807] SKIP: VIX(15:50)=27.6 > 26.0
2026-03-31 22:28:10 | DEBUG    | [20240808] SPX=5311 -> 5319 | C 5315/5320 x7 | credit=$1.70 settle=$4.30 | P&L=$-1834 | eq=$64,348
2026-03-31 22:28:10 | DEBUG    | [20240809] SPX=5339 -> 5344 | C 5345/5350 x5 | credit=$0.50 settle=$0.00 | P&L=$+240 | eq=$64,588
2026-03-31 22:28:11 | DEBUG    | [20240813] SPX=5429 -> 5434 | C 5435/5440 x5 | credit=$0.25 settle=$0.00 | P&L=$+115 | eq=$64,703
2026-03-31 22:28:11 | DEBUG    | [20240814] Credit $0.10 < min $0.10
2026-03-31 22:28:11 | DEBUG    | [20240815] SPX=5537 -> 5543 | C 5540/5545 x5 | credit=$0.50 settle=$3.21 | P&L=$-1365 | eq=$63,338
2026-03-31 22:28:11 | DEBUG    | [20240816] Credit $0.05 < min $0.10
2026-03-31 22:28:11 | DEBUG    | [20240819] Credit $0.00 < min $0.10
2026-03-31 22:28:11 | DEBUG    | [20240821] SPX=5620 -> 5621 | C 5625/5630 x5 | credit=$0.15 settle=$0.00 | P&L=$+65 | eq=$63,403
2026-03-31 22:28:11 | DEBUG    | [20240822] No quotes for C 5570/5575 at 15:55:00
2026-03-31 22:28:11 | DEBUG    | [20240823] SPX=5633 -> 5635 | C 5640/5645 x5 | credit=$0.55 settle=$0.00 | P&L=$+265 | eq=$63,668
2026-03-31 22:28:11 | DEBUG    | [20240826] No quotes for C 5620/5625 at 15:55:00
2026-03-31 22:28:11 | DEBUG    | [20240827] SPX=5624 -> 5626 | C 5630/5635 x5 | credit=$0.15 settle=$0.00 | P&L=$+65 | eq=$63,733
2026-03-31 22:28:11 | DEBUG    | [20240828] No quotes for C 5605/5610 at 15:55:00
2026-03-31 22:28:11 | DEBUG    | [20240830] SPX=5646 -> 5648 | C 5650/5655 x5 | credit=$0.70 settle=$0.00 | P&L=$+340 | eq=$64,073
2026-03-31 22:28:11 | DEBUG    | [20240903] No quotes for C 5525/5530 at 15:55:00
2026-03-31 22:28:11 | DEBUG    | [20240904] SPX=5522 -> 5520 | C 5525/5530 x6 | credit=$0.95 settle=$0.00 | P&L=$+558 | eq=$64,631
2026-03-31 22:28:11 | DEBUG    | [20240905] No quotes for C 5505/5510 at 15:55:00
2026-03-31 22:28:11 | DEBUG    | [20240906] No quotes for C 5410/5415 at 15:55:00
2026-03-31 22:28:11 | DEBUG    | [20240909] SPX=5466 -> 5471 | C 5470/5475 x5 | credit=$0.25 settle=$1.07 | P&L=$-420 | eq=$64,211
2026-03-31 22:28:11 | DEBUG    | [20240910] SPX=5494 -> 5496 | C 5500/5505 x5 | credit=$0.45 settle=$0.00 | P&L=$+215 | eq=$64,426
2026-03-31 22:28:11 | DEBUG    | [20240911] SKIP: Afternoon return=1.207% >= 1.0%
2026-03-31 22:28:11 | DEBUG    | [20240912] SPX=5592 -> 5596 | C 5595/5600 x5 | credit=$0.80 settle=$0.79 | P&L=$-5 | eq=$64,421
2026-03-31 22:28:11 | DEBUG    | [20240913] SPX=5628 -> 5626 | C 5635/5640 x5 | credit=$0.20 settle=$0.00 | P&L=$+90 | eq=$64,511
2026-03-31 22:28:11 | DEBUG    | [20240916] SPX=5635 -> 5633 | C 5640/5645 x5 | credit=$0.15 settle=$0.00 | P&L=$+65 | eq=$64,576
2026-03-31 22:28:11 | DEBUG    | [20240917] No quotes for C 5640/5645 at 15:55:00
2026-03-31 22:28:11 | DEBUG    | [20240918] No quotes for C 5630/5635 at 15:55:00
2026-03-31 22:28:11 | DEBUG    | [20240919] SPX=5713 -> 5714 | C 5720/5725 x5 | credit=$0.60 settle=$0.00 | P&L=$+290 | eq=$64,866
2026-03-31 22:28:11 | DEBUG    | [20240920] SPX=5703 -> 5703 | C 5715/5720 x5 | credit=$0.30 settle=$0.00 | P&L=$+140 | eq=$65,006
2026-03-31 22:28:11 | DEBUG    | [20240923] Credit $0.05 < min $0.10
2026-03-31 22:28:11 | DEBUG    | [20240924] Credit $0.00 < min $0.10
2026-03-31 22:28:11 | DEBUG    | [20240925] No quotes for C 5725/5730 at 15:55:00
2026-03-31 22:28:11 | DEBUG    | [20240926] No quotes for C 5750/5755 at 15:55:00
2026-03-31 22:28:11 | DEBUG    | [20240927] No quotes for C 5745/5750 at 15:55:00
2026-03-31 22:28:11 | DEBUG    | [20240930] SPX=5760 -> 5762 | C 5765/5770 x5 | credit=$0.55 settle=$0.00 | P&L=$+265 | eq=$65,271
2026-03-31 22:28:11 | DEBUG    | [20241001] No quotes for C 5715/5720 at 15:55:00
2026-03-31 22:28:11 | DEBUG    | [20241002] SPX=5711 -> 5710 | C 5715/5720 x5 | credit=$0.70 settle=$0.00 | P&L=$+340 | eq=$65,611
2026-03-31 22:28:11 | DEBUG    | [20241003] Credit $0.00 < min $0.10
2026-03-31 22:28:11 | DEBUG    | [20241004] SPX=5749 -> 5751 | C 5755/5760 x5 | credit=$0.20 settle=$0.00 | P&L=$+90 | eq=$65,701
2026-03-31 22:28:11 | DEBUG    | [20241007] No quotes for C 5700/5705 at 15:55:00
2026-03-31 22:28:11 | DEBUG    | [20241008] SPX=5754 -> 5751 | C 5760/5765 x5 | credit=$0.45 settle=$0.00 | P&L=$+215 | eq=$65,916
2026-03-31 22:28:11 | DEBUG    | [20241009] SPX=5794 -> 5792 | C 5800/5805 x5 | credit=$0.60 settle=$0.00 | P&L=$+290 | eq=$66,206
2026-03-31 22:28:11 | DEBUG    | [20241010] SPX=5782 -> 5780 | C 5785/5790 x5 | credit=$0.65 settle=$0.00 | P&L=$+315 | eq=$66,521
2026-03-31 22:28:11 | DEBUG    | [20241011] SPX=5818 -> 5815 | C 5825/5830 x5 | credit=$0.10 settle=$0.00 | P&L=$+40 | eq=$66,561
2026-03-31 22:28:11 | DEBUG    | [20241014] SPX=5865 -> 5860 | C 5870/5875 x5 | credit=$0.30 settle=$0.00 | P&L=$+140 | eq=$66,701
2026-03-31 22:28:11 | DEBUG    | [20241015] No quotes for C 5820/5825 at 15:55:00
2026-03-31 22:28:11 | DEBUG    | [20241016] SPX=5842 -> 5842 | C 5845/5850 x5 | credit=$0.50 settle=$0.00 | P&L=$+240 | eq=$66,941
2026-03-31 22:28:11 | DEBUG    | [20241017] No quotes for C 5845/5850 at 15:55:00
2026-03-31 22:28:11 | DEBUG    | [20241018] Credit $0.10 < min $0.10
2026-03-31 22:28:11 | DEBUG    | [20241022] Credit $0.05 < min $0.10
2026-03-31 22:28:11 | DEBUG    | [20241023] No quotes for C 5800/5805 at 15:55:00
2026-03-31 22:28:11 | DEBUG    | [20241024] Credit $-0.05 < min $0.10
2026-03-31 22:28:11 | DEBUG    | [20241025] No quotes for C 5810/5815 at 15:55:00
2026-03-31 22:28:11 | DEBUG    | [20241029] SPX=5836 -> 5833 | C 5840/5845 x5 | credit=$0.50 settle=$0.00 | P&L=$+240 | eq=$67,181
2026-03-31 22:28:11 | DEBUG    | [20241030] No quotes for C 5820/5825 at 15:55:00
2026-03-31 22:28:11 | DEBUG    | [20241031] No quotes for C 5725/5730 at 15:55:00
2026-03-31 22:28:11 | DEBUG    | [20241101] SPX=5731 -> 5729 | C 5735/5740 x5 | credit=$0.70 settle=$0.00 | P&L=$+340 | eq=$67,521
2026-03-31 22:28:11 | DEBUG    | [20241104] No quotes for C 5715/5720 at 15:55:00
2026-03-31 22:28:11 | DEBUG    | [20241105] Credit $0.10 < min $0.10
2026-03-31 22:28:11 | DEBUG    | [20241106] SPX=5929 -> 5929 | C 5935/5940 x5 | credit=$0.25 settle=$0.00 | P&L=$+115 | eq=$67,636
2026-03-31 22:28:11 | DEBUG    | [20241107] SPX=5971 -> 5973 | C 5975/5980 x6 | credit=$0.85 settle=$0.00 | P&L=$+498 | eq=$68,134
2026-03-31 22:28:11 | DEBUG    | [20241108] SPX=5995 -> 5996 | C 6000/6005 x5 | credit=$0.40 settle=$0.00 | P&L=$+190 | eq=$68,324
2026-03-31 22:28:11 | DEBUG    | [20241112] No quotes for C 5990/5995 at 15:55:00
2026-03-31 22:28:11 | DEBUG    | [20241113] SPX=5981 -> 5985 | C 5990/5995 x5 | credit=$0.25 settle=$0.00 | P&L=$+115 | eq=$68,439
2026-03-31 22:28:11 | DEBUG    | [20241114] No quotes for C 5950/5955 at 15:55:00
2026-03-31 22:28:11 | DEBUG    | [20241115] No quotes for C 5880/5885 at 15:55:00
2026-03-31 22:28:11 | DEBUG    | [20241118] Credit $0.10 < min $0.10
2026-03-31 22:28:11 | DEBUG    | [20241119] SPX=5915 -> 5917 | C 5920/5925 x5 | credit=$0.10 settle=$0.00 | P&L=$+40 | eq=$68,479
2026-03-31 22:28:11 | DEBUG    | [20241120] SPX=5919 -> 5917 | C 5925/5930 x5 | credit=$0.10 settle=$0.00 | P&L=$+40 | eq=$68,519
2026-03-31 22:28:11 | DEBUG    | [20241121] SPX=5951 -> 5949 | C 5955/5960 x6 | credit=$0.85 settle=$0.00 | P&L=$+498 | eq=$69,017
2026-03-31 22:28:11 | DEBUG    | [20241122] SPX=5970 -> 5969 | C 5975/5980 x5 | credit=$0.20 settle=$0.00 | P&L=$+90 | eq=$69,107
2026-03-31 22:28:11 | DEBUG    | [20241125] Credit $0.05 < min $0.10
2026-03-31 22:28:11 | DEBUG    | [20241126] Credit $0.00 < min $0.10
2026-03-31 22:28:11 | DEBUG    | [20241127] No quotes for C 6005/6010 at 15:55:00
2026-03-31 22:28:11 | DEBUG    | [20241202] SPX=6047 -> 6047 | C 6050/6055 x5 | credit=$0.20 settle=$0.00 | P&L=$+90 | eq=$69,197
2026-03-31 22:28:11 | DEBUG    | [20241203] Credit $0.10 < min $0.10
2026-03-31 22:28:11 | DEBUG    | [20241204] SPX=6086 -> 6086 | C 6090/6095 x5 | credit=$0.20 settle=$0.00 | P&L=$+90 | eq=$69,287
2026-03-31 22:28:11 | DEBUG    | [20241205] No quotes for C 6080/6085 at 15:55:00
2026-03-31 22:28:11 | DEBUG    | [20241206] Credit $-0.05 < min $0.10
2026-03-31 22:28:11 | DEBUG    | [20241209] No quotes for C 6055/6060 at 15:55:00
2026-03-31 22:28:11 | DEBUG    | [20241210] No quotes for C 6040/6045 at 15:55:00
2026-03-31 22:28:11 | DEBUG    | [20241211] Credit $0.00 < min $0.10
2026-03-31 22:28:11 | DEBUG    | [20241212] No quotes for C 6060/6065 at 15:55:00
2026-03-31 22:28:11 | DEBUG    | [20241213] No quotes for C 6055/6060 at 15:55:00
2026-03-31 22:28:11 | DEBUG    | [20241216] Credit $-0.05 < min $0.10
2026-03-31 22:28:11 | DEBUG    | [20241217] Credit $0.00 < min $0.10
2026-03-31 22:28:11 | DEBUG    | [20241218] No quotes for C 5900/5905 at 15:55:00
2026-03-31 22:28:11 | DEBUG    | [20241219] No quotes for C 5885/5890 at 15:55:00
2026-03-31 22:28:11 | DEBUG    | [20241220] SPX=5927 -> 5931 | C 5935/5940 x6 | credit=$1.15 settle=$0.00 | P&L=$+678 | eq=$69,965
2026-03-31 22:28:11 | DEBUG    | [20241223] Credit $-0.05 < min $0.10
2026-03-31 22:28:11 | DEBUG    | [20241226] Credit $0.00 < min $0.10
2026-03-31 22:28:11 | DEBUG    | [20241227] No quotes for C 5975/5980 at 15:55:00
2026-03-31 22:28:11 | DEBUG    | [20241230] SPX=5921 -> 5907 | C 5925/5930 x6 | credit=$0.85 settle=$0.00 | P&L=$+498 | eq=$70,463
2026-03-31 22:28:11 | DEBUG    | [20241231] No quotes for C 5880/5885 at 15:55:00
2026-03-31 22:28:11 | DEBUG    | [20250102] No quotes for C 5875/5880 at 15:55:00
2026-03-31 22:28:11 | DEBUG    | [20250103] SPX=5941 -> 5942 | C 5945/5950 x5 | credit=$0.15 settle=$0.00 | P&L=$+65 | eq=$70,528
2026-03-31 22:28:11 | DEBUG    | [20250107] No quotes for C 5915/5920 at 15:55:00
2026-03-31 22:28:11 | DEBUG    | [20250108] SPX=5919 -> 5918 | C 5925/5930 x5 | credit=$0.20 settle=$0.00 | P&L=$+90 | eq=$70,618
2026-03-31 22:28:11 | DEBUG    | [20250110] No quotes for C 5835/5840 at 15:55:00
2026-03-31 22:28:11 | DEBUG    | [20250113] SPX=5836 -> 5836 | C 5840/5845 x5 | credit=$0.15 settle=$0.00 | P&L=$+65 | eq=$70,683
2026-03-31 22:28:11 | DEBUG    | [20250114] No quotes for C 5840/5845 at 15:55:00
2026-03-31 22:28:11 | DEBUG    | [20250115] SPX=5950 -> 5950 | C 5955/5960 x5 | credit=$0.50 settle=$0.00 | P&L=$+240 | eq=$70,923
2026-03-31 22:28:11 | DEBUG    | [20250116] No quotes for C 5945/5950 at 15:55:00
2026-03-31 22:28:11 | DEBUG    | [20250117] SPX=5999 -> 5997 | C 6005/6010 x6 | credit=$1.10 settle=$0.00 | P&L=$+648 | eq=$71,571
2026-03-31 22:28:11 | DEBUG    | [20250121] Credit $0.05 < min $0.10
2026-03-31 22:28:11 | DEBUG    | [20250122] Credit $0.00 < min $0.10
2026-03-31 22:28:11 | DEBUG    | [20250123] Credit $-0.05 < min $0.10
2026-03-31 22:28:11 | DEBUG    | [20250124] No quotes for C 6105/6110 at 15:55:00
2026-03-31 22:28:11 | DEBUG    | [20250127] SPX=6005 -> 6012 | C 6010/6015 x5 | credit=$0.15 settle=$2.31 | P&L=$-1090 | eq=$70,481
2026-03-31 22:28:11 | DEBUG    | [20250128] SPX=6071 -> 6068 | C 6075/6080 x5 | credit=$0.45 settle=$0.00 | P&L=$+215 | eq=$70,696
2026-03-31 22:28:11 | DEBUG    | [20250129] No quotes for C 6045/6050 at 15:55:00
2026-03-31 22:28:11 | DEBUG    | [20250130] SPX=6073 -> 6071 | C 6080/6085 x5 | credit=$0.15 settle=$0.00 | P&L=$+65 | eq=$70,761
2026-03-31 22:28:11 | DEBUG    | [20250131] No quotes for C 6045/6050 at 15:55:00
2026-03-31 22:28:11 | DEBUG    | [20250203] SPX=5999 -> 5995 | C 6005/6010 x6 | credit=$1.15 settle=$0.00 | P&L=$+678 | eq=$71,439
2026-03-31 22:28:11 | DEBUG    | [20250204] SPX=6038 -> 6038 | C 6045/6050 x5 | credit=$0.20 settle=$0.00 | P&L=$+90 | eq=$71,529
2026-03-31 22:28:11 | DEBUG    | [20250205] Credit $0.00 < min $0.10
2026-03-31 22:28:11 | DEBUG    | [20250206] Credit $0.00 < min $0.10
2026-03-31 22:28:11 | DEBUG    | [20250207] No quotes for C 6030/6035 at 15:55:00
2026-03-31 22:28:11 | DEBUG    | [20250210] Credit $-0.05 < min $0.10
2026-03-31 22:28:11 | DEBUG    | [20250211] SPX=6066 -> 6069 | C 6070/6075 x5 | credit=$0.50 settle=$0.00 | P&L=$+240 | eq=$71,769
2026-03-31 22:28:11 | DEBUG    | [20250212] Credit $0.05 < min $0.10
2026-03-31 22:28:11 | DEBUG    | [20250213] Credit $0.00 < min $0.10
2026-03-31 22:28:11 | DEBUG    | [20250214] SPX=6117 -> 6115 | C 6120/6125 x5 | credit=$0.70 settle=$0.00 | P&L=$+340 | eq=$72,109
2026-03-31 22:28:11 | DEBUG    | [20250218] Credit $0.00 < min $0.10
2026-03-31 22:28:11 | DEBUG    | [20250219] Credit $0.05 < min $0.10
2026-03-31 22:28:11 | DEBUG    | [20250220] No quotes for C 6125/6130 at 15:55:00
2026-03-31 22:28:11 | DEBUG    | [20250221] No quotes for C 6020/6025 at 15:55:00
2026-03-31 22:28:11 | DEBUG    | [20250224] No quotes for C 5995/6000 at 15:55:00
2026-03-31 22:28:11 | DEBUG    | [20250225] No quotes for C 5955/5960 at 15:55:00
2026-03-31 22:28:11 | DEBUG    | [20250227] No quotes for C 5870/5875 at 15:55:00
2026-03-31 22:28:11 | DEBUG    | [20250228] SKIP: Afternoon return=1.428% >= 1.0%
2026-03-31 22:28:11 | DEBUG    | [20250303] No quotes for C 5845/5850 at 15:55:00
2026-03-31 22:28:11 | DEBUG    | [20250304] No quotes for C 5785/5790 at 15:55:00
2026-03-31 22:28:11 | DEBUG    | [20250305] SPX=5847 -> 5843 | C 5855/5860 x6 | credit=$0.85 settle=$0.00 | P&L=$+498 | eq=$72,607
2026-03-31 22:28:11 | DEBUG    | [20250306] No quotes for C 5750/5755 at 15:55:00
2026-03-31 22:28:11 | DEBUG    | [20250307] SKIP: Afternoon return=1.053% >= 1.0%
2026-03-31 22:28:11 | DEBUG    | [20250310] SKIP: VIX(15:50)=27.9 > 26.0
2026-03-31 22:28:11 | DEBUG    | [20250311] SKIP: VIX(15:50)=26.9 > 26.0
2026-03-31 22:28:11 | DEBUG    | [20250312] No quotes for C 5610/5615 at 15:55:00
2026-03-31 22:28:11 | DEBUG    | [20250313] No quotes for C 5520/5525 at 15:55:00
2026-03-31 22:28:11 | DEBUG    | [20250314] SPX=5642 -> 5639 | C 5645/5650 x5 | credit=$0.70 settle=$0.00 | P&L=$+340 | eq=$72,947
2026-03-31 22:28:11 | DEBUG    | [20250317] SPX=5681 -> 5675 | C 5685/5690 x8 | credit=$2.05 settle=$0.00 | P&L=$+1624 | eq=$74,571
2026-03-31 22:28:11 | DEBUG    | [20250318] No quotes for C 5620/5625 at 15:55:00
2026-03-31 22:28:11 | DEBUG    | [20250319] SPX=5675 -> 5675 | C 5680/5685 x8 | credit=$2.15 settle=$0.00 | P&L=$+1704 | eq=$76,275
2026-03-31 22:28:11 | DEBUG    | [20250320] SPX=5668 -> 5663 | C 5675/5680 x5 | credit=$0.10 settle=$0.00 | P&L=$+40 | eq=$76,315
2026-03-31 22:28:11 | DEBUG    | [20250321] SPX=5663 -> 5667 | C 5670/5675 x5 | credit=$0.15 settle=$0.00 | P&L=$+65 | eq=$76,380
2026-03-31 22:28:11 | DEBUG    | [20250324] SPX=5770 -> 5768 | C 5775/5780 x6 | credit=$1.05 settle=$0.00 | P&L=$+618 | eq=$76,998
2026-03-31 22:28:11 | DEBUG    | [20250325] SPX=5776 -> 5777 | C 5780/5785 x5 | credit=$0.45 settle=$0.00 | P&L=$+215 | eq=$77,213
2026-03-31 22:28:11 | DEBUG    | [20250326] No quotes for C 5720/5725 at 15:55:00
2026-03-31 22:28:11 | DEBUG    | [20250327] SPX=5700 -> 5693 | C 5705/5710 x5 | credit=$0.65 settle=$0.00 | P&L=$+315 | eq=$77,528
2026-03-31 22:28:11 | DEBUG    | [20250328] No quotes for C 5590/5595 at 15:55:00
2026-03-31 22:28:11 | DEBUG    | [20250331] SKIP: Afternoon return=1.129% >= 1.0%
2026-03-31 22:28:11 | DEBUG    | [20250401] SPX=5629 -> 5633 | C 5635/5640 x6 | credit=$1.00 settle=$0.00 | P&L=$+588 | eq=$78,116
2026-03-31 22:28:11 | DEBUG    | [20250402] SPX=5676 -> 5671 | C 5680/5685 x5 | credit=$0.60 settle=$0.00 | P&L=$+290 | eq=$78,406
2026-03-31 22:28:11 | DEBUG    | [20250403] SKIP: VIX(15:50)=29.5 > 26.0
2026-03-31 22:28:11 | DEBUG    | [20250404] SKIP: VIX(15:50)=42.9 > 26.0
2026-03-31 22:28:11 | DEBUG    | [20250407] SKIP: VIX(15:50)=48.6 > 26.0
2026-03-31 22:28:11 | DEBUG    | [20250408] SKIP: VIX(15:50)=57.1 > 26.0
2026-03-31 22:28:11 | DEBUG    | [20250409] SKIP: VIX(15:50)=32.5 > 26.0
2026-03-31 22:28:11 | DEBUG    | [20250410] SKIP: VIX(15:50)=46.0 > 26.0
2026-03-31 22:28:11 | DEBUG    | [20250411] SKIP: VIX(15:50)=37.0 > 26.0
2026-03-31 22:28:11 | DEBUG    | [20250414] SKIP: VIX(15:50)=30.2 > 26.0
2026-03-31 22:28:11 | DEBUG    | [20250415] SKIP: VIX(15:50)=29.6 > 26.0
2026-03-31 22:28:11 | DEBUG    | [20250416] SKIP: VIX(15:50)=33.2 > 26.0
2026-03-31 22:28:11 | DEBUG    | [20250417] SKIP: VIX(15:50)=30.5 > 26.0
2026-03-31 22:28:11 | DEBUG    | [20250421] SKIP: VIX(15:50)=33.8 > 26.0
2026-03-31 22:28:11 | DEBUG    | [20250422] SKIP: VIX(15:50)=30.6 > 26.0
2026-03-31 22:28:11 | DEBUG    | [20250423] SKIP: VIX(15:50)=28.5 > 26.0
2026-03-31 22:28:11 | DEBUG    | [20250424] SKIP: VIX(15:50)=26.5 > 26.0
2026-03-31 22:28:11 | DEBUG    | [20250425] SPX=5523 -> 5525 | C 5530/5535 x5 | credit=$0.35 settle=$0.00 | P&L=$+165 | eq=$78,571
2026-03-31 22:28:11 | DEBUG    | [20250428] SPX=5537 -> 5529 | C 5540/5545 x6 | credit=$0.90 settle=$0.00 | P&L=$+528 | eq=$79,099
2026-03-31 22:28:11 | DEBUG    | [20250429] SPX=5561 -> 5561 | C 5565/5570 x7 | credit=$1.45 settle=$0.00 | P&L=$+1001 | eq=$80,100
2026-03-31 22:28:11 | DEBUG    | [20250430] SPX=5577 -> 5569 | C 5585/5590 x5 | credit=$0.45 settle=$0.00 | P&L=$+215 | eq=$80,315
2026-03-31 22:28:11 | DEBUG    | [20250502] SPX=5684 -> 5687 | C 5690/5695 x7 | credit=$1.45 settle=$0.00 | P&L=$+1001 | eq=$81,316
2026-03-31 22:28:11 | DEBUG    | [20250505] SPX=5650 -> 5651 | C 5660/5665 x5 | credit=$0.10 settle=$0.00 | P&L=$+40 | eq=$81,356
2026-03-31 22:28:11 | DEBUG    | [20250506] SPX=5615 -> 5607 | C 5620/5625 x6 | credit=$0.95 settle=$0.00 | P&L=$+558 | eq=$81,914
2026-03-31 22:28:11 | DEBUG    | [20250507] Credit $0.10 < min $0.10
2026-03-31 22:28:11 | DEBUG    | [20250508] SPX=5666 -> 5664 | C 5670/5675 x7 | credit=$1.85 settle=$0.00 | P&L=$+1281 | eq=$83,195
2026-03-31 22:28:11 | DEBUG    | [20250509] No quotes for C 5665/5670 at 15:55:00
2026-03-31 22:28:11 | DEBUG    | [20250513] SPX=5889 -> 5887 | C 5895/5900 x5 | credit=$0.55 settle=$0.00 | P&L=$+265 | eq=$83,460
2026-03-31 22:28:11 | DEBUG    | [20250514] SPX=5895 -> 5893 | C 5900/5905 x5 | credit=$0.45 settle=$0.00 | P&L=$+215 | eq=$83,675
2026-03-31 22:28:11 | DEBUG    | [20250515] SPX=5908 -> 5917 | C 5915/5920 x5 | credit=$0.40 settle=$1.93 | P&L=$-775 | eq=$82,900
2026-03-31 22:28:11 | DEBUG    | [20250516] SPX=5954 -> 5958 | C 5960/5965 x5 | credit=$0.25 settle=$0.00 | P&L=$+115 | eq=$83,015
2026-03-31 22:28:11 | DEBUG    | [20250519] Credit $0.05 < min $0.10
2026-03-31 22:28:11 | DEBUG    | [20250521] No quotes for C 5855/5860 at 15:55:00
2026-03-31 22:28:11 | DEBUG    | [20250522] SPX=5845 -> 5842 | C 5850/5855 x9 | credit=$2.45 settle=$0.00 | P&L=$+2187 | eq=$85,202
2026-03-31 22:28:11 | DEBUG    | [20250523] SPX=5799 -> 5803 | C 5805/5810 x6 | credit=$1.05 settle=$0.00 | P&L=$+618 | eq=$85,820
2026-03-31 22:28:11 | DEBUG    | [20250527] Credit $0.00 < min $0.10
2026-03-31 22:28:11 | DEBUG    | [20250528] No quotes for C 5890/5895 at 15:55:00
2026-03-31 22:28:11 | DEBUG    | [20250529] No quotes for C 5910/5915 at 15:55:00
2026-03-31 22:28:11 | DEBUG    | [20250530] SPX=5917 -> 5912 | C 5925/5930 x5 | credit=$0.15 settle=$0.00 | P&L=$+65 | eq=$85,885
2026-03-31 22:28:11 | DEBUG    | [20250602] SPX=5930 -> 5936 | C 5935/5940 x5 | credit=$0.25 settle=$1.03 | P&L=$-400 | eq=$85,485
2026-03-31 22:28:11 | DEBUG    | [20250603] Credit $0.00 < min $0.10
2026-03-31 22:28:11 | DEBUG    | [20250604] Credit $-0.05 < min $0.10
2026-03-31 22:28:11 | DEBUG    | [20250605] No quotes for C 5945/5950 at 15:55:00
2026-03-31 22:28:11 | DEBUG    | [20250606] SPX=6004 -> 6000 | C 6010/6015 x5 | credit=$0.55 settle=$0.00 | P&L=$+265 | eq=$85,750
2026-03-31 22:28:11 | DEBUG    | [20250609] SPX=6010 -> 6006 | C 6015/6020 x5 | credit=$0.10 settle=$0.00 | P&L=$+40 | eq=$85,790
2026-03-31 22:28:11 | DEBUG    | [20250610] SPX=6036 -> 6039 | C 6040/6045 x5 | credit=$0.10 settle=$0.00 | P&L=$+40 | eq=$85,830
2026-03-31 22:28:11 | DEBUG    | [20250611] No quotes for C 6025/6030 at 15:55:00
2026-03-31 22:28:11 | DEBUG    | [20250612] Credit $0.00 < min $0.10
2026-03-31 22:28:11 | DEBUG    | [20250613] No quotes for C 5975/5980 at 15:55:00
2026-03-31 22:28:11 | DEBUG    | [20250616] Credit $0.00 < min $0.10
2026-03-31 22:28:11 | DEBUG    | [20250617] No quotes for C 5990/5995 at 15:55:00
2026-03-31 22:28:11 | DEBUG    | [20250618] Credit $0.05 < min $0.10
2026-03-31 22:28:11 | DEBUG    | [20250620] No quotes for C 5975/5980 at 15:55:00
2026-03-31 22:28:11 | DEBUG    | [20250623] SKIP: Afternoon return=1.036% >= 1.0%
2026-03-31 22:28:11 | DEBUG    | [20250624] SPX=6095 -> 6092 | C 6100/6105 x5 | credit=$0.25 settle=$0.00 | P&L=$+115 | eq=$85,945
2026-03-31 22:28:11 | DEBUG    | [20250626] Credit $0.05 < min $0.10
2026-03-31 22:28:11 | DEBUG    | [20250627] Credit $0.05 < min $0.10
2026-03-31 22:28:11 | DEBUG    | [20250630] SPX=6209 -> 6205 | C 6215/6220 x7 | credit=$1.55 settle=$0.00 | P&L=$+1071 | eq=$87,016
2026-03-31 22:28:11 | DEBUG    | [20250701] SPX=6202 -> 6198 | C 6210/6215 x5 | credit=$0.10 settle=$0.00 | P&L=$+40 | eq=$87,056
2026-03-31 22:28:11 | DEBUG    | [20250702] SPX=6227 -> 6227 | C 6230/6235 x5 | credit=$0.15 settle=$0.00 | P&L=$+65 | eq=$87,121
2026-03-31 22:28:11 | DEBUG    | [20250703] No quotes for C 5995/6000 at 15:55:00
2026-03-31 22:28:11 | DEBUG    | [20250707] No quotes for C 6235/6240 at 15:55:00
2026-03-31 22:28:11 | DEBUG    | [20250709] Credit $-0.05 < min $0.10
2026-03-31 22:28:11 | DEBUG    | [20250710] Credit $0.05 < min $0.10
2026-03-31 22:28:11 | DEBUG    | [20250711] SPX=6262 -> 6260 | C 6265/6270 x5 | credit=$0.25 settle=$0.00 | P&L=$+115 | eq=$87,236
2026-03-31 22:28:11 | DEBUG    | [20250714] Credit $0.00 < min $0.10
2026-03-31 22:28:11 | DEBUG    | [20250715] No quotes for C 6255/6260 at 15:55:00
2026-03-31 22:28:11 | DEBUG    | [20250716] Credit $0.05 < min $0.10
2026-03-31 22:28:11 | DEBUG    | [20250717] SPX=6301 -> 6298 | C 6305/6310 x5 | credit=$0.20 settle=$0.00 | P&L=$+90 | eq=$87,326
2026-03-31 22:28:11 | DEBUG    | [20250718] No quotes for C 6300/6305 at 15:55:00
2026-03-31 22:28:11 | DEBUG    | [20250721] Credit $0.05 < min $0.10
2026-03-31 22:28:11 | DEBUG    | [20250722] Credit $-0.05 < min $0.10
2026-03-31 22:28:11 | DEBUG    | [20250723] Credit $0.05 < min $0.10
2026-03-31 22:28:11 | DEBUG    | [20250724] SPX=6369 -> 6363 | C 6375/6380 x5 | credit=$0.15 settle=$0.00 | P&L=$+65 | eq=$87,391
2026-03-31 22:28:11 | DEBUG    | [20250725] SPX=6388 -> 6389 | C 6395/6400 x5 | credit=$0.15 settle=$0.00 | P&L=$+65 | eq=$87,456
2026-03-31 22:28:11 | DEBUG    | [20250729] No quotes for C 6375/6380 at 15:55:00
2026-03-31 22:28:12 | DEBUG    | [20250730] No quotes for C 6360/6365 at 15:55:00
2026-03-31 22:28:12 | DEBUG    | [20250731] No quotes for C 6340/6345 at 15:55:00
2026-03-31 22:28:12 | DEBUG    | [20250801] No quotes for C 6245/6250 at 15:55:00
2026-03-31 22:28:12 | DEBUG    | [20250804] SPX=6326 -> 6330 | C 6330/6335 x5 | credit=$0.60 settle=$0.00 | P&L=$+290 | eq=$87,746
2026-03-31 22:28:12 | DEBUG    | [20250805] No quotes for C 6305/6310 at 15:55:00
2026-03-31 22:28:12 | DEBUG    | [20250806] SPX=6344 -> 6345 | C 6350/6355 x5 | credit=$0.35 settle=$0.00 | P&L=$+165 | eq=$87,911
2026-03-31 22:28:12 | DEBUG    | [20250807] No quotes for C 6335/6340 at 15:55:00
2026-03-31 22:28:12 | DEBUG    | [20250808] SPX=6388 -> 6390 | C 6395/6400 x5 | credit=$0.15 settle=$0.00 | P&L=$+65 | eq=$87,976
2026-03-31 22:28:12 | DEBUG    | [20250811] No quotes for C 6370/6375 at 15:55:00
2026-03-31 22:28:12 | DEBUG    | [20250812] SPX=6444 -> 6446 | C 6450/6455 x5 | credit=$0.15 settle=$0.00 | P&L=$+65 | eq=$88,041
2026-03-31 22:28:12 | DEBUG    | [20250813] Credit $0.00 < min $0.10
2026-03-31 22:28:12 | DEBUG    | [20250814] Credit $0.00 < min $0.10
2026-03-31 22:28:12 | DEBUG    | [20250815] No quotes for C 6455/6460 at 15:55:00
2026-03-31 22:28:12 | DEBUG    | [20250818] Credit $0.00 < min $0.10
2026-03-31 22:28:12 | DEBUG    | [20250819] No quotes for C 6410/6415 at 15:55:00
2026-03-31 22:28:12 | DEBUG    | [20250820] SPX=6400 -> 6396 | C 6410/6415 x5 | credit=$0.15 settle=$0.00 | P&L=$+65 | eq=$88,106
2026-03-31 22:28:12 | DEBUG    | [20250821] Credit $-0.05 < min $0.10
2026-03-31 22:28:12 | DEBUG    | [20250822] SPX=6464 -> 6467 | C 6470/6475 x5 | credit=$0.50 settle=$0.00 | P&L=$+240 | eq=$88,346
2026-03-31 22:28:12 | DEBUG    | [20250826] Credit $0.00 < min $0.10
2026-03-31 22:28:12 | DEBUG    | [20250827] Credit $0.05 < min $0.10
2026-03-31 22:28:12 | DEBUG    | [20250828] SPX=6506 -> 6502 | C 6510/6515 x5 | credit=$0.70 settle=$0.00 | P&L=$+340 | eq=$88,686
2026-03-31 22:28:12 | DEBUG    | [20250829] No quotes for C 6460/6465 at 15:55:00
2026-03-31 22:28:12 | DEBUG    | [20250902] SPX=6415 -> 6416 | C 6420/6425 x5 | credit=$0.15 settle=$0.00 | P&L=$+65 | eq=$88,751
2026-03-31 22:28:12 | DEBUG    | [20250903] Credit $0.05 < min $0.10
2026-03-31 22:28:12 | DEBUG    | [20250904] SPX=6498 -> 6502 | C 6505/6510 x5 | credit=$0.10 settle=$0.00 | P&L=$+40 | eq=$88,791
2026-03-31 22:28:12 | DEBUG    | [20250905] No quotes for C 6485/6490 at 15:55:00
2026-03-31 22:28:12 | DEBUG    | [20250908] Credit $-0.05 < min $0.10
2026-03-31 22:28:12 | DEBUG    | [20250909] Credit $0.00 < min $0.10
2026-03-31 22:28:12 | DEBUG    | [20250910] No quotes for C 6540/6545 at 15:55:00
2026-03-31 22:28:12 | DEBUG    | [20250911] SPX=6589 -> 6587 | C 6595/6600 x5 | credit=$0.45 settle=$0.00 | P&L=$+215 | eq=$89,006
2026-03-31 22:28:12 | DEBUG    | [20250912] SPX=6590 -> 6584 | C 6595/6600 x5 | credit=$0.65 settle=$0.00 | P&L=$+315 | eq=$89,321
2026-03-31 22:28:12 | DEBUG    | [20250915] SPX=6612 -> 6615 | C 6615/6620 x5 | credit=$0.45 settle=$0.31 | P&L=$+60 | eq=$89,381
2026-03-31 22:28:12 | DEBUG    | [20250917] SPX=6602 -> 6600 | C 6610/6615 x5 | credit=$0.40 settle=$0.00 | P&L=$+190 | eq=$89,571
2026-03-31 22:28:12 | DEBUG    | [20250918] SPX=6632 -> 6632 | C 6635/6640 x8 | credit=$2.10 settle=$0.00 | P&L=$+1664 | eq=$91,235
2026-03-31 22:28:12 | DEBUG    | [20250919] SPX=6669 -> 6664 | C 6675/6680 x5 | credit=$0.45 settle=$0.00 | P&L=$+215 | eq=$91,450
2026-03-31 22:28:12 | DEBUG    | [20250922] Credit $0.00 < min $0.10
2026-03-31 22:28:12 | DEBUG    | [20250923] No quotes for C 6665/6670 at 15:55:00
2026-03-31 22:28:12 | DEBUG    | [20250924] No quotes for C 6640/6645 at 15:55:00
2026-03-31 22:28:12 | DEBUG    | [20250925] Credit $-0.05 < min $0.10
2026-03-31 22:28:12 | DEBUG    | [20250926] SPX=6641 -> 6644 | C 6645/6650 x6 | credit=$0.95 settle=$0.00 | P&L=$+558 | eq=$92,008
2026-03-31 22:28:12 | DEBUG    | [20250929] Credit $0.05 < min $0.10
2026-03-31 22:28:12 | DEBUG    | [20250930] SPX=6690 -> 6688 | C 6695/6700 x5 | credit=$0.45 settle=$0.00 | P&L=$+215 | eq=$92,223
2026-03-31 22:28:12 | DEBUG    | [20251001] SPX=6712 -> 6711 | C 6715/6720 x5 | credit=$0.70 settle=$0.00 | P&L=$+340 | eq=$92,563
2026-03-31 22:28:12 | DEBUG    | [20251002] No quotes for C 6720/6725 at 15:55:00
2026-03-31 22:28:12 | DEBUG    | [20251003] SPX=6716 -> 6716 | C 6725/6730 x5 | credit=$0.20 settle=$0.00 | P&L=$+90 | eq=$92,653
2026-03-31 22:28:12 | DEBUG    | [20251006] Credit $0.00 < min $0.10
2026-03-31 22:28:12 | DEBUG    | [20251007] No quotes for C 6720/6725 at 15:55:00
2026-03-31 22:28:12 | DEBUG    | [20251008] Credit $0.05 < min $0.10
2026-03-31 22:28:12 | DEBUG    | [20251009] No quotes for C 6740/6745 at 15:55:00
2026-03-31 22:28:12 | DEBUG    | [20251010] No quotes for C 6560/6565 at 15:55:00
2026-03-31 22:28:12 | DEBUG    | [20251013] SPX=6656 -> 6655 | C 6660/6665 x5 | credit=$0.80 settle=$0.00 | P&L=$+390 | eq=$93,043
2026-03-31 22:28:12 | DEBUG    | [20251014] SPX=6641 -> 6644 | C 6645/6650 x6 | credit=$1.35 settle=$0.00 | P&L=$+798 | eq=$93,841
2026-03-31 22:28:12 | DEBUG    | [20251015] No quotes for C 6660/6665 at 15:55:00
2026-03-31 22:28:12 | DEBUG    | [20251016] No quotes for C 6635/6640 at 15:55:00
2026-03-31 22:28:12 | DEBUG    | [20251017] SPX=6666 -> 6664 | C 6670/6675 x6 | credit=$1.00 settle=$0.00 | P&L=$+588 | eq=$94,429
2026-03-31 22:28:12 | DEBUG    | [20251020] SPX=6738 -> 6735 | C 6745/6750 x5 | credit=$0.10 settle=$0.00 | P&L=$+40 | eq=$94,469
2026-03-31 22:28:12 | DEBUG    | [20251021] SPX=6743 -> 6735 | C 6750/6755 x5 | credit=$0.15 settle=$0.00 | P&L=$+65 | eq=$94,534
2026-03-31 22:28:12 | DEBUG    | [20251022] No quotes for C 6705/6710 at 15:55:00
2026-03-31 22:28:12 | DEBUG    | [20251023] SPX=6738 -> 6738 | C 6745/6750 x5 | credit=$0.15 settle=$0.00 | P&L=$+65 | eq=$94,599
2026-03-31 22:28:12 | DEBUG    | [20251024] SPX=6796 -> 6792 | C 6800/6805 x6 | credit=$1.05 settle=$0.00 | P&L=$+618 | eq=$95,217
2026-03-31 22:28:12 | DEBUG    | [20251027] SPX=6876 -> 6875 | C 6880/6885 x5 | credit=$0.45 settle=$0.00 | P&L=$+215 | eq=$95,432
2026-03-31 22:28:12 | DEBUG    | [20251028] Credit $0.00 < min $0.10
2026-03-31 22:28:12 | DEBUG    | [20251029] No quotes for C 6895/6900 at 15:55:00
2026-03-31 22:28:12 | DEBUG    | [20251030] No quotes for C 6830/6835 at 15:55:00
2026-03-31 22:28:12 | DEBUG    | [20251031] No quotes for C 6855/6860 at 15:55:00
2026-03-31 22:28:12 | DEBUG    | [20251103] No quotes for C 6855/6860 at 15:55:00
2026-03-31 22:28:12 | DEBUG    | [20251104] No quotes for C 6775/6780 at 15:55:00
2026-03-31 22:28:12 | DEBUG    | [20251105] SPX=6806 -> 6796 | C 6810/6815 x6 | credit=$1.20 settle=$0.00 | P&L=$+708 | eq=$96,140
2026-03-31 22:28:12 | DEBUG    | [20251106] No quotes for C 6730/6735 at 15:55:00
2026-03-31 22:28:12 | DEBUG    | [20251107] Credit $0.00 < min $0.10
2026-03-31 22:28:12 | DEBUG    | [20251110] SPX=6834 -> 6832 | C 6840/6845 x6 | credit=$1.40 settle=$0.00 | P&L=$+828 | eq=$96,968
2026-03-31 22:28:12 | DEBUG    | [20251111] SPX=6849 -> 6847 | C 6855/6860 x5 | credit=$0.50 settle=$0.00 | P&L=$+240 | eq=$97,208
2026-03-31 22:28:12 | DEBUG    | [20251112] No quotes for C 6855/6860 at 15:55:00
2026-03-31 22:28:12 | DEBUG    | [20251113] No quotes for C 6740/6745 at 15:55:00
2026-03-31 22:28:12 | DEBUG    | [20251114] SPX=6735 -> 6734 | C 6740/6745 x5 | credit=$0.55 settle=$0.00 | P&L=$+265 | eq=$97,473
2026-03-31 22:28:12 | DEBUG    | [20251117] No quotes for C 6675/6680 at 15:55:00
2026-03-31 22:28:12 | DEBUG    | [20251119] SPX=6648 -> 6642 | C 6655/6660 x5 | credit=$0.30 settle=$0.00 | P&L=$+140 | eq=$97,613
2026-03-31 22:28:12 | DEBUG    | [20251120] SKIP: VIX(15:50)=26.5 > 26.0
2026-03-31 22:28:12 | DEBUG    | [20251121] SPX=6599 -> 6603 | C 6605/6610 x7 | credit=$1.55 settle=$0.00 | P&L=$+1071 | eq=$98,684
2026-03-31 22:28:12 | DEBUG    | [20251124] SPX=6712 -> 6705 | C 6720/6725 x5 | credit=$0.35 settle=$0.00 | P&L=$+165 | eq=$98,849
2026-03-31 22:28:12 | DEBUG    | [20251125] SPX=6771 -> 6766 | C 6775/6780 x5 | credit=$0.60 settle=$0.00 | P&L=$+290 | eq=$99,139
2026-03-31 22:28:12 | DEBUG    | [20251126] SPX=6817 -> 6813 | C 6820/6825 x5 | credit=$0.75 settle=$0.00 | P&L=$+365 | eq=$99,504
2026-03-31 22:28:12 | DEBUG    | [20251201] SPX=6811 -> 6813 | C 6815/6820 x6 | credit=$1.20 settle=$0.00 | P&L=$+708 | eq=$100,212
2026-03-31 22:28:12 | DEBUG    | [20251202] SPX=6830 -> 6829 | C 6835/6840 x5 | credit=$0.30 settle=$0.00 | P&L=$+140 | eq=$100,352
2026-03-31 22:28:12 | DEBUG    | [20251203] SPX=6852 -> 6850 | C 6855/6860 x5 | credit=$0.35 settle=$0.00 | P&L=$+165 | eq=$100,517
2026-03-31 22:28:12 | DEBUG    | [20251204] No quotes for C 6855/6860 at 15:55:00
2026-03-31 22:28:12 | DEBUG    | [20251205] SPX=6863 -> 6870 | C 6870/6875 x5 | credit=$0.15 settle=$0.40 | P&L=$-135 | eq=$100,382
2026-03-31 22:28:12 | DEBUG    | [20251208] No quotes for C 6840/6845 at 15:55:00
2026-03-31 22:28:12 | DEBUG    | [20251209] SPX=6840 -> 6841 | C 6845/6850 x5 | credit=$0.40 settle=$0.00 | P&L=$+190 | eq=$100,572
2026-03-31 22:28:12 | DEBUG    | [20251210] SPX=6890 -> 6887 | C 6895/6900 x6 | credit=$1.05 settle=$0.00 | P&L=$+618 | eq=$101,190
2026-03-31 22:28:12 | DEBUG    | [20251211] SPX=6896 -> 6901 | C 6900/6905 x5 | credit=$0.80 settle=$0.99 | P&L=$-105 | eq=$101,085
2026-03-31 22:28:12 | DEBUG    | [20251212] No quotes for C 6830/6835 at 15:55:00
2026-03-31 22:28:12 | DEBUG    | [20251215] No quotes for C 6825/6830 at 15:55:00
2026-03-31 22:28:12 | DEBUG    | [20251216] SPX=6810 -> 6800 | C 6815/6820 x5 | credit=$0.25 settle=$0.00 | P&L=$+115 | eq=$101,200
2026-03-31 22:28:12 | DEBUG    | [20251217] No quotes for C 6730/6735 at 15:55:00
2026-03-31 22:28:12 | DEBUG    | [20251218] SPX=6780 -> 6775 | C 6785/6790 x6 | credit=$1.10 settle=$0.00 | P&L=$+648 | eq=$101,848
2026-03-31 22:28:12 | DEBUG    | [20251219] SPX=6831 -> 6835 | C 6835/6840 x6 | credit=$1.10 settle=$0.00 | P&L=$+648 | eq=$102,496
2026-03-31 22:28:12 | DEBUG    | [20251222] SPX=6876 -> 6878 | C 6880/6885 x5 | credit=$0.75 settle=$0.00 | P&L=$+365 | eq=$102,861
2026-03-31 22:28:12 | DEBUG    | [20251223] Credit $0.00 < min $0.10
2026-03-31 22:28:12 | DEBUG    | [20251226] Credit $-0.05 < min $0.10
2026-03-31 22:28:12 | DEBUG    | [20251229] Credit $0.05 < min $0.10
2026-03-31 22:28:12 | DEBUG    | [20251230] Credit $0.10 < min $0.10
2026-03-31 22:28:12 | DEBUG    | [20251231] No quotes for C 6860/6865 at 15:55:00
2026-03-31 22:28:12 | DEBUG    | [20260102] No quotes for C 6855/6860 at 15:55:00
2026-03-31 22:28:12 | DEBUG    | [20260105] SPX=6898 -> 6902 | C 6905/6910 x5 | credit=$0.20 settle=$0.00 | P&L=$+90 | eq=$102,951
2026-03-31 22:28:12 | DEBUG    | [20260106] SPX=6946 -> 6945 | C 6950/6955 x5 | credit=$0.55 settle=$0.00 | P&L=$+265 | eq=$103,216
2026-03-31 22:28:12 | DEBUG    | [20260107] No quotes for C 6925/6930 at 15:55:00
2026-03-31 22:28:12 | DEBUG    | [20260108] SPX=6922 -> 6921 | C 6925/6930 x5 | credit=$0.60 settle=$0.00 | P&L=$+290 | eq=$103,506
2026-03-31 22:28:12 | DEBUG    | [20260109] SPX=6969 -> 6966 | C 6975/6980 x5 | credit=$0.15 settle=$0.00 | P&L=$+65 | eq=$103,571
2026-03-31 22:28:12 | DEBUG    | [20260112] SPX=6979 -> 6977 | C 6985/6990 x5 | credit=$0.15 settle=$0.00 | P&L=$+65 | eq=$103,636
2026-03-31 22:28:12 | DEBUG    | [20260113] No quotes for C 6965/6970 at 15:55:00
2026-03-31 22:28:12 | DEBUG    | [20260115] No quotes for C 6945/6950 at 15:55:00
2026-03-31 22:28:12 | DEBUG    | [20260116] No quotes for C 6950/6955 at 15:55:00
2026-03-31 22:28:12 | DEBUG    | [20260120] No quotes for C 6800/6805 at 15:55:00
2026-03-31 22:28:12 | DEBUG    | [20260121] SPX=6875 -> 6876 | C 6880/6885 x5 | credit=$0.75 settle=$0.00 | P&L=$+365 | eq=$104,001
2026-03-31 22:28:12 | DEBUG    | [20260122] Credit $0.05 < min $0.10
2026-03-31 22:28:12 | DEBUG    | [20260123] Credit $0.10 < min $0.10
2026-03-31 22:28:12 | DEBUG    | [20260126] SPX=6951 -> 6950 | C 6955/6960 x6 | credit=$1.05 settle=$0.00 | P&L=$+618 | eq=$104,619
2026-03-31 22:28:12 | DEBUG    | [20260127] Credit $0.05 < min $0.10
2026-03-31 22:28:12 | DEBUG    | [20260128] No quotes for C 6990/6995 at 15:55:00
2026-03-31 22:28:12 | DEBUG    | [20260129] No quotes for C 6970/6975 at 15:55:00
2026-03-31 22:28:12 | DEBUG    | [20260130] Credit $0.05 < min $0.10
2026-03-31 22:28:12 | DEBUG    | [20260202] Credit $0.05 < min $0.10
2026-03-31 22:28:12 | DEBUG    | [20260203] No quotes for C 6920/6925 at 15:55:00
2026-03-31 22:28:12 | DEBUG    | [20260204] No quotes for C 6890/6895 at 15:55:00
2026-03-31 22:28:12 | DEBUG    | [20260205] No quotes for C 6800/6805 at 15:55:00
2026-03-31 22:28:12 | DEBUG    | [20260206] SPX=6937 -> 6932 | C 6945/6950 x6 | credit=$0.95 settle=$0.00 | P&L=$+558 | eq=$105,177
2026-03-31 22:28:12 | DEBUG    | [20260209] SPX=6965 -> 6965 | C 6970/6975 x5 | credit=$0.15 settle=$0.00 | P&L=$+65 | eq=$105,242
2026-03-31 22:28:12 | DEBUG    | [20260210] No quotes for C 6950/6955 at 15:55:00
2026-03-31 22:28:12 | DEBUG    | [20260211] No quotes for C 6950/6955 at 15:55:00
2026-03-31 22:28:12 | DEBUG    | [20260212] No quotes for C 6840/6845 at 15:55:00
2026-03-31 22:28:12 | DEBUG    | [20260213] SPX=6831 -> 6836 | C 6840/6845 x5 | credit=$0.60 settle=$0.00 | P&L=$+290 | eq=$105,532
2026-03-31 22:28:12 | DEBUG    | [20260217] SPX=6841 -> 6843 | C 6845/6850 x5 | credit=$0.75 settle=$0.00 | P&L=$+365 | eq=$105,897
2026-03-31 22:28:12 | DEBUG    | [20260218] SPX=6888 -> 6881 | C 6895/6900 x5 | credit=$0.25 settle=$0.00 | P&L=$+115 | eq=$106,012
2026-03-31 22:28:12 | DEBUG    | [20260219] SPX=6856 -> 6862 | C 6865/6870 x5 | credit=$0.10 settle=$0.00 | P&L=$+40 | eq=$106,052
2026-03-31 22:28:12 | DEBUG    | [20260223] No quotes for C 6835/6840 at 15:55:00
2026-03-31 22:28:12 | DEBUG    | [20260224] SPX=6890 -> 6890 | C 6895/6900 x7 | credit=$1.50 settle=$0.00 | P&L=$+1036 | eq=$107,088
2026-03-31 22:28:12 | DEBUG    | [20260225] SPX=6949 -> 6946 | C 6955/6960 x5 | credit=$0.30 settle=$0.00 | P&L=$+140 | eq=$107,228
2026-03-31 22:28:12 | DEBUG    | [20260226] No quotes for C 6910/6915 at 15:55:00
2026-03-31 22:28:12 | DEBUG    | [20260227] SPX=6869 -> 6879 | C 6875/6880 x6 | credit=$0.85 settle=$3.88 | P&L=$-1830 | eq=$105,398
2026-03-31 22:28:12 | DEBUG    | [20260302] SPX=6885 -> 6882 | C 6890/6895 x5 | credit=$0.30 settle=$0.00 | P&L=$+140 | eq=$105,538
2026-03-31 22:28:12 | DEBUG    | [20260303] SPX=6815 -> 6817 | C 6820/6825 x5 | credit=$0.60 settle=$0.00 | P&L=$+290 | eq=$105,828
2026-03-31 22:28:12 | DEBUG    | [20260305] No quotes for C 6835/6840 at 15:55:00
2026-03-31 22:28:12 | DEBUG    | [20260306] SKIP: VIX(15:50)=29.0 > 26.0
2026-03-31 22:28:12 | DEBUG    | [20260309] SPX=6788 -> 6796 | C 6795/6800 x5 | credit=$0.30 settle=$0.90 | P&L=$-310 | eq=$105,518
2026-03-31 22:28:12 | DEBUG    | [20260310] No quotes for C 6780/6785 at 15:55:00
2026-03-31 22:28:12 | DEBUG    | [20260311] No quotes for C 6780/6785 at 15:55:00
2026-03-31 22:28:12 | DEBUG    | [20260312] SKIP: VIX(15:50)=26.8 > 26.0
2026-03-31 22:28:12 | DEBUG    | [20260313] SKIP: VIX(15:50)=27.4 > 26.0
2026-03-31 22:28:12 | DEBUG    | [20260316] Credit $0.00 < min $0.10
2026-03-31 22:28:12 | DEBUG    | [20260317] SPX=6716 -> 6716 | C 6725/6730 x5 | credit=$0.20 settle=$0.00 | P&L=$+90 | eq=$105,608
2026-03-31 22:28:12 | DEBUG    | [20260318] No quotes for C 6635/6640 at 15:55:00
2026-03-31 22:28:12 | DEBUG    | [20260319] Credit $0.05 < min $0.10
2026-03-31 22:28:12 | DEBUG    | [20260320] SKIP: VIX(15:50)=28.2 > 26.0
2026-03-31 22:28:12 | DEBUG    | [20260323] SPX=6588 -> 6581 | C 6595/6600 x6 | credit=$1.15 settle=$0.00 | P&L=$+678 | eq=$106,286
2026-03-31 22:28:12 | DEBUG    | [20260324] SKIP: VIX(15:50)=26.8 > 26.0
2026-03-31 22:28:12 | INFO     | ============================================================
2026-03-31 22:28:12 | INFO     | SKIP REASONS:
2026-03-31 22:28:12 | INFO     |   afternoon_filter    : 17
2026-03-31 22:28:12 | INFO     |   early_close         : 6
2026-03-31 22:28:12 | INFO     |   no_quotes           : 288
2026-03-31 22:28:12 | INFO     |   no_spx              : 1
2026-03-31 22:28:12 | INFO     |   no_strikes          : 50
2026-03-31 22:28:12 | INFO     |   vix_intraday        : 137
2026-03-31 22:28:12 | INFO     |   zero_credit         : 268
2026-03-31 22:28:12 | INFO     |   TOTAL TRADES        : 293
2026-03-31 22:28:12 | INFO     | ============================================================
2026-03-31 22:28:12 | INFO     | Trade log snapshot -> /Users/jeerapongwongchote/Documents/thetadata/lastfive/tradelogs_lastfive.csv
2026-03-31 22:28:12 | INFO     | ============================================================
2026-03-31 22:28:12 | INFO     |   LASTFIVE PERFORMANCE SUMMARY
2026-03-31 22:28:12 | INFO     | ============================================================
2026-03-31 22:28:12 | INFO     |   Total P&L        : $   56,286.00
2026-03-31 22:28:12 | INFO     |   CAGR             :        18.8%
2026-03-31 22:28:12 | INFO     |   Max Drawdown     : $   -4,046.00
2026-03-31 22:28:12 | INFO     |   Sharpe Ratio     :         2.54
2026-03-31 22:28:12 | INFO     |   Calmar Ratio     :         2.32
2026-03-31 22:28:12 | INFO     |   Win Rate         :        92.2%
2026-03-31 22:28:12 | INFO     |   Profit Factor    :         3.73
2026-03-31 22:28:12 | INFO     |   Total Trades     :          293
2026-03-31 22:28:12 | INFO     |   Avg Win          : $      284.78
2026-03-31 22:28:12 | INFO     |   Avg Loss         : $     -895.87
2026-03-31 22:28:12 | INFO     |   Worst Trade      : $   -2,502.00
2026-03-31 22:28:12 | INFO     |   Best Trade       : $    2,187.00
2026-03-31 22:28:12 | INFO     | ============================================================
2026-03-31 22:28:12 | INFO     | Results appended to /Users/jeerapongwongchote/Documents/thetadata/lastfive/RESULTS.md
2026-03-31 22:28:12 | INFO     | ----------------------------------------------------------------------
2026-03-31 22:28:12 | INFO     |   VIX CORRELATION ANALYSIS
2026-03-31 22:28:12 | INFO     | ----------------------------------------------------------------------
2026-03-31 22:28:12 | INFO     |   VIX Range  |  Trades |  Win Rate |    Avg P&L |    Total P&L
2026-03-31 22:28:12 | INFO     | ----------------------------------------------------------------------
2026-03-31 22:28:12 | INFO     |   < 15       |      70 |     94.3% | $   152.30 | $  10,661.00
2026-03-31 22:28:12 | INFO     |   15-20      |     150 |     90.7% | $   167.07 | $  25,060.00
2026-03-31 22:28:12 | INFO     |   20-25      |      64 |     95.3% | $   290.16 | $  18,570.00
2026-03-31 22:28:12 | INFO     |   25-30      |       9 |     77.8% | $   221.67 | $   1,995.00
2026-03-31 22:28:12 | INFO     |   30-35      |       0 |      0.0% | $     0.00 | $       0.00
2026-03-31 22:28:12 | INFO     |   35+        |       0 |      0.0% | $     0.00 | $       0.00
2026-03-31 22:28:12 | INFO     | ----------------------------------------
2026-03-31 22:28:12 | INFO     |   MONTHLY P&L
2026-03-31 22:28:12 | INFO     | ----------------------------------------
2026-03-31 22:28:12 | INFO     |   Month      |          P&L
2026-03-31 22:28:12 | INFO     | ----------------------------------------
2026-03-31 22:28:12 | INFO     |   2022-01     | $     902.00
2026-03-31 22:28:12 | INFO     |   2022-02     | $   1,323.00
2026-03-31 22:28:12 | INFO     |   2022-03     | $  -1,478.00
2026-03-31 22:28:12 | INFO     |   2022-04     | $     670.00
2026-03-31 22:28:12 | INFO     |   2022-05     | $  -1,495.00
2026-03-31 22:28:12 | INFO     |   2022-07     | $   1,528.00
2026-03-31 22:28:12 | INFO     |   2022-08     | $   1,778.00
2026-03-31 22:28:12 | INFO     |   2022-09     | $   1,824.00
2026-03-31 22:28:12 | INFO     |   2022-10     | $     588.00
2026-03-31 22:28:12 | INFO     |   2022-11     | $   1,566.00
2026-03-31 22:28:12 | INFO     |   2022-12     | $     660.00
2026-03-31 22:28:12 | INFO     |   2023-01     | $     133.00
2026-03-31 22:28:12 | INFO     |   2023-02     | $   1,054.00
2026-03-31 22:28:12 | INFO     |   2023-03     | $  -1,412.00
2026-03-31 22:28:12 | INFO     |   2023-04     | $     245.00
2026-03-31 22:28:12 | INFO     |   2023-05     | $      90.00
2026-03-31 22:28:12 | INFO     |   2023-06     | $     166.00
2026-03-31 22:28:12 | INFO     |   2023-07     | $     568.00
2026-03-31 22:28:12 | INFO     |   2023-08     | $     498.00
2026-03-31 22:28:12 | INFO     |   2023-09     | $     365.00
2026-03-31 22:28:12 | INFO     |   2023-10     | $     805.00
2026-03-31 22:28:12 | INFO     |   2023-11     | $     270.00
2026-03-31 22:28:12 | INFO     |   2023-12     | $     435.00
2026-03-31 22:28:12 | INFO     |   2024-01     | $     310.00
2026-03-31 22:28:12 | INFO     |   2024-02     | $     713.00
2026-03-31 22:28:12 | INFO     |   2024-03     | $   1,030.00
2026-03-31 22:28:12 | INFO     |   2024-04     | $   1,800.00
2026-03-31 22:28:12 | INFO     |   2024-05     | $     995.00
2026-03-31 22:28:12 | INFO     |   2024-06     | $     435.00
2026-03-31 22:28:12 | INFO     |   2024-07     | $    -184.00
2026-03-31 22:28:12 | INFO     |   2024-08     | $  -2,109.00
2026-03-31 22:28:12 | INFO     |   2024-09     | $   1,198.00
2026-03-31 22:28:12 | INFO     |   2024-10     | $   1,910.00
2026-03-31 22:28:12 | INFO     |   2024-11     | $   1,926.00
2026-03-31 22:28:12 | INFO     |   2024-12     | $   1,356.00
2026-03-31 22:28:12 | INFO     |   2025-01     | $     298.00
2026-03-31 22:28:12 | INFO     |   2025-02     | $   1,348.00
2026-03-31 22:28:12 | INFO     |   2025-03     | $   5,419.00
2026-03-31 22:28:12 | INFO     |   2025-04     | $   2,787.00
2026-03-31 22:28:12 | INFO     |   2025-05     | $   5,570.00
2026-03-31 22:28:12 | INFO     |   2025-06     | $   1,131.00
2026-03-31 22:28:12 | INFO     |   2025-07     | $     440.00
2026-03-31 22:28:12 | INFO     |   2025-08     | $   1,230.00
2026-03-31 22:28:12 | INFO     |   2025-09     | $   3,537.00
2026-03-31 22:28:12 | INFO     |   2025-10     | $   3,209.00
2026-03-31 22:28:12 | INFO     |   2025-11     | $   4,072.00
2026-03-31 22:28:12 | INFO     |   2025-12     | $   3,357.00
2026-03-31 22:28:12 | INFO     |   2026-01     | $   1,758.00
2026-03-31 22:28:12 | INFO     |   2026-02     | $     779.00
2026-03-31 22:28:12 | INFO     |   2026-03     | $     888.00
2026-03-31 22:28:12 | INFO     | --------------------------------------------------
2026-03-31 22:28:12 | INFO     |   WORST 10 DAYS
2026-03-31 22:28:12 | INFO     | --------------------------------------------------
2026-03-31 22:28:12 | INFO     |   Date         |          P&L |      VIX
2026-03-31 22:28:12 | INFO     | --------------------------------------------------
2026-03-31 22:28:12 | INFO     |   2023-03-24   | $  -2,502.00 |     21.7
2026-03-31 22:28:12 | INFO     |   2024-08-08   | $  -1,834.00 |     23.8
2026-03-31 22:28:12 | INFO     |   2026-02-27   | $  -1,830.00 |     19.9
2026-03-31 22:28:12 | INFO     |   2024-07-26   | $  -1,760.00 |     16.4
2026-03-31 22:28:12 | INFO     |   2022-05-27   | $  -1,495.00 |     25.7
2026-03-31 22:28:12 | INFO     |   2024-08-15   | $  -1,365.00 |     15.2
2026-03-31 22:28:12 | INFO     |   2022-03-25   | $  -1,338.00 |     20.8
2026-03-31 22:28:12 | INFO     |   2023-02-15   | $  -1,315.00 |     18.2
2026-03-31 22:28:12 | INFO     |   2025-01-27   | $  -1,090.00 |     17.9
2026-03-31 22:28:12 | INFO     |   2023-06-28   | $  -1,010.00 |     13.4
