2026-04-04 12:41:24 | INFO     | Log file  : /Users/jeerapongwongchote/Documents/thetadata/lastfive/logs/lastfive_20260404_124124.log
2026-04-04 12:41:24 | INFO     | ============================================================
2026-04-04 12:41:24 | INFO     |   RECENT RUN HISTORY
2026-04-04 12:41:24 | INFO     | ------------------------------------------------------------
2026-04-04 12:41:24 | INFO     |   #46 2026-04-04T12:19 | P&L=$   137,289 | WR=78.7% | 959 trades
2026-04-04 12:41:24 | INFO     |   #47 2026-04-04T12:19 | P&L=$    31,952 | WR=91.4% | 452 trades
2026-04-04 12:41:24 | INFO     |   #48 2026-04-04T12:41 | P&L=$   128,987 | WR=79.5% | 980 trades
2026-04-04 12:41:24 | INFO     |   #49 2026-04-04T12:41 | P&L=$    85,551 | WR=75.0% | 521 trades
2026-04-04 12:41:24 | INFO     |   #50 2026-04-04T12:41 | P&L=$    34,669 | WR=90.5% | 474 trades
2026-04-04 12:41:24 | INFO     | ============================================================
2026-04-04 12:41:24 | INFO     | ============================================================
2026-04-04 12:41:24 | INFO     | LASTFIVE BACKTEST — Short Call Spread 5 Min Before Close
2026-04-04 12:41:24 | INFO     | Period       : 2025-01-01 -> 2026-03-25
2026-04-04 12:41:24 | INFO     | Sides        : CALL+PUT
2026-04-04 12:41:24 | INFO     | VIX adaptive : ON (ATM<18.0, d3<22.0, d5<26.0)
2026-04-04 12:41:24 | INFO     | Spread width : $5.0
2026-04-04 12:41:24 | INFO     | Tiered sizing: ON ($1500.0/$2500.0/$3500.0)
2026-04-04 12:41:24 | INFO     | Min credit   : $0.1
2026-04-04 12:41:24 | INFO     | Put filter   : aftn<-0.75% + mom30<-0.1% (ON)
2026-04-04 12:41:24 | INFO     | Stop-loss    : buy back if SPX moves $2.0+ at 15:56,15:57 (OFF)
2026-04-04 12:41:24 | INFO     | Afternoon    : < 1.0% (ON)
2026-04-04 12:41:24 | INFO     | VIX(15:50)   : <= 26.0 (ON)
2026-04-04 12:41:24 | INFO     | ============================================================
2026-04-04 12:41:24 | INFO     | Building daily indicators...
2026-04-04 12:41:29 | INFO     |   -> 1066 daily bars loaded
2026-04-04 12:41:29 | INFO     | Trading dates: 307 (from 20250102 to 20260325)
2026-04-04 12:41:29 | DEBUG    | [20250102] CALL SPX=5865->5869 | C 5870/5875 x8 | cr=$0.65 settle=$0.00 | P&L=$+504 | eq=$50,504 | dist=5
2026-04-04 12:41:29 | DEBUG    | [20250102] PUT SPX=5865->5869 | P 5855/5850 x5 | cr=$0.25 settle=$0.00 | P&L=$+115 | eq=$50,619 | dist=5
2026-04-04 12:41:29 | DEBUG    | [20250103] CALL SPX=5937->5942 | C 5945/5950 x3 | cr=$0.15 settle=$0.00 | P&L=$+39 | eq=$50,658 | dist=5
2026-04-04 12:41:29 | DEBUG    | [20250103] PUT SPX=5937->5942 | P 5930/5925 x3 | cr=$0.15 settle=$0.00 | P&L=$+39 | eq=$50,697 | dist=5
2026-04-04 12:41:29 | DEBUG    | [20250106] CALL SPX=5971->5975 | C 5980/5985 x3 | cr=$0.10 settle=$0.00 | P&L=$+24 | eq=$50,721 | dist=5
2026-04-04 12:41:29 | DEBUG    | [20250106] PUT SPX=5971->5975 | P 5965/5960 x5 | cr=$0.20 settle=$0.00 | P&L=$+90 | eq=$50,811 | dist=5
2026-04-04 12:41:29 | DEBUG    | [20250107] CALL SPX=5908->5909 | C 5915/5920 x5 | cr=$0.25 settle=$0.00 | P&L=$+115 | eq=$50,926 | dist=5
2026-04-04 12:41:29 | DEBUG    | [20250107] PUT SPX=5908->5909 | P 5900/5895 x5 | cr=$0.35 settle=$0.00 | P&L=$+165 | eq=$51,091 | dist=5
2026-04-04 12:41:29 | DEBUG    | [20250108] CALL SPX=5917->5918 | C 5925/5930 x3 | cr=$0.20 settle=$0.00 | P&L=$+54 | eq=$51,145 | dist=5
2026-04-04 12:41:29 | DEBUG    | [20250108] PUT SPX=5917->5918 | P 5910/5905 x5 | cr=$0.35 settle=$0.00 | P&L=$+165 | eq=$51,310 | dist=5
2026-04-04 12:41:29 | DEBUG    | [20250110] CALL SPX=5831->5827 | C 5840/5845 x5 | cr=$0.20 settle=$0.00 | P&L=$+90 | eq=$51,400 | dist=5
2026-04-04 12:41:29 | DEBUG    | [20250110] PUT SPX=5831->5827 | P 5825/5820 x7 | cr=$0.55 settle=$0.00 | P&L=$+371 | eq=$51,771 | dist=5
2026-04-04 12:41:29 | DEBUG    | [20250113] CALL SPX=5833->5836 | C 5840/5845 x3 | cr=$0.15 settle=$0.00 | P&L=$+39 | eq=$51,810 | dist=5
2026-04-04 12:41:29 | DEBUG    | [20250113] PUT SPX=5833->5836 | P 5825/5820 x3 | cr=$0.20 settle=$0.00 | P&L=$+54 | eq=$51,864 | dist=5
2026-04-04 12:41:29 | DEBUG    | [20250114] CALL SPX=5837->5843 | C 5845/5850 x3 | cr=$0.10 settle=$0.00 | P&L=$+24 | eq=$51,888 | dist=5
2026-04-04 12:41:29 | DEBUG    | [20250114] PUT SPX=5837->5843 | P 5830/5825 x5 | cr=$0.30 settle=$0.00 | P&L=$+140 | eq=$52,028 | dist=5
2026-04-04 12:41:29 | DEBUG    | [20250115] PUT SPX=5950->5950 | P 5945/5940 x5 | cr=$0.35 settle=$0.00 | P&L=$+165 | eq=$52,193 | dist=5
2026-04-04 12:41:29 | DEBUG    | [20250116] TOUCH@15:59 PUT SPX=5937 | P 5940/5935 x5 | cr=$0.25 close=$0.90 | P&L=$-335
2026-04-04 12:41:29 | DEBUG    | [20250117] CALL SPX=6003->5997 | C 6010/6015 x3 | cr=$0.10 settle=$0.00 | P&L=$+24 | eq=$51,882 | dist=5
2026-04-04 12:41:29 | DEBUG    | [20250117] PUT SPX=6003->5997 | P 5995/5990 x3 | cr=$0.10 settle=$0.00 | P&L=$+24 | eq=$51,906 | dist=5
2026-04-04 12:41:29 | DEBUG    | [20250124] PUT SPX=6097->6101 | P 6090/6085 x7 | cr=$0.55 settle=$0.00 | P&L=$+371 | eq=$52,277 | dist=5
2026-04-04 12:41:29 | DEBUG    | [20250127] TOUCH@15:56 CALL SPX=6006 | C 6005/6010 x8 | cr=$0.70 close=$1.40 | P&L=$-576
2026-04-04 12:41:29 | DEBUG    | [20250127] PUT SPX=5999->6012 | P 5990/5985 x5 | cr=$0.25 settle=$0.00 | P&L=$+115 | eq=$51,816 | dist=5
2026-04-04 12:41:29 | DEBUG    | [20250128] PUT SPX=6072->6068 | P 6065/6060 x5 | cr=$0.25 settle=$0.00 | P&L=$+115 | eq=$51,931 | dist=5
2026-04-04 12:41:29 | DEBUG    | [20250129] CALL SPX=6039->6039 | C 6045/6050 x5 | cr=$0.50 settle=$0.00 | P&L=$+240 | eq=$52,171 | dist=5
2026-04-04 12:41:29 | DEBUG    | [20250129] PUT SPX=6039->6039 | P 6030/6025 x5 | cr=$0.45 settle=$0.00 | P&L=$+215 | eq=$52,386 | dist=5
2026-04-04 12:41:29 | DEBUG    | [20250130] CALL SPX=6070->6071 | C 6075/6080 x7 | cr=$0.60 settle=$0.00 | P&L=$+406 | eq=$52,792 | dist=5
2026-04-04 12:41:29 | DEBUG    | [20250130] PUT SPX=6070->6071 | P 6060/6055 x5 | cr=$0.20 settle=$0.00 | P&L=$+90 | eq=$52,882 | dist=5
2026-04-04 12:41:29 | DEBUG    | [20250131] CALL SPX=6039->6040 | C 6045/6050 x8 | cr=$1.00 settle=$0.00 | P&L=$+784 | eq=$53,666 | dist=5
2026-04-04 12:41:29 | DEBUG    | [20250131] PUT SPX=6039->6040 | P 6030/6025 x7 | cr=$0.60 settle=$0.00 | P&L=$+406 | eq=$54,072 | dist=5
2026-04-04 12:41:29 | DEBUG    | [20250203] CALL SPX=6002->5995 | C 6010/6015 x5 | cr=$0.45 settle=$0.00 | P&L=$+215 | eq=$54,287 | dist=5
2026-04-04 12:41:29 | DEBUG    | [20250203] PUT SPX=6002->5995 | P 5995/5990 x5 | cr=$0.50 settle=$0.37 | P&L=$+55 | eq=$54,342 | dist=5
2026-04-04 12:41:29 | DEBUG    | [20250204] CALL SPX=6039->6038 | C 6045/6050 x3 | cr=$0.20 settle=$0.00 | P&L=$+54 | eq=$54,396 | dist=5
2026-04-04 12:41:29 | DEBUG    | [20250205] TOUCH@15:58 CALL SPX=6061 | C 6060/6065 x5 | cr=$0.25 close=$1.00 | P&L=$-385
2026-04-04 12:41:29 | DEBUG    | [20250206] PUT SPX=6082->6084 | P 6075/6070 x3 | cr=$0.20 settle=$0.00 | P&L=$+54 | eq=$54,065 | dist=5
2026-04-04 12:41:29 | DEBUG    | [20250207] CALL SPX=6029->6026 | C 6035/6040 x5 | cr=$0.30 settle=$0.00 | P&L=$+140 | eq=$54,205 | dist=5
2026-04-04 12:41:29 | DEBUG    | [20250207] PUT SPX=6029->6026 | P 6020/6015 x3 | cr=$0.10 settle=$0.00 | P&L=$+24 | eq=$54,229 | dist=5
2026-04-04 12:41:29 | DEBUG    | [20250219] PUT SPX=6140->6144 | P 6135/6130 x3 | cr=$0.20 settle=$0.00 | P&L=$+54 | eq=$54,283 | dist=5
2026-04-04 12:41:29 | DEBUG    | [20250220] CALL SPX=6117->6118 | C 6125/6130 x3 | cr=$0.15 settle=$0.00 | P&L=$+39 | eq=$54,322 | dist=5
2026-04-04 12:41:29 | DEBUG    | [20250220] PUT SPX=6117->6118 | P 6110/6105 x3 | cr=$0.10 settle=$0.00 | P&L=$+24 | eq=$54,346 | dist=5
2026-04-04 12:41:29 | DEBUG    | [20250221] CALL SPX=6018->6013 | C 6025/6030 x5 | cr=$0.25 settle=$0.00 | P&L=$+115 | eq=$54,461 | dist=5
2026-04-04 12:41:29 | DEBUG    | [20250221] PUT SPX=6018->6013 | P 6010/6005 x5 | cr=$0.30 settle=$0.00 | P&L=$+140 | eq=$54,601 | dist=5
2026-04-04 12:41:29 | DEBUG    | [20250224] CALL SPX=5987->5983 | C 5995/6000 x5 | cr=$0.45 settle=$0.00 | P&L=$+215 | eq=$54,816 | dist=5
2026-04-04 12:41:29 | DEBUG    | [20250224] PUT SPX=5987->5983 | P 5980/5975 x5 | cr=$0.35 settle=$0.00 | P&L=$+165 | eq=$54,981 | dist=5
2026-04-04 12:41:29 | DEBUG    | [20250225] CALL SPX=5950->5955 | C 5960/5965 x5 | cr=$0.30 settle=$0.00 | P&L=$+140 | eq=$55,121 | dist=5
2026-04-04 12:41:29 | DEBUG    | [20250225] PUT SPX=5950->5955 | P 5945/5940 x8 | cr=$0.70 settle=$0.00 | P&L=$+544 | eq=$55,665 | dist=5
2026-04-04 12:41:29 | DEBUG    | [20250226] TOUCH@15:58 PUT SPX=5952 | P 5955/5950 x7 | cr=$0.55 close=$1.45 | P&L=$-644
2026-04-04 12:41:29 | DEBUG    | [20250226] CALL SPX=5961->5956 | C 5970/5975 x3 | cr=$0.20 settle=$0.00 | P&L=$+54 | eq=$55,075 | dist=5
2026-04-04 12:41:29 | DEBUG    | [20250227] CALL SPX=5869->5862 | C 5875/5880 x8 | cr=$0.85 settle=$0.00 | P&L=$+664 | eq=$55,739 | dist=5
2026-04-04 12:41:29 | DEBUG    | [20250228] SKIP: Afternoon return=1.428% >= 1.0%
2026-04-04 12:41:29 | DEBUG    | [20250303] TOUCH@15:58 CALL SPX=5847 | C 5845/5850 x8 | cr=$0.70 close=$1.85 | P&L=$-936
2026-04-04 12:41:29 | DEBUG    | [20250303] PUT SPX=5836->5850 | P 5830/5825 x9 | cr=$1.20 settle=$0.00 | P&L=$+1062 | eq=$55,865 | dist=5
2026-04-04 12:41:29 | DEBUG    | [20250304] CALL SPX=5777->5778 | C 5785/5790 x8 | cr=$0.90 settle=$0.00 | P&L=$+704 | eq=$56,569 | dist=5
2026-04-04 12:41:29 | DEBUG    | [20250304] PUT SPX=5777->5778 | P 5770/5765 x8 | cr=$0.85 settle=$0.00 | P&L=$+664 | eq=$57,233 | dist=5
2026-04-04 12:41:29 | DEBUG    | [20250305] CALL SPX=5848->5843 | C 5855/5860 x8 | cr=$0.85 settle=$0.00 | P&L=$+664 | eq=$57,897 | dist=5
2026-04-04 12:41:29 | DEBUG    | [20250305] PUT SPX=5848->5843 | P 5840/5835 x8 | cr=$0.70 settle=$0.00 | P&L=$+544 | eq=$58,441 | dist=5
2026-04-04 12:41:29 | DEBUG    | [20250306] CALL SPX=5744->5738 | C 5755/5760 x8 | cr=$0.75 settle=$0.00 | P&L=$+584 | eq=$59,025 | dist=10
2026-04-04 12:41:29 | DEBUG    | [20250306] PUT SPX=5744->5738 | P 5730/5725 x5 | cr=$0.45 settle=$0.00 | P&L=$+215 | eq=$59,240 | dist=10
2026-04-04 12:41:29 | DEBUG    | [20250307] SKIP: Afternoon return=1.053% >= 1.0%
2026-04-04 12:41:29 | DEBUG    | [20250310] SKIP: VIX(15:50)=27.9 > 26.0
2026-04-04 12:41:29 | DEBUG    | [20250311] SKIP: VIX(15:50)=26.9 > 26.0
2026-04-04 12:41:29 | DEBUG    | [20250312] CALL SPX=5603->5599 | C 5610/5615 x7 | cr=$0.60 settle=$0.00 | P&L=$+406 | eq=$59,646 | dist=5
2026-04-04 12:41:29 | DEBUG    | [20250312] PUT SPX=5603->5599 | P 5595/5590 x7 | cr=$0.55 settle=$0.00 | P&L=$+371 | eq=$60,017 | dist=5
2026-04-04 12:41:29 | DEBUG    | [20250313] CALL SPX=5516->5522 | C 5525/5530 x5 | cr=$0.40 settle=$0.00 | P&L=$+190 | eq=$60,207 | dist=5
2026-04-04 12:41:29 | DEBUG    | [20250313] PUT SPX=5516->5522 | P 5510/5505 x7 | cr=$0.60 settle=$0.00 | P&L=$+406 | eq=$60,613 | dist=5
2026-04-04 12:41:29 | DEBUG    | [20250314] CALL SPX=5642->5639 | C 5650/5655 x5 | cr=$0.35 settle=$0.00 | P&L=$+165 | eq=$60,778 | dist=5
2026-04-04 12:41:29 | DEBUG    | [20250314] PUT SPX=5642->5639 | P 5630/5625 x5 | cr=$0.35 settle=$0.00 | P&L=$+165 | eq=$60,943 | dist=5
2026-04-04 12:41:29 | DEBUG    | [20250317] TOUCH@15:58 PUT SPX=5678 | P 5680/5675 x3 | cr=$0.15 close=$1.10 | P&L=$-291
2026-04-04 12:41:29 | DEBUG    | [20250317] CALL SPX=5687->5675 | C 5695/5700 x5 | cr=$0.30 settle=$0.00 | P&L=$+140 | eq=$60,792 | dist=5
2026-04-04 12:41:29 | DEBUG    | [20250318] CALL SPX=5616->5615 | C 5625/5630 x5 | cr=$0.30 settle=$0.00 | P&L=$+140 | eq=$60,932 | dist=5
2026-04-04 12:41:29 | DEBUG    | [20250318] PUT SPX=5616->5615 | P 5610/5605 x5 | cr=$0.50 settle=$0.00 | P&L=$+240 | eq=$61,172 | dist=5
2026-04-04 12:41:29 | DEBUG    | [20250319] TOUCH@15:58 PUT SPX=5673 | P 5675/5670 x5 | cr=$0.50 close=$1.25 | P&L=$-385
2026-04-04 12:41:29 | DEBUG    | [20250319] CALL SPX=5682->5675 | C 5690/5695 x5 | cr=$0.50 settle=$0.00 | P&L=$+240 | eq=$61,027 | dist=5
2026-04-04 12:41:29 | DEBUG    | [20250320] CALL SPX=5664->5663 | C 5670/5675 x5 | cr=$0.45 settle=$0.00 | P&L=$+215 | eq=$61,242 | dist=5
2026-04-04 12:41:29 | DEBUG    | [20250320] PUT SPX=5664->5663 | P 5655/5650 x5 | cr=$0.30 settle=$0.00 | P&L=$+140 | eq=$61,382 | dist=5
2026-04-04 12:41:29 | DEBUG    | [20250321] TOUCH@15:58 CALL SPX=5668 | C 5665/5670 x5 | cr=$0.45 close=$1.75 | P&L=$-660
2026-04-04 12:41:29 | DEBUG    | [20250321] PUT SPX=5658->5667 | P 5650/5645 x5 | cr=$0.30 settle=$0.00 | P&L=$+140 | eq=$60,862 | dist=5
2026-04-04 12:41:29 | DEBUG    | [20250324] CALL SPX=5773->5768 | C 5780/5785 x5 | cr=$0.25 settle=$0.00 | P&L=$+115 | eq=$60,977 | dist=5
2026-04-04 12:41:29 | DEBUG    | [20250324] PUT SPX=5773->5768 | P 5765/5760 x3 | cr=$0.10 settle=$0.00 | P&L=$+24 | eq=$61,001 | dist=5
2026-04-04 12:41:29 | DEBUG    | [20250325] PUT SPX=5776->5777 | P 5770/5765 x5 | cr=$0.45 settle=$0.00 | P&L=$+215 | eq=$61,216 | dist=5
2026-04-04 12:41:29 | DEBUG    | [20250326] CALL SPX=5717->5712 | C 5725/5730 x5 | cr=$0.25 settle=$0.00 | P&L=$+115 | eq=$61,331 | dist=5
2026-04-04 12:41:29 | DEBUG    | [20250326] PUT SPX=5717->5712 | P 5710/5705 x7 | cr=$0.55 settle=$0.00 | P&L=$+371 | eq=$61,702 | dist=5
2026-04-04 12:41:29 | DEBUG    | [20250327] TOUCH@15:59 PUT SPX=5692 | P 5695/5690 x8 | cr=$0.65 close=$0.60 | P&L=$+24
2026-04-04 12:41:29 | DEBUG    | [20250327] CALL SPX=5701->5693 | C 5710/5715 x3 | cr=$0.20 settle=$0.00 | P&L=$+54 | eq=$61,780 | dist=5
2026-04-04 12:41:29 | DEBUG    | [20250328] CALL SPX=5586->5581 | C 5595/5600 x5 | cr=$0.30 settle=$0.00 | P&L=$+140 | eq=$61,920 | dist=5
2026-04-04 12:41:29 | DEBUG    | [20250328] PUT SPX=5586->5581 | P 5580/5575 x8 | cr=$0.85 settle=$0.00 | P&L=$+664 | eq=$62,584 | dist=5
2026-04-04 12:41:29 | DEBUG    | [20250331] SKIP: Afternoon return=1.129% >= 1.0%
2026-04-04 12:41:29 | DEBUG    | [20250401] CALL SPX=5633->5633 | C 5640/5645 x5 | cr=$0.30 settle=$0.00 | P&L=$+140 | eq=$62,724 | dist=5
2026-04-04 12:41:29 | DEBUG    | [20250401] PUT SPX=5633->5633 | P 5625/5620 x5 | cr=$0.25 settle=$0.00 | P&L=$+115 | eq=$62,839 | dist=5
2026-04-04 12:41:29 | DEBUG    | [20250402] CALL SPX=5673->5671 | C 5680/5685 x7 | cr=$0.60 settle=$0.00 | P&L=$+406 | eq=$63,245 | dist=5
2026-04-04 12:41:29 | DEBUG    | [20250402] PUT SPX=5673->5671 | P 5665/5660 x7 | cr=$0.60 settle=$0.00 | P&L=$+406 | eq=$63,651 | dist=5
2026-04-04 12:41:29 | DEBUG    | [20250403] SKIP: VIX(15:50)=29.5 > 26.0
2026-04-04 12:41:29 | DEBUG    | [20250404] SKIP: VIX(15:50)=42.9 > 26.0
2026-04-04 12:41:29 | DEBUG    | [20250407] SKIP: VIX(15:50)=48.6 > 26.0
2026-04-04 12:41:29 | DEBUG    | [20250408] SKIP: VIX(15:50)=57.1 > 26.0
2026-04-04 12:41:29 | DEBUG    | [20250409] SKIP: VIX(15:50)=32.5 > 26.0
2026-04-04 12:41:29 | DEBUG    | [20250410] SKIP: VIX(15:50)=46.0 > 26.0
2026-04-04 12:41:29 | DEBUG    | [20250411] SKIP: VIX(15:50)=37.0 > 26.0
2026-04-04 12:41:29 | DEBUG    | [20250414] SKIP: VIX(15:50)=30.2 > 26.0
2026-04-04 12:41:29 | DEBUG    | [20250415] SKIP: VIX(15:50)=29.6 > 26.0
2026-04-04 12:41:29 | DEBUG    | [20250416] SKIP: VIX(15:50)=33.2 > 26.0
2026-04-04 12:41:29 | DEBUG    | [20250417] SKIP: VIX(15:50)=30.5 > 26.0
2026-04-04 12:41:29 | DEBUG    | [20250421] SKIP: VIX(15:50)=33.8 > 26.0
2026-04-04 12:41:29 | DEBUG    | [20250422] SKIP: VIX(15:50)=30.6 > 26.0
2026-04-04 12:41:29 | DEBUG    | [20250423] SKIP: VIX(15:50)=28.5 > 26.0
2026-04-04 12:41:29 | DEBUG    | [20250424] SKIP: VIX(15:50)=26.5 > 26.0
2026-04-04 12:41:29 | DEBUG    | [20250425] CALL SPX=5524->5525 | C 5530/5535 x5 | cr=$0.35 settle=$0.00 | P&L=$+165 | eq=$63,816 | dist=5
2026-04-04 12:41:29 | DEBUG    | [20250425] PUT SPX=5524->5525 | P 5515/5510 x3 | cr=$0.15 settle=$0.00 | P&L=$+39 | eq=$63,855 | dist=5
2026-04-04 12:41:29 | DEBUG    | [20250428] TOUCH@15:59 PUT SPX=5529 | P 5530/5525 x5 | cr=$0.30 close=$0.15 | P&L=$+65
2026-04-04 12:41:29 | DEBUG    | [20250428] CALL SPX=5537->5529 | C 5545/5550 x5 | cr=$0.35 settle=$0.00 | P&L=$+165 | eq=$64,085 | dist=5
2026-04-04 12:41:29 | DEBUG    | [20250429] CALL SPX=5566->5561 | C 5575/5580 x3 | cr=$0.10 settle=$0.00 | P&L=$+24 | eq=$64,109 | dist=5
2026-04-04 12:41:29 | DEBUG    | [20250429] PUT SPX=5566->5561 | P 5560/5555 x5 | cr=$0.50 settle=$0.00 | P&L=$+240 | eq=$64,349 | dist=5
2026-04-04 12:41:29 | DEBUG    | [20250430] TOUCH@15:56 CALL SPX=5576 | C 5575/5580 x9 | cr=$1.15 close=$2.80 | P&L=$-1503
2026-04-04 12:41:29 | DEBUG    | [20250430] PUT SPX=5569->5569 | P 5560/5555 x8 | cr=$1.00 settle=$0.00 | P&L=$+784 | eq=$63,630 | dist=5
2026-04-04 12:41:29 | DEBUG    | [20250501] TOUCH@15:56 PUT SPX=5611 | P 5615/5610 x7 | cr=$0.60 close=$1.90 | P&L=$-924
2026-04-04 12:41:29 | DEBUG    | [20250501] CALL SPX=5622->5604 | C 5630/5635 x5 | cr=$0.30 settle=$0.00 | P&L=$+140 | eq=$62,846 | dist=5
2026-04-04 12:41:29 | DEBUG    | [20250502] CALL SPX=5689->5687 | C 5695/5700 x5 | cr=$0.50 settle=$0.00 | P&L=$+240 | eq=$63,086 | dist=5
2026-04-04 12:41:29 | DEBUG    | [20250502] PUT SPX=5689->5687 | P 5680/5675 x5 | cr=$0.25 settle=$0.00 | P&L=$+115 | eq=$63,201 | dist=5
2026-04-04 12:41:29 | DEBUG    | [20250505] CALL SPX=5652->5651 | C 5660/5665 x3 | cr=$0.10 settle=$0.00 | P&L=$+24 | eq=$63,225 | dist=5
2026-04-04 12:41:29 | DEBUG    | [20250505] PUT SPX=5652->5651 | P 5645/5640 x5 | cr=$0.25 settle=$0.00 | P&L=$+115 | eq=$63,340 | dist=5
2026-04-04 12:41:29 | DEBUG    | [20250506] TOUCH@15:59 PUT SPX=5606 | P 5610/5605 x5 | cr=$0.30 close=$0.10 | P&L=$+90
2026-04-04 12:41:29 | DEBUG    | [20250506] CALL SPX=5617->5607 | C 5625/5630 x3 | cr=$0.15 settle=$0.00 | P&L=$+39 | eq=$63,469 | dist=5
2026-04-04 12:41:29 | DEBUG    | [20250507] TOUCH@15:57 CALL SPX=5633 | C 5630/5635 x5 | cr=$0.45 close=$1.65 | P&L=$-610
2026-04-04 12:41:29 | DEBUG    | [20250507] PUT SPX=5623->5631 | P 5615/5610 x5 | cr=$0.50 settle=$0.00 | P&L=$+240 | eq=$63,099 | dist=5
2026-04-04 12:41:29 | DEBUG    | [20250508] CALL SPX=5672->5664 | C 5680/5685 x5 | cr=$0.45 settle=$0.00 | P&L=$+215 | eq=$63,314 | dist=5
2026-04-04 12:41:29 | DEBUG    | [20250509] TOUCH@15:56 PUT SPX=5658 | P 5660/5655 x5 | cr=$0.30 close=$1.75 | P&L=$-735
2026-04-04 12:41:29 | DEBUG    | [20250512] PUT SPX=5837->5844 | P 5830/5825 x5 | cr=$0.40 settle=$0.00 | P&L=$+190 | eq=$62,769 | dist=5
2026-04-04 12:41:29 | DEBUG    | [20250513] CALL SPX=5890->5887 | C 5895/5900 x7 | cr=$0.55 settle=$0.00 | P&L=$+371 | eq=$63,140 | dist=5
2026-04-04 12:41:29 | DEBUG    | [20250513] PUT SPX=5890->5887 | P 5880/5875 x3 | cr=$0.15 settle=$0.00 | P&L=$+39 | eq=$63,179 | dist=5
2026-04-04 12:41:29 | DEBUG    | [20250514] CALL SPX=5894->5893 | C 5900/5905 x5 | cr=$0.45 settle=$0.00 | P&L=$+215 | eq=$63,394 | dist=5
2026-04-04 12:41:29 | DEBUG    | [20250514] PUT SPX=5894->5893 | P 5885/5880 x5 | cr=$0.20 settle=$0.00 | P&L=$+90 | eq=$63,484 | dist=5
2026-04-04 12:41:29 | DEBUG    | [20250515] TOUCH@15:59 CALL SPX=5917 | C 5915/5920 x5 | cr=$0.40 close=$0.65 | P&L=$-135
2026-04-04 12:41:29 | DEBUG    | [20250515] PUT SPX=5908->5917 | P 5900/5895 x5 | cr=$0.30 settle=$0.00 | P&L=$+140 | eq=$63,489 | dist=5
2026-04-04 12:41:29 | DEBUG    | [20250516] CALL SPX=5953->5958 | C 5960/5965 x5 | cr=$0.25 settle=$0.00 | P&L=$+115 | eq=$63,604 | dist=5
2026-04-04 12:41:29 | DEBUG    | [20250516] PUT SPX=5953->5958 | P 5945/5940 x3 | cr=$0.15 settle=$0.00 | P&L=$+39 | eq=$63,643 | dist=5
2026-04-04 12:41:29 | DEBUG    | [20250519] PUT SPX=5959->5964 | P 5950/5945 x3 | cr=$0.10 settle=$0.00 | P&L=$+24 | eq=$63,667 | dist=5
2026-04-04 12:41:29 | DEBUG    | [20250520] CALL SPX=5936->5940 | C 5945/5950 x3 | cr=$0.10 settle=$0.00 | P&L=$+24 | eq=$63,691 | dist=5
2026-04-04 12:41:29 | DEBUG    | [20250520] PUT SPX=5936->5940 | P 5930/5925 x5 | cr=$0.20 settle=$0.00 | P&L=$+90 | eq=$63,781 | dist=5
2026-04-04 12:41:29 | DEBUG    | [20250521] CALL SPX=5847->5845 | C 5855/5860 x5 | cr=$0.35 settle=$0.00 | P&L=$+165 | eq=$63,946 | dist=5
2026-04-04 12:41:29 | DEBUG    | [20250521] PUT SPX=5847->5845 | P 5840/5835 x7 | cr=$0.55 settle=$0.00 | P&L=$+371 | eq=$64,317 | dist=5
2026-04-04 12:41:29 | DEBUG    | [20250522] TOUCH@15:56 PUT SPX=5842 | P 5845/5840 x5 | cr=$0.25 close=$1.70 | P&L=$-735
2026-04-04 12:41:29 | DEBUG    | [20250522] CALL SPX=5854->5842 | C 5860/5865 x5 | cr=$0.30 settle=$0.00 | P&L=$+140 | eq=$63,722 | dist=5
2026-04-04 12:41:29 | DEBUG    | [20250523] CALL SPX=5802->5803 | C 5810/5815 x5 | cr=$0.45 settle=$0.00 | P&L=$+215 | eq=$63,937 | dist=5
2026-04-04 12:41:29 | DEBUG    | [20250523] PUT SPX=5802->5803 | P 5795/5790 x5 | cr=$0.50 settle=$0.00 | P&L=$+240 | eq=$64,177 | dist=5
2026-04-04 12:41:29 | DEBUG    | [20250527] PUT SPX=5915->5922 | P 5910/5905 x5 | cr=$0.40 settle=$0.00 | P&L=$+190 | eq=$64,367 | dist=5
2026-04-04 12:41:29 | DEBUG    | [20250528] CALL SPX=5886->5889 | C 5895/5900 x3 | cr=$0.20 settle=$0.00 | P&L=$+54 | eq=$64,421 | dist=5
2026-04-04 12:41:29 | DEBUG    | [20250528] PUT SPX=5886->5889 | P 5880/5875 x5 | cr=$0.40 settle=$0.00 | P&L=$+190 | eq=$64,611 | dist=5
2026-04-04 12:41:29 | DEBUG    | [20250529] CALL SPX=5905->5912 | C 5915/5920 x5 | cr=$0.35 settle=$0.00 | P&L=$+165 | eq=$64,776 | dist=5
2026-04-04 12:41:29 | DEBUG    | [20250529] PUT SPX=5905->5912 | P 5900/5895 x8 | cr=$0.65 settle=$0.00 | P&L=$+504 | eq=$65,280 | dist=5
2026-04-04 12:41:29 | DEBUG    | [20250530] TOUCH@15:56 CALL SPX=5920 | C 5915/5920 x8 | cr=$0.65 close=$2.60 | P&L=$-1576
2026-04-04 12:41:29 | DEBUG    | [20250530] PUT SPX=5907->5912 | P 5900/5895 x8 | cr=$0.90 settle=$0.00 | P&L=$+704 | eq=$64,408 | dist=5
2026-04-04 12:41:29 | DEBUG    | [20250602] TOUCH@15:59 CALL SPX=5937 | C 5935/5940 x5 | cr=$0.25 close=$0.55 | P&L=$-160
2026-04-04 12:41:29 | DEBUG    | [20250603] CALL SPX=5970->5970 | C 5975/5980 x5 | cr=$0.45 settle=$0.00 | P&L=$+215 | eq=$64,463 | dist=5
2026-04-04 12:41:29 | DEBUG    | [20250603] PUT SPX=5970->5970 | P 5960/5955 x3 | cr=$0.10 settle=$0.00 | P&L=$+24 | eq=$64,487 | dist=5
2026-04-04 12:41:29 | DEBUG    | [20250604] CALL SPX=5973->5971 | C 5980/5985 x3 | cr=$0.15 settle=$0.00 | P&L=$+39 | eq=$64,526 | dist=5
2026-04-04 12:41:29 | DEBUG    | [20250604] PUT SPX=5973->5971 | P 5965/5960 x3 | cr=$0.10 settle=$0.00 | P&L=$+24 | eq=$64,550 | dist=5
2026-04-04 12:41:29 | DEBUG    | [20250605] CALL SPX=5936->5939 | C 5945/5950 x5 | cr=$0.35 settle=$0.00 | P&L=$+165 | eq=$64,715 | dist=5
2026-04-04 12:41:29 | DEBUG    | [20250605] PUT SPX=5936->5939 | P 5930/5925 x5 | cr=$0.45 settle=$0.00 | P&L=$+215 | eq=$64,930 | dist=5
2026-04-04 12:41:30 | DEBUG    | [20250606] PUT SPX=6006->6000 | P 6000/5995 x5 | cr=$0.25 settle=$0.00 | P&L=$+115 | eq=$65,045 | dist=5
2026-04-04 12:41:30 | DEBUG    | [20250609] CALL SPX=6008->6006 | C 6015/6020 x3 | cr=$0.10 settle=$0.00 | P&L=$+24 | eq=$65,069 | dist=5
2026-04-04 12:41:30 | DEBUG    | [20250610] CALL SPX=6032->6039 | C 6040/6045 x3 | cr=$0.10 settle=$0.00 | P&L=$+24 | eq=$65,093 | dist=5
2026-04-04 12:41:30 | DEBUG    | [20250610] PUT SPX=6032->6039 | P 6025/6020 x5 | cr=$0.25 settle=$0.00 | P&L=$+115 | eq=$65,208 | dist=5
2026-04-04 12:41:30 | DEBUG    | [20250611] CALL SPX=6017->6022 | C 6025/6030 x5 | cr=$0.30 settle=$0.00 | P&L=$+140 | eq=$65,348 | dist=5
2026-04-04 12:41:30 | DEBUG    | [20250611] PUT SPX=6017->6022 | P 6010/6005 x5 | cr=$0.35 settle=$0.00 | P&L=$+165 | eq=$65,513 | dist=5
2026-04-04 12:41:30 | DEBUG    | [20250612] PUT SPX=6035->6045 | P 6030/6025 x5 | cr=$0.25 settle=$0.00 | P&L=$+115 | eq=$65,628 | dist=5
2026-04-04 12:41:30 | DEBUG    | [20250613] TOUCH@15:59 CALL SPX=5977 | C 5975/5980 x5 | cr=$0.30 close=$0.20 | P&L=$+40
2026-04-04 12:41:30 | DEBUG    | [20250613] PUT SPX=5968->5977 | P 5960/5955 x5 | cr=$0.25 settle=$0.00 | P&L=$+115 | eq=$65,783 | dist=5
2026-04-04 12:41:30 | DEBUG    | [20250616] PUT SPX=6034->6033 | P 6025/6020 x3 | cr=$0.20 settle=$0.00 | P&L=$+54 | eq=$65,837 | dist=5
2026-04-04 12:41:30 | DEBUG    | [20250617] CALL SPX=5985->5983 | C 5990/5995 x5 | cr=$0.35 settle=$0.00 | P&L=$+165 | eq=$66,002 | dist=5
2026-04-04 12:41:30 | DEBUG    | [20250618] CALL SPX=5982->5981 | C 5990/5995 x5 | cr=$0.40 settle=$0.00 | P&L=$+190 | eq=$66,192 | dist=5
2026-04-04 12:41:30 | DEBUG    | [20250618] PUT SPX=5982->5981 | P 5975/5970 x5 | cr=$0.45 settle=$0.00 | P&L=$+215 | eq=$66,407 | dist=5
2026-04-04 12:41:30 | DEBUG    | [20250620] PUT SPX=5966->5968 | P 5960/5955 x5 | cr=$0.30 settle=$0.00 | P&L=$+140 | eq=$66,547 | dist=5
2026-04-04 12:41:30 | DEBUG    | [20250623] SKIP: Afternoon return=1.036% >= 1.0%
2026-04-04 12:41:30 | DEBUG    | [20250624] CALL SPX=6094->6092 | C 6100/6105 x5 | cr=$0.25 settle=$0.00 | P&L=$+115 | eq=$66,662 | dist=5
2026-04-04 12:41:30 | DEBUG    | [20250625] CALL SPX=6088->6092 | C 6095/6100 x3 | cr=$0.15 settle=$0.00 | P&L=$+39 | eq=$66,701 | dist=5
2026-04-04 12:41:30 | DEBUG    | [20250627] PUT SPX=6166->6173 | P 6160/6155 x5 | cr=$0.35 settle=$0.00 | P&L=$+165 | eq=$66,866 | dist=5
2026-04-04 12:41:30 | DEBUG    | [20250630] CALL SPX=6214->6205 | C 6220/6225 x5 | cr=$0.50 settle=$0.00 | P&L=$+240 | eq=$67,106 | dist=5
2026-04-04 12:41:30 | DEBUG    | [20250630] PUT SPX=6214->6205 | P 6205/6200 x5 | cr=$0.20 settle=$0.06 | P&L=$+60 | eq=$67,166 | dist=5
2026-04-04 12:41:30 | DEBUG    | [20250701] CALL SPX=6202->6198 | C 6210/6215 x3 | cr=$0.10 settle=$0.00 | P&L=$+24 | eq=$67,190 | dist=5
2026-04-04 12:41:30 | DEBUG    | [20250702] PUT SPX=6225->6227 | P 6220/6215 x3 | cr=$0.10 settle=$0.00 | P&L=$+24 | eq=$67,214 | dist=5
2026-04-04 12:41:30 | DEBUG    | [20250707] TOUCH@15:59 CALL SPX=6231 | C 6230/6235 x3 | cr=$0.15 close=$0.25 | P&L=$-36
2026-04-04 12:41:30 | DEBUG    | [20250709] PUT SPX=6260->6263 | P 6255/6250 x3 | cr=$0.10 settle=$0.00 | P&L=$+24 | eq=$67,202 | dist=5
2026-04-04 12:41:30 | DEBUG    | [20250710] PUT SPX=6277->6280 | P 6270/6265 x3 | cr=$0.15 settle=$0.00 | P&L=$+39 | eq=$67,241 | dist=5
2026-04-04 12:41:30 | DEBUG    | [20250711] PUT SPX=6260->6260 | P 6255/6250 x3 | cr=$0.15 settle=$0.00 | P&L=$+39 | eq=$67,280 | dist=5
2026-04-04 12:41:30 | DEBUG    | [20250715] TOUCH@15:59 PUT SPX=6243 | P 6245/6240 x3 | cr=$0.10 close=$0.20 | P&L=$-36
2026-04-04 12:41:30 | DEBUG    | [20250717] PUT SPX=6301->6298 | P 6295/6290 x3 | cr=$0.10 settle=$0.00 | P&L=$+24 | eq=$67,268 | dist=5
2026-04-04 12:41:30 | DEBUG    | [20250724] CALL SPX=6370->6363 | C 6375/6380 x3 | cr=$0.15 settle=$0.00 | P&L=$+39 | eq=$67,307 | dist=5
2026-04-04 12:41:30 | DEBUG    | [20250725] CALL SPX=6389->6389 | C 6395/6400 x3 | cr=$0.15 settle=$0.00 | P&L=$+39 | eq=$67,346 | dist=5
2026-04-04 12:41:30 | DEBUG    | [20250729] PUT SPX=6371->6371 | P 6365/6360 x3 | cr=$0.10 settle=$0.00 | P&L=$+24 | eq=$67,370 | dist=5
2026-04-04 12:41:30 | DEBUG    | [20250730] TOUCH@15:57 CALL SPX=6362 | C 6360/6365 x5 | cr=$0.40 close=$1.05 | P&L=$-335
2026-04-04 12:41:30 | DEBUG    | [20250730] PUT SPX=6354->6363 | P 6345/6340 x3 | cr=$0.15 settle=$0.00 | P&L=$+39 | eq=$67,074 | dist=5
2026-04-04 12:41:30 | DEBUG    | [20250731] TOUCH@15:59 CALL SPX=6342 | C 6340/6345 x7 | cr=$0.55 close=$0.70 | P&L=$-119
2026-04-04 12:41:30 | DEBUG    | [20250801] CALL SPX=6241->6238 | C 6250/6255 x5 | cr=$0.35 settle=$0.00 | P&L=$+165 | eq=$67,120 | dist=5
2026-04-04 12:41:30 | DEBUG    | [20250801] PUT SPX=6241->6238 | P 6235/6230 x8 | cr=$0.65 settle=$0.00 | P&L=$+504 | eq=$67,624 | dist=5
2026-04-04 12:41:30 | DEBUG    | [20250804] PUT SPX=6327->6330 | P 6320/6315 x3 | cr=$0.10 settle=$0.00 | P&L=$+24 | eq=$67,648 | dist=5
2026-04-04 12:41:30 | DEBUG    | [20250805] PUT SPX=6301->6299 | P 6295/6290 x3 | cr=$0.15 settle=$0.00 | P&L=$+39 | eq=$67,687 | dist=5
2026-04-04 12:41:30 | DEBUG    | [20250807] TOUCH@15:58 CALL SPX=6335 | C 6335/6340 x5 | cr=$0.25 close=$1.10 | P&L=$-435
2026-04-04 12:41:30 | DEBUG    | [20250808] CALL SPX=6389->6390 | C 6395/6400 x3 | cr=$0.15 settle=$0.00 | P&L=$+39 | eq=$67,291 | dist=5
2026-04-04 12:41:30 | DEBUG    | [20250811] CALL SPX=6367->6374 | C 6375/6380 x5 | cr=$0.30 settle=$0.00 | P&L=$+140 | eq=$67,431 | dist=5
2026-04-04 12:41:30 | DEBUG    | [20250812] CALL SPX=6444->6446 | C 6450/6455 x3 | cr=$0.15 settle=$0.00 | P&L=$+39 | eq=$67,470 | dist=5
2026-04-04 12:41:30 | DEBUG    | [20250815] PUT SPX=6450->6450 | P 6445/6440 x3 | cr=$0.20 settle=$0.00 | P&L=$+54 | eq=$67,524 | dist=5
2026-04-04 12:41:30 | DEBUG    | [20250818] PUT SPX=6454->6449 | P 6450/6445 x3 | cr=$0.20 settle=$0.84 | P&L=$-198 | eq=$67,326 | dist=3
2026-04-04 12:41:30 | DEBUG    | [20250820] CALL SPX=6403->6396 | C 6410/6415 x3 | cr=$0.15 settle=$0.00 | P&L=$+39 | eq=$67,365 | dist=5
2026-04-04 12:41:30 | DEBUG    | [20250820] PUT SPX=6403->6396 | P 6395/6390 x3 | cr=$0.10 settle=$0.00 | P&L=$+24 | eq=$67,389 | dist=5
2026-04-04 12:41:30 | DEBUG    | [20250821] PUT SPX=6371->6370 | P 6365/6360 x3 | cr=$0.15 settle=$0.00 | P&L=$+39 | eq=$67,428 | dist=5
2026-04-04 12:41:30 | DEBUG    | [20250822] PUT SPX=6466->6467 | P 6460/6455 x3 | cr=$0.20 settle=$0.00 | P&L=$+54 | eq=$67,482 | dist=5
2026-04-04 12:41:30 | DEBUG    | [20250826] PUT SPX=6465->6466 | P 6460/6455 x8 | cr=$0.95 settle=$0.00 | P&L=$+744 | eq=$68,226 | dist=5
2026-04-04 12:41:30 | DEBUG    | [20250828] CALL SPX=6508->6502 | C 6515/6520 x3 | cr=$0.10 settle=$0.00 | P&L=$+24 | eq=$68,250 | dist=5
2026-04-04 12:41:30 | DEBUG    | [20250829] TOUCH@15:59 CALL SPX=6462 | C 6460/6465 x3 | cr=$0.20 close=$0.90 | P&L=$-216
2026-04-04 12:41:30 | DEBUG    | [20250829] PUT SPX=6451->6460 | P 6445/6440 x5 | cr=$0.45 settle=$0.00 | P&L=$+215 | eq=$68,249 | dist=5
2026-04-04 12:41:30 | DEBUG    | [20250902] CALL SPX=6414->6416 | C 6420/6425 x3 | cr=$0.15 settle=$0.00 | P&L=$+39 | eq=$68,288 | dist=5
2026-04-04 12:41:30 | DEBUG    | [20250903] PUT SPX=6442->6448 | P 6435/6430 x3 | cr=$0.20 settle=$0.00 | P&L=$+54 | eq=$68,342 | dist=5
2026-04-04 12:41:30 | DEBUG    | [20250904] CALL SPX=6499->6502 | C 6505/6510 x3 | cr=$0.10 settle=$0.00 | P&L=$+24 | eq=$68,366 | dist=5
2026-04-04 12:41:30 | DEBUG    | [20250905] PUT SPX=6475->6482 | P 6470/6465 x5 | cr=$0.35 settle=$0.00 | P&L=$+165 | eq=$68,531 | dist=5
2026-04-04 12:41:30 | DEBUG    | [20250908] CALL SPX=6494->6495 | C 6500/6505 x5 | cr=$0.20 settle=$0.00 | P&L=$+90 | eq=$68,621 | dist=5
2026-04-04 12:41:30 | DEBUG    | [20250910] PUT SPX=6532->6532 | P 6525/6520 x3 | cr=$0.20 settle=$0.00 | P&L=$+54 | eq=$68,675 | dist=5
2026-04-04 12:41:30 | DEBUG    | [20250915] PUT SPX=6612->6615 | P 6605/6600 x3 | cr=$0.10 settle=$0.00 | P&L=$+24 | eq=$68,699 | dist=5
2026-04-04 12:41:30 | DEBUG    | [20250917] TOUCH@15:56 PUT SPX=6594 | P 6595/6590 x5 | cr=$0.45 close=$0.35 | P&L=$+40
2026-04-04 12:41:30 | DEBUG    | [20250917] CALL SPX=6603->6600 | C 6610/6615 x5 | cr=$0.40 settle=$0.00 | P&L=$+190 | eq=$68,929 | dist=5
2026-04-04 12:41:30 | DEBUG    | [20250919] TOUCH@15:59 PUT SPX=6663 | P 6665/6660 x5 | cr=$0.30 close=$0.30 | P&L=$-10
2026-04-04 12:41:30 | DEBUG    | [20250923] PUT SPX=6660->6657 | P 6655/6650 x5 | cr=$0.45 settle=$0.00 | P&L=$+215 | eq=$69,134 | dist=5
2026-04-04 12:41:30 | DEBUG    | [20250925] CALL SPX=6605->6605 | C 6610/6615 x3 | cr=$0.15 settle=$0.00 | P&L=$+39 | eq=$69,173 | dist=5
2026-04-04 12:41:30 | DEBUG    | [20250930] CALL SPX=6689->6688 | C 6695/6700 x5 | cr=$0.45 settle=$0.00 | P&L=$+215 | eq=$69,388 | dist=5
2026-04-04 12:41:30 | DEBUG    | [20250930] PUT SPX=6689->6688 | P 6680/6675 x5 | cr=$0.20 settle=$0.00 | P&L=$+90 | eq=$69,478 | dist=5
2026-04-04 12:41:30 | DEBUG    | [20251003] CALL SPX=6720->6716 | C 6725/6730 x3 | cr=$0.20 settle=$0.00 | P&L=$+54 | eq=$69,532 | dist=5
2026-04-04 12:41:30 | DEBUG    | [20251014] CALL SPX=6643->6644 | C 6650/6655 x5 | cr=$0.50 settle=$0.00 | P&L=$+240 | eq=$69,772 | dist=5
2026-04-04 12:41:30 | DEBUG    | [20251014] PUT SPX=6643->6644 | P 6635/6630 x7 | cr=$0.55 settle=$0.00 | P&L=$+371 | eq=$70,143 | dist=5
2026-04-04 12:41:30 | DEBUG    | [20251015] TOUCH@15:57 CALL SPX=6666 | C 6665/6670 x5 | cr=$0.30 close=$0.75 | P&L=$-235
2026-04-04 12:41:30 | DEBUG    | [20251015] PUT SPX=6658->6671 | P 6650/6645 x5 | cr=$0.45 settle=$0.00 | P&L=$+215 | eq=$70,123 | dist=5
2026-04-04 12:41:30 | DEBUG    | [20251016] PUT SPX=6631->6629 | P 6620/6615 x5 | cr=$0.30 settle=$0.00 | P&L=$+140 | eq=$70,263 | dist=10
2026-04-04 12:41:30 | DEBUG    | [20251022] PUT SPX=6701->6699 | P 6695/6690 x5 | cr=$0.20 settle=$0.00 | P&L=$+90 | eq=$70,353 | dist=5
2026-04-04 12:41:30 | DEBUG    | [20251023] CALL SPX=6740->6738 | C 6745/6750 x3 | cr=$0.15 settle=$0.00 | P&L=$+39 | eq=$70,392 | dist=5
2026-04-04 12:41:30 | DEBUG    | [20251027] PUT SPX=6877->6875 | P 6870/6865 x3 | cr=$0.10 settle=$0.00 | P&L=$+24 | eq=$70,416 | dist=5
2026-04-04 12:41:30 | DEBUG    | [20251028] PUT SPX=6895->6891 | P 6890/6885 x5 | cr=$0.30 settle=$0.00 | P&L=$+140 | eq=$70,556 | dist=5
2026-04-04 12:41:30 | DEBUG    | [20251029] CALL SPX=6887->6891 | C 6895/6900 x5 | cr=$0.35 settle=$0.00 | P&L=$+165 | eq=$70,721 | dist=5
2026-04-04 12:41:30 | DEBUG    | [20251029] PUT SPX=6887->6891 | P 6880/6875 x5 | cr=$0.35 settle=$0.00 | P&L=$+165 | eq=$70,886 | dist=5
2026-04-04 12:41:30 | DEBUG    | [20251030] CALL SPX=6826->6822 | C 6835/6840 x5 | cr=$0.20 settle=$0.00 | P&L=$+90 | eq=$70,976 | dist=5
2026-04-04 12:41:30 | DEBUG    | [20251030] PUT SPX=6826->6822 | P 6820/6815 x5 | cr=$0.50 settle=$0.00 | P&L=$+240 | eq=$71,216 | dist=5
2026-04-04 12:41:30 | DEBUG    | [20251031] TOUCH@15:59 PUT SPX=6840 | P 6845/6840 x5 | cr=$0.40 close=$1.15 | P&L=$-385
2026-04-04 12:41:30 | DEBUG    | [20251031] CALL SPX=6851->6840 | C 6860/6865 x5 | cr=$0.35 settle=$0.00 | P&L=$+165 | eq=$70,996 | dist=5
2026-04-04 12:41:30 | DEBUG    | [20251103] PUT SPX=6850->6852 | P 6845/6840 x3 | cr=$0.20 settle=$0.00 | P&L=$+54 | eq=$71,050 | dist=5
2026-04-04 12:41:30 | DEBUG    | [20251104] CALL SPX=6770->6772 | C 6780/6785 x3 | cr=$0.10 settle=$0.00 | P&L=$+24 | eq=$71,074 | dist=5
2026-04-04 12:41:30 | DEBUG    | [20251104] PUT SPX=6770->6772 | P 6765/6760 x5 | cr=$0.45 settle=$0.00 | P&L=$+215 | eq=$71,289 | dist=5
2026-04-04 12:41:30 | DEBUG    | [20251105] TOUCH@15:57 PUT SPX=6798 | P 6800/6795 x3 | cr=$0.10 close=$0.25 | P&L=$-51
2026-04-04 12:41:30 | DEBUG    | [20251105] CALL SPX=6808->6796 | C 6815/6820 x3 | cr=$0.10 settle=$0.00 | P&L=$+24 | eq=$71,262 | dist=5
2026-04-04 12:41:30 | DEBUG    | [20251106] CALL SPX=6725->6720 | C 6735/6740 x3 | cr=$0.10 settle=$0.00 | P&L=$+24 | eq=$71,286 | dist=5
2026-04-04 12:41:30 | DEBUG    | [20251106] PUT SPX=6725->6720 | P 6720/6715 x7 | cr=$0.60 settle=$0.00 | P&L=$+406 | eq=$71,692 | dist=5
2026-04-04 12:41:30 | DEBUG    | [20251107] TOUCH@15:57 CALL SPX=6726 | C 6725/6730 x5 | cr=$0.25 close=$1.40 | P&L=$-585
2026-04-04 12:41:30 | DEBUG    | [20251107] PUT SPX=6717->6729 | P 6710/6705 x5 | cr=$0.25 settle=$0.00 | P&L=$+115 | eq=$71,222 | dist=5
2026-04-04 12:41:30 | DEBUG    | [20251110] CALL SPX=6839->6832 | C 6845/6850 x5 | cr=$0.30 settle=$0.00 | P&L=$+140 | eq=$71,362 | dist=5
2026-04-04 12:41:31 | DEBUG    | [20251112] CALL SPX=6854->6851 | C 6860/6865 x5 | cr=$0.25 settle=$0.00 | P&L=$+115 | eq=$71,477 | dist=5
2026-04-04 12:41:31 | DEBUG    | [20251113] TOUCH@15:59 CALL SPX=6739 | C 6735/6740 x7 | cr=$0.55 close=$1.00 | P&L=$-329
2026-04-04 12:41:31 | DEBUG    | [20251113] PUT SPX=6727->6738 | P 6720/6715 x5 | cr=$0.50 settle=$0.00 | P&L=$+240 | eq=$71,388 | dist=5
2026-04-04 12:41:31 | DEBUG    | [20251114] CALL SPX=6734->6734 | C 6740/6745 x7 | cr=$0.55 settle=$0.00 | P&L=$+371 | eq=$71,759 | dist=5
2026-04-04 12:41:31 | DEBUG    | [20251114] PUT SPX=6734->6734 | P 6725/6720 x3 | cr=$0.20 settle=$0.00 | P&L=$+54 | eq=$71,813 | dist=5
2026-04-04 12:41:31 | DEBUG    | [20251117] CALL SPX=6664->6672 | C 6675/6680 x3 | cr=$0.10 settle=$0.00 | P&L=$+24 | eq=$71,837 | dist=10
2026-04-04 12:41:31 | DEBUG    | [20251117] PUT SPX=6664->6672 | P 6650/6645 x3 | cr=$0.10 settle=$0.00 | P&L=$+24 | eq=$71,861 | dist=10
2026-04-04 12:41:31 | DEBUG    | [20251118] CALL SPX=6629->6617 | C 6640/6645 x3 | cr=$0.15 settle=$0.00 | P&L=$+39 | eq=$71,900 | dist=10
2026-04-04 12:41:31 | DEBUG    | [20251118] PUT SPX=6629->6617 | P 6615/6610 x3 | cr=$0.10 settle=$0.00 | P&L=$+24 | eq=$71,924 | dist=10
2026-04-04 12:41:31 | DEBUG    | [20251119] PUT SPX=6646->6642 | P 6635/6630 x5 | cr=$0.25 settle=$0.00 | P&L=$+115 | eq=$72,039 | dist=10
2026-04-04 12:41:31 | DEBUG    | [20251120] SKIP: VIX(15:50)=26.5 > 26.0
2026-04-04 12:41:31 | DEBUG    | [20251121] CALL SPX=6604->6603 | C 6615/6620 x5 | cr=$0.35 settle=$0.00 | P&L=$+165 | eq=$72,204 | dist=10
2026-04-04 12:41:31 | DEBUG    | [20251121] PUT SPX=6604->6603 | P 6590/6585 x3 | cr=$0.15 settle=$0.00 | P&L=$+39 | eq=$72,243 | dist=10
2026-04-04 12:41:31 | DEBUG    | [20251124] CALL SPX=6713->6705 | C 6720/6725 x5 | cr=$0.35 settle=$0.00 | P&L=$+165 | eq=$72,408 | dist=5
2026-04-04 12:41:31 | DEBUG    | [20251124] PUT SPX=6713->6705 | P 6705/6700 x3 | cr=$0.20 settle=$0.00 | P&L=$+54 | eq=$72,462 | dist=5
2026-04-04 12:41:31 | DEBUG    | [20251126] PUT SPX=6817->6813 | P 6810/6805 x3 | cr=$0.15 settle=$0.00 | P&L=$+39 | eq=$72,501 | dist=5
2026-04-04 12:41:31 | DEBUG    | [20251201] CALL SPX=6813->6813 | C 6820/6825 x3 | cr=$0.20 settle=$0.00 | P&L=$+54 | eq=$72,555 | dist=5
2026-04-04 12:41:31 | DEBUG    | [20251201] PUT SPX=6813->6813 | P 6805/6800 x3 | cr=$0.20 settle=$0.00 | P&L=$+54 | eq=$72,609 | dist=5
2026-04-04 12:41:31 | DEBUG    | [20251202] CALL SPX=6829->6829 | C 6835/6840 x5 | cr=$0.30 settle=$0.00 | P&L=$+140 | eq=$72,749 | dist=5
2026-04-04 12:41:31 | DEBUG    | [20251203] CALL SPX=6850->6850 | C 6855/6860 x5 | cr=$0.35 settle=$0.00 | P&L=$+165 | eq=$72,914 | dist=5
2026-04-04 12:41:31 | DEBUG    | [20251204] TOUCH@15:59 CALL SPX=6858 | C 6855/6860 x3 | cr=$0.15 close=$0.15 | P&L=$-6
2026-04-04 12:41:31 | DEBUG    | [20251205] CALL SPX=6863->6870 | C 6870/6875 x3 | cr=$0.15 settle=$0.40 | P&L=$-81 | eq=$72,827 | dist=5
2026-04-04 12:41:31 | DEBUG    | [20251205] PUT SPX=6863->6870 | P 6855/6850 x3 | cr=$0.10 settle=$0.00 | P&L=$+24 | eq=$72,851 | dist=5
2026-04-04 12:41:31 | DEBUG    | [20251208] PUT SPX=6836->6847 | P 6830/6825 x5 | cr=$0.30 settle=$0.00 | P&L=$+140 | eq=$72,991 | dist=5
2026-04-04 12:41:31 | DEBUG    | [20251209] CALL SPX=6840->6841 | C 6845/6850 x5 | cr=$0.40 settle=$0.00 | P&L=$+190 | eq=$73,181 | dist=5
2026-04-04 12:41:31 | DEBUG    | [20251210] CALL SPX=6892->6887 | C 6900/6905 x3 | cr=$0.20 settle=$0.00 | P&L=$+54 | eq=$73,235 | dist=5
2026-04-04 12:41:31 | DEBUG    | [20251210] PUT SPX=6892->6887 | P 6885/6880 x5 | cr=$0.25 settle=$0.00 | P&L=$+115 | eq=$73,350 | dist=5
2026-04-04 12:41:31 | DEBUG    | [20251211] CALL SPX=6897->6901 | C 6905/6910 x3 | cr=$0.10 settle=$0.00 | P&L=$+24 | eq=$73,374 | dist=5
2026-04-04 12:41:31 | DEBUG    | [20251211] PUT SPX=6897->6901 | P 6890/6885 x3 | cr=$0.10 settle=$0.00 | P&L=$+24 | eq=$73,398 | dist=5
2026-04-04 12:41:31 | DEBUG    | [20251212] CALL SPX=6824->6827 | C 6830/6835 x5 | cr=$0.50 settle=$0.00 | P&L=$+240 | eq=$73,638 | dist=5
2026-04-04 12:41:31 | DEBUG    | [20251212] PUT SPX=6824->6827 | P 6815/6810 x3 | cr=$0.10 settle=$0.00 | P&L=$+24 | eq=$73,662 | dist=5
2026-04-04 12:41:31 | DEBUG    | [20251215] CALL SPX=6818->6816 | C 6825/6830 x3 | cr=$0.20 settle=$0.00 | P&L=$+54 | eq=$73,716 | dist=5
2026-04-04 12:41:31 | DEBUG    | [20251215] PUT SPX=6818->6816 | P 6810/6805 x3 | cr=$0.10 settle=$0.00 | P&L=$+24 | eq=$73,740 | dist=5
2026-04-04 12:41:31 | DEBUG    | [20251216] TOUCH@15:59 PUT SPX=6799 | P 6800/6795 x3 | cr=$0.15 close=$0.15 | P&L=$-6
2026-04-04 12:41:31 | DEBUG    | [20251216] CALL SPX=6808->6800 | C 6815/6820 x5 | cr=$0.25 settle=$0.00 | P&L=$+115 | eq=$73,849 | dist=5
2026-04-04 12:41:31 | DEBUG    | [20251217] CALL SPX=6726->6722 | C 6735/6740 x5 | cr=$0.25 settle=$0.00 | P&L=$+115 | eq=$73,964 | dist=5
2026-04-04 12:41:31 | DEBUG    | [20251217] PUT SPX=6726->6722 | P 6720/6715 x5 | cr=$0.40 settle=$0.00 | P&L=$+190 | eq=$74,154 | dist=5
2026-04-04 12:41:31 | DEBUG    | [20251218] TOUCH@15:58 PUT SPX=6774 | P 6775/6770 x5 | cr=$0.25 close=$0.40 | P&L=$-85
2026-04-04 12:41:31 | DEBUG    | [20251218] CALL SPX=6783->6775 | C 6790/6795 x5 | cr=$0.40 settle=$0.00 | P&L=$+190 | eq=$74,259 | dist=5
2026-04-04 12:41:31 | DEBUG    | [20251219] CALL SPX=6834->6835 | C 6840/6845 x3 | cr=$0.20 settle=$0.00 | P&L=$+54 | eq=$74,313 | dist=3
2026-04-04 12:41:31 | DEBUG    | [20251219] PUT SPX=6834->6835 | P 6830/6825 x5 | cr=$0.50 settle=$0.00 | P&L=$+240 | eq=$74,553 | dist=3
2026-04-04 12:41:31 | DEBUG    | [20251231] CALL SPX=6852->6846 | C 6860/6865 x3 | cr=$0.20 settle=$0.00 | P&L=$+54 | eq=$74,607 | dist=5
2026-04-04 12:41:31 | DEBUG    | [20251231] PUT SPX=6852->6846 | P 6845/6840 x5 | cr=$0.25 settle=$0.00 | P&L=$+115 | eq=$74,722 | dist=5
2026-04-04 12:41:31 | DEBUG    | [20260102] PUT SPX=6851->6858 | P 6845/6840 x5 | cr=$0.30 settle=$0.00 | P&L=$+140 | eq=$74,862 | dist=5
2026-04-04 12:41:31 | DEBUG    | [20260105] CALL SPX=6899->6902 | C 6905/6910 x3 | cr=$0.20 settle=$0.00 | P&L=$+54 | eq=$74,916 | dist=5
2026-04-04 12:41:31 | DEBUG    | [20260114] CALL SPX=6921->6927 | C 6930/6935 x3 | cr=$0.10 settle=$0.00 | P&L=$+24 | eq=$74,940 | dist=5
2026-04-04 12:41:31 | DEBUG    | [20260114] PUT SPX=6921->6927 | P 6915/6910 x5 | cr=$0.40 settle=$0.00 | P&L=$+190 | eq=$75,130 | dist=5
2026-04-04 12:41:31 | DEBUG    | [20260115] CALL SPX=6944->6944 | C 6950/6955 x5 | cr=$0.25 settle=$0.00 | P&L=$+115 | eq=$75,245 | dist=5
2026-04-04 12:41:31 | DEBUG    | [20260115] PUT SPX=6944->6944 | P 6935/6930 x3 | cr=$0.15 settle=$0.00 | P&L=$+39 | eq=$75,284 | dist=5
2026-04-04 12:41:31 | DEBUG    | [20260120] PUT SPX=6791->6797 | P 6780/6775 x3 | cr=$0.15 settle=$0.00 | P&L=$+39 | eq=$75,323 | dist=10
2026-04-04 12:41:31 | DEBUG    | [20260121] CALL SPX=6876->6876 | C 6885/6890 x3 | cr=$0.15 settle=$0.00 | P&L=$+39 | eq=$75,362 | dist=5
2026-04-04 12:41:31 | DEBUG    | [20260121] PUT SPX=6876->6876 | P 6870/6865 x5 | cr=$0.45 settle=$0.00 | P&L=$+215 | eq=$75,577 | dist=5
2026-04-04 12:41:31 | DEBUG    | [20260122] PUT SPX=6911->6913 | P 6905/6900 x3 | cr=$0.15 settle=$0.00 | P&L=$+39 | eq=$75,616 | dist=5
2026-04-04 12:41:31 | DEBUG    | [20260128] PUT SPX=6980->6978 | P 6975/6970 x3 | cr=$0.20 settle=$0.00 | P&L=$+54 | eq=$75,670 | dist=5
2026-04-04 12:41:31 | DEBUG    | [20260129] CALL SPX=6960->6969 | C 6970/6975 x3 | cr=$0.10 settle=$0.00 | P&L=$+24 | eq=$75,694 | dist=5
2026-04-04 12:41:31 | DEBUG    | [20260129] PUT SPX=6960->6969 | P 6955/6950 x5 | cr=$0.35 settle=$0.00 | P&L=$+165 | eq=$75,859 | dist=5
2026-04-04 12:41:31 | DEBUG    | [20260130] CALL SPX=6935->6939 | C 6945/6950 x5 | cr=$0.25 settle=$0.00 | P&L=$+115 | eq=$75,974 | dist=5
2026-04-04 12:41:31 | DEBUG    | [20260130] PUT SPX=6935->6939 | P 6930/6925 x5 | cr=$0.50 settle=$0.00 | P&L=$+240 | eq=$76,214 | dist=5
2026-04-04 12:41:31 | DEBUG    | [20260202] PUT SPX=6976->6976 | P 6970/6965 x3 | cr=$0.20 settle=$0.00 | P&L=$+54 | eq=$76,268 | dist=5
2026-04-04 12:41:31 | DEBUG    | [20260203] CALL SPX=6915->6918 | C 6925/6930 x3 | cr=$0.15 settle=$0.00 | P&L=$+39 | eq=$76,307 | dist=5
2026-04-04 12:41:31 | DEBUG    | [20260203] PUT SPX=6915->6918 | P 6910/6905 x5 | cr=$0.40 settle=$0.00 | P&L=$+190 | eq=$76,497 | dist=5
2026-04-04 12:41:31 | DEBUG    | [20260204] CALL SPX=6887->6883 | C 6895/6900 x5 | cr=$0.50 settle=$0.00 | P&L=$+240 | eq=$76,737 | dist=5
2026-04-04 12:41:31 | DEBUG    | [20260204] PUT SPX=6887->6883 | P 6880/6875 x7 | cr=$0.55 settle=$0.00 | P&L=$+371 | eq=$77,108 | dist=5
2026-04-04 12:41:31 | DEBUG    | [20260205] CALL SPX=6792->6798 | C 6805/6810 x3 | cr=$0.15 settle=$0.00 | P&L=$+39 | eq=$77,147 | dist=10
2026-04-04 12:41:31 | DEBUG    | [20260205] PUT SPX=6792->6798 | P 6780/6775 x3 | cr=$0.15 settle=$0.00 | P&L=$+39 | eq=$77,186 | dist=10
2026-04-04 12:41:31 | DEBUG    | [20260206] TOUCH@15:59 PUT SPX=6930 | P 6935/6930 x5 | cr=$0.20 close=$0.85 | P&L=$-335
2026-04-04 12:41:31 | DEBUG    | [20260206] CALL SPX=6942->6932 | C 6950/6955 x5 | cr=$0.20 settle=$0.00 | P&L=$+90 | eq=$76,941 | dist=5
2026-04-04 12:41:31 | DEBUG    | [20260209] PUT SPX=6965->6965 | P 6960/6955 x5 | cr=$0.40 settle=$0.00 | P&L=$+190 | eq=$77,131 | dist=5
2026-04-04 12:41:31 | DEBUG    | [20260210] CALL SPX=6944->6942 | C 6950/6955 x5 | cr=$0.45 settle=$0.00 | P&L=$+215 | eq=$77,346 | dist=5
2026-04-04 12:41:31 | DEBUG    | [20260211] PUT SPX=6948->6941 | P 6940/6935 x3 | cr=$0.20 settle=$0.00 | P&L=$+54 | eq=$77,400 | dist=5
2026-04-04 12:41:31 | DEBUG    | [20260212] CALL SPX=6837->6833 | C 6850/6855 x3 | cr=$0.15 settle=$0.00 | P&L=$+39 | eq=$77,439 | dist=10
2026-04-04 12:41:31 | DEBUG    | [20260212] PUT SPX=6837->6833 | P 6825/6820 x3 | cr=$0.10 settle=$0.00 | P&L=$+24 | eq=$77,463 | dist=10
2026-04-04 12:41:31 | DEBUG    | [20260213] CALL SPX=6834->6836 | C 6845/6850 x3 | cr=$0.20 settle=$0.00 | P&L=$+54 | eq=$77,517 | dist=10
2026-04-04 12:41:31 | DEBUG    | [20260213] PUT SPX=6834->6836 | P 6820/6815 x3 | cr=$0.10 settle=$0.00 | P&L=$+24 | eq=$77,541 | dist=10
2026-04-04 12:41:31 | DEBUG    | [20260217] CALL SPX=6842->6843 | C 6850/6855 x3 | cr=$0.15 settle=$0.00 | P&L=$+39 | eq=$77,580 | dist=5
2026-04-04 12:41:31 | DEBUG    | [20260217] PUT SPX=6842->6843 | P 6835/6830 x5 | cr=$0.25 settle=$0.00 | P&L=$+115 | eq=$77,695 | dist=5
2026-04-04 12:41:31 | DEBUG    | [20260218] CALL SPX=6889->6881 | C 6895/6900 x5 | cr=$0.25 settle=$0.00 | P&L=$+115 | eq=$77,810 | dist=5
2026-04-04 12:41:31 | DEBUG    | [20260218] PUT SPX=6889->6881 | P 6880/6875 x3 | cr=$0.20 settle=$0.00 | P&L=$+54 | eq=$77,864 | dist=5
2026-04-04 12:41:31 | DEBUG    | [20260224] CALL SPX=6895->6890 | C 6900/6905 x5 | cr=$0.35 settle=$0.00 | P&L=$+165 | eq=$78,029 | dist=5
2026-04-04 12:41:31 | DEBUG    | [20260225] PUT SPX=6950->6946 | P 6945/6940 x3 | cr=$0.15 settle=$0.00 | P&L=$+39 | eq=$78,068 | dist=5
2026-04-04 12:41:31 | DEBUG    | [20260226] PUT SPX=6906->6909 | P 6900/6895 x5 | cr=$0.25 settle=$0.00 | P&L=$+115 | eq=$78,183 | dist=5
2026-04-04 12:41:31 | DEBUG    | [20260227] CALL SPX=6871->6879 | C 6880/6885 x5 | cr=$0.25 settle=$0.00 | P&L=$+115 | eq=$78,298 | dist=5
2026-04-04 12:41:31 | DEBUG    | [20260227] PUT SPX=6871->6879 | P 6865/6860 x5 | cr=$0.45 settle=$0.00 | P&L=$+215 | eq=$78,513 | dist=5
2026-04-04 12:41:31 | DEBUG    | [20260306] SKIP: VIX(15:50)=29.0 > 26.0
2026-04-04 12:41:31 | DEBUG    | [20260309] TOUCH@15:57 CALL SPX=6798 | C 6795/6800 x5 | cr=$0.30 close=$0.90 | P&L=$-310
2026-04-04 12:41:31 | DEBUG    | [20260309] PUT SPX=6784->6796 | P 6770/6765 x5 | cr=$0.20 settle=$0.00 | P&L=$+90 | eq=$78,293 | dist=10
2026-04-04 12:41:31 | DEBUG    | [20260310] CALL SPX=6779->6782 | C 6790/6795 x5 | cr=$0.20 settle=$0.00 | P&L=$+90 | eq=$78,383 | dist=10
2026-04-04 12:41:31 | DEBUG    | [20260311] PUT SPX=6775->6776 | P 6765/6760 x3 | cr=$0.10 settle=$0.00 | P&L=$+24 | eq=$78,407 | dist=10
2026-04-04 12:41:31 | DEBUG    | [20260312] SKIP: VIX(15:50)=26.8 > 26.0
2026-04-04 12:41:31 | DEBUG    | [20260313] SKIP: VIX(15:50)=27.4 > 26.0
2026-04-04 12:41:31 | DEBUG    | [20260320] SKIP: VIX(15:50)=28.2 > 26.0
2026-04-04 12:41:31 | DEBUG    | [20260324] SKIP: VIX(15:50)=26.8 > 26.0
2026-04-04 12:41:31 | INFO     | ============================================================
2026-04-04 12:41:31 | INFO     | SKIP REASONS:
2026-04-04 12:41:31 | INFO     |   afternoon_filter    : 4
2026-04-04 12:41:31 | INFO     |   early_close         : 2
2026-04-04 12:41:31 | INFO     |   no_quotes           : 76
2026-04-04 12:41:31 | INFO     |   put_momentum        : 4
2026-04-04 12:41:31 | INFO     |   vix_intraday        : 23
2026-04-04 12:41:31 | INFO     |   TOTAL TRADES        : 315
2026-04-04 12:41:31 | INFO     | ============================================================
2026-04-04 12:41:31 | INFO     | Trade log snapshot -> /Users/jeerapongwongchote/Documents/thetadata/lastfive/tradelogs_lastfive.csv
2026-04-04 12:41:31 | INFO     | ============================================================
2026-04-04 12:41:31 | INFO     |   LASTFIVE PERFORMANCE REPORT  (Run #51)
2026-04-04 12:41:31 | INFO     | ============================================================
2026-04-04 12:41:31 | INFO     |   Period          : 2025-01-01 -> 2026-03-25
2026-04-04 12:41:31 | INFO     |   Days traded     : 202
2026-04-04 12:41:31 | INFO     |   Total trades    : 315  (wins: 280  losses: 35)
2026-04-04 12:41:31 | INFO     |   Avg trades/day  : 1.6
2026-04-04 12:41:31 | INFO     | ------------------------------------------------------------
2026-04-04 12:41:31 | INFO     |   Total P&L       : $   28,407.00  (net of commission)
2026-04-04 12:41:31 | INFO     |   Gross premium   : $   53,955.00
2026-04-04 12:41:31 | INFO     |   Prem capture    :        52.6%
2026-04-04 12:41:31 | INFO     |   CAGR            :        46.2%  (acct=$50,000)
2026-04-04 12:41:31 | INFO     |   Avg win/trade   : $      152.82
2026-04-04 12:41:31 | INFO     |   Avg loss/trade  : $     -410.94
2026-04-04 12:41:31 | INFO     |   Expectancy      : $       90.18
2026-04-04 12:41:31 | INFO     |   Profit factor   :         2.98x
2026-04-04 12:41:31 | INFO     | ------------------------------------------------------------
2026-04-04 12:41:31 | INFO     |   Max drawdown    : $   -1,770.00  (-6.2%)
2026-04-04 12:41:31 | INFO     |   Calmar ratio    :        13.04
2026-04-04 12:41:31 | INFO     |   Recovery factor :        16.05
2026-04-04 12:41:31 | INFO     |   Time underwater :        36.1%  (73 of 202 days)
2026-04-04 12:41:31 | INFO     |   Max consec loss : 2
2026-04-04 12:41:31 | INFO     | ------------------------------------------------------------
2026-04-04 12:41:31 | INFO     |   VIX adaptive    : ON (ATM<18.0, d3<22.0, d5<26.0)
2026-04-04 12:41:31 | INFO     |   Tiered sizing   : ON ($1500/$2500/$3500)
2026-04-04 12:41:31 | INFO     |   Width / MinCr   : $5 / $0.10
2026-04-04 12:41:31 | INFO     |   Afternoon filter: < 1.0%
2026-04-04 12:41:31 | INFO     |   Put filter      : aftn<-0.75% + mom30<-0.1%
2026-04-04 12:41:31 | INFO     |   Commission      : $0.5/leg
2026-04-04 12:41:31 | INFO     | ------------------------------------------------------------
2026-04-04 12:41:31 | INFO     |   Win rate        :        88.9%
2026-04-04 12:41:31 | INFO     |   Sharpe ratio    :         6.89  (rf=5.0%)
2026-04-04 12:41:31 | INFO     |   Sortino ratio   :         7.65
2026-04-04 12:41:31 | INFO     |   Ann. volatility : $    4,783.85
2026-04-04 12:41:31 | INFO     | ------------------------------------------------------------
2026-04-04 12:41:31 | INFO     |   Best day        : $    1,368.00
2026-04-04 12:41:31 | INFO     |   Worst day       : $     -872.00
2026-04-04 12:41:31 | INFO     |   Best trade      : $    1,062.00
2026-04-04 12:41:31 | INFO     |   Worst trade     : $   -1,576.00
2026-04-04 12:41:31 | INFO     | ------------------------------------------------------------
2026-04-04 12:41:31 | INFO     |   Commission total: $    2,896.00
2026-04-04 12:41:31 | INFO     |   Avg BP/trade    : $    2,127.13
2026-04-04 12:41:31 | INFO     |   Avg BP/day      : $    3,317.05
2026-04-04 12:41:31 | INFO     |   Max BP day      : $    6,860.00
2026-04-04 12:41:31 | INFO     | ============================================================
2026-04-04 12:41:31 | INFO     | Results written to /Users/jeerapongwongchote/Documents/thetadata/lastfive/RESULTS.md (latest 3 runs, newest first)
2026-04-04 12:41:31 | INFO     | --------------------------------------------------------------------------------
2026-04-04 12:41:31 | INFO     |   VIX CORRELATION ANALYSIS
2026-04-04 12:41:31 | INFO     | --------------------------------------------------------------------------------
2026-04-04 12:41:31 | INFO     |   VIX Range  |  Trades |  Win Rate |    Avg P&L |    Total P&L |     Max DD
2026-04-04 12:41:31 | INFO     | --------------------------------------------------------------------------------
2026-04-04 12:41:31 | INFO     |   < 15       |      15 |     93.3% | $   118.53 | $   1,778.00 | $  -198.00
2026-04-04 12:41:31 | INFO     |   15-18      |     145 |     88.3% | $    70.80 | $  10,266.00 | $  -863.00
2026-04-04 12:41:31 | INFO     |   18-20      |      67 |     89.6% | $    88.66 | $   5,940.00 | $-1,576.00
2026-04-04 12:41:31 | INFO     |   20-22      |      45 |     88.9% | $   137.22 | $   6,175.00 | $  -934.00
2026-04-04 12:41:31 | INFO     |   22-26      |      43 |     88.4% | $    98.79 | $   4,248.00 | $-1,643.00
2026-04-04 12:41:31 | INFO     |   26-30      |       0 |      0.0% | $     0.00 | $       0.00 | $     0.00
2026-04-04 12:41:31 | INFO     |   30+        |       0 |      0.0% | $     0.00 | $       0.00 | $     0.00
2026-04-04 12:41:31 | INFO     | --------------------------------------------------------------------------------
2026-04-04 12:41:31 | INFO     | -----------------------------------------------------------------------------------------------
2026-04-04 12:41:31 | INFO     |   PUT vs CALL SPLIT
2026-04-04 12:41:31 | INFO     | -----------------------------------------------------------------------------------------------
2026-04-04 12:41:31 | INFO     |   Side   |  Trades |      WR |    Avg P&L |    Total P&L |   Avg Win |  Avg Loss |     PF |     Max DD
2026-04-04 12:41:31 | INFO     | -----------------------------------------------------------------------------------------------
2026-04-04 12:41:31 | INFO     |   CALL   |     148 |   86.5% | $    61.42 | $   9,090.00 | $  143.11 | $ -461.40 |  1.99 | $-1,862.00
2026-04-04 12:41:31 | INFO     |   PUT    |     167 |   91.0% | $   115.67 | $  19,317.00 | $  161.00 | $ -343.67 |  4.75 | $-1,099.00
2026-04-04 12:41:31 | INFO     | -----------------------------------------------------------------------------------------------
2026-04-04 12:41:31 | INFO     | --------------------------------------------------------------------------------------------------------------------------------------------
2026-04-04 12:41:31 | INFO     |   YEARLY + MONTHLY BREAKDOWN
2026-04-04 12:41:31 | INFO     | --------------------------------------------------------------------------------------------------------------------------------------------
2026-04-04 12:41:31 | INFO     |   Period         |        P&L | Trades |     WR |  Avg RoR |   Avg P&L |  Avg Risk |   Best Day |  Worst Day |   Drawdown
2026-04-04 12:41:31 | INFO     | --------------------------------------------------------------------------------------------------------------------------------------------
2026-04-04 12:41:31 | INFO     |   2025           | $   24,722 |    271 |  87.8% |     4.2% | $      91 | $   2,159 | $    1,368 | $     -872 | $   -1,770
2026-04-04 12:41:31 | INFO     |     January      | $    4,072 |     30 |  93.3% |     5.9% | $     136 | $   2,285 | $    1,190 | $     -461 | $     -576
2026-04-04 12:41:31 | INFO     |     February     | $    1,667 |     19 |  89.5% |     4.1% | $      88 | $   2,156 | $      684 | $     -590 | $     -644
2026-04-04 12:41:31 | INFO     |     March        | $    6,845 |     33 |  87.9% |     7.9% | $     207 | $   2,620 | $    1,368 | $     -520 | $     -936
2026-04-04 12:41:31 | INFO     |     April        | $    1,046 |     12 |  91.7% |     3.5% | $      87 | $   2,477 | $      812 | $     -719 | $   -1,503
2026-04-04 12:41:31 | INFO     |     May          | $      778 |     37 |  83.8% |     0.9% | $      21 | $   2,311 | $      669 | $     -872 | $   -1,576
2026-04-04 12:41:31 | INFO     |     June         | $    2,758 |     26 |  96.2% |     5.1% | $     106 | $   2,100 | $      405 | $     -160 | $     -160
2026-04-04 12:41:31 | INFO     |     July         | $     -211 |     14 |  71.4% |    -0.9% | $     -15 | $   1,640 | $       39 | $     -296 | $     -415
2026-04-04 12:41:31 | INFO     |     August       | $    1,294 |     18 |  83.3% |     3.9% | $      72 | $   1,861 | $      744 | $     -435 | $     -435
2026-04-04 12:41:31 | INFO     |     September    | $    1,229 |     14 |  92.9% |     4.5% | $      88 | $   1,952 | $      305 | $      -10 | $      -10
2026-04-04 12:41:31 | INFO     |     October      | $    1,518 |     16 |  87.5% |     4.3% | $      95 | $   2,211 | $      611 | $     -220 | $     -385
2026-04-04 12:41:31 | INFO     |     November     | $    1,505 |     25 |  88.0% |     3.1% | $      60 | $   1,972 | $      430 | $     -470 | $     -585
2026-04-04 12:41:31 | INFO     |     December     | $    2,221 |     27 |  85.2% |     4.4% | $      82 | $   1,876 | $      305 | $      -57 | $      -87
2026-04-04 12:41:31 | INFO     | --------------------------------------------------------------------------------------------------------------------------------------------
2026-04-04 12:41:31 | INFO     |   2026           | $    3,685 |     44 |  95.5% |     4.3% | $      84 | $   1,934 | $      611 | $     -245 | $     -335
2026-04-04 12:41:31 | INFO     |     January      | $    1,492 |     15 | 100.0% |     5.3% | $      99 | $   1,859 | $      355 | $       39 | $        0
2026-04-04 12:41:31 | INFO     |     February     | $    2,299 |     25 |  96.0% |     4.7% | $      92 | $   1,943 | $      611 | $     -245 | $     -335
2026-04-04 12:41:31 | INFO     |     March        | $     -106 |      4 |  75.0% |    -1.2% | $     -26 | $   2,155 | $       90 | $     -220 | $     -310
2026-04-04 12:41:31 | INFO     | --------------------------------------------------------------------------------------------------------------------------------------------
2026-04-04 12:41:31 | INFO     |   TOTAL          | $   28,407 |    315 |  88.9% |     4.2% | $      90 | $   2,127 | $    1,368 | $     -872 | $   -1,770
2026-04-04 12:41:31 | INFO     | --------------------------------------------------------------------------------------------------------------------------------------------
2026-04-04 12:41:31 | INFO     |   (SPY monthly data not available — skipping strategy vs SPY)
2026-04-04 12:41:31 | INFO     | ------------------------------------------------------------------------------------------
2026-04-04 12:41:31 | INFO     |   WORST 30 DAYS
2026-04-04 12:41:31 | INFO     | ------------------------------------------------------------------------------------------
2026-04-04 12:41:31 | INFO     |   Date         |    Day P&L |    VIX |   Call P&L |    Put P&L | Trades
2026-04-04 12:41:31 | INFO     | ------------------------------------------------------------------------------------------
2026-04-04 12:41:31 | INFO     |   2025-05-30   | $  -872.00 |    N/A | $-1,576.00 | $   704.00 |      2
2026-04-04 12:41:31 | INFO     |   2025-05-01   | $  -784.00 |    N/A | $   140.00 | $  -924.00 |      2
2026-04-04 12:41:31 | INFO     |   2025-05-09   | $  -735.00 |    N/A | $     0.00 | $  -735.00 |      1
2026-04-04 12:41:31 | INFO     |   2025-04-30   | $  -719.00 |    N/A | $-1,503.00 | $   784.00 |      2
2026-04-04 12:41:31 | INFO     |   2025-05-22   | $  -595.00 |    N/A | $   140.00 | $  -735.00 |      2
2026-04-04 12:41:31 | INFO     |   2025-02-26   | $  -590.00 |    N/A | $    54.00 | $  -644.00 |      2
2026-04-04 12:41:31 | INFO     |   2025-03-21   | $  -520.00 |    N/A | $  -660.00 | $   140.00 |      2
2026-04-04 12:41:31 | INFO     |   2025-11-07   | $  -470.00 |    N/A | $  -585.00 | $   115.00 |      2
2026-04-04 12:41:31 | INFO     |   2025-01-27   | $  -461.00 |    N/A | $  -576.00 | $   115.00 |      2
2026-04-04 12:41:31 | INFO     |   2025-08-07   | $  -435.00 |    N/A | $  -435.00 | $     0.00 |      1
2026-04-04 12:41:31 | INFO     |   2025-02-05   | $  -385.00 |    N/A | $  -385.00 | $     0.00 |      1
2026-04-04 12:41:31 | INFO     |   2025-05-07   | $  -370.00 |    N/A | $  -610.00 | $   240.00 |      2
2026-04-04 12:41:31 | INFO     |   2025-01-16   | $  -335.00 |    N/A | $     0.00 | $  -335.00 |      1
2026-04-04 12:41:31 | INFO     |   2025-07-30   | $  -296.00 |    N/A | $  -335.00 | $    39.00 |      2
2026-04-04 12:41:31 | INFO     |   2026-02-06   | $  -245.00 |    N/A | $    90.00 | $  -335.00 |      2
2026-04-04 12:41:31 | INFO     |   2025-10-31   | $  -220.00 |    N/A | $   165.00 | $  -385.00 |      2
2026-04-04 12:41:31 | INFO     |   2026-03-09   | $  -220.00 |    N/A | $  -310.00 | $    90.00 |      2
2026-04-04 12:41:31 | INFO     |   2025-08-18   | $  -198.00 |    N/A | $     0.00 | $  -198.00 |      1
2026-04-04 12:41:31 | INFO     |   2025-06-02   | $  -160.00 |    N/A | $  -160.00 | $     0.00 |      1
2026-04-04 12:41:31 | INFO     |   2025-03-17   | $  -151.00 |    N/A | $   140.00 | $  -291.00 |      2
2026-04-04 12:41:31 | INFO     |   2025-03-19   | $  -145.00 |    N/A | $   240.00 | $  -385.00 |      2
2026-04-04 12:41:31 | INFO     |   2025-07-31   | $  -119.00 |    N/A | $  -119.00 | $     0.00 |      1
2026-04-04 12:41:31 | INFO     |   2025-11-13   | $   -89.00 |    N/A | $  -329.00 | $   240.00 |      2
2026-04-04 12:41:31 | INFO     |   2025-12-05   | $   -57.00 |    N/A | $   -81.00 | $    24.00 |      2
2026-04-04 12:41:31 | INFO     |   2025-07-07   | $   -36.00 |    N/A | $   -36.00 | $     0.00 |      1
2026-04-04 12:41:31 | INFO     |   2025-07-15   | $   -36.00 |    N/A | $     0.00 | $   -36.00 |      1
2026-04-04 12:41:31 | INFO     |   2025-11-05   | $   -27.00 |    N/A | $    24.00 | $   -51.00 |      2
2026-04-04 12:41:31 | INFO     |   2025-10-15   | $   -20.00 |    N/A | $  -235.00 | $   215.00 |      2
2026-04-04 12:41:31 | INFO     |   2025-09-19   | $   -10.00 |    N/A | $     0.00 | $   -10.00 |      1
2026-04-04 12:41:31 | INFO     |   2025-12-04   | $    -6.00 |    N/A | $    -6.00 | $     0.00 |      1
2026-04-04 12:41:31 | INFO     | ------------------------------------------------------------------------------------------
2026-04-04 12:41:31 | INFO     | ----------------------------------------------------------------------
2026-04-04 12:41:31 | INFO     |   SEASONALITY — DAY OF WEEK
2026-04-04 12:41:31 | INFO     | ----------------------------------------------------------------------
2026-04-04 12:41:31 | INFO     |   Day   |  Trades |      WR |    Total P&L |    Avg P&L |     Max DD
2026-04-04 12:41:31 | INFO     | ----------------------------------------------------------------------
2026-04-04 12:41:31 | INFO     |   Mon   |      50 |   86.0% | $   2,244.00 | $    44.88 | $  -936.00
2026-04-04 12:41:31 | INFO     |   Tue   |      59 |   96.6% | $   9,057.00 | $   153.51 | $   -36.00
2026-04-04 12:41:31 | INFO     |   Wed   |      75 |   89.3% | $   6,886.00 | $    91.81 | $-1,503.00
2026-04-04 12:41:31 | INFO     |   Thu   |      61 |   85.2% | $   4,703.00 | $    77.10 | $-1,299.00
2026-04-04 12:41:31 | INFO     |   Fri   |      70 |   87.1% | $   5,517.00 | $    78.81 | $-1,702.00
2026-04-04 12:41:31 | INFO     | ----------------------------------------------------------------------
2026-04-04 12:41:31 | INFO     | ----------------------------------------------------------------------
2026-04-04 12:41:31 | INFO     |   SEASONALITY — MONTH
2026-04-04 12:41:31 | INFO     | ----------------------------------------------------------------------
2026-04-04 12:41:31 | INFO     |   Month |  Trades |      WR |    Total P&L |    Avg P&L |     Max DD
2026-04-04 12:41:31 | INFO     | ----------------------------------------------------------------------
2026-04-04 12:41:31 | INFO     |   Jan   |      45 |   95.6% | $   5,564.00 | $   123.64 | $  -576.00
2026-04-04 12:41:31 | INFO     |   Feb   |      44 |   93.2% | $   3,966.00 | $    90.14 | $  -644.00
2026-04-04 12:41:31 | INFO     |   Mar   |      37 |   86.5% | $   6,739.00 | $   182.14 | $  -936.00
2026-04-04 12:41:31 | INFO     |   Apr   |      12 |   91.7% | $   1,046.00 | $    87.17 | $-1,503.00
2026-04-04 12:41:31 | INFO     |   May   |      37 |   83.8% | $     778.00 | $    21.03 | $-1,576.00
2026-04-04 12:41:31 | INFO     |   Jun   |      26 |   96.2% | $   2,758.00 | $   106.08 | $  -160.00
2026-04-04 12:41:31 | INFO     |   Jul   |      14 |   71.4% | $    -211.00 | $   -15.07 | $  -415.00
2026-04-04 12:41:31 | INFO     |   Aug   |      18 |   83.3% | $   1,294.00 | $    71.89 | $  -435.00
2026-04-04 12:41:31 | INFO     |   Sep   |      14 |   92.9% | $   1,229.00 | $    87.79 | $   -10.00
2026-04-04 12:41:31 | INFO     |   Oct   |      16 |   87.5% | $   1,518.00 | $    94.88 | $  -385.00
2026-04-04 12:41:31 | INFO     |   Nov   |      25 |   88.0% | $   1,505.00 | $    60.20 | $  -585.00
2026-04-04 12:41:31 | INFO     |   Dec   |      27 |   85.2% | $   2,221.00 | $    82.26 | $   -87.00
2026-04-04 12:41:31 | INFO     | ----------------------------------------------------------------------
2026-04-04 12:41:31 | INFO     | --------------------------------------------------------------------------------
2026-04-04 12:41:31 | INFO     |   CALENDAR / ECON EVENT ANALYSIS
2026-04-04 12:41:31 | INFO     | --------------------------------------------------------------------------------
2026-04-04 12:41:31 | INFO     |   Event              |  Trades |      WR |    Total P&L |    Avg P&L |     Max DD
2026-04-04 12:41:31 | INFO     | --------------------------------------------------------------------------------
2026-04-04 12:41:31 | INFO     |   FOMC               |      17 |   82.4% | $     832.00 | $    48.94 | $  -755.00
2026-04-04 12:41:31 | INFO     |   Triple Witching    |       6 |   66.7% | $     -96.00 | $   -16.00 | $  -660.00
2026-04-04 12:41:31 | INFO     |   End of Month       |      26 |   80.8% | $   2,249.00 | $    86.50 | $-2,295.00
2026-04-04 12:41:31 | INFO     |   Monday             |      50 |   86.0% | $   2,244.00 | $    44.88 | $  -936.00
2026-04-04 12:41:31 | INFO     |   Friday             |      70 |   87.1% | $   5,517.00 | $    78.81 | $-1,702.00
2026-04-04 12:41:31 | INFO     |   Normal days        |     168 |   91.7% | $  19,451.00 | $   115.78 | $  -924.00
2026-04-04 12:41:31 | INFO     | --------------------------------------------------------------------------------
