2026-04-04 16:02:46 | INFO     | Log file  : /Users/jeerapongwongchote/Documents/thetadata/lastfive/logs/lastfive_20260404_160246.log
2026-04-04 16:02:46 | INFO     | ============================================================
2026-04-04 16:02:46 | INFO     |   RECENT RUN HISTORY
2026-04-04 16:02:46 | INFO     | ------------------------------------------------------------
2026-04-04 16:02:46 | INFO     |   #83 2026-04-04T15:48 | P&L=$   294,189 | WR=74.7% | 1306 trades
2026-04-04 16:02:46 | INFO     |   #84 2026-04-04T15:48 | P&L=$   172,720 | WR=76.1% | 872 trades
2026-04-04 16:02:46 | INFO     |   #85 2026-04-04T15:49 | P&L=$   121,469 | WR=71.9% | 434 trades
2026-04-04 16:02:46 | INFO     |   #86 2026-04-04T16:02 | P&L=$    91,348 | WR=85.9% | 1068 trades
2026-04-04 16:02:46 | INFO     |   #87 2026-04-04T16:02 | P&L=$    48,071 | WR=88.1% | 666 trades
2026-04-04 16:02:46 | INFO     | ============================================================
2026-04-04 16:02:46 | INFO     | ============================================================
2026-04-04 16:02:46 | INFO     | LASTFIVE BACKTEST — Short Call Spread 5 Min Before Close
2026-04-04 16:02:46 | INFO     | Period       : 2025-01-01 -> 2026-03-25
2026-04-04 16:02:46 | INFO     | Sides        : CALL+PUT
2026-04-04 16:02:46 | INFO     | VIX adaptive : ON (ATM<18.0, d3<22.0, d5<26.0)
2026-04-04 16:02:46 | INFO     | Spread width : $10.0
2026-04-04 16:02:46 | INFO     | Tiered sizing: ON ($1500.0/$2500.0/$3500.0)
2026-04-04 16:02:46 | INFO     | Min credit   : $0.1
2026-04-04 16:02:46 | INFO     | Put filter   : aftn<-0.75% + mom30<-0.1% (ON)
2026-04-04 16:02:46 | INFO     | Stop-loss    : buy back if SPX moves $2.0+ at 15:56,15:57 (OFF)
2026-04-04 16:02:46 | INFO     | Afternoon    : < 1.0% (ON)
2026-04-04 16:02:46 | INFO     | VIX(15:50)   : <= 26.0 (ON)
2026-04-04 16:02:46 | INFO     | ============================================================
2026-04-04 16:02:46 | INFO     | Building daily indicators...
2026-04-04 16:02:53 | INFO     |   -> 1066 daily bars loaded
2026-04-04 16:02:53 | INFO     | Trading dates: 307 (from 20250102 to 20260325)
2026-04-04 16:02:53 | DEBUG    | [20250102] CALL SPX=5865->5869 | C 5875/5885 x3 | cr=$0.55 settle=$0.00 | P&L=$+159 | eq=$50,159 | dist=5
2026-04-04 16:02:53 | DEBUG    | [20250102] PUT SPX=5865->5869 | P 5860/5850 x4 | cr=$1.30 settle=$0.00 | P&L=$+512 | eq=$50,671 | dist=5
2026-04-04 16:02:53 | DEBUG    | [20250103] CALL SPX=5935->5942 | C 5945/5955 x2 | cr=$0.20 settle=$0.00 | P&L=$+36 | eq=$50,707 | dist=5
2026-04-04 16:02:53 | DEBUG    | [20250103] PUT SPX=5935->5942 | P 5930/5920 x3 | cr=$0.80 settle=$0.00 | P&L=$+234 | eq=$50,941 | dist=5
2026-04-04 16:02:53 | DEBUG    | [20250106] CALL SPX=5970->5975 | C 5980/5990 x2 | cr=$0.20 settle=$0.00 | P&L=$+36 | eq=$50,977 | dist=5
2026-04-04 16:02:53 | DEBUG    | [20250106] PUT SPX=5970->5975 | P 5965/5955 x3 | cr=$0.65 settle=$0.00 | P&L=$+189 | eq=$51,166 | dist=5
2026-04-04 16:02:53 | DEBUG    | [20250107] TOUCH@15:57 CALL SPX=5910 | C 5910/5920 x4 | cr=$1.35 close=$1.15 | P&L=$+72
2026-04-04 16:02:53 | DEBUG    | [20250107] PUT SPX=5905->5909 | P 5895/5885 x3 | cr=$0.55 settle=$0.00 | P&L=$+159 | eq=$51,397 | dist=5
2026-04-04 16:02:53 | DEBUG    | [20250108] CALL SPX=5915->5918 | C 5925/5935 x2 | cr=$0.30 settle=$0.00 | P&L=$+56 | eq=$51,453 | dist=5
2026-04-04 16:02:53 | DEBUG    | [20250108] PUT SPX=5915->5918 | P 5910/5900 x3 | cr=$0.85 settle=$0.00 | P&L=$+249 | eq=$51,702 | dist=5
2026-04-04 16:02:53 | DEBUG    | [20250110] TOUCH@15:54 CALL SPX=5831 | C 5830/5840 x3 | cr=$1.00 close=$2.00 | P&L=$-306
2026-04-04 16:02:53 | DEBUG    | [20250110] PUT SPX=5824->5827 | P 5815/5805 x3 | cr=$0.75 settle=$0.00 | P&L=$+219 | eq=$51,615 | dist=5
2026-04-04 16:02:53 | DEBUG    | [20250113] CALL SPX=5832->5836 | C 5840/5850 x2 | cr=$0.25 settle=$0.00 | P&L=$+46 | eq=$51,661 | dist=5
2026-04-04 16:02:53 | DEBUG    | [20250113] PUT SPX=5832->5836 | P 5825/5815 x3 | cr=$0.65 settle=$0.00 | P&L=$+189 | eq=$51,850 | dist=5
2026-04-04 16:02:53 | DEBUG    | [20250114] CALL SPX=5837->5843 | C 5845/5855 x2 | cr=$0.50 settle=$0.00 | P&L=$+96 | eq=$51,946 | dist=5
2026-04-04 16:02:53 | DEBUG    | [20250114] PUT SPX=5837->5843 | P 5830/5820 x3 | cr=$0.70 settle=$0.00 | P&L=$+204 | eq=$52,150 | dist=5
2026-04-04 16:02:53 | DEBUG    | [20250115] CALL SPX=5954->5950 | C 5960/5970 x2 | cr=$0.40 settle=$0.00 | P&L=$+76 | eq=$52,226 | dist=5
2026-04-04 16:02:53 | DEBUG    | [20250115] PUT SPX=5954->5950 | P 5945/5935 x2 | cr=$0.35 settle=$0.00 | P&L=$+66 | eq=$52,292 | dist=5
2026-04-04 16:02:53 | DEBUG    | [20250116] TOUCH@15:55 PUT SPX=5941 | P 5945/5935 x3 | cr=$0.65 close=$1.75 | P&L=$-336
2026-04-04 16:02:53 | DEBUG    | [20250116] CALL SPX=5950->5937 | C 5955/5965 x2 | cr=$0.40 settle=$0.00 | P&L=$+76 | eq=$52,032 | dist=3
2026-04-04 16:02:53 | DEBUG    | [20250117] CALL SPX=5999->5997 | C 6005/6015 x3 | cr=$0.70 settle=$0.00 | P&L=$+204 | eq=$52,236 | dist=3
2026-04-04 16:02:53 | DEBUG    | [20250117] PUT SPX=5999->5997 | P 5995/5985 x3 | cr=$0.90 settle=$0.00 | P&L=$+264 | eq=$52,500 | dist=3
2026-04-04 16:02:53 | DEBUG    | [20250121] TOUCH@15:56 CALL SPX=6050 | C 6050/6060 x3 | cr=$0.70 close=$0.90 | P&L=$-66
2026-04-04 16:02:53 | DEBUG    | [20250121] PUT SPX=6047->6049 | P 6040/6030 x2 | cr=$0.20 settle=$0.00 | P&L=$+36 | eq=$52,470 | dist=3
2026-04-04 16:02:53 | DEBUG    | [20250123] TOUCH@15:55 CALL SPX=6112 | C 6110/6120 x2 | cr=$0.45 close=$0.95 | P&L=$-104
2026-04-04 16:02:53 | DEBUG    | [20250123] PUT SPX=6106->6119 | P 6100/6090 x1 | cr=$0.20 settle=$0.00 | P&L=$+18 | eq=$52,384 | dist=3
2026-04-04 16:02:53 | DEBUG    | [20250124] TOUCH@15:56 CALL SPX=6102 | C 6100/6110 x2 | cr=$0.50 close=$1.30 | P&L=$-164
2026-04-04 16:02:53 | DEBUG    | [20250124] PUT SPX=6094->6101 | P 6090/6080 x3 | cr=$1.00 settle=$0.00 | P&L=$+294 | eq=$52,514 | dist=3
2026-04-04 16:02:53 | DEBUG    | [20250127] TOUCH@15:56 CALL SPX=6006 | C 6005/6015 x4 | cr=$1.25 close=$1.75 | P&L=$-208
2026-04-04 16:02:53 | DEBUG    | [20250127] PUT SPX=5999->6012 | P 5995/5985 x4 | cr=$1.35 settle=$0.00 | P&L=$+532 | eq=$52,838 | dist=3
2026-04-04 16:02:53 | DEBUG    | [20250128] CALL SPX=6070->6068 | C 6075/6085 x3 | cr=$0.60 settle=$0.00 | P&L=$+174 | eq=$53,012 | dist=5
2026-04-04 16:02:53 | DEBUG    | [20250128] PUT SPX=6070->6068 | P 6060/6050 x1 | cr=$0.20 settle=$0.00 | P&L=$+18 | eq=$53,030 | dist=5
2026-04-04 16:02:53 | DEBUG    | [20250129] TOUCH@15:55 CALL SPX=6040 | C 6040/6050 x4 | cr=$1.80 close=$2.20 | P&L=$-168
2026-04-04 16:02:53 | DEBUG    | [20250129] PUT SPX=6036->6039 | P 6030/6020 x4 | cr=$1.45 settle=$0.00 | P&L=$+572 | eq=$53,434 | dist=3
2026-04-04 16:02:53 | DEBUG    | [20250203] CALL SPX=6002->5995 | C 6010/6020 x3 | cr=$1.15 settle=$0.00 | P&L=$+339 | eq=$53,773 | dist=5
2026-04-04 16:02:53 | DEBUG    | [20250203] PUT SPX=6002->5995 | P 5995/5985 x3 | cr=$1.10 settle=$0.37 | P&L=$+213 | eq=$53,986 | dist=5
2026-04-04 16:02:53 | DEBUG    | [20250204] CALL SPX=6034->6038 | C 6040/6050 x3 | cr=$0.60 settle=$0.00 | P&L=$+174 | eq=$54,160 | dist=5
2026-04-04 16:02:53 | DEBUG    | [20250204] PUT SPX=6034->6038 | P 6025/6015 x1 | cr=$0.20 settle=$0.00 | P&L=$+18 | eq=$54,178 | dist=5
2026-04-04 16:02:53 | DEBUG    | [20250205] TOUCH@15:58 CALL SPX=6061 | C 6060/6070 x2 | cr=$0.30 close=$1.10 | P&L=$-164
2026-04-04 16:02:53 | DEBUG    | [20250205] PUT SPX=6052->6061 | P 6045/6035 x1 | cr=$0.15 settle=$0.00 | P&L=$+13 | eq=$54,027 | dist=5
2026-04-04 16:02:53 | DEBUG    | [20250206] TOUCH@15:54 CALL SPX=6082 | C 6080/6090 x3 | cr=$0.65 close=$1.10 | P&L=$-141
2026-04-04 16:02:53 | DEBUG    | [20250206] PUT SPX=6074->6084 | P 6070/6060 x3 | cr=$0.65 settle=$0.00 | P&L=$+189 | eq=$54,075 | dist=3
2026-04-04 16:02:53 | DEBUG    | [20250207] CALL SPX=6029->6026 | C 6035/6045 x3 | cr=$0.65 settle=$0.00 | P&L=$+189 | eq=$54,264 | dist=5
2026-04-04 16:02:53 | DEBUG    | [20250207] PUT SPX=6029->6026 | P 6020/6010 x2 | cr=$0.30 settle=$0.00 | P&L=$+56 | eq=$54,320 | dist=5
2026-04-04 16:02:53 | DEBUG    | [20250211] CALL SPX=6066->6069 | C 6070/6080 x3 | cr=$0.90 settle=$0.00 | P&L=$+264 | eq=$54,584 | dist=3
2026-04-04 16:02:53 | DEBUG    | [20250211] PUT SPX=6066->6069 | P 6060/6050 x2 | cr=$0.20 settle=$0.00 | P&L=$+36 | eq=$54,620 | dist=3
2026-04-04 16:02:53 | DEBUG    | [20250212] PUT SPX=6046->6052 | P 6040/6030 x2 | cr=$0.30 settle=$0.00 | P&L=$+56 | eq=$54,676 | dist=5
2026-04-04 16:02:53 | DEBUG    | [20250213] PUT SPX=6111->6115 | P 6105/6095 x2 | cr=$0.25 settle=$0.00 | P&L=$+46 | eq=$54,722 | dist=5
2026-04-04 16:02:53 | DEBUG    | [20250220] CALL SPX=6118->6118 | C 6125/6135 x2 | cr=$0.45 settle=$0.00 | P&L=$+86 | eq=$54,808 | dist=5
2026-04-04 16:02:53 | DEBUG    | [20250220] PUT SPX=6118->6118 | P 6110/6100 x2 | cr=$0.25 settle=$0.00 | P&L=$+46 | eq=$54,854 | dist=5
2026-04-04 16:02:53 | DEBUG    | [20250221] CALL SPX=6017->6013 | C 6025/6035 x3 | cr=$0.85 settle=$0.00 | P&L=$+249 | eq=$55,103 | dist=5
2026-04-04 16:02:53 | DEBUG    | [20250221] PUT SPX=6017->6013 | P 6010/6000 x3 | cr=$0.75 settle=$0.00 | P&L=$+219 | eq=$55,322 | dist=5
2026-04-04 16:02:53 | DEBUG    | [20250224] TOUCH@15:54 PUT SPX=5987 | P 5990/5980 x3 | cr=$0.85 close=$2.80 | P&L=$-591
2026-04-04 16:02:53 | DEBUG    | [20250224] CALL SPX=5995->5983 | C 6005/6015 x2 | cr=$0.40 settle=$0.00 | P&L=$+76 | eq=$54,807 | dist=5
2026-04-04 16:02:53 | DEBUG    | [20250225] CALL SPX=5957->5955 | C 5965/5975 x3 | cr=$1.05 settle=$0.00 | P&L=$+309 | eq=$55,116 | dist=5
2026-04-04 16:02:53 | DEBUG    | [20250225] PUT SPX=5957->5955 | P 5950/5940 x3 | cr=$1.15 settle=$0.00 | P&L=$+339 | eq=$55,455 | dist=5
2026-04-04 16:02:53 | DEBUG    | [20250226] CALL SPX=5957->5956 | C 5965/5975 x3 | cr=$0.75 settle=$0.00 | P&L=$+219 | eq=$55,674 | dist=5
2026-04-04 16:02:53 | DEBUG    | [20250226] PUT SPX=5957->5956 | P 5950/5940 x3 | cr=$1.00 settle=$0.00 | P&L=$+294 | eq=$55,968 | dist=5
2026-04-04 16:02:53 | DEBUG    | [20250227] CALL SPX=5880->5862 | C 5890/5900 x3 | cr=$1.00 settle=$0.00 | P&L=$+294 | eq=$56,262 | dist=5
2026-04-04 16:02:54 | DEBUG    | [20250228] SKIP: Afternoon return=1.428% >= 1.0%
2026-04-04 16:02:54 | DEBUG    | [20250303] TOUCH@15:54 CALL SPX=5835 | C 5835/5845 x4 | cr=$2.00 close=$3.15 | P&L=$-468
2026-04-04 16:02:54 | DEBUG    | [20250303] PUT SPX=5828->5850 | P 5820/5810 x4 | cr=$1.80 settle=$0.00 | P&L=$+712 | eq=$56,506 | dist=5
2026-04-04 16:02:54 | DEBUG    | [20250305] TOUCH@15:53 CALL SPX=5846 | C 5845/5855 x4 | cr=$1.55 close=$2.70 | P&L=$-468
2026-04-04 16:02:54 | DEBUG    | [20250305] PUT SPX=5835->5843 | P 5830/5820 x4 | cr=$1.95 settle=$0.00 | P&L=$+772 | eq=$56,810 | dist=5
2026-04-04 16:02:54 | DEBUG    | [20250306] CALL SPX=5743->5738 | C 5755/5765 x4 | cr=$1.55 settle=$0.00 | P&L=$+612 | eq=$57,422 | dist=10
2026-04-04 16:02:54 | DEBUG    | [20250306] PUT SPX=5743->5738 | P 5730/5720 x4 | cr=$1.55 settle=$0.00 | P&L=$+612 | eq=$58,034 | dist=10
2026-04-04 16:02:54 | DEBUG    | [20250307] SKIP: Afternoon return=1.053% >= 1.0%
2026-04-04 16:02:54 | DEBUG    | [20250310] SKIP: VIX(15:50)=27.9 > 26.0
2026-04-04 16:02:54 | DEBUG    | [20250311] SKIP: VIX(15:50)=26.9 > 26.0
2026-04-04 16:02:54 | DEBUG    | [20250312] CALL SPX=5595->5599 | C 5605/5615 x3 | cr=$1.15 settle=$0.00 | P&L=$+339 | eq=$58,373 | dist=5
2026-04-04 16:02:54 | DEBUG    | [20250312] PUT SPX=5595->5599 | P 5590/5580 x4 | cr=$1.75 settle=$0.00 | P&L=$+692 | eq=$59,065 | dist=5
2026-04-04 16:02:54 | DEBUG    | [20250313] TOUCH@15:59 CALL SPX=5522 | C 5520/5530 x4 | cr=$1.35 close=$0.35 | P&L=$+392
2026-04-04 16:02:54 | DEBUG    | [20250313] PUT SPX=5512->5522 | P 5505/5495 x4 | cr=$1.35 settle=$0.00 | P&L=$+532 | eq=$59,989 | dist=5
2026-04-04 16:02:54 | DEBUG    | [20250314] TOUCH@15:54 CALL SPX=5642 | C 5640/5650 x4 | cr=$1.25 close=$1.30 | P&L=$-28
2026-04-04 16:02:54 | DEBUG    | [20250314] PUT SPX=5635->5639 | P 5625/5615 x2 | cr=$0.50 settle=$0.00 | P&L=$+96 | eq=$60,057 | dist=5
2026-04-04 16:02:54 | DEBUG    | [20250317] TOUCH@15:58 PUT SPX=5678 | P 5680/5670 x2 | cr=$0.35 close=$1.25 | P&L=$-184
2026-04-04 16:02:54 | DEBUG    | [20250317] CALL SPX=5689->5675 | C 5695/5705 x3 | cr=$1.10 settle=$0.00 | P&L=$+324 | eq=$60,197 | dist=5
2026-04-04 16:02:54 | DEBUG    | [20250318] CALL SPX=5615->5615 | C 5620/5630 x4 | cr=$1.35 settle=$0.00 | P&L=$+532 | eq=$60,729 | dist=3
2026-04-04 16:02:54 | DEBUG    | [20250318] PUT SPX=5615->5615 | P 5610/5600 x4 | cr=$1.35 settle=$0.00 | P&L=$+532 | eq=$61,261 | dist=3
2026-04-04 16:02:54 | DEBUG    | [20250320] CALL SPX=5665->5663 | C 5670/5680 x4 | cr=$1.35 settle=$0.00 | P&L=$+532 | eq=$61,793 | dist=5
2026-04-04 16:02:54 | DEBUG    | [20250320] PUT SPX=5665->5663 | P 5655/5645 x2 | cr=$0.50 settle=$0.00 | P&L=$+96 | eq=$61,889 | dist=5
2026-04-04 16:02:54 | DEBUG    | [20250321] TOUCH@15:55 CALL SPX=5663 | C 5660/5670 x3 | cr=$1.00 close=$2.05 | P&L=$-321
2026-04-04 16:02:54 | DEBUG    | [20250321] PUT SPX=5653->5667 | P 5645/5635 x3 | cr=$0.55 settle=$0.00 | P&L=$+159 | eq=$61,727 | dist=5
2026-04-04 16:02:54 | DEBUG    | [20250324] CALL SPX=5768->5768 | C 5775/5785 x3 | cr=$0.60 settle=$0.00 | P&L=$+174 | eq=$61,901 | dist=5
2026-04-04 16:02:54 | DEBUG    | [20250324] PUT SPX=5768->5768 | P 5760/5750 x2 | cr=$0.25 settle=$0.00 | P&L=$+46 | eq=$61,947 | dist=5
2026-04-04 16:02:54 | DEBUG    | [20250326] CALL SPX=5717->5712 | C 5725/5735 x3 | cr=$0.85 settle=$0.00 | P&L=$+249 | eq=$62,196 | dist=5
2026-04-04 16:02:54 | DEBUG    | [20250326] PUT SPX=5717->5712 | P 5710/5700 x3 | cr=$1.10 settle=$0.00 | P&L=$+324 | eq=$62,520 | dist=5
2026-04-04 16:02:54 | DEBUG    | [20250327] TOUCH@15:59 PUT SPX=5692 | P 5695/5685 x3 | cr=$1.05 close=$0.70 | P&L=$+99
2026-04-04 16:02:54 | DEBUG    | [20250327] CALL SPX=5700->5693 | C 5710/5720 x3 | cr=$0.60 settle=$0.00 | P&L=$+174 | eq=$62,793 | dist=5
2026-04-04 16:02:54 | DEBUG    | [20250328] TOUCH@15:54 CALL SPX=5586 | C 5585/5595 x4 | cr=$1.45 close=$1.25 | P&L=$+72
2026-04-04 16:02:54 | DEBUG    | [20250328] PUT SPX=5580->5581 | P 5570/5560 x2 | cr=$0.50 settle=$0.00 | P&L=$+96 | eq=$62,961 | dist=5
2026-04-04 16:02:54 | DEBUG    | [20250331] SKIP: Afternoon return=1.129% >= 1.0%
2026-04-04 16:02:54 | DEBUG    | [20250401] TOUCH@15:54 CALL SPX=5633 | C 5630/5640 x3 | cr=$1.10 close=$1.65 | P&L=$-171
2026-04-04 16:02:54 | DEBUG    | [20250401] PUT SPX=5625->5633 | P 5615/5605 x3 | cr=$0.55 settle=$0.00 | P&L=$+159 | eq=$62,949 | dist=5
2026-04-04 16:02:54 | DEBUG    | [20250402] CALL SPX=5674->5671 | C 5680/5690 x4 | cr=$1.55 settle=$0.00 | P&L=$+612 | eq=$63,561 | dist=5
2026-04-04 16:02:54 | DEBUG    | [20250402] PUT SPX=5674->5671 | P 5665/5655 x4 | cr=$1.30 settle=$0.00 | P&L=$+512 | eq=$64,073 | dist=5
2026-04-04 16:02:54 | DEBUG    | [20250403] SKIP: VIX(15:50)=29.5 > 26.0
2026-04-04 16:02:54 | DEBUG    | [20250404] SKIP: VIX(15:50)=42.9 > 26.0
2026-04-04 16:02:54 | DEBUG    | [20250407] SKIP: VIX(15:50)=48.6 > 26.0
2026-04-04 16:02:54 | DEBUG    | [20250408] SKIP: VIX(15:50)=57.1 > 26.0
2026-04-04 16:02:54 | DEBUG    | [20250409] SKIP: VIX(15:50)=32.5 > 26.0
2026-04-04 16:02:54 | DEBUG    | [20250410] SKIP: VIX(15:50)=46.0 > 26.0
2026-04-04 16:02:54 | DEBUG    | [20250411] SKIP: VIX(15:50)=37.0 > 26.0
2026-04-04 16:02:54 | DEBUG    | [20250414] SKIP: VIX(15:50)=30.2 > 26.0
2026-04-04 16:02:54 | DEBUG    | [20250415] SKIP: VIX(15:50)=29.6 > 26.0
2026-04-04 16:02:54 | DEBUG    | [20250416] SKIP: VIX(15:50)=33.2 > 26.0
2026-04-04 16:02:54 | DEBUG    | [20250417] SKIP: VIX(15:50)=30.5 > 26.0
2026-04-04 16:02:54 | DEBUG    | [20250421] SKIP: VIX(15:50)=33.8 > 26.0
2026-04-04 16:02:54 | DEBUG    | [20250422] SKIP: VIX(15:50)=30.6 > 26.0
2026-04-04 16:02:54 | DEBUG    | [20250423] SKIP: VIX(15:50)=28.5 > 26.0
2026-04-04 16:02:54 | DEBUG    | [20250424] SKIP: VIX(15:50)=26.5 > 26.0
2026-04-04 16:02:54 | DEBUG    | [20250425] TOUCH@15:57 CALL SPX=5525 | C 5525/5535 x3 | cr=$1.00 close=$1.05 | P&L=$-21
2026-04-04 16:02:54 | DEBUG    | [20250425] PUT SPX=5518->5525 | P 5510/5500 x3 | cr=$0.55 settle=$0.00 | P&L=$+159 | eq=$64,211 | dist=5
2026-04-04 16:02:54 | DEBUG    | [20250428] CALL SPX=5534->5529 | C 5540/5550 x3 | cr=$1.05 settle=$0.00 | P&L=$+309 | eq=$64,520 | dist=5
2026-04-04 16:02:54 | DEBUG    | [20250428] PUT SPX=5534->5529 | P 5525/5515 x2 | cr=$0.35 settle=$0.00 | P&L=$+66 | eq=$64,586 | dist=5
2026-04-04 16:02:54 | DEBUG    | [20250429] CALL SPX=5568->5561 | C 5575/5585 x3 | cr=$0.75 settle=$0.00 | P&L=$+219 | eq=$64,805 | dist=3
2026-04-04 16:02:54 | DEBUG    | [20250429] PUT SPX=5568->5561 | P 5560/5550 x3 | cr=$0.55 settle=$0.00 | P&L=$+159 | eq=$64,964 | dist=3
2026-04-04 16:02:54 | DEBUG    | [20250430] TOUCH@15:55 CALL SPX=5577 | C 5570/5580 x4 | cr=$2.90 close=$3.60 | P&L=$-288
2026-04-04 16:02:54 | DEBUG    | [20250430] PUT SPX=5565->5569 | P 5555/5545 x4 | cr=$2.00 settle=$0.00 | P&L=$+792 | eq=$65,468 | dist=5
2026-04-04 16:02:54 | DEBUG    | [20250501] TOUCH@15:55 PUT SPX=5613 | P 5615/5605 x4 | cr=$1.30 close=$1.10 | P&L=$+72
2026-04-04 16:02:54 | DEBUG    | [20250501] CALL SPX=5622->5604 | C 5630/5640 x3 | cr=$0.95 settle=$0.00 | P&L=$+279 | eq=$65,819 | dist=3
2026-04-04 16:02:54 | DEBUG    | [20250502] TOUCH@15:55 PUT SPX=5684 | P 5685/5675 x4 | cr=$1.55 close=$1.40 | P&L=$+52
2026-04-04 16:02:54 | DEBUG    | [20250502] CALL SPX=5688->5687 | C 5695/5705 x4 | cr=$1.25 settle=$0.00 | P&L=$+492 | eq=$66,363 | dist=3
2026-04-04 16:02:54 | DEBUG    | [20250505] CALL SPX=5654->5651 | C 5660/5670 x3 | cr=$1.00 settle=$0.00 | P&L=$+294 | eq=$66,657 | dist=3
2026-04-04 16:02:54 | DEBUG    | [20250505] PUT SPX=5654->5651 | P 5650/5640 x4 | cr=$1.25 settle=$0.00 | P&L=$+492 | eq=$67,149 | dist=3
2026-04-04 16:02:54 | DEBUG    | [20250506] TOUCH@15:59 PUT SPX=5606 | P 5615/5605 x3 | cr=$1.20 close=$0.55 | P&L=$+189
2026-04-04 16:02:54 | DEBUG    | [20250506] CALL SPX=5618->5607 | C 5625/5635 x3 | cr=$0.75 settle=$0.00 | P&L=$+219 | eq=$67,557 | dist=3
2026-04-04 16:02:54 | DEBUG    | [20250508] CALL SPX=5676->5664 | C 5685/5695 x3 | cr=$0.95 settle=$0.00 | P&L=$+279 | eq=$67,836 | dist=5
2026-04-04 16:02:54 | DEBUG    | [20250509] TOUCH@15:54 CALL SPX=5665 | C 5665/5675 x4 | cr=$1.50 close=$2.05 | P&L=$-228
2026-04-04 16:02:54 | DEBUG    | [20250509] PUT SPX=5662->5660 | P 5655/5645 x3 | cr=$0.75 settle=$0.00 | P&L=$+219 | eq=$67,827 | dist=3
2026-04-04 16:02:54 | DEBUG    | [20250512] TOUCH@15:58 CALL SPX=5841 | C 5840/5850 x3 | cr=$0.95 close=$1.85 | P&L=$-276
2026-04-04 16:02:54 | DEBUG    | [20250512] PUT SPX=5833->5844 | P 5825/5815 x3 | cr=$0.55 settle=$0.00 | P&L=$+159 | eq=$67,710 | dist=5
2026-04-04 16:02:54 | DEBUG    | [20250513] CALL SPX=5895->5887 | C 5900/5910 x4 | cr=$1.45 settle=$0.00 | P&L=$+572 | eq=$68,282 | dist=5
2026-04-04 16:02:54 | DEBUG    | [20250513] PUT SPX=5895->5887 | P 5885/5875 x2 | cr=$0.35 settle=$0.00 | P&L=$+66 | eq=$68,348 | dist=5
2026-04-04 16:02:54 | DEBUG    | [20250516] CALL SPX=5953->5958 | C 5960/5970 x2 | cr=$0.50 settle=$0.00 | P&L=$+96 | eq=$68,444 | dist=3
2026-04-04 16:02:54 | DEBUG    | [20250516] PUT SPX=5953->5958 | P 5945/5935 x2 | cr=$0.35 settle=$0.00 | P&L=$+66 | eq=$68,510 | dist=3
2026-04-04 16:02:54 | DEBUG    | [20250519] CALL SPX=5959->5964 | C 5965/5975 x2 | cr=$0.50 settle=$0.00 | P&L=$+96 | eq=$68,606 | dist=5
2026-04-04 16:02:54 | DEBUG    | [20250519] PUT SPX=5959->5964 | P 5950/5940 x1 | cr=$0.15 settle=$0.00 | P&L=$+13 | eq=$68,619 | dist=5
2026-04-04 16:02:54 | DEBUG    | [20250520] TOUCH@15:59 CALL SPX=5941 | C 5940/5950 x4 | cr=$1.60 close=$0.20 | P&L=$+552
2026-04-04 16:02:54 | DEBUG    | [20250520] PUT SPX=5935->5940 | P 5930/5920 x3 | cr=$1.15 settle=$0.00 | P&L=$+339 | eq=$69,510 | dist=3
2026-04-04 16:02:54 | DEBUG    | [20250521] TOUCH@15:54 PUT SPX=5847 | P 5850/5840 x3 | cr=$1.10 close=$3.10 | P&L=$-606
2026-04-04 16:02:54 | DEBUG    | [20250521] CALL SPX=5858->5845 | C 5865/5875 x4 | cr=$1.25 settle=$0.00 | P&L=$+492 | eq=$69,396 | dist=5
2026-04-04 16:02:54 | DEBUG    | [20250522] TOUCH@15:54 PUT SPX=5854 | P 5855/5845 x4 | cr=$1.60 close=$2.05 | P&L=$-188
2026-04-04 16:02:54 | DEBUG    | [20250522] CALL SPX=5859->5842 | C 5865/5875 x3 | cr=$1.15 settle=$0.00 | P&L=$+339 | eq=$69,547 | dist=3
2026-04-04 16:02:54 | DEBUG    | [20250523] CALL SPX=5806->5803 | C 5810/5820 x4 | cr=$2.20 settle=$0.00 | P&L=$+872 | eq=$70,419 | dist=3
2026-04-04 16:02:54 | DEBUG    | [20250523] PUT SPX=5806->5803 | P 5800/5790 x4 | cr=$1.60 settle=$0.00 | P&L=$+632 | eq=$71,051 | dist=3
2026-04-04 16:02:54 | DEBUG    | [20250527] TOUCH@15:59 CALL SPX=5921 | C 5920/5930 x2 | cr=$0.45 close=$0.20 | P&L=$+46
2026-04-04 16:02:54 | DEBUG    | [20250527] PUT SPX=5912->5922 | P 5905/5895 x2 | cr=$0.40 settle=$0.00 | P&L=$+76 | eq=$71,173 | dist=5
2026-04-04 16:02:54 | DEBUG    | [20250529] TOUCH@15:53 PUT SPX=5904 | P 5905/5895 x4 | cr=$1.30 close=$1.75 | P&L=$-188
2026-04-04 16:02:54 | DEBUG    | [20250529] CALL SPX=5912->5912 | C 5920/5930 x3 | cr=$0.90 settle=$0.00 | P&L=$+264 | eq=$71,249 | dist=5
2026-04-04 16:02:54 | DEBUG    | [20250602] CALL SPX=5933->5936 | C 5940/5950 x2 | cr=$0.35 settle=$0.00 | P&L=$+66 | eq=$71,315 | dist=5
2026-04-04 16:02:54 | DEBUG    | [20250602] PUT SPX=5933->5936 | P 5925/5915 x2 | cr=$0.25 settle=$0.00 | P&L=$+46 | eq=$71,361 | dist=5
2026-04-04 16:02:54 | DEBUG    | [20250603] CALL SPX=5967->5970 | C 5975/5985 x3 | cr=$0.55 settle=$0.00 | P&L=$+159 | eq=$71,520 | dist=3
2026-04-04 16:02:54 | DEBUG    | [20250603] PUT SPX=5967->5970 | P 5960/5950 x2 | cr=$0.50 settle=$0.00 | P&L=$+96 | eq=$71,616 | dist=3
2026-04-04 16:02:54 | DEBUG    | [20250606] CALL SPX=6003->6000 | C 6010/6020 x2 | cr=$0.45 settle=$0.00 | P&L=$+86 | eq=$71,702 | dist=3
2026-04-04 16:02:54 | DEBUG    | [20250606] PUT SPX=6003->6000 | P 6000/5990 x3 | cr=$1.15 settle=$0.00 | P&L=$+339 | eq=$72,041 | dist=3
2026-04-04 16:02:54 | DEBUG    | [20250610] TOUCH@15:55 CALL SPX=6036 | C 6035/6045 x3 | cr=$1.15 close=$1.20 | P&L=$-21
2026-04-04 16:02:54 | DEBUG    | [20250610] PUT SPX=6032->6039 | P 6025/6015 x2 | cr=$0.45 settle=$0.00 | P&L=$+86 | eq=$72,106 | dist=3
2026-04-04 16:02:54 | DEBUG    | [20250612] TOUCH@15:57 CALL SPX=6041 | C 6040/6050 x3 | cr=$0.80 close=$0.60 | P&L=$+54
2026-04-04 16:02:54 | DEBUG    | [20250612] PUT SPX=6036->6045 | P 6030/6020 x3 | cr=$0.55 settle=$0.00 | P&L=$+159 | eq=$72,319 | dist=3
2026-04-04 16:02:54 | DEBUG    | [20250613] TOUCH@15:59 CALL SPX=5977 | C 5975/5985 x4 | cr=$1.40 close=$0.20 | P&L=$+472
2026-04-04 16:02:54 | DEBUG    | [20250613] PUT SPX=5971->5977 | P 5965/5955 x4 | cr=$1.30 settle=$0.00 | P&L=$+512 | eq=$73,303 | dist=3
2026-04-04 16:02:54 | DEBUG    | [20250616] CALL SPX=6028->6033 | C 6035/6045 x2 | cr=$0.50 settle=$0.00 | P&L=$+96 | eq=$73,399 | dist=3
2026-04-04 16:02:54 | DEBUG    | [20250616] PUT SPX=6028->6033 | P 6025/6015 x3 | cr=$1.10 settle=$0.00 | P&L=$+324 | eq=$73,723 | dist=3
2026-04-04 16:02:54 | DEBUG    | [20250617] CALL SPX=5988->5983 | C 5995/6005 x2 | cr=$0.40 settle=$0.00 | P&L=$+76 | eq=$73,799 | dist=3
2026-04-04 16:02:54 | DEBUG    | [20250617] PUT SPX=5988->5983 | P 5980/5970 x3 | cr=$0.55 settle=$0.00 | P&L=$+159 | eq=$73,958 | dist=3
2026-04-04 16:02:55 | DEBUG    | [20250620] TOUCH@15:55 CALL SPX=5970 | C 5970/5980 x2 | cr=$0.50 close=$0.65 | P&L=$-34
2026-04-04 16:02:55 | DEBUG    | [20250620] PUT SPX=5963->5968 | P 5955/5945 x2 | cr=$0.25 settle=$0.00 | P&L=$+46 | eq=$73,970 | dist=5
2026-04-04 16:02:55 | DEBUG    | [20250623] SKIP: Afternoon return=1.036% >= 1.0%
2026-04-04 16:02:55 | DEBUG    | [20250624] CALL SPX=6096->6092 | C 6100/6110 x3 | cr=$0.80 settle=$0.00 | P&L=$+234 | eq=$74,204 | dist=3
2026-04-04 16:02:55 | DEBUG    | [20250624] PUT SPX=6096->6092 | P 6090/6080 x1 | cr=$0.20 settle=$0.00 | P&L=$+18 | eq=$74,222 | dist=3
2026-04-04 16:02:55 | DEBUG    | [20250626] CALL SPX=6144->6141 | C 6150/6160 x1 | cr=$0.20 settle=$0.00 | P&L=$+18 | eq=$74,240 | dist=3
2026-04-04 16:02:55 | DEBUG    | [20250626] PUT SPX=6144->6141 | P 6140/6130 x3 | cr=$0.75 settle=$0.00 | P&L=$+219 | eq=$74,459 | dist=3
2026-04-04 16:02:55 | DEBUG    | [20250627] TOUCH@15:56 CALL SPX=6172 | C 6170/6180 x2 | cr=$0.45 close=$1.65 | P&L=$-244
2026-04-04 16:02:55 | DEBUG    | [20250627] PUT SPX=6162->6173 | P 6155/6145 x2 | cr=$0.50 settle=$0.00 | P&L=$+96 | eq=$74,311 | dist=5
2026-04-04 16:02:55 | DEBUG    | [20250701] CALL SPX=6203->6198 | C 6210/6220 x2 | cr=$0.25 settle=$0.00 | P&L=$+46 | eq=$74,357 | dist=3
2026-04-04 16:02:55 | DEBUG    | [20250701] PUT SPX=6203->6198 | P 6195/6185 x2 | cr=$0.30 settle=$0.00 | P&L=$+56 | eq=$74,413 | dist=3
2026-04-04 16:02:55 | DEBUG    | [20250707] TOUCH@15:59 CALL SPX=6231 | C 6230/6240 x2 | cr=$0.35 close=$0.30 | P&L=$+6
2026-04-04 16:02:55 | DEBUG    | [20250707] PUT SPX=6224->6230 | P 6215/6205 x1 | cr=$0.15 settle=$0.00 | P&L=$+13 | eq=$74,432 | dist=5
2026-04-04 16:02:55 | DEBUG    | [20250709] CALL SPX=6258->6263 | C 6265/6275 x2 | cr=$0.25 settle=$0.00 | P&L=$+46 | eq=$74,478 | dist=3
2026-04-04 16:02:55 | DEBUG    | [20250709] PUT SPX=6258->6263 | P 6250/6240 x1 | cr=$0.10 settle=$0.00 | P&L=$+8 | eq=$74,486 | dist=3
2026-04-04 16:02:55 | DEBUG    | [20250710] TOUCH@15:59 CALL SPX=6280 | C 6280/6290 x4 | cr=$1.45 close=$0.85 | P&L=$+232
2026-04-04 16:02:55 | DEBUG    | [20250710] PUT SPX=6277->6280 | P 6270/6260 x2 | cr=$0.50 settle=$0.00 | P&L=$+96 | eq=$74,814 | dist=3
2026-04-04 16:02:55 | DEBUG    | [20250714] TOUCH@15:58 CALL SPX=6270 | C 6270/6280 x2 | cr=$0.30 close=$0.30 | P&L=$-4
2026-04-04 16:02:55 | DEBUG    | [20250715] TOUCH@15:59 PUT SPX=6243 | P 6245/6235 x1 | cr=$0.20 close=$0.20 | P&L=$-2
2026-04-04 16:02:55 | DEBUG    | [20250715] CALL SPX=6252->6244 | C 6255/6265 x3 | cr=$0.90 settle=$0.00 | P&L=$+264 | eq=$75,072 | dist=3
2026-04-04 16:02:55 | DEBUG    | [20250716] CALL SPX=6262->6264 | C 6270/6280 x1 | cr=$0.15 settle=$0.00 | P&L=$+13 | eq=$75,085 | dist=5
2026-04-04 16:02:55 | DEBUG    | [20250716] PUT SPX=6262->6264 | P 6255/6245 x1 | cr=$0.15 settle=$0.00 | P&L=$+13 | eq=$75,098 | dist=5
2026-04-04 16:02:55 | DEBUG    | [20250723] CALL SPX=6354->6359 | C 6360/6370 x2 | cr=$0.25 settle=$0.00 | P&L=$+46 | eq=$75,144 | dist=3
2026-04-04 16:02:55 | DEBUG    | [20250723] PUT SPX=6354->6359 | P 6350/6340 x1 | cr=$0.20 settle=$0.00 | P&L=$+18 | eq=$75,162 | dist=3
2026-04-04 16:02:55 | DEBUG    | [20250729] CALL SPX=6370->6371 | C 6375/6385 x2 | cr=$0.35 settle=$0.00 | P&L=$+66 | eq=$75,228 | dist=3
2026-04-04 16:02:55 | DEBUG    | [20250729] PUT SPX=6370->6371 | P 6365/6355 x2 | cr=$0.45 settle=$0.00 | P&L=$+86 | eq=$75,314 | dist=3
2026-04-04 16:02:55 | DEBUG    | [20250731] TOUCH@15:59 CALL SPX=6342 | C 6340/6350 x4 | cr=$1.75 close=$0.75 | P&L=$+392
2026-04-04 16:02:55 | DEBUG    | [20250801] TOUCH@15:53 PUT SPX=6234 | P 6235/6225 x4 | cr=$1.45 close=$1.90 | P&L=$-188
2026-04-04 16:02:55 | DEBUG    | [20250801] CALL SPX=6241->6238 | C 6250/6260 x3 | cr=$0.75 settle=$0.00 | P&L=$+219 | eq=$75,737 | dist=5
2026-04-04 16:02:55 | DEBUG    | [20250804] TOUCH@15:57 CALL SPX=6330 | C 6330/6340 x2 | cr=$0.25 close=$0.75 | P&L=$-104
2026-04-04 16:02:55 | DEBUG    | [20250804] PUT SPX=6324->6330 | P 6320/6310 x3 | cr=$0.85 settle=$0.00 | P&L=$+249 | eq=$75,882 | dist=3
2026-04-04 16:02:55 | DEBUG    | [20250805] CALL SPX=6303->6299 | C 6310/6320 x2 | cr=$0.25 settle=$0.00 | P&L=$+46 | eq=$75,928 | dist=5
2026-04-04 16:02:55 | DEBUG    | [20250805] PUT SPX=6303->6299 | P 6295/6285 x1 | cr=$0.15 settle=$0.00 | P&L=$+13 | eq=$75,941 | dist=5
2026-04-04 16:02:55 | DEBUG    | [20250806] CALL SPX=6346->6345 | C 6350/6360 x3 | cr=$0.60 settle=$0.00 | P&L=$+174 | eq=$76,115 | dist=3
2026-04-04 16:02:55 | DEBUG    | [20250806] PUT SPX=6346->6345 | P 6340/6330 x1 | cr=$0.15 settle=$0.00 | P&L=$+13 | eq=$76,128 | dist=3
2026-04-04 16:02:55 | DEBUG    | [20250807] TOUCH@15:59 CALL SPX=6341 | C 6340/6350 x1 | cr=$0.10 close=$0.15 | P&L=$-7
2026-04-04 16:02:55 | DEBUG    | [20250807] PUT SPX=6330->6340 | P 6325/6315 x3 | cr=$0.65 settle=$0.00 | P&L=$+189 | eq=$76,310 | dist=5
2026-04-04 16:02:55 | DEBUG    | [20250808] TOUCH@15:59 CALL SPX=6390 | C 6390/6400 x3 | cr=$0.55 close=$0.70 | P&L=$-51
2026-04-04 16:02:55 | DEBUG    | [20250808] PUT SPX=6385->6390 | P 6380/6370 x2 | cr=$0.40 settle=$0.00 | P&L=$+76 | eq=$76,335 | dist=3
2026-04-04 16:02:55 | DEBUG    | [20250811] CALL SPX=6369->6374 | C 6375/6385 x3 | cr=$0.80 settle=$0.00 | P&L=$+234 | eq=$76,569 | dist=3
2026-04-04 16:02:55 | DEBUG    | [20250811] PUT SPX=6369->6374 | P 6365/6355 x3 | cr=$1.05 settle=$0.00 | P&L=$+309 | eq=$76,878 | dist=3
2026-04-04 16:02:55 | DEBUG    | [20250812] CALL SPX=6445->6446 | C 6450/6460 x2 | cr=$0.35 settle=$0.00 | P&L=$+66 | eq=$76,944 | dist=5
2026-04-04 16:02:55 | DEBUG    | [20250813] CALL SPX=6464->6467 | C 6470/6480 x2 | cr=$0.20 settle=$0.00 | P&L=$+36 | eq=$76,980 | dist=3
2026-04-04 16:02:55 | DEBUG    | [20250813] PUT SPX=6464->6467 | P 6460/6450 x2 | cr=$0.45 settle=$0.00 | P&L=$+86 | eq=$77,066 | dist=3
2026-04-04 16:02:55 | DEBUG    | [20250814] CALL SPX=6470->6469 | C 6475/6485 x2 | cr=$0.35 settle=$0.00 | P&L=$+66 | eq=$77,132 | dist=3
2026-04-04 16:02:55 | DEBUG    | [20250814] PUT SPX=6470->6469 | P 6465/6455 x2 | cr=$0.25 settle=$0.00 | P&L=$+46 | eq=$77,178 | dist=3
2026-04-04 16:02:55 | DEBUG    | [20250815] CALL SPX=6451->6450 | C 6455/6465 x3 | cr=$1.05 settle=$0.00 | P&L=$+309 | eq=$77,487 | dist=3
2026-04-04 16:02:55 | DEBUG    | [20250815] PUT SPX=6451->6450 | P 6445/6435 x3 | cr=$0.60 settle=$0.00 | P&L=$+174 | eq=$77,661 | dist=3
2026-04-04 16:02:55 | DEBUG    | [20250819] TOUCH@15:59 CALL SPX=6412 | C 6410/6420 x2 | cr=$0.30 close=$0.35 | P&L=$-14
2026-04-04 16:02:55 | DEBUG    | [20250820] CALL SPX=6400->6396 | C 6405/6415 x2 | cr=$0.50 settle=$0.00 | P&L=$+96 | eq=$77,743 | dist=5
2026-04-04 16:02:55 | DEBUG    | [20250820] PUT SPX=6400->6396 | P 6390/6380 x1 | cr=$0.15 settle=$0.00 | P&L=$+13 | eq=$77,756 | dist=5
2026-04-04 16:02:55 | DEBUG    | [20250821] CALL SPX=6371->6370 | C 6375/6385 x3 | cr=$0.80 settle=$0.00 | P&L=$+234 | eq=$77,990 | dist=3
2026-04-04 16:02:55 | DEBUG    | [20250821] PUT SPX=6371->6370 | P 6365/6355 x2 | cr=$0.30 settle=$0.00 | P&L=$+56 | eq=$78,046 | dist=3
2026-04-04 16:02:55 | DEBUG    | [20250822] CALL SPX=6467->6467 | C 6475/6485 x1 | cr=$0.15 settle=$0.00 | P&L=$+13 | eq=$78,059 | dist=5
2026-04-04 16:02:55 | DEBUG    | [20250822] PUT SPX=6467->6467 | P 6460/6450 x1 | cr=$0.20 settle=$0.00 | P&L=$+18 | eq=$78,077 | dist=5
2026-04-04 16:02:55 | DEBUG    | [20250826] TOUCH@15:56 CALL SPX=6466 | C 6465/6475 x3 | cr=$0.85 close=$1.40 | P&L=$-171
2026-04-04 16:02:55 | DEBUG    | [20250826] PUT SPX=6462->6466 | P 6455/6445 x2 | cr=$0.30 settle=$0.00 | P&L=$+56 | eq=$77,962 | dist=3
2026-04-04 16:02:55 | DEBUG    | [20250828] CALL SPX=6504->6502 | C 6510/6520 x2 | cr=$0.25 settle=$0.00 | P&L=$+46 | eq=$78,008 | dist=3
2026-04-04 16:02:55 | DEBUG    | [20250828] PUT SPX=6504->6502 | P 6500/6490 x2 | cr=$0.30 settle=$0.00 | P&L=$+56 | eq=$78,064 | dist=3
2026-04-04 16:02:55 | DEBUG    | [20250829] TOUCH@15:59 CALL SPX=6462 | C 6460/6470 x3 | cr=$0.90 close=$1.05 | P&L=$-51
2026-04-04 16:02:55 | DEBUG    | [20250829] PUT SPX=6453->6460 | P 6450/6440 x4 | cr=$1.70 settle=$0.00 | P&L=$+672 | eq=$78,685 | dist=3
2026-04-04 16:02:55 | DEBUG    | [20250902] CALL SPX=6412->6416 | C 6420/6430 x2 | cr=$0.30 settle=$0.00 | P&L=$+56 | eq=$78,741 | dist=3
2026-04-04 16:02:55 | DEBUG    | [20250902] PUT SPX=6412->6416 | P 6405/6395 x2 | cr=$0.45 settle=$0.00 | P&L=$+86 | eq=$78,827 | dist=3
2026-04-04 16:02:55 | DEBUG    | [20250903] TOUCH@15:59 CALL SPX=6448 | C 6445/6455 x2 | cr=$0.50 close=$0.25 | P&L=$+46
2026-04-04 16:02:55 | DEBUG    | [20250903] PUT SPX=6440->6448 | P 6435/6425 x3 | cr=$0.55 settle=$0.00 | P&L=$+159 | eq=$79,032 | dist=3
2026-04-04 16:02:55 | DEBUG    | [20250904] TOUCH@15:56 CALL SPX=6500 | C 6500/6510 x2 | cr=$0.35 close=$0.60 | P&L=$-54
2026-04-04 16:02:55 | DEBUG    | [20250904] PUT SPX=6495->6502 | P 6490/6480 x2 | cr=$0.25 settle=$0.00 | P&L=$+46 | eq=$79,024 | dist=3
2026-04-04 16:02:55 | DEBUG    | [20250905] TOUCH@15:59 CALL SPX=6482 | C 6480/6490 x3 | cr=$0.85 close=$0.50 | P&L=$+99
2026-04-04 16:02:55 | DEBUG    | [20250905] PUT SPX=6475->6482 | P 6465/6455 x2 | cr=$0.30 settle=$0.00 | P&L=$+56 | eq=$79,179 | dist=5
2026-04-04 16:02:55 | DEBUG    | [20250909] TOUCH@15:55 CALL SPX=6518 | C 6515/6525 x3 | cr=$0.60 close=$1.05 | P&L=$-141
2026-04-04 16:02:55 | DEBUG    | [20250910] TOUCH@15:56 CALL SPX=6535 | C 6535/6545 x3 | cr=$1.00 close=$1.60 | P&L=$-186
2026-04-04 16:02:55 | DEBUG    | [20250910] PUT SPX=6531->6532 | P 6525/6515 x2 | cr=$0.50 settle=$0.00 | P&L=$+96 | eq=$78,948 | dist=3
2026-04-04 16:02:55 | DEBUG    | [20250911] CALL SPX=6592->6587 | C 6595/6605 x3 | cr=$0.90 settle=$0.00 | P&L=$+264 | eq=$79,212 | dist=3
2026-04-04 16:02:55 | DEBUG    | [20250911] PUT SPX=6592->6587 | P 6585/6575 x1 | cr=$0.20 settle=$0.00 | P&L=$+18 | eq=$79,230 | dist=3
2026-04-04 16:02:55 | DEBUG    | [20250917] CALL SPX=6598->6600 | C 6605/6615 x3 | cr=$1.15 settle=$0.00 | P&L=$+339 | eq=$79,569 | dist=5
2026-04-04 16:02:55 | DEBUG    | [20250917] PUT SPX=6598->6600 | P 6590/6580 x3 | cr=$0.95 settle=$0.00 | P&L=$+279 | eq=$79,848 | dist=5
2026-04-04 16:02:55 | DEBUG    | [20250918] CALL SPX=6634->6632 | C 6640/6650 x2 | cr=$0.25 settle=$0.00 | P&L=$+46 | eq=$79,894 | dist=3
2026-04-04 16:02:55 | DEBUG    | [20250918] PUT SPX=6634->6632 | P 6630/6620 x3 | cr=$0.65 settle=$0.00 | P&L=$+189 | eq=$80,083 | dist=3
2026-04-04 16:02:55 | DEBUG    | [20250919] CALL SPX=6668->6664 | C 6675/6685 x2 | cr=$0.30 settle=$0.00 | P&L=$+56 | eq=$80,139 | dist=3
2026-04-04 16:02:55 | DEBUG    | [20250919] PUT SPX=6668->6664 | P 6660/6650 x2 | cr=$0.20 settle=$0.00 | P&L=$+36 | eq=$80,175 | dist=3
2026-04-04 16:02:55 | DEBUG    | [20250922] TOUCH@15:59 PUT SPX=6694 | P 6695/6685 x2 | cr=$0.40 close=$0.50 | P&L=$-24
2026-04-04 16:02:55 | DEBUG    | [20250923] CALL SPX=6658->6657 | C 6665/6675 x2 | cr=$0.35 settle=$0.00 | P&L=$+66 | eq=$80,217 | dist=3
2026-04-04 16:02:55 | DEBUG    | [20250923] PUT SPX=6658->6657 | P 6655/6645 x4 | cr=$1.35 settle=$0.00 | P&L=$+532 | eq=$80,749 | dist=3
2026-04-04 16:02:55 | DEBUG    | [20250924] CALL SPX=6638->6638 | C 6645/6655 x1 | cr=$0.15 settle=$0.00 | P&L=$+13 | eq=$80,762 | dist=3
2026-04-04 16:02:55 | DEBUG    | [20250924] PUT SPX=6638->6638 | P 6630/6620 x1 | cr=$0.15 settle=$0.00 | P&L=$+13 | eq=$80,775 | dist=3
2026-04-04 16:02:55 | DEBUG    | [20250925] CALL SPX=6601->6605 | C 6605/6615 x3 | cr=$0.75 settle=$0.00 | P&L=$+219 | eq=$80,994 | dist=3
2026-04-04 16:02:55 | DEBUG    | [20250925] PUT SPX=6601->6605 | P 6595/6585 x3 | cr=$0.60 settle=$0.00 | P&L=$+174 | eq=$81,168 | dist=3
2026-04-04 16:02:55 | DEBUG    | [20250926] CALL SPX=6638->6644 | C 6645/6655 x2 | cr=$0.20 settle=$0.00 | P&L=$+36 | eq=$81,204 | dist=3
2026-04-04 16:02:55 | DEBUG    | [20250926] PUT SPX=6638->6644 | P 6635/6625 x3 | cr=$0.55 settle=$0.00 | P&L=$+159 | eq=$81,363 | dist=3
2026-04-04 16:02:56 | DEBUG    | [20250930] TOUCH@15:53 CALL SPX=6690 | C 6690/6700 x4 | cr=$1.75 close=$2.70 | P&L=$-388
2026-04-04 16:02:56 | DEBUG    | [20250930] PUT SPX=6686->6688 | P 6680/6670 x3 | cr=$0.95 settle=$0.00 | P&L=$+279 | eq=$81,254 | dist=3
2026-04-04 16:02:56 | DEBUG    | [20251001] CALL SPX=6714->6711 | C 6720/6730 x2 | cr=$0.25 settle=$0.00 | P&L=$+46 | eq=$81,300 | dist=5
2026-04-04 16:02:56 | DEBUG    | [20251002] CALL SPX=6717->6715 | C 6720/6730 x3 | cr=$0.55 settle=$0.00 | P&L=$+159 | eq=$81,459 | dist=3
2026-04-04 16:02:56 | DEBUG    | [20251003] CALL SPX=6720->6716 | C 6725/6735 x3 | cr=$0.60 settle=$0.00 | P&L=$+174 | eq=$81,633 | dist=3
2026-04-04 16:02:56 | DEBUG    | [20251003] PUT SPX=6720->6716 | P 6715/6705 x3 | cr=$0.80 settle=$0.00 | P&L=$+234 | eq=$81,867 | dist=3
2026-04-04 16:02:56 | DEBUG    | [20251007] CALL SPX=6716->6715 | C 6720/6730 x2 | cr=$0.45 settle=$0.00 | P&L=$+86 | eq=$81,953 | dist=3
2026-04-04 16:02:56 | DEBUG    | [20251007] PUT SPX=6716->6715 | P 6710/6700 x1 | cr=$0.15 settle=$0.00 | P&L=$+13 | eq=$81,966 | dist=3
2026-04-04 16:02:56 | DEBUG    | [20251009] CALL SPX=6735->6735 | C 6740/6750 x2 | cr=$0.25 settle=$0.00 | P&L=$+46 | eq=$82,012 | dist=3
2026-04-04 16:02:56 | DEBUG    | [20251009] PUT SPX=6735->6735 | P 6730/6720 x1 | cr=$0.15 settle=$0.00 | P&L=$+13 | eq=$82,025 | dist=3
2026-04-04 16:02:56 | DEBUG    | [20251013] CALL SPX=6656->6655 | C 6660/6670 x3 | cr=$0.70 settle=$0.00 | P&L=$+204 | eq=$82,229 | dist=3
2026-04-04 16:02:56 | DEBUG    | [20251013] PUT SPX=6656->6655 | P 6650/6640 x2 | cr=$0.50 settle=$0.00 | P&L=$+96 | eq=$82,325 | dist=3
2026-04-04 16:02:56 | DEBUG    | [20251015] TOUCH@15:59 CALL SPX=6672 | C 6670/6680 x2 | cr=$0.35 close=$1.05 | P&L=$-144
2026-04-04 16:02:56 | DEBUG    | [20251015] PUT SPX=6661->6671 | P 6655/6645 x4 | cr=$1.30 settle=$0.00 | P&L=$+512 | eq=$82,693 | dist=5
2026-04-04 16:02:56 | DEBUG    | [20251016] CALL SPX=6626->6629 | C 6640/6650 x2 | cr=$0.45 settle=$0.00 | P&L=$+86 | eq=$82,779 | dist=10
2026-04-04 16:02:56 | DEBUG    | [20251016] PUT SPX=6626->6629 | P 6615/6605 x3 | cr=$0.75 settle=$0.00 | P&L=$+219 | eq=$82,998 | dist=10
2026-04-04 16:02:56 | DEBUG    | [20251017] PUT SPX=6665->6664 | P 6655/6645 x1 | cr=$0.20 settle=$0.00 | P&L=$+18 | eq=$83,016 | dist=10
2026-04-04 16:02:56 | DEBUG    | [20251020] CALL SPX=6741->6735 | C 6745/6755 x3 | cr=$0.55 settle=$0.00 | P&L=$+159 | eq=$83,175 | dist=3
2026-04-04 16:02:56 | DEBUG    | [20251022] CALL SPX=6702->6699 | C 6710/6720 x2 | cr=$0.25 settle=$0.00 | P&L=$+46 | eq=$83,221 | dist=5
2026-04-04 16:02:56 | DEBUG    | [20251022] PUT SPX=6702->6699 | P 6695/6685 x2 | cr=$0.35 settle=$0.00 | P&L=$+66 | eq=$83,287 | dist=5
2026-04-04 16:02:56 | DEBUG    | [20251023] CALL SPX=6736->6738 | C 6740/6750 x3 | cr=$0.80 settle=$0.00 | P&L=$+234 | eq=$83,521 | dist=3
2026-04-04 16:02:56 | DEBUG    | [20251023] PUT SPX=6736->6738 | P 6730/6720 x2 | cr=$0.35 settle=$0.00 | P&L=$+66 | eq=$83,587 | dist=3
2026-04-04 16:02:56 | DEBUG    | [20251024] TOUCH@15:56 PUT SPX=6794 | P 6795/6785 x2 | cr=$0.30 close=$0.70 | P&L=$-84
2026-04-04 16:02:56 | DEBUG    | [20251024] CALL SPX=6799->6792 | C 6805/6815 x2 | cr=$0.20 settle=$0.00 | P&L=$+36 | eq=$83,539 | dist=3
2026-04-04 16:02:56 | DEBUG    | [20251028] CALL SPX=6895->6891 | C 6900/6910 x2 | cr=$0.45 settle=$0.00 | P&L=$+86 | eq=$83,625 | dist=3
2026-04-04 16:02:56 | DEBUG    | [20251028] PUT SPX=6895->6891 | P 6890/6880 x2 | cr=$0.35 settle=$0.00 | P&L=$+66 | eq=$83,691 | dist=3
2026-04-04 16:02:56 | DEBUG    | [20251030] TOUCH@15:56 PUT SPX=6824 | P 6825/6815 x3 | cr=$1.15 close=$2.55 | P&L=$-426
2026-04-04 16:02:56 | DEBUG    | [20251030] CALL SPX=6830->6822 | C 6835/6845 x4 | cr=$1.50 settle=$0.00 | P&L=$+592 | eq=$83,857 | dist=3
2026-04-04 16:02:56 | DEBUG    | [20251031] TOUCH@15:54 PUT SPX=6852 | P 6855/6845 x3 | cr=$0.60 close=$1.25 | P&L=$-201
2026-04-04 16:02:56 | DEBUG    | [20251031] CALL SPX=6861->6840 | C 6870/6880 x2 | cr=$0.45 settle=$0.00 | P&L=$+86 | eq=$83,742 | dist=5
2026-04-04 16:02:56 | DEBUG    | [20251103] CALL SPX=6847->6852 | C 6855/6865 x1 | cr=$0.15 settle=$0.00 | P&L=$+13 | eq=$83,755 | dist=5
2026-04-04 16:02:56 | DEBUG    | [20251103] PUT SPX=6847->6852 | P 6840/6830 x2 | cr=$0.40 settle=$0.00 | P&L=$+76 | eq=$83,831 | dist=5
2026-04-04 16:02:56 | DEBUG    | [20251104] CALL SPX=6771->6772 | C 6775/6785 x4 | cr=$1.25 settle=$0.00 | P&L=$+492 | eq=$84,323 | dist=3
2026-04-04 16:02:56 | DEBUG    | [20251104] PUT SPX=6771->6772 | P 6765/6755 x3 | cr=$0.90 settle=$0.00 | P&L=$+264 | eq=$84,587 | dist=3
2026-04-04 16:02:56 | DEBUG    | [20251105] TOUCH@15:57 PUT SPX=6798 | P 6805/6795 x2 | cr=$0.45 close=$1.15 | P&L=$-144
2026-04-04 16:02:56 | DEBUG    | [20251105] CALL SPX=6811->6796 | C 6820/6830 x1 | cr=$0.15 settle=$0.00 | P&L=$+13 | eq=$84,456 | dist=5
2026-04-04 16:02:56 | DEBUG    | [20251106] CALL SPX=6727->6720 | C 6735/6745 x2 | cr=$0.50 settle=$0.00 | P&L=$+96 | eq=$84,552 | dist=5
2026-04-04 16:02:56 | DEBUG    | [20251106] PUT SPX=6727->6720 | P 6720/6710 x3 | cr=$0.55 settle=$0.00 | P&L=$+159 | eq=$84,711 | dist=5
2026-04-04 16:02:56 | DEBUG    | [20251107] TOUCH@15:57 CALL SPX=6726 | C 6725/6735 x2 | cr=$0.50 close=$1.55 | P&L=$-214
2026-04-04 16:02:56 | DEBUG    | [20251107] PUT SPX=6716->6729 | P 6710/6700 x3 | cr=$1.10 settle=$0.00 | P&L=$+324 | eq=$84,821 | dist=5
2026-04-04 16:02:56 | DEBUG    | [20251110] CALL SPX=6835->6832 | C 6845/6855 x1 | cr=$0.10 settle=$0.00 | P&L=$+8 | eq=$84,829 | dist=5
2026-04-04 16:02:56 | DEBUG    | [20251110] PUT SPX=6835->6832 | P 6830/6820 x2 | cr=$0.50 settle=$0.00 | P&L=$+96 | eq=$84,925 | dist=5
2026-04-04 16:02:56 | DEBUG    | [20251111] TOUCH@15:58 PUT SPX=6844 | P 6845/6835 x2 | cr=$0.25 close=$0.95 | P&L=$-144
2026-04-04 16:02:56 | DEBUG    | [20251111] CALL SPX=6850->6847 | C 6855/6865 x2 | cr=$0.45 settle=$0.00 | P&L=$+86 | eq=$84,867 | dist=3
2026-04-04 16:02:56 | DEBUG    | [20251112] TOUCH@15:54 PUT SPX=6853 | P 6855/6845 x3 | cr=$0.60 close=$1.10 | P&L=$-156
2026-04-04 16:02:56 | DEBUG    | [20251112] CALL SPX=6860->6851 | C 6865/6875 x2 | cr=$0.40 settle=$0.00 | P&L=$+76 | eq=$84,787 | dist=3
2026-04-04 16:02:56 | DEBUG    | [20251113] TOUCH@15:53 PUT SPX=6730 | P 6735/6725 x3 | cr=$0.65 close=$2.50 | P&L=$-561
2026-04-04 16:02:56 | DEBUG    | [20251113] CALL SPX=6743->6738 | C 6750/6760 x3 | cr=$0.80 settle=$0.00 | P&L=$+234 | eq=$84,460 | dist=5
2026-04-04 16:02:56 | DEBUG    | [20251114] CALL SPX=6738->6734 | C 6745/6755 x3 | cr=$0.80 settle=$0.00 | P&L=$+234 | eq=$84,694 | dist=5
2026-04-04 16:02:56 | DEBUG    | [20251114] PUT SPX=6738->6734 | P 6730/6720 x3 | cr=$0.75 settle=$0.00 | P&L=$+219 | eq=$84,913 | dist=5
2026-04-04 16:02:56 | DEBUG    | [20251117] CALL SPX=6667->6672 | C 6680/6690 x1 | cr=$0.15 settle=$0.00 | P&L=$+13 | eq=$84,926 | dist=10
2026-04-04 16:02:56 | DEBUG    | [20251117] PUT SPX=6667->6672 | P 6655/6645 x1 | cr=$0.20 settle=$0.00 | P&L=$+18 | eq=$84,944 | dist=10
2026-04-04 16:02:56 | DEBUG    | [20251118] TOUCH@15:57 PUT SPX=6624 | P 6625/6615 x3 | cr=$0.60 close=$2.20 | P&L=$-486
2026-04-04 16:02:56 | DEBUG    | [20251118] CALL SPX=6635->6617 | C 6650/6660 x1 | cr=$0.15 settle=$0.00 | P&L=$+13 | eq=$84,471 | dist=10
2026-04-04 16:02:56 | DEBUG    | [20251119] CALL SPX=6646->6642 | C 6660/6670 x2 | cr=$0.40 settle=$0.00 | P&L=$+76 | eq=$84,547 | dist=10
2026-04-04 16:02:56 | DEBUG    | [20251119] PUT SPX=6646->6642 | P 6635/6625 x3 | cr=$0.65 settle=$0.00 | P&L=$+189 | eq=$84,736 | dist=10
2026-04-04 16:02:56 | DEBUG    | [20251120] SKIP: VIX(15:50)=26.5 > 26.0
2026-04-04 16:02:56 | DEBUG    | [20251121] TOUCH@15:57 PUT SPX=6598 | P 6600/6590 x3 | cr=$0.65 close=$2.45 | P&L=$-546
2026-04-04 16:02:56 | DEBUG    | [20251121] CALL SPX=6612->6603 | C 6625/6635 x2 | cr=$0.30 settle=$0.00 | P&L=$+56 | eq=$84,246 | dist=10
2026-04-04 16:02:56 | DEBUG    | [20251124] TOUCH@15:53 CALL SPX=6711 | C 6710/6720 x2 | cr=$0.40 close=$0.40 | P&L=$-4
2026-04-04 16:02:56 | DEBUG    | [20251124] PUT SPX=6703->6705 | P 6695/6685 x2 | cr=$0.30 settle=$0.00 | P&L=$+56 | eq=$84,298 | dist=5
2026-04-04 16:02:56 | DEBUG    | [20251125] CALL SPX=6773->6766 | C 6780/6790 x2 | cr=$0.40 settle=$0.00 | P&L=$+76 | eq=$84,374 | dist=5
2026-04-04 16:02:56 | DEBUG    | [20251125] PUT SPX=6773->6766 | P 6765/6755 x2 | cr=$0.25 settle=$0.00 | P&L=$+46 | eq=$84,420 | dist=5
2026-04-04 16:02:56 | DEBUG    | [20251126] CALL SPX=6818->6813 | C 6825/6835 x1 | cr=$0.15 settle=$0.00 | P&L=$+13 | eq=$84,433 | dist=3
2026-04-04 16:02:56 | DEBUG    | [20251126] PUT SPX=6818->6813 | P 6810/6800 x2 | cr=$0.25 settle=$0.00 | P&L=$+46 | eq=$84,479 | dist=3
2026-04-04 16:02:56 | DEBUG    | [20251201] TOUCH@15:56 PUT SPX=6808 | P 6810/6800 x3 | cr=$0.60 close=$1.45 | P&L=$-261
2026-04-04 16:02:56 | DEBUG    | [20251201] CALL SPX=6817->6813 | C 6820/6830 x3 | cr=$1.10 settle=$0.00 | P&L=$+324 | eq=$84,542 | dist=3
2026-04-04 16:02:56 | DEBUG    | [20251202] TOUCH@15:54 PUT SPX=6829 | P 6830/6820 x3 | cr=$0.80 close=$1.00 | P&L=$-66
2026-04-04 16:02:56 | DEBUG    | [20251202] CALL SPX=6835->6829 | C 6840/6850 x3 | cr=$0.75 settle=$0.00 | P&L=$+219 | eq=$84,695 | dist=3
2026-04-04 16:02:56 | DEBUG    | [20251203] CALL SPX=6854->6850 | C 6860/6870 x2 | cr=$0.25 settle=$0.00 | P&L=$+46 | eq=$84,741 | dist=3
2026-04-04 16:02:56 | DEBUG    | [20251203] PUT SPX=6854->6850 | P 6850/6840 x3 | cr=$0.75 settle=$0.00 | P&L=$+219 | eq=$84,960 | dist=3
2026-04-04 16:02:56 | DEBUG    | [20251204] TOUCH@15:59 CALL SPX=6858 | C 6855/6865 x2 | cr=$0.50 close=$0.15 | P&L=$+66
2026-04-04 16:02:56 | DEBUG    | [20251204] PUT SPX=6851->6857 | P 6845/6835 x2 | cr=$0.40 settle=$0.00 | P&L=$+76 | eq=$85,102 | dist=3
2026-04-04 16:02:56 | DEBUG    | [20251205] TOUCH@15:53 CALL SPX=6866 | C 6865/6875 x2 | cr=$0.50 close=$1.00 | P&L=$-104
2026-04-04 16:02:56 | DEBUG    | [20251205] PUT SPX=6858->6870 | P 6855/6845 x4 | cr=$1.30 settle=$0.00 | P&L=$+512 | eq=$85,510 | dist=3
2026-04-04 16:02:56 | DEBUG    | [20251208] TOUCH@15:59 CALL SPX=6848 | C 6845/6855 x2 | cr=$0.35 close=$0.05 | P&L=$+56
2026-04-04 16:02:56 | DEBUG    | [20251208] PUT SPX=6839->6847 | P 6835/6825 x3 | cr=$0.95 settle=$0.00 | P&L=$+279 | eq=$85,845 | dist=3
2026-04-04 16:02:56 | DEBUG    | [20251210] CALL SPX=6890->6887 | C 6895/6905 x4 | cr=$1.30 settle=$0.00 | P&L=$+512 | eq=$86,357 | dist=5
2026-04-04 16:02:56 | DEBUG    | [20251210] PUT SPX=6890->6887 | P 6885/6875 x3 | cr=$1.05 settle=$0.00 | P&L=$+309 | eq=$86,666 | dist=5
2026-04-04 16:02:56 | DEBUG    | [20251211] TOUCH@15:56 PUT SPX=6894 | P 6895/6885 x2 | cr=$0.40 close=$1.25 | P&L=$-174
2026-04-04 16:02:56 | DEBUG    | [20251211] CALL SPX=6901->6901 | C 6910/6920 x1 | cr=$0.15 settle=$0.00 | P&L=$+13 | eq=$86,505 | dist=5
2026-04-04 16:02:56 | DEBUG    | [20251212] CALL SPX=6825->6827 | C 6835/6845 x2 | cr=$0.40 settle=$0.00 | P&L=$+76 | eq=$86,581 | dist=5
2026-04-04 16:02:56 | DEBUG    | [20251212] PUT SPX=6825->6827 | P 6820/6810 x3 | cr=$0.75 settle=$0.00 | P&L=$+219 | eq=$86,800 | dist=5
2026-04-04 16:02:56 | DEBUG    | [20251215] CALL SPX=6822->6816 | C 6830/6840 x1 | cr=$0.15 settle=$0.00 | P&L=$+13 | eq=$86,813 | dist=5
2026-04-04 16:02:56 | DEBUG    | [20251215] PUT SPX=6822->6816 | P 6815/6805 x2 | cr=$0.30 settle=$0.00 | P&L=$+56 | eq=$86,869 | dist=5
2026-04-04 16:02:56 | DEBUG    | [20251216] TOUCH@15:59 PUT SPX=6799 | P 6805/6795 x3 | cr=$0.65 close=$1.15 | P&L=$-156
2026-04-04 16:02:56 | DEBUG    | [20251216] CALL SPX=6810->6800 | C 6820/6830 x1 | cr=$0.15 settle=$0.00 | P&L=$+13 | eq=$86,726 | dist=5
2026-04-04 16:02:56 | DEBUG    | [20251217] CALL SPX=6728->6722 | C 6735/6745 x2 | cr=$0.50 settle=$0.00 | P&L=$+96 | eq=$86,822 | dist=5
2026-04-04 16:02:56 | DEBUG    | [20251217] PUT SPX=6728->6722 | P 6720/6710 x2 | cr=$0.35 settle=$0.00 | P&L=$+66 | eq=$86,888 | dist=5
2026-04-04 16:02:56 | DEBUG    | [20251218] TOUCH@15:58 PUT SPX=6774 | P 6775/6765 x2 | cr=$0.45 close=$0.45 | P&L=$-4
2026-04-04 16:02:56 | DEBUG    | [20251218] CALL SPX=6784->6775 | C 6790/6800 x3 | cr=$1.00 settle=$0.00 | P&L=$+294 | eq=$87,178 | dist=5
2026-04-04 16:02:56 | DEBUG    | [20251219] CALL SPX=6831->6835 | C 6835/6845 x3 | cr=$1.20 settle=$0.00 | P&L=$+354 | eq=$87,532 | dist=3
2026-04-04 16:02:56 | DEBUG    | [20251219] PUT SPX=6831->6835 | P 6825/6815 x2 | cr=$0.50 settle=$0.00 | P&L=$+96 | eq=$87,628 | dist=3
2026-04-04 16:02:56 | DEBUG    | [20251223] TOUCH@15:58 CALL SPX=6910 | C 6910/6920 x2 | cr=$0.35 close=$0.55 | P&L=$-44
2026-04-04 16:02:56 | DEBUG    | [20251229] CALL SPX=6907->6906 | C 6910/6920 x2 | cr=$0.40 settle=$0.00 | P&L=$+76 | eq=$87,660 | dist=3
2026-04-04 16:02:56 | DEBUG    | [20260102] CALL SPX=6852->6858 | C 6860/6870 x1 | cr=$0.15 settle=$0.00 | P&L=$+13 | eq=$87,673 | dist=5
2026-04-04 16:02:56 | DEBUG    | [20260102] PUT SPX=6852->6858 | P 6845/6835 x2 | cr=$0.30 settle=$0.00 | P&L=$+56 | eq=$87,729 | dist=5
2026-04-04 16:02:56 | DEBUG    | [20260106] CALL SPX=6947->6945 | C 6950/6960 x2 | cr=$0.40 settle=$0.00 | P&L=$+76 | eq=$87,805 | dist=3
2026-04-04 16:02:56 | DEBUG    | [20260107] CALL SPX=6923->6921 | C 6930/6940 x2 | cr=$0.25 settle=$0.00 | P&L=$+46 | eq=$87,851 | dist=3
2026-04-04 16:02:56 | DEBUG    | [20260107] PUT SPX=6923->6921 | P 6915/6905 x2 | cr=$0.25 settle=$0.00 | P&L=$+46 | eq=$87,897 | dist=3
2026-04-04 16:02:57 | DEBUG    | [20260112] PUT SPX=6979->6977 | P 6975/6965 x2 | cr=$0.30 settle=$0.00 | P&L=$+56 | eq=$87,953 | dist=3
2026-04-04 16:02:57 | DEBUG    | [20260113] TOUCH@15:57 CALL SPX=6962 | C 6960/6970 x1 | cr=$0.15 close=$1.50 | P&L=$-137
2026-04-04 16:02:57 | DEBUG    | [20260113] PUT SPX=6953->6964 | P 6945/6935 x2 | cr=$0.20 settle=$0.00 | P&L=$+36 | eq=$87,852 | dist=3
2026-04-04 16:02:57 | DEBUG    | [20260114] TOUCH@15:54 CALL SPX=6921 | C 6920/6930 x4 | cr=$1.40 close=$2.15 | P&L=$-308
2026-04-04 16:02:57 | DEBUG    | [20260114] PUT SPX=6916->6927 | P 6910/6900 x3 | cr=$0.70 settle=$0.00 | P&L=$+204 | eq=$87,748 | dist=3
2026-04-04 16:02:57 | DEBUG    | [20260115] CALL SPX=6943->6944 | C 6950/6960 x2 | cr=$0.40 settle=$0.00 | P&L=$+76 | eq=$87,824 | dist=3
2026-04-04 16:02:57 | DEBUG    | [20260115] PUT SPX=6943->6944 | P 6935/6925 x2 | cr=$0.50 settle=$0.00 | P&L=$+96 | eq=$87,920 | dist=3
2026-04-04 16:02:57 | DEBUG    | [20260116] CALL SPX=6948->6940 | C 6955/6965 x2 | cr=$0.20 settle=$0.00 | P&L=$+36 | eq=$87,956 | dist=3
2026-04-04 16:02:57 | DEBUG    | [20260120] CALL SPX=6796->6797 | C 6810/6820 x1 | cr=$0.10 settle=$0.00 | P&L=$+8 | eq=$87,964 | dist=10
2026-04-04 16:02:57 | DEBUG    | [20260120] PUT SPX=6796->6797 | P 6785/6775 x2 | cr=$0.30 settle=$0.00 | P&L=$+56 | eq=$88,020 | dist=10
2026-04-04 16:02:57 | DEBUG    | [20260121] CALL SPX=6871->6876 | C 6880/6890 x2 | cr=$0.25 settle=$0.00 | P&L=$+46 | eq=$88,066 | dist=5
2026-04-04 16:02:57 | DEBUG    | [20260121] PUT SPX=6871->6876 | P 6865/6855 x3 | cr=$0.85 settle=$0.00 | P&L=$+249 | eq=$88,315 | dist=5
2026-04-04 16:02:57 | DEBUG    | [20260122] CALL SPX=6912->6913 | C 6915/6925 x3 | cr=$1.00 settle=$0.00 | P&L=$+294 | eq=$88,609 | dist=3
2026-04-04 16:02:57 | DEBUG    | [20260122] PUT SPX=6912->6913 | P 6905/6895 x2 | cr=$0.30 settle=$0.00 | P&L=$+56 | eq=$88,665 | dist=3
2026-04-04 16:02:57 | DEBUG    | [20260123] CALL SPX=6913->6916 | C 6920/6930 x2 | cr=$0.20 settle=$0.00 | P&L=$+36 | eq=$88,701 | dist=3
2026-04-04 16:02:57 | DEBUG    | [20260123] PUT SPX=6913->6916 | P 6910/6900 x3 | cr=$0.75 settle=$0.00 | P&L=$+219 | eq=$88,920 | dist=3
2026-04-04 16:02:57 | DEBUG    | [20260126] CALL SPX=6956->6950 | C 6960/6970 x2 | cr=$0.35 settle=$0.00 | P&L=$+66 | eq=$88,986 | dist=3
2026-04-04 16:02:57 | DEBUG    | [20260126] PUT SPX=6956->6950 | P 6950/6940 x2 | cr=$0.20 settle=$0.00 | P&L=$+36 | eq=$89,022 | dist=3
2026-04-04 16:02:57 | DEBUG    | [20260128] CALL SPX=6980->6978 | C 6985/6995 x2 | cr=$0.50 settle=$0.00 | P&L=$+96 | eq=$89,118 | dist=3
2026-04-04 16:02:57 | DEBUG    | [20260128] PUT SPX=6980->6978 | P 6975/6965 x3 | cr=$0.70 settle=$0.00 | P&L=$+204 | eq=$89,322 | dist=3
2026-04-04 16:02:57 | DEBUG    | [20260129] TOUCH@15:57 CALL SPX=6966 | C 6965/6975 x1 | cr=$0.15 close=$2.15 | P&L=$-202
2026-04-04 16:02:57 | DEBUG    | [20260129] PUT SPX=6957->6969 | P 6950/6940 x2 | cr=$0.30 settle=$0.00 | P&L=$+56 | eq=$89,176 | dist=5
2026-04-04 16:02:57 | DEBUG    | [20260130] TOUCH@15:53 PUT SPX=6933 | P 6935/6925 x3 | cr=$0.70 close=$0.95 | P&L=$-81
2026-04-04 16:02:57 | DEBUG    | [20260130] CALL SPX=6945->6939 | C 6950/6960 x4 | cr=$1.70 settle=$0.00 | P&L=$+672 | eq=$89,767 | dist=5
2026-04-04 16:02:57 | DEBUG    | [20260202] PUT SPX=6975->6976 | P 6970/6960 x3 | cr=$0.55 settle=$0.00 | P&L=$+159 | eq=$89,926 | dist=5
2026-04-04 16:02:57 | DEBUG    | [20260203] CALL SPX=6912->6918 | C 6920/6930 x3 | cr=$0.70 settle=$0.00 | P&L=$+204 | eq=$90,130 | dist=5
2026-04-04 16:02:57 | DEBUG    | [20260203] PUT SPX=6912->6918 | P 6905/6895 x3 | cr=$0.55 settle=$0.00 | P&L=$+159 | eq=$90,289 | dist=5
2026-04-04 16:02:57 | DEBUG    | [20260204] TOUCH@15:55 PUT SPX=6884 | P 6885/6875 x3 | cr=$0.55 close=$2.15 | P&L=$-486
2026-04-04 16:02:57 | DEBUG    | [20260204] CALL SPX=6894->6883 | C 6900/6910 x3 | cr=$1.15 settle=$0.00 | P&L=$+339 | eq=$90,142 | dist=5
2026-04-04 16:02:57 | DEBUG    | [20260205] TOUCH@15:57 CALL SPX=6800 | C 6800/6810 x2 | cr=$0.50 close=$1.25 | P&L=$-154
2026-04-04 16:02:57 | DEBUG    | [20260205] PUT SPX=6788->6798 | P 6775/6765 x2 | cr=$0.30 settle=$0.00 | P&L=$+56 | eq=$90,044 | dist=10
2026-04-04 16:02:57 | DEBUG    | [20260206] TOUCH@15:59 PUT SPX=6930 | P 6935/6925 x3 | cr=$0.55 close=$0.95 | P&L=$-126
2026-04-04 16:02:57 | DEBUG    | [20260206] CALL SPX=6944->6932 | C 6950/6960 x4 | cr=$1.35 settle=$0.00 | P&L=$+532 | eq=$90,450 | dist=5
2026-04-04 16:02:57 | DEBUG    | [20260209] TOUCH@15:59 PUT SPX=6963 | P 6965/6955 x2 | cr=$0.40 close=$0.25 | P&L=$+26
2026-04-04 16:02:57 | DEBUG    | [20260210] TOUCH@15:54 PUT SPX=6944 | P 6945/6935 x3 | cr=$1.05 close=$1.90 | P&L=$-261
2026-04-04 16:02:57 | DEBUG    | [20260210] CALL SPX=6948->6942 | C 6955/6965 x2 | cr=$0.50 settle=$0.00 | P&L=$+96 | eq=$90,311 | dist=3
2026-04-04 16:02:57 | DEBUG    | [20260211] CALL SPX=6944->6941 | C 6950/6960 x2 | cr=$0.35 settle=$0.00 | P&L=$+66 | eq=$90,377 | dist=5
2026-04-04 16:02:57 | DEBUG    | [20260211] PUT SPX=6944->6941 | P 6935/6925 x2 | cr=$0.30 settle=$0.00 | P&L=$+56 | eq=$90,433 | dist=5
2026-04-04 16:02:57 | DEBUG    | [20260212] TOUCH@15:54 CALL SPX=6837 | C 6835/6845 x3 | cr=$0.65 close=$1.70 | P&L=$-321
2026-04-04 16:02:57 | DEBUG    | [20260212] PUT SPX=6824->6833 | P 6810/6800 x3 | cr=$0.65 settle=$0.00 | P&L=$+189 | eq=$90,301 | dist=10
2026-04-04 16:02:57 | DEBUG    | [20260213] TOUCH@15:59 CALL SPX=6835 | C 6835/6845 x2 | cr=$0.25 close=$1.00 | P&L=$-154
2026-04-04 16:02:57 | DEBUG    | [20260213] PUT SPX=6825->6836 | P 6810/6800 x2 | cr=$0.45 settle=$0.00 | P&L=$+86 | eq=$90,233 | dist=10
2026-04-04 16:02:57 | DEBUG    | [20260217] CALL SPX=6841->6843 | C 6850/6860 x2 | cr=$0.30 settle=$0.00 | P&L=$+56 | eq=$90,289 | dist=5
2026-04-04 16:02:57 | DEBUG    | [20260217] PUT SPX=6841->6843 | P 6835/6825 x3 | cr=$0.75 settle=$0.00 | P&L=$+219 | eq=$90,508 | dist=5
2026-04-04 16:02:57 | DEBUG    | [20260218] CALL SPX=6883->6881 | C 6890/6900 x2 | cr=$0.45 settle=$0.00 | P&L=$+86 | eq=$90,594 | dist=3
2026-04-04 16:02:57 | DEBUG    | [20260218] PUT SPX=6883->6881 | P 6880/6870 x4 | cr=$1.30 settle=$0.00 | P&L=$+512 | eq=$91,106 | dist=3
2026-04-04 16:02:57 | DEBUG    | [20260219] TOUCH@15:59 CALL SPX=6862 | C 6860/6870 x2 | cr=$0.40 close=$0.65 | P&L=$-54
2026-04-04 16:02:57 | DEBUG    | [20260219] PUT SPX=6853->6862 | P 6850/6840 x4 | cr=$1.60 settle=$0.00 | P&L=$+632 | eq=$91,684 | dist=3
2026-04-04 16:02:57 | DEBUG    | [20260224] CALL SPX=6897->6890 | C 6905/6915 x2 | cr=$0.30 settle=$0.00 | P&L=$+56 | eq=$91,740 | dist=5
2026-04-04 16:02:57 | DEBUG    | [20260224] PUT SPX=6897->6890 | P 6890/6880 x2 | cr=$0.30 settle=$0.00 | P&L=$+56 | eq=$91,796 | dist=5
2026-04-04 16:02:57 | DEBUG    | [20260226] CALL SPX=6905->6909 | C 6915/6925 x2 | cr=$0.20 settle=$0.00 | P&L=$+36 | eq=$91,832 | dist=5
2026-04-04 16:02:57 | DEBUG    | [20260226] PUT SPX=6905->6909 | P 6900/6890 x2 | cr=$0.50 settle=$0.00 | P&L=$+96 | eq=$91,928 | dist=5
2026-04-04 16:02:57 | DEBUG    | [20260227] TOUCH@15:59 CALL SPX=6878 | C 6875/6885 x4 | cr=$1.30 close=$1.45 | P&L=$-68
2026-04-04 16:02:57 | DEBUG    | [20260227] PUT SPX=6868->6879 | P 6865/6855 x4 | cr=$1.70 settle=$0.00 | P&L=$+672 | eq=$92,532 | dist=3
2026-04-04 16:02:57 | DEBUG    | [20260302] CALL SPX=6879->6882 | C 6890/6900 x1 | cr=$0.15 settle=$0.00 | P&L=$+13 | eq=$92,545 | dist=10
2026-04-04 16:02:57 | DEBUG    | [20260302] PUT SPX=6879->6882 | P 6865/6855 x1 | cr=$0.15 settle=$0.00 | P&L=$+13 | eq=$92,558 | dist=10
2026-04-04 16:02:57 | DEBUG    | [20260303] CALL SPX=6809->6817 | C 6820/6830 x3 | cr=$0.55 settle=$0.00 | P&L=$+159 | eq=$92,717 | dist=10
2026-04-04 16:02:57 | DEBUG    | [20260303] PUT SPX=6809->6817 | P 6795/6785 x2 | cr=$0.35 settle=$0.00 | P&L=$+66 | eq=$92,783 | dist=10
2026-04-04 16:02:57 | DEBUG    | [20260304] PUT SPX=6871->6869 | P 6860/6850 x1 | cr=$0.15 settle=$0.00 | P&L=$+13 | eq=$92,796 | dist=10
2026-04-04 16:02:57 | DEBUG    | [20260305] TOUCH@15:57 CALL SPX=6831 | C 6830/6840 x2 | cr=$0.35 close=$0.80 | P&L=$-94
2026-04-04 16:02:57 | DEBUG    | [20260305] PUT SPX=6820->6831 | P 6805/6795 x1 | cr=$0.10 settle=$0.00 | P&L=$+8 | eq=$92,710 | dist=10
2026-04-04 16:02:57 | DEBUG    | [20260306] SKIP: VIX(15:50)=29.0 > 26.0
2026-04-04 16:02:57 | DEBUG    | [20260310] CALL SPX=6775->6782 | C 6785/6795 x3 | cr=$0.75 settle=$0.00 | P&L=$+219 | eq=$92,929 | dist=8
2026-04-04 16:02:57 | DEBUG    | [20260310] PUT SPX=6775->6782 | P 6765/6755 x3 | cr=$0.65 settle=$0.00 | P&L=$+189 | eq=$93,118 | dist=8
2026-04-04 16:02:57 | DEBUG    | [20260311] CALL SPX=6773->6776 | C 6785/6795 x1 | cr=$0.15 settle=$0.00 | P&L=$+13 | eq=$93,131 | dist=8
2026-04-04 16:02:57 | DEBUG    | [20260312] SKIP: VIX(15:50)=26.8 > 26.0
2026-04-04 16:02:57 | DEBUG    | [20260313] SKIP: VIX(15:50)=27.4 > 26.0
2026-04-04 16:02:57 | DEBUG    | [20260318] CALL SPX=6629->6625 | C 6640/6650 x1 | cr=$0.10 settle=$0.00 | P&L=$+8 | eq=$93,139 | dist=8
2026-04-04 16:02:57 | DEBUG    | [20260318] PUT SPX=6629->6625 | P 6620/6610 x1 | cr=$0.15 settle=$0.00 | P&L=$+13 | eq=$93,152 | dist=8
2026-04-04 16:02:57 | DEBUG    | [20260319] CALL SPX=6605->6606 | C 6615/6625 x2 | cr=$0.25 settle=$0.00 | P&L=$+46 | eq=$93,198 | dist=8
2026-04-04 16:02:57 | DEBUG    | [20260319] PUT SPX=6605->6606 | P 6595/6585 x1 | cr=$0.15 settle=$0.00 | P&L=$+13 | eq=$93,211 | dist=8
2026-04-04 16:02:57 | DEBUG    | [20260320] SKIP: VIX(15:50)=28.2 > 26.0
2026-04-04 16:02:57 | DEBUG    | [20260324] SKIP: VIX(15:50)=26.8 > 26.0
2026-04-04 16:02:57 | DEBUG    | [20260325] PUT SPX=6589->6592 | P 6580/6570 x2 | cr=$0.35 settle=$0.00 | P&L=$+66 | eq=$93,277 | dist=8
2026-04-04 16:02:57 | INFO     | ============================================================
2026-04-04 16:02:57 | INFO     | SKIP REASONS:
2026-04-04 16:02:57 | INFO     |   afternoon_filter    : 4
2026-04-04 16:02:57 | INFO     |   early_close         : 2
2026-04-04 16:02:57 | INFO     |   no_quotes           : 10
2026-04-04 16:02:57 | INFO     |   parkinson_ratio     : 19
2026-04-04 16:02:57 | INFO     |   put_momentum        : 4
2026-04-04 16:02:57 | INFO     |   range_budget        : 36
2026-04-04 16:02:57 | INFO     |   vix_intraday        : 23
2026-04-04 16:02:57 | INFO     |   TOTAL TRADES        : 402
2026-04-04 16:02:57 | INFO     | ============================================================
2026-04-04 16:02:57 | INFO     | Trade log snapshot -> /Users/jeerapongwongchote/Documents/thetadata/lastfive/tradelogs_lastfive.csv
2026-04-04 16:02:57 | INFO     | ============================================================
2026-04-04 16:02:57 | INFO     |   LASTFIVE PERFORMANCE REPORT  (Run #88)
2026-04-04 16:02:57 | INFO     | ============================================================
2026-04-04 16:02:57 | INFO     |   Period          : 2025-01-01 -> 2026-03-25
2026-04-04 16:02:57 | INFO     |   Days traded     : 213
2026-04-04 16:02:57 | INFO     |   Total trades    : 402  (wins: 330  losses: 72)
2026-04-04 16:02:57 | INFO     |   Avg trades/day  : 1.9
2026-04-04 16:02:57 | INFO     | ------------------------------------------------------------
2026-04-04 16:02:57 | INFO     |   Total P&L       : $   43,277.00  (net of commission)
2026-04-04 16:02:57 | INFO     |   Gross premium   : $   80,150.00
2026-04-04 16:02:57 | INFO     |   Prem capture    :        54.0%
2026-04-04 16:02:57 | INFO     |   CAGR            :        66.4%  (acct=$50,000)
2026-04-04 16:02:57 | INFO     |   Avg win/trade   : $      172.75
2026-04-04 16:02:57 | INFO     |   Avg loss/trade  : $     -190.72
2026-04-04 16:02:57 | INFO     |   Expectancy      : $      107.65
2026-04-04 16:02:57 | INFO     |   Profit factor   :         4.15x
2026-04-04 16:02:57 | INFO     | ------------------------------------------------------------
2026-04-04 16:02:57 | INFO     |   Max drawdown    : $     -754.00  (-1.7%)
2026-04-04 16:02:57 | INFO     |   Calmar ratio    :        44.06
2026-04-04 16:02:57 | INFO     |   Recovery factor :        57.40
2026-04-04 16:02:57 | INFO     |   Time underwater :        25.8%  (55 of 213 days)
2026-04-04 16:02:57 | INFO     |   Max consec loss : 2
2026-04-04 16:02:57 | INFO     | ------------------------------------------------------------
2026-04-04 16:02:57 | INFO     |   VIX adaptive    : ON (ATM<18.0, d3<22.0, d5<26.0)
2026-04-04 16:02:57 | INFO     |   Tiered sizing   : ON ($1500/$2500/$3500)
2026-04-04 16:02:57 | INFO     |   Width / MinCr   : $10 / $0.10
2026-04-04 16:02:57 | INFO     |   Afternoon filter: < 1.0%
2026-04-04 16:02:57 | INFO     |   Put filter      : aftn<-0.75% + mom30<-0.1%
2026-04-04 16:02:57 | INFO     |   Commission      : $0.5/leg
2026-04-04 16:02:57 | INFO     | ------------------------------------------------------------
2026-04-04 16:02:57 | INFO     |   Win rate        :        82.1%
2026-04-04 16:02:57 | INFO     |   Sharpe ratio    :        10.66  (rf=5.0%)
2026-04-04 16:02:57 | INFO     |   Sortino ratio   :        13.62
2026-04-04 16:02:57 | INFO     |   Ann. volatility : $    4,568.25
2026-04-04 16:02:57 | INFO     | ------------------------------------------------------------
2026-04-04 16:02:57 | INFO     |   Best day        : $    1,504.00
2026-04-04 16:02:57 | INFO     |   Worst day       : $     -515.00
2026-04-04 16:02:57 | INFO     |   Best trade      : $      872.00
2026-04-04 16:02:57 | INFO     |   Worst trade     : $     -606.00
2026-04-04 16:02:57 | INFO     | ------------------------------------------------------------
2026-04-04 16:02:57 | INFO     |   Commission total: $    2,022.00
2026-04-04 16:02:57 | INFO     |   Avg BP/trade    : $    2,315.55
2026-04-04 16:02:57 | INFO     |   Avg BP/day      : $    4,370.19
2026-04-04 16:02:57 | INFO     |   Max BP day      : $    6,960.00
2026-04-04 16:02:57 | INFO     | ============================================================
2026-04-04 16:02:57 | INFO     | Results written to /Users/jeerapongwongchote/Documents/thetadata/lastfive/RESULTS.md (latest 3 runs, newest first)
2026-04-04 16:02:57 | INFO     | --------------------------------------------------------------------------------
2026-04-04 16:02:57 | INFO     |   VIX CORRELATION ANALYSIS
2026-04-04 16:02:57 | INFO     | --------------------------------------------------------------------------------
2026-04-04 16:02:57 | INFO     |   VIX Range  |  Trades |  Win Rate |    Avg P&L |    Total P&L |     Max DD
2026-04-04 16:02:57 | INFO     | --------------------------------------------------------------------------------
2026-04-04 16:02:57 | INFO     |   < 15       |      24 |     83.3% | $    49.83 | $   1,196.00 | $  -174.00
2026-04-04 16:02:57 | INFO     |   15-18      |     207 |     82.1% | $    87.68 | $  18,150.00 | $  -426.00
2026-04-04 16:02:57 | INFO     |   18-20      |      71 |     87.3% | $   136.45 | $   9,688.00 | $  -591.00
2026-04-04 16:02:57 | INFO     |   20-22      |      51 |     68.6% | $   102.14 | $   5,209.00 | $  -630.00
2026-04-04 16:02:57 | INFO     |   22-26      |      49 |     87.8% | $   184.37 | $   9,034.00 | $  -754.00
2026-04-04 16:02:57 | INFO     |   26-30      |       0 |      0.0% | $     0.00 | $       0.00 | $     0.00
2026-04-04 16:02:57 | INFO     |   30+        |       0 |      0.0% | $     0.00 | $       0.00 | $     0.00
2026-04-04 16:02:57 | INFO     | --------------------------------------------------------------------------------
2026-04-04 16:02:57 | INFO     | -----------------------------------------------------------------------------------------------
2026-04-04 16:02:57 | INFO     |   PUT vs CALL SPLIT
2026-04-04 16:02:57 | INFO     | -----------------------------------------------------------------------------------------------
2026-04-04 16:02:57 | INFO     |   Side   |  Trades |      WR |    Avg P&L |    Total P&L |   Avg Win |  Avg Loss |     PF |     Max DD
2026-04-04 16:02:57 | INFO     | -----------------------------------------------------------------------------------------------
2026-04-04 16:02:57 | INFO     |   CALL   |     204 |   77.9% | $    97.26 | $  19,842.00 | $  169.21 | $ -156.93 |  3.81 | $  -936.00
2026-04-04 16:02:57 | INFO     |   PUT    |     198 |   86.4% | $   118.36 | $  23,435.00 | $  176.05 | $ -247.04 |  4.51 | $-1,646.00
2026-04-04 16:02:57 | INFO     | -----------------------------------------------------------------------------------------------
2026-04-04 16:02:57 | INFO     | --------------------------------------------------------------------------------------------------------------------------------------------
2026-04-04 16:02:57 | INFO     |   YEARLY + MONTHLY BREAKDOWN
2026-04-04 16:02:57 | INFO     | --------------------------------------------------------------------------------------------------------------------------------------------
2026-04-04 16:02:57 | INFO     |   Period         |        P&L | Trades |     WR |  Avg RoR |   Avg P&L |  Avg Risk |   Best Day |  Worst Day |   Drawdown
2026-04-04 16:02:57 | INFO     | --------------------------------------------------------------------------------------------------------------------------------------------
2026-04-04 16:02:57 | INFO     |   2025           | $   37,660 |    328 |  82.0% |     4.9% | $     115 | $   2,356 | $    1,504 | $     -515 | $     -754
2026-04-04 16:02:57 | INFO     |     January      | $    3,434 |     34 |  79.4% |     4.0% | $     101 | $   2,515 | $      671 | $     -260 | $     -336
2026-04-04 16:02:57 | INFO     |     February     | $    2,828 |     25 |  88.0% |     4.8% | $     113 | $   2,342 | $      648 | $     -515 | $     -591
2026-04-04 16:02:57 | INFO     |     March        | $    6,699 |     28 |  82.1% |     8.2% | $     239 | $   2,912 | $    1,224 | $     -162 | $     -468
2026-04-04 16:02:57 | INFO     |     April        | $    2,507 |     12 |  75.0% |     7.3% | $     209 | $   2,847 | $    1,124 | $      -12 | $     -288
2026-04-04 16:02:57 | INFO     |     May          | $    5,781 |     31 |  83.9% |     6.7% | $     186 | $   2,771 | $    1,504 | $     -117 | $     -606
2026-04-04 16:02:57 | INFO     |     June         | $    3,062 |     24 |  87.5% |     5.6% | $     128 | $   2,281 | $      984 | $     -148 | $     -244
2026-04-04 16:02:57 | INFO     |     July         | $    1,395 |     18 |  88.9% |     4.3% | $      78 | $   1,820 | $      392 | $       -4 | $       -6
2026-04-04 16:02:57 | INFO     |     August       | $    2,979 |     34 |  79.4% |     4.1% | $      88 | $   2,145 | $      621 | $     -115 | $     -188
2026-04-04 16:02:57 | INFO     |     September    | $    2,569 |     30 |  83.3% |     3.8% | $      86 | $   2,266 | $      618 | $     -141 | $     -388
2026-04-04 16:02:57 | INFO     |     October      | $    2,488 |     28 |  85.7% |     4.0% | $      89 | $   2,210 | $      408 | $     -115 | $     -426
2026-04-04 16:02:57 | INFO     |     November     | $      737 |     34 |  76.5% |     1.1% | $      22 | $   2,054 | $      756 | $     -490 | $     -754
2026-04-04 16:02:57 | INFO     |     December     | $    3,181 |     30 |  76.7% |     4.8% | $     106 | $   2,230 | $      821 | $     -161 | $     -261
2026-04-04 16:02:57 | INFO     | --------------------------------------------------------------------------------------------------------------------------------------------
2026-04-04 16:02:57 | INFO     |   2026           | $    5,617 |     74 |  82.4% |     3.6% | $      76 | $   2,137 | $      604 | $     -165 | $     -486
2026-04-04 16:02:57 | INFO     |     January      | $    2,107 |     29 |  86.2% |     3.5% | $      73 | $   2,078 | $      591 | $     -146 | $     -409
2026-04-04 16:02:57 | INFO     |     February     | $    2,765 |     30 |  73.3% |     3.7% | $      92 | $   2,462 | $      604 | $     -165 | $     -486
2026-04-04 16:02:57 | INFO     |     March        | $      745 |     15 |  93.3% |     3.1% | $      50 | $   1,603 | $      408 | $      -86 | $      -94
2026-04-04 16:02:57 | INFO     | --------------------------------------------------------------------------------------------------------------------------------------------
2026-04-04 16:02:57 | INFO     |   TOTAL          | $   43,277 |    402 |  82.1% |     4.6% | $     108 | $   2,316 | $    1,504 | $     -515 | $     -754
2026-04-04 16:02:57 | INFO     | --------------------------------------------------------------------------------------------------------------------------------------------
2026-04-04 16:02:57 | INFO     |   (SPY monthly data not available — skipping strategy vs SPY)
2026-04-04 16:02:57 | INFO     | ------------------------------------------------------------------------------------------
2026-04-04 16:02:57 | INFO     |   WORST 30 DAYS
2026-04-04 16:02:57 | INFO     | ------------------------------------------------------------------------------------------
2026-04-04 16:02:57 | INFO     |   Date         |    Day P&L |    VIX |   Call P&L |    Put P&L | Trades
2026-04-04 16:02:57 | INFO     | ------------------------------------------------------------------------------------------
2026-04-04 16:02:57 | INFO     |   2025-02-24   | $  -515.00 |    N/A | $    76.00 | $  -591.00 |      2
2026-04-04 16:02:57 | INFO     |   2025-11-21   | $  -490.00 |    N/A | $    56.00 | $  -546.00 |      2
2026-04-04 16:02:57 | INFO     |   2025-11-18   | $  -473.00 |    N/A | $    13.00 | $  -486.00 |      2
2026-04-04 16:02:57 | INFO     |   2025-11-13   | $  -327.00 |    N/A | $   234.00 | $  -561.00 |      2
2026-04-04 16:02:57 | INFO     |   2025-01-16   | $  -260.00 |    N/A | $    76.00 | $  -336.00 |      2
2026-04-04 16:02:57 | INFO     |   2026-02-10   | $  -165.00 |    N/A | $    96.00 | $  -261.00 |      2
2026-04-04 16:02:57 | INFO     |   2025-03-21   | $  -162.00 |    N/A | $  -321.00 | $   159.00 |      2
2026-04-04 16:02:57 | INFO     |   2025-12-11   | $  -161.00 |    N/A | $    13.00 | $  -174.00 |      2
2026-04-04 16:02:57 | INFO     |   2025-02-05   | $  -151.00 |    N/A | $  -164.00 | $    13.00 |      2
2026-04-04 16:02:57 | INFO     |   2025-06-27   | $  -148.00 |    N/A | $  -244.00 | $    96.00 |      2
2026-04-04 16:02:57 | INFO     |   2026-02-04   | $  -147.00 |    N/A | $   339.00 | $  -486.00 |      2
2026-04-04 16:02:57 | INFO     |   2026-01-29   | $  -146.00 |    N/A | $  -202.00 | $    56.00 |      2
2026-04-04 16:02:57 | INFO     |   2025-12-16   | $  -143.00 |    N/A | $    13.00 | $  -156.00 |      2
2026-04-04 16:02:57 | INFO     |   2025-09-09   | $  -141.00 |    N/A | $  -141.00 | $     0.00 |      1
2026-04-04 16:02:57 | INFO     |   2026-02-12   | $  -132.00 |    N/A | $  -321.00 | $   189.00 |      2
2026-04-04 16:02:57 | INFO     |   2025-11-05   | $  -131.00 |    N/A | $    13.00 | $  -144.00 |      2
2026-04-04 16:02:57 | INFO     |   2025-05-12   | $  -117.00 |    N/A | $  -276.00 | $   159.00 |      2
2026-04-04 16:02:57 | INFO     |   2025-08-26   | $  -115.00 |    N/A | $  -171.00 | $    56.00 |      2
2026-04-04 16:02:57 | INFO     |   2025-10-31   | $  -115.00 |    N/A | $    86.00 | $  -201.00 |      2
2026-04-04 16:02:57 | INFO     |   2025-05-21   | $  -114.00 |    N/A | $   492.00 | $  -606.00 |      2
2026-04-04 16:02:57 | INFO     |   2025-09-30   | $  -109.00 |    N/A | $  -388.00 | $   279.00 |      2
2026-04-04 16:02:57 | INFO     |   2026-01-14   | $  -104.00 |    N/A | $  -308.00 | $   204.00 |      2
2026-04-04 16:02:57 | INFO     |   2026-01-13   | $  -101.00 |    N/A | $  -137.00 | $    36.00 |      2
2026-04-04 16:02:57 | INFO     |   2026-02-05   | $   -98.00 |    N/A | $  -154.00 | $    56.00 |      2
2026-04-04 16:02:57 | INFO     |   2025-09-10   | $   -90.00 |    N/A | $  -186.00 | $    96.00 |      2
2026-04-04 16:02:57 | INFO     |   2025-01-10   | $   -87.00 |    N/A | $  -306.00 | $   219.00 |      2
2026-04-04 16:02:57 | INFO     |   2025-01-23   | $   -86.00 |    N/A | $  -104.00 | $    18.00 |      2
2026-04-04 16:02:57 | INFO     |   2026-03-05   | $   -86.00 |    N/A | $   -94.00 | $     8.00 |      2
2026-04-04 16:02:57 | INFO     |   2025-11-12   | $   -80.00 |    N/A | $    76.00 | $  -156.00 |      2
2026-04-04 16:02:57 | INFO     |   2026-02-13   | $   -68.00 |    N/A | $  -154.00 | $    86.00 |      2
2026-04-04 16:02:57 | INFO     | ------------------------------------------------------------------------------------------
2026-04-04 16:02:57 | INFO     | ----------------------------------------------------------------------
2026-04-04 16:02:57 | INFO     |   SEASONALITY — DAY OF WEEK
2026-04-04 16:02:57 | INFO     | ----------------------------------------------------------------------
2026-04-04 16:02:57 | INFO     |   Day   |  Trades |      WR |    Total P&L |    Avg P&L |     Max DD
2026-04-04 16:02:57 | INFO     | ----------------------------------------------------------------------
2026-04-04 16:02:57 | INFO     |   Mon   |      61 |   83.6% | $   5,436.00 | $    89.11 | $  -983.00
2026-04-04 16:02:57 | INFO     |   Tue   |      89 |   83.1% | $   8,952.00 | $   100.58 | $  -544.00
2026-04-04 16:02:57 | INFO     |   Wed   |      81 |   86.4% | $   9,168.00 | $   113.19 | $  -606.00
2026-04-04 16:02:57 | INFO     |   Thu   |      87 |   81.6% | $   9,526.00 | $   109.49 | $  -565.00
2026-04-04 16:02:57 | INFO     |   Fri   |      84 |   76.2% | $  10,195.00 | $   121.37 | $  -594.00
2026-04-04 16:02:57 | INFO     | ----------------------------------------------------------------------
2026-04-04 16:02:57 | INFO     | ----------------------------------------------------------------------
2026-04-04 16:02:57 | INFO     |   SEASONALITY — MONTH
2026-04-04 16:02:57 | INFO     | ----------------------------------------------------------------------
2026-04-04 16:02:57 | INFO     |   Month |  Trades |      WR |    Total P&L |    Avg P&L |     Max DD
2026-04-04 16:02:57 | INFO     | ----------------------------------------------------------------------
2026-04-04 16:02:57 | INFO     |   Jan   |      63 |   82.5% | $   5,541.00 | $    87.95 | $  -409.00
2026-04-04 16:02:57 | INFO     |   Feb   |      55 |   80.0% | $   5,593.00 | $   101.69 | $  -591.00
2026-04-04 16:02:57 | INFO     |   Mar   |      43 |   86.0% | $   7,444.00 | $   173.12 | $  -468.00
2026-04-04 16:02:57 | INFO     |   Apr   |      12 |   75.0% | $   2,507.00 | $   208.92 | $  -288.00
2026-04-04 16:02:57 | INFO     |   May   |      31 |   83.9% | $   5,781.00 | $   186.48 | $  -606.00
2026-04-04 16:02:57 | INFO     |   Jun   |      24 |   87.5% | $   3,062.00 | $   127.58 | $  -244.00
2026-04-04 16:02:57 | INFO     |   Jul   |      18 |   88.9% | $   1,395.00 | $    77.50 | $    -6.00
2026-04-04 16:02:57 | INFO     |   Aug   |      34 |   79.4% | $   2,979.00 | $    87.62 | $  -188.00
2026-04-04 16:02:57 | INFO     |   Sep   |      30 |   83.3% | $   2,569.00 | $    85.63 | $  -388.00
2026-04-04 16:02:57 | INFO     |   Oct   |      28 |   85.7% | $   2,488.00 | $    88.86 | $  -426.00
2026-04-04 16:02:57 | INFO     |   Nov   |      34 |   76.5% | $     737.00 | $    21.68 | $  -754.00
2026-04-04 16:02:57 | INFO     |   Dec   |      30 |   76.7% | $   3,181.00 | $   106.03 | $  -261.00
2026-04-04 16:02:57 | INFO     | ----------------------------------------------------------------------
2026-04-04 16:02:57 | INFO     | --------------------------------------------------------------------------------
2026-04-04 16:02:57 | INFO     |   CALENDAR / ECON EVENT ANALYSIS
2026-04-04 16:02:57 | INFO     | --------------------------------------------------------------------------------
2026-04-04 16:02:57 | INFO     |   Event              |  Trades |      WR |    Total P&L |    Avg P&L |     Max DD
2026-04-04 16:02:57 | INFO     | --------------------------------------------------------------------------------
2026-04-04 16:02:57 | INFO     |   FOMC               |      10 |   90.0% | $   2,164.00 | $   216.40 | $  -168.00
2026-04-04 16:02:57 | INFO     |   Triple Witching    |       8 |   75.0% | $     392.00 | $    49.00 | $  -321.00
2026-04-04 16:02:57 | INFO     |   End of Month       |      26 |   65.4% | $   3,483.00 | $   133.96 | $  -388.00
2026-04-04 16:02:57 | INFO     |   Monday             |      61 |   83.6% | $   5,436.00 | $    89.11 | $  -983.00
2026-04-04 16:02:57 | INFO     |   Friday             |      84 |   76.2% | $  10,195.00 | $   121.37 | $  -594.00
2026-04-04 16:02:57 | INFO     |   Normal days        |     236 |   83.9% | $  24,200.00 | $   102.54 | $  -951.00
2026-04-04 16:02:57 | INFO     | --------------------------------------------------------------------------------
