2026-04-04 12:18:53 | INFO     | Log file  : /Users/jeerapongwongchote/Documents/thetadata/lastfive/logs/lastfive_20260404_121853.log
2026-04-04 12:18:53 | INFO     | ============================================================
2026-04-04 12:18:53 | INFO     |   RECENT RUN HISTORY
2026-04-04 12:18:53 | INFO     | ------------------------------------------------------------
2026-04-04 12:18:53 | INFO     |   #39 2026-04-04T11:43 | P&L=$       465 | WR=90.0% | 10 trades
2026-04-04 12:18:53 | INFO     |   #40 2026-04-04T11:58 | P&L=$    15,100 | WR=95.0% | 242 trades
2026-04-04 12:18:53 | INFO     |   #41 2026-04-04T11:58 | P&L=$    29,986 | WR=93.3% | 476 trades
2026-04-04 12:18:53 | INFO     |   #42 2026-04-04T11:58 | P&L=$    63,076 | WR=89.9% | 789 trades
2026-04-04 12:18:53 | INFO     |   #43 2026-04-04T12:18 | P&L=$    86,319 | WR=78.1% | 548 trades
2026-04-04 12:18:53 | INFO     | ============================================================
2026-04-04 12:18:53 | INFO     | ============================================================
2026-04-04 12:18:53 | INFO     | LASTFIVE BACKTEST — Short Call Spread 5 Min Before Close
2026-04-04 12:18:53 | INFO     | Period       : 2022-01-03 -> 2026-03-25
2026-04-04 12:18:53 | INFO     | Sides        : CALL+PUT
2026-04-04 12:18:53 | INFO     | VIX adaptive : ON (ATM<18.0, d3<22.0, d5<26.0)
2026-04-04 12:18:53 | INFO     | Spread width : $5.0
2026-04-04 12:18:53 | INFO     | Tiered sizing: ON ($1500.0/$2500.0/$3500.0)
2026-04-04 12:18:53 | INFO     | Min credit   : $0.1
2026-04-04 12:18:53 | INFO     | Put filter   : aftn<-0.75% + mom30<-0.1% (ON)
2026-04-04 12:18:53 | INFO     | Stop-loss    : buy back if SPX moves $2.0+ at 15:56,15:57 (OFF)
2026-04-04 12:18:53 | INFO     | Afternoon    : < 1.0% (ON)
2026-04-04 12:18:53 | INFO     | VIX(15:50)   : <= 26.0 (ON)
2026-04-04 12:18:53 | INFO     | ============================================================
2026-04-04 12:18:53 | INFO     | Building daily indicators...
2026-04-04 12:18:57 | INFO     |   -> 1066 daily bars loaded
2026-04-04 12:18:57 | INFO     | Trading dates: 1060 (from 20220103 to 20260325)
2026-04-04 12:18:57 | DEBUG    | [20220110] SKIP: Afternoon return=1.097% >= 1.0%
2026-04-04 12:18:57 | DEBUG    | [20220121] SKIP: VIX(15:50)=29.8 > 26.0
2026-04-04 12:18:57 | DEBUG    | [20220124] SKIP: VIX(15:50)=30.2 > 26.0
2026-04-04 12:18:57 | DEBUG    | [20220125] SKIP: VIX(15:50)=31.0 > 26.0
2026-04-04 12:18:57 | DEBUG    | [20220126] SKIP: VIX(15:50)=31.8 > 26.0
2026-04-04 12:18:57 | DEBUG    | [20220127] SKIP: VIX(15:50)=31.0 > 26.0
2026-04-04 12:18:57 | DEBUG    | [20220128] SKIP: VIX(15:50)=27.4 > 26.0
2026-04-04 12:18:57 | DEBUG    | [20220211] SKIP: VIX(15:50)=27.9 > 26.0
2026-04-04 12:18:57 | DEBUG    | [20220214] SKIP: VIX(15:50)=29.2 > 26.0
2026-04-04 12:18:57 | DEBUG    | [20220217] SKIP: VIX(15:50)=28.0 > 26.0
2026-04-04 12:18:57 | DEBUG    | [20220218] SKIP: VIX(15:50)=28.0 > 26.0
2026-04-04 12:18:57 | DEBUG    | [20220222] SKIP: VIX(15:50)=29.9 > 26.0
2026-04-04 12:18:57 | DEBUG    | [20220223] SKIP: VIX(15:50)=30.9 > 26.0
2026-04-04 12:18:57 | DEBUG    | [20220224] SKIP: VIX(15:50)=29.8 > 26.0
2026-04-04 12:18:57 | DEBUG    | [20220225] SKIP: VIX(15:50)=27.6 > 26.0
2026-04-04 12:18:57 | DEBUG    | [20220228] SKIP: VIX(15:50)=29.9 > 26.0
2026-04-04 12:18:57 | DEBUG    | [20220301] SKIP: VIX(15:50)=35.2 > 26.0
2026-04-04 12:18:57 | DEBUG    | [20220302] SKIP: VIX(15:50)=30.3 > 26.0
2026-04-04 12:18:57 | DEBUG    | [20220303] SKIP: VIX(15:50)=31.2 > 26.0
2026-04-04 12:18:57 | DEBUG    | [20220304] SKIP: VIX(15:50)=32.3 > 26.0
2026-04-04 12:18:57 | DEBUG    | [20220307] SKIP: VIX(15:50)=35.8 > 26.0
2026-04-04 12:18:57 | DEBUG    | [20220308] SKIP: VIX(15:50)=35.0 > 26.0
2026-04-04 12:18:57 | DEBUG    | [20220309] SKIP: VIX(15:50)=32.1 > 26.0
2026-04-04 12:18:57 | DEBUG    | [20220310] SKIP: VIX(15:50)=30.8 > 26.0
2026-04-04 12:18:57 | DEBUG    | [20220311] SKIP: VIX(15:50)=30.9 > 26.0
2026-04-04 12:18:57 | DEBUG    | [20220314] SKIP: VIX(15:50)=32.5 > 26.0
2026-04-04 12:18:57 | DEBUG    | [20220315] SKIP: VIX(15:50)=29.7 > 26.0
2026-04-04 12:18:57 | DEBUG    | [20220316] SKIP: VIX(15:50)=26.5 > 26.0
2026-04-04 12:18:57 | DEBUG    | [20220407] SKIP: Afternoon return=1.109% >= 1.0%
2026-04-04 12:18:57 | DEBUG    | [20220422] SKIP: VIX(15:50)=27.7 > 26.0
2026-04-04 12:18:57 | DEBUG    | [20220425] SKIP: VIX(15:50)=27.6 > 26.0
2026-04-04 12:18:57 | DEBUG    | [20220426] SKIP: VIX(15:50)=32.1 > 26.0
2026-04-04 12:18:57 | DEBUG    | [20220427] SKIP: VIX(15:50)=32.3 > 26.0
2026-04-04 12:18:57 | DEBUG    | [20220428] SKIP: VIX(15:50)=29.4 > 26.0
2026-04-04 12:18:57 | DEBUG    | [20220429] SKIP: VIX(15:50)=33.9 > 26.0
2026-04-04 12:18:57 | DEBUG    | [20220502] SKIP: VIX(15:50)=32.7 > 26.0
2026-04-04 12:18:58 | DEBUG    | [20220503] SKIP: VIX(15:50)=30.1 > 26.0
2026-04-04 12:18:58 | DEBUG    | [20220504] SKIP: Afternoon return=2.562% >= 1.0%
2026-04-04 12:18:58 | DEBUG    | [20220505] SKIP: VIX(15:50)=33.1 > 26.0
2026-04-04 12:18:58 | DEBUG    | [20220506] SKIP: VIX(15:50)=29.9 > 26.0
2026-04-04 12:18:58 | DEBUG    | [20220509] SKIP: VIX(15:50)=35.3 > 26.0
2026-04-04 12:18:58 | DEBUG    | [20220510] SKIP: VIX(15:50)=33.3 > 26.0
2026-04-04 12:18:58 | DEBUG    | [20220511] SKIP: VIX(15:50)=32.8 > 26.0
2026-04-04 12:18:58 | DEBUG    | [20220512] SKIP: VIX(15:50)=32.3 > 26.0
2026-04-04 12:18:58 | DEBUG    | [20220513] SKIP: VIX(15:50)=29.1 > 26.0
2026-04-04 12:18:58 | DEBUG    | [20220516] SKIP: VIX(15:50)=27.7 > 26.0
2026-04-04 12:18:58 | DEBUG    | [20220517] SKIP: VIX(15:50)=26.1 > 26.0
2026-04-04 12:18:58 | DEBUG    | [20220518] SKIP: VIX(15:50)=31.1 > 26.0
2026-04-04 12:18:58 | DEBUG    | [20220519] SKIP: VIX(15:50)=29.3 > 26.0
2026-04-04 12:18:58 | DEBUG    | [20220520] SKIP: VIX(15:50)=29.4 > 26.0
2026-04-04 12:18:58 | DEBUG    | [20220523] SKIP: VIX(15:50)=28.6 > 26.0
2026-04-04 12:18:58 | DEBUG    | [20220524] SKIP: VIX(15:50)=29.6 > 26.0
2026-04-04 12:18:58 | DEBUG    | [20220525] SKIP: VIX(15:50)=28.7 > 26.0
2026-04-04 12:18:58 | DEBUG    | [20220526] SKIP: VIX(15:50)=27.2 > 26.0
2026-04-04 12:18:58 | DEBUG    | [20220531] SKIP: VIX(15:50)=26.0 > 26.0
2026-04-04 12:18:58 | DEBUG    | [20220609] SKIP: VIX(15:50)=26.1 > 26.0
2026-04-04 12:18:58 | DEBUG    | [20220610] SKIP: VIX(15:50)=27.9 > 26.0
2026-04-04 12:18:58 | DEBUG    | [20220613] SKIP: VIX(15:50)=34.9 > 26.0
2026-04-04 12:18:58 | DEBUG    | [20220614] SKIP: VIX(15:50)=32.3 > 26.0
2026-04-04 12:18:58 | DEBUG    | [20220615] SKIP: VIX(15:50)=29.4 > 26.0
2026-04-04 12:18:58 | DEBUG    | [20220616] SKIP: VIX(15:50)=34.8 > 26.0
2026-04-04 12:18:58 | DEBUG    | [20220617] SKIP: VIX(15:50)=31.1 > 26.0
2026-04-04 12:18:58 | DEBUG    | [20220621] SKIP: VIX(15:50)=30.0 > 26.0
2026-04-04 12:18:58 | DEBUG    | [20220622] SKIP: VIX(15:50)=29.2 > 26.0
2026-04-04 12:18:58 | DEBUG    | [20220623] SKIP: VIX(15:50)=29.0 > 26.0
2026-04-04 12:18:58 | DEBUG    | [20220624] SKIP: VIX(15:50)=27.3 > 26.0
2026-04-04 12:18:58 | DEBUG    | [20220627] SKIP: VIX(15:50)=27.4 > 26.0
2026-04-04 12:18:58 | DEBUG    | [20220628] SKIP: VIX(15:50)=28.4 > 26.0
2026-04-04 12:18:58 | DEBUG    | [20220629] SKIP: VIX(15:50)=28.3 > 26.0
2026-04-04 12:18:58 | DEBUG    | [20220630] SKIP: VIX(15:50)=28.6 > 26.0
2026-04-04 12:18:58 | DEBUG    | [20220701] SKIP: VIX(15:50)=26.8 > 26.0
2026-04-04 12:18:58 | DEBUG    | [20220705] SKIP: VIX(15:50)=27.6 > 26.0
2026-04-04 12:18:58 | DEBUG    | [20220706] SKIP: VIX(15:50)=26.8 > 26.0
2026-04-04 12:18:58 | DEBUG    | [20220711] SKIP: VIX(15:50)=26.6 > 26.0
2026-04-04 12:18:58 | DEBUG    | [20220712] SKIP: VIX(15:50)=27.4 > 26.0
2026-04-04 12:18:58 | DEBUG    | [20220713] SKIP: VIX(15:50)=26.8 > 26.0
2026-04-04 12:18:58 | DEBUG    | [20220714] SKIP: VIX(15:50)=26.4 > 26.0
2026-04-04 12:18:58 | DEBUG    | [20220721] CALL SPX=3994->3999 | C 4000/4005 x5 | cr=$0.35 settle=$0.00 | P&L=$+165 | eq=$50,165 | dist=5
2026-04-04 12:18:58 | DEBUG    | [20220727] SKIP: Afternoon return=1.407% >= 1.0%
2026-04-04 12:18:58 | DEBUG    | [20220804] CALL SPX=4150->4152 | C 4155/4160 x3 | cr=$0.15 settle=$0.00 | P&L=$+39 | eq=$50,204 | dist=3
2026-04-04 12:18:58 | DEBUG    | [20220804] PUT SPX=4150->4152 | P 4145/4140 x3 | cr=$0.15 settle=$0.00 | P&L=$+39 | eq=$50,243 | dist=3
2026-04-04 12:18:58 | DEBUG    | [20220808] CALL SPX=4142->4140 | C 4145/4150 x5 | cr=$0.45 settle=$0.00 | P&L=$+215 | eq=$50,458 | dist=3
2026-04-04 12:18:58 | DEBUG    | [20220830] SKIP: VIX(15:50)=26.6 > 26.0
2026-04-04 12:18:58 | DEBUG    | [20220901] SKIP: Afternoon return=1.232% >= 1.0%
2026-04-04 12:18:58 | DEBUG    | [20220906] SKIP: VIX(15:50)=26.8 > 26.0
2026-04-04 12:18:58 | DEBUG    | [20220913] SKIP: VIX(15:50)=27.7 > 26.0
2026-04-04 12:18:58 | DEBUG    | [20220914] SKIP: VIX(15:50)=26.6 > 26.0
2026-04-04 12:18:58 | DEBUG    | [20220915] SKIP: VIX(15:50)=26.5 > 26.0
2026-04-04 12:18:58 | DEBUG    | [20220916] SKIP: VIX(15:50)=26.5 > 26.0
2026-04-04 12:18:58 | DEBUG    | [20220920] SKIP: VIX(15:50)=27.1 > 26.0
2026-04-04 12:18:58 | DEBUG    | [20220921] SKIP: VIX(15:50)=27.9 > 26.0
2026-04-04 12:18:58 | DEBUG    | [20220922] SKIP: VIX(15:50)=26.9 > 26.0
2026-04-04 12:18:58 | DEBUG    | [20220923] SKIP: VIX(15:50)=30.2 > 26.0
2026-04-04 12:18:58 | DEBUG    | [20220926] SKIP: VIX(15:50)=31.7 > 26.0
2026-04-04 12:18:58 | DEBUG    | [20220927] SKIP: VIX(15:50)=32.9 > 26.0
2026-04-04 12:18:58 | DEBUG    | [20220928] SKIP: VIX(15:50)=30.1 > 26.0
2026-04-04 12:18:58 | DEBUG    | [20220929] SKIP: VIX(15:50)=31.9 > 26.0
2026-04-04 12:18:58 | DEBUG    | [20220930] SKIP: VIX(15:50)=31.7 > 26.0
2026-04-04 12:18:58 | DEBUG    | [20221003] SKIP: VIX(15:50)=30.2 > 26.0
2026-04-04 12:18:58 | DEBUG    | [20221004] SKIP: VIX(15:50)=29.0 > 26.0
2026-04-04 12:18:58 | DEBUG    | [20221005] SKIP: VIX(15:50)=28.9 > 26.0
2026-04-04 12:18:58 | DEBUG    | [20221006] SKIP: VIX(15:50)=30.4 > 26.0
2026-04-04 12:18:58 | DEBUG    | [20221007] SKIP: VIX(15:50)=31.4 > 26.0
2026-04-04 12:18:58 | DEBUG    | [20221010] SKIP: VIX(15:50)=32.4 > 26.0
2026-04-04 12:18:58 | DEBUG    | [20221011] SKIP: VIX(15:50)=33.7 > 26.0
2026-04-04 12:18:58 | DEBUG    | [20221012] SKIP: VIX(15:50)=33.8 > 26.0
2026-04-04 12:18:58 | DEBUG    | [20221013] SKIP: VIX(15:50)=32.3 > 26.0
2026-04-04 12:18:58 | DEBUG    | [20221014] SKIP: VIX(15:50)=32.0 > 26.0
2026-04-04 12:18:58 | DEBUG    | [20221017] SKIP: VIX(15:50)=31.1 > 26.0
2026-04-04 12:18:58 | DEBUG    | [20221018] SKIP: VIX(15:50)=30.8 > 26.0
2026-04-04 12:18:58 | DEBUG    | [20221019] SKIP: VIX(15:50)=31.0 > 26.0
2026-04-04 12:18:58 | DEBUG    | [20221020] SKIP: VIX(15:50)=30.2 > 26.0
2026-04-04 12:18:58 | DEBUG    | [20221021] SKIP: VIX(15:50)=30.0 > 26.0
2026-04-04 12:18:58 | DEBUG    | [20221024] SKIP: VIX(15:50)=30.0 > 26.0
2026-04-04 12:18:58 | DEBUG    | [20221025] SKIP: VIX(15:50)=28.3 > 26.0
2026-04-04 12:18:58 | DEBUG    | [20221026] SKIP: VIX(15:50)=27.6 > 26.0
2026-04-04 12:18:58 | DEBUG    | [20221027] SKIP: VIX(15:50)=27.0 > 26.0
2026-04-04 12:18:58 | DEBUG    | [20221103] CALL SPX=3723->3720 | C 3730/3735 x3 | cr=$0.15 settle=$0.00 | P&L=$+39 | eq=$50,497 | dist=5
2026-04-04 12:18:58 | DEBUG    | [20221104] SKIP: Afternoon return=1.155% >= 1.0%
2026-04-04 12:18:58 | DEBUG    | [20221109] SKIP: VIX(15:50)=26.1 > 26.0
2026-04-04 12:18:58 | DEBUG    | [20221110] SKIP: Afternoon return=1.444% >= 1.0%
2026-04-04 12:18:58 | DEBUG    | [20221130] SKIP: Afternoon return=3.175% >= 1.0%
2026-04-04 12:18:58 | DEBUG    | [20221202] TOUCH@15:56 CALL SPX=4071 | C 4070/4075 x5 | cr=$0.50 close=$1.40 | P&L=$-460
2026-04-04 12:18:58 | DEBUG    | [20221202] PUT SPX=4066->4072 | P 4060/4055 x5 | cr=$0.25 settle=$0.00 | P&L=$+115 | eq=$50,152 | dist=3
2026-04-04 12:18:58 | DEBUG    | [20221215] CALL SPX=3894->3896 | C 3900/3905 x5 | cr=$0.40 settle=$0.00 | P&L=$+190 | eq=$50,342 | dist=5
2026-04-04 12:18:58 | DEBUG    | [20221215] PUT SPX=3894->3896 | P 3885/3880 x3 | cr=$0.15 settle=$0.00 | P&L=$+39 | eq=$50,381 | dist=5
2026-04-04 12:18:58 | DEBUG    | [20221222] SKIP: Afternoon return=1.152% >= 1.0%
2026-04-04 12:18:58 | DEBUG    | [20230201] SKIP: Afternoon return=1.542% >= 1.0%
2026-04-04 12:18:58 | DEBUG    | [20230214] TOUCH@15:58 PUT SPX=4137 | P 4140/4135 x5 | cr=$0.50 close=$1.40 | P&L=$-460
2026-04-04 12:18:58 | DEBUG    | [20230214] CALL SPX=4144->4136 | C 4150/4155 x3 | cr=$0.15 settle=$0.00 | P&L=$+39 | eq=$49,960 | dist=3
2026-04-04 12:18:58 | DEBUG    | [20230215] TOUCH@15:59 CALL SPX=4147 | C 4145/4150 x3 | cr=$0.15 close=$0.75 | P&L=$-186
2026-04-04 12:18:58 | DEBUG    | [20230215] PUT SPX=4140->4148 | P 4135/4130 x3 | cr=$0.15 settle=$0.00 | P&L=$+39 | eq=$49,813 | dist=3
2026-04-04 12:18:58 | DEBUG    | [20230307] CALL SPX=3986->3986 | C 3990/3995 x5 | cr=$0.25 settle=$0.00 | P&L=$+115 | eq=$49,928 | dist=3
2026-04-04 12:18:58 | DEBUG    | [20230307] PUT SPX=3986->3986 | P 3980/3975 x3 | cr=$0.10 settle=$0.00 | P&L=$+24 | eq=$49,952 | dist=3
2026-04-04 12:18:58 | DEBUG    | [20230310] CALL SPX=3856->3862 | C 3865/3870 x5 | cr=$0.25 settle=$0.00 | P&L=$+115 | eq=$50,067 | dist=5
2026-04-04 12:18:58 | DEBUG    | [20230310] PUT SPX=3856->3862 | P 3850/3845 x5 | cr=$0.30 settle=$0.00 | P&L=$+140 | eq=$50,207 | dist=5
2026-04-04 12:18:58 | DEBUG    | [20230313] SKIP: VIX(15:50)=26.7 > 26.0
2026-04-04 12:18:58 | DEBUG    | [20230315] SKIP: VIX(15:50)=26.7 > 26.0
2026-04-04 12:18:58 | DEBUG    | [20230406] CALL SPX=4101->4105 | C 4105/4110 x5 | cr=$0.25 settle=$0.00 | P&L=$+115 | eq=$50,322 | dist=3
2026-04-04 12:18:58 | DEBUG    | [20230515] TOUCH@15:59 CALL SPX=4137 | C 4135/4140 x5 | cr=$0.35 close=$0.40 | P&L=$-35
2026-04-04 12:18:58 | DEBUG    | [20230609] CALL SPX=4299->4299 | C 4300/4305 x8 | cr=$0.95 settle=$0.00 | P&L=$+744 | eq=$51,031 | dist=0
2026-04-04 12:18:58 | DEBUG    | [20230613] CALL SPX=4368->4369 | C 4370/4375 x5 | cr=$0.30 settle=$0.00 | P&L=$+140 | eq=$51,171 | dist=0
2026-04-04 12:18:58 | DEBUG    | [20230613] PUT SPX=4368->4369 | P 4365/4360 x3 | cr=$0.20 settle=$0.00 | P&L=$+54 | eq=$51,225 | dist=0
2026-04-04 12:18:58 | DEBUG    | [20230710] PUT SPX=4405->4410 | P 4405/4400 x8 | cr=$1.05 settle=$0.00 | P&L=$+824 | eq=$52,049 | dist=0
2026-04-04 12:18:58 | DEBUG    | [20230719] CALL SPX=4567->4566 | C 4570/4575 x5 | cr=$0.25 settle=$0.00 | P&L=$+115 | eq=$52,164 | dist=0
2026-04-04 12:18:58 | DEBUG    | [20230719] PUT SPX=4567->4566 | P 4565/4560 x7 | cr=$0.55 settle=$0.00 | P&L=$+371 | eq=$52,535 | dist=0
2026-04-04 12:18:58 | DEBUG    | [20230803] TOUCH@15:59 PUT SPX=4501 | P 4505/4500 x8 | cr=$1.05 close=$0.15 | P&L=$+704
2026-04-04 12:18:58 | DEBUG    | [20230807] PUT SPX=4515->4519 | P 4515/4510 x8 | cr=$0.85 settle=$0.00 | P&L=$+664 | eq=$53,903 | dist=0
2026-04-04 12:18:58 | DEBUG    | [20230814] TOUCH@15:56 CALL SPX=4486 | C 4485/4490 x5 | cr=$0.45 close=$1.00 | P&L=$-285
2026-04-04 12:18:58 | DEBUG    | [20230814] PUT SPX=4483->4490 | P 4480/4475 x5 | cr=$0.40 settle=$0.00 | P&L=$+190 | eq=$53,808 | dist=0
2026-04-04 12:18:58 | DEBUG    | [20230821] CALL SPX=4403->4400 | C 4405/4410 x7 | cr=$0.55 settle=$0.00 | P&L=$+371 | eq=$54,179 | dist=0
2026-04-04 12:18:58 | DEBUG    | [20230821] PUT SPX=4403->4400 | P 4400/4395 x5 | cr=$0.35 settle=$0.09 | P&L=$+120 | eq=$54,299 | dist=0
2026-04-04 12:18:58 | DEBUG    | [20230822] CALL SPX=4386->4388 | C 4390/4395 x5 | cr=$0.20 settle=$0.00 | P&L=$+90 | eq=$54,389 | dist=0
2026-04-04 12:18:58 | DEBUG    | [20230822] PUT SPX=4386->4388 | P 4385/4380 x8 | cr=$0.85 settle=$0.00 | P&L=$+664 | eq=$55,053 | dist=0
2026-04-04 12:18:58 | DEBUG    | [20230825] TOUCH@15:56 CALL SPX=4408 | C 4405/4410 x8 | cr=$0.90 close=$2.95 | P&L=$-1656
2026-04-04 12:18:58 | DEBUG    | [20230825] PUT SPX=4403->4406 | P 4400/4395 x8 | cr=$0.80 settle=$0.00 | P&L=$+624 | eq=$54,021 | dist=0
2026-04-04 12:18:58 | DEBUG    | [20231006] CALL SPX=4310->4308 | C 4310/4315 x9 | cr=$1.25 settle=$0.00 | P&L=$+1107 | eq=$55,128 | dist=0
2026-04-04 12:18:58 | DEBUG    | [20231006] PUT SPX=4310->4308 | P 4305/4300 x5 | cr=$0.30 settle=$0.00 | P&L=$+140 | eq=$55,268 | dist=0
2026-04-04 12:18:58 | DEBUG    | [20231009] TOUCH@15:59 CALL SPX=4336 | C 4335/4340 x7 | cr=$0.60 close=$0.50 | P&L=$+56
2026-04-04 12:18:58 | DEBUG    | [20231009] PUT SPX=4333->4336 | P 4330/4325 x5 | cr=$0.40 settle=$0.00 | P&L=$+190 | eq=$55,514 | dist=0
2026-04-04 12:18:58 | DEBUG    | [20231010] CALL SPX=4357->4358 | C 4360/4365 x5 | cr=$0.50 settle=$0.00 | P&L=$+240 | eq=$55,754 | dist=0
2026-04-04 12:18:58 | DEBUG    | [20231010] PUT SPX=4357->4358 | P 4355/4350 x7 | cr=$0.55 settle=$0.00 | P&L=$+371 | eq=$56,125 | dist=0
2026-04-04 12:18:58 | DEBUG    | [20231027] CALL SPX=4113->4117 | C 4120/4125 x3 | cr=$0.15 settle=$0.00 | P&L=$+39 | eq=$56,164 | dist=3
2026-04-04 12:18:58 | DEBUG    | [20231027] PUT SPX=4113->4117 | P 4110/4105 x7 | cr=$0.55 settle=$0.00 | P&L=$+371 | eq=$56,535 | dist=3
2026-04-04 12:18:58 | DEBUG    | [20231101] TOUCH@15:56 CALL SPX=4240 | C 4240/4245 x8 | cr=$1.05 close=$1.80 | P&L=$-616
2026-04-04 12:18:59 | DEBUG    | [20231102] CALL SPX=4320->4318 | C 4320/4325 x8 | cr=$0.80 settle=$0.00 | P&L=$+624 | eq=$56,543 | dist=0
2026-04-04 12:18:59 | DEBUG    | [20231103] TOUCH@15:56 PUT SPX=4358 | P 4360/4355 x8 | cr=$0.65 close=$1.05 | P&L=$-336
2026-04-04 12:18:59 | DEBUG    | [20231108] CALL SPX=4384->4383 | C 4385/4390 x8 | cr=$1.00 settle=$0.00 | P&L=$+784 | eq=$56,991 | dist=0
2026-04-04 12:18:59 | DEBUG    | [20231108] PUT SPX=4384->4383 | P 4380/4375 x3 | cr=$0.15 settle=$0.00 | P&L=$+39 | eq=$57,030 | dist=0
2026-04-04 12:18:59 | DEBUG    | [20231122] CALL SPX=4557->4557 | C 4560/4565 x3 | cr=$0.15 settle=$0.00 | P&L=$+39 | eq=$57,069 | dist=0
2026-04-04 12:18:59 | DEBUG    | [20231122] PUT SPX=4557->4557 | P 4555/4550 x5 | cr=$0.35 settle=$0.00 | P&L=$+165 | eq=$57,234 | dist=0
2026-04-04 12:18:59 | DEBUG    | [20231211] PUT SPX=4620->4622 | P 4620/4615 x5 | cr=$0.50 settle=$0.00 | P&L=$+240 | eq=$57,474 | dist=0
2026-04-04 12:18:59 | DEBUG    | [20231213] SKIP: Afternoon return=1.134% >= 1.0%
2026-04-04 12:18:59 | DEBUG    | [20231221] CALL SPX=4746->4747 | C 4750/4755 x5 | cr=$0.25 settle=$0.00 | P&L=$+115 | eq=$57,589 | dist=0
2026-04-04 12:18:59 | DEBUG    | [20231221] PUT SPX=4746->4747 | P 4745/4740 x8 | cr=$0.95 settle=$0.00 | P&L=$+744 | eq=$58,333 | dist=0
2026-04-04 12:18:59 | DEBUG    | [20240112] CALL SPX=4784->4784 | C 4785/4790 x8 | cr=$0.75 settle=$0.00 | P&L=$+584 | eq=$58,917 | dist=0
2026-04-04 12:18:59 | DEBUG    | [20240112] PUT SPX=4784->4784 | P 4780/4775 x5 | cr=$0.40 settle=$0.00 | P&L=$+190 | eq=$59,107 | dist=0
2026-04-04 12:18:59 | DEBUG    | [20240125] TOUCH@15:56 CALL SPX=4890 | C 4890/4895 x8 | cr=$0.80 close=$0.90 | P&L=$-96
2026-04-04 12:18:59 | DEBUG    | [20240125] PUT SPX=4889->4894 | P 4885/4880 x3 | cr=$0.15 settle=$0.00 | P&L=$+39 | eq=$59,050 | dist=0
2026-04-04 12:18:59 | DEBUG    | [20240207] CALL SPX=4991->4995 | C 4995/5000 x5 | cr=$0.30 settle=$0.05 | P&L=$+115 | eq=$59,165 | dist=0
2026-04-04 12:18:59 | DEBUG    | [20240207] PUT SPX=4991->4995 | P 4990/4985 x8 | cr=$0.75 settle=$0.00 | P&L=$+584 | eq=$59,749 | dist=0
2026-04-04 12:18:59 | DEBUG    | [20240214] TOUCH@15:59 CALL SPX=5000 | C 5000/5005 x3 | cr=$0.10 close=$0.35 | P&L=$-81
2026-04-04 12:18:59 | DEBUG    | [20240214] PUT SPX=4995->5001 | P 4995/4990 x9 | cr=$1.15 settle=$0.00 | P&L=$+1017 | eq=$60,685 | dist=0
2026-04-04 12:18:59 | DEBUG    | [20240308] TOUCH@15:56 PUT SPX=5126 | P 5130/5125 x9 | cr=$1.20 close=$4.20 | P&L=$-2718
2026-04-04 12:18:59 | DEBUG    | [20240308] CALL SPX=5130->5124 | C 5135/5140 x5 | cr=$0.45 settle=$0.00 | P&L=$+215 | eq=$58,182 | dist=0
2026-04-04 12:18:59 | DEBUG    | [20240312] CALL SPX=5177->5175 | C 5180/5185 x5 | cr=$0.35 settle=$0.00 | P&L=$+165 | eq=$58,347 | dist=0
2026-04-04 12:18:59 | DEBUG    | [20240312] PUT SPX=5177->5175 | P 5175/5170 x8 | cr=$0.75 settle=$0.00 | P&L=$+584 | eq=$58,931 | dist=0
2026-04-04 12:18:59 | DEBUG    | [20240423] TOUCH@15:56 PUT SPX=5067 | P 5070/5065 x9 | cr=$1.20 close=$1.50 | P&L=$-288
2026-04-04 12:18:59 | DEBUG    | [20240423] CALL SPX=5071->5071 | C 5075/5080 x5 | cr=$0.25 settle=$0.00 | P&L=$+115 | eq=$58,758 | dist=0
2026-04-04 12:18:59 | DEBUG    | [20240424] CALL SPX=5074->5072 | C 5075/5080 x8 | cr=$1.05 settle=$0.00 | P&L=$+824 | eq=$59,582 | dist=0
2026-04-04 12:18:59 | DEBUG    | [20240424] PUT SPX=5074->5072 | P 5070/5065 x5 | cr=$0.40 settle=$0.00 | P&L=$+190 | eq=$59,772 | dist=0
2026-04-04 12:18:59 | DEBUG    | [20240425] CALL SPX=5047->5048 | C 5050/5055 x7 | cr=$0.60 settle=$0.00 | P&L=$+406 | eq=$60,178 | dist=0
2026-04-04 12:18:59 | DEBUG    | [20240425] PUT SPX=5047->5048 | P 5045/5040 x8 | cr=$1.00 settle=$0.00 | P&L=$+784 | eq=$60,962 | dist=0
2026-04-04 12:18:59 | DEBUG    | [20240426] TOUCH@15:59 PUT SPX=5099 | P 5100/5095 x8 | cr=$0.75 close=$0.40 | P&L=$+264
2026-04-04 12:18:59 | DEBUG    | [20240426] CALL SPX=5103->5100 | C 5105/5110 x7 | cr=$0.60 settle=$0.00 | P&L=$+406 | eq=$61,632 | dist=0
2026-04-04 12:18:59 | DEBUG    | [20240531] SKIP: Afternoon return=1.170% >= 1.0%
2026-04-04 12:18:59 | DEBUG    | [20240613] TOUCH@15:59 PUT SPX=5433 | P 5435/5430 x9 | cr=$1.45 close=$0.15 | P&L=$+1152
2026-04-04 12:18:59 | DEBUG    | [20240613] CALL SPX=5435->5434 | C 5440/5445 x5 | cr=$0.35 settle=$0.00 | P&L=$+165 | eq=$62,949 | dist=0
2026-04-04 12:18:59 | DEBUG    | [20240614] TOUCH@15:56 CALL SPX=5428 | C 5425/5430 x10 | cr=$1.55 close=$1.95 | P&L=$-420
2026-04-04 12:18:59 | DEBUG    | [20240614] PUT SPX=5425->5432 | P 5420/5415 x5 | cr=$0.25 settle=$0.00 | P&L=$+115 | eq=$62,644 | dist=0
2026-04-04 12:18:59 | DEBUG    | [20240705] CALL SPX=5570->5567 | C 5570/5575 x9 | cr=$1.25 settle=$0.00 | P&L=$+1107 | eq=$63,751 | dist=0
2026-04-04 12:18:59 | DEBUG    | [20240705] PUT SPX=5570->5567 | P 5565/5560 x5 | cr=$0.30 settle=$0.00 | P&L=$+140 | eq=$63,891 | dist=0
2026-04-04 12:18:59 | DEBUG    | [20240709] CALL SPX=5578->5577 | C 5580/5585 x8 | cr=$0.85 settle=$0.00 | P&L=$+664 | eq=$64,555 | dist=0
2026-04-04 12:18:59 | DEBUG    | [20240709] PUT SPX=5578->5577 | P 5575/5570 x5 | cr=$0.35 settle=$0.00 | P&L=$+165 | eq=$64,720 | dist=0
2026-04-04 12:18:59 | DEBUG    | [20240719] TOUCH@15:59 CALL SPX=5506 | C 5505/5510 x9 | cr=$1.15 close=$0.45 | P&L=$+612
2026-04-04 12:18:59 | DEBUG    | [20240719] PUT SPX=5503->5505 | P 5500/5495 x9 | cr=$1.20 settle=$0.00 | P&L=$+1062 | eq=$66,394 | dist=0
2026-04-04 12:18:59 | DEBUG    | [20240729] TOUCH@15:57 PUT SPX=5464 | P 5465/5460 x8 | cr=$0.70 close=$1.45 | P&L=$-616
2026-04-04 12:18:59 | DEBUG    | [20240729] CALL SPX=5468->5464 | C 5470/5475 x9 | cr=$1.30 settle=$0.00 | P&L=$+1152 | eq=$66,930 | dist=0
2026-04-04 12:18:59 | DEBUG    | [20240805] SKIP: VIX(15:50)=38.5 > 26.0
2026-04-04 12:18:59 | DEBUG    | [20240806] SKIP: VIX(15:50)=26.2 > 26.0
2026-04-04 12:18:59 | DEBUG    | [20240807] SKIP: VIX(15:50)=27.6 > 26.0
2026-04-04 12:18:59 | DEBUG    | [20240910] CALL SPX=5495->5496 | C 5500/5505 x5 | cr=$0.45 settle=$0.00 | P&L=$+215 | eq=$67,145 | dist=3
2026-04-04 12:18:59 | DEBUG    | [20240910] PUT SPX=5495->5496 | P 5490/5485 x5 | cr=$0.45 settle=$0.00 | P&L=$+215 | eq=$67,360 | dist=3
2026-04-04 12:18:59 | DEBUG    | [20240911] SKIP: Afternoon return=1.207% >= 1.0%
2026-04-04 12:18:59 | DEBUG    | [20240913] CALL SPX=5628->5626 | C 5630/5635 x8 | cr=$1.00 settle=$0.00 | P&L=$+784 | eq=$68,144 | dist=0
2026-04-04 12:18:59 | DEBUG    | [20240913] PUT SPX=5628->5626 | P 5625/5620 x8 | cr=$0.75 settle=$0.00 | P&L=$+584 | eq=$68,728 | dist=0
2026-04-04 12:18:59 | DEBUG    | [20240924] TOUCH@15:58 CALL SPX=5730 | C 5730/5735 x8 | cr=$0.70 close=$1.15 | P&L=$-376
2026-04-04 12:18:59 | DEBUG    | [20240924] PUT SPX=5728->5733 | P 5725/5720 x5 | cr=$0.25 settle=$0.00 | P&L=$+115 | eq=$68,467 | dist=0
2026-04-04 12:18:59 | DEBUG    | [20240926] TOUCH@15:56 CALL SPX=5745 | C 5745/5750 x8 | cr=$0.95 close=$1.15 | P&L=$-176
2026-04-04 12:18:59 | DEBUG    | [20240926] PUT SPX=5744->5745 | P 5740/5735 x3 | cr=$0.10 settle=$0.00 | P&L=$+24 | eq=$68,315 | dist=0
2026-04-04 12:18:59 | DEBUG    | [20241001] CALL SPX=5708->5709 | C 5715/5720 x5 | cr=$0.40 settle=$0.00 | P&L=$+190 | eq=$68,505 | dist=3
2026-04-04 12:18:59 | DEBUG    | [20241001] PUT SPX=5708->5709 | P 5700/5695 x5 | cr=$0.30 settle=$0.00 | P&L=$+140 | eq=$68,645 | dist=3
2026-04-04 12:18:59 | DEBUG    | [20241002] CALL SPX=5711->5710 | C 5715/5720 x8 | cr=$0.70 settle=$0.00 | P&L=$+544 | eq=$69,189 | dist=3
2026-04-04 12:18:59 | DEBUG    | [20241002] PUT SPX=5711->5710 | P 5705/5700 x3 | cr=$0.10 settle=$0.00 | P&L=$+24 | eq=$69,213 | dist=3
2026-04-04 12:18:59 | DEBUG    | [20241008] CALL SPX=5756->5751 | C 5760/5765 x5 | cr=$0.45 settle=$0.00 | P&L=$+215 | eq=$69,428 | dist=3
2026-04-04 12:18:59 | DEBUG    | [20241008] PUT SPX=5756->5751 | P 5750/5745 x3 | cr=$0.15 settle=$0.00 | P&L=$+39 | eq=$69,467 | dist=3
2026-04-04 12:18:59 | DEBUG    | [20241010] PUT SPX=5782->5780 | P 5775/5770 x3 | cr=$0.10 settle=$0.00 | P&L=$+24 | eq=$69,491 | dist=3
2026-04-04 12:18:59 | DEBUG    | [20241016] CALL SPX=5842->5842 | C 5845/5850 x5 | cr=$0.50 settle=$0.00 | P&L=$+240 | eq=$69,731 | dist=3
2026-04-04 12:18:59 | DEBUG    | [20241017] PUT SPX=5844->5841 | P 5840/5835 x3 | cr=$0.15 settle=$0.00 | P&L=$+39 | eq=$69,770 | dist=3
2026-04-04 12:18:59 | DEBUG    | [20241024] PUT SPX=5814->5810 | P 5810/5805 x5 | cr=$0.40 settle=$0.13 | P&L=$+125 | eq=$69,895 | dist=3
2026-04-04 12:18:59 | DEBUG    | [20241025] CALL SPX=5809->5808 | C 5815/5820 x5 | cr=$0.45 settle=$0.00 | P&L=$+215 | eq=$70,110 | dist=3
2026-04-04 12:18:59 | DEBUG    | [20241025] PUT SPX=5809->5808 | P 5805/5800 x8 | cr=$0.65 settle=$0.00 | P&L=$+504 | eq=$70,614 | dist=3
2026-04-04 12:18:59 | DEBUG    | [20241028] TOUCH@15:57 PUT SPX=5824 | P 5825/5820 x3 | cr=$0.15 close=$1.25 | P&L=$-336
2026-04-04 12:18:59 | DEBUG    | [20241028] CALL SPX=5829->5824 | C 5835/5840 x3 | cr=$0.15 settle=$0.00 | P&L=$+39 | eq=$70,317 | dist=3
2026-04-04 12:18:59 | DEBUG    | [20241121] TOUCH@15:59 PUT SPX=5948 | P 5950/5945 x7 | cr=$0.60 close=$1.15 | P&L=$-399
2026-04-04 12:18:59 | DEBUG    | [20241121] CALL SPX=5953->5949 | C 5955/5960 x8 | cr=$0.85 settle=$0.00 | P&L=$+664 | eq=$70,582 | dist=0
2026-04-04 12:18:59 | DEBUG    | [20241122] TOUCH@15:57 CALL SPX=5970 | C 5970/5975 x9 | cr=$1.15 close=$1.05 | P&L=$+72
2026-04-04 12:18:59 | DEBUG    | [20241122] PUT SPX=5970->5969 | P 5965/5960 x5 | cr=$0.25 settle=$0.00 | P&L=$+115 | eq=$70,769 | dist=0
2026-04-04 12:18:59 | DEBUG    | [20241206] CALL SPX=6087->6090 | C 6090/6095 x5 | cr=$0.35 settle=$0.27 | P&L=$+30 | eq=$70,799 | dist=0
2026-04-04 12:18:59 | DEBUG    | [20241206] PUT SPX=6087->6090 | P 6085/6080 x5 | cr=$0.40 settle=$0.00 | P&L=$+190 | eq=$70,989 | dist=0
2026-04-04 12:18:59 | DEBUG    | [20241211] CALL SPX=6085->6084 | C 6085/6090 x8 | cr=$0.95 settle=$0.00 | P&L=$+744 | eq=$71,733 | dist=0
2026-04-04 12:18:59 | DEBUG    | [20250108] CALL SPX=5917->5918 | C 5920/5925 x8 | cr=$0.85 settle=$0.00 | P&L=$+664 | eq=$72,397 | dist=0
2026-04-04 12:18:59 | DEBUG    | [20250108] PUT SPX=5917->5918 | P 5915/5910 x9 | cr=$1.20 settle=$0.00 | P&L=$+1062 | eq=$73,459 | dist=0
2026-04-04 12:18:59 | DEBUG    | [20250116] TOUCH@15:56 PUT SPX=5940 | P 5945/5940 x9 | cr=$1.20 close=$3.20 | P&L=$-1818
2026-04-04 12:18:59 | DEBUG    | [20250116] CALL SPX=5945->5937 | C 5950/5955 x5 | cr=$0.40 settle=$0.00 | P&L=$+190 | eq=$71,831 | dist=0
2026-04-04 12:18:59 | DEBUG    | [20250203] CALL SPX=6002->5995 | C 6005/6010 x9 | cr=$1.15 settle=$0.00 | P&L=$+1017 | eq=$72,848 | dist=3
2026-04-04 12:18:59 | DEBUG    | [20250203] PUT SPX=6002->5995 | P 5995/5990 x5 | cr=$0.50 settle=$0.37 | P&L=$+55 | eq=$72,903 | dist=3
2026-04-04 12:18:59 | DEBUG    | [20250204] CALL SPX=6039->6038 | C 6040/6045 x8 | cr=$1.10 settle=$0.00 | P&L=$+864 | eq=$73,767 | dist=0
2026-04-04 12:18:59 | DEBUG    | [20250204] PUT SPX=6039->6038 | P 6035/6030 x5 | cr=$0.50 settle=$0.00 | P&L=$+240 | eq=$74,007 | dist=0
2026-04-04 12:18:59 | DEBUG    | [20250207] CALL SPX=6029->6026 | C 6030/6035 x9 | cr=$1.20 settle=$0.00 | P&L=$+1062 | eq=$75,069 | dist=0
2026-04-04 12:18:59 | DEBUG    | [20250207] PUT SPX=6029->6026 | P 6025/6020 x5 | cr=$0.50 settle=$0.00 | P&L=$+240 | eq=$75,309 | dist=0
2026-04-04 12:18:59 | DEBUG    | [20250213] TOUCH@15:57 CALL SPX=6116 | C 6115/6120 x7 | cr=$0.60 close=$1.25 | P&L=$-469
2026-04-04 12:18:59 | DEBUG    | [20250213] PUT SPX=6112->6115 | P 6110/6105 x5 | cr=$0.50 settle=$0.00 | P&L=$+240 | eq=$75,080 | dist=0
2026-04-04 12:19:00 | DEBUG    | [20250228] SKIP: Afternoon return=1.428% >= 1.0%
2026-04-04 12:19:00 | DEBUG    | [20250307] SKIP: Afternoon return=1.053% >= 1.0%
2026-04-04 12:19:00 | DEBUG    | [20250310] SKIP: VIX(15:50)=27.9 > 26.0
2026-04-04 12:19:00 | DEBUG    | [20250311] SKIP: VIX(15:50)=26.9 > 26.0
2026-04-04 12:19:00 | DEBUG    | [20250321] TOUCH@15:58 CALL SPX=5668 | C 5665/5670 x5 | cr=$0.45 close=$1.75 | P&L=$-660
2026-04-04 12:19:00 | DEBUG    | [20250321] PUT SPX=5658->5667 | P 5655/5650 x8 | cr=$1.05 settle=$0.00 | P&L=$+824 | eq=$75,244 | dist=3
2026-04-04 12:19:00 | DEBUG    | [20250331] SKIP: Afternoon return=1.129% >= 1.0%
2026-04-04 12:19:00 | DEBUG    | [20250403] SKIP: VIX(15:50)=29.5 > 26.0
2026-04-04 12:19:00 | DEBUG    | [20250404] SKIP: VIX(15:50)=42.9 > 26.0
2026-04-04 12:19:00 | DEBUG    | [20250407] SKIP: VIX(15:50)=48.6 > 26.0
2026-04-04 12:19:00 | DEBUG    | [20250408] SKIP: VIX(15:50)=57.1 > 26.0
2026-04-04 12:19:00 | DEBUG    | [20250409] SKIP: VIX(15:50)=32.5 > 26.0
2026-04-04 12:19:00 | DEBUG    | [20250410] SKIP: VIX(15:50)=46.0 > 26.0
2026-04-04 12:19:00 | DEBUG    | [20250411] SKIP: VIX(15:50)=37.0 > 26.0
2026-04-04 12:19:00 | DEBUG    | [20250414] SKIP: VIX(15:50)=30.2 > 26.0
2026-04-04 12:19:00 | DEBUG    | [20250415] SKIP: VIX(15:50)=29.6 > 26.0
2026-04-04 12:19:00 | DEBUG    | [20250416] SKIP: VIX(15:50)=33.2 > 26.0
2026-04-04 12:19:00 | DEBUG    | [20250417] SKIP: VIX(15:50)=30.5 > 26.0
2026-04-04 12:19:00 | DEBUG    | [20250421] SKIP: VIX(15:50)=33.8 > 26.0
2026-04-04 12:19:00 | DEBUG    | [20250422] SKIP: VIX(15:50)=30.6 > 26.0
2026-04-04 12:19:00 | DEBUG    | [20250423] SKIP: VIX(15:50)=28.5 > 26.0
2026-04-04 12:19:00 | DEBUG    | [20250424] SKIP: VIX(15:50)=26.5 > 26.0
2026-04-04 12:19:00 | DEBUG    | [20250623] SKIP: Afternoon return=1.036% >= 1.0%
2026-04-04 12:19:00 | DEBUG    | [20250716] TOUCH@15:57 CALL SPX=6265 | C 6265/6270 x8 | cr=$0.75 close=$1.05 | P&L=$-256
2026-04-04 12:19:00 | DEBUG    | [20250716] PUT SPX=6263->6264 | P 6260/6255 x5 | cr=$0.40 settle=$0.00 | P&L=$+190 | eq=$75,178 | dist=0
2026-04-04 12:19:00 | DEBUG    | [20250718] CALL SPX=6296->6297 | C 6300/6305 x5 | cr=$0.25 settle=$0.00 | P&L=$+115 | eq=$75,293 | dist=0
2026-04-04 12:19:00 | DEBUG    | [20250718] PUT SPX=6296->6297 | P 6295/6290 x8 | cr=$0.70 settle=$0.00 | P&L=$+544 | eq=$75,837 | dist=0
2026-04-04 12:19:00 | DEBUG    | [20250722] TOUCH@15:57 CALL SPX=6316 | C 6315/6320 x5 | cr=$0.30 close=$0.35 | P&L=$-35
2026-04-04 12:19:00 | DEBUG    | [20250722] PUT SPX=6311->6310 | P 6310/6305 x7 | cr=$0.60 settle=$0.41 | P&L=$+119 | eq=$75,921 | dist=0
2026-04-04 12:19:00 | DEBUG    | [20250804] TOUCH@15:57 CALL SPX=6330 | C 6330/6335 x7 | cr=$0.60 close=$0.70 | P&L=$-84
2026-04-04 12:19:00 | DEBUG    | [20250804] PUT SPX=6327->6330 | P 6325/6320 x7 | cr=$0.55 settle=$0.00 | P&L=$+371 | eq=$76,208 | dist=0
2026-04-04 12:19:00 | DEBUG    | [20250805] TOUCH@15:58 PUT SPX=6298 | P 6300/6295 x8 | cr=$0.80 close=$1.15 | P&L=$-296
2026-04-04 12:19:00 | DEBUG    | [20250805] CALL SPX=6301->6299 | C 6305/6310 x7 | cr=$0.55 settle=$0.00 | P&L=$+371 | eq=$76,283 | dist=0
2026-04-04 12:19:00 | DEBUG    | [20250807] TOUCH@15:56 CALL SPX=6331 | C 6330/6335 x9 | cr=$1.30 close=$1.50 | P&L=$-198
2026-04-04 12:19:00 | DEBUG    | [20250807] PUT SPX=6329->6340 | P 6325/6320 x5 | cr=$0.35 settle=$0.00 | P&L=$+165 | eq=$76,250 | dist=0
2026-04-04 12:19:00 | DEBUG    | [20250814] TOUCH@15:59 PUT SPX=6468 | P 6470/6465 x5 | cr=$0.40 close=$0.25 | P&L=$+65
2026-04-04 12:19:00 | DEBUG    | [20250814] CALL SPX=6473->6469 | C 6475/6480 x7 | cr=$0.60 settle=$0.00 | P&L=$+406 | eq=$76,721 | dist=0
2026-04-04 12:19:00 | DEBUG    | [20250815] CALL SPX=6450->6450 | C 6455/6460 x5 | cr=$0.40 settle=$0.00 | P&L=$+190 | eq=$76,911 | dist=0
2026-04-04 12:19:00 | DEBUG    | [20250815] PUT SPX=6450->6450 | P 6450/6445 x8 | cr=$1.05 settle=$0.21 | P&L=$+656 | eq=$77,567 | dist=0
2026-04-04 12:19:00 | DEBUG    | [20250819] TOUCH@15:56 CALL SPX=6408 | C 6405/6410 x7 | cr=$0.55 close=$1.50 | P&L=$-679
2026-04-04 12:19:00 | DEBUG    | [20250819] PUT SPX=6403->6411 | P 6400/6395 x5 | cr=$0.35 settle=$0.00 | P&L=$+165 | eq=$77,053 | dist=0
2026-04-04 12:19:00 | DEBUG    | [20250820] TOUCH@15:56 PUT SPX=6397 | P 6400/6395 x7 | cr=$0.55 close=$1.25 | P&L=$-504
2026-04-04 12:19:00 | DEBUG    | [20250820] CALL SPX=6403->6396 | C 6405/6410 x8 | cr=$0.85 settle=$0.00 | P&L=$+664 | eq=$77,213 | dist=0
2026-04-04 12:19:00 | DEBUG    | [20250821] TOUCH@15:57 PUT SPX=6369 | P 6370/6365 x9 | cr=$1.25 close=$0.75 | P&L=$+432
2026-04-04 12:19:00 | DEBUG    | [20250821] CALL SPX=6371->6370 | C 6375/6380 x5 | cr=$0.30 settle=$0.00 | P&L=$+140 | eq=$77,785 | dist=0
2026-04-04 12:19:00 | DEBUG    | [20250825] TOUCH@15:57 PUT SPX=6443 | P 6445/6440 x3 | cr=$0.15 close=$0.35 | P&L=$-66
2026-04-04 12:19:00 | DEBUG    | [20250825] CALL SPX=6449->6439 | C 6450/6455 x8 | cr=$0.90 settle=$0.00 | P&L=$+704 | eq=$78,423 | dist=0
2026-04-04 12:19:00 | DEBUG    | [20250902] TOUCH@15:56 CALL SPX=6416 | C 6415/6420 x8 | cr=$0.95 close=$1.40 | P&L=$-376
2026-04-04 12:19:00 | DEBUG    | [20250902] PUT SPX=6414->6416 | P 6410/6405 x7 | cr=$0.60 settle=$0.00 | P&L=$+406 | eq=$78,453 | dist=0
2026-04-04 12:19:00 | DEBUG    | [20250905] TOUCH@15:59 CALL SPX=6482 | C 6480/6485 x5 | cr=$0.25 close=$0.45 | P&L=$-110
2026-04-04 12:19:00 | DEBUG    | [20250905] PUT SPX=6475->6482 | P 6475/6470 x10 | cr=$1.55 settle=$0.00 | P&L=$+1530 | eq=$79,873 | dist=0
2026-04-04 12:19:00 | DEBUG    | [20250909] TOUCH@15:57 CALL SPX=6516 | C 6515/6520 x8 | cr=$0.80 close=$1.30 | P&L=$-416
2026-04-04 12:19:00 | DEBUG    | [20250909] PUT SPX=6514->6513 | P 6510/6505 x5 | cr=$0.25 settle=$0.00 | P&L=$+115 | eq=$79,572 | dist=0
2026-04-04 12:19:00 | DEBUG    | [20250925] CALL SPX=6605->6605 | C 6605/6610 x8 | cr=$1.00 settle=$0.00 | P&L=$+784 | eq=$80,356 | dist=0
2026-04-04 12:19:00 | DEBUG    | [20250925] PUT SPX=6605->6605 | P 6600/6595 x8 | cr=$0.65 settle=$0.00 | P&L=$+504 | eq=$80,860 | dist=0
2026-04-04 12:19:00 | DEBUG    | [20251002] TOUCH@15:57 CALL SPX=6715 | C 6715/6720 x9 | cr=$1.30 close=$1.00 | P&L=$+252
2026-04-04 12:19:00 | DEBUG    | [20251007] TOUCH@15:57 PUT SPX=6712 | P 6715/6710 x8 | cr=$0.75 close=$0.75 | P&L=$-16
2026-04-04 12:19:00 | DEBUG    | [20251007] CALL SPX=6716->6715 | C 6720/6725 x3 | cr=$0.20 settle=$0.00 | P&L=$+54 | eq=$81,150 | dist=0
2026-04-04 12:19:00 | DEBUG    | [20251009] TOUCH@15:56 PUT SPX=6734 | P 6735/6730 x8 | cr=$0.95 close=$1.80 | P&L=$-696
2026-04-04 12:19:00 | DEBUG    | [20251009] CALL SPX=6736->6735 | C 6740/6745 x3 | cr=$0.10 settle=$0.00 | P&L=$+24 | eq=$80,478 | dist=0
2026-04-04 12:19:00 | DEBUG    | [20251013] TOUCH@15:57 PUT SPX=6654 | P 6655/6650 x7 | cr=$0.60 close=$0.80 | P&L=$-154
2026-04-04 12:19:00 | DEBUG    | [20251015] TOUCH@15:57 CALL SPX=6666 | C 6665/6670 x5 | cr=$0.30 close=$0.75 | P&L=$-235
2026-04-04 12:19:00 | DEBUG    | [20251015] PUT SPX=6658->6671 | P 6650/6645 x5 | cr=$0.45 settle=$0.00 | P&L=$+215 | eq=$80,304 | dist=3
2026-04-04 12:19:00 | DEBUG    | [20251017] CALL SPX=6667->6664 | C 6670/6675 x8 | cr=$1.00 settle=$0.00 | P&L=$+784 | eq=$81,088 | dist=3
2026-04-04 12:19:00 | DEBUG    | [20251017] PUT SPX=6667->6664 | P 6660/6655 x5 | cr=$0.25 settle=$0.00 | P&L=$+115 | eq=$81,203 | dist=3
2026-04-04 12:19:00 | DEBUG    | [20251021] TOUCH@15:56 PUT SPX=6743 | P 6745/6740 x8 | cr=$0.65 close=$1.55 | P&L=$-736
2026-04-04 12:19:00 | DEBUG    | [20251021] CALL SPX=6745->6735 | C 6750/6755 x3 | cr=$0.15 settle=$0.00 | P&L=$+39 | eq=$80,506 | dist=0
2026-04-04 12:19:00 | DEBUG    | [20251022] CALL SPX=6701->6699 | C 6705/6710 x5 | cr=$0.30 settle=$0.00 | P&L=$+140 | eq=$80,646 | dist=3
2026-04-04 12:19:00 | DEBUG    | [20251022] PUT SPX=6701->6699 | P 6695/6690 x5 | cr=$0.20 settle=$0.00 | P&L=$+90 | eq=$80,736 | dist=3
2026-04-04 12:19:00 | DEBUG    | [20251103] CALL SPX=6850->6852 | C 6855/6860 x3 | cr=$0.20 settle=$0.00 | P&L=$+54 | eq=$80,790 | dist=0
2026-04-04 12:19:00 | DEBUG    | [20251103] PUT SPX=6850->6852 | P 6850/6845 x9 | cr=$1.15 settle=$0.00 | P&L=$+1017 | eq=$81,807 | dist=0
2026-04-04 12:19:00 | DEBUG    | [20251110] TOUCH@15:56 PUT SPX=6833 | P 6835/6830 x5 | cr=$0.35 close=$1.50 | P&L=$-585
2026-04-04 12:19:00 | DEBUG    | [20251110] CALL SPX=6839->6832 | C 6840/6845 x9 | cr=$1.40 settle=$0.00 | P&L=$+1242 | eq=$82,464 | dist=0
2026-04-04 12:19:00 | DEBUG    | [20251120] SKIP: VIX(15:50)=26.5 > 26.0
2026-04-04 12:19:00 | DEBUG    | [20251121] CALL SPX=6604->6603 | C 6610/6615 x8 | cr=$0.85 settle=$0.00 | P&L=$+664 | eq=$83,128 | dist=5
2026-04-04 12:19:00 | DEBUG    | [20251121] PUT SPX=6604->6603 | P 6595/6590 x5 | cr=$0.50 settle=$0.00 | P&L=$+240 | eq=$83,368 | dist=5
2026-04-04 12:19:00 | DEBUG    | [20251202] TOUCH@15:56 CALL SPX=6831 | C 6830/6835 x9 | cr=$1.45 close=$1.85 | P&L=$-378
2026-04-04 12:19:00 | DEBUG    | [20251202] PUT SPX=6829->6829 | P 6825/6820 x5 | cr=$0.45 settle=$0.00 | P&L=$+215 | eq=$83,205 | dist=0
2026-04-04 12:19:00 | DEBUG    | [20251204] TOUCH@15:57 CALL SPX=6852 | C 6850/6855 x9 | cr=$1.45 close=$1.30 | P&L=$+117
2026-04-04 12:19:00 | DEBUG    | [20251204] PUT SPX=6849->6857 | P 6845/6840 x5 | cr=$0.30 settle=$0.00 | P&L=$+140 | eq=$83,462 | dist=0
2026-04-04 12:19:00 | DEBUG    | [20251208] TOUCH@15:59 CALL SPX=6848 | C 6840/6845 x5 | cr=$0.50 close=$0.70 | P&L=$-110
2026-04-04 12:19:00 | DEBUG    | [20251208] PUT SPX=6836->6847 | P 6835/6830 x8 | cr=$1.00 settle=$0.00 | P&L=$+784 | eq=$84,136 | dist=0
2026-04-04 12:19:00 | DEBUG    | [20251211] TOUCH@15:56 PUT SPX=6894 | P 6895/6890 x7 | cr=$0.55 close=$1.10 | P&L=$-399
2026-04-04 12:19:00 | DEBUG    | [20251211] TOUCH@15:59 CALL SPX=6902 | C 6900/6905 x8 | cr=$0.80 close=$1.40 | P&L=$-496
2026-04-04 12:19:00 | DEBUG    | [20251216] TOUCH@15:59 PUT SPX=6799 | P 6805/6800 x7 | cr=$0.60 close=$1.05 | P&L=$-329
2026-04-04 12:19:00 | DEBUG    | [20251216] CALL SPX=6808->6800 | C 6810/6815 x8 | cr=$1.10 settle=$0.00 | P&L=$+864 | eq=$83,776 | dist=0
2026-04-04 12:19:00 | DEBUG    | [20251229] TOUCH@15:58 CALL SPX=6905 | C 6905/6910 x8 | cr=$0.90 close=$0.60 | P&L=$+224
2026-04-04 12:19:00 | DEBUG    | [20260105] TOUCH@15:57 CALL SPX=6901 | C 6900/6905 x9 | cr=$1.25 close=$1.15 | P&L=$+72
2026-04-04 12:19:00 | DEBUG    | [20260105] PUT SPX=6899->6902 | P 6895/6890 x5 | cr=$0.30 settle=$0.00 | P&L=$+140 | eq=$84,212 | dist=0
2026-04-04 12:19:00 | DEBUG    | [20260108] CALL SPX=6923->6921 | C 6925/6930 x7 | cr=$0.60 settle=$0.00 | P&L=$+406 | eq=$84,618 | dist=0
2026-04-04 12:19:00 | DEBUG    | [20260108] PUT SPX=6923->6921 | P 6920/6915 x5 | cr=$0.40 settle=$0.00 | P&L=$+190 | eq=$84,808 | dist=0
2026-04-04 12:19:00 | DEBUG    | [20260109] TOUCH@15:56 PUT SPX=6968 | P 6970/6965 x5 | cr=$0.40 close=$1.10 | P&L=$-360
2026-04-04 12:19:00 | DEBUG    | [20260109] CALL SPX=6971->6966 | C 6975/6980 x3 | cr=$0.15 settle=$0.00 | P&L=$+39 | eq=$84,487 | dist=0
2026-04-04 12:19:00 | DEBUG    | [20260112] TOUCH@15:56 PUT SPX=6979 | P 6980/6975 x8 | cr=$0.95 close=$1.75 | P&L=$-656
2026-04-04 12:19:00 | DEBUG    | [20260112] CALL SPX=6981->6977 | C 6985/6990 x3 | cr=$0.15 settle=$0.00 | P&L=$+39 | eq=$83,870 | dist=0
2026-04-04 12:19:00 | DEBUG    | [20260120] TOUCH@15:56 CALL SPX=6798 | C 6795/6800 x8 | cr=$0.75 close=$1.85 | P&L=$-896
2026-04-04 12:19:00 | DEBUG    | [20260120] PUT SPX=6791->6797 | P 6785/6780 x5 | cr=$0.45 settle=$0.00 | P&L=$+215 | eq=$83,189 | dist=3
2026-04-04 12:19:00 | DEBUG    | [20260129] TOUCH@15:57 CALL SPX=6966 | C 6965/6970 x7 | cr=$0.60 close=$1.75 | P&L=$-819
2026-04-04 12:19:00 | DEBUG    | [20260129] PUT SPX=6960->6969 | P 6960/6955 x9 | cr=$1.35 settle=$0.00 | P&L=$+1197 | eq=$83,567 | dist=0
2026-04-04 12:19:00 | DEBUG    | [20260203] CALL SPX=6915->6918 | C 6920/6925 x7 | cr=$0.60 settle=$0.00 | P&L=$+406 | eq=$83,973 | dist=3
2026-04-04 12:19:00 | DEBUG    | [20260203] PUT SPX=6915->6918 | P 6910/6905 x5 | cr=$0.40 settle=$0.00 | P&L=$+190 | eq=$84,163 | dist=3
2026-04-04 12:19:00 | DEBUG    | [20260204] CALL SPX=6887->6883 | C 6890/6895 x9 | cr=$1.35 settle=$0.00 | P&L=$+1197 | eq=$85,360 | dist=3
2026-04-04 12:19:00 | DEBUG    | [20260204] PUT SPX=6887->6883 | P 6880/6875 x7 | cr=$0.55 settle=$0.00 | P&L=$+371 | eq=$85,731 | dist=3
2026-04-04 12:19:00 | DEBUG    | [20260205] TOUCH@15:57 CALL SPX=6800 | C 6800/6805 x5 | cr=$0.45 close=$1.00 | P&L=$-285
2026-04-04 12:19:00 | DEBUG    | [20260205] PUT SPX=6792->6798 | P 6785/6780 x5 | cr=$0.45 settle=$0.00 | P&L=$+215 | eq=$85,661 | dist=3
2026-04-04 12:19:00 | DEBUG    | [20260211] TOUCH@15:59 PUT SPX=6940 | P 6945/6940 x8 | cr=$0.75 close=$1.55 | P&L=$-656
2026-04-04 12:19:00 | DEBUG    | [20260211] CALL SPX=6948->6941 | C 6950/6955 x8 | cr=$0.80 settle=$0.00 | P&L=$+624 | eq=$85,629 | dist=0
2026-04-04 12:19:00 | DEBUG    | [20260217] TOUCH@15:59 CALL SPX=6846 | C 6845/6850 x8 | cr=$0.75 close=$0.20 | P&L=$+424
2026-04-04 12:19:00 | DEBUG    | [20260217] PUT SPX=6842->6843 | P 6835/6830 x5 | cr=$0.25 settle=$0.00 | P&L=$+115 | eq=$86,168 | dist=3
2026-04-04 12:19:00 | DEBUG    | [20260219] TOUCH@15:59 CALL SPX=6862 | C 6860/6865 x8 | cr=$0.75 close=$0.65 | P&L=$+64
2026-04-04 12:19:00 | DEBUG    | [20260219] PUT SPX=6856->6862 | P 6850/6845 x5 | cr=$0.45 settle=$0.00 | P&L=$+215 | eq=$86,447 | dist=3
2026-04-04 12:19:00 | DEBUG    | [20260220] TOUCH@15:59 CALL SPX=6910 | C 6910/6915 x5 | cr=$0.50 close=$0.45 | P&L=$+15
2026-04-04 12:19:00 | DEBUG    | [20260226] CALL SPX=6906->6909 | C 6910/6915 x7 | cr=$0.60 settle=$0.00 | P&L=$+406 | eq=$86,868 | dist=3
2026-04-04 12:19:00 | DEBUG    | [20260226] PUT SPX=6906->6909 | P 6900/6895 x5 | cr=$0.25 settle=$0.00 | P&L=$+115 | eq=$86,983 | dist=3
2026-04-04 12:19:00 | DEBUG    | [20260302] CALL SPX=6883->6882 | C 6890/6895 x5 | cr=$0.30 settle=$0.00 | P&L=$+140 | eq=$87,123 | dist=3
2026-04-04 12:19:00 | DEBUG    | [20260302] PUT SPX=6883->6882 | P 6875/6870 x3 | cr=$0.15 settle=$0.00 | P&L=$+39 | eq=$87,162 | dist=3
2026-04-04 12:19:00 | DEBUG    | [20260306] SKIP: VIX(15:50)=29.0 > 26.0
2026-04-04 12:19:00 | DEBUG    | [20260311] PUT SPX=6775->6776 | P 6770/6765 x7 | cr=$0.60 settle=$0.00 | P&L=$+406 | eq=$87,568 | dist=5
2026-04-04 12:19:00 | DEBUG    | [20260312] SKIP: VIX(15:50)=26.8 > 26.0
2026-04-04 12:19:00 | DEBUG    | [20260313] SKIP: VIX(15:50)=27.4 > 26.0
2026-04-04 12:19:00 | DEBUG    | [20260316] PUT SPX=6695->6699 | P 6690/6685 x5 | cr=$0.30 settle=$0.00 | P&L=$+140 | eq=$87,708 | dist=5
2026-04-04 12:19:00 | DEBUG    | [20260318] CALL SPX=6629->6625 | C 6635/6640 x5 | cr=$0.25 settle=$0.00 | P&L=$+115 | eq=$87,823 | dist=5
2026-04-04 12:19:00 | DEBUG    | [20260319] PUT SPX=6605->6606 | P 6600/6595 x5 | cr=$0.30 settle=$0.00 | P&L=$+140 | eq=$87,963 | dist=5
2026-04-04 12:19:00 | DEBUG    | [20260320] SKIP: VIX(15:50)=28.2 > 26.0
2026-04-04 12:19:00 | DEBUG    | [20260323] TOUCH@15:57 PUT SPX=6584 | P 6585/6580 x5 | cr=$0.20 close=$1.45 | P&L=$-635
2026-04-04 12:19:00 | DEBUG    | [20260323] CALL SPX=6593->6581 | C 6600/6605 x3 | cr=$0.20 settle=$0.00 | P&L=$+54 | eq=$87,382 | dist=5
2026-04-04 12:19:00 | DEBUG    | [20260324] SKIP: VIX(15:50)=26.8 > 26.0
2026-04-04 12:19:00 | DEBUG    | [20260325] CALL SPX=6592->6592 | C 6600/6605 x3 | cr=$0.10 settle=$0.00 | P&L=$+24 | eq=$87,406 | dist=5
2026-04-04 12:19:00 | DEBUG    | [20260325] PUT SPX=6592->6592 | P 6585/6580 x3 | cr=$0.20 settle=$0.00 | P&L=$+54 | eq=$87,460 | dist=5
2026-04-04 12:19:00 | INFO     | ============================================================
2026-04-04 12:19:00 | INFO     | SKIP REASONS:
2026-04-04 12:19:00 | INFO     |   afternoon_filter    : 17
2026-04-04 12:19:00 | INFO     |   early_close         : 6
2026-04-04 12:19:00 | INFO     |   no_quotes           : 9
2026-04-04 12:19:00 | INFO     |   spread_compression  : 764
2026-04-04 12:19:00 | INFO     |   vix_intraday        : 137
2026-04-04 12:19:00 | INFO     |   TOTAL TRADES        : 228
2026-04-04 12:19:00 | INFO     | ============================================================
2026-04-04 12:19:00 | INFO     | Trade log snapshot -> /Users/jeerapongwongchote/Documents/thetadata/lastfive/tradelogs_lastfive.csv
2026-04-04 12:19:00 | INFO     | ============================================================
2026-04-04 12:19:00 | INFO     |   LASTFIVE PERFORMANCE REPORT  (Run #44)
2026-04-04 12:19:00 | INFO     | ============================================================
2026-04-04 12:19:00 | INFO     |   Period          : 2022-01-03 -> 2026-03-25
2026-04-04 12:19:00 | INFO     |   Days traded     : 127
2026-04-04 12:19:00 | INFO     |   Total trades    : 228  (wins: 178  losses: 50)
2026-04-04 12:19:00 | INFO     |   Avg trades/day  : 1.8
2026-04-04 12:19:00 | INFO     | ------------------------------------------------------------
2026-04-04 12:19:00 | INFO     |   Total P&L       : $   37,460.00  (net of commission)
2026-04-04 12:19:00 | INFO     |   Gross premium   : $   97,340.00
2026-04-04 12:19:00 | INFO     |   Prem capture    :        38.5%
2026-04-04 12:19:00 | INFO     |   CAGR            :        16.4%  (acct=$50,000)
2026-04-04 12:19:00 | INFO     |   Avg win/trade   : $      344.99
2026-04-04 12:19:00 | INFO     |   Avg loss/trade  : $     -478.96
2026-04-04 12:19:00 | INFO     |   Expectancy      : $      164.30
2026-04-04 12:19:00 | INFO     |   Profit factor   :         2.56x
2026-04-04 12:19:00 | INFO     | ------------------------------------------------------------
2026-04-04 12:19:00 | INFO     |   Max drawdown    : $   -2,718.00  (-7.2%)
2026-04-04 12:19:00 | INFO     |   Calmar ratio    :         3.02
2026-04-04 12:19:00 | INFO     |   Recovery factor :        13.78
2026-04-04 12:19:00 | INFO     |   Time underwater :        39.4%  (50 of 127 days)
2026-04-04 12:19:00 | INFO     |   Max consec loss : 3
2026-04-04 12:19:00 | INFO     | ------------------------------------------------------------
2026-04-04 12:19:00 | INFO     |   VIX adaptive    : ON (ATM<18.0, d3<22.0, d5<26.0)
2026-04-04 12:19:00 | INFO     |   Tiered sizing   : ON ($1500/$2500/$3500)
2026-04-04 12:19:00 | INFO     |   Width / MinCr   : $5 / $0.10
2026-04-04 12:19:00 | INFO     |   Afternoon filter: < 1.0%
2026-04-04 12:19:00 | INFO     |   Put filter      : aftn<-0.75% + mom30<-0.1%
2026-04-04 12:19:00 | INFO     |   Commission      : $0.5/leg
2026-04-04 12:19:00 | INFO     | ------------------------------------------------------------
2026-04-04 12:19:00 | INFO     |   Win rate        :        78.1%
2026-04-04 12:19:00 | INFO     |   Sharpe ratio    :         7.30  (rf=5.0%)
2026-04-04 12:19:00 | INFO     |   Sortino ratio   :         7.40
2026-04-04 12:19:00 | INFO     |   Ann. volatility : $    9,843.68
2026-04-04 12:19:00 | INFO     | ------------------------------------------------------------
2026-04-04 12:19:00 | INFO     |   Best day        : $    1,726.00
2026-04-04 12:19:00 | INFO     |   Worst day       : $   -2,503.00
2026-04-04 12:19:00 | INFO     |   Best trade      : $    1,530.00
2026-04-04 12:19:00 | INFO     |   Worst trade     : $   -2,718.00
2026-04-04 12:19:00 | INFO     | ------------------------------------------------------------
2026-04-04 12:19:00 | INFO     |   Commission total: $    2,810.00
2026-04-04 12:19:00 | INFO     |   Avg BP/trade    : $    2,654.21
2026-04-04 12:19:00 | INFO     |   Avg BP/day      : $    4,765.04
2026-04-04 12:19:00 | INFO     |   Max BP day      : $    6,885.00
2026-04-04 12:19:00 | INFO     | ============================================================
2026-04-04 12:19:00 | INFO     | Results written to /Users/jeerapongwongchote/Documents/thetadata/lastfive/RESULTS.md (latest 3 runs, newest first)
2026-04-04 12:19:00 | INFO     | --------------------------------------------------------------------------------
2026-04-04 12:19:00 | INFO     |   VIX CORRELATION ANALYSIS
2026-04-04 12:19:00 | INFO     | --------------------------------------------------------------------------------
2026-04-04 12:19:00 | INFO     |   VIX Range  |  Trades |  Win Rate |    Avg P&L |    Total P&L |     Max DD
2026-04-04 12:19:00 | INFO     | --------------------------------------------------------------------------------
2026-04-04 12:19:00 | INFO     |   < 15       |      49 |     79.6% | $   165.27 | $   8,098.00 | $-2,718.00
2026-04-04 12:19:00 | INFO     |   15-18      |     105 |     71.4% | $   189.13 | $  19,859.00 | $-1,818.00
2026-04-04 12:19:00 | INFO     |   18-20      |      34 |     82.4% | $   140.82 | $   4,788.00 | $  -952.00
2026-04-04 12:19:00 | INFO     |   20-22      |      24 |     87.5% | $   117.71 | $   2,825.00 | $  -966.00
2026-04-04 12:19:00 | INFO     |   22-26      |      14 |    100.0% | $   176.50 | $   2,471.00 | $     0.00
2026-04-04 12:19:00 | INFO     |   26-30      |       2 |     50.0% | $  -290.50 | $    -581.00 | $  -635.00
2026-04-04 12:19:00 | INFO     |   30+        |       0 |      0.0% | $     0.00 | $       0.00 | $     0.00
2026-04-04 12:19:00 | INFO     | --------------------------------------------------------------------------------
2026-04-04 12:19:00 | INFO     | -----------------------------------------------------------------------------------------------
2026-04-04 12:19:00 | INFO     |   PUT vs CALL SPLIT
2026-04-04 12:19:00 | INFO     | -----------------------------------------------------------------------------------------------
2026-04-04 12:19:00 | INFO     |   Side   |  Trades |      WR |    Avg P&L |    Total P&L |   Avg Win |  Avg Loss |     PF |     Max DD
2026-04-04 12:19:00 | INFO     | -----------------------------------------------------------------------------------------------
2026-04-04 12:19:00 | INFO     |   CALL   |     115 |   75.7% | $   180.37 | $  20,743.00 | $  363.59 | $ -388.89 |  2.90 | $-1,715.00
2026-04-04 12:19:00 | INFO     |   PUT    |     113 |   80.5% | $   147.94 | $  16,717.00 | $  327.21 | $ -593.59 |  2.28 | $-2,718.00
2026-04-04 12:19:00 | INFO     | -----------------------------------------------------------------------------------------------
2026-04-04 12:19:00 | INFO     | --------------------------------------------------------------------------------------------------------------------------------------------
2026-04-04 12:19:00 | INFO     |   YEARLY + MONTHLY BREAKDOWN
2026-04-04 12:19:00 | INFO     | --------------------------------------------------------------------------------------------------------------------------------------------
2026-04-04 12:19:00 | INFO     |   Period         |        P&L | Trades |     WR |  Avg RoR |   Avg P&L |  Avg Risk |   Best Day |  Worst Day |   Drawdown
2026-04-04 12:19:00 | INFO     | --------------------------------------------------------------------------------------------------------------------------------------------
2026-04-04 12:19:00 | INFO     |   2022           | $      381 |      9 |  88.9% |     2.2% | $      42 | $   1,927 | $      229 | $     -345 | $     -460
2026-04-04 12:19:00 | INFO     |     July         | $      165 |      1 | 100.0% |     7.1% | $     165 | $   2,325 | $      165 | $      165 | $        0
2026-04-04 12:19:00 | INFO     |     August       | $      293 |      3 | 100.0% |     5.7% | $      98 | $   1,728 | $      215 | $       78 | $        0
2026-04-04 12:19:00 | INFO     |     November     | $       39 |      1 | 100.0% |     2.7% | $      39 | $   1,455 | $       39 | $       39 | $        0
2026-04-04 12:19:00 | INFO     |     December     | $     -116 |      4 |  75.0% |    -1.4% | $     -29 | $   2,095 | $      229 | $     -345 | $     -460
2026-04-04 12:19:00 | INFO     | --------------------------------------------------------------------------------------------------------------------------------------------
2026-04-04 12:19:00 | INFO     |   2023           | $    7,952 |     44 |  84.1% |     7.1% | $     181 | $   2,540 | $    1,247 | $   -1,032 | $   -1,656
2026-04-04 12:19:00 | INFO     |     February     | $     -568 |      4 |  50.0% |    -8.6% | $    -142 | $   1,654 | $     -147 | $     -421 | $     -607
2026-04-04 12:19:00 | INFO     |     March        | $      394 |      4 | 100.0% |     4.6% | $      98 | $   2,142 | $      255 | $      139 | $        0
2026-04-04 12:19:00 | INFO     |     April        | $      115 |      1 | 100.0% |     4.8% | $     115 | $   2,375 | $      115 | $      115 | $        0
2026-04-04 12:19:00 | INFO     |     May          | $      -35 |      1 |   0.0% |    -1.5% | $     -35 | $   2,325 | $      -35 | $      -35 | $      -35
2026-04-04 12:19:00 | INFO     |     June         | $      938 |      3 | 100.0% |    13.3% | $     313 | $   2,343 | $      744 | $      194 | $        0
2026-04-04 12:19:00 | INFO     |     July         | $    1,310 |      3 | 100.0% |    15.1% | $     437 | $   2,883 | $      824 | $      486 | $        0
2026-04-04 12:19:00 | INFO     |     August       | $    1,486 |     10 |  80.0% |     5.1% | $     149 | $   2,886 | $      754 | $   -1,032 | $   -1,656
2026-04-04 12:19:00 | INFO     |     October      | $    2,514 |      8 | 100.0% |    11.9% | $     314 | $   2,630 | $    1,247 | $      246 | $        0
2026-04-04 12:19:00 | INFO     |     November     | $      699 |      7 |  71.4% |     3.8% | $     100 | $   2,634 | $      823 | $     -616 | $     -616
2026-04-04 12:19:00 | INFO     |     December     | $    1,099 |      3 | 100.0% |    14.0% | $     366 | $   2,622 | $      859 | $      240 | $        0
2026-04-04 12:19:00 | INFO     | --------------------------------------------------------------------------------------------------------------------------------------------
2026-04-04 12:19:00 | INFO     |   2024           | $   13,400 |     61 |  83.6% |     8.2% | $     220 | $   2,692 | $    1,674 | $   -2,503 | $   -2,718
2026-04-04 12:19:00 | INFO     |     January      | $      717 |      4 |  75.0% |     6.8% | $     179 | $   2,629 | $      774 | $      -57 | $      -96
2026-04-04 12:19:00 | INFO     |     February     | $    1,635 |      4 |  75.0% |    15.3% | $     409 | $   2,671 | $      936 | $      699 | $      -81
2026-04-04 12:19:00 | INFO     |     March        | $   -1,754 |      4 |  75.0% |   -15.4% | $    -438 | $   2,855 | $      749 | $   -2,503 | $   -2,718
2026-04-04 12:19:00 | INFO     |     April        | $    2,701 |      8 |  87.5% |    11.2% | $     338 | $   3,002 | $    1,190 | $     -173 | $     -288
2026-04-04 12:19:00 | INFO     |     June         | $    1,012 |      4 |  75.0% |     8.9% | $     253 | $   2,836 | $    1,317 | $     -305 | $     -420
2026-04-04 12:19:00 | INFO     |     July         | $    4,286 |      8 |  87.5% |    17.1% | $     536 | $   3,128 | $    1,674 | $      536 | $     -616
2026-04-04 12:19:00 | INFO     |     September    | $    1,385 |      8 |  75.0% |     6.4% | $     173 | $   2,709 | $    1,368 | $     -261 | $     -437
2026-04-04 12:19:00 | INFO     |     October      | $    2,002 |     14 |  92.9% |     6.8% | $     143 | $   2,102 | $      719 | $     -297 | $     -336
2026-04-04 12:19:00 | INFO     |     November     | $      452 |      4 |  75.0% |     3.7% | $     113 | $   3,060 | $      265 | $      187 | $     -399
2026-04-04 12:19:00 | INFO     |     December     | $      964 |      3 | 100.0% |    12.3% | $     321 | $   2,622 | $      744 | $      220 | $        0
2026-04-04 12:19:00 | INFO     | --------------------------------------------------------------------------------------------------------------------------------------------
2026-04-04 12:19:00 | INFO     |   2025           | $   12,267 |     77 |  67.5% |     5.6% | $     159 | $   2,822 | $    1,726 | $   -1,628 | $   -1,818
2026-04-04 12:19:00 | INFO     |     January      | $       98 |      4 |  75.0% |     0.8% | $      24 | $   3,115 | $    1,726 | $   -1,628 | $   -1,818
2026-04-04 12:19:00 | INFO     |     February     | $    3,249 |      8 |  87.5% |    14.7% | $     406 | $   2,761 | $    1,302 | $     -229 | $     -469
2026-04-04 12:19:00 | INFO     |     March        | $      164 |      2 |  50.0% |     3.0% | $      82 | $   2,718 | $      164 | $      164 | $     -660
2026-04-04 12:19:00 | INFO     |     July         | $      677 |      6 |  66.7% |     4.0% | $     113 | $   2,824 | $      659 | $      -66 | $     -256
2026-04-04 12:19:00 | INFO     |     August       | $    2,502 |     18 |  66.7% |     4.9% | $     139 | $   2,861 | $      846 | $     -514 | $   -1,018
2026-04-04 12:19:00 | INFO     |     September    | $    2,437 |      8 |  62.5% |     9.9% | $     305 | $   3,070 | $    1,420 | $     -301 | $     -416
2026-04-04 12:19:00 | INFO     |     October      | $     -124 |     14 |  64.3% |    -0.3% | $      -9 | $   2,560 | $      899 | $     -697 | $   -1,061
2026-04-04 12:19:00 | INFO     |     November     | $    2,632 |      6 |  83.3% |    16.4% | $     439 | $   2,673 | $    1,071 | $      657 | $     -585
2026-04-04 12:19:00 | INFO     |     December     | $      632 |     11 |  54.5% |     1.9% | $      57 | $   2,947 | $      674 | $     -895 | $   -1,224
2026-04-04 12:19:00 | INFO     | --------------------------------------------------------------------------------------------------------------------------------------------
2026-04-04 12:19:00 | INFO     |   2026           | $    3,460 |     37 |  81.1% |     3.7% | $      94 | $   2,555 | $    1,568 | $     -681 | $   -2,438
2026-04-04 12:19:00 | INFO     |     January      | $     -433 |     12 |  66.7% |    -1.4% | $     -36 | $   2,633 | $      596 | $     -681 | $   -2,438
2026-04-04 12:19:00 | INFO     |     February     | $    3,416 |     15 |  86.7% |     8.1% | $     228 | $   2,816 | $    1,568 | $      -70 | $     -726
2026-04-04 12:19:00 | INFO     |     March        | $      477 |     10 |  90.0% |     2.3% | $      48 | $   2,071 | $      406 | $     -581 | $     -635
2026-04-04 12:19:00 | INFO     | --------------------------------------------------------------------------------------------------------------------------------------------
2026-04-04 12:19:00 | INFO     |   TOTAL          | $   37,460 |    228 |  78.1% |     6.2% | $     164 | $   2,654 | $    1,726 | $   -2,503 | $   -2,718
2026-04-04 12:19:00 | INFO     | --------------------------------------------------------------------------------------------------------------------------------------------
2026-04-04 12:19:00 | INFO     |   (SPY monthly data not available — skipping strategy vs SPY)
2026-04-04 12:19:00 | INFO     | ------------------------------------------------------------------------------------------
2026-04-04 12:19:00 | INFO     |   WORST 30 DAYS
2026-04-04 12:19:00 | INFO     | ------------------------------------------------------------------------------------------
2026-04-04 12:19:00 | INFO     |   Date         |    Day P&L |    VIX |   Call P&L |    Put P&L | Trades
2026-04-04 12:19:00 | INFO     | ------------------------------------------------------------------------------------------
2026-04-04 12:19:00 | INFO     |   2024-03-08   | $-2,503.00 |    N/A | $   215.00 | $-2,718.00 |      2
2026-04-04 12:19:00 | INFO     |   2025-01-16   | $-1,628.00 |    N/A | $   190.00 | $-1,818.00 |      2
2026-04-04 12:19:00 | INFO     |   2023-08-25   | $-1,032.00 |    N/A | $-1,656.00 | $   624.00 |      2
2026-04-04 12:19:00 | INFO     |   2025-12-11   | $  -895.00 |    N/A | $  -496.00 | $  -399.00 |      2
2026-04-04 12:19:00 | INFO     |   2025-10-21   | $  -697.00 |    N/A | $    39.00 | $  -736.00 |      2
2026-04-04 12:19:00 | INFO     |   2026-01-20   | $  -681.00 |    N/A | $  -896.00 | $   215.00 |      2
2026-04-04 12:19:00 | INFO     |   2025-10-09   | $  -672.00 |    N/A | $    24.00 | $  -696.00 |      2
2026-04-04 12:19:00 | INFO     |   2026-01-12   | $  -617.00 |    N/A | $    39.00 | $  -656.00 |      2
2026-04-04 12:19:00 | INFO     |   2023-11-01   | $  -616.00 |    N/A | $  -616.00 | $     0.00 |      1
2026-04-04 12:19:00 | INFO     |   2026-03-23   | $  -581.00 |    N/A | $    54.00 | $  -635.00 |      2
2026-04-04 12:19:00 | INFO     |   2025-08-19   | $  -514.00 |    N/A | $  -679.00 | $   165.00 |      2
2026-04-04 12:19:00 | INFO     |   2023-02-14   | $  -421.00 |    N/A | $    39.00 | $  -460.00 |      2
2026-04-04 12:19:00 | INFO     |   2022-12-02   | $  -345.00 |    N/A | $  -460.00 | $   115.00 |      2
2026-04-04 12:19:00 | INFO     |   2023-11-03   | $  -336.00 |    N/A | $     0.00 | $  -336.00 |      1
2026-04-04 12:19:00 | INFO     |   2026-01-09   | $  -321.00 |    N/A | $    39.00 | $  -360.00 |      2
2026-04-04 12:19:00 | INFO     |   2024-06-14   | $  -305.00 |    N/A | $  -420.00 | $   115.00 |      2
2026-04-04 12:19:00 | INFO     |   2025-09-09   | $  -301.00 |    N/A | $  -416.00 | $   115.00 |      2
2026-04-04 12:19:00 | INFO     |   2024-10-28   | $  -297.00 |    N/A | $    39.00 | $  -336.00 |      2
2026-04-04 12:19:00 | INFO     |   2024-09-24   | $  -261.00 |    N/A | $  -376.00 | $   115.00 |      2
2026-04-04 12:19:00 | INFO     |   2025-02-13   | $  -229.00 |    N/A | $  -469.00 | $   240.00 |      2
2026-04-04 12:19:00 | INFO     |   2024-04-23   | $  -173.00 |    N/A | $   115.00 | $  -288.00 |      2
2026-04-04 12:19:00 | INFO     |   2025-12-02   | $  -163.00 |    N/A | $  -378.00 | $   215.00 |      2
2026-04-04 12:19:00 | INFO     |   2025-10-13   | $  -154.00 |    N/A | $     0.00 | $  -154.00 |      1
2026-04-04 12:19:00 | INFO     |   2024-09-26   | $  -152.00 |    N/A | $  -176.00 | $    24.00 |      2
2026-04-04 12:19:00 | INFO     |   2023-02-15   | $  -147.00 |    N/A | $  -186.00 | $    39.00 |      2
2026-04-04 12:19:00 | INFO     |   2023-08-14   | $   -95.00 |    N/A | $  -285.00 | $   190.00 |      2
2026-04-04 12:19:00 | INFO     |   2026-02-05   | $   -70.00 |    N/A | $  -285.00 | $   215.00 |      2
2026-04-04 12:19:00 | INFO     |   2025-07-16   | $   -66.00 |    N/A | $  -256.00 | $   190.00 |      2
2026-04-04 12:19:00 | INFO     |   2024-01-25   | $   -57.00 |    N/A | $   -96.00 | $    39.00 |      2
2026-04-04 12:19:00 | INFO     |   2023-05-15   | $   -35.00 |    N/A | $   -35.00 | $     0.00 |      1
2026-04-04 12:19:00 | INFO     | ------------------------------------------------------------------------------------------
2026-04-04 12:19:00 | INFO     | ----------------------------------------------------------------------
2026-04-04 12:19:00 | INFO     |   SEASONALITY — DAY OF WEEK
2026-04-04 12:19:00 | INFO     | ----------------------------------------------------------------------
2026-04-04 12:19:00 | INFO     |   Day   |  Trades |      WR |    Total P&L |    Avg P&L |     Max DD
2026-04-04 12:19:00 | INFO     | ----------------------------------------------------------------------
2026-04-04 12:19:00 | INFO     |   Mon   |      38 |   71.1% | $   6,591.00 | $   173.45 | $  -933.00
2026-04-04 12:19:00 | INFO     |   Tue   |      50 |   74.0% | $   4,080.00 | $    81.60 | $-1,968.00
2026-04-04 12:19:00 | INFO     |   Wed   |      37 |   81.1% | $   9,116.00 | $   246.38 | $  -656.00
2026-04-04 12:19:00 | INFO     |   Thu   |      54 |   79.6% | $   6,791.00 | $   125.76 | $-2,097.00
2026-04-04 12:19:00 | INFO     |   Fri   |      49 |   83.7% | $  10,882.00 | $   222.08 | $-2,718.00
2026-04-04 12:19:00 | INFO     | ----------------------------------------------------------------------
2026-04-04 12:19:00 | INFO     | ----------------------------------------------------------------------
2026-04-04 12:19:00 | INFO     |   SEASONALITY — MONTH
2026-04-04 12:19:00 | INFO     | ----------------------------------------------------------------------
2026-04-04 12:19:00 | INFO     |   Month |  Trades |      WR |    Total P&L |    Avg P&L |     Max DD
2026-04-04 12:19:00 | INFO     | ----------------------------------------------------------------------
2026-04-04 12:19:00 | INFO     |   Jan   |      20 |   70.0% | $     382.00 | $    19.10 | $-3,258.00
2026-04-04 12:19:00 | INFO     |   Feb   |      31 |   80.6% | $   7,732.00 | $   249.42 | $  -726.00
2026-04-04 12:19:00 | INFO     |   Mar   |      20 |   85.0% | $    -719.00 | $   -35.95 | $-2,718.00
2026-04-04 12:19:00 | INFO     |   Apr   |       9 |   88.9% | $   2,816.00 | $   312.89 | $  -288.00
2026-04-04 12:19:00 | INFO     |   May   |       1 |    0.0% | $     -35.00 | $   -35.00 | $   -35.00
2026-04-04 12:19:00 | INFO     |   Jun   |       7 |   85.7% | $   1,950.00 | $   278.57 | $  -420.00
2026-04-04 12:19:00 | INFO     |   Jul   |      18 |   83.3% | $   6,438.00 | $   357.67 | $  -616.00
2026-04-04 12:19:00 | INFO     |   Aug   |      31 |   74.2% | $   4,281.00 | $   138.10 | $-1,656.00
2026-04-04 12:19:00 | INFO     |   Sep   |      16 |   68.8% | $   3,822.00 | $   238.88 | $  -789.00
2026-04-04 12:19:00 | INFO     |   Oct   |      36 |   83.3% | $   4,392.00 | $   122.00 | $-1,068.00
2026-04-04 12:19:00 | INFO     |   Nov   |      18 |   77.8% | $   3,822.00 | $   212.33 | $  -616.00
2026-04-04 12:19:00 | INFO     |   Dec   |      21 |   71.4% | $   2,579.00 | $   122.81 | $-1,224.00
2026-04-04 12:19:00 | INFO     | ----------------------------------------------------------------------
2026-04-04 12:19:00 | INFO     | --------------------------------------------------------------------------------
2026-04-04 12:19:00 | INFO     |   CALENDAR / ECON EVENT ANALYSIS
2026-04-04 12:19:00 | INFO     | --------------------------------------------------------------------------------
2026-04-04 12:19:00 | INFO     |   Event              |  Trades |      WR |    Total P&L |    Avg P&L |     Max DD
2026-04-04 12:19:00 | INFO     | --------------------------------------------------------------------------------
2026-04-04 12:19:00 | INFO     |   FOMC               |       2 |   50.0% | $    -501.00 | $  -250.50 | $  -616.00
2026-04-04 12:19:00 | INFO     |   Triple Witching    |       2 |   50.0% | $     164.00 | $    82.00 | $  -660.00
2026-04-04 12:19:00 | INFO     |   End of Month       |      65 |   76.9% | $   7,620.00 | $   117.23 | $-2,517.00
2026-04-04 12:19:00 | INFO     |   Monday             |      38 |   71.1% | $   6,591.00 | $   173.45 | $  -933.00
2026-04-04 12:19:00 | INFO     |   Friday             |      49 |   83.7% | $  10,882.00 | $   222.08 | $-2,718.00
2026-04-04 12:19:00 | INFO     |   Normal days        |      99 |   77.8% | $  15,402.00 | $   155.58 | $-2,530.00
2026-04-04 12:19:00 | INFO     | --------------------------------------------------------------------------------
