2026-04-04 15:47:23 | INFO     | Log file  : /Users/jeerapongwongchote/Documents/thetadata/lastfive/logs/lastfive_20260404_154723.log
2026-04-04 15:47:23 | INFO     | ============================================================
2026-04-04 15:47:23 | INFO     |   RECENT RUN HISTORY
2026-04-04 15:47:23 | INFO     | ------------------------------------------------------------
2026-04-04 15:47:23 | INFO     |   #77 2026-04-04T15:45 | P&L=$   319,474 | WR=74.3% | 1439 trades
2026-04-04 15:47:23 | INFO     |   #78 2026-04-04T15:45 | P&L=$   208,040 | WR=74.2% | 989 trades
2026-04-04 15:47:23 | INFO     |   #79 2026-04-04T15:45 | P&L=$    79,081 | WR=73.5% | 366 trades
2026-04-04 15:47:23 | INFO     |   #80 2026-04-04T15:46 | P&L=$   193,524 | WR=74.8% | 896 trades
2026-04-04 15:47:23 | INFO     |   #81 2026-04-04T15:47 | P&L=$   185,181 | WR=75.9% | 941 trades
2026-04-04 15:47:23 | INFO     | ============================================================
2026-04-04 15:47:23 | INFO     | ============================================================
2026-04-04 15:47:23 | INFO     | LASTFIVE BACKTEST — Short Call Spread 5 Min Before Close
2026-04-04 15:47:23 | INFO     | Period       : 2025-01-01 -> 2026-03-25
2026-04-04 15:47:23 | INFO     | Sides        : CALL+PUT
2026-04-04 15:47:23 | INFO     | VIX adaptive : ON (ATM<18.0, d3<22.0, d5<26.0)
2026-04-04 15:47:23 | INFO     | Spread width : $5.0
2026-04-04 15:47:23 | INFO     | Tiered sizing: ON ($1500.0/$2500.0/$3500.0)
2026-04-04 15:47:23 | INFO     | Min credit   : $0.1
2026-04-04 15:47:23 | INFO     | Put filter   : aftn<-0.75% + mom30<-0.1% (ON)
2026-04-04 15:47:23 | INFO     | Stop-loss    : buy back if SPX moves $2.0+ at 15:56,15:57 (OFF)
2026-04-04 15:47:23 | INFO     | Afternoon    : < 1.0% (ON)
2026-04-04 15:47:23 | INFO     | VIX(15:50)   : <= 26.0 (ON)
2026-04-04 15:47:23 | INFO     | ============================================================
2026-04-04 15:47:23 | INFO     | Building daily indicators...
2026-04-04 15:47:34 | INFO     |   -> 1066 daily bars loaded
2026-04-04 15:47:34 | INFO     | Trading dates: 307 (from 20250102 to 20260325)
2026-04-04 15:47:34 | DEBUG    | [20250102] CALL SPX=5865->5869 | C 5870/5875 x8 | cr=$0.95 settle=$0.00 | P&L=$+744 | eq=$50,744 | dist=0
2026-04-04 15:47:34 | DEBUG    | [20250102] PUT SPX=5865->5869 | P 5865/5860 x10 | cr=$1.70 settle=$0.00 | P&L=$+1680 | eq=$52,424 | dist=0
2026-04-04 15:47:34 | DEBUG    | [20250103] TOUCH@15:55 CALL SPX=5941 | C 5940/5945 x8 | cr=$0.65 close=$0.75 | P&L=$-96
2026-04-04 15:47:34 | DEBUG    | [20250103] PUT SPX=5935->5942 | P 5935/5930 x10 | cr=$1.50 settle=$0.00 | P&L=$+1480 | eq=$53,808 | dist=0
2026-04-04 15:47:34 | DEBUG    | [20250106] TOUCH@15:59 CALL SPX=5976 | C 5975/5980 x5 | cr=$0.50 close=$0.25 | P&L=$+115
2026-04-04 15:47:34 | DEBUG    | [20250106] PUT SPX=5970->5975 | P 5970/5965 x10 | cr=$1.55 settle=$0.00 | P&L=$+1530 | eq=$55,453 | dist=0
2026-04-04 15:47:34 | DEBUG    | [20250107] TOUCH@15:57 CALL SPX=5910 | C 5910/5915 x8 | cr=$0.95 close=$1.05 | P&L=$-96
2026-04-04 15:47:34 | DEBUG    | [20250107] PUT SPX=5905->5909 | P 5900/5895 x8 | cr=$0.80 settle=$0.00 | P&L=$+624 | eq=$55,981 | dist=3
2026-04-04 15:47:34 | DEBUG    | [20250108] CALL SPX=5915->5918 | C 5920/5925 x8 | cr=$0.70 settle=$0.00 | P&L=$+544 | eq=$56,525 | dist=0
2026-04-04 15:47:34 | DEBUG    | [20250108] PUT SPX=5915->5918 | P 5915/5910 x10 | cr=$1.65 settle=$0.00 | P&L=$+1630 | eq=$58,155 | dist=0
2026-04-04 15:47:34 | DEBUG    | [20250110] TOUCH@15:54 CALL SPX=5831 | C 5830/5835 x8 | cr=$0.65 close=$1.45 | P&L=$-656
2026-04-04 15:47:34 | DEBUG    | [20250110] PUT SPX=5824->5827 | P 5820/5815 x8 | cr=$1.00 settle=$0.00 | P&L=$+784 | eq=$58,283 | dist=3
2026-04-04 15:47:35 | DEBUG    | [20250113] TOUCH@15:55 CALL SPX=5836 | C 5835/5840 x8 | cr=$0.90 close=$1.10 | P&L=$-176
2026-04-04 15:47:35 | DEBUG    | [20250113] PUT SPX=5832->5836 | P 5825/5820 x5 | cr=$0.45 settle=$0.00 | P&L=$+215 | eq=$58,322 | dist=3
2026-04-04 15:47:35 | DEBUG    | [20250114] TOUCH@15:59 CALL SPX=5843 | C 5840/5845 x8 | cr=$1.05 close=$0.25 | P&L=$+624
2026-04-04 15:47:35 | DEBUG    | [20250114] PUT SPX=5837->5843 | P 5830/5825 x5 | cr=$0.45 settle=$0.00 | P&L=$+215 | eq=$59,161 | dist=3
2026-04-04 15:47:35 | DEBUG    | [20250115] TOUCH@15:59 PUT SPX=5949 | P 5950/5945 x8 | cr=$0.90 close=$0.60 | P&L=$+224
2026-04-04 15:47:35 | DEBUG    | [20250115] CALL SPX=5954->5950 | C 5955/5960 x9 | cr=$1.25 settle=$0.00 | P&L=$+1107 | eq=$60,492 | dist=0
2026-04-04 15:47:35 | DEBUG    | [20250116] TOUCH@15:55 PUT SPX=5941 | P 5945/5940 x5 | cr=$0.50 close=$1.45 | P&L=$-485
2026-04-04 15:47:35 | DEBUG    | [20250116] CALL SPX=5950->5937 | C 5950/5955 x10 | cr=$1.50 settle=$0.00 | P&L=$+1480 | eq=$61,487 | dist=0
2026-04-04 15:47:35 | DEBUG    | [20250117] TOUCH@15:53 CALL SPX=6003 | C 6000/6005 x11 | cr=$1.85 close=$2.25 | P&L=$-462
2026-04-04 15:47:35 | DEBUG    | [20250117] PUT SPX=5999->5997 | P 5995/5990 x7 | cr=$0.60 settle=$0.00 | P&L=$+406 | eq=$61,431 | dist=0
2026-04-04 15:47:35 | DEBUG    | [20250121] TOUCH@15:56 CALL SPX=6050 | C 6050/6055 x7 | cr=$0.60 close=$0.85 | P&L=$-189
2026-04-04 15:47:35 | DEBUG    | [20250121] PUT SPX=6047->6049 | P 6045/6040 x8 | cr=$0.75 settle=$0.00 | P&L=$+584 | eq=$61,826 | dist=0
2026-04-04 15:47:35 | DEBUG    | [20250122] TOUCH@15:54 CALL SPX=6088 | C 6085/6090 x9 | cr=$1.45 close=$1.45 | P&L=$-18
2026-04-04 15:47:35 | DEBUG    | [20250122] PUT SPX=6085->6086 | P 6080/6075 x5 | cr=$0.25 settle=$0.00 | P&L=$+115 | eq=$61,923 | dist=0
2026-04-04 15:47:35 | DEBUG    | [20250123] TOUCH@15:55 CALL SPX=6112 | C 6110/6115 x5 | cr=$0.40 close=$0.90 | P&L=$-260
2026-04-04 15:47:35 | DEBUG    | [20250123] PUT SPX=6106->6119 | P 6105/6100 x8 | cr=$1.10 settle=$0.00 | P&L=$+864 | eq=$62,527 | dist=0
2026-04-04 15:47:35 | DEBUG    | [20250124] TOUCH@15:53 CALL SPX=6095 | C 6095/6100 x9 | cr=$1.30 close=$2.25 | P&L=$-873
2026-04-04 15:47:35 | DEBUG    | [20250124] PUT SPX=6094->6101 | P 6090/6085 x8 | cr=$0.80 settle=$0.00 | P&L=$+624 | eq=$62,278 | dist=0
2026-04-04 15:47:35 | DEBUG    | [20250127] TOUCH@15:56 CALL SPX=6006 | C 6005/6010 x8 | cr=$0.85 close=$1.40 | P&L=$-456
2026-04-04 15:47:35 | DEBUG    | [20250127] PUT SPX=5999->6012 | P 5995/5990 x8 | cr=$0.85 settle=$0.00 | P&L=$+664 | eq=$62,486 | dist=1
2026-04-04 15:47:35 | DEBUG    | [20250128] TOUCH@15:54 CALL SPX=6072 | C 6070/6075 x10 | cr=$1.55 close=$1.30 | P&L=$+230
2026-04-04 15:47:35 | DEBUG    | [20250128] PUT SPX=6070->6068 | P 6065/6060 x5 | cr=$0.50 settle=$0.00 | P&L=$+240 | eq=$62,956 | dist=0
2026-04-04 15:47:35 | DEBUG    | [20250129] TOUCH@15:55 CALL SPX=6040 | C 6040/6045 x9 | cr=$1.15 close=$1.65 | P&L=$-468
2026-04-04 15:47:35 | DEBUG    | [20250129] PUT SPX=6036->6039 | P 6035/6030 x10 | cr=$1.60 settle=$0.00 | P&L=$+1580 | eq=$64,068 | dist=0
2026-04-04 15:47:35 | DEBUG    | [20250203] CALL SPX=6002->5995 | C 6010/6015 x8 | cr=$0.75 settle=$0.00 | P&L=$+584 | eq=$64,652 | dist=3
2026-04-04 15:47:35 | DEBUG    | [20250203] PUT SPX=6002->5995 | P 5995/5990 x8 | cr=$0.70 settle=$0.37 | P&L=$+248 | eq=$64,900 | dist=3
2026-04-04 15:47:35 | DEBUG    | [20250204] TOUCH@15:53 CALL SPX=6037 | C 6035/6040 x10 | cr=$1.60 close=$1.75 | P&L=$-170
2026-04-04 15:47:35 | DEBUG    | [20250204] PUT SPX=6034->6038 | P 6030/6025 x7 | cr=$0.55 settle=$0.00 | P&L=$+371 | eq=$65,101 | dist=0
2026-04-04 15:47:35 | DEBUG    | [20250205] TOUCH@15:55 CALL SPX=6057 | C 6055/6060 x8 | cr=$0.75 close=$1.40 | P&L=$-536
2026-04-04 15:47:35 | DEBUG    | [20250205] PUT SPX=6052->6061 | P 6050/6045 x7 | cr=$0.60 settle=$0.00 | P&L=$+406 | eq=$64,971 | dist=0
2026-04-04 15:47:35 | DEBUG    | [20250206] TOUCH@15:53 CALL SPX=6077 | C 6075/6080 x10 | cr=$1.65 close=$2.30 | P&L=$-670
2026-04-04 15:47:35 | DEBUG    | [20250206] PUT SPX=6074->6084 | P 6070/6065 x5 | cr=$0.50 settle=$0.00 | P&L=$+240 | eq=$64,541 | dist=0
2026-04-04 15:47:35 | DEBUG    | [20250207] TOUCH@15:53 CALL SPX=6030 | C 6030/6035 x9 | cr=$1.35 close=$1.95 | P&L=$-558
2026-04-04 15:47:35 | DEBUG    | [20250207] PUT SPX=6029->6026 | P 6025/6020 x8 | cr=$0.65 settle=$0.00 | P&L=$+504 | eq=$64,487 | dist=0
2026-04-04 15:47:35 | DEBUG    | [20250210] TOUCH@15:55 CALL SPX=6067 | C 6065/6070 x8 | cr=$1.05 close=$1.40 | P&L=$-296
2026-04-04 15:47:35 | DEBUG    | [20250210] PUT SPX=6063->6066 | P 6060/6055 x7 | cr=$0.55 settle=$0.00 | P&L=$+371 | eq=$64,562 | dist=0
2026-04-04 15:47:35 | DEBUG    | [20250211] CALL SPX=6066->6069 | C 6070/6075 x8 | cr=$0.75 settle=$0.00 | P&L=$+584 | eq=$65,146 | dist=0
2026-04-04 15:47:35 | DEBUG    | [20250211] PUT SPX=6066->6069 | P 6065/6060 x8 | cr=$0.70 settle=$0.00 | P&L=$+544 | eq=$65,690 | dist=0
2026-04-04 15:47:35 | DEBUG    | [20250212] TOUCH@15:55 CALL SPX=6051 | C 6050/6055 x5 | cr=$0.50 close=$0.80 | P&L=$-160
2026-04-04 15:47:35 | DEBUG    | [20250212] PUT SPX=6046->6052 | P 6045/6040 x8 | cr=$0.95 settle=$0.00 | P&L=$+744 | eq=$66,274 | dist=0
2026-04-04 15:47:35 | DEBUG    | [20250213] TOUCH@15:57 CALL SPX=6116 | C 6115/6120 x7 | cr=$0.60 close=$1.25 | P&L=$-469
2026-04-04 15:47:35 | DEBUG    | [20250213] PUT SPX=6111->6115 | P 6110/6105 x8 | cr=$0.75 settle=$0.00 | P&L=$+584 | eq=$66,389 | dist=0
2026-04-04 15:47:35 | DEBUG    | [20250214] TOUCH@15:59 PUT SPX=6114 | P 6115/6110 x8 | cr=$0.85 close=$0.30 | P&L=$+424
2026-04-04 15:47:35 | DEBUG    | [20250214] CALL SPX=6116->6115 | C 6120/6125 x8 | cr=$0.65 settle=$0.00 | P&L=$+504 | eq=$67,317 | dist=0
2026-04-04 15:47:35 | DEBUG    | [20250218] TOUCH@15:54 CALL SPX=6118 | C 6115/6120 x9 | cr=$1.35 close=$1.30 | P&L=$+27
2026-04-04 15:47:35 | DEBUG    | [20250218] PUT SPX=6114->6130 | P 6110/6105 x5 | cr=$0.35 settle=$0.00 | P&L=$+165 | eq=$67,509 | dist=0
2026-04-04 15:47:35 | DEBUG    | [20250220] CALL SPX=6118->6118 | C 6120/6125 x9 | cr=$1.15 settle=$0.00 | P&L=$+1017 | eq=$68,526 | dist=0
2026-04-04 15:47:35 | DEBUG    | [20250220] PUT SPX=6118->6118 | P 6115/6110 x8 | cr=$0.75 settle=$0.00 | P&L=$+584 | eq=$69,110 | dist=0
2026-04-04 15:47:35 | DEBUG    | [20250221] CALL SPX=6017->6013 | C 6025/6030 x7 | cr=$0.60 settle=$0.00 | P&L=$+406 | eq=$69,516 | dist=3
2026-04-04 15:47:35 | DEBUG    | [20250221] PUT SPX=6017->6013 | P 6010/6005 x5 | cr=$0.50 settle=$0.00 | P&L=$+240 | eq=$69,756 | dist=3
2026-04-04 15:47:35 | DEBUG    | [20250224] TOUCH@15:54 PUT SPX=5987 | P 5990/5985 x7 | cr=$0.60 close=$1.95 | P&L=$-959
2026-04-04 15:47:35 | DEBUG    | [20250224] CALL SPX=5995->5983 | C 6000/6005 x8 | cr=$1.00 settle=$0.00 | P&L=$+784 | eq=$69,581 | dist=3
2026-04-04 15:47:35 | DEBUG    | [20250225] CALL SPX=5957->5955 | C 5965/5970 x8 | cr=$0.70 settle=$0.00 | P&L=$+544 | eq=$70,125 | dist=3
2026-04-04 15:47:35 | DEBUG    | [20250225] PUT SPX=5957->5955 | P 5950/5945 x8 | cr=$0.75 settle=$0.00 | P&L=$+584 | eq=$70,709 | dist=3
2026-04-04 15:47:35 | DEBUG    | [20250226] TOUCH@15:53 CALL SPX=5960 | C 5960/5965 x9 | cr=$1.25 close=$2.10 | P&L=$-783
2026-04-04 15:47:35 | DEBUG    | [20250226] PUT SPX=5957->5956 | P 5950/5945 x8 | cr=$0.65 settle=$0.00 | P&L=$+504 | eq=$70,430 | dist=3
2026-04-04 15:47:35 | DEBUG    | [20250227] CALL SPX=5880->5862 | C 5885/5890 x9 | cr=$1.20 settle=$0.00 | P&L=$+1062 | eq=$71,492 | dist=3
2026-04-04 15:47:35 | DEBUG    | [20250228] SKIP: Afternoon return=1.428% >= 1.0%
2026-04-04 15:47:35 | DEBUG    | [20250303] TOUCH@15:54 CALL SPX=5835 | C 5835/5840 x9 | cr=$1.15 close=$2.00 | P&L=$-783
2026-04-04 15:47:35 | DEBUG    | [20250303] PUT SPX=5828->5850 | P 5820/5815 x8 | cr=$1.00 settle=$0.00 | P&L=$+784 | eq=$71,493 | dist=5
2026-04-04 15:47:35 | DEBUG    | [20250305] TOUCH@15:53 CALL SPX=5846 | C 5845/5850 x8 | cr=$0.95 close=$1.75 | P&L=$-656
2026-04-04 15:47:35 | DEBUG    | [20250305] PUT SPX=5835->5843 | P 5830/5825 x8 | cr=$1.10 settle=$0.00 | P&L=$+864 | eq=$71,701 | dist=5
2026-04-04 15:47:35 | DEBUG    | [20250306] CALL SPX=5743->5738 | C 5750/5755 x9 | cr=$1.20 settle=$0.00 | P&L=$+1062 | eq=$72,763 | dist=5
2026-04-04 15:47:35 | DEBUG    | [20250306] PUT SPX=5743->5738 | P 5735/5730 x9 | cr=$1.20 settle=$0.00 | P&L=$+1062 | eq=$73,825 | dist=5
2026-04-04 15:47:35 | DEBUG    | [20250307] SKIP: Afternoon return=1.053% >= 1.0%
2026-04-04 15:47:35 | DEBUG    | [20250310] SKIP: VIX(15:50)=27.9 > 26.0
2026-04-04 15:47:35 | DEBUG    | [20250311] SKIP: VIX(15:50)=26.9 > 26.0
2026-04-04 15:47:35 | DEBUG    | [20250312] CALL SPX=5595->5599 | C 5605/5610 x8 | cr=$0.70 settle=$0.00 | P&L=$+544 | eq=$74,369 | dist=5
2026-04-04 15:47:35 | DEBUG    | [20250312] PUT SPX=5595->5599 | P 5590/5585 x8 | cr=$1.05 settle=$0.00 | P&L=$+824 | eq=$75,193 | dist=5
2026-04-04 15:47:35 | DEBUG    | [20250313] TOUCH@15:59 CALL SPX=5522 | C 5520/5525 x8 | cr=$0.85 close=$0.30 | P&L=$+424
2026-04-04 15:47:35 | DEBUG    | [20250313] PUT SPX=5512->5522 | P 5505/5500 x8 | cr=$0.85 settle=$0.00 | P&L=$+664 | eq=$76,281 | dist=5
2026-04-04 15:47:35 | DEBUG    | [20250314] TOUCH@15:54 CALL SPX=5642 | C 5640/5645 x8 | cr=$0.85 close=$1.00 | P&L=$-136
2026-04-04 15:47:35 | DEBUG    | [20250314] PUT SPX=5635->5639 | P 5630/5625 x8 | cr=$0.90 settle=$0.00 | P&L=$+704 | eq=$76,849 | dist=3
2026-04-04 15:47:35 | DEBUG    | [20250317] TOUCH@15:55 PUT SPX=5681 | P 5685/5680 x8 | cr=$0.70 close=$1.10 | P&L=$-336
2026-04-04 15:47:35 | DEBUG    | [20250317] CALL SPX=5689->5675 | C 5695/5700 x8 | cr=$0.80 settle=$0.00 | P&L=$+624 | eq=$77,137 | dist=3
2026-04-04 15:47:35 | DEBUG    | [20250318] CALL SPX=5615->5615 | C 5620/5625 x8 | cr=$0.90 settle=$0.00 | P&L=$+704 | eq=$77,841 | dist=1
2026-04-04 15:47:35 | DEBUG    | [20250318] PUT SPX=5615->5615 | P 5610/5605 x8 | cr=$0.90 settle=$0.00 | P&L=$+704 | eq=$78,545 | dist=1
2026-04-04 15:47:35 | DEBUG    | [20250320] CALL SPX=5665->5663 | C 5670/5675 x8 | cr=$0.90 settle=$0.00 | P&L=$+704 | eq=$79,249 | dist=3
2026-04-04 15:47:36 | DEBUG    | [20250320] PUT SPX=5665->5663 | P 5660/5655 x8 | cr=$0.90 settle=$0.00 | P&L=$+704 | eq=$79,953 | dist=3
2026-04-04 15:47:36 | DEBUG    | [20250321] TOUCH@15:55 CALL SPX=5663 | C 5660/5665 x8 | cr=$0.65 close=$1.50 | P&L=$-696
2026-04-04 15:47:36 | DEBUG    | [20250321] PUT SPX=5653->5667 | P 5650/5645 x8 | cr=$1.05 settle=$0.00 | P&L=$+824 | eq=$80,081 | dist=3
2026-04-04 15:47:36 | DEBUG    | [20250324] TOUCH@15:54 CALL SPX=5773 | C 5770/5775 x10 | cr=$1.50 close=$1.05 | P&L=$+430
2026-04-04 15:47:36 | DEBUG    | [20250324] PUT SPX=5768->5768 | P 5765/5760 x8 | cr=$0.70 settle=$0.00 | P&L=$+544 | eq=$81,055 | dist=0
2026-04-04 15:47:36 | DEBUG    | [20250326] CALL SPX=5717->5712 | C 5725/5730 x7 | cr=$0.55 settle=$0.00 | P&L=$+371 | eq=$81,426 | dist=3
2026-04-04 15:47:36 | DEBUG    | [20250326] PUT SPX=5717->5712 | P 5710/5705 x8 | cr=$0.70 settle=$0.00 | P&L=$+544 | eq=$81,970 | dist=3
2026-04-04 15:47:36 | DEBUG    | [20250327] TOUCH@15:59 PUT SPX=5692 | P 5695/5690 x8 | cr=$0.70 close=$0.60 | P&L=$+64
2026-04-04 15:47:36 | DEBUG    | [20250327] CALL SPX=5700->5693 | C 5705/5710 x8 | cr=$1.05 settle=$0.00 | P&L=$+824 | eq=$82,858 | dist=3
2026-04-04 15:47:36 | DEBUG    | [20250328] TOUCH@15:54 CALL SPX=5586 | C 5585/5590 x8 | cr=$0.95 close=$0.85 | P&L=$+64
2026-04-04 15:47:36 | DEBUG    | [20250328] PUT SPX=5580->5581 | P 5575/5570 x8 | cr=$0.90 settle=$0.00 | P&L=$+704 | eq=$83,626 | dist=3
2026-04-04 15:47:36 | DEBUG    | [20250331] SKIP: Afternoon return=1.129% >= 1.0%
2026-04-04 15:47:36 | DEBUG    | [20250401] TOUCH@15:54 CALL SPX=5633 | C 5630/5635 x8 | cr=$0.75 close=$1.30 | P&L=$-456
2026-04-04 15:47:36 | DEBUG    | [20250401] PUT SPX=5625->5633 | P 5620/5615 x8 | cr=$0.90 settle=$0.00 | P&L=$+704 | eq=$83,874 | dist=3
2026-04-04 15:47:36 | DEBUG    | [20250402] CALL SPX=5674->5671 | C 5680/5685 x8 | cr=$0.95 settle=$0.00 | P&L=$+744 | eq=$84,618 | dist=3
2026-04-04 15:47:36 | DEBUG    | [20250402] PUT SPX=5674->5671 | P 5670/5665 x9 | cr=$1.30 settle=$0.00 | P&L=$+1152 | eq=$85,770 | dist=3
2026-04-04 15:47:36 | DEBUG    | [20250403] SKIP: VIX(15:50)=29.5 > 26.0
2026-04-04 15:47:36 | DEBUG    | [20250404] SKIP: VIX(15:50)=42.9 > 26.0
2026-04-04 15:47:36 | DEBUG    | [20250407] SKIP: VIX(15:50)=48.6 > 26.0
2026-04-04 15:47:36 | DEBUG    | [20250408] SKIP: VIX(15:50)=57.1 > 26.0
2026-04-04 15:47:36 | DEBUG    | [20250409] SKIP: VIX(15:50)=32.5 > 26.0
2026-04-04 15:47:36 | DEBUG    | [20250410] SKIP: VIX(15:50)=46.0 > 26.0
2026-04-04 15:47:36 | DEBUG    | [20250411] SKIP: VIX(15:50)=37.0 > 26.0
2026-04-04 15:47:36 | DEBUG    | [20250414] SKIP: VIX(15:50)=30.2 > 26.0
2026-04-04 15:47:36 | DEBUG    | [20250415] SKIP: VIX(15:50)=29.6 > 26.0
2026-04-04 15:47:36 | DEBUG    | [20250416] SKIP: VIX(15:50)=33.2 > 26.0
2026-04-04 15:47:36 | DEBUG    | [20250417] SKIP: VIX(15:50)=30.5 > 26.0
2026-04-04 15:47:36 | DEBUG    | [20250421] SKIP: VIX(15:50)=33.8 > 26.0
2026-04-04 15:47:36 | DEBUG    | [20250422] SKIP: VIX(15:50)=30.6 > 26.0
2026-04-04 15:47:36 | DEBUG    | [20250423] SKIP: VIX(15:50)=28.5 > 26.0
2026-04-04 15:47:36 | DEBUG    | [20250424] SKIP: VIX(15:50)=26.5 > 26.0
2026-04-04 15:47:36 | DEBUG    | [20250425] TOUCH@15:57 CALL SPX=5525 | C 5525/5530 x8 | cr=$0.70 close=$0.90 | P&L=$-176
2026-04-04 15:47:36 | DEBUG    | [20250425] PUT SPX=5518->5525 | P 5510/5505 x5 | cr=$0.40 settle=$0.00 | P&L=$+190 | eq=$85,784 | dist=5
2026-04-04 15:47:36 | DEBUG    | [20250428] CALL SPX=5534->5529 | C 5540/5545 x8 | cr=$0.70 settle=$0.00 | P&L=$+544 | eq=$86,328 | dist=5
2026-04-04 15:47:36 | DEBUG    | [20250428] PUT SPX=5534->5529 | P 5525/5520 x5 | cr=$0.20 settle=$0.00 | P&L=$+90 | eq=$86,418 | dist=5
2026-04-04 15:47:36 | DEBUG    | [20250429] CALL SPX=5568->5561 | C 5575/5580 x7 | cr=$0.55 settle=$0.00 | P&L=$+371 | eq=$86,789 | dist=3
2026-04-04 15:47:36 | DEBUG    | [20250429] PUT SPX=5568->5561 | P 5560/5555 x5 | cr=$0.40 settle=$0.00 | P&L=$+190 | eq=$86,979 | dist=3
2026-04-04 15:47:36 | DEBUG    | [20250430] TOUCH@15:55 CALL SPX=5577 | C 5570/5575 x10 | cr=$1.60 close=$2.20 | P&L=$-620
2026-04-04 15:47:36 | DEBUG    | [20250430] PUT SPX=5565->5569 | P 5555/5550 x8 | cr=$1.10 settle=$0.00 | P&L=$+864 | eq=$87,223 | dist=5
2026-04-04 15:47:36 | DEBUG    | [20250501] TOUCH@15:55 PUT SPX=5613 | P 5615/5610 x8 | cr=$0.80 close=$0.85 | P&L=$-56
2026-04-04 15:47:36 | DEBUG    | [20250501] CALL SPX=5622->5604 | C 5630/5635 x8 | cr=$0.65 settle=$0.00 | P&L=$+504 | eq=$87,671 | dist=3
2026-04-04 15:47:36 | DEBUG    | [20250502] TOUCH@15:55 PUT SPX=5684 | P 5685/5680 x8 | cr=$1.00 close=$1.05 | P&L=$-56
2026-04-04 15:47:36 | DEBUG    | [20250502] CALL SPX=5688->5687 | C 5695/5700 x8 | cr=$0.80 settle=$0.00 | P&L=$+624 | eq=$88,239 | dist=3
2026-04-04 15:47:36 | DEBUG    | [20250505] CALL SPX=5654->5651 | C 5660/5665 x8 | cr=$0.70 settle=$0.00 | P&L=$+544 | eq=$88,783 | dist=3
2026-04-04 15:47:36 | DEBUG    | [20250505] PUT SPX=5654->5651 | P 5650/5645 x8 | cr=$0.85 settle=$0.00 | P&L=$+664 | eq=$89,447 | dist=3
2026-04-04 15:47:36 | DEBUG    | [20250506] TOUCH@15:59 PUT SPX=5606 | P 5615/5610 x8 | cr=$0.80 close=$0.50 | P&L=$+224
2026-04-04 15:47:36 | DEBUG    | [20250506] CALL SPX=5618->5607 | C 5625/5630 x7 | cr=$0.55 settle=$0.00 | P&L=$+371 | eq=$90,042 | dist=3
2026-04-04 15:47:36 | DEBUG    | [20250508] CALL SPX=5676->5664 | C 5685/5690 x7 | cr=$0.60 settle=$0.00 | P&L=$+406 | eq=$90,448 | dist=5
2026-04-04 15:47:36 | DEBUG    | [20250509] TOUCH@15:54 CALL SPX=5665 | C 5665/5670 x8 | cr=$1.05 close=$1.55 | P&L=$-416
2026-04-04 15:47:36 | DEBUG    | [20250509] PUT SPX=5662->5660 | P 5655/5650 x5 | cr=$0.50 settle=$0.00 | P&L=$+240 | eq=$90,272 | dist=3
2026-04-04 15:47:36 | DEBUG    | [20250512] PUT SPX=5833->5844 | P 5825/5820 x5 | cr=$0.40 settle=$0.00 | P&L=$+190 | eq=$90,462 | dist=3
2026-04-04 15:47:36 | DEBUG    | [20250513] TOUCH@15:55 PUT SPX=5889 | P 5890/5885 x8 | cr=$0.75 close=$2.15 | P&L=$-1136
2026-04-04 15:47:36 | DEBUG    | [20250513] CALL SPX=5895->5887 | C 5900/5905 x8 | cr=$0.95 settle=$0.00 | P&L=$+744 | eq=$90,070 | dist=3
2026-04-04 15:47:36 | DEBUG    | [20250514] CALL SPX=5895->5893 | C 5900/5905 x8 | cr=$0.85 settle=$0.00 | P&L=$+664 | eq=$90,734 | dist=1
2026-04-04 15:47:36 | DEBUG    | [20250514] PUT SPX=5895->5893 | P 5890/5885 x8 | cr=$0.85 settle=$0.00 | P&L=$+664 | eq=$91,398 | dist=1
2026-04-04 15:47:36 | DEBUG    | [20250516] TOUCH@15:53 CALL SPX=5955 | C 5955/5960 x9 | cr=$1.25 close=$2.15 | P&L=$-828
2026-04-04 15:47:36 | DEBUG    | [20250516] PUT SPX=5953->5958 | P 5950/5945 x8 | cr=$0.70 settle=$0.00 | P&L=$+544 | eq=$91,114 | dist=0
2026-04-04 15:47:36 | DEBUG    | [20250519] CALL SPX=5959->5964 | C 5965/5970 x5 | cr=$0.35 settle=$0.00 | P&L=$+165 | eq=$91,279 | dist=3
2026-04-04 15:47:36 | DEBUG    | [20250519] PUT SPX=5959->5964 | P 5955/5950 x7 | cr=$0.55 settle=$0.00 | P&L=$+371 | eq=$91,650 | dist=3
2026-04-04 15:47:36 | DEBUG    | [20250520] TOUCH@15:59 CALL SPX=5941 | C 5940/5945 x8 | cr=$1.05 close=$0.20 | P&L=$+664
2026-04-04 15:47:36 | DEBUG    | [20250520] PUT SPX=5935->5940 | P 5930/5925 x8 | cr=$0.80 settle=$0.00 | P&L=$+624 | eq=$92,938 | dist=1
2026-04-04 15:47:36 | DEBUG    | [20250521] TOUCH@15:54 PUT SPX=5847 | P 5850/5845 x8 | cr=$0.70 close=$2.10 | P&L=$-1136
2026-04-04 15:47:36 | DEBUG    | [20250521] CALL SPX=5858->5845 | C 5865/5870 x8 | cr=$0.85 settle=$0.00 | P&L=$+664 | eq=$92,466 | dist=3
2026-04-04 15:47:36 | DEBUG    | [20250522] TOUCH@15:54 PUT SPX=5854 | P 5855/5850 x8 | cr=$1.05 close=$1.50 | P&L=$-376
2026-04-04 15:47:36 | DEBUG    | [20250522] CALL SPX=5859->5842 | C 5865/5870 x8 | cr=$0.75 settle=$0.00 | P&L=$+584 | eq=$92,674 | dist=1
2026-04-04 15:47:36 | DEBUG    | [20250523] CALL SPX=5806->5803 | C 5810/5815 x9 | cr=$1.35 settle=$0.00 | P&L=$+1197 | eq=$93,871 | dist=3
2026-04-04 15:47:36 | DEBUG    | [20250523] PUT SPX=5806->5803 | P 5800/5795 x8 | cr=$0.95 settle=$0.00 | P&L=$+744 | eq=$94,615 | dist=3
2026-04-04 15:47:36 | DEBUG    | [20250527] TOUCH@15:59 CALL SPX=5921 | C 5920/5925 x5 | cr=$0.40 close=$0.20 | P&L=$+90
2026-04-04 15:47:36 | DEBUG    | [20250527] PUT SPX=5912->5922 | P 5905/5900 x5 | cr=$0.25 settle=$0.00 | P&L=$+115 | eq=$94,820 | dist=3
2026-04-04 15:47:36 | DEBUG    | [20250529] TOUCH@15:53 PUT SPX=5904 | P 5905/5900 x8 | cr=$0.80 close=$1.25 | P&L=$-376
2026-04-04 15:47:36 | DEBUG    | [20250529] CALL SPX=5912->5912 | C 5915/5920 x9 | cr=$1.25 settle=$0.00 | P&L=$+1107 | eq=$95,551 | dist=3
2026-04-04 15:47:36 | DEBUG    | [20250602] TOUCH@15:53 PUT SPX=5929 | P 5930/5925 x8 | cr=$0.70 close=$1.35 | P&L=$-536
2026-04-04 15:47:36 | DEBUG    | [20250602] CALL SPX=5933->5936 | C 5940/5945 x5 | cr=$0.30 settle=$0.00 | P&L=$+140 | eq=$95,155 | dist=3
2026-04-04 15:47:36 | DEBUG    | [20250603] TOUCH@15:54 CALL SPX=5970 | C 5970/5975 x9 | cr=$1.30 close=$1.90 | P&L=$-558
2026-04-04 15:47:36 | DEBUG    | [20250603] PUT SPX=5967->5970 | P 5965/5960 x8 | cr=$0.95 settle=$0.00 | P&L=$+744 | eq=$95,341 | dist=0
2026-04-04 15:47:36 | DEBUG    | [20250604] CALL SPX=5972->5971 | C 5975/5980 x8 | cr=$1.10 settle=$0.00 | P&L=$+864 | eq=$96,205 | dist=0
2026-04-04 15:47:36 | DEBUG    | [20250604] PUT SPX=5972->5971 | P 5970/5965 x8 | cr=$0.75 settle=$0.00 | P&L=$+584 | eq=$96,789 | dist=0
2026-04-04 15:47:36 | DEBUG    | [20250606] TOUCH@15:54 CALL SPX=6006 | C 6005/6010 x9 | cr=$1.35 close=$1.75 | P&L=$-378
2026-04-04 15:47:36 | DEBUG    | [20250606] PUT SPX=6003->6000 | P 6000/5995 x8 | cr=$0.85 settle=$0.00 | P&L=$+664 | eq=$97,075 | dist=0
2026-04-04 15:47:37 | DEBUG    | [20250609] TOUCH@15:54 PUT SPX=6008 | P 6010/6005 x5 | cr=$0.40 close=$0.85 | P&L=$-235
2026-04-04 15:47:37 | DEBUG    | [20250609] CALL SPX=6014->6006 | C 6015/6020 x9 | cr=$1.35 settle=$0.00 | P&L=$+1197 | eq=$98,037 | dist=0
2026-04-04 15:47:37 | DEBUG    | [20250610] TOUCH@15:53 PUT SPX=6028 | P 6030/6025 x9 | cr=$1.20 close=$1.60 | P&L=$-378
2026-04-04 15:47:37 | DEBUG    | [20250610] TOUCH@15:55 CALL SPX=6036 | C 6035/6040 x8 | cr=$0.85 close=$1.00 | P&L=$-136
2026-04-04 15:47:37 | DEBUG    | [20250612] TOUCH@15:57 CALL SPX=6041 | C 6040/6045 x8 | cr=$0.65 close=$0.55 | P&L=$+64
2026-04-04 15:47:37 | DEBUG    | [20250612] PUT SPX=6036->6045 | P 6030/6025 x5 | cr=$0.35 settle=$0.00 | P&L=$+165 | eq=$97,752 | dist=1
2026-04-04 15:47:37 | DEBUG    | [20250613] TOUCH@15:59 CALL SPX=5977 | C 5975/5980 x8 | cr=$0.95 close=$0.20 | P&L=$+584
2026-04-04 15:47:37 | DEBUG    | [20250613] PUT SPX=5971->5977 | P 5965/5960 x8 | cr=$0.80 settle=$0.00 | P&L=$+624 | eq=$98,960 | dist=1
2026-04-04 15:47:37 | DEBUG    | [20250616] TOUCH@15:54 CALL SPX=6031 | C 6030/6035 x9 | cr=$1.40 close=$1.55 | P&L=$-153
2026-04-04 15:47:37 | DEBUG    | [20250616] PUT SPX=6028->6033 | P 6025/6020 x8 | cr=$0.80 settle=$0.00 | P&L=$+624 | eq=$99,431 | dist=1
2026-04-04 15:47:37 | DEBUG    | [20250617] TOUCH@15:57 PUT SPX=5984 | P 5985/5980 x8 | cr=$1.10 close=$1.00 | P&L=$+64
2026-04-04 15:47:37 | DEBUG    | [20250617] CALL SPX=5988->5983 | C 5990/5995 x9 | cr=$1.15 settle=$0.00 | P&L=$+1017 | eq=$100,512 | dist=1
2026-04-04 15:47:37 | DEBUG    | [20250620] TOUCH@15:55 CALL SPX=5970 | C 5970/5975 x5 | cr=$0.35 close=$0.55 | P&L=$-110
2026-04-04 15:47:37 | DEBUG    | [20250620] PUT SPX=5963->5968 | P 5960/5955 x8 | cr=$0.75 settle=$0.00 | P&L=$+584 | eq=$100,986 | dist=3
2026-04-04 15:47:37 | DEBUG    | [20250623] SKIP: Afternoon return=1.036% >= 1.0%
2026-04-04 15:47:37 | DEBUG    | [20250624] TOUCH@15:54 PUT SPX=6094 | P 6095/6090 x8 | cr=$0.75 close=$0.60 | P&L=$+104
2026-04-04 15:47:37 | DEBUG    | [20250624] CALL SPX=6096->6092 | C 6100/6105 x8 | cr=$0.65 settle=$0.00 | P&L=$+504 | eq=$101,594 | dist=0
2026-04-04 15:47:37 | DEBUG    | [20250625] TOUCH@15:54 PUT SPX=6088 | P 6090/6085 x8 | cr=$0.65 close=$0.85 | P&L=$-176
2026-04-04 15:47:37 | DEBUG    | [20250625] CALL SPX=6093->6092 | C 6095/6100 x8 | cr=$0.85 settle=$0.00 | P&L=$+664 | eq=$102,082 | dist=0
2026-04-04 15:47:37 | DEBUG    | [20250626] TOUCH@15:56 CALL SPX=6145 | C 6145/6150 x8 | cr=$1.10 close=$0.45 | P&L=$+504
2026-04-04 15:47:37 | DEBUG    | [20250626] PUT SPX=6144->6141 | P 6140/6135 x7 | cr=$0.60 settle=$0.00 | P&L=$+406 | eq=$102,992 | dist=0
2026-04-04 15:47:37 | DEBUG    | [20250627] TOUCH@15:54 CALL SPX=6166 | C 6165/6170 x8 | cr=$0.95 close=$1.60 | P&L=$-536
2026-04-04 15:47:37 | DEBUG    | [20250627] PUT SPX=6162->6173 | P 6160/6155 x9 | cr=$1.35 settle=$0.00 | P&L=$+1197 | eq=$103,653 | dist=0
2026-04-04 15:47:37 | DEBUG    | [20250701] TOUCH@15:57 PUT SPX=6199 | P 6200/6195 x8 | cr=$0.75 close=$0.70 | P&L=$+24
2026-04-04 15:47:37 | DEBUG    | [20250701] CALL SPX=6203->6198 | C 6205/6210 x8 | cr=$0.90 settle=$0.00 | P&L=$+704 | eq=$104,381 | dist=0
2026-04-04 15:47:37 | DEBUG    | [20250702] TOUCH@15:55 CALL SPX=6227 | C 6225/6230 x8 | cr=$0.90 close=$1.50 | P&L=$-496
2026-04-04 15:47:37 | DEBUG    | [20250702] PUT SPX=6223->6227 | P 6220/6215 x5 | cr=$0.40 settle=$0.00 | P&L=$+190 | eq=$104,075 | dist=0
2026-04-04 15:47:37 | DEBUG    | [20250707] TOUCH@15:55 CALL SPX=6228 | C 6225/6230 x9 | cr=$1.15 close=$1.30 | P&L=$-153
2026-04-04 15:47:37 | DEBUG    | [20250707] PUT SPX=6224->6230 | P 6220/6215 x5 | cr=$0.45 settle=$0.00 | P&L=$+215 | eq=$104,137 | dist=0
2026-04-04 15:47:37 | DEBUG    | [20250708] TOUCH@15:55 CALL SPX=6225 | C 6225/6230 x10 | cr=$1.60 close=$1.55 | P&L=$+30
2026-04-04 15:47:37 | DEBUG    | [20250708] PUT SPX=6225->6226 | P 6220/6215 x3 | cr=$0.20 settle=$0.00 | P&L=$+54 | eq=$104,221 | dist=0
2026-04-04 15:47:37 | DEBUG    | [20250709] TOUCH@15:54 CALL SPX=6260 | C 6260/6265 x8 | cr=$1.05 close=$1.45 | P&L=$-336
2026-04-04 15:47:37 | DEBUG    | [20250709] PUT SPX=6258->6263 | P 6255/6250 x7 | cr=$0.55 settle=$0.00 | P&L=$+371 | eq=$104,256 | dist=0
2026-04-04 15:47:37 | DEBUG    | [20250710] TOUCH@15:59 CALL SPX=6280 | C 6280/6285 x8 | cr=$1.10 close=$0.85 | P&L=$+184
2026-04-04 15:47:37 | DEBUG    | [20250710] PUT SPX=6277->6280 | P 6275/6270 x9 | cr=$1.20 settle=$0.00 | P&L=$+1062 | eq=$105,502 | dist=0
2026-04-04 15:47:37 | DEBUG    | [20250711] TOUCH@15:56 PUT SPX=6258 | P 6260/6255 x9 | cr=$1.25 close=$0.60 | P&L=$+567
2026-04-04 15:47:37 | DEBUG    | [20250711] CALL SPX=6260->6260 | C 6265/6270 x5 | cr=$0.50 settle=$0.00 | P&L=$+240 | eq=$106,309 | dist=0
2026-04-04 15:47:37 | DEBUG    | [20250714] TOUCH@15:58 CALL SPX=6270 | C 6270/6275 x5 | cr=$0.25 close=$0.30 | P&L=$-35
2026-04-04 15:47:37 | DEBUG    | [20250714] PUT SPX=6266->6269 | P 6265/6260 x8 | cr=$0.80 settle=$0.00 | P&L=$+624 | eq=$106,898 | dist=0
2026-04-04 15:47:37 | DEBUG    | [20250715] TOUCH@15:57 PUT SPX=6248 | P 6250/6245 x8 | cr=$0.90 close=$0.80 | P&L=$+64
2026-04-04 15:47:37 | DEBUG    | [20250715] CALL SPX=6252->6244 | C 6255/6260 x8 | cr=$0.75 settle=$0.00 | P&L=$+584 | eq=$107,546 | dist=0
2026-04-04 15:47:37 | DEBUG    | [20250716] TOUCH@15:57 CALL SPX=6265 | C 6265/6270 x8 | cr=$0.75 close=$1.05 | P&L=$-256
2026-04-04 15:47:37 | DEBUG    | [20250716] PUT SPX=6262->6264 | P 6260/6255 x8 | cr=$0.80 settle=$0.00 | P&L=$+624 | eq=$107,914 | dist=0
2026-04-04 15:47:37 | DEBUG    | [20250718] TOUCH@15:53 CALL SPX=6295 | C 6295/6300 x8 | cr=$1.10 close=$1.45 | P&L=$-296
2026-04-04 15:47:37 | DEBUG    | [20250718] PUT SPX=6295->6297 | P 6290/6285 x5 | cr=$0.25 settle=$0.00 | P&L=$+115 | eq=$107,733 | dist=0
2026-04-04 15:47:37 | DEBUG    | [20250721] TOUCH@15:54 PUT SPX=6308 | P 6310/6305 x8 | cr=$0.95 close=$1.50 | P&L=$-456
2026-04-04 15:47:37 | DEBUG    | [20250721] CALL SPX=6311->6306 | C 6315/6320 x5 | cr=$0.40 settle=$0.00 | P&L=$+190 | eq=$107,467 | dist=0
2026-04-04 15:47:37 | DEBUG    | [20250722] TOUCH@15:57 CALL SPX=6316 | C 6315/6320 x8 | cr=$0.70 close=$0.35 | P&L=$+264
2026-04-04 15:47:37 | DEBUG    | [20250722] PUT SPX=6313->6310 | P 6310/6305 x7 | cr=$0.55 settle=$0.41 | P&L=$+84 | eq=$107,815 | dist=0
2026-04-04 15:47:37 | DEBUG    | [20250723] TOUCH@15:53 CALL SPX=6357 | C 6355/6360 x10 | cr=$1.55 close=$2.30 | P&L=$-770
2026-04-04 15:47:37 | DEBUG    | [20250723] PUT SPX=6354->6359 | P 6350/6345 x3 | cr=$0.15 settle=$0.00 | P&L=$+39 | eq=$107,084 | dist=0
2026-04-04 15:47:37 | DEBUG    | [20250724] TOUCH@15:53 CALL SPX=6371 | C 6370/6375 x9 | cr=$1.35 close=$1.65 | P&L=$-288
2026-04-04 15:47:37 | DEBUG    | [20250724] PUT SPX=6369->6363 | P 6365/6360 x5 | cr=$0.40 settle=$1.61 | P&L=$-615 | eq=$106,181 | dist=0
2026-04-04 15:47:37 | DEBUG    | [20250725] TOUCH@15:54 PUT SPX=6389 | P 6390/6385 x8 | cr=$1.05 close=$1.10 | P&L=$-56
2026-04-04 15:47:37 | DEBUG    | [20250725] CALL SPX=6390->6389 | C 6395/6400 x5 | cr=$0.40 settle=$0.00 | P&L=$+190 | eq=$106,315 | dist=0
2026-04-04 15:47:37 | DEBUG    | [20250728] TOUCH@15:53 CALL SPX=6387 | C 6385/6390 x5 | cr=$0.45 close=$1.00 | P&L=$-285
2026-04-04 15:47:37 | DEBUG    | [20250728] PUT SPX=6383->6390 | P 6380/6375 x5 | cr=$0.50 settle=$0.00 | P&L=$+240 | eq=$106,270 | dist=0
2026-04-04 15:47:37 | DEBUG    | [20250729] TOUCH@15:53 CALL SPX=6371 | C 6370/6375 x9 | cr=$1.35 close=$1.10 | P&L=$+207
2026-04-04 15:47:37 | DEBUG    | [20250729] PUT SPX=6370->6371 | P 6365/6360 x5 | cr=$0.40 settle=$0.00 | P&L=$+190 | eq=$106,667 | dist=0
2026-04-04 15:47:37 | DEBUG    | [20250731] TOUCH@15:56 CALL SPX=6336 | C 6335/6340 x10 | cr=$1.60 close=$1.55 | P&L=$+30
2026-04-04 15:47:37 | DEBUG    | [20250801] TOUCH@15:53 PUT SPX=6234 | P 6235/6230 x8 | cr=$0.95 close=$1.35 | P&L=$-336
2026-04-04 15:47:37 | DEBUG    | [20250801] CALL SPX=6241->6238 | C 6245/6250 x8 | cr=$1.00 settle=$0.00 | P&L=$+784 | eq=$107,145 | dist=3
2026-04-04 15:47:37 | DEBUG    | [20250804] TOUCH@15:53 CALL SPX=6327 | C 6325/6330 x9 | cr=$1.15 close=$1.85 | P&L=$-648
2026-04-04 15:47:37 | DEBUG    | [20250804] PUT SPX=6324->6330 | P 6320/6315 x8 | cr=$0.65 settle=$0.00 | P&L=$+504 | eq=$107,001 | dist=0
2026-04-04 15:47:37 | DEBUG    | [20250805] TOUCH@15:58 PUT SPX=6298 | P 6300/6295 x8 | cr=$0.65 close=$1.15 | P&L=$-416
2026-04-04 15:47:37 | DEBUG    | [20250805] CALL SPX=6303->6299 | C 6305/6310 x8 | cr=$1.10 settle=$0.00 | P&L=$+864 | eq=$107,449 | dist=0
2026-04-04 15:47:37 | DEBUG    | [20250806] TOUCH@15:55 PUT SPX=6344 | P 6345/6340 x8 | cr=$0.85 close=$0.70 | P&L=$+104
2026-04-04 15:47:37 | DEBUG    | [20250806] CALL SPX=6346->6345 | C 6350/6355 x7 | cr=$0.55 settle=$0.00 | P&L=$+371 | eq=$107,924 | dist=0
2026-04-04 15:47:37 | DEBUG    | [20250807] TOUCH@15:58 CALL SPX=6335 | C 6335/6340 x7 | cr=$0.55 close=$1.10 | P&L=$-399
2026-04-04 15:47:37 | DEBUG    | [20250807] PUT SPX=6330->6340 | P 6330/6325 x10 | cr=$1.60 settle=$0.00 | P&L=$+1580 | eq=$109,105 | dist=0
2026-04-04 15:47:38 | DEBUG    | [20250808] TOUCH@15:53 CALL SPX=6386 | C 6385/6390 x10 | cr=$1.60 close=$1.90 | P&L=$-320
2026-04-04 15:47:38 | DEBUG    | [20250808] PUT SPX=6385->6390 | P 6380/6375 x5 | cr=$0.30 settle=$0.00 | P&L=$+140 | eq=$108,925 | dist=0
2026-04-04 15:47:38 | DEBUG    | [20250811] TOUCH@15:58 CALL SPX=6371 | C 6370/6375 x10 | cr=$1.50 close=$0.60 | P&L=$+880
2026-04-04 15:47:38 | DEBUG    | [20250811] PUT SPX=6369->6374 | P 6365/6360 x8 | cr=$0.75 settle=$0.00 | P&L=$+584 | eq=$110,389 | dist=0
2026-04-04 15:47:38 | DEBUG    | [20250812] TOUCH@15:57 CALL SPX=6445 | C 6445/6450 x10 | cr=$1.50 close=$0.85 | P&L=$+630
2026-04-04 15:47:38 | DEBUG    | [20250812] PUT SPX=6445->6446 | P 6440/6435 x5 | cr=$0.30 settle=$0.00 | P&L=$+140 | eq=$111,159 | dist=0
2026-04-04 15:47:38 | DEBUG    | [20250813] TOUCH@15:54 CALL SPX=6466 | C 6465/6470 x9 | cr=$1.25 close=$1.45 | P&L=$-198
2026-04-04 15:47:38 | DEBUG    | [20250813] PUT SPX=6464->6467 | P 6460/6455 x5 | cr=$0.35 settle=$0.00 | P&L=$+165 | eq=$111,126 | dist=0
2026-04-04 15:47:38 | DEBUG    | [20250814] TOUCH@15:59 PUT SPX=6468 | P 6470/6465 x9 | cr=$1.15 close=$0.25 | P&L=$+792
2026-04-04 15:47:38 | DEBUG    | [20250814] CALL SPX=6470->6469 | C 6475/6480 x5 | cr=$0.30 settle=$0.00 | P&L=$+140 | eq=$112,058 | dist=0
2026-04-04 15:47:38 | DEBUG    | [20250815] TOUCH@15:55 PUT SPX=6449 | P 6450/6445 x9 | cr=$1.35 close=$1.30 | P&L=$+27
2026-04-04 15:47:38 | DEBUG    | [20250815] CALL SPX=6451->6450 | C 6455/6460 x8 | cr=$0.85 settle=$0.00 | P&L=$+664 | eq=$112,749 | dist=0
2026-04-04 15:47:38 | DEBUG    | [20250818] PUT SPX=6449->6449 | P 6445/6440 x5 | cr=$0.25 settle=$0.00 | P&L=$+115 | eq=$112,864 | dist=3
2026-04-04 15:47:38 | DEBUG    | [20250819] TOUCH@15:55 CALL SPX=6406 | C 6405/6410 x9 | cr=$1.35 close=$0.75 | P&L=$+522
2026-04-04 15:47:38 | DEBUG    | [20250819] PUT SPX=6405->6411 | P 6400/6395 x5 | cr=$0.30 settle=$0.00 | P&L=$+140 | eq=$113,526 | dist=0
2026-04-04 15:47:38 | DEBUG    | [20250820] TOUCH@15:53 CALL SPX=6401 | C 6400/6405 x10 | cr=$1.55 close=$1.45 | P&L=$+80
2026-04-04 15:47:38 | DEBUG    | [20250820] PUT SPX=6400->6396 | P 6395/6390 x5 | cr=$0.50 settle=$0.00 | P&L=$+240 | eq=$113,846 | dist=0
2026-04-04 15:47:38 | DEBUG    | [20250821] TOUCH@15:57 PUT SPX=6369 | P 6370/6365 x8 | cr=$1.05 close=$0.75 | P&L=$+224
2026-04-04 15:47:38 | DEBUG    | [20250821] CALL SPX=6371->6370 | C 6375/6380 x8 | cr=$0.70 settle=$0.00 | P&L=$+544 | eq=$114,614 | dist=0
2026-04-04 15:47:38 | DEBUG    | [20250822] TOUCH@15:55 PUT SPX=6464 | P 6465/6460 x8 | cr=$0.75 close=$1.05 | P&L=$-256
2026-04-04 15:47:38 | DEBUG    | [20250822] CALL SPX=6467->6467 | C 6470/6475 x8 | cr=$0.65 settle=$0.00 | P&L=$+504 | eq=$114,862 | dist=0
2026-04-04 15:47:38 | DEBUG    | [20250825] TOUCH@15:57 PUT SPX=6443 | P 6445/6440 x5 | cr=$0.45 close=$0.35 | P&L=$+40
2026-04-04 15:47:38 | DEBUG    | [20250825] CALL SPX=6448->6439 | C 6450/6455 x8 | cr=$0.80 settle=$0.00 | P&L=$+624 | eq=$115,526 | dist=0
2026-04-04 15:47:38 | DEBUG    | [20250826] TOUCH@15:56 CALL SPX=6466 | C 6465/6470 x8 | cr=$0.70 close=$1.25 | P&L=$-456
2026-04-04 15:47:38 | DEBUG    | [20250826] PUT SPX=6462->6466 | P 6460/6455 x8 | cr=$0.75 settle=$0.00 | P&L=$+584 | eq=$115,654 | dist=0
2026-04-04 15:47:38 | DEBUG    | [20250827] TOUCH@15:54 PUT SPX=6484 | P 6485/6480 x9 | cr=$1.20 close=$1.25 | P&L=$-63
2026-04-04 15:47:38 | DEBUG    | [20250827] CALL SPX=6485->6481 | C 6490/6495 x5 | cr=$0.35 settle=$0.00 | P&L=$+165 | eq=$115,756 | dist=0
2026-04-04 15:47:38 | DEBUG    | [20250828] TOUCH@15:53 CALL SPX=6506 | C 6505/6510 x9 | cr=$1.20 close=$1.80 | P&L=$-558
2026-04-04 15:47:38 | DEBUG    | [20250828] PUT SPX=6504->6502 | P 6500/6495 x3 | cr=$0.20 settle=$0.00 | P&L=$+54 | eq=$115,252 | dist=0
2026-04-04 15:47:38 | DEBUG    | [20250829] TOUCH@15:56 CALL SPX=6455 | C 6455/6460 x9 | cr=$1.45 close=$1.30 | P&L=$+117
2026-04-04 15:47:38 | DEBUG    | [20250829] PUT SPX=6453->6460 | P 6450/6445 x9 | cr=$1.20 settle=$0.00 | P&L=$+1062 | eq=$116,431 | dist=0
2026-04-04 15:47:38 | DEBUG    | [20250902] TOUCH@15:56 CALL SPX=6416 | C 6415/6420 x8 | cr=$0.95 close=$1.40 | P&L=$-376
2026-04-04 15:47:38 | DEBUG    | [20250902] PUT SPX=6412->6416 | P 6410/6405 x9 | cr=$1.15 settle=$0.00 | P&L=$+1017 | eq=$117,072 | dist=0
2026-04-04 15:47:38 | DEBUG    | [20250903] TOUCH@15:59 CALL SPX=6448 | C 6445/6450 x5 | cr=$0.40 close=$0.25 | P&L=$+65
2026-04-04 15:47:38 | DEBUG    | [20250903] PUT SPX=6440->6448 | P 6440/6435 x10 | cr=$1.55 settle=$0.00 | P&L=$+1530 | eq=$118,667 | dist=0
2026-04-04 15:47:38 | DEBUG    | [20250904] TOUCH@15:56 CALL SPX=6500 | C 6500/6505 x5 | cr=$0.25 close=$0.55 | P&L=$-160
2026-04-04 15:47:38 | DEBUG    | [20250904] PUT SPX=6495->6502 | P 6495/6490 x9 | cr=$1.15 settle=$0.00 | P&L=$+1017 | eq=$119,524 | dist=0
2026-04-04 15:47:38 | DEBUG    | [20250905] TOUCH@15:54 CALL SPX=6475 | C 6475/6480 x10 | cr=$1.55 close=$1.10 | P&L=$+430
2026-04-04 15:47:38 | DEBUG    | [20250905] PUT SPX=6475->6482 | P 6470/6465 x8 | cr=$0.65 settle=$0.00 | P&L=$+504 | eq=$120,458 | dist=0
2026-04-04 15:47:38 | DEBUG    | [20250908] TOUCH@15:55 CALL SPX=6496 | C 6495/6500 x8 | cr=$0.75 close=$1.25 | P&L=$-416
2026-04-04 15:47:38 | DEBUG    | [20250908] PUT SPX=6492->6495 | P 6490/6485 x8 | cr=$0.75 settle=$0.00 | P&L=$+584 | eq=$120,626 | dist=0
2026-04-04 15:47:38 | DEBUG    | [20250909] TOUCH@15:55 CALL SPX=6518 | C 6515/6520 x5 | cr=$0.50 close=$0.95 | P&L=$-235
2026-04-04 15:47:38 | DEBUG    | [20250909] PUT SPX=6512->6513 | P 6510/6505 x8 | cr=$0.75 settle=$0.00 | P&L=$+584 | eq=$120,975 | dist=0
2026-04-04 15:47:38 | DEBUG    | [20250910] TOUCH@15:56 CALL SPX=6535 | C 6535/6540 x8 | cr=$0.75 close=$1.45 | P&L=$-576
2026-04-04 15:47:38 | DEBUG    | [20250910] PUT SPX=6531->6532 | P 6530/6525 x9 | cr=$1.35 settle=$0.00 | P&L=$+1197 | eq=$121,596 | dist=0
2026-04-04 15:47:38 | DEBUG    | [20250911] TOUCH@15:55 PUT SPX=6589 | P 6590/6585 x8 | cr=$0.75 close=$0.85 | P&L=$-96
2026-04-04 15:47:38 | DEBUG    | [20250911] CALL SPX=6592->6587 | C 6595/6600 x8 | cr=$0.75 settle=$0.00 | P&L=$+584 | eq=$122,084 | dist=0
2026-04-04 15:47:38 | DEBUG    | [20250915] TOUCH@15:54 CALL SPX=6612 | C 6610/6615 x8 | cr=$0.95 close=$1.45 | P&L=$-416
2026-04-04 15:47:38 | DEBUG    | [20250915] PUT SPX=6607->6615 | P 6605/6600 x7 | cr=$0.60 settle=$0.00 | P&L=$+406 | eq=$122,074 | dist=0
2026-04-04 15:47:38 | DEBUG    | [20250916] TOUCH@15:58 PUT SPX=6609 | P 6610/6605 x5 | cr=$0.35 close=$1.10 | P&L=$-385
2026-04-04 15:47:38 | DEBUG    | [20250916] CALL SPX=6614->6607 | C 6615/6620 x9 | cr=$1.15 settle=$0.00 | P&L=$+1017 | eq=$122,706 | dist=0
2026-04-04 15:47:38 | DEBUG    | [20250917] TOUCH@15:54 CALL SPX=6603 | C 6600/6605 x9 | cr=$1.40 close=$1.80 | P&L=$-378
2026-04-04 15:47:38 | DEBUG    | [20250917] TOUCH@15:56 PUT SPX=6594 | P 6595/6590 x9 | cr=$1.15 close=$0.35 | P&L=$+702
2026-04-04 15:47:38 | DEBUG    | [20250918] TOUCH@15:53 CALL SPX=6637 | C 6635/6640 x9 | cr=$1.30 close=$1.65 | P&L=$-333
2026-04-04 15:47:38 | DEBUG    | [20250918] PUT SPX=6634->6632 | P 6630/6625 x7 | cr=$0.55 settle=$0.00 | P&L=$+371 | eq=$123,068 | dist=0
2026-04-04 15:47:38 | DEBUG    | [20250919] TOUCH@15:59 PUT SPX=6663 | P 6665/6660 x8 | cr=$0.65 close=$0.30 | P&L=$+264
2026-04-04 15:47:38 | DEBUG    | [20250919] CALL SPX=6668->6664 | C 6670/6675 x9 | cr=$1.25 settle=$0.00 | P&L=$+1107 | eq=$124,439 | dist=0
2026-04-04 15:47:38 | DEBUG    | [20250922] TOUCH@15:59 PUT SPX=6694 | P 6695/6690 x5 | cr=$0.35 close=$0.45 | P&L=$-60
2026-04-04 15:47:38 | DEBUG    | [20250922] CALL SPX=6698->6694 | C 6700/6705 x8 | cr=$0.90 settle=$0.00 | P&L=$+704 | eq=$125,083 | dist=0
2026-04-04 15:47:38 | DEBUG    | [20250923] TOUCH@15:54 CALL SPX=6660 | C 6660/6665 x8 | cr=$0.95 close=$1.30 | P&L=$-296
2026-04-04 15:47:38 | DEBUG    | [20250923] PUT SPX=6658->6657 | P 6655/6650 x8 | cr=$1.05 settle=$0.00 | P&L=$+824 | eq=$125,611 | dist=0
2026-04-04 15:47:38 | DEBUG    | [20250924] CALL SPX=6638->6638 | C 6640/6645 x8 | cr=$0.70 settle=$0.00 | P&L=$+544 | eq=$126,155 | dist=0
2026-04-04 15:47:38 | DEBUG    | [20250924] PUT SPX=6638->6638 | P 6635/6630 x8 | cr=$0.90 settle=$0.00 | P&L=$+704 | eq=$126,859 | dist=0
2026-04-04 15:47:38 | DEBUG    | [20250925] CALL SPX=6601->6605 | C 6605/6610 x7 | cr=$0.60 settle=$0.00 | P&L=$+406 | eq=$127,265 | dist=0
2026-04-04 15:47:38 | DEBUG    | [20250925] PUT SPX=6601->6605 | P 6600/6595 x10 | cr=$1.60 settle=$0.00 | P&L=$+1580 | eq=$128,845 | dist=0
2026-04-04 15:47:38 | DEBUG    | [20250926] TOUCH@15:54 CALL SPX=6643 | C 6640/6645 x9 | cr=$1.20 close=$1.60 | P&L=$-378
2026-04-04 15:47:38 | DEBUG    | [20250926] PUT SPX=6638->6644 | P 6635/6630 x5 | cr=$0.45 settle=$0.00 | P&L=$+215 | eq=$128,682 | dist=0
2026-04-04 15:47:38 | DEBUG    | [20250929] TOUCH@15:53 PUT SPX=6658 | P 6660/6655 x9 | cr=$1.25 close=$1.45 | P&L=$-198
2026-04-04 15:47:38 | DEBUG    | [20250929] CALL SPX=6660->6661 | C 6665/6670 x5 | cr=$0.30 settle=$0.00 | P&L=$+140 | eq=$128,624 | dist=0
2026-04-04 15:47:38 | DEBUG    | [20250930] TOUCH@15:53 CALL SPX=6690 | C 6690/6695 x9 | cr=$1.25 close=$1.95 | P&L=$-648
2026-04-04 15:47:38 | DEBUG    | [20250930] PUT SPX=6686->6688 | P 6685/6680 x9 | cr=$1.40 settle=$0.00 | P&L=$+1242 | eq=$129,218 | dist=0
2026-04-04 15:47:38 | DEBUG    | [20251001] CALL SPX=6714->6711 | C 6715/6720 x9 | cr=$1.40 settle=$0.00 | P&L=$+1242 | eq=$130,460 | dist=0
2026-04-04 15:47:38 | DEBUG    | [20251001] PUT SPX=6714->6711 | P 6710/6705 x5 | cr=$0.35 settle=$0.00 | P&L=$+165 | eq=$130,625 | dist=0
2026-04-04 15:47:38 | DEBUG    | [20251002] TOUCH@15:55 PUT SPX=6713 | P 6715/6710 x8 | cr=$0.80 close=$1.35 | P&L=$-456
2026-04-04 15:47:38 | DEBUG    | [20251002] CALL SPX=6717->6715 | C 6720/6725 x5 | cr=$0.50 settle=$0.00 | P&L=$+240 | eq=$130,409 | dist=0
2026-04-04 15:47:38 | DEBUG    | [20251003] TOUCH@15:54 CALL SPX=6720 | C 6720/6725 x10 | cr=$1.60 close=$1.40 | P&L=$+180
2026-04-04 15:47:38 | DEBUG    | [20251003] PUT SPX=6720->6716 | P 6715/6710 x8 | cr=$0.65 settle=$0.00 | P&L=$+504 | eq=$131,093 | dist=0
2026-04-04 15:47:38 | DEBUG    | [20251006] CALL SPX=6744->6740 | C 6745/6750 x8 | cr=$1.00 settle=$0.00 | P&L=$+784 | eq=$131,877 | dist=0
2026-04-04 15:47:38 | DEBUG    | [20251006] PUT SPX=6744->6740 | P 6740/6735 x5 | cr=$0.20 settle=$0.00 | P&L=$+90 | eq=$131,967 | dist=0
2026-04-04 15:47:39 | DEBUG    | [20251007] TOUCH@15:57 PUT SPX=6712 | P 6715/6710 x8 | cr=$0.95 close=$0.75 | P&L=$+144
2026-04-04 15:47:39 | DEBUG    | [20251007] CALL SPX=6716->6715 | C 6720/6725 x5 | cr=$0.40 settle=$0.00 | P&L=$+190 | eq=$132,301 | dist=0
2026-04-04 15:47:39 | DEBUG    | [20251008] CALL SPX=6755->6754 | C 6755/6760 x8 | cr=$0.95 settle=$0.00 | P&L=$+744 | eq=$133,045 | dist=0
2026-04-04 15:47:39 | DEBUG    | [20251009] TOUCH@15:54 CALL SPX=6736 | C 6735/6740 x9 | cr=$1.30 close=$1.30 | P&L=$-18
2026-04-04 15:47:39 | DEBUG    | [20251009] PUT SPX=6735->6735 | P 6730/6725 x3 | cr=$0.10 settle=$0.00 | P&L=$+24 | eq=$133,051 | dist=0
2026-04-04 15:47:39 | DEBUG    | [20251013] TOUCH@15:57 PUT SPX=6654 | P 6655/6650 x9 | cr=$1.30 close=$0.80 | P&L=$+432
2026-04-04 15:47:39 | DEBUG    | [20251013] CALL SPX=6656->6655 | C 6660/6665 x7 | cr=$0.55 settle=$0.00 | P&L=$+371 | eq=$133,854 | dist=1
2026-04-04 15:47:39 | DEBUG    | [20251015] TOUCH@15:57 CALL SPX=6666 | C 6665/6670 x8 | cr=$1.00 close=$0.75 | P&L=$+184
2026-04-04 15:47:39 | DEBUG    | [20251015] PUT SPX=6661->6671 | P 6655/6650 x8 | cr=$0.80 settle=$0.00 | P&L=$+624 | eq=$134,662 | dist=3
2026-04-04 15:47:39 | DEBUG    | [20251016] CALL SPX=6626->6629 | C 6635/6640 x8 | cr=$0.70 settle=$0.00 | P&L=$+544 | eq=$135,206 | dist=5
2026-04-04 15:47:39 | DEBUG    | [20251016] PUT SPX=6626->6629 | P 6620/6615 x8 | cr=$0.90 settle=$0.00 | P&L=$+704 | eq=$135,910 | dist=5
2026-04-04 15:47:39 | DEBUG    | [20251017] CALL SPX=6665->6664 | C 6670/6675 x8 | cr=$0.95 settle=$0.00 | P&L=$+744 | eq=$136,654 | dist=3
2026-04-04 15:47:39 | DEBUG    | [20251017] PUT SPX=6665->6664 | P 6660/6655 x7 | cr=$0.60 settle=$0.00 | P&L=$+406 | eq=$137,060 | dist=3
2026-04-04 15:47:39 | DEBUG    | [20251020] TOUCH@15:55 PUT SPX=6738 | P 6740/6735 x8 | cr=$0.75 close=$0.95 | P&L=$-176
2026-04-04 15:47:39 | DEBUG    | [20251020] CALL SPX=6741->6735 | C 6745/6750 x5 | cr=$0.45 settle=$0.00 | P&L=$+215 | eq=$137,099 | dist=1
2026-04-04 15:47:39 | DEBUG    | [20251021] TOUCH@15:55 PUT SPX=6743 | P 6745/6740 x8 | cr=$0.75 close=$0.75 | P&L=$-16
2026-04-04 15:47:39 | DEBUG    | [20251022] CALL SPX=6702->6699 | C 6705/6710 x8 | cr=$0.85 settle=$0.00 | P&L=$+664 | eq=$137,747 | dist=3
2026-04-04 15:47:39 | DEBUG    | [20251022] PUT SPX=6702->6699 | P 6695/6690 x5 | cr=$0.25 settle=$0.00 | P&L=$+115 | eq=$137,862 | dist=3
2026-04-04 15:47:39 | DEBUG    | [20251023] CALL SPX=6736->6738 | C 6740/6745 x8 | cr=$0.65 settle=$0.00 | P&L=$+504 | eq=$138,366 | dist=0
2026-04-04 15:47:39 | DEBUG    | [20251023] PUT SPX=6736->6738 | P 6735/6730 x8 | cr=$1.05 settle=$0.00 | P&L=$+824 | eq=$139,190 | dist=0
2026-04-04 15:47:39 | DEBUG    | [20251024] TOUCH@15:56 PUT SPX=6794 | P 6795/6790 x5 | cr=$0.20 close=$0.55 | P&L=$-185
2026-04-04 15:47:39 | DEBUG    | [20251024] CALL SPX=6799->6792 | C 6800/6805 x9 | cr=$1.30 settle=$0.00 | P&L=$+1152 | eq=$140,157 | dist=0
2026-04-04 15:47:39 | DEBUG    | [20251027] CALL SPX=6876->6875 | C 6880/6885 x5 | cr=$0.50 settle=$0.00 | P&L=$+240 | eq=$140,397 | dist=0
2026-04-04 15:47:39 | DEBUG    | [20251027] PUT SPX=6876->6875 | P 6875/6870 x8 | cr=$1.10 settle=$0.00 | P&L=$+864 | eq=$141,261 | dist=0
2026-04-04 15:47:39 | DEBUG    | [20251028] TOUCH@15:59 PUT SPX=6891 | P 6895/6890 x9 | cr=$1.35 close=$1.30 | P&L=$+27
2026-04-04 15:47:39 | DEBUG    | [20251028] CALL SPX=6895->6891 | C 6900/6905 x5 | cr=$0.35 settle=$0.00 | P&L=$+165 | eq=$141,453 | dist=0
2026-04-04 15:47:39 | DEBUG    | [20251030] TOUCH@15:53 PUT SPX=6828 | P 6830/6825 x10 | cr=$1.60 close=$2.20 | P&L=$-620
2026-04-04 15:47:39 | DEBUG    | [20251030] CALL SPX=6830->6822 | C 6835/6840 x8 | cr=$1.00 settle=$0.00 | P&L=$+784 | eq=$141,617 | dist=0
2026-04-04 15:47:39 | DEBUG    | [20251031] TOUCH@15:53 PUT SPX=6858 | P 6860/6855 x9 | cr=$1.25 close=$2.30 | P&L=$-963
2026-04-04 15:47:39 | DEBUG    | [20251031] CALL SPX=6861->6840 | C 6865/6870 x8 | cr=$1.05 settle=$0.00 | P&L=$+824 | eq=$141,478 | dist=0
2026-04-04 15:47:39 | DEBUG    | [20251103] TOUCH@15:54 CALL SPX=6850 | C 6850/6855 x8 | cr=$0.75 close=$1.50 | P&L=$-616
2026-04-04 15:47:39 | DEBUG    | [20251103] PUT SPX=6847->6852 | P 6845/6840 x8 | cr=$0.95 settle=$0.00 | P&L=$+744 | eq=$141,606 | dist=0
2026-04-04 15:47:39 | DEBUG    | [20251104] CALL SPX=6771->6772 | C 6775/6780 x8 | cr=$0.90 settle=$0.00 | P&L=$+704 | eq=$142,310 | dist=1
2026-04-04 15:47:39 | DEBUG    | [20251104] PUT SPX=6771->6772 | P 6765/6760 x8 | cr=$0.65 settle=$0.00 | P&L=$+504 | eq=$142,814 | dist=1
2026-04-04 15:47:39 | DEBUG    | [20251105] TOUCH@15:54 PUT SPX=6808 | P 6810/6805 x9 | cr=$1.15 close=$1.65 | P&L=$-468
2026-04-04 15:47:39 | DEBUG    | [20251105] CALL SPX=6811->6796 | C 6815/6820 x8 | cr=$0.70 settle=$0.00 | P&L=$+544 | eq=$142,890 | dist=0
2026-04-04 15:47:39 | DEBUG    | [20251106] CALL SPX=6727->6720 | C 6735/6740 x5 | cr=$0.35 settle=$0.00 | P&L=$+165 | eq=$143,055 | dist=3
2026-04-04 15:47:39 | DEBUG    | [20251106] PUT SPX=6727->6720 | P 6720/6715 x5 | cr=$0.40 settle=$0.00 | P&L=$+190 | eq=$143,245 | dist=3
2026-04-04 15:47:39 | DEBUG    | [20251107] TOUCH@15:55 CALL SPX=6724 | C 6720/6725 x8 | cr=$1.05 close=$1.45 | P&L=$-336
2026-04-04 15:47:39 | DEBUG    | [20251107] PUT SPX=6716->6729 | P 6710/6705 x8 | cr=$0.70 settle=$0.00 | P&L=$+544 | eq=$143,453 | dist=3
2026-04-04 15:47:39 | DEBUG    | [20251110] TOUCH@15:55 PUT SPX=6834 | P 6835/6830 x9 | cr=$1.45 close=$0.50 | P&L=$+837
2026-04-04 15:47:39 | DEBUG    | [20251110] CALL SPX=6835->6832 | C 6840/6845 x7 | cr=$0.55 settle=$0.00 | P&L=$+371 | eq=$144,661 | dist=0
2026-04-04 15:47:39 | DEBUG    | [20251111] TOUCH@15:55 PUT SPX=6849 | P 6850/6845 x9 | cr=$1.15 close=$0.80 | P&L=$+297
2026-04-04 15:47:39 | DEBUG    | [20251111] CALL SPX=6850->6847 | C 6855/6860 x5 | cr=$0.40 settle=$0.00 | P&L=$+190 | eq=$145,148 | dist=0
2026-04-04 15:47:39 | DEBUG    | [20251112] TOUCH@15:54 PUT SPX=6853 | P 6855/6850 x5 | cr=$0.45 close=$0.90 | P&L=$-235
2026-04-04 15:47:39 | DEBUG    | [20251112] CALL SPX=6860->6851 | C 6860/6865 x10 | cr=$1.75 settle=$0.00 | P&L=$+1730 | eq=$146,643 | dist=0
2026-04-04 15:47:39 | DEBUG    | [20251113] TOUCH@15:53 PUT SPX=6730 | P 6735/6730 x5 | cr=$0.45 close=$1.70 | P&L=$-635
2026-04-04 15:47:39 | DEBUG    | [20251113] CALL SPX=6743->6738 | C 6750/6755 x7 | cr=$0.55 settle=$0.00 | P&L=$+371 | eq=$146,379 | dist=3
2026-04-04 15:47:39 | DEBUG    | [20251114] CALL SPX=6738->6734 | C 6745/6750 x7 | cr=$0.60 settle=$0.00 | P&L=$+406 | eq=$146,785 | dist=3
2026-04-04 15:47:39 | DEBUG    | [20251114] PUT SPX=6738->6734 | P 6730/6725 x7 | cr=$0.55 settle=$0.00 | P&L=$+371 | eq=$147,156 | dist=3
2026-04-04 15:47:39 | DEBUG    | [20251117] CALL SPX=6667->6672 | C 6675/6680 x5 | cr=$0.50 settle=$0.00 | P&L=$+240 | eq=$147,396 | dist=5
2026-04-04 15:47:39 | DEBUG    | [20251117] PUT SPX=6667->6672 | P 6660/6655 x5 | cr=$0.45 settle=$0.00 | P&L=$+215 | eq=$147,611 | dist=5
2026-04-04 15:47:39 | DEBUG    | [20251118] TOUCH@15:56 PUT SPX=6625 | P 6630/6625 x8 | cr=$0.90 close=$2.30 | P&L=$-1136
2026-04-04 15:47:39 | DEBUG    | [20251118] CALL SPX=6635->6617 | C 6645/6650 x5 | cr=$0.40 settle=$0.00 | P&L=$+190 | eq=$146,665 | dist=5
2026-04-04 15:47:39 | DEBUG    | [20251119] CALL SPX=6646->6642 | C 6655/6660 x8 | cr=$0.65 settle=$0.00 | P&L=$+504 | eq=$147,169 | dist=5
2026-04-04 15:47:39 | DEBUG    | [20251119] PUT SPX=6646->6642 | P 6640/6635 x8 | cr=$0.95 settle=$0.00 | P&L=$+744 | eq=$147,913 | dist=5
2026-04-04 15:47:39 | DEBUG    | [20251120] SKIP: VIX(15:50)=26.5 > 26.0
2026-04-04 15:47:39 | DEBUG    | [20251121] TOUCH@15:54 PUT SPX=6604 | P 6605/6600 x8 | cr=$0.90 close=$1.90 | P&L=$-816
2026-04-04 15:47:39 | DEBUG    | [20251121] CALL SPX=6612->6603 | C 6620/6625 x8 | cr=$0.65 settle=$0.00 | P&L=$+504 | eq=$147,601 | dist=5
2026-04-04 15:47:39 | DEBUG    | [20251124] TOUCH@15:53 CALL SPX=6711 | C 6710/6715 x5 | cr=$0.30 close=$0.35 | P&L=$-35
2026-04-04 15:47:39 | DEBUG    | [20251124] PUT SPX=6703->6705 | P 6700/6695 x8 | cr=$0.90 settle=$0.00 | P&L=$+704 | eq=$148,270 | dist=3
2026-04-04 15:47:39 | DEBUG    | [20251125] TOUCH@15:57 PUT SPX=6768 | P 6770/6765 x8 | cr=$0.65 close=$0.65 | P&L=$-16
2026-04-04 15:47:39 | DEBUG    | [20251125] CALL SPX=6773->6766 | C 6780/6785 x5 | cr=$0.30 settle=$0.00 | P&L=$+140 | eq=$148,394 | dist=3
2026-04-04 15:47:39 | DEBUG    | [20251126] TOUCH@15:59 PUT SPX=6812 | P 6815/6810 x8 | cr=$0.75 close=$0.40 | P&L=$+264
2026-04-04 15:47:39 | DEBUG    | [20251126] CALL SPX=6818->6813 | C 6820/6825 x8 | cr=$1.00 settle=$0.00 | P&L=$+784 | eq=$149,442 | dist=0
2026-04-04 15:47:39 | DEBUG    | [20251201] TOUCH@15:54 PUT SPX=6813 | P 6815/6810 x8 | cr=$1.05 close=$1.70 | P&L=$-536
2026-04-04 15:47:39 | DEBUG    | [20251201] CALL SPX=6817->6813 | C 6820/6825 x8 | cr=$0.90 settle=$0.00 | P&L=$+704 | eq=$149,610 | dist=0
2026-04-04 15:47:39 | DEBUG    | [20251202] TOUCH@15:54 PUT SPX=6829 | P 6830/6825 x7 | cr=$0.60 close=$0.80 | P&L=$-154
2026-04-04 15:47:39 | DEBUG    | [20251202] CALL SPX=6835->6829 | C 6835/6840 x10 | cr=$1.65 settle=$0.00 | P&L=$+1630 | eq=$151,086 | dist=0
2026-04-04 15:47:39 | DEBUG    | [20251203] CALL SPX=6854->6850 | C 6855/6860 x9 | cr=$1.20 settle=$0.00 | P&L=$+1062 | eq=$152,148 | dist=0
2026-04-04 15:47:39 | DEBUG    | [20251203] PUT SPX=6854->6850 | P 6850/6845 x7 | cr=$0.55 settle=$0.00 | P&L=$+371 | eq=$152,519 | dist=0
2026-04-04 15:47:39 | DEBUG    | [20251204] TOUCH@15:54 PUT SPX=6849 | P 6850/6845 x9 | cr=$1.15 close=$1.15 | P&L=$-18
2026-04-04 15:47:39 | DEBUG    | [20251204] TOUCH@15:59 CALL SPX=6858 | C 6855/6860 x5 | cr=$0.40 close=$0.15 | P&L=$+115
2026-04-04 15:47:39 | DEBUG    | [20251205] TOUCH@15:53 CALL SPX=6866 | C 6860/6865 x9 | cr=$1.35 close=$2.35 | P&L=$-918
2026-04-04 15:47:39 | DEBUG    | [20251205] PUT SPX=6858->6870 | P 6855/6850 x8 | cr=$0.95 settle=$0.00 | P&L=$+744 | eq=$152,442 | dist=0
2026-04-04 15:47:39 | DEBUG    | [20251208] TOUCH@15:59 CALL SPX=6848 | C 6840/6845 x8 | cr=$1.10 close=$0.70 | P&L=$+304
2026-04-04 15:47:39 | DEBUG    | [20251208] PUT SPX=6839->6847 | P 6835/6830 x8 | cr=$0.70 settle=$0.00 | P&L=$+544 | eq=$153,290 | dist=0
2026-04-04 15:47:39 | DEBUG    | [20251209] TOUCH@15:58 PUT SPX=6838 | P 6840/6835 x5 | cr=$0.30 close=$1.40 | P&L=$-560
2026-04-04 15:47:39 | DEBUG    | [20251209] CALL SPX=6845->6841 | C 6845/6850 x10 | cr=$1.50 settle=$0.00 | P&L=$+1480 | eq=$154,210 | dist=0
2026-04-04 15:47:40 | DEBUG    | [20251210] TOUCH@15:53 CALL SPX=6891 | C 6890/6895 x12 | cr=$2.10 close=$2.25 | P&L=$-204
2026-04-04 15:47:40 | DEBUG    | [20251210] TOUCH@15:56 PUT SPX=6889 | P 6890/6885 x10 | cr=$1.55 close=$1.45 | P&L=$+80
2026-04-04 15:47:40 | DEBUG    | [20251211] TOUCH@15:54 PUT SPX=6897 | P 6900/6895 x8 | cr=$1.05 close=$1.65 | P&L=$-496
2026-04-04 15:47:40 | DEBUG    | [20251211] CALL SPX=6901->6901 | C 6905/6910 x8 | cr=$0.75 settle=$0.00 | P&L=$+584 | eq=$154,174 | dist=0
2026-04-04 15:47:40 | DEBUG    | [20251212] TOUCH@15:53 PUT SPX=6821 | P 6825/6820 x9 | cr=$1.40 close=$1.80 | P&L=$-378
2026-04-04 15:47:40 | DEBUG    | [20251212] CALL SPX=6825->6827 | C 6830/6835 x8 | cr=$0.80 settle=$0.00 | P&L=$+624 | eq=$154,420 | dist=0
2026-04-04 15:47:40 | DEBUG    | [20251215] TOUCH@15:54 PUT SPX=6817 | P 6820/6815 x8 | cr=$0.80 close=$0.65 | P&L=$+104
2026-04-04 15:47:40 | DEBUG    | [20251215] CALL SPX=6822->6816 | C 6825/6830 x8 | cr=$0.75 settle=$0.00 | P&L=$+584 | eq=$155,108 | dist=0
2026-04-04 15:47:40 | DEBUG    | [20251216] TOUCH@15:54 PUT SPX=6808 | P 6810/6805 x9 | cr=$1.45 close=$1.15 | P&L=$+252
2026-04-04 15:47:40 | DEBUG    | [20251216] CALL SPX=6810->6800 | C 6815/6820 x7 | cr=$0.60 settle=$0.00 | P&L=$+406 | eq=$155,766 | dist=0
2026-04-04 15:47:40 | DEBUG    | [20251217] TOUCH@15:55 PUT SPX=6722 | P 6725/6720 x8 | cr=$0.95 close=$1.60 | P&L=$-536
2026-04-04 15:47:40 | DEBUG    | [20251217] CALL SPX=6728->6722 | C 6730/6735 x9 | cr=$1.20 settle=$0.00 | P&L=$+1062 | eq=$156,292 | dist=0
2026-04-04 15:47:40 | DEBUG    | [20251218] TOUCH@15:56 PUT SPX=6778 | P 6780/6775 x8 | cr=$0.95 close=$1.05 | P&L=$-96
2026-04-04 15:47:40 | DEBUG    | [20251218] CALL SPX=6784->6775 | C 6785/6790 x10 | cr=$1.65 settle=$0.00 | P&L=$+1630 | eq=$157,826 | dist=0
2026-04-04 15:47:40 | DEBUG    | [20251219] CALL SPX=6831->6835 | C 6835/6840 x8 | cr=$1.00 settle=$0.00 | P&L=$+784 | eq=$158,610 | dist=3
2026-04-04 15:47:40 | DEBUG    | [20251219] PUT SPX=6831->6835 | P 6825/6820 x5 | cr=$0.35 settle=$0.00 | P&L=$+165 | eq=$158,775 | dist=3
2026-04-04 15:47:40 | DEBUG    | [20251222] CALL SPX=6875->6878 | C 6880/6885 x5 | cr=$0.30 settle=$0.00 | P&L=$+140 | eq=$158,915 | dist=0
2026-04-04 15:47:40 | DEBUG    | [20251222] PUT SPX=6875->6878 | P 6875/6870 x8 | cr=$1.10 settle=$0.00 | P&L=$+864 | eq=$159,779 | dist=0
2026-04-04 15:47:40 | DEBUG    | [20251223] TOUCH@15:58 CALL SPX=6910 | C 6910/6915 x5 | cr=$0.35 close=$0.55 | P&L=$-110
2026-04-04 15:47:40 | DEBUG    | [20251223] PUT SPX=6907->6910 | P 6905/6900 x7 | cr=$0.55 settle=$0.00 | P&L=$+371 | eq=$160,040 | dist=0
2026-04-04 15:47:40 | DEBUG    | [20251226] TOUCH@15:57 CALL SPX=6932 | C 6930/6935 x9 | cr=$1.20 close=$0.85 | P&L=$+297
2026-04-04 15:47:40 | DEBUG    | [20251229] TOUCH@15:56 PUT SPX=6904 | P 6905/6900 x5 | cr=$0.45 close=$0.65 | P&L=$-110
2026-04-04 15:47:40 | DEBUG    | [20251229] CALL SPX=6907->6906 | C 6910/6915 x5 | cr=$0.35 settle=$0.00 | P&L=$+165 | eq=$160,392 | dist=0
2026-04-04 15:47:40 | DEBUG    | [20251230] TOUCH@15:58 PUT SPX=6898 | P 6900/6895 x5 | cr=$0.40 close=$0.75 | P&L=$-185
2026-04-04 15:47:40 | DEBUG    | [20251230] CALL SPX=6902->6896 | C 6905/6910 x8 | cr=$0.65 settle=$0.00 | P&L=$+504 | eq=$160,711 | dist=0
2026-04-04 15:47:40 | DEBUG    | [20260102] TOUCH@15:59 CALL SPX=6859 | C 6855/6860 x8 | cr=$0.80 close=$0.80 | P&L=$-16
2026-04-04 15:47:40 | DEBUG    | [20260102] PUT SPX=6852->6858 | P 6850/6845 x8 | cr=$0.95 settle=$0.00 | P&L=$+744 | eq=$161,439 | dist=0
2026-04-04 15:47:40 | DEBUG    | [20260105] TOUCH@15:54 PUT SPX=6899 | P 6900/6895 x7 | cr=$0.60 close=$1.05 | P&L=$-329
2026-04-04 15:47:40 | DEBUG    | [20260105] CALL SPX=6903->6902 | C 6905/6910 x8 | cr=$0.85 settle=$0.00 | P&L=$+664 | eq=$161,774 | dist=0
2026-04-04 15:47:40 | DEBUG    | [20260106] CALL SPX=6947->6945 | C 6950/6955 x5 | cr=$0.35 settle=$0.00 | P&L=$+165 | eq=$161,939 | dist=0
2026-04-04 15:47:40 | DEBUG    | [20260106] PUT SPX=6947->6945 | P 6945/6940 x7 | cr=$0.55 settle=$0.18 | P&L=$+245 | eq=$162,184 | dist=0
2026-04-04 15:47:40 | DEBUG    | [20260107] CALL SPX=6923->6921 | C 6925/6930 x8 | cr=$1.00 settle=$0.00 | P&L=$+784 | eq=$162,968 | dist=0
2026-04-04 15:47:40 | DEBUG    | [20260107] PUT SPX=6923->6921 | P 6920/6915 x8 | cr=$0.90 settle=$0.00 | P&L=$+704 | eq=$163,672 | dist=0
2026-04-04 15:47:40 | DEBUG    | [20260108] CALL SPX=6920->6921 | C 6925/6930 x5 | cr=$0.45 settle=$0.00 | P&L=$+215 | eq=$163,887 | dist=0
2026-04-04 15:47:40 | DEBUG    | [20260108] PUT SPX=6920->6921 | P 6920/6915 x8 | cr=$1.05 settle=$0.00 | P&L=$+824 | eq=$164,711 | dist=0
2026-04-04 15:47:40 | DEBUG    | [20260109] TOUCH@15:55 PUT SPX=6969 | P 6970/6965 x5 | cr=$0.50 close=$0.50 | P&L=$-10
2026-04-04 15:47:40 | DEBUG    | [20260109] CALL SPX=6972->6966 | C 6975/6980 x5 | cr=$0.35 settle=$0.00 | P&L=$+165 | eq=$164,866 | dist=0
2026-04-04 15:47:40 | DEBUG    | [20260112] TOUCH@15:53 CALL SPX=6982 | C 6980/6985 x8 | cr=$0.85 close=$1.50 | P&L=$-536
2026-04-04 15:47:40 | DEBUG    | [20260112] PUT SPX=6979->6977 | P 6975/6970 x5 | cr=$0.25 settle=$0.00 | P&L=$+115 | eq=$164,445 | dist=0
2026-04-04 15:47:40 | DEBUG    | [20260113] TOUCH@15:53 CALL SPX=6957 | C 6955/6960 x8 | cr=$0.75 close=$1.40 | P&L=$-536
2026-04-04 15:47:40 | DEBUG    | [20260113] PUT SPX=6953->6964 | P 6950/6945 x8 | cr=$0.90 settle=$0.00 | P&L=$+704 | eq=$164,613 | dist=0
2026-04-04 15:47:40 | DEBUG    | [20260114] TOUCH@15:54 CALL SPX=6921 | C 6920/6925 x8 | cr=$1.05 close=$1.65 | P&L=$-496
2026-04-04 15:47:40 | DEBUG    | [20260114] PUT SPX=6916->6927 | P 6915/6910 x9 | cr=$1.40 settle=$0.00 | P&L=$+1242 | eq=$165,359 | dist=0
2026-04-04 15:47:40 | DEBUG    | [20260115] CALL SPX=6943->6944 | C 6945/6950 x9 | cr=$1.15 settle=$0.00 | P&L=$+1017 | eq=$166,376 | dist=0
2026-04-04 15:47:40 | DEBUG    | [20260115] PUT SPX=6943->6944 | P 6940/6935 x8 | cr=$1.00 settle=$0.00 | P&L=$+784 | eq=$167,160 | dist=0
2026-04-04 15:47:40 | DEBUG    | [20260116] TOUCH@15:55 PUT SPX=6943 | P 6945/6940 x5 | cr=$0.50 close=$0.75 | P&L=$-135
2026-04-04 15:47:40 | DEBUG    | [20260116] CALL SPX=6948->6940 | C 6950/6955 x8 | cr=$0.90 settle=$0.00 | P&L=$+704 | eq=$167,729 | dist=0
2026-04-04 15:47:40 | DEBUG    | [20260120] CALL SPX=6796->6797 | C 6800/6805 x8 | cr=$0.85 settle=$0.00 | P&L=$+664 | eq=$168,393 | dist=3
2026-04-04 15:47:40 | DEBUG    | [20260120] PUT SPX=6796->6797 | P 6790/6785 x7 | cr=$0.60 settle=$0.00 | P&L=$+406 | eq=$168,799 | dist=3
2026-04-04 15:47:40 | DEBUG    | [20260121] TOUCH@15:53 CALL SPX=6876 | C 6875/6880 x8 | cr=$0.95 close=$1.65 | P&L=$-576
2026-04-04 15:47:40 | DEBUG    | [20260121] PUT SPX=6871->6876 | P 6870/6865 x9 | cr=$1.30 settle=$0.00 | P&L=$+1152 | eq=$169,375 | dist=0
2026-04-04 15:47:40 | DEBUG    | [20260122] CALL SPX=6912->6913 | C 6915/6920 x8 | cr=$0.80 settle=$0.00 | P&L=$+624 | eq=$169,999 | dist=0
2026-04-04 15:47:40 | DEBUG    | [20260122] PUT SPX=6912->6913 | P 6910/6905 x8 | cr=$1.05 settle=$0.00 | P&L=$+824 | eq=$170,823 | dist=0
2026-04-04 15:47:40 | DEBUG    | [20260123] TOUCH@15:57 CALL SPX=6916 | C 6915/6920 x8 | cr=$0.95 close=$1.00 | P&L=$-56
2026-04-04 15:47:40 | DEBUG    | [20260123] PUT SPX=6913->6916 | P 6910/6905 x7 | cr=$0.60 settle=$0.00 | P&L=$+406 | eq=$171,173 | dist=0
2026-04-04 15:47:40 | DEBUG    | [20260126] TOUCH@15:54 PUT SPX=6953 | P 6955/6950 x8 | cr=$0.80 close=$1.20 | P&L=$-336
2026-04-04 15:47:40 | DEBUG    | [20260126] CALL SPX=6956->6950 | C 6960/6965 x5 | cr=$0.35 settle=$0.00 | P&L=$+165 | eq=$171,002 | dist=0
2026-04-04 15:47:40 | DEBUG    | [20260127] TOUCH@15:59 PUT SPX=6979 | P 6980/6975 x8 | cr=$0.90 close=$0.90 | P&L=$-16
2026-04-04 15:47:40 | DEBUG    | [20260127] CALL SPX=6981->6979 | C 6985/6990 x5 | cr=$0.25 settle=$0.00 | P&L=$+115 | eq=$171,101 | dist=0
2026-04-04 15:47:40 | DEBUG    | [20260128] TOUCH@15:53 CALL SPX=6982 | C 6980/6985 x10 | cr=$1.70 close=$1.95 | P&L=$-270
2026-04-04 15:47:40 | DEBUG    | [20260128] PUT SPX=6980->6978 | P 6975/6970 x5 | cr=$0.50 settle=$0.00 | P&L=$+240 | eq=$171,071 | dist=0
2026-04-04 15:47:40 | DEBUG    | [20260129] TOUCH@15:55 CALL SPX=6964 | C 6960/6965 x7 | cr=$0.60 close=$1.90 | P&L=$-924
2026-04-04 15:47:40 | DEBUG    | [20260129] PUT SPX=6957->6969 | P 6955/6950 x9 | cr=$1.15 settle=$0.00 | P&L=$+1017 | eq=$171,164 | dist=0
2026-04-04 15:47:40 | DEBUG    | [20260130] TOUCH@15:53 PUT SPX=6933 | P 6940/6935 x8 | cr=$1.05 close=$1.45 | P&L=$-336
2026-04-04 15:47:40 | DEBUG    | [20260130] CALL SPX=6945->6939 | C 6945/6950 x11 | cr=$1.95 settle=$0.00 | P&L=$+2123 | eq=$172,951 | dist=0
2026-04-04 15:47:41 | DEBUG    | [20260202] CALL SPX=6975->6976 | C 6980/6985 x7 | cr=$0.55 settle=$0.00 | P&L=$+371 | eq=$173,322 | dist=0
2026-04-04 15:47:41 | DEBUG    | [20260202] PUT SPX=6975->6976 | P 6975/6970 x9 | cr=$1.20 settle=$0.00 | P&L=$+1062 | eq=$174,384 | dist=0
2026-04-04 15:47:41 | DEBUG    | [20260203] CALL SPX=6912->6918 | C 6920/6925 x5 | cr=$0.50 settle=$0.00 | P&L=$+240 | eq=$174,624 | dist=3
2026-04-04 15:47:41 | DEBUG    | [20260203] PUT SPX=6912->6918 | P 6905/6900 x5 | cr=$0.40 settle=$0.00 | P&L=$+190 | eq=$174,814 | dist=3
2026-04-04 15:47:41 | DEBUG    | [20260204] TOUCH@15:54 PUT SPX=6887 | P 6890/6885 x8 | cr=$0.90 close=$1.50 | P&L=$-496
2026-04-04 15:47:41 | DEBUG    | [20260204] CALL SPX=6894->6883 | C 6900/6905 x8 | cr=$0.85 settle=$0.00 | P&L=$+664 | eq=$174,982 | dist=3
2026-04-04 15:47:41 | DEBUG    | [20260205] TOUCH@15:55 CALL SPX=6795 | C 6795/6800 x8 | cr=$0.90 close=$1.45 | P&L=$-456
2026-04-04 15:47:41 | DEBUG    | [20260205] PUT SPX=6788->6798 | P 6785/6780 x9 | cr=$1.15 settle=$0.00 | P&L=$+1017 | eq=$175,543 | dist=3
2026-04-04 15:47:41 | DEBUG    | [20260206] TOUCH@15:55 PUT SPX=6937 | P 6940/6935 x9 | cr=$1.15 close=$1.15 | P&L=$-18
2026-04-04 15:47:41 | DEBUG    | [20260206] CALL SPX=6944->6932 | C 6945/6950 x10 | cr=$1.65 settle=$0.00 | P&L=$+1630 | eq=$177,155 | dist=0
2026-04-04 15:47:41 | DEBUG    | [20260209] TOUCH@15:53 PUT SPX=6965 | P 6970/6965 x9 | cr=$1.40 close=$2.25 | P&L=$-783
2026-04-04 15:47:41 | DEBUG    | [20260209] CALL SPX=6970->6965 | C 6975/6980 x5 | cr=$0.30 settle=$0.00 | P&L=$+140 | eq=$176,512 | dist=0
2026-04-04 15:47:41 | DEBUG    | [20260210] TOUCH@15:54 PUT SPX=6944 | P 6945/6940 x8 | cr=$0.80 close=$1.45 | P&L=$-536
2026-04-04 15:47:41 | DEBUG    | [20260210] CALL SPX=6948->6942 | C 6950/6955 x9 | cr=$1.40 settle=$0.00 | P&L=$+1242 | eq=$177,218 | dist=0
2026-04-04 15:47:41 | DEBUG    | [20260211] TOUCH@15:53 CALL SPX=6949 | C 6945/6950 x9 | cr=$1.45 close=$2.40 | P&L=$-873
2026-04-04 15:47:41 | DEBUG    | [20260211] PUT SPX=6944->6941 | P 6940/6935 x8 | cr=$0.75 settle=$0.00 | P&L=$+584 | eq=$176,929 | dist=0
2026-04-04 15:47:41 | DEBUG    | [20260212] TOUCH@15:53 CALL SPX=6832 | C 6830/6835 x8 | cr=$1.10 close=$1.60 | P&L=$-416
2026-04-04 15:47:41 | DEBUG    | [20260212] PUT SPX=6824->6833 | P 6820/6815 x9 | cr=$1.20 settle=$0.00 | P&L=$+1062 | eq=$177,575 | dist=3
2026-04-04 15:47:41 | DEBUG    | [20260213] TOUCH@15:54 CALL SPX=6834 | C 6830/6835 x8 | cr=$0.75 close=$1.40 | P&L=$-536
2026-04-04 15:47:41 | DEBUG    | [20260213] PUT SPX=6825->6836 | P 6820/6815 x8 | cr=$1.10 settle=$0.00 | P&L=$+864 | eq=$177,903 | dist=3
2026-04-04 15:47:41 | DEBUG    | [20260217] TOUCH@15:59 CALL SPX=6846 | C 6845/6850 x8 | cr=$0.85 close=$0.20 | P&L=$+504
2026-04-04 15:47:41 | DEBUG    | [20260217] PUT SPX=6841->6843 | P 6835/6830 x7 | cr=$0.55 settle=$0.00 | P&L=$+371 | eq=$178,778 | dist=3
2026-04-04 15:47:41 | DEBUG    | [20260218] TOUCH@15:53 CALL SPX=6886 | C 6885/6890 x9 | cr=$1.25 close=$1.75 | P&L=$-468
2026-04-04 15:47:41 | DEBUG    | [20260218] PUT SPX=6883->6881 | P 6880/6875 x8 | cr=$0.95 settle=$0.00 | P&L=$+744 | eq=$179,054 | dist=1
2026-04-04 15:47:41 | DEBUG    | [20260219] TOUCH@15:53 CALL SPX=6856 | C 6855/6860 x9 | cr=$1.30 close=$2.10 | P&L=$-738
2026-04-04 15:47:41 | DEBUG    | [20260219] PUT SPX=6853->6862 | P 6850/6845 x8 | cr=$1.10 settle=$0.00 | P&L=$+864 | eq=$179,180 | dist=1
2026-04-04 15:47:41 | DEBUG    | [20260220] TOUCH@15:59 CALL SPX=6910 | C 6910/6915 x7 | cr=$0.55 close=$0.45 | P&L=$+56
2026-04-04 15:47:41 | DEBUG    | [20260223] CALL SPX=6833->6838 | C 6840/6845 x5 | cr=$0.40 settle=$0.00 | P&L=$+190 | eq=$179,426 | dist=3
2026-04-04 15:47:41 | DEBUG    | [20260224] CALL SPX=6897->6890 | C 6900/6905 x8 | cr=$0.85 settle=$0.00 | P&L=$+664 | eq=$180,090 | dist=3
2026-04-04 15:47:41 | DEBUG    | [20260224] PUT SPX=6897->6890 | P 6890/6885 x5 | cr=$0.25 settle=$0.00 | P&L=$+115 | eq=$180,205 | dist=3
2026-04-04 15:47:41 | DEBUG    | [20260225] TOUCH@15:56 PUT SPX=6949 | P 6950/6945 x8 | cr=$0.90 close=$1.10 | P&L=$-176
2026-04-04 15:47:41 | DEBUG    | [20260225] CALL SPX=6951->6946 | C 6955/6960 x5 | cr=$0.50 settle=$0.00 | P&L=$+240 | eq=$180,269 | dist=0
2026-04-04 15:47:41 | DEBUG    | [20260226] CALL SPX=6905->6909 | C 6910/6915 x7 | cr=$0.60 settle=$0.00 | P&L=$+406 | eq=$180,675 | dist=3
2026-04-04 15:47:41 | DEBUG    | [20260226] PUT SPX=6905->6909 | P 6900/6895 x5 | cr=$0.40 settle=$0.00 | P&L=$+190 | eq=$180,865 | dist=3
2026-04-04 15:47:41 | DEBUG    | [20260227] TOUCH@15:53 CALL SPX=6871 | C 6870/6875 x10 | cr=$1.65 close=$1.65 | P&L=$-20
2026-04-04 15:47:41 | DEBUG    | [20260227] PUT SPX=6868->6879 | P 6865/6860 x9 | cr=$1.15 settle=$0.00 | P&L=$+1017 | eq=$181,862 | dist=1
2026-04-04 15:47:41 | DEBUG    | [20260302] TOUCH@15:55 CALL SPX=6885 | C 6885/6890 x7 | cr=$0.60 close=$1.10 | P&L=$-364
2026-04-04 15:47:41 | DEBUG    | [20260302] PUT SPX=6879->6882 | P 6875/6870 x8 | cr=$0.85 settle=$0.00 | P&L=$+664 | eq=$182,162 | dist=3
2026-04-04 15:47:41 | DEBUG    | [20260303] PUT SPX=6809->6817 | P 6800/6795 x5 | cr=$0.50 settle=$0.00 | P&L=$+240 | eq=$182,402 | dist=5
2026-04-04 15:47:41 | DEBUG    | [20260304] TOUCH@15:54 CALL SPX=6875 | C 6875/6880 x7 | cr=$0.60 close=$0.90 | P&L=$-224
2026-04-04 15:47:41 | DEBUG    | [20260304] PUT SPX=6871->6869 | P 6865/6860 x5 | cr=$0.40 settle=$0.00 | P&L=$+190 | eq=$182,368 | dist=3
2026-04-04 15:47:41 | DEBUG    | [20260305] TOUCH@15:54 CALL SPX=6828 | C 6825/6830 x8 | cr=$0.80 close=$1.80 | P&L=$-816
2026-04-04 15:47:41 | DEBUG    | [20260305] PUT SPX=6820->6831 | P 6810/6805 x5 | cr=$0.25 settle=$0.00 | P&L=$+115 | eq=$181,667 | dist=5
2026-04-04 15:47:41 | DEBUG    | [20260306] SKIP: VIX(15:50)=29.0 > 26.0
2026-04-04 15:47:41 | DEBUG    | [20260310] TOUCH@15:59 CALL SPX=6781 | C 6780/6785 x9 | cr=$1.15 close=$1.10 | P&L=$+27
2026-04-04 15:47:41 | DEBUG    | [20260310] PUT SPX=6775->6782 | P 6770/6765 x8 | cr=$1.00 settle=$0.00 | P&L=$+784 | eq=$182,478 | dist=3
2026-04-04 15:47:41 | DEBUG    | [20260311] CALL SPX=6773->6776 | C 6780/6785 x5 | cr=$0.35 settle=$0.00 | P&L=$+165 | eq=$182,643 | dist=3
2026-04-04 15:47:41 | DEBUG    | [20260311] PUT SPX=6773->6776 | P 6765/6760 x3 | cr=$0.20 settle=$0.00 | P&L=$+54 | eq=$182,697 | dist=3
2026-04-04 15:47:41 | DEBUG    | [20260312] SKIP: VIX(15:50)=26.8 > 26.0
2026-04-04 15:47:41 | DEBUG    | [20260313] SKIP: VIX(15:50)=27.4 > 26.0
2026-04-04 15:47:41 | DEBUG    | [20260316] CALL SPX=6698->6699 | C 6705/6710 x3 | cr=$0.20 settle=$0.00 | P&L=$+54 | eq=$182,751 | dist=3
2026-04-04 15:47:41 | DEBUG    | [20260316] PUT SPX=6698->6699 | P 6690/6685 x3 | cr=$0.15 settle=$0.00 | P&L=$+39 | eq=$182,790 | dist=3
2026-04-04 15:47:41 | DEBUG    | [20260317] PUT SPX=6717->6716 | P 6710/6705 x3 | cr=$0.10 settle=$0.00 | P&L=$+24 | eq=$182,814 | dist=3
2026-04-04 15:47:41 | DEBUG    | [20260318] CALL SPX=6629->6625 | C 6635/6640 x5 | cr=$0.50 settle=$0.00 | P&L=$+240 | eq=$183,054 | dist=3
2026-04-04 15:47:41 | DEBUG    | [20260318] PUT SPX=6629->6625 | P 6625/6620 x8 | cr=$0.70 settle=$0.29 | P&L=$+312 | eq=$183,366 | dist=3
2026-04-04 15:47:41 | DEBUG    | [20260319] TOUCH@15:57 CALL SPX=6610 | C 6610/6615 x8 | cr=$0.75 close=$0.60 | P&L=$+104
2026-04-04 15:47:41 | DEBUG    | [20260319] PUT SPX=6605->6606 | P 6600/6595 x5 | cr=$0.45 settle=$0.00 | P&L=$+215 | eq=$183,685 | dist=3
2026-04-04 15:47:41 | DEBUG    | [20260320] SKIP: VIX(15:50)=28.2 > 26.0
2026-04-04 15:47:41 | DEBUG    | [20260323] TOUCH@15:57 PUT SPX=6584 | P 6585/6580 x3 | cr=$0.15 close=$1.45 | P&L=$-396
2026-04-04 15:47:41 | DEBUG    | [20260323] CALL SPX=6595->6581 | C 6600/6605 x5 | cr=$0.50 settle=$0.00 | P&L=$+240 | eq=$183,529 | dist=5
2026-04-04 15:47:41 | DEBUG    | [20260324] SKIP: VIX(15:50)=26.8 > 26.0
2026-04-04 15:47:41 | DEBUG    | [20260325] CALL SPX=6589->6592 | C 6595/6600 x5 | cr=$0.30 settle=$0.00 | P&L=$+140 | eq=$183,669 | dist=3
2026-04-04 15:47:41 | DEBUG    | [20260325] PUT SPX=6589->6592 | P 6585/6580 x8 | cr=$0.80 settle=$0.00 | P&L=$+624 | eq=$184,293 | dist=3
2026-04-04 15:47:41 | INFO     | ============================================================
2026-04-04 15:47:41 | INFO     | SKIP REASONS:
2026-04-04 15:47:41 | INFO     |   afternoon_filter    : 4
2026-04-04 15:47:41 | INFO     |   early_close         : 2
2026-04-04 15:47:41 | INFO     |   no_quotes           : 2
2026-04-04 15:47:41 | INFO     |   parkinson_ratio     : 21
2026-04-04 15:47:41 | INFO     |   put_momentum        : 4
2026-04-04 15:47:41 | INFO     |   vix_intraday        : 23
2026-04-04 15:47:41 | INFO     |   TOTAL TRADES        : 498
2026-04-04 15:47:41 | INFO     | ============================================================
2026-04-04 15:47:41 | INFO     | Trade log snapshot -> /Users/jeerapongwongchote/Documents/thetadata/lastfive/tradelogs_lastfive.csv
2026-04-04 15:47:41 | INFO     | ============================================================
2026-04-04 15:47:41 | INFO     |   LASTFIVE PERFORMANCE REPORT  (Run #82)
2026-04-04 15:47:41 | INFO     | ============================================================
2026-04-04 15:47:41 | INFO     |   Period          : 2025-01-01 -> 2026-03-25
2026-04-04 15:47:41 | INFO     |   Days traded     : 255
2026-04-04 15:47:41 | INFO     |   Total trades    : 498  (wins: 355  losses: 143)
2026-04-04 15:47:41 | INFO     |   Avg trades/day  : 2.0
2026-04-04 15:47:41 | INFO     | ------------------------------------------------------------
2026-04-04 15:47:41 | INFO     |   Total P&L       : $  134,293.00  (net of commission)
2026-04-04 15:47:41 | INFO     |   Gross premium   : $  343,715.00
2026-04-04 15:47:41 | INFO     |   Prem capture    :        39.1%
2026-04-04 15:47:41 | INFO     |   CAGR            :       190.4%  (acct=$50,000)
2026-04-04 15:47:41 | INFO     |   Avg win/trade   : $      535.56
2026-04-04 15:47:41 | INFO     |   Avg loss/trade  : $     -390.42
2026-04-04 15:47:41 | INFO     |   Expectancy      : $      269.66
2026-04-04 15:47:41 | INFO     |   Profit factor   :         3.41x
2026-04-04 15:47:41 | INFO     | ------------------------------------------------------------
2026-04-04 15:47:41 | INFO     |   Max drawdown    : $   -1,884.00  (-1.4%)
2026-04-04 15:47:41 | INFO     |   Calmar ratio    :        50.52
2026-04-04 15:47:41 | INFO     |   Recovery factor :        71.28
2026-04-04 15:47:41 | INFO     |   Time underwater :        23.9%  (61 of 255 days)
2026-04-04 15:47:41 | INFO     |   Max consec loss : 3
2026-04-04 15:47:41 | INFO     | ------------------------------------------------------------
2026-04-04 15:47:41 | INFO     |   VIX adaptive    : ON (ATM<18.0, d3<22.0, d5<26.0)
2026-04-04 15:47:41 | INFO     |   Tiered sizing   : ON ($1500/$2500/$3500)
2026-04-04 15:47:41 | INFO     |   Width / MinCr   : $5 / $0.10
2026-04-04 15:47:41 | INFO     |   Afternoon filter: < 1.0%
2026-04-04 15:47:41 | INFO     |   Put filter      : aftn<-0.75% + mom30<-0.1%
2026-04-04 15:47:41 | INFO     |   Commission      : $0.5/leg
2026-04-04 15:47:41 | INFO     | ------------------------------------------------------------
2026-04-04 15:47:41 | INFO     |   Win rate        :        71.3%
2026-04-04 15:47:41 | INFO     |   Sharpe ratio    :        13.80  (rf=5.0%)
2026-04-04 15:47:41 | INFO     |   Sortino ratio   :        15.04
2026-04-04 15:47:41 | INFO     |   Ann. volatility : $    9,437.14
2026-04-04 15:47:41 | INFO     | ------------------------------------------------------------
2026-04-04 15:47:41 | INFO     |   Best day        : $    2,424.00
2026-04-04 15:47:41 | INFO     |   Worst day       : $     -946.00
2026-04-04 15:47:41 | INFO     |   Best trade      : $    2,123.00
2026-04-04 15:47:41 | INFO     |   Worst trade     : $   -1,136.00
2026-04-04 15:47:41 | INFO     | ------------------------------------------------------------
2026-04-04 15:47:41 | INFO     |   Commission total: $    7,496.00
2026-04-04 15:47:41 | INFO     |   Avg BP/trade    : $    3,072.86
2026-04-04 15:47:41 | INFO     |   Avg BP/day      : $    6,001.12
2026-04-04 15:47:41 | INFO     |   Max BP day      : $    6,980.00
2026-04-04 15:47:41 | INFO     | ============================================================
2026-04-04 15:47:41 | INFO     | Results written to /Users/jeerapongwongchote/Documents/thetadata/lastfive/RESULTS.md (latest 3 runs, newest first)
2026-04-04 15:47:41 | INFO     | --------------------------------------------------------------------------------
2026-04-04 15:47:41 | INFO     |   VIX CORRELATION ANALYSIS
2026-04-04 15:47:41 | INFO     | --------------------------------------------------------------------------------
2026-04-04 15:47:41 | INFO     |   VIX Range  |  Trades |  Win Rate |    Avg P&L |    Total P&L |     Max DD
2026-04-04 15:47:41 | INFO     | --------------------------------------------------------------------------------
2026-04-04 15:47:41 | INFO     |   < 15       |      46 |     67.4% | $   180.96 | $   8,324.00 | $  -873.00
2026-04-04 15:47:41 | INFO     |   15-18      |     269 |     68.0% | $   285.91 | $  76,911.00 | $-2,018.00
2026-04-04 15:47:41 | INFO     |   18-20      |      74 |     78.4% | $   248.08 | $  18,358.00 | $-1,136.00
2026-04-04 15:47:41 | INFO     |   20-22      |      54 |     68.5% | $   289.67 | $  15,642.00 | $-1,312.00
2026-04-04 15:47:41 | INFO     |   22-26      |      53 |     84.9% | $   287.06 | $  15,214.00 | $-1,136.00
2026-04-04 15:47:41 | INFO     |   26-30      |       2 |     50.0% | $   -78.00 | $    -156.00 | $  -396.00
2026-04-04 15:47:41 | INFO     |   30+        |       0 |      0.0% | $     0.00 | $       0.00 | $     0.00
2026-04-04 15:47:41 | INFO     | --------------------------------------------------------------------------------
2026-04-04 15:47:41 | INFO     | -----------------------------------------------------------------------------------------------
2026-04-04 15:47:41 | INFO     |   PUT vs CALL SPLIT
2026-04-04 15:47:41 | INFO     | -----------------------------------------------------------------------------------------------
2026-04-04 15:47:41 | INFO     |   Side   |  Trades |      WR |    Avg P&L |    Total P&L |   Avg Win |  Avg Loss |     PF |     Max DD
2026-04-04 15:47:41 | INFO     | -----------------------------------------------------------------------------------------------
2026-04-04 15:47:41 | INFO     |   CALL   |     250 |   66.0% | $   221.03 | $  55,258.00 | $  542.74 | $ -403.46 |  2.61 | $-4,187.00
2026-04-04 15:47:41 | INFO     |   PUT    |     248 |   76.6% | $   318.69 | $  79,035.00 | $  529.32 | $ -371.31 |  4.67 | $-1,630.00
2026-04-04 15:47:41 | INFO     | -----------------------------------------------------------------------------------------------
2026-04-04 15:47:41 | INFO     | --------------------------------------------------------------------------------------------------------------------------------------------
2026-04-04 15:47:41 | INFO     |   YEARLY + MONTHLY BREAKDOWN
2026-04-04 15:47:41 | INFO     | --------------------------------------------------------------------------------------------------------------------------------------------
2026-04-04 15:47:41 | INFO     |   Period         |        P&L | Trades |     WR |  Avg RoR |   Avg P&L |  Avg Risk |   Best Day |  Worst Day |   Drawdown
2026-04-04 15:47:41 | INFO     | --------------------------------------------------------------------------------------------------------------------------------------------
2026-04-04 15:47:41 | INFO     |   2025           | $  110,711 |    400 |  71.8% |     8.9% | $     277 | $   3,105 | $    2,424 | $     -946 | $   -1,884
2026-04-04 15:47:41 | INFO     |     January      | $   14,068 |     36 |  66.7% |    12.5% | $     391 | $   3,128 | $    2,424 | $     -249 | $     -873
2026-04-04 15:47:41 | INFO     |     February     | $    7,424 |     33 |  72.7% |     7.1% | $     225 | $   3,190 | $    1,601 | $     -430 | $   -1,118
2026-04-04 15:47:41 | INFO     |     March        | $   12,134 |     28 |  82.1% |    13.1% | $     433 | $   3,317 | $    2,124 | $        1 | $     -783
2026-04-04 15:47:41 | INFO     |     April        | $    3,597 |     12 |  75.0% |     9.8% | $     300 | $   3,064 | $    1,896 | $       14 | $     -620
2026-04-04 15:47:41 | INFO     |     May          | $    8,328 |     32 |  75.0% |     8.3% | $     260 | $   3,148 | $    1,941 | $     -472 | $   -1,136
2026-04-04 15:47:41 | INFO     |     June         | $    8,102 |     30 |  66.7% |     8.5% | $     270 | $   3,184 | $    1,448 | $     -514 | $     -954
2026-04-04 15:47:41 | INFO     |     July         | $    3,044 |     37 |  67.6% |     2.8% | $      82 | $   2,906 | $    1,246 | $     -903 | $   -1,884
2026-04-04 15:47:41 | INFO     |     August       | $    9,734 |     41 |  75.6% |     7.7% | $     237 | $   3,084 | $    1,464 | $     -504 | $     -648
2026-04-04 15:47:41 | INFO     |     September    | $   12,787 |     40 |  62.5% |    10.1% | $     320 | $   3,163 | $    1,986 | $     -163 | $     -869
2026-04-04 15:47:41 | INFO     |     October      | $   12,260 |     38 |  81.6% |    10.7% | $     323 | $   3,014 | $    1,407 | $     -216 | $     -963
2026-04-04 15:47:41 | INFO     |     November     | $    7,964 |     34 |  73.5% |     7.8% | $     234 | $   3,011 | $    1,495 | $     -946 | $   -1,136
2026-04-04 15:47:41 | INFO     |     December     | $   11,269 |     39 |  66.7% |     9.3% | $     289 | $   3,095 | $    1,534 | $     -174 | $     -918
2026-04-04 15:47:41 | INFO     | --------------------------------------------------------------------------------------------------------------------------------------------
2026-04-04 15:47:41 | INFO     |   2026           | $   23,582 |     98 |  69.4% |     8.2% | $     241 | $   2,943 | $    1,801 | $     -701 | $   -1,179
2026-04-04 15:47:41 | INFO     |     January      | $   12,240 |     40 |  65.0% |    10.1% | $     306 | $   3,042 | $    1,801 | $     -421 | $   -1,026
2026-04-04 15:47:41 | INFO     |     February     | $    8,911 |     36 |  66.7% |     8.0% | $     248 | $   3,095 | $    1,612 | $     -643 | $   -1,179
2026-04-04 15:47:41 | INFO     |     March        | $    2,431 |     22 |  81.8% |     4.4% | $     110 | $   2,515 | $      811 | $     -701 | $     -850
2026-04-04 15:47:41 | INFO     | --------------------------------------------------------------------------------------------------------------------------------------------
2026-04-04 15:47:41 | INFO     |   TOTAL          | $  134,293 |    498 |  71.3% |     8.8% | $     270 | $   3,073 | $    2,424 | $     -946 | $   -1,884
2026-04-04 15:47:41 | INFO     | --------------------------------------------------------------------------------------------------------------------------------------------
2026-04-04 15:47:41 | INFO     |   (SPY monthly data not available — skipping strategy vs SPY)
2026-04-04 15:47:41 | INFO     | ------------------------------------------------------------------------------------------
2026-04-04 15:47:41 | INFO     |   WORST 30 DAYS
2026-04-04 15:47:41 | INFO     | ------------------------------------------------------------------------------------------
2026-04-04 15:47:41 | INFO     |   Date         |    Day P&L |    VIX |   Call P&L |    Put P&L | Trades
2026-04-04 15:47:41 | INFO     | ------------------------------------------------------------------------------------------
2026-04-04 15:47:41 | INFO     |   2025-11-18   | $  -946.00 |    N/A | $   190.00 | $-1,136.00 |      2
2026-04-04 15:47:41 | INFO     |   2025-07-24   | $  -903.00 |    N/A | $  -288.00 | $  -615.00 |      2
2026-04-04 15:47:41 | INFO     |   2025-07-23   | $  -731.00 |    N/A | $  -770.00 | $    39.00 |      2
2026-04-04 15:47:41 | INFO     |   2026-03-05   | $  -701.00 |    N/A | $  -816.00 | $   115.00 |      2
2026-04-04 15:47:41 | INFO     |   2026-02-09   | $  -643.00 |    N/A | $   140.00 | $  -783.00 |      2
2026-04-04 15:47:41 | INFO     |   2025-06-10   | $  -514.00 |    N/A | $  -136.00 | $  -378.00 |      2
2026-04-04 15:47:41 | INFO     |   2025-08-28   | $  -504.00 |    N/A | $  -558.00 | $    54.00 |      2
2026-04-04 15:47:41 | INFO     |   2025-05-21   | $  -472.00 |    N/A | $   664.00 | $-1,136.00 |      2
2026-04-04 15:47:41 | INFO     |   2025-02-06   | $  -430.00 |    N/A | $  -670.00 | $   240.00 |      2
2026-04-04 15:47:41 | INFO     |   2026-01-12   | $  -421.00 |    N/A | $  -536.00 | $   115.00 |      2
2026-04-04 15:47:41 | INFO     |   2025-06-02   | $  -396.00 |    N/A | $   140.00 | $  -536.00 |      2
2026-04-04 15:47:41 | INFO     |   2025-05-13   | $  -392.00 |    N/A | $   744.00 | $-1,136.00 |      2
2026-04-04 15:47:41 | INFO     |   2025-11-21   | $  -312.00 |    N/A | $   504.00 | $  -816.00 |      2
2026-04-04 15:47:41 | INFO     |   2025-07-02   | $  -306.00 |    N/A | $  -496.00 | $   190.00 |      2
2026-04-04 15:47:41 | INFO     |   2026-02-11   | $  -289.00 |    N/A | $  -873.00 | $   584.00 |      2
2026-04-04 15:47:41 | INFO     |   2025-05-16   | $  -284.00 |    N/A | $  -828.00 | $   544.00 |      2
2026-04-04 15:47:41 | INFO     |   2025-02-26   | $  -279.00 |    N/A | $  -783.00 | $   504.00 |      2
2026-04-04 15:47:41 | INFO     |   2025-07-21   | $  -266.00 |    N/A | $   190.00 | $  -456.00 |      2
2026-04-04 15:47:41 | INFO     |   2025-11-13   | $  -264.00 |    N/A | $   371.00 | $  -635.00 |      2
2026-04-04 15:47:41 | INFO     |   2025-01-24   | $  -249.00 |    N/A | $  -873.00 | $   624.00 |      2
2026-04-04 15:47:41 | INFO     |   2025-10-02   | $  -216.00 |    N/A | $   240.00 | $  -456.00 |      2
2026-04-04 15:47:41 | INFO     |   2025-07-18   | $  -181.00 |    N/A | $  -296.00 | $   115.00 |      2
2026-04-04 15:47:41 | INFO     |   2025-08-08   | $  -180.00 |    N/A | $  -320.00 | $   140.00 |      2
2026-04-04 15:47:41 | INFO     |   2025-05-09   | $  -176.00 |    N/A | $  -416.00 | $   240.00 |      2
2026-04-04 15:47:41 | INFO     |   2025-02-24   | $  -175.00 |    N/A | $   784.00 | $  -959.00 |      2
2026-04-04 15:47:41 | INFO     |   2025-12-05   | $  -174.00 |    N/A | $  -918.00 | $   744.00 |      2
2026-04-04 15:47:41 | INFO     |   2026-01-26   | $  -171.00 |    N/A | $   165.00 | $  -336.00 |      2
2026-04-04 15:47:41 | INFO     |   2025-09-26   | $  -163.00 |    N/A | $  -378.00 | $   215.00 |      2
2026-04-04 15:47:41 | INFO     |   2026-03-23   | $  -156.00 |    N/A | $   240.00 | $  -396.00 |      2
2026-04-04 15:47:41 | INFO     |   2025-08-04   | $  -144.00 |    N/A | $  -648.00 | $   504.00 |      2
2026-04-04 15:47:41 | INFO     | ------------------------------------------------------------------------------------------
2026-04-04 15:47:41 | INFO     | ----------------------------------------------------------------------
2026-04-04 15:47:41 | INFO     |   SEASONALITY — DAY OF WEEK
2026-04-04 15:47:41 | INFO     | ----------------------------------------------------------------------
2026-04-04 15:47:41 | INFO     |   Day   |  Trades |      WR |    Total P&L |    Avg P&L |     Max DD
2026-04-04 15:47:41 | INFO     | ----------------------------------------------------------------------
2026-04-04 15:47:41 | INFO     |   Mon   |      97 |   70.1% | $  19,678.00 | $   202.87 | $  -959.00
2026-04-04 15:47:41 | INFO     |   Tue   |     109 |   77.1% | $  27,741.00 | $   254.50 | $-1,136.00
2026-04-04 15:47:41 | INFO     |   Wed   |     101 |   71.3% | $  30,270.00 | $   299.70 | $-1,136.00
2026-04-04 15:47:41 | INFO     |   Thu   |      93 |   72.0% | $  31,198.00 | $   335.46 | $-1,272.00
2026-04-04 15:47:41 | INFO     |   Fri   |      98 |   65.3% | $  25,406.00 | $   259.24 | $-1,230.00
2026-04-04 15:47:41 | INFO     | ----------------------------------------------------------------------
2026-04-04 15:47:41 | INFO     | ----------------------------------------------------------------------
2026-04-04 15:47:41 | INFO     |   SEASONALITY — MONTH
2026-04-04 15:47:41 | INFO     | ----------------------------------------------------------------------
2026-04-04 15:47:41 | INFO     |   Month |  Trades |      WR |    Total P&L |    Avg P&L |     Max DD
2026-04-04 15:47:41 | INFO     | ----------------------------------------------------------------------
2026-04-04 15:47:41 | INFO     |   Jan   |      76 |   65.8% | $  26,308.00 | $   346.16 | $-1,026.00
2026-04-04 15:47:41 | INFO     |   Feb   |      69 |   69.6% | $  16,335.00 | $   236.74 | $-1,179.00
2026-04-04 15:47:41 | INFO     |   Mar   |      50 |   82.0% | $  14,565.00 | $   291.30 | $  -850.00
2026-04-04 15:47:41 | INFO     |   Apr   |      12 |   75.0% | $   3,597.00 | $   299.75 | $  -620.00
2026-04-04 15:47:41 | INFO     |   May   |      32 |   75.0% | $   8,328.00 | $   260.25 | $-1,136.00
2026-04-04 15:47:41 | INFO     |   Jun   |      30 |   66.7% | $   8,102.00 | $   270.07 | $  -954.00
2026-04-04 15:47:41 | INFO     |   Jul   |      37 |   67.6% | $   3,044.00 | $    82.27 | $-1,884.00
2026-04-04 15:47:41 | INFO     |   Aug   |      41 |   75.6% | $   9,734.00 | $   237.41 | $  -648.00
2026-04-04 15:47:41 | INFO     |   Sep   |      40 |   62.5% | $  12,787.00 | $   319.68 | $  -869.00
2026-04-04 15:47:41 | INFO     |   Oct   |      38 |   81.6% | $  12,260.00 | $   322.63 | $  -963.00
2026-04-04 15:47:41 | INFO     |   Nov   |      34 |   73.5% | $   7,964.00 | $   234.24 | $-1,136.00
2026-04-04 15:47:41 | INFO     |   Dec   |      39 |   66.7% | $  11,269.00 | $   288.95 | $  -918.00
2026-04-04 15:47:41 | INFO     | ----------------------------------------------------------------------
2026-04-04 15:47:41 | INFO     | --------------------------------------------------------------------------------
2026-04-04 15:47:41 | INFO     |   CALENDAR / ECON EVENT ANALYSIS
2026-04-04 15:47:41 | INFO     | --------------------------------------------------------------------------------
2026-04-04 15:47:41 | INFO     |   Event              |  Trades |      WR |    Total P&L |    Avg P&L |     Max DD
2026-04-04 15:47:41 | INFO     | --------------------------------------------------------------------------------
2026-04-04 15:47:41 | INFO     |   FOMC               |      10 |   60.0% | $   1,834.00 | $   183.40 | $  -468.00
2026-04-04 15:47:41 | INFO     |   Triple Witching    |       8 |   75.0% | $   2,922.00 | $   365.25 | $  -696.00
2026-04-04 15:47:41 | INFO     |   End of Month       |      28 |   67.9% | $  11,157.00 | $   398.46 | $  -963.00
2026-04-04 15:47:41 | INFO     |   Monday             |      97 |   70.1% | $  19,678.00 | $   202.87 | $  -959.00
2026-04-04 15:47:41 | INFO     |   Friday             |      98 |   65.3% | $  25,406.00 | $   259.24 | $-1,230.00
2026-04-04 15:47:41 | INFO     |   Normal days        |     279 |   74.2% | $  82,583.00 | $   296.00 | $-1,653.00
2026-04-04 15:47:41 | INFO     | --------------------------------------------------------------------------------
