2026-04-04 13:01:41 | INFO     | Log file  : /Users/jeerapongwongchote/Documents/thetadata/lastfive/logs/lastfive_20260404_130141.log
2026-04-04 13:01:41 | INFO     | ============================================================
2026-04-04 13:01:41 | INFO     |   RECENT RUN HISTORY
2026-04-04 13:01:41 | INFO     | ------------------------------------------------------------
2026-04-04 13:01:41 | INFO     |   #54 2026-04-04T12:45 | P&L=$   191,050 | WR=77.9% | 1333 trades
2026-04-04 13:01:41 | INFO     |   #55 2026-04-04T13:00 | P&L=$    63,076 | WR=89.9% | 789 trades
2026-04-04 13:01:41 | INFO     |   #56 2026-04-04T13:01 | P&L=$    51,963 | WR=90.7% | 808 trades
2026-04-04 13:01:41 | INFO     |   #57 2026-04-04T13:01 | P&L=$    37,424 | WR=90.9% | 809 trades
2026-04-04 13:01:41 | INFO     |   #58 2026-04-04T13:01 | P&L=$    24,819 | WR=91.0% | 810 trades
2026-04-04 13:01:41 | INFO     | ============================================================
2026-04-04 13:01:41 | INFO     | ============================================================
2026-04-04 13:01:41 | INFO     | LASTFIVE BACKTEST — Short Call Spread 5 Min Before Close
2026-04-04 13:01:41 | INFO     | Period       : 2022-01-03 -> 2024-12-31
2026-04-04 13:01:41 | INFO     | Sides        : CALL+PUT
2026-04-04 13:01:41 | INFO     | VIX adaptive : ON (ATM<18.0, d3<22.0, d5<26.0)
2026-04-04 13:01:41 | INFO     | Spread width : $10.0
2026-04-04 13:01:41 | INFO     | Tiered sizing: ON ($1500.0/$2500.0/$3500.0)
2026-04-04 13:01:41 | INFO     | Min credit   : $0.1
2026-04-04 13:01:41 | INFO     | Put filter   : aftn<-0.75% + mom30<-0.1% (ON)
2026-04-04 13:01:41 | INFO     | Stop-loss    : buy back if SPX moves $2.0+ at 15:56,15:57 (OFF)
2026-04-04 13:01:41 | INFO     | Afternoon    : < 1.0% (ON)
2026-04-04 13:01:41 | INFO     | VIX(15:50)   : <= 26.0 (ON)
2026-04-04 13:01:41 | INFO     | ============================================================
2026-04-04 13:01:41 | INFO     | Building daily indicators...
2026-04-04 13:01:45 | INFO     |   -> 1066 daily bars loaded
2026-04-04 13:01:45 | INFO     | Trading dates: 753 (from 20220103 to 20241231)
2026-04-04 13:01:45 | DEBUG    | [20220103] CALL SPX=4794->4797 | C 4800/4810 x1 | cr=$0.15 settle=$0.00 | P&L=$+13 | eq=$50,013 | dist=5
2026-04-04 13:01:45 | DEBUG    | [20220103] PUT SPX=4794->4797 | P 4785/4775 x1 | cr=$0.15 settle=$0.00 | P&L=$+13 | eq=$50,026 | dist=5
2026-04-04 13:01:45 | DEBUG    | [20220105] CALL SPX=4713->4701 | C 4720/4730 x2 | cr=$0.50 settle=$0.00 | P&L=$+96 | eq=$50,122 | dist=5
2026-04-04 13:01:45 | DEBUG    | [20220107] PUT SPX=4680->4677 | P 4675/4665 x2 | cr=$0.50 settle=$0.00 | P&L=$+96 | eq=$50,218 | dist=5
2026-04-04 13:01:45 | DEBUG    | [20220110] SKIP: Afternoon return=1.097% >= 1.0%
2026-04-04 13:01:45 | DEBUG    | [20220112] CALL SPX=4730->4726 | C 4735/4745 x3 | cr=$0.65 settle=$0.00 | P&L=$+189 | eq=$50,407 | dist=5
2026-04-04 13:01:45 | DEBUG    | [20220112] PUT SPX=4730->4726 | P 4720/4710 x1 | cr=$0.15 settle=$0.00 | P&L=$+13 | eq=$50,420 | dist=5
2026-04-04 13:01:45 | DEBUG    | [20220114] CALL SPX=4663->4663 | C 4670/4680 x3 | cr=$0.75 settle=$0.00 | P&L=$+219 | eq=$50,639 | dist=5
2026-04-04 13:01:45 | DEBUG    | [20220114] PUT SPX=4663->4663 | P 4655/4645 x2 | cr=$0.40 settle=$0.00 | P&L=$+76 | eq=$50,715 | dist=5
2026-04-04 13:01:45 | DEBUG    | [20220118] TOUCH@15:57 CALL SPX=4577 | C 4575/4585 x3 | cr=$1.20 close=$2.60 | P&L=$-426
2026-04-04 13:01:45 | DEBUG    | [20220118] PUT SPX=4569->4577 | P 4560/4550 x2 | cr=$0.40 settle=$0.00 | P&L=$+76 | eq=$50,365 | dist=5
2026-04-04 13:01:45 | DEBUG    | [20220119] CALL SPX=4541->4533 | C 4550/4560 x2 | cr=$0.35 settle=$0.00 | P&L=$+66 | eq=$50,431 | dist=5
2026-04-04 13:01:45 | DEBUG    | [20220121] SKIP: VIX(15:50)=29.8 > 26.0
2026-04-04 13:01:45 | DEBUG    | [20220124] SKIP: VIX(15:50)=30.2 > 26.0
2026-04-04 13:01:45 | DEBUG    | [20220125] SKIP: VIX(15:50)=31.0 > 26.0
2026-04-04 13:01:45 | DEBUG    | [20220126] SKIP: VIX(15:50)=31.8 > 26.0
2026-04-04 13:01:45 | DEBUG    | [20220127] SKIP: VIX(15:50)=31.0 > 26.0
2026-04-04 13:01:45 | DEBUG    | [20220128] SKIP: VIX(15:50)=27.4 > 26.0
2026-04-04 13:01:45 | DEBUG    | [20220131] CALL SPX=4514->4515 | C 4520/4530 x3 | cr=$1.00 settle=$0.00 | P&L=$+294 | eq=$50,725 | dist=5
2026-04-04 13:01:45 | DEBUG    | [20220131] PUT SPX=4514->4515 | P 4505/4495 x2 | cr=$0.50 settle=$0.00 | P&L=$+96 | eq=$50,821 | dist=5
2026-04-04 13:01:45 | DEBUG    | [20220202] CALL SPX=4590->4589 | C 4600/4610 x2 | cr=$0.20 settle=$0.00 | P&L=$+36 | eq=$50,857 | dist=5
2026-04-04 13:01:45 | DEBUG    | [20220202] PUT SPX=4590->4589 | P 4585/4575 x3 | cr=$0.75 settle=$0.00 | P&L=$+219 | eq=$51,076 | dist=5
2026-04-04 13:01:45 | DEBUG    | [20220204] TOUCH@15:59 PUT SPX=4500 | P 4505/4495 x3 | cr=$0.65 close=$1.90 | P&L=$-381
2026-04-04 13:01:45 | DEBUG    | [20220204] CALL SPX=4514->4501 | C 4520/4530 x3 | cr=$0.65 settle=$0.00 | P&L=$+189 | eq=$50,884 | dist=5
2026-04-04 13:01:46 | DEBUG    | [20220207] TOUCH@15:58 CALL SPX=4481 | C 4480/4490 x4 | cr=$1.30 close=$1.95 | P&L=$-268
2026-04-04 13:01:46 | DEBUG    | [20220207] PUT SPX=4474->4484 | P 4465/4455 x3 | cr=$0.80 settle=$0.00 | P&L=$+234 | eq=$50,850 | dist=5
2026-04-04 13:01:46 | DEBUG    | [20220209] CALL SPX=4585->4587 | C 4590/4600 x3 | cr=$1.05 settle=$0.00 | P&L=$+309 | eq=$51,159 | dist=5
2026-04-04 13:01:46 | DEBUG    | [20220209] PUT SPX=4585->4587 | P 4575/4565 x2 | cr=$0.35 settle=$0.00 | P&L=$+66 | eq=$51,225 | dist=5
2026-04-04 13:01:46 | DEBUG    | [20220211] SKIP: VIX(15:50)=27.9 > 26.0
2026-04-04 13:01:46 | DEBUG    | [20220214] SKIP: VIX(15:50)=29.2 > 26.0
2026-04-04 13:01:46 | DEBUG    | [20220216] CALL SPX=4479->4475 | C 4485/4495 x3 | cr=$0.55 settle=$0.00 | P&L=$+159 | eq=$51,384 | dist=5
2026-04-04 13:01:46 | DEBUG    | [20220216] PUT SPX=4479->4475 | P 4470/4460 x2 | cr=$0.25 settle=$0.00 | P&L=$+46 | eq=$51,430 | dist=5
2026-04-04 13:01:46 | DEBUG    | [20220217] SKIP: VIX(15:50)=28.0 > 26.0
2026-04-04 13:01:46 | DEBUG    | [20220218] SKIP: VIX(15:50)=28.0 > 26.0
2026-04-04 13:01:46 | DEBUG    | [20220222] SKIP: VIX(15:50)=29.9 > 26.0
2026-04-04 13:01:46 | DEBUG    | [20220223] SKIP: VIX(15:50)=30.9 > 26.0
2026-04-04 13:01:46 | DEBUG    | [20220224] SKIP: VIX(15:50)=29.8 > 26.0
2026-04-04 13:01:46 | DEBUG    | [20220225] SKIP: VIX(15:50)=27.6 > 26.0
2026-04-04 13:01:46 | DEBUG    | [20220228] SKIP: VIX(15:50)=29.9 > 26.0
2026-04-04 13:01:46 | DEBUG    | [20220301] SKIP: VIX(15:50)=35.2 > 26.0
2026-04-04 13:01:46 | DEBUG    | [20220302] SKIP: VIX(15:50)=30.3 > 26.0
2026-04-04 13:01:46 | DEBUG    | [20220303] SKIP: VIX(15:50)=31.2 > 26.0
2026-04-04 13:01:46 | DEBUG    | [20220304] SKIP: VIX(15:50)=32.3 > 26.0
2026-04-04 13:01:46 | DEBUG    | [20220307] SKIP: VIX(15:50)=35.8 > 26.0
2026-04-04 13:01:46 | DEBUG    | [20220308] SKIP: VIX(15:50)=35.0 > 26.0
2026-04-04 13:01:46 | DEBUG    | [20220309] SKIP: VIX(15:50)=32.1 > 26.0
2026-04-04 13:01:46 | DEBUG    | [20220310] SKIP: VIX(15:50)=30.8 > 26.0
2026-04-04 13:01:46 | DEBUG    | [20220311] SKIP: VIX(15:50)=30.9 > 26.0
2026-04-04 13:01:46 | DEBUG    | [20220314] SKIP: VIX(15:50)=32.5 > 26.0
2026-04-04 13:01:46 | DEBUG    | [20220315] SKIP: VIX(15:50)=29.7 > 26.0
2026-04-04 13:01:46 | DEBUG    | [20220316] SKIP: VIX(15:50)=26.5 > 26.0
2026-04-04 13:01:46 | DEBUG    | [20220318] CALL SPX=4460->4463 | C 4470/4480 x2 | cr=$0.20 settle=$0.00 | P&L=$+36 | eq=$51,466 | dist=5
2026-04-04 13:01:46 | DEBUG    | [20220318] PUT SPX=4460->4463 | P 4455/4445 x3 | cr=$0.90 settle=$0.00 | P&L=$+264 | eq=$51,730 | dist=5
2026-04-04 13:01:46 | DEBUG    | [20220321] TOUCH@15:58 CALL SPX=4460 | C 4460/4470 x2 | cr=$0.30 close=$0.70 | P&L=$-84
2026-04-04 13:01:46 | DEBUG    | [20220321] PUT SPX=4454->4461 | P 4445/4435 x2 | cr=$0.20 settle=$0.00 | P&L=$+36 | eq=$51,682 | dist=5
2026-04-04 13:01:46 | DEBUG    | [20220323] CALL SPX=4460->4456 | C 4465/4475 x3 | cr=$1.10 settle=$0.00 | P&L=$+324 | eq=$52,006 | dist=5
2026-04-04 13:01:46 | DEBUG    | [20220323] PUT SPX=4460->4456 | P 4450/4440 x3 | cr=$0.70 settle=$0.00 | P&L=$+204 | eq=$52,210 | dist=5
2026-04-04 13:01:46 | DEBUG    | [20220325] CALL SPX=4536->4543 | C 4545/4555 x1 | cr=$0.15 settle=$0.00 | P&L=$+13 | eq=$52,223 | dist=5
2026-04-04 13:01:46 | DEBUG    | [20220325] PUT SPX=4536->4543 | P 4530/4520 x2 | cr=$0.50 settle=$0.00 | P&L=$+96 | eq=$52,319 | dist=5
2026-04-04 13:01:46 | DEBUG    | [20220328] TOUCH@15:59 CALL SPX=4575 | C 4575/4585 x1 | cr=$0.15 close=$0.45 | P&L=$-32
2026-04-04 13:01:46 | DEBUG    | [20220328] PUT SPX=4567->4575 | P 4560/4550 x2 | cr=$0.25 settle=$0.00 | P&L=$+46 | eq=$52,333 | dist=5
2026-04-04 13:01:46 | DEBUG    | [20220330] TOUCH@15:57 CALL SPX=4596 | C 4595/4605 x3 | cr=$0.75 close=$2.75 | P&L=$-606
2026-04-04 13:01:46 | DEBUG    | [20220330] PUT SPX=4588->4602 | P 4580/4570 x3 | cr=$0.65 settle=$0.00 | P&L=$+189 | eq=$51,916 | dist=5
2026-04-04 13:01:46 | DEBUG    | [20220331] CALL SPX=4546->4530 | C 4555/4565 x3 | cr=$1.20 settle=$0.00 | P&L=$+354 | eq=$52,270 | dist=5
2026-04-04 13:01:46 | DEBUG    | [20220401] CALL SPX=4542->4546 | C 4550/4560 x2 | cr=$0.40 settle=$0.00 | P&L=$+76 | eq=$52,346 | dist=5
2026-04-04 13:01:46 | DEBUG    | [20220401] PUT SPX=4542->4546 | P 4535/4525 x2 | cr=$0.40 settle=$0.00 | P&L=$+76 | eq=$52,422 | dist=5
2026-04-04 13:01:46 | DEBUG    | [20220404] CALL SPX=4581->4583 | C 4590/4600 x1 | cr=$0.15 settle=$0.00 | P&L=$+13 | eq=$52,435 | dist=5
2026-04-04 13:01:46 | DEBUG    | [20220404] PUT SPX=4581->4583 | P 4575/4565 x1 | cr=$0.15 settle=$0.00 | P&L=$+13 | eq=$52,448 | dist=5
2026-04-04 13:01:46 | DEBUG    | [20220406] CALL SPX=4481->4481 | C 4490/4500 x3 | cr=$0.85 settle=$0.00 | P&L=$+249 | eq=$52,697 | dist=5
2026-04-04 13:01:46 | DEBUG    | [20220406] PUT SPX=4481->4481 | P 4475/4465 x3 | cr=$1.05 settle=$0.00 | P&L=$+309 | eq=$53,006 | dist=5
2026-04-04 13:01:46 | DEBUG    | [20220407] SKIP: Afternoon return=1.109% >= 1.0%
2026-04-04 13:01:46 | DEBUG    | [20220408] CALL SPX=4487->4489 | C 4495/4505 x2 | cr=$0.35 settle=$0.00 | P&L=$+66 | eq=$53,072 | dist=5
2026-04-04 13:01:46 | DEBUG    | [20220408] PUT SPX=4487->4489 | P 4480/4470 x3 | cr=$0.85 settle=$0.00 | P&L=$+249 | eq=$53,321 | dist=5
2026-04-04 13:01:46 | DEBUG    | [20220411] CALL SPX=4410->4413 | C 4415/4425 x3 | cr=$0.65 settle=$0.00 | P&L=$+189 | eq=$53,510 | dist=5
2026-04-04 13:01:46 | DEBUG    | [20220411] PUT SPX=4410->4413 | P 4400/4390 x2 | cr=$0.40 settle=$0.00 | P&L=$+76 | eq=$53,586 | dist=5
2026-04-04 13:01:46 | DEBUG    | [20220413] CALL SPX=4447->4447 | C 4455/4465 x2 | cr=$0.20 settle=$0.00 | P&L=$+36 | eq=$53,622 | dist=5
2026-04-04 13:01:46 | DEBUG    | [20220413] PUT SPX=4447->4447 | P 4440/4430 x1 | cr=$0.20 settle=$0.00 | P&L=$+18 | eq=$53,640 | dist=5
2026-04-04 13:01:46 | DEBUG    | [20220414] CALL SPX=4397->4393 | C 4405/4415 x2 | cr=$0.35 settle=$0.00 | P&L=$+66 | eq=$53,706 | dist=5
2026-04-04 13:01:46 | DEBUG    | [20220414] PUT SPX=4397->4393 | P 4390/4380 x3 | cr=$0.60 settle=$0.00 | P&L=$+174 | eq=$53,880 | dist=5
2026-04-04 13:01:46 | DEBUG    | [20220418] TOUCH@15:56 CALL SPX=4386 | C 4385/4395 x2 | cr=$0.50 close=$2.00 | P&L=$-304
2026-04-04 13:01:46 | DEBUG    | [20220418] PUT SPX=4378->4392 | P 4370/4360 x2 | cr=$0.30 settle=$0.00 | P&L=$+56 | eq=$53,632 | dist=5
2026-04-04 13:01:46 | DEBUG    | [20220420] CALL SPX=4461->4459 | C 4470/4480 x2 | cr=$0.25 settle=$0.00 | P&L=$+46 | eq=$53,678 | dist=5
2026-04-04 13:01:46 | DEBUG    | [20220420] PUT SPX=4461->4459 | P 4455/4445 x3 | cr=$0.65 settle=$0.00 | P&L=$+189 | eq=$53,867 | dist=5
2026-04-04 13:01:46 | DEBUG    | [20220422] SKIP: VIX(15:50)=27.7 > 26.0
2026-04-04 13:01:46 | DEBUG    | [20220425] SKIP: VIX(15:50)=27.6 > 26.0
2026-04-04 13:01:46 | DEBUG    | [20220426] SKIP: VIX(15:50)=32.1 > 26.0
2026-04-04 13:01:46 | DEBUG    | [20220427] SKIP: VIX(15:50)=32.3 > 26.0
2026-04-04 13:01:46 | DEBUG    | [20220428] SKIP: VIX(15:50)=29.4 > 26.0
2026-04-04 13:01:46 | DEBUG    | [20220429] SKIP: VIX(15:50)=33.9 > 26.0
2026-04-04 13:01:46 | DEBUG    | [20220502] SKIP: VIX(15:50)=32.7 > 26.0
2026-04-04 13:01:46 | DEBUG    | [20220503] SKIP: VIX(15:50)=30.1 > 26.0
2026-04-04 13:01:46 | DEBUG    | [20220504] SKIP: Afternoon return=2.562% >= 1.0%
2026-04-04 13:01:46 | DEBUG    | [20220505] SKIP: VIX(15:50)=33.1 > 26.0
2026-04-04 13:01:46 | DEBUG    | [20220506] SKIP: VIX(15:50)=29.9 > 26.0
2026-04-04 13:01:46 | DEBUG    | [20220509] SKIP: VIX(15:50)=35.3 > 26.0
2026-04-04 13:01:46 | DEBUG    | [20220510] SKIP: VIX(15:50)=33.3 > 26.0
2026-04-04 13:01:46 | DEBUG    | [20220511] SKIP: VIX(15:50)=32.8 > 26.0
2026-04-04 13:01:46 | DEBUG    | [20220512] SKIP: VIX(15:50)=32.3 > 26.0
2026-04-04 13:01:46 | DEBUG    | [20220513] SKIP: VIX(15:50)=29.1 > 26.0
2026-04-04 13:01:46 | DEBUG    | [20220516] SKIP: VIX(15:50)=27.7 > 26.0
2026-04-04 13:01:46 | DEBUG    | [20220517] SKIP: VIX(15:50)=26.1 > 26.0
2026-04-04 13:01:46 | DEBUG    | [20220518] SKIP: VIX(15:50)=31.1 > 26.0
2026-04-04 13:01:46 | DEBUG    | [20220519] SKIP: VIX(15:50)=29.3 > 26.0
2026-04-04 13:01:46 | DEBUG    | [20220520] SKIP: VIX(15:50)=29.4 > 26.0
2026-04-04 13:01:46 | DEBUG    | [20220523] SKIP: VIX(15:50)=28.6 > 26.0
2026-04-04 13:01:46 | DEBUG    | [20220524] SKIP: VIX(15:50)=29.6 > 26.0
2026-04-04 13:01:46 | DEBUG    | [20220525] SKIP: VIX(15:50)=28.7 > 26.0
2026-04-04 13:01:46 | DEBUG    | [20220526] SKIP: VIX(15:50)=27.2 > 26.0
2026-04-04 13:01:46 | DEBUG    | [20220527] TOUCH@15:59 CALL SPX=4158 | C 4155/4165 x2 | cr=$0.35 close=$1.60 | P&L=$-254
2026-04-04 13:01:46 | DEBUG    | [20220531] SKIP: VIX(15:50)=26.0 > 26.0
2026-04-04 13:01:46 | DEBUG    | [20220601] CALL SPX=4109->4101 | C 4115/4125 x2 | cr=$0.45 settle=$0.00 | P&L=$+86 | eq=$53,699 | dist=5
2026-04-04 13:01:46 | DEBUG    | [20220601] PUT SPX=4109->4101 | P 4100/4090 x1 | cr=$0.15 settle=$0.00 | P&L=$+13 | eq=$53,712 | dist=5
2026-04-04 13:01:46 | DEBUG    | [20220602] PUT SPX=4172->4177 | P 4165/4155 x1 | cr=$0.15 settle=$0.00 | P&L=$+13 | eq=$53,725 | dist=5
2026-04-04 13:01:46 | DEBUG    | [20220603] CALL SPX=4112->4108 | C 4120/4130 x2 | cr=$0.45 settle=$0.00 | P&L=$+86 | eq=$53,811 | dist=5
2026-04-04 13:01:46 | DEBUG    | [20220603] PUT SPX=4112->4108 | P 4105/4095 x3 | cr=$0.55 settle=$0.00 | P&L=$+159 | eq=$53,970 | dist=5
2026-04-04 13:01:46 | DEBUG    | [20220606] CALL SPX=4124->4121 | C 4130/4140 x2 | cr=$0.50 settle=$0.00 | P&L=$+96 | eq=$54,066 | dist=5
2026-04-04 13:01:46 | DEBUG    | [20220606] PUT SPX=4124->4121 | P 4115/4105 x1 | cr=$0.15 settle=$0.00 | P&L=$+13 | eq=$54,079 | dist=5
2026-04-04 13:01:46 | DEBUG    | [20220607] PUT SPX=4164->4161 | P 4155/4145 x1 | cr=$0.15 settle=$0.00 | P&L=$+13 | eq=$54,092 | dist=5
2026-04-04 13:01:46 | DEBUG    | [20220608] CALL SPX=4115->4116 | C 4120/4130 x3 | cr=$0.55 settle=$0.00 | P&L=$+159 | eq=$54,251 | dist=5
2026-04-04 13:01:46 | DEBUG    | [20220608] PUT SPX=4115->4116 | P 4110/4100 x3 | cr=$0.80 settle=$0.00 | P&L=$+234 | eq=$54,485 | dist=5
2026-04-04 13:01:46 | DEBUG    | [20220609] SKIP: VIX(15:50)=26.1 > 26.0
2026-04-04 13:01:46 | DEBUG    | [20220610] SKIP: VIX(15:50)=27.9 > 26.0
2026-04-04 13:01:46 | DEBUG    | [20220613] SKIP: VIX(15:50)=34.9 > 26.0
2026-04-04 13:01:46 | DEBUG    | [20220614] SKIP: VIX(15:50)=32.3 > 26.0
2026-04-04 13:01:46 | DEBUG    | [20220615] SKIP: VIX(15:50)=29.4 > 26.0
2026-04-04 13:01:46 | DEBUG    | [20220616] SKIP: VIX(15:50)=34.8 > 26.0
2026-04-04 13:01:46 | DEBUG    | [20220617] SKIP: VIX(15:50)=31.1 > 26.0
2026-04-04 13:01:46 | DEBUG    | [20220621] SKIP: VIX(15:50)=30.0 > 26.0
2026-04-04 13:01:46 | DEBUG    | [20220622] SKIP: VIX(15:50)=29.2 > 26.0
2026-04-04 13:01:46 | DEBUG    | [20220623] SKIP: VIX(15:50)=29.0 > 26.0
2026-04-04 13:01:46 | DEBUG    | [20220624] SKIP: VIX(15:50)=27.3 > 26.0
2026-04-04 13:01:46 | DEBUG    | [20220627] SKIP: VIX(15:50)=27.4 > 26.0
2026-04-04 13:01:46 | DEBUG    | [20220628] SKIP: VIX(15:50)=28.4 > 26.0
2026-04-04 13:01:46 | DEBUG    | [20220629] SKIP: VIX(15:50)=28.3 > 26.0
2026-04-04 13:01:46 | DEBUG    | [20220630] SKIP: VIX(15:50)=28.6 > 26.0
2026-04-04 13:01:46 | DEBUG    | [20220701] SKIP: VIX(15:50)=26.8 > 26.0
2026-04-04 13:01:46 | DEBUG    | [20220705] SKIP: VIX(15:50)=27.6 > 26.0
2026-04-04 13:01:46 | DEBUG    | [20220706] SKIP: VIX(15:50)=26.8 > 26.0
2026-04-04 13:01:46 | DEBUG    | [20220707] CALL SPX=3902->3902 | C 3910/3920 x1 | cr=$0.15 settle=$0.00 | P&L=$+13 | eq=$54,498 | dist=5
2026-04-04 13:01:46 | DEBUG    | [20220707] PUT SPX=3902->3902 | P 3895/3885 x2 | cr=$0.20 settle=$0.00 | P&L=$+36 | eq=$54,534 | dist=5
2026-04-04 13:01:46 | DEBUG    | [20220708] CALL SPX=3904->3899 | C 3910/3920 x1 | cr=$0.15 settle=$0.00 | P&L=$+13 | eq=$54,547 | dist=5
2026-04-04 13:01:46 | DEBUG    | [20220711] SKIP: VIX(15:50)=26.6 > 26.0
2026-04-04 13:01:46 | DEBUG    | [20220712] SKIP: VIX(15:50)=27.4 > 26.0
2026-04-04 13:01:46 | DEBUG    | [20220713] SKIP: VIX(15:50)=26.8 > 26.0
2026-04-04 13:01:46 | DEBUG    | [20220714] SKIP: VIX(15:50)=26.4 > 26.0
2026-04-04 13:01:46 | DEBUG    | [20220715] TOUCH@15:59 CALL SPX=3862 | C 3860/3870 x1 | cr=$0.15 close=$0.90 | P&L=$-77
2026-04-04 13:01:46 | DEBUG    | [20220715] PUT SPX=3855->3863 | P 3850/3840 x2 | cr=$0.35 settle=$0.00 | P&L=$+66 | eq=$54,536 | dist=5
2026-04-04 13:01:46 | DEBUG    | [20220719] CALL SPX=3934->3936 | C 3940/3950 x2 | cr=$0.25 settle=$0.00 | P&L=$+46 | eq=$54,582 | dist=5
2026-04-04 13:01:46 | DEBUG    | [20220719] PUT SPX=3934->3936 | P 3925/3915 x1 | cr=$0.10 settle=$0.00 | P&L=$+8 | eq=$54,590 | dist=5
2026-04-04 13:01:46 | DEBUG    | [20220720] PUT SPX=3960->3960 | P 3955/3945 x2 | cr=$0.30 settle=$0.00 | P&L=$+56 | eq=$54,646 | dist=5
2026-04-04 13:01:46 | DEBUG    | [20220721] CALL SPX=3994->3999 | C 4000/4010 x2 | cr=$0.40 settle=$0.00 | P&L=$+76 | eq=$54,722 | dist=5
2026-04-04 13:01:46 | DEBUG    | [20220722] PUT SPX=3955->3962 | P 3950/3940 x1 | cr=$0.10 settle=$0.00 | P&L=$+8 | eq=$54,730 | dist=5
2026-04-04 13:01:46 | DEBUG    | [20220726] CALL SPX=3924->3921 | C 3930/3940 x2 | cr=$0.30 settle=$0.00 | P&L=$+56 | eq=$54,786 | dist=5
2026-04-04 13:01:46 | DEBUG    | [20220727] SKIP: Afternoon return=1.407% >= 1.0%
2026-04-04 13:01:46 | DEBUG    | [20220729] CALL SPX=4133->4130 | C 4140/4150 x1 | cr=$0.15 settle=$0.00 | P&L=$+13 | eq=$54,799 | dist=5
2026-04-04 13:01:46 | DEBUG    | [20220729] PUT SPX=4133->4130 | P 4125/4115 x1 | cr=$0.10 settle=$0.00 | P&L=$+8 | eq=$54,807 | dist=5
2026-04-04 13:01:46 | DEBUG    | [20220801] CALL SPX=4118->4119 | C 4125/4135 x1 | cr=$0.15 settle=$0.00 | P&L=$+13 | eq=$54,820 | dist=5
2026-04-04 13:01:46 | DEBUG    | [20220802] CALL SPX=4095->4091 | C 4100/4110 x2 | cr=$0.45 settle=$0.00 | P&L=$+86 | eq=$54,906 | dist=5
2026-04-04 13:01:46 | DEBUG    | [20220803] CALL SPX=4164->4155 | C 4170/4180 x2 | cr=$0.25 settle=$0.00 | P&L=$+46 | eq=$54,952 | dist=5
2026-04-04 13:01:46 | DEBUG    | [20220804] PUT SPX=4150->4152 | P 4145/4135 x2 | cr=$0.20 settle=$0.00 | P&L=$+36 | eq=$54,988 | dist=5
2026-04-04 13:01:46 | DEBUG    | [20220811] CALL SPX=4210->4207 | C 4215/4225 x1 | cr=$0.15 settle=$0.00 | P&L=$+13 | eq=$55,001 | dist=5
2026-04-04 13:01:46 | DEBUG    | [20220817] PUT SPX=4275->4274 | P 4270/4260 x1 | cr=$0.15 settle=$0.00 | P&L=$+13 | eq=$55,014 | dist=5
2026-04-04 13:01:46 | DEBUG    | [20220819] CALL SPX=4230->4228 | C 4235/4245 x2 | cr=$0.35 settle=$0.00 | P&L=$+66 | eq=$55,080 | dist=5
2026-04-04 13:01:46 | DEBUG    | [20220826] CALL SPX=4059->4058 | C 4065/4075 x1 | cr=$0.20 settle=$0.00 | P&L=$+18 | eq=$55,098 | dist=5
2026-04-04 13:01:46 | DEBUG    | [20220829] CALL SPX=4038->4031 | C 4045/4055 x1 | cr=$0.15 settle=$0.00 | P&L=$+13 | eq=$55,111 | dist=5
2026-04-04 13:01:46 | DEBUG    | [20220830] SKIP: VIX(15:50)=26.6 > 26.0
2026-04-04 13:01:46 | DEBUG    | [20220831] TOUCH@15:58 PUT SPX=3959 | P 3960/3950 x2 | cr=$0.20 close=$0.80 | P&L=$-124
2026-04-04 13:01:46 | DEBUG    | [20220831] CALL SPX=3967->3955 | C 3975/3985 x2 | cr=$0.25 settle=$0.00 | P&L=$+46 | eq=$55,033 | dist=5
2026-04-04 13:01:46 | DEBUG    | [20220901] SKIP: Afternoon return=1.232% >= 1.0%
2026-04-04 13:01:46 | DEBUG    | [20220902] CALL SPX=3923->3924 | C 3930/3940 x2 | cr=$0.50 settle=$0.00 | P&L=$+96 | eq=$55,129 | dist=5
2026-04-04 13:01:46 | DEBUG    | [20220902] PUT SPX=3923->3924 | P 3915/3905 x2 | cr=$0.50 settle=$0.00 | P&L=$+96 | eq=$55,225 | dist=5
2026-04-04 13:01:46 | DEBUG    | [20220906] SKIP: VIX(15:50)=26.8 > 26.0
2026-04-04 13:01:46 | DEBUG    | [20220907] CALL SPX=3984->3980 | C 3990/4000 x2 | cr=$0.25 settle=$0.00 | P&L=$+46 | eq=$55,271 | dist=5
2026-04-04 13:01:46 | DEBUG    | [20220908] PUT SPX=4002->4006 | P 3995/3985 x2 | cr=$0.25 settle=$0.00 | P&L=$+46 | eq=$55,317 | dist=5
2026-04-04 13:01:46 | DEBUG    | [20220909] CALL SPX=4072->4067 | C 4080/4090 x2 | cr=$0.30 settle=$0.00 | P&L=$+56 | eq=$55,373 | dist=5
2026-04-04 13:01:46 | DEBUG    | [20220909] PUT SPX=4072->4067 | P 4065/4055 x2 | cr=$0.25 settle=$0.00 | P&L=$+46 | eq=$55,419 | dist=5
2026-04-04 13:01:46 | DEBUG    | [20220912] PUT SPX=4106->4111 | P 4100/4090 x2 | cr=$0.35 settle=$0.00 | P&L=$+66 | eq=$55,485 | dist=5
2026-04-04 13:01:46 | DEBUG    | [20220913] SKIP: VIX(15:50)=27.7 > 26.0
2026-04-04 13:01:46 | DEBUG    | [20220914] SKIP: VIX(15:50)=26.6 > 26.0
2026-04-04 13:01:46 | DEBUG    | [20220915] SKIP: VIX(15:50)=26.5 > 26.0
2026-04-04 13:01:46 | DEBUG    | [20220916] SKIP: VIX(15:50)=26.5 > 26.0
2026-04-04 13:01:46 | DEBUG    | [20220919] CALL SPX=3898->3900 | C 3905/3915 x2 | cr=$0.40 settle=$0.00 | P&L=$+76 | eq=$55,561 | dist=5
2026-04-04 13:01:46 | DEBUG    | [20220919] PUT SPX=3898->3900 | P 3890/3880 x2 | cr=$0.20 settle=$0.00 | P&L=$+36 | eq=$55,597 | dist=5
2026-04-04 13:01:46 | DEBUG    | [20220920] SKIP: VIX(15:50)=27.1 > 26.0
2026-04-04 13:01:46 | DEBUG    | [20220921] SKIP: VIX(15:50)=27.9 > 26.0
2026-04-04 13:01:46 | DEBUG    | [20220922] SKIP: VIX(15:50)=26.9 > 26.0
2026-04-04 13:01:46 | DEBUG    | [20220923] SKIP: VIX(15:50)=30.2 > 26.0
2026-04-04 13:01:46 | DEBUG    | [20220926] SKIP: VIX(15:50)=31.7 > 26.0
2026-04-04 13:01:46 | DEBUG    | [20220927] SKIP: VIX(15:50)=32.9 > 26.0
2026-04-04 13:01:46 | DEBUG    | [20220928] SKIP: VIX(15:50)=30.1 > 26.0
2026-04-04 13:01:46 | DEBUG    | [20220929] SKIP: VIX(15:50)=31.9 > 26.0
2026-04-04 13:01:46 | DEBUG    | [20220930] SKIP: VIX(15:50)=31.7 > 26.0
2026-04-04 13:01:46 | DEBUG    | [20221003] SKIP: VIX(15:50)=30.2 > 26.0
2026-04-04 13:01:46 | DEBUG    | [20221004] SKIP: VIX(15:50)=29.0 > 26.0
2026-04-04 13:01:46 | DEBUG    | [20221005] SKIP: VIX(15:50)=28.9 > 26.0
2026-04-04 13:01:46 | DEBUG    | [20221006] SKIP: VIX(15:50)=30.4 > 26.0
2026-04-04 13:01:46 | DEBUG    | [20221007] SKIP: VIX(15:50)=31.4 > 26.0
2026-04-04 13:01:46 | DEBUG    | [20221010] SKIP: VIX(15:50)=32.4 > 26.0
2026-04-04 13:01:46 | DEBUG    | [20221011] SKIP: VIX(15:50)=33.7 > 26.0
2026-04-04 13:01:46 | DEBUG    | [20221012] SKIP: VIX(15:50)=33.8 > 26.0
2026-04-04 13:01:46 | DEBUG    | [20221013] SKIP: VIX(15:50)=32.3 > 26.0
2026-04-04 13:01:46 | DEBUG    | [20221014] SKIP: VIX(15:50)=32.0 > 26.0
2026-04-04 13:01:46 | DEBUG    | [20221017] SKIP: VIX(15:50)=31.1 > 26.0
2026-04-04 13:01:46 | DEBUG    | [20221018] SKIP: VIX(15:50)=30.8 > 26.0
2026-04-04 13:01:46 | DEBUG    | [20221019] SKIP: VIX(15:50)=31.0 > 26.0
2026-04-04 13:01:46 | DEBUG    | [20221020] SKIP: VIX(15:50)=30.2 > 26.0
2026-04-04 13:01:46 | DEBUG    | [20221021] SKIP: VIX(15:50)=30.0 > 26.0
2026-04-04 13:01:46 | DEBUG    | [20221024] SKIP: VIX(15:50)=30.0 > 26.0
2026-04-04 13:01:46 | DEBUG    | [20221025] SKIP: VIX(15:50)=28.3 > 26.0
2026-04-04 13:01:46 | DEBUG    | [20221026] SKIP: VIX(15:50)=27.6 > 26.0
2026-04-04 13:01:46 | DEBUG    | [20221027] SKIP: VIX(15:50)=27.0 > 26.0
2026-04-04 13:01:46 | DEBUG    | [20221031] PUT SPX=3872->3872 | P 3865/3855 x1 | cr=$0.20 settle=$0.00 | P&L=$+18 | eq=$55,615 | dist=5
2026-04-04 13:01:46 | DEBUG    | [20221102] CALL SPX=3763->3759 | C 3770/3780 x2 | cr=$0.50 settle=$0.00 | P&L=$+96 | eq=$55,711 | dist=5
2026-04-04 13:01:46 | DEBUG    | [20221104] SKIP: Afternoon return=1.155% >= 1.0%
2026-04-04 13:01:46 | DEBUG    | [20221108] CALL SPX=3834->3828 | C 3840/3850 x2 | cr=$0.30 settle=$0.00 | P&L=$+56 | eq=$55,767 | dist=5
2026-04-04 13:01:46 | DEBUG    | [20221108] PUT SPX=3834->3828 | P 3825/3815 x1 | cr=$0.15 settle=$0.00 | P&L=$+13 | eq=$55,780 | dist=5
2026-04-04 13:01:46 | DEBUG    | [20221109] SKIP: VIX(15:50)=26.1 > 26.0
2026-04-04 13:01:46 | DEBUG    | [20221110] SKIP: Afternoon return=1.444% >= 1.0%
2026-04-04 13:01:46 | DEBUG    | [20221111] CALL SPX=3998->3993 | C 4005/4015 x2 | cr=$0.20 settle=$0.00 | P&L=$+36 | eq=$55,816 | dist=5
2026-04-04 13:01:46 | DEBUG    | [20221111] PUT SPX=3998->3993 | P 3990/3980 x1 | cr=$0.15 settle=$0.00 | P&L=$+13 | eq=$55,829 | dist=5
2026-04-04 13:01:46 | DEBUG    | [20221114] TOUCH@15:56 PUT SPX=3958 | P 3960/3950 x2 | cr=$0.20 close=$1.70 | P&L=$-304
2026-04-04 13:01:46 | DEBUG    | [20221115] CALL SPX=3986->3992 | C 3995/4005 x2 | cr=$0.25 settle=$0.00 | P&L=$+46 | eq=$55,571 | dist=5
2026-04-04 13:01:46 | DEBUG    | [20221115] PUT SPX=3986->3992 | P 3980/3970 x3 | cr=$0.85 settle=$0.00 | P&L=$+249 | eq=$55,820 | dist=5
2026-04-04 13:01:46 | DEBUG    | [20221116] PUT SPX=3967->3959 | P 3960/3950 x1 | cr=$0.15 settle=$0.90 | P&L=$-77 | eq=$55,743 | dist=5
2026-04-04 13:01:46 | DEBUG    | [20221118] TOUCH@15:59 CALL SPX=3967 | C 3965/3975 x1 | cr=$0.20 close=$0.55 | P&L=$-37
2026-04-04 13:01:46 | DEBUG    | [20221118] PUT SPX=3958->3965 | P 3950/3940 x1 | cr=$0.15 settle=$0.00 | P&L=$+13 | eq=$55,719 | dist=5
2026-04-04 13:01:46 | DEBUG    | [20221130] SKIP: Afternoon return=3.175% >= 1.0%
2026-04-04 13:01:46 | DEBUG    | [20221202] CALL SPX=4066->4072 | C 4075/4085 x2 | cr=$0.20 settle=$0.00 | P&L=$+36 | eq=$55,755 | dist=5
2026-04-04 13:01:46 | DEBUG    | [20221202] PUT SPX=4066->4072 | P 4060/4050 x2 | cr=$0.30 settle=$0.00 | P&L=$+56 | eq=$55,811 | dist=5
2026-04-04 13:01:46 | DEBUG    | [20221205] PUT SPX=3998->3999 | P 3990/3980 x1 | cr=$0.15 settle=$0.00 | P&L=$+13 | eq=$55,824 | dist=5
2026-04-04 13:01:46 | DEBUG    | [20221209] CALL SPX=3938->3934 | C 3945/3955 x1 | cr=$0.15 settle=$0.00 | P&L=$+13 | eq=$55,837 | dist=5
2026-04-04 13:01:46 | DEBUG    | [20221209] PUT SPX=3938->3934 | P 3930/3920 x1 | cr=$0.15 settle=$0.00 | P&L=$+13 | eq=$55,850 | dist=5
2026-04-04 13:01:46 | DEBUG    | [20221213] CALL SPX=4029->4020 | C 4035/4045 x2 | cr=$0.50 settle=$0.00 | P&L=$+96 | eq=$55,946 | dist=5
2026-04-04 13:01:46 | DEBUG    | [20221213] PUT SPX=4029->4020 | P 4020/4010 x2 | cr=$0.25 settle=$0.05 | P&L=$+36 | eq=$55,982 | dist=5
2026-04-04 13:01:46 | DEBUG    | [20221214] CALL SPX=4004->3995 | C 4010/4020 x3 | cr=$0.60 settle=$0.00 | P&L=$+174 | eq=$56,156 | dist=5
2026-04-04 13:01:46 | DEBUG    | [20221214] PUT SPX=4004->3995 | P 3995/3985 x2 | cr=$0.30 settle=$0.00 | P&L=$+56 | eq=$56,212 | dist=5
2026-04-04 13:01:46 | DEBUG    | [20221215] CALL SPX=3894->3896 | C 3900/3910 x2 | cr=$0.50 settle=$0.00 | P&L=$+96 | eq=$56,308 | dist=5
2026-04-04 13:01:46 | DEBUG    | [20221215] PUT SPX=3894->3896 | P 3885/3875 x1 | cr=$0.20 settle=$0.00 | P&L=$+18 | eq=$56,326 | dist=5
2026-04-04 13:01:46 | DEBUG    | [20221216] CALL SPX=3858->3852 | C 3865/3875 x2 | cr=$0.45 settle=$0.00 | P&L=$+86 | eq=$56,412 | dist=5
2026-04-04 13:01:46 | DEBUG    | [20221216] PUT SPX=3858->3852 | P 3850/3840 x2 | cr=$0.25 settle=$0.00 | P&L=$+46 | eq=$56,458 | dist=5
2026-04-04 13:01:46 | DEBUG    | [20221219] CALL SPX=3815->3817 | C 3820/3830 x2 | cr=$0.45 settle=$0.00 | P&L=$+86 | eq=$56,544 | dist=5
2026-04-04 13:01:46 | DEBUG    | [20221220] PUT SPX=3825->3822 | P 3820/3810 x1 | cr=$0.15 settle=$0.00 | P&L=$+13 | eq=$56,557 | dist=5
2026-04-04 13:01:46 | DEBUG    | [20221222] SKIP: Afternoon return=1.152% >= 1.0%
2026-04-04 13:01:46 | DEBUG    | [20221227] PUT SPX=3830->3829 | P 3825/3815 x1 | cr=$0.15 settle=$0.00 | P&L=$+13 | eq=$56,570 | dist=5
2026-04-04 13:01:46 | DEBUG    | [20221228] CALL SPX=3784->3783 | C 3790/3800 x1 | cr=$0.15 settle=$0.00 | P&L=$+13 | eq=$56,583 | dist=5
2026-04-04 13:01:46 | DEBUG    | [20221230] CALL SPX=3838->3840 | C 3845/3855 x2 | cr=$0.25 settle=$0.00 | P&L=$+46 | eq=$56,629 | dist=5
2026-04-04 13:01:46 | DEBUG    | [20230103] PUT SPX=3825->3824 | P 3820/3810 x1 | cr=$0.15 settle=$0.00 | P&L=$+13 | eq=$56,642 | dist=5
2026-04-04 13:01:46 | DEBUG    | [20230104] PUT SPX=3842->3853 | P 3835/3825 x2 | cr=$0.20 settle=$0.00 | P&L=$+36 | eq=$56,678 | dist=5
2026-04-04 13:01:46 | DEBUG    | [20230105] CALL SPX=3803->3808 | C 3810/3820 x1 | cr=$0.15 settle=$0.00 | P&L=$+13 | eq=$56,691 | dist=5
2026-04-04 13:01:47 | DEBUG    | [20230106] CALL SPX=3895->3895 | C 3900/3910 x2 | cr=$0.30 settle=$0.00 | P&L=$+56 | eq=$56,747 | dist=5
2026-04-04 13:01:47 | DEBUG    | [20230112] CALL SPX=3979->3983 | C 3985/3995 x1 | cr=$0.15 settle=$0.00 | P&L=$+13 | eq=$56,760 | dist=5
2026-04-04 13:01:47 | DEBUG    | [20230120] CALL SPX=3970->3972 | C 3975/3985 x2 | cr=$0.20 settle=$0.00 | P&L=$+36 | eq=$56,796 | dist=5
2026-04-04 13:01:47 | DEBUG    | [20230124] PUT SPX=4016->4017 | P 4010/4000 x2 | cr=$0.20 settle=$0.00 | P&L=$+36 | eq=$56,832 | dist=5
2026-04-04 13:01:47 | DEBUG    | [20230125] TOUCH@15:59 CALL SPX=4016 | C 4015/4025 x1 | cr=$0.15 close=$0.30 | P&L=$-17
2026-04-04 13:01:47 | DEBUG    | [20230127] CALL SPX=4074->4070 | C 4080/4090 x1 | cr=$0.15 settle=$0.00 | P&L=$+13 | eq=$56,828 | dist=5
2026-04-04 13:01:47 | DEBUG    | [20230131] PUT SPX=4071->4077 | P 4065/4055 x1 | cr=$0.15 settle=$0.00 | P&L=$+13 | eq=$56,841 | dist=5
2026-04-04 13:01:47 | DEBUG    | [20230201] SKIP: Afternoon return=1.542% >= 1.0%
2026-04-04 13:01:47 | DEBUG    | [20230202] CALL SPX=4173->4180 | C 4180/4190 x2 | cr=$0.30 settle=$0.00 | P&L=$+56 | eq=$56,897 | dist=5
2026-04-04 13:01:47 | DEBUG    | [20230202] PUT SPX=4173->4180 | P 4165/4155 x2 | cr=$0.25 settle=$0.00 | P&L=$+46 | eq=$56,943 | dist=5
2026-04-04 13:01:47 | DEBUG    | [20230203] CALL SPX=4138->4136 | C 4145/4155 x2 | cr=$0.45 settle=$0.00 | P&L=$+86 | eq=$57,029 | dist=5
2026-04-04 13:01:47 | DEBUG    | [20230203] PUT SPX=4138->4136 | P 4130/4120 x2 | cr=$0.35 settle=$0.00 | P&L=$+66 | eq=$57,095 | dist=5
2026-04-04 13:01:47 | DEBUG    | [20230207] TOUCH@15:56 PUT SPX=4165 | P 4170/4160 x1 | cr=$0.15 close=$2.40 | P&L=$-227
2026-04-04 13:01:47 | DEBUG    | [20230208] CALL SPX=4118->4118 | C 4125/4135 x2 | cr=$0.25 settle=$0.00 | P&L=$+46 | eq=$56,914 | dist=5
2026-04-04 13:01:47 | DEBUG    | [20230208] PUT SPX=4118->4118 | P 4110/4100 x1 | cr=$0.15 settle=$0.00 | P&L=$+13 | eq=$56,927 | dist=5
2026-04-04 13:01:47 | DEBUG    | [20230209] CALL SPX=4090->4082 | C 4095/4105 x2 | cr=$0.45 settle=$0.00 | P&L=$+86 | eq=$57,013 | dist=5
2026-04-04 13:01:47 | DEBUG    | [20230210] PUT SPX=4092->4090 | P 4085/4075 x2 | cr=$0.20 settle=$0.00 | P&L=$+36 | eq=$57,049 | dist=5
2026-04-04 13:01:47 | DEBUG    | [20230213] PUT SPX=4131->4137 | P 4125/4115 x1 | cr=$0.15 settle=$0.00 | P&L=$+13 | eq=$57,062 | dist=5
2026-04-04 13:01:47 | DEBUG    | [20230214] CALL SPX=4144->4136 | C 4150/4160 x1 | cr=$0.15 settle=$0.00 | P&L=$+13 | eq=$57,075 | dist=5
2026-04-04 13:01:47 | DEBUG    | [20230215] PUT SPX=4140->4148 | P 4135/4125 x1 | cr=$0.15 settle=$0.00 | P&L=$+13 | eq=$57,088 | dist=5
2026-04-04 13:01:47 | DEBUG    | [20230216] CALL SPX=4096->4091 | C 4105/4115 x1 | cr=$0.15 settle=$0.00 | P&L=$+13 | eq=$57,101 | dist=5
2026-04-04 13:01:47 | DEBUG    | [20230217] PUT SPX=4075->4079 | P 4070/4060 x2 | cr=$0.20 settle=$0.00 | P&L=$+36 | eq=$57,137 | dist=5
2026-04-04 13:01:47 | DEBUG    | [20230221] CALL SPX=4000->3997 | C 4005/4015 x2 | cr=$0.40 settle=$0.00 | P&L=$+76 | eq=$57,213 | dist=5
2026-04-04 13:01:47 | DEBUG    | [20230223] PUT SPX=4012->4012 | P 4005/3995 x2 | cr=$0.20 settle=$0.00 | P&L=$+36 | eq=$57,249 | dist=5
2026-04-04 13:01:47 | DEBUG    | [20230224] TOUCH@15:57 CALL SPX=3971 | C 3970/3980 x2 | cr=$0.25 close=$1.20 | P&L=$-194
2026-04-04 13:01:47 | DEBUG    | [20230227] PUT SPX=3981->3982 | P 3975/3965 x2 | cr=$0.20 settle=$0.00 | P&L=$+36 | eq=$57,091 | dist=5
2026-04-04 13:01:47 | DEBUG    | [20230301] PUT SPX=3952->3952 | P 3945/3935 x2 | cr=$0.20 settle=$0.00 | P&L=$+36 | eq=$57,127 | dist=5
2026-04-04 13:01:47 | DEBUG    | [20230307] PUT SPX=3986->3986 | P 3980/3970 x1 | cr=$0.15 settle=$0.00 | P&L=$+13 | eq=$57,140 | dist=5
2026-04-04 13:01:47 | DEBUG    | [20230309] TOUCH@15:57 PUT SPX=3917 | P 3920/3910 x2 | cr=$0.35 close=$2.15 | P&L=$-364
2026-04-04 13:01:47 | DEBUG    | [20230309] CALL SPX=3927->3918 | C 3935/3945 x2 | cr=$0.35 settle=$0.00 | P&L=$+66 | eq=$56,842 | dist=5
2026-04-04 13:01:47 | DEBUG    | [20230310] CALL SPX=3856->3862 | C 3865/3875 x2 | cr=$0.30 settle=$0.00 | P&L=$+56 | eq=$56,898 | dist=5
2026-04-04 13:01:47 | DEBUG    | [20230310] PUT SPX=3856->3862 | P 3850/3840 x2 | cr=$0.35 settle=$0.00 | P&L=$+66 | eq=$56,964 | dist=5
2026-04-04 13:01:47 | DEBUG    | [20230313] SKIP: VIX(15:50)=26.7 > 26.0
2026-04-04 13:01:47 | DEBUG    | [20230314] PUT SPX=3905->3920 | P 3900/3890 x3 | cr=$0.55 settle=$0.00 | P&L=$+159 | eq=$57,123 | dist=5
2026-04-04 13:01:47 | DEBUG    | [20230315] SKIP: VIX(15:50)=26.7 > 26.0
2026-04-04 13:01:47 | DEBUG    | [20230316] CALL SPX=3957->3960 | C 3965/3975 x2 | cr=$0.50 settle=$0.00 | P&L=$+96 | eq=$57,219 | dist=5
2026-04-04 13:01:47 | DEBUG    | [20230316] PUT SPX=3957->3960 | P 3950/3940 x2 | cr=$0.25 settle=$0.00 | P&L=$+46 | eq=$57,265 | dist=5
2026-04-04 13:01:47 | DEBUG    | [20230317] CALL SPX=3919->3917 | C 3925/3935 x3 | cr=$0.60 settle=$0.00 | P&L=$+174 | eq=$57,439 | dist=5
2026-04-04 13:01:47 | DEBUG    | [20230317] PUT SPX=3919->3917 | P 3910/3900 x2 | cr=$0.45 settle=$0.00 | P&L=$+86 | eq=$57,525 | dist=5
2026-04-04 13:01:47 | DEBUG    | [20230321] PUT SPX=4005->4003 | P 4000/3990 x1 | cr=$0.15 settle=$0.00 | P&L=$+13 | eq=$57,538 | dist=5
2026-04-04 13:01:47 | DEBUG    | [20230322] CALL SPX=3952->3937 | C 3960/3970 x3 | cr=$0.75 settle=$0.00 | P&L=$+219 | eq=$57,757 | dist=5
2026-04-04 13:01:47 | DEBUG    | [20230323] TOUCH@15:59 PUT SPX=3948 | P 3950/3940 x3 | cr=$0.70 close=$0.75 | P&L=$-21
2026-04-04 13:01:47 | DEBUG    | [20230323] CALL SPX=3955->3948 | C 3965/3975 x2 | cr=$0.25 settle=$0.00 | P&L=$+46 | eq=$57,782 | dist=5
2026-04-04 13:01:47 | DEBUG    | [20230324] TOUCH@15:59 CALL SPX=3971 | C 3970/3980 x2 | cr=$0.20 close=$0.70 | P&L=$-104
2026-04-04 13:01:47 | DEBUG    | [20230324] PUT SPX=3962->3971 | P 3955/3945 x3 | cr=$0.60 settle=$0.00 | P&L=$+174 | eq=$57,852 | dist=5
2026-04-04 13:01:47 | DEBUG    | [20230327] PUT SPX=3982->3978 | P 3975/3965 x1 | cr=$0.15 settle=$0.00 | P&L=$+13 | eq=$57,865 | dist=5
2026-04-04 13:01:47 | DEBUG    | [20230331] TOUCH@15:58 CALL SPX=4110 | C 4110/4120 x2 | cr=$0.35 close=$1.45 | P&L=$-224
2026-04-04 13:01:47 | DEBUG    | [20230331] PUT SPX=4102->4109 | P 4095/4085 x2 | cr=$0.35 settle=$0.00 | P&L=$+66 | eq=$57,707 | dist=5
2026-04-04 13:01:47 | DEBUG    | [20230411] CALL SPX=4110->4109 | C 4115/4125 x2 | cr=$0.30 settle=$0.00 | P&L=$+56 | eq=$57,763 | dist=5
2026-04-04 13:01:47 | DEBUG    | [20230412] PUT SPX=4090->4092 | P 4085/4075 x2 | cr=$0.40 settle=$0.00 | P&L=$+76 | eq=$57,839 | dist=5
2026-04-04 13:01:47 | DEBUG    | [20230413] CALL SPX=4145->4146 | C 4150/4160 x1 | cr=$0.15 settle=$0.00 | P&L=$+13 | eq=$57,852 | dist=5
2026-04-04 13:01:47 | DEBUG    | [20230414] PUT SPX=4135->4138 | P 4130/4120 x1 | cr=$0.15 settle=$0.00 | P&L=$+13 | eq=$57,865 | dist=5
2026-04-04 13:01:47 | DEBUG    | [20230418] PUT SPX=4156->4155 | P 4150/4140 x1 | cr=$0.15 settle=$0.00 | P&L=$+13 | eq=$57,878 | dist=5
2026-04-04 13:01:47 | DEBUG    | [20230420] PUT SPX=4125->4130 | P 4120/4110 x2 | cr=$0.20 settle=$0.00 | P&L=$+36 | eq=$57,914 | dist=5
2026-04-04 13:01:47 | DEBUG    | [20230425] PUT SPX=4075->4072 | P 4070/4060 x2 | cr=$0.20 settle=$0.00 | P&L=$+36 | eq=$57,950 | dist=5
2026-04-04 13:01:47 | DEBUG    | [20230427] PUT SPX=4135->4135 | P 4130/4120 x1 | cr=$0.20 settle=$0.00 | P&L=$+18 | eq=$57,968 | dist=5
2026-04-04 13:01:47 | DEBUG    | [20230428] CALL SPX=4164->4170 | C 4170/4180 x2 | cr=$0.25 settle=$0.00 | P&L=$+46 | eq=$58,014 | dist=5
2026-04-04 13:01:47 | DEBUG    | [20230503] CALL SPX=4093->4091 | C 4100/4110 x2 | cr=$0.40 settle=$0.00 | P&L=$+76 | eq=$58,090 | dist=5
2026-04-04 13:01:47 | DEBUG    | [20230504] CALL SPX=4061->4061 | C 4070/4080 x1 | cr=$0.15 settle=$0.00 | P&L=$+13 | eq=$58,103 | dist=5
2026-04-04 13:01:47 | DEBUG    | [20230504] PUT SPX=4061->4061 | P 4055/4045 x2 | cr=$0.30 settle=$0.00 | P&L=$+56 | eq=$58,159 | dist=5
2026-04-04 13:01:47 | DEBUG    | [20230516] PUT SPX=4111->4110 | P 4105/4095 x2 | cr=$0.25 settle=$0.00 | P&L=$+46 | eq=$58,205 | dist=5
2026-04-04 13:01:47 | DEBUG    | [20230519] CALL SPX=4194->4192 | C 4200/4210 x1 | cr=$0.15 settle=$0.00 | P&L=$+13 | eq=$58,218 | dist=5
2026-04-04 13:01:47 | DEBUG    | [20230602] PUT SPX=4285->4282 | P 4280/4270 x1 | cr=$0.20 settle=$0.00 | P&L=$+18 | eq=$58,236 | dist=5
2026-04-04 13:01:47 | DEBUG    | [20230614] PUT SPX=4362->4373 | P 4355/4345 x2 | cr=$0.25 settle=$0.00 | P&L=$+46 | eq=$58,282 | dist=5
2026-04-04 13:01:47 | DEBUG    | [20230615] CALL SPX=4429->4426 | C 4435/4445 x1 | cr=$0.15 settle=$0.00 | P&L=$+13 | eq=$58,295 | dist=5
2026-04-04 13:01:47 | DEBUG    | [20230623] PUT SPX=4351->4348 | P 4345/4335 x2 | cr=$0.20 settle=$0.00 | P&L=$+36 | eq=$58,331 | dist=5
2026-04-04 13:01:47 | DEBUG    | [20230628] PUT SPX=4371->4377 | P 4365/4355 x1 | cr=$0.15 settle=$0.00 | P&L=$+13 | eq=$58,344 | dist=5
2026-04-04 13:01:47 | DEBUG    | [20230630] CALL SPX=4458->4450 | C 4465/4475 x2 | cr=$0.20 settle=$0.00 | P&L=$+36 | eq=$58,380 | dist=5
2026-04-04 13:01:47 | DEBUG    | [20230710] PUT SPX=4405->4410 | P 4400/4390 x1 | cr=$0.15 settle=$0.00 | P&L=$+13 | eq=$58,393 | dist=5
2026-04-04 13:01:47 | DEBUG    | [20230802] PUT SPX=4515->4513 | P 4510/4500 x2 | cr=$0.25 settle=$0.00 | P&L=$+46 | eq=$58,439 | dist=5
2026-04-04 13:01:48 | DEBUG    | [20230807] PUT SPX=4515->4519 | P 4510/4500 x1 | cr=$0.15 settle=$0.00 | P&L=$+13 | eq=$58,452 | dist=5
2026-04-04 13:01:48 | DEBUG    | [20230808] CALL SPX=4499->4499 | C 4505/4515 x1 | cr=$0.15 settle=$0.00 | P&L=$+13 | eq=$58,465 | dist=5
2026-04-04 13:01:48 | DEBUG    | [20230809] PUT SPX=4471->4468 | P 4465/4455 x2 | cr=$0.40 settle=$0.00 | P&L=$+76 | eq=$58,541 | dist=5
2026-04-04 13:01:48 | DEBUG    | [20230810] CALL SPX=4469->4469 | C 4475/4485 x2 | cr=$0.30 settle=$0.00 | P&L=$+56 | eq=$58,597 | dist=5
2026-04-04 13:01:48 | DEBUG    | [20230810] PUT SPX=4469->4469 | P 4460/4450 x1 | cr=$0.15 settle=$0.00 | P&L=$+13 | eq=$58,610 | dist=5
2026-04-04 13:01:48 | DEBUG    | [20230815] CALL SPX=4438->4438 | C 4445/4455 x1 | cr=$0.15 settle=$0.00 | P&L=$+13 | eq=$58,623 | dist=5
2026-04-04 13:01:48 | DEBUG    | [20230816] PUT SPX=4407->4404 | P 4400/4390 x1 | cr=$0.20 settle=$0.00 | P&L=$+18 | eq=$58,641 | dist=5
2026-04-04 13:01:48 | DEBUG    | [20230817] CALL SPX=4379->4370 | C 4385/4395 x1 | cr=$0.15 settle=$0.00 | P&L=$+13 | eq=$58,654 | dist=5
2026-04-04 13:01:48 | DEBUG    | [20230818] CALL SPX=4369->4370 | C 4375/4385 x2 | cr=$0.35 settle=$0.00 | P&L=$+66 | eq=$58,720 | dist=5
2026-04-04 13:01:48 | DEBUG    | [20230824] PUT SPX=4382->4376 | P 4375/4365 x1 | cr=$0.20 settle=$0.00 | P&L=$+18 | eq=$58,738 | dist=5
2026-04-04 13:01:48 | DEBUG    | [20230825] CALL SPX=4403->4406 | C 4410/4420 x1 | cr=$0.15 settle=$0.00 | P&L=$+13 | eq=$58,751 | dist=5
2026-04-04 13:01:48 | DEBUG    | [20230825] PUT SPX=4403->4406 | P 4395/4385 x2 | cr=$0.25 settle=$0.00 | P&L=$+46 | eq=$58,797 | dist=5
2026-04-04 13:01:48 | DEBUG    | [20230920] CALL SPX=4409->4402 | C 4415/4425 x2 | cr=$0.20 settle=$0.00 | P&L=$+36 | eq=$58,833 | dist=5
2026-04-04 13:01:48 | DEBUG    | [20230921] PUT SPX=4335->4330 | P 4330/4320 x2 | cr=$0.35 settle=$0.05 | P&L=$+56 | eq=$58,889 | dist=5
2026-04-04 13:01:48 | DEBUG    | [20230922] PUT SPX=4318->4320 | P 4310/4300 x1 | cr=$0.10 settle=$0.00 | P&L=$+8 | eq=$58,897 | dist=5
2026-04-04 13:01:48 | DEBUG    | [20230925] PUT SPX=4328->4338 | P 4320/4310 x2 | cr=$0.20 settle=$0.00 | P&L=$+36 | eq=$58,933 | dist=5
2026-04-04 13:01:48 | DEBUG    | [20230927] CALL SPX=4274->4275 | C 4280/4290 x2 | cr=$0.25 settle=$0.00 | P&L=$+46 | eq=$58,979 | dist=5
2026-04-04 13:01:48 | DEBUG    | [20230927] PUT SPX=4274->4275 | P 4265/4255 x1 | cr=$0.10 settle=$0.00 | P&L=$+8 | eq=$58,987 | dist=5
2026-04-04 13:01:48 | DEBUG    | [20230928] PUT SPX=4298->4300 | P 4290/4280 x1 | cr=$0.20 settle=$0.00 | P&L=$+18 | eq=$59,005 | dist=5
2026-04-04 13:01:48 | DEBUG    | [20230929] CALL SPX=4294->4288 | C 4300/4310 x3 | cr=$0.65 settle=$0.00 | P&L=$+189 | eq=$59,194 | dist=5
2026-04-04 13:01:48 | DEBUG    | [20230929] PUT SPX=4294->4288 | P 4285/4275 x2 | cr=$0.40 settle=$0.00 | P&L=$+76 | eq=$59,270 | dist=5
2026-04-04 13:01:48 | DEBUG    | [20231003] PUT SPX=4225->4230 | P 4220/4210 x2 | cr=$0.45 settle=$0.00 | P&L=$+86 | eq=$59,356 | dist=5
2026-04-04 13:01:48 | DEBUG    | [20231004] PUT SPX=4266->4263 | P 4260/4250 x2 | cr=$0.35 settle=$0.00 | P&L=$+66 | eq=$59,422 | dist=5
2026-04-04 13:01:48 | DEBUG    | [20231005] CALL SPX=4259->4258 | C 4265/4275 x1 | cr=$0.15 settle=$0.00 | P&L=$+13 | eq=$59,435 | dist=5
2026-04-04 13:01:48 | DEBUG    | [20231006] CALL SPX=4310->4308 | C 4315/4325 x2 | cr=$0.25 settle=$0.00 | P&L=$+46 | eq=$59,481 | dist=5
2026-04-04 13:01:48 | DEBUG    | [20231006] PUT SPX=4310->4308 | P 4300/4290 x1 | cr=$0.10 settle=$0.00 | P&L=$+8 | eq=$59,489 | dist=5
2026-04-04 13:01:48 | DEBUG    | [20231012] PUT SPX=4350->4350 | P 4345/4335 x1 | cr=$0.20 settle=$0.00 | P&L=$+18 | eq=$59,507 | dist=5
2026-04-04 13:01:48 | DEBUG    | [20231017] PUT SPX=4371->4373 | P 4365/4355 x2 | cr=$0.25 settle=$0.00 | P&L=$+46 | eq=$59,553 | dist=5
2026-04-04 13:01:48 | DEBUG    | [20231018] CALL SPX=4313->4315 | C 4320/4330 x2 | cr=$0.25 settle=$0.00 | P&L=$+46 | eq=$59,599 | dist=5
2026-04-04 13:01:48 | DEBUG    | [20231018] PUT SPX=4313->4315 | P 4305/4295 x1 | cr=$0.20 settle=$0.00 | P&L=$+18 | eq=$59,617 | dist=5
2026-04-04 13:01:48 | DEBUG    | [20231019] CALL SPX=4283->4278 | C 4290/4300 x2 | cr=$0.20 settle=$0.00 | P&L=$+36 | eq=$59,653 | dist=5
2026-04-04 13:01:48 | DEBUG    | [20231019] PUT SPX=4283->4278 | P 4275/4265 x2 | cr=$0.30 settle=$0.00 | P&L=$+56 | eq=$59,709 | dist=5
2026-04-04 13:01:48 | DEBUG    | [20231020] CALL SPX=4223->4224 | C 4230/4240 x2 | cr=$0.25 settle=$0.00 | P&L=$+46 | eq=$59,755 | dist=5
2026-04-04 13:01:48 | DEBUG    | [20231027] CALL SPX=4113->4117 | C 4120/4130 x2 | cr=$0.20 settle=$0.00 | P&L=$+36 | eq=$59,791 | dist=5
2026-04-04 13:01:48 | DEBUG    | [20231027] PUT SPX=4113->4117 | P 4105/4095 x2 | cr=$0.20 settle=$0.00 | P&L=$+36 | eq=$59,827 | dist=5
2026-04-04 13:01:48 | DEBUG    | [20231109] PUT SPX=4345->4347 | P 4340/4330 x1 | cr=$0.15 settle=$0.00 | P&L=$+13 | eq=$59,840 | dist=5
2026-04-04 13:01:48 | DEBUG    | [20231114] PUT SPX=4493->4496 | P 4485/4475 x1 | cr=$0.10 settle=$0.00 | P&L=$+8 | eq=$59,848 | dist=5
2026-04-04 13:01:48 | DEBUG    | [20231213] SKIP: Afternoon return=1.134% >= 1.0%
2026-04-04 13:01:48 | DEBUG    | [20231215] CALL SPX=4725->4719 | C 4730/4740 x2 | cr=$0.35 settle=$0.00 | P&L=$+66 | eq=$59,914 | dist=5
2026-04-04 13:01:48 | DEBUG    | [20231220] CALL SPX=4713->4698 | C 4720/4730 x1 | cr=$0.15 settle=$0.00 | P&L=$+13 | eq=$59,927 | dist=5
2026-04-04 13:01:48 | DEBUG    | [20231221] PUT SPX=4746->4747 | P 4740/4730 x1 | cr=$0.15 settle=$0.00 | P&L=$+13 | eq=$59,940 | dist=5
2026-04-04 13:01:48 | DEBUG    | [20231222] PUT SPX=4755->4755 | P 4750/4740 x2 | cr=$0.30 settle=$0.00 | P&L=$+56 | eq=$59,996 | dist=5
2026-04-04 13:01:48 | DEBUG    | [20231228] CALL SPX=4783->4783 | C 4790/4800 x1 | cr=$0.15 settle=$0.00 | P&L=$+13 | eq=$60,009 | dist=5
2026-04-04 13:01:48 | DEBUG    | [20231229] CALL SPX=4766->4770 | C 4775/4785 x2 | cr=$0.25 settle=$0.00 | P&L=$+46 | eq=$60,055 | dist=5
2026-04-04 13:01:48 | DEBUG    | [20231229] PUT SPX=4766->4770 | P 4760/4750 x2 | cr=$0.50 settle=$0.00 | P&L=$+96 | eq=$60,151 | dist=5
2026-04-04 13:01:48 | DEBUG    | [20240104] CALL SPX=4689->4689 | C 4695/4705 x2 | cr=$0.30 settle=$0.00 | P&L=$+56 | eq=$60,207 | dist=5
2026-04-04 13:01:48 | DEBUG    | [20240110] CALL SPX=4779->4783 | C 4785/4795 x1 | cr=$0.15 settle=$0.00 | P&L=$+13 | eq=$60,220 | dist=5
2026-04-04 13:01:48 | DEBUG    | [20240117] CALL SPX=4739->4739 | C 4745/4755 x2 | cr=$0.20 settle=$0.00 | P&L=$+36 | eq=$60,256 | dist=5
2026-04-04 13:01:48 | DEBUG    | [20240119] CALL SPX=4839->4840 | C 4845/4855 x2 | cr=$0.20 settle=$0.00 | P&L=$+36 | eq=$60,292 | dist=5
2026-04-04 13:01:48 | DEBUG    | [20240202] CALL SPX=4968->4959 | C 4975/4985 x1 | cr=$0.15 settle=$0.00 | P&L=$+13 | eq=$60,305 | dist=5
2026-04-04 13:01:48 | DEBUG    | [20240209] PUT SPX=5025->5027 | P 5020/5010 x2 | cr=$0.25 settle=$0.00 | P&L=$+46 | eq=$60,351 | dist=3
2026-04-04 13:01:49 | DEBUG    | [20240214] PUT SPX=4995->5001 | P 4990/4980 x1 | cr=$0.15 settle=$0.00 | P&L=$+13 | eq=$60,364 | dist=5
2026-04-04 13:01:49 | DEBUG    | [20240216] PUT SPX=5005->5006 | P 5000/4990 x2 | cr=$0.40 settle=$0.00 | P&L=$+76 | eq=$60,440 | dist=5
2026-04-04 13:01:49 | DEBUG    | [20240220] PUT SPX=4971->4976 | P 4965/4955 x2 | cr=$0.30 settle=$0.00 | P&L=$+56 | eq=$60,496 | dist=5
2026-04-04 13:01:49 | DEBUG    | [20240222] CALL SPX=5088->5087 | C 5095/5105 x1 | cr=$0.15 settle=$0.00 | P&L=$+13 | eq=$60,509 | dist=5
2026-04-04 13:01:49 | DEBUG    | [20240223] CALL SPX=5094->5089 | C 5100/5110 x1 | cr=$0.15 settle=$0.00 | P&L=$+13 | eq=$60,522 | dist=5
2026-04-04 13:01:49 | DEBUG    | [20240229] PUT SPX=5097->5096 | P 5090/5080 x2 | cr=$0.25 settle=$0.00 | P&L=$+46 | eq=$60,568 | dist=5
2026-04-04 13:01:49 | DEBUG    | [20240305] PUT SPX=5076->5079 | P 5070/5060 x1 | cr=$0.15 settle=$0.00 | P&L=$+13 | eq=$60,581 | dist=5
2026-04-04 13:01:49 | DEBUG    | [20240306] CALL SPX=5107->5105 | C 5115/5125 x2 | cr=$0.25 settle=$0.00 | P&L=$+46 | eq=$60,627 | dist=5
2026-04-04 13:01:49 | DEBUG    | [20240306] PUT SPX=5107->5105 | P 5100/5090 x2 | cr=$0.35 settle=$0.00 | P&L=$+66 | eq=$60,693 | dist=5
2026-04-04 13:01:49 | DEBUG    | [20240308] PUT SPX=5130->5124 | P 5125/5115 x3 | cr=$0.65 settle=$1.29 | P&L=$-198 | eq=$60,495 | dist=5
2026-04-04 13:01:49 | DEBUG    | [20240311] CALL SPX=5113->5118 | C 5120/5130 x1 | cr=$0.15 settle=$0.00 | P&L=$+13 | eq=$60,508 | dist=5
2026-04-04 13:01:49 | DEBUG    | [20240314] CALL SPX=5149->5151 | C 5155/5165 x2 | cr=$0.30 settle=$0.00 | P&L=$+56 | eq=$60,564 | dist=5
2026-04-04 13:01:49 | DEBUG    | [20240315] CALL SPX=5115->5117 | C 5125/5135 x1 | cr=$0.15 settle=$0.00 | P&L=$+13 | eq=$60,577 | dist=5
2026-04-04 13:01:49 | DEBUG    | [20240315] PUT SPX=5115->5117 | P 5110/5100 x3 | cr=$0.55 settle=$0.00 | P&L=$+159 | eq=$60,736 | dist=5
2026-04-04 13:01:49 | DEBUG    | [20240318] CALL SPX=5149->5149 | C 5155/5165 x2 | cr=$0.25 settle=$0.00 | P&L=$+46 | eq=$60,782 | dist=5
2026-04-04 13:01:49 | DEBUG    | [20240320] PUT SPX=5216->5225 | P 5210/5200 x2 | cr=$0.35 settle=$0.00 | P&L=$+66 | eq=$60,848 | dist=5
2026-04-04 13:01:49 | DEBUG    | [20240321] PUT SPX=5245->5242 | P 5240/5230 x2 | cr=$0.30 settle=$0.00 | P&L=$+56 | eq=$60,904 | dist=5
2026-04-04 13:01:49 | DEBUG    | [20240326] PUT SPX=5211->5204 | P 5205/5195 x1 | cr=$0.15 settle=$1.29 | P&L=$-116 | eq=$60,788 | dist=5
2026-04-04 13:01:49 | DEBUG    | [20240327] PUT SPX=5247->5249 | P 5240/5230 x2 | cr=$0.20 settle=$0.00 | P&L=$+36 | eq=$60,824 | dist=5
2026-04-04 13:01:49 | DEBUG    | [20240328] CALL SPX=5258->5254 | C 5265/5275 x2 | cr=$0.50 settle=$0.00 | P&L=$+96 | eq=$60,920 | dist=5
2026-04-04 13:01:49 | DEBUG    | [20240328] PUT SPX=5258->5254 | P 5250/5240 x2 | cr=$0.35 settle=$0.00 | P&L=$+66 | eq=$60,986 | dist=5
2026-04-04 13:01:49 | DEBUG    | [20240401] CALL SPX=5244->5244 | C 5250/5260 x1 | cr=$0.15 settle=$0.00 | P&L=$+13 | eq=$60,999 | dist=5
2026-04-04 13:01:49 | DEBUG    | [20240404] CALL SPX=5159->5147 | C 5165/5175 x3 | cr=$0.75 settle=$0.00 | P&L=$+219 | eq=$61,218 | dist=5
2026-04-04 13:01:49 | DEBUG    | [20240405] CALL SPX=5210->5204 | C 5215/5225 x3 | cr=$0.60 settle=$0.00 | P&L=$+174 | eq=$61,392 | dist=5
2026-04-04 13:01:49 | DEBUG    | [20240405] PUT SPX=5210->5204 | P 5200/5190 x1 | cr=$0.15 settle=$0.00 | P&L=$+13 | eq=$61,405 | dist=5
2026-04-04 13:01:49 | DEBUG    | [20240409] TOUCH@15:58 CALL SPX=5206 | C 5205/5215 x1 | cr=$0.15 close=$0.35 | P&L=$-22
2026-04-04 13:01:49 | DEBUG    | [20240410] CALL SPX=5164->5161 | C 5170/5180 x3 | cr=$0.80 settle=$0.00 | P&L=$+234 | eq=$61,617 | dist=5
2026-04-04 13:01:49 | DEBUG    | [20240410] PUT SPX=5164->5161 | P 5155/5145 x2 | cr=$0.45 settle=$0.00 | P&L=$+86 | eq=$61,703 | dist=5
2026-04-04 13:01:49 | DEBUG    | [20240411] CALL SPX=5204->5199 | C 5210/5220 x2 | cr=$0.20 settle=$0.00 | P&L=$+36 | eq=$61,739 | dist=5
2026-04-04 13:01:49 | DEBUG    | [20240411] PUT SPX=5204->5199 | P 5195/5185 x1 | cr=$0.15 settle=$0.00 | P&L=$+13 | eq=$61,752 | dist=5
2026-04-04 13:01:49 | DEBUG    | [20240412] CALL SPX=5119->5123 | C 5125/5135 x3 | cr=$0.55 settle=$0.00 | P&L=$+159 | eq=$61,911 | dist=5
2026-04-04 13:01:49 | DEBUG    | [20240412] PUT SPX=5119->5123 | P 5110/5100 x2 | cr=$0.25 settle=$0.00 | P&L=$+46 | eq=$61,957 | dist=5
2026-04-04 13:01:49 | DEBUG    | [20240415] CALL SPX=5065->5062 | C 5075/5085 x1 | cr=$0.15 settle=$0.00 | P&L=$+13 | eq=$61,970 | dist=5
2026-04-04 13:01:49 | DEBUG    | [20240415] PUT SPX=5065->5062 | P 5060/5050 x3 | cr=$0.60 settle=$0.00 | P&L=$+174 | eq=$62,144 | dist=5
2026-04-04 13:01:49 | DEBUG    | [20240416] TOUCH@15:58 PUT SPX=5051 | P 5055/5045 x2 | cr=$0.45 close=$1.80 | P&L=$-274
2026-04-04 13:01:49 | DEBUG    | [20240416] CALL SPX=5063->5051 | C 5070/5080 x2 | cr=$0.25 settle=$0.00 | P&L=$+46 | eq=$61,916 | dist=5
2026-04-04 13:01:49 | DEBUG    | [20240417] TOUCH@15:59 PUT SPX=5021 | P 5025/5015 x2 | cr=$0.30 close=$0.35 | P&L=$-14
2026-04-04 13:01:49 | DEBUG    | [20240417] CALL SPX=5033->5022 | C 5040/5050 x1 | cr=$0.20 settle=$0.00 | P&L=$+18 | eq=$61,920 | dist=5
2026-04-04 13:01:49 | DEBUG    | [20240418] CALL SPX=5010->5011 | C 5015/5025 x3 | cr=$0.75 settle=$0.00 | P&L=$+219 | eq=$62,139 | dist=5
2026-04-04 13:01:49 | DEBUG    | [20240418] PUT SPX=5010->5011 | P 5000/4990 x1 | cr=$0.20 settle=$0.00 | P&L=$+18 | eq=$62,157 | dist=5
2026-04-04 13:01:49 | DEBUG    | [20240419] CALL SPX=4966->4967 | C 4975/4985 x2 | cr=$0.30 settle=$0.00 | P&L=$+56 | eq=$62,213 | dist=5
2026-04-04 13:01:49 | DEBUG    | [20240419] PUT SPX=4966->4967 | P 4960/4950 x3 | cr=$0.80 settle=$0.00 | P&L=$+234 | eq=$62,447 | dist=5
2026-04-04 13:01:49 | DEBUG    | [20240422] CALL SPX=5008->5011 | C 5015/5025 x1 | cr=$0.15 settle=$0.00 | P&L=$+13 | eq=$62,460 | dist=5
2026-04-04 13:01:49 | DEBUG    | [20240422] PUT SPX=5008->5011 | P 5000/4990 x1 | cr=$0.20 settle=$0.00 | P&L=$+18 | eq=$62,478 | dist=5
2026-04-04 13:01:49 | DEBUG    | [20240423] PUT SPX=5071->5071 | P 5065/5055 x2 | cr=$0.25 settle=$0.00 | P&L=$+46 | eq=$62,524 | dist=5
2026-04-04 13:01:49 | DEBUG    | [20240424] CALL SPX=5074->5072 | C 5080/5090 x1 | cr=$0.15 settle=$0.00 | P&L=$+13 | eq=$62,537 | dist=5
2026-04-04 13:01:49 | DEBUG    | [20240425] CALL SPX=5047->5048 | C 5055/5065 x2 | cr=$0.20 settle=$0.00 | P&L=$+36 | eq=$62,573 | dist=5
2026-04-04 13:01:49 | DEBUG    | [20240425] PUT SPX=5047->5048 | P 5040/5030 x1 | cr=$0.20 settle=$0.00 | P&L=$+18 | eq=$62,591 | dist=5
2026-04-04 13:01:49 | DEBUG    | [20240426] PUT SPX=5103->5100 | P 5095/5085 x1 | cr=$0.15 settle=$0.00 | P&L=$+13 | eq=$62,604 | dist=5
2026-04-04 13:01:49 | DEBUG    | [20240429] PUT SPX=5112->5116 | P 5105/5095 x1 | cr=$0.15 settle=$0.00 | P&L=$+13 | eq=$62,617 | dist=5
2026-04-04 13:01:49 | DEBUG    | [20240430] CALL SPX=5049->5036 | C 5055/5065 x2 | cr=$0.45 settle=$0.00 | P&L=$+86 | eq=$62,703 | dist=5
2026-04-04 13:01:49 | DEBUG    | [20240501] CALL SPX=5024->5018 | C 5030/5040 x3 | cr=$1.20 settle=$0.00 | P&L=$+354 | eq=$63,057 | dist=5
2026-04-04 13:01:49 | DEBUG    | [20240501] PUT SPX=5024->5018 | P 5015/5005 x3 | cr=$0.70 settle=$0.00 | P&L=$+204 | eq=$63,261 | dist=5
2026-04-04 13:01:49 | DEBUG    | [20240502] TOUCH@15:59 CALL SPX=5065 | C 5065/5075 x1 | cr=$0.15 close=$0.10 | P&L=$+3
2026-04-04 13:01:49 | DEBUG    | [20240502] PUT SPX=5057->5064 | P 5050/5040 x1 | cr=$0.20 settle=$0.00 | P&L=$+18 | eq=$63,282 | dist=5
2026-04-04 13:01:49 | DEBUG    | [20240503] CALL SPX=5129->5128 | C 5135/5145 x1 | cr=$0.15 settle=$0.00 | P&L=$+13 | eq=$63,295 | dist=5
2026-04-04 13:01:49 | DEBUG    | [20240507] PUT SPX=5190->5188 | P 5185/5175 x2 | cr=$0.25 settle=$0.00 | P&L=$+46 | eq=$63,341 | dist=5
2026-04-04 13:01:49 | DEBUG    | [20240522] TOUCH@15:59 CALL SPX=5307 | C 5305/5315 x2 | cr=$0.25 close=$0.40 | P&L=$-34
2026-04-04 13:01:49 | DEBUG    | [20240522] PUT SPX=5298->5307 | P 5290/5280 x2 | cr=$0.20 settle=$0.00 | P&L=$+36 | eq=$63,343 | dist=5
2026-04-04 13:01:49 | DEBUG    | [20240523] CALL SPX=5269->5268 | C 5275/5285 x3 | cr=$0.60 settle=$0.00 | P&L=$+174 | eq=$63,517 | dist=5
2026-04-04 13:01:49 | DEBUG    | [20240523] PUT SPX=5269->5268 | P 5260/5250 x2 | cr=$0.25 settle=$0.00 | P&L=$+46 | eq=$63,563 | dist=5
2026-04-04 13:01:49 | DEBUG    | [20240528] TOUCH@15:59 CALL SPX=5307 | C 5305/5315 x2 | cr=$0.20 close=$0.10 | P&L=$+16
2026-04-04 13:01:49 | DEBUG    | [20240528] PUT SPX=5300->5306 | P 5295/5285 x2 | cr=$0.20 settle=$0.00 | P&L=$+36 | eq=$63,615 | dist=5
2026-04-04 13:01:49 | DEBUG    | [20240529] CALL SPX=5267->5267 | C 5275/5285 x1 | cr=$0.15 settle=$0.00 | P&L=$+13 | eq=$63,628 | dist=5
2026-04-04 13:01:49 | DEBUG    | [20240529] PUT SPX=5267->5267 | P 5260/5250 x1 | cr=$0.15 settle=$0.00 | P&L=$+13 | eq=$63,641 | dist=5
2026-04-04 13:01:49 | DEBUG    | [20240530] CALL SPX=5235->5235 | C 5240/5250 x3 | cr=$0.55 settle=$0.00 | P&L=$+159 | eq=$63,800 | dist=5
2026-04-04 13:01:49 | DEBUG    | [20240530] PUT SPX=5235->5235 | P 5225/5215 x1 | cr=$0.15 settle=$0.00 | P&L=$+13 | eq=$63,813 | dist=5
2026-04-04 13:01:49 | DEBUG    | [20240531] SKIP: Afternoon return=1.170% >= 1.0%
2026-04-04 13:01:49 | DEBUG    | [20240603] TOUCH@15:59 CALL SPX=5283 | C 5280/5290 x2 | cr=$0.25 close=$0.90 | P&L=$-134
2026-04-04 13:01:49 | DEBUG    | [20240604] CALL SPX=5291->5291 | C 5300/5310 x2 | cr=$0.25 settle=$0.00 | P&L=$+46 | eq=$63,725 | dist=5
2026-04-04 13:01:49 | DEBUG    | [20240604] PUT SPX=5291->5291 | P 5285/5275 x3 | cr=$0.55 settle=$0.00 | P&L=$+159 | eq=$63,884 | dist=5
2026-04-04 13:01:49 | DEBUG    | [20240607] CALL SPX=5348->5347 | C 5355/5365 x2 | cr=$0.20 settle=$0.00 | P&L=$+36 | eq=$63,920 | dist=5
2026-04-04 13:01:49 | DEBUG    | [20240607] PUT SPX=5348->5347 | P 5340/5330 x2 | cr=$0.20 settle=$0.00 | P&L=$+36 | eq=$63,956 | dist=5
2026-04-04 13:01:49 | DEBUG    | [20240610] CALL SPX=5359->5361 | C 5365/5375 x2 | cr=$0.30 settle=$0.00 | P&L=$+56 | eq=$64,012 | dist=5
2026-04-04 13:01:49 | DEBUG    | [20240611] PUT SPX=5371->5375 | P 5365/5355 x2 | cr=$0.20 settle=$0.00 | P&L=$+36 | eq=$64,048 | dist=5
2026-04-04 13:01:49 | DEBUG    | [20240612] CALL SPX=5424->5421 | C 5430/5440 x3 | cr=$1.05 settle=$0.00 | P&L=$+309 | eq=$64,357 | dist=5
2026-04-04 13:01:49 | DEBUG    | [20240612] PUT SPX=5424->5421 | P 5415/5405 x3 | cr=$0.65 settle=$0.00 | P&L=$+189 | eq=$64,546 | dist=5
2026-04-04 13:01:49 | DEBUG    | [20240613] PUT SPX=5435->5434 | P 5430/5420 x2 | cr=$0.35 settle=$0.00 | P&L=$+66 | eq=$64,612 | dist=5
2026-04-04 13:01:49 | DEBUG    | [20240614] TOUCH@15:59 CALL SPX=5432 | C 5430/5440 x2 | cr=$0.30 close=$0.80 | P&L=$-104
2026-04-04 13:01:49 | DEBUG    | [20240617] PUT SPX=5476->5473 | P 5470/5460 x2 | cr=$0.30 settle=$0.00 | P&L=$+56 | eq=$64,564 | dist=5
2026-04-04 13:01:49 | DEBUG    | [20240620] TOUCH@15:57 PUT SPX=5474 | P 5475/5465 x2 | cr=$0.35 close=$1.70 | P&L=$-274
2026-04-04 13:01:49 | DEBUG    | [20240621] PUT SPX=5470->5465 | P 5465/5455 x2 | cr=$0.30 settle=$0.28 | P&L=$+0 | eq=$64,290 | dist=5
2026-04-04 13:01:49 | DEBUG    | [20240625] PUT SPX=5467->5469 | P 5460/5450 x2 | cr=$0.25 settle=$0.00 | P&L=$+46 | eq=$64,336 | dist=5
2026-04-04 13:01:49 | DEBUG    | [20240626] PUT SPX=5477->5478 | P 5470/5460 x2 | cr=$0.20 settle=$0.00 | P&L=$+36 | eq=$64,372 | dist=5
2026-04-04 13:01:49 | DEBUG    | [20240627] TOUCH@15:59 CALL SPX=5482 | C 5480/5490 x2 | cr=$0.45 close=$0.60 | P&L=$-34
2026-04-04 13:01:49 | DEBUG    | [20240627] PUT SPX=5473->5483 | P 5465/5455 x2 | cr=$0.30 settle=$0.00 | P&L=$+56 | eq=$64,394 | dist=5
2026-04-04 13:01:49 | DEBUG    | [20240628] CALL SPX=5465->5461 | C 5475/5485 x2 | cr=$0.45 settle=$0.00 | P&L=$+86 | eq=$64,480 | dist=5
2026-04-04 13:01:49 | DEBUG    | [20240628] PUT SPX=5465->5461 | P 5460/5450 x3 | cr=$1.20 settle=$0.00 | P&L=$+354 | eq=$64,834 | dist=5
2026-04-04 13:01:49 | DEBUG    | [20240701] PUT SPX=5476->5475 | P 5470/5460 x2 | cr=$0.30 settle=$0.00 | P&L=$+56 | eq=$64,890 | dist=5
2026-04-04 13:01:49 | DEBUG    | [20240705] CALL SPX=5570->5567 | C 5575/5585 x1 | cr=$0.15 settle=$0.00 | P&L=$+13 | eq=$64,903 | dist=5
2026-04-04 13:01:49 | DEBUG    | [20240711] CALL SPX=5587->5584 | C 5595/5605 x1 | cr=$0.15 settle=$0.00 | P&L=$+13 | eq=$64,916 | dist=5
2026-04-04 13:01:49 | DEBUG    | [20240711] PUT SPX=5587->5584 | P 5580/5570 x1 | cr=$0.20 settle=$0.00 | P&L=$+18 | eq=$64,934 | dist=5
2026-04-04 13:01:49 | DEBUG    | [20240712] TOUCH@15:58 PUT SPX=5612 | P 5615/5605 x2 | cr=$0.45 close=$2.95 | P&L=$-504
2026-04-04 13:01:49 | DEBUG    | [20240712] CALL SPX=5622->5615 | C 5630/5640 x2 | cr=$0.35 settle=$0.00 | P&L=$+66 | eq=$64,496 | dist=5
2026-04-04 13:01:49 | DEBUG    | [20240715] CALL SPX=5626->5631 | C 5635/5645 x2 | cr=$0.20 settle=$0.00 | P&L=$+36 | eq=$64,532 | dist=5
2026-04-04 13:01:49 | DEBUG    | [20240715] PUT SPX=5626->5631 | P 5620/5610 x2 | cr=$0.30 settle=$0.00 | P&L=$+56 | eq=$64,588 | dist=5
2026-04-04 13:01:49 | DEBUG    | [20240716] CALL SPX=5668->5667 | C 5675/5685 x2 | cr=$0.20 settle=$0.00 | P&L=$+36 | eq=$64,624 | dist=5
2026-04-04 13:01:49 | DEBUG    | [20240716] PUT SPX=5668->5667 | P 5660/5650 x1 | cr=$0.15 settle=$0.00 | P&L=$+13 | eq=$64,637 | dist=5
2026-04-04 13:01:49 | DEBUG    | [20240717] CALL SPX=5590->5588 | C 5600/5610 x1 | cr=$0.15 settle=$0.00 | P&L=$+13 | eq=$64,650 | dist=5
2026-04-04 13:01:49 | DEBUG    | [20240717] PUT SPX=5590->5588 | P 5585/5575 x3 | cr=$0.60 settle=$0.00 | P&L=$+174 | eq=$64,824 | dist=5
2026-04-04 13:01:49 | DEBUG    | [20240718] TOUCH@15:59 CALL SPX=5545 | C 5545/5555 x3 | cr=$0.80 close=$0.70 | P&L=$+24
2026-04-04 13:01:49 | DEBUG    | [20240718] PUT SPX=5538->5544 | P 5530/5520 x3 | cr=$0.55 settle=$0.00 | P&L=$+159 | eq=$65,007 | dist=5
2026-04-04 13:01:49 | DEBUG    | [20240719] CALL SPX=5503->5505 | C 5510/5520 x3 | cr=$0.65 settle=$0.00 | P&L=$+189 | eq=$65,196 | dist=5
2026-04-04 13:01:49 | DEBUG    | [20240719] PUT SPX=5503->5505 | P 5495/5485 x2 | cr=$0.45 settle=$0.00 | P&L=$+86 | eq=$65,282 | dist=5
2026-04-04 13:01:49 | DEBUG    | [20240722] CALL SPX=5564->5564 | C 5570/5580 x2 | cr=$0.40 settle=$0.00 | P&L=$+76 | eq=$65,358 | dist=5
2026-04-04 13:01:49 | DEBUG    | [20240722] PUT SPX=5564->5564 | P 5555/5545 x1 | cr=$0.20 settle=$0.00 | P&L=$+18 | eq=$65,376 | dist=5
2026-04-04 13:01:49 | DEBUG    | [20240723] CALL SPX=5552->5556 | C 5560/5570 x1 | cr=$0.15 settle=$0.00 | P&L=$+13 | eq=$65,389 | dist=5
2026-04-04 13:01:49 | DEBUG    | [20240723] PUT SPX=5552->5556 | P 5545/5535 x2 | cr=$0.40 settle=$0.00 | P&L=$+76 | eq=$65,465 | dist=5
2026-04-04 13:01:49 | DEBUG    | [20240724] CALL SPX=5421->5427 | C 5430/5440 x2 | cr=$0.35 settle=$0.00 | P&L=$+66 | eq=$65,531 | dist=5
2026-04-04 13:01:49 | DEBUG    | [20240724] PUT SPX=5421->5427 | P 5415/5405 x3 | cr=$0.70 settle=$0.00 | P&L=$+204 | eq=$65,735 | dist=5
2026-04-04 13:01:49 | DEBUG    | [20240725] CALL SPX=5408->5399 | C 5415/5425 x3 | cr=$1.05 settle=$0.00 | P&L=$+309 | eq=$66,044 | dist=5
2026-04-04 13:01:49 | DEBUG    | [20240726] TOUCH@15:59 CALL SPX=5460 | C 5455/5465 x3 | cr=$0.85 close=$1.90 | P&L=$-321
2026-04-04 13:01:49 | DEBUG    | [20240726] PUT SPX=5448->5459 | P 5440/5430 x3 | cr=$0.90 settle=$0.00 | P&L=$+264 | eq=$65,987 | dist=5
2026-04-04 13:01:49 | DEBUG    | [20240729] CALL SPX=5468->5464 | C 5475/5485 x2 | cr=$0.35 settle=$0.00 | P&L=$+66 | eq=$66,053 | dist=5
2026-04-04 13:01:49 | DEBUG    | [20240729] PUT SPX=5468->5464 | P 5460/5450 x2 | cr=$0.30 settle=$0.00 | P&L=$+56 | eq=$66,109 | dist=5
2026-04-04 13:01:49 | DEBUG    | [20240730] CALL SPX=5445->5436 | C 5450/5460 x3 | cr=$1.00 settle=$0.00 | P&L=$+294 | eq=$66,403 | dist=5
2026-04-04 13:01:49 | DEBUG    | [20240730] PUT SPX=5445->5436 | P 5435/5425 x2 | cr=$0.35 settle=$0.00 | P&L=$+66 | eq=$66,469 | dist=5
2026-04-04 13:01:49 | DEBUG    | [20240731] CALL SPX=5525->5522 | C 5535/5545 x3 | cr=$1.10 settle=$0.00 | P&L=$+324 | eq=$66,793 | dist=5
2026-04-04 13:01:49 | DEBUG    | [20240731] PUT SPX=5525->5522 | P 5520/5510 x4 | cr=$1.90 settle=$0.00 | P&L=$+752 | eq=$67,545 | dist=5
2026-04-04 13:01:49 | DEBUG    | [20240801] TOUCH@15:56 CALL SPX=5441 | C 5440/5450 x3 | cr=$1.20 close=$1.75 | P&L=$-171
2026-04-04 13:01:49 | DEBUG    | [20240801] PUT SPX=5434->5447 | P 5425/5415 x3 | cr=$0.80 settle=$0.00 | P&L=$+234 | eq=$67,608 | dist=5
2026-04-04 13:01:49 | DEBUG    | [20240802] TOUCH@15:56 CALL SPX=5347 | C 5345/5355 x3 | cr=$0.95 close=$3.00 | P&L=$-621
2026-04-04 13:01:49 | DEBUG    | [20240802] PUT SPX=5335->5346 | P 5330/5320 x4 | cr=$1.50 settle=$0.00 | P&L=$+592 | eq=$67,579 | dist=5
2026-04-04 13:01:49 | DEBUG    | [20240805] SKIP: VIX(15:50)=38.5 > 26.0
2026-04-04 13:01:49 | DEBUG    | [20240806] SKIP: VIX(15:50)=26.2 > 26.0
2026-04-04 13:01:49 | DEBUG    | [20240807] SKIP: VIX(15:50)=27.6 > 26.0
2026-04-04 13:01:49 | DEBUG    | [20240808] CALL SPX=5314->5319 | C 5320/5330 x3 | cr=$1.20 settle=$0.00 | P&L=$+354 | eq=$67,933 | dist=5
2026-04-04 13:01:49 | DEBUG    | [20240808] PUT SPX=5314->5319 | P 5305/5295 x3 | cr=$0.85 settle=$0.00 | P&L=$+249 | eq=$68,182 | dist=5
2026-04-04 13:01:49 | DEBUG    | [20240809] TOUCH@15:58 CALL SPX=5346 | C 5345/5355 x3 | cr=$0.65 close=$0.95 | P&L=$-96
2026-04-04 13:01:49 | DEBUG    | [20240809] PUT SPX=5338->5344 | P 5330/5320 x3 | cr=$0.70 settle=$0.00 | P&L=$+204 | eq=$68,290 | dist=5
2026-04-04 13:01:49 | DEBUG    | [20240812] TOUCH@15:59 CALL SPX=5345 | C 5345/5355 x3 | cr=$0.55 close=$0.10 | P&L=$+129
2026-04-04 13:01:49 | DEBUG    | [20240812] PUT SPX=5337->5344 | P 5330/5320 x3 | cr=$0.70 settle=$0.00 | P&L=$+204 | eq=$68,623 | dist=5
2026-04-04 13:01:49 | DEBUG    | [20240813] CALL SPX=5427->5434 | C 5435/5445 x2 | cr=$0.40 settle=$0.00 | P&L=$+76 | eq=$68,699 | dist=5
2026-04-04 13:01:49 | DEBUG    | [20240813] PUT SPX=5427->5434 | P 5420/5410 x2 | cr=$0.45 settle=$0.00 | P&L=$+86 | eq=$68,785 | dist=5
2026-04-04 13:01:49 | DEBUG    | [20240814] PUT SPX=5456->5455 | P 5450/5440 x2 | cr=$0.40 settle=$0.00 | P&L=$+76 | eq=$68,861 | dist=5
2026-04-04 13:01:49 | DEBUG    | [20240815] CALL SPX=5535->5543 | C 5545/5555 x1 | cr=$0.15 settle=$0.00 | P&L=$+13 | eq=$68,874 | dist=5
2026-04-04 13:01:49 | DEBUG    | [20240815] PUT SPX=5535->5543 | P 5530/5520 x3 | cr=$0.65 settle=$0.00 | P&L=$+189 | eq=$69,063 | dist=5
2026-04-04 13:01:49 | DEBUG    | [20240816] PUT SPX=5551->5554 | P 5545/5535 x1 | cr=$0.15 settle=$0.00 | P&L=$+13 | eq=$69,076 | dist=5
2026-04-04 13:01:49 | DEBUG    | [20240819] PUT SPX=5602->5608 | P 5595/5585 x2 | cr=$0.25 settle=$0.00 | P&L=$+46 | eq=$69,122 | dist=5
2026-04-04 13:01:49 | DEBUG    | [20240820] CALL SPX=5598->5597 | C 5605/5615 x2 | cr=$0.30 settle=$0.00 | P&L=$+56 | eq=$69,178 | dist=5
2026-04-04 13:01:49 | DEBUG    | [20240820] PUT SPX=5598->5597 | P 5590/5580 x2 | cr=$0.20 settle=$0.00 | P&L=$+36 | eq=$69,214 | dist=5
2026-04-04 13:01:49 | DEBUG    | [20240821] CALL SPX=5619->5621 | C 5625/5635 x2 | cr=$0.25 settle=$0.00 | P&L=$+46 | eq=$69,260 | dist=5
2026-04-04 13:01:49 | DEBUG    | [20240822] CALL SPX=5566->5571 | C 5575/5585 x2 | cr=$0.25 settle=$0.00 | P&L=$+46 | eq=$69,306 | dist=5
2026-04-04 13:01:49 | DEBUG    | [20240822] PUT SPX=5566->5571 | P 5560/5550 x2 | cr=$0.50 settle=$0.00 | P&L=$+96 | eq=$69,402 | dist=5
2026-04-04 13:01:49 | DEBUG    | [20240823] CALL SPX=5636->5635 | C 5645/5655 x2 | cr=$0.20 settle=$0.00 | P&L=$+36 | eq=$69,438 | dist=5
2026-04-04 13:01:49 | DEBUG    | [20240823] PUT SPX=5636->5635 | P 5630/5620 x2 | cr=$0.35 settle=$0.00 | P&L=$+66 | eq=$69,504 | dist=5
2026-04-04 13:01:50 | DEBUG    | [20240826] CALL SPX=5614->5617 | C 5620/5630 x2 | cr=$0.40 settle=$0.00 | P&L=$+76 | eq=$69,580 | dist=5
2026-04-04 13:01:50 | DEBUG    | [20240827] CALL SPX=5623->5626 | C 5630/5640 x2 | cr=$0.20 settle=$0.00 | P&L=$+36 | eq=$69,616 | dist=5
2026-04-04 13:01:50 | DEBUG    | [20240828] TOUCH@15:59 PUT SPX=5592 | P 5595/5585 x3 | cr=$0.60 close=$1.65 | P&L=$-321
2026-04-04 13:01:50 | DEBUG    | [20240828] CALL SPX=5600->5592 | C 5610/5620 x2 | cr=$0.30 settle=$0.00 | P&L=$+56 | eq=$69,351 | dist=5
2026-04-04 13:01:50 | DEBUG    | [20240829] CALL SPX=5588->5592 | C 5595/5605 x3 | cr=$0.65 settle=$0.00 | P&L=$+189 | eq=$69,540 | dist=5
2026-04-04 13:01:50 | DEBUG    | [20240830] CALL SPX=5644->5648 | C 5650/5660 x3 | cr=$1.00 settle=$0.00 | P&L=$+294 | eq=$69,834 | dist=5
2026-04-04 13:01:50 | DEBUG    | [20240830] PUT SPX=5644->5648 | P 5635/5625 x3 | cr=$0.60 settle=$0.00 | P&L=$+174 | eq=$70,008 | dist=5
2026-04-04 13:01:50 | DEBUG    | [20240903] TOUCH@15:59 CALL SPX=5529 | C 5525/5535 x3 | cr=$0.70 close=$1.05 | P&L=$-111
2026-04-04 13:01:50 | DEBUG    | [20240903] PUT SPX=5518->5529 | P 5510/5500 x3 | cr=$0.70 settle=$0.00 | P&L=$+204 | eq=$70,101 | dist=5
2026-04-04 13:01:50 | DEBUG    | [20240904] CALL SPX=5520->5520 | C 5530/5540 x3 | cr=$0.65 settle=$0.00 | P&L=$+189 | eq=$70,290 | dist=5
2026-04-04 13:01:50 | DEBUG    | [20240904] PUT SPX=5520->5520 | P 5515/5505 x4 | cr=$1.35 settle=$0.00 | P&L=$+532 | eq=$70,822 | dist=5
2026-04-04 13:01:50 | DEBUG    | [20240905] CALL SPX=5496->5503 | C 5505/5515 x2 | cr=$0.40 settle=$0.00 | P&L=$+76 | eq=$70,898 | dist=5
2026-04-04 13:01:50 | DEBUG    | [20240905] PUT SPX=5496->5503 | P 5490/5480 x3 | cr=$0.90 settle=$0.00 | P&L=$+264 | eq=$71,162 | dist=5
2026-04-04 13:01:50 | DEBUG    | [20240906] CALL SPX=5410->5409 | C 5420/5430 x3 | cr=$0.65 settle=$0.00 | P&L=$+189 | eq=$71,351 | dist=5
2026-04-04 13:01:50 | DEBUG    | [20240906] PUT SPX=5410->5409 | P 5405/5395 x4 | cr=$1.30 settle=$0.00 | P&L=$+512 | eq=$71,863 | dist=5
2026-04-04 13:01:50 | DEBUG    | [20240909] TOUCH@15:58 CALL SPX=5470 | C 5470/5480 x2 | cr=$0.40 close=$0.95 | P&L=$-114
2026-04-04 13:01:50 | DEBUG    | [20240909] PUT SPX=5464->5471 | P 5455/5445 x2 | cr=$0.25 settle=$0.00 | P&L=$+46 | eq=$71,795 | dist=5
2026-04-04 13:01:50 | DEBUG    | [20240910] PUT SPX=5495->5496 | P 5490/5480 x3 | cr=$0.55 settle=$0.00 | P&L=$+159 | eq=$71,954 | dist=5
2026-04-04 13:01:50 | DEBUG    | [20240911] SKIP: Afternoon return=1.207% >= 1.0%
2026-04-04 13:01:50 | DEBUG    | [20240912] CALL SPX=5590->5596 | C 5600/5610 x2 | cr=$0.25 settle=$0.00 | P&L=$+46 | eq=$72,000 | dist=5
2026-04-04 13:01:50 | DEBUG    | [20240912] PUT SPX=5590->5596 | P 5585/5575 x3 | cr=$0.80 settle=$0.00 | P&L=$+234 | eq=$72,234 | dist=5
2026-04-04 13:01:50 | DEBUG    | [20240913] CALL SPX=5628->5626 | C 5635/5645 x2 | cr=$0.30 settle=$0.00 | P&L=$+56 | eq=$72,290 | dist=5
2026-04-04 13:01:50 | DEBUG    | [20240913] PUT SPX=5628->5626 | P 5620/5610 x2 | cr=$0.25 settle=$0.00 | P&L=$+46 | eq=$72,336 | dist=5
2026-04-04 13:01:50 | DEBUG    | [20240916] CALL SPX=5635->5633 | C 5640/5650 x2 | cr=$0.20 settle=$0.00 | P&L=$+36 | eq=$72,372 | dist=5
2026-04-04 13:01:50 | DEBUG    | [20240917] PUT SPX=5632->5635 | P 5625/5615 x2 | cr=$0.30 settle=$0.00 | P&L=$+56 | eq=$72,428 | dist=5
2026-04-04 13:01:50 | DEBUG    | [20240918] CALL SPX=5622->5618 | C 5630/5640 x3 | cr=$0.80 settle=$0.00 | P&L=$+234 | eq=$72,662 | dist=5
2026-04-04 13:01:50 | DEBUG    | [20240918] PUT SPX=5622->5618 | P 5615/5605 x3 | cr=$0.80 settle=$0.00 | P&L=$+234 | eq=$72,896 | dist=5
2026-04-04 13:01:50 | DEBUG    | [20240919] CALL SPX=5715->5714 | C 5720/5730 x3 | cr=$0.85 settle=$0.00 | P&L=$+249 | eq=$73,145 | dist=5
2026-04-04 13:01:50 | DEBUG    | [20240919] PUT SPX=5715->5714 | P 5705/5695 x2 | cr=$0.30 settle=$0.00 | P&L=$+56 | eq=$73,201 | dist=5
2026-04-04 13:01:50 | DEBUG    | [20240920] CALL SPX=5707->5703 | C 5715/5725 x2 | cr=$0.40 settle=$0.00 | P&L=$+76 | eq=$73,277 | dist=5
2026-04-04 13:01:50 | DEBUG    | [20240920] PUT SPX=5707->5703 | P 5700/5690 x3 | cr=$0.60 settle=$0.00 | P&L=$+174 | eq=$73,451 | dist=5
2026-04-04 13:01:50 | DEBUG    | [20240925] PUT SPX=5721->5722 | P 5715/5705 x2 | cr=$0.20 settle=$0.00 | P&L=$+36 | eq=$73,487 | dist=5
2026-04-04 13:01:50 | DEBUG    | [20240927] PUT SPX=5741->5738 | P 5735/5725 x1 | cr=$0.15 settle=$0.00 | P&L=$+13 | eq=$73,500 | dist=5
2026-04-04 13:01:50 | DEBUG    | [20240930] TOUCH@15:57 CALL SPX=5765 | C 5765/5775 x3 | cr=$0.90 close=$1.80 | P&L=$-276
2026-04-04 13:01:50 | DEBUG    | [20240930] PUT SPX=5757->5762 | P 5750/5740 x3 | cr=$0.90 settle=$0.00 | P&L=$+264 | eq=$73,488 | dist=5
2026-04-04 13:01:50 | DEBUG    | [20241001] CALL SPX=5708->5709 | C 5715/5725 x3 | cr=$0.60 settle=$0.00 | P&L=$+174 | eq=$73,662 | dist=5
2026-04-04 13:01:50 | DEBUG    | [20241001] PUT SPX=5708->5709 | P 5700/5690 x2 | cr=$0.50 settle=$0.00 | P&L=$+96 | eq=$73,758 | dist=5
2026-04-04 13:01:50 | DEBUG    | [20241002] PUT SPX=5711->5710 | P 5705/5695 x1 | cr=$0.15 settle=$0.00 | P&L=$+13 | eq=$73,771 | dist=5
2026-04-04 13:01:50 | DEBUG    | [20241003] TOUCH@15:58 CALL SPX=5701 | C 5700/5710 x2 | cr=$0.35 close=$0.60 | P&L=$-54
2026-04-04 13:01:50 | DEBUG    | [20241004] CALL SPX=5749->5751 | C 5755/5765 x2 | cr=$0.30 settle=$0.00 | P&L=$+56 | eq=$73,773 | dist=5
2026-04-04 13:01:50 | DEBUG    | [20241004] PUT SPX=5749->5751 | P 5740/5730 x1 | cr=$0.15 settle=$0.00 | P&L=$+13 | eq=$73,786 | dist=5
2026-04-04 13:01:50 | DEBUG    | [20241007] TOUCH@15:57 PUT SPX=5694 | P 5695/5685 x2 | cr=$0.50 close=$2.30 | P&L=$-364
2026-04-04 13:01:50 | DEBUG    | [20241007] CALL SPX=5702->5696 | C 5710/5720 x1 | cr=$0.15 settle=$0.00 | P&L=$+13 | eq=$73,435 | dist=5
2026-04-04 13:01:50 | DEBUG    | [20241008] PUT SPX=5756->5751 | P 5750/5740 x1 | cr=$0.20 settle=$0.00 | P&L=$+18 | eq=$73,453 | dist=5
2026-04-04 13:01:50 | DEBUG    | [20241009] CALL SPX=5796->5792 | C 5805/5815 x1 | cr=$0.15 settle=$0.00 | P&L=$+13 | eq=$73,466 | dist=5
2026-04-04 13:01:50 | DEBUG    | [20241009] PUT SPX=5796->5792 | P 5790/5780 x2 | cr=$0.20 settle=$0.00 | P&L=$+36 | eq=$73,502 | dist=5
2026-04-04 13:01:50 | DEBUG    | [20241010] PUT SPX=5782->5780 | P 5775/5765 x1 | cr=$0.15 settle=$0.00 | P&L=$+13 | eq=$73,515 | dist=5
2026-04-04 13:01:50 | DEBUG    | [20241011] CALL SPX=5818->5815 | C 5825/5835 x1 | cr=$0.15 settle=$0.00 | P&L=$+13 | eq=$73,528 | dist=5
2026-04-04 13:01:50 | DEBUG    | [20241014] CALL SPX=5863->5860 | C 5870/5880 x2 | cr=$0.35 settle=$0.00 | P&L=$+66 | eq=$73,594 | dist=5
2026-04-04 13:01:50 | DEBUG    | [20241015] CALL SPX=5819->5815 | C 5825/5835 x1 | cr=$0.15 settle=$0.00 | P&L=$+13 | eq=$73,607 | dist=5
2026-04-04 13:01:50 | DEBUG    | [20241023] CALL SPX=5795->5797 | C 5800/5810 x2 | cr=$0.40 settle=$0.00 | P&L=$+76 | eq=$73,683 | dist=5
2026-04-04 13:01:50 | DEBUG    | [20241025] CALL SPX=5809->5808 | C 5815/5825 x2 | cr=$0.50 settle=$0.00 | P&L=$+96 | eq=$73,779 | dist=5
2026-04-04 13:01:50 | DEBUG    | [20241025] PUT SPX=5809->5808 | P 5800/5790 x1 | cr=$0.20 settle=$0.00 | P&L=$+18 | eq=$73,797 | dist=5
2026-04-04 13:01:50 | DEBUG    | [20241028] CALL SPX=5829->5824 | C 5835/5845 x1 | cr=$0.15 settle=$0.00 | P&L=$+13 | eq=$73,810 | dist=5
2026-04-04 13:01:50 | DEBUG    | [20241029] PUT SPX=5836->5833 | P 5830/5820 x1 | cr=$0.15 settle=$0.00 | P&L=$+13 | eq=$73,823 | dist=5
2026-04-04 13:01:50 | DEBUG    | [20241030] CALL SPX=5819->5814 | C 5825/5835 x2 | cr=$0.25 settle=$0.00 | P&L=$+46 | eq=$73,869 | dist=5
2026-04-04 13:01:50 | DEBUG    | [20241030] PUT SPX=5819->5814 | P 5810/5800 x1 | cr=$0.15 settle=$0.00 | P&L=$+13 | eq=$73,882 | dist=5
2026-04-04 13:01:50 | DEBUG    | [20241031] TOUCH@15:59 PUT SPX=5703 | P 5710/5700 x3 | cr=$1.05 close=$0.25 | P&L=$+234
2026-04-04 13:01:50 | DEBUG    | [20241031] CALL SPX=5715->5705 | C 5725/5735 x2 | cr=$0.50 settle=$0.00 | P&L=$+96 | eq=$74,212 | dist=5
2026-04-04 13:01:50 | DEBUG    | [20241101] CALL SPX=5731->5729 | C 5740/5750 x2 | cr=$0.35 settle=$0.00 | P&L=$+66 | eq=$74,278 | dist=5
2026-04-04 13:01:50 | DEBUG    | [20241101] PUT SPX=5731->5729 | P 5725/5715 x3 | cr=$0.90 settle=$0.00 | P&L=$+264 | eq=$74,542 | dist=5
2026-04-04 13:01:50 | DEBUG    | [20241104] CALL SPX=5713->5713 | C 5720/5730 x2 | cr=$0.25 settle=$0.00 | P&L=$+46 | eq=$74,588 | dist=5
2026-04-04 13:01:50 | DEBUG    | [20241104] PUT SPX=5713->5713 | P 5705/5695 x1 | cr=$0.20 settle=$0.00 | P&L=$+18 | eq=$74,606 | dist=5
2026-04-04 13:01:50 | DEBUG    | [20241105] PUT SPX=5776->5783 | P 5770/5760 x2 | cr=$0.35 settle=$0.00 | P&L=$+66 | eq=$74,672 | dist=5
2026-04-04 13:01:50 | DEBUG    | [20241106] CALL SPX=5927->5929 | C 5935/5945 x2 | cr=$0.35 settle=$0.00 | P&L=$+66 | eq=$74,738 | dist=5
2026-04-04 13:01:50 | DEBUG    | [20241106] PUT SPX=5927->5929 | P 5920/5910 x2 | cr=$0.40 settle=$0.00 | P&L=$+76 | eq=$74,814 | dist=5
2026-04-04 13:01:50 | DEBUG    | [20241107] CALL SPX=5972->5973 | C 5980/5990 x2 | cr=$0.25 settle=$0.00 | P&L=$+46 | eq=$74,860 | dist=5
2026-04-04 13:01:50 | DEBUG    | [20241107] PUT SPX=5972->5973 | P 5965/5955 x2 | cr=$0.40 settle=$0.00 | P&L=$+76 | eq=$74,936 | dist=5
2026-04-04 13:01:50 | DEBUG    | [20241108] PUT SPX=5996->5996 | P 5990/5980 x2 | cr=$0.20 settle=$0.00 | P&L=$+36 | eq=$74,972 | dist=5
2026-04-04 13:01:50 | DEBUG    | [20241112] CALL SPX=5986->5984 | C 5990/6000 x2 | cr=$0.50 settle=$0.00 | P&L=$+96 | eq=$75,068 | dist=3
2026-04-04 13:01:50 | DEBUG    | [20241112] PUT SPX=5986->5984 | P 5980/5970 x1 | cr=$0.15 settle=$0.00 | P&L=$+13 | eq=$75,081 | dist=3
2026-04-04 13:01:50 | DEBUG    | [20241113] CALL SPX=5983->5985 | C 5990/6000 x2 | cr=$0.30 settle=$0.00 | P&L=$+56 | eq=$75,137 | dist=5
2026-04-04 13:01:50 | DEBUG    | [20241114] CALL SPX=5948->5949 | C 5955/5965 x2 | cr=$0.30 settle=$0.00 | P&L=$+56 | eq=$75,193 | dist=5
2026-04-04 13:01:50 | DEBUG    | [20241114] PUT SPX=5948->5949 | P 5940/5930 x1 | cr=$0.15 settle=$0.00 | P&L=$+13 | eq=$75,206 | dist=5
2026-04-04 13:01:50 | DEBUG    | [20241115] CALL SPX=5874->5871 | C 5880/5890 x2 | cr=$0.25 settle=$0.00 | P&L=$+46 | eq=$75,252 | dist=5
2026-04-04 13:01:50 | DEBUG    | [20241115] PUT SPX=5874->5871 | P 5865/5855 x2 | cr=$0.35 settle=$0.00 | P&L=$+66 | eq=$75,318 | dist=5
2026-04-04 13:01:50 | DEBUG    | [20241119] CALL SPX=5912->5917 | C 5920/5930 x1 | cr=$0.15 settle=$0.00 | P&L=$+13 | eq=$75,331 | dist=5
2026-04-04 13:01:50 | DEBUG    | [20241119] PUT SPX=5912->5917 | P 5905/5895 x1 | cr=$0.15 settle=$0.00 | P&L=$+13 | eq=$75,344 | dist=5
2026-04-04 13:01:50 | DEBUG    | [20241120] CALL SPX=5915->5917 | C 5925/5935 x1 | cr=$0.15 settle=$0.00 | P&L=$+13 | eq=$75,357 | dist=5
2026-04-04 13:01:50 | DEBUG    | [20241120] PUT SPX=5915->5917 | P 5910/5900 x2 | cr=$0.35 settle=$0.00 | P&L=$+66 | eq=$75,423 | dist=5
2026-04-04 13:01:50 | DEBUG    | [20241121] CALL SPX=5953->5949 | C 5960/5970 x2 | cr=$0.20 settle=$0.00 | P&L=$+36 | eq=$75,459 | dist=5
2026-04-04 13:01:50 | DEBUG    | [20241121] PUT SPX=5953->5949 | P 5945/5935 x1 | cr=$0.10 settle=$0.00 | P&L=$+8 | eq=$75,467 | dist=5
2026-04-04 13:01:50 | DEBUG    | [20241122] CALL SPX=5970->5969 | C 5975/5985 x2 | cr=$0.25 settle=$0.00 | P&L=$+46 | eq=$75,513 | dist=5
2026-04-04 13:01:50 | DEBUG    | [20241209] CALL SPX=6050->6053 | C 6055/6065 x1 | cr=$0.15 settle=$0.00 | P&L=$+13 | eq=$75,526 | dist=5
2026-04-04 13:01:50 | DEBUG    | [20241216] CALL SPX=6070->6074 | C 6075/6085 x2 | cr=$0.20 settle=$0.00 | P&L=$+36 | eq=$75,562 | dist=5
2026-04-04 13:01:50 | DEBUG    | [20241218] CALL SPX=5910->5872 | C 5915/5925 x4 | cr=$1.60 settle=$0.00 | P&L=$+632 | eq=$76,194 | dist=5
2026-04-04 13:01:50 | DEBUG    | [20241219] CALL SPX=5869->5867 | C 5875/5885 x4 | cr=$1.70 settle=$0.00 | P&L=$+672 | eq=$76,866 | dist=5
2026-04-04 13:01:50 | DEBUG    | [20241219] PUT SPX=5869->5867 | P 5860/5850 x3 | cr=$1.05 settle=$0.00 | P&L=$+309 | eq=$77,175 | dist=5
2026-04-04 13:01:50 | DEBUG    | [20241220] TOUCH@15:57 PUT SPX=5924 | P 5925/5915 x4 | cr=$1.50 close=$1.65 | P&L=$-68
2026-04-04 13:01:50 | DEBUG    | [20241220] CALL SPX=5931->5931 | C 5940/5950 x3 | cr=$0.90 settle=$0.00 | P&L=$+264 | eq=$77,371 | dist=5
2026-04-04 13:01:50 | DEBUG    | [20241227] CALL SPX=5970->5971 | C 5975/5985 x3 | cr=$1.00 settle=$0.00 | P&L=$+294 | eq=$77,665 | dist=5
2026-04-04 13:01:50 | DEBUG    | [20241227] PUT SPX=5970->5971 | P 5960/5950 x2 | cr=$0.25 settle=$0.00 | P&L=$+46 | eq=$77,711 | dist=5
2026-04-04 13:01:50 | DEBUG    | [20241230] TOUCH@15:58 PUT SPX=5912 | P 5915/5905 x3 | cr=$0.95 close=$2.15 | P&L=$-366
2026-04-04 13:01:50 | DEBUG    | [20241230] CALL SPX=5921->5907 | C 5930/5940 x2 | cr=$0.35 settle=$0.00 | P&L=$+66 | eq=$77,411 | dist=5
2026-04-04 13:01:50 | DEBUG    | [20241231] CALL SPX=5879->5882 | C 5885/5895 x4 | cr=$1.40 settle=$0.00 | P&L=$+552 | eq=$77,963 | dist=5
2026-04-04 13:01:50 | DEBUG    | [20241231] PUT SPX=5879->5882 | P 5870/5860 x3 | cr=$0.80 settle=$0.00 | P&L=$+234 | eq=$78,197 | dist=5
2026-04-04 13:01:50 | INFO     | ============================================================
2026-04-04 13:01:50 | INFO     | SKIP REASONS:
2026-04-04 13:01:50 | INFO     |   afternoon_filter    : 13
2026-04-04 13:01:50 | INFO     |   early_close         : 4
2026-04-04 13:01:50 | INFO     |   no_quotes           : 289
2026-04-04 13:01:50 | INFO     |   put_momentum        : 21
2026-04-04 13:01:50 | INFO     |   vix_intraday        : 114
2026-04-04 13:01:50 | INFO     |   TOTAL TRADES        : 485
2026-04-04 13:01:50 | INFO     | ============================================================
2026-04-04 13:01:50 | INFO     | Trade log snapshot -> /Users/jeerapongwongchote/Documents/thetadata/lastfive/tradelogs_lastfive.csv
2026-04-04 13:01:50 | INFO     | ============================================================
2026-04-04 13:01:50 | INFO     |   LASTFIVE PERFORMANCE REPORT  (Run #59)
2026-04-04 13:01:50 | INFO     | ============================================================
2026-04-04 13:01:50 | INFO     |   Period          : 2022-01-03 -> 2024-12-31
2026-04-04 13:01:50 | INFO     |   Days traded     : 333
2026-04-04 13:01:50 | INFO     |   Total trades    : 485  (wins: 441  losses: 44)
2026-04-04 13:01:50 | INFO     |   Avg trades/day  : 1.5
2026-04-04 13:01:50 | INFO     | ------------------------------------------------------------
2026-04-04 13:01:50 | INFO     |   Total P&L       : $   28,197.00  (net of commission)
2026-04-04 13:01:50 | INFO     |   Gross premium   : $   44,850.00
2026-04-04 13:01:50 | INFO     |   Prem capture    :        62.9%
2026-04-04 13:01:50 | INFO     |   CAGR            :        16.1%  (acct=$50,000)
2026-04-04 13:01:50 | INFO     |   Avg win/trade   : $       83.70
2026-04-04 13:01:50 | INFO     |   Avg loss/trade  : $     -198.09
2026-04-04 13:01:50 | INFO     |   Expectancy      : $       58.14
2026-04-04 13:01:50 | INFO     |   Profit factor   :         4.24x
2026-04-04 13:01:50 | INFO     | ------------------------------------------------------------
2026-04-04 13:01:50 | INFO     |   Max drawdown    : $     -621.00  (-2.2%)
2026-04-04 13:01:50 | INFO     |   Calmar ratio    :        12.98
2026-04-04 13:01:50 | INFO     |   Recovery factor :        45.41
2026-04-04 13:01:50 | INFO     |   Time underwater :        22.8%  (76 of 333 days)
2026-04-04 13:01:50 | INFO     |   Max consec loss : 2
2026-04-04 13:01:50 | INFO     | ------------------------------------------------------------
2026-04-04 13:01:50 | INFO     |   VIX adaptive    : ON (ATM<18.0, d3<22.0, d5<26.0)
2026-04-04 13:01:50 | INFO     |   Tiered sizing   : ON ($1500/$2500/$3500)
2026-04-04 13:01:50 | INFO     |   Width / MinCr   : $10 / $0.10
2026-04-04 13:01:50 | INFO     |   Afternoon filter: < 1.0%
2026-04-04 13:01:50 | INFO     |   Put filter      : aftn<-0.75% + mom30<-0.1%
2026-04-04 13:01:50 | INFO     |   Commission      : $0.5/leg
2026-04-04 13:01:50 | INFO     | ------------------------------------------------------------
2026-04-04 13:01:50 | INFO     |   Win rate        :        90.9%
2026-04-04 13:01:50 | INFO     |   Sharpe ratio    :         6.89  (rf=5.0%)
2026-04-04 13:01:50 | INFO     |   Sortino ratio   :         9.96
2026-04-04 13:01:50 | INFO     |   Ann. volatility : $    2,734.63
2026-04-04 13:01:50 | INFO     | ------------------------------------------------------------
2026-04-04 13:01:50 | INFO     |   Best day        : $    1,076.00
2026-04-04 13:01:50 | INFO     |   Worst day       : $     -438.00
2026-04-04 13:01:50 | INFO     |   Best trade      : $      752.00
2026-04-04 13:01:50 | INFO     |   Worst trade     : $     -621.00
2026-04-04 13:01:50 | INFO     | ------------------------------------------------------------
2026-04-04 13:01:50 | INFO     |   Commission total: $    1,886.00
2026-04-04 13:01:50 | INFO     |   Avg BP/trade    : $    1,851.86
2026-04-04 13:01:50 | INFO     |   Avg BP/day      : $    2,697.15
2026-04-04 13:01:50 | INFO     |   Max BP day      : $    6,285.00
2026-04-04 13:01:50 | INFO     | ============================================================
2026-04-04 13:01:50 | INFO     | Results written to /Users/jeerapongwongchote/Documents/thetadata/lastfive/RESULTS.md (latest 3 runs, newest first)
2026-04-04 13:01:50 | INFO     | --------------------------------------------------------------------------------
2026-04-04 13:01:50 | INFO     |   VIX CORRELATION ANALYSIS
2026-04-04 13:01:50 | INFO     | --------------------------------------------------------------------------------
2026-04-04 13:01:50 | INFO     |   VIX Range  |  Trades |  Win Rate |    Avg P&L |    Total P&L |     Max DD
2026-04-04 13:01:50 | INFO     | --------------------------------------------------------------------------------
2026-04-04 13:01:50 | INFO     |   < 15       |     104 |     90.4% | $    32.85 | $   3,416.00 | $  -504.00
2026-04-04 13:01:50 | INFO     |   15-18      |     119 |     96.6% | $    73.78 | $   8,780.00 | $  -366.00
2026-04-04 13:01:50 | INFO     |   18-20      |      81 |     87.7% | $    52.33 | $   4,239.00 | $  -606.00
2026-04-04 13:01:50 | INFO     |   20-22      |      66 |     92.4% | $    61.11 | $   4,033.00 | $  -213.00
2026-04-04 13:01:50 | INFO     |   22-26      |     111 |     86.5% | $    63.38 | $   7,035.00 | $  -621.00
2026-04-04 13:01:50 | INFO     |   26-30      |       4 |    100.0% | $   173.50 | $     694.00 | $     0.00
2026-04-04 13:01:50 | INFO     |   30+        |       0 |      0.0% | $     0.00 | $       0.00 | $     0.00
2026-04-04 13:01:50 | INFO     | --------------------------------------------------------------------------------
2026-04-04 13:01:50 | INFO     | -----------------------------------------------------------------------------------------------
2026-04-04 13:01:50 | INFO     |   PUT vs CALL SPLIT
2026-04-04 13:01:50 | INFO     | -----------------------------------------------------------------------------------------------
2026-04-04 13:01:50 | INFO     |   Side   |  Trades |      WR |    Avg P&L |    Total P&L |   Avg Win |  Avg Loss |     PF |     Max DD
2026-04-04 13:01:50 | INFO     | -----------------------------------------------------------------------------------------------
2026-04-04 13:01:50 | INFO     |   CALL   |     237 |   89.0% | $    57.34 | $  13,590.00 | $   86.77 | $ -181.50 |  3.88 | $  -792.00
2026-04-04 13:01:50 | INFO     |   PUT    |     248 |   92.7% | $    58.90 | $  14,607.00 | $   80.89 | $ -222.06 |  4.65 | $  -504.00
2026-04-04 13:01:50 | INFO     | -----------------------------------------------------------------------------------------------
2026-04-04 13:01:50 | INFO     | --------------------------------------------------------------------------------------------------------------------------------------------
2026-04-04 13:01:50 | INFO     |   YEARLY + MONTHLY BREAKDOWN
2026-04-04 13:01:50 | INFO     | --------------------------------------------------------------------------------------------------------------------------------------------
2026-04-04 13:01:50 | INFO     |   Period         |        P&L | Trades |     WR |  Avg RoR |   Avg P&L |  Avg Risk |   Best Day |  Worst Day |   Drawdown
2026-04-04 13:01:50 | INFO     | --------------------------------------------------------------------------------------------------------------------------------------------
2026-04-04 13:01:50 | INFO     |   2022           | $    6,629 |    128 |  89.8% |     2.8% | $      52 | $   1,846 | $      558 | $     -417 | $     -606
2026-04-04 13:01:50 | INFO     |     January      | $      821 |     13 |  92.3% |     3.2% | $      63 | $   1,950 | $      390 | $     -350 | $     -426
2026-04-04 13:01:50 | INFO     |     February     | $      609 |     10 |  80.0% |     2.3% | $      61 | $   2,598 | $      375 | $     -192 | $     -460
2026-04-04 13:01:50 | INFO     |     March        | $      840 |     13 |  76.9% |     3.0% | $      65 | $   2,161 | $      528 | $     -417 | $     -606
2026-04-04 13:01:50 | INFO     |     April        | $    1,597 |     18 |  94.4% |     4.3% | $      89 | $   2,051 | $      558 | $     -248 | $     -304
2026-04-04 13:01:50 | INFO     |     May          | $     -254 |      1 |   0.0% |   -13.2% | $    -254 | $   1,930 | $     -254 | $     -254 | $     -254
2026-04-04 13:01:50 | INFO     |     June         | $      872 |     10 | 100.0% |     4.8% | $      87 | $   1,809 | $      393 | $       13 | $        0
2026-04-04 13:01:50 | INFO     |     July         | $      322 |     13 |  92.3% |     1.7% | $      25 | $   1,427 | $       76 | $      -11 | $      -77
2026-04-04 13:01:50 | INFO     |     August       | $      226 |     11 |  90.9% |     1.4% | $      21 | $   1,507 | $       86 | $      -78 | $     -124
2026-04-04 13:01:50 | INFO     |     September    | $      564 |      9 | 100.0% |     3.2% | $      63 | $   1,933 | $      192 | $       46 | $        0
2026-04-04 13:01:50 | INFO     |     October      | $       18 |      1 | 100.0% |     1.8% | $      18 | $     980 | $       18 | $       18 | $        0
2026-04-04 13:01:50 | INFO     |     November     | $      104 |     11 |  72.7% |     0.6% | $       9 | $   1,580 | $      295 | $     -304 | $     -304
2026-04-04 13:01:50 | INFO     |     December     | $      910 |     18 | 100.0% |     3.1% | $      51 | $   1,612 | $      230 | $       13 | $        0
2026-04-04 13:01:50 | INFO     | --------------------------------------------------------------------------------------------------------------------------------------------
2026-04-04 13:01:50 | INFO     |   2023           | $    3,522 |    114 |  93.9% |     1.9% | $      31 | $   1,610 | $      265 | $     -298 | $     -473
2026-04-04 13:01:50 | INFO     |     January      | $      212 |     10 |  90.0% |     1.5% | $      21 | $   1,373 | $       56 | $      -17 | $      -17
2026-04-04 13:01:50 | INFO     |     February     | $      250 |     18 |  88.9% |     0.9% | $      14 | $   1,623 | $      152 | $     -227 | $     -227
2026-04-04 13:01:50 | INFO     |     March        | $      616 |     20 |  80.0% |     1.5% | $      31 | $   2,011 | $      260 | $     -298 | $     -364
2026-04-04 13:01:50 | INFO     |     April        | $      307 |      9 | 100.0% |     2.2% | $      34 | $   1,518 | $       76 | $       13 | $        0
2026-04-04 13:01:50 | INFO     |     May          | $      204 |      5 | 100.0% |     2.6% | $      41 | $   1,556 | $       76 | $       13 | $        0
2026-04-04 13:01:50 | INFO     |     June         | $      162 |      6 | 100.0% |     1.8% | $      27 | $   1,470 | $       46 | $       13 | $        0
2026-04-04 13:01:50 | INFO     |     July         | $       13 |      1 | 100.0% |     1.3% | $      13 | $     985 | $       13 | $       13 | $        0
2026-04-04 13:01:50 | INFO     |     August       | $      404 |     13 | 100.0% |     2.3% | $      31 | $   1,351 | $       76 | $       13 | $        0
2026-04-04 13:01:50 | INFO     |     September    | $      473 |      9 | 100.0% |     3.1% | $      53 | $   1,721 | $      265 | $        8 | $        0
2026-04-04 13:01:50 | INFO     |     October      | $      557 |     14 | 100.0% |     2.4% | $      40 | $   1,671 | $       92 | $       13 | $        0
2026-04-04 13:01:50 | INFO     |     November     | $       21 |      2 | 100.0% |     1.1% | $      10 | $     988 | $       13 | $        8 | $        0
2026-04-04 13:01:50 | INFO     |     December     | $      303 |      7 | 100.0% |     2.8% | $      43 | $   1,525 | $      142 | $       13 | $        0
2026-04-04 13:01:50 | INFO     | --------------------------------------------------------------------------------------------------------------------------------------------
2026-04-04 13:01:50 | INFO     |   2024           | $   18,046 |    243 |  90.1% |     3.8% | $      74 | $   1,969 | $    1,076 | $     -438 | $     -621
2026-04-04 13:01:50 | INFO     |     January      | $      141 |      4 | 100.0% |     2.1% | $      35 | $   1,711 | $       56 | $       13 | $        0
2026-04-04 13:01:50 | INFO     |     February     | $      276 |      8 | 100.0% |     2.4% | $      34 | $   1,462 | $       76 | $       13 | $        0
2026-04-04 13:01:50 | INFO     |     March        | $      418 |     15 |  86.7% |     1.5% | $      28 | $   1,801 | $      172 | $     -198 | $     -198
2026-04-04 13:01:50 | INFO     |     April        | $    1,717 |     30 |  90.0% |     3.3% | $      57 | $   1,724 | $      320 | $     -228 | $     -274
2026-04-04 13:01:50 | INFO     |     May          | $    1,110 |     16 |  93.8% |     3.9% | $      69 | $   1,795 | $      558 | $        2 | $      -34
2026-04-04 13:01:50 | INFO     |     June         | $    1,021 |     20 |  75.0% |     2.4% | $      51 | $   2,102 | $      498 | $     -274 | $     -322
2026-04-04 13:01:50 | INFO     |     July         | $    2,711 |     31 |  93.5% |     4.3% | $      87 | $   2,025 | $    1,076 | $     -438 | $     -504
2026-04-04 13:01:50 | INFO     |     August       | $    2,463 |     31 |  87.1% |     3.5% | $      79 | $   2,295 | $      603 | $     -265 | $     -621
2026-04-04 13:01:50 | INFO     |     September    | $    3,480 |     27 |  88.9% |     5.3% | $     129 | $   2,420 | $      721 | $      -68 | $     -276
2026-04-04 13:01:50 | INFO     |     October      | $      724 |     24 |  91.7% |     2.0% | $      30 | $   1,523 | $      330 | $     -351 | $     -364
2026-04-04 13:01:50 | INFO     |     November     | $    1,301 |     24 | 100.0% |     3.2% | $      54 | $   1,692 | $      330 | $       26 | $        0
2026-04-04 13:01:50 | INFO     |     December     | $    2,684 |     13 |  84.6% |     7.9% | $     206 | $   2,610 | $      981 | $     -300 | $     -366
2026-04-04 13:01:50 | INFO     | --------------------------------------------------------------------------------------------------------------------------------------------
2026-04-04 13:01:50 | INFO     |   TOTAL          | $   28,197 |    485 |  90.9% |     3.1% | $      58 | $   1,852 | $    1,076 | $     -438 | $     -621
2026-04-04 13:01:50 | INFO     | --------------------------------------------------------------------------------------------------------------------------------------------
2026-04-04 13:01:50 | INFO     |   (SPY monthly data not available — skipping strategy vs SPY)
2026-04-04 13:01:50 | INFO     | ------------------------------------------------------------------------------------------
2026-04-04 13:01:50 | INFO     |   WORST 30 DAYS
2026-04-04 13:01:50 | INFO     | ------------------------------------------------------------------------------------------
2026-04-04 13:01:50 | INFO     |   Date         |    Day P&L |    VIX |   Call P&L |    Put P&L | Trades
2026-04-04 13:01:50 | INFO     | ------------------------------------------------------------------------------------------
2026-04-04 13:01:50 | INFO     |   2024-07-12   | $  -438.00 |    N/A | $    66.00 | $  -504.00 |      2
2026-04-04 13:01:50 | INFO     |   2022-03-30   | $  -417.00 |    N/A | $  -606.00 | $   189.00 |      2
2026-04-04 13:01:50 | INFO     |   2024-10-07   | $  -351.00 |    N/A | $    13.00 | $  -364.00 |      2
2026-04-04 13:01:50 | INFO     |   2022-01-18   | $  -350.00 |    N/A | $  -426.00 | $    76.00 |      2
2026-04-04 13:01:50 | INFO     |   2022-11-14   | $  -304.00 |    N/A | $     0.00 | $  -304.00 |      1
2026-04-04 13:01:50 | INFO     |   2024-12-30   | $  -300.00 |    N/A | $    66.00 | $  -366.00 |      2
2026-04-04 13:01:50 | INFO     |   2023-03-09   | $  -298.00 |    N/A | $    66.00 | $  -364.00 |      2
2026-04-04 13:01:50 | INFO     |   2024-06-20   | $  -274.00 |    N/A | $     0.00 | $  -274.00 |      1
2026-04-04 13:01:50 | INFO     |   2024-08-28   | $  -265.00 |    N/A | $    56.00 | $  -321.00 |      2
2026-04-04 13:01:50 | INFO     |   2022-05-27   | $  -254.00 |    N/A | $  -254.00 | $     0.00 |      1
2026-04-04 13:01:50 | INFO     |   2022-04-18   | $  -248.00 |    N/A | $  -304.00 | $    56.00 |      2
2026-04-04 13:01:50 | INFO     |   2024-04-16   | $  -228.00 |    N/A | $    46.00 | $  -274.00 |      2
2026-04-04 13:01:50 | INFO     |   2023-02-07   | $  -227.00 |    N/A | $     0.00 | $  -227.00 |      1
2026-04-04 13:01:50 | INFO     |   2024-03-08   | $  -198.00 |    N/A | $     0.00 | $  -198.00 |      1
2026-04-04 13:01:50 | INFO     |   2023-02-24   | $  -194.00 |    N/A | $  -194.00 | $     0.00 |      1
2026-04-04 13:01:50 | INFO     |   2022-02-04   | $  -192.00 |    N/A | $   189.00 | $  -381.00 |      2
2026-04-04 13:01:50 | INFO     |   2023-03-31   | $  -158.00 |    N/A | $  -224.00 | $    66.00 |      2
2026-04-04 13:01:50 | INFO     |   2024-06-03   | $  -134.00 |    N/A | $  -134.00 | $     0.00 |      1
2026-04-04 13:01:50 | INFO     |   2024-03-26   | $  -116.00 |    N/A | $     0.00 | $  -116.00 |      1
2026-04-04 13:01:50 | INFO     |   2024-06-14   | $  -104.00 |    N/A | $  -104.00 | $     0.00 |      1
2026-04-04 13:01:50 | INFO     |   2022-08-31   | $   -78.00 |    N/A | $    46.00 | $  -124.00 |      2
2026-04-04 13:01:50 | INFO     |   2022-11-16   | $   -77.00 |    N/A | $     0.00 | $   -77.00 |      1
2026-04-04 13:01:50 | INFO     |   2024-09-09   | $   -68.00 |    N/A | $  -114.00 | $    46.00 |      2
2026-04-04 13:01:50 | INFO     |   2024-07-26   | $   -57.00 |    N/A | $  -321.00 | $   264.00 |      2
2026-04-04 13:01:50 | INFO     |   2024-10-03   | $   -54.00 |    N/A | $   -54.00 | $     0.00 |      1
2026-04-04 13:01:50 | INFO     |   2022-03-21   | $   -48.00 |    N/A | $   -84.00 | $    36.00 |      2
2026-04-04 13:01:50 | INFO     |   2022-02-07   | $   -34.00 |    N/A | $  -268.00 | $   234.00 |      2
2026-04-04 13:01:50 | INFO     |   2024-08-02   | $   -29.00 |    N/A | $  -621.00 | $   592.00 |      2
2026-04-04 13:01:50 | INFO     |   2022-11-18   | $   -24.00 |    N/A | $   -37.00 | $    13.00 |      2
2026-04-04 13:01:50 | INFO     |   2024-04-09   | $   -22.00 |    N/A | $   -22.00 | $     0.00 |      1
2026-04-04 13:01:50 | INFO     | ------------------------------------------------------------------------------------------
2026-04-04 13:01:50 | INFO     | ----------------------------------------------------------------------
2026-04-04 13:01:50 | INFO     |   SEASONALITY — DAY OF WEEK
2026-04-04 13:01:50 | INFO     | ----------------------------------------------------------------------
2026-04-04 13:01:50 | INFO     |   Day   |  Trades |      WR |    Total P&L |    Avg P&L |     Max DD
2026-04-04 13:01:50 | INFO     | ----------------------------------------------------------------------
2026-04-04 13:01:50 | INFO     |   Mon   |      70 |   85.7% | $   1,238.00 | $    17.69 | $  -569.00
2026-04-04 13:01:50 | INFO     |   Tue   |      75 |   92.0% | $   3,424.00 | $    45.65 | $  -426.00
2026-04-04 13:01:50 | INFO     |   Wed   |     104 |   93.3% | $   9,378.00 | $    90.17 | $  -606.00
2026-04-04 13:01:50 | INFO     |   Thu   |     100 |   94.0% | $   6,885.00 | $    68.85 | $  -364.00
2026-04-04 13:01:50 | INFO     |   Fri   |     136 |   89.0% | $   7,272.00 | $    53.47 | $  -841.00
2026-04-04 13:01:50 | INFO     | ----------------------------------------------------------------------
2026-04-04 13:01:50 | INFO     | ----------------------------------------------------------------------
2026-04-04 13:01:50 | INFO     |   SEASONALITY — MONTH
2026-04-04 13:01:50 | INFO     | ----------------------------------------------------------------------
2026-04-04 13:01:50 | INFO     |   Month |  Trades |      WR |    Total P&L |    Avg P&L |     Max DD
2026-04-04 13:01:50 | INFO     | ----------------------------------------------------------------------
2026-04-04 13:01:50 | INFO     |   Jan   |      27 |   92.6% | $   1,174.00 | $    43.48 | $  -426.00
2026-04-04 13:01:50 | INFO     |   Feb   |      36 |   88.9% | $   1,135.00 | $    31.53 | $  -460.00
2026-04-04 13:01:50 | INFO     |   Mar   |      48 |   81.2% | $   1,874.00 | $    39.04 | $  -606.00
2026-04-04 13:01:50 | INFO     |   Apr   |      57 |   93.0% | $   3,621.00 | $    63.53 | $  -304.00
2026-04-04 13:01:50 | INFO     |   May   |      22 |   90.9% | $   1,060.00 | $    48.18 | $  -254.00
2026-04-04 13:01:50 | INFO     |   Jun   |      36 |   86.1% | $   2,055.00 | $    57.08 | $  -322.00
2026-04-04 13:01:50 | INFO     |   Jul   |      45 |   93.3% | $   3,046.00 | $    67.69 | $  -504.00
2026-04-04 13:01:50 | INFO     |   Aug   |      55 |   90.9% | $   3,093.00 | $    56.24 | $  -621.00
2026-04-04 13:01:50 | INFO     |   Sep   |      45 |   93.3% | $   4,517.00 | $   100.38 | $  -276.00
2026-04-04 13:01:50 | INFO     |   Oct   |      39 |   94.9% | $   1,299.00 | $    33.31 | $  -364.00
2026-04-04 13:01:50 | INFO     |   Nov   |      37 |   91.9% | $   1,426.00 | $    38.54 | $  -304.00
2026-04-04 13:01:50 | INFO     |   Dec   |      38 |   94.7% | $   3,897.00 | $   102.55 | $  -366.00
2026-04-04 13:01:50 | INFO     | ----------------------------------------------------------------------
2026-04-04 13:01:50 | INFO     | --------------------------------------------------------------------------------
2026-04-04 13:01:50 | INFO     |   CALENDAR / ECON EVENT ANALYSIS
2026-04-04 13:01:50 | INFO     | --------------------------------------------------------------------------------
2026-04-04 13:01:50 | INFO     |   Event              |  Trades |      WR |    Total P&L |    Avg P&L |     Max DD
2026-04-04 13:01:50 | INFO     | --------------------------------------------------------------------------------
2026-04-04 13:01:50 | INFO     |   FOMC               |      19 |  100.0% | $   4,123.00 | $   217.00 | $     0.00
2026-04-04 13:01:50 | INFO     |   Triple Witching    |      14 |   85.7% | $   1,376.00 | $    98.29 | $   -68.00
2026-04-04 13:01:50 | INFO     |   End of Month       |      57 |   91.2% | $   5,599.00 | $    98.23 | $  -276.00
2026-04-04 13:01:50 | INFO     |   Monday             |      70 |   85.7% | $   1,238.00 | $    17.69 | $  -569.00
2026-04-04 13:01:50 | INFO     |   Friday             |     136 |   89.0% | $   7,272.00 | $    53.47 | $  -841.00
2026-04-04 13:01:50 | INFO     |   Normal days        |     239 |   92.5% | $  12,852.00 | $    53.77 | $  -606.00
2026-04-04 13:01:50 | INFO     | --------------------------------------------------------------------------------
