2026-04-04 15:08:18 | INFO     | Log file  : /Users/jeerapongwongchote/Documents/thetadata/lastfive/logs/lastfive_20260404_150818.log
2026-04-04 15:08:18 | INFO     | ============================================================
2026-04-04 15:08:18 | INFO     |   RECENT RUN HISTORY
2026-04-04 15:08:18 | INFO     | ------------------------------------------------------------
2026-04-04 15:08:18 | INFO     |   #70 2026-04-04T14:59 | P&L=$    51,844 | WR=83.5% | 571 trades
2026-04-04 15:08:18 | INFO     |   #71 2026-04-04T15:03 | P&L=$   357,778 | WR=73.9% | 1659 trades
2026-04-04 15:08:18 | INFO     |   #72 2026-04-04T15:03 | P&L=$   357,778 | WR=73.9% | 1659 trades
2026-04-04 15:08:18 | INFO     |   #73 2026-04-04T15:04 | P&L=$   357,778 | WR=73.9% | 1659 trades
2026-04-04 15:08:18 | INFO     |   #74 2026-04-04T15:08 | P&L=$   201,154 | WR=75.3% | 1043 trades
2026-04-04 15:08:18 | INFO     | ============================================================
2026-04-04 15:08:18 | INFO     | ============================================================
2026-04-04 15:08:18 | INFO     | LASTFIVE BACKTEST — Short Call Spread 5 Min Before Close
2026-04-04 15:08:18 | INFO     | Period       : 2025-01-01 -> 2026-03-25
2026-04-04 15:08:18 | INFO     | Sides        : CALL+PUT
2026-04-04 15:08:18 | INFO     | VIX adaptive : ON (ATM<18.0, d3<22.0, d5<26.0)
2026-04-04 15:08:18 | INFO     | Spread width : $5.0
2026-04-04 15:08:18 | INFO     | Tiered sizing: ON ($1500.0/$2500.0/$3500.0)
2026-04-04 15:08:18 | INFO     | Min credit   : $0.1
2026-04-04 15:08:18 | INFO     | Put filter   : aftn<-0.75% + mom30<-0.1% (ON)
2026-04-04 15:08:18 | INFO     | Stop-loss    : buy back if SPX moves $2.0+ at 15:56,15:57 (OFF)
2026-04-04 15:08:18 | INFO     | Afternoon    : < 1.0% (ON)
2026-04-04 15:08:18 | INFO     | VIX(15:50)   : <= 26.0 (ON)
2026-04-04 15:08:18 | INFO     | ============================================================
2026-04-04 15:08:18 | INFO     | Building daily indicators...
2026-04-04 15:08:27 | INFO     |   -> 1066 daily bars loaded
2026-04-04 15:08:27 | INFO     | Trading dates: 307 (from 20250102 to 20260325)
2026-04-04 15:08:27 | DEBUG    | [20250102] CALL SPX=5865->5869 | C 5870/5875 x8 | cr=$0.95 settle=$0.00 | P&L=$+744 | eq=$50,744 | dist=0
2026-04-04 15:08:27 | DEBUG    | [20250102] PUT SPX=5865->5869 | P 5865/5860 x10 | cr=$1.70 settle=$0.00 | P&L=$+1680 | eq=$52,424 | dist=0
2026-04-04 15:08:27 | DEBUG    | [20250103] TOUCH@15:55 CALL SPX=5941 | C 5940/5945 x8 | cr=$0.65 close=$0.75 | P&L=$-96
2026-04-04 15:08:27 | DEBUG    | [20250103] PUT SPX=5935->5942 | P 5935/5930 x10 | cr=$1.50 settle=$0.00 | P&L=$+1480 | eq=$53,808 | dist=0
2026-04-04 15:08:27 | DEBUG    | [20250106] TOUCH@15:59 CALL SPX=5976 | C 5975/5980 x5 | cr=$0.50 close=$0.25 | P&L=$+115
2026-04-04 15:08:27 | DEBUG    | [20250106] PUT SPX=5970->5975 | P 5970/5965 x10 | cr=$1.55 settle=$0.00 | P&L=$+1530 | eq=$55,453 | dist=0
2026-04-04 15:08:27 | DEBUG    | [20250107] TOUCH@15:57 CALL SPX=5910 | C 5910/5915 x8 | cr=$0.95 close=$1.05 | P&L=$-96
2026-04-04 15:08:27 | DEBUG    | [20250107] PUT SPX=5905->5909 | P 5900/5895 x8 | cr=$0.80 settle=$0.00 | P&L=$+624 | eq=$55,981 | dist=3
2026-04-04 15:08:28 | DEBUG    | [20250108] CALL SPX=5915->5918 | C 5920/5925 x8 | cr=$0.70 settle=$0.00 | P&L=$+544 | eq=$56,525 | dist=0
2026-04-04 15:08:28 | DEBUG    | [20250108] PUT SPX=5915->5918 | P 5915/5910 x10 | cr=$1.65 settle=$0.00 | P&L=$+1630 | eq=$58,155 | dist=0
2026-04-04 15:08:28 | DEBUG    | [20250110] TOUCH@15:54 CALL SPX=5831 | C 5830/5835 x8 | cr=$0.65 close=$1.45 | P&L=$-656
2026-04-04 15:08:28 | DEBUG    | [20250110] PUT SPX=5824->5827 | P 5820/5815 x8 | cr=$1.00 settle=$0.00 | P&L=$+784 | eq=$58,283 | dist=3
2026-04-04 15:08:28 | DEBUG    | [20250113] TOUCH@15:55 CALL SPX=5836 | C 5835/5840 x8 | cr=$0.90 close=$1.10 | P&L=$-176
2026-04-04 15:08:28 | DEBUG    | [20250113] PUT SPX=5832->5836 | P 5825/5820 x5 | cr=$0.45 settle=$0.00 | P&L=$+215 | eq=$58,322 | dist=3
2026-04-04 15:08:28 | DEBUG    | [20250114] TOUCH@15:59 CALL SPX=5843 | C 5840/5845 x8 | cr=$1.05 close=$0.25 | P&L=$+624
2026-04-04 15:08:28 | DEBUG    | [20250114] PUT SPX=5837->5843 | P 5830/5825 x5 | cr=$0.45 settle=$0.00 | P&L=$+215 | eq=$59,161 | dist=3
2026-04-04 15:08:28 | DEBUG    | [20250115] TOUCH@15:59 PUT SPX=5949 | P 5950/5945 x8 | cr=$0.90 close=$0.60 | P&L=$+224
2026-04-04 15:08:28 | DEBUG    | [20250115] CALL SPX=5954->5950 | C 5955/5960 x9 | cr=$1.25 settle=$0.00 | P&L=$+1107 | eq=$60,492 | dist=0
2026-04-04 15:08:28 | DEBUG    | [20250116] TOUCH@15:55 PUT SPX=5941 | P 5945/5940 x5 | cr=$0.50 close=$1.45 | P&L=$-485
2026-04-04 15:08:28 | DEBUG    | [20250116] CALL SPX=5950->5937 | C 5950/5955 x10 | cr=$1.50 settle=$0.00 | P&L=$+1480 | eq=$61,487 | dist=0
2026-04-04 15:08:28 | DEBUG    | [20250117] TOUCH@15:53 CALL SPX=6003 | C 6000/6005 x11 | cr=$1.85 close=$2.25 | P&L=$-462
2026-04-04 15:08:28 | DEBUG    | [20250117] PUT SPX=5999->5997 | P 5995/5990 x7 | cr=$0.60 settle=$0.00 | P&L=$+406 | eq=$61,431 | dist=0
2026-04-04 15:08:28 | DEBUG    | [20250121] TOUCH@15:56 CALL SPX=6050 | C 6050/6055 x7 | cr=$0.60 close=$0.85 | P&L=$-189
2026-04-04 15:08:28 | DEBUG    | [20250121] PUT SPX=6047->6049 | P 6045/6040 x8 | cr=$0.75 settle=$0.00 | P&L=$+584 | eq=$61,826 | dist=0
2026-04-04 15:08:28 | DEBUG    | [20250123] TOUCH@15:55 CALL SPX=6112 | C 6110/6115 x5 | cr=$0.40 close=$0.90 | P&L=$-260
2026-04-04 15:08:28 | DEBUG    | [20250123] PUT SPX=6106->6119 | P 6105/6100 x8 | cr=$1.10 settle=$0.00 | P&L=$+864 | eq=$62,430 | dist=0
2026-04-04 15:08:28 | DEBUG    | [20250124] TOUCH@15:53 CALL SPX=6095 | C 6095/6100 x9 | cr=$1.30 close=$2.25 | P&L=$-873
2026-04-04 15:08:28 | DEBUG    | [20250124] PUT SPX=6094->6101 | P 6090/6085 x8 | cr=$0.80 settle=$0.00 | P&L=$+624 | eq=$62,181 | dist=0
2026-04-04 15:08:28 | DEBUG    | [20250127] TOUCH@15:56 CALL SPX=6006 | C 6005/6010 x8 | cr=$0.85 close=$1.40 | P&L=$-456
2026-04-04 15:08:28 | DEBUG    | [20250127] PUT SPX=5999->6012 | P 5995/5990 x8 | cr=$0.85 settle=$0.00 | P&L=$+664 | eq=$62,389 | dist=3
2026-04-04 15:08:28 | DEBUG    | [20250128] TOUCH@15:54 CALL SPX=6072 | C 6070/6075 x10 | cr=$1.55 close=$1.30 | P&L=$+230
2026-04-04 15:08:28 | DEBUG    | [20250128] PUT SPX=6070->6068 | P 6065/6060 x5 | cr=$0.50 settle=$0.00 | P&L=$+240 | eq=$62,859 | dist=0
2026-04-04 15:08:28 | DEBUG    | [20250129] TOUCH@15:55 CALL SPX=6040 | C 6040/6045 x9 | cr=$1.15 close=$1.65 | P&L=$-468
2026-04-04 15:08:28 | DEBUG    | [20250129] PUT SPX=6036->6039 | P 6035/6030 x10 | cr=$1.60 settle=$0.00 | P&L=$+1580 | eq=$63,971 | dist=0
2026-04-04 15:08:28 | DEBUG    | [20250130] TOUCH@15:54 CALL SPX=6070 | C 6065/6070 x9 | cr=$1.35 close=$1.85 | P&L=$-468
2026-04-04 15:08:28 | DEBUG    | [20250130] PUT SPX=6063->6071 | P 6060/6055 x9 | cr=$1.35 settle=$0.00 | P&L=$+1197 | eq=$64,700 | dist=0
2026-04-04 15:08:28 | DEBUG    | [20250131] TOUCH@15:53 PUT SPX=6041 | P 6045/6040 x10 | cr=$1.80 close=$2.25 | P&L=$-470
2026-04-04 15:08:28 | DEBUG    | [20250131] CALL SPX=6046->6040 | C 6050/6055 x9 | cr=$1.30 settle=$0.00 | P&L=$+1152 | eq=$65,382 | dist=0
2026-04-04 15:08:28 | DEBUG    | [20250203] CALL SPX=6002->5995 | C 6010/6015 x8 | cr=$0.75 settle=$0.00 | P&L=$+584 | eq=$65,966 | dist=3
2026-04-04 15:08:28 | DEBUG    | [20250203] PUT SPX=6002->5995 | P 5995/5990 x8 | cr=$0.70 settle=$0.37 | P&L=$+248 | eq=$66,214 | dist=3
2026-04-04 15:08:28 | DEBUG    | [20250204] TOUCH@15:53 CALL SPX=6037 | C 6035/6040 x10 | cr=$1.60 close=$1.75 | P&L=$-170
2026-04-04 15:08:28 | DEBUG    | [20250204] PUT SPX=6034->6038 | P 6030/6025 x7 | cr=$0.55 settle=$0.00 | P&L=$+371 | eq=$66,415 | dist=0
2026-04-04 15:08:28 | DEBUG    | [20250205] TOUCH@15:55 CALL SPX=6057 | C 6055/6060 x8 | cr=$0.75 close=$1.40 | P&L=$-536
2026-04-04 15:08:28 | DEBUG    | [20250205] PUT SPX=6052->6061 | P 6050/6045 x7 | cr=$0.60 settle=$0.00 | P&L=$+406 | eq=$66,285 | dist=0
2026-04-04 15:08:28 | DEBUG    | [20250206] TOUCH@15:53 CALL SPX=6077 | C 6075/6080 x10 | cr=$1.65 close=$2.30 | P&L=$-670
2026-04-04 15:08:28 | DEBUG    | [20250206] PUT SPX=6074->6084 | P 6070/6065 x5 | cr=$0.50 settle=$0.00 | P&L=$+240 | eq=$65,855 | dist=0
2026-04-04 15:08:28 | DEBUG    | [20250207] TOUCH@15:53 CALL SPX=6030 | C 6030/6035 x9 | cr=$1.35 close=$1.95 | P&L=$-558
2026-04-04 15:08:28 | DEBUG    | [20250207] PUT SPX=6029->6026 | P 6025/6020 x8 | cr=$0.65 settle=$0.00 | P&L=$+504 | eq=$65,801 | dist=0
2026-04-04 15:08:28 | DEBUG    | [20250211] CALL SPX=6066->6069 | C 6070/6075 x8 | cr=$0.75 settle=$0.00 | P&L=$+584 | eq=$66,385 | dist=0
2026-04-04 15:08:28 | DEBUG    | [20250211] PUT SPX=6066->6069 | P 6065/6060 x8 | cr=$0.70 settle=$0.00 | P&L=$+544 | eq=$66,929 | dist=0
2026-04-04 15:08:28 | DEBUG    | [20250212] TOUCH@15:55 CALL SPX=6051 | C 6050/6055 x5 | cr=$0.50 close=$0.80 | P&L=$-160
2026-04-04 15:08:28 | DEBUG    | [20250212] PUT SPX=6046->6052 | P 6045/6040 x8 | cr=$0.95 settle=$0.00 | P&L=$+744 | eq=$67,513 | dist=0
2026-04-04 15:08:28 | DEBUG    | [20250213] TOUCH@15:57 CALL SPX=6116 | C 6115/6120 x7 | cr=$0.60 close=$1.25 | P&L=$-469
2026-04-04 15:08:28 | DEBUG    | [20250213] PUT SPX=6111->6115 | P 6110/6105 x8 | cr=$0.75 settle=$0.00 | P&L=$+584 | eq=$67,628 | dist=0
2026-04-04 15:08:28 | DEBUG    | [20250219] CALL SPX=6141->6144 | C 6145/6150 x8 | cr=$0.70 settle=$0.00 | P&L=$+544 | eq=$68,172 | dist=0
2026-04-04 15:08:28 | DEBUG    | [20250219] PUT SPX=6141->6144 | P 6140/6135 x8 | cr=$1.00 settle=$0.00 | P&L=$+784 | eq=$68,956 | dist=0
2026-04-04 15:08:28 | DEBUG    | [20250220] CALL SPX=6118->6118 | C 6120/6125 x9 | cr=$1.15 settle=$0.00 | P&L=$+1017 | eq=$69,973 | dist=0
2026-04-04 15:08:28 | DEBUG    | [20250220] PUT SPX=6118->6118 | P 6115/6110 x8 | cr=$0.75 settle=$0.00 | P&L=$+584 | eq=$70,557 | dist=0
2026-04-04 15:08:28 | DEBUG    | [20250221] CALL SPX=6017->6013 | C 6025/6030 x7 | cr=$0.60 settle=$0.00 | P&L=$+406 | eq=$70,963 | dist=3
2026-04-04 15:08:28 | DEBUG    | [20250221] PUT SPX=6017->6013 | P 6010/6005 x5 | cr=$0.50 settle=$0.00 | P&L=$+240 | eq=$71,203 | dist=3
2026-04-04 15:08:28 | DEBUG    | [20250224] TOUCH@15:54 PUT SPX=5987 | P 5990/5985 x7 | cr=$0.60 close=$1.95 | P&L=$-959
2026-04-04 15:08:28 | DEBUG    | [20250224] CALL SPX=5995->5983 | C 6000/6005 x8 | cr=$1.00 settle=$0.00 | P&L=$+784 | eq=$71,028 | dist=3
2026-04-04 15:08:28 | DEBUG    | [20250225] CALL SPX=5957->5955 | C 5965/5970 x8 | cr=$0.70 settle=$0.00 | P&L=$+544 | eq=$71,572 | dist=3
2026-04-04 15:08:28 | DEBUG    | [20250225] PUT SPX=5957->5955 | P 5950/5945 x8 | cr=$0.75 settle=$0.00 | P&L=$+584 | eq=$72,156 | dist=3
2026-04-04 15:08:28 | DEBUG    | [20250226] TOUCH@15:53 CALL SPX=5960 | C 5960/5965 x9 | cr=$1.25 close=$2.10 | P&L=$-783
2026-04-04 15:08:28 | DEBUG    | [20250226] PUT SPX=5957->5956 | P 5950/5945 x8 | cr=$0.65 settle=$0.00 | P&L=$+504 | eq=$71,877 | dist=3
2026-04-04 15:08:28 | DEBUG    | [20250227] CALL SPX=5880->5862 | C 5885/5890 x9 | cr=$1.20 settle=$0.00 | P&L=$+1062 | eq=$72,939 | dist=3
2026-04-04 15:08:28 | DEBUG    | [20250228] SKIP: Afternoon return=1.428% >= 1.0%
2026-04-04 15:08:28 | DEBUG    | [20250303] TOUCH@15:54 CALL SPX=5835 | C 5835/5840 x9 | cr=$1.15 close=$2.00 | P&L=$-783
2026-04-04 15:08:28 | DEBUG    | [20250303] PUT SPX=5828->5850 | P 5820/5815 x8 | cr=$1.00 settle=$0.00 | P&L=$+784 | eq=$72,940 | dist=5
2026-04-04 15:08:28 | DEBUG    | [20250304] TOUCH@15:54 CALL SPX=5777 | C 5775/5780 x9 | cr=$1.40 close=$1.95 | P&L=$-513
2026-04-04 15:08:28 | DEBUG    | [20250304] PUT SPX=5768->5778 | P 5760/5755 x9 | cr=$1.25 settle=$0.00 | P&L=$+1107 | eq=$73,534 | dist=5
2026-04-04 15:08:28 | DEBUG    | [20250305] TOUCH@15:53 CALL SPX=5846 | C 5845/5850 x8 | cr=$0.95 close=$1.75 | P&L=$-656
2026-04-04 15:08:28 | DEBUG    | [20250305] PUT SPX=5835->5843 | P 5830/5825 x8 | cr=$1.10 settle=$0.00 | P&L=$+864 | eq=$73,742 | dist=5
2026-04-04 15:08:28 | DEBUG    | [20250306] CALL SPX=5743->5738 | C 5750/5755 x9 | cr=$1.20 settle=$0.00 | P&L=$+1062 | eq=$74,804 | dist=5
2026-04-04 15:08:28 | DEBUG    | [20250306] PUT SPX=5743->5738 | P 5735/5730 x9 | cr=$1.20 settle=$0.00 | P&L=$+1062 | eq=$75,866 | dist=5
2026-04-04 15:08:28 | DEBUG    | [20250307] SKIP: Afternoon return=1.053% >= 1.0%
2026-04-04 15:08:28 | DEBUG    | [20250310] SKIP: VIX(15:50)=27.9 > 26.0
2026-04-04 15:08:28 | DEBUG    | [20250311] SKIP: VIX(15:50)=26.9 > 26.0
2026-04-04 15:08:28 | DEBUG    | [20250312] CALL SPX=5595->5599 | C 5605/5610 x8 | cr=$0.70 settle=$0.00 | P&L=$+544 | eq=$76,410 | dist=5
2026-04-04 15:08:28 | DEBUG    | [20250312] PUT SPX=5595->5599 | P 5590/5585 x8 | cr=$1.05 settle=$0.00 | P&L=$+824 | eq=$77,234 | dist=5
2026-04-04 15:08:28 | DEBUG    | [20250313] TOUCH@15:59 CALL SPX=5522 | C 5520/5525 x8 | cr=$0.85 close=$0.30 | P&L=$+424
2026-04-04 15:08:28 | DEBUG    | [20250313] PUT SPX=5512->5522 | P 5505/5500 x8 | cr=$0.85 settle=$0.00 | P&L=$+664 | eq=$78,322 | dist=5
2026-04-04 15:08:28 | DEBUG    | [20250314] TOUCH@15:54 CALL SPX=5642 | C 5640/5645 x8 | cr=$0.85 close=$1.00 | P&L=$-136
2026-04-04 15:08:28 | DEBUG    | [20250314] PUT SPX=5635->5639 | P 5630/5625 x8 | cr=$0.90 settle=$0.00 | P&L=$+704 | eq=$78,890 | dist=3
2026-04-04 15:08:28 | DEBUG    | [20250317] TOUCH@15:55 PUT SPX=5681 | P 5685/5680 x8 | cr=$0.70 close=$1.10 | P&L=$-336
2026-04-04 15:08:28 | DEBUG    | [20250317] CALL SPX=5689->5675 | C 5695/5700 x8 | cr=$0.80 settle=$0.00 | P&L=$+624 | eq=$79,178 | dist=3
2026-04-04 15:08:28 | DEBUG    | [20250318] CALL SPX=5615->5615 | C 5620/5625 x8 | cr=$0.90 settle=$0.00 | P&L=$+704 | eq=$79,882 | dist=3
2026-04-04 15:08:28 | DEBUG    | [20250318] PUT SPX=5615->5615 | P 5610/5605 x8 | cr=$0.90 settle=$0.00 | P&L=$+704 | eq=$80,586 | dist=3
2026-04-04 15:08:28 | DEBUG    | [20250319] TOUCH@15:58 PUT SPX=5673 | P 5675/5670 x8 | cr=$0.85 close=$1.25 | P&L=$-336
2026-04-04 15:08:28 | DEBUG    | [20250319] CALL SPX=5681->5675 | C 5685/5690 x9 | cr=$1.40 settle=$0.00 | P&L=$+1242 | eq=$81,492 | dist=3
2026-04-04 15:08:28 | DEBUG    | [20250320] CALL SPX=5665->5663 | C 5670/5675 x8 | cr=$0.90 settle=$0.00 | P&L=$+704 | eq=$82,196 | dist=3
2026-04-04 15:08:28 | DEBUG    | [20250320] PUT SPX=5665->5663 | P 5660/5655 x8 | cr=$0.90 settle=$0.00 | P&L=$+704 | eq=$82,900 | dist=3
2026-04-04 15:08:28 | DEBUG    | [20250321] TOUCH@15:55 CALL SPX=5663 | C 5660/5665 x8 | cr=$0.65 close=$1.50 | P&L=$-696
2026-04-04 15:08:28 | DEBUG    | [20250321] PUT SPX=5653->5667 | P 5650/5645 x8 | cr=$1.05 settle=$0.00 | P&L=$+824 | eq=$83,028 | dist=3
2026-04-04 15:08:28 | DEBUG    | [20250324] TOUCH@15:54 CALL SPX=5773 | C 5770/5775 x10 | cr=$1.50 close=$1.05 | P&L=$+430
2026-04-04 15:08:28 | DEBUG    | [20250324] PUT SPX=5768->5768 | P 5765/5760 x8 | cr=$0.70 settle=$0.00 | P&L=$+544 | eq=$84,002 | dist=0
2026-04-04 15:08:28 | DEBUG    | [20250326] CALL SPX=5717->5712 | C 5725/5730 x7 | cr=$0.55 settle=$0.00 | P&L=$+371 | eq=$84,373 | dist=3
2026-04-04 15:08:28 | DEBUG    | [20250326] PUT SPX=5717->5712 | P 5710/5705 x8 | cr=$0.70 settle=$0.00 | P&L=$+544 | eq=$84,917 | dist=3
2026-04-04 15:08:28 | DEBUG    | [20250327] TOUCH@15:59 PUT SPX=5692 | P 5695/5690 x8 | cr=$0.70 close=$0.60 | P&L=$+64
2026-04-04 15:08:28 | DEBUG    | [20250327] CALL SPX=5700->5693 | C 5705/5710 x8 | cr=$1.05 settle=$0.00 | P&L=$+824 | eq=$85,805 | dist=3
2026-04-04 15:08:28 | DEBUG    | [20250328] TOUCH@15:54 CALL SPX=5586 | C 5585/5590 x8 | cr=$0.95 close=$0.85 | P&L=$+64
2026-04-04 15:08:28 | DEBUG    | [20250328] PUT SPX=5580->5581 | P 5575/5570 x8 | cr=$0.90 settle=$0.00 | P&L=$+704 | eq=$86,573 | dist=3
2026-04-04 15:08:28 | DEBUG    | [20250331] SKIP: Afternoon return=1.129% >= 1.0%
2026-04-04 15:08:28 | DEBUG    | [20250401] TOUCH@15:54 CALL SPX=5633 | C 5630/5635 x8 | cr=$0.75 close=$1.30 | P&L=$-456
2026-04-04 15:08:28 | DEBUG    | [20250401] PUT SPX=5625->5633 | P 5620/5615 x8 | cr=$0.90 settle=$0.00 | P&L=$+704 | eq=$86,821 | dist=3
2026-04-04 15:08:28 | DEBUG    | [20250402] CALL SPX=5674->5671 | C 5680/5685 x8 | cr=$0.95 settle=$0.00 | P&L=$+744 | eq=$87,565 | dist=3
2026-04-04 15:08:28 | DEBUG    | [20250402] PUT SPX=5674->5671 | P 5670/5665 x9 | cr=$1.30 settle=$0.00 | P&L=$+1152 | eq=$88,717 | dist=3
2026-04-04 15:08:28 | DEBUG    | [20250403] SKIP: VIX(15:50)=29.5 > 26.0
2026-04-04 15:08:28 | DEBUG    | [20250404] SKIP: VIX(15:50)=42.9 > 26.0
2026-04-04 15:08:28 | DEBUG    | [20250407] SKIP: VIX(15:50)=48.6 > 26.0
2026-04-04 15:08:28 | DEBUG    | [20250408] SKIP: VIX(15:50)=57.1 > 26.0
2026-04-04 15:08:28 | DEBUG    | [20250409] SKIP: VIX(15:50)=32.5 > 26.0
2026-04-04 15:08:28 | DEBUG    | [20250410] SKIP: VIX(15:50)=46.0 > 26.0
2026-04-04 15:08:28 | DEBUG    | [20250411] SKIP: VIX(15:50)=37.0 > 26.0
2026-04-04 15:08:28 | DEBUG    | [20250414] SKIP: VIX(15:50)=30.2 > 26.0
2026-04-04 15:08:28 | DEBUG    | [20250415] SKIP: VIX(15:50)=29.6 > 26.0
2026-04-04 15:08:28 | DEBUG    | [20250416] SKIP: VIX(15:50)=33.2 > 26.0
2026-04-04 15:08:28 | DEBUG    | [20250417] SKIP: VIX(15:50)=30.5 > 26.0
2026-04-04 15:08:28 | DEBUG    | [20250421] SKIP: VIX(15:50)=33.8 > 26.0
2026-04-04 15:08:28 | DEBUG    | [20250422] SKIP: VIX(15:50)=30.6 > 26.0
2026-04-04 15:08:28 | DEBUG    | [20250423] SKIP: VIX(15:50)=28.5 > 26.0
2026-04-04 15:08:28 | DEBUG    | [20250424] SKIP: VIX(15:50)=26.5 > 26.0
2026-04-04 15:08:28 | DEBUG    | [20250425] TOUCH@15:57 CALL SPX=5525 | C 5525/5530 x8 | cr=$0.70 close=$0.90 | P&L=$-176
2026-04-04 15:08:28 | DEBUG    | [20250425] PUT SPX=5518->5525 | P 5510/5505 x5 | cr=$0.40 settle=$0.00 | P&L=$+190 | eq=$88,731 | dist=5
2026-04-04 15:08:28 | DEBUG    | [20250428] CALL SPX=5534->5529 | C 5540/5545 x8 | cr=$0.70 settle=$0.00 | P&L=$+544 | eq=$89,275 | dist=5
2026-04-04 15:08:28 | DEBUG    | [20250428] PUT SPX=5534->5529 | P 5525/5520 x5 | cr=$0.20 settle=$0.00 | P&L=$+90 | eq=$89,365 | dist=5
2026-04-04 15:08:28 | DEBUG    | [20250429] CALL SPX=5568->5561 | C 5575/5580 x7 | cr=$0.55 settle=$0.00 | P&L=$+371 | eq=$89,736 | dist=5
2026-04-04 15:08:28 | DEBUG    | [20250429] PUT SPX=5568->5561 | P 5560/5555 x5 | cr=$0.40 settle=$0.00 | P&L=$+190 | eq=$89,926 | dist=5
2026-04-04 15:08:28 | DEBUG    | [20250430] TOUCH@15:55 CALL SPX=5577 | C 5570/5575 x10 | cr=$1.60 close=$2.20 | P&L=$-620
2026-04-04 15:08:28 | DEBUG    | [20250430] PUT SPX=5565->5569 | P 5555/5550 x8 | cr=$1.10 settle=$0.00 | P&L=$+864 | eq=$90,170 | dist=5
2026-04-04 15:08:28 | DEBUG    | [20250501] TOUCH@15:55 PUT SPX=5613 | P 5615/5610 x8 | cr=$0.80 close=$0.85 | P&L=$-56
2026-04-04 15:08:28 | DEBUG    | [20250501] CALL SPX=5622->5604 | C 5630/5635 x8 | cr=$0.65 settle=$0.00 | P&L=$+504 | eq=$90,618 | dist=5
2026-04-04 15:08:28 | DEBUG    | [20250502] CALL SPX=5688->5687 | C 5695/5700 x8 | cr=$0.80 settle=$0.00 | P&L=$+624 | eq=$91,242 | dist=5
2026-04-04 15:08:28 | DEBUG    | [20250502] PUT SPX=5688->5687 | P 5680/5675 x5 | cr=$0.45 settle=$0.00 | P&L=$+215 | eq=$91,457 | dist=5
2026-04-04 15:08:29 | DEBUG    | [20250505] CALL SPX=5654->5651 | C 5660/5665 x8 | cr=$0.70 settle=$0.00 | P&L=$+544 | eq=$92,001 | dist=5
2026-04-04 15:08:29 | DEBUG    | [20250505] PUT SPX=5654->5651 | P 5645/5640 x5 | cr=$0.35 settle=$0.00 | P&L=$+165 | eq=$92,166 | dist=5
2026-04-04 15:08:29 | DEBUG    | [20250506] TOUCH@15:59 PUT SPX=5606 | P 5610/5605 x5 | cr=$0.30 close=$0.10 | P&L=$+90
2026-04-04 15:08:29 | DEBUG    | [20250506] CALL SPX=5618->5607 | C 5625/5630 x7 | cr=$0.55 settle=$0.00 | P&L=$+371 | eq=$92,627 | dist=5
2026-04-04 15:08:29 | DEBUG    | [20250507] TOUCH@15:57 CALL SPX=5633 | C 5630/5635 x8 | cr=$0.85 close=$1.65 | P&L=$-656
2026-04-04 15:08:29 | DEBUG    | [20250507] PUT SPX=5621->5631 | P 5615/5610 x8 | cr=$1.10 settle=$0.00 | P&L=$+864 | eq=$92,835 | dist=5
2026-04-04 15:08:29 | DEBUG    | [20250508] CALL SPX=5676->5664 | C 5685/5690 x7 | cr=$0.60 settle=$0.00 | P&L=$+406 | eq=$93,241 | dist=5
2026-04-04 15:08:29 | DEBUG    | [20250509] CALL SPX=5662->5660 | C 5670/5675 x5 | cr=$0.40 settle=$0.00 | P&L=$+190 | eq=$93,431 | dist=5
2026-04-04 15:08:29 | DEBUG    | [20250509] PUT SPX=5662->5660 | P 5655/5650 x5 | cr=$0.50 settle=$0.00 | P&L=$+240 | eq=$93,671 | dist=5
2026-04-04 15:08:29 | DEBUG    | [20250512] PUT SPX=5833->5844 | P 5825/5820 x5 | cr=$0.40 settle=$0.00 | P&L=$+190 | eq=$93,861 | dist=3
2026-04-04 15:08:29 | DEBUG    | [20250513] TOUCH@15:55 PUT SPX=5889 | P 5890/5885 x8 | cr=$0.75 close=$2.15 | P&L=$-1136
2026-04-04 15:08:29 | DEBUG    | [20250513] CALL SPX=5895->5887 | C 5900/5905 x8 | cr=$0.95 settle=$0.00 | P&L=$+744 | eq=$93,469 | dist=3
2026-04-04 15:08:29 | DEBUG    | [20250515] TOUCH@15:53 CALL SPX=5916 | C 5915/5920 x10 | cr=$1.50 close=$1.95 | P&L=$-470
2026-04-04 15:08:29 | DEBUG    | [20250515] TOUCH@15:54 PUT SPX=5908 | P 5910/5905 x8 | cr=$0.95 close=$0.65 | P&L=$+224
2026-04-04 15:08:29 | DEBUG    | [20250516] TOUCH@15:53 CALL SPX=5955 | C 5955/5960 x9 | cr=$1.25 close=$2.15 | P&L=$-828
2026-04-04 15:08:29 | DEBUG    | [20250516] PUT SPX=5953->5958 | P 5950/5945 x8 | cr=$0.70 settle=$0.00 | P&L=$+544 | eq=$92,939 | dist=0
2026-04-04 15:08:29 | DEBUG    | [20250519] CALL SPX=5959->5964 | C 5965/5970 x5 | cr=$0.35 settle=$0.00 | P&L=$+165 | eq=$93,104 | dist=3
2026-04-04 15:08:29 | DEBUG    | [20250519] PUT SPX=5959->5964 | P 5955/5950 x7 | cr=$0.55 settle=$0.00 | P&L=$+371 | eq=$93,475 | dist=3
2026-04-04 15:08:29 | DEBUG    | [20250520] TOUCH@15:59 CALL SPX=5941 | C 5940/5945 x8 | cr=$1.05 close=$0.20 | P&L=$+664
2026-04-04 15:08:29 | DEBUG    | [20250520] PUT SPX=5935->5940 | P 5930/5925 x8 | cr=$0.80 settle=$0.00 | P&L=$+624 | eq=$94,763 | dist=3
2026-04-04 15:08:29 | DEBUG    | [20250521] TOUCH@15:54 PUT SPX=5847 | P 5850/5845 x8 | cr=$0.70 close=$2.10 | P&L=$-1136
2026-04-04 15:08:29 | DEBUG    | [20250521] CALL SPX=5858->5845 | C 5865/5870 x8 | cr=$0.85 settle=$0.00 | P&L=$+664 | eq=$94,291 | dist=3
2026-04-04 15:08:29 | DEBUG    | [20250522] TOUCH@15:54 PUT SPX=5854 | P 5855/5850 x8 | cr=$1.05 close=$1.50 | P&L=$-376
2026-04-04 15:08:29 | DEBUG    | [20250522] CALL SPX=5859->5842 | C 5865/5870 x8 | cr=$0.75 settle=$0.00 | P&L=$+584 | eq=$94,499 | dist=3
2026-04-04 15:08:29 | DEBUG    | [20250523] CALL SPX=5806->5803 | C 5815/5820 x8 | cr=$0.75 settle=$0.00 | P&L=$+584 | eq=$95,083 | dist=5
2026-04-04 15:08:29 | DEBUG    | [20250523] PUT SPX=5806->5803 | P 5800/5795 x8 | cr=$0.95 settle=$0.00 | P&L=$+744 | eq=$95,827 | dist=5
2026-04-04 15:08:29 | DEBUG    | [20250527] TOUCH@15:59 CALL SPX=5921 | C 5920/5925 x5 | cr=$0.40 close=$0.20 | P&L=$+90
2026-04-04 15:08:29 | DEBUG    | [20250527] PUT SPX=5912->5922 | P 5905/5900 x5 | cr=$0.25 settle=$0.00 | P&L=$+115 | eq=$96,032 | dist=3
2026-04-04 15:08:29 | DEBUG    | [20250528] CALL SPX=5892->5889 | C 5900/5905 x7 | cr=$0.60 settle=$0.00 | P&L=$+406 | eq=$96,438 | dist=3
2026-04-04 15:08:29 | DEBUG    | [20250528] PUT SPX=5892->5889 | P 5885/5880 x7 | cr=$0.60 settle=$0.00 | P&L=$+406 | eq=$96,844 | dist=3
2026-04-04 15:08:29 | DEBUG    | [20250529] TOUCH@15:53 PUT SPX=5904 | P 5905/5900 x8 | cr=$0.80 close=$1.25 | P&L=$-376
2026-04-04 15:08:29 | DEBUG    | [20250529] CALL SPX=5912->5912 | C 5915/5920 x9 | cr=$1.25 settle=$0.00 | P&L=$+1107 | eq=$97,575 | dist=3
2026-04-04 15:08:29 | DEBUG    | [20250530] TOUCH@15:56 CALL SPX=5920 | C 5920/5925 x8 | cr=$1.05 close=$1.40 | P&L=$-296
2026-04-04 15:08:29 | DEBUG    | [20250530] PUT SPX=5913->5912 | P 5905/5900 x9 | cr=$1.20 settle=$0.00 | P&L=$+1062 | eq=$98,341 | dist=3
2026-04-04 15:08:29 | DEBUG    | [20250602] TOUCH@15:53 PUT SPX=5929 | P 5930/5925 x8 | cr=$0.70 close=$1.35 | P&L=$-536
2026-04-04 15:08:29 | DEBUG    | [20250602] CALL SPX=5933->5936 | C 5940/5945 x5 | cr=$0.30 settle=$0.00 | P&L=$+140 | eq=$97,945 | dist=3
2026-04-04 15:08:29 | DEBUG    | [20250603] TOUCH@15:54 CALL SPX=5970 | C 5970/5975 x9 | cr=$1.30 close=$1.90 | P&L=$-558
2026-04-04 15:08:29 | DEBUG    | [20250603] PUT SPX=5967->5970 | P 5965/5960 x8 | cr=$0.95 settle=$0.00 | P&L=$+744 | eq=$98,131 | dist=0
2026-04-04 15:08:29 | DEBUG    | [20250605] TOUCH@15:54 PUT SPX=5937 | P 5940/5935 x9 | cr=$1.20 close=$2.10 | P&L=$-828
2026-04-04 15:08:29 | DEBUG    | [20250605] CALL SPX=5944->5939 | C 5950/5955 x8 | cr=$0.70 settle=$0.00 | P&L=$+544 | eq=$97,847 | dist=3
2026-04-04 15:08:29 | DEBUG    | [20250606] TOUCH@15:54 CALL SPX=6006 | C 6005/6010 x9 | cr=$1.35 close=$1.75 | P&L=$-378
2026-04-04 15:08:29 | DEBUG    | [20250606] PUT SPX=6003->6000 | P 6000/5995 x8 | cr=$0.85 settle=$0.00 | P&L=$+664 | eq=$98,133 | dist=0
2026-04-04 15:08:29 | DEBUG    | [20250610] TOUCH@15:53 PUT SPX=6028 | P 6030/6025 x9 | cr=$1.20 close=$1.60 | P&L=$-378
2026-04-04 15:08:29 | DEBUG    | [20250610] TOUCH@15:55 CALL SPX=6036 | C 6035/6040 x8 | cr=$0.85 close=$1.00 | P&L=$-136
2026-04-04 15:08:29 | DEBUG    | [20250611] TOUCH@15:55 CALL SPX=6021 | C 6020/6025 x8 | cr=$1.05 close=$1.45 | P&L=$-336
2026-04-04 15:08:29 | DEBUG    | [20250611] PUT SPX=6016->6022 | P 6015/6010 x10 | cr=$1.55 settle=$0.00 | P&L=$+1530 | eq=$98,813 | dist=0
2026-04-04 15:08:29 | DEBUG    | [20250612] TOUCH@15:57 CALL SPX=6041 | C 6040/6045 x8 | cr=$0.65 close=$0.55 | P&L=$+64
2026-04-04 15:08:29 | DEBUG    | [20250612] PUT SPX=6036->6045 | P 6030/6025 x5 | cr=$0.35 settle=$0.00 | P&L=$+165 | eq=$99,042 | dist=3
2026-04-04 15:08:29 | DEBUG    | [20250613] TOUCH@15:59 CALL SPX=5977 | C 5975/5980 x8 | cr=$0.95 close=$0.20 | P&L=$+584
2026-04-04 15:08:29 | DEBUG    | [20250613] PUT SPX=5971->5977 | P 5965/5960 x8 | cr=$0.80 settle=$0.00 | P&L=$+624 | eq=$100,250 | dist=3
2026-04-04 15:08:29 | DEBUG    | [20250616] CALL SPX=6028->6033 | C 6035/6040 x5 | cr=$0.40 settle=$0.00 | P&L=$+190 | eq=$100,440 | dist=3
2026-04-04 15:08:29 | DEBUG    | [20250616] PUT SPX=6028->6033 | P 6025/6020 x8 | cr=$0.80 settle=$0.00 | P&L=$+624 | eq=$101,064 | dist=3
2026-04-04 15:08:29 | DEBUG    | [20250617] CALL SPX=5988->5983 | C 5995/6000 x5 | cr=$0.30 settle=$0.00 | P&L=$+140 | eq=$101,204 | dist=3
2026-04-04 15:08:29 | DEBUG    | [20250617] PUT SPX=5988->5983 | P 5980/5975 x5 | cr=$0.40 settle=$0.00 | P&L=$+190 | eq=$101,394 | dist=3
2026-04-04 15:08:29 | DEBUG    | [20250618] TOUCH@15:58 PUT SPX=5978 | P 5980/5975 x8 | cr=$0.80 close=$1.00 | P&L=$-176
2026-04-04 15:08:29 | DEBUG    | [20250618] CALL SPX=5985->5981 | C 5990/5995 x8 | cr=$1.00 settle=$0.00 | P&L=$+784 | eq=$102,002 | dist=3
2026-04-04 15:08:29 | DEBUG    | [20250620] TOUCH@15:55 CALL SPX=5970 | C 5970/5975 x5 | cr=$0.35 close=$0.55 | P&L=$-110
2026-04-04 15:08:29 | DEBUG    | [20250620] PUT SPX=5963->5968 | P 5960/5955 x8 | cr=$0.75 settle=$0.00 | P&L=$+584 | eq=$102,476 | dist=3
2026-04-04 15:08:29 | DEBUG    | [20250623] SKIP: Afternoon return=1.036% >= 1.0%
2026-04-04 15:08:29 | DEBUG    | [20250624] TOUCH@15:54 PUT SPX=6094 | P 6095/6090 x8 | cr=$0.75 close=$0.60 | P&L=$+104
2026-04-04 15:08:29 | DEBUG    | [20250624] CALL SPX=6096->6092 | C 6100/6105 x8 | cr=$0.65 settle=$0.00 | P&L=$+504 | eq=$103,084 | dist=0
2026-04-04 15:08:29 | DEBUG    | [20250626] TOUCH@15:56 CALL SPX=6145 | C 6145/6150 x8 | cr=$1.10 close=$0.45 | P&L=$+504
2026-04-04 15:08:29 | DEBUG    | [20250626] PUT SPX=6144->6141 | P 6140/6135 x7 | cr=$0.60 settle=$0.00 | P&L=$+406 | eq=$103,994 | dist=0
2026-04-04 15:08:29 | DEBUG    | [20250627] TOUCH@15:54 CALL SPX=6166 | C 6165/6170 x8 | cr=$0.95 close=$1.60 | P&L=$-536
2026-04-04 15:08:29 | DEBUG    | [20250627] PUT SPX=6162->6173 | P 6160/6155 x9 | cr=$1.35 settle=$0.00 | P&L=$+1197 | eq=$104,655 | dist=0
2026-04-04 15:08:29 | DEBUG    | [20250630] TOUCH@15:56 PUT SPX=6207 | P 6210/6205 x10 | cr=$1.55 close=$1.45 | P&L=$+80
2026-04-04 15:08:29 | DEBUG    | [20250630] CALL SPX=6211->6205 | C 6215/6220 x9 | cr=$1.40 settle=$0.00 | P&L=$+1242 | eq=$105,977 | dist=0
2026-04-04 15:08:29 | DEBUG    | [20250701] TOUCH@15:57 PUT SPX=6199 | P 6200/6195 x8 | cr=$0.75 close=$0.70 | P&L=$+24
2026-04-04 15:08:29 | DEBUG    | [20250701] CALL SPX=6203->6198 | C 6205/6210 x8 | cr=$0.90 settle=$0.00 | P&L=$+704 | eq=$106,705 | dist=0
2026-04-04 15:08:29 | DEBUG    | [20250702] TOUCH@15:55 CALL SPX=6227 | C 6225/6230 x8 | cr=$0.90 close=$1.50 | P&L=$-496
2026-04-04 15:08:29 | DEBUG    | [20250702] PUT SPX=6223->6227 | P 6220/6215 x5 | cr=$0.40 settle=$0.00 | P&L=$+190 | eq=$106,399 | dist=0
2026-04-04 15:08:29 | DEBUG    | [20250707] TOUCH@15:55 CALL SPX=6228 | C 6225/6230 x9 | cr=$1.15 close=$1.30 | P&L=$-153
2026-04-04 15:08:29 | DEBUG    | [20250707] PUT SPX=6224->6230 | P 6220/6215 x5 | cr=$0.45 settle=$0.00 | P&L=$+215 | eq=$106,461 | dist=0
2026-04-04 15:08:29 | DEBUG    | [20250709] TOUCH@15:54 CALL SPX=6260 | C 6260/6265 x8 | cr=$1.05 close=$1.45 | P&L=$-336
2026-04-04 15:08:29 | DEBUG    | [20250709] PUT SPX=6258->6263 | P 6255/6250 x7 | cr=$0.55 settle=$0.00 | P&L=$+371 | eq=$106,496 | dist=0
2026-04-04 15:08:29 | DEBUG    | [20250710] TOUCH@15:59 CALL SPX=6280 | C 6280/6285 x8 | cr=$1.10 close=$0.85 | P&L=$+184
2026-04-04 15:08:29 | DEBUG    | [20250710] PUT SPX=6277->6280 | P 6275/6270 x9 | cr=$1.20 settle=$0.00 | P&L=$+1062 | eq=$107,742 | dist=0
2026-04-04 15:08:29 | DEBUG    | [20250714] TOUCH@15:58 CALL SPX=6270 | C 6270/6275 x5 | cr=$0.25 close=$0.30 | P&L=$-35
2026-04-04 15:08:29 | DEBUG    | [20250714] PUT SPX=6266->6269 | P 6265/6260 x8 | cr=$0.80 settle=$0.00 | P&L=$+624 | eq=$108,331 | dist=0
2026-04-04 15:08:29 | DEBUG    | [20250715] TOUCH@15:57 PUT SPX=6248 | P 6250/6245 x8 | cr=$0.90 close=$0.80 | P&L=$+64
2026-04-04 15:08:29 | DEBUG    | [20250715] CALL SPX=6252->6244 | C 6255/6260 x8 | cr=$0.75 settle=$0.00 | P&L=$+584 | eq=$108,979 | dist=0
2026-04-04 15:08:29 | DEBUG    | [20250716] TOUCH@15:57 CALL SPX=6265 | C 6265/6270 x8 | cr=$0.75 close=$1.05 | P&L=$-256
2026-04-04 15:08:29 | DEBUG    | [20250716] PUT SPX=6262->6264 | P 6260/6255 x8 | cr=$0.80 settle=$0.00 | P&L=$+624 | eq=$109,347 | dist=0
2026-04-04 15:08:29 | DEBUG    | [20250717] TOUCH@15:53 CALL SPX=6302 | C 6300/6305 x10 | cr=$1.55 close=$2.55 | P&L=$-1020
2026-04-04 15:08:29 | DEBUG    | [20250717] PUT SPX=6300->6298 | P 6295/6290 x5 | cr=$0.35 settle=$0.00 | P&L=$+165 | eq=$108,492 | dist=0
2026-04-04 15:08:29 | DEBUG    | [20250722] TOUCH@15:57 CALL SPX=6316 | C 6315/6320 x8 | cr=$0.70 close=$0.35 | P&L=$+264
2026-04-04 15:08:29 | DEBUG    | [20250722] PUT SPX=6313->6310 | P 6310/6305 x7 | cr=$0.55 settle=$0.41 | P&L=$+84 | eq=$108,840 | dist=0
2026-04-04 15:08:29 | DEBUG    | [20250723] TOUCH@15:53 CALL SPX=6357 | C 6355/6360 x10 | cr=$1.55 close=$2.30 | P&L=$-770
2026-04-04 15:08:29 | DEBUG    | [20250723] PUT SPX=6354->6359 | P 6350/6345 x3 | cr=$0.15 settle=$0.00 | P&L=$+39 | eq=$108,109 | dist=0
2026-04-04 15:08:29 | DEBUG    | [20250729] TOUCH@15:53 CALL SPX=6371 | C 6370/6375 x9 | cr=$1.35 close=$1.10 | P&L=$+207
2026-04-04 15:08:29 | DEBUG    | [20250729] PUT SPX=6370->6371 | P 6365/6360 x5 | cr=$0.40 settle=$0.00 | P&L=$+190 | eq=$108,506 | dist=0
2026-04-04 15:08:29 | DEBUG    | [20250730] TOUCH@15:55 CALL SPX=6356 | C 6355/6360 x9 | cr=$1.20 close=$1.60 | P&L=$-378
2026-04-04 15:08:29 | DEBUG    | [20250730] PUT SPX=6354->6363 | P 6350/6345 x9 | cr=$1.15 settle=$0.00 | P&L=$+1017 | eq=$109,145 | dist=0
2026-04-04 15:08:29 | DEBUG    | [20250731] TOUCH@15:56 CALL SPX=6336 | C 6335/6340 x10 | cr=$1.60 close=$1.55 | P&L=$+30
2026-04-04 15:08:29 | DEBUG    | [20250801] TOUCH@15:53 PUT SPX=6234 | P 6235/6230 x8 | cr=$0.95 close=$1.35 | P&L=$-336
2026-04-04 15:08:29 | DEBUG    | [20250801] CALL SPX=6241->6238 | C 6245/6250 x8 | cr=$1.00 settle=$0.00 | P&L=$+784 | eq=$109,623 | dist=3
2026-04-04 15:08:29 | DEBUG    | [20250804] TOUCH@15:53 CALL SPX=6327 | C 6325/6330 x9 | cr=$1.15 close=$1.85 | P&L=$-648
2026-04-04 15:08:29 | DEBUG    | [20250804] PUT SPX=6324->6330 | P 6320/6315 x8 | cr=$0.65 settle=$0.00 | P&L=$+504 | eq=$109,479 | dist=0
2026-04-04 15:08:29 | DEBUG    | [20250805] TOUCH@15:58 PUT SPX=6298 | P 6300/6295 x8 | cr=$0.65 close=$1.15 | P&L=$-416
2026-04-04 15:08:29 | DEBUG    | [20250805] CALL SPX=6303->6299 | C 6305/6310 x8 | cr=$1.10 settle=$0.00 | P&L=$+864 | eq=$109,927 | dist=0
2026-04-04 15:08:29 | DEBUG    | [20250806] TOUCH@15:55 PUT SPX=6344 | P 6345/6340 x8 | cr=$0.85 close=$0.70 | P&L=$+104
2026-04-04 15:08:29 | DEBUG    | [20250806] CALL SPX=6346->6345 | C 6350/6355 x7 | cr=$0.55 settle=$0.00 | P&L=$+371 | eq=$110,402 | dist=0
2026-04-04 15:08:29 | DEBUG    | [20250807] TOUCH@15:58 CALL SPX=6335 | C 6335/6340 x7 | cr=$0.55 close=$1.10 | P&L=$-399
2026-04-04 15:08:29 | DEBUG    | [20250807] PUT SPX=6330->6340 | P 6330/6325 x10 | cr=$1.60 settle=$0.00 | P&L=$+1580 | eq=$111,583 | dist=0
2026-04-04 15:08:29 | DEBUG    | [20250808] TOUCH@15:53 CALL SPX=6386 | C 6385/6390 x10 | cr=$1.60 close=$1.90 | P&L=$-320
2026-04-04 15:08:29 | DEBUG    | [20250808] PUT SPX=6385->6390 | P 6380/6375 x5 | cr=$0.30 settle=$0.00 | P&L=$+140 | eq=$111,403 | dist=0
2026-04-04 15:08:29 | DEBUG    | [20250811] TOUCH@15:58 CALL SPX=6371 | C 6370/6375 x10 | cr=$1.50 close=$0.60 | P&L=$+880
2026-04-04 15:08:29 | DEBUG    | [20250811] PUT SPX=6369->6374 | P 6365/6360 x8 | cr=$0.75 settle=$0.00 | P&L=$+584 | eq=$112,867 | dist=0
2026-04-04 15:08:30 | DEBUG    | [20250812] TOUCH@15:57 CALL SPX=6445 | C 6445/6450 x10 | cr=$1.50 close=$0.85 | P&L=$+630
2026-04-04 15:08:30 | DEBUG    | [20250812] PUT SPX=6445->6446 | P 6440/6435 x5 | cr=$0.30 settle=$0.00 | P&L=$+140 | eq=$113,637 | dist=0
2026-04-04 15:08:30 | DEBUG    | [20250813] TOUCH@15:54 CALL SPX=6466 | C 6465/6470 x9 | cr=$1.25 close=$1.45 | P&L=$-198
2026-04-04 15:08:30 | DEBUG    | [20250813] PUT SPX=6464->6467 | P 6460/6455 x5 | cr=$0.35 settle=$0.00 | P&L=$+165 | eq=$113,604 | dist=0
2026-04-04 15:08:30 | DEBUG    | [20250814] TOUCH@15:59 PUT SPX=6468 | P 6470/6465 x9 | cr=$1.15 close=$0.25 | P&L=$+792
2026-04-04 15:08:30 | DEBUG    | [20250814] CALL SPX=6470->6469 | C 6475/6480 x5 | cr=$0.30 settle=$0.00 | P&L=$+140 | eq=$114,536 | dist=0
2026-04-04 15:08:30 | DEBUG    | [20250815] TOUCH@15:55 PUT SPX=6449 | P 6450/6445 x9 | cr=$1.35 close=$1.30 | P&L=$+27
2026-04-04 15:08:30 | DEBUG    | [20250815] CALL SPX=6451->6450 | C 6455/6460 x8 | cr=$0.85 settle=$0.00 | P&L=$+664 | eq=$115,227 | dist=0
2026-04-04 15:08:30 | DEBUG    | [20250819] TOUCH@15:55 CALL SPX=6406 | C 6405/6410 x9 | cr=$1.35 close=$0.75 | P&L=$+522
2026-04-04 15:08:30 | DEBUG    | [20250819] PUT SPX=6405->6411 | P 6400/6395 x5 | cr=$0.30 settle=$0.00 | P&L=$+140 | eq=$115,889 | dist=0
2026-04-04 15:08:30 | DEBUG    | [20250820] TOUCH@15:53 CALL SPX=6401 | C 6400/6405 x10 | cr=$1.55 close=$1.45 | P&L=$+80
2026-04-04 15:08:30 | DEBUG    | [20250820] PUT SPX=6400->6396 | P 6395/6390 x5 | cr=$0.50 settle=$0.00 | P&L=$+240 | eq=$116,209 | dist=0
2026-04-04 15:08:30 | DEBUG    | [20250821] TOUCH@15:57 PUT SPX=6369 | P 6370/6365 x8 | cr=$1.05 close=$0.75 | P&L=$+224
2026-04-04 15:08:30 | DEBUG    | [20250821] CALL SPX=6371->6370 | C 6375/6380 x8 | cr=$0.70 settle=$0.00 | P&L=$+544 | eq=$116,977 | dist=0
2026-04-04 15:08:30 | DEBUG    | [20250822] TOUCH@15:55 PUT SPX=6464 | P 6465/6460 x8 | cr=$0.75 close=$1.05 | P&L=$-256
2026-04-04 15:08:30 | DEBUG    | [20250822] CALL SPX=6467->6467 | C 6470/6475 x8 | cr=$0.65 settle=$0.00 | P&L=$+504 | eq=$117,225 | dist=0
2026-04-04 15:08:30 | DEBUG    | [20250826] TOUCH@15:56 CALL SPX=6466 | C 6465/6470 x8 | cr=$0.70 close=$1.25 | P&L=$-456
2026-04-04 15:08:30 | DEBUG    | [20250826] PUT SPX=6462->6466 | P 6460/6455 x8 | cr=$0.75 settle=$0.00 | P&L=$+584 | eq=$117,353 | dist=0
2026-04-04 15:08:30 | DEBUG    | [20250828] TOUCH@15:53 CALL SPX=6506 | C 6505/6510 x9 | cr=$1.20 close=$1.80 | P&L=$-558
2026-04-04 15:08:30 | DEBUG    | [20250828] PUT SPX=6504->6502 | P 6500/6495 x3 | cr=$0.20 settle=$0.00 | P&L=$+54 | eq=$116,849 | dist=0
2026-04-04 15:08:30 | DEBUG    | [20250829] TOUCH@15:56 CALL SPX=6455 | C 6455/6460 x9 | cr=$1.45 close=$1.30 | P&L=$+117
2026-04-04 15:08:30 | DEBUG    | [20250829] PUT SPX=6453->6460 | P 6450/6445 x9 | cr=$1.20 settle=$0.00 | P&L=$+1062 | eq=$118,028 | dist=0
2026-04-04 15:08:30 | DEBUG    | [20250902] TOUCH@15:56 CALL SPX=6416 | C 6415/6420 x8 | cr=$0.95 close=$1.40 | P&L=$-376
2026-04-04 15:08:30 | DEBUG    | [20250902] PUT SPX=6412->6416 | P 6410/6405 x9 | cr=$1.15 settle=$0.00 | P&L=$+1017 | eq=$118,669 | dist=0
2026-04-04 15:08:30 | DEBUG    | [20250903] TOUCH@15:59 CALL SPX=6448 | C 6445/6450 x5 | cr=$0.40 close=$0.25 | P&L=$+65
2026-04-04 15:08:30 | DEBUG    | [20250903] PUT SPX=6440->6448 | P 6440/6435 x10 | cr=$1.55 settle=$0.00 | P&L=$+1530 | eq=$120,264 | dist=0
2026-04-04 15:08:30 | DEBUG    | [20250904] TOUCH@15:56 CALL SPX=6500 | C 6500/6505 x5 | cr=$0.25 close=$0.55 | P&L=$-160
2026-04-04 15:08:30 | DEBUG    | [20250904] PUT SPX=6495->6502 | P 6495/6490 x9 | cr=$1.15 settle=$0.00 | P&L=$+1017 | eq=$121,121 | dist=0
2026-04-04 15:08:30 | DEBUG    | [20250905] TOUCH@15:54 CALL SPX=6475 | C 6475/6480 x10 | cr=$1.55 close=$1.10 | P&L=$+430
2026-04-04 15:08:30 | DEBUG    | [20250905] PUT SPX=6475->6482 | P 6470/6465 x8 | cr=$0.65 settle=$0.00 | P&L=$+504 | eq=$122,055 | dist=0
2026-04-04 15:08:30 | DEBUG    | [20250909] TOUCH@15:55 CALL SPX=6518 | C 6515/6520 x5 | cr=$0.50 close=$0.95 | P&L=$-235
2026-04-04 15:08:30 | DEBUG    | [20250909] PUT SPX=6512->6513 | P 6510/6505 x8 | cr=$0.75 settle=$0.00 | P&L=$+584 | eq=$122,404 | dist=0
2026-04-04 15:08:30 | DEBUG    | [20250910] TOUCH@15:56 CALL SPX=6535 | C 6535/6540 x8 | cr=$0.75 close=$1.45 | P&L=$-576
2026-04-04 15:08:30 | DEBUG    | [20250910] PUT SPX=6531->6532 | P 6530/6525 x9 | cr=$1.35 settle=$0.00 | P&L=$+1197 | eq=$123,025 | dist=0
2026-04-04 15:08:30 | DEBUG    | [20250911] TOUCH@15:55 PUT SPX=6589 | P 6590/6585 x8 | cr=$0.75 close=$0.85 | P&L=$-96
2026-04-04 15:08:30 | DEBUG    | [20250911] CALL SPX=6592->6587 | C 6595/6600 x8 | cr=$0.75 settle=$0.00 | P&L=$+584 | eq=$123,513 | dist=0
2026-04-04 15:08:30 | DEBUG    | [20250917] TOUCH@15:54 CALL SPX=6603 | C 6600/6605 x9 | cr=$1.40 close=$1.80 | P&L=$-378
2026-04-04 15:08:30 | DEBUG    | [20250917] TOUCH@15:56 PUT SPX=6594 | P 6595/6590 x9 | cr=$1.15 close=$0.35 | P&L=$+702
2026-04-04 15:08:30 | DEBUG    | [20250918] TOUCH@15:53 CALL SPX=6637 | C 6635/6640 x9 | cr=$1.30 close=$1.65 | P&L=$-333
2026-04-04 15:08:30 | DEBUG    | [20250918] PUT SPX=6634->6632 | P 6630/6625 x7 | cr=$0.55 settle=$0.00 | P&L=$+371 | eq=$123,875 | dist=0
2026-04-04 15:08:30 | DEBUG    | [20250919] TOUCH@15:59 PUT SPX=6663 | P 6665/6660 x8 | cr=$0.65 close=$0.30 | P&L=$+264
2026-04-04 15:08:30 | DEBUG    | [20250919] CALL SPX=6668->6664 | C 6670/6675 x9 | cr=$1.25 settle=$0.00 | P&L=$+1107 | eq=$125,246 | dist=0
2026-04-04 15:08:30 | DEBUG    | [20250922] TOUCH@15:59 PUT SPX=6694 | P 6695/6690 x5 | cr=$0.35 close=$0.45 | P&L=$-60
2026-04-04 15:08:30 | DEBUG    | [20250922] CALL SPX=6698->6694 | C 6700/6705 x8 | cr=$0.90 settle=$0.00 | P&L=$+704 | eq=$125,890 | dist=0
2026-04-04 15:08:30 | DEBUG    | [20250923] TOUCH@15:54 CALL SPX=6660 | C 6660/6665 x8 | cr=$0.95 close=$1.30 | P&L=$-296
2026-04-04 15:08:30 | DEBUG    | [20250923] PUT SPX=6658->6657 | P 6655/6650 x8 | cr=$1.05 settle=$0.00 | P&L=$+824 | eq=$126,418 | dist=0
2026-04-04 15:08:30 | DEBUG    | [20250924] CALL SPX=6638->6638 | C 6640/6645 x8 | cr=$0.70 settle=$0.00 | P&L=$+544 | eq=$126,962 | dist=0
2026-04-04 15:08:30 | DEBUG    | [20250924] PUT SPX=6638->6638 | P 6635/6630 x8 | cr=$0.90 settle=$0.00 | P&L=$+704 | eq=$127,666 | dist=0
2026-04-04 15:08:30 | DEBUG    | [20250925] CALL SPX=6601->6605 | C 6605/6610 x7 | cr=$0.60 settle=$0.00 | P&L=$+406 | eq=$128,072 | dist=0
2026-04-04 15:08:30 | DEBUG    | [20250925] PUT SPX=6601->6605 | P 6600/6595 x10 | cr=$1.60 settle=$0.00 | P&L=$+1580 | eq=$129,652 | dist=0
2026-04-04 15:08:30 | DEBUG    | [20250926] TOUCH@15:54 CALL SPX=6643 | C 6640/6645 x9 | cr=$1.20 close=$1.60 | P&L=$-378
2026-04-04 15:08:30 | DEBUG    | [20250926] PUT SPX=6638->6644 | P 6635/6630 x5 | cr=$0.45 settle=$0.00 | P&L=$+215 | eq=$129,489 | dist=0
2026-04-04 15:08:30 | DEBUG    | [20250930] TOUCH@15:53 CALL SPX=6690 | C 6690/6695 x9 | cr=$1.25 close=$1.95 | P&L=$-648
2026-04-04 15:08:30 | DEBUG    | [20250930] PUT SPX=6686->6688 | P 6685/6680 x9 | cr=$1.40 settle=$0.00 | P&L=$+1242 | eq=$130,083 | dist=0
2026-04-04 15:08:30 | DEBUG    | [20251001] CALL SPX=6714->6711 | C 6715/6720 x9 | cr=$1.40 settle=$0.00 | P&L=$+1242 | eq=$131,325 | dist=0
2026-04-04 15:08:30 | DEBUG    | [20251001] PUT SPX=6714->6711 | P 6710/6705 x5 | cr=$0.35 settle=$0.00 | P&L=$+165 | eq=$131,490 | dist=0
2026-04-04 15:08:30 | DEBUG    | [20251002] TOUCH@15:55 PUT SPX=6713 | P 6715/6710 x8 | cr=$0.80 close=$1.35 | P&L=$-456
2026-04-04 15:08:30 | DEBUG    | [20251002] CALL SPX=6717->6715 | C 6720/6725 x5 | cr=$0.50 settle=$0.00 | P&L=$+240 | eq=$131,274 | dist=0
2026-04-04 15:08:30 | DEBUG    | [20251003] TOUCH@15:54 CALL SPX=6720 | C 6720/6725 x10 | cr=$1.60 close=$1.40 | P&L=$+180
2026-04-04 15:08:30 | DEBUG    | [20251003] PUT SPX=6720->6716 | P 6715/6710 x8 | cr=$0.65 settle=$0.00 | P&L=$+504 | eq=$131,958 | dist=0
2026-04-04 15:08:30 | DEBUG    | [20251007] TOUCH@15:57 PUT SPX=6712 | P 6715/6710 x8 | cr=$0.95 close=$0.75 | P&L=$+144
2026-04-04 15:08:30 | DEBUG    | [20251007] CALL SPX=6716->6715 | C 6720/6725 x5 | cr=$0.40 settle=$0.00 | P&L=$+190 | eq=$132,292 | dist=0
2026-04-04 15:08:30 | DEBUG    | [20251008] CALL SPX=6755->6754 | C 6755/6760 x8 | cr=$0.95 settle=$0.00 | P&L=$+744 | eq=$133,036 | dist=0
2026-04-04 15:08:30 | DEBUG    | [20251009] TOUCH@15:54 CALL SPX=6736 | C 6735/6740 x9 | cr=$1.30 close=$1.30 | P&L=$-18
2026-04-04 15:08:30 | DEBUG    | [20251009] PUT SPX=6735->6735 | P 6730/6725 x3 | cr=$0.10 settle=$0.00 | P&L=$+24 | eq=$133,042 | dist=0
2026-04-04 15:08:30 | DEBUG    | [20251013] CALL SPX=6656->6655 | C 6660/6665 x7 | cr=$0.55 settle=$0.00 | P&L=$+371 | eq=$133,413 | dist=3
2026-04-04 15:08:30 | DEBUG    | [20251013] PUT SPX=6656->6655 | P 6650/6645 x5 | cr=$0.35 settle=$0.00 | P&L=$+165 | eq=$133,578 | dist=3
2026-04-04 15:08:30 | DEBUG    | [20251014] TOUCH@15:58 CALL SPX=6646 | C 6645/6650 x9 | cr=$1.40 close=$1.05 | P&L=$+297
2026-04-04 15:08:30 | DEBUG    | [20251014] PUT SPX=6641->6644 | P 6635/6630 x8 | cr=$1.00 settle=$0.00 | P&L=$+784 | eq=$134,659 | dist=3
2026-04-04 15:08:30 | DEBUG    | [20251015] TOUCH@15:57 CALL SPX=6666 | C 6665/6670 x8 | cr=$1.00 close=$0.75 | P&L=$+184
2026-04-04 15:08:30 | DEBUG    | [20251015] PUT SPX=6661->6671 | P 6655/6650 x8 | cr=$0.80 settle=$0.00 | P&L=$+624 | eq=$135,467 | dist=3
2026-04-04 15:08:30 | DEBUG    | [20251016] CALL SPX=6626->6629 | C 6635/6640 x8 | cr=$0.70 settle=$0.00 | P&L=$+544 | eq=$136,011 | dist=5
2026-04-04 15:08:30 | DEBUG    | [20251016] PUT SPX=6626->6629 | P 6620/6615 x8 | cr=$0.90 settle=$0.00 | P&L=$+704 | eq=$136,715 | dist=5
2026-04-04 15:08:30 | DEBUG    | [20251017] CALL SPX=6665->6664 | C 6670/6675 x8 | cr=$0.95 settle=$0.00 | P&L=$+744 | eq=$137,459 | dist=3
2026-04-04 15:08:30 | DEBUG    | [20251017] PUT SPX=6665->6664 | P 6660/6655 x7 | cr=$0.60 settle=$0.00 | P&L=$+406 | eq=$137,865 | dist=3
2026-04-04 15:08:30 | DEBUG    | [20251020] CALL SPX=6741->6735 | C 6745/6750 x5 | cr=$0.45 settle=$0.00 | P&L=$+215 | eq=$138,080 | dist=3
2026-04-04 15:08:30 | DEBUG    | [20251022] CALL SPX=6702->6699 | C 6705/6710 x8 | cr=$0.85 settle=$0.00 | P&L=$+664 | eq=$138,744 | dist=3
2026-04-04 15:08:30 | DEBUG    | [20251022] PUT SPX=6702->6699 | P 6695/6690 x5 | cr=$0.25 settle=$0.00 | P&L=$+115 | eq=$138,859 | dist=3
2026-04-04 15:08:30 | DEBUG    | [20251023] CALL SPX=6736->6738 | C 6740/6745 x8 | cr=$0.65 settle=$0.00 | P&L=$+504 | eq=$139,363 | dist=0
2026-04-04 15:08:30 | DEBUG    | [20251023] PUT SPX=6736->6738 | P 6735/6730 x8 | cr=$1.05 settle=$0.00 | P&L=$+824 | eq=$140,187 | dist=0
2026-04-04 15:08:30 | DEBUG    | [20251024] TOUCH@15:56 PUT SPX=6794 | P 6795/6790 x5 | cr=$0.20 close=$0.55 | P&L=$-185
2026-04-04 15:08:30 | DEBUG    | [20251024] CALL SPX=6799->6792 | C 6800/6805 x9 | cr=$1.30 settle=$0.00 | P&L=$+1152 | eq=$141,154 | dist=0
2026-04-04 15:08:30 | DEBUG    | [20251028] TOUCH@15:59 PUT SPX=6891 | P 6895/6890 x9 | cr=$1.35 close=$1.30 | P&L=$+27
2026-04-04 15:08:30 | DEBUG    | [20251028] CALL SPX=6895->6891 | C 6900/6905 x5 | cr=$0.35 settle=$0.00 | P&L=$+165 | eq=$141,346 | dist=0
2026-04-04 15:08:30 | DEBUG    | [20251029] TOUCH@15:53 PUT SPX=6887 | P 6890/6885 x9 | cr=$1.35 close=$1.85 | P&L=$-468
2026-04-04 15:08:30 | DEBUG    | [20251029] CALL SPX=6893->6891 | C 6895/6900 x10 | cr=$1.50 settle=$0.00 | P&L=$+1480 | eq=$142,358 | dist=0
2026-04-04 15:08:30 | DEBUG    | [20251030] TOUCH@15:53 PUT SPX=6828 | P 6830/6825 x10 | cr=$1.60 close=$2.20 | P&L=$-620
2026-04-04 15:08:30 | DEBUG    | [20251030] CALL SPX=6830->6822 | C 6835/6840 x8 | cr=$1.00 settle=$0.00 | P&L=$+784 | eq=$142,522 | dist=0
2026-04-04 15:08:30 | DEBUG    | [20251031] TOUCH@15:53 PUT SPX=6858 | P 6860/6855 x9 | cr=$1.25 close=$2.30 | P&L=$-963
2026-04-04 15:08:30 | DEBUG    | [20251031] CALL SPX=6861->6840 | C 6865/6870 x8 | cr=$1.05 settle=$0.00 | P&L=$+824 | eq=$142,383 | dist=0
2026-04-04 15:08:30 | DEBUG    | [20251103] TOUCH@15:54 CALL SPX=6850 | C 6850/6855 x8 | cr=$0.75 close=$1.50 | P&L=$-616
2026-04-04 15:08:30 | DEBUG    | [20251103] PUT SPX=6847->6852 | P 6845/6840 x8 | cr=$0.95 settle=$0.00 | P&L=$+744 | eq=$142,511 | dist=0
2026-04-04 15:08:30 | DEBUG    | [20251104] CALL SPX=6771->6772 | C 6775/6780 x8 | cr=$0.90 settle=$0.00 | P&L=$+704 | eq=$143,215 | dist=3
2026-04-04 15:08:30 | DEBUG    | [20251104] PUT SPX=6771->6772 | P 6765/6760 x8 | cr=$0.65 settle=$0.00 | P&L=$+504 | eq=$143,719 | dist=3
2026-04-04 15:08:30 | DEBUG    | [20251105] TOUCH@15:54 PUT SPX=6808 | P 6810/6805 x9 | cr=$1.15 close=$1.65 | P&L=$-468
2026-04-04 15:08:30 | DEBUG    | [20251105] CALL SPX=6811->6796 | C 6815/6820 x8 | cr=$0.70 settle=$0.00 | P&L=$+544 | eq=$143,795 | dist=0
2026-04-04 15:08:30 | DEBUG    | [20251106] CALL SPX=6727->6720 | C 6735/6740 x5 | cr=$0.35 settle=$0.00 | P&L=$+165 | eq=$143,960 | dist=3
2026-04-04 15:08:30 | DEBUG    | [20251106] PUT SPX=6727->6720 | P 6720/6715 x5 | cr=$0.40 settle=$0.00 | P&L=$+190 | eq=$144,150 | dist=3
2026-04-04 15:08:30 | DEBUG    | [20251107] TOUCH@15:55 CALL SPX=6724 | C 6720/6725 x8 | cr=$1.05 close=$1.45 | P&L=$-336
2026-04-04 15:08:30 | DEBUG    | [20251107] PUT SPX=6716->6729 | P 6710/6705 x8 | cr=$0.70 settle=$0.00 | P&L=$+544 | eq=$144,358 | dist=3
2026-04-04 15:08:30 | DEBUG    | [20251110] TOUCH@15:55 PUT SPX=6834 | P 6835/6830 x9 | cr=$1.45 close=$0.50 | P&L=$+837
2026-04-04 15:08:30 | DEBUG    | [20251110] CALL SPX=6835->6832 | C 6840/6845 x7 | cr=$0.55 settle=$0.00 | P&L=$+371 | eq=$145,566 | dist=0
2026-04-04 15:08:30 | DEBUG    | [20251111] TOUCH@15:55 PUT SPX=6849 | P 6850/6845 x9 | cr=$1.15 close=$0.80 | P&L=$+297
2026-04-04 15:08:30 | DEBUG    | [20251111] CALL SPX=6850->6847 | C 6855/6860 x5 | cr=$0.40 settle=$0.00 | P&L=$+190 | eq=$146,053 | dist=0
2026-04-04 15:08:30 | DEBUG    | [20251112] TOUCH@15:54 PUT SPX=6853 | P 6855/6850 x5 | cr=$0.45 close=$0.90 | P&L=$-235
2026-04-04 15:08:30 | DEBUG    | [20251112] CALL SPX=6860->6851 | C 6860/6865 x10 | cr=$1.75 settle=$0.00 | P&L=$+1730 | eq=$147,548 | dist=0
2026-04-04 15:08:30 | DEBUG    | [20251113] TOUCH@15:53 PUT SPX=6730 | P 6735/6730 x5 | cr=$0.45 close=$1.70 | P&L=$-635
2026-04-04 15:08:30 | DEBUG    | [20251113] CALL SPX=6743->6738 | C 6750/6755 x7 | cr=$0.55 settle=$0.00 | P&L=$+371 | eq=$147,284 | dist=3
2026-04-04 15:08:31 | DEBUG    | [20251114] CALL SPX=6738->6734 | C 6745/6750 x7 | cr=$0.60 settle=$0.00 | P&L=$+406 | eq=$147,690 | dist=3
2026-04-04 15:08:31 | DEBUG    | [20251114] PUT SPX=6738->6734 | P 6730/6725 x7 | cr=$0.55 settle=$0.00 | P&L=$+371 | eq=$148,061 | dist=3
2026-04-04 15:08:31 | DEBUG    | [20251117] CALL SPX=6667->6672 | C 6675/6680 x5 | cr=$0.50 settle=$0.00 | P&L=$+240 | eq=$148,301 | dist=5
2026-04-04 15:08:31 | DEBUG    | [20251117] PUT SPX=6667->6672 | P 6660/6655 x5 | cr=$0.45 settle=$0.00 | P&L=$+215 | eq=$148,516 | dist=5
2026-04-04 15:08:31 | DEBUG    | [20251118] TOUCH@15:56 PUT SPX=6625 | P 6630/6625 x8 | cr=$0.90 close=$2.30 | P&L=$-1136
2026-04-04 15:08:31 | DEBUG    | [20251118] CALL SPX=6635->6617 | C 6645/6650 x5 | cr=$0.40 settle=$0.00 | P&L=$+190 | eq=$147,570 | dist=5
2026-04-04 15:08:31 | DEBUG    | [20251119] CALL SPX=6646->6642 | C 6655/6660 x8 | cr=$0.65 settle=$0.00 | P&L=$+504 | eq=$148,074 | dist=5
2026-04-04 15:08:31 | DEBUG    | [20251119] PUT SPX=6646->6642 | P 6640/6635 x8 | cr=$0.95 settle=$0.00 | P&L=$+744 | eq=$148,818 | dist=5
2026-04-04 15:08:31 | DEBUG    | [20251120] SKIP: VIX(15:50)=26.5 > 26.0
2026-04-04 15:08:31 | DEBUG    | [20251121] TOUCH@15:54 PUT SPX=6604 | P 6605/6600 x8 | cr=$0.90 close=$1.90 | P&L=$-816
2026-04-04 15:08:31 | DEBUG    | [20251121] CALL SPX=6612->6603 | C 6620/6625 x8 | cr=$0.65 settle=$0.00 | P&L=$+504 | eq=$148,506 | dist=5
2026-04-04 15:08:31 | DEBUG    | [20251124] TOUCH@15:53 CALL SPX=6711 | C 6710/6715 x5 | cr=$0.30 close=$0.35 | P&L=$-35
2026-04-04 15:08:31 | DEBUG    | [20251124] PUT SPX=6703->6705 | P 6700/6695 x8 | cr=$0.90 settle=$0.00 | P&L=$+704 | eq=$149,175 | dist=3
2026-04-04 15:08:31 | DEBUG    | [20251125] TOUCH@15:57 PUT SPX=6768 | P 6770/6765 x8 | cr=$0.65 close=$0.65 | P&L=$-16
2026-04-04 15:08:31 | DEBUG    | [20251125] CALL SPX=6773->6766 | C 6780/6785 x5 | cr=$0.30 settle=$0.00 | P&L=$+140 | eq=$149,299 | dist=3
2026-04-04 15:08:31 | DEBUG    | [20251126] TOUCH@15:59 PUT SPX=6812 | P 6815/6810 x8 | cr=$0.75 close=$0.40 | P&L=$+264
2026-04-04 15:08:31 | DEBUG    | [20251126] CALL SPX=6818->6813 | C 6820/6825 x8 | cr=$1.00 settle=$0.00 | P&L=$+784 | eq=$150,347 | dist=0
2026-04-04 15:08:31 | DEBUG    | [20251201] TOUCH@15:54 PUT SPX=6813 | P 6815/6810 x8 | cr=$1.05 close=$1.70 | P&L=$-536
2026-04-04 15:08:31 | DEBUG    | [20251201] CALL SPX=6817->6813 | C 6820/6825 x8 | cr=$0.90 settle=$0.00 | P&L=$+704 | eq=$150,515 | dist=0
2026-04-04 15:08:31 | DEBUG    | [20251202] TOUCH@15:54 PUT SPX=6829 | P 6830/6825 x7 | cr=$0.60 close=$0.80 | P&L=$-154
2026-04-04 15:08:31 | DEBUG    | [20251202] CALL SPX=6835->6829 | C 6835/6840 x10 | cr=$1.65 settle=$0.00 | P&L=$+1630 | eq=$151,991 | dist=0
2026-04-04 15:08:31 | DEBUG    | [20251203] CALL SPX=6854->6850 | C 6855/6860 x9 | cr=$1.20 settle=$0.00 | P&L=$+1062 | eq=$153,053 | dist=0
2026-04-04 15:08:31 | DEBUG    | [20251203] PUT SPX=6854->6850 | P 6850/6845 x7 | cr=$0.55 settle=$0.00 | P&L=$+371 | eq=$153,424 | dist=0
2026-04-04 15:08:31 | DEBUG    | [20251204] TOUCH@15:54 PUT SPX=6849 | P 6850/6845 x9 | cr=$1.15 close=$1.15 | P&L=$-18
2026-04-04 15:08:31 | DEBUG    | [20251204] TOUCH@15:59 CALL SPX=6858 | C 6855/6860 x5 | cr=$0.40 close=$0.15 | P&L=$+115
2026-04-04 15:08:31 | DEBUG    | [20251205] TOUCH@15:53 CALL SPX=6866 | C 6860/6865 x9 | cr=$1.35 close=$2.35 | P&L=$-918
2026-04-04 15:08:31 | DEBUG    | [20251205] PUT SPX=6858->6870 | P 6855/6850 x8 | cr=$0.95 settle=$0.00 | P&L=$+744 | eq=$153,347 | dist=0
2026-04-04 15:08:31 | DEBUG    | [20251208] TOUCH@15:59 CALL SPX=6848 | C 6840/6845 x8 | cr=$1.10 close=$0.70 | P&L=$+304
2026-04-04 15:08:31 | DEBUG    | [20251208] PUT SPX=6839->6847 | P 6835/6830 x8 | cr=$0.70 settle=$0.00 | P&L=$+544 | eq=$154,195 | dist=0
2026-04-04 15:08:31 | DEBUG    | [20251210] TOUCH@15:53 CALL SPX=6891 | C 6890/6895 x12 | cr=$2.10 close=$2.25 | P&L=$-204
2026-04-04 15:08:31 | DEBUG    | [20251210] TOUCH@15:56 PUT SPX=6889 | P 6890/6885 x10 | cr=$1.55 close=$1.45 | P&L=$+80
2026-04-04 15:08:31 | DEBUG    | [20251211] TOUCH@15:54 PUT SPX=6897 | P 6900/6895 x8 | cr=$1.05 close=$1.65 | P&L=$-496
2026-04-04 15:08:31 | DEBUG    | [20251211] CALL SPX=6901->6901 | C 6905/6910 x8 | cr=$0.75 settle=$0.00 | P&L=$+584 | eq=$154,159 | dist=0
2026-04-04 15:08:31 | DEBUG    | [20251212] TOUCH@15:53 PUT SPX=6821 | P 6825/6820 x9 | cr=$1.40 close=$1.80 | P&L=$-378
2026-04-04 15:08:31 | DEBUG    | [20251212] CALL SPX=6825->6827 | C 6830/6835 x8 | cr=$0.80 settle=$0.00 | P&L=$+624 | eq=$154,405 | dist=0
2026-04-04 15:08:31 | DEBUG    | [20251215] TOUCH@15:54 PUT SPX=6817 | P 6820/6815 x8 | cr=$0.80 close=$0.65 | P&L=$+104
2026-04-04 15:08:31 | DEBUG    | [20251215] CALL SPX=6822->6816 | C 6825/6830 x8 | cr=$0.75 settle=$0.00 | P&L=$+584 | eq=$155,093 | dist=0
2026-04-04 15:08:31 | DEBUG    | [20251216] TOUCH@15:54 PUT SPX=6808 | P 6810/6805 x9 | cr=$1.45 close=$1.15 | P&L=$+252
2026-04-04 15:08:31 | DEBUG    | [20251216] CALL SPX=6810->6800 | C 6815/6820 x7 | cr=$0.60 settle=$0.00 | P&L=$+406 | eq=$155,751 | dist=0
2026-04-04 15:08:31 | DEBUG    | [20251217] TOUCH@15:55 PUT SPX=6722 | P 6725/6720 x8 | cr=$0.95 close=$1.60 | P&L=$-536
2026-04-04 15:08:31 | DEBUG    | [20251217] CALL SPX=6728->6722 | C 6730/6735 x9 | cr=$1.20 settle=$0.00 | P&L=$+1062 | eq=$156,277 | dist=0
2026-04-04 15:08:31 | DEBUG    | [20251218] TOUCH@15:56 PUT SPX=6778 | P 6780/6775 x8 | cr=$0.95 close=$1.05 | P&L=$-96
2026-04-04 15:08:31 | DEBUG    | [20251218] CALL SPX=6784->6775 | C 6785/6790 x10 | cr=$1.65 settle=$0.00 | P&L=$+1630 | eq=$157,811 | dist=0
2026-04-04 15:08:31 | DEBUG    | [20251219] CALL SPX=6831->6835 | C 6835/6840 x8 | cr=$1.00 settle=$0.00 | P&L=$+784 | eq=$158,595 | dist=3
2026-04-04 15:08:31 | DEBUG    | [20251219] PUT SPX=6831->6835 | P 6825/6820 x5 | cr=$0.35 settle=$0.00 | P&L=$+165 | eq=$158,760 | dist=3
2026-04-04 15:08:31 | DEBUG    | [20251223] TOUCH@15:58 CALL SPX=6910 | C 6910/6915 x5 | cr=$0.35 close=$0.55 | P&L=$-110
2026-04-04 15:08:31 | DEBUG    | [20251223] PUT SPX=6907->6910 | P 6905/6900 x7 | cr=$0.55 settle=$0.00 | P&L=$+371 | eq=$159,021 | dist=0
2026-04-04 15:08:31 | DEBUG    | [20251229] TOUCH@15:56 PUT SPX=6904 | P 6905/6900 x5 | cr=$0.45 close=$0.65 | P&L=$-110
2026-04-04 15:08:31 | DEBUG    | [20251229] CALL SPX=6907->6906 | C 6910/6915 x5 | cr=$0.35 settle=$0.00 | P&L=$+165 | eq=$159,076 | dist=0
2026-04-04 15:08:31 | DEBUG    | [20251231] TOUCH@15:55 CALL SPX=6857 | C 6855/6860 x10 | cr=$1.55 close=$1.25 | P&L=$+280
2026-04-04 15:08:31 | DEBUG    | [20251231] TOUCH@15:58 PUT SPX=6849 | P 6850/6845 x9 | cr=$1.15 close=$1.20 | P&L=$-63
2026-04-04 15:08:31 | DEBUG    | [20260102] TOUCH@15:59 CALL SPX=6859 | C 6855/6860 x8 | cr=$0.80 close=$0.80 | P&L=$-16
2026-04-04 15:08:31 | DEBUG    | [20260102] PUT SPX=6852->6858 | P 6850/6845 x8 | cr=$0.95 settle=$0.00 | P&L=$+744 | eq=$160,021 | dist=0
2026-04-04 15:08:31 | DEBUG    | [20260106] CALL SPX=6947->6945 | C 6950/6955 x5 | cr=$0.35 settle=$0.00 | P&L=$+165 | eq=$160,186 | dist=0
2026-04-04 15:08:31 | DEBUG    | [20260106] PUT SPX=6947->6945 | P 6945/6940 x7 | cr=$0.55 settle=$0.18 | P&L=$+245 | eq=$160,431 | dist=0
2026-04-04 15:08:31 | DEBUG    | [20260107] CALL SPX=6923->6921 | C 6925/6930 x8 | cr=$1.00 settle=$0.00 | P&L=$+784 | eq=$161,215 | dist=0
2026-04-04 15:08:31 | DEBUG    | [20260107] PUT SPX=6923->6921 | P 6920/6915 x8 | cr=$0.90 settle=$0.00 | P&L=$+704 | eq=$161,919 | dist=0
2026-04-04 15:08:31 | DEBUG    | [20260109] TOUCH@15:55 PUT SPX=6969 | P 6970/6965 x5 | cr=$0.50 close=$0.50 | P&L=$-10
2026-04-04 15:08:31 | DEBUG    | [20260109] CALL SPX=6972->6966 | C 6975/6980 x5 | cr=$0.35 settle=$0.00 | P&L=$+165 | eq=$162,074 | dist=0
2026-04-04 15:08:31 | DEBUG    | [20260112] TOUCH@15:53 CALL SPX=6982 | C 6980/6985 x8 | cr=$0.85 close=$1.50 | P&L=$-536
2026-04-04 15:08:31 | DEBUG    | [20260112] PUT SPX=6979->6977 | P 6975/6970 x5 | cr=$0.25 settle=$0.00 | P&L=$+115 | eq=$161,653 | dist=0
2026-04-04 15:08:31 | DEBUG    | [20260113] TOUCH@15:53 CALL SPX=6957 | C 6955/6960 x8 | cr=$0.75 close=$1.40 | P&L=$-536
2026-04-04 15:08:31 | DEBUG    | [20260113] PUT SPX=6953->6964 | P 6950/6945 x8 | cr=$0.90 settle=$0.00 | P&L=$+704 | eq=$161,821 | dist=0
2026-04-04 15:08:31 | DEBUG    | [20260114] TOUCH@15:54 CALL SPX=6921 | C 6920/6925 x8 | cr=$1.05 close=$1.65 | P&L=$-496
2026-04-04 15:08:31 | DEBUG    | [20260114] PUT SPX=6916->6927 | P 6915/6910 x9 | cr=$1.40 settle=$0.00 | P&L=$+1242 | eq=$162,567 | dist=0
2026-04-04 15:08:31 | DEBUG    | [20260115] CALL SPX=6943->6944 | C 6945/6950 x9 | cr=$1.15 settle=$0.00 | P&L=$+1017 | eq=$163,584 | dist=0
2026-04-04 15:08:31 | DEBUG    | [20260115] PUT SPX=6943->6944 | P 6940/6935 x8 | cr=$1.00 settle=$0.00 | P&L=$+784 | eq=$164,368 | dist=0
2026-04-04 15:08:31 | DEBUG    | [20260116] TOUCH@15:55 PUT SPX=6943 | P 6945/6940 x5 | cr=$0.50 close=$0.75 | P&L=$-135
2026-04-04 15:08:31 | DEBUG    | [20260116] CALL SPX=6948->6940 | C 6950/6955 x8 | cr=$0.90 settle=$0.00 | P&L=$+704 | eq=$164,937 | dist=0
2026-04-04 15:08:31 | DEBUG    | [20260120] CALL SPX=6796->6797 | C 6800/6805 x8 | cr=$0.85 settle=$0.00 | P&L=$+664 | eq=$165,601 | dist=3
2026-04-04 15:08:31 | DEBUG    | [20260120] PUT SPX=6796->6797 | P 6790/6785 x7 | cr=$0.60 settle=$0.00 | P&L=$+406 | eq=$166,007 | dist=3
2026-04-04 15:08:31 | DEBUG    | [20260121] TOUCH@15:53 CALL SPX=6876 | C 6875/6880 x8 | cr=$0.95 close=$1.65 | P&L=$-576
2026-04-04 15:08:31 | DEBUG    | [20260121] PUT SPX=6871->6876 | P 6870/6865 x9 | cr=$1.30 settle=$0.00 | P&L=$+1152 | eq=$166,583 | dist=0
2026-04-04 15:08:31 | DEBUG    | [20260122] CALL SPX=6912->6913 | C 6915/6920 x8 | cr=$0.80 settle=$0.00 | P&L=$+624 | eq=$167,207 | dist=0
2026-04-04 15:08:31 | DEBUG    | [20260122] PUT SPX=6912->6913 | P 6910/6905 x8 | cr=$1.05 settle=$0.00 | P&L=$+824 | eq=$168,031 | dist=0
2026-04-04 15:08:31 | DEBUG    | [20260123] TOUCH@15:57 CALL SPX=6916 | C 6915/6920 x8 | cr=$0.95 close=$1.00 | P&L=$-56
2026-04-04 15:08:31 | DEBUG    | [20260123] PUT SPX=6913->6916 | P 6910/6905 x7 | cr=$0.60 settle=$0.00 | P&L=$+406 | eq=$168,381 | dist=0
2026-04-04 15:08:31 | DEBUG    | [20260126] TOUCH@15:54 PUT SPX=6953 | P 6955/6950 x8 | cr=$0.80 close=$1.20 | P&L=$-336
2026-04-04 15:08:31 | DEBUG    | [20260126] CALL SPX=6956->6950 | C 6960/6965 x5 | cr=$0.35 settle=$0.00 | P&L=$+165 | eq=$168,210 | dist=0
2026-04-04 15:08:31 | DEBUG    | [20260128] TOUCH@15:53 CALL SPX=6982 | C 6980/6985 x10 | cr=$1.70 close=$1.95 | P&L=$-270
2026-04-04 15:08:31 | DEBUG    | [20260128] PUT SPX=6980->6978 | P 6975/6970 x5 | cr=$0.50 settle=$0.00 | P&L=$+240 | eq=$168,180 | dist=0
2026-04-04 15:08:31 | DEBUG    | [20260129] TOUCH@15:55 CALL SPX=6964 | C 6960/6965 x7 | cr=$0.60 close=$1.90 | P&L=$-924
2026-04-04 15:08:31 | DEBUG    | [20260129] PUT SPX=6957->6969 | P 6955/6950 x9 | cr=$1.15 settle=$0.00 | P&L=$+1017 | eq=$168,273 | dist=0
2026-04-04 15:08:31 | DEBUG    | [20260130] TOUCH@15:53 PUT SPX=6933 | P 6940/6935 x8 | cr=$1.05 close=$1.45 | P&L=$-336
2026-04-04 15:08:31 | DEBUG    | [20260130] CALL SPX=6945->6939 | C 6945/6950 x11 | cr=$1.95 settle=$0.00 | P&L=$+2123 | eq=$170,060 | dist=0
2026-04-04 15:08:31 | DEBUG    | [20260202] CALL SPX=6975->6976 | C 6980/6985 x7 | cr=$0.55 settle=$0.00 | P&L=$+371 | eq=$170,431 | dist=0
2026-04-04 15:08:31 | DEBUG    | [20260202] PUT SPX=6975->6976 | P 6975/6970 x9 | cr=$1.20 settle=$0.00 | P&L=$+1062 | eq=$171,493 | dist=0
2026-04-04 15:08:31 | DEBUG    | [20260203] CALL SPX=6912->6918 | C 6920/6925 x5 | cr=$0.50 settle=$0.00 | P&L=$+240 | eq=$171,733 | dist=3
2026-04-04 15:08:31 | DEBUG    | [20260203] PUT SPX=6912->6918 | P 6905/6900 x5 | cr=$0.40 settle=$0.00 | P&L=$+190 | eq=$171,923 | dist=3
2026-04-04 15:08:31 | DEBUG    | [20260204] TOUCH@15:54 PUT SPX=6887 | P 6890/6885 x8 | cr=$0.90 close=$1.50 | P&L=$-496
2026-04-04 15:08:31 | DEBUG    | [20260204] CALL SPX=6894->6883 | C 6900/6905 x8 | cr=$0.85 settle=$0.00 | P&L=$+664 | eq=$172,091 | dist=3
2026-04-04 15:08:31 | DEBUG    | [20260205] TOUCH@15:55 CALL SPX=6795 | C 6795/6800 x8 | cr=$0.90 close=$1.45 | P&L=$-456
2026-04-04 15:08:31 | DEBUG    | [20260205] PUT SPX=6788->6798 | P 6785/6780 x9 | cr=$1.15 settle=$0.00 | P&L=$+1017 | eq=$172,652 | dist=3
2026-04-04 15:08:31 | DEBUG    | [20260206] TOUCH@15:55 PUT SPX=6937 | P 6940/6935 x9 | cr=$1.15 close=$1.15 | P&L=$-18
2026-04-04 15:08:31 | DEBUG    | [20260206] CALL SPX=6944->6932 | C 6945/6950 x10 | cr=$1.65 settle=$0.00 | P&L=$+1630 | eq=$174,264 | dist=0
2026-04-04 15:08:31 | DEBUG    | [20260209] TOUCH@15:53 PUT SPX=6965 | P 6970/6965 x9 | cr=$1.40 close=$2.25 | P&L=$-783
2026-04-04 15:08:31 | DEBUG    | [20260209] CALL SPX=6970->6965 | C 6975/6980 x5 | cr=$0.30 settle=$0.00 | P&L=$+140 | eq=$173,621 | dist=0
2026-04-04 15:08:31 | DEBUG    | [20260210] TOUCH@15:54 PUT SPX=6944 | P 6945/6940 x8 | cr=$0.80 close=$1.45 | P&L=$-536
2026-04-04 15:08:31 | DEBUG    | [20260210] CALL SPX=6948->6942 | C 6950/6955 x9 | cr=$1.40 settle=$0.00 | P&L=$+1242 | eq=$174,327 | dist=0
2026-04-04 15:08:31 | DEBUG    | [20260211] TOUCH@15:53 CALL SPX=6949 | C 6945/6950 x9 | cr=$1.45 close=$2.40 | P&L=$-873
2026-04-04 15:08:31 | DEBUG    | [20260211] PUT SPX=6944->6941 | P 6940/6935 x8 | cr=$0.75 settle=$0.00 | P&L=$+584 | eq=$174,038 | dist=0
2026-04-04 15:08:31 | DEBUG    | [20260212] TOUCH@15:53 CALL SPX=6832 | C 6830/6835 x8 | cr=$1.10 close=$1.60 | P&L=$-416
2026-04-04 15:08:31 | DEBUG    | [20260212] PUT SPX=6824->6833 | P 6820/6815 x9 | cr=$1.20 settle=$0.00 | P&L=$+1062 | eq=$174,684 | dist=3
2026-04-04 15:08:31 | DEBUG    | [20260213] TOUCH@15:54 CALL SPX=6834 | C 6830/6835 x8 | cr=$0.75 close=$1.40 | P&L=$-536
2026-04-04 15:08:31 | DEBUG    | [20260213] PUT SPX=6825->6836 | P 6820/6815 x8 | cr=$1.10 settle=$0.00 | P&L=$+864 | eq=$175,012 | dist=3
2026-04-04 15:08:31 | DEBUG    | [20260217] TOUCH@15:59 CALL SPX=6846 | C 6845/6850 x8 | cr=$0.85 close=$0.20 | P&L=$+504
2026-04-04 15:08:31 | DEBUG    | [20260217] PUT SPX=6841->6843 | P 6835/6830 x7 | cr=$0.55 settle=$0.00 | P&L=$+371 | eq=$175,887 | dist=3
2026-04-04 15:08:31 | DEBUG    | [20260218] CALL SPX=6883->6881 | C 6890/6895 x5 | cr=$0.35 settle=$0.00 | P&L=$+165 | eq=$176,052 | dist=3
2026-04-04 15:08:31 | DEBUG    | [20260218] PUT SPX=6883->6881 | P 6880/6875 x8 | cr=$0.95 settle=$0.00 | P&L=$+744 | eq=$176,796 | dist=3
2026-04-04 15:08:31 | DEBUG    | [20260219] TOUCH@15:59 CALL SPX=6862 | C 6860/6865 x5 | cr=$0.30 close=$0.65 | P&L=$-185
2026-04-04 15:08:31 | DEBUG    | [20260219] PUT SPX=6853->6862 | P 6850/6845 x8 | cr=$1.10 settle=$0.00 | P&L=$+864 | eq=$177,475 | dist=3
2026-04-04 15:08:31 | DEBUG    | [20260220] TOUCH@15:59 CALL SPX=6910 | C 6910/6915 x7 | cr=$0.55 close=$0.45 | P&L=$+56
2026-04-04 15:08:32 | DEBUG    | [20260223] CALL SPX=6833->6838 | C 6840/6845 x5 | cr=$0.40 settle=$0.00 | P&L=$+190 | eq=$177,721 | dist=3
2026-04-04 15:08:32 | DEBUG    | [20260224] CALL SPX=6897->6890 | C 6900/6905 x8 | cr=$0.85 settle=$0.00 | P&L=$+664 | eq=$178,385 | dist=3
2026-04-04 15:08:32 | DEBUG    | [20260224] PUT SPX=6897->6890 | P 6890/6885 x5 | cr=$0.25 settle=$0.00 | P&L=$+115 | eq=$178,500 | dist=3
2026-04-04 15:08:32 | DEBUG    | [20260226] CALL SPX=6905->6909 | C 6910/6915 x7 | cr=$0.60 settle=$0.00 | P&L=$+406 | eq=$178,906 | dist=3
2026-04-04 15:08:32 | DEBUG    | [20260226] PUT SPX=6905->6909 | P 6900/6895 x5 | cr=$0.40 settle=$0.00 | P&L=$+190 | eq=$179,096 | dist=3
2026-04-04 15:08:32 | DEBUG    | [20260227] TOUCH@15:59 CALL SPX=6878 | C 6875/6880 x8 | cr=$0.85 close=$1.25 | P&L=$-336
2026-04-04 15:08:32 | DEBUG    | [20260227] PUT SPX=6868->6879 | P 6865/6860 x9 | cr=$1.15 settle=$0.00 | P&L=$+1017 | eq=$179,777 | dist=3
2026-04-04 15:08:32 | DEBUG    | [20260302] TOUCH@15:55 CALL SPX=6885 | C 6885/6890 x7 | cr=$0.60 close=$1.10 | P&L=$-364
2026-04-04 15:08:32 | DEBUG    | [20260302] PUT SPX=6879->6882 | P 6875/6870 x8 | cr=$0.85 settle=$0.00 | P&L=$+664 | eq=$180,077 | dist=3
2026-04-04 15:08:32 | DEBUG    | [20260303] PUT SPX=6809->6817 | P 6800/6795 x5 | cr=$0.50 settle=$0.00 | P&L=$+240 | eq=$180,317 | dist=5
2026-04-04 15:08:32 | DEBUG    | [20260304] TOUCH@15:54 CALL SPX=6875 | C 6875/6880 x7 | cr=$0.60 close=$0.90 | P&L=$-224
2026-04-04 15:08:32 | DEBUG    | [20260304] PUT SPX=6871->6869 | P 6865/6860 x5 | cr=$0.40 settle=$0.00 | P&L=$+190 | eq=$180,283 | dist=3
2026-04-04 15:08:32 | DEBUG    | [20260305] TOUCH@15:54 CALL SPX=6828 | C 6825/6830 x8 | cr=$0.80 close=$1.80 | P&L=$-816
2026-04-04 15:08:32 | DEBUG    | [20260305] PUT SPX=6820->6831 | P 6810/6805 x5 | cr=$0.25 settle=$0.00 | P&L=$+115 | eq=$179,582 | dist=5
2026-04-04 15:08:32 | DEBUG    | [20260306] SKIP: VIX(15:50)=29.0 > 26.0
2026-04-04 15:08:32 | DEBUG    | [20260309] TOUCH@15:56 CALL SPX=6792 | C 6790/6795 x8 | cr=$1.05 close=$1.65 | P&L=$-496
2026-04-04 15:08:32 | DEBUG    | [20260309] PUT SPX=6785->6796 | P 6775/6770 x5 | cr=$0.50 settle=$0.00 | P&L=$+240 | eq=$179,326 | dist=5
2026-04-04 15:08:32 | DEBUG    | [20260310] CALL SPX=6775->6782 | C 6785/6790 x5 | cr=$0.50 settle=$0.00 | P&L=$+240 | eq=$179,566 | dist=5
2026-04-04 15:08:32 | DEBUG    | [20260310] PUT SPX=6775->6782 | P 6770/6765 x8 | cr=$1.00 settle=$0.00 | P&L=$+784 | eq=$180,350 | dist=5
2026-04-04 15:08:32 | DEBUG    | [20260311] CALL SPX=6773->6776 | C 6780/6785 x5 | cr=$0.35 settle=$0.00 | P&L=$+165 | eq=$180,515 | dist=5
2026-04-04 15:08:32 | DEBUG    | [20260311] PUT SPX=6773->6776 | P 6765/6760 x3 | cr=$0.20 settle=$0.00 | P&L=$+54 | eq=$180,569 | dist=5
2026-04-04 15:08:32 | DEBUG    | [20260312] SKIP: VIX(15:50)=26.8 > 26.0
2026-04-04 15:08:32 | DEBUG    | [20260313] SKIP: VIX(15:50)=27.4 > 26.0
2026-04-04 15:08:32 | DEBUG    | [20260316] CALL SPX=6698->6699 | C 6705/6710 x3 | cr=$0.20 settle=$0.00 | P&L=$+54 | eq=$180,623 | dist=5
2026-04-04 15:08:32 | DEBUG    | [20260316] PUT SPX=6698->6699 | P 6690/6685 x3 | cr=$0.15 settle=$0.00 | P&L=$+39 | eq=$180,662 | dist=5
2026-04-04 15:08:32 | DEBUG    | [20260318] CALL SPX=6629->6625 | C 6635/6640 x5 | cr=$0.50 settle=$0.00 | P&L=$+240 | eq=$180,902 | dist=5
2026-04-04 15:08:32 | DEBUG    | [20260318] PUT SPX=6629->6625 | P 6620/6615 x3 | cr=$0.10 settle=$0.00 | P&L=$+24 | eq=$180,926 | dist=5
2026-04-04 15:08:32 | DEBUG    | [20260319] CALL SPX=6605->6606 | C 6615/6620 x3 | cr=$0.15 settle=$0.00 | P&L=$+39 | eq=$180,965 | dist=5
2026-04-04 15:08:32 | DEBUG    | [20260319] PUT SPX=6605->6606 | P 6600/6595 x5 | cr=$0.45 settle=$0.00 | P&L=$+215 | eq=$181,180 | dist=5
2026-04-04 15:08:32 | DEBUG    | [20260320] SKIP: VIX(15:50)=28.2 > 26.0
2026-04-04 15:08:32 | DEBUG    | [20260323] TOUCH@15:57 PUT SPX=6584 | P 6585/6580 x3 | cr=$0.15 close=$1.45 | P&L=$-396
2026-04-04 15:08:32 | DEBUG    | [20260323] CALL SPX=6595->6581 | C 6600/6605 x5 | cr=$0.50 settle=$0.00 | P&L=$+240 | eq=$181,024 | dist=5
2026-04-04 15:08:32 | DEBUG    | [20260324] SKIP: VIX(15:50)=26.8 > 26.0
2026-04-04 15:08:32 | DEBUG    | [20260325] CALL SPX=6589->6592 | C 6595/6600 x5 | cr=$0.30 settle=$0.00 | P&L=$+140 | eq=$181,164 | dist=5
2026-04-04 15:08:32 | DEBUG    | [20260325] PUT SPX=6589->6592 | P 6580/6575 x5 | cr=$0.25 settle=$0.00 | P&L=$+115 | eq=$181,279 | dist=5
2026-04-04 15:08:32 | INFO     | ============================================================
2026-04-04 15:08:32 | INFO     | SKIP REASONS:
2026-04-04 15:08:32 | INFO     |   afternoon_filter    : 4
2026-04-04 15:08:32 | INFO     |   early_close         : 2
2026-04-04 15:08:32 | INFO     |   no_quotes           : 2
2026-04-04 15:08:32 | INFO     |   put_momentum        : 4
2026-04-04 15:08:32 | INFO     |   range_budget        : 36
2026-04-04 15:08:32 | INFO     |   vix_intraday        : 23
2026-04-04 15:08:32 | INFO     |   TOTAL TRADES        : 471
2026-04-04 15:08:32 | INFO     | ============================================================
2026-04-04 15:08:32 | INFO     | Trade log snapshot -> /Users/jeerapongwongchote/Documents/thetadata/lastfive/tradelogs_lastfive.csv
2026-04-04 15:08:32 | INFO     | ============================================================
2026-04-04 15:08:32 | INFO     |   LASTFIVE PERFORMANCE REPORT  (Run #75)
2026-04-04 15:08:32 | INFO     | ============================================================
2026-04-04 15:08:32 | INFO     |   Period          : 2025-01-01 -> 2026-03-25
2026-04-04 15:08:32 | INFO     |   Days traded     : 240
2026-04-04 15:08:32 | INFO     |   Total trades    : 471  (wins: 339  losses: 132)
2026-04-04 15:08:32 | INFO     |   Avg trades/day  : 2.0
2026-04-04 15:08:32 | INFO     | ------------------------------------------------------------
2026-04-04 15:08:32 | INFO     |   Total P&L       : $  131,279.00  (net of commission)
2026-04-04 15:08:32 | INFO     |   Gross premium   : $  332,720.00
2026-04-04 15:08:32 | INFO     |   Prem capture    :        39.5%
2026-04-04 15:08:32 | INFO     |   CAGR            :       186.5%  (acct=$50,000)
2026-04-04 15:08:32 | INFO     |   Avg win/trade   : $      551.91
2026-04-04 15:08:32 | INFO     |   Avg loss/trade  : $     -422.86
2026-04-04 15:08:32 | INFO     |   Expectancy      : $      278.72
2026-04-04 15:08:32 | INFO     |   Profit factor   :         3.35x
2026-04-04 15:08:32 | INFO     | ------------------------------------------------------------
2026-04-04 15:08:32 | INFO     |   Max drawdown    : $   -1,466.00  (-1.1%)
2026-04-04 15:08:32 | INFO     |   Calmar ratio    :        63.60
2026-04-04 15:08:32 | INFO     |   Recovery factor :        89.55
2026-04-04 15:08:32 | INFO     |   Time underwater :        22.1%  (53 of 240 days)
2026-04-04 15:08:32 | INFO     |   Max consec loss : 3
2026-04-04 15:08:32 | INFO     | ------------------------------------------------------------
2026-04-04 15:08:32 | INFO     |   VIX adaptive    : ON (ATM<18.0, d3<22.0, d5<26.0)
2026-04-04 15:08:32 | INFO     |   Tiered sizing   : ON ($1500/$2500/$3500)
2026-04-04 15:08:32 | INFO     |   Width / MinCr   : $5 / $0.10
2026-04-04 15:08:32 | INFO     |   Afternoon filter: < 1.0%
2026-04-04 15:08:32 | INFO     |   Put filter      : aftn<-0.75% + mom30<-0.1%
2026-04-04 15:08:32 | INFO     |   Commission      : $0.5/leg
2026-04-04 15:08:32 | INFO     | ------------------------------------------------------------
2026-04-04 15:08:32 | INFO     |   Win rate        :        72.0%
2026-04-04 15:08:32 | INFO     |   Sharpe ratio    :        14.37  (rf=5.0%)
2026-04-04 15:08:32 | INFO     |   Sortino ratio   :        15.16
2026-04-04 15:08:32 | INFO     |   Ann. volatility : $    9,418.83
2026-04-04 15:08:32 | INFO     | ------------------------------------------------------------
2026-04-04 15:08:32 | INFO     |   Best day        : $    2,424.00
2026-04-04 15:08:32 | INFO     |   Worst day       : $     -946.00
2026-04-04 15:08:32 | INFO     |   Best trade      : $    2,123.00
2026-04-04 15:08:32 | INFO     |   Worst trade     : $   -1,136.00
2026-04-04 15:08:32 | INFO     | ------------------------------------------------------------
2026-04-04 15:08:32 | INFO     |   Commission total: $    7,132.00
2026-04-04 15:08:32 | INFO     |   Avg BP/trade    : $    3,079.15
2026-04-04 15:08:32 | INFO     |   Avg BP/day      : $    6,042.83
2026-04-04 15:08:32 | INFO     |   Max BP day      : $    6,980.00
2026-04-04 15:08:32 | INFO     | ============================================================
2026-04-04 15:08:32 | INFO     | Results written to /Users/jeerapongwongchote/Documents/thetadata/lastfive/RESULTS.md (latest 3 runs, newest first)
2026-04-04 15:08:32 | INFO     | --------------------------------------------------------------------------------
2026-04-04 15:08:32 | INFO     |   VIX CORRELATION ANALYSIS
2026-04-04 15:08:32 | INFO     | --------------------------------------------------------------------------------
2026-04-04 15:08:32 | INFO     |   VIX Range  |  Trades |  Win Rate |    Avg P&L |    Total P&L |     Max DD
2026-04-04 15:08:32 | INFO     | --------------------------------------------------------------------------------
2026-04-04 15:08:32 | INFO     |   < 15       |      32 |     62.5% | $   145.09 | $   4,643.00 | $  -873.00
2026-04-04 15:08:32 | INFO     |   15-18      |     242 |     68.6% | $   310.50 | $  75,142.00 | $-1,277.00
2026-04-04 15:08:32 | INFO     |   18-20      |      79 |     79.7% | $   250.62 | $  19,799.00 | $-1,224.00
2026-04-04 15:08:32 | INFO     |   20-22      |      58 |     70.7% | $   305.84 | $  17,739.00 | $-1,136.00
2026-04-04 15:08:32 | INFO     |   22-26      |      58 |     82.8% | $   243.31 | $  14,112.00 | $-1,269.00
2026-04-04 15:08:32 | INFO     |   26-30      |       2 |     50.0% | $   -78.00 | $    -156.00 | $  -396.00
2026-04-04 15:08:32 | INFO     |   30+        |       0 |      0.0% | $     0.00 | $       0.00 | $     0.00
2026-04-04 15:08:32 | INFO     | --------------------------------------------------------------------------------
2026-04-04 15:08:32 | INFO     | -----------------------------------------------------------------------------------------------
2026-04-04 15:08:32 | INFO     |   PUT vs CALL SPLIT
2026-04-04 15:08:32 | INFO     | -----------------------------------------------------------------------------------------------
2026-04-04 15:08:32 | INFO     |   Side   |  Trades |      WR |    Avg P&L |    Total P&L |   Avg Win |  Avg Loss |     PF |     Max DD
2026-04-04 15:08:32 | INFO     | -----------------------------------------------------------------------------------------------
2026-04-04 15:08:32 | INFO     |   CALL   |     238 |   64.7% | $   209.63 | $  49,893.00 | $  555.40 | $ -424.26 |  2.40 | $-3,189.00
2026-04-04 15:08:32 | INFO     |   PUT    |     233 |   79.4% | $   349.30 | $  81,386.00 | $  549.00 | $ -420.40 |  5.03 | $-2,209.00
2026-04-04 15:08:32 | INFO     | -----------------------------------------------------------------------------------------------
2026-04-04 15:08:32 | INFO     | --------------------------------------------------------------------------------------------------------------------------------------------
2026-04-04 15:08:32 | INFO     |   YEARLY + MONTHLY BREAKDOWN
2026-04-04 15:08:32 | INFO     | --------------------------------------------------------------------------------------------------------------------------------------------
2026-04-04 15:08:32 | INFO     |   Period         |        P&L | Trades |     WR |  Avg RoR |   Avg P&L |  Avg Risk |   Best Day |  Worst Day |   Drawdown
2026-04-04 15:08:32 | INFO     | --------------------------------------------------------------------------------------------------------------------------------------------
2026-04-04 15:08:32 | INFO     |   2025           | $  109,293 |    380 |  72.4% |     9.2% | $     288 | $   3,129 | $    2,424 | $     -946 | $   -1,466
2026-04-04 15:08:32 | INFO     |     January      | $   15,382 |     38 |  65.8% |    12.8% | $     405 | $   3,161 | $    2,424 | $     -249 | $     -873
2026-04-04 15:08:32 | INFO     |     February     | $    7,557 |     29 |  72.4% |     8.1% | $     261 | $   3,215 | $    1,601 | $     -430 | $   -1,118
2026-04-04 15:08:32 | INFO     |     March        | $   13,634 |     32 |  78.1% |    12.9% | $     426 | $   3,314 | $    2,124 | $        1 | $     -783
2026-04-04 15:08:32 | INFO     |     April        | $    3,597 |     12 |  75.0% |     9.8% | $     300 | $   3,064 | $    1,896 | $       14 | $     -620
2026-04-04 15:08:32 | INFO     |     May          | $    8,171 |     38 |  76.3% |     7.0% | $     215 | $   3,062 | $    1,328 | $     -472 | $   -1,466
2026-04-04 15:08:32 | INFO     |     June         | $    7,636 |     32 |  68.8% |     7.6% | $     239 | $   3,140 | $    1,322 | $     -514 | $   -1,058
2026-04-04 15:08:32 | INFO     |     July         | $    3,198 |     27 |  70.4% |     3.8% | $     118 | $   3,078 | $    1,246 | $     -855 | $   -1,277
2026-04-04 15:08:32 | INFO     |     August       | $    8,853 |     36 |  75.0% |     7.9% | $     246 | $   3,130 | $    1,464 | $     -504 | $     -648
2026-04-04 15:08:32 | INFO     |     September    | $   12,055 |     32 |  65.6% |    11.8% | $     377 | $   3,184 | $    1,986 | $     -163 | $     -811
2026-04-04 15:08:32 | INFO     |     October      | $   12,300 |     36 |  83.3% |    11.3% | $     342 | $   3,027 | $    1,407 | $     -216 | $     -963
2026-04-04 15:08:32 | INFO     |     November     | $    7,964 |     34 |  73.5% |     7.8% | $     234 | $   3,011 | $    1,495 | $     -946 | $   -1,136
2026-04-04 15:08:32 | INFO     |     December     | $    8,946 |     34 |  64.7% |     8.4% | $     263 | $   3,150 | $    1,534 | $     -174 | $     -918
2026-04-04 15:08:32 | INFO     | --------------------------------------------------------------------------------------------------------------------------------------------
2026-04-04 15:08:32 | INFO     |   2026           | $   21,986 |     91 |  70.3% |     8.4% | $     242 | $   2,870 | $    1,801 | $     -701 | $   -1,231
2026-04-04 15:08:32 | INFO     |     January      | $   10,767 |     34 |  64.7% |    10.3% | $     317 | $   3,064 | $    1,801 | $     -421 | $   -1,125
2026-04-04 15:08:32 | INFO     |     February     | $    9,717 |     34 |  70.6% |     9.4% | $     286 | $   3,054 | $    1,612 | $     -643 | $   -1,179
2026-04-04 15:08:32 | INFO     |     March        | $    1,502 |     23 |  78.3% |     2.8% | $      65 | $   2,312 | $    1,024 | $     -701 | $   -1,231
2026-04-04 15:08:32 | INFO     | --------------------------------------------------------------------------------------------------------------------------------------------
2026-04-04 15:08:32 | INFO     |   TOTAL          | $  131,279 |    471 |  72.0% |     9.1% | $     279 | $   3,079 | $    2,424 | $     -946 | $   -1,466
2026-04-04 15:08:32 | INFO     | --------------------------------------------------------------------------------------------------------------------------------------------
2026-04-04 15:08:32 | INFO     |   (SPY monthly data not available — skipping strategy vs SPY)
2026-04-04 15:08:32 | INFO     | ------------------------------------------------------------------------------------------
2026-04-04 15:08:32 | INFO     |   WORST 30 DAYS
2026-04-04 15:08:32 | INFO     | ------------------------------------------------------------------------------------------
2026-04-04 15:08:32 | INFO     |   Date         |    Day P&L |    VIX |   Call P&L |    Put P&L | Trades
2026-04-04 15:08:32 | INFO     | ------------------------------------------------------------------------------------------
2026-04-04 15:08:32 | INFO     |   2025-11-18   | $  -946.00 |    N/A | $   190.00 | $-1,136.00 |      2
2026-04-04 15:08:32 | INFO     |   2025-07-17   | $  -855.00 |    N/A | $-1,020.00 | $   165.00 |      2
2026-04-04 15:08:32 | INFO     |   2025-07-23   | $  -731.00 |    N/A | $  -770.00 | $    39.00 |      2
2026-04-04 15:08:32 | INFO     |   2026-03-05   | $  -701.00 |    N/A | $  -816.00 | $   115.00 |      2
2026-04-04 15:08:32 | INFO     |   2026-02-09   | $  -643.00 |    N/A | $   140.00 | $  -783.00 |      2
2026-04-04 15:08:32 | INFO     |   2025-06-10   | $  -514.00 |    N/A | $  -136.00 | $  -378.00 |      2
2026-04-04 15:08:32 | INFO     |   2025-08-28   | $  -504.00 |    N/A | $  -558.00 | $    54.00 |      2
2026-04-04 15:08:32 | INFO     |   2025-05-21   | $  -472.00 |    N/A | $   664.00 | $-1,136.00 |      2
2026-04-04 15:08:32 | INFO     |   2025-02-06   | $  -430.00 |    N/A | $  -670.00 | $   240.00 |      2
2026-04-04 15:08:32 | INFO     |   2026-01-12   | $  -421.00 |    N/A | $  -536.00 | $   115.00 |      2
2026-04-04 15:08:32 | INFO     |   2025-06-02   | $  -396.00 |    N/A | $   140.00 | $  -536.00 |      2
2026-04-04 15:08:32 | INFO     |   2025-05-13   | $  -392.00 |    N/A | $   744.00 | $-1,136.00 |      2
2026-04-04 15:08:32 | INFO     |   2025-11-21   | $  -312.00 |    N/A | $   504.00 | $  -816.00 |      2
2026-04-04 15:08:32 | INFO     |   2025-07-02   | $  -306.00 |    N/A | $  -496.00 | $   190.00 |      2
2026-04-04 15:08:32 | INFO     |   2026-02-11   | $  -289.00 |    N/A | $  -873.00 | $   584.00 |      2
2026-04-04 15:08:32 | INFO     |   2025-05-16   | $  -284.00 |    N/A | $  -828.00 | $   544.00 |      2
2026-04-04 15:08:32 | INFO     |   2025-06-05   | $  -284.00 |    N/A | $   544.00 | $  -828.00 |      2
2026-04-04 15:08:32 | INFO     |   2025-02-26   | $  -279.00 |    N/A | $  -783.00 | $   504.00 |      2
2026-04-04 15:08:32 | INFO     |   2025-11-13   | $  -264.00 |    N/A | $   371.00 | $  -635.00 |      2
2026-04-04 15:08:32 | INFO     |   2026-03-09   | $  -256.00 |    N/A | $  -496.00 | $   240.00 |      2
2026-04-04 15:08:32 | INFO     |   2025-01-24   | $  -249.00 |    N/A | $  -873.00 | $   624.00 |      2
2026-04-04 15:08:32 | INFO     |   2025-05-15   | $  -246.00 |    N/A | $  -470.00 | $   224.00 |      2
2026-04-04 15:08:32 | INFO     |   2025-10-02   | $  -216.00 |    N/A | $   240.00 | $  -456.00 |      2
2026-04-04 15:08:32 | INFO     |   2025-08-08   | $  -180.00 |    N/A | $  -320.00 | $   140.00 |      2
2026-04-04 15:08:32 | INFO     |   2025-02-24   | $  -175.00 |    N/A | $   784.00 | $  -959.00 |      2
2026-04-04 15:08:32 | INFO     |   2025-12-05   | $  -174.00 |    N/A | $  -918.00 | $   744.00 |      2
2026-04-04 15:08:32 | INFO     |   2026-01-26   | $  -171.00 |    N/A | $   165.00 | $  -336.00 |      2
2026-04-04 15:08:32 | INFO     |   2025-09-26   | $  -163.00 |    N/A | $  -378.00 | $   215.00 |      2
2026-04-04 15:08:32 | INFO     |   2026-03-23   | $  -156.00 |    N/A | $   240.00 | $  -396.00 |      2
2026-04-04 15:08:32 | INFO     |   2025-08-04   | $  -144.00 |    N/A | $  -648.00 | $   504.00 |      2
2026-04-04 15:08:32 | INFO     | ------------------------------------------------------------------------------------------
2026-04-04 15:08:32 | INFO     | ----------------------------------------------------------------------
2026-04-04 15:08:32 | INFO     |   SEASONALITY — DAY OF WEEK
2026-04-04 15:08:32 | INFO     | ----------------------------------------------------------------------
2026-04-04 15:08:32 | INFO     |   Day   |  Trades |      WR |    Total P&L |    Avg P&L |     Max DD
2026-04-04 15:08:32 | INFO     | ----------------------------------------------------------------------
2026-04-04 15:08:32 | INFO     |   Mon   |      75 |   73.3% | $  15,575.00 | $   207.67 | $  -959.00
2026-04-04 15:08:32 | INFO     |   Tue   |      99 |   78.8% | $  26,490.00 | $   267.58 | $-1,136.00
2026-04-04 15:08:32 | INFO     |   Wed   |     107 |   71.0% | $  33,503.00 | $   313.11 | $-1,136.00
2026-04-04 15:08:32 | INFO     |   Thu   |      97 |   71.1% | $  30,894.00 | $   318.49 | $-1,224.00
2026-04-04 15:08:32 | INFO     |   Fri   |      93 |   65.6% | $  24,817.00 | $   266.85 | $-1,230.00
2026-04-04 15:08:32 | INFO     | ----------------------------------------------------------------------
2026-04-04 15:08:32 | INFO     | ----------------------------------------------------------------------
2026-04-04 15:08:32 | INFO     |   SEASONALITY — MONTH
2026-04-04 15:08:32 | INFO     | ----------------------------------------------------------------------
2026-04-04 15:08:32 | INFO     |   Month |  Trades |      WR |    Total P&L |    Avg P&L |     Max DD
2026-04-04 15:08:32 | INFO     | ----------------------------------------------------------------------
2026-04-04 15:08:32 | INFO     |   Jan   |      72 |   65.3% | $  26,149.00 | $   363.18 | $-1,125.00
2026-04-04 15:08:32 | INFO     |   Feb   |      63 |   71.4% | $  17,274.00 | $   274.19 | $-1,179.00
2026-04-04 15:08:32 | INFO     |   Mar   |      55 |   78.2% | $  15,136.00 | $   275.20 | $-1,231.00
2026-04-04 15:08:32 | INFO     |   Apr   |      12 |   75.0% | $   3,597.00 | $   299.75 | $  -620.00
2026-04-04 15:08:32 | INFO     |   May   |      38 |   76.3% | $   8,171.00 | $   215.03 | $-1,466.00
2026-04-04 15:08:32 | INFO     |   Jun   |      32 |   68.8% | $   7,636.00 | $   238.62 | $-1,058.00
2026-04-04 15:08:32 | INFO     |   Jul   |      27 |   70.4% | $   3,198.00 | $   118.44 | $-1,277.00
2026-04-04 15:08:32 | INFO     |   Aug   |      36 |   75.0% | $   8,853.00 | $   245.92 | $  -648.00
2026-04-04 15:08:32 | INFO     |   Sep   |      32 |   65.6% | $  12,055.00 | $   376.72 | $  -811.00
2026-04-04 15:08:32 | INFO     |   Oct   |      36 |   83.3% | $  12,300.00 | $   341.67 | $  -963.00
2026-04-04 15:08:32 | INFO     |   Nov   |      34 |   73.5% | $   7,964.00 | $   234.24 | $-1,136.00
2026-04-04 15:08:32 | INFO     |   Dec   |      34 |   64.7% | $   8,946.00 | $   263.12 | $  -918.00
2026-04-04 15:08:32 | INFO     | ----------------------------------------------------------------------
2026-04-04 15:08:32 | INFO     | --------------------------------------------------------------------------------
2026-04-04 15:08:32 | INFO     |   CALENDAR / ECON EVENT ANALYSIS
2026-04-04 15:08:32 | INFO     | --------------------------------------------------------------------------------
2026-04-04 15:08:32 | INFO     |   Event              |  Trades |      WR |    Total P&L |    Avg P&L |     Max DD
2026-04-04 15:08:32 | INFO     | --------------------------------------------------------------------------------
2026-04-04 15:08:32 | INFO     |   FOMC               |      20 |   55.0% | $   4,919.00 | $   245.95 | $  -656.00
2026-04-04 15:08:32 | INFO     |   Triple Witching    |       8 |   75.0% | $   2,922.00 | $   365.25 | $  -696.00
2026-04-04 15:08:32 | INFO     |   End of Month       |      28 |   71.4% | $  10,496.00 | $   374.86 | $  -963.00
2026-04-04 15:08:32 | INFO     |   Monday             |      75 |   73.3% | $  15,575.00 | $   207.67 | $  -959.00
2026-04-04 15:08:32 | INFO     |   Friday             |      93 |   65.6% | $  24,817.00 | $   266.85 | $-1,230.00
2026-04-04 15:08:32 | INFO     |   Normal days        |     271 |   74.9% | $  82,518.00 | $   304.49 | $-1,400.00
2026-04-04 15:08:32 | INFO     | --------------------------------------------------------------------------------
